225575  , -79089.4    , array([ 0.497052   ,  0.0983979  ,  5.63596e-23,  3.14042e-21,  4.75473e-10])
225576  , -79089.4    , array([ 0.497549   ,  0.0983979  ,  5.63596e-23,  3.14042e-21,  4.75473e-10])
225577  , -79089.4    , array([ 0.497052   ,  0.0984963  ,  5.63596e-23,  3.14042e-21,  4.75473e-10])
225578  , -79089.4    , array([ 0.497052   ,  0.0983979  ,  5.6416e-23 ,  3.14042e-21,  4.75473e-10])
225579  , -79089.4    , array([ 0.497052   ,  0.0983979  ,  5.63596e-23,  3.14356e-21,  4.75473e-10])
225580  , -79089.4    , array([ 0.497052   ,  0.0983979  ,  5.63596e-23,  3.14042e-21,  4.75949e-10])
225581  , -79089.4    , array([ 0.497052   ,  0.0983979  ,  5.63596e-23,  3.14042e-21,  4.75473e-10])
225582  , -79089.4    , array([ 0.496672   ,  0.097841   ,  5.63596e-23,  3.14042e-21,  4.78551e-10])
225583  , -79089.4    , array([ 0.496672   ,  0.097841   ,  5.63596e-23,  3.14042e-21,  4.78551e-10])
225584  , -79089.4    , array([ 0.497169   ,  0.097841   ,  5.63596e-23,  3.14042e-21,  4.78551e-10])
225585  , -79089.4    , array([ 0.496672   ,  0.0979389  ,  5.63596e-23,  3.14042e-21,  4.78551e-10])
225586  , -79089.4    , array([ 0.496672   ,  0.097841   ,  5.6416e-23 ,  3.14042e-21,  4.78551e-10])
225587  , -79089.4    , array([ 0.496672   ,  0.097841   ,  5.63596e-23,  3.14356e-21,  4.78551e-10])
225588  , -79089.4    , array([ 0.496672   ,  0.097841   ,  5.63596e-23,  3.14042e-21,  4.7903e-10 ])
225589  , -79089.4    , array([ 0.495158   ,  0.0956451  ,  5.63596e-23,  3.14042e-21,  4.91064e-10])
225590  , -79089.4    , array([ 0.495158   ,  0.0956451  ,  5.63596e-23,  3.14042e-21,  4.91064e-10])
225591  , -79089.4    , array([ 0.495653   ,  0.0956451  ,  5.63596e-23,  3.14042e-21,  4.91064e-10])
225592  , -79089.4    , array([ 0.495158   ,  0.0957408  ,  5.63596e-23,  3.14042e-21,  4.91064e-10])
225593  , -79089.4    , array([ 0.495158   ,  0.0956451  ,  5.6416e-23 ,  3.14042e-21,  4.91064e-10])
225594  , -79089.4    , array([ 0.495158   ,  0.0956451  ,  5.63596e-23,  3.14356e-21,  4.91064e-10])
225595  , -79089.4    , array([ 0.495158   ,  0.0956451  ,  5.63596e-23,  3.14042e-21,  4.91556e-10])
225596  , -79089.4    , array([ 0.489146   ,  0.0873433  ,  5.63596e-23,  3.14042e-21,  5.44474e-10])
225597  , -79089.4    , array([ 0.489146   ,  0.0873433  ,  5.63596e-23,  3.14042e-21,  5.44474e-10])
225598  , -79089.4    , array([ 0.489635   ,  0.0873433  ,  5.63596e-23,  3.14042e-21,  5.44474e-10])
225599  , -79089.4    , array([ 0.489146   ,  0.0874307  ,  5.63596e-23,  3.14042e-21,  5.44474e-10])
225600  , -79089.4    , array([ 0.489146   ,  0.0873433  ,  5.6416e-23 ,  3.14042e-21,  5.44474e-10])
225601  , -79089.4    , array([ 0.489146   ,  0.0873433  ,  5.63596e-23,  3.14356e-21,  5.44474e-10])
225602  , -79089.4    , array([ 0.489146   ,  0.0873433  ,  5.63596e-23,  3.14042e-21,  5.45019e-10])
225603  , -79089.4    , array([ 0.46582    ,  0.060743   ,  5.63596e-23,  3.14042e-21,  8.22871e-10])
225604  , -79089.4    , array([ 0.46582    ,  0.060743   ,  5.63596e-23,  3.14042e-21,  8.22871e-10])
225605  , -79089.4    , array([ 0.466286   ,  0.060743   ,  5.63596e-23,  3.14042e-21,  8.22871e-10])
225606  , -79089.4    , array([ 0.46582    ,  0.0608038  ,  5.63596e-23,  3.14042e-21,  8.22871e-10])
225607  , -79089.4    , array([ 0.46582    ,  0.060743   ,  5.6416e-23 ,  3.14042e-21,  8.22871e-10])
225608  , -79089.4    , array([ 0.46582    ,  0.060743   ,  5.63596e-23,  3.14356e-21,  8.22871e-10])
225609  , -79089.4    , array([ 0.46582    ,  0.060743   ,  5.63596e-23,  3.14042e-21,  8.23694e-10])
225610  , -79089.1    , array([ 0.383121   ,  0.014209   ,  5.63596e-23,  3.14042e-21,  4.29289e-09])
225611  , -79089.1    , array([ 0.383121   ,  0.014209   ,  5.63596e-23,  3.14042e-21,  4.29289e-09])
225612  , -79089.1    , array([ 0.383505   ,  0.014209   ,  5.63596e-23,  3.14042e-21,  4.29289e-09])
225613  , -79089.1    , array([ 0.383121   ,  0.0142233  ,  5.63596e-23,  3.14042e-21,  4.29289e-09])
225614  , -79089.1    , array([ 0.383121   ,  0.014209   ,  5.6416e-23 ,  3.14042e-21,  4.29289e-09])
225615  , -79089.1    , array([ 0.383121   ,  0.014209   ,  5.63596e-23,  3.14356e-21,  4.29289e-09])
225616  , -79089.1    , array([ 0.383121   ,  0.014209   ,  5.63596e-23,  3.14042e-21,  4.29719e-09])
225624  , -79089.1    , array([ 0.383121   ,  0.014209   ,  5.63596e-23,  3.14042e-21,  4.29289e-09])
225625  , -79089.1    , array([ 0.383121   ,  0.014209   ,  5.63596e-23,  3.14042e-21,  4.29289e-09])
225626  , -79089.1    , array([ 0.383505   ,  0.014209   ,  5.63596e-23,  3.14042e-21,  4.29289e-09])
225627  , -79089.1    , array([ 0.383121   ,  0.0142233  ,  5.63596e-23,  3.14042e-21,  4.29289e-09])
225628  , -79089.1    , array([ 0.383121   ,  0.014209   ,  5.6416e-23 ,  3.14042e-21,  4.29289e-09])
225629  , -79089.1    , array([ 0.383121   ,  0.014209   ,  5.63596e-23,  3.14356e-21,  4.29289e-09])
225630  , -79089.1    , array([ 0.383121   ,  0.014209   ,  5.63596e-23,  3.14042e-21,  4.29719e-09])
225631  , -79089.1    , array([ 0.383121   ,  0.014209   ,  5.63596e-23,  3.14042e-21,  4.29289e-09])
225632  , -79089.1    , array([ 0.383121   ,  0.014209   ,  5.63596e-23,  3.14042e-21,  4.29289e-09])
225633  , -79089.1    , array([ 0.383505   ,  0.014209   ,  5.63596e-23,  3.14042e-21,  4.29289e-09])
225634  , -79089.1    , array([ 0.383121   ,  0.0142233  ,  5.63596e-23,  3.14042e-21,  4.29289e-09])
225635  , -79089.1    , array([ 0.383121   ,  0.014209   ,  5.6416e-23 ,  3.14042e-21,  4.29289e-09])
225636  , -79089.1    , array([ 0.383121   ,  0.014209   ,  5.63596e-23,  3.14356e-21,  4.29289e-09])
225637  , -79089.1    , array([ 0.383121   ,  0.014209   ,  5.63596e-23,  3.14042e-21,  4.29719e-09])
225645  , -79089.1    , array([ 0.383121   ,  0.014209   ,  5.63596e-23,  3.14042e-21,  4.29289e-09])
225646  , -79089.1    , array([ 0.383121   ,  0.014209   ,  5.63596e-23,  3.14042e-21,  4.29289e-09])
225647  , -79089.1    , array([ 0.383505   ,  0.014209   ,  5.63596e-23,  3.14042e-21,  4.29289e-09])
225648  , -79089.1    , array([ 0.383121   ,  0.0142233  ,  5.63596e-23,  3.14042e-21,  4.29289e-09])
225649  , -79089.1    , array([ 0.383121   ,  0.014209   ,  5.6416e-23 ,  3.14042e-21,  4.29289e-09])
225650  , -79089.1    , array([ 0.383121   ,  0.014209   ,  5.63596e-23,  3.14356e-21,  4.29289e-09])
225651  , -79089.1    , array([ 0.383121   ,  0.014209   ,  5.63596e-23,  3.14042e-21,  4.29719e-09])
225652  , -79089.1    , array([ 0.383121   ,  0.014209   ,  5.63596e-23,  3.14042e-21,  4.29289e-09])
225653  , -79089.1    , array([ 0.383121   ,  0.014209   ,  5.63596e-23,  3.14042e-21,  4.29289e-09])
225654  , -79089.1    , array([ 0.383505   ,  0.014209   ,  5.63596e-23,  3.14042e-21,  4.29289e-09])
225655  , -79089.1    , array([ 0.383121   ,  0.0142233  ,  5.63596e-23,  3.14042e-21,  4.29289e-09])
225656  , -79089.1    , array([ 0.383121   ,  0.014209   ,  5.6416e-23 ,  3.14042e-21,  4.29289e-09])
225657  , -79089.1    , array([ 0.383121   ,  0.014209   ,  5.63596e-23,  3.14356e-21,  4.29289e-09])
225658  , -79089.1    , array([ 0.383121   ,  0.014209   ,  5.63596e-23,  3.14042e-21,  4.29719e-09])
225659  , -79081.5    , array([ 0.315105   ,  0.00332379 ,  5.63596e-23,  3.14042e-21,  2.23959e-08])
225660  , -79081.5    , array([ 0.315105   ,  0.00332379 ,  5.63596e-23,  3.14042e-21,  2.23959e-08])
225661  , -79081.5    , array([ 0.31542    ,  0.00332379 ,  5.63596e-23,  3.14042e-21,  2.23959e-08])
225662  , -79081.5    , array([ 0.315105   ,  0.00332711 ,  5.63596e-23,  3.14042e-21,  2.23959e-08])
225663  , -79081.5    , array([ 0.315105   ,  0.00332379 ,  5.6416e-23 ,  3.14042e-21,  2.23959e-08])
225664  , -79081.5    , array([ 0.315105   ,  0.00332379 ,  5.63596e-23,  3.14356e-21,  2.23959e-08])
225665  , -79081.5    , array([ 0.315105   ,  0.00332379 ,  5.63596e-23,  3.14042e-21,  2.24183e-08])
225666  , -79081.5    , array([ 0.315105   ,  0.00332379 ,  5.63596e-23,  3.14042e-21,  2.23959e-08])
225667  , -79081.5    , array([ 0.315105   ,  0.00332379 ,  5.63596e-23,  3.14042e-21,  2.23959e-08])
225668  , -79081.5    , array([ 0.31542    ,  0.00332379 ,  5.63596e-23,  3.14042e-21,  2.23959e-08])
225669  , -79081.5    , array([ 0.315105   ,  0.00332711 ,  5.63596e-23,  3.14042e-21,  2.23959e-08])
225670  , -79081.5    , array([ 0.315105   ,  0.00332379 ,  5.6416e-23 ,  3.14042e-21,  2.23959e-08])
225671  , -79081.5    , array([ 0.315105   ,  0.00332379 ,  5.63596e-23,  3.14356e-21,  2.23959e-08])
225672  , -79081.5    , array([ 0.315105   ,  0.00332379 ,  5.63596e-23,  3.14042e-21,  2.24183e-08])
225673  , -79081.5    , array([ 0.315105   ,  0.00332379 ,  5.63596e-23,  3.14042e-21,  2.23959e-08])
225674  , -79081.5    , array([ 0.315105   ,  0.00332379 ,  5.63596e-23,  3.14042e-21,  2.23959e-08])
225675  , -79081.5    , array([ 0.31542    ,  0.00332379 ,  5.63596e-23,  3.14042e-21,  2.23959e-08])
225676  , -79081.5    , array([ 0.315105   ,  0.00332711 ,  5.63596e-23,  3.14042e-21,  2.23959e-08])
225677  , -79081.5    , array([ 0.315105   ,  0.00332379 ,  5.6416e-23 ,  3.14042e-21,  2.23959e-08])
225678  , -79081.5    , array([ 0.315105   ,  0.00332379 ,  5.63596e-23,  3.14356e-21,  2.23959e-08])
225679  , -79081.5    , array([ 0.315105   ,  0.00332379 ,  5.63596e-23,  3.14042e-21,  2.24183e-08])
225680  , -79051.9    , array([ 0.285768   ,  0.00160756 ,  5.63596e-23,  3.14042e-21,  5.11537e-08])
225681  , -79051.9    , array([ 0.285768   ,  0.00160756 ,  5.63596e-23,  3.14042e-21,  5.11537e-08])
225682  , -79051.9    , array([ 0.286054   ,  0.00160756 ,  5.63596e-23,  3.14042e-21,  5.11537e-08])
225683  , -79052      , array([ 0.285768   ,  0.00160917 ,  5.63596e-23,  3.14042e-21,  5.11537e-08])
225684  , -79051.9    , array([ 0.285768   ,  0.00160756 ,  5.6416e-23 ,  3.14042e-21,  5.11537e-08])
225685  , -79051.9    , array([ 0.285768   ,  0.00160756 ,  5.63596e-23,  3.14356e-21,  5.11537e-08])
225686  , -79051.9    , array([ 0.285768   ,  0.00160756 ,  5.63596e-23,  3.14042e-21,  5.12049e-08])
225687  , -79051.9    , array([ 0.285768   ,  0.00160756 ,  5.63596e-23,  3.14042e-21,  5.11537e-08])
225688  , -79051.9    , array([ 0.285768   ,  0.00160756 ,  5.63596e-23,  3.14042e-21,  5.11537e-08])
225689  , -79051.9    , array([ 0.286054   ,  0.00160756 ,  5.63596e-23,  3.14042e-21,  5.11537e-08])
225690  , -79052      , array([ 0.285768   ,  0.00160917 ,  5.63596e-23,  3.14042e-21,  5.11537e-08])
225691  , -79051.9    , array([ 0.285768   ,  0.00160756 ,  5.6416e-23 ,  3.14042e-21,  5.11537e-08])
225692  , -79051.9    , array([ 0.285768   ,  0.00160756 ,  5.63596e-23,  3.14356e-21,  5.11537e-08])
225693  , -79051.9    , array([ 0.285768   ,  0.00160756 ,  5.63596e-23,  3.14042e-21,  5.12049e-08])
225694  , -79051.9    , array([ 0.285768   ,  0.00160756 ,  5.63596e-23,  3.14042e-21,  5.11537e-08])
225695  , -79051.9    , array([ 0.285768   ,  0.00160756 ,  5.63596e-23,  3.14042e-21,  5.11537e-08])
225696  , -79051.9    , array([ 0.286054   ,  0.00160756 ,  5.63596e-23,  3.14042e-21,  5.11537e-08])
225697  , -79052      , array([ 0.285768   ,  0.00160917 ,  5.63596e-23,  3.14042e-21,  5.11537e-08])
225698  , -79051.9    , array([ 0.285768   ,  0.00160756 ,  5.6416e-23 ,  3.14042e-21,  5.11537e-08])
225699  , -79051.9    , array([ 0.285768   ,  0.00160756 ,  5.63596e-23,  3.14356e-21,  5.11537e-08])
225700  , -79051.9    , array([ 0.285768   ,  0.00160756 ,  5.63596e-23,  3.14042e-21,  5.12049e-08])
225701  , -79008      , array([ 0.272141   ,  0.00111798 ,  5.63596e-23,  3.14042e-21,  7.73093e-08])
225702  , -79008      , array([ 0.272141   ,  0.00111798 ,  5.63596e-23,  3.14042e-21,  7.73093e-08])
225703  , -79008      , array([ 0.272413   ,  0.00111798 ,  5.63596e-23,  3.14042e-21,  7.73093e-08])
225704  , -79008.1    , array([ 0.272141   ,  0.0011191  ,  5.63596e-23,  3.14042e-21,  7.73093e-08])
225705  , -79008      , array([ 0.272141   ,  0.00111798 ,  5.6416e-23 ,  3.14042e-21,  7.73093e-08])
225706  , -79008      , array([ 0.272141   ,  0.00111798 ,  5.63596e-23,  3.14356e-21,  7.73093e-08])
225707  , -79007.9    , array([ 0.272141   ,  0.00111798 ,  5.63596e-23,  3.14042e-21,  7.73867e-08])
225708  , -79008      , array([ 0.272141   ,  0.00111798 ,  5.63596e-23,  3.14042e-21,  7.73093e-08])
225709  , -79008      , array([ 0.272141   ,  0.00111798 ,  5.63596e-23,  3.14042e-21,  7.73093e-08])
225710  , -79008      , array([ 0.272413   ,  0.00111798 ,  5.63596e-23,  3.14042e-21,  7.73093e-08])
225711  , -79008.1    , array([ 0.272141   ,  0.0011191  ,  5.63596e-23,  3.14042e-21,  7.73093e-08])
225712  , -79008      , array([ 0.272141   ,  0.00111798 ,  5.6416e-23 ,  3.14042e-21,  7.73093e-08])
225713  , -79008      , array([ 0.272141   ,  0.00111798 ,  5.63596e-23,  3.14356e-21,  7.73093e-08])
225714  , -79007.9    , array([ 0.272141   ,  0.00111798 ,  5.63596e-23,  3.14042e-21,  7.73867e-08])
225715  , -79008      , array([ 0.272141   ,  0.00111798 ,  5.63596e-23,  3.14042e-21,  7.73093e-08])
225716  , -79008      , array([ 0.272141   ,  0.00111798 ,  5.63596e-23,  3.14042e-21,  7.73093e-08])
225717  , -79008      , array([ 0.272413   ,  0.00111798 ,  5.63596e-23,  3.14042e-21,  7.73093e-08])
225718  , -79008.1    , array([ 0.272141   ,  0.0011191  ,  5.63596e-23,  3.14042e-21,  7.73093e-08])
225719  , -79008      , array([ 0.272141   ,  0.00111798 ,  5.6416e-23 ,  3.14042e-21,  7.73093e-08])
225720  , -79008      , array([ 0.272141   ,  0.00111798 ,  5.63596e-23,  3.14356e-21,  7.73093e-08])
225721  , -79007.9    , array([ 0.272141   ,  0.00111798 ,  5.63596e-23,  3.14042e-21,  7.73867e-08])
225729  , -79008      , array([ 0.272141   ,  0.00111798 ,  5.63596e-23,  3.14042e-21,  7.73093e-08])
225730  , -79008      , array([ 0.272141   ,  0.00111798 ,  5.63596e-23,  3.14042e-21,  7.73093e-08])
225731  , -79008      , array([ 0.272413   ,  0.00111798 ,  5.63596e-23,  3.14042e-21,  7.73093e-08])
225732  , -79008.1    , array([ 0.272141   ,  0.0011191  ,  5.63596e-23,  3.14042e-21,  7.73093e-08])
225733  , -79008      , array([ 0.272141   ,  0.00111798 ,  5.6416e-23 ,  3.14042e-21,  7.73093e-08])
225734  , -79008      , array([ 0.272141   ,  0.00111798 ,  5.63596e-23,  3.14356e-21,  7.73093e-08])
225735  , -79007.9    , array([ 0.272141   ,  0.00111798 ,  5.63596e-23,  3.14042e-21,  7.73867e-08])
225736  , -79008      , array([ 0.272141   ,  0.00111798 ,  5.63596e-23,  3.14042e-21,  7.73093e-08])
225737  , -79008      , array([ 0.272141   ,  0.00111798 ,  5.63596e-23,  3.14042e-21,  7.73093e-08])
225738  , -79008      , array([ 0.272413   ,  0.00111798 ,  5.63596e-23,  3.14042e-21,  7.73093e-08])
225739  , -79008.1    , array([ 0.272141   ,  0.0011191  ,  5.63596e-23,  3.14042e-21,  7.73093e-08])
225740  , -79008      , array([ 0.272141   ,  0.00111798 ,  5.6416e-23 ,  3.14042e-21,  7.73093e-08])
225741  , -79008      , array([ 0.272141   ,  0.00111798 ,  5.63596e-23,  3.14356e-21,  7.73093e-08])
225742  , -79007.9    , array([ 0.272141   ,  0.00111798 ,  5.63596e-23,  3.14042e-21,  7.73867e-08])
225743  , -78990.6    , array([ 0.268837   ,  0.00102094 ,  5.63596e-23,  3.14042e-21,  8.57177e-08])
225744  , -78990.6    , array([ 0.268837   ,  0.00102094 ,  5.63596e-23,  3.14042e-21,  8.57177e-08])
225745  , -78990.6    , array([ 0.269106   ,  0.00102094 ,  5.63596e-23,  3.14042e-21,  8.57177e-08])
225746  , -78990.7    , array([ 0.268837   ,  0.00102196 ,  5.63596e-23,  3.14042e-21,  8.57177e-08])
225747  , -78990.6    , array([ 0.268837   ,  0.00102094 ,  5.6416e-23 ,  3.14042e-21,  8.57177e-08])
225748  , -78990.6    , array([ 0.268837   ,  0.00102094 ,  5.63596e-23,  3.14356e-21,  8.57177e-08])
225749  , -78990.5    , array([ 0.268837   ,  0.00102094 ,  5.63596e-23,  3.14042e-21,  8.58035e-08])
225750  , -78990.6    , array([ 0.268837   ,  0.00102094 ,  5.63596e-23,  3.14042e-21,  8.57177e-08])
225751  , -78990.6    , array([ 0.268837   ,  0.00102094 ,  5.63596e-23,  3.14042e-21,  8.57177e-08])
225752  , -78990.6    , array([ 0.269106   ,  0.00102094 ,  5.63596e-23,  3.14042e-21,  8.57177e-08])
225753  , -78990.7    , array([ 0.268837   ,  0.00102196 ,  5.63596e-23,  3.14042e-21,  8.57177e-08])
225754  , -78990.6    , array([ 0.268837   ,  0.00102094 ,  5.6416e-23 ,  3.14042e-21,  8.57177e-08])
225755  , -78990.6    , array([ 0.268837   ,  0.00102094 ,  5.63596e-23,  3.14356e-21,  8.57177e-08])
225756  , -78990.5    , array([ 0.268837   ,  0.00102094 ,  5.63596e-23,  3.14042e-21,  8.58035e-08])
225757  , -78990.6    , array([ 0.268837   ,  0.00102094 ,  5.63596e-23,  3.14042e-21,  8.57177e-08])
225758  , -78990.6    , array([ 0.268837   ,  0.00102094 ,  5.63596e-23,  3.14042e-21,  8.57177e-08])
225759  , -78990.6    , array([ 0.269106   ,  0.00102094 ,  5.63596e-23,  3.14042e-21,  8.57177e-08])
225760  , -78990.7    , array([ 0.268837   ,  0.00102196 ,  5.63596e-23,  3.14042e-21,  8.57177e-08])
225761  , -78990.6    , array([ 0.268837   ,  0.00102094 ,  5.6416e-23 ,  3.14042e-21,  8.57177e-08])
225762  , -78990.6    , array([ 0.268837   ,  0.00102094 ,  5.63596e-23,  3.14356e-21,  8.57177e-08])
225763  , -78990.5    , array([ 0.268837   ,  0.00102094 ,  5.63596e-23,  3.14042e-21,  8.58035e-08])
225771  , -78990.6    , array([ 0.268837   ,  0.00102094 ,  5.63596e-23,  3.14042e-21,  8.57177e-08])
225772  , -78990.6    , array([ 0.268837   ,  0.00102094 ,  5.63596e-23,  3.14042e-21,  8.57177e-08])
225773  , -78990.6    , array([ 0.269106   ,  0.00102094 ,  5.63596e-23,  3.14042e-21,  8.57177e-08])
225774  , -78990.7    , array([ 0.268837   ,  0.00102196 ,  5.63596e-23,  3.14042e-21,  8.57177e-08])
225775  , -78990.6    , array([ 0.268837   ,  0.00102094 ,  5.6416e-23 ,  3.14042e-21,  8.57177e-08])
225776  , -78990.6    , array([ 0.268837   ,  0.00102094 ,  5.63596e-23,  3.14356e-21,  8.57177e-08])
225777  , -78990.5    , array([ 0.268837   ,  0.00102094 ,  5.63596e-23,  3.14042e-21,  8.58035e-08])
225778  , -78990.6    , array([ 0.268837   ,  0.00102094 ,  5.63596e-23,  3.14042e-21,  8.57177e-08])
225779  , -78990.6    , array([ 0.268837   ,  0.00102094 ,  5.63596e-23,  3.14042e-21,  8.57177e-08])
225780  , -78990.6    , array([ 0.269106   ,  0.00102094 ,  5.63596e-23,  3.14042e-21,  8.57177e-08])
225781  , -78990.7    , array([ 0.268837   ,  0.00102196 ,  5.63596e-23,  3.14042e-21,  8.57177e-08])
225782  , -78990.6    , array([ 0.268837   ,  0.00102094 ,  5.6416e-23 ,  3.14042e-21,  8.57177e-08])
225783  , -78990.6    , array([ 0.268837   ,  0.00102094 ,  5.63596e-23,  3.14356e-21,  8.57177e-08])
225784  , -78990.5    , array([ 0.268837   ,  0.00102094 ,  5.63596e-23,  3.14042e-21,  8.58035e-08])
225792  , -78990.6    , array([ 0.268837   ,  0.00102094 ,  5.63596e-23,  3.14042e-21,  8.57177e-08])
225793  , -78990.6    , array([ 0.268837   ,  0.00102094 ,  5.63596e-23,  3.14042e-21,  8.57177e-08])
225794  , -78990.6    , array([ 0.269106   ,  0.00102094 ,  5.63596e-23,  3.14042e-21,  8.57177e-08])
225795  , -78990.7    , array([ 0.268837   ,  0.00102196 ,  5.63596e-23,  3.14042e-21,  8.57177e-08])
225796  , -78990.6    , array([ 0.268837   ,  0.00102094 ,  5.6416e-23 ,  3.14042e-21,  8.57177e-08])
225797  , -78990.6    , array([ 0.268837   ,  0.00102094 ,  5.63596e-23,  3.14356e-21,  8.57177e-08])
225798  , -78990.5    , array([ 0.268837   ,  0.00102094 ,  5.63596e-23,  3.14042e-21,  8.58035e-08])
225799  , -78990.6    , array([ 0.268837   ,  0.00102094 ,  5.63596e-23,  3.14042e-21,  8.57177e-08])
225800  , -78990.6    , array([ 0.268837   ,  0.00102094 ,  5.63596e-23,  3.14042e-21,  8.57177e-08])
225801  , -78990.6    , array([ 0.269106   ,  0.00102094 ,  5.63596e-23,  3.14042e-21,  8.57177e-08])
225802  , -78990.7    , array([ 0.268837   ,  0.00102196 ,  5.63596e-23,  3.14042e-21,  8.57177e-08])
225803  , -78990.6    , array([ 0.268837   ,  0.00102094 ,  5.6416e-23 ,  3.14042e-21,  8.57177e-08])
225804  , -78990.6    , array([ 0.268837   ,  0.00102094 ,  5.63596e-23,  3.14356e-21,  8.57177e-08])
225805  , -78990.5    , array([ 0.268837   ,  0.00102094 ,  5.63596e-23,  3.14042e-21,  8.58035e-08])
225806  , -78988.2    , array([ 0.268426   ,  0.00100942 ,  5.63596e-23,  3.14042e-21,  8.68311e-08])
225807  , -78988.2    , array([ 0.268426   ,  0.00100942 ,  5.63596e-23,  3.14042e-21,  8.68311e-08])
225808  , -78988.2    , array([ 0.268695   ,  0.00100942 ,  5.63596e-23,  3.14042e-21,  8.68311e-08])
225809  , -78988.3    , array([ 0.268426   ,  0.00101043 ,  5.63596e-23,  3.14042e-21,  8.68311e-08])
225810  , -78988.2    , array([ 0.268426   ,  0.00100942 ,  5.6416e-23 ,  3.14042e-21,  8.68311e-08])
225811  , -78988.2    , array([ 0.268426   ,  0.00100942 ,  5.63596e-23,  3.14356e-21,  8.68311e-08])
225812  , -78988.1    , array([ 0.268426   ,  0.00100942 ,  5.63596e-23,  3.14042e-21,  8.6918e-08 ])
225813  , -78988.2    , array([ 0.268426   ,  0.00100942 ,  5.63596e-23,  3.14042e-21,  8.68311e-08])
225814  , -78988.2    , array([ 0.268426   ,  0.00100942 ,  5.63596e-23,  3.14042e-21,  8.68311e-08])
225815  , -78988.2    , array([ 0.268695   ,  0.00100942 ,  5.63596e-23,  3.14042e-21,  8.68311e-08])
225816  , -78988.3    , array([ 0.268426   ,  0.00101043 ,  5.63596e-23,  3.14042e-21,  8.68311e-08])
225817  , -78988.2    , array([ 0.268426   ,  0.00100942 ,  5.6416e-23 ,  3.14042e-21,  8.68311e-08])
225818  , -78988.2    , array([ 0.268426   ,  0.00100942 ,  5.63596e-23,  3.14356e-21,  8.68311e-08])
225819  , -78988.1    , array([ 0.268426   ,  0.00100942 ,  5.63596e-23,  3.14042e-21,  8.6918e-08 ])
225820  , -78988.2    , array([ 0.268426   ,  0.00100942 ,  5.63596e-23,  3.14042e-21,  8.68311e-08])
225821  , -78988.2    , array([ 0.268426   ,  0.00100942 ,  5.63596e-23,  3.14042e-21,  8.68311e-08])
225822  , -78988.2    , array([ 0.268695   ,  0.00100942 ,  5.63596e-23,  3.14042e-21,  8.68311e-08])
225823  , -78988.3    , array([ 0.268426   ,  0.00101043 ,  5.63596e-23,  3.14042e-21,  8.68311e-08])
225824  , -78988.2    , array([ 0.268426   ,  0.00100942 ,  5.6416e-23 ,  3.14042e-21,  8.68311e-08])
225825  , -78988.2    , array([ 0.268426   ,  0.00100942 ,  5.63596e-23,  3.14356e-21,  8.68311e-08])
225826  , -78988.1    , array([ 0.268426   ,  0.00100942 ,  5.63596e-23,  3.14042e-21,  8.6918e-08 ])
225827  , -78987      , array([ 0.268221   ,  0.00100371 ,  5.63596e-23,  3.14042e-21,  8.73932e-08])
225828  , -78987      , array([ 0.268221   ,  0.00100371 ,  5.63596e-23,  3.14042e-21,  8.73932e-08])
225829  , -78987      , array([ 0.26849    ,  0.00100371 ,  5.63596e-23,  3.14042e-21,  8.73932e-08])
225830  , -78987.1    , array([ 0.268221   ,  0.00100471 ,  5.63596e-23,  3.14042e-21,  8.73932e-08])
225831  , -78987      , array([ 0.268221   ,  0.00100371 ,  5.6416e-23 ,  3.14042e-21,  8.73932e-08])
225832  , -78987      , array([ 0.268221   ,  0.00100371 ,  5.63596e-23,  3.14356e-21,  8.73932e-08])
225833  , -78986.9    , array([ 0.268221   ,  0.00100371 ,  5.63596e-23,  3.14042e-21,  8.74807e-08])
225834  , -78987      , array([ 0.268221   ,  0.00100371 ,  5.63596e-23,  3.14042e-21,  8.73932e-08])
225835  , -78987      , array([ 0.268221   ,  0.00100371 ,  5.63596e-23,  3.14042e-21,  8.73932e-08])
225836  , -78987      , array([ 0.26849    ,  0.00100371 ,  5.63596e-23,  3.14042e-21,  8.73932e-08])
225837  , -78987.1    , array([ 0.268221   ,  0.00100471 ,  5.63596e-23,  3.14042e-21,  8.73932e-08])
225838  , -78987      , array([ 0.268221   ,  0.00100371 ,  5.6416e-23 ,  3.14042e-21,  8.73932e-08])
225839  , -78987      , array([ 0.268221   ,  0.00100371 ,  5.63596e-23,  3.14356e-21,  8.73932e-08])
225840  , -78986.9    , array([ 0.268221   ,  0.00100371 ,  5.63596e-23,  3.14042e-21,  8.74807e-08])
225841  , -78987      , array([ 0.268221   ,  0.00100371 ,  5.63596e-23,  3.14042e-21,  8.73932e-08])
225842  , -78987      , array([ 0.268221   ,  0.00100371 ,  5.63596e-23,  3.14042e-21,  8.73932e-08])
225843  , -78987      , array([ 0.26849    ,  0.00100371 ,  5.63596e-23,  3.14042e-21,  8.73932e-08])
225844  , -78987.1    , array([ 0.268221   ,  0.00100471 ,  5.63596e-23,  3.14042e-21,  8.73932e-08])
225845  , -78987      , array([ 0.268221   ,  0.00100371 ,  5.6416e-23 ,  3.14042e-21,  8.73932e-08])
225846  , -78987      , array([ 0.268221   ,  0.00100371 ,  5.63596e-23,  3.14356e-21,  8.73932e-08])
225847  , -78986.9    , array([ 0.268221   ,  0.00100371 ,  5.63596e-23,  3.14042e-21,  8.74807e-08])
225848  , -78986.3    , array([ 0.268119   ,  0.00100086 ,  5.63596e-23,  3.14042e-21,  8.76757e-08])
225849  , -78986.3    , array([ 0.268119   ,  0.00100086 ,  5.63596e-23,  3.14042e-21,  8.76757e-08])
225850  , -78986.3    , array([ 0.268387   ,  0.00100086 ,  5.63596e-23,  3.14042e-21,  8.76757e-08])
225851  , -78986.4    , array([ 0.268119   ,  0.00100187 ,  5.63596e-23,  3.14042e-21,  8.76757e-08])
225852  , -78986.3    , array([ 0.268119   ,  0.00100086 ,  5.6416e-23 ,  3.14042e-21,  8.76757e-08])
225853  , -78986.3    , array([ 0.268119   ,  0.00100086 ,  5.63596e-23,  3.14356e-21,  8.76757e-08])
225854  , -78986.2    , array([ 0.268119   ,  0.00100086 ,  5.63596e-23,  3.14042e-21,  8.77634e-08])
225855  , -78986.3    , array([ 0.268119   ,  0.00100086 ,  5.63596e-23,  3.14042e-21,  8.76757e-08])
225856  , -78986.3    , array([ 0.268119   ,  0.00100086 ,  5.63596e-23,  3.14042e-21,  8.76757e-08])
225857  , -78986.3    , array([ 0.268387   ,  0.00100086 ,  5.63596e-23,  3.14042e-21,  8.76757e-08])
225858  , -78986.4    , array([ 0.268119   ,  0.00100187 ,  5.63596e-23,  3.14042e-21,  8.76757e-08])
225859  , -78986.3    , array([ 0.268119   ,  0.00100086 ,  5.6416e-23 ,  3.14042e-21,  8.76757e-08])
225860  , -78986.3    , array([ 0.268119   ,  0.00100086 ,  5.63596e-23,  3.14356e-21,  8.76757e-08])
225861  , -78986.2    , array([ 0.268119   ,  0.00100086 ,  5.63596e-23,  3.14042e-21,  8.77634e-08])
225862  , -78986.3    , array([ 0.268119   ,  0.00100086 ,  5.63596e-23,  3.14042e-21,  8.76757e-08])
225863  , -78986.3    , array([ 0.268119   ,  0.00100086 ,  5.63596e-23,  3.14042e-21,  8.76757e-08])
225864  , -78986.3    , array([ 0.268387   ,  0.00100086 ,  5.63596e-23,  3.14042e-21,  8.76757e-08])
225865  , -78986.4    , array([ 0.268119   ,  0.00100187 ,  5.63596e-23,  3.14042e-21,  8.76757e-08])
225866  , -78986.3    , array([ 0.268119   ,  0.00100086 ,  5.6416e-23 ,  3.14042e-21,  8.76757e-08])
225867  , -78986.3    , array([ 0.268119   ,  0.00100086 ,  5.63596e-23,  3.14356e-21,  8.76757e-08])
225868  , -78986.2    , array([ 0.268119   ,  0.00100086 ,  5.63596e-23,  3.14042e-21,  8.77634e-08])
225872  , -78986.1    , array([ 0.268068   ,  0.00100045 ,  5.63596e-23,  3.14042e-21,  8.78172e-08])
225876  , -78986.3    , array([ 0.268119   ,  0.00100086 ,  5.63596e-23,  3.14042e-21,  8.76757e-08])
225877  , -78986.3    , array([ 0.268119   ,  0.00100086 ,  5.63596e-23,  3.14042e-21,  8.76757e-08])
225878  , -78986.3    , array([ 0.268387   ,  0.00100086 ,  5.63596e-23,  3.14042e-21,  8.76757e-08])
225879  , -78986.4    , array([ 0.268119   ,  0.00100187 ,  5.63596e-23,  3.14042e-21,  8.76757e-08])
225880  , -78986.3    , array([ 0.268119   ,  0.00100086 ,  5.6416e-23 ,  3.14042e-21,  8.76757e-08])
225881  , -78986.3    , array([ 0.268119   ,  0.00100086 ,  5.63596e-23,  3.14356e-21,  8.76757e-08])
225882  , -78986.2    , array([ 0.268119   ,  0.00100086 ,  5.63596e-23,  3.14042e-21,  8.77634e-08])
225886  , -78986.2    , array([ 0.268085   ,  0.00100093 ,  5.63596e-23,  3.14042e-21,  8.77691e-08])
225890  , -78986.3    , array([ 0.268119   ,  0.00100086 ,  5.63596e-23,  3.14042e-21,  8.76757e-08])
225891  , -78986.3    , array([ 0.268119   ,  0.00100086 ,  5.63596e-23,  3.14042e-21,  8.76757e-08])
225892  , -78986.3    , array([ 0.268387   ,  0.00100086 ,  5.63596e-23,  3.14042e-21,  8.76757e-08])
225893  , -78986.4    , array([ 0.268119   ,  0.00100187 ,  5.63596e-23,  3.14042e-21,  8.76757e-08])
225894  , -78986.3    , array([ 0.268119   ,  0.00100086 ,  5.6416e-23 ,  3.14042e-21,  8.76757e-08])
225895  , -78986.3    , array([ 0.268119   ,  0.00100086 ,  5.63596e-23,  3.14356e-21,  8.76757e-08])
225896  , -78986.2    , array([ 0.268119   ,  0.00100086 ,  5.63596e-23,  3.14042e-21,  8.77634e-08])
225897  , -78986.3    , array([ 0.268119   ,  0.00100086 ,  5.63596e-23,  3.14042e-21,  8.76757e-08])
225898  , -78986.3    , array([ 0.268119   ,  0.00100086 ,  5.63596e-23,  3.14042e-21,  8.76757e-08])
225899  , -78986.3    , array([ 0.268387   ,  0.00100086 ,  5.63596e-23,  3.14042e-21,  8.76757e-08])
225900  , -78986.4    , array([ 0.268119   ,  0.00100187 ,  5.63596e-23,  3.14042e-21,  8.76757e-08])
225901  , -78986.3    , array([ 0.268119   ,  0.00100086 ,  5.6416e-23 ,  3.14042e-21,  8.76757e-08])
225902  , -78986.3    , array([ 0.268119   ,  0.00100086 ,  5.63596e-23,  3.14356e-21,  8.76757e-08])
225903  , -78986.2    , array([ 0.268119   ,  0.00100086 ,  5.63596e-23,  3.14042e-21,  8.77634e-08])
225904  , -78986.2    , array([ 0.268102   ,  0.0010004  ,  5.63596e-23,  3.14042e-21,  8.77223e-08])
225905  , -78986.2    , array([ 0.268102   ,  0.0010004  ,  5.63596e-23,  3.14042e-21,  8.77223e-08])
225906  , -78986.2    , array([ 0.26837    ,  0.0010004  ,  5.63596e-23,  3.14042e-21,  8.77223e-08])
225907  , -78986.3    , array([ 0.268102   ,  0.0010014  ,  5.63596e-23,  3.14042e-21,  8.77223e-08])
225908  , -78986.2    , array([ 0.268102   ,  0.0010004  ,  5.6416e-23 ,  3.14042e-21,  8.77223e-08])
225909  , -78986.2    , array([ 0.268102   ,  0.0010004  ,  5.63596e-23,  3.14356e-21,  8.77223e-08])
225910  , -78986.1    , array([ 0.268102   ,  0.0010004  ,  5.63596e-23,  3.14042e-21,  8.78101e-08])
225911  , -78986.2    , array([ 0.268102   ,  0.0010004  ,  5.63596e-23,  3.14042e-21,  8.77223e-08])
225912  , -78986.2    , array([ 0.268102   ,  0.0010004  ,  5.63596e-23,  3.14042e-21,  8.77223e-08])
225913  , -78986.2    , array([ 0.26837    ,  0.0010004  ,  5.63596e-23,  3.14042e-21,  8.77223e-08])
225914  , -78986.3    , array([ 0.268102   ,  0.0010014  ,  5.63596e-23,  3.14042e-21,  8.77223e-08])
225915  , -78986.2    , array([ 0.268102   ,  0.0010004  ,  5.6416e-23 ,  3.14042e-21,  8.77223e-08])
225916  , -78986.2    , array([ 0.268102   ,  0.0010004  ,  5.63596e-23,  3.14356e-21,  8.77223e-08])
225917  , -78986.1    , array([ 0.268102   ,  0.0010004  ,  5.63596e-23,  3.14042e-21,  8.78101e-08])
225918  , -78986.2    , array([ 0.268102   ,  0.0010004  ,  5.63596e-23,  3.14042e-21,  8.77223e-08])
225919  , -78986.2    , array([ 0.268102   ,  0.0010004  ,  5.63596e-23,  3.14042e-21,  8.77223e-08])
225920  , -78986.2    , array([ 0.26837    ,  0.0010004  ,  5.63596e-23,  3.14042e-21,  8.77223e-08])
225921  , -78986.3    , array([ 0.268102   ,  0.0010014  ,  5.63596e-23,  3.14042e-21,  8.77223e-08])
225922  , -78986.2    , array([ 0.268102   ,  0.0010004  ,  5.6416e-23 ,  3.14042e-21,  8.77223e-08])
225923  , -78986.2    , array([ 0.268102   ,  0.0010004  ,  5.63596e-23,  3.14356e-21,  8.77223e-08])
225924  , -78986.1    , array([ 0.268102   ,  0.0010004  ,  5.63596e-23,  3.14042e-21,  8.78101e-08])
225925  , -78986.2    , array([ 0.268094   ,  0.00100016 ,  5.63596e-23,  3.14042e-21,  8.77457e-08])
225926  , -78986.2    , array([ 0.268094   ,  0.00100016 ,  5.63596e-23,  3.14042e-21,  8.77457e-08])
225927  , -78986.2    , array([ 0.268362   ,  0.00100016 ,  5.63596e-23,  3.14042e-21,  8.77457e-08])
225928  , -78986.3    , array([ 0.268094   ,  0.00100116 ,  5.63596e-23,  3.14042e-21,  8.77457e-08])
225929  , -78986.2    , array([ 0.268094   ,  0.00100016 ,  5.6416e-23 ,  3.14042e-21,  8.77457e-08])
225930  , -78986.2    , array([ 0.268094   ,  0.00100016 ,  5.63596e-23,  3.14356e-21,  8.77457e-08])
225931  , -78986.1    , array([ 0.268094   ,  0.00100016 ,  5.63596e-23,  3.14042e-21,  8.78335e-08])
225932  , -78986.2    , array([ 0.268094   ,  0.00100016 ,  5.63596e-23,  3.14042e-21,  8.77457e-08])
225933  , -78986.2    , array([ 0.268094   ,  0.00100016 ,  5.63596e-23,  3.14042e-21,  8.77457e-08])
225934  , -78986.2    , array([ 0.268362   ,  0.00100016 ,  5.63596e-23,  3.14042e-21,  8.77457e-08])
225935  , -78986.3    , array([ 0.268094   ,  0.00100116 ,  5.63596e-23,  3.14042e-21,  8.77457e-08])
225936  , -78986.2    , array([ 0.268094   ,  0.00100016 ,  5.6416e-23 ,  3.14042e-21,  8.77457e-08])
225937  , -78986.2    , array([ 0.268094   ,  0.00100016 ,  5.63596e-23,  3.14356e-21,  8.77457e-08])
225938  , -78986.1    , array([ 0.268094   ,  0.00100016 ,  5.63596e-23,  3.14042e-21,  8.78335e-08])
225939  , -78986.2    , array([ 0.268094   ,  0.00100016 ,  5.63596e-23,  3.14042e-21,  8.77457e-08])
225940  , -78986.2    , array([ 0.268094   ,  0.00100016 ,  5.63596e-23,  3.14042e-21,  8.77457e-08])
225941  , -78986.2    , array([ 0.268362   ,  0.00100016 ,  5.63596e-23,  3.14042e-21,  8.77457e-08])
225942  , -78986.3    , array([ 0.268094   ,  0.00100116 ,  5.63596e-23,  3.14042e-21,  8.77457e-08])
225943  , -78986.2    , array([ 0.268094   ,  0.00100016 ,  5.6416e-23 ,  3.14042e-21,  8.77457e-08])
225944  , -78986.2    , array([ 0.268094   ,  0.00100016 ,  5.63596e-23,  3.14356e-21,  8.77457e-08])
225945  , -78986.1    , array([ 0.268094   ,  0.00100016 ,  5.63596e-23,  3.14042e-21,  8.78335e-08])
225946  , -78986.2    , array([ 0.268094   ,  0.00100016 ,  5.63596e-23,  3.14042e-21,  8.77457e-08])
225947  , -78986.2    , array([ 0.268094   ,  0.00100016 ,  5.63596e-23,  3.14042e-21,  8.77457e-08])
225948  , -78986.2    , array([ 0.268362   ,  0.00100016 ,  5.63596e-23,  3.14042e-21,  8.77457e-08])
225949  , -78986.3    , array([ 0.268094   ,  0.00100116 ,  5.63596e-23,  3.14042e-21,  8.77457e-08])
225950  , -78986.2    , array([ 0.268094   ,  0.00100016 ,  5.6416e-23 ,  3.14042e-21,  8.77457e-08])
225951  , -78986.2    , array([ 0.268094   ,  0.00100016 ,  5.63596e-23,  3.14356e-21,  8.77457e-08])
225952  , -78986.1    , array([ 0.268094   ,  0.00100016 ,  5.63596e-23,  3.14042e-21,  8.78335e-08])
225953  , -79089.4    , array([ 0.496672   ,  0.097841   ,  5.63596e-23,  3.14042e-21,  4.78551e-10])
225954  , -79089.4    , array([ 0.496672   ,  0.097841   ,  5.63596e-23,  3.14042e-21,  4.78551e-10])
225955  , -79089.4    , array([ 0.497169   ,  0.097841   ,  5.63596e-23,  3.14042e-21,  4.78551e-10])
225956  , -79089.4    , array([ 0.496672   ,  0.0979389  ,  5.63596e-23,  3.14042e-21,  4.78551e-10])
225957  , -79089.4    , array([ 0.496672   ,  0.097841   ,  5.6416e-23 ,  3.14042e-21,  4.78551e-10])
225958  , -79089.4    , array([ 0.496672   ,  0.097841   ,  5.63596e-23,  3.14356e-21,  4.78551e-10])
225959  , -79089.4    , array([ 0.496672   ,  0.097841   ,  5.63596e-23,  3.14042e-21,  4.7903e-10 ])
225960  , -79089.4    , array([ 0.496293   ,  0.0972874  ,  5.63596e-23,  3.14042e-21,  4.81649e-10])
225961  , -79089.4    , array([ 0.496293   ,  0.0972874  ,  5.63596e-23,  3.14042e-21,  4.81649e-10])
225962  , -79089.4    , array([ 0.49679    ,  0.0972874  ,  5.63596e-23,  3.14042e-21,  4.81649e-10])
225963  , -79089.4    , array([ 0.496293   ,  0.0973847  ,  5.63596e-23,  3.14042e-21,  4.81649e-10])
225964  , -79089.4    , array([ 0.496293   ,  0.0972874  ,  5.6416e-23 ,  3.14042e-21,  4.81649e-10])
225965  , -79089.4    , array([ 0.496293   ,  0.0972874  ,  5.63596e-23,  3.14356e-21,  4.81649e-10])
225966  , -79089.4    , array([ 0.496293   ,  0.0972874  ,  5.63596e-23,  3.14042e-21,  4.82131e-10])
225967  , -79089.4    , array([ 0.495536   ,  0.0961894  ,  5.63596e-23,  3.14042e-21,  4.87906e-10])
225968  , -79089.4    , array([ 0.495536   ,  0.0961894  ,  5.63596e-23,  3.14042e-21,  4.87906e-10])
225969  , -79089.4    , array([ 0.496032   ,  0.0961894  ,  5.63596e-23,  3.14042e-21,  4.87906e-10])
225970  , -79089.4    , array([ 0.495536   ,  0.0962857  ,  5.63596e-23,  3.14042e-21,  4.87906e-10])
225971  , -79089.4    , array([ 0.495536   ,  0.0961894  ,  5.6416e-23 ,  3.14042e-21,  4.87906e-10])
225972  , -79089.4    , array([ 0.495536   ,  0.0961894  ,  5.63596e-23,  3.14356e-21,  4.87906e-10])
225973  , -79089.4    , array([ 0.495536   ,  0.0961894  ,  5.63596e-23,  3.14042e-21,  4.88394e-10])
225974  , -79089.4    , array([ 0.494025   ,  0.0940306  ,  5.63596e-23,  3.14042e-21,  5.00663e-10])
225975  , -79089.4    , array([ 0.494025   ,  0.0940306  ,  5.63596e-23,  3.14042e-21,  5.00663e-10])
225976  , -79089.4    , array([ 0.494519   ,  0.0940306  ,  5.63596e-23,  3.14042e-21,  5.00663e-10])
225977  , -79089.4    , array([ 0.494025   ,  0.0941246  ,  5.63596e-23,  3.14042e-21,  5.00663e-10])
225978  , -79089.4    , array([ 0.494025   ,  0.0940306  ,  5.6416e-23 ,  3.14042e-21,  5.00663e-10])
225979  , -79089.4    , array([ 0.494025   ,  0.0940306  ,  5.63596e-23,  3.14356e-21,  5.00663e-10])
225980  , -79089.4    , array([ 0.494025   ,  0.0940306  ,  5.63596e-23,  3.14042e-21,  5.01164e-10])
225981  , -79089.4    , array([ 0.491017   ,  0.0898571  ,  5.63596e-23,  3.14042e-21,  5.27187e-10])
225982  , -79089.4    , array([ 0.491017   ,  0.0898571  ,  5.63596e-23,  3.14042e-21,  5.27187e-10])
225983  , -79089.4    , array([ 0.491508   ,  0.0898571  ,  5.63596e-23,  3.14042e-21,  5.27187e-10])
225984  , -79089.4    , array([ 0.491017   ,  0.089947   ,  5.63596e-23,  3.14042e-21,  5.27187e-10])
225985  , -79089.4    , array([ 0.491017   ,  0.0898571  ,  5.6416e-23 ,  3.14042e-21,  5.27187e-10])
225986  , -79089.4    , array([ 0.491017   ,  0.0898571  ,  5.63596e-23,  3.14356e-21,  5.27187e-10])
225987  , -79089.4    , array([ 0.491017   ,  0.0898571  ,  5.63596e-23,  3.14042e-21,  5.27715e-10])
225988  , -79089.4    , array([ 0.485055   ,  0.0820577  ,  5.63596e-23,  3.14042e-21,  5.84526e-10])
225989  , -79089.4    , array([ 0.485055   ,  0.0820577  ,  5.63596e-23,  3.14042e-21,  5.84526e-10])
225990  , -79089.4    , array([ 0.485541   ,  0.0820577  ,  5.63596e-23,  3.14042e-21,  5.84526e-10])
225991  , -79089.4    , array([ 0.485055   ,  0.0821398  ,  5.63596e-23,  3.14042e-21,  5.84526e-10])
225992  , -79089.4    , array([ 0.485055   ,  0.0820577  ,  5.6416e-23 ,  3.14042e-21,  5.84526e-10])
225993  , -79089.4    , array([ 0.485055   ,  0.0820577  ,  5.63596e-23,  3.14356e-21,  5.84526e-10])
225994  , -79089.4    , array([ 0.485055   ,  0.0820577  ,  5.63596e-23,  3.14042e-21,  5.8511e-10 ])
225995  , -79089.4    , array([ 0.473349   ,  0.068431   ,  5.63596e-23,  3.14042e-21,  7.18589e-10])
225996  , -79089.4    , array([ 0.473349   ,  0.068431   ,  5.63596e-23,  3.14042e-21,  7.18589e-10])
225997  , -79089.4    , array([ 0.473822   ,  0.068431   ,  5.63596e-23,  3.14042e-21,  7.18589e-10])
225998  , -79089.4    , array([ 0.473349   ,  0.0684994  ,  5.63596e-23,  3.14042e-21,  7.18589e-10])
225999  , -79089.4    , array([ 0.473349   ,  0.068431   ,  5.6416e-23 ,  3.14042e-21,  7.18589e-10])
226000  , -79089.4    , array([ 0.473349   ,  0.068431   ,  5.63596e-23,  3.14356e-21,  7.18589e-10])
226001  , -79089.4    , array([ 0.473349   ,  0.068431   ,  5.63596e-23,  3.14042e-21,  7.19308e-10])
226002  , -79089.4    , array([ 0.450776   ,  0.0475904  ,  5.63596e-23,  3.14042e-21,  1.08601e-09])
226003  , -79089.4    , array([ 0.450776   ,  0.0475904  ,  5.63596e-23,  3.14042e-21,  1.08601e-09])
226004  , -79089.4    , array([ 0.451227   ,  0.0475904  ,  5.63596e-23,  3.14042e-21,  1.08601e-09])
226005  , -79089.4    , array([ 0.450776   ,  0.0476381  ,  5.63596e-23,  3.14042e-21,  1.08601e-09])
226006  , -79089.4    , array([ 0.450776   ,  0.0475904  ,  5.6416e-23 ,  3.14042e-21,  1.08601e-09])
226007  , -79089.4    , array([ 0.450776   ,  0.0475904  ,  5.63596e-23,  3.14356e-21,  1.08601e-09])
226008  , -79089.4    , array([ 0.450776   ,  0.0475904  ,  5.63596e-23,  3.14042e-21,  1.0871e-09 ])
226009  , -79089.3    , array([ 0.408808   ,  0.0230173  ,  5.63596e-23,  3.14042e-21,  2.48053e-09])
226010  , -79089.3    , array([ 0.408808   ,  0.0230173  ,  5.63596e-23,  3.14042e-21,  2.48053e-09])
226011  , -79089.3    , array([ 0.409217   ,  0.0230173  ,  5.63596e-23,  3.14042e-21,  2.48053e-09])
226012  , -79089.3    , array([ 0.408808   ,  0.0230403  ,  5.63596e-23,  3.14042e-21,  2.48053e-09])
226013  , -79089.3    , array([ 0.408808   ,  0.0230173  ,  5.6416e-23 ,  3.14042e-21,  2.48053e-09])
226014  , -79089.3    , array([ 0.408808   ,  0.0230173  ,  5.63596e-23,  3.14356e-21,  2.48053e-09])
226015  , -79089.3    , array([ 0.408808   ,  0.0230173  ,  5.63596e-23,  3.14042e-21,  2.48301e-09])
226016  , -79086.6    , array([ 0.336231   ,  0.00538421 ,  5.63596e-23,  3.14042e-21,  1.29409e-08])
226017  , -79086.6    , array([ 0.336231   ,  0.00538421 ,  5.63596e-23,  3.14042e-21,  1.29409e-08])
226018  , -79086.6    , array([ 0.336568   ,  0.00538421 ,  5.63596e-23,  3.14042e-21,  1.29409e-08])
226019  , -79086.6    , array([ 0.336231   ,  0.0053896  ,  5.63596e-23,  3.14042e-21,  1.29409e-08])
226020  , -79086.6    , array([ 0.336231   ,  0.00538421 ,  5.6416e-23 ,  3.14042e-21,  1.29409e-08])
226021  , -79086.6    , array([ 0.336231   ,  0.00538421 ,  5.63596e-23,  3.14356e-21,  1.29409e-08])
226022  , -79086.6    , array([ 0.336231   ,  0.00538421 ,  5.63596e-23,  3.14042e-21,  1.29538e-08])
