37187   , -57810.6    , array([ 2.89497    ,  0.713246   ,  7.47225e-07,  1.03022e-27,  0.0137455  ])
37188   , -57813      , array([ 2.89787    ,  0.713246   ,  7.47225e-07,  1.03022e-27,  0.0137455  ])
37189   , -57825.4    , array([ 2.89497    ,  0.713959   ,  7.47225e-07,  1.03022e-27,  0.0137455  ])
37190   , -57810.6    , array([ 2.89497    ,  0.713246   ,  7.47972e-07,  1.03022e-27,  0.0137455  ])
37191   , -57810.6    , array([ 2.89497    ,  0.713246   ,  7.47225e-07,  1.03125e-27,  0.0137455  ])
37192   , -57793.6    , array([ 2.89497    ,  0.713246   ,  7.47225e-07,  1.03022e-27,  0.0137592  ])
37193   , -57810.6    , array([ 2.89497    ,  0.713246   ,  7.47225e-07,  1.03022e-27,  0.0137455  ])
37194   , -26552.1    , array([ 2.59824    ,  0.367479   ,  7.47225e-07,  1.03022e-27,  0.0292179  ])
37195   , -26552.1    , array([ 2.59824    ,  0.367479   ,  7.47225e-07,  1.03022e-27,  0.0292179  ])
37196   , -26554.2    , array([ 2.60084    ,  0.367479   ,  7.47225e-07,  1.03022e-27,  0.0292179  ])
37197   , -26576.7    , array([ 2.59824    ,  0.367846   ,  7.47225e-07,  1.03022e-27,  0.0292179  ])
37198   , -26552.1    , array([ 2.59824    ,  0.367479   ,  7.47972e-07,  1.03022e-27,  0.0292179  ])
37199   , -26552.1    , array([ 2.59824    ,  0.367479   ,  7.47225e-07,  1.03125e-27,  0.0292179  ])
37200   , -26526.7    , array([ 2.59824    ,  0.367479   ,  7.47225e-07,  1.03022e-27,  0.0292471  ])
37201   , -756151     , array([ 1.68586    ,  0.0258943  ,  7.47225e-07,  1.03022e-27,  0.596492   ])
37202   , -756151     , array([ 1.68586    ,  0.0258943  ,  7.47225e-07,  1.03022e-27,  0.596492   ])
37203   , -756162     , array([ 1.68754    ,  0.0258943  ,  7.47225e-07,  1.03022e-27,  0.596492   ])
37204   , -755619     , array([ 1.68586    ,  0.0259202  ,  7.47225e-07,  1.03022e-27,  0.596492   ])
37205   , -756138     , array([ 1.68586    ,  0.0258943  ,  7.47972e-07,  1.03022e-27,  0.596492   ])
37206   , -756151     , array([ 1.68586    ,  0.0258943  ,  7.47225e-07,  1.03125e-27,  0.596492   ])
37207   , -756658     , array([ 1.68586    ,  0.0258943  ,  7.47225e-07,  1.03022e-27,  0.597089   ])
37208   , -3931.74    , array([ 2.37342    ,  0.21096    ,  7.47225e-07,  1.03022e-27,  0.0549191  ])
37209   , -3931.74    , array([ 2.37342    ,  0.21096    ,  7.47225e-07,  1.03022e-27,  0.0549191  ])
37210   , -3932.27    , array([ 2.3758     ,  0.21096    ,  7.47225e-07,  1.03022e-27,  0.0549191  ])
37211   , -3941       , array([ 2.37342    ,  0.211171   ,  7.47225e-07,  1.03022e-27,  0.0549191  ])
37212   , -3931.74    , array([ 2.37342    ,  0.21096    ,  7.47972e-07,  1.03022e-27,  0.0549191  ])
37213   , -3931.74    , array([ 2.37342    ,  0.21096    ,  7.47225e-07,  1.03125e-27,  0.0549191  ])
37214   , -3924.51    , array([ 2.37342    ,  0.21096    ,  7.47225e-07,  1.03022e-27,  0.054974   ])
37222   , -3912.12    , array([ 2.37629    ,  0.210182   ,  7.47225e-07,  1.03022e-27,  0.0548144  ])
37223   , -3912.12    , array([ 2.37629    ,  0.210182   ,  7.47225e-07,  1.03022e-27,  0.0548144  ])
37224   , -3912.65    , array([ 2.37867    ,  0.210182   ,  7.47225e-07,  1.03022e-27,  0.0548144  ])
37225   , -3921.33    , array([ 2.37629    ,  0.210393   ,  7.47225e-07,  1.03022e-27,  0.0548144  ])
37226   , -3912.12    , array([ 2.37629    ,  0.210182   ,  7.47972e-07,  1.03022e-27,  0.0548144  ])
37227   , -3912.12    , array([ 2.37629    ,  0.210182   ,  7.47225e-07,  1.03125e-27,  0.0548144  ])
37228   , -3904.92    , array([ 2.37629    ,  0.210182   ,  7.47225e-07,  1.03022e-27,  0.0548692  ])
37229   , -1945.53    , array([ 3.16575    ,  0.0875088  ,  7.47225e-07,  1.03022e-27,  0.0348553  ])
37230   , -1945.53    , array([ 3.16575    ,  0.0875088  ,  7.47225e-07,  1.03022e-27,  0.0348553  ])
37231   , -1945.74    , array([ 3.16892    ,  0.0875088  ,  7.47225e-07,  1.03022e-27,  0.0348553  ])
37232   , -1942.77    , array([ 3.16575    ,  0.0875963  ,  7.47225e-07,  1.03022e-27,  0.0348553  ])
37233   , -1945.53    , array([ 3.16575    ,  0.0875088  ,  7.47972e-07,  1.03022e-27,  0.0348553  ])
37234   , -1945.53    , array([ 3.16575    ,  0.0875088  ,  7.47225e-07,  1.03125e-27,  0.0348553  ])
37235   , -1948.84    , array([ 3.16575    ,  0.0875088  ,  7.47225e-07,  1.03022e-27,  0.0348902  ])
37236   , -72524.9    , array([ 0.00464173 ,  0.0126667  ,  7.47226e-07,  1.03022e-27,  0.00315799 ])
37237   , -72524.9    , array([ 0.00464173 ,  0.0126667  ,  7.47226e-07,  1.03022e-27,  0.00315799 ])
37238   , -72457.8    , array([ 0.00464637 ,  0.0126667  ,  7.47226e-07,  1.03022e-27,  0.00315799 ])
37239   , -72543.4    , array([ 0.00464173 ,  0.0126794  ,  7.47226e-07,  1.03022e-27,  0.00315799 ])
37240   , -72524.9    , array([ 0.00464173 ,  0.0126667  ,  7.47973e-07,  1.03022e-27,  0.00315799 ])
37241   , -72524.9    , array([ 0.00464173 ,  0.0126667  ,  7.47226e-07,  1.03125e-27,  0.00315799 ])
37242   , -72572      , array([ 0.00464173 ,  0.0126667  ,  7.47226e-07,  1.03022e-27,  0.00316115 ])
37243   , -1705.96    , array([ 0.93009    ,  0.0608813  ,  7.47225e-07,  1.03022e-27,  0.0222078  ])
37244   , -1705.96    , array([ 0.93009    ,  0.0608813  ,  7.47225e-07,  1.03022e-27,  0.0222078  ])
37245   , -1705.62    , array([ 0.93102    ,  0.0608813  ,  7.47225e-07,  1.03022e-27,  0.0222078  ])
37246   , -1705.22    , array([ 0.93009    ,  0.0609422  ,  7.47225e-07,  1.03022e-27,  0.0222078  ])
37247   , -1705.96    , array([ 0.93009    ,  0.0608813  ,  7.47973e-07,  1.03022e-27,  0.0222078  ])
37248   , -1705.96    , array([ 0.93009    ,  0.0608813  ,  7.47225e-07,  1.03125e-27,  0.0222078  ])
37249   , -1706.81    , array([ 0.93009    ,  0.0608813  ,  7.47225e-07,  1.03022e-27,  0.0222301  ])
37250   , -1669.68    , array([ 1.86499    ,  0.0583597  ,  7.47267e-07,  1.03022e-27,  0.0207905  ])
37251   , -1669.68    , array([ 1.86499    ,  0.0583597  ,  7.47267e-07,  1.03022e-27,  0.0207905  ])
37252   , -1669.79    , array([ 1.86686    ,  0.0583597  ,  7.47267e-07,  1.03022e-27,  0.0207905  ])
37253   , -1669.82    , array([ 1.86499    ,  0.0584181  ,  7.47267e-07,  1.03022e-27,  0.0207905  ])
37254   , -1669.68    , array([ 1.86499    ,  0.0583597  ,  7.48015e-07,  1.03022e-27,  0.0207905  ])
37255   , -1669.68    , array([ 1.86499    ,  0.0583597  ,  7.47267e-07,  1.03125e-27,  0.0207905  ])
37256   , -1669.37    , array([ 1.86499    ,  0.0583597  ,  7.47267e-07,  1.03022e-27,  0.0208113  ])
37257   , -1641.98    , array([ 1.64539    ,  0.0639162  ,  7.47277e-07,  1.03022e-27,  0.0228958  ])
37258   , -1641.98    , array([ 1.64539    ,  0.0639162  ,  7.47277e-07,  1.03022e-27,  0.0228958  ])
37259   , -1642.05    , array([ 1.64704    ,  0.0639162  ,  7.47277e-07,  1.03022e-27,  0.0228958  ])
37260   , -1641.98    , array([ 1.64539    ,  0.0639802  ,  7.47277e-07,  1.03022e-27,  0.0228958  ])
37261   , -1641.98    , array([ 1.64539    ,  0.0639162  ,  7.48024e-07,  1.03022e-27,  0.0228958  ])
37262   , -1641.98    , array([ 1.64539    ,  0.0639162  ,  7.47277e-07,  1.03125e-27,  0.0228958  ])
37263   , -1641.9     , array([ 1.64539    ,  0.0639162  ,  7.47277e-07,  1.03022e-27,  0.0229187  ])
37264   , -1635.81    , array([ 1.31616    ,  0.0703267  ,  7.47319e-07,  1.03022e-27,  0.0252046  ])
37265   , -1635.81    , array([ 1.31616    ,  0.0703267  ,  7.47319e-07,  1.03022e-27,  0.0252046  ])
37266   , -1635.74    , array([ 1.31747    ,  0.0703267  ,  7.47319e-07,  1.03022e-27,  0.0252046  ])
37267   , -1635.78    , array([ 1.31616    ,  0.0703971  ,  7.47319e-07,  1.03022e-27,  0.0252046  ])
37268   , -1635.81    , array([ 1.31616    ,  0.0703267  ,  7.48066e-07,  1.03022e-27,  0.0252046  ])
37269   , -1635.81    , array([ 1.31616    ,  0.0703267  ,  7.47319e-07,  1.03125e-27,  0.0252046  ])
37270   , -1635.92    , array([ 1.31616    ,  0.0703267  ,  7.47319e-07,  1.03022e-27,  0.0252298  ])
37271   , -1633       , array([ 1.46959    ,  0.067084   ,  7.47298e-07,  1.03022e-27,  0.0240365  ])
37272   , -1633       , array([ 1.46959    ,  0.067084   ,  7.47298e-07,  1.03022e-27,  0.0240365  ])
37273   , -1633.01    , array([ 1.47106    ,  0.067084   ,  7.47298e-07,  1.03022e-27,  0.0240365  ])
37274   , -1632.99    , array([ 1.46959    ,  0.0671511  ,  7.47298e-07,  1.03022e-27,  0.0240365  ])
37275   , -1633       , array([ 1.46959    ,  0.067084   ,  7.48046e-07,  1.03022e-27,  0.0240365  ])
37276   , -1633       , array([ 1.46959    ,  0.067084   ,  7.47298e-07,  1.03125e-27,  0.0240365  ])
37277   , -1633       , array([ 1.46959    ,  0.067084   ,  7.47298e-07,  1.03022e-27,  0.0240606  ])
37278   , -1632.5     , array([ 1.42742    ,  0.0677817  ,  7.47333e-07,  1.03022e-27,  0.024274   ])
37279   , -1632.5     , array([ 1.42742    ,  0.0677817  ,  7.47333e-07,  1.03022e-27,  0.024274   ])
37280   , -1632.49    , array([ 1.42885    ,  0.0677817  ,  7.47333e-07,  1.03022e-27,  0.024274   ])
37281   , -1632.49    , array([ 1.42742    ,  0.0678495  ,  7.47333e-07,  1.03022e-27,  0.024274   ])
37282   , -1632.5     , array([ 1.42742    ,  0.0677817  ,  7.48081e-07,  1.03022e-27,  0.024274   ])
37283   , -1632.5     , array([ 1.42742    ,  0.0677817  ,  7.47333e-07,  1.03125e-27,  0.024274   ])
37284   , -1632.5     , array([ 1.42742    ,  0.0677817  ,  7.47333e-07,  1.03022e-27,  0.0242983  ])
37285   , -1632.54    , array([ 1.43689    ,  0.0676462  ,  7.47355e-07,  1.03022e-27,  0.0242249  ])
37286   , -1632.54    , array([ 1.43689    ,  0.0676462  ,  7.47355e-07,  1.03022e-27,  0.0242249  ])
37287   , -1632.54    , array([ 1.43832    ,  0.0676462  ,  7.47355e-07,  1.03022e-27,  0.0242249  ])
37288   , -1632.54    , array([ 1.43689    ,  0.0677139  ,  7.47355e-07,  1.03022e-27,  0.0242249  ])
37289   , -1632.54    , array([ 1.43689    ,  0.0676462  ,  7.48103e-07,  1.03022e-27,  0.0242249  ])
37290   , -1632.54    , array([ 1.43689    ,  0.0676462  ,  7.47355e-07,  1.03125e-27,  0.0242249  ])
37291   , -1632.54    , array([ 1.43689    ,  0.0676462  ,  7.47355e-07,  1.03022e-27,  0.0242491  ])
37292   , -1632.5     , array([ 1.42836    ,  0.0677681  ,  7.47335e-07,  1.03022e-27,  0.0242691  ])
37293   , -1632.5     , array([ 1.42836    ,  0.0677681  ,  7.47335e-07,  1.03022e-27,  0.0242691  ])
37294   , -1632.49    , array([ 1.42979    ,  0.0677681  ,  7.47335e-07,  1.03022e-27,  0.0242691  ])
37295   , -1632.5     , array([ 1.42836    ,  0.0678359  ,  7.47335e-07,  1.03022e-27,  0.0242691  ])
37296   , -1632.5     , array([ 1.42836    ,  0.0677681  ,  7.48083e-07,  1.03022e-27,  0.0242691  ])
37297   , -1632.5     , array([ 1.42836    ,  0.0677681  ,  7.47335e-07,  1.03125e-27,  0.0242691  ])
37298   , -1632.5     , array([ 1.42836    ,  0.0677681  ,  7.47335e-07,  1.03022e-27,  0.0242934  ])
37299   , -1632.5     , array([ 1.42753    ,  0.0677801  ,  7.47333e-07,  1.03022e-27,  0.0242735  ])
37300   , -1632.5     , array([ 1.42753    ,  0.0677801  ,  7.47333e-07,  1.03022e-27,  0.0242735  ])
37301   , -1632.49    , array([ 1.42895    ,  0.0677801  ,  7.47333e-07,  1.03022e-27,  0.0242735  ])
37302   , -1632.49    , array([ 1.42753    ,  0.067848   ,  7.47333e-07,  1.03022e-27,  0.0242735  ])
37303   , -1632.5     , array([ 1.42753    ,  0.0677801  ,  7.48081e-07,  1.03022e-27,  0.0242735  ])
37304   , -1632.5     , array([ 1.42753    ,  0.0677801  ,  7.47333e-07,  1.03125e-27,  0.0242735  ])
37305   , -1632.5     , array([ 1.42753    ,  0.0677801  ,  7.47333e-07,  1.03022e-27,  0.0242978  ])
37306   , -1632.5     , array([ 1.42743    ,  0.0677815  ,  7.47333e-07,  1.03022e-27,  0.024274   ])
37307   , -1632.5     , array([ 1.42743    ,  0.0677815  ,  7.47333e-07,  1.03022e-27,  0.024274   ])
37308   , -1632.49    , array([ 1.42886    ,  0.0677815  ,  7.47333e-07,  1.03022e-27,  0.024274   ])
37309   , -1632.49    , array([ 1.42743    ,  0.0678493  ,  7.47333e-07,  1.03022e-27,  0.024274   ])
37310   , -1632.5     , array([ 1.42743    ,  0.0677815  ,  7.48081e-07,  1.03022e-27,  0.024274   ])
37311   , -1632.5     , array([ 1.42743    ,  0.0677815  ,  7.47333e-07,  1.03125e-27,  0.024274   ])
37312   , -1632.5     , array([ 1.42743    ,  0.0677815  ,  7.47333e-07,  1.03022e-27,  0.0242983  ])
37313   , -1632.5     , array([ 1.42742    ,  0.0677816  ,  7.47333e-07,  1.03022e-27,  0.024274   ])
37314   , -1632.5     , array([ 1.42742    ,  0.0677816  ,  7.47333e-07,  1.03022e-27,  0.024274   ])
37315   , -1632.49    , array([ 1.42885    ,  0.0677816  ,  7.47333e-07,  1.03022e-27,  0.024274   ])
37316   , -1632.49    , array([ 1.42742    ,  0.0678495  ,  7.47333e-07,  1.03022e-27,  0.024274   ])
37317   , -1632.5     , array([ 1.42742    ,  0.0677816  ,  7.48081e-07,  1.03022e-27,  0.024274   ])
37318   , -1632.5     , array([ 1.42742    ,  0.0677816  ,  7.47333e-07,  1.03125e-27,  0.024274   ])
37319   , -1632.5     , array([ 1.42742    ,  0.0677816  ,  7.47333e-07,  1.03022e-27,  0.0242983  ])
37320   , -1632.5     , array([ 1.42742    ,  0.0677817  ,  7.47333e-07,  1.03022e-27,  0.024274   ])
37321   , -1632.5     , array([ 1.42742    ,  0.0677817  ,  7.47333e-07,  1.03022e-27,  0.024274   ])
37322   , -1632.49    , array([ 1.42885    ,  0.0677817  ,  7.47333e-07,  1.03022e-27,  0.024274   ])
37323   , -1632.49    , array([ 1.42742    ,  0.0678495  ,  7.47333e-07,  1.03022e-27,  0.024274   ])
37324   , -1632.5     , array([ 1.42742    ,  0.0677817  ,  7.48081e-07,  1.03022e-27,  0.024274   ])
37325   , -1632.5     , array([ 1.42742    ,  0.0677817  ,  7.47333e-07,  1.03125e-27,  0.024274   ])
37326   , -1632.5     , array([ 1.42742    ,  0.0677817  ,  7.47333e-07,  1.03022e-27,  0.0242983  ])
37327   , -1632.5     , array([ 1.42742    ,  0.0677817  ,  7.47333e-07,  1.03022e-27,  0.024274   ])
37328   , -1632.5     , array([ 1.42742    ,  0.0677817  ,  7.47333e-07,  1.03022e-27,  0.024274   ])
37329   , -1632.49    , array([ 1.42885    ,  0.0677817  ,  7.47333e-07,  1.03022e-27,  0.024274   ])
37330   , -1632.49    , array([ 1.42742    ,  0.0678495  ,  7.47333e-07,  1.03022e-27,  0.024274   ])
37331   , -1632.5     , array([ 1.42742    ,  0.0677817  ,  7.48081e-07,  1.03022e-27,  0.024274   ])
37332   , -1632.5     , array([ 1.42742    ,  0.0677817  ,  7.47333e-07,  1.03125e-27,  0.024274   ])
37333   , -1632.5     , array([ 1.42742    ,  0.0677817  ,  7.47333e-07,  1.03022e-27,  0.0242983  ])
37334   , -1632.5     , array([ 1.42742    ,  0.0677817  ,  7.47333e-07,  1.03022e-27,  0.024274   ])
37335   , -1632.5     , array([ 1.42742    ,  0.0677817  ,  7.47333e-07,  1.03022e-27,  0.024274   ])
37336   , -1632.49    , array([ 1.42885    ,  0.0677817  ,  7.47333e-07,  1.03022e-27,  0.024274   ])
37337   , -1632.49    , array([ 1.42742    ,  0.0678495  ,  7.47333e-07,  1.03022e-27,  0.024274   ])
37338   , -1632.5     , array([ 1.42742    ,  0.0677817  ,  7.48081e-07,  1.03022e-27,  0.024274   ])
37339   , -1632.5     , array([ 1.42742    ,  0.0677817  ,  7.47333e-07,  1.03125e-27,  0.024274   ])
37340   , -1632.5     , array([ 1.42742    ,  0.0677817  ,  7.47333e-07,  1.03022e-27,  0.0242983  ])
37341   , -1632.5     , array([ 1.42742    ,  0.0677817  ,  7.47333e-07,  1.03022e-27,  0.024274   ])
37342   , -1632.5     , array([ 1.42742    ,  0.0677817  ,  7.47333e-07,  1.03022e-27,  0.024274   ])
37343   , -1632.49    , array([ 1.42885    ,  0.0677817  ,  7.47333e-07,  1.03022e-27,  0.024274   ])
37344   , -1632.49    , array([ 1.42742    ,  0.0678495  ,  7.47333e-07,  1.03022e-27,  0.024274   ])
37345   , -1632.5     , array([ 1.42742    ,  0.0677817  ,  7.48081e-07,  1.03022e-27,  0.024274   ])
37346   , -1632.5     , array([ 1.42742    ,  0.0677817  ,  7.47333e-07,  1.03125e-27,  0.024274   ])
37347   , -1632.5     , array([ 1.42742    ,  0.0677817  ,  7.47333e-07,  1.03022e-27,  0.0242983  ])
37348   , -1632.5     , array([ 1.42742    ,  0.0677817  ,  7.47333e-07,  1.03022e-27,  0.024274   ])
37349   , -1632.5     , array([ 1.42742    ,  0.0677817  ,  7.47333e-07,  1.03022e-27,  0.024274   ])
37350   , -1632.49    , array([ 1.42885    ,  0.0677817  ,  7.47333e-07,  1.03022e-27,  0.024274   ])
37351   , -1632.49    , array([ 1.42742    ,  0.0678495  ,  7.47333e-07,  1.03022e-27,  0.024274   ])
37352   , -1632.5     , array([ 1.42742    ,  0.0677817  ,  7.48081e-07,  1.03022e-27,  0.024274   ])
37353   , -1632.5     , array([ 1.42742    ,  0.0677817  ,  7.47333e-07,  1.03125e-27,  0.024274   ])
37354   , -1632.5     , array([ 1.42742    ,  0.0677817  ,  7.47333e-07,  1.03022e-27,  0.0242983  ])
37355   , -1632.5     , array([ 1.42742    ,  0.0677817  ,  7.47333e-07,  1.03022e-27,  0.024274   ])
37356   , -1632.5     , array([ 1.42742    ,  0.0677817  ,  7.47333e-07,  1.03022e-27,  0.024274   ])
37357   , -1632.49    , array([ 1.42885    ,  0.0677817  ,  7.47333e-07,  1.03022e-27,  0.024274   ])
37358   , -1632.49    , array([ 1.42742    ,  0.0678495  ,  7.47333e-07,  1.03022e-27,  0.024274   ])
37359   , -1632.5     , array([ 1.42742    ,  0.0677817  ,  7.48081e-07,  1.03022e-27,  0.024274   ])
37360   , -1632.5     , array([ 1.42742    ,  0.0677817  ,  7.47333e-07,  1.03125e-27,  0.024274   ])
37361   , -1632.5     , array([ 1.42742    ,  0.0677817  ,  7.47333e-07,  1.03022e-27,  0.0242983  ])
37362   , -1632.5     , array([ 1.42742    ,  0.0677817  ,  7.47333e-07,  1.03022e-27,  0.024274   ])
37363   , -1632.5     , array([ 1.42742    ,  0.0677817  ,  7.47333e-07,  1.03022e-27,  0.024274   ])
37364   , -1632.49    , array([ 1.42885    ,  0.0677817  ,  7.47333e-07,  1.03022e-27,  0.024274   ])
37365   , -1632.49    , array([ 1.42742    ,  0.0678495  ,  7.47333e-07,  1.03022e-27,  0.024274   ])
37366   , -1632.5     , array([ 1.42742    ,  0.0677817  ,  7.48081e-07,  1.03022e-27,  0.024274   ])
37367   , -1632.5     , array([ 1.42742    ,  0.0677817  ,  7.47333e-07,  1.03125e-27,  0.024274   ])
37368   , -1632.5     , array([ 1.42742    ,  0.0677817  ,  7.47333e-07,  1.03022e-27,  0.0242983  ])
37369   , -1632.5     , array([ 1.42742    ,  0.0677817  ,  7.47333e-07,  1.03022e-27,  0.024274   ])
37370   , -1632.5     , array([ 1.42742    ,  0.0677817  ,  7.47333e-07,  1.03022e-27,  0.024274   ])
37371   , -1632.49    , array([ 1.42885    ,  0.0677817  ,  7.47333e-07,  1.03022e-27,  0.024274   ])
37372   , -1632.49    , array([ 1.42742    ,  0.0678495  ,  7.47333e-07,  1.03022e-27,  0.024274   ])
37373   , -1632.5     , array([ 1.42742    ,  0.0677817  ,  7.48081e-07,  1.03022e-27,  0.024274   ])
37374   , -1632.5     , array([ 1.42742    ,  0.0677817  ,  7.47333e-07,  1.03125e-27,  0.024274   ])
37375   , -1632.5     , array([ 1.42742    ,  0.0677817  ,  7.47333e-07,  1.03022e-27,  0.0242983  ])
37376   , -1632.5     , array([ 1.42742    ,  0.0677817  ,  7.47333e-07,  1.03022e-27,  0.024274   ])
37377   , -1632.5     , array([ 1.42742    ,  0.0677817  ,  7.47333e-07,  1.03022e-27,  0.024274   ])
37378   , -1632.49    , array([ 1.42885    ,  0.0677817  ,  7.47333e-07,  1.03022e-27,  0.024274   ])
37379   , -1632.49    , array([ 1.42742    ,  0.0678495  ,  7.47333e-07,  1.03022e-27,  0.024274   ])
37380   , -1632.5     , array([ 1.42742    ,  0.0677817  ,  7.48081e-07,  1.03022e-27,  0.024274   ])
37381   , -1632.5     , array([ 1.42742    ,  0.0677817  ,  7.47333e-07,  1.03125e-27,  0.024274   ])
37382   , -1632.5     , array([ 1.42742    ,  0.0677817  ,  7.47333e-07,  1.03022e-27,  0.0242983  ])
37383   , -1632.5     , array([ 1.42742    ,  0.0677817  ,  7.47333e-07,  1.03022e-27,  0.024274   ])
37384   , -1632.5     , array([ 1.42742    ,  0.0677817  ,  7.47333e-07,  1.03022e-27,  0.024274   ])
37385   , -1632.49    , array([ 1.42885    ,  0.0677817  ,  7.47333e-07,  1.03022e-27,  0.024274   ])
37386   , -1632.49    , array([ 1.42742    ,  0.0678495  ,  7.47333e-07,  1.03022e-27,  0.024274   ])
37387   , -1632.5     , array([ 1.42742    ,  0.0677817  ,  7.48081e-07,  1.03022e-27,  0.024274   ])
37388   , -1632.5     , array([ 1.42742    ,  0.0677817  ,  7.47333e-07,  1.03125e-27,  0.024274   ])
37389   , -1632.5     , array([ 1.42742    ,  0.0677817  ,  7.47333e-07,  1.03022e-27,  0.0242983  ])
37390   , -1632.5     , array([ 1.42742    ,  0.0677817  ,  7.47333e-07,  1.03022e-27,  0.024274   ])
37391   , -1632.5     , array([ 1.42742    ,  0.0677817  ,  7.47333e-07,  1.03022e-27,  0.024274   ])
37392   , -1632.49    , array([ 1.42885    ,  0.0677817  ,  7.47333e-07,  1.03022e-27,  0.024274   ])
37393   , -1632.49    , array([ 1.42742    ,  0.0678495  ,  7.47333e-07,  1.03022e-27,  0.024274   ])
37394   , -1632.5     , array([ 1.42742    ,  0.0677817  ,  7.48081e-07,  1.03022e-27,  0.024274   ])
37395   , -1632.5     , array([ 1.42742    ,  0.0677817  ,  7.47333e-07,  1.03125e-27,  0.024274   ])
37396   , -1632.5     , array([ 1.42742    ,  0.0677817  ,  7.47333e-07,  1.03022e-27,  0.0242983  ])
37397   , -1632.5     , array([ 1.42742    ,  0.0677817  ,  7.47333e-07,  1.03022e-27,  0.024274   ])
37398   , -1632.5     , array([ 1.42742    ,  0.0677817  ,  7.47333e-07,  1.03022e-27,  0.024274   ])
37399   , -1632.49    , array([ 1.42885    ,  0.0677817  ,  7.47333e-07,  1.03022e-27,  0.024274   ])
37400   , -1632.49    , array([ 1.42742    ,  0.0678495  ,  7.47333e-07,  1.03022e-27,  0.024274   ])
37401   , -1632.5     , array([ 1.42742    ,  0.0677817  ,  7.48081e-07,  1.03022e-27,  0.024274   ])
37402   , -1632.5     , array([ 1.42742    ,  0.0677817  ,  7.47333e-07,  1.03125e-27,  0.024274   ])
37403   , -1632.5     , array([ 1.42742    ,  0.0677817  ,  7.47333e-07,  1.03022e-27,  0.0242983  ])
37404   , -1632.5     , array([ 1.42742    ,  0.0677817  ,  7.47333e-07,  1.03022e-27,  0.024274   ])
37405   , -1632.5     , array([ 1.42742    ,  0.0677817  ,  7.47333e-07,  1.03022e-27,  0.024274   ])
37406   , -1632.49    , array([ 1.42885    ,  0.0677817  ,  7.47333e-07,  1.03022e-27,  0.024274   ])
37407   , -1632.49    , array([ 1.42742    ,  0.0678495  ,  7.47333e-07,  1.03022e-27,  0.024274   ])
37408   , -1632.5     , array([ 1.42742    ,  0.0677817  ,  7.48081e-07,  1.03022e-27,  0.024274   ])
37409   , -1632.5     , array([ 1.42742    ,  0.0677817  ,  7.47333e-07,  1.03125e-27,  0.024274   ])
37410   , -1632.5     , array([ 1.42742    ,  0.0677817  ,  7.47333e-07,  1.03022e-27,  0.0242983  ])
37411   , -1632.5     , array([ 1.42742    ,  0.0677817  ,  7.47333e-07,  1.03022e-27,  0.024274   ])
37412   , -1632.5     , array([ 1.42742    ,  0.0677817  ,  7.47333e-07,  1.03022e-27,  0.024274   ])
37413   , -1632.49    , array([ 1.42885    ,  0.0677817  ,  7.47333e-07,  1.03022e-27,  0.024274   ])
37414   , -1632.49    , array([ 1.42742    ,  0.0678495  ,  7.47333e-07,  1.03022e-27,  0.024274   ])
37415   , -1632.5     , array([ 1.42742    ,  0.0677817  ,  7.48081e-07,  1.03022e-27,  0.024274   ])
37416   , -1632.5     , array([ 1.42742    ,  0.0677817  ,  7.47333e-07,  1.03125e-27,  0.024274   ])
37417   , -1632.5     , array([ 1.42742    ,  0.0677817  ,  7.47333e-07,  1.03022e-27,  0.0242983  ])
37418   , -1632.5     , array([ 1.42742    ,  0.0677817  ,  7.47333e-07,  1.03022e-27,  0.024274   ])
37419   , -1632.5     , array([ 1.42742    ,  0.0677817  ,  7.47333e-07,  1.03022e-27,  0.024274   ])
37420   , -1632.49    , array([ 1.42885    ,  0.0677817  ,  7.47333e-07,  1.03022e-27,  0.024274   ])
37421   , -1632.49    , array([ 1.42742    ,  0.0678495  ,  7.47333e-07,  1.03022e-27,  0.024274   ])
37422   , -1632.5     , array([ 1.42742    ,  0.0677817  ,  7.48081e-07,  1.03022e-27,  0.024274   ])
37423   , -1632.5     , array([ 1.42742    ,  0.0677817  ,  7.47333e-07,  1.03125e-27,  0.024274   ])
37424   , -1632.5     , array([ 1.42742    ,  0.0677817  ,  7.47333e-07,  1.03022e-27,  0.0242983  ])
37425   , -1632.5     , array([ 1.42742    ,  0.0677817  ,  7.47333e-07,  1.03022e-27,  0.024274   ])
37426   , -1632.5     , array([ 1.42742    ,  0.0677817  ,  7.47333e-07,  1.03022e-27,  0.024274   ])
37427   , -1632.49    , array([ 1.42885    ,  0.0677817  ,  7.47333e-07,  1.03022e-27,  0.024274   ])
37428   , -1632.49    , array([ 1.42742    ,  0.0678495  ,  7.47333e-07,  1.03022e-27,  0.024274   ])
37429   , -1632.5     , array([ 1.42742    ,  0.0677817  ,  7.48081e-07,  1.03022e-27,  0.024274   ])
37430   , -1632.5     , array([ 1.42742    ,  0.0677817  ,  7.47333e-07,  1.03125e-27,  0.024274   ])
37431   , -1632.5     , array([ 1.42742    ,  0.0677817  ,  7.47333e-07,  1.03022e-27,  0.0242983  ])
37432   , -1632.5     , array([ 1.42742    ,  0.0677817  ,  7.47333e-07,  1.03022e-27,  0.024274   ])
37433   , -1632.5     , array([ 1.42742    ,  0.0677817  ,  7.47333e-07,  1.03022e-27,  0.024274   ])
37434   , -1632.49    , array([ 1.42885    ,  0.0677817  ,  7.47333e-07,  1.03022e-27,  0.024274   ])
37435   , -1632.49    , array([ 1.42742    ,  0.0678495  ,  7.47333e-07,  1.03022e-27,  0.024274   ])
37436   , -1632.5     , array([ 1.42742    ,  0.0677817  ,  7.48081e-07,  1.03022e-27,  0.024274   ])
37437   , -1632.5     , array([ 1.42742    ,  0.0677817  ,  7.47333e-07,  1.03125e-27,  0.024274   ])
37438   , -1632.5     , array([ 1.42742    ,  0.0677817  ,  7.47333e-07,  1.03022e-27,  0.0242983  ])
37439   , -1632.5     , array([ 1.42742    ,  0.0677817  ,  7.47333e-07,  1.03022e-27,  0.024274   ])
37440   , -1632.5     , array([ 1.42742    ,  0.0677817  ,  7.47333e-07,  1.03022e-27,  0.024274   ])
37441   , -1632.49    , array([ 1.42885    ,  0.0677817  ,  7.47333e-07,  1.03022e-27,  0.024274   ])
37442   , -1632.49    , array([ 1.42742    ,  0.0678495  ,  7.47333e-07,  1.03022e-27,  0.024274   ])
37443   , -1632.5     , array([ 1.42742    ,  0.0677817  ,  7.48081e-07,  1.03022e-27,  0.024274   ])
37444   , -1632.5     , array([ 1.42742    ,  0.0677817  ,  7.47333e-07,  1.03125e-27,  0.024274   ])
37445   , -1632.5     , array([ 1.42742    ,  0.0677817  ,  7.47333e-07,  1.03022e-27,  0.0242983  ])
37446   , -1632.5     , array([ 1.42742    ,  0.0677817  ,  7.47333e-07,  1.03022e-27,  0.024274   ])
37447   , -1632.5     , array([ 1.42742    ,  0.0677817  ,  7.47333e-07,  1.03022e-27,  0.024274   ])
37448   , -1632.49    , array([ 1.42885    ,  0.0677817  ,  7.47333e-07,  1.03022e-27,  0.024274   ])
37449   , -1632.49    , array([ 1.42742    ,  0.0678495  ,  7.47333e-07,  1.03022e-27,  0.024274   ])
37450   , -1632.5     , array([ 1.42742    ,  0.0677817  ,  7.48081e-07,  1.03022e-27,  0.024274   ])
37451   , -1632.5     , array([ 1.42742    ,  0.0677817  ,  7.47333e-07,  1.03125e-27,  0.024274   ])
37452   , -1632.5     , array([ 1.42742    ,  0.0677817  ,  7.47333e-07,  1.03022e-27,  0.0242983  ])
37453   , -1632.5     , array([ 1.42742    ,  0.0677817  ,  7.47333e-07,  1.03022e-27,  0.024274   ])
37454   , -1632.5     , array([ 1.42742    ,  0.0677817  ,  7.47333e-07,  1.03022e-27,  0.024274   ])
37455   , -1632.49    , array([ 1.42885    ,  0.0677817  ,  7.47333e-07,  1.03022e-27,  0.024274   ])
37456   , -1632.49    , array([ 1.42742    ,  0.0678495  ,  7.47333e-07,  1.03022e-27,  0.024274   ])
37457   , -1632.5     , array([ 1.42742    ,  0.0677817  ,  7.48081e-07,  1.03022e-27,  0.024274   ])
37458   , -1632.5     , array([ 1.42742    ,  0.0677817  ,  7.47333e-07,  1.03125e-27,  0.024274   ])
37459   , -1632.5     , array([ 1.42742    ,  0.0677817  ,  7.47333e-07,  1.03022e-27,  0.0242983  ])
37460   , -1632.5     , array([ 1.42742    ,  0.0677817  ,  7.47333e-07,  1.03022e-27,  0.024274   ])
37461   , -1632.5     , array([ 1.42742    ,  0.0677817  ,  7.47333e-07,  1.03022e-27,  0.024274   ])
37462   , -1632.49    , array([ 1.42885    ,  0.0677817  ,  7.47333e-07,  1.03022e-27,  0.024274   ])
37463   , -1632.49    , array([ 1.42742    ,  0.0678495  ,  7.47333e-07,  1.03022e-27,  0.024274   ])
37464   , -1632.5     , array([ 1.42742    ,  0.0677817  ,  7.48081e-07,  1.03022e-27,  0.024274   ])
37465   , -1632.5     , array([ 1.42742    ,  0.0677817  ,  7.47333e-07,  1.03125e-27,  0.024274   ])
37466   , -1632.5     , array([ 1.42742    ,  0.0677817  ,  7.47333e-07,  1.03022e-27,  0.0242983  ])
37467   , -1632.5     , array([ 1.42742    ,  0.0677817  ,  7.47333e-07,  1.03022e-27,  0.024274   ])
37468   , -1632.5     , array([ 1.42742    ,  0.0677817  ,  7.47333e-07,  1.03022e-27,  0.024274   ])
37469   , -1632.49    , array([ 1.42885    ,  0.0677817  ,  7.47333e-07,  1.03022e-27,  0.024274   ])
37470   , -1632.49    , array([ 1.42742    ,  0.0678495  ,  7.47333e-07,  1.03022e-27,  0.024274   ])
37471   , -1632.5     , array([ 1.42742    ,  0.0677817  ,  7.48081e-07,  1.03022e-27,  0.024274   ])
37472   , -1632.5     , array([ 1.42742    ,  0.0677817  ,  7.47333e-07,  1.03125e-27,  0.024274   ])
37473   , -1632.5     , array([ 1.42742    ,  0.0677817  ,  7.47333e-07,  1.03022e-27,  0.0242983  ])
37474   , -1632.5     , array([ 1.42742    ,  0.0677817  ,  7.47333e-07,  1.03022e-27,  0.024274   ])
37475   , -1632.5     , array([ 1.42742    ,  0.0677817  ,  7.47333e-07,  1.03022e-27,  0.024274   ])
37476   , -1632.49    , array([ 1.42885    ,  0.0677817  ,  7.47333e-07,  1.03022e-27,  0.024274   ])
37477   , -1632.49    , array([ 1.42742    ,  0.0678495  ,  7.47333e-07,  1.03022e-27,  0.024274   ])
37478   , -1632.5     , array([ 1.42742    ,  0.0677817  ,  7.48081e-07,  1.03022e-27,  0.024274   ])
37479   , -1632.5     , array([ 1.42742    ,  0.0677817  ,  7.47333e-07,  1.03125e-27,  0.024274   ])
37480   , -1632.5     , array([ 1.42742    ,  0.0677817  ,  7.47333e-07,  1.03022e-27,  0.0242983  ])
37481   , -1632.5     , array([ 1.42742    ,  0.0677817  ,  7.47333e-07,  1.03022e-27,  0.024274   ])
37482   , -1632.5     , array([ 1.42742    ,  0.0677817  ,  7.47333e-07,  1.03022e-27,  0.024274   ])
37483   , -1632.49    , array([ 1.42885    ,  0.0677817  ,  7.47333e-07,  1.03022e-27,  0.024274   ])
37484   , -1632.49    , array([ 1.42742    ,  0.0678495  ,  7.47333e-07,  1.03022e-27,  0.024274   ])
37485   , -1632.5     , array([ 1.42742    ,  0.0677817  ,  7.48081e-07,  1.03022e-27,  0.024274   ])
37486   , -1632.5     , array([ 1.42742    ,  0.0677817  ,  7.47333e-07,  1.03125e-27,  0.024274   ])
37487   , -1632.5     , array([ 1.42742    ,  0.0677817  ,  7.47333e-07,  1.03022e-27,  0.0242983  ])
37488   , -1632.5     , array([ 1.42742    ,  0.0677817  ,  7.47333e-07,  1.03022e-27,  0.024274   ])
37489   , -1632.5     , array([ 1.42742    ,  0.0677817  ,  7.47333e-07,  1.03022e-27,  0.024274   ])
37490   , -1632.49    , array([ 1.42885    ,  0.0677817  ,  7.47333e-07,  1.03022e-27,  0.024274   ])
37491   , -1632.49    , array([ 1.42742    ,  0.0678495  ,  7.47333e-07,  1.03022e-27,  0.024274   ])
37492   , -1632.5     , array([ 1.42742    ,  0.0677817  ,  7.48081e-07,  1.03022e-27,  0.024274   ])
37493   , -1632.5     , array([ 1.42742    ,  0.0677817  ,  7.47333e-07,  1.03125e-27,  0.024274   ])
37494   , -1632.5     , array([ 1.42742    ,  0.0677817  ,  7.47333e-07,  1.03022e-27,  0.0242983  ])
37495   , -1632.5     , array([ 1.42742    ,  0.0677817  ,  7.47333e-07,  1.03022e-27,  0.024274   ])
37496   , -1632.5     , array([ 1.42742    ,  0.0677817  ,  7.47333e-07,  1.03022e-27,  0.024274   ])
37497   , -1632.49    , array([ 1.42885    ,  0.0677817  ,  7.47333e-07,  1.03022e-27,  0.024274   ])
37498   , -1632.49    , array([ 1.42742    ,  0.0678495  ,  7.47333e-07,  1.03022e-27,  0.024274   ])
37499   , -1632.5     , array([ 1.42742    ,  0.0677817  ,  7.48081e-07,  1.03022e-27,  0.024274   ])
37500   , -1632.5     , array([ 1.42742    ,  0.0677817  ,  7.47333e-07,  1.03125e-27,  0.024274   ])
37501   , -1632.5     , array([ 1.42742    ,  0.0677817  ,  7.47333e-07,  1.03022e-27,  0.0242983  ])
37502   , -1632.5     , array([ 1.42742    ,  0.0677817  ,  7.47333e-07,  1.03022e-27,  0.024274   ])
37503   , -1632.5     , array([ 1.42742    ,  0.0677817  ,  7.47333e-07,  1.03022e-27,  0.024274   ])
37504   , -1632.49    , array([ 1.42885    ,  0.0677817  ,  7.47333e-07,  1.03022e-27,  0.024274   ])
37505   , -1632.49    , array([ 1.42742    ,  0.0678495  ,  7.47333e-07,  1.03022e-27,  0.024274   ])
37506   , -1632.5     , array([ 1.42742    ,  0.0677817  ,  7.48081e-07,  1.03022e-27,  0.024274   ])
37507   , -1632.5     , array([ 1.42742    ,  0.0677817  ,  7.47333e-07,  1.03125e-27,  0.024274   ])
37508   , -1632.5     , array([ 1.42742    ,  0.0677817  ,  7.47333e-07,  1.03022e-27,  0.0242983  ])
37509   , -1632.5     , array([ 1.42742    ,  0.0677817  ,  7.47333e-07,  1.03022e-27,  0.024274   ])
37510   , -1632.5     , array([ 1.42742    ,  0.0677817  ,  7.47333e-07,  1.03022e-27,  0.024274   ])
37511   , -1632.49    , array([ 1.42885    ,  0.0677817  ,  7.47333e-07,  1.03022e-27,  0.024274   ])
37512   , -1632.49    , array([ 1.42742    ,  0.0678495  ,  7.47333e-07,  1.03022e-27,  0.024274   ])
37513   , -1632.5     , array([ 1.42742    ,  0.0677817  ,  7.48081e-07,  1.03022e-27,  0.024274   ])
37514   , -1632.5     , array([ 1.42742    ,  0.0677817  ,  7.47333e-07,  1.03125e-27,  0.024274   ])
37515   , -1632.5     , array([ 1.42742    ,  0.0677817  ,  7.47333e-07,  1.03022e-27,  0.0242983  ])
37516   , -1632.5     , array([ 1.42742    ,  0.0677817  ,  7.47333e-07,  1.03022e-27,  0.024274   ])
37517   , -1632.5     , array([ 1.42742    ,  0.0677817  ,  7.47333e-07,  1.03022e-27,  0.024274   ])
37518   , -1632.49    , array([ 1.42885    ,  0.0677817  ,  7.47333e-07,  1.03022e-27,  0.024274   ])
37519   , -1632.49    , array([ 1.42742    ,  0.0678495  ,  7.47333e-07,  1.03022e-27,  0.024274   ])
37520   , -1632.5     , array([ 1.42742    ,  0.0677817  ,  7.48081e-07,  1.03022e-27,  0.024274   ])
37521   , -1632.5     , array([ 1.42742    ,  0.0677817  ,  7.47333e-07,  1.03125e-27,  0.024274   ])
37522   , -1632.5     , array([ 1.42742    ,  0.0677817  ,  7.47333e-07,  1.03022e-27,  0.0242983  ])
37523   , -1632.5     , array([ 1.42742    ,  0.0677817  ,  7.47333e-07,  1.03022e-27,  0.024274   ])
37524   , -1632.5     , array([ 1.42742    ,  0.0677817  ,  7.47333e-07,  1.03022e-27,  0.024274   ])
37525   , -1632.49    , array([ 1.42885    ,  0.0677817  ,  7.47333e-07,  1.03022e-27,  0.024274   ])
37526   , -1632.49    , array([ 1.42742    ,  0.0678495  ,  7.47333e-07,  1.03022e-27,  0.024274   ])
37527   , -1632.5     , array([ 1.42742    ,  0.0677817  ,  7.48081e-07,  1.03022e-27,  0.024274   ])
37528   , -1632.5     , array([ 1.42742    ,  0.0677817  ,  7.47333e-07,  1.03125e-27,  0.024274   ])
37529   , -1632.5     , array([ 1.42742    ,  0.0677817  ,  7.47333e-07,  1.03022e-27,  0.0242983  ])
37530   , -1632.5     , array([ 1.42742    ,  0.0677817  ,  7.47333e-07,  1.03022e-27,  0.024274   ])
37531   , -1632.5     , array([ 1.42742    ,  0.0677817  ,  7.47333e-07,  1.03022e-27,  0.024274   ])
37532   , -1632.49    , array([ 1.42885    ,  0.0677817  ,  7.47333e-07,  1.03022e-27,  0.024274   ])
37533   , -1632.49    , array([ 1.42742    ,  0.0678495  ,  7.47333e-07,  1.03022e-27,  0.024274   ])
37534   , -1632.5     , array([ 1.42742    ,  0.0677817  ,  7.48081e-07,  1.03022e-27,  0.024274   ])
37535   , -1632.5     , array([ 1.42742    ,  0.0677817  ,  7.47333e-07,  1.03125e-27,  0.024274   ])
37536   , -1632.5     , array([ 1.42742    ,  0.0677817  ,  7.47333e-07,  1.03022e-27,  0.0242983  ])
37537   , -1632.5     , array([ 1.42742    ,  0.0677817  ,  7.47333e-07,  1.03022e-27,  0.024274   ])
37538   , -1632.5     , array([ 1.42742    ,  0.0677817  ,  7.47333e-07,  1.03022e-27,  0.024274   ])
37539   , -1632.49    , array([ 1.42885    ,  0.0677817  ,  7.47333e-07,  1.03022e-27,  0.024274   ])
37540   , -1632.49    , array([ 1.42742    ,  0.0678495  ,  7.47333e-07,  1.03022e-27,  0.024274   ])
37541   , -1632.5     , array([ 1.42742    ,  0.0677817  ,  7.48081e-07,  1.03022e-27,  0.024274   ])
37542   , -1632.5     , array([ 1.42742    ,  0.0677817  ,  7.47333e-07,  1.03125e-27,  0.024274   ])
37543   , -1632.5     , array([ 1.42742    ,  0.0677817  ,  7.47333e-07,  1.03022e-27,  0.0242983  ])
37544   , -1632.5     , array([ 1.42742    ,  0.0677817  ,  7.47333e-07,  1.03022e-27,  0.024274   ])
37545   , -1632.5     , array([ 1.42742    ,  0.0677817  ,  7.47333e-07,  1.03022e-27,  0.024274   ])
37546   , -1632.49    , array([ 1.42885    ,  0.0677817  ,  7.47333e-07,  1.03022e-27,  0.024274   ])
37547   , -1632.49    , array([ 1.42742    ,  0.0678495  ,  7.47333e-07,  1.03022e-27,  0.024274   ])
37548   , -1632.5     , array([ 1.42742    ,  0.0677817  ,  7.48081e-07,  1.03022e-27,  0.024274   ])
37549   , -1632.5     , array([ 1.42742    ,  0.0677817  ,  7.47333e-07,  1.03125e-27,  0.024274   ])
37550   , -1632.5     , array([ 1.42742    ,  0.0677817  ,  7.47333e-07,  1.03022e-27,  0.0242983  ])
37551   , -1632.5     , array([ 1.42742    ,  0.0677817  ,  7.47333e-07,  1.03022e-27,  0.024274   ])
37552   , -1632.5     , array([ 1.42742    ,  0.0677817  ,  7.47333e-07,  1.03022e-27,  0.024274   ])
37553   , -1632.49    , array([ 1.42885    ,  0.0677817  ,  7.47333e-07,  1.03022e-27,  0.024274   ])
37554   , -1632.49    , array([ 1.42742    ,  0.0678495  ,  7.47333e-07,  1.03022e-27,  0.024274   ])
37555   , -1632.5     , array([ 1.42742    ,  0.0677817  ,  7.48081e-07,  1.03022e-27,  0.024274   ])
37556   , -1632.5     , array([ 1.42742    ,  0.0677817  ,  7.47333e-07,  1.03125e-27,  0.024274   ])
37557   , -1632.5     , array([ 1.42742    ,  0.0677817  ,  7.47333e-07,  1.03022e-27,  0.0242983  ])
37558   , -1632.5     , array([ 1.42742    ,  0.0677817  ,  7.47333e-07,  1.03022e-27,  0.024274   ])
37559   , -1632.5     , array([ 1.42742    ,  0.0677817  ,  7.47333e-07,  1.03022e-27,  0.024274   ])
37560   , -1632.49    , array([ 1.42885    ,  0.0677817  ,  7.47333e-07,  1.03022e-27,  0.024274   ])
37561   , -1632.49    , array([ 1.42742    ,  0.0678495  ,  7.47333e-07,  1.03022e-27,  0.024274   ])
37562   , -1632.5     , array([ 1.42742    ,  0.0677817  ,  7.48081e-07,  1.03022e-27,  0.024274   ])
37563   , -1632.5     , array([ 1.42742    ,  0.0677817  ,  7.47333e-07,  1.03125e-27,  0.024274   ])
37564   , -1632.5     , array([ 1.42742    ,  0.0677817  ,  7.47333e-07,  1.03022e-27,  0.0242983  ])
37565   , -1632.5     , array([ 1.42742    ,  0.0677817  ,  7.47333e-07,  1.03022e-27,  0.024274   ])
37566   , -1632.5     , array([ 1.42742    ,  0.0677817  ,  7.47333e-07,  1.03022e-27,  0.024274   ])
37567   , -1632.49    , array([ 1.42885    ,  0.0677817  ,  7.47333e-07,  1.03022e-27,  0.024274   ])
37568   , -1632.49    , array([ 1.42742    ,  0.0678495  ,  7.47333e-07,  1.03022e-27,  0.024274   ])
37569   , -1632.5     , array([ 1.42742    ,  0.0677817  ,  7.48081e-07,  1.03022e-27,  0.024274   ])
37570   , -1632.5     , array([ 1.42742    ,  0.0677817  ,  7.47333e-07,  1.03125e-27,  0.024274   ])
37571   , -1632.5     , array([ 1.42742    ,  0.0677817  ,  7.47333e-07,  1.03022e-27,  0.0242983  ])
37572   , -1632.5     , array([ 1.42742    ,  0.0677817  ,  7.47333e-07,  1.03022e-27,  0.024274   ])
37573   , -1632.5     , array([ 1.42742    ,  0.0677817  ,  7.47333e-07,  1.03022e-27,  0.024274   ])
37574   , -1632.49    , array([ 1.42885    ,  0.0677817  ,  7.47333e-07,  1.03022e-27,  0.024274   ])
37575   , -1632.49    , array([ 1.42742    ,  0.0678495  ,  7.47333e-07,  1.03022e-27,  0.024274   ])
37576   , -1632.5     , array([ 1.42742    ,  0.0677817  ,  7.48081e-07,  1.03022e-27,  0.024274   ])
37577   , -1632.5     , array([ 1.42742    ,  0.0677817  ,  7.47333e-07,  1.03125e-27,  0.024274   ])
37578   , -1632.5     , array([ 1.42742    ,  0.0677817  ,  7.47333e-07,  1.03022e-27,  0.0242983  ])
37579   , -1632.5     , array([ 1.42742    ,  0.0677817  ,  7.47333e-07,  1.03022e-27,  0.024274   ])
37580   , -1632.5     , array([ 1.42742    ,  0.0677817  ,  7.47333e-07,  1.03022e-27,  0.024274   ])
37581   , -1632.49    , array([ 1.42885    ,  0.0677817  ,  7.47333e-07,  1.03022e-27,  0.024274   ])
37582   , -1632.49    , array([ 1.42742    ,  0.0678495  ,  7.47333e-07,  1.03022e-27,  0.024274   ])
37583   , -1632.5     , array([ 1.42742    ,  0.0677817  ,  7.48081e-07,  1.03022e-27,  0.024274   ])
37584   , -1632.5     , array([ 1.42742    ,  0.0677817  ,  7.47333e-07,  1.03125e-27,  0.024274   ])
37585   , -1632.5     , array([ 1.42742    ,  0.0677817  ,  7.47333e-07,  1.03022e-27,  0.0242983  ])
37586   , -1632.5     , array([ 1.42742    ,  0.0677817  ,  7.47333e-07,  1.03022e-27,  0.024274   ])
37587   , -1632.5     , array([ 1.42742    ,  0.0677817  ,  7.47333e-07,  1.03022e-27,  0.024274   ])
37588   , -1632.49    , array([ 1.42885    ,  0.0677817  ,  7.47333e-07,  1.03022e-27,  0.024274   ])
37589   , -1632.49    , array([ 1.42742    ,  0.0678495  ,  7.47333e-07,  1.03022e-27,  0.024274   ])
37590   , -1632.5     , array([ 1.42742    ,  0.0677817  ,  7.48081e-07,  1.03022e-27,  0.024274   ])
37591   , -1632.5     , array([ 1.42742    ,  0.0677817  ,  7.47333e-07,  1.03125e-27,  0.024274   ])
37592   , -1632.5     , array([ 1.42742    ,  0.0677817  ,  7.47333e-07,  1.03022e-27,  0.0242983  ])
37593   , -1632.5     , array([ 1.42742    ,  0.0677817  ,  7.47333e-07,  1.03022e-27,  0.024274   ])
37594   , -1632.5     , array([ 1.42742    ,  0.0677817  ,  7.47333e-07,  1.03022e-27,  0.024274   ])
37595   , -1632.49    , array([ 1.42885    ,  0.0677817  ,  7.47333e-07,  1.03022e-27,  0.024274   ])
37596   , -1632.49    , array([ 1.42742    ,  0.0678495  ,  7.47333e-07,  1.03022e-27,  0.024274   ])
37597   , -1632.5     , array([ 1.42742    ,  0.0677817  ,  7.48081e-07,  1.03022e-27,  0.024274   ])
37598   , -1632.5     , array([ 1.42742    ,  0.0677817  ,  7.47333e-07,  1.03125e-27,  0.024274   ])
37599   , -1632.5     , array([ 1.42742    ,  0.0677817  ,  7.47333e-07,  1.03022e-27,  0.0242983  ])
37600   , -1632.5     , array([ 1.42742    ,  0.0677817  ,  7.47333e-07,  1.03022e-27,  0.024274   ])
37601   , -1632.5     , array([ 1.42742    ,  0.0677817  ,  7.47333e-07,  1.03022e-27,  0.024274   ])
37602   , -1632.49    , array([ 1.42885    ,  0.0677817  ,  7.47333e-07,  1.03022e-27,  0.024274   ])
37603   , -1632.49    , array([ 1.42742    ,  0.0678495  ,  7.47333e-07,  1.03022e-27,  0.024274   ])
37604   , -1632.5     , array([ 1.42742    ,  0.0677817  ,  7.48081e-07,  1.03022e-27,  0.024274   ])
37605   , -1632.5     , array([ 1.42742    ,  0.0677817  ,  7.47333e-07,  1.03125e-27,  0.024274   ])
37606   , -1632.5     , array([ 1.42742    ,  0.0677817  ,  7.47333e-07,  1.03022e-27,  0.0242983  ])
37607   , -1632.5     , array([ 1.42742    ,  0.0677817  ,  7.47333e-07,  1.03022e-27,  0.024274   ])
37608   , -1632.5     , array([ 1.42742    ,  0.0677817  ,  7.47333e-07,  1.03022e-27,  0.024274   ])
37609   , -1632.49    , array([ 1.42885    ,  0.0677817  ,  7.47333e-07,  1.03022e-27,  0.024274   ])
37610   , -1632.49    , array([ 1.42742    ,  0.0678495  ,  7.47333e-07,  1.03022e-27,  0.024274   ])
37611   , -1632.5     , array([ 1.42742    ,  0.0677817  ,  7.48081e-07,  1.03022e-27,  0.024274   ])
37612   , -1632.5     , array([ 1.42742    ,  0.0677817  ,  7.47333e-07,  1.03125e-27,  0.024274   ])
37613   , -1632.5     , array([ 1.42742    ,  0.0677817  ,  7.47333e-07,  1.03022e-27,  0.0242983  ])
37614   , -1632.5     , array([ 1.42742    ,  0.0677817  ,  7.47333e-07,  1.03022e-27,  0.024274   ])
37615   , -1632.5     , array([ 1.42742    ,  0.0677817  ,  7.47333e-07,  1.03022e-27,  0.024274   ])
37616   , -1632.49    , array([ 1.42885    ,  0.0677817  ,  7.47333e-07,  1.03022e-27,  0.024274   ])
37617   , -1632.49    , array([ 1.42742    ,  0.0678495  ,  7.47333e-07,  1.03022e-27,  0.024274   ])
37618   , -1632.5     , array([ 1.42742    ,  0.0677817  ,  7.48081e-07,  1.03022e-27,  0.024274   ])
37619   , -1632.5     , array([ 1.42742    ,  0.0677817  ,  7.47333e-07,  1.03125e-27,  0.024274   ])
37620   , -1632.5     , array([ 1.42742    ,  0.0677817  ,  7.47333e-07,  1.03022e-27,  0.0242983  ])
37621   , -1632.5     , array([ 1.42742    ,  0.0677817  ,  7.47333e-07,  1.03022e-27,  0.024274   ])
37622   , -1632.5     , array([ 1.42742    ,  0.0677817  ,  7.47333e-07,  1.03022e-27,  0.024274   ])
37623   , -1632.49    , array([ 1.42885    ,  0.0677817  ,  7.47333e-07,  1.03022e-27,  0.024274   ])
37624   , -1632.49    , array([ 1.42742    ,  0.0678495  ,  7.47333e-07,  1.03022e-27,  0.024274   ])
37625   , -1632.5     , array([ 1.42742    ,  0.0677817  ,  7.48081e-07,  1.03022e-27,  0.024274   ])
37626   , -1632.5     , array([ 1.42742    ,  0.0677817  ,  7.47333e-07,  1.03125e-27,  0.024274   ])
37627   , -1632.5     , array([ 1.42742    ,  0.0677817  ,  7.47333e-07,  1.03022e-27,  0.0242983  ])
37628   , -1632.5     , array([ 1.42742    ,  0.0677817  ,  7.47333e-07,  1.03022e-27,  0.024274   ])
37629   , -1632.5     , array([ 1.42742    ,  0.0677817  ,  7.47333e-07,  1.03022e-27,  0.024274   ])
37630   , -1632.49    , array([ 1.42885    ,  0.0677817  ,  7.47333e-07,  1.03022e-27,  0.024274   ])
37631   , -1632.49    , array([ 1.42742    ,  0.0678495  ,  7.47333e-07,  1.03022e-27,  0.024274   ])
37632   , -1632.5     , array([ 1.42742    ,  0.0677817  ,  7.48081e-07,  1.03022e-27,  0.024274   ])
37633   , -1632.5     , array([ 1.42742    ,  0.0677817  ,  7.47333e-07,  1.03125e-27,  0.024274   ])
37634   , -1632.5     , array([ 1.42742    ,  0.0677817  ,  7.47333e-07,  1.03022e-27,  0.0242983  ])
37635   , -1632.5     , array([ 1.42742    ,  0.0677817  ,  7.47333e-07,  1.03022e-27,  0.024274   ])
37636   , -1632.5     , array([ 1.42742    ,  0.0677817  ,  7.47333e-07,  1.03022e-27,  0.024274   ])
37637   , -1632.49    , array([ 1.42885    ,  0.0677817  ,  7.47333e-07,  1.03022e-27,  0.024274   ])
37638   , -1632.49    , array([ 1.42742    ,  0.0678495  ,  7.47333e-07,  1.03022e-27,  0.024274   ])
37639   , -1632.5     , array([ 1.42742    ,  0.0677817  ,  7.48081e-07,  1.03022e-27,  0.024274   ])
37640   , -1632.5     , array([ 1.42742    ,  0.0677817  ,  7.47333e-07,  1.03125e-27,  0.024274   ])
37641   , -1632.5     , array([ 1.42742    ,  0.0677817  ,  7.47333e-07,  1.03022e-27,  0.0242983  ])
37642   , -1632.5     , array([ 1.42742    ,  0.0677817  ,  7.47333e-07,  1.03022e-27,  0.024274   ])
37643   , -1632.5     , array([ 1.42742    ,  0.0677817  ,  7.47333e-07,  1.03022e-27,  0.024274   ])
37644   , -1632.49    , array([ 1.42885    ,  0.0677817  ,  7.47333e-07,  1.03022e-27,  0.024274   ])
37645   , -1632.49    , array([ 1.42742    ,  0.0678495  ,  7.47333e-07,  1.03022e-27,  0.024274   ])
37646   , -1632.5     , array([ 1.42742    ,  0.0677817  ,  7.48081e-07,  1.03022e-27,  0.024274   ])
37647   , -1632.5     , array([ 1.42742    ,  0.0677817  ,  7.47333e-07,  1.03125e-27,  0.024274   ])
37648   , -1632.5     , array([ 1.42742    ,  0.0677817  ,  7.47333e-07,  1.03022e-27,  0.0242983  ])
37649   , -1632.5     , array([ 1.42742    ,  0.0677817  ,  7.47333e-07,  1.03022e-27,  0.024274   ])
37650   , -1632.5     , array([ 1.42742    ,  0.0677817  ,  7.47333e-07,  1.03022e-27,  0.024274   ])
37651   , -1632.49    , array([ 1.42885    ,  0.0677817  ,  7.47333e-07,  1.03022e-27,  0.024274   ])
37652   , -1632.49    , array([ 1.42742    ,  0.0678495  ,  7.47333e-07,  1.03022e-27,  0.024274   ])
37653   , -1632.5     , array([ 1.42742    ,  0.0677817  ,  7.48081e-07,  1.03022e-27,  0.024274   ])
37654   , -1632.5     , array([ 1.42742    ,  0.0677817  ,  7.47333e-07,  1.03125e-27,  0.024274   ])
37655   , -1632.5     , array([ 1.42742    ,  0.0677817  ,  7.47333e-07,  1.03022e-27,  0.0242983  ])
37656   , -1632.5     , array([ 1.42742    ,  0.0677817  ,  7.47333e-07,  1.03022e-27,  0.024274   ])
37657   , -1632.5     , array([ 1.42742    ,  0.0677817  ,  7.47333e-07,  1.03022e-27,  0.024274   ])
37658   , -1632.49    , array([ 1.42885    ,  0.0677817  ,  7.47333e-07,  1.03022e-27,  0.024274   ])
37659   , -1632.49    , array([ 1.42742    ,  0.0678495  ,  7.47333e-07,  1.03022e-27,  0.024274   ])
37660   , -1632.5     , array([ 1.42742    ,  0.0677817  ,  7.48081e-07,  1.03022e-27,  0.024274   ])
37661   , -1632.5     , array([ 1.42742    ,  0.0677817  ,  7.47333e-07,  1.03125e-27,  0.024274   ])
37662   , -1632.5     , array([ 1.42742    ,  0.0677817  ,  7.47333e-07,  1.03022e-27,  0.0242983  ])
37663   , -1632.5     , array([ 1.42742    ,  0.0677817  ,  7.47333e-07,  1.03022e-27,  0.024274   ])
37664   , -1632.5     , array([ 1.42742    ,  0.0677817  ,  7.47333e-07,  1.03022e-27,  0.024274   ])
37665   , -1632.49    , array([ 1.42885    ,  0.0677817  ,  7.47333e-07,  1.03022e-27,  0.024274   ])
37666   , -1632.49    , array([ 1.42742    ,  0.0678495  ,  7.47333e-07,  1.03022e-27,  0.024274   ])
37667   , -1632.5     , array([ 1.42742    ,  0.0677817  ,  7.48081e-07,  1.03022e-27,  0.024274   ])
37668   , -1632.5     , array([ 1.42742    ,  0.0677817  ,  7.47333e-07,  1.03125e-27,  0.024274   ])
37669   , -1632.5     , array([ 1.42742    ,  0.0677817  ,  7.47333e-07,  1.03022e-27,  0.0242983  ])
37670   , -1632.5     , array([ 1.42742    ,  0.0677817  ,  7.47333e-07,  1.03022e-27,  0.024274   ])
37671   , -1632.5     , array([ 1.42742    ,  0.0677817  ,  7.47333e-07,  1.03022e-27,  0.024274   ])
37672   , -1632.49    , array([ 1.42885    ,  0.0677817  ,  7.47333e-07,  1.03022e-27,  0.024274   ])
37673   , -1632.49    , array([ 1.42742    ,  0.0678495  ,  7.47333e-07,  1.03022e-27,  0.024274   ])
37674   , -1632.5     , array([ 1.42742    ,  0.0677817  ,  7.48081e-07,  1.03022e-27,  0.024274   ])
37675   , -1632.5     , array([ 1.42742    ,  0.0677817  ,  7.47333e-07,  1.03125e-27,  0.024274   ])
37676   , -1632.5     , array([ 1.42742    ,  0.0677817  ,  7.47333e-07,  1.03022e-27,  0.0242983  ])
37677   , -1632.5     , array([ 1.42742    ,  0.0677817  ,  7.47333e-07,  1.03022e-27,  0.024274   ])
37678   , -1632.5     , array([ 1.42742    ,  0.0677817  ,  7.47333e-07,  1.03022e-27,  0.024274   ])
37679   , -1632.49    , array([ 1.42885    ,  0.0677817  ,  7.47333e-07,  1.03022e-27,  0.024274   ])
37680   , -1632.49    , array([ 1.42742    ,  0.0678495  ,  7.47333e-07,  1.03022e-27,  0.024274   ])
37681   , -1632.5     , array([ 1.42742    ,  0.0677817  ,  7.48081e-07,  1.03022e-27,  0.024274   ])
37682   , -1632.5     , array([ 1.42742    ,  0.0677817  ,  7.47333e-07,  1.03125e-27,  0.024274   ])
37683   , -1632.5     , array([ 1.42742    ,  0.0677817  ,  7.47333e-07,  1.03022e-27,  0.0242983  ])
37684   , -1632.5     , array([ 1.42742    ,  0.0677817  ,  7.47333e-07,  1.03022e-27,  0.024274   ])
37685   , -1632.5     , array([ 1.42742    ,  0.0677817  ,  7.47333e-07,  1.03022e-27,  0.024274   ])
37686   , -1632.49    , array([ 1.42885    ,  0.0677817  ,  7.47333e-07,  1.03022e-27,  0.024274   ])
37687   , -1632.49    , array([ 1.42742    ,  0.0678495  ,  7.47333e-07,  1.03022e-27,  0.024274   ])
37688   , -1632.5     , array([ 1.42742    ,  0.0677817  ,  7.48081e-07,  1.03022e-27,  0.024274   ])
37689   , -1632.5     , array([ 1.42742    ,  0.0677817  ,  7.47333e-07,  1.03125e-27,  0.024274   ])
37690   , -1632.5     , array([ 1.42742    ,  0.0677817  ,  7.47333e-07,  1.03022e-27,  0.0242983  ])
37691   , -1632.5     , array([ 1.42742    ,  0.0677817  ,  7.47333e-07,  1.03022e-27,  0.024274   ])
37692   , -1632.5     , array([ 1.42742    ,  0.0677817  ,  7.47333e-07,  1.03022e-27,  0.024274   ])
37693   , -1632.49    , array([ 1.42885    ,  0.0677817  ,  7.47333e-07,  1.03022e-27,  0.024274   ])
37694   , -1632.49    , array([ 1.42742    ,  0.0678495  ,  7.47333e-07,  1.03022e-27,  0.024274   ])
37695   , -1632.5     , array([ 1.42742    ,  0.0677817  ,  7.48081e-07,  1.03022e-27,  0.024274   ])
37696   , -1632.5     , array([ 1.42742    ,  0.0677817  ,  7.47333e-07,  1.03125e-27,  0.024274   ])
37697   , -1632.5     , array([ 1.42742    ,  0.0677817  ,  7.47333e-07,  1.03022e-27,  0.0242983  ])
37698   , -1632.5     , array([ 1.42742    ,  0.0677817  ,  7.47333e-07,  1.03022e-27,  0.024274   ])
37699   , -1632.5     , array([ 1.42742    ,  0.0677817  ,  7.47333e-07,  1.03022e-27,  0.024274   ])
37700   , -1632.49    , array([ 1.42885    ,  0.0677817  ,  7.47333e-07,  1.03022e-27,  0.024274   ])
37701   , -1632.49    , array([ 1.42742    ,  0.0678495  ,  7.47333e-07,  1.03022e-27,  0.024274   ])
37702   , -1632.5     , array([ 1.42742    ,  0.0677817  ,  7.48081e-07,  1.03022e-27,  0.024274   ])
37703   , -1632.5     , array([ 1.42742    ,  0.0677817  ,  7.47333e-07,  1.03125e-27,  0.024274   ])
37704   , -1632.5     , array([ 1.42742    ,  0.0677817  ,  7.47333e-07,  1.03022e-27,  0.0242983  ])
37705   , -1632.5     , array([ 1.42742    ,  0.0677817  ,  7.47333e-07,  1.03022e-27,  0.024274   ])
37706   , -1632.5     , array([ 1.42742    ,  0.0677817  ,  7.47333e-07,  1.03022e-27,  0.024274   ])
37707   , -1632.49    , array([ 1.42885    ,  0.0677817  ,  7.47333e-07,  1.03022e-27,  0.024274   ])
37708   , -1632.49    , array([ 1.42742    ,  0.0678495  ,  7.47333e-07,  1.03022e-27,  0.024274   ])
37709   , -1632.5     , array([ 1.42742    ,  0.0677817  ,  7.48081e-07,  1.03022e-27,  0.024274   ])
37710   , -1632.5     , array([ 1.42742    ,  0.0677817  ,  7.47333e-07,  1.03125e-27,  0.024274   ])
37711   , -1632.5     , array([ 1.42742    ,  0.0677817  ,  7.47333e-07,  1.03022e-27,  0.0242983  ])
37712   , -1632.5     , array([ 1.42742    ,  0.0677817  ,  7.47333e-07,  1.03022e-27,  0.024274   ])
37713   , -1632.5     , array([ 1.42742    ,  0.0677817  ,  7.47333e-07,  1.03022e-27,  0.024274   ])
37714   , -1632.49    , array([ 1.42885    ,  0.0677817  ,  7.47333e-07,  1.03022e-27,  0.024274   ])
37715   , -1632.49    , array([ 1.42742    ,  0.0678495  ,  7.47333e-07,  1.03022e-27,  0.024274   ])
37716   , -1632.5     , array([ 1.42742    ,  0.0677817  ,  7.48081e-07,  1.03022e-27,  0.024274   ])
37717   , -1632.5     , array([ 1.42742    ,  0.0677817  ,  7.47333e-07,  1.03125e-27,  0.024274   ])
37718   , -1632.5     , array([ 1.42742    ,  0.0677817  ,  7.47333e-07,  1.03022e-27,  0.0242983  ])
37719   , -1632.5     , array([ 1.42742    ,  0.0677817  ,  7.47333e-07,  1.03022e-27,  0.024274   ])
37720   , -1632.5     , array([ 1.42742    ,  0.0677817  ,  7.47333e-07,  1.03022e-27,  0.024274   ])
37721   , -1632.49    , array([ 1.42885    ,  0.0677817  ,  7.47333e-07,  1.03022e-27,  0.024274   ])
37722   , -1632.49    , array([ 1.42742    ,  0.0678495  ,  7.47333e-07,  1.03022e-27,  0.024274   ])
37723   , -1632.5     , array([ 1.42742    ,  0.0677817  ,  7.48081e-07,  1.03022e-27,  0.024274   ])
37724   , -1632.5     , array([ 1.42742    ,  0.0677817  ,  7.47333e-07,  1.03125e-27,  0.024274   ])
37725   , -1632.5     , array([ 1.42742    ,  0.0677817  ,  7.47333e-07,  1.03022e-27,  0.0242983  ])
37726   , -1632.5     , array([ 1.42742    ,  0.0677817  ,  7.47333e-07,  1.03022e-27,  0.024274   ])
37727   , -1632.5     , array([ 1.42742    ,  0.0677817  ,  7.47333e-07,  1.03022e-27,  0.024274   ])
37728   , -1632.49    , array([ 1.42885    ,  0.0677817  ,  7.47333e-07,  1.03022e-27,  0.024274   ])
37729   , -1632.49    , array([ 1.42742    ,  0.0678495  ,  7.47333e-07,  1.03022e-27,  0.024274   ])
37730   , -1632.5     , array([ 1.42742    ,  0.0677817  ,  7.48081e-07,  1.03022e-27,  0.024274   ])
37731   , -1632.5     , array([ 1.42742    ,  0.0677817  ,  7.47333e-07,  1.03125e-27,  0.024274   ])
37732   , -1632.5     , array([ 1.42742    ,  0.0677817  ,  7.47333e-07,  1.03022e-27,  0.0242983  ])
37733   , -1632.5     , array([ 1.42742    ,  0.0677817  ,  7.47333e-07,  1.03022e-27,  0.024274   ])
37734   , -1632.5     , array([ 1.42742    ,  0.0677817  ,  7.47333e-07,  1.03022e-27,  0.024274   ])
37735   , -1632.49    , array([ 1.42885    ,  0.0677817  ,  7.47333e-07,  1.03022e-27,  0.024274   ])
37736   , -1632.49    , array([ 1.42742    ,  0.0678495  ,  7.47333e-07,  1.03022e-27,  0.024274   ])
37737   , -1632.5     , array([ 1.42742    ,  0.0677817  ,  7.48081e-07,  1.03022e-27,  0.024274   ])
37738   , -1632.5     , array([ 1.42742    ,  0.0677817  ,  7.47333e-07,  1.03125e-27,  0.024274   ])
37739   , -1632.5     , array([ 1.42742    ,  0.0677817  ,  7.47333e-07,  1.03022e-27,  0.0242983  ])
37740   , -1632.5     , array([ 1.42742    ,  0.0677817  ,  7.47333e-07,  1.03022e-27,  0.024274   ])
37741   , -1632.5     , array([ 1.42742    ,  0.0677817  ,  7.47333e-07,  1.03022e-27,  0.024274   ])
37742   , -1632.49    , array([ 1.42885    ,  0.0677817  ,  7.47333e-07,  1.03022e-27,  0.024274   ])
37743   , -1632.49    , array([ 1.42742    ,  0.0678495  ,  7.47333e-07,  1.03022e-27,  0.024274   ])
37744   , -1632.5     , array([ 1.42742    ,  0.0677817  ,  7.48081e-07,  1.03022e-27,  0.024274   ])
37745   , -1632.5     , array([ 1.42742    ,  0.0677817  ,  7.47333e-07,  1.03125e-27,  0.024274   ])
37746   , -1632.5     , array([ 1.42742    ,  0.0677817  ,  7.47333e-07,  1.03022e-27,  0.0242983  ])
37747   , -1632.5     , array([ 1.42742    ,  0.0677817  ,  7.47333e-07,  1.03022e-27,  0.024274   ])
37748   , -1632.5     , array([ 1.42742    ,  0.0677817  ,  7.47333e-07,  1.03022e-27,  0.024274   ])
37749   , -1632.49    , array([ 1.42885    ,  0.0677817  ,  7.47333e-07,  1.03022e-27,  0.024274   ])
37750   , -1632.49    , array([ 1.42742    ,  0.0678495  ,  7.47333e-07,  1.03022e-27,  0.024274   ])
37751   , -1632.5     , array([ 1.42742    ,  0.0677817  ,  7.48081e-07,  1.03022e-27,  0.024274   ])
37752   , -1632.5     , array([ 1.42742    ,  0.0677817  ,  7.47333e-07,  1.03125e-27,  0.024274   ])
37753   , -1632.5     , array([ 1.42742    ,  0.0677817  ,  7.47333e-07,  1.03022e-27,  0.0242983  ])
37754   , -1632.5     , array([ 1.42742    ,  0.0677817  ,  7.47333e-07,  1.03022e-27,  0.024274   ])
37755   , -1632.5     , array([ 1.42742    ,  0.0677817  ,  7.47333e-07,  1.03022e-27,  0.024274   ])
37756   , -1632.49    , array([ 1.42885    ,  0.0677817  ,  7.47333e-07,  1.03022e-27,  0.024274   ])
37757   , -1632.49    , array([ 1.42742    ,  0.0678495  ,  7.47333e-07,  1.03022e-27,  0.024274   ])
37758   , -1632.5     , array([ 1.42742    ,  0.0677817  ,  7.48081e-07,  1.03022e-27,  0.024274   ])
37759   , -1632.5     , array([ 1.42742    ,  0.0677817  ,  7.47333e-07,  1.03125e-27,  0.024274   ])
37760   , -1632.5     , array([ 1.42742    ,  0.0677817  ,  7.47333e-07,  1.03022e-27,  0.0242983  ])
37761   , -1632.5     , array([ 1.42742    ,  0.0677817  ,  7.47333e-07,  1.03022e-27,  0.024274   ])
37762   , -1632.5     , array([ 1.42742    ,  0.0677817  ,  7.47333e-07,  1.03022e-27,  0.024274   ])
37763   , -1632.49    , array([ 1.42885    ,  0.0677817  ,  7.47333e-07,  1.03022e-27,  0.024274   ])
37764   , -1632.49    , array([ 1.42742    ,  0.0678495  ,  7.47333e-07,  1.03022e-27,  0.024274   ])
37765   , -1632.5     , array([ 1.42742    ,  0.0677817  ,  7.48081e-07,  1.03022e-27,  0.024274   ])
37766   , -1632.5     , array([ 1.42742    ,  0.0677817  ,  7.47333e-07,  1.03125e-27,  0.024274   ])
37767   , -1632.5     , array([ 1.42742    ,  0.0677817  ,  7.47333e-07,  1.03022e-27,  0.0242983  ])
37768   , -1632.5     , array([ 1.42742    ,  0.0677817  ,  7.47333e-07,  1.03022e-27,  0.024274   ])
37769   , -1632.5     , array([ 1.42742    ,  0.0677817  ,  7.47333e-07,  1.03022e-27,  0.024274   ])
37770   , -1632.49    , array([ 1.42885    ,  0.0677817  ,  7.47333e-07,  1.03022e-27,  0.024274   ])
37771   , -1632.49    , array([ 1.42742    ,  0.0678495  ,  7.47333e-07,  1.03022e-27,  0.024274   ])
37772   , -1632.5     , array([ 1.42742    ,  0.0677817  ,  7.48081e-07,  1.03022e-27,  0.024274   ])
37773   , -1632.5     , array([ 1.42742    ,  0.0677817  ,  7.47333e-07,  1.03125e-27,  0.024274   ])
37774   , -1632.5     , array([ 1.42742    ,  0.0677817  ,  7.47333e-07,  1.03022e-27,  0.0242983  ])
37775   , -1632.54    , array([ 1.43689    ,  0.0676462  ,  7.47355e-07,  1.03022e-27,  0.0242249  ])
37776   , -1632.5     , array([ 1.42958    ,  0.0677506  ,  7.47338e-07,  1.03022e-27,  0.0242628  ])
37777   , -1632.5     , array([ 1.42796    ,  0.067774   ,  7.47334e-07,  1.03022e-27,  0.0242712  ])
37778   , -1632.5     , array([ 1.42756    ,  0.0677797  ,  7.47333e-07,  1.03022e-27,  0.0242733  ])
37779   , -1632.5     , array([ 1.42746    ,  0.0677811  ,  7.47333e-07,  1.03022e-27,  0.0242738  ])
37780   , -1632.5     , array([ 1.42743    ,  0.0677815  ,  7.47333e-07,  1.03022e-27,  0.024274   ])
37781   , -1632.5     , array([ 1.42742    ,  0.0677816  ,  7.47333e-07,  1.03022e-27,  0.024274   ])
37782   , -1632.5     , array([ 1.42742    ,  0.0677816  ,  7.47333e-07,  1.03022e-27,  0.024274   ])
37783   , -1632.5     , array([ 1.42742    ,  0.0677817  ,  7.47333e-07,  1.03022e-27,  0.024274   ])
37784   , -1632.5     , array([ 1.42742    ,  0.0677817  ,  7.47333e-07,  1.03022e-27,  0.024274   ])
37785   , -1632.5     , array([ 1.42742    ,  0.0677817  ,  7.47333e-07,  1.03022e-27,  0.024274   ])
37786   , -1632.5     , array([ 1.42742    ,  0.0677817  ,  7.47333e-07,  1.03022e-27,  0.024274   ])
