39816   , -79089.4    , array([ 0.957559   ,  1.60003    ,  7.20156e-14,  1.27218e-30,  2.00903e-38])
39817   , -79089.4    , array([ 0.957559   ,  1.60003    ,  7.20156e-14,  1.27218e-30,  2.00903e-38])
39818   , -79089.4    , array([ 1.95756    ,  1.60003    ,  7.20156e-14,  1.27218e-30,  2.00903e-38])
39819   , -79089.4    , array([ 3.57559    ,  1.60003    ,  7.20156e-14,  1.27218e-30,  2.00903e-38])
39820   , -79089.4    , array([ 1.95756    ,  1.60003    ,  7.20156e-14,  1.27218e-30,  2.00903e-38])
39821   , -79089.4    , array([ 2.57559    ,  1.60003    ,  7.20156e-14,  1.27218e-30,  2.00903e-38])
39822   , -79089.4    , array([ 2.95756    ,  1.60003    ,  7.20156e-14,  1.27218e-30,  2.00903e-38])
39823   , -79089.4    , array([ 3.19363    ,  1.60003    ,  7.20156e-14,  1.27218e-30,  2.00903e-38])
39824   , -79089.4    , array([ 3.33952    ,  1.60003    ,  7.20156e-14,  1.27218e-30,  2.00903e-38])
39825   , -79089.4    , array([ 3.42969    ,  1.60003    ,  7.20156e-14,  1.27218e-30,  2.00903e-38])
39826   , -79089.4    , array([ 3.48542    ,  1.60003    ,  7.20156e-14,  1.27218e-30,  2.00903e-38])
39827   , -79089.4    , array([ 3.51986    ,  1.60003    ,  7.20156e-14,  1.27218e-30,  2.00903e-38])
39828   , -79089.4    , array([ 3.54549    ,  1.60003    ,  7.20156e-14,  1.27218e-30,  2.00903e-38])
39829   , -79089.4    , array([ 3.54549    ,  1.60003    ,  7.20156e-14,  1.27218e-30,  2.00903e-38])
39830   , -79089.4    , array([ 3.54549    ,  2.60003    ,  7.20156e-14,  1.27218e-30,  2.00903e-38])
39831   , -79089.4    , array([ 3.54549    ,  4.21806    ,  7.20156e-14,  1.27218e-30,  2.00903e-38])
39832   , -79089.4    , array([ 3.54549    ,  2.60003    ,  7.20156e-14,  1.27218e-30,  2.00903e-38])
39833   , -79089.4    , array([ 3.54549    ,  3.21806    ,  7.20156e-14,  1.27218e-30,  2.00903e-38])
39834   , -79089.4    , array([ 3.54549    ,  3.60003    ,  7.20156e-14,  1.27218e-30,  2.00903e-38])
39835   , -79089.4    , array([ 3.54549    ,  3.8361     ,  7.20156e-14,  1.27218e-30,  2.00903e-38])
39836   , -79089.4    , array([ 3.54549    ,  3.98199    ,  7.20156e-14,  1.27218e-30,  2.00903e-38])
39837   , -79089.4    , array([ 3.54549    ,  4.07216    ,  7.20156e-14,  1.27218e-30,  2.00903e-38])
39838   , -79089.4    , array([ 3.54549    ,  4.12789    ,  7.20156e-14,  1.27218e-30,  2.00903e-38])
39839   , -79089.4    , array([ 3.54549    ,  4.16233    ,  7.20156e-14,  1.27218e-30,  2.00903e-38])
39840   , -79089.4    , array([ 3.54549    ,  4.18796    ,  7.20156e-14,  1.27218e-30,  2.00903e-38])
39841   , -79089.4    , array([ 3.54549    ,  4.18796    ,  7.20156e-14,  1.27218e-30,  2.00903e-38])
39842   , -79089.4    , array([ 3.54549    ,  4.18796    ,  1          ,  1.27218e-30,  2.00903e-38])
39843   , -79089.4    , array([ 3.54549    ,  4.18796    ,  2.61803    ,  1.27218e-30,  2.00903e-38])
39844   , -79089.4    , array([ 3.54549    ,  4.18796    ,  1          ,  1.27218e-30,  2.00903e-38])
39845   , -79089.4    , array([ 3.54549    ,  4.18796    ,  1.61803    ,  1.27218e-30,  2.00903e-38])
39846   , -79089.4    , array([ 3.54549    ,  4.18796    ,  2          ,  1.27218e-30,  2.00903e-38])
39847   , -79089.4    , array([ 3.54549    ,  4.18796    ,  2.23607    ,  1.27218e-30,  2.00903e-38])
39848   , -79089.4    , array([ 3.54549    ,  4.18796    ,  2.38197    ,  1.27218e-30,  2.00903e-38])
39849   , -79089.4    , array([ 3.54549    ,  4.18796    ,  2.47214    ,  1.27218e-30,  2.00903e-38])
39850   , -79089.4    , array([ 3.54549    ,  4.18796    ,  2.52786    ,  1.27218e-30,  2.00903e-38])
39851   , -79089.4    , array([ 3.54549    ,  4.18796    ,  2.56231    ,  1.27218e-30,  2.00903e-38])
39852   , -79089.4    , array([ 3.54549    ,  4.18796    ,  2.58793    ,  1.27218e-30,  2.00903e-38])
39853   , -79089.4    , array([ 3.54549    ,  4.18796    ,  2.58793    ,  1.27218e-30,  2.00903e-38])
39854   , -79089.4    , array([ 3.54549    ,  4.18796    ,  2.58793    ,  1          ,  2.00903e-38])
39855   , -79089.4    , array([ 3.54549    ,  4.18796    ,  2.58793    ,  2.61803    ,  2.00903e-38])
39856   , -79089.4    , array([ 3.54549    ,  4.18796    ,  2.58793    ,  1          ,  2.00903e-38])
39857   , -79089.4    , array([ 3.54549    ,  4.18796    ,  2.58793    ,  1.61803    ,  2.00903e-38])
39858   , -79089.4    , array([ 3.54549    ,  4.18796    ,  2.58793    ,  2          ,  2.00903e-38])
39859   , -79089.4    , array([ 3.54549    ,  4.18796    ,  2.58793    ,  2.23607    ,  2.00903e-38])
39860   , -79089.4    , array([ 3.54549    ,  4.18796    ,  2.58793    ,  2.38197    ,  2.00903e-38])
39861   , -79089.4    , array([ 3.54549    ,  4.18796    ,  2.58793    ,  2.47214    ,  2.00903e-38])
39862   , -79089.4    , array([ 3.54549    ,  4.18796    ,  2.58793    ,  2.52786    ,  2.00903e-38])
39863   , -79089.4    , array([ 3.54549    ,  4.18796    ,  2.58793    ,  2.56231    ,  2.00903e-38])
39864   , -79089.4    , array([ 3.54549    ,  4.18796    ,  2.58793    ,  2.58793    ,  2.00903e-38])
39865   , -79089.4    , array([ 3.54549    ,  4.18796    ,  2.58793    ,  2.58793    ,  2.00903e-38])
39866   , -66083.5    , array([ 3.54549    ,  4.18796    ,  2.58793    ,  2.58793    ,  1          ])
39867   , -64644.5    , array([ 3.54549    ,  4.18796    ,  2.58793    ,  2.58793    ,  2.61803    ])
39868   , -66090.3    , array([ 3.54549    ,  4.18796    ,  2.58793    ,  2.58793    ,  1.9051     ])
39869   , -66083.5    , array([ 3.54549    ,  4.18796    ,  2.58793    ,  2.58793    ,  1          ])
39870   , -64011.7    , array([ 3.54549    ,  4.18796    ,  2.58793    ,  2.58793    ,  0.618034   ])
39871   , -61138.7    , array([ 3.54549    ,  4.18796    ,  2.58793    ,  2.58793    ,  0.381966   ])
39872   , -58870.5    , array([ 3.54549    ,  4.18796    ,  2.58793    ,  2.58793    ,  0.236068   ])
39873   , -58462.2    , array([ 3.54549    ,  4.18796    ,  2.58793    ,  2.58793    ,  0.145898   ])
39874   , -58500.1    , array([ 3.54549    ,  4.18796    ,  2.58793    ,  2.58793    ,  0.142474   ])
39875   , -58359.2    , array([ 3.54549    ,  4.18796    ,  2.58793    ,  2.58793    ,  0.1774     ])
39876   , -58479.4    , array([ 3.54549    ,  4.18796    ,  2.58793    ,  2.58793    ,  0.199809   ])
39877   , -58350.4    , array([ 3.54549    ,  4.18796    ,  2.58793    ,  2.58793    ,  0.171857   ])
39878   , -58349.7    , array([ 3.54549    ,  4.18796    ,  2.58793    ,  2.58793    ,  0.170138   ])
39879   , -58349.9    , array([ 3.54549    ,  4.18796    ,  2.58793    ,  2.58793    ,  0.168437   ])
39880   , -83874.5    , array([ 6.13342    ,  6.77589    ,  5.17586    ,  5.17586    ,  0.340276   ])
39881   , -58349.7    , array([ 3.54549    ,  4.18796    ,  2.58793    ,  2.58793    ,  0.170138   ])
39882   , -60818.3    , array([ 4.54549    ,  4.18796    ,  2.58793    ,  2.58793    ,  0.170138   ])
39883   , -51831.4    , array([ 1.92745    ,  4.18796    ,  2.58793    ,  2.58793    ,  0.170138   ])
39885   , -51831.4    , array([ 1.92745    ,  4.18796    ,  2.58793    ,  2.58793    ,  0.170138   ])
39886   , -46121.4    , array([ 0.927454   ,  4.18796    ,  2.58793    ,  2.58793    ,  0.170138   ])
39887   , -55137.6    , array([ 0.30942    ,  4.18796    ,  2.58793    ,  2.58793    ,  0.170138   ])
39888   , -47524.8    , array([ 1.19988    ,  4.18796    ,  2.58793    ,  2.58793    ,  0.170138   ])
39889   , -45827.2    , array([ 0.691386   ,  4.18796    ,  2.58793    ,  2.58793    ,  0.170138   ])
39890   , -45759.5    , array([ 0.728279   ,  4.18796    ,  2.58793    ,  2.58793    ,  0.170138   ])
39891   , -45746.9    , array([ 0.769135   ,  4.18796    ,  2.58793    ,  2.58793    ,  0.170138   ])
39892   , -45769.6    , array([ 0.796899   ,  4.18796    ,  2.58793    ,  2.58793    ,  0.170138   ])
39893   , -45746.9    , array([ 0.769135   ,  4.18796    ,  2.58793    ,  2.58793    ,  0.170138   ])
39894   , -47586.5    , array([ 0.769135   ,  5.18796    ,  2.58793    ,  2.58793    ,  0.170138   ])
39895   , -40352.1    , array([ 0.769135   ,  2.56992    ,  2.58793    ,  2.58793    ,  0.170138   ])
39897   , -40352.1    , array([ 0.769135   ,  2.56992    ,  2.58793    ,  2.58793    ,  0.170138   ])
39898   , -33092.5    , array([ 0.769135   ,  1.56992    ,  2.58793    ,  2.58793    ,  0.170138   ])
39899   , -24170.1    , array([ 0.769135   ,  0.95189    ,  2.58793    ,  2.58793    ,  0.170138   ])
39900   , -14621.5    , array([ 0.769135   ,  0.569924   ,  2.58793    ,  2.58793    ,  0.170138   ])
39901   , -6584.88    , array([ 0.769135   ,  0.333856   ,  2.58793    ,  2.58793    ,  0.170138   ])
39902   , -3286.09    , array([ 0.769135   ,  0.187958   ,  2.58793    ,  2.58793    ,  0.170138   ])
39903   , -9219.57    , array([ 0.769135   ,  0.0977879  ,  2.58793    ,  2.58793    ,  0.170138   ])
39904   , -3646.62    , array([ 0.769135   ,  0.230722   ,  2.58793    ,  2.58793    ,  0.170138   ])
39905   , -4170.57    , array([ 0.769135   ,  0.147958   ,  2.58793    ,  2.58793    ,  0.170138   ])
39906   , -3286.09    , array([ 0.769135   ,  0.187958   ,  2.58793    ,  2.58793    ,  0.170138   ])
39907   , -2502.69    , array([ 0.769135   ,  0.187958   ,  3.58793    ,  2.58793    ,  0.170138   ])
39908   , -2109.85    , array([ 0.769135   ,  0.187958   ,  5.20596    ,  2.58793    ,  0.170138   ])
39909   , -2115.44    , array([ 0.769135   ,  0.187958   ,  4.98483    ,  2.58793    ,  0.170138   ])
39910   , -2800.01    , array([ 0.769135   ,  0.187958   ,  7.824      ,  2.58793    ,  0.170138   ])
39911   , -2109.85    , array([ 0.769135   ,  0.187958   ,  5.20596    ,  2.58793    ,  0.170138   ])
39912   , -2228.42    , array([ 0.769135   ,  0.187958   ,  6.20596    ,  2.58793    ,  0.170138   ])
39913   , -2159.54    , array([ 0.769135   ,  0.187958   ,  4.58793    ,  2.58793    ,  0.170138   ])
39914   , -2110.03    , array([ 0.769135   ,  0.187958   ,  5.23214    ,  2.58793    ,  0.170138   ])
39915   , -2109.85    , array([ 0.769135   ,  0.187958   ,  5.17978    ,  2.58793    ,  0.170138   ])
39916   , -2117.27    , array([ 0.769135   ,  0.187958   ,  4.95371    ,  2.58793    ,  0.170138   ])
39917   , -2110.02    , array([ 0.769135   ,  0.187958   ,  5.15386    ,  2.58793    ,  0.170138   ])
39918   , -2109.85    , array([ 0.769135   ,  0.187958   ,  5.17978    ,  2.58793    ,  0.170138   ])
39919   , -2523.78    , array([ 0.769135   ,  0.187958   ,  5.17978    ,  3.58793    ,  0.170138   ])
39920   , -2983.36    , array([ 0.769135   ,  0.187958   ,  5.17978    ,  0.969895   ,  0.170138   ])
39921   , -2109.85    , array([ 0.769135   ,  0.187958   ,  5.17978    ,  2.58793    ,  0.170138   ])
39922   , -2140.88    , array([ 0.769135   ,  0.187958   ,  5.17978    ,  1.96989    ,  0.170138   ])
39923   , -2212.24    , array([ 0.769135   ,  0.187958   ,  5.17978    ,  2.96989    ,  0.170138   ])
39924   , -2089.58    , array([ 0.769135   ,  0.187958   ,  5.17978    ,  2.3578     ,  0.170138   ])
39925   , -2089.51    , array([ 0.769135   ,  0.187958   ,  5.17978    ,  2.34935    ,  0.170138   ])
39926   , -2089.48    , array([ 0.769135   ,  0.187958   ,  5.17978    ,  2.33946    ,  0.170138   ])
39927   , -2089.48    , array([ 0.769135   ,  0.187958   ,  5.17978    ,  2.34194    ,  0.170138   ])
39928   , -2089.48    , array([ 0.769135   ,  0.187958   ,  5.17978    ,  2.33697    ,  0.170138   ])
39929   , -2089.48    , array([ 0.769135   ,  0.187958   ,  5.17978    ,  2.33946    ,  0.170138   ])
39930   , -4891.52    , array([ 0.769135   ,  0.187958   ,  5.17978    ,  2.33946    ,  1.17014    ])
39932   , -2089.48    , array([ 0.769135   ,  0.187958   ,  5.17978    ,  2.33946    ,  0.170138   ])
39934   , -3871.52    , array([ 0.769135   ,  0.187958   ,  5.17978    ,  2.33946    ,  0.552104   ])
39935   , -3197.12    , array([ 0.769135   ,  0.187958   ,  5.17978    ,  2.33946    ,  0.361107   ])
39937   , -2972.65    , array([ 0.769135   ,  0.187958   ,  5.17978    ,  2.33946    ,  0.079968   ])
39938   , -2344.52    , array([ 0.769135   ,  0.187958   ,  5.17978    ,  2.33946    ,  0.213341   ])
39939   , -2073.04    , array([ 0.769135   ,  0.187958   ,  5.17978    ,  2.33946    ,  0.166661   ])
39940   , -1999.56    , array([ 0.769135   ,  0.187958   ,  5.17978    ,  2.33946    ,  0.133547   ])
39941   , -1999.12    , array([ 0.769135   ,  0.187958   ,  5.17978    ,  2.33946    ,  0.133923   ])
39942   , -1997.04    , array([ 0.769135   ,  0.187958   ,  5.17978    ,  2.33946    ,  0.139454   ])
39943   , -2012.19    , array([ 0.769135   ,  0.187958   ,  5.17978    ,  2.33946    ,  0.149846   ])
39944   , -1996.81    , array([ 0.769135   ,  0.187958   ,  5.17978    ,  2.33946    ,  0.138043   ])
39945   , -1996.82    , array([ 0.769135   ,  0.187958   ,  5.17978    ,  2.33946    ,  0.138364   ])
39946   , -1996.82    , array([ 0.769135   ,  0.187958   ,  5.17978    ,  2.33946    ,  0.137723   ])
39948   , -1996.81    , array([ 0.769135   ,  0.187958   ,  5.17978    ,  2.33946    ,  0.138043   ])
39949   , -2844.6     , array([ 1.76914    ,  0.187958   ,  5.17978    ,  2.33946    ,  0.138043   ])
39951   , -1996.81    , array([ 0.769135   ,  0.187958   ,  5.17978    ,  2.33946    ,  0.138043   ])
39952   , -22914.4    , array([ 0.151101   ,  0.187958   ,  5.17978    ,  2.33946    ,  0.138043   ])
39953   , -2040.75    , array([ 1.1511     ,  0.187958   ,  5.17978    ,  2.33946    ,  0.138043   ])
39954   , -1901.7     , array([ 0.958424   ,  0.187958   ,  5.17978    ,  2.33946    ,  0.138043   ])
39955   , -1897.75    , array([ 0.942169   ,  0.187958   ,  5.17978    ,  2.33946    ,  0.138043   ])
39956   , -1895.27    , array([ 0.922132   ,  0.187958   ,  5.17978    ,  2.33946    ,  0.138043   ])
39957   , -1905.56    , array([ 0.863692   ,  0.187958   ,  5.17978    ,  2.33946    ,  0.138043   ])
39958   , -1895.07    , array([ 0.913124   ,  0.187958   ,  5.17978    ,  2.33946    ,  0.138043   ])
39959   , -1895.06    , array([ 0.914564   ,  0.187958   ,  5.17978    ,  2.33946    ,  0.138043   ])
39960   , -1895.07    , array([ 0.916018   ,  0.187958   ,  5.17978    ,  2.33946    ,  0.138043   ])
39961   , -1895.06    , array([ 0.914564   ,  0.187958   ,  5.17978    ,  2.33946    ,  0.138043   ])
39962   , -30777.8    , array([ 0.914564   ,  1.18796    ,  5.17978    ,  2.33946    ,  0.138043   ])
39964   , -1895.06    , array([ 0.914564   ,  0.187958   ,  5.17978    ,  2.33946    ,  0.138043   ])
39966   , -16287.4    , array([ 0.914564   ,  0.569924   ,  5.17978    ,  2.33946    ,  0.138043   ])
39967   , -8841.68    , array([ 0.914564   ,  0.378824   ,  5.17978    ,  2.33946    ,  0.138043   ])
39969   , -6446.39    , array([ 0.914564   ,  0.0977879  ,  5.17978    ,  2.33946    ,  0.138043   ])
39970   , -2673.95    , array([ 0.914564   ,  0.22452    ,  5.17978    ,  2.33946    ,  0.138043   ])
39971   , -1889.11    , array([ 0.914564   ,  0.187432   ,  5.17978    ,  2.33946    ,  0.138043   ])
39972   , -2009.98    , array([ 0.914564   ,  0.153191   ,  5.17978    ,  2.33946    ,  0.138043   ])
39973   , -1806.57    , array([ 0.914564   ,  0.174444   ,  5.17978    ,  2.33946    ,  0.138043   ])
39974   , -1806.15    , array([ 0.914564   ,  0.172285   ,  5.17978    ,  2.33946    ,  0.138043   ])
39975   , -1805.82    , array([ 0.914564   ,  0.173126   ,  5.17978    ,  2.33946    ,  0.138043   ])
39976   , -1805.83    , array([ 0.914564   ,  0.173274   ,  5.17978    ,  2.33946    ,  0.138043   ])
39977   , -1805.83    , array([ 0.914564   ,  0.172978   ,  5.17978    ,  2.33946    ,  0.138043   ])
39978   , -1805.82    , array([ 0.914564   ,  0.173126   ,  5.17978    ,  2.33946    ,  0.138043   ])
39979   , -1930.22    , array([ 0.914564   ,  0.173126   ,  6.17978    ,  2.33946    ,  0.138043   ])
39980   , -2093.67    , array([ 0.914564   ,  0.173126   ,  3.56175    ,  2.33946    ,  0.138043   ])
39981   , -1805.82    , array([ 0.914564   ,  0.173126   ,  5.17978    ,  2.33946    ,  0.138043   ])
39982   , -1833.13    , array([ 0.914564   ,  0.173126   ,  4.56175    ,  2.33946    ,  0.138043   ])
39983   , -1830.97    , array([ 0.914564   ,  0.173126   ,  5.56175    ,  2.33946    ,  0.138043   ])
39984   , -1804.25    , array([ 0.914564   ,  0.173126   ,  5.07156    ,  2.33946    ,  0.138043   ])
39985   , -1804.24    , array([ 0.914564   ,  0.173126   ,  5.05655    ,  2.33946    ,  0.138043   ])
39986   , -1804.24    , array([ 0.914564   ,  0.173126   ,  5.05969    ,  2.33946    ,  0.138043   ])
39987   , -1804.24    , array([ 0.914564   ,  0.173126   ,  5.06089    ,  2.33946    ,  0.138043   ])
39988   , -1804.24    , array([ 0.914564   ,  0.173126   ,  5.05849    ,  2.33946    ,  0.138043   ])
39989   , -1804.24    , array([ 0.914564   ,  0.173126   ,  5.05969    ,  2.33946    ,  0.138043   ])
39990   , -1997.79    , array([ 0.914564   ,  0.173126   ,  5.05969    ,  3.33946    ,  0.138043   ])
39991   , -2949.53    , array([ 0.914564   ,  0.173126   ,  5.05969    ,  0.721422   ,  0.138043   ])
39992   , -1804.24    , array([ 0.914564   ,  0.173126   ,  5.05969    ,  2.33946    ,  0.138043   ])
39993   , -1959.77    , array([ 0.914564   ,  0.173126   ,  5.05969    ,  1.72142    ,  0.138043   ])
39994   , -1823.92    , array([ 0.914564   ,  0.173126   ,  5.05969    ,  2.72142    ,  0.138043   ])
39995   , -1801.94    , array([ 0.914564   ,  0.173126   ,  5.05969    ,  2.44546    ,  0.138043   ])
39996   , -1801.88    , array([ 0.914564   ,  0.173126   ,  5.05969    ,  2.43333    ,  0.138043   ])
39997   , -1801.88    , array([ 0.914564   ,  0.173126   ,  5.05969    ,  2.4314     ,  0.138043   ])
39998   , -1801.88    , array([ 0.914564   ,  0.173126   ,  5.05969    ,  2.43048    ,  0.138043   ])
39999   , -1801.88    , array([ 0.914564   ,  0.173126   ,  5.05969    ,  2.43232    ,  0.138043   ])
40000   , -1801.88    , array([ 0.914564   ,  0.173126   ,  5.05969    ,  2.4314     ,  0.138043   ])
40001   , -5751.98    , array([ 0.914564   ,  0.173126   ,  5.05969    ,  2.4314     ,  1.13804    ])
40003   , -1801.88    , array([ 0.914564   ,  0.173126   ,  5.05969    ,  2.4314     ,  0.138043   ])
40005   , -4445.92    , array([ 0.914564   ,  0.173126   ,  5.05969    ,  2.4314     ,  0.520009   ])
40006   , -3463.19    , array([ 0.914564   ,  0.173126   ,  5.05969    ,  2.4314     ,  0.329005   ])
40008   , -5471.97    , array([ 0.914564   ,  0.173126   ,  5.05969    ,  2.4314     ,  0.0478735  ])
40009   , -2475.2     , array([ 0.914564   ,  0.173126   ,  5.05969    ,  2.4314     ,  0.210984   ])
40010   , -1779.54    , array([ 0.914564   ,  0.173126   ,  5.05969    ,  2.4314     ,  0.103602   ])
40011   , -1727.78    , array([ 0.914564   ,  0.173126   ,  5.05969    ,  2.4314     ,  0.116764   ])
40012   , -1728.5     , array([ 0.914564   ,  0.173126   ,  5.05969    ,  2.4314     ,  0.119316   ])
40013   , -1727.69    , array([ 0.914564   ,  0.173126   ,  5.05969    ,  2.4314     ,  0.117518   ])
40014   , -1727.69    , array([ 0.914564   ,  0.173126   ,  5.05969    ,  2.4314     ,  0.117313   ])
40015   , -1727.71    , array([ 0.914564   ,  0.173126   ,  5.05969    ,  2.4314     ,  0.117106   ])
40016   , -1608.14    , array([ 1.05999    ,  0.158294   ,  4.9396     ,  2.52334    ,  0.0965822  ])
40017   , -1727.69    , array([ 0.914564   ,  0.173126   ,  5.05969    ,  2.4314     ,  0.117313   ])
40018   , -1608.14    , array([ 1.05999    ,  0.158294   ,  4.9396     ,  2.52334    ,  0.0965822  ])
40019   , -1724.35    , array([ 1.2953     ,  0.134296   ,  4.74529    ,  2.6721     ,  0.0630394  ])
40020   , -1608.14    , array([ 1.05999    ,  0.158294   ,  4.9396     ,  2.52334    ,  0.0965822  ])
40021   , -1586.77    , array([ 1.14987    ,  0.149127   ,  4.86538    ,  2.58016    ,  0.08377    ])
40022   , -1602.93    , array([ 1.20542    ,  0.143462   ,  4.81951    ,  2.61528    ,  0.0758516  ])
40023   , -1586.79    , array([ 1.13763    ,  0.150376   ,  4.87549    ,  2.57242    ,  0.0855154  ])
40024   , -1586.64    , array([ 1.14401    ,  0.149725   ,  4.87022    ,  2.57646    ,  0.0846051  ])
40025   , -1586.66    , array([ 1.14631    ,  0.149491   ,  4.86832    ,  2.57791    ,  0.0842781  ])
40026   , -1586.67    , array([ 1.14172    ,  0.149959   ,  4.87211    ,  2.57501    ,  0.0849322  ])
40027   , -1586.64    , array([ 1.14401    ,  0.149725   ,  4.87022    ,  2.57646    ,  0.0846051  ])
40028   , -7738.3     , array([ 1.14401    ,  0.149725   ,  4.87022    ,  2.57646    ,  1.08461    ])
40030   , -1586.64    , array([ 1.14401    ,  0.149725   ,  4.87022    ,  2.57646    ,  0.0846051  ])
40032   , -5884.48    , array([ 1.14401    ,  0.149725   ,  4.87022    ,  2.57646    ,  0.466571   ])
40033   , -4272.11    , array([ 1.14401    ,  0.149725   ,  4.87022    ,  2.57646    ,  0.275553   ])
40036   , -2502.19    , array([ 1.14401    ,  0.149725   ,  4.87022    ,  2.57646    ,  0.157541   ])
40037   , -3472.41    , array([ 1.14401    ,  0.149725   ,  4.87022    ,  2.57646    ,  0.0501633  ])
40038   , -1711.72    , array([ 1.14401    ,  0.149725   ,  4.87022    ,  2.57646    ,  0.11106    ])
40039   , -1593.46    , array([ 1.14401    ,  0.149725   ,  4.87022    ,  2.57646    ,  0.0837902  ])
40040   , -1564.15    , array([ 1.14401    ,  0.149725   ,  4.87022    ,  2.57646    ,  0.0929062  ])
40041   , -1596.13    , array([ 1.14401    ,  0.149725   ,  4.87022    ,  2.57646    ,  0.0998402  ])
40042   , -1562.61    , array([ 1.14401    ,  0.149725   ,  4.87022    ,  2.57646    ,  0.0909426  ])
40043   , -1562.6     , array([ 1.14401    ,  0.149725   ,  4.87022    ,  2.57646    ,  0.0912147  ])
40044   , -1562.6     , array([ 1.14401    ,  0.149725   ,  4.87022    ,  2.57646    ,  0.0911316  ])
40045   , -1562.6     , array([ 1.14401    ,  0.149725   ,  4.87022    ,  2.57646    ,  0.0910664  ])
40046   , -1562.6     , array([ 1.14401    ,  0.149725   ,  4.87022    ,  2.57646    ,  0.0911316  ])
40047   , -34597.2    , array([ 1.14401    ,  1.14972    ,  4.87022    ,  2.57646    ,  0.0911316  ])
40049   , -1562.6     , array([ 1.14401    ,  0.149725   ,  4.87022    ,  2.57646    ,  0.0911316  ])
40051   , -19002      , array([ 1.14401    ,  0.531691   ,  4.87022    ,  2.57646    ,  0.0911316  ])
40052   , -10242.9    , array([ 1.14401    ,  0.340567   ,  4.87022    ,  2.57646    ,  0.0911316  ])
40054   , -12649      , array([ 1.14401    ,  0.059555   ,  4.87022    ,  2.57646    ,  0.0911316  ])
40055   , -3327.14    , array([ 1.14401    ,  0.207204   ,  4.87022    ,  2.57646    ,  0.0911316  ])
40056   , -2150.44    , array([ 1.14401    ,  0.115283   ,  4.87022    ,  2.57646    ,  0.0911316  ])
40057   , -1555.78    , array([ 1.14401    ,  0.148926   ,  4.87022    ,  2.57646    ,  0.0911316  ])
40058   , -1529.94    , array([ 1.14401    ,  0.14372    ,  4.87022    ,  2.57646    ,  0.0911316  ])
40059   , -1594.83    , array([ 1.14401    ,  0.132858   ,  4.87022    ,  2.57646    ,  0.0911316  ])
40060   , -1528.85    , array([ 1.14401    ,  0.142143   ,  4.87022    ,  2.57646    ,  0.0911316  ])
40061   , -1528.8     , array([ 1.14401    ,  0.142386   ,  4.87022    ,  2.57646    ,  0.0911316  ])
40062   , -1528.81    , array([ 1.14401    ,  0.14246    ,  4.87022    ,  2.57646    ,  0.0911316  ])
40063   , -1528.81    , array([ 1.14401    ,  0.142313   ,  4.87022    ,  2.57646    ,  0.0911316  ])
40064   , -1528.8     , array([ 1.14401    ,  0.142386   ,  4.87022    ,  2.57646    ,  0.0911316  ])
40065   , -1631.13    , array([ 1.14401    ,  0.142386   ,  5.87022    ,  2.57646    ,  0.0911316  ])
40066   , -1678.21    , array([ 1.14401    ,  0.142386   ,  3.25218    ,  2.57646    ,  0.0911316  ])
40067   , -1528.8     , array([ 1.14401    ,  0.142386   ,  4.87022    ,  2.57646    ,  0.0911316  ])
40068   , -1534.13    , array([ 1.14401    ,  0.142386   ,  4.25218    ,  2.57646    ,  0.0911316  ])
40069   , -1552.87    , array([ 1.14401    ,  0.142386   ,  5.25218    ,  2.57646    ,  0.0911316  ])
40070   , -1524.06    , array([ 1.14401    ,  0.142386   ,  4.62138    ,  2.57646    ,  0.0911316  ])
40071   , -1524.05    , array([ 1.14401    ,  0.142386   ,  4.61864    ,  2.57646    ,  0.0911316  ])
40072   , -1524.05    , array([ 1.14401    ,  0.142386   ,  4.61503    ,  2.57646    ,  0.0911316  ])
40073   , -1524.05    , array([ 1.14401    ,  0.142386   ,  4.61248    ,  2.57646    ,  0.0911316  ])
40074   , -1524.05    , array([ 1.14401    ,  0.142386   ,  4.61503    ,  2.57646    ,  0.0911316  ])
40075   , -1655       , array([ 1.14401    ,  0.142386   ,  4.61503    ,  3.57646    ,  0.0911316  ])
40076   , -2110.91    , array([ 1.14401    ,  0.142386   ,  4.61503    ,  0.958424   ,  0.0911316  ])
40077   , -1524.05    , array([ 1.14401    ,  0.142386   ,  4.61503    ,  2.57646    ,  0.0911316  ])
40078   , -1603.49    , array([ 1.14401    ,  0.142386   ,  4.61503    ,  1.95842    ,  0.0911316  ])
40079   , -1541.04    , array([ 1.14401    ,  0.142386   ,  4.61503    ,  2.95842    ,  0.0911316  ])
40080   , -1523.69    , array([ 1.14401    ,  0.142386   ,  4.61503    ,  2.63893    ,  0.0911316  ])
40081   , -1523.66    , array([ 1.14401    ,  0.142386   ,  4.61503    ,  2.6261     ,  0.0911316  ])
40082   , -1523.66    , array([ 1.14401    ,  0.142386   ,  4.61503    ,  2.62532    ,  0.0911316  ])
40083   , -1523.66    , array([ 1.14401    ,  0.142386   ,  4.61503    ,  2.62484    ,  0.0911316  ])
40084   , -1523.66    , array([ 1.14401    ,  0.142386   ,  4.61503    ,  2.62532    ,  0.0911316  ])
40085   , -1493.75    , array([ 1.37346    ,  0.118985   ,  4.42555    ,  2.77039    ,  0.0584239  ])
40086   , -32520.7    , array([ 1.74472    ,  0.0811218  ,  4.11898    ,  3.0051     ,  0.00550171 ])
40087   , -1493.75    , array([ 1.37346    ,  0.118985   ,  4.42555    ,  2.77039    ,  0.0584239  ])
40088   , -2242.74    , array([ 1.51527    ,  0.104523   ,  4.30845    ,  2.86004    ,  0.0382094  ])
40089   , -1457.79    , array([ 1.28582    ,  0.127924   ,  4.49793    ,  2.71498    ,  0.0709172  ])
40090   , -1458.19    , array([ 1.31998    ,  0.12444    ,  4.46972    ,  2.73657    ,  0.0660478  ])
40091   , -1456.47    , array([ 1.30212    ,  0.126261   ,  4.48447    ,  2.72528    ,  0.0685936  ])
40092   , -1456.49    , array([ 1.30054    ,  0.126423   ,  4.48577    ,  2.72428    ,  0.068819   ])
40093   , -1456.48    , array([ 1.3037     ,  0.1261     ,  4.48316    ,  2.72628    ,  0.0683682  ])
40094   , -4971.66    , array([ 1.68968    ,  0.0793967  ,  3.90924    ,  3.01917    ,  0.0198744  ])
40095   , -1456.47    , array([ 1.30212    ,  0.126261   ,  4.48447    ,  2.72528    ,  0.0685936  ])
40096   , -9953.65    , array([ 1.30212    ,  0.126261   ,  4.48447    ,  2.72528    ,  1.06859    ])
40098   , -1456.47    , array([ 1.30212    ,  0.126261   ,  4.48447    ,  2.72528    ,  0.0685936  ])
40100   , -7861.76    , array([ 1.30212    ,  0.126261   ,  4.48447    ,  2.72528    ,  0.45056    ])
40101   , -5887.32    , array([ 1.30212    ,  0.126261   ,  4.48447    ,  2.72528    ,  0.259525   ])
40104   , -3341.62    , array([ 1.30212    ,  0.126261   ,  4.48447    ,  2.72528    ,  0.141523   ])
40105   , -4880.38    , array([ 1.30212    ,  0.126261   ,  4.48447    ,  2.72528    ,  0.0341518  ])
40106   , -1873.08    , array([ 1.30212    ,  0.126261   ,  4.48447    ,  2.72528    ,  0.0939795  ])
40107   , -1762.76    , array([ 1.30212    ,  0.126261   ,  4.48447    ,  2.72528    ,  0.055438   ])
40108   , -1468.32    , array([ 1.30212    ,  0.126261   ,  4.48447    ,  2.72528    ,  0.0733191  ])
40109   , -1455.18    , array([ 1.30212    ,  0.126261   ,  4.48447    ,  2.72528    ,  0.0700872  ])
40110   , -1455.03    , array([ 1.30212    ,  0.126261   ,  4.48447    ,  2.72528    ,  0.0697553  ])
40111   , -1455.03    , array([ 1.30212    ,  0.126261   ,  4.48447    ,  2.72528    ,  0.0697271  ])
40112   , -1455.03    , array([ 1.30212    ,  0.126261   ,  4.48447    ,  2.72528    ,  0.0697157  ])
40113   , -1455.03    , array([ 1.30212    ,  0.126261   ,  4.48447    ,  2.72528    ,  0.0697384  ])
40114   , -1455.03    , array([ 1.30212    ,  0.126261   ,  4.48447    ,  2.72528    ,  0.0697271  ])
40115   , -37864      , array([ 1.30212    ,  1.12626    ,  4.48447    ,  2.72528    ,  0.0697271  ])
40117   , -1455.03    , array([ 1.30212    ,  0.126261   ,  4.48447    ,  2.72528    ,  0.0697271  ])
40119   , -21545.1    , array([ 1.30212    ,  0.508227   ,  4.48447    ,  2.72528    ,  0.0697271  ])
40120   , -11743.7    , array([ 1.30212    ,  0.317082   ,  4.48447    ,  2.72528    ,  0.0697271  ])
40122   , -23886.6    , array([ 1.30212    ,  0.0360914  ,  4.48447    ,  2.72528    ,  0.0697271  ])
40123   , -4414.06    , array([ 1.30212    ,  0.199148   ,  4.48447    ,  2.72528    ,  0.0697271  ])
40124   , -2643.63    , array([ 1.30212    ,  0.0918195  ,  4.48447    ,  2.72528    ,  0.0697271  ])
40125   , -1542.24    , array([ 1.30212    ,  0.133698   ,  4.48447    ,  2.72528    ,  0.0697271  ])
40126   , -1447.66    , array([ 1.30212    ,  0.124669   ,  4.48447    ,  2.72528    ,  0.0697271  ])
40127   , -1444.7     , array([ 1.30212    ,  0.122521   ,  4.48447    ,  2.72528    ,  0.0697271  ])
40128   , -1444.61    , array([ 1.30212    ,  0.122801   ,  4.48447    ,  2.72528    ,  0.0697271  ])
40129   , -1444.61    , array([ 1.30212    ,  0.122836   ,  4.48447    ,  2.72528    ,  0.0697271  ])
40130   , -1444.61    , array([ 1.30212    ,  0.12287    ,  4.48447    ,  2.72528    ,  0.0697271  ])
40131   , -1444.61    , array([ 1.30212    ,  0.122836   ,  4.48447    ,  2.72528    ,  0.0697271  ])
40132   , -1514.36    , array([ 1.30212    ,  0.122836   ,  5.48447    ,  2.72528    ,  0.0697271  ])
40133   , -1563.18    , array([ 1.30212    ,  0.122836   ,  2.86643    ,  2.72528    ,  0.0697271  ])
40134   , -1444.61    , array([ 1.30212    ,  0.122836   ,  4.48447    ,  2.72528    ,  0.0697271  ])
40135   , -1452.42    , array([ 1.30212    ,  0.122836   ,  3.86643    ,  2.72528    ,  0.0697271  ])
40136   , -1459.99    , array([ 1.30212    ,  0.122836   ,  4.86643    ,  2.72528    ,  0.0697271  ])
40137   , -1442.55    , array([ 1.30212    ,  0.122836   ,  4.29489    ,  2.72528    ,  0.0697271  ])
40138   , -1442.55    , array([ 1.30212    ,  0.122836   ,  4.29058    ,  2.72528    ,  0.0697271  ])
40139   , -1442.55    , array([ 1.30212    ,  0.122836   ,  4.28774    ,  2.72528    ,  0.0697271  ])
40140   , -1442.55    , array([ 1.30212    ,  0.122836   ,  4.28578    ,  2.72528    ,  0.0697271  ])
40141   , -1442.55    , array([ 1.30212    ,  0.122836   ,  4.28774    ,  2.72528    ,  0.0697271  ])
40142   , -1543.88    , array([ 1.30212    ,  0.122836   ,  4.28774    ,  3.72528    ,  0.0697271  ])
40143   , -1806.32    , array([ 1.30212    ,  0.122836   ,  4.28774    ,  1.10725    ,  0.0697271  ])
40144   , -1442.55    , array([ 1.30212    ,  0.122836   ,  4.28774    ,  2.72528    ,  0.0697271  ])
40145   , -1489.25    , array([ 1.30212    ,  0.122836   ,  4.28774    ,  2.10725    ,  0.0697271  ])
40146   , -1458.2     , array([ 1.30212    ,  0.122836   ,  4.28774    ,  3.10725    ,  0.0697271  ])
40147   , -1442.57    , array([ 1.30212    ,  0.122836   ,  4.28774    ,  2.74048    ,  0.0697271  ])
40148   , -1442.55    , array([ 1.30212    ,  0.122836   ,  4.28774    ,  2.72709    ,  0.0697271  ])
40149   , -1442.55    , array([ 1.30212    ,  0.122836   ,  4.28774    ,  2.72732    ,  0.0697271  ])
40150   , -1442.55    , array([ 1.30212    ,  0.122836   ,  4.28774    ,  2.7273     ,  0.0697271  ])
40151   , -1442.55    , array([ 1.30212    ,  0.122836   ,  4.28774    ,  2.72734    ,  0.0697271  ])
40152   , -1442.55    , array([ 1.30212    ,  0.122836   ,  4.28774    ,  2.72732    ,  0.0697271  ])
40153   , -2059.98    , array([ 1.53157    ,  0.0994351  ,  4.09827    ,  2.87238    ,  0.0370193  ])
40154   , -1721.45    , array([ 0.930864   ,  0.1607     ,  4.59432    ,  2.49261    ,  0.122649   ])
40155   , -1442.55    , array([ 1.30212    ,  0.122836   ,  4.28774    ,  2.72732    ,  0.0697271  ])
40156   , -1541.65    , array([ 1.16031    ,  0.137299   ,  4.40485    ,  2.63767    ,  0.0899415  ])
40157   , -1432.59    , array([ 1.38976    ,  0.113898   ,  4.21537    ,  2.78273    ,  0.0572338  ])
40158   , -1424.98    , array([ 1.3682     ,  0.116096   ,  4.23317    ,  2.7691     ,  0.060307   ])
40159   , -1424.55    , array([ 1.35398    ,  0.117547   ,  4.24492    ,  2.76011    ,  0.0623344  ])
40160   , -1424.35    , array([ 1.35942    ,  0.116992   ,  4.24043    ,  2.76355    ,  0.0615591  ])
40161   , -1424.35    , array([ 1.35885    ,  0.117051   ,  4.2409     ,  2.76318    ,  0.0616408  ])
40162   , -1424.35    , array([ 1.35999    ,  0.116934   ,  4.23995    ,  2.76391    ,  0.0614774  ])
40163   , -1405.86    , array([ 1.41672    ,  0.107723   ,  3.99639    ,  2.80181    ,  0.0545246  ])
40164   , -1424.35    , array([ 1.35942    ,  0.116992   ,  4.24043    ,  2.76355    ,  0.0615591  ])
40165   , -1405.86    , array([ 1.41672    ,  0.107723   ,  3.99639    ,  2.80181    ,  0.0545246  ])
40166   , -1406.95    , array([ 1.50943    ,  0.0927256  ,  3.60153    ,  2.86372    ,  0.0431426  ])
40167   , -1405.86    , array([ 1.41672    ,  0.107723   ,  3.99639    ,  2.80181    ,  0.0545246  ])
40168   , -1400.86    , array([ 1.45213    ,  0.101995   ,  3.84556    ,  2.82546    ,  0.0501771  ])
40169   , -1400.66    , array([ 1.47402    ,  0.0984542  ,  3.75235    ,  2.84007    ,  0.0474901  ])
40170   , -1400.44    , array([ 1.46504    ,  0.0999067  ,  3.79059    ,  2.83408    ,  0.0485925  ])
40171   , -1400.44    , array([ 1.46398    ,  0.100078   ,  3.79509    ,  2.83337    ,  0.0487222  ])
40172   , -1400.44    , array([ 1.4661     ,  0.0997359  ,  3.7861     ,  2.83478    ,  0.0484628  ])
40173   , -1400.44    , array([ 1.46504    ,  0.0999067  ,  3.79059    ,  2.83408    ,  0.0485925  ])
40174   , -13677.4    , array([ 1.46504    ,  0.0999067  ,  3.79059    ,  2.83408    ,  1.04859    ])
40176   , -1400.44    , array([ 1.46504    ,  0.0999067  ,  3.79059    ,  2.83408    ,  0.0485925  ])
40178   , -11490.5    , array([ 1.46504    ,  0.0999067  ,  3.79059    ,  2.83408    ,  0.430558   ])
40179   , -9233.02    , array([ 1.46504    ,  0.0999067  ,  3.79059    ,  2.83408    ,  0.239494   ])
40182   , -5339.8     , array([ 1.46504    ,  0.0999067  ,  3.79059    ,  2.83408    ,  0.12151    ])
40183   , -14610.3    , array([ 1.46504    ,  0.0999067  ,  3.79059    ,  2.83408    ,  0.0141506  ])
40184   , -2576.01    , array([ 1.46504    ,  0.0999067  ,  3.79059    ,  2.83408    ,  0.0764446  ])
40185   , -2233.82    , array([ 1.46504    ,  0.0999067  ,  3.79059    ,  2.83408    ,  0.0354369  ])
40186   , -1467.41    , array([ 1.46504    ,  0.0999067  ,  3.79059    ,  2.83408    ,  0.0543198  ])
40187   , -1401.25    , array([ 1.46504    ,  0.0999067  ,  3.79059    ,  2.83408    ,  0.0499848  ])
40188   , -1399.39    , array([ 1.46504    ,  0.0999067  ,  3.79059    ,  2.83408    ,  0.0491751  ])
40189   , -1399.39    , array([ 1.46504    ,  0.0999067  ,  3.79059    ,  2.83408    ,  0.0491892  ])
40190   , -1399.39    , array([ 1.46504    ,  0.0999067  ,  3.79059    ,  2.83408    ,  0.0491952  ])
40191   , -1399.39    , array([ 1.46504    ,  0.0999067  ,  3.79059    ,  2.83408    ,  0.0491833  ])
40192   , -1399.39    , array([ 1.46504    ,  0.0999067  ,  3.79059    ,  2.83408    ,  0.0491833  ])
40193   , -42621.7    , array([ 1.46504    ,  1.09991    ,  3.79059    ,  2.83408    ,  0.0491833  ])
40195   , -1399.39    , array([ 1.46504    ,  0.0999067  ,  3.79059    ,  2.83408    ,  0.0491833  ])
40197   , -25729.1    , array([ 1.46504    ,  0.481873   ,  3.79059    ,  2.83408    ,  0.0491833  ])
40198   , -14529.5    , array([ 1.46504    ,  0.290693   ,  3.79059    ,  2.83408    ,  0.0491833  ])
40201   , -5341.61    , array([ 1.46504    ,  0.172781   ,  3.79059    ,  2.83408    ,  0.0491833  ])
40202   , -3912.9     , array([ 1.46504    ,  0.0654649  ,  3.79059    ,  2.83408    ,  0.0491833  ])
40203   , -1647.37    , array([ 1.46504    ,  0.113501   ,  3.79059    ,  2.83408    ,  0.0491833  ])
40204   , -1408.71    , array([ 1.46504    ,  0.101901   ,  3.79059    ,  2.83408    ,  0.0491833  ])
40205   , -1398.82    , array([ 1.46504    ,  0.0989072  ,  3.79059    ,  2.83408    ,  0.0491833  ])
40206   , -1398.7     , array([ 1.46504    ,  0.0991988  ,  3.79059    ,  2.83408    ,  0.0491833  ])
40207   , -1398.7     , array([ 1.46504    ,  0.0992059  ,  3.79059    ,  2.83408    ,  0.0491833  ])
40208   , -1398.7     , array([ 1.46504    ,  0.0992129  ,  3.79059    ,  2.83408    ,  0.0491833  ])
40209   , -1398.7     , array([ 1.46504    ,  0.0992059  ,  3.79059    ,  2.83408    ,  0.0491833  ])
40210   , -1429.77    , array([ 1.46504    ,  0.0992059  ,  4.79059    ,  2.83408    ,  0.0491833  ])
40211   , -1498.13    , array([ 1.46504    ,  0.0992059  ,  2.17256    ,  2.83408    ,  0.0491833  ])
40212   , -1398.7     , array([ 1.46504    ,  0.0992059  ,  3.79059    ,  2.83408    ,  0.0491833  ])
40213   , -1412.77    , array([ 1.46504    ,  0.0992059  ,  3.17256    ,  2.83408    ,  0.0491833  ])
40214   , -1403.13    , array([ 1.46504    ,  0.0992059  ,  4.17256    ,  2.83408    ,  0.0491833  ])
40215   , -1398.69    , array([ 1.46504    ,  0.0992059  ,  3.81278    ,  2.83408    ,  0.0491833  ])
40216   , -1398.69    , array([ 1.46504    ,  0.0992059  ,  3.80661    ,  2.83408    ,  0.0491833  ])
40217   , -1398.69    , array([ 1.46504    ,  0.0992059  ,  3.80645    ,  2.83408    ,  0.0491833  ])
40218   , -1398.69    , array([ 1.46504    ,  0.0992059  ,  3.80629    ,  2.83408    ,  0.0491833  ])
40219   , -1398.69    , array([ 1.46504    ,  0.0992059  ,  3.80645    ,  2.83408    ,  0.0491833  ])
40220   , -1466.55    , array([ 1.46504    ,  0.0992059  ,  3.80645    ,  3.83408    ,  0.0491833  ])
40221   , -1593.41    , array([ 1.46504    ,  0.0992059  ,  3.80645    ,  1.21604    ,  0.0491833  ])
40222   , -1398.69    , array([ 1.46504    ,  0.0992059  ,  3.80645    ,  2.83408    ,  0.0491833  ])
40223   , -1421.87    , array([ 1.46504    ,  0.0992059  ,  3.80645    ,  2.21604    ,  0.0491833  ])
40224   , -1410.53    , array([ 1.46504    ,  0.0992059  ,  3.80645    ,  3.21604    ,  0.0491833  ])
40225   , -1398.55    , array([ 1.46504    ,  0.0992059  ,  3.80645    ,  2.79876    ,  0.0491833  ])
40226   , -1398.54    , array([ 1.46504    ,  0.0992059  ,  3.80645    ,  2.78652    ,  0.0491833  ])
40227   , -1398.54    , array([ 1.46504    ,  0.0992059  ,  3.80645    ,  2.78761    ,  0.0491833  ])
40228   , -1398.54    , array([ 1.46504    ,  0.0992059  ,  3.80645    ,  2.78807    ,  0.0491833  ])
40229   , -1398.54    , array([ 1.46504    ,  0.0992059  ,  3.80645    ,  2.78714    ,  0.0491833  ])
40230   , -1398.54    , array([ 1.46504    ,  0.0992059  ,  3.80645    ,  2.78761    ,  0.0491833  ])
40231   , -1429.48    , array([ 1.57066    ,  0.0821203  ,  3.35662    ,  2.85814    ,  0.0362166  ])
40232   , -1453.29    , array([ 1.29414    ,  0.126851   ,  4.5343     ,  2.67348    ,  0.0701637  ])
40233   , -1398.54    , array([ 1.46504    ,  0.0992059  ,  3.80645    ,  2.78761    ,  0.0491833  ])
40234   , -1408.36    , array([ 1.39976    ,  0.109765   ,  4.08446    ,  2.74402    ,  0.0571971  ])
40235   , -1399.67    , array([ 1.50538    ,  0.0926797  ,  3.63463    ,  2.81455    ,  0.0442304  ])
40236   , -1398.15    , array([ 1.47697    ,  0.0972767  ,  3.75566    ,  2.79557    ,  0.0477192  ])
40237   , -1398.14    , array([ 1.47873    ,  0.0969913  ,  3.74814    ,  2.79675    ,  0.0475026  ])
40238   , -1398.13    , array([ 1.47987    ,  0.0968062  ,  3.74327    ,  2.79751    ,  0.0473621  ])
40239   , -1398.13    , array([ 1.47973    ,  0.0968302  ,  3.7439     ,  2.79741    ,  0.0473803  ])
40240   , -1398.13    , array([ 1.47958    ,  0.0968539  ,  3.74453    ,  2.79732    ,  0.0473983  ])
40241   , -1443.4     , array([ 1.60003    ,  0.0766681  ,  3.24738    ,  2.83128    ,  0.0332015  ])
40242   , -1398.13    , array([ 1.47973    ,  0.0968302  ,  3.7439     ,  2.79741    ,  0.0473803  ])
40243   , -14572.2    , array([ 1.47973    ,  0.0968302  ,  3.7439     ,  2.79741    ,  1.04738    ])
40245   , -1398.13    , array([ 1.47973    ,  0.0968302  ,  3.7439     ,  2.79741    ,  0.0473803  ])
40247   , -12319.2    , array([ 1.47973    ,  0.0968302  ,  3.7439     ,  2.79741    ,  0.429346   ])
40248   , -9972.93    , array([ 1.47973    ,  0.0968302  ,  3.7439     ,  2.79741    ,  0.238275   ])
40251   , -5822.48    , array([ 1.47973    ,  0.0968302  ,  3.7439     ,  2.79741    ,  0.120296   ])
40252   , -15801.5    , array([ 1.47973    ,  0.0968302  ,  3.7439     ,  2.79741    ,  0.0129385  ])
40253   , -2789.8     , array([ 1.47973    ,  0.0968302  ,  3.7439     ,  2.79741    ,  0.0752315  ])
40254   , -2198.04    , array([ 1.47973    ,  0.0968302  ,  3.7439     ,  2.79741    ,  0.0342247  ])
40255   , -1473.95    , array([ 1.47973    ,  0.0968302  ,  3.7439     ,  2.79741    ,  0.052057   ])
40256   , -1400.12    , array([ 1.47973    ,  0.0968302  ,  3.7439     ,  2.79741    ,  0.0478418  ])
40257   , -1397.56    , array([ 1.47973    ,  0.0968302  ,  3.7439     ,  2.79741    ,  0.0468475  ])
40258   , -1397.52    , array([ 1.47973    ,  0.0968302  ,  3.7439     ,  2.79741    ,  0.0469471  ])
40259   , -1397.52    , array([ 1.47973    ,  0.0968302  ,  3.7439     ,  2.79741    ,  0.0469514  ])
40260   , -1397.52    , array([ 1.47973    ,  0.0968302  ,  3.7439     ,  2.79741    ,  0.0469557  ])
40261   , -1397.52    , array([ 1.47973    ,  0.0968302  ,  3.7439     ,  2.79741    ,  0.0469514  ])
40262   , -43275.2    , array([ 1.47973    ,  1.09683    ,  3.7439     ,  2.79741    ,  0.0469514  ])
40264   , -1397.52    , array([ 1.47973    ,  0.0968302  ,  3.7439     ,  2.79741    ,  0.0469514  ])
40266   , -26351.3    , array([ 1.47973    ,  0.478796   ,  3.7439     ,  2.79741    ,  0.0469514  ])
40267   , -14972.1    , array([ 1.47973    ,  0.287611   ,  3.7439     ,  2.79741    ,  0.0469514  ])
40270   , -5506.59    , array([ 1.47973    ,  0.169702   ,  3.7439     ,  2.79741    ,  0.0469514  ])
40271   , -4165.5     , array([ 1.47973    ,  0.0623883  ,  3.7439     ,  2.79741    ,  0.0469514  ])
40272   , -1676.96    , array([ 1.47973    ,  0.111142   ,  3.7439     ,  2.79741    ,  0.0469514  ])
40273   , -1409.05    , array([ 1.47973    ,  0.0992214  ,  3.7439     ,  2.79741    ,  0.0469514  ])
40274   , -1397.35    , array([ 1.47973    ,  0.0960712  ,  3.7439     ,  2.79741    ,  0.0469514  ])
40275   , -1397.21    , array([ 1.47973    ,  0.0963723  ,  3.7439     ,  2.79741    ,  0.0469514  ])
40276   , -1397.21    , array([ 1.47973    ,  0.0963769  ,  3.7439     ,  2.79741    ,  0.0469514  ])
40277   , -1397.21    , array([ 1.47973    ,  0.0963678  ,  3.7439     ,  2.79741    ,  0.0469514  ])
40278   , -1397.21    , array([ 1.47973    ,  0.0963723  ,  3.7439     ,  2.79741    ,  0.0469514  ])
40279   , -1426.92    , array([ 1.47973    ,  0.0963723  ,  4.7439     ,  2.79741    ,  0.0469514  ])
40280   , -1488.82    , array([ 1.47973    ,  0.0963723  ,  2.12587    ,  2.79741    ,  0.0469514  ])
40281   , -1397.21    , array([ 1.47973    ,  0.0963723  ,  3.7439     ,  2.79741    ,  0.0469514  ])
40282   , -1409.94    , array([ 1.47973    ,  0.0963723  ,  3.12587    ,  2.79741    ,  0.0469514  ])
40283   , -1401.6     , array([ 1.47973    ,  0.0963723  ,  4.12587    ,  2.79741    ,  0.0469514  ])
40284   , -1397.21    , array([ 1.47973    ,  0.0963723  ,  3.75585    ,  2.79741    ,  0.0469514  ])
40285   , -1397.21    , array([ 1.47973    ,  0.0963723  ,  3.74958    ,  2.79741    ,  0.0469514  ])
40286   , -1397.21    , array([ 1.47973    ,  0.0963723  ,  3.74963    ,  2.79741    ,  0.0469514  ])
40287   , -1397.21    , array([ 1.47973    ,  0.0963723  ,  3.74952    ,  2.79741    ,  0.0469514  ])
40288   , -1397.21    , array([ 1.47973    ,  0.0963723  ,  3.74958    ,  2.79741    ,  0.0469514  ])
40289   , -1458.89    , array([ 1.47973    ,  0.0963723  ,  3.74958    ,  3.79741    ,  0.0469514  ])
40290   , -1582.61    , array([ 1.47973    ,  0.0963723  ,  3.74958    ,  1.17938    ,  0.0469514  ])
40291   , -1397.21    , array([ 1.47973    ,  0.0963723  ,  3.74958    ,  2.79741    ,  0.0469514  ])
40292   , -1420.26    , array([ 1.47973    ,  0.0963723  ,  3.74958    ,  2.17938    ,  0.0469514  ])
40293   , -1407.51    , array([ 1.47973    ,  0.0963723  ,  3.74958    ,  3.17938    ,  0.0469514  ])
40294   , -1397.16    , array([ 1.47973    ,  0.0963723  ,  3.74958    ,  2.77854    ,  0.0469514  ])
40295   , -1397.15    , array([ 1.47973    ,  0.0963723  ,  3.74958    ,  2.76721    ,  0.0469514  ])
40296   , -1397.15    , array([ 1.47973    ,  0.0963723  ,  3.74958    ,  2.76792    ,  0.0469514  ])
40297   , -1397.15    , array([ 1.47973    ,  0.0963723  ,  3.74958    ,  2.76821    ,  0.0469514  ])
40298   , -1397.15    , array([ 1.47973    ,  0.0963723  ,  3.74958    ,  2.76762    ,  0.0469514  ])
40299   , -1397.15    , array([ 1.47973    ,  0.0963723  ,  3.74958    ,  2.76792    ,  0.0469514  ])
40300   , -1451.26    , array([ 1.58534    ,  0.0792868  ,  3.29974    ,  2.83845    ,  0.0339848  ])
40301   , -1440.25    , array([ 1.30883    ,  0.124017   ,  4.47742    ,  2.65379    ,  0.0679319  ])
40302   , -1397.15    , array([ 1.47973    ,  0.0963723  ,  3.74958    ,  2.76792    ,  0.0469514  ])
40303   , -1403.18    , array([ 1.41445    ,  0.106932   ,  4.02759    ,  2.72433    ,  0.0549652  ])
40304   , -1402.33    , array([ 1.52007    ,  0.0898462  ,  3.57776    ,  2.79486    ,  0.0419986  ])
40305   , -1397.19    , array([ 1.46918    ,  0.0980774  ,  3.79447    ,  2.76088    ,  0.0482455  ])
40306   , -1397.11    , array([ 1.47514    ,  0.0971134  ,  3.76909    ,  2.76486    ,  0.0475138  ])
40307   , -1397.11    , array([ 1.47535    ,  0.0970798  ,  3.7682     ,  2.765      ,  0.0474883  ])
40308   , -1397.11    , array([ 1.47541    ,  0.0970701  ,  3.76795    ,  2.76504    ,  0.047481   ])
40309   , -1397.11    , array([ 1.47546    ,  0.0970631  ,  3.76777    ,  2.76507    ,  0.0474757  ])
40310   , -1396.13    , array([ 1.4711     ,  0.09731    ,  3.792      ,  2.73266    ,  0.0475817  ])
40311   , -1397.11    , array([ 1.47541    ,  0.0970701  ,  3.76795    ,  2.76504    ,  0.047481   ])
40312   , -1396.13    , array([ 1.4711     ,  0.09731    ,  3.792      ,  2.73266    ,  0.0475817  ])
40313   , -1394.6     , array([ 1.46412    ,  0.0976982  ,  3.8309     ,  2.68027    ,  0.0477446  ])
40314   , -1386.23    , array([ 1.34701    ,  0.104212   ,  4.48373    ,  1.80131    ,  0.0504777  ])
40315   , -1501.69    , array([ 1.15754    ,  0.114751   ,  5.54002    ,  0.379118   ,  0.0549     ])
40316   , -1386.23    , array([ 1.34701    ,  0.104212   ,  4.48373    ,  1.80131    ,  0.0504777  ])
40317   , -1404.81    , array([ 1.27464    ,  0.108237   ,  4.8872     ,  1.25808    ,  0.0521668  ])
40318   , -1384.98    , array([ 1.39174    ,  0.101724   ,  4.23437    ,  2.13704    ,  0.0494337  ])
40319   , -1384.68    , array([ 1.37656    ,  0.102569   ,  4.31904    ,  2.02305    ,  0.0497882  ])
40320   , -1384.68    , array([ 1.37809    ,  0.102483   ,  4.3105     ,  2.03455    ,  0.0497524  ])
40321   , -1384.68    , array([ 1.37906    ,  0.102429   ,  4.30507    ,  2.04185    ,  0.0497297  ])
40322   , -1384.68    , array([ 1.37809    ,  0.102483   ,  4.3105     ,  2.03455    ,  0.0497524  ])
40323   , -1418.84    , array([ 1.48371    ,  0.0853978  ,  3.86067    ,  2.10508    ,  0.0367858  ])
40324   , -1425.71    , array([ 1.20719    ,  0.130128   ,  5.03835    ,  1.92042    ,  0.0707329  ])
40325   , -1384.68    , array([ 1.37809    ,  0.102483   ,  4.3105     ,  2.03455    ,  0.0497524  ])
40326   , -1393.58    , array([ 1.31281    ,  0.113043   ,  4.58851    ,  1.99096    ,  0.0577663  ])
40327   , -1385.51    , array([ 1.41843    ,  0.0959573  ,  4.13868    ,  2.06149    ,  0.0447996  ])
40328   , -1384.15    , array([ 1.39131    ,  0.100344   ,  4.25417    ,  2.04338    ,  0.0481287  ])
40329   , -1384.13    , array([ 1.39362    ,  0.0999711  ,  4.24436    ,  2.04492    ,  0.0478458  ])
40330   , -1384.13    , array([ 1.39539    ,  0.0996852  ,  4.23683    ,  2.0461     ,  0.0476288  ])
40331   , -1384.12    , array([ 1.39508    ,  0.0997355  ,  4.23815    ,  2.04589    ,  0.047667   ])
40332   , -1384.12    , array([ 1.39491    ,  0.099763   ,  4.23888    ,  2.04578    ,  0.0476879  ])
40333   , -1384.12    , array([ 1.39508    ,  0.0997355  ,  4.23815    ,  2.04589    ,  0.047667   ])
40334   , -42182.3    , array([ 1.39508    ,  1.09974    ,  4.23815    ,  2.04589    ,  0.047667   ])
40336   , -1384.12    , array([ 1.39508    ,  0.0997355  ,  4.23815    ,  2.04589    ,  0.047667   ])
40338   , -25408.6    , array([ 1.39508    ,  0.481702   ,  4.23815    ,  2.04589    ,  0.047667   ])
40339   , -14254.9    , array([ 1.39508    ,  0.290524   ,  4.23815    ,  2.04589    ,  0.047667   ])
40342   , -5129.17    , array([ 1.39508    ,  0.17261    ,  4.23815    ,  2.04589    ,  0.047667   ])
40343   , -4252.98    , array([ 1.39508    ,  0.0652937  ,  4.23815    ,  2.04589    ,  0.047667   ])
40344   , -1637.39    , array([ 1.39508    ,  0.115699   ,  4.23815    ,  2.04589    ,  0.047667   ])
40345   , -1390.69    , array([ 1.39508    ,  0.103685   ,  4.23815    ,  2.04589    ,  0.047667   ])
40346   , -1381.53    , array([ 1.39508    ,  0.101007   ,  4.23815    ,  2.04589    ,  0.047667   ])
40347   , -1381.52    , array([ 1.39508    ,  0.101109   ,  4.23815    ,  2.04589    ,  0.047667   ])
40348   , -1381.52    , array([ 1.39508    ,  0.101089   ,  4.23815    ,  2.04589    ,  0.047667   ])
40349   , -1381.52    , array([ 1.39508    ,  0.101075   ,  4.23815    ,  2.04589    ,  0.047667   ])
40350   , -1381.52    , array([ 1.39508    ,  0.101089   ,  4.23815    ,  2.04589    ,  0.047667   ])
40351   , -1425.05    , array([ 1.39508    ,  0.101089   ,  5.23815    ,  2.04589    ,  0.047667   ])
40352   , -1449.34    , array([ 1.39508    ,  0.101089   ,  2.62012    ,  2.04589    ,  0.047667   ])
40353   , -1381.52    , array([ 1.39508    ,  0.101089   ,  4.23815    ,  2.04589    ,  0.047667   ])
40354   , -1385.5     , array([ 1.39508    ,  0.101089   ,  3.62012    ,  2.04589    ,  0.047667   ])
40355   , -1391.22    , array([ 1.39508    ,  0.101089   ,  4.62012    ,  2.04589    ,  0.047667   ])
40356   , -1380.06    , array([ 1.39508    ,  0.101089   ,  4.03024    ,  2.04589    ,  0.047667   ])
40357   , -1380.06    , array([ 1.39508    ,  0.101089   ,  4.02725    ,  2.04589    ,  0.047667   ])
40358   , -1380.06    , array([ 1.39508    ,  0.101089   ,  4.02493    ,  2.04589    ,  0.047667   ])
40359   , -1380.06    , array([ 1.39508    ,  0.101089   ,  4.0228     ,  2.04589    ,  0.047667   ])
40360   , -1380.06    , array([ 1.39508    ,  0.101089   ,  4.02493    ,  2.04589    ,  0.047667   ])
40361   , -1425.7     , array([ 1.39508    ,  0.101089   ,  4.02493    ,  3.04589    ,  0.047667   ])
40362   , -1642.14    , array([ 1.39508    ,  0.101089   ,  4.02493    ,  0.427856   ,  0.047667   ])
40363   , -1380.06    , array([ 1.39508    ,  0.101089   ,  4.02493    ,  2.04589    ,  0.047667   ])
40364   , -1423.02    , array([ 1.39508    ,  0.101089   ,  4.02493    ,  1.42786    ,  0.047667   ])
40365   , -1382.21    , array([ 1.39508    ,  0.101089   ,  4.02493    ,  2.42786    ,  0.047667   ])
40366   , -1378.48    , array([ 1.39508    ,  0.101089   ,  4.02493    ,  2.19936    ,  0.047667   ])
40367   , -1378.48    , array([ 1.39508    ,  0.101089   ,  4.02493    ,  2.19645    ,  0.047667   ])
40368   , -1378.48    , array([ 1.39508    ,  0.101089   ,  4.02493    ,  2.1949     ,  0.047667   ])
40369   , -1378.48    , array([ 1.39508    ,  0.101089   ,  4.02493    ,  2.19341    ,  0.047667   ])
40370   , -1378.48    , array([ 1.39508    ,  0.101089   ,  4.02493    ,  2.1949     ,  0.047667   ])
40371   , -1376.12    , array([ 1.29775    ,  0.106502   ,  4.56748    ,  1.46441    ,  0.0499385  ])
40372   , -1472.08    , array([ 1.14028    ,  0.115261   ,  5.44534    ,  0.282451   ,  0.0536138  ])
40373   , -1376.12    , array([ 1.29775    ,  0.106502   ,  4.56748    ,  1.46441    ,  0.0499385  ])
40374   , -1393.8     , array([ 1.2376     ,  0.109847   ,  4.90279    ,  1.01294    ,  0.0513423  ])
40375   , -1373.31    , array([ 1.33493    ,  0.104434   ,  4.36024    ,  1.74343    ,  0.0490708  ])
40376   , -1373.33    , array([ 1.33323    ,  0.104529   ,  4.3697     ,  1.7307     ,  0.0491104  ])
40377   , -1373.3     , array([ 1.33666    ,  0.104338   ,  4.35056    ,  1.75647    ,  0.0490303  ])
40378   , -1373.3     , array([ 1.33725    ,  0.104305   ,  4.3473     ,  1.76086    ,  0.0490167  ])
40379   , -1373.3     , array([ 1.33608    ,  0.10437    ,  4.35381    ,  1.75209    ,  0.0490439  ])
40380   , -1390.37    , array([ 1.19791    ,  0.111605   ,  4.93317    ,  0.747907   ,  0.0505796  ])
40381   , -1373.3     , array([ 1.33666    ,  0.104338   ,  4.35056    ,  1.75647    ,  0.0490303  ])
40382   , -1442.64    , array([ 1.44228    ,  0.0872519  ,  3.90072    ,  1.827      ,  0.0360637  ])
40383   , -1412.09    , array([ 1.16577    ,  0.131983   ,  5.0784     ,  1.64235    ,  0.0700107  ])
40384   , -1373.3     , array([ 1.33666    ,  0.104338   ,  4.35056    ,  1.75647    ,  0.0490303  ])
40385   , -1380.14    , array([ 1.27139    ,  0.114897   ,  4.62857    ,  1.71288    ,  0.0570441  ])
40386   , -1380.05    , array([ 1.37701    ,  0.0978114  ,  4.17874    ,  1.78341    ,  0.0440775  ])
40387   , -1373.41    , array([ 1.32436    ,  0.106327   ,  4.40294    ,  1.74826    ,  0.0505403  ])
40388   , -1373.26    , array([ 1.33185    ,  0.105117   ,  4.37107    ,  1.75326    ,  0.0496216  ])
40389   , -1373.26    , array([ 1.33232    ,  0.105041   ,  4.36907    ,  1.75357    ,  0.0495638  ])
40390   , -1373.26    , array([ 1.33241    ,  0.105026   ,  4.36868    ,  1.75363    ,  0.0495528  ])
40391   , -1373.26    , array([ 1.33245    ,  0.105019   ,  4.3685     ,  1.75366    ,  0.0495476  ])
40392   , -1373.26    , array([ 1.33236    ,  0.105033   ,  4.36887    ,  1.7536     ,  0.0495581  ])
40393   , -1373.26    , array([ 1.33241    ,  0.105026   ,  4.36868    ,  1.75363    ,  0.0495528  ])
40394   , -41067.8    , array([ 1.33241    ,  1.10503    ,  4.36868    ,  1.75363    ,  0.0495528  ])
40396   , -1373.26    , array([ 1.33241    ,  0.105026   ,  4.36868    ,  1.75363    ,  0.0495528  ])
40398   , -24492.5    , array([ 1.33241    ,  0.486992   ,  4.36868    ,  1.75363    ,  0.0495528  ])
40399   , -13653.2    , array([ 1.33241    ,  0.295822   ,  4.36868    ,  1.75363    ,  0.0495528  ])
40401   , -65609.9    , array([ 1.33241    ,  0.0148561  ,  4.36868    ,  1.75363    ,  0.0495528  ])
40402   , -4928.13    , array([ 1.33241    ,  0.177904   ,  4.36868    ,  1.75363    ,  0.0495528  ])
40403   , -3837.77    , array([ 1.33241    ,  0.0705842  ,  4.36868    ,  1.75363    ,  0.0495528  ])
40404   , -1589.7     , array([ 1.33241    ,  0.119713   ,  4.36868    ,  1.75363    ,  0.0495528  ])
40405   , -1379.95    , array([ 1.33241    ,  0.108175   ,  4.36868    ,  1.75363    ,  0.0495528  ])
40406   , -1372.6     , array([ 1.33241    ,  0.105627   ,  4.36868    ,  1.75363    ,  0.0495528  ])
40407   , -1372.58    , array([ 1.33241    ,  0.105759   ,  4.36868    ,  1.75363    ,  0.0495528  ])
40408   , -1372.58    , array([ 1.33241    ,  0.105748   ,  4.36868    ,  1.75363    ,  0.0495528  ])
40409   , -1372.58    , array([ 1.33241    ,  0.105741   ,  4.36868    ,  1.75363    ,  0.0495528  ])
40410   , -1372.58    , array([ 1.33241    ,  0.105748   ,  4.36868    ,  1.75363    ,  0.0495528  ])
40411   , -1416.03    , array([ 1.33241    ,  0.105748   ,  5.36868    ,  1.75363    ,  0.0495528  ])
40412   , -1449.85    , array([ 1.33241    ,  0.105748   ,  2.75065    ,  1.75363    ,  0.0495528  ])
40413   , -1372.58    , array([ 1.33241    ,  0.105748   ,  4.36868    ,  1.75363    ,  0.0495528  ])
40414   , -1378.68    , array([ 1.33241    ,  0.105748   ,  3.75065    ,  1.75363    ,  0.0495528  ])
40415   , -1381.79    , array([ 1.33241    ,  0.105748   ,  4.75065    ,  1.75363    ,  0.0495528  ])
40416   , -1371.6     , array([ 1.33241    ,  0.105748   ,  4.20484    ,  1.75363    ,  0.0495528  ])
40417   , -1371.6     , array([ 1.33241    ,  0.105748   ,  4.20083    ,  1.75363    ,  0.0495528  ])
40418   , -1371.6     , array([ 1.33241    ,  0.105748   ,  4.19875    ,  1.75363    ,  0.0495528  ])
40419   , -1371.6     , array([ 1.33241    ,  0.105748   ,  4.19705    ,  1.75363    ,  0.0495528  ])
40420   , -1371.6     , array([ 1.33241    ,  0.105748   ,  4.19875    ,  1.75363    ,  0.0495528  ])
40421   , -1417.72    , array([ 1.33241    ,  0.105748   ,  4.19875    ,  2.75363    ,  0.0495528  ])
40422   , -1676.18    , array([ 1.33241    ,  0.105748   ,  4.19875    ,  0.135595   ,  0.0495528  ])
40423   , -1371.6     , array([ 1.33241    ,  0.105748   ,  4.19875    ,  1.75363    ,  0.0495528  ])
40424   , -1422.69    , array([ 1.33241    ,  0.105748   ,  4.19875    ,  1.1356     ,  0.0495528  ])
40425   , -1372.25    , array([ 1.33241    ,  0.105748   ,  4.19875    ,  2.1356     ,  0.0495528  ])
40426   , -1369.08    , array([ 1.33241    ,  0.105748   ,  4.19875    ,  1.93452    ,  0.0495528  ])
40427   , -1369.08    , array([ 1.33241    ,  0.105748   ,  4.19875    ,  1.93271    ,  0.0495528  ])
40428   , -1369.08    , array([ 1.33241    ,  0.105748   ,  4.19875    ,  1.93092    ,  0.0495528  ])
40429   , -1369.08    , array([ 1.33241    ,  0.105748   ,  4.19875    ,  1.93271    ,  0.0495528  ])
40430   , -1373.37    , array([ 1.23508    ,  0.111161   ,  4.7413     ,  1.20222    ,  0.0518243  ])
40431   , -1417.89    , array([ 1.48988    ,  0.0969889  ,  3.32088    ,  3.11467    ,  0.0458775  ])
40432   , -1369.08    , array([ 1.33241    ,  0.105748   ,  4.19875    ,  1.93271    ,  0.0495528  ])
40433   , -1382.12    , array([ 1.39256    ,  0.102402   ,  3.86343    ,  2.38418    ,  0.048149   ])
40434   , -1366.27    , array([ 1.29523    ,  0.107816   ,  4.40598    ,  1.65369    ,  0.0504204  ])
40435   , -1366.3     , array([ 1.28783    ,  0.108227   ,  4.44726    ,  1.59811    ,  0.0505933  ])
40436   , -1366.26    , array([ 1.29269    ,  0.107957   ,  4.42018    ,  1.63458    ,  0.0504799  ])
40437   , -1366.26    , array([ 1.29229    ,  0.107979   ,  4.42239    ,  1.6316     ,  0.0504891  ])
40438   , -1366.26    , array([ 1.29308    ,  0.107935   ,  4.41796    ,  1.63756    ,  0.0504706  ])
40439   , -1361.34    , array([ 1.24871    ,  0.111577   ,  4.4898     ,  1.51269    ,  0.0519294  ])
40440   , -1366.26    , array([ 1.29269    ,  0.107957   ,  4.42018    ,  1.63458    ,  0.0504799  ])
40441   , -1361.34    , array([ 1.24871    ,  0.111577   ,  4.4898     ,  1.51269    ,  0.0519294  ])
40442   , -1358.23    , array([ 1.17755    ,  0.117434   ,  4.60245    ,  1.31546    ,  0.0542749  ])
40443   , -1358.24    , array([ 1.17619    ,  0.117546   ,  4.60461    ,  1.31168    ,  0.0543198  ])
40444   , -1358.23    , array([ 1.17755    ,  0.117434   ,  4.60245    ,  1.31546    ,  0.0542749  ])
40445   , -1358.66    , array([ 1.20473    ,  0.115197   ,  4.55942    ,  1.39079    ,  0.053379   ])
40446   , -1358.28    , array([ 1.18794    ,  0.116579   ,  4.58601    ,  1.34423    ,  0.0539327  ])
40447   , -1358.23    , array([ 1.17959    ,  0.117266   ,  4.59923    ,  1.3211     ,  0.0542078  ])
40448   , -1358.23    , array([ 1.18072    ,  0.117173   ,  4.59744    ,  1.32423    ,  0.0541706  ])
40449   , -1358.23    , array([ 1.17959    ,  0.117266   ,  4.59923    ,  1.3211     ,  0.0542078  ])
40450   , -1422.13    , array([ 1.28521    ,  0.100181   ,  4.14939    ,  1.39163    ,  0.0412412  ])
40451   , -1422.2     , array([ 1.00869    ,  0.144911   ,  5.32708    ,  1.20698    ,  0.0751883  ])
40452   , -1358.23    , array([ 1.17959    ,  0.117266   ,  4.59923    ,  1.3211     ,  0.0542078  ])
40453   , -1370.01    , array([ 1.11431    ,  0.127826   ,  4.87724    ,  1.27751    ,  0.0622216  ])
40454   , -1364.25    , array([ 1.21993    ,  0.11074    ,  4.42741    ,  1.34804    ,  0.049255   ])
40455   , -1358.32    , array([ 1.17585    ,  0.11787    ,  4.61514    ,  1.31861    ,  0.0546664  ])
40456   , -1358.22    , array([ 1.18071    ,  0.117085   ,  4.59447    ,  1.32185    ,  0.0540706  ])
40457   , -1358.22    , array([ 1.18132    ,  0.116986   ,  4.59185    ,  1.32226    ,  0.0539951  ])
40458   , -1358.22    , array([ 1.18129    ,  0.11699    ,  4.59196    ,  1.32224    ,  0.0539985  ])
40459   , -1358.22    , array([ 1.18128    ,  0.116993   ,  4.59204    ,  1.32223    ,  0.0540005  ])
40460   , -1358.22    , array([ 1.18129    ,  0.11699    ,  4.59196    ,  1.32224    ,  0.0539985  ])
40461   , -38636.4    , array([ 1.18129    ,  1.11699    ,  4.59196    ,  1.32224    ,  0.0539985  ])
40463   , -1358.22    , array([ 1.18129    ,  0.11699    ,  4.59196    ,  1.32224    ,  0.0539985  ])
40465   , -22629.3    , array([ 1.18129    ,  0.498956   ,  4.59196    ,  1.32224    ,  0.0539985  ])
40466   , -12500.9    , array([ 1.18129    ,  0.307801   ,  4.59196    ,  1.32224    ,  0.0539985  ])
40468   , -37196.6    , array([ 1.18129    ,  0.0268203  ,  4.59196    ,  1.32224    ,  0.0539985  ])
40469   , -4588.68    , array([ 1.18129    ,  0.189874   ,  4.59196    ,  1.32224    ,  0.0539985  ])
40470   , -3069       , array([ 1.18129    ,  0.0825484  ,  4.59196    ,  1.32224    ,  0.0539985  ])
40471   , -1505.48    , array([ 1.18129    ,  0.128127   ,  4.59196    ,  1.32224    ,  0.0539985  ])
40472   , -1361.07    , array([ 1.18129    ,  0.117768   ,  4.59196    ,  1.32224    ,  0.0539985  ])
40473   , -1356.32    , array([ 1.18129    ,  0.11539    ,  4.59196    ,  1.32224    ,  0.0539985  ])
40474   , -1356.26    , array([ 1.18129    ,  0.11562    ,  4.59196    ,  1.32224    ,  0.0539985  ])
40475   , -1356.26    , array([ 1.18129    ,  0.115634   ,  4.59196    ,  1.32224    ,  0.0539985  ])
40476   , -1356.26    , array([ 1.18129    ,  0.115647   ,  4.59196    ,  1.32224    ,  0.0539985  ])
40477   , -1356.26    , array([ 1.18129    ,  0.115634   ,  4.59196    ,  1.32224    ,  0.0539985  ])
40478   , -1391.14    , array([ 1.18129    ,  0.115634   ,  5.59196    ,  1.32224    ,  0.0539985  ])
40479   , -1471.47    , array([ 1.18129    ,  0.115634   ,  2.97393    ,  1.32224    ,  0.0539985  ])
40480   , -1356.26    , array([ 1.18129    ,  0.115634   ,  4.59196    ,  1.32224    ,  0.0539985  ])
40481   , -1372.96    , array([ 1.18129    ,  0.115634   ,  3.97393    ,  1.32224    ,  0.0539985  ])
40482   , -1361.01    , array([ 1.18129    ,  0.115634   ,  4.97393    ,  1.32224    ,  0.0539985  ])
40483   , -1356.23    , array([ 1.18129    ,  0.115634   ,  4.62522    ,  1.32224    ,  0.0539985  ])
40484   , -1356.23    , array([ 1.18129    ,  0.115634   ,  4.61959    ,  1.32224    ,  0.0539985  ])
40485   , -1356.23    , array([ 1.18129    ,  0.115634   ,  4.61931    ,  1.32224    ,  0.0539985  ])
40486   , -1356.23    , array([ 1.18129    ,  0.115634   ,  4.61904    ,  1.32224    ,  0.0539985  ])
40487   , -1356.23    , array([ 1.18129    ,  0.115634   ,  4.61931    ,  1.32224    ,  0.0539985  ])
40488   , -1410.77    , array([ 1.18129    ,  0.115634   ,  4.61931    ,  2.32224    ,  0.0539985  ])
40490   , -1356.23    , array([ 1.18129    ,  0.115634   ,  4.61931    ,  1.32224    ,  0.0539985  ])
40491   , -1421.41    , array([ 1.18129    ,  0.115634   ,  4.61931    ,  0.704205   ,  0.0539985  ])
40492   , -1356.29    , array([ 1.18129    ,  0.115634   ,  4.61931    ,  1.7042     ,  0.0539985  ])
40493   , -1352.76    , array([ 1.18129    ,  0.115634   ,  4.61931    ,  1.51241    ,  0.0539985  ])
40494   , -1352.76    , array([ 1.18129    ,  0.115634   ,  4.61931    ,  1.51051    ,  0.0539985  ])
40495   , -1352.76    , array([ 1.18129    ,  0.115634   ,  4.61931    ,  1.50862    ,  0.0539985  ])
40496   , -1352.76    , array([ 1.18129    ,  0.115634   ,  4.61931    ,  1.51051    ,  0.0539985  ])
40497   , -1360.89    , array([ 1.0682     ,  0.124943   ,  4.79836    ,  1.19703    ,  0.0577264  ])
40498   , -1376.2     , array([ 1.36429    ,  0.100571   ,  4.3296     ,  2.01773    ,  0.0479665  ])
40499   , -1352.76    , array([ 1.18129    ,  0.115634   ,  4.61931    ,  1.51051    ,  0.0539985  ])
40500   , -1357.09    , array([ 1.25119    ,  0.10988    ,  4.50865    ,  1.70425    ,  0.0516944  ])
40501   , -1353.32    , array([ 1.1381     ,  0.119189   ,  4.6877     ,  1.39077    ,  0.0554224  ])
40502   , -1352.64    , array([ 1.16943    ,  0.11661    ,  4.63809    ,  1.47762    ,  0.0543895  ])
40503   , -1352.64    , array([ 1.16861    ,  0.116678   ,  4.63939    ,  1.47535    ,  0.0544165  ])
40504   , -1352.64    , array([ 1.16833    ,  0.1167     ,  4.63983    ,  1.47458    ,  0.0544256  ])
40505   , -1352.64    , array([ 1.16846    ,  0.11669    ,  4.63962    ,  1.47494    ,  0.0544214  ])
40506   , -1352.64    , array([ 1.1682     ,  0.116711   ,  4.64003    ,  1.47422    ,  0.0544299  ])
40507   , -1360.12    , array([ 1.04398    ,  0.125444   ,  4.85948    ,  1.31459    ,  0.0583714  ])
40508   , -1352.64    , array([ 1.16833    ,  0.1167     ,  4.63983    ,  1.47458    ,  0.0544256  ])
40509   , -1415.2     , array([ 1.27395    ,  0.0996148  ,  4.18999    ,  1.54512    ,  0.041459   ])
40510   , -1416.65    , array([ 0.997439   ,  0.144345   ,  5.36767    ,  1.36046    ,  0.0754061  ])
40511   , -1352.64    , array([ 1.16833    ,  0.1167     ,  4.63983    ,  1.47458    ,  0.0544256  ])
40512   , -1363.11    , array([ 1.10306    ,  0.12726    ,  4.91784    ,  1.43099    ,  0.0624395  ])
40513   , -1359.32    , array([ 1.20868    ,  0.110174   ,  4.46801    ,  1.50152    ,  0.0494728  ])
40514   , -1352.71    , array([ 1.16168    ,  0.117777   ,  4.66818    ,  1.47014    ,  0.055243   ])
40515   , -1352.64    , array([ 1.16635    ,  0.117021   ,  4.64828    ,  1.47326    ,  0.0546693  ])
40516   , -1352.63    , array([ 1.16662    ,  0.116978   ,  4.64714    ,  1.47344    ,  0.0546364  ])
40517   , -1352.63    , array([ 1.16664    ,  0.116975   ,  4.64706    ,  1.47345    ,  0.0546343  ])
40518   , -1352.63    , array([ 1.16665    ,  0.116973   ,  4.64699    ,  1.47346    ,  0.0546322  ])
40519   , -1352.63    , array([ 1.16664    ,  0.116975   ,  4.64706    ,  1.47345    ,  0.0546343  ])
40520   , -38627.6    , array([ 1.16664    ,  1.11698    ,  4.64706    ,  1.47345    ,  0.0546343  ])
40522   , -1352.63    , array([ 1.16664    ,  0.116975   ,  4.64706    ,  1.47345    ,  0.0546343  ])
40524   , -22651.7    , array([ 1.16664    ,  0.498941   ,  4.64706    ,  1.47345    ,  0.0546343  ])
40525   , -12534.6    , array([ 1.16664    ,  0.307786   ,  4.64706    ,  1.47345    ,  0.0546343  ])
40527   , -36649.7    , array([ 1.16664    ,  0.0268053  ,  4.64706    ,  1.47345    ,  0.0546343  ])
40528   , -4617.15    , array([ 1.16664    ,  0.189858   ,  4.64706    ,  1.47345    ,  0.0546343  ])
40529   , -3012.67    , array([ 1.16664    ,  0.0825334  ,  4.64706    ,  1.47345    ,  0.0546343  ])
40530   , -1496.72    , array([ 1.16664    ,  0.127569   ,  4.64706    ,  1.47345    ,  0.0546343  ])
40531   , -1354.05    , array([ 1.16664    ,  0.117316   ,  4.64706    ,  1.47345    ,  0.0546343  ])
40532   , -1349.24    , array([ 1.16664    ,  0.114889   ,  4.64706    ,  1.47345    ,  0.0546343  ])
40533   , -1545.96    , array([ 1.16664    ,  0.10253    ,  4.64706    ,  1.47345    ,  0.0546343  ])
40534   , -1349.15    , array([ 1.16664    ,  0.11515    ,  4.64706    ,  1.47345    ,  0.0546343  ])
40535   , -1349.15    , array([ 1.16664    ,  0.115169   ,  4.64706    ,  1.47345    ,  0.0546343  ])
40536   , -1349.16    , array([ 1.16664    ,  0.115187   ,  4.64706    ,  1.47345    ,  0.0546343  ])
40537   , -1349.15    , array([ 1.16664    ,  0.115169   ,  4.64706    ,  1.47345    ,  0.0546343  ])
40538   , -1385.98    , array([ 1.16664    ,  0.115169   ,  5.64706    ,  1.47345    ,  0.0546343  ])
40539   , -1462.05    , array([ 1.16664    ,  0.115169   ,  3.02903    ,  1.47345    ,  0.0546343  ])
40540   , -1349.15    , array([ 1.16664    ,  0.115169   ,  4.64706    ,  1.47345    ,  0.0546343  ])
40541   , -1364.83    , array([ 1.16664    ,  0.115169   ,  4.02903    ,  1.47345    ,  0.0546343  ])
40542   , -1354.62    , array([ 1.16664    ,  0.115169   ,  5.02903    ,  1.47345    ,  0.0546343  ])
40543   , -1349.16    , array([ 1.16664    ,  0.115169   ,  4.65784    ,  1.47345    ,  0.0546343  ])
40544   , -1349.15    , array([ 1.16664    ,  0.115169   ,  4.65159    ,  1.47345    ,  0.0546343  ])
40545   , -1349.15    , array([ 1.16664    ,  0.115169   ,  4.65163    ,  1.47345    ,  0.0546343  ])
40546   , -1349.15    , array([ 1.16664    ,  0.115169   ,  4.65154    ,  1.47345    ,  0.0546343  ])
40547   , -1349.15    , array([ 1.16664    ,  0.115169   ,  4.65159    ,  1.47345    ,  0.0546343  ])
40548   , -1407.44    , array([ 1.16664    ,  0.115169   ,  4.65159    ,  2.47345    ,  0.0546343  ])
40550   , -1349.15    , array([ 1.16664    ,  0.115169   ,  4.65159    ,  1.47345    ,  0.0546343  ])
40551   , -1410.79    , array([ 1.16664    ,  0.115169   ,  4.65159    ,  0.855415   ,  0.0546343  ])
40552   , -1350.87    , array([ 1.16664    ,  0.115169   ,  4.65159    ,  1.85541    ,  0.0546343  ])
40553   , -1346.5     , array([ 1.16664    ,  0.115169   ,  4.65159    ,  1.64282    ,  0.0546343  ])
40554   , -1346.5     , array([ 1.16664    ,  0.115169   ,  4.65159    ,  1.64072    ,  0.0546343  ])
40555   , -1346.49    , array([ 1.16664    ,  0.115169   ,  4.65159    ,  1.63879    ,  0.0546343  ])
40556   , -1346.5     , array([ 1.16664    ,  0.115169   ,  4.65159    ,  1.63714    ,  0.0546343  ])
40557   , -1346.49    , array([ 1.16664    ,  0.115169   ,  4.65159    ,  1.63879    ,  0.0546343  ])
40558   , -1354.82    , array([ 1.05354    ,  0.124477   ,  4.83064    ,  1.32532    ,  0.0583622  ])
40559   , -1373.69    , array([ 1.34963    ,  0.100106   ,  4.36188    ,  2.14601    ,  0.0486023  ])
40560   , -1346.49    , array([ 1.16664    ,  0.115169   ,  4.65159    ,  1.63879    ,  0.0546343  ])
40561   , -1351.6     , array([ 1.23653    ,  0.109415   ,  4.54093    ,  1.83253    ,  0.0523303  ])
40562   , -1346.92    , array([ 1.12344    ,  0.118724   ,  4.71998    ,  1.51906    ,  0.0560582  ])
40563   , -1346.31    , array([ 1.15182    ,  0.116388   ,  4.67504    ,  1.59773    ,  0.0551226  ])
40564   , -1346.31    , array([ 1.1513     ,  0.116431   ,  4.67586    ,  1.59629    ,  0.0551397  ])
40565   , -1346.31    , array([ 1.15104    ,  0.116452   ,  4.67629    ,  1.59556    ,  0.0551484  ])
40566   , -1346.31    , array([ 1.15088    ,  0.116465   ,  4.67653    ,  1.59512    ,  0.0551536  ])
40567   , -1340.94    , array([ 1.13374    ,  0.116205   ,  4.71274    ,  1.71653    ,  0.0558712  ])
40568   , -1346.31    , array([ 1.15104    ,  0.116452   ,  4.67629    ,  1.59556    ,  0.0551484  ])
40569   , -1340.94    , array([ 1.13374    ,  0.116205   ,  4.71274    ,  1.71653    ,  0.0558712  ])
40570   , -1334.28    , array([ 1.10575    ,  0.115803   ,  4.77173    ,  1.91227    ,  0.0570408  ])
40571   , -1328.53    , array([ 1.0452     ,  0.114936   ,  4.89934    ,  2.33569    ,  0.0595706  ])
40572   , -1347.39    , array([ 0.947235   ,  0.113532   ,  5.10581    ,  3.0208     ,  0.0636641  ])
40573   , -1328.53    , array([ 1.0452     ,  0.114936   ,  4.89934    ,  2.33569    ,  0.0595706  ])
40574   , -1331.28    , array([ 1.00778    ,  0.114399   ,  4.9782     ,  2.59738    ,  0.0611342  ])
40575   , -1329.3     , array([ 1.06833    ,  0.115267   ,  4.8506     ,  2.17396    ,  0.0586043  ])
40576   , -1328.53    , array([ 1.04734    ,  0.114966   ,  4.89484    ,  2.32077    ,  0.0594815  ])
40577   , -1328.53    , array([ 1.04837    ,  0.114981   ,  4.89265    ,  2.31351    ,  0.0594381  ])
40578   , -1328.53    , array([ 1.0463     ,  0.114951   ,  4.89703    ,  2.32802    ,  0.0595248  ])
40579   , -1328.53    , array([ 1.04734    ,  0.114966   ,  4.89484    ,  2.32077    ,  0.0594815  ])
40580   , -1327.02    , array([ 1.15296    ,  0.0978807  ,  4.44501    ,  2.3913     ,  0.0465148  ])
40581   , -1752.03    , array([ 1.32385    ,  0.0702357  ,  3.71716    ,  2.50542    ,  0.0255344  ])
40582   , -1327.02    , array([ 1.15296    ,  0.0978807  ,  4.44501    ,  2.3913     ,  0.0465148  ])
40583   , -1368.34    , array([ 1.21823    ,  0.0873213  ,  4.16699    ,  2.43489    ,  0.038501   ])
40584   , -1320.83    , array([ 1.11261    ,  0.104407   ,  4.61683    ,  2.36436    ,  0.0514677  ])
40585   , -1320.98    , array([ 1.11588    ,  0.103879   ,  4.60292    ,  2.36654    ,  0.0510669  ])
40586   , -1320.68    , array([ 1.10601    ,  0.105475   ,  4.64494    ,  2.35995    ,  0.0522781  ])
40587   , -1320.68    , array([ 1.10495    ,  0.105646   ,  4.64945    ,  2.35924    ,  0.0524079  ])
40588   , -1320.68    , array([ 1.10438    ,  0.105739   ,  4.6519     ,  2.35886    ,  0.0524786  ])
40589   , -1320.68    , array([ 1.10495    ,  0.105646   ,  4.64945    ,  2.35924    ,  0.0524079  ])
40590   , -1331.15    , array([ 0.991856   ,  0.114955   ,  4.8285     ,  2.04576    ,  0.0561358  ])
40591   , -1371.59    , array([ 1.28795    ,  0.0905836  ,  4.35974    ,  2.86646    ,  0.0463759  ])
40592   , -1320.68    , array([ 1.10495    ,  0.105646   ,  4.64945    ,  2.35924    ,  0.0524079  ])
40593   , -1330.23    , array([ 1.17485    ,  0.0998925  ,  4.53879    ,  2.55298    ,  0.0501039  ])
40594   , -1320.65    , array([ 1.06175    ,  0.109201   ,  4.71784    ,  2.2395     ,  0.0538318  ])
40595   , -1320.09    , array([ 1.08307    ,  0.107447   ,  4.68408    ,  2.2986     ,  0.0531291  ])
40596   , -1320.09    , array([ 1.08329    ,  0.107429   ,  4.68374    ,  2.2992     ,  0.0531219  ])
40597   , -1320.09    , array([ 1.08286    ,  0.107465   ,  4.68443    ,  2.29799    ,  0.0531363  ])
40598   , -1320.17    , array([ 1.0748     ,  0.108128   ,  4.69719    ,  2.27565    ,  0.053402   ])
40599   , -1320.09    , array([ 1.08263    ,  0.107483   ,  4.68478    ,  2.29738    ,  0.0531436  ])
40600   , -1320.09    , array([ 1.08286    ,  0.107465   ,  4.68443    ,  2.29799    ,  0.0531363  ])
40601   , -1355.75    , array([ 1.08286    ,  0.107465   ,  5.68443    ,  2.29799    ,  0.0531363  ])
40602   , -1421.88    , array([ 1.08286    ,  0.107465   ,  3.0664     ,  2.29799    ,  0.0531363  ])
40603   , -1320.09    , array([ 1.08286    ,  0.107465   ,  4.68443    ,  2.29799    ,  0.0531363  ])
40604   , -1333.61    , array([ 1.08286    ,  0.107465   ,  4.0664     ,  2.29799    ,  0.0531363  ])
40605   , -1325.75    , array([ 1.08286    ,  0.107465   ,  5.0664     ,  2.29799    ,  0.0531363  ])
40606   , -1320.08    , array([ 1.08286    ,  0.107465   ,  4.67359    ,  2.29799    ,  0.0531363  ])
40607   , -1320.08    , array([ 1.08286    ,  0.107465   ,  4.6669     ,  2.29799    ,  0.0531363  ])
40608   , -1320.08    , array([ 1.08286    ,  0.107465   ,  4.66715    ,  2.29799    ,  0.0531363  ])
40609   , -1320.08    , array([ 1.08286    ,  0.107465   ,  4.66732    ,  2.29799    ,  0.0531363  ])
40610   , -1320.08    , array([ 1.08286    ,  0.107465   ,  4.66715    ,  2.29799    ,  0.0531363  ])
40611   , -1407.6     , array([ 1.08286    ,  0.107465   ,  4.66715    ,  3.29799    ,  0.0531363  ])
40612   , -1550.94    , array([ 1.08286    ,  0.107465   ,  4.66715    ,  0.679957   ,  0.0531363  ])
40613   , -1320.08    , array([ 1.08286    ,  0.107465   ,  4.66715    ,  2.29799    ,  0.0531363  ])
40614   , -1344.38    , array([ 1.08286    ,  0.107465   ,  4.66715    ,  1.67996    ,  0.0531363  ])
40615   , -1336.77    , array([ 1.08286    ,  0.107465   ,  4.66715    ,  2.67996    ,  0.0531363  ])
40616   , -1319.49    , array([ 1.08286    ,  0.107465   ,  4.66715    ,  2.22576    ,  0.0531363  ])
40617   , -1319.48    , array([ 1.08286    ,  0.107465   ,  4.66715    ,  2.21043    ,  0.0531363  ])
40618   , -1319.48    , array([ 1.08286    ,  0.107465   ,  4.66715    ,  2.21275    ,  0.0531363  ])
40619   , -1319.48    , array([ 1.08286    ,  0.107465   ,  4.66715    ,  2.2136     ,  0.0531363  ])
40620   , -1319.48    , array([ 1.08286    ,  0.107465   ,  4.66715    ,  2.21189    ,  0.0531363  ])
40621   , -1319.48    , array([ 1.08286    ,  0.107465   ,  4.66715    ,  2.21275    ,  0.0531363  ])
40622   , -1324.58    , array([ 0.979155   ,  0.105978   ,  4.88571    ,  2.93795    ,  0.0574693  ])
40623   , -1400.5     , array([ 1.25065    ,  0.109869   ,  4.31352    ,  1.03933    ,  0.0461253  ])
40624   , -1319.48    , array([ 1.08286    ,  0.107465   ,  4.66715    ,  2.21275    ,  0.0531363  ])
40625   , -1335.22    , array([ 1.14695    ,  0.108383   ,  4.53208    ,  1.76454    ,  0.0504583  ])
40626   , -1317.1     , array([ 1.04325    ,  0.106897   ,  4.75063    ,  2.48975    ,  0.0547914  ])
40627   , -1317.09    , array([ 1.04624    ,  0.10694    ,  4.74432    ,  2.4688     ,  0.0546662  ])
40628   , -1317.09    , array([ 1.04533    ,  0.106927   ,  4.74624    ,  2.47518    ,  0.0547043  ])
40629   , -1317.09    , array([ 1.0457     ,  0.106932   ,  4.74545    ,  2.47256    ,  0.0546886  ])
40630   , -1317.09    , array([ 1.04495    ,  0.106921   ,  4.74703    ,  2.47781    ,  0.05472    ])
40631   , -1339.55    , array([ 0.939621   ,  0.0974011  ,  4.8162     ,  3.35481    ,  0.0542602  ])
40632   , -1317.09    , array([ 1.04533    ,  0.106927   ,  4.74624    ,  2.47518    ,  0.0547043  ])
40633   , -1334       , array([ 1.15095    ,  0.0898412  ,  4.29641    ,  2.54572    ,  0.0417377  ])
40634   , -1425.15    , array([ 0.874433   ,  0.134572   ,  5.47409    ,  2.36106    ,  0.0756848  ])
40635   , -1317.09    , array([ 1.04533    ,  0.106927   ,  4.74624    ,  2.47518    ,  0.0547043  ])
40636   , -1335.35    , array([ 0.980052   ,  0.117486   ,  5.02425    ,  2.43159    ,  0.0627181  ])
40637   , -1316.22    , array([ 1.08567    ,  0.100401   ,  4.57442    ,  2.50213    ,  0.0497515  ])
40638   , -1315.66    , array([ 1.06993    ,  0.102947   ,  4.64147    ,  2.49161    ,  0.0516843  ])
40639   , -1315.65    , array([ 1.07017    ,  0.102908   ,  4.64042    ,  2.49178    ,  0.0516541  ])
40640   , -1315.65    , array([ 1.07042    ,  0.102867   ,  4.63937    ,  2.49194    ,  0.0516236  ])
40641   , -1315.65    , array([ 1.07017    ,  0.102908   ,  4.64042    ,  2.49178    ,  0.0516541  ])
40642   , -1328.96    , array([ 0.957077   ,  0.112217   ,  4.81947    ,  2.1783     ,  0.055382   ])
40643   , -1378.67    , array([ 1.25317    ,  0.0878454  ,  4.35071    ,  2.999      ,  0.0456221  ])
40644   , -1315.65    , array([ 1.07017    ,  0.102908   ,  4.64042    ,  2.49178    ,  0.0516541  ])
40645   , -1327.38    , array([ 1.14007    ,  0.0971544  ,  4.52976    ,  2.68552    ,  0.0493501  ])
40646   , -1315.74    , array([ 1.02697    ,  0.106463   ,  4.70881    ,  2.37204    ,  0.053078   ])
40647   , -1314.98    , array([ 1.04924    ,  0.104631   ,  4.67357    ,  2.43375    ,  0.0523442  ])
40648   , -1314.98    , array([ 1.04903    ,  0.104648   ,  4.6739     ,  2.43317    ,  0.0523511  ])
40649   , -1314.98    , array([ 1.04882    ,  0.104665   ,  4.67423    ,  2.43258    ,  0.052358   ])
40650   , -1314.98    , array([ 1.04903    ,  0.104648   ,  4.6739     ,  2.43317    ,  0.0523511  ])
40651   , -1339.99    , array([ 1.04903    ,  0.104648   ,  5.6739     ,  2.43317    ,  0.0523511  ])
40652   , -1431.22    , array([ 1.04903    ,  0.104648   ,  3.05587    ,  2.43317    ,  0.0523511  ])
40653   , -1314.98    , array([ 1.04903    ,  0.104648   ,  4.6739     ,  2.43317    ,  0.0523511  ])
40654   , -1334.48    , array([ 1.04903    ,  0.104648   ,  4.05587    ,  2.43317    ,  0.0523511  ])
40655   , -1316.7     , array([ 1.04903    ,  0.104648   ,  5.05587    ,  2.43317    ,  0.0523511  ])
40656   , -1314.43    , array([ 1.04903    ,  0.104648   ,  4.80234    ,  2.43317    ,  0.0523511  ])
40657   , -1314.43    , array([ 1.04903    ,  0.104648   ,  4.79981    ,  2.43317    ,  0.0523511  ])
40658   , -1314.43    , array([ 1.04903    ,  0.104648   ,  4.79855    ,  2.43317    ,  0.0523511  ])
40659   , -1314.43    , array([ 1.04903    ,  0.104648   ,  4.79731    ,  2.43317    ,  0.0523511  ])
40660   , -1314.43    , array([ 1.04903    ,  0.104648   ,  4.79855    ,  2.43317    ,  0.0523511  ])
40661   , -1394.42    , array([ 1.04903    ,  0.104648   ,  4.79855    ,  3.43317    ,  0.0523511  ])
40662   , -1540.97    , array([ 1.04903    ,  0.104648   ,  4.79855    ,  0.815133   ,  0.0523511  ])
40663   , -1314.43    , array([ 1.04903    ,  0.104648   ,  4.79855    ,  2.43317    ,  0.0523511  ])
40664   , -1340.18    , array([ 1.04903    ,  0.104648   ,  4.79855    ,  1.81513    ,  0.0523511  ])
40665   , -1328.88    , array([ 1.04903    ,  0.104648   ,  4.79855    ,  2.81513    ,  0.0523511  ])
40666   , -1314.16    , array([ 1.04903    ,  0.104648   ,  4.79855    ,  2.3862     ,  0.0523511  ])
40667   , -1314.15    , array([ 1.04903    ,  0.104648   ,  4.79855    ,  2.37213    ,  0.0523511  ])
40668   , -1314.15    , array([ 1.04903    ,  0.104648   ,  4.79855    ,  2.37368    ,  0.0523511  ])
40669   , -1314.15    , array([ 1.04903    ,  0.104648   ,  4.79855    ,  2.37427    ,  0.0523511  ])
40670   , -1314.15    , array([ 1.04903    ,  0.104648   ,  4.79855    ,  2.37308    ,  0.0523511  ])
40671   , -1314.15    , array([ 1.04903    ,  0.104648   ,  4.79855    ,  2.37368    ,  0.0523511  ])
40672   , -1327.68    , array([ 0.945329   ,  0.103162   ,  5.01711    ,  3.09889    ,  0.0566841  ])
40673   , -1388.72    , array([ 1.21682    ,  0.107053   ,  4.44492    ,  1.20027    ,  0.0453401  ])
40674   , -1314.15    , array([ 1.04903    ,  0.104648   ,  4.79855    ,  2.37368    ,  0.0523511  ])
40675   , -1326.19    , array([ 1.11312    ,  0.105567   ,  4.66348    ,  1.92547    ,  0.0496731  ])
40676   , -1314.64    , array([ 1.00942    ,  0.10408    ,  4.88203    ,  2.65068    ,  0.0540061  ])
40677   , -1313.65    , array([ 1.03244    ,  0.10441    ,  4.83351    ,  2.48968    ,  0.0530441  ])
40678   , -1313.65    , array([ 1.03261    ,  0.104413   ,  4.83316    ,  2.48852    ,  0.0530372  ])
40679   , -1313.65    , array([ 1.03277    ,  0.104415   ,  4.83282    ,  2.48737    ,  0.0530304  ])
40680   , -1311.63    , array([ 1.01989    ,  0.101899   ,  4.92008    ,  2.50185    ,  0.0513701  ])
40681   , -1313.65    , array([ 1.03261    ,  0.104413   ,  4.83316    ,  2.48852    ,  0.0530372  ])
40682   , -1311.63    , array([ 1.01989    ,  0.101899   ,  4.92008    ,  2.50185    ,  0.0513701  ])
40683   , -1311.39    , array([ 0.999305   ,  0.0978307  ,  5.06072    ,  2.52342    ,  0.0486726  ])
40684   , -1311.03    , array([ 1.0083     ,  0.0996082  ,  4.99927    ,  2.51399    ,  0.0498513  ])
40685   , -1311.03    , array([ 1.0083     ,  0.0996082  ,  4.99927    ,  2.51399    ,  0.0498513  ])
40686   , -1311.12    , array([ 1.01273    ,  0.100483   ,  4.96902    ,  2.50935    ,  0.0504314  ])
40687   , -1311.08    , array([ 1.00486    ,  0.0989292  ,  5.02274    ,  2.51759    ,  0.0494011  ])
40688   , -1311.03    , array([ 1.00806    ,  0.0995601  ,  5.00093    ,  2.51425    ,  0.0498195  ])
40689   , -1311.03    , array([ 1.00854    ,  0.0996562  ,  4.99761    ,  2.51374    ,  0.0498832  ])
40690   , -1311.03    , array([ 1.0083     ,  0.0996082  ,  4.99927    ,  2.51399    ,  0.0498513  ])
40691   , -1333.71    , array([ 0.904599   ,  0.098122   ,  5.21782    ,  3.2392     ,  0.0541844  ])
40692   , -1394.17    , array([ 1.17609    ,  0.102013   ,  4.64564    ,  1.34058    ,  0.0428404  ])
40693   , -1311.03    , array([ 1.0083     ,  0.0996082  ,  4.99927    ,  2.51399    ,  0.0498513  ])
40694   , -1321.6     , array([ 1.07239    ,  0.100527   ,  4.86419    ,  2.06579    ,  0.0471734  ])
40695   , -1314.23    , array([ 0.968689   ,  0.0990405  ,  5.08275    ,  2.791      ,  0.0515064  ])
40696   , -1311.02    , array([ 1.00555    ,  0.0995688  ,  5.00507    ,  2.53323    ,  0.0499663  ])
40697   , -1311.02    , array([ 1.00667    ,  0.0995849  ,  5.00269    ,  2.52535    ,  0.0499192  ])
40698   , -1311.02    , array([ 1.00669    ,  0.0995851  ,  5.00266    ,  2.52524    ,  0.0499185  ])
40699   , -1311.02    , array([ 1.00666    ,  0.0995847  ,  5.00272    ,  2.52546    ,  0.0499199  ])
40700   , -1311.02    , array([ 1.00667    ,  0.0995849  ,  5.00269    ,  2.52535    ,  0.0499192  ])
40701   , -1333.73    , array([ 0.893578   ,  0.108894   ,  5.18174    ,  2.21187    ,  0.0536471  ])
40702   , -1376.94    , array([ 1.18967    ,  0.0845228  ,  4.71298    ,  3.03257    ,  0.0438872  ])
40703   , -1311.02    , array([ 1.00667    ,  0.0995849  ,  5.00269    ,  2.52535    ,  0.0499192  ])
40704   , -1321.52    , array([ 1.07657    ,  0.0938317  ,  4.89203    ,  2.71909    ,  0.0476152  ])
40705   , -1313.47    , array([ 0.963476   ,  0.103141   ,  5.07108    ,  2.40561    ,  0.0513431  ])
40706   , -1310.94    , array([ 1.00056    ,  0.100088   ,  5.01237    ,  2.5084     ,  0.0501207  ])
40707   , -1310.94    , array([ 1.00011    ,  0.100125   ,  5.01308    ,  2.50715    ,  0.0501356  ])
40708   , -1310.94    , array([ 1.00003    ,  0.100132   ,  5.0132     ,  2.50694    ,  0.0501381  ])
40709   , -1310.94    , array([ 0.999968   ,  0.100137   ,  5.01331    ,  2.50676    ,  0.0501403  ])
40710   , -1310.94    , array([ 1.00003    ,  0.100132   ,  5.0132     ,  2.50694    ,  0.0501381  ])
40711   , -1342.2     , array([ 1.00003    ,  0.100132   ,  6.0132     ,  2.50694    ,  0.0501381  ])
40712   , -1400.95    , array([ 1.00003    ,  0.100132   ,  3.39517    ,  2.50694    ,  0.0501381  ])
40713   , -1310.94    , array([ 1.00003    ,  0.100132   ,  5.0132     ,  2.50694    ,  0.0501381  ])
40714   , -1323.09    , array([ 1.00003    ,  0.100132   ,  4.39517    ,  2.50694    ,  0.0501381  ])
40715   , -1315.81    , array([ 1.00003    ,  0.100132   ,  5.39517    ,  2.50694    ,  0.0501381  ])
40716   , -1310.94    , array([ 1.00003    ,  0.100132   ,  5.00747    ,  2.50694    ,  0.0501381  ])
40717   , -1310.94    , array([ 1.00003    ,  0.100132   ,  5.0013     ,  2.50694    ,  0.0501381  ])
40718   , -1310.94    , array([ 1.00003    ,  0.100132   ,  5.00147    ,  2.50694    ,  0.0501381  ])
40719   , -1310.94    , array([ 1.00003    ,  0.100132   ,  5.00159    ,  2.50694    ,  0.0501381  ])
40720   , -1310.94    , array([ 1.00003    ,  0.100132   ,  5.00147    ,  2.50694    ,  0.0501381  ])
40721   , -1377.07    , array([ 1.00003    ,  0.100132   ,  5.00147    ,  3.50694    ,  0.0501381  ])
40722   , -1533.97    , array([ 1.00003    ,  0.100132   ,  5.00147    ,  0.88891    ,  0.0501381  ])
40723   , -1310.94    , array([ 1.00003    ,  0.100132   ,  5.00147    ,  2.50694    ,  0.0501381  ])
40724   , -1340.12    , array([ 1.00003    ,  0.100132   ,  5.00147    ,  1.88891    ,  0.0501381  ])
40725   , -1321.14    , array([ 1.00003    ,  0.100132   ,  5.00147    ,  2.88891    ,  0.0501381  ])
40726   , -1310.94    , array([ 1.00003    ,  0.100132   ,  5.00147    ,  2.51725    ,  0.0501381  ])
40727   , -1310.94    , array([ 1.00003    ,  0.100132   ,  5.00147    ,  2.50598    ,  0.0501381  ])
40728   , -1310.94    , array([ 1.00003    ,  0.100132   ,  5.00147    ,  2.50619    ,  0.0501381  ])
40729   , -1310.94    , array([ 1.00003    ,  0.100132   ,  5.00147    ,  2.5062     ,  0.0501381  ])
40730   , -1310.94    , array([ 1.00003    ,  0.100132   ,  5.00147    ,  2.50618    ,  0.0501381  ])
40731   , -1310.94    , array([ 1.00003    ,  0.100132   ,  5.00147    ,  2.50619    ,  0.0501381  ])
40732   , -1313.47    , array([ 0.975725   ,  0.095327   ,  5.16758    ,  2.53167    ,  0.0469522  ])
40733   , -1318       , array([ 1.03937    ,  0.107905   ,  4.73271    ,  2.46497    ,  0.055293   ])
40734   , -1310.94    , array([ 1.00003    ,  0.100132   ,  5.00147    ,  2.50619    ,  0.0501381  ])
40735   , -1312.03    , array([ 1.01506    ,  0.103101   ,  4.89881    ,  2.49045    ,  0.0521071  ])
40736   , -1311.26    , array([ 0.990749   ,  0.0982964  ,  5.06492    ,  2.51592    ,  0.0489212  ])
40737   , -1310.93    , array([ 0.999361   ,  0.0999985  ,  5.00607    ,  2.5069     ,  0.0500499  ])
40738   , -1310.93    , array([ 0.999327   ,  0.0999918  ,  5.0063     ,  2.50693    ,  0.0500454  ])
40739   , -1310.93    , array([ 0.99932    ,  0.0999904  ,  5.00635    ,  2.50694    ,  0.0500445  ])
40740   , -1310.93    , array([ 0.999334   ,  0.0999932  ,  5.00626    ,  2.50693    ,  0.0500463  ])
