65206   , -79089.4    , array([ 23.8506    ,  0.483335   ,  5.02535e-23,  1.41703    ,  1.4951e-19 ])
65207   , -79089.4    , array([ 23.8506    ,  0.483335   ,  5.02535e-23,  1.41703    ,  1.4951e-19 ])
65208   , -79089.4    , array([ 24.8506    ,  0.483335   ,  5.02535e-23,  1.41703    ,  1.4951e-19 ])
65209   , -79089.4    , array([ 26.4686    ,  0.483335   ,  5.02535e-23,  1.41703    ,  1.4951e-19 ])
65210   , -79089.4    , array([ 24.8506    ,  0.483335   ,  5.02535e-23,  1.41703    ,  1.4951e-19 ])
65211   , -79089.4    , array([ 25.4686    ,  0.483335   ,  5.02535e-23,  1.41703    ,  1.4951e-19 ])
65212   , -79089.4    , array([ 25.8506    ,  0.483335   ,  5.02535e-23,  1.41703    ,  1.4951e-19 ])
65213   , -79089.4    , array([ 26.0866    ,  0.483335   ,  5.02535e-23,  1.41703    ,  1.4951e-19 ])
65214   , -79089.4    , array([ 26.2325    ,  0.483335   ,  5.02535e-23,  1.41703    ,  1.4951e-19 ])
65215   , -79089.4    , array([ 26.3227    ,  0.483335   ,  5.02535e-23,  1.41703    ,  1.4951e-19 ])
65216   , -79089.4    , array([ 26.3784    ,  0.483335   ,  5.02535e-23,  1.41703    ,  1.4951e-19 ])
65217   , -79089.4    , array([ 26.4129    ,  0.483335   ,  5.02535e-23,  1.41703    ,  1.4951e-19 ])
65218   , -79089.4    , array([ 26.4385    ,  0.483335   ,  5.02535e-23,  1.41703    ,  1.4951e-19 ])
65219   , -79089.4    , array([ 26.4385    ,  0.483335   ,  5.02535e-23,  1.41703    ,  1.4951e-19 ])
65220   , -79089.4    , array([ 26.4385    ,  1.48333    ,  5.02535e-23,  1.41703    ,  1.4951e-19 ])
65221   , -79089.4    , array([ 26.4385    ,  3.10137    ,  5.02535e-23,  1.41703    ,  1.4951e-19 ])
65222   , -79089.4    , array([ 26.4385    ,  1.48333    ,  5.02535e-23,  1.41703    ,  1.4951e-19 ])
65223   , -79089.4    , array([ 26.4385    ,  2.10137    ,  5.02535e-23,  1.41703    ,  1.4951e-19 ])
65224   , -79089.4    , array([ 26.4385    ,  2.48333    ,  5.02535e-23,  1.41703    ,  1.4951e-19 ])
65225   , -79089.4    , array([ 26.4385    ,  2.7194     ,  5.02535e-23,  1.41703    ,  1.4951e-19 ])
65226   , -79089.4    , array([ 26.4385    ,  2.8653     ,  5.02535e-23,  1.41703    ,  1.4951e-19 ])
65227   , -79089.4    , array([ 26.4385    ,  2.95547    ,  5.02535e-23,  1.41703    ,  1.4951e-19 ])
65228   , -79089.4    , array([ 26.4385    ,  3.0112     ,  5.02535e-23,  1.41703    ,  1.4951e-19 ])
65229   , -79089.4    , array([ 26.4385    ,  3.04564    ,  5.02535e-23,  1.41703    ,  1.4951e-19 ])
65230   , -79089.4    , array([ 26.4385    ,  3.07126    ,  5.02535e-23,  1.41703    ,  1.4951e-19 ])
65231   , -79089.4    , array([ 26.4385    ,  3.07126    ,  5.02535e-23,  1.41703    ,  1.4951e-19 ])
65232   , -79089.4    , array([ 26.4385    ,  3.07126    ,  1          ,  1.41703    ,  1.4951e-19 ])
65233   , -79089.4    , array([ 26.4385    ,  3.07126    ,  2.61803    ,  1.41703    ,  1.4951e-19 ])
65234   , -79089.4    , array([ 26.4385    ,  3.07126    ,  1          ,  1.41703    ,  1.4951e-19 ])
65235   , -79089.4    , array([ 26.4385    ,  3.07126    ,  1.61803    ,  1.41703    ,  1.4951e-19 ])
65236   , -79089.4    , array([ 26.4385    ,  3.07126    ,  2          ,  1.41703    ,  1.4951e-19 ])
65237   , -79089.4    , array([ 26.4385    ,  3.07126    ,  2.23607    ,  1.41703    ,  1.4951e-19 ])
65238   , -79089.4    , array([ 26.4385    ,  3.07126    ,  2.38197    ,  1.41703    ,  1.4951e-19 ])
65239   , -79089.4    , array([ 26.4385    ,  3.07126    ,  2.47214    ,  1.41703    ,  1.4951e-19 ])
65240   , -79089.4    , array([ 26.4385    ,  3.07126    ,  2.52786    ,  1.41703    ,  1.4951e-19 ])
65241   , -79089.4    , array([ 26.4385    ,  3.07126    ,  2.56231    ,  1.41703    ,  1.4951e-19 ])
65242   , -79089.4    , array([ 26.4385    ,  3.07126    ,  2.58793    ,  1.41703    ,  1.4951e-19 ])
65243   , -79089.4    , array([ 26.4385    ,  3.07126    ,  2.58793    ,  1.41703    ,  1.4951e-19 ])
65244   , -79089.4    , array([ 26.4385    ,  3.07126    ,  2.58793    ,  2.41703    ,  1.4951e-19 ])
65245   , -79089.4    , array([ 26.4385    ,  3.07126    ,  2.58793    ,  4.03506    ,  1.4951e-19 ])
65246   , -79089.4    , array([ 26.4385    ,  3.07126    ,  2.58793    ,  2.41703    ,  1.4951e-19 ])
65247   , -79089.4    , array([ 26.4385    ,  3.07126    ,  2.58793    ,  3.03506    ,  1.4951e-19 ])
65248   , -79089.4    , array([ 26.4385    ,  3.07126    ,  2.58793    ,  3.41703    ,  1.4951e-19 ])
65249   , -79089.4    , array([ 26.4385    ,  3.07126    ,  2.58793    ,  3.6531     ,  1.4951e-19 ])
65250   , -79089.4    , array([ 26.4385    ,  3.07126    ,  2.58793    ,  3.799      ,  1.4951e-19 ])
65251   , -79089.4    , array([ 26.4385    ,  3.07126    ,  2.58793    ,  3.88917    ,  1.4951e-19 ])
65252   , -79089.4    , array([ 26.4385    ,  3.07126    ,  2.58793    ,  3.94489    ,  1.4951e-19 ])
65253   , -79089.4    , array([ 26.4385    ,  3.07126    ,  2.58793    ,  3.97934    ,  1.4951e-19 ])
65254   , -79089.4    , array([ 26.4385    ,  3.07126    ,  2.58793    ,  4.00496    ,  1.4951e-19 ])
65255   , -79089.4    , array([ 26.4385    ,  3.07126    ,  2.58793    ,  4.00496    ,  1.4951e-19 ])
65256   , -88530.7    , array([ 26.4385    ,  3.07126    ,  2.58793    ,  4.00496    ,  1          ])
65258   , -79089.4    , array([ 26.4385    ,  3.07126    ,  2.58793    ,  4.00496    ,  1.4951e-19 ])
65260   , -77853.8    , array([ 26.4385    ,  3.07126    ,  2.58793    ,  4.00496    ,  0.381966   ])
65261   , -69903.3    , array([ 26.4385    ,  3.07126    ,  2.58793    ,  4.00496    ,  0.190993   ])
65262   , -70210.2    , array([ 26.4385    ,  3.07126    ,  2.58793    ,  4.00496    ,  0.197868   ])
65263   , -67211.2    , array([ 26.4385    ,  3.07126    ,  2.58793    ,  4.00496    ,  0.11804    ])
65264   , -67141.6    , array([ 26.4385    ,  3.07126    ,  2.58793    ,  4.00496    ,  0.0729528  ])
65265   , -66889.4    , array([ 26.4385    ,  3.07126    ,  2.58793    ,  4.00496    ,  0.0929225  ])
65266   , -66891.2    , array([ 26.4385    ,  3.07126    ,  2.58793    ,  4.00496    ,  0.0941299  ])
65267   , -66889.2    , array([ 26.4385    ,  3.07126    ,  2.58793    ,  4.00496    ,  0.0919932  ])
65268   , -66890      , array([ 26.4385    ,  3.07126    ,  2.58793    ,  4.00496    ,  0.0910733  ])
65269   , -84106.8    , array([ 29.0264    ,  5.65919    ,  5.17586    ,  6.59289    ,  0.183986   ])
65270   , -66889.2    , array([ 26.4385    ,  3.07126    ,  2.58793    ,  4.00496    ,  0.0919932  ])
65271   , -66949.6    , array([ 27.4385    ,  3.07126    ,  2.58793    ,  4.00496    ,  0.0919932  ])
65272   , -66781.7    , array([ 24.8205    ,  3.07126    ,  2.58793    ,  4.00496    ,  0.0919932  ])
65273   , -66576.5    , array([ 22.2024    ,  3.07126    ,  2.58793    ,  4.00496    ,  0.0919932  ])
65274   , -66126.4    , array([ 17.9664    ,  3.07126    ,  2.58793    ,  4.00496    ,  0.0919932  ])
65275   , -64747      , array([ 11.1123    ,  3.07126    ,  2.58793    ,  4.00496    ,  0.0919932  ])
65276   , -183443     , array([ 0.022083   ,  3.07126    ,  2.58793    ,  4.00496    ,  0.0919932  ])
65277   , -64747      , array([ 11.1123    ,  3.07126    ,  2.58793    ,  4.00496    ,  0.0919932  ])
65278   , -62728.5    , array([ 6.87619    ,  3.07126    ,  2.58793    ,  4.00496    ,  0.0919932  ])
65279   , -59910.9    , array([ 4.25815    ,  3.07126    ,  2.58793    ,  4.00496    ,  0.0919932  ])
65280   , -56247.4    , array([ 2.64012    ,  3.07126    ,  2.58793    ,  4.00496    ,  0.0919932  ])
65281   , -51995.7    , array([ 1.64012    ,  3.07126    ,  2.58793    ,  4.00496    ,  0.0919932  ])
65282   , -47959      , array([ 1.02208    ,  3.07126    ,  2.58793    ,  4.00496    ,  0.0919932  ])
65283   , -45584.2    , array([ 0.640117   ,  3.07126    ,  2.58793    ,  4.00496    ,  0.0919932  ])
65284   , -47086.9    , array([ 0.382133   ,  3.07126    ,  2.58793    ,  4.00496    ,  0.0919932  ])
65285   , -45584.2    , array([ 0.640117   ,  3.07126    ,  2.58793    ,  4.00496    ,  0.0919932  ])
65286   , -47738.7    , array([ 0.640117   ,  4.07126    ,  2.58793    ,  4.00496    ,  0.0919932  ])
65287   , -37231.2    , array([ 0.640117   ,  1.45323    ,  2.58793    ,  4.00496    ,  0.0919932  ])
65289   , -37231.2    , array([ 0.640117   ,  1.45323    ,  2.58793    ,  4.00496    ,  0.0919932  ])
65290   , -17164.9    , array([ 0.640117   ,  0.45323    ,  2.58793    ,  4.00496    ,  0.0919932  ])
65292   , -30699.4    , array([ 0.640117   ,  0.953129   ,  2.58793    ,  4.00496    ,  0.0919932  ])
65293   , -5811.2     , array([ 0.640117   ,  0.217162   ,  2.58793    ,  4.00496    ,  0.0919932  ])
65294   , -7337.56    , array([ 0.640117   ,  0.0712637  ,  2.58793    ,  4.00496    ,  0.0919932  ])
65295   , -4033.62    , array([ 0.640117   ,  0.178334   ,  2.58793    ,  4.00496    ,  0.0919932  ])
65296   , -3098.19    , array([ 0.640117   ,  0.149405   ,  2.58793    ,  4.00496    ,  0.0919932  ])
65297   , -2925.68    , array([ 0.640117   ,  0.119558   ,  2.58793    ,  4.00496    ,  0.0919932  ])
65298   , -2925.68    , array([ 0.640117   ,  0.119558   ,  2.58793    ,  4.00496    ,  0.0919932  ])
65299   , -2364.54    , array([ 0.640117   ,  0.119558   ,  3.58793    ,  4.00496    ,  0.0919932  ])
65300   , -1886.66    , array([ 0.640117   ,  0.119558   ,  5.20596    ,  4.00496    ,  0.0919932  ])
65301   , -1810.14    , array([ 0.640117   ,  0.119558   ,  5.85146    ,  4.00496    ,  0.0919932  ])
65302   , -1794.68    , array([ 0.640117   ,  0.119558   ,  6.89589    ,  4.00496    ,  0.0919932  ])
65303   , -1786.13    , array([ 0.640117   ,  0.119558   ,  6.49424    ,  4.00496    ,  0.0919932  ])
65304   , -1786.13    , array([ 0.640117   ,  0.119558   ,  6.49424    ,  4.00496    ,  0.0919932  ])
65305   , -1789.59    , array([ 0.640117   ,  0.119558   ,  6.24872    ,  4.00496    ,  0.0919932  ])
65306   , -1787.37    , array([ 0.640117   ,  0.119558   ,  6.64766    ,  4.00496    ,  0.0919932  ])
65307   , -1786.21    , array([ 0.640117   ,  0.119558   ,  6.53331    ,  4.00496    ,  0.0919932  ])
65308   , -1786.23    , array([ 0.640117   ,  0.119558   ,  6.45518    ,  4.00496    ,  0.0919932  ])
65309   , -1786.13    , array([ 0.640117   ,  0.119558   ,  6.49424    ,  4.00496    ,  0.0919932  ])
65310   , -1978.44    , array([ 0.640117   ,  0.119558   ,  6.49424    ,  5.00496    ,  0.0919932  ])
65311   , -2004.42    , array([ 0.640117   ,  0.119558   ,  6.49424    ,  2.38693    ,  0.0919932  ])
65312   , -1786.13    , array([ 0.640117   ,  0.119558   ,  6.49424    ,  4.00496    ,  0.0919932  ])
65313   , -1777.25    , array([ 0.640117   ,  0.119558   ,  6.49424    ,  3.38693    ,  0.0919932  ])
65314   , -1824.33    , array([ 0.640117   ,  0.119558   ,  6.49424    ,  3.00496    ,  0.0919932  ])
65315   , -1769.12    , array([ 0.640117   ,  0.119558   ,  6.49424    ,  3.6437     ,  0.0919932  ])
65316   , -1769.11    , array([ 0.640117   ,  0.119558   ,  6.49424    ,  3.63951    ,  0.0919932  ])
65317   , -1769.11    , array([ 0.640117   ,  0.119558   ,  6.49424    ,  3.63444    ,  0.0919932  ])
65318   , -1769.11    , array([ 0.640117   ,  0.119558   ,  6.49424    ,  3.63074    ,  0.0919932  ])
65319   , -1769.11    , array([ 0.640117   ,  0.119558   ,  6.49424    ,  3.63444    ,  0.0919932  ])
65320   , -5247.97    , array([ 0.640117   ,  0.119558   ,  6.49424    ,  3.63444    ,  1.09199    ])
65322   , -1769.11    , array([ 0.640117   ,  0.119558   ,  6.49424    ,  3.63444    ,  0.0919932  ])
65324   , -4322.67    , array([ 0.640117   ,  0.119558   ,  6.49424    ,  3.63444    ,  0.473959   ])
65325   , -3701.66    , array([ 0.640117   ,  0.119558   ,  6.49424    ,  3.63444    ,  0.282956   ])
65327   , -62177.2    , array([ 0.640117   ,  0.119558   ,  6.49424    ,  3.63444    ,  0.00182329 ])
65328   , -2707.73    , array([ 0.640117   ,  0.119558   ,  6.49424    ,  3.63444    ,  0.164934   ])
65329   , -2089.02    , array([ 0.640117   ,  0.119558   ,  6.49424    ,  3.63444    ,  0.0575514  ])
65330   , -1820.49    , array([ 0.640117   ,  0.119558   ,  6.49424    ,  3.63444    ,  0.0972808  ])
65331   , -1719.01    , array([ 0.640117   ,  0.119558   ,  6.49424    ,  3.63444    ,  0.0844809  ])
65332   , -1721.75    , array([ 0.640117   ,  0.119558   ,  6.49424    ,  3.63444    ,  0.0741948  ])
65333   , -1707.32    , array([ 0.640117   ,  0.119558   ,  6.49424    ,  3.63444    ,  0.0796803  ])
65334   , -1707.29    , array([ 0.640117   ,  0.119558   ,  6.49424    ,  3.63444    ,  0.0795572  ])
65335   , -1707.27    , array([ 0.640117   ,  0.119558   ,  6.49424    ,  3.63444    ,  0.0793105  ])
65336   , -1709.28    , array([ 0.640117   ,  0.119558   ,  6.49424    ,  3.63444    ,  0.0773565  ])
65337   , -1707.28    , array([ 0.640117   ,  0.119558   ,  6.49424    ,  3.63444    ,  0.0791837  ])
65339   , -1707.27    , array([ 0.640117   ,  0.119558   ,  6.49424    ,  3.63444    ,  0.0793105  ])
65340   , -2082.18    , array([ 1.64012    ,  0.119558   ,  6.49424    ,  3.63444    ,  0.0793105  ])
65342   , -1707.27    , array([ 0.640117   ,  0.119558   ,  6.49424    ,  3.63444    ,  0.0793105  ])
65343   , -107118     , array([ 0.0220831  ,  0.119558   ,  6.49424    ,  3.63444    ,  0.0793105  ])
65344   , -1576.71    , array([ 1.02208    ,  0.119558   ,  6.49424    ,  3.63444    ,  0.0793105  ])
65345   , -1519       , array([ 0.832104   ,  0.119558   ,  6.49424    ,  3.63444    ,  0.0793105  ])
65346   , -1520.35    , array([ 0.881922   ,  0.119558   ,  6.49424    ,  3.63444    ,  0.0793105  ])
65347   , -1517.96    , array([ 0.850151   ,  0.119558   ,  6.49424    ,  3.63444    ,  0.0793105  ])
65348   , -1517.96    , array([ 0.852252   ,  0.119558   ,  6.49424    ,  3.63444    ,  0.0793105  ])
65349   , -1517.98    , array([ 0.854373   ,  0.119558   ,  6.49424    ,  3.63444    ,  0.0793105  ])
65350   , -1517.96    , array([ 0.852252   ,  0.119558   ,  6.49424    ,  3.63444    ,  0.0793105  ])
65351   , -37383.2    , array([ 0.852252   ,  1.11956    ,  6.49424    ,  3.63444    ,  0.0793105  ])
65353   , -1517.96    , array([ 0.852252   ,  0.119558   ,  6.49424    ,  3.63444    ,  0.0793105  ])
65355   , -21969.2    , array([ 0.852252   ,  0.501524   ,  6.49424    ,  3.63444    ,  0.0793105  ])
65356   , -12285.8    , array([ 0.852252   ,  0.310375   ,  6.49424    ,  3.63444    ,  0.0793105  ])
65358   , -28179.1    , array([ 0.852252   ,  0.0293876  ,  6.49424    ,  3.63444    ,  0.0793105  ])
65359   , -4737.41    , array([ 0.852252   ,  0.192443   ,  6.49424    ,  3.63444    ,  0.0793105  ])
65360   , -2777.14    , array([ 0.852252   ,  0.0851157  ,  6.49424    ,  3.63444    ,  0.0793105  ])
65361   , -1617.15    , array([ 0.852252   ,  0.126639   ,  6.49424    ,  3.63444    ,  0.0793105  ])
65362   , -1504.48    , array([ 0.852252   ,  0.117347   ,  6.49424    ,  3.63444    ,  0.0793105  ])
65363   , -1500.44    , array([ 0.852252   ,  0.114872   ,  6.49424    ,  3.63444    ,  0.0793105  ])
65364   , -1500.27    , array([ 0.852252   ,  0.115254   ,  6.49424    ,  3.63444    ,  0.0793105  ])
65365   , -1500.27    , array([ 0.852252   ,  0.115297   ,  6.49424    ,  3.63444    ,  0.0793105  ])
65366   , -1500.27    , array([ 0.852252   ,  0.11534    ,  6.49424    ,  3.63444    ,  0.0793105  ])
65367   , -1500.27    , array([ 0.852252   ,  0.115297   ,  6.49424    ,  3.63444    ,  0.0793105  ])
65368   , -1627.67    , array([ 0.852252   ,  0.115297   ,  7.49424    ,  3.63444    ,  0.0793105  ])
65369   , -1490.73    , array([ 0.852252   ,  0.115297   ,  4.87621    ,  3.63444    ,  0.0793105  ])
65370   , -1461.25    , array([ 0.852252   ,  0.115297   ,  5.62167    ,  3.63444    ,  0.0793105  ])
65371   , -1461.25    , array([ 0.852252   ,  0.115297   ,  5.62167    ,  3.63444    ,  0.0793105  ])
65372   , -1467.44    , array([ 0.852252   ,  0.115297   ,  5.95496    ,  3.63444    ,  0.0793105  ])
65373   , -1465.16    , array([ 0.852252   ,  0.115297   ,  5.33693    ,  3.63444    ,  0.0793105  ])
65374   , -1461.24    , array([ 0.852252   ,  0.115297   ,  5.61061    ,  3.63444    ,  0.0793105  ])
65375   , -1461.24    , array([ 0.852252   ,  0.115297   ,  5.60177    ,  3.63444    ,  0.0793105  ])
65376   , -1461.24    , array([ 0.852252   ,  0.115297   ,  5.61061    ,  3.63444    ,  0.0793105  ])
65377   , -1554.46    , array([ 0.852252   ,  0.115297   ,  5.61061    ,  4.63444    ,  0.0793105  ])
65378   , -1825.51    , array([ 0.852252   ,  0.115297   ,  5.61061    ,  2.01641    ,  0.0793105  ])
65379   , -1461.24    , array([ 0.852252   ,  0.115297   ,  5.61061    ,  3.63444    ,  0.0793105  ])
65380   , -1511.2     , array([ 0.852252   ,  0.115297   ,  5.61061    ,  3.01641    ,  0.0793105  ])
65381   , -1474.06    , array([ 0.852252   ,  0.115297   ,  5.61061    ,  4.01641    ,  0.0793105  ])
65382   , -1461.14    , array([ 0.852252   ,  0.115297   ,  5.61061    ,  3.67874    ,  0.0793105  ])
65383   , -1461.12    , array([ 0.852252   ,  0.115297   ,  5.61061    ,  3.66763    ,  0.0793105  ])
65384   , -1461.12    , array([ 0.852252   ,  0.115297   ,  5.61061    ,  3.66723    ,  0.0793105  ])
65385   , -1461.12    , array([ 0.852252   ,  0.115297   ,  5.61061    ,  3.6669     ,  0.0793105  ])
65386   , -1461.12    , array([ 0.852252   ,  0.115297   ,  5.61061    ,  3.66723    ,  0.0793105  ])
65387   , -6207.51    , array([ 0.852252   ,  0.115297   ,  5.61061    ,  3.66723    ,  1.07931    ])
65389   , -1461.12    , array([ 0.852252   ,  0.115297   ,  5.61061    ,  3.66723    ,  0.0793105  ])
65391   , -5045.5     , array([ 0.852252   ,  0.115297   ,  5.61061    ,  3.66723    ,  0.461277   ])
65392   , -4050.45    , array([ 0.852252   ,  0.115297   ,  5.61061    ,  3.66723    ,  0.270265   ])
65395   , -2714.31    , array([ 0.852252   ,  0.115297   ,  5.61061    ,  3.66723    ,  0.152248   ])
65396   , -2497.46    , array([ 0.852252   ,  0.115297   ,  5.61061    ,  3.66723    ,  0.0448687  ])
65397   , -1692.57    , array([ 0.852252   ,  0.115297   ,  5.61061    ,  3.66723    ,  0.0962649  ])
65398   , -1465       , array([ 0.852252   ,  0.115297   ,  5.61061    ,  3.66723    ,  0.0797676  ])
65399   , -1458.64    , array([ 0.852252   ,  0.115297   ,  5.61061    ,  3.66723    ,  0.0661549  ])
65400   , -1429.26    , array([ 0.852252   ,  0.115297   ,  5.61061    ,  3.66723    ,  0.0725777  ])
65401   , -1429.3     , array([ 0.852252   ,  0.115297   ,  5.61061    ,  3.66723    ,  0.072645   ])
65402   , -1429.12    , array([ 0.852252   ,  0.115297   ,  5.61061    ,  3.66723    ,  0.0721941  ])
65403   , -1432.96    , array([ 0.852252   ,  0.115297   ,  5.61061    ,  3.66723    ,  0.0698873  ])
65404   , -1429.12    , array([ 0.852252   ,  0.115297   ,  5.61061    ,  3.66723    ,  0.0721229  ])
65405   , -1429.12    , array([ 0.852252   ,  0.115297   ,  5.61061    ,  3.66723    ,  0.072051   ])
65406   , -1378.56    , array([ 1.06439    ,  0.111036   ,  4.72697    ,  3.70002    ,  0.0649353  ])
65407   , -1429.12    , array([ 0.852252   ,  0.115297   ,  5.61061    ,  3.66723    ,  0.0721229  ])
65408   , -1378.56    , array([ 1.06439    ,  0.111036   ,  4.72697    ,  3.70002    ,  0.0649353  ])
65409   , -1447.35    , array([ 1.40763    ,  0.104143   ,  3.29722    ,  3.75307    ,  0.0533055  ])
65410   , -1378.56    , array([ 1.06439    ,  0.111036   ,  4.72697    ,  3.70002    ,  0.0649353  ])
65411   , -1390.45    , array([ 1.19549    ,  0.108403   ,  4.18086    ,  3.72029    ,  0.0604931  ])
65412   , -1384.34    , array([ 0.983358   ,  0.112664   ,  5.06449    ,  3.6875     ,  0.0676807  ])
65413   , -1378.6     , array([ 1.07056    ,  0.110912   ,  4.70125    ,  3.70098    ,  0.0647261  ])
65414   , -1378.56    , array([ 1.06226    ,  0.111079   ,  4.73581    ,  3.69969    ,  0.0650072  ])
65415   , -1378.57    , array([ 1.06651    ,  0.110994   ,  4.71814    ,  3.70035    ,  0.0648634  ])
65416   , -1378.56    , array([ 1.06439    ,  0.111036   ,  4.72697    ,  3.70002    ,  0.0649353  ])
65417   , -7000.67    , array([ 1.06439    ,  0.111036   ,  4.72697    ,  3.70002    ,  1.06494    ])
65419   , -1378.56    , array([ 1.06439    ,  0.111036   ,  4.72697    ,  3.70002    ,  0.0649353  ])
65421   , -5742.9     , array([ 1.06439    ,  0.111036   ,  4.72697    ,  3.70002    ,  0.446901   ])
65422   , -4585.53    , array([ 1.06439    ,  0.111036   ,  4.72697    ,  3.70002    ,  0.255883   ])
65425   , -2920.5     , array([ 1.06439    ,  0.111036   ,  4.72697    ,  3.70002    ,  0.137871   ])
65426   , -4854.94    , array([ 1.06439    ,  0.111036   ,  4.72697    ,  3.70002    ,  0.0304935  ])
65427   , -1825.01    , array([ 1.06439    ,  0.111036   ,  4.72697    ,  3.70002    ,  0.0927942  ])
65428   , -1644.51    , array([ 1.06439    ,  0.111036   ,  4.72697    ,  3.70002    ,  0.0517797  ])
65429   , -1397.37    , array([ 1.06439    ,  0.111036   ,  4.72697    ,  3.70002    ,  0.0697966  ])
65430   , -1378.82    , array([ 1.06439    ,  0.111036   ,  4.72697    ,  3.70002    ,  0.0659188  ])
65431   , -1378.42    , array([ 1.06439    ,  0.111036   ,  4.72697    ,  3.70002    ,  0.065287   ])
65432   , -1378.42    , array([ 1.06439    ,  0.111036   ,  4.72697    ,  3.70002    ,  0.0653006  ])
65433   , -1378.42    , array([ 1.06439    ,  0.111036   ,  4.72697    ,  3.70002    ,  0.065297   ])
65434   , -1378.42    , array([ 1.06439    ,  0.111036   ,  4.72697    ,  3.70002    ,  0.0652934  ])
65435   , -1378.42    , array([ 1.06439    ,  0.111036   ,  4.72697    ,  3.70002    ,  0.065297   ])
65436   , -38951.4    , array([ 1.06439    ,  1.11104    ,  4.72697    ,  3.70002    ,  0.065297   ])
65438   , -1378.42    , array([ 1.06439    ,  0.111036   ,  4.72697    ,  3.70002    ,  0.065297   ])
65440   , -22974      , array([ 1.06439    ,  0.493002   ,  4.72697    ,  3.70002    ,  0.065297   ])
65441   , -12795.7    , array([ 1.06439    ,  0.301845   ,  4.72697    ,  3.70002    ,  0.065297   ])
65443   , -39719.2    , array([ 1.06439    ,  0.0208664  ,  4.72697    ,  3.70002    ,  0.065297   ])
65444   , -4759.03    , array([ 1.06439    ,  0.183919   ,  4.72697    ,  3.70002    ,  0.065297   ])
65445   , -3074.61    , array([ 1.06439    ,  0.0765945  ,  4.72697    ,  3.70002    ,  0.065297   ])
65446   , -1531.79    , array([ 1.06439    ,  0.12145    ,  4.72697    ,  3.70002    ,  0.065297   ])
65447   , -1378.64    , array([ 1.06439    ,  0.11108    ,  4.72697    ,  3.70002    ,  0.065297   ])
65448   , -1373.07    , array([ 1.06439    ,  0.108474   ,  4.72697    ,  3.70002    ,  0.065297   ])
65449   , -1574.52    , array([ 1.06439    ,  0.0962972  ,  4.72697    ,  3.70002    ,  0.065297   ])
65450   , -1372.95    , array([ 1.06439    ,  0.108788   ,  4.72697    ,  3.70002    ,  0.065297   ])
65451   , -1372.95    , array([ 1.06439    ,  0.10881    ,  4.72697    ,  3.70002    ,  0.065297   ])
65452   , -1372.95    , array([ 1.06439    ,  0.108833   ,  4.72697    ,  3.70002    ,  0.065297   ])
65453   , -1372.95    , array([ 1.06439    ,  0.10881    ,  4.72697    ,  3.70002    ,  0.065297   ])
65454   , -1416.54    , array([ 1.06439    ,  0.10881    ,  5.72697    ,  3.70002    ,  0.065297   ])
65455   , -1502.98    , array([ 1.06439    ,  0.10881    ,  3.10894    ,  3.70002    ,  0.065297   ])
65456   , -1372.95    , array([ 1.06439    ,  0.10881    ,  4.72697    ,  3.70002    ,  0.065297   ])
65457   , -1390.3     , array([ 1.06439    ,  0.10881    ,  4.10894    ,  3.70002    ,  0.065297   ])
65458   , -1379.77    , array([ 1.06439    ,  0.10881    ,  5.10894    ,  3.70002    ,  0.065297   ])
65459   , -1372.95    , array([ 1.06439    ,  0.10881    ,  4.72364    ,  3.70002    ,  0.065297   ])
65460   , -1372.94    , array([ 1.06439    ,  0.10881    ,  4.71602    ,  3.70002    ,  0.065297   ])
65461   , -1372.94    , array([ 1.06439    ,  0.10881    ,  4.71624    ,  3.70002    ,  0.065297   ])
65462   , -1372.94    , array([ 1.06439    ,  0.10881    ,  4.71635    ,  3.70002    ,  0.065297   ])
65463   , -1372.94    , array([ 1.06439    ,  0.10881    ,  4.71613    ,  3.70002    ,  0.065297   ])
65464   , -1372.94    , array([ 1.06439    ,  0.10881    ,  4.71624    ,  3.70002    ,  0.065297   ])
65465   , -1482.69    , array([ 1.06439    ,  0.10881    ,  4.71624    ,  4.70002    ,  0.065297   ])
65466   , -1585.25    , array([ 1.06439    ,  0.10881    ,  4.71624    ,  2.08199    ,  0.065297   ])
65467   , -1372.94    , array([ 1.06439    ,  0.10881    ,  4.71624    ,  3.70002    ,  0.065297   ])
65468   , -1387.77    , array([ 1.06439    ,  0.10881    ,  4.71624    ,  3.08199    ,  0.065297   ])
65469   , -1397.13    , array([ 1.06439    ,  0.10881    ,  4.71624    ,  4.08199    ,  0.065297   ])
65470   , -1370.01    , array([ 1.06439    ,  0.10881    ,  4.71624    ,  3.52839    ,  0.065297   ])
65471   , -1370       , array([ 1.06439    ,  0.10881    ,  4.71624    ,  3.52141    ,  0.065297   ])
65472   , -1370       , array([ 1.06439    ,  0.10881    ,  4.71624    ,  3.51727    ,  0.065297   ])
65473   , -1370       , array([ 1.06439    ,  0.10881    ,  4.71624    ,  3.5191     ,  0.065297   ])
65474   , -1370       , array([ 1.06439    ,  0.10881    ,  4.71624    ,  3.51545    ,  0.065297   ])
65475   , -1370       , array([ 1.06439    ,  0.10881    ,  4.71624    ,  3.51727    ,  0.065297   ])
65476   , -1391.97    , array([ 1.27652    ,  0.10455    ,  3.83261    ,  3.55006    ,  0.0581094  ])
65477   , -1531.92    , array([ 0.721145   ,  0.115704   ,  6.14599    ,  3.46422    ,  0.0769268  ])
65478   , -1370       , array([ 1.06439    ,  0.10881    ,  4.71624    ,  3.51727    ,  0.065297   ])
65479   , -1384.67    , array([ 0.93328    ,  0.111443   ,  5.26236    ,  3.49701    ,  0.0697392  ])
65480   , -1373.83    , array([ 1.14541    ,  0.107183   ,  4.37872    ,  3.5298     ,  0.0625515  ])
65481   , -1370.05    , array([ 1.07343    ,  0.108629   ,  4.67856    ,  3.51867    ,  0.0649904  ])
65482   , -1370       , array([ 1.064      ,  0.108818   ,  4.71786    ,  3.51721    ,  0.0653101  ])
65483   , -1370       , array([ 1.06461    ,  0.108806   ,  4.71533    ,  3.51731    ,  0.0652895  ])
65484   , -1370       , array([ 1.0646     ,  0.108806   ,  4.71535    ,  3.51731    ,  0.0652897  ])
65485   , -1370       , array([ 1.0646     ,  0.108806   ,  4.71534    ,  3.51731    ,  0.0652897  ])
65486   , -1370       , array([ 1.0646     ,  0.108806   ,  4.71536    ,  3.51731    ,  0.0652898  ])
65487   , -1416.83    , array([ 1.27695    ,  0.102315   ,  3.8201     ,  3.36738    ,  0.0584566  ])
65488   , -1370       , array([ 1.0646     ,  0.108806   ,  4.71535    ,  3.51731    ,  0.0652897  ])
65489   , -7830.58    , array([ 1.0646     ,  0.108806   ,  4.71535    ,  3.51731    ,  1.06529    ])
65491   , -1370       , array([ 1.0646     ,  0.108806   ,  4.71535    ,  3.51731    ,  0.0652897  ])
65493   , -6464.53    , array([ 1.0646     ,  0.108806   ,  4.71535    ,  3.51731    ,  0.447256   ])
65494   , -5175.42    , array([ 1.0646     ,  0.108806   ,  4.71535    ,  3.51731    ,  0.256232   ])
65497   , -3287.92    , array([ 1.0646     ,  0.108806   ,  4.71535    ,  3.51731    ,  0.138223   ])
65498   , -4399.37    , array([ 1.0646     ,  0.108806   ,  4.71535    ,  3.51731    ,  0.0308479  ])
65499   , -1892.79    , array([ 1.0646     ,  0.108806   ,  4.71535    ,  3.51731    ,  0.0893994  ])
65500   , -1511.18    , array([ 1.0646     ,  0.108806   ,  4.71535    ,  3.51731    ,  0.0521341  ])
65501   , -1367.08    , array([ 1.0646     ,  0.108806   ,  4.71535    ,  3.51731    ,  0.0648805  ])
65502   , -1357.23    , array([ 1.0646     ,  0.108806   ,  4.71535    ,  3.51731    ,  0.0625382  ])
65503   , -1372.11    , array([ 1.0646     ,  0.108806   ,  4.71535    ,  3.51731    ,  0.0585642  ])
65504   , -1356.79    , array([ 1.0646     ,  0.108806   ,  4.71535    ,  3.51731    ,  0.0617403  ])
65505   , -1356.75    , array([ 1.0646     ,  0.108806   ,  4.71535    ,  3.51731    ,  0.0619013  ])
65506   , -1356.75    , array([ 1.0646     ,  0.108806   ,  4.71535    ,  3.51731    ,  0.0619351  ])
65507   , -1356.75    , array([ 1.0646     ,  0.108806   ,  4.71535    ,  3.51731    ,  0.0618674  ])
65508   , -1356.75    , array([ 1.0646     ,  0.108806   ,  4.71535    ,  3.51731    ,  0.0619013  ])
65509   , -39242.5    , array([ 1.0646     ,  1.10881    ,  4.71535    ,  3.51731    ,  0.0619013  ])
65511   , -1356.75    , array([ 1.0646     ,  0.108806   ,  4.71535    ,  3.51731    ,  0.0619013  ])
65513   , -23271.1    , array([ 1.0646     ,  0.490772   ,  4.71535    ,  3.51731    ,  0.0619013  ])
65514   , -12991.4    , array([ 1.0646     ,  0.299612   ,  4.71535    ,  3.51731    ,  0.0619013  ])
65516   , -44897      , array([ 1.0646     ,  0.018636   ,  4.71535    ,  3.51731    ,  0.0619013  ])
65517   , -4802.95    , array([ 1.0646     ,  0.181687   ,  4.71535    ,  3.51731    ,  0.0619013  ])
65518   , -3212.02    , array([ 1.0646     ,  0.0743641  ,  4.71535    ,  3.51731    ,  0.0619013  ])
65519   , -1528.14    , array([ 1.0646     ,  0.120162   ,  4.71535    ,  3.51731    ,  0.0619013  ])
65520   , -1359.8     , array([ 1.0646     ,  0.109472   ,  4.71535    ,  3.51731    ,  0.0619013  ])
65521   , -1353.59    , array([ 1.0646     ,  0.106812   ,  4.71535    ,  3.51731    ,  0.0619013  ])
65522   , -1353.48    , array([ 1.0646     ,  0.107106   ,  4.71535    ,  3.51731    ,  0.0619013  ])
65523   , -1353.48    , array([ 1.0646     ,  0.107123   ,  4.71535    ,  3.51731    ,  0.0619013  ])
65524   , -1353.48    , array([ 1.0646     ,  0.10714    ,  4.71535    ,  3.51731    ,  0.0619013  ])
65525   , -1353.48    , array([ 1.0646     ,  0.107123   ,  4.71535    ,  3.51731    ,  0.0619013  ])
65526   , -1392.4     , array([ 1.0646     ,  0.107123   ,  5.71535    ,  3.51731    ,  0.0619013  ])
65527   , -1479.09    , array([ 1.0646     ,  0.107123   ,  3.09732    ,  3.51731    ,  0.0619013  ])
65528   , -1353.48    , array([ 1.0646     ,  0.107123   ,  4.71535    ,  3.51731    ,  0.0619013  ])
65529   , -1371.18    , array([ 1.0646     ,  0.107123   ,  4.09732    ,  3.51731    ,  0.0619013  ])
65530   , -1359.06    , array([ 1.0646     ,  0.107123   ,  5.09732    ,  3.51731    ,  0.0619013  ])
65531   , -1353.47    , array([ 1.0646     ,  0.107123   ,  4.73748    ,  3.51731    ,  0.0619013  ])
65532   , -1353.47    , array([ 1.0646     ,  0.107123   ,  4.73085    ,  3.51731    ,  0.0619013  ])
65533   , -1353.47    , array([ 1.0646     ,  0.107123   ,  4.73069    ,  3.51731    ,  0.0619013  ])
65534   , -1353.47    , array([ 1.0646     ,  0.107123   ,  4.73054    ,  3.51731    ,  0.0619013  ])
65535   , -1353.47    , array([ 1.0646     ,  0.107123   ,  4.73069    ,  3.51731    ,  0.0619013  ])
65536   , -1456.54    , array([ 1.0646     ,  0.107123   ,  4.73069    ,  4.51731    ,  0.0619013  ])
65537   , -1561.11    , array([ 1.0646     ,  0.107123   ,  4.73069    ,  1.89927    ,  0.0619013  ])
65538   , -1353.47    , array([ 1.0646     ,  0.107123   ,  4.73069    ,  3.51731    ,  0.0619013  ])
65539   , -1369.22    , array([ 1.0646     ,  0.107123   ,  4.73069    ,  2.89927    ,  0.0619013  ])
65540   , -1375.78    , array([ 1.0646     ,  0.107123   ,  4.73069    ,  3.89927    ,  0.0619013  ])
65541   , -1351.08    , array([ 1.0646     ,  0.107123   ,  4.73069    ,  3.36012    ,  0.0619013  ])
65542   , -1351.07    , array([ 1.0646     ,  0.107123   ,  4.73069    ,  3.35267    ,  0.0619013  ])
65543   , -1351.07    , array([ 1.0646     ,  0.107123   ,  4.73069    ,  3.34875    ,  0.0619013  ])
65544   , -1351.07    , array([ 1.0646     ,  0.107123   ,  4.73069    ,  3.35043    ,  0.0619013  ])
65545   , -1351.07    , array([ 1.0646     ,  0.107123   ,  4.73069    ,  3.34706    ,  0.0619013  ])
65546   , -1351.07    , array([ 1.0646     ,  0.107123   ,  4.73069    ,  3.34875    ,  0.0619013  ])
65547   , -1373.94    , array([ 1.27673    ,  0.102863   ,  3.84706    ,  3.38154    ,  0.0547136  ])
65548   , -1507.74    , array([ 0.721359   ,  0.114017   ,  6.16045    ,  3.29569    ,  0.0735311  ])
65549   , -1351.07    , array([ 1.0646     ,  0.107123   ,  4.73069    ,  3.34875    ,  0.0619013  ])
65550   , -1365.53    , array([ 0.933493   ,  0.109756   ,  5.27681    ,  3.32848    ,  0.0663434  ])
65551   , -1354.8     , array([ 1.14563    ,  0.105496   ,  4.39318    ,  3.36127    ,  0.0591558  ])
65552   , -1351.11    , array([ 1.0739     ,  0.106936   ,  4.69197    ,  3.35018    ,  0.0615862  ])
65553   , -1351.07    , array([ 1.06564    ,  0.107102   ,  4.72638    ,  3.34891    ,  0.0618661  ])
65554   , -1351.07    , array([ 1.06601    ,  0.107095   ,  4.7248     ,  3.34897    ,  0.0618533  ])
65555   , -1351.07    , array([ 1.066      ,  0.107095   ,  4.72486    ,  3.34896    ,  0.0618538  ])
65556   , -1351.07    , array([ 1.06599    ,  0.107095   ,  4.72492    ,  3.34896    ,  0.0618543  ])
65557   , -1334.82    , array([ 1.0674     ,  0.105384   ,  4.73437    ,  3.18062    ,  0.0584179  ])
65558   , -1351.07    , array([ 1.066      ,  0.107095   ,  4.72486    ,  3.34896    ,  0.0618538  ])
65559   , -1334.82    , array([ 1.0674     ,  0.105384   ,  4.73437    ,  3.18062    ,  0.0584179  ])
65560   , -1320.11    , array([ 1.06967    ,  0.102616   ,  4.74976    ,  2.90823    ,  0.0528584  ])
65561   , -1323.43    , array([ 1.07086    ,  0.101159   ,  4.75786    ,  2.76485    ,  0.0499321  ])
65562   , -1320.11    , array([ 1.06967    ,  0.102616   ,  4.74976    ,  2.90823    ,  0.0528584  ])
65563   , -1323.31    , array([ 1.0688     ,  0.103673   ,  4.74388    ,  3.01227    ,  0.054982   ])
65564   , -1320.14    , array([ 1.07012    ,  0.102059   ,  4.75285    ,  2.85346    ,  0.0517407  ])
65565   , -1319.96    , array([ 1.06988    ,  0.10235    ,  4.75124    ,  2.88207    ,  0.0523246  ])
65566   , -1319.96    , array([ 1.06992    ,  0.102303   ,  4.7515     ,  2.87741    ,  0.0522293  ])
65567   , -1319.96    , array([ 1.06984    ,  0.102398   ,  4.75097    ,  2.88674    ,  0.0524199  ])
65568   , -1319.96    , array([ 1.06988    ,  0.10235    ,  4.75124    ,  2.88207    ,  0.0523246  ])
65569   , -1391.02    , array([ 1.28202    ,  0.0980895  ,  3.8676     ,  2.91486    ,  0.045137   ])
65570   , -1446.31    , array([ 0.726642   ,  0.109244   ,  6.18099    ,  2.82902    ,  0.0639544  ])
65571   , -1319.96    , array([ 1.06988    ,  0.10235    ,  4.75124    ,  2.88207    ,  0.0523246  ])
65572   , -1323.26    , array([ 0.938776   ,  0.104983   ,  5.29735    ,  2.86181    ,  0.0567668  ])
65573   , -1335.49    , array([ 1.15091    ,  0.100723   ,  4.41372    ,  2.8946     ,  0.0495792  ])
65574   , -1316.82    , array([ 1.01665    ,  0.103419   ,  4.97296    ,  2.87385    ,  0.0541281  ])
65575   , -1316.82    , array([ 1.016      ,  0.103432   ,  4.97567    ,  2.87375    ,  0.0541502  ])
65576   , -1316.82    , array([ 1.0144     ,  0.103464   ,  4.98234    ,  2.8735     ,  0.0542044  ])
65577   , -1316.82    , array([ 1.01496    ,  0.103453   ,  4.98003    ,  2.87359    ,  0.0541856  ])
65578   , -1316.82    , array([ 1.01385    ,  0.103476   ,  4.98465    ,  2.87341    ,  0.0542232  ])
65579   , -1316.82    , array([ 1.0144     ,  0.103464   ,  4.98234    ,  2.8735     ,  0.0542044  ])
65580   , -39835.4    , array([ 1.0144     ,  1.10346    ,  4.98234    ,  2.8735     ,  0.0542044  ])
65582   , -1316.82    , array([ 1.0144     ,  0.103464   ,  4.98234    ,  2.8735     ,  0.0542044  ])
65584   , -24033.2    , array([ 1.0144     ,  0.48543    ,  4.98234    ,  2.8735     ,  0.0542044  ])
65585   , -13546.9    , array([ 1.0144     ,  0.294264   ,  4.98234    ,  2.8735     ,  0.0542044  ])
65587   , -63372.4    , array([ 1.0144     ,  0.0132944  ,  4.98234    ,  2.8735     ,  0.0542044  ])
65588   , -4964.43    , array([ 1.0144     ,  0.176343   ,  4.98234    ,  2.8735     ,  0.0542044  ])
65589   , -3613.11    , array([ 1.0144     ,  0.0690225  ,  4.98234    ,  2.8735     ,  0.0542044  ])
65590   , -1536.91    , array([ 1.0144     ,  0.116894   ,  4.98234    ,  2.8735     ,  0.0542044  ])
65591   , -1324.77    , array([ 1.0144     ,  0.105457   ,  4.98234    ,  2.8735     ,  0.0542044  ])
65592   , -1316.47    , array([ 1.0144     ,  0.102618   ,  4.98234    ,  2.8735     ,  0.0542044  ])
65593   , -1316.38    , array([ 1.0144     ,  0.102877   ,  4.98234    ,  2.8735     ,  0.0542044  ])
65594   , -1316.38    , array([ 1.0144     ,  0.102882   ,  4.98234    ,  2.8735     ,  0.0542044  ])
65595   , -1316.38    , array([ 1.0144     ,  0.102888   ,  4.98234    ,  2.8735     ,  0.0542044  ])
65596   , -1316.38    , array([ 1.0144     ,  0.102882   ,  4.98234    ,  2.8735     ,  0.0542044  ])
65597   , -1352.23    , array([ 1.0144     ,  0.102882   ,  5.98234    ,  2.8735     ,  0.0542044  ])
65598   , -1414.13    , array([ 1.0144     ,  0.102882   ,  3.36431    ,  2.8735     ,  0.0542044  ])
65599   , -1316.38    , array([ 1.0144     ,  0.102882   ,  4.98234    ,  2.8735     ,  0.0542044  ])
65600   , -1328.97    , array([ 1.0144     ,  0.102882   ,  4.36431    ,  2.8735     ,  0.0542044  ])
65601   , -1322.29    , array([ 1.0144     ,  0.102882   ,  5.36431    ,  2.8735     ,  0.0542044  ])
65602   , -1316.34    , array([ 1.0144     ,  0.102882   ,  4.95747    ,  2.8735     ,  0.0542044  ])
65603   , -1316.34    , array([ 1.0144     ,  0.102882   ,  4.95051    ,  2.8735     ,  0.0542044  ])
65604   , -1316.34    , array([ 1.0144     ,  0.102882   ,  4.95093    ,  2.8735     ,  0.0542044  ])
65605   , -1316.34    , array([ 1.0144     ,  0.102882   ,  4.95124    ,  2.8735     ,  0.0542044  ])
65606   , -1316.34    , array([ 1.0144     ,  0.102882   ,  4.95093    ,  2.8735     ,  0.0542044  ])
65607   , -1395.22    , array([ 1.0144     ,  0.102882   ,  4.95093    ,  3.8735     ,  0.0542044  ])
65608   , -1536.64    , array([ 1.0144     ,  0.102882   ,  4.95093    ,  1.25547    ,  0.0542044  ])
65609   , -1316.34    , array([ 1.0144     ,  0.102882   ,  4.95093    ,  2.8735     ,  0.0542044  ])
65610   , -1341.4     , array([ 1.0144     ,  0.102882   ,  4.95093    ,  2.25547    ,  0.0542044  ])
65611   , -1330.62    , array([ 1.0144     ,  0.102882   ,  4.95093    ,  3.25547    ,  0.0542044  ])
65612   , -1316.07    , array([ 1.0144     ,  0.102882   ,  4.95093    ,  2.82462    ,  0.0542044  ])
65613   , -1316.06    , array([ 1.0144     ,  0.102882   ,  4.95093    ,  2.81097    ,  0.0542044  ])
65614   , -1316.06    , array([ 1.0144     ,  0.102882   ,  4.95093    ,  2.81251    ,  0.0542044  ])
65615   , -1316.06    , array([ 1.0144     ,  0.102882   ,  4.95093    ,  2.81312    ,  0.0542044  ])
65616   , -1316.06    , array([ 1.0144     ,  0.102882   ,  4.95093    ,  2.8119     ,  0.0542044  ])
65617   , -1316.06    , array([ 1.0144     ,  0.102882   ,  4.95093    ,  2.81251    ,  0.0542044  ])
65618   , -1351.07    , array([ 1.01828    ,  0.0981374  ,  4.9773     ,  2.34562    ,  0.0446752  ])
65619   , -1390.02    , array([ 1.00812    ,  0.11056    ,  4.90825    ,  3.56795    ,  0.069623   ])
65620   , -1316.06    , array([ 1.0144     ,  0.102882   ,  4.95093    ,  2.81251    ,  0.0542044  ])
65621   , -1338.67    , array([ 1.012      ,  0.105815   ,  4.93463    ,  3.10106    ,  0.0600938  ])
65622   , -1313.14    , array([ 1.01588    ,  0.10107    ,  4.961      ,  2.63417    ,  0.0505646  ])
65623   , -1312.69    , array([ 1.01565    ,  0.101352   ,  4.95943    ,  2.66193    ,  0.0511311  ])
65624   , -1312.61    , array([ 1.01546    ,  0.101592   ,  4.9581     ,  2.68558    ,  0.0516139  ])
65625   , -1312.61    , array([ 1.0155     ,  0.101544   ,  4.95837    ,  2.68078    ,  0.051516   ])
65626   , -1312.61    , array([ 1.01549    ,  0.101557   ,  4.95829    ,  2.6821     ,  0.0515429  ])
65627   , -1312.61    , array([ 1.01551    ,  0.10153    ,  4.95844    ,  2.67947    ,  0.0514891  ])
65628   , -1403.12    , array([ 0.964994   ,  0.0959924  ,  5.19187    ,  2.01261    ,  0.0411782  ])
65629   , -1312.61    , array([ 1.0155     ,  0.101544   ,  4.95837    ,  2.68078    ,  0.051516   ])
65630   , -1375.26    , array([ 1.22763    ,  0.0972831  ,  4.07473    ,  2.71357    ,  0.0443284  ])
65631   , -1513.66    , array([ 0.672256   ,  0.108438   ,  6.38812    ,  2.62773    ,  0.0631458  ])
65632   , -1312.61    , array([ 1.0155     ,  0.101544   ,  4.95837    ,  2.68078    ,  0.051516   ])
65633   , -1330.48    , array([ 0.884391   ,  0.104177   ,  5.50448    ,  2.66052    ,  0.0559582  ])
65634   , -1323.05    , array([ 1.09653    ,  0.0999163  ,  4.62085    ,  2.69331    ,  0.0487706  ])
65635   , -1312.38    , array([ 1.00447    ,  0.101765   ,  5.0043     ,  2.67908    ,  0.0518896  ])
65636   , -1312.37    , array([ 1.00136    ,  0.101828   ,  5.01726    ,  2.6786     ,  0.051995   ])
65637   , -1312.37    , array([ 1.00151    ,  0.101825   ,  5.01663    ,  2.67862    ,  0.0519899  ])
65638   , -1312.37    , array([ 1.00165    ,  0.101822   ,  5.01605    ,  2.67864    ,  0.0519852  ])
65639   , -1312.37    , array([ 1.00151    ,  0.101825   ,  5.01663    ,  2.67862    ,  0.0519899  ])
65640   , -40066.1    , array([ 1.00151    ,  1.10182    ,  5.01663    ,  2.67862    ,  0.0519899  ])
65642   , -1312.37    , array([ 1.00151    ,  0.101825   ,  5.01663    ,  2.67862    ,  0.0519899  ])
65644   , -24317.6    , array([ 1.00151    ,  0.483791   ,  5.01663    ,  2.67862    ,  0.0519899  ])
65645   , -13764.1    , array([ 1.00151    ,  0.292622   ,  5.01663    ,  2.67862    ,  0.0519899  ])
65647   , -71164.1    , array([ 1.00151    ,  0.0116547  ,  5.01663    ,  2.67862    ,  0.0519899  ])
65648   , -5045.72    , array([ 1.00151    ,  0.174703   ,  5.01663    ,  2.67862    ,  0.0519899  ])
65649   , -3741.45    , array([ 1.00151    ,  0.0673828  ,  5.01663    ,  2.67862    ,  0.0519899  ])
65650   , -1548.6     , array([ 1.00151    ,  0.115687   ,  5.01663    ,  2.67862    ,  0.0519899  ])
65651   , -1321.39    , array([ 1.00151    ,  0.104056   ,  5.01663    ,  2.67862    ,  0.0519899  ])
65652   , -1312.22    , array([ 1.00151    ,  0.101131   ,  5.01663    ,  2.67862    ,  0.0519899  ])
65653   , -1312.12    , array([ 1.00151    ,  0.101393   ,  5.01663    ,  2.67862    ,  0.0519899  ])
65654   , -1312.12    , array([ 1.00151    ,  0.101398   ,  5.01663    ,  2.67862    ,  0.0519899  ])
65655   , -1312.12    , array([ 1.00151    ,  0.101389   ,  5.01663    ,  2.67862    ,  0.0519899  ])
65656   , -1312.12    , array([ 1.00151    ,  0.101393   ,  5.01663    ,  2.67862    ,  0.0519899  ])
65657   , -1345.19    , array([ 1.00151    ,  0.101393   ,  6.01663    ,  2.67862    ,  0.0519899  ])
65658   , -1405.96    , array([ 1.00151    ,  0.101393   ,  3.3986     ,  2.67862    ,  0.0519899  ])
65659   , -1312.12    , array([ 1.00151    ,  0.101393   ,  5.01663    ,  2.67862    ,  0.0519899  ])
65660   , -1324.62    , array([ 1.00151    ,  0.101393   ,  4.3986     ,  2.67862    ,  0.0519899  ])
65661   , -1317.37    , array([ 1.00151    ,  0.101393   ,  5.3986     ,  2.67862    ,  0.0519899  ])
65662   , -1312.12    , array([ 1.00151    ,  0.101393   ,  5.00547    ,  2.67862    ,  0.0519899  ])
65663   , -1312.11    , array([ 1.00151    ,  0.101393   ,  4.99903    ,  2.67862    ,  0.0519899  ])
65664   , -1312.11    , array([ 1.00151    ,  0.101393   ,  4.99927    ,  2.67862    ,  0.0519899  ])
65665   , -1312.11    , array([ 1.00151    ,  0.101393   ,  4.99944    ,  2.67862    ,  0.0519899  ])
65666   , -1312.11    , array([ 1.00151    ,  0.101393   ,  4.99927    ,  2.67862    ,  0.0519899  ])
65667   , -1384.15    , array([ 1.00151    ,  0.101393   ,  4.99927    ,  3.67862    ,  0.0519899  ])
65668   , -1533.92    , array([ 1.00151    ,  0.101393   ,  4.99927    ,  1.06059    ,  0.0519899  ])
65669   , -1312.11    , array([ 1.00151    ,  0.101393   ,  4.99927    ,  2.67862    ,  0.0519899  ])
65670   , -1339.39    , array([ 1.00151    ,  0.101393   ,  4.99927    ,  2.06059    ,  0.0519899  ])
65671   , -1324.21    , array([ 1.00151    ,  0.101393   ,  4.99927    ,  3.06059    ,  0.0519899  ])
65672   , -1312.06    , array([ 1.00151    ,  0.101393   ,  4.99927    ,  2.66077    ,  0.0519899  ])
65673   , -1312.05    , array([ 1.00151    ,  0.101393   ,  4.99927    ,  2.64828    ,  0.0519899  ])
65674   , -1312.05    , array([ 1.00151    ,  0.101393   ,  4.99927    ,  2.64908    ,  0.0519899  ])
65675   , -1312.05    , array([ 1.00151    ,  0.101393   ,  4.99927    ,  2.64937    ,  0.0519899  ])
65676   , -1312.05    , array([ 1.00151    ,  0.101393   ,  4.99927    ,  2.64878    ,  0.0519899  ])
65677   , -1312.05    , array([ 1.00151    ,  0.101393   ,  4.99927    ,  2.64908    ,  0.0519899  ])
65678   , -1378.12    , array([ 1.00539    ,  0.0966484  ,  5.02564    ,  2.18219    ,  0.0424607  ])
65679   , -1380.29    , array([ 0.995227   ,  0.109071   ,  4.95659    ,  3.40452    ,  0.0674085  ])
65680   , -1312.05    , array([ 1.00151    ,  0.101393   ,  4.99927    ,  2.64908    ,  0.0519899  ])
65681   , -1330.93    , array([ 0.99911    ,  0.104326   ,  4.98296    ,  2.93763    ,  0.0578793  ])
65682   , -1315.48    , array([ 1.00299    ,  0.099581   ,  5.00934    ,  2.47074    ,  0.0483501  ])
65683   , -1311.42    , array([ 1.00181    ,  0.101027   ,  5.0013     ,  2.61299    ,  0.0512533  ])
65684   , -1311.33    , array([ 1.00194    ,  0.100868   ,  5.00219    ,  2.59735    ,  0.0509342  ])
65685   , -1311.33    , array([ 1.00199    ,  0.100811   ,  5.0025     ,  2.59174    ,  0.0508196  ])
65686   , -1311.33    , array([ 1.00198    ,  0.10082    ,  5.00246    ,  2.59261    ,  0.0508374  ])
65687   , -1311.33    , array([ 1.00197    ,  0.100825   ,  5.00242    ,  2.59317    ,  0.0508489  ])
65688   , -1311.03    , array([ 0.988462   ,  0.100095   ,  5.04654    ,  2.50443    ,  0.0501588  ])
65689   , -1311.33    , array([ 1.00198    ,  0.10082    ,  5.00246    ,  2.59261    ,  0.0508374  ])
65690   , -1311.03    , array([ 0.988462   ,  0.100095   ,  5.04654    ,  2.50443    ,  0.0501588  ])
65691   , -1312.56    , array([ 0.966589   ,  0.0989236  ,  5.11788    ,  2.36176    ,  0.0490608  ])
65692   , -1311.03    , array([ 0.988462   ,  0.100095   ,  5.04654    ,  2.50443    ,  0.0501588  ])
65693   , -1311.33    , array([ 0.980107   ,  0.0996478  ,  5.07379    ,  2.44994    ,  0.0497394  ])
65694   , -1311.03    , array([ 0.993625   ,  0.100372   ,  5.0297     ,  2.53811    ,  0.050418   ])
65695   , -1311.02    , array([ 0.99114    ,  0.100239   ,  5.03781    ,  2.52191    ,  0.0502933  ])
65696   , -1311.02    , array([ 0.991032   ,  0.100233   ,  5.03816    ,  2.5212     ,  0.0502878  ])
65697   , -1311.02    , array([ 0.991249   ,  0.100245   ,  5.03745    ,  2.52261    ,  0.0502987  ])
65698   , -1311.02    , array([ 0.99114    ,  0.100239   ,  5.03781    ,  2.52191    ,  0.0502933  ])
65699   , -1371.4     , array([ 1.20327    ,  0.0959783  ,  4.15417    ,  2.5547     ,  0.0431057  ])
65700   , -1555.7     , array([ 0.647899   ,  0.107133   ,  6.46756    ,  2.46885    ,  0.0619231  ])
65701   , -1311.02    , array([ 0.99114    ,  0.100239   ,  5.03781    ,  2.52191    ,  0.0502933  ])
65702   , -1337.75    , array([ 0.860034   ,  0.102872   ,  5.58392    ,  2.50164    ,  0.0547355  ])
65703   , -1318.72    , array([ 1.07217    ,  0.0986115  ,  4.70029    ,  2.53443    ,  0.0475479  ])
65704   , -1310.99    , array([ 0.997925   ,  0.100103   ,  5.00954    ,  2.52296    ,  0.0500634  ])
65705   , -1310.99    , array([ 0.99591    ,  0.100143   ,  5.01794    ,  2.52264    ,  0.0501317  ])
65706   , -1310.99    , array([ 0.995862   ,  0.100144   ,  5.01814    ,  2.52264    ,  0.0501333  ])
65707   , -1310.99    , array([ 0.995957   ,  0.100142   ,  5.01774    ,  2.52265    ,  0.0501301  ])
65708   , -1310.99    , array([ 0.99591    ,  0.100143   ,  5.01794    ,  2.52264    ,  0.0501317  ])
65709   , -40320.5    , array([ 0.99591    ,  1.10014    ,  5.01794    ,  2.52264    ,  0.0501317  ])
65711   , -1310.99    , array([ 0.99591    ,  0.100143   ,  5.01794    ,  2.52264    ,  0.0501317  ])
65713   , -24596.2    , array([ 0.99591    ,  0.482109   ,  5.01794    ,  2.52264    ,  0.0501317  ])
65714   , -13967.8    , array([ 0.99591    ,  0.290938   ,  5.01794    ,  2.52264    ,  0.0501317  ])
65717   , -5116.31    , array([ 0.99591    ,  0.17302    ,  5.01794    ,  2.52264    ,  0.0501317  ])
65718   , -3896.53    , array([ 0.99591    ,  0.0657012  ,  5.01794    ,  2.52264    ,  0.0501317  ])
65719   , -1564       , array([ 0.99591    ,  0.114569   ,  5.01794    ,  2.52264    ,  0.0501317  ])
65720   , -1321.08    , array([ 0.99591    ,  0.102729   ,  5.01794    ,  2.52264    ,  0.0501317  ])
65721   , -1311.04    , array([ 0.99591    ,  0.0997404  ,  5.01794    ,  2.52264    ,  0.0501317  ])
65722   , -1310.95    , array([ 0.99591    ,  0.0999937  ,  5.01794    ,  2.52264    ,  0.0501317  ])
65723   , -1310.95    , array([ 0.99591    ,  0.0999921  ,  5.01794    ,  2.52264    ,  0.0501317  ])
65724   , -1310.95    , array([ 0.99591    ,  0.0999906  ,  5.01794    ,  2.52264    ,  0.0501317  ])
65725   , -1310.95    , array([ 0.99591    ,  0.0999921  ,  5.01794    ,  2.52264    ,  0.0501317  ])
65726   , -1341.64    , array([ 0.99591    ,  0.0999921  ,  6.01794    ,  2.52264    ,  0.0501317  ])
65727   , -1401.81    , array([ 0.99591    ,  0.0999921  ,  3.39991    ,  2.52264    ,  0.0501317  ])
65728   , -1310.95    , array([ 0.99591    ,  0.0999921  ,  5.01794    ,  2.52264    ,  0.0501317  ])
65729   , -1323.44    , array([ 0.99591    ,  0.0999921  ,  4.39991    ,  2.52264    ,  0.0501317  ])
65730   , -1315.61    , array([ 0.99591    ,  0.0999921  ,  5.39991    ,  2.52264    ,  0.0501317  ])
65731   , -1310.95    , array([ 0.99591    ,  0.0999921  ,  5.02079    ,  2.52264    ,  0.0501317  ])
65732   , -1310.95    , array([ 0.99591    ,  0.0999921  ,  5.01482    ,  2.52264    ,  0.0501317  ])
65733   , -1310.95    , array([ 0.99591    ,  0.0999921  ,  5.0149     ,  2.52264    ,  0.0501317  ])
65734   , -1310.95    , array([ 0.99591    ,  0.0999921  ,  5.01493    ,  2.52264    ,  0.0501317  ])
65735   , -1310.95    , array([ 0.99591    ,  0.0999921  ,  5.01487    ,  2.52264    ,  0.0501317  ])
65736   , -1310.95    , array([ 0.99591    ,  0.0999921  ,  5.0149     ,  2.52264    ,  0.0501317  ])
65737   , -1377.29    , array([ 0.99591    ,  0.0999921  ,  5.0149     ,  3.52264    ,  0.0501317  ])
65738   , -1532.59    , array([ 0.99591    ,  0.0999921  ,  5.0149     ,  0.90461    ,  0.0501317  ])
65739   , -1310.95    , array([ 0.99591    ,  0.0999921  ,  5.0149     ,  2.52264    ,  0.0501317  ])
65740   , -1339.8     , array([ 0.99591    ,  0.0999921  ,  5.0149     ,  1.90461    ,  0.0501317  ])
65741   , -1321.28    , array([ 0.99591    ,  0.0999921  ,  5.0149     ,  2.90461    ,  0.0501317  ])
65742   , -1310.96    , array([ 0.99591    ,  0.0999921  ,  5.0149     ,  2.53023    ,  0.0501317  ])
65743   , -1310.95    , array([ 0.99591    ,  0.0999921  ,  5.0149     ,  2.51886    ,  0.0501317  ])
65744   , -1310.95    , array([ 0.99591    ,  0.0999921  ,  5.0149     ,  2.51913    ,  0.0501317  ])
65745   , -1310.95    , array([ 0.99591    ,  0.0999921  ,  5.0149     ,  2.51916    ,  0.0501317  ])
65746   , -1310.95    , array([ 0.99591    ,  0.0999921  ,  5.0149     ,  2.51909    ,  0.0501317  ])
65747   , -1310.95    , array([ 0.99591    ,  0.0999921  ,  5.0149     ,  2.51913    ,  0.0501317  ])
65748   , -1311.28    , array([ 0.985071   ,  0.0994114  ,  5.05025    ,  2.44842    ,  0.0495876  ])
65749   , -1311.72    , array([ 1.01345    ,  0.100932   ,  4.9577     ,  2.63352    ,  0.0510121  ])
65750   , -1310.95    , array([ 0.99591    ,  0.0999921  ,  5.0149     ,  2.51913    ,  0.0501317  ])
65751   , -1311.05    , array([ 1.00261    ,  0.100351   ,  4.99305    ,  2.56282    ,  0.050468   ])
65752   , -1311.01    , array([ 0.99177    ,  0.0997703  ,  5.0284     ,  2.49212    ,  0.0499239  ])
65753   , -1310.95    , array([ 0.996322   ,  0.100014   ,  5.01356    ,  2.52182    ,  0.0501524  ])
65754   , -1310.95    , array([ 0.996337   ,  0.100015   ,  5.01351    ,  2.52191    ,  0.0501531  ])
65755   , -1310.95    , array([ 0.996333   ,  0.100015   ,  5.01352    ,  2.52189    ,  0.0501529  ])
65756   , -1310.95    , array([ 0.996341   ,  0.100015   ,  5.01349    ,  2.52194    ,  0.0501534  ])
