203343  , -79078.1    , array([ 2.87148    ,  3.26848    ,  0.0738987  ,  5.05818e-89,  1.72703e-05])
203344  , -79078.1    , array([ 2.87435    ,  3.26848    ,  0.0738987  ,  5.05818e-89,  1.72703e-05])
203345  , -79078.2    , array([ 2.87148    ,  3.27175    ,  0.0738987  ,  5.05818e-89,  1.72703e-05])
203346  , -79078.1    , array([ 2.87148    ,  3.26848    ,  0.0739727  ,  5.05818e-89,  1.72703e-05])
203347  , -79078.1    , array([ 2.87148    ,  3.26848    ,  0.0738987  ,  5.06324e-89,  1.72703e-05])
203348  , -79078.1    , array([ 2.87148    ,  3.26848    ,  0.0738987  ,  5.05818e-89,  1.72876e-05])
203349  , -79078.1    , array([ 2.87148    ,  3.26848    ,  0.0738987  ,  5.05818e-89,  1.72703e-05])
203350  , -79050.7    , array([ 2.01877    ,  2.07283    ,  0.0739195  ,  5.05818e-89,  3.95981e-05])
203351  , -79050.7    , array([ 2.01877    ,  2.07283    ,  0.0739195  ,  5.05818e-89,  3.95981e-05])
203352  , -79050.7    , array([ 2.02079    ,  2.07283    ,  0.0739195  ,  5.05818e-89,  3.95981e-05])
203353  , -79050.7    , array([ 2.01877    ,  2.0749     ,  0.0739195  ,  5.05818e-89,  3.95981e-05])
203354  , -79050.7    , array([ 2.01877    ,  2.07283    ,  0.0739934  ,  5.05818e-89,  3.95981e-05])
203355  , -79050.7    , array([ 2.01877    ,  2.07283    ,  0.0739195  ,  5.06324e-89,  3.95981e-05])
203356  , -79050.6    , array([ 2.01877    ,  2.07283    ,  0.0739195  ,  5.05818e-89,  3.96378e-05])
203357  , -73756.9    , array([ 0.493183   ,  0.335296   ,  0.0740025  ,  5.05818e-89,  0.00109439 ])
203358  , -73756.9    , array([ 0.493183   ,  0.335296   ,  0.0740025  ,  5.05818e-89,  0.00109439 ])
203359  , -73758.5    , array([ 0.493676   ,  0.335296   ,  0.0740025  ,  5.05818e-89,  0.00109439 ])
203360  , -73760.4    , array([ 0.493183   ,  0.335631   ,  0.0740025  ,  5.05818e-89,  0.00109439 ])
203361  , -73756.9    , array([ 0.493183   ,  0.335296   ,  0.0740765  ,  5.05818e-89,  0.00109439 ])
203362  , -73756.9    , array([ 0.493183   ,  0.335296   ,  0.0740025  ,  5.06324e-89,  0.00109439 ])
203363  , -73751.9    , array([ 0.493183   ,  0.335296   ,  0.0740025  ,  5.05818e-89,  0.00109548 ])
203371  , -73739.8    , array([ 0.492714   ,  0.334884   ,  0.0740026  ,  5.05818e-89,  0.00109684 ])
203372  , -73739.8    , array([ 0.492714   ,  0.334884   ,  0.0740026  ,  5.05818e-89,  0.00109684 ])
203373  , -73741.4    , array([ 0.493207   ,  0.334884   ,  0.0740026  ,  5.05818e-89,  0.00109684 ])
203374  , -73743.3    , array([ 0.492714   ,  0.335219   ,  0.0740026  ,  5.05818e-89,  0.00109684 ])
203375  , -73739.8    , array([ 0.492714   ,  0.334884   ,  0.0740766  ,  5.05818e-89,  0.00109684 ])
203376  , -73739.8    , array([ 0.492714   ,  0.334884   ,  0.0740026  ,  5.06324e-89,  0.00109684 ])
203377  , -73734.7    , array([ 0.492714   ,  0.334884   ,  0.0740026  ,  5.05818e-89,  0.00109794 ])
203378  , -73722.6    , array([ 0.492244   ,  0.334471   ,  0.0740026  ,  5.05818e-89,  0.00109931 ])
203379  , -73722.6    , array([ 0.492244   ,  0.334471   ,  0.0740026  ,  5.05818e-89,  0.00109931 ])
203380  , -73724.2    , array([ 0.492736   ,  0.334471   ,  0.0740026  ,  5.05818e-89,  0.00109931 ])
203381  , -73726.1    , array([ 0.492244   ,  0.334806   ,  0.0740026  ,  5.05818e-89,  0.00109931 ])
203382  , -73722.6    , array([ 0.492244   ,  0.334471   ,  0.0740766  ,  5.05818e-89,  0.00109931 ])
203383  , -73722.6    , array([ 0.492244   ,  0.334471   ,  0.0740026  ,  5.06324e-89,  0.00109931 ])
203384  , -73717.5    , array([ 0.492244   ,  0.334471   ,  0.0740026  ,  5.05818e-89,  0.00110041 ])
203385  , -478784     , array([ 0.0294061  ,  0.00876243 ,  0.0741689  ,  5.05818e-89,  0.837794   ])
203386  , -478784     , array([ 0.0294061  ,  0.00876243 ,  0.0741689  ,  5.05818e-89,  0.837794   ])
203387  , -478759     , array([ 0.0294355  ,  0.00876243 ,  0.0741689  ,  5.05818e-89,  0.837794   ])
203388  , -478701     , array([ 0.0294061  ,  0.0087712  ,  0.0741689  ,  5.05818e-89,  0.837794   ])
203389  , -478742     , array([ 0.0294061  ,  0.00876243 ,  0.0742431  ,  5.05818e-89,  0.837794   ])
203390  , -478784     , array([ 0.0294061  ,  0.00876243 ,  0.0741689  ,  5.06324e-89,  0.837794   ])
203391  , -478813     , array([ 0.0294061  ,  0.00876243 ,  0.0741689  ,  5.05818e-89,  0.838632   ])
203392  , -71670.6    , array([ 0.446684   ,  0.295012   ,  0.0740083  ,  5.05818e-89,  0.00138184 ])
203393  , -71670.6    , array([ 0.446684   ,  0.295012   ,  0.0740083  ,  5.05818e-89,  0.00138184 ])
203394  , -71672.6    , array([ 0.447131   ,  0.295012   ,  0.0740083  ,  5.05818e-89,  0.00138184 ])
203395  , -71675.4    , array([ 0.446684   ,  0.295307   ,  0.0740083  ,  5.05818e-89,  0.00138184 ])
203396  , -71670.6    , array([ 0.446684   ,  0.295012   ,  0.0740824  ,  5.05818e-89,  0.00138184 ])
203397  , -71670.6    , array([ 0.446684   ,  0.295012   ,  0.0740083  ,  5.06324e-89,  0.00138184 ])
203398  , -71663.7    , array([ 0.446684   ,  0.295012   ,  0.0740083  ,  5.05818e-89,  0.00138322 ])
203399  , -68325.4    , array([ 0.398277   ,  0.254362   ,  0.0740151  ,  5.05818e-89,  0.0018104  ])
203400  , -68325.4    , array([ 0.398277   ,  0.254362   ,  0.0740151  ,  5.05818e-89,  0.0018104  ])
203401  , -68328.2    , array([ 0.398676   ,  0.254362   ,  0.0740151  ,  5.05818e-89,  0.0018104  ])
203402  , -68332.2    , array([ 0.398277   ,  0.254616   ,  0.0740151  ,  5.05818e-89,  0.0018104  ])
203403  , -68325.4    , array([ 0.398277   ,  0.254362   ,  0.0740891  ,  5.05818e-89,  0.0018104  ])
203404  , -68325.4    , array([ 0.398277   ,  0.254362   ,  0.0740151  ,  5.06324e-89,  0.0018104  ])
203405  , -68315.8    , array([ 0.398277   ,  0.254362   ,  0.0740151  ,  5.05818e-89,  0.00181221 ])
203406  , -32826.6    , array([ 0.108221   ,  0.0472105  ,  0.074092   ,  5.05818e-89,  0.0389454  ])
203407  , -32826.6    , array([ 0.108221   ,  0.0472105  ,  0.074092   ,  5.05818e-89,  0.0389454  ])
203408  , -32800.3    , array([ 0.108329   ,  0.0472105  ,  0.074092   ,  5.05818e-89,  0.0389454  ])
203409  , -32807.4    , array([ 0.108221   ,  0.0472577  ,  0.074092   ,  5.05818e-89,  0.0389454  ])
203410  , -32826.3    , array([ 0.108221   ,  0.0472105  ,  0.0741661  ,  5.05818e-89,  0.0389454  ])
203411  , -32826.6    , array([ 0.108221   ,  0.0472105  ,  0.074092   ,  5.06324e-89,  0.0389454  ])
203412  , -32868.1    , array([ 0.108221   ,  0.0472105  ,  0.074092   ,  5.05818e-89,  0.0389843  ])
203413  , -56685.9    , array([ 0.312078   ,  0.185585   ,  0.0740295  ,  5.05818e-89,  0.00321538 ])
203414  , -56685.9    , array([ 0.312078   ,  0.185585   ,  0.0740295  ,  5.05818e-89,  0.00321538 ])
203415  , -56690.3    , array([ 0.31239    ,  0.185585   ,  0.0740295  ,  5.05818e-89,  0.00321538 ])
203416  , -56699      , array([ 0.312078   ,  0.185771   ,  0.0740295  ,  5.05818e-89,  0.00321538 ])
203417  , -56685.9    , array([ 0.312078   ,  0.185585   ,  0.0741035  ,  5.05818e-89,  0.00321538 ])
203418  , -56685.9    , array([ 0.312078   ,  0.185585   ,  0.0740295  ,  5.06324e-89,  0.00321538 ])
203419  , -56668.4    , array([ 0.312078   ,  0.185585   ,  0.0740295  ,  5.05818e-89,  0.0032186  ])
203420  , -9296.94    , array([ 0.149824   ,  0.0718845  ,  0.0740728  ,  5.05818e-89,  0.0181031  ])
203421  , -9296.94    , array([ 0.149824   ,  0.0718845  ,  0.0740728  ,  5.05818e-89,  0.0181031  ])
203422  , -9285.95    , array([ 0.149974   ,  0.0718845  ,  0.0740728  ,  5.05818e-89,  0.0181031  ])
203423  , -9305.1     , array([ 0.149824   ,  0.0719564  ,  0.0740728  ,  5.05818e-89,  0.0181031  ])
203424  , -9296.92    , array([ 0.149824   ,  0.0718845  ,  0.0741469  ,  5.05818e-89,  0.0181031  ])
203425  , -9296.94    , array([ 0.149824   ,  0.0718845  ,  0.0740728  ,  5.06324e-89,  0.0181031  ])
203426  , -9298.35    , array([ 0.149824   ,  0.0718845  ,  0.0740728  ,  5.05818e-89,  0.0181212  ])
203427  , -9278.59    , array([ 0.151097   ,  0.0726752  ,  0.0740723  ,  5.05818e-89,  0.0177458  ])
203428  , -9278.59    , array([ 0.151097   ,  0.0726752  ,  0.0740723  ,  5.05818e-89,  0.0177458  ])
203429  , -9268       , array([ 0.151249   ,  0.0726752  ,  0.0740723  ,  5.05818e-89,  0.0177458  ])
203430  , -9287.29    , array([ 0.151097   ,  0.0727479  ,  0.0740723  ,  5.05818e-89,  0.0177458  ])
203431  , -9278.58    , array([ 0.151097   ,  0.0726752  ,  0.0741464  ,  5.05818e-89,  0.0177458  ])
203432  , -9278.59    , array([ 0.151097   ,  0.0726752  ,  0.0740723  ,  5.06324e-89,  0.0177458  ])
203433  , -9279.12    , array([ 0.151097   ,  0.0726752  ,  0.0740723  ,  5.05818e-89,  0.0177636  ])
203434  , -28003.9    , array([ 0.21715    ,  0.116135   ,  0.0740509  ,  5.05818e-89,  0.00755378 ])
203435  , -28003.9    , array([ 0.21715    ,  0.116135   ,  0.0740509  ,  5.05818e-89,  0.00755378 ])
203436  , -28006.5    , array([ 0.217367   ,  0.116135   ,  0.0740509  ,  5.05818e-89,  0.00755378 ])
203437  , -28024.5    , array([ 0.21715    ,  0.116252   ,  0.0740509  ,  5.05818e-89,  0.00755378 ])
203438  , -28004      , array([ 0.21715    ,  0.116135   ,  0.074125   ,  5.05818e-89,  0.00755378 ])
203439  , -28003.9    , array([ 0.21715    ,  0.116135   ,  0.0740509  ,  5.06324e-89,  0.00755378 ])
203440  , -27980.5    , array([ 0.21715    ,  0.116135   ,  0.0740509  ,  5.05818e-89,  0.00756134 ])
203441  , -9278.14    , array([ 0.151326   ,  0.0728171  ,  0.0740722  ,  5.05818e-89,  0.0176829  ])
203442  , -9278.14    , array([ 0.151326   ,  0.0728171  ,  0.0740722  ,  5.05818e-89,  0.0176829  ])
203443  , -9267.62    , array([ 0.151477   ,  0.0728171  ,  0.0740722  ,  5.05818e-89,  0.0176829  ])
203444  , -9286.93    , array([ 0.151326   ,  0.0728899  ,  0.0740722  ,  5.05818e-89,  0.0176829  ])
203445  , -9278.13    , array([ 0.151326   ,  0.0728171  ,  0.0741463  ,  5.05818e-89,  0.0176829  ])
203446  , -9278.14    , array([ 0.151326   ,  0.0728171  ,  0.0740722  ,  5.06324e-89,  0.0176829  ])
203447  , -9278.51    , array([ 0.151326   ,  0.0728171  ,  0.0740722  ,  5.05818e-89,  0.0177006  ])
203455  , -239289     , array([ 0.0655761  ,  0.0245328  ,  0.0741221  ,  5.05818e-89,  0.127702   ])
203456  , -239289     , array([ 0.0655761  ,  0.0245328  ,  0.0741221  ,  5.05818e-89,  0.127702   ])
203457  , -239209     , array([ 0.0656417  ,  0.0245328  ,  0.0741221  ,  5.05818e-89,  0.127702   ])
203458  , -239125     , array([ 0.0655761  ,  0.0245574  ,  0.0741221  ,  5.05818e-89,  0.127702   ])
203459  , -239282     , array([ 0.0655761  ,  0.0245328  ,  0.0741963  ,  5.05818e-89,  0.127702   ])
203460  , -239289     , array([ 0.0655761  ,  0.0245328  ,  0.0741221  ,  5.06324e-89,  0.127702   ])
203461  , -239510     , array([ 0.0655761  ,  0.0245328  ,  0.0741221  ,  5.05818e-89,  0.12783    ])
203462  , -9278.23    , array([ 0.151197   ,  0.0727369  ,  0.0740722  ,  5.05818e-89,  0.0177183  ])
203463  , -9278.23    , array([ 0.151197   ,  0.0727369  ,  0.0740722  ,  5.05818e-89,  0.0177183  ])
203464  , -9267.67    , array([ 0.151349   ,  0.0727369  ,  0.0740722  ,  5.05818e-89,  0.0177183  ])
203465  , -9286.97    , array([ 0.151197   ,  0.0728097  ,  0.0740722  ,  5.05818e-89,  0.0177183  ])
203466  , -9278.22    , array([ 0.151197   ,  0.0727369  ,  0.0741463  ,  5.05818e-89,  0.0177183  ])
203467  , -9278.23    , array([ 0.151197   ,  0.0727369  ,  0.0740722  ,  5.06324e-89,  0.0177183  ])
203468  , -9278.69    , array([ 0.151197   ,  0.0727369  ,  0.0740722  ,  5.05818e-89,  0.0177361  ])
203469  , -9278.14    , array([ 0.151306   ,  0.072805   ,  0.0740722  ,  5.05818e-89,  0.0176882  ])
203470  , -9278.14    , array([ 0.151306   ,  0.072805   ,  0.0740722  ,  5.05818e-89,  0.0176882  ])
203471  , -9267.61    , array([ 0.151458   ,  0.072805   ,  0.0740722  ,  5.05818e-89,  0.0176882  ])
203472  , -9286.92    , array([ 0.151306   ,  0.0728779  ,  0.0740722  ,  5.05818e-89,  0.0176882  ])
203473  , -9278.12    , array([ 0.151306   ,  0.072805   ,  0.0741463  ,  5.05818e-89,  0.0176882  ])
203474  , -9278.14    , array([ 0.151306   ,  0.072805   ,  0.0740722  ,  5.06324e-89,  0.0176882  ])
203475  , -9278.52    , array([ 0.151306   ,  0.072805   ,  0.0740722  ,  5.05818e-89,  0.0177059  ])
203476  , -9278.13    , array([ 0.151308   ,  0.0728058  ,  0.0740722  ,  5.05818e-89,  0.0176884  ])
203477  , -9278.13    , array([ 0.151308   ,  0.0728058  ,  0.0740722  ,  5.05818e-89,  0.0176884  ])
203478  , -9267.6     , array([ 0.151459   ,  0.0728058  ,  0.0740722  ,  5.05818e-89,  0.0176884  ])
203479  , -9286.91    , array([ 0.151308   ,  0.0728786  ,  0.0740722  ,  5.05818e-89,  0.0176884  ])
203480  , -9278.12    , array([ 0.151308   ,  0.0728058  ,  0.0741464  ,  5.05818e-89,  0.0176884  ])
203481  , -9278.13    , array([ 0.151308   ,  0.0728058  ,  0.0740722  ,  5.06324e-89,  0.0176884  ])
203482  , -9278.51    , array([ 0.151308   ,  0.0728058  ,  0.0740722  ,  5.05818e-89,  0.0177061  ])
203483  , -9278.1     , array([ 0.151314   ,  0.0728089  ,  0.0740725  ,  5.05818e-89,  0.0176892  ])
203484  , -9278.1     , array([ 0.151314   ,  0.0728089  ,  0.0740725  ,  5.05818e-89,  0.0176892  ])
203485  , -9267.57    , array([ 0.151465   ,  0.0728089  ,  0.0740725  ,  5.05818e-89,  0.0176892  ])
203486  , -9286.88    , array([ 0.151314   ,  0.0728817  ,  0.0740725  ,  5.05818e-89,  0.0176892  ])
203487  , -9278.08    , array([ 0.151314   ,  0.0728089  ,  0.0741466  ,  5.05818e-89,  0.0176892  ])
203488  , -9278.1     , array([ 0.151314   ,  0.0728089  ,  0.0740725  ,  5.06324e-89,  0.0176892  ])
203489  , -9278.48    , array([ 0.151314   ,  0.0728089  ,  0.0740725  ,  5.05818e-89,  0.0177069  ])
203490  , -9277.97    , array([ 0.151338   ,  0.0728212  ,  0.0740737  ,  5.05818e-89,  0.0176922  ])
203491  , -9277.97    , array([ 0.151338   ,  0.0728212  ,  0.0740737  ,  5.05818e-89,  0.0176922  ])
203492  , -9267.44    , array([ 0.151489   ,  0.0728212  ,  0.0740737  ,  5.05818e-89,  0.0176922  ])
203493  , -9286.75    , array([ 0.151338   ,  0.072894   ,  0.0740737  ,  5.05818e-89,  0.0176922  ])
203494  , -9277.95    , array([ 0.151338   ,  0.0728212  ,  0.0741478  ,  5.05818e-89,  0.0176922  ])
203495  , -9277.97    , array([ 0.151338   ,  0.0728212  ,  0.0740737  ,  5.06324e-89,  0.0176922  ])
203496  , -9278.35    , array([ 0.151338   ,  0.0728212  ,  0.0740737  ,  5.05818e-89,  0.0177099  ])
203497  , -9277.44    , array([ 0.151434   ,  0.0728705  ,  0.0740783  ,  5.05818e-89,  0.0177044  ])
203498  , -9277.44    , array([ 0.151434   ,  0.0728705  ,  0.0740783  ,  5.05818e-89,  0.0177044  ])
203499  , -9266.91    , array([ 0.151586   ,  0.0728705  ,  0.0740783  ,  5.05818e-89,  0.0177044  ])
203500  , -9286.22    , array([ 0.151434   ,  0.0729434  ,  0.0740783  ,  5.05818e-89,  0.0177044  ])
203501  , -9277.42    , array([ 0.151434   ,  0.0728705  ,  0.0741524  ,  5.05818e-89,  0.0177044  ])
203502  , -9277.44    , array([ 0.151434   ,  0.0728705  ,  0.0740783  ,  5.06324e-89,  0.0177044  ])
203503  , -9277.82    , array([ 0.151434   ,  0.0728705  ,  0.0740783  ,  5.05818e-89,  0.0177221  ])
203504  , -9275.32    , array([ 0.151821   ,  0.0730679  ,  0.0740967  ,  5.05818e-89,  0.0177533  ])
203505  , -9275.32    , array([ 0.151821   ,  0.0730679  ,  0.0740967  ,  5.05818e-89,  0.0177533  ])
203506  , -9264.78    , array([ 0.151973   ,  0.0730679  ,  0.0740967  ,  5.05818e-89,  0.0177533  ])
203507  , -9284.1     , array([ 0.151821   ,  0.073141   ,  0.0740967  ,  5.05818e-89,  0.0177533  ])
203508  , -9275.3     , array([ 0.151821   ,  0.0730679  ,  0.0741708  ,  5.05818e-89,  0.0177533  ])
203509  , -9275.32    , array([ 0.151821   ,  0.0730679  ,  0.0740967  ,  5.06324e-89,  0.0177533  ])
203510  , -9275.7     , array([ 0.151821   ,  0.0730679  ,  0.0740967  ,  5.05818e-89,  0.0177711  ])
203511  , -9266.79    , array([ 0.153377   ,  0.073863   ,  0.0741704  ,  5.05818e-89,  0.0179503  ])
203512  , -9266.79    , array([ 0.153377   ,  0.073863   ,  0.0741704  ,  5.05818e-89,  0.0179503  ])
203513  , -9256.26    , array([ 0.15353    ,  0.073863   ,  0.0741704  ,  5.05818e-89,  0.0179503  ])
203514  , -9275.57    , array([ 0.153377   ,  0.0739369  ,  0.0741704  ,  5.05818e-89,  0.0179503  ])
203515  , -9266.78    , array([ 0.153377   ,  0.073863   ,  0.0742446  ,  5.05818e-89,  0.0179503  ])
203516  , -9266.79    , array([ 0.153377   ,  0.073863   ,  0.0741704  ,  5.06324e-89,  0.0179503  ])
203517  , -9267.17    , array([ 0.153377   ,  0.073863   ,  0.0741704  ,  5.05818e-89,  0.0179683  ])
203518  , -9232.13    , array([ 0.15976    ,  0.077131   ,  0.0744658  ,  5.05818e-89,  0.0187603  ])
203519  , -9232.13    , array([ 0.15976    ,  0.077131   ,  0.0744658  ,  5.05818e-89,  0.0187603  ])
203520  , -9221.61    , array([ 0.15992    ,  0.077131   ,  0.0744658  ,  5.05818e-89,  0.0187603  ])
203521  , -9240.88    , array([ 0.15976    ,  0.0772081  ,  0.0744658  ,  5.05818e-89,  0.0187603  ])
203522  , -9232.11    , array([ 0.15976    ,  0.077131   ,  0.0745403  ,  5.05818e-89,  0.0187603  ])
203523  , -9232.13    , array([ 0.15976    ,  0.077131   ,  0.0744658  ,  5.06324e-89,  0.0187603  ])
203524  , -9232.5     , array([ 0.15976    ,  0.077131   ,  0.0744658  ,  5.05818e-89,  0.0187791  ])
203525  , -9085.83    , array([ 0.188066   ,  0.091714   ,  0.0756595  ,  5.05818e-89,  0.0223828  ])
203526  , -9085.83    , array([ 0.188066   ,  0.091714   ,  0.0756595  ,  5.05818e-89,  0.0223828  ])
203527  , -9075.37    , array([ 0.188254   ,  0.091714   ,  0.0756595  ,  5.05818e-89,  0.0223828  ])
203528  , -9094.51    , array([ 0.188066   ,  0.0918058  ,  0.0756595  ,  5.05818e-89,  0.0223828  ])
203529  , -9085.81    , array([ 0.188066   ,  0.091714   ,  0.0757352  ,  5.05818e-89,  0.0223828  ])
203530  , -9085.83    , array([ 0.188066   ,  0.091714   ,  0.0756595  ,  5.06324e-89,  0.0223828  ])
203531  , -9086.16    , array([ 0.188066   ,  0.091714   ,  0.0756595  ,  5.05818e-89,  0.0224051  ])
203532  , -8550.74    , array([ 0.361136   ,  0.183343   ,  0.0806287  ,  5.05818e-89,  0.045353   ])
203533  , -8550.74    , array([ 0.361136   ,  0.183343   ,  0.0806287  ,  5.05818e-89,  0.045353   ])
203534  , -8540.93    , array([ 0.361498   ,  0.183343   ,  0.0806287  ,  5.05818e-89,  0.045353   ])
203535  , -8559.1     , array([ 0.361136   ,  0.183526   ,  0.0806287  ,  5.05818e-89,  0.045353   ])
203536  , -8550.68    , array([ 0.361136   ,  0.183343   ,  0.0807093  ,  5.05818e-89,  0.045353   ])
203537  , -8550.74    , array([ 0.361136   ,  0.183343   ,  0.0806287  ,  5.06324e-89,  0.045353   ])
203538  , -8551.2     , array([ 0.361136   ,  0.183343   ,  0.0806287  ,  5.05818e-89,  0.0453984  ])
203539  , -7178.14    , array([ 0.337988   ,  0.144511   ,  0.203363   ,  5.05818e-89,  0.0382114  ])
203540  , -7178.14    , array([ 0.337988   ,  0.144511   ,  0.203363   ,  5.05818e-89,  0.0382114  ])
203541  , -7169.56    , array([ 0.338326   ,  0.144511   ,  0.203363   ,  5.05818e-89,  0.0382114  ])
203542  , -7185.38    , array([ 0.337988   ,  0.144655   ,  0.203363   ,  5.05818e-89,  0.0382114  ])
203543  , -7178.04    , array([ 0.337988   ,  0.144511   ,  0.203566   ,  5.05818e-89,  0.0382114  ])
203544  , -7178.14    , array([ 0.337988   ,  0.144511   ,  0.203363   ,  5.06324e-89,  0.0382114  ])
203545  , -7178.4     , array([ 0.337988   ,  0.144511   ,  0.203363   ,  5.05818e-89,  0.0382496  ])
203553  , -7178.13    , array([ 0.337988   ,  0.144511   ,  0.203368   ,  5.05818e-89,  0.0382115  ])
203554  , -7178.13    , array([ 0.337988   ,  0.144511   ,  0.203368   ,  5.05818e-89,  0.0382115  ])
203555  , -7169.54    , array([ 0.338327   ,  0.144511   ,  0.203368   ,  5.05818e-89,  0.0382115  ])
203556  , -7185.37    , array([ 0.337988   ,  0.144655   ,  0.203368   ,  5.05818e-89,  0.0382115  ])
203557  , -7178.03    , array([ 0.337988   ,  0.144511   ,  0.203572   ,  5.05818e-89,  0.0382115  ])
203558  , -7178.13    , array([ 0.337988   ,  0.144511   ,  0.203368   ,  5.06324e-89,  0.0382115  ])
203559  , -7178.39    , array([ 0.337988   ,  0.144511   ,  0.203368   ,  5.05818e-89,  0.0382497  ])
203560  , -7178.12    , array([ 0.337989   ,  0.144511   ,  0.203373   ,  5.05818e-89,  0.0382115  ])
203561  , -7178.12    , array([ 0.337989   ,  0.144511   ,  0.203373   ,  5.05818e-89,  0.0382115  ])
203562  , -7169.53    , array([ 0.338327   ,  0.144511   ,  0.203373   ,  5.05818e-89,  0.0382115  ])
203563  , -7185.35    , array([ 0.337989   ,  0.144655   ,  0.203373   ,  5.05818e-89,  0.0382115  ])
203564  , -7178.02    , array([ 0.337989   ,  0.144511   ,  0.203577   ,  5.05818e-89,  0.0382115  ])
203565  , -7178.12    , array([ 0.337989   ,  0.144511   ,  0.203373   ,  5.06324e-89,  0.0382115  ])
203566  , -7178.38    , array([ 0.337989   ,  0.144511   ,  0.203373   ,  5.05818e-89,  0.0382497  ])
203567  , -5061.92    , array([ 0.395568   ,  0.148998   ,  3.33786    ,  5.05818e-89,  0.0419426  ])
203568  , -5061.92    , array([ 0.395568   ,  0.148998   ,  3.33786    ,  5.05818e-89,  0.0419426  ])
203569  , -5056.34    , array([ 0.395963   ,  0.148998   ,  3.33786    ,  5.05818e-89,  0.0419426  ])
203570  , -5069.92    , array([ 0.395568   ,  0.149147   ,  3.33786    ,  5.05818e-89,  0.0419426  ])
203571  , -5061.26    , array([ 0.395568   ,  0.148998   ,  3.3412     ,  5.05818e-89,  0.0419426  ])
203572  , -5061.92    , array([ 0.395568   ,  0.148998   ,  3.33786    ,  5.06324e-89,  0.0419426  ])
203573  , -5058.04    , array([ 0.395568   ,  0.148998   ,  3.33786    ,  5.05818e-89,  0.0419845  ])
203574  , -5061.91    , array([ 0.395568   ,  0.148998   ,  3.33791    ,  5.05818e-89,  0.0419426  ])
203575  , -5061.91    , array([ 0.395568   ,  0.148998   ,  3.33791    ,  5.05818e-89,  0.0419426  ])
203576  , -5056.33    , array([ 0.395964   ,  0.148998   ,  3.33791    ,  5.05818e-89,  0.0419426  ])
203577  , -5069.91    , array([ 0.395568   ,  0.149147   ,  3.33791    ,  5.05818e-89,  0.0419426  ])
203578  , -5061.25    , array([ 0.395568   ,  0.148998   ,  3.34125    ,  5.05818e-89,  0.0419426  ])
203579  , -5061.91    , array([ 0.395568   ,  0.148998   ,  3.33791    ,  5.06324e-89,  0.0419426  ])
203580  , -5058.02    , array([ 0.395568   ,  0.148998   ,  3.33791    ,  5.05818e-89,  0.0419845  ])
203581  , -5061.73    , array([ 0.395572   ,  0.148998   ,  3.3385     ,  5.05818e-89,  0.0419428  ])
203582  , -5061.73    , array([ 0.395572   ,  0.148998   ,  3.3385     ,  5.05818e-89,  0.0419428  ])
203583  , -5056.15    , array([ 0.395968   ,  0.148998   ,  3.3385     ,  5.05818e-89,  0.0419428  ])
203584  , -5069.73    , array([ 0.395572   ,  0.149147   ,  3.3385     ,  5.05818e-89,  0.0419428  ])
203585  , -5061.07    , array([ 0.395572   ,  0.148998   ,  3.34184    ,  5.05818e-89,  0.0419428  ])
203586  , -5061.73    , array([ 0.395572   ,  0.148998   ,  3.3385     ,  5.06324e-89,  0.0419428  ])
203587  , -5057.84    , array([ 0.395572   ,  0.148998   ,  3.3385     ,  5.05818e-89,  0.0419848  ])
203595  , -5061.72    , array([ 0.395572   ,  0.148998   ,  3.33851    ,  5.05818e-89,  0.0419428  ])
203596  , -5061.72    , array([ 0.395572   ,  0.148998   ,  3.33851    ,  5.05818e-89,  0.0419428  ])
203597  , -5056.15    , array([ 0.395968   ,  0.148998   ,  3.33851    ,  5.05818e-89,  0.0419428  ])
203598  , -5069.72    , array([ 0.395572   ,  0.149147   ,  3.33851    ,  5.05818e-89,  0.0419428  ])
203599  , -5061.07    , array([ 0.395572   ,  0.148998   ,  3.34185    ,  5.05818e-89,  0.0419428  ])
203600  , -5061.72    , array([ 0.395572   ,  0.148998   ,  3.33851    ,  5.06324e-89,  0.0419428  ])
203601  , -5057.84    , array([ 0.395572   ,  0.148998   ,  3.33851    ,  5.05818e-89,  0.0419848  ])
203602  , -5061.68    , array([ 0.395573   ,  0.148998   ,  3.33866    ,  5.05818e-89,  0.0419429  ])
203603  , -5061.68    , array([ 0.395573   ,  0.148998   ,  3.33866    ,  5.05818e-89,  0.0419429  ])
203604  , -5056.1     , array([ 0.395969   ,  0.148998   ,  3.33866    ,  5.05818e-89,  0.0419429  ])
203605  , -5069.68    , array([ 0.395573   ,  0.149148   ,  3.33866    ,  5.05818e-89,  0.0419429  ])
203606  , -5061.02    , array([ 0.395573   ,  0.148998   ,  3.342      ,  5.05818e-89,  0.0419429  ])
203607  , -5061.68    , array([ 0.395573   ,  0.148998   ,  3.33866    ,  5.06324e-89,  0.0419429  ])
203608  , -5057.79    , array([ 0.395573   ,  0.148998   ,  3.33866    ,  5.05818e-89,  0.0419848  ])
203609  , -4558.06    , array([ 0.411438   ,  0.150142   ,  6.71947    ,  5.05818e-89,  0.0429311  ])
203610  , -4558.06    , array([ 0.411438   ,  0.150142   ,  6.71947    ,  5.05818e-89,  0.0429311  ])
203611  , -4554.39    , array([ 0.41185    ,  0.150142   ,  6.71947    ,  5.05818e-89,  0.0429311  ])
203612  , -4567.6     , array([ 0.411438   ,  0.150292   ,  6.71947    ,  5.05818e-89,  0.0429311  ])
203613  , -4558.24    , array([ 0.411438   ,  0.150142   ,  6.72619    ,  5.05818e-89,  0.0429311  ])
203614  , -4558.06    , array([ 0.411438   ,  0.150142   ,  6.71947    ,  5.06324e-89,  0.0429311  ])
203615  , -4551.56    , array([ 0.411438   ,  0.150142   ,  6.71947    ,  5.05818e-89,  0.0429741  ])
203623  , -4558.02    , array([ 0.411443   ,  0.150143   ,  6.7196     ,  5.05818e-89,  0.0429316  ])
203624  , -4558.02    , array([ 0.411443   ,  0.150143   ,  6.7196     ,  5.05818e-89,  0.0429316  ])
203625  , -4554.34    , array([ 0.411854   ,  0.150143   ,  6.7196     ,  5.05818e-89,  0.0429316  ])
203626  , -4567.55    , array([ 0.411443   ,  0.150293   ,  6.7196     ,  5.05818e-89,  0.0429316  ])
203627  , -4558.19    , array([ 0.411443   ,  0.150143   ,  6.72632    ,  5.05818e-89,  0.0429316  ])
203628  , -4558.02    , array([ 0.411443   ,  0.150143   ,  6.7196     ,  5.06324e-89,  0.0429316  ])
203629  , -4551.52    , array([ 0.411443   ,  0.150143   ,  6.7196     ,  5.05818e-89,  0.0429746  ])
203630  , -4557.77    , array([ 0.411468   ,  0.150149   ,  6.72027    ,  5.05818e-89,  0.0429342  ])
203631  , -4557.77    , array([ 0.411468   ,  0.150149   ,  6.72027    ,  5.05818e-89,  0.0429342  ])
203632  , -4554.1     , array([ 0.41188    ,  0.150149   ,  6.72027    ,  5.05818e-89,  0.0429342  ])
203633  , -4567.31    , array([ 0.411468   ,  0.150299   ,  6.72027    ,  5.05818e-89,  0.0429342  ])
203634  , -4557.95    , array([ 0.411468   ,  0.150149   ,  6.72699    ,  5.05818e-89,  0.0429342  ])
203635  , -4557.77    , array([ 0.411468   ,  0.150149   ,  6.72027    ,  5.06324e-89,  0.0429342  ])
203636  , -4551.27    , array([ 0.411468   ,  0.150149   ,  6.72027    ,  5.05818e-89,  0.0429772  ])
203644  , -4557.76    , array([ 0.411469   ,  0.150149   ,  6.7203     ,  5.05818e-89,  0.0429343  ])
203645  , -4557.76    , array([ 0.411469   ,  0.150149   ,  6.7203     ,  5.05818e-89,  0.0429343  ])
203646  , -4554.09    , array([ 0.411881   ,  0.150149   ,  6.7203     ,  5.05818e-89,  0.0429343  ])
203647  , -4567.3     , array([ 0.411469   ,  0.150299   ,  6.7203     ,  5.05818e-89,  0.0429343  ])
203648  , -4557.94    , array([ 0.411469   ,  0.150149   ,  6.72702    ,  5.05818e-89,  0.0429343  ])
203649  , -4557.76    , array([ 0.411469   ,  0.150149   ,  6.7203     ,  5.06324e-89,  0.0429343  ])
203650  , -4551.26    , array([ 0.411469   ,  0.150149   ,  6.7203     ,  5.05818e-89,  0.0429773  ])
203651  , -4557.7     , array([ 0.411476   ,  0.15015    ,  6.72047    ,  5.05818e-89,  0.042935   ])
203652  , -4557.7     , array([ 0.411476   ,  0.15015    ,  6.72047    ,  5.05818e-89,  0.042935   ])
203653  , -4554.03    , array([ 0.411888   ,  0.15015    ,  6.72047    ,  5.05818e-89,  0.042935   ])
203654  , -4567.24    , array([ 0.411476   ,  0.1503     ,  6.72047    ,  5.05818e-89,  0.042935   ])
203655  , -4557.88    , array([ 0.411476   ,  0.15015    ,  6.72719    ,  5.05818e-89,  0.042935   ])
203656  , -4557.7     , array([ 0.411476   ,  0.15015    ,  6.72047    ,  5.06324e-89,  0.042935   ])
203657  , -4551.2     , array([ 0.411476   ,  0.15015    ,  6.72047    ,  5.05818e-89,  0.0429779  ])
203665  , -4557.7     , array([ 0.411476   ,  0.15015    ,  6.72047    ,  5.05818e-89,  0.042935   ])
203666  , -4557.7     , array([ 0.411476   ,  0.15015    ,  6.72047    ,  5.05818e-89,  0.042935   ])
203667  , -4554.02    , array([ 0.411888   ,  0.15015    ,  6.72047    ,  5.05818e-89,  0.042935   ])
203668  , -4567.23    , array([ 0.411476   ,  0.1503     ,  6.72047    ,  5.05818e-89,  0.042935   ])
203669  , -4557.87    , array([ 0.411476   ,  0.15015    ,  6.7272     ,  5.05818e-89,  0.042935   ])
203670  , -4557.7     , array([ 0.411476   ,  0.15015    ,  6.72047    ,  5.06324e-89,  0.042935   ])
203671  , -4551.2     , array([ 0.411476   ,  0.15015    ,  6.72047    ,  5.05818e-89,  0.042978   ])
203672  , -4557.68    , array([ 0.411478   ,  0.150151   ,  6.72052    ,  5.05818e-89,  0.0429352  ])
203673  , -4557.68    , array([ 0.411478   ,  0.150151   ,  6.72052    ,  5.05818e-89,  0.0429352  ])
203674  , -4554.01    , array([ 0.411889   ,  0.150151   ,  6.72052    ,  5.05818e-89,  0.0429352  ])
203675  , -4567.22    , array([ 0.411478   ,  0.150301   ,  6.72052    ,  5.05818e-89,  0.0429352  ])
203676  , -4557.86    , array([ 0.411478   ,  0.150151   ,  6.72724    ,  5.05818e-89,  0.0429352  ])
203677  , -4557.68    , array([ 0.411478   ,  0.150151   ,  6.72052    ,  5.06324e-89,  0.0429352  ])
203678  , -4551.18    , array([ 0.411478   ,  0.150151   ,  6.72052    ,  5.05818e-89,  0.0429781  ])
203679  , -4177.27    , array([ 0.487707   ,  0.166389   ,  8.83645    ,  5.05818e-89,  0.0505702  ])
203680  , -4177.27    , array([ 0.487707   ,  0.166389   ,  8.83645    ,  5.05818e-89,  0.0505702  ])
203681  , -4175.33    , array([ 0.488195   ,  0.166389   ,  8.83645    ,  5.05818e-89,  0.0505702  ])
203682  , -4187.45    , array([ 0.487707   ,  0.166555   ,  8.83645    ,  5.05818e-89,  0.0505702  ])
203683  , -4178.92    , array([ 0.487707   ,  0.166389   ,  8.8453     ,  5.05818e-89,  0.0505702  ])
203684  , -4177.27    , array([ 0.487707   ,  0.166389   ,  8.83645    ,  5.06324e-89,  0.0505702  ])
203685  , -4170.1     , array([ 0.487707   ,  0.166389   ,  8.83645    ,  5.05818e-89,  0.0506208  ])
203686  , -3483.28    , array([ 0.5878     ,  0.185803   ,  7.30199    ,  5.05818e-89,  0.0599157  ])
203687  , -3483.28    , array([ 0.5878     ,  0.185803   ,  7.30199    ,  5.05818e-89,  0.0599157  ])
203688  , -3481.65    , array([ 0.588388   ,  0.185803   ,  7.30199    ,  5.05818e-89,  0.0599157  ])
203689  , -3492.34    , array([ 0.5878     ,  0.185989   ,  7.30199    ,  5.05818e-89,  0.0599157  ])
203690  , -3484.55    , array([ 0.5878     ,  0.185803   ,  7.30929    ,  5.05818e-89,  0.0599157  ])
203691  , -3483.28    , array([ 0.5878     ,  0.185803   ,  7.30199    ,  5.06324e-89,  0.0599157  ])
203692  , -3477.02    , array([ 0.5878     ,  0.185803   ,  7.30199    ,  5.05818e-89,  0.0599756  ])
203693  , -2376.54    , array([ 0.541146   ,  0.138261   ,  8.66468    ,  5.05818e-89,  0.0516996  ])
203694  , -2376.54    , array([ 0.541146   ,  0.138261   ,  8.66468    ,  5.05818e-89,  0.0516996  ])
203695  , -2375.05    , array([ 0.541688   ,  0.138261   ,  8.66468    ,  5.05818e-89,  0.0516996  ])
203696  , -2382.11    , array([ 0.541146   ,  0.138399   ,  8.66468    ,  5.05818e-89,  0.0516996  ])
203697  , -2377.47    , array([ 0.541146   ,  0.138261   ,  8.67335    ,  5.05818e-89,  0.0516996  ])
203698  , -2376.54    , array([ 0.541146   ,  0.138261   ,  8.66468    ,  5.06324e-89,  0.0516996  ])
203699  , -2372.76    , array([ 0.541146   ,  0.138261   ,  8.66468    ,  5.05818e-89,  0.0517513  ])
203700  , -1624.91    , array([ 0.88212    ,  0.151484   ,  6.12077    ,  5.05818e-89,  0.0753757  ])
203701  , -1624.91    , array([ 0.88212    ,  0.151484   ,  6.12077    ,  5.05818e-89,  0.0753757  ])
203702  , -1624.68    , array([ 0.883003   ,  0.151484   ,  6.12077    ,  5.05818e-89,  0.0753757  ])
203703  , -1623.26    , array([ 0.88212    ,  0.151635   ,  6.12077    ,  5.05818e-89,  0.0753757  ])
203704  , -1624.57    , array([ 0.88212    ,  0.151484   ,  6.12689    ,  5.05818e-89,  0.0753757  ])
203705  , -1624.91    , array([ 0.88212    ,  0.151484   ,  6.12077    ,  5.06324e-89,  0.0753757  ])
203706  , -1626.79    , array([ 0.88212    ,  0.151484   ,  6.12077    ,  5.05818e-89,  0.0754511  ])
203707  , -1561.63    , array([ 0.753925   ,  0.138038   ,  7.01559    ,  5.05818e-89,  0.0646802  ])
203708  , -1561.63    , array([ 0.753925   ,  0.138038   ,  7.01559    ,  5.05818e-89,  0.0646802  ])
203709  , -1561.09    , array([ 0.754679   ,  0.138038   ,  7.01559    ,  5.05818e-89,  0.0646802  ])
203710  , -1561.4     , array([ 0.753925   ,  0.138177   ,  7.01559    ,  5.05818e-89,  0.0646802  ])
203711  , -1561.64    , array([ 0.753925   ,  0.138038   ,  7.02261    ,  5.05818e-89,  0.0646802  ])
203712  , -1561.63    , array([ 0.753925   ,  0.138038   ,  7.01559    ,  5.06324e-89,  0.0646802  ])
203713  , -1562.27    , array([ 0.753925   ,  0.138038   ,  7.01559    ,  5.05818e-89,  0.0647449  ])
203714  , -1552.08    , array([ 0.78162    ,  0.142584   ,  6.73973    ,  5.05818e-89,  0.0663215  ])
203715  , -1552.08    , array([ 0.78162    ,  0.142584   ,  6.73973    ,  5.05818e-89,  0.0663215  ])
203716  , -1551.58    , array([ 0.782402   ,  0.142584   ,  6.73973    ,  5.05818e-89,  0.0663215  ])
203717  , -1552.03    , array([ 0.78162    ,  0.142726   ,  6.73973    ,  5.05818e-89,  0.0663215  ])
203718  , -1552.07    , array([ 0.78162    ,  0.142584   ,  6.74647    ,  5.05818e-89,  0.0663215  ])
203719  , -1552.08    , array([ 0.78162    ,  0.142584   ,  6.73973    ,  5.06324e-89,  0.0663215  ])
203720  , -1552.6     , array([ 0.78162    ,  0.142584   ,  6.73973    ,  5.05818e-89,  0.0663879  ])
203721  , -1534.89    , array([ 0.814398   ,  0.144136   ,  6.46704    ,  5.05818e-89,  0.0665018  ])
203722  , -1534.89    , array([ 0.814398   ,  0.144136   ,  6.46704    ,  5.05818e-89,  0.0665018  ])
203723  , -1534.47    , array([ 0.815213   ,  0.144136   ,  6.46704    ,  5.05818e-89,  0.0665018  ])
203724  , -1534.89    , array([ 0.814398   ,  0.14428    ,  6.46704    ,  5.05818e-89,  0.0665018  ])
203725  , -1534.86    , array([ 0.814398   ,  0.144136   ,  6.47351    ,  5.05818e-89,  0.0665018  ])
203726  , -1534.89    , array([ 0.814398   ,  0.144136   ,  6.46704    ,  5.06324e-89,  0.0665018  ])
203727  , -1535.38    , array([ 0.814398   ,  0.144136   ,  6.46704    ,  5.05818e-89,  0.0665683  ])
203728  , -1504.65    , array([ 0.856816   ,  0.142386   ,  6.15309    ,  5.05818e-89,  0.0645188  ])
203729  , -1504.65    , array([ 0.856816   ,  0.142386   ,  6.15309    ,  5.05818e-89,  0.0645188  ])
203730  , -1504.33    , array([ 0.857673   ,  0.142386   ,  6.15309    ,  5.05818e-89,  0.0645188  ])
203731  , -1504.71    , array([ 0.856816   ,  0.142528   ,  6.15309    ,  5.05818e-89,  0.0645188  ])
203732  , -1504.6     , array([ 0.856816   ,  0.142386   ,  6.15924    ,  5.05818e-89,  0.0645188  ])
203733  , -1504.65    , array([ 0.856816   ,  0.142386   ,  6.15309    ,  5.06324e-89,  0.0645188  ])
203734  , -1505.05    , array([ 0.856816   ,  0.142386   ,  6.15309    ,  5.05818e-89,  0.0645834  ])
203735  , -1457.04    , array([ 0.920967   ,  0.134317   ,  5.74102    ,  5.05818e-89,  0.0587363  ])
203736  , -1457.04    , array([ 0.920967   ,  0.134317   ,  5.74102    ,  5.05818e-89,  0.0587363  ])
203737  , -1456.87    , array([ 0.921888   ,  0.134317   ,  5.74102    ,  5.05818e-89,  0.0587363  ])
203738  , -1457.22    , array([ 0.920967   ,  0.134452   ,  5.74102    ,  5.05818e-89,  0.0587363  ])
203739  , -1457.01    , array([ 0.920967   ,  0.134317   ,  5.74676    ,  5.05818e-89,  0.0587363  ])
203740  , -1457.04    , array([ 0.920967   ,  0.134317   ,  5.74102    ,  5.06324e-89,  0.0587363  ])
203741  , -1457.22    , array([ 0.920967   ,  0.134317   ,  5.74102    ,  5.05818e-89,  0.0587951  ])
203742  , -1416.19    , array([ 1.01195    ,  0.116361   ,  5.2479     ,  5.05818e-89,  0.0482106  ])
203743  , -1416.19    , array([ 1.01195    ,  0.116361   ,  5.2479     ,  5.05818e-89,  0.0482106  ])
203744  , -1416.2     , array([ 1.01296    ,  0.116361   ,  5.2479     ,  5.05818e-89,  0.0482106  ])
203745  , -1416.54    , array([ 1.01195    ,  0.116477   ,  5.2479     ,  5.05818e-89,  0.0482106  ])
203746  , -1416.22    , array([ 1.01195    ,  0.116361   ,  5.25315    ,  5.05818e-89,  0.0482106  ])
203747  , -1416.19    , array([ 1.01195    ,  0.116361   ,  5.2479     ,  5.06324e-89,  0.0482106  ])
203748  , -1416.01    , array([ 1.01195    ,  0.116361   ,  5.2479     ,  5.05818e-89,  0.0482588  ])
203749  , -1411.49    , array([ 1.02715    ,  0.109307   ,  5.18078    ,  5.05818e-89,  0.0451518  ])
203750  , -1411.49    , array([ 1.02715    ,  0.109307   ,  5.18078    ,  5.05818e-89,  0.0451518  ])
203751  , -1411.52    , array([ 1.02818    ,  0.109307   ,  5.18078    ,  5.05818e-89,  0.0451518  ])
203752  , -1411.56    , array([ 1.02715    ,  0.109416   ,  5.18078    ,  5.05818e-89,  0.0451518  ])
203753  , -1411.5     , array([ 1.02715    ,  0.109307   ,  5.18596    ,  5.05818e-89,  0.0451518  ])
203754  , -1411.49    , array([ 1.02715    ,  0.109307   ,  5.18078    ,  5.06324e-89,  0.0451518  ])
203755  , -1411.46    , array([ 1.02715    ,  0.109307   ,  5.18078    ,  5.05818e-89,  0.045197   ])
203756  , -1411.32    , array([ 1.02263    ,  0.106098   ,  5.16989    ,  5.05818e-89,  0.0436815  ])
203757  , -1411.32    , array([ 1.02263    ,  0.106098   ,  5.16989    ,  5.05818e-89,  0.0436815  ])
203758  , -1411.35    , array([ 1.02366    ,  0.106098   ,  5.16989    ,  5.05818e-89,  0.0436815  ])
203759  , -1411.33    , array([ 1.02263    ,  0.106204   ,  5.16989    ,  5.05818e-89,  0.0436815  ])
203760  , -1411.33    , array([ 1.02263    ,  0.106098   ,  5.17506    ,  5.05818e-89,  0.0436815  ])
203761  , -1411.32    , array([ 1.02263    ,  0.106098   ,  5.16989    ,  5.06324e-89,  0.0436815  ])
203762  , -1411.32    , array([ 1.02263    ,  0.106098   ,  5.16989    ,  5.05818e-89,  0.0437252  ])
203763  , -1411.36    , array([ 1.01396    ,  0.105266   ,  5.18399    ,  5.05818e-89,  0.0433227  ])
203764  , -1411.36    , array([ 1.01396    ,  0.105266   ,  5.18399    ,  5.05818e-89,  0.0433227  ])
203765  , -1411.38    , array([ 1.01497    ,  0.105266   ,  5.18399    ,  5.05818e-89,  0.0433227  ])
203766  , -1411.36    , array([ 1.01396    ,  0.105371   ,  5.18399    ,  5.05818e-89,  0.0433227  ])
203767  , -1411.37    , array([ 1.01396    ,  0.105266   ,  5.18918    ,  5.05818e-89,  0.0433227  ])
203768  , -1411.36    , array([ 1.01396    ,  0.105266   ,  5.18399    ,  5.06324e-89,  0.0433227  ])
203769  , -1411.37    , array([ 1.01396    ,  0.105266   ,  5.18399    ,  5.05818e-89,  0.043366   ])
203770  , -1411.31    , array([ 1.02071    ,  0.105914   ,  5.17299    ,  5.05818e-89,  0.0436021  ])
203771  , -1411.31    , array([ 1.02071    ,  0.105914   ,  5.17299    ,  5.05818e-89,  0.0436021  ])
203772  , -1411.34    , array([ 1.02174    ,  0.105914   ,  5.17299    ,  5.05818e-89,  0.0436021  ])
203773  , -1411.32    , array([ 1.02071    ,  0.10602    ,  5.17299    ,  5.05818e-89,  0.0436021  ])
203774  , -1411.32    , array([ 1.02071    ,  0.105914   ,  5.17817    ,  5.05818e-89,  0.0436021  ])
203775  , -1411.31    , array([ 1.02071    ,  0.105914   ,  5.17299    ,  5.06324e-89,  0.0436021  ])
203776  , -1411.31    , array([ 1.02071    ,  0.105914   ,  5.17299    ,  5.05818e-89,  0.0436457  ])
203777  , -1411.31    , array([ 1.0202     ,  0.105886   ,  5.17394    ,  5.05818e-89,  0.04359    ])
203778  , -1411.31    , array([ 1.0202     ,  0.105886   ,  5.17394    ,  5.05818e-89,  0.04359    ])
203779  , -1411.33    , array([ 1.02122    ,  0.105886   ,  5.17394    ,  5.05818e-89,  0.04359    ])
203780  , -1411.32    , array([ 1.0202     ,  0.105992   ,  5.17394    ,  5.05818e-89,  0.04359    ])
203781  , -1411.32    , array([ 1.0202     ,  0.105886   ,  5.17911    ,  5.05818e-89,  0.04359    ])
203782  , -1411.31    , array([ 1.0202     ,  0.105886   ,  5.17394    ,  5.06324e-89,  0.04359    ])
203783  , -1411.31    , array([ 1.0202     ,  0.105886   ,  5.17394    ,  5.05818e-89,  0.0436336  ])
203784  , -1411.3     , array([ 1.01812    ,  0.105773   ,  5.17771    ,  5.05818e-89,  0.0435416  ])
203785  , -1411.3     , array([ 1.01812    ,  0.105773   ,  5.17771    ,  5.05818e-89,  0.0435416  ])
203786  , -1411.32    , array([ 1.01914    ,  0.105773   ,  5.17771    ,  5.05818e-89,  0.0435416  ])
203787  , -1411.3     , array([ 1.01812    ,  0.105879   ,  5.17771    ,  5.05818e-89,  0.0435416  ])
203788  , -1411.3     , array([ 1.01812    ,  0.105773   ,  5.1829     ,  5.05818e-89,  0.0435416  ])
203789  , -1411.3     , array([ 1.01812    ,  0.105773   ,  5.17771    ,  5.06324e-89,  0.0435416  ])
203790  , -1411.3     , array([ 1.01812    ,  0.105773   ,  5.17771    ,  5.05818e-89,  0.0435852  ])
203791  , -1411.29    , array([ 1.01624    ,  0.105696   ,  5.18133    ,  5.05818e-89,  0.043509   ])
203792  , -1411.29    , array([ 1.01624    ,  0.105696   ,  5.18133    ,  5.05818e-89,  0.043509   ])
203793  , -1411.3     , array([ 1.01726    ,  0.105696   ,  5.18133    ,  5.05818e-89,  0.043509   ])
203794  , -1411.29    , array([ 1.01624    ,  0.105801   ,  5.18133    ,  5.05818e-89,  0.043509   ])
203795  , -1411.29    , array([ 1.01624    ,  0.105696   ,  5.18651    ,  5.05818e-89,  0.043509   ])
203796  , -1411.29    , array([ 1.01624    ,  0.105696   ,  5.18133    ,  5.06324e-89,  0.043509   ])
203797  , -1411.29    , array([ 1.01624    ,  0.105696   ,  5.18133    ,  5.05818e-89,  0.0435525  ])
203798  , -1411.28    , array([ 1.01481    ,  0.105642   ,  5.18415    ,  5.05818e-89,  0.0434867  ])
203799  , -1411.28    , array([ 1.01481    ,  0.105642   ,  5.18415    ,  5.05818e-89,  0.0434867  ])
203800  , -1411.29    , array([ 1.01582    ,  0.105642   ,  5.18415    ,  5.05818e-89,  0.0434867  ])
203801  , -1411.28    , array([ 1.01481    ,  0.105748   ,  5.18415    ,  5.05818e-89,  0.0434867  ])
203802  , -1411.28    , array([ 1.01481    ,  0.105642   ,  5.18933    ,  5.05818e-89,  0.0434867  ])
203803  , -1411.28    , array([ 1.01481    ,  0.105642   ,  5.18415    ,  5.06324e-89,  0.0434867  ])
203804  , -1411.28    , array([ 1.01481    ,  0.105642   ,  5.18415    ,  5.05818e-89,  0.0435302  ])
203805  , -1411.28    , array([ 1.01389    ,  0.105609   ,  5.18597    ,  5.05818e-89,  0.0434729  ])
203806  , -1411.28    , array([ 1.01389    ,  0.105609   ,  5.18597    ,  5.05818e-89,  0.0434729  ])
203807  , -1411.29    , array([ 1.01491    ,  0.105609   ,  5.18597    ,  5.05818e-89,  0.0434729  ])
203808  , -1411.28    , array([ 1.01389    ,  0.105715   ,  5.18597    ,  5.05818e-89,  0.0434729  ])
203809  , -1411.28    , array([ 1.01389    ,  0.105609   ,  5.19116    ,  5.05818e-89,  0.0434729  ])
203810  , -1411.28    , array([ 1.01389    ,  0.105609   ,  5.18597    ,  5.06324e-89,  0.0434729  ])
203811  , -1411.28    , array([ 1.01389    ,  0.105609   ,  5.18597    ,  5.05818e-89,  0.0435164  ])
203812  , -1411.28    , array([ 1.01348    ,  0.105594   ,  5.18681    ,  5.05818e-89,  0.0434666  ])
203813  , -1411.28    , array([ 1.01348    ,  0.105594   ,  5.18681    ,  5.05818e-89,  0.0434666  ])
203814  , -1411.29    , array([ 1.01449    ,  0.105594   ,  5.18681    ,  5.05818e-89,  0.0434666  ])
203815  , -1411.28    , array([ 1.01348    ,  0.1057     ,  5.18681    ,  5.05818e-89,  0.0434666  ])
203816  , -1411.28    , array([ 1.01348    ,  0.105594   ,  5.192      ,  5.05818e-89,  0.0434666  ])
203817  , -1411.28    , array([ 1.01348    ,  0.105594   ,  5.18681    ,  5.06324e-89,  0.0434666  ])
203818  , -1411.28    , array([ 1.01348    ,  0.105594   ,  5.18681    ,  5.05818e-89,  0.0435101  ])
203819  , -1411.28    , array([ 1.01181    ,  0.105534   ,  5.19016    ,  5.05818e-89,  0.0434417  ])
203820  , -1411.28    , array([ 1.01181    ,  0.105534   ,  5.19016    ,  5.05818e-89,  0.0434417  ])
203821  , -1411.29    , array([ 1.01282    ,  0.105534   ,  5.19016    ,  5.05818e-89,  0.0434417  ])
203822  , -1411.28    , array([ 1.01181    ,  0.10564    ,  5.19016    ,  5.05818e-89,  0.0434417  ])
203823  , -1411.28    , array([ 1.01181    ,  0.105534   ,  5.19535    ,  5.05818e-89,  0.0434417  ])
203824  , -1411.28    , array([ 1.01181    ,  0.105534   ,  5.19016    ,  5.06324e-89,  0.0434417  ])
203825  , -1411.28    , array([ 1.01181    ,  0.105534   ,  5.19016    ,  5.05818e-89,  0.0434851  ])
203826  , -1411.28    , array([ 1.01158    ,  0.105526   ,  5.19062    ,  5.05818e-89,  0.0434382  ])
203827  , -1411.28    , array([ 1.01158    ,  0.105526   ,  5.19062    ,  5.05818e-89,  0.0434382  ])
203828  , -1411.29    , array([ 1.0126     ,  0.105526   ,  5.19062    ,  5.05818e-89,  0.0434382  ])
203829  , -1411.28    , array([ 1.01158    ,  0.105632   ,  5.19062    ,  5.05818e-89,  0.0434382  ])
203830  , -1411.28    , array([ 1.01158    ,  0.105526   ,  5.19581    ,  5.05818e-89,  0.0434382  ])
203831  , -1411.28    , array([ 1.01158    ,  0.105526   ,  5.19062    ,  5.06324e-89,  0.0434382  ])
203832  , -1411.28    , array([ 1.01158    ,  0.105526   ,  5.19062    ,  5.05818e-89,  0.0434817  ])
203833  , -1411.28    , array([ 1.01177    ,  0.105533   ,  5.19024    ,  5.05818e-89,  0.0434411  ])
203834  , -1411.28    , array([ 1.01177    ,  0.105533   ,  5.19024    ,  5.05818e-89,  0.0434411  ])
203835  , -1411.29    , array([ 1.01278    ,  0.105533   ,  5.19024    ,  5.05818e-89,  0.0434411  ])
203836  , -1411.28    , array([ 1.01177    ,  0.105638   ,  5.19024    ,  5.05818e-89,  0.0434411  ])
203837  , -1411.28    , array([ 1.01177    ,  0.105533   ,  5.19543    ,  5.05818e-89,  0.0434411  ])
203838  , -1411.28    , array([ 1.01177    ,  0.105533   ,  5.19024    ,  5.06324e-89,  0.0434411  ])
203839  , -1411.28    , array([ 1.01177    ,  0.105533   ,  5.19024    ,  5.05818e-89,  0.0434845  ])
203840  , -1411.28    , array([ 1.0118     ,  0.105534   ,  5.19017    ,  5.05818e-89,  0.0434416  ])
203841  , -1411.28    , array([ 1.0118     ,  0.105534   ,  5.19017    ,  5.05818e-89,  0.0434416  ])
203842  , -1411.29    , array([ 1.01282    ,  0.105534   ,  5.19017    ,  5.05818e-89,  0.0434416  ])
203843  , -1411.28    , array([ 1.0118     ,  0.10564    ,  5.19017    ,  5.05818e-89,  0.0434416  ])
203844  , -1411.28    , array([ 1.0118     ,  0.105534   ,  5.19537    ,  5.05818e-89,  0.0434416  ])
203845  , -1411.28    , array([ 1.0118     ,  0.105534   ,  5.19017    ,  5.06324e-89,  0.0434416  ])
203846  , -1411.28    , array([ 1.0118     ,  0.105534   ,  5.19017    ,  5.05818e-89,  0.043485   ])
203847  , -1411.28    , array([ 1.01181    ,  0.105534   ,  5.19016    ,  5.05818e-89,  0.0434417  ])
203848  , -1411.28    , array([ 1.01181    ,  0.105534   ,  5.19016    ,  5.05818e-89,  0.0434417  ])
203849  , -1411.29    , array([ 1.01282    ,  0.105534   ,  5.19016    ,  5.05818e-89,  0.0434417  ])
203850  , -1411.28    , array([ 1.01181    ,  0.10564    ,  5.19016    ,  5.05818e-89,  0.0434417  ])
203851  , -1411.28    , array([ 1.01181    ,  0.105534   ,  5.19535    ,  5.05818e-89,  0.0434417  ])
203852  , -1411.28    , array([ 1.01181    ,  0.105534   ,  5.19016    ,  5.06324e-89,  0.0434417  ])
203853  , -1411.28    , array([ 1.01181    ,  0.105534   ,  5.19016    ,  5.05818e-89,  0.0434851  ])
203854  , -1411.28    , array([ 1.01181    ,  0.105534   ,  5.19016    ,  5.05818e-89,  0.0434417  ])
203855  , -1411.28    , array([ 1.01181    ,  0.105534   ,  5.19016    ,  5.05818e-89,  0.0434417  ])
203856  , -1411.29    , array([ 1.01282    ,  0.105534   ,  5.19016    ,  5.05818e-89,  0.0434417  ])
203857  , -1411.28    , array([ 1.01181    ,  0.10564    ,  5.19016    ,  5.05818e-89,  0.0434417  ])
203858  , -1411.28    , array([ 1.01181    ,  0.105534   ,  5.19535    ,  5.05818e-89,  0.0434417  ])
203859  , -1411.28    , array([ 1.01181    ,  0.105534   ,  5.19016    ,  5.06324e-89,  0.0434417  ])
203860  , -1411.28    , array([ 1.01181    ,  0.105534   ,  5.19016    ,  5.05818e-89,  0.0434851  ])
203861  , -1411.28    , array([ 1.01181    ,  0.105534   ,  5.19016    ,  5.05818e-89,  0.0434417  ])
203862  , -1411.28    , array([ 1.01181    ,  0.105534   ,  5.19016    ,  5.05818e-89,  0.0434417  ])
203863  , -1411.29    , array([ 1.01282    ,  0.105534   ,  5.19016    ,  5.05818e-89,  0.0434417  ])
203864  , -1411.28    , array([ 1.01181    ,  0.10564    ,  5.19016    ,  5.05818e-89,  0.0434417  ])
203865  , -1411.28    , array([ 1.01181    ,  0.105534   ,  5.19535    ,  5.05818e-89,  0.0434417  ])
203866  , -1411.28    , array([ 1.01181    ,  0.105534   ,  5.19016    ,  5.06324e-89,  0.0434417  ])
203867  , -1411.28    , array([ 1.01181    ,  0.105534   ,  5.19016    ,  5.05818e-89,  0.0434851  ])
203868  , -1411.28    , array([ 1.01181    ,  0.105534   ,  5.19016    ,  5.05818e-89,  0.0434417  ])
203869  , -1411.28    , array([ 1.01181    ,  0.105534   ,  5.19016    ,  5.05818e-89,  0.0434417  ])
203870  , -1411.29    , array([ 1.01282    ,  0.105534   ,  5.19016    ,  5.05818e-89,  0.0434417  ])
203871  , -1411.28    , array([ 1.01181    ,  0.10564    ,  5.19016    ,  5.05818e-89,  0.0434417  ])
203872  , -1411.28    , array([ 1.01181    ,  0.105534   ,  5.19535    ,  5.05818e-89,  0.0434417  ])
203873  , -1411.28    , array([ 1.01181    ,  0.105534   ,  5.19016    ,  5.06324e-89,  0.0434417  ])
203874  , -1411.28    , array([ 1.01181    ,  0.105534   ,  5.19016    ,  5.05818e-89,  0.0434851  ])
203875  , -1411.28    , array([ 1.01181    ,  0.105534   ,  5.19016    ,  5.05818e-89,  0.0434417  ])
203876  , -1411.28    , array([ 1.01181    ,  0.105534   ,  5.19016    ,  5.05818e-89,  0.0434417  ])
203877  , -1411.29    , array([ 1.01282    ,  0.105534   ,  5.19016    ,  5.05818e-89,  0.0434417  ])
203878  , -1411.28    , array([ 1.01181    ,  0.10564    ,  5.19016    ,  5.05818e-89,  0.0434417  ])
203879  , -1411.28    , array([ 1.01181    ,  0.105534   ,  5.19535    ,  5.05818e-89,  0.0434417  ])
203880  , -1411.28    , array([ 1.01181    ,  0.105534   ,  5.19016    ,  5.06324e-89,  0.0434417  ])
203881  , -1411.28    , array([ 1.01181    ,  0.105534   ,  5.19016    ,  5.05818e-89,  0.0434851  ])
203882  , -1411.28    , array([ 1.01181    ,  0.105534   ,  5.19016    ,  5.05818e-89,  0.0434417  ])
203883  , -1411.28    , array([ 1.01181    ,  0.105534   ,  5.19016    ,  5.05818e-89,  0.0434417  ])
203884  , -1411.29    , array([ 1.01282    ,  0.105534   ,  5.19016    ,  5.05818e-89,  0.0434417  ])
203885  , -1411.28    , array([ 1.01181    ,  0.10564    ,  5.19016    ,  5.05818e-89,  0.0434417  ])
203886  , -1411.28    , array([ 1.01181    ,  0.105534   ,  5.19535    ,  5.05818e-89,  0.0434417  ])
203887  , -1411.28    , array([ 1.01181    ,  0.105534   ,  5.19016    ,  5.06324e-89,  0.0434417  ])
203888  , -1411.28    , array([ 1.01181    ,  0.105534   ,  5.19016    ,  5.05818e-89,  0.0434851  ])
203889  , -1411.28    , array([ 1.01181    ,  0.105534   ,  5.19016    ,  5.05818e-89,  0.0434417  ])
203890  , -1411.28    , array([ 1.01181    ,  0.105534   ,  5.19016    ,  5.05818e-89,  0.0434417  ])
203891  , -1411.29    , array([ 1.01282    ,  0.105534   ,  5.19016    ,  5.05818e-89,  0.0434417  ])
203892  , -1411.28    , array([ 1.01181    ,  0.10564    ,  5.19016    ,  5.05818e-89,  0.0434417  ])
203893  , -1411.28    , array([ 1.01181    ,  0.105534   ,  5.19535    ,  5.05818e-89,  0.0434417  ])
203894  , -1411.28    , array([ 1.01181    ,  0.105534   ,  5.19016    ,  5.06324e-89,  0.0434417  ])
203895  , -1411.28    , array([ 1.01181    ,  0.105534   ,  5.19016    ,  5.05818e-89,  0.0434851  ])
203896  , -1411.28    , array([ 1.01181    ,  0.105534   ,  5.19016    ,  5.05818e-89,  0.0434417  ])
203897  , -1411.28    , array([ 1.01181    ,  0.105534   ,  5.19016    ,  5.05818e-89,  0.0434417  ])
203898  , -1411.29    , array([ 1.01282    ,  0.105534   ,  5.19016    ,  5.05818e-89,  0.0434417  ])
203899  , -1411.28    , array([ 1.01181    ,  0.10564    ,  5.19016    ,  5.05818e-89,  0.0434417  ])
203900  , -1411.28    , array([ 1.01181    ,  0.105534   ,  5.19535    ,  5.05818e-89,  0.0434417  ])
203901  , -1411.28    , array([ 1.01181    ,  0.105534   ,  5.19016    ,  5.06324e-89,  0.0434417  ])
203902  , -1411.28    , array([ 1.01181    ,  0.105534   ,  5.19016    ,  5.05818e-89,  0.0434851  ])
203903  , -1411.28    , array([ 1.01181    ,  0.105534   ,  5.19016    ,  5.05818e-89,  0.0434417  ])
203904  , -1411.28    , array([ 1.01181    ,  0.105534   ,  5.19016    ,  5.05818e-89,  0.0434417  ])
203905  , -1411.29    , array([ 1.01282    ,  0.105534   ,  5.19016    ,  5.05818e-89,  0.0434417  ])
203906  , -1411.28    , array([ 1.01181    ,  0.10564    ,  5.19016    ,  5.05818e-89,  0.0434417  ])
203907  , -1411.28    , array([ 1.01181    ,  0.105534   ,  5.19535    ,  5.05818e-89,  0.0434417  ])
203908  , -1411.28    , array([ 1.01181    ,  0.105534   ,  5.19016    ,  5.06324e-89,  0.0434417  ])
203909  , -1411.28    , array([ 1.01181    ,  0.105534   ,  5.19016    ,  5.05818e-89,  0.0434851  ])
203910  , -1411.28    , array([ 1.01181    ,  0.105534   ,  5.19016    ,  5.05818e-89,  0.0434417  ])
203911  , -1411.28    , array([ 1.01181    ,  0.105534   ,  5.19016    ,  5.05818e-89,  0.0434417  ])
203912  , -1411.29    , array([ 1.01282    ,  0.105534   ,  5.19016    ,  5.05818e-89,  0.0434417  ])
203913  , -1411.28    , array([ 1.01181    ,  0.10564    ,  5.19016    ,  5.05818e-89,  0.0434417  ])
203914  , -1411.28    , array([ 1.01181    ,  0.105534   ,  5.19535    ,  5.05818e-89,  0.0434417  ])
203915  , -1411.28    , array([ 1.01181    ,  0.105534   ,  5.19016    ,  5.06324e-89,  0.0434417  ])
203916  , -1411.28    , array([ 1.01181    ,  0.105534   ,  5.19016    ,  5.05818e-89,  0.0434851  ])
203917  , -1411.28    , array([ 1.01181    ,  0.105534   ,  5.19016    ,  5.05818e-89,  0.0434417  ])
203918  , -1411.28    , array([ 1.01181    ,  0.105534   ,  5.19016    ,  5.05818e-89,  0.0434417  ])
203919  , -1411.29    , array([ 1.01282    ,  0.105534   ,  5.19016    ,  5.05818e-89,  0.0434417  ])
203920  , -1411.28    , array([ 1.01181    ,  0.10564    ,  5.19016    ,  5.05818e-89,  0.0434417  ])
203921  , -1411.28    , array([ 1.01181    ,  0.105534   ,  5.19535    ,  5.05818e-89,  0.0434417  ])
203922  , -1411.28    , array([ 1.01181    ,  0.105534   ,  5.19016    ,  5.06324e-89,  0.0434417  ])
203923  , -1411.28    , array([ 1.01181    ,  0.105534   ,  5.19016    ,  5.05818e-89,  0.0434851  ])
203924  , -1411.28    , array([ 1.01181    ,  0.105534   ,  5.19016    ,  5.05818e-89,  0.0434417  ])
203925  , -1411.28    , array([ 1.01181    ,  0.105534   ,  5.19016    ,  5.05818e-89,  0.0434417  ])
203926  , -1411.29    , array([ 1.01282    ,  0.105534   ,  5.19016    ,  5.05818e-89,  0.0434417  ])
203927  , -1411.28    , array([ 1.01181    ,  0.10564    ,  5.19016    ,  5.05818e-89,  0.0434417  ])
203928  , -1411.28    , array([ 1.01181    ,  0.105534   ,  5.19535    ,  5.05818e-89,  0.0434417  ])
203929  , -1411.28    , array([ 1.01181    ,  0.105534   ,  5.19016    ,  5.06324e-89,  0.0434417  ])
203930  , -1411.28    , array([ 1.01181    ,  0.105534   ,  5.19016    ,  5.05818e-89,  0.0434851  ])
203931  , -1411.28    , array([ 1.01181    ,  0.105534   ,  5.19016    ,  5.05818e-89,  0.0434417  ])
203932  , -1411.28    , array([ 1.01181    ,  0.105534   ,  5.19016    ,  5.05818e-89,  0.0434417  ])
203933  , -1411.29    , array([ 1.01282    ,  0.105534   ,  5.19016    ,  5.05818e-89,  0.0434417  ])
203934  , -1411.28    , array([ 1.01181    ,  0.10564    ,  5.19016    ,  5.05818e-89,  0.0434417  ])
203935  , -1411.28    , array([ 1.01181    ,  0.105534   ,  5.19535    ,  5.05818e-89,  0.0434417  ])
203936  , -1411.28    , array([ 1.01181    ,  0.105534   ,  5.19016    ,  5.06324e-89,  0.0434417  ])
203937  , -1411.28    , array([ 1.01181    ,  0.105534   ,  5.19016    ,  5.05818e-89,  0.0434851  ])
203938  , -1411.28    , array([ 1.01181    ,  0.105534   ,  5.19016    ,  5.05818e-89,  0.0434417  ])
203939  , -1411.28    , array([ 1.01181    ,  0.105534   ,  5.19016    ,  5.05818e-89,  0.0434417  ])
203940  , -1411.29    , array([ 1.01282    ,  0.105534   ,  5.19016    ,  5.05818e-89,  0.0434417  ])
203941  , -1411.28    , array([ 1.01181    ,  0.10564    ,  5.19016    ,  5.05818e-89,  0.0434417  ])
203942  , -1411.28    , array([ 1.01181    ,  0.105534   ,  5.19535    ,  5.05818e-89,  0.0434417  ])
203943  , -1411.28    , array([ 1.01181    ,  0.105534   ,  5.19016    ,  5.06324e-89,  0.0434417  ])
203944  , -1411.28    , array([ 1.01181    ,  0.105534   ,  5.19016    ,  5.05818e-89,  0.0434851  ])
203945  , -1411.28    , array([ 1.01181    ,  0.105534   ,  5.19016    ,  5.05818e-89,  0.0434417  ])
203946  , -1411.28    , array([ 1.01181    ,  0.105534   ,  5.19016    ,  5.05818e-89,  0.0434417  ])
203947  , -1411.29    , array([ 1.01282    ,  0.105534   ,  5.19016    ,  5.05818e-89,  0.0434417  ])
203948  , -1411.28    , array([ 1.01181    ,  0.10564    ,  5.19016    ,  5.05818e-89,  0.0434417  ])
203949  , -1411.28    , array([ 1.01181    ,  0.105534   ,  5.19535    ,  5.05818e-89,  0.0434417  ])
203950  , -1411.28    , array([ 1.01181    ,  0.105534   ,  5.19016    ,  5.06324e-89,  0.0434417  ])
203951  , -1411.28    , array([ 1.01181    ,  0.105534   ,  5.19016    ,  5.05818e-89,  0.0434851  ])
203952  , -1411.28    , array([ 1.01181    ,  0.105534   ,  5.19016    ,  5.05818e-89,  0.0434417  ])
203953  , -1411.28    , array([ 1.01181    ,  0.105534   ,  5.19016    ,  5.05818e-89,  0.0434417  ])
203954  , -1411.29    , array([ 1.01282    ,  0.105534   ,  5.19016    ,  5.05818e-89,  0.0434417  ])
203955  , -1411.28    , array([ 1.01181    ,  0.10564    ,  5.19016    ,  5.05818e-89,  0.0434417  ])
203956  , -1411.28    , array([ 1.01181    ,  0.105534   ,  5.19535    ,  5.05818e-89,  0.0434417  ])
203957  , -1411.28    , array([ 1.01181    ,  0.105534   ,  5.19016    ,  5.06324e-89,  0.0434417  ])
203958  , -1411.28    , array([ 1.01181    ,  0.105534   ,  5.19016    ,  5.05818e-89,  0.0434851  ])
203959  , -1411.28    , array([ 1.01181    ,  0.105534   ,  5.19016    ,  5.05818e-89,  0.0434417  ])
203960  , -1411.28    , array([ 1.01181    ,  0.105534   ,  5.19016    ,  5.05818e-89,  0.0434417  ])
203961  , -1411.29    , array([ 1.01282    ,  0.105534   ,  5.19016    ,  5.05818e-89,  0.0434417  ])
203962  , -1411.28    , array([ 1.01181    ,  0.10564    ,  5.19016    ,  5.05818e-89,  0.0434417  ])
203963  , -1411.28    , array([ 1.01181    ,  0.105534   ,  5.19535    ,  5.05818e-89,  0.0434417  ])
203964  , -1411.28    , array([ 1.01181    ,  0.105534   ,  5.19016    ,  5.06324e-89,  0.0434417  ])
203965  , -1411.28    , array([ 1.01181    ,  0.105534   ,  5.19016    ,  5.05818e-89,  0.0434851  ])
203966  , -1411.28    , array([ 1.01181    ,  0.105534   ,  5.19016    ,  5.05818e-89,  0.0434417  ])
203967  , -1411.28    , array([ 1.01181    ,  0.105534   ,  5.19016    ,  5.05818e-89,  0.0434417  ])
203968  , -1411.29    , array([ 1.01282    ,  0.105534   ,  5.19016    ,  5.05818e-89,  0.0434417  ])
203969  , -1411.28    , array([ 1.01181    ,  0.10564    ,  5.19016    ,  5.05818e-89,  0.0434417  ])
203970  , -1411.28    , array([ 1.01181    ,  0.105534   ,  5.19535    ,  5.05818e-89,  0.0434417  ])
203971  , -1411.28    , array([ 1.01181    ,  0.105534   ,  5.19016    ,  5.06324e-89,  0.0434417  ])
203972  , -1411.28    , array([ 1.01181    ,  0.105534   ,  5.19016    ,  5.05818e-89,  0.0434851  ])
203973  , -1411.28    , array([ 1.01181    ,  0.105534   ,  5.19016    ,  5.05818e-89,  0.0434417  ])
203974  , -1411.28    , array([ 1.01181    ,  0.105534   ,  5.19016    ,  5.05818e-89,  0.0434417  ])
203975  , -1411.29    , array([ 1.01282    ,  0.105534   ,  5.19016    ,  5.05818e-89,  0.0434417  ])
203976  , -1411.28    , array([ 1.01181    ,  0.10564    ,  5.19016    ,  5.05818e-89,  0.0434417  ])
203977  , -1411.28    , array([ 1.01181    ,  0.105534   ,  5.19535    ,  5.05818e-89,  0.0434417  ])
203978  , -1411.28    , array([ 1.01181    ,  0.105534   ,  5.19016    ,  5.06324e-89,  0.0434417  ])
203979  , -1411.28    , array([ 1.01181    ,  0.105534   ,  5.19016    ,  5.05818e-89,  0.0434851  ])
203980  , -1411.28    , array([ 1.01181    ,  0.105534   ,  5.19016    ,  5.05818e-89,  0.0434417  ])
203981  , -1411.28    , array([ 1.01181    ,  0.105534   ,  5.19016    ,  5.05818e-89,  0.0434417  ])
203982  , -1411.29    , array([ 1.01282    ,  0.105534   ,  5.19016    ,  5.05818e-89,  0.0434417  ])
203983  , -1411.28    , array([ 1.01181    ,  0.10564    ,  5.19016    ,  5.05818e-89,  0.0434417  ])
203984  , -1411.28    , array([ 1.01181    ,  0.105534   ,  5.19535    ,  5.05818e-89,  0.0434417  ])
203985  , -1411.28    , array([ 1.01181    ,  0.105534   ,  5.19016    ,  5.06324e-89,  0.0434417  ])
203986  , -1411.28    , array([ 1.01181    ,  0.105534   ,  5.19016    ,  5.05818e-89,  0.0434851  ])
203987  , -1411.28    , array([ 1.01181    ,  0.105534   ,  5.19016    ,  5.05818e-89,  0.0434417  ])
203988  , -1411.28    , array([ 1.01181    ,  0.105534   ,  5.19016    ,  5.05818e-89,  0.0434417  ])
203989  , -1411.29    , array([ 1.01282    ,  0.105534   ,  5.19016    ,  5.05818e-89,  0.0434417  ])
203990  , -1411.28    , array([ 1.01181    ,  0.10564    ,  5.19016    ,  5.05818e-89,  0.0434417  ])
203991  , -1411.28    , array([ 1.01181    ,  0.105534   ,  5.19535    ,  5.05818e-89,  0.0434417  ])
203992  , -1411.28    , array([ 1.01181    ,  0.105534   ,  5.19016    ,  5.06324e-89,  0.0434417  ])
203993  , -1411.28    , array([ 1.01181    ,  0.105534   ,  5.19016    ,  5.05818e-89,  0.0434851  ])
203994  , -1411.28    , array([ 1.01181    ,  0.105534   ,  5.19016    ,  5.05818e-89,  0.0434417  ])
203995  , -1411.28    , array([ 1.01181    ,  0.105534   ,  5.19016    ,  5.05818e-89,  0.0434417  ])
203996  , -1411.29    , array([ 1.01282    ,  0.105534   ,  5.19016    ,  5.05818e-89,  0.0434417  ])
203997  , -1411.28    , array([ 1.01181    ,  0.10564    ,  5.19016    ,  5.05818e-89,  0.0434417  ])
203998  , -1411.28    , array([ 1.01181    ,  0.105534   ,  5.19535    ,  5.05818e-89,  0.0434417  ])
203999  , -1411.28    , array([ 1.01181    ,  0.105534   ,  5.19016    ,  5.06324e-89,  0.0434417  ])
204000  , -1411.28    , array([ 1.01181    ,  0.105534   ,  5.19016    ,  5.05818e-89,  0.0434851  ])
204001  , -1411.28    , array([ 1.01181    ,  0.105534   ,  5.19016    ,  5.05818e-89,  0.0434417  ])
204002  , -1411.28    , array([ 1.01181    ,  0.105534   ,  5.19016    ,  5.05818e-89,  0.0434417  ])
204003  , -1411.29    , array([ 1.01282    ,  0.105534   ,  5.19016    ,  5.05818e-89,  0.0434417  ])
204004  , -1411.28    , array([ 1.01181    ,  0.10564    ,  5.19016    ,  5.05818e-89,  0.0434417  ])
204005  , -1411.28    , array([ 1.01181    ,  0.105534   ,  5.19535    ,  5.05818e-89,  0.0434417  ])
204006  , -1411.28    , array([ 1.01181    ,  0.105534   ,  5.19016    ,  5.06324e-89,  0.0434417  ])
204007  , -1411.28    , array([ 1.01181    ,  0.105534   ,  5.19016    ,  5.05818e-89,  0.0434851  ])
204008  , -1411.28    , array([ 1.01181    ,  0.105534   ,  5.19016    ,  5.05818e-89,  0.0434417  ])
204009  , -1411.28    , array([ 1.01181    ,  0.105534   ,  5.19016    ,  5.05818e-89,  0.0434417  ])
204010  , -1411.29    , array([ 1.01282    ,  0.105534   ,  5.19016    ,  5.05818e-89,  0.0434417  ])
204011  , -1411.28    , array([ 1.01181    ,  0.10564    ,  5.19016    ,  5.05818e-89,  0.0434417  ])
204012  , -1411.28    , array([ 1.01181    ,  0.105534   ,  5.19535    ,  5.05818e-89,  0.0434417  ])
204013  , -1411.28    , array([ 1.01181    ,  0.105534   ,  5.19016    ,  5.06324e-89,  0.0434417  ])
204014  , -1411.28    , array([ 1.01181    ,  0.105534   ,  5.19016    ,  5.05818e-89,  0.0434851  ])
204015  , -1411.28    , array([ 1.01181    ,  0.105534   ,  5.19016    ,  5.05818e-89,  0.0434417  ])
204016  , -1411.28    , array([ 1.01181    ,  0.105534   ,  5.19016    ,  5.05818e-89,  0.0434417  ])
204017  , -1411.29    , array([ 1.01282    ,  0.105534   ,  5.19016    ,  5.05818e-89,  0.0434417  ])
204018  , -1411.28    , array([ 1.01181    ,  0.10564    ,  5.19016    ,  5.05818e-89,  0.0434417  ])
204019  , -1411.28    , array([ 1.01181    ,  0.105534   ,  5.19535    ,  5.05818e-89,  0.0434417  ])
204020  , -1411.28    , array([ 1.01181    ,  0.105534   ,  5.19016    ,  5.06324e-89,  0.0434417  ])
204021  , -1411.28    , array([ 1.01181    ,  0.105534   ,  5.19016    ,  5.05818e-89,  0.0434851  ])
204022  , -1411.28    , array([ 1.01181    ,  0.105534   ,  5.19016    ,  5.05818e-89,  0.0434417  ])
204023  , -1411.28    , array([ 1.01181    ,  0.105534   ,  5.19016    ,  5.05818e-89,  0.0434417  ])
204024  , -1411.29    , array([ 1.01282    ,  0.105534   ,  5.19016    ,  5.05818e-89,  0.0434417  ])
204025  , -1411.28    , array([ 1.01181    ,  0.10564    ,  5.19016    ,  5.05818e-89,  0.0434417  ])
204026  , -1411.28    , array([ 1.01181    ,  0.105534   ,  5.19535    ,  5.05818e-89,  0.0434417  ])
204027  , -1411.28    , array([ 1.01181    ,  0.105534   ,  5.19016    ,  5.06324e-89,  0.0434417  ])
204028  , -1411.28    , array([ 1.01181    ,  0.105534   ,  5.19016    ,  5.05818e-89,  0.0434851  ])
204029  , -1411.28    , array([ 1.01181    ,  0.105534   ,  5.19016    ,  5.05818e-89,  0.0434417  ])
204030  , -1411.28    , array([ 1.01181    ,  0.105534   ,  5.19016    ,  5.05818e-89,  0.0434417  ])
204031  , -1411.29    , array([ 1.01282    ,  0.105534   ,  5.19016    ,  5.05818e-89,  0.0434417  ])
204032  , -1411.28    , array([ 1.01181    ,  0.10564    ,  5.19016    ,  5.05818e-89,  0.0434417  ])
204033  , -1411.28    , array([ 1.01181    ,  0.105534   ,  5.19535    ,  5.05818e-89,  0.0434417  ])
204034  , -1411.28    , array([ 1.01181    ,  0.105534   ,  5.19016    ,  5.06324e-89,  0.0434417  ])
204035  , -1411.28    , array([ 1.01181    ,  0.105534   ,  5.19016    ,  5.05818e-89,  0.0434851  ])
204036  , -1411.28    , array([ 1.01181    ,  0.105534   ,  5.19016    ,  5.05818e-89,  0.0434417  ])
204037  , -1411.28    , array([ 1.01181    ,  0.105534   ,  5.19016    ,  5.05818e-89,  0.0434417  ])
204038  , -1411.29    , array([ 1.01282    ,  0.105534   ,  5.19016    ,  5.05818e-89,  0.0434417  ])
204039  , -1411.28    , array([ 1.01181    ,  0.10564    ,  5.19016    ,  5.05818e-89,  0.0434417  ])
204040  , -1411.28    , array([ 1.01181    ,  0.105534   ,  5.19535    ,  5.05818e-89,  0.0434417  ])
204041  , -1411.28    , array([ 1.01181    ,  0.105534   ,  5.19016    ,  5.06324e-89,  0.0434417  ])
204042  , -1411.28    , array([ 1.01181    ,  0.105534   ,  5.19016    ,  5.05818e-89,  0.0434851  ])
204043  , -1411.28    , array([ 1.01181    ,  0.105534   ,  5.19016    ,  5.05818e-89,  0.0434417  ])
204044  , -1411.28    , array([ 1.01181    ,  0.105534   ,  5.19016    ,  5.05818e-89,  0.0434417  ])
204045  , -1411.29    , array([ 1.01282    ,  0.105534   ,  5.19016    ,  5.05818e-89,  0.0434417  ])
204046  , -1411.28    , array([ 1.01181    ,  0.10564    ,  5.19016    ,  5.05818e-89,  0.0434417  ])
204047  , -1411.28    , array([ 1.01181    ,  0.105534   ,  5.19535    ,  5.05818e-89,  0.0434417  ])
204048  , -1411.28    , array([ 1.01181    ,  0.105534   ,  5.19016    ,  5.06324e-89,  0.0434417  ])
204049  , -1411.28    , array([ 1.01181    ,  0.105534   ,  5.19016    ,  5.05818e-89,  0.0434851  ])
204050  , -1411.28    , array([ 1.01181    ,  0.105534   ,  5.19016    ,  5.05818e-89,  0.0434417  ])
204051  , -1411.28    , array([ 1.01181    ,  0.105534   ,  5.19016    ,  5.05818e-89,  0.0434417  ])
204052  , -1411.29    , array([ 1.01282    ,  0.105534   ,  5.19016    ,  5.05818e-89,  0.0434417  ])
204053  , -1411.28    , array([ 1.01181    ,  0.10564    ,  5.19016    ,  5.05818e-89,  0.0434417  ])
204054  , -1411.28    , array([ 1.01181    ,  0.105534   ,  5.19535    ,  5.05818e-89,  0.0434417  ])
204055  , -1411.28    , array([ 1.01181    ,  0.105534   ,  5.19016    ,  5.06324e-89,  0.0434417  ])
204056  , -1411.28    , array([ 1.01181    ,  0.105534   ,  5.19016    ,  5.05818e-89,  0.0434851  ])
204057  , -1411.28    , array([ 1.01181    ,  0.105534   ,  5.19016    ,  5.05818e-89,  0.0434417  ])
204058  , -1411.28    , array([ 1.01181    ,  0.105534   ,  5.19016    ,  5.05818e-89,  0.0434417  ])
204059  , -1411.29    , array([ 1.01282    ,  0.105534   ,  5.19016    ,  5.05818e-89,  0.0434417  ])
204060  , -1411.28    , array([ 1.01181    ,  0.10564    ,  5.19016    ,  5.05818e-89,  0.0434417  ])
204061  , -1411.28    , array([ 1.01181    ,  0.105534   ,  5.19535    ,  5.05818e-89,  0.0434417  ])
204062  , -1411.28    , array([ 1.01181    ,  0.105534   ,  5.19016    ,  5.06324e-89,  0.0434417  ])
204063  , -1411.28    , array([ 1.01181    ,  0.105534   ,  5.19016    ,  5.05818e-89,  0.0434851  ])
204064  , -1411.28    , array([ 1.01181    ,  0.105534   ,  5.19016    ,  5.05818e-89,  0.0434417  ])
204065  , -1411.28    , array([ 1.01181    ,  0.105534   ,  5.19016    ,  5.05818e-89,  0.0434417  ])
204066  , -1411.29    , array([ 1.01282    ,  0.105534   ,  5.19016    ,  5.05818e-89,  0.0434417  ])
204067  , -1411.28    , array([ 1.01181    ,  0.10564    ,  5.19016    ,  5.05818e-89,  0.0434417  ])
204068  , -1411.28    , array([ 1.01181    ,  0.105534   ,  5.19535    ,  5.05818e-89,  0.0434417  ])
204069  , -1411.28    , array([ 1.01181    ,  0.105534   ,  5.19016    ,  5.06324e-89,  0.0434417  ])
204070  , -1411.28    , array([ 1.01181    ,  0.105534   ,  5.19016    ,  5.05818e-89,  0.0434851  ])
204071  , -1411.28    , array([ 1.01181    ,  0.105534   ,  5.19016    ,  5.05818e-89,  0.0434417  ])
204072  , -1411.28    , array([ 1.01181    ,  0.105534   ,  5.19016    ,  5.05818e-89,  0.0434417  ])
204073  , -1411.29    , array([ 1.01282    ,  0.105534   ,  5.19016    ,  5.05818e-89,  0.0434417  ])
204074  , -1411.28    , array([ 1.01181    ,  0.10564    ,  5.19016    ,  5.05818e-89,  0.0434417  ])
204075  , -1411.28    , array([ 1.01181    ,  0.105534   ,  5.19535    ,  5.05818e-89,  0.0434417  ])
204076  , -1411.28    , array([ 1.01181    ,  0.105534   ,  5.19016    ,  5.06324e-89,  0.0434417  ])
204077  , -1411.28    , array([ 1.01181    ,  0.105534   ,  5.19016    ,  5.05818e-89,  0.0434851  ])
204078  , -1411.28    , array([ 1.01181    ,  0.105534   ,  5.19016    ,  5.05818e-89,  0.0434417  ])
204079  , -1411.28    , array([ 1.01181    ,  0.105534   ,  5.19016    ,  5.05818e-89,  0.0434417  ])
204080  , -1411.29    , array([ 1.01282    ,  0.105534   ,  5.19016    ,  5.05818e-89,  0.0434417  ])
204081  , -1411.28    , array([ 1.01181    ,  0.10564    ,  5.19016    ,  5.05818e-89,  0.0434417  ])
204082  , -1411.28    , array([ 1.01181    ,  0.105534   ,  5.19535    ,  5.05818e-89,  0.0434417  ])
204083  , -1411.28    , array([ 1.01181    ,  0.105534   ,  5.19016    ,  5.06324e-89,  0.0434417  ])
204084  , -1411.28    , array([ 1.01181    ,  0.105534   ,  5.19016    ,  5.05818e-89,  0.0434851  ])
204085  , -1411.28    , array([ 1.01181    ,  0.105534   ,  5.19016    ,  5.05818e-89,  0.0434417  ])
204086  , -1411.28    , array([ 1.01181    ,  0.105534   ,  5.19016    ,  5.05818e-89,  0.0434417  ])
204087  , -1411.29    , array([ 1.01282    ,  0.105534   ,  5.19016    ,  5.05818e-89,  0.0434417  ])
204088  , -1411.28    , array([ 1.01181    ,  0.10564    ,  5.19016    ,  5.05818e-89,  0.0434417  ])
204089  , -1411.28    , array([ 1.01181    ,  0.105534   ,  5.19535    ,  5.05818e-89,  0.0434417  ])
204090  , -1411.28    , array([ 1.01181    ,  0.105534   ,  5.19016    ,  5.06324e-89,  0.0434417  ])
204091  , -1411.28    , array([ 1.01181    ,  0.105534   ,  5.19016    ,  5.05818e-89,  0.0434851  ])
204092  , -1411.28    , array([ 1.01181    ,  0.105534   ,  5.19016    ,  5.05818e-89,  0.0434417  ])
204093  , -1411.28    , array([ 1.01181    ,  0.105534   ,  5.19016    ,  5.05818e-89,  0.0434417  ])
204094  , -1411.29    , array([ 1.01282    ,  0.105534   ,  5.19016    ,  5.05818e-89,  0.0434417  ])
204095  , -1411.28    , array([ 1.01181    ,  0.10564    ,  5.19016    ,  5.05818e-89,  0.0434417  ])
204096  , -1411.28    , array([ 1.01181    ,  0.105534   ,  5.19535    ,  5.05818e-89,  0.0434417  ])
204097  , -1411.28    , array([ 1.01181    ,  0.105534   ,  5.19016    ,  5.06324e-89,  0.0434417  ])
204098  , -1411.28    , array([ 1.01181    ,  0.105534   ,  5.19016    ,  5.05818e-89,  0.0434851  ])
204099  , -1411.28    , array([ 1.01181    ,  0.105534   ,  5.19016    ,  5.05818e-89,  0.0434417  ])
204100  , -1411.28    , array([ 1.01181    ,  0.105534   ,  5.19016    ,  5.05818e-89,  0.0434417  ])
204101  , -1411.29    , array([ 1.01282    ,  0.105534   ,  5.19016    ,  5.05818e-89,  0.0434417  ])
204102  , -1411.28    , array([ 1.01181    ,  0.10564    ,  5.19016    ,  5.05818e-89,  0.0434417  ])
204103  , -1411.28    , array([ 1.01181    ,  0.105534   ,  5.19535    ,  5.05818e-89,  0.0434417  ])
204104  , -1411.28    , array([ 1.01181    ,  0.105534   ,  5.19016    ,  5.06324e-89,  0.0434417  ])
204105  , -1411.28    , array([ 1.01181    ,  0.105534   ,  5.19016    ,  5.05818e-89,  0.0434851  ])
204106  , -1411.28    , array([ 1.01181    ,  0.105534   ,  5.19016    ,  5.05818e-89,  0.0434417  ])
204107  , -1411.28    , array([ 1.01181    ,  0.105534   ,  5.19016    ,  5.05818e-89,  0.0434417  ])
204108  , -1411.29    , array([ 1.01282    ,  0.105534   ,  5.19016    ,  5.05818e-89,  0.0434417  ])
204109  , -1411.28    , array([ 1.01181    ,  0.10564    ,  5.19016    ,  5.05818e-89,  0.0434417  ])
204110  , -1411.28    , array([ 1.01181    ,  0.105534   ,  5.19535    ,  5.05818e-89,  0.0434417  ])
204111  , -1411.28    , array([ 1.01181    ,  0.105534   ,  5.19016    ,  5.06324e-89,  0.0434417  ])
204112  , -1411.28    , array([ 1.01181    ,  0.105534   ,  5.19016    ,  5.05818e-89,  0.0434851  ])
204113  , -1411.28    , array([ 1.01181    ,  0.105534   ,  5.19016    ,  5.05818e-89,  0.0434417  ])
204114  , -1411.28    , array([ 1.01181    ,  0.105534   ,  5.19016    ,  5.05818e-89,  0.0434417  ])
204115  , -1411.29    , array([ 1.01282    ,  0.105534   ,  5.19016    ,  5.05818e-89,  0.0434417  ])
204116  , -1411.28    , array([ 1.01181    ,  0.10564    ,  5.19016    ,  5.05818e-89,  0.0434417  ])
204117  , -1411.28    , array([ 1.01181    ,  0.105534   ,  5.19535    ,  5.05818e-89,  0.0434417  ])
204118  , -1411.28    , array([ 1.01181    ,  0.105534   ,  5.19016    ,  5.06324e-89,  0.0434417  ])
204119  , -1411.28    , array([ 1.01181    ,  0.105534   ,  5.19016    ,  5.05818e-89,  0.0434851  ])
204120  , -1411.28    , array([ 1.01181    ,  0.105534   ,  5.19016    ,  5.05818e-89,  0.0434417  ])
204121  , -1411.28    , array([ 1.01181    ,  0.105534   ,  5.19016    ,  5.05818e-89,  0.0434417  ])
204122  , -1411.29    , array([ 1.01282    ,  0.105534   ,  5.19016    ,  5.05818e-89,  0.0434417  ])
204123  , -1411.28    , array([ 1.01181    ,  0.10564    ,  5.19016    ,  5.05818e-89,  0.0434417  ])
204124  , -1411.28    , array([ 1.01181    ,  0.105534   ,  5.19535    ,  5.05818e-89,  0.0434417  ])
204125  , -1411.28    , array([ 1.01181    ,  0.105534   ,  5.19016    ,  5.06324e-89,  0.0434417  ])
204126  , -1411.28    , array([ 1.01181    ,  0.105534   ,  5.19016    ,  5.05818e-89,  0.0434851  ])
204127  , -1411.28    , array([ 1.01181    ,  0.105534   ,  5.19016    ,  5.05818e-89,  0.0434417  ])
204128  , -1411.28    , array([ 1.01181    ,  0.105534   ,  5.19016    ,  5.05818e-89,  0.0434417  ])
204129  , -1411.29    , array([ 1.01282    ,  0.105534   ,  5.19016    ,  5.05818e-89,  0.0434417  ])
204130  , -1411.28    , array([ 1.01181    ,  0.10564    ,  5.19016    ,  5.05818e-89,  0.0434417  ])
204131  , -1411.28    , array([ 1.01181    ,  0.105534   ,  5.19535    ,  5.05818e-89,  0.0434417  ])
204132  , -1411.28    , array([ 1.01181    ,  0.105534   ,  5.19016    ,  5.06324e-89,  0.0434417  ])
204133  , -1411.28    , array([ 1.01181    ,  0.105534   ,  5.19016    ,  5.05818e-89,  0.0434851  ])
204134  , -1411.28    , array([ 1.01181    ,  0.105534   ,  5.19016    ,  5.05818e-89,  0.0434417  ])
204135  , -1411.28    , array([ 1.01181    ,  0.105534   ,  5.19016    ,  5.05818e-89,  0.0434417  ])
204136  , -1411.29    , array([ 1.01282    ,  0.105534   ,  5.19016    ,  5.05818e-89,  0.0434417  ])
204137  , -1411.28    , array([ 1.01181    ,  0.10564    ,  5.19016    ,  5.05818e-89,  0.0434417  ])
204138  , -1411.28    , array([ 1.01181    ,  0.105534   ,  5.19535    ,  5.05818e-89,  0.0434417  ])
204139  , -1411.28    , array([ 1.01181    ,  0.105534   ,  5.19016    ,  5.06324e-89,  0.0434417  ])
204140  , -1411.28    , array([ 1.01181    ,  0.105534   ,  5.19016    ,  5.05818e-89,  0.0434851  ])
204141  , -1411.28    , array([ 1.01181    ,  0.105534   ,  5.19016    ,  5.05818e-89,  0.0434417  ])
204142  , -1411.28    , array([ 1.01181    ,  0.105534   ,  5.19016    ,  5.05818e-89,  0.0434417  ])
204143  , -1411.29    , array([ 1.01282    ,  0.105534   ,  5.19016    ,  5.05818e-89,  0.0434417  ])
204144  , -1411.28    , array([ 1.01181    ,  0.10564    ,  5.19016    ,  5.05818e-89,  0.0434417  ])
204145  , -1411.28    , array([ 1.01181    ,  0.105534   ,  5.19535    ,  5.05818e-89,  0.0434417  ])
204146  , -1411.28    , array([ 1.01181    ,  0.105534   ,  5.19016    ,  5.06324e-89,  0.0434417  ])
204147  , -1411.28    , array([ 1.01181    ,  0.105534   ,  5.19016    ,  5.05818e-89,  0.0434851  ])
204148  , -1411.28    , array([ 1.01181    ,  0.105534   ,  5.19016    ,  5.05818e-89,  0.0434417  ])
204149  , -1411.28    , array([ 1.01181    ,  0.105534   ,  5.19016    ,  5.05818e-89,  0.0434417  ])
204150  , -1411.29    , array([ 1.01282    ,  0.105534   ,  5.19016    ,  5.05818e-89,  0.0434417  ])
204151  , -1411.28    , array([ 1.01181    ,  0.10564    ,  5.19016    ,  5.05818e-89,  0.0434417  ])
204152  , -1411.28    , array([ 1.01181    ,  0.105534   ,  5.19535    ,  5.05818e-89,  0.0434417  ])
204153  , -1411.28    , array([ 1.01181    ,  0.105534   ,  5.19016    ,  5.06324e-89,  0.0434417  ])
204154  , -1411.28    , array([ 1.01181    ,  0.105534   ,  5.19016    ,  5.05818e-89,  0.0434851  ])
204155  , -1411.28    , array([ 1.01181    ,  0.105534   ,  5.19016    ,  5.05818e-89,  0.0434417  ])
204156  , -1411.28    , array([ 1.01181    ,  0.105534   ,  5.19016    ,  5.05818e-89,  0.0434417  ])
204157  , -1411.29    , array([ 1.01282    ,  0.105534   ,  5.19016    ,  5.05818e-89,  0.0434417  ])
204158  , -1411.28    , array([ 1.01181    ,  0.10564    ,  5.19016    ,  5.05818e-89,  0.0434417  ])
204159  , -1411.28    , array([ 1.01181    ,  0.105534   ,  5.19535    ,  5.05818e-89,  0.0434417  ])
204160  , -1411.28    , array([ 1.01181    ,  0.105534   ,  5.19016    ,  5.06324e-89,  0.0434417  ])
204161  , -1411.28    , array([ 1.01181    ,  0.105534   ,  5.19016    ,  5.05818e-89,  0.0434851  ])
204162  , -1411.28    , array([ 1.01181    ,  0.105534   ,  5.19016    ,  5.05818e-89,  0.0434417  ])
204163  , -1411.28    , array([ 1.01181    ,  0.105534   ,  5.19016    ,  5.05818e-89,  0.0434417  ])
204164  , -1411.29    , array([ 1.01282    ,  0.105534   ,  5.19016    ,  5.05818e-89,  0.0434417  ])
204165  , -1411.28    , array([ 1.01181    ,  0.10564    ,  5.19016    ,  5.05818e-89,  0.0434417  ])
204166  , -1411.28    , array([ 1.01181    ,  0.105534   ,  5.19535    ,  5.05818e-89,  0.0434417  ])
204167  , -1411.28    , array([ 1.01181    ,  0.105534   ,  5.19016    ,  5.06324e-89,  0.0434417  ])
204168  , -1411.28    , array([ 1.01181    ,  0.105534   ,  5.19016    ,  5.05818e-89,  0.0434851  ])
204169  , -1411.28    , array([ 1.01181    ,  0.105534   ,  5.19016    ,  5.05818e-89,  0.0434417  ])
204170  , -1411.28    , array([ 1.01181    ,  0.105534   ,  5.19016    ,  5.05818e-89,  0.0434417  ])
204171  , -1411.29    , array([ 1.01282    ,  0.105534   ,  5.19016    ,  5.05818e-89,  0.0434417  ])
204172  , -1411.28    , array([ 1.01181    ,  0.10564    ,  5.19016    ,  5.05818e-89,  0.0434417  ])
204173  , -1411.28    , array([ 1.01181    ,  0.105534   ,  5.19535    ,  5.05818e-89,  0.0434417  ])
204174  , -1411.28    , array([ 1.01181    ,  0.105534   ,  5.19016    ,  5.06324e-89,  0.0434417  ])
204175  , -1411.28    , array([ 1.01181    ,  0.105534   ,  5.19016    ,  5.05818e-89,  0.0434851  ])
204176  , -1411.28    , array([ 1.01181    ,  0.105534   ,  5.19016    ,  5.05818e-89,  0.0434417  ])
204177  , -1411.28    , array([ 1.01181    ,  0.105534   ,  5.19016    ,  5.05818e-89,  0.0434417  ])
204178  , -1411.29    , array([ 1.01282    ,  0.105534   ,  5.19016    ,  5.05818e-89,  0.0434417  ])
204179  , -1411.28    , array([ 1.01181    ,  0.10564    ,  5.19016    ,  5.05818e-89,  0.0434417  ])
204180  , -1411.28    , array([ 1.01181    ,  0.105534   ,  5.19535    ,  5.05818e-89,  0.0434417  ])
204181  , -1411.28    , array([ 1.01181    ,  0.105534   ,  5.19016    ,  5.06324e-89,  0.0434417  ])
204182  , -1411.28    , array([ 1.01181    ,  0.105534   ,  5.19016    ,  5.05818e-89,  0.0434851  ])
204183  , -1411.28    , array([ 1.01181    ,  0.105534   ,  5.19016    ,  5.05818e-89,  0.0434417  ])
204184  , -1411.28    , array([ 1.01181    ,  0.105534   ,  5.19016    ,  5.05818e-89,  0.0434417  ])
204185  , -1411.29    , array([ 1.01282    ,  0.105534   ,  5.19016    ,  5.05818e-89,  0.0434417  ])
204186  , -1411.28    , array([ 1.01181    ,  0.10564    ,  5.19016    ,  5.05818e-89,  0.0434417  ])
204187  , -1411.28    , array([ 1.01181    ,  0.105534   ,  5.19535    ,  5.05818e-89,  0.0434417  ])
204188  , -1411.28    , array([ 1.01181    ,  0.105534   ,  5.19016    ,  5.06324e-89,  0.0434417  ])
204189  , -1411.28    , array([ 1.01181    ,  0.105534   ,  5.19016    ,  5.05818e-89,  0.0434851  ])
204190  , -1411.28    , array([ 1.01181    ,  0.105534   ,  5.19016    ,  5.05818e-89,  0.0434417  ])
204191  , -1411.28    , array([ 1.01181    ,  0.105534   ,  5.19016    ,  5.05818e-89,  0.0434417  ])
204192  , -1411.29    , array([ 1.01282    ,  0.105534   ,  5.19016    ,  5.05818e-89,  0.0434417  ])
204193  , -1411.28    , array([ 1.01181    ,  0.10564    ,  5.19016    ,  5.05818e-89,  0.0434417  ])
204194  , -1411.28    , array([ 1.01181    ,  0.105534   ,  5.19535    ,  5.05818e-89,  0.0434417  ])
204195  , -1411.28    , array([ 1.01181    ,  0.105534   ,  5.19016    ,  5.06324e-89,  0.0434417  ])
204196  , -1411.28    , array([ 1.01181    ,  0.105534   ,  5.19016    ,  5.05818e-89,  0.0434851  ])
204197  , -1411.28    , array([ 1.01158    ,  0.105526   ,  5.19062    ,  5.05818e-89,  0.0434382  ])
204198  , -1411.28    , array([ 1.01171    ,  0.105531   ,  5.19036    ,  5.05818e-89,  0.0434402  ])
204199  , -1411.28    , array([ 1.01178    ,  0.105533   ,  5.19023    ,  5.05818e-89,  0.0434411  ])
204200  , -1411.28    , array([ 1.0118     ,  0.105534   ,  5.19019    ,  5.05818e-89,  0.0434415  ])
204201  , -1411.28    , array([ 1.01181    ,  0.105534   ,  5.19017    ,  5.05818e-89,  0.0434416  ])
204202  , -1411.28    , array([ 1.01181    ,  0.105534   ,  5.19016    ,  5.05818e-89,  0.0434417  ])
204203  , -1411.28    , array([ 1.01181    ,  0.105534   ,  5.19016    ,  5.05818e-89,  0.0434417  ])
204204  , -1411.28    , array([ 1.01181    ,  0.105534   ,  5.19016    ,  5.05818e-89,  0.0434417  ])
204205  , -1411.28    , array([ 1.01181    ,  0.105534   ,  5.19016    ,  5.05818e-89,  0.0434417  ])
204206  , -1411.28    , array([ 1.01181    ,  0.105534   ,  5.19016    ,  5.05818e-89,  0.0434417  ])
204207  , -1411.28    , array([ 1.01181    ,  0.105534   ,  5.19016    ,  5.05818e-89,  0.0434417  ])
204208  , -1411.28    , array([ 1.01181    ,  0.105534   ,  5.19016    ,  5.05818e-89,  0.0434417  ])
