30682   , -79089.4    , array([ 1.93226    ,  2.58239    ,  1.68525e-80,  6.97706e-05,  9.49448e-44])
30683   , -79089.4    , array([ 1.93226    ,  2.58239    ,  1.68525e-80,  6.97706e-05,  9.49448e-44])
30684   , -79089.4    , array([ 2.93226    ,  2.58239    ,  1.68525e-80,  6.97706e-05,  9.49448e-44])
30685   , -79089.4    , array([ 4.5503     ,  2.58239    ,  1.68525e-80,  6.97706e-05,  9.49448e-44])
30686   , -79089.4    , array([ 2.93226    ,  2.58239    ,  1.68525e-80,  6.97706e-05,  9.49448e-44])
30687   , -79089.4    , array([ 3.5503     ,  2.58239    ,  1.68525e-80,  6.97706e-05,  9.49448e-44])
30688   , -79089.4    , array([ 3.93226    ,  2.58239    ,  1.68525e-80,  6.97706e-05,  9.49448e-44])
30689   , -79089.4    , array([ 4.16833    ,  2.58239    ,  1.68525e-80,  6.97706e-05,  9.49448e-44])
30690   , -79089.4    , array([ 4.31423    ,  2.58239    ,  1.68525e-80,  6.97706e-05,  9.49448e-44])
30691   , -79089.4    , array([ 4.4044     ,  2.58239    ,  1.68525e-80,  6.97706e-05,  9.49448e-44])
30692   , -79089.4    , array([ 4.46013    ,  2.58239    ,  1.68525e-80,  6.97706e-05,  9.49448e-44])
30693   , -79089.4    , array([ 4.49457    ,  2.58239    ,  1.68525e-80,  6.97706e-05,  9.49448e-44])
30694   , -79089.4    , array([ 4.52019    ,  2.58239    ,  1.68525e-80,  6.97706e-05,  9.49448e-44])
30695   , -79089.4    , array([ 4.52019    ,  2.58239    ,  1.68525e-80,  6.97706e-05,  9.49448e-44])
30696   , -79089.4    , array([ 4.52019    ,  3.58239    ,  1.68525e-80,  6.97706e-05,  9.49448e-44])
30697   , -79089.4    , array([ 4.52019    ,  5.20043    ,  1.68525e-80,  6.97706e-05,  9.49448e-44])
30698   , -79089.4    , array([ 4.52019    ,  3.58239    ,  1.68525e-80,  6.97706e-05,  9.49448e-44])
30699   , -79089.4    , array([ 4.52019    ,  4.20043    ,  1.68525e-80,  6.97706e-05,  9.49448e-44])
30700   , -79089.4    , array([ 4.52019    ,  4.58239    ,  1.68525e-80,  6.97706e-05,  9.49448e-44])
30701   , -79089.4    , array([ 4.52019    ,  4.81846    ,  1.68525e-80,  6.97706e-05,  9.49448e-44])
30702   , -79089.4    , array([ 4.52019    ,  4.96436    ,  1.68525e-80,  6.97706e-05,  9.49448e-44])
30703   , -79089.4    , array([ 4.52019    ,  5.05453    ,  1.68525e-80,  6.97706e-05,  9.49448e-44])
30704   , -79089.4    , array([ 4.52019    ,  5.11026    ,  1.68525e-80,  6.97706e-05,  9.49448e-44])
30705   , -79089.4    , array([ 4.52019    ,  5.1447     ,  1.68525e-80,  6.97706e-05,  9.49448e-44])
30706   , -79089.4    , array([ 4.52019    ,  5.17032    ,  1.68525e-80,  6.97706e-05,  9.49448e-44])
30707   , -79089.4    , array([ 4.52019    ,  5.17032    ,  1.68525e-80,  6.97706e-05,  9.49448e-44])
30708   , -79089.4    , array([ 4.52019    ,  5.17032    ,  1          ,  6.97706e-05,  9.49448e-44])
30709   , -79089.4    , array([ 4.52019    ,  5.17032    ,  2.61803    ,  6.97706e-05,  9.49448e-44])
30710   , -79089.4    , array([ 4.52019    ,  5.17032    ,  1          ,  6.97706e-05,  9.49448e-44])
30711   , -79089.4    , array([ 4.52019    ,  5.17032    ,  1.61803    ,  6.97706e-05,  9.49448e-44])
30712   , -79089.4    , array([ 4.52019    ,  5.17032    ,  2          ,  6.97706e-05,  9.49448e-44])
30713   , -79089.4    , array([ 4.52019    ,  5.17032    ,  2.23607    ,  6.97706e-05,  9.49448e-44])
30714   , -79089.4    , array([ 4.52019    ,  5.17032    ,  2.38197    ,  6.97706e-05,  9.49448e-44])
30715   , -79089.4    , array([ 4.52019    ,  5.17032    ,  2.47214    ,  6.97706e-05,  9.49448e-44])
30716   , -79089.4    , array([ 4.52019    ,  5.17032    ,  2.52786    ,  6.97706e-05,  9.49448e-44])
30717   , -79089.4    , array([ 4.52019    ,  5.17032    ,  2.56231    ,  6.97706e-05,  9.49448e-44])
30718   , -79089.4    , array([ 4.52019    ,  5.17032    ,  2.58793    ,  6.97706e-05,  9.49448e-44])
30719   , -79089.4    , array([ 4.52019    ,  5.17032    ,  2.58793    ,  6.97706e-05,  9.49448e-44])
30720   , -79089.4    , array([ 4.52019    ,  5.17032    ,  2.58793    ,  1.00007    ,  9.49448e-44])
30721   , -79089.4    , array([ 4.52019    ,  5.17032    ,  2.58793    ,  2.6181     ,  9.49448e-44])
30722   , -79089.4    , array([ 4.52019    ,  5.17032    ,  2.58793    ,  1.00007    ,  9.49448e-44])
30723   , -79089.4    , array([ 4.52019    ,  5.17032    ,  2.58793    ,  1.6181     ,  9.49448e-44])
30724   , -79089.4    , array([ 4.52019    ,  5.17032    ,  2.58793    ,  2.00007    ,  9.49448e-44])
30725   , -79089.4    , array([ 4.52019    ,  5.17032    ,  2.58793    ,  2.23614    ,  9.49448e-44])
30726   , -79089.4    , array([ 4.52019    ,  5.17032    ,  2.58793    ,  2.38204    ,  9.49448e-44])
30727   , -79089.4    , array([ 4.52019    ,  5.17032    ,  2.58793    ,  2.47221    ,  9.49448e-44])
30728   , -79089.4    , array([ 4.52019    ,  5.17032    ,  2.58793    ,  2.52793    ,  9.49448e-44])
30729   , -79089.4    , array([ 4.52019    ,  5.17032    ,  2.58793    ,  2.56238    ,  9.49448e-44])
30730   , -79089.4    , array([ 4.52019    ,  5.17032    ,  2.58793    ,  2.588      ,  9.49448e-44])
30731   , -79089.4    , array([ 4.52019    ,  5.17032    ,  2.58793    ,  2.588      ,  9.49448e-44])
30732   , -74062.8    , array([ 4.52019    ,  5.17032    ,  2.58793    ,  2.588      ,  1          ])
30733   , -73354.9    , array([ 4.52019    ,  5.17032    ,  2.58793    ,  2.588      ,  2.61803    ])
30734   , -74641.3    , array([ 4.52019    ,  5.17032    ,  2.58793    ,  2.588      ,  1.93381    ])
30735   , -74062.8    , array([ 4.52019    ,  5.17032    ,  2.58793    ,  2.588      ,  1          ])
30736   , -71316.6    , array([ 4.52019    ,  5.17032    ,  2.58793    ,  2.588      ,  0.618034   ])
30737   , -67688.1    , array([ 4.52019    ,  5.17032    ,  2.58793    ,  2.588      ,  0.381966   ])
30738   , -64642.9    , array([ 4.52019    ,  5.17032    ,  2.58793    ,  2.588      ,  0.236068   ])
30739   , -63435      , array([ 4.52019    ,  5.17032    ,  2.58793    ,  2.588      ,  0.145898   ])
30740   , -64327.7    , array([ 4.52019    ,  5.17032    ,  2.58793    ,  2.588      ,  0.09017    ])
30741   , -63481.6    , array([ 4.52019    ,  5.17032    ,  2.58793    ,  2.588      ,  0.157762   ])
30742   , -63433.2    , array([ 4.52019    ,  5.17032    ,  2.58793    ,  2.588      ,  0.144439   ])
30743   , -63432.3    , array([ 4.52019    ,  5.17032    ,  2.58793    ,  2.588      ,  0.142137   ])
30744   , -63538.5    , array([ 4.52019    ,  5.17032    ,  2.58793    ,  2.588      ,  0.122287   ])
30745   , -63432.9    , array([ 4.52019    ,  5.17032    ,  2.58793    ,  2.588      ,  0.140715   ])
30746   , -84389      , array([ 7.10812    ,  7.75825    ,  5.17586    ,  5.17593    ,  0.284274   ])
30747   , -63432.3    , array([ 4.52019    ,  5.17032    ,  2.58793    ,  2.588      ,  0.142137   ])
30748   , -65217      , array([ 5.52019    ,  5.17032    ,  2.58793    ,  2.588      ,  0.142137   ])
30749   , -58901.1    , array([ 2.90216    ,  5.17032    ,  2.58793    ,  2.588      ,  0.142137   ])
30750   , -56182.4    , array([ 0.284122   ,  5.17032    ,  2.58793    ,  2.588      ,  0.142137   ])
30751   , -52347.8    , array([ 0.34492    ,  5.17032    ,  2.58793    ,  2.588      ,  0.142137   ])
30752   , -52347.8    , array([ 0.34492    ,  5.17032    ,  2.58793    ,  2.588      ,  0.142137   ])
30753   , -50398.9    , array([ 1.3217     ,  5.17032    ,  2.58793    ,  2.588      ,  0.142137   ])
30754   , -54317.7    , array([ 1.92538    ,  5.17032    ,  2.58793    ,  2.588      ,  0.142137   ])
30755   , -48291.4    , array([ 1.01909    ,  5.17032    ,  2.58793    ,  2.588      ,  0.142137   ])
30756   , -47615      , array([ 0.908374   ,  5.17032    ,  2.58793    ,  2.588      ,  0.142137   ])
30757   , -46858.2    , array([ 0.693154   ,  5.17032    ,  2.58793    ,  2.588      ,  0.142137   ])
30758   , -47137.8    , array([ 0.579699   ,  5.17032    ,  2.58793    ,  2.588      ,  0.142137   ])
30759   , -46903.5    , array([ 0.731424   ,  5.17032    ,  2.58793    ,  2.588      ,  0.142137   ])
30760   , -46873.3    , array([ 0.654884   ,  5.17032    ,  2.58793    ,  2.588      ,  0.142137   ])
30761   , -46858.2    , array([ 0.693154   ,  5.17032    ,  2.58793    ,  2.588      ,  0.142137   ])
30762   , -48034      , array([ 0.693154   ,  6.17032    ,  2.58793    ,  2.588      ,  0.142137   ])
30763   , -43754      , array([ 0.693154   ,  3.55229    ,  2.58793    ,  2.588      ,  0.142137   ])
30764   , -24820      , array([ 0.693154   ,  0.934255   ,  2.58793    ,  2.588      ,  0.142137   ])
30766   , -24820      , array([ 0.693154   ,  0.934255   ,  2.58793    ,  2.588      ,  0.142137   ])
30768   , -36663.2    , array([ 0.693154   ,  1.93426    ,  2.58793    ,  2.588      ,  0.142137   ])
30769   , -32178.8    , array([ 0.693154   ,  1.434      ,  2.58793    ,  2.588      ,  0.142137   ])
30770   , -6890.07    , array([ 0.693154   ,  0.316221   ,  2.58793    ,  2.588      ,  0.142137   ])
30772   , -15268.1    , array([ 0.693154   ,  0.552289   ,  2.58793    ,  2.588      ,  0.142137   ])
30773   , -3503.29    , array([ 0.693154   ,  0.170323   ,  2.58793    ,  2.588      ,  0.142137   ])
30774   , -12099.1    , array([ 0.693154   ,  0.0801535  ,  2.58793    ,  2.588      ,  0.142137   ])
30775   , -3919.41    , array([ 0.693154   ,  0.220323   ,  2.58793    ,  2.588      ,  0.142137   ])
30776   , -3503.29    , array([ 0.693154   ,  0.170323   ,  2.58793    ,  2.588      ,  0.142137   ])
30777   , -2653.16    , array([ 0.693154   ,  0.170323   ,  3.58793    ,  2.588      ,  0.142137   ])
30778   , -2054.25    , array([ 0.693154   ,  0.170323   ,  5.20596    ,  2.588      ,  0.142137   ])
30779   , -2030.05    , array([ 0.693154   ,  0.170323   ,  5.40642    ,  2.588      ,  0.142137   ])
30780   , -2009.88    , array([ 0.693154   ,  0.170323   ,  5.73077    ,  2.588      ,  0.142137   ])
30781   , -2008.05    , array([ 0.693154   ,  0.170323   ,  5.84736    ,  2.588      ,  0.142137   ])
30782   , -2010.8     , array([ 0.693154   ,  0.170323   ,  6.03601    ,  2.588      ,  0.142137   ])
30783   , -2008.05    , array([ 0.693154   ,  0.170323   ,  5.84736    ,  2.588      ,  0.142137   ])
30784   , -2008.28    , array([ 0.693154   ,  0.170323   ,  5.91942    ,  2.588      ,  0.142137   ])
30785   , -2008.42    , array([ 0.693154   ,  0.170323   ,  5.80283    ,  2.588      ,  0.142137   ])
30786   , -2008.02    , array([ 0.693154   ,  0.170323   ,  5.87996    ,  2.588      ,  0.142137   ])
30787   , -2008.02    , array([ 0.693154   ,  0.170323   ,  5.87996    ,  2.588      ,  0.142137   ])
30788   , -2348.9     , array([ 0.693154   ,  0.170323   ,  5.87996    ,  3.588      ,  0.142137   ])
30789   , -2706.78    , array([ 0.693154   ,  0.170323   ,  5.87996    ,  0.969965   ,  0.142137   ])
30790   , -2008.02    , array([ 0.693154   ,  0.170323   ,  5.87996    ,  2.588      ,  0.142137   ])
30791   , -2035.18    , array([ 0.693154   ,  0.170323   ,  5.87996    ,  1.96996    ,  0.142137   ])
30792   , -2091.22    , array([ 0.693154   ,  0.170323   ,  5.87996    ,  2.96996    ,  0.142137   ])
30793   , -1992.24    , array([ 0.693154   ,  0.170323   ,  5.87996    ,  2.36292    ,  0.142137   ])
30794   , -1992.18    , array([ 0.693154   ,  0.170323   ,  5.87996    ,  2.35468    ,  0.142137   ])
30795   , -1992.16    , array([ 0.693154   ,  0.170323   ,  5.87996    ,  2.34573    ,  0.142137   ])
30796   , -1992.16    , array([ 0.693154   ,  0.170323   ,  5.87996    ,  2.34815    ,  0.142137   ])
30797   , -1992.16    , array([ 0.693154   ,  0.170323   ,  5.87996    ,  2.3433     ,  0.142137   ])
30798   , -1992.16    , array([ 0.693154   ,  0.170323   ,  5.87996    ,  2.34573    ,  0.142137   ])
30799   , -5480.3     , array([ 0.693154   ,  0.170323   ,  5.87996    ,  2.34573    ,  1.14214    ])
30801   , -1992.16    , array([ 0.693154   ,  0.170323   ,  5.87996    ,  2.34573    ,  0.142137   ])
30803   , -4263.54    , array([ 0.693154   ,  0.170323   ,  5.87996    ,  2.34573    ,  0.524103   ])
30804   , -3464.67    , array([ 0.693154   ,  0.170323   ,  5.87996    ,  2.34573    ,  0.333101   ])
30806   , -4778.16    , array([ 0.693154   ,  0.170323   ,  5.87996    ,  2.34573    ,  0.0519668  ])
30807   , -2589.91    , array([ 0.693154   ,  0.170323   ,  5.87996    ,  2.34573    ,  0.215079   ])
30808   , -1950.57    , array([ 0.693154   ,  0.170323   ,  5.87996    ,  2.34573    ,  0.107695   ])
30809   , -1921.15    , array([ 0.693154   ,  0.170323   ,  5.87996    ,  2.34573    ,  0.115636   ])
30810   , -1918.51    , array([ 0.693154   ,  0.170323   ,  5.87996    ,  2.34573    ,  0.121659   ])
30811   , -1917.78    , array([ 0.693154   ,  0.170323   ,  5.87996    ,  2.34573    ,  0.119582   ])
30812   , -1917.78    , array([ 0.693154   ,  0.170323   ,  5.87996    ,  2.34573    ,  0.119808   ])
30813   , -1917.8     , array([ 0.693154   ,  0.170323   ,  5.87996    ,  2.34573    ,  0.119357   ])
30815   , -1917.78    , array([ 0.693154   ,  0.170323   ,  5.87996    ,  2.34573    ,  0.119582   ])
30816   , -2644.95    , array([ 1.69315    ,  0.170323   ,  5.87996    ,  2.34573    ,  0.119582   ])
30818   , -1917.78    , array([ 0.693154   ,  0.170323   ,  5.87996    ,  2.34573    ,  0.119582   ])
30819   , -45395.3    , array([ 0.0751201  ,  0.170323   ,  5.87996    ,  2.34573    ,  0.119582   ])
30820   , -1879.18    , array([ 1.07512    ,  0.170323   ,  5.87996    ,  2.34573    ,  0.119582   ])
30821   , -1761.19    , array([ 0.884856   ,  0.170323   ,  5.87996    ,  2.34573    ,  0.119582   ])
30822   , -1763.52    , array([ 0.89757    ,  0.170323   ,  5.87996    ,  2.34573    ,  0.119582   ])
30823   , -1760.32    , array([ 0.854011   ,  0.170323   ,  5.87996    ,  2.34573    ,  0.119582   ])
30824   , -1782.95    , array([ 0.792569   ,  0.170323   ,  5.87996    ,  2.34573    ,  0.119582   ])
30825   , -1759.81    , array([ 0.86544    ,  0.170323   ,  5.87996    ,  2.34573    ,  0.119582   ])
30826   , -1759.82    , array([ 0.867163   ,  0.170323   ,  5.87996    ,  2.34573    ,  0.119582   ])
30827   , -1759.82    , array([ 0.863717   ,  0.170323   ,  5.87996    ,  2.34573    ,  0.119582   ])
30828   , -1759.81    , array([ 0.86544    ,  0.170323   ,  5.87996    ,  2.34573    ,  0.119582   ])
30829   , -31937.3    , array([ 0.86544    ,  1.17032    ,  5.87996    ,  2.34573    ,  0.119582   ])
30831   , -1759.81    , array([ 0.86544    ,  0.170323   ,  5.87996    ,  2.34573    ,  0.119582   ])
30833   , -17273      , array([ 0.86544    ,  0.552289   ,  5.87996    ,  2.34573    ,  0.119582   ])
30834   , -9363.4     , array([ 0.86544    ,  0.361181   ,  5.87996    ,  2.34573    ,  0.119582   ])
30836   , -8630.89    , array([ 0.86544    ,  0.0801535  ,  5.87996    ,  2.34573    ,  0.119582   ])
30837   , -2940.96    , array([ 0.86544    ,  0.217511   ,  5.87996    ,  2.34573    ,  0.119582   ])
30838   , -1845.42    , array([ 0.86544    ,  0.176936   ,  5.87996    ,  2.34573    ,  0.119582   ])
30839   , -1735.65    , array([ 0.86544    ,  0.151889   ,  5.87996    ,  2.34573    ,  0.119582   ])
30840   , -2568.01    , array([ 0.86544    ,  0.124489   ,  5.87996    ,  2.34573    ,  0.119582   ])
30841   , -1702.43    , array([ 0.86544    ,  0.159696   ,  5.87996    ,  2.34573    ,  0.119582   ])
30842   , -1702.46    , array([ 0.86544    ,  0.159855   ,  5.87996    ,  2.34573    ,  0.119582   ])
30843   , -1702.42    , array([ 0.86544    ,  0.15957    ,  5.87996    ,  2.34573    ,  0.119582   ])
30844   , -1702.42    , array([ 0.86544    ,  0.159463   ,  5.87996    ,  2.34573    ,  0.119582   ])
30845   , -1702.42    , array([ 0.86544    ,  0.15957    ,  5.87996    ,  2.34573    ,  0.119582   ])
30846   , -1855.12    , array([ 0.86544    ,  0.15957    ,  6.87996    ,  2.34573    ,  0.119582   ])
30847   , -1824.94    , array([ 0.86544    ,  0.15957    ,  4.26192    ,  2.34573    ,  0.119582   ])
30848   , -1702.42    , array([ 0.86544    ,  0.15957    ,  5.87996    ,  2.34573    ,  0.119582   ])
30849   , -1687.89    , array([ 0.86544    ,  0.15957    ,  5.26192    ,  2.34573    ,  0.119582   ])
30850   , -1714.79    , array([ 0.86544    ,  0.15957    ,  4.87996    ,  2.34573    ,  0.119582   ])
30851   , -1685.07    , array([ 0.86544    ,  0.15957    ,  5.44583    ,  2.34573    ,  0.119582   ])
30852   , -1685.06    , array([ 0.86544    ,  0.15957    ,  5.43966    ,  2.34573    ,  0.119582   ])
30853   , -1685.06    , array([ 0.86544    ,  0.15957    ,  5.43526    ,  2.34573    ,  0.119582   ])
30854   , -1685.06    , array([ 0.86544    ,  0.15957    ,  5.43081    ,  2.34573    ,  0.119582   ])
30855   , -1685.06    , array([ 0.86544    ,  0.15957    ,  5.43526    ,  2.34573    ,  0.119582   ])
30856   , -1833.57    , array([ 0.86544    ,  0.15957    ,  5.43526    ,  3.34573    ,  0.119582   ])
30857   , -2660.25    , array([ 0.86544    ,  0.15957    ,  5.43526    ,  0.727692   ,  0.119582   ])
30858   , -1685.06    , array([ 0.86544    ,  0.15957    ,  5.43526    ,  2.34573    ,  0.119582   ])
30859   , -1827.04    , array([ 0.86544    ,  0.15957    ,  5.43526    ,  1.72769    ,  0.119582   ])
30860   , -1695.07    , array([ 0.86544    ,  0.15957    ,  5.43526    ,  2.72769    ,  0.119582   ])
30861   , -1681.1     , array([ 0.86544    ,  0.15957    ,  5.43526    ,  2.48553    ,  0.119582   ])
30862   , -1681.09    , array([ 0.86544    ,  0.15957    ,  5.43526    ,  2.47849    ,  0.119582   ])
30863   , -1681.08    , array([ 0.86544    ,  0.15957    ,  5.43526    ,  2.4761     ,  0.119582   ])
30864   , -1681.08    , array([ 0.86544    ,  0.15957    ,  5.43526    ,  2.47479    ,  0.119582   ])
30865   , -1681.08    , array([ 0.86544    ,  0.15957    ,  5.43526    ,  2.4761     ,  0.119582   ])
30866   , -6291.21    , array([ 0.86544    ,  0.15957    ,  5.43526    ,  2.4761     ,  1.11958    ])
30868   , -1681.08    , array([ 0.86544    ,  0.15957    ,  5.43526    ,  2.4761     ,  0.119582   ])
30870   , -4841.1     , array([ 0.86544    ,  0.15957    ,  5.43526    ,  2.4761     ,  0.501548   ])
30871   , -3714.33    , array([ 0.86544    ,  0.15957    ,  5.43526    ,  2.4761     ,  0.31054    ])
30873   , -10455.8    , array([ 0.86544    ,  0.15957    ,  5.43526    ,  2.4761     ,  0.0294125  ])
30874   , -2510.43    , array([ 0.86544    ,  0.15957    ,  5.43526    ,  2.4761     ,  0.192522   ])
30875   , -1789.85    , array([ 0.86544    ,  0.15957    ,  5.43526    ,  2.4761     ,  0.0851406  ])
30876   , -1649.19    , array([ 0.86544    ,  0.15957    ,  5.43526    ,  2.4761     ,  0.114032   ])
30877   , -1628.32    , array([ 0.86544    ,  0.15957    ,  5.43526    ,  2.4761     ,  0.107485   ])
30878   , -1637.99    , array([ 0.86544    ,  0.15957    ,  5.43526    ,  2.4761     ,  0.0989503  ])
30879   , -1626.29    , array([ 0.86544    ,  0.15957    ,  5.43526    ,  2.4761     ,  0.105195   ])
30880   , -1626.25    , array([ 0.86544    ,  0.15957    ,  5.43526    ,  2.4761     ,  0.104967   ])
30881   , -1626.25    , array([ 0.86544    ,  0.15957    ,  5.43526    ,  2.4761     ,  0.104821   ])
30882   , -1626.26    , array([ 0.86544    ,  0.15957    ,  5.43526    ,  2.4761     ,  0.104673   ])
30883   , -1528.17    , array([ 1.03773    ,  0.148817   ,  4.99056    ,  2.60647    ,  0.0900592  ])
30884   , -1626.25    , array([ 0.86544    ,  0.15957    ,  5.43526    ,  2.4761     ,  0.104821   ])
30885   , -1528.17    , array([ 1.03773    ,  0.148817   ,  4.99056    ,  2.60647    ,  0.0900592  ])
30886   , -1563.57    , array([ 1.31649    ,  0.131417   ,  4.27103    ,  2.81741    ,  0.0661745  ])
30887   , -1528.17    , array([ 1.03773    ,  0.148817   ,  4.99056    ,  2.60647    ,  0.0900592  ])
30888   , -1513.9     , array([ 1.14421    ,  0.142171   ,  4.71572    ,  2.68704    ,  0.0809361  ])
30889   , -1520.06    , array([ 1.21001    ,  0.138063   ,  4.54586    ,  2.73684    ,  0.0752976  ])
30890   , -1513.9     , array([ 1.14142    ,  0.142345   ,  4.72292    ,  2.68493    ,  0.0811749  ])
30891   , -1513.91    , array([ 1.14699    ,  0.141997   ,  4.70853    ,  2.68915    ,  0.0806972  ])
30892   , -1513.9     , array([ 1.14421    ,  0.142171   ,  4.71572    ,  2.68704    ,  0.0809361  ])
30893   , -7796.44    , array([ 1.14421    ,  0.142171   ,  4.71572    ,  2.68704    ,  1.08094    ])
30895   , -1513.9     , array([ 1.14421    ,  0.142171   ,  4.71572    ,  2.68704    ,  0.0809361  ])
30897   , -6035.21    , array([ 1.14421    ,  0.142171   ,  4.71572    ,  2.68704    ,  0.462902   ])
30898   , -4462.93    , array([ 1.14421    ,  0.142171   ,  4.71572    ,  2.68704    ,  0.271882   ])
30901   , -2623.26    , array([ 1.14421    ,  0.142171   ,  4.71572    ,  2.68704    ,  0.153871   ])
30902   , -3513.75    , array([ 1.14421    ,  0.142171   ,  4.71572    ,  2.68704    ,  0.0464942  ])
30903   , -1702.58    , array([ 1.14421    ,  0.142171   ,  4.71572    ,  2.68704    ,  0.106259   ])
30904   , -1660.36    , array([ 1.14421    ,  0.142171   ,  4.71572    ,  2.68704    ,  0.0707376  ])
30905   , -1508.47    , array([ 1.14421    ,  0.142171   ,  4.71572    ,  2.68704    ,  0.0875305  ])
30906   , -1504.16    , array([ 1.14421    ,  0.142171   ,  4.71572    ,  2.68704    ,  0.0847438  ])
30907   , -1504.16    , array([ 1.14421    ,  0.142171   ,  4.71572    ,  2.68704    ,  0.0848946  ])
30908   , -1504.16    , array([ 1.14421    ,  0.142171   ,  4.71572    ,  2.68704    ,  0.0848032  ])
30909   , -1504.16    , array([ 1.14421    ,  0.142171   ,  4.71572    ,  2.68704    ,  0.0848418  ])
30910   , -1504.16    , array([ 1.14421    ,  0.142171   ,  4.71572    ,  2.68704    ,  0.0848032  ])
30911   , -35253.5    , array([ 1.14421    ,  1.14217    ,  4.71572    ,  2.68704    ,  0.0848032  ])
30913   , -1504.16    , array([ 1.14421    ,  0.142171   ,  4.71572    ,  2.68704    ,  0.0848032  ])
30915   , -19553.4    , array([ 1.14421    ,  0.524137   ,  4.71572    ,  2.68704    ,  0.0848032  ])
30916   , -10554.7    , array([ 1.14421    ,  0.333008   ,  4.71572    ,  2.68704    ,  0.0848032  ])
30918   , -15082.9    , array([ 1.14421    ,  0.0520008  ,  4.71572    ,  2.68704    ,  0.0848032  ])
30919   , -3536.27    , array([ 1.14421    ,  0.203938   ,  4.71572    ,  2.68704    ,  0.0848032  ])
30920   , -2254.14    , array([ 1.14421    ,  0.107729   ,  4.71572    ,  2.68704    ,  0.0848032  ])
30921   , -1521.7     , array([ 1.14421    ,  0.144108   ,  4.71572    ,  2.68704    ,  0.0848032  ])
30922   , -1482.33    , array([ 1.14421    ,  0.137798   ,  4.71572    ,  2.68704    ,  0.0848032  ])
30923   , -1561.14    , array([ 1.14421    ,  0.126313   ,  4.71572    ,  2.68704    ,  0.0848032  ])
30924   , -1480.93    , array([ 1.14421    ,  0.136104   ,  4.71572    ,  2.68704    ,  0.0848032  ])
30925   , -1480.88    , array([ 1.14421    ,  0.136351   ,  4.71572    ,  2.68704    ,  0.0848032  ])
30926   , -1480.88    , array([ 1.14421    ,  0.136409   ,  4.71572    ,  2.68704    ,  0.0848032  ])
30927   , -1480.88    , array([ 1.14421    ,  0.136293   ,  4.71572    ,  2.68704    ,  0.0848032  ])
30928   , -1480.88    , array([ 1.14421    ,  0.136351   ,  4.71572    ,  2.68704    ,  0.0848032  ])
30929   , -1558.38    , array([ 1.14421    ,  0.136351   ,  5.71572    ,  2.68704    ,  0.0848032  ])
30930   , -1651.41    , array([ 1.14421    ,  0.136351   ,  3.09769    ,  2.68704    ,  0.0848032  ])
30931   , -1480.88    , array([ 1.14421    ,  0.136351   ,  4.71572    ,  2.68704    ,  0.0848032  ])
30932   , -1497.57    , array([ 1.14421    ,  0.136351   ,  4.09769    ,  2.68704    ,  0.0848032  ])
30933   , -1496.29    , array([ 1.14421    ,  0.136351   ,  5.09769    ,  2.68704    ,  0.0848032  ])
30934   , -1479.95    , array([ 1.14421    ,  0.136351   ,  4.60718    ,  2.68704    ,  0.0848032  ])
30935   , -1479.95    , array([ 1.14421    ,  0.136351   ,  4.59574    ,  2.68704    ,  0.0848032  ])
30936   , -1479.94    , array([ 1.14421    ,  0.136351   ,  4.59804    ,  2.68704    ,  0.0848032  ])
30937   , -1479.95    , array([ 1.14421    ,  0.136351   ,  4.59922    ,  2.68704    ,  0.0848032  ])
30938   , -1479.94    , array([ 1.14421    ,  0.136351   ,  4.59804    ,  2.68704    ,  0.0848032  ])
30939   , -1611.93    , array([ 1.14421    ,  0.136351   ,  4.59804    ,  3.68704    ,  0.0848032  ])
30940   , -1964.77    , array([ 1.14421    ,  0.136351   ,  4.59804    ,  1.06901    ,  0.0848032  ])
30941   , -1479.94    , array([ 1.14421    ,  0.136351   ,  4.59804    ,  2.68704    ,  0.0848032  ])
30942   , -1540.15    , array([ 1.14421    ,  0.136351   ,  4.59804    ,  2.06901    ,  0.0848032  ])
30943   , -1500.92    , array([ 1.14421    ,  0.136351   ,  4.59804    ,  3.06901    ,  0.0848032  ])
30944   , -1479.98    , array([ 1.14421    ,  0.136351   ,  4.59804    ,  2.69778    ,  0.0848032  ])
30945   , -1479.94    , array([ 1.14421    ,  0.136351   ,  4.59804    ,  2.68218    ,  0.0848032  ])
30946   , -1479.94    , array([ 1.14421    ,  0.136351   ,  4.59804    ,  2.68266    ,  0.0848032  ])
30947   , -1479.94    , array([ 1.14421    ,  0.136351   ,  4.59804    ,  2.6827     ,  0.0848032  ])
30948   , -1479.94    , array([ 1.14421    ,  0.136351   ,  4.59804    ,  2.68261    ,  0.0848032  ])
30949   , -1479.94    , array([ 1.14421    ,  0.136351   ,  4.59804    ,  2.68266    ,  0.0848032  ])
30950   , -1468       , array([ 1.42297    ,  0.118951   ,  3.87851    ,  2.8936     ,  0.0609184  ])
30951   , -5305.13    , array([ 1.87402    ,  0.0907986  ,  2.71427    ,  3.23492    ,  0.0222721  ])
30952   , -1468       , array([ 1.42297    ,  0.118951   ,  3.87851    ,  2.8936     ,  0.0609184  ])
30953   , -1678.45    , array([ 1.59526    ,  0.108198   ,  3.43381    ,  3.02397    ,  0.0461568  ])
30954   , -1455.46    , array([ 1.31649    ,  0.125597   ,  4.15335    ,  2.81303    ,  0.0700416  ])
30955   , -1455.74    , array([ 1.35487    ,  0.123202   ,  4.05429    ,  2.84207    ,  0.0667535  ])
30956   , -1455.16    , array([ 1.33348    ,  0.124537   ,  4.10949    ,  2.82589    ,  0.0685858  ])
30957   , -1455.16    , array([ 1.33159    ,  0.124655   ,  4.11438    ,  2.82445    ,  0.068748   ])
30958   , -1455.16    , array([ 1.33538    ,  0.124419   ,  4.1046     ,  2.82732    ,  0.0684237  ])
30959   , -2056.39    , array([ 1.80152    ,  0.0895036  ,  2.78372    ,  3.17568    ,  0.0323508  ])
30960   , -1455.16    , array([ 1.33348    ,  0.124537   ,  4.10949    ,  2.82589    ,  0.0685858  ])
30961   , -9467.99    , array([ 1.33348    ,  0.124537   ,  4.10949    ,  2.82589    ,  1.06859    ])
30963   , -1455.16    , array([ 1.33348    ,  0.124537   ,  4.10949    ,  2.82589    ,  0.0685858  ])
30965   , -7635.19    , array([ 1.33348    ,  0.124537   ,  4.10949    ,  2.82589    ,  0.450552   ])
30966   , -5883.14    , array([ 1.33348    ,  0.124537   ,  4.10949    ,  2.82589    ,  0.259519   ])
30969   , -3444.2     , array([ 1.33348    ,  0.124537   ,  4.10949    ,  2.82589    ,  0.141516   ])
30970   , -4678.07    , array([ 1.33348    ,  0.124537   ,  4.10949    ,  2.82589    ,  0.034144   ])
30971   , -1911.98    , array([ 1.33348    ,  0.124537   ,  4.10949    ,  2.82589    ,  0.0929349  ])
30972   , -1701.31    , array([ 1.33348    ,  0.124537   ,  4.10949    ,  2.82589    ,  0.0554302  ])
30973   , -1467.06    , array([ 1.33348    ,  0.124537   ,  4.10949    ,  2.82589    ,  0.0713716  ])
30974   , -1455.05    , array([ 1.33348    ,  0.124537   ,  4.10949    ,  2.82589    ,  0.0684971  ])
30975   , -1454.79    , array([ 1.33348    ,  0.124537   ,  4.10949    ,  2.82589    ,  0.0679843  ])
30976   , -1454.79    , array([ 1.33348    ,  0.124537   ,  4.10949    ,  2.82589    ,  0.068022   ])
30977   , -1454.79    , array([ 1.33348    ,  0.124537   ,  4.10949    ,  2.82589    ,  0.0680276  ])
30978   , -1454.79    , array([ 1.33348    ,  0.124537   ,  4.10949    ,  2.82589    ,  0.0680163  ])
30979   , -1454.79    , array([ 1.33348    ,  0.124537   ,  4.10949    ,  2.82589    ,  0.068022   ])
30980   , -38094.2    , array([ 1.33348    ,  1.12454    ,  4.10949    ,  2.82589    ,  0.068022   ])
30982   , -1454.79    , array([ 1.33348    ,  0.124537   ,  4.10949    ,  2.82589    ,  0.068022   ])
30984   , -21715.3    , array([ 1.33348    ,  0.506503   ,  4.10949    ,  2.82589    ,  0.068022   ])
30985   , -11849      , array([ 1.33348    ,  0.315356   ,  4.10949    ,  2.82589    ,  0.068022   ])
30987   , -25031      , array([ 1.33348    ,  0.0343669  ,  4.10949    ,  2.82589    ,  0.068022   ])
30988   , -4447.82    , array([ 1.33348    ,  0.197423   ,  4.10949    ,  2.82589    ,  0.068022   ])
30989   , -2686.68    , array([ 1.33348    ,  0.090095   ,  4.10949    ,  2.82589    ,  0.068022   ])
30990   , -1547.44    , array([ 1.33348    ,  0.132298   ,  4.10949    ,  2.82589    ,  0.068022   ])
30991   , -1448.34    , array([ 1.33348    ,  0.123137   ,  4.10949    ,  2.82589    ,  0.068022   ])
30992   , -1445.21    , array([ 1.33348    ,  0.120955   ,  4.10949    ,  2.82589    ,  0.068022   ])
30993   , -1445.12    , array([ 1.33348    ,  0.121236   ,  4.10949    ,  2.82589    ,  0.068022   ])
30994   , -1445.12    , array([ 1.33348    ,  0.121269   ,  4.10949    ,  2.82589    ,  0.068022   ])
30995   , -1445.12    , array([ 1.33348    ,  0.121302   ,  4.10949    ,  2.82589    ,  0.068022   ])
30996   , -1445.12    , array([ 1.33348    ,  0.121269   ,  4.10949    ,  2.82589    ,  0.068022   ])
30997   , -1489.96    , array([ 1.33348    ,  0.121269   ,  5.10949    ,  2.82589    ,  0.068022   ])
30998   , -1610.06    , array([ 1.33348    ,  0.121269   ,  2.49146    ,  2.82589    ,  0.068022   ])
30999   , -1445.12    , array([ 1.33348    ,  0.121269   ,  4.10949    ,  2.82589    ,  0.068022   ])
31000   , -1469.55    , array([ 1.33348    ,  0.121269   ,  3.49146    ,  2.82589    ,  0.068022   ])
31001   , -1450.73    , array([ 1.33348    ,  0.121269   ,  4.49146    ,  2.82589    ,  0.068022   ])
31002   , -1445       , array([ 1.33348    ,  0.121269   ,  4.16514    ,  2.82589    ,  0.068022   ])
31003   , -1444.99    , array([ 1.33348    ,  0.121269   ,  4.15888    ,  2.82589    ,  0.068022   ])
31004   , -1444.99    , array([ 1.33348    ,  0.121269   ,  4.15838    ,  2.82589    ,  0.068022   ])
31005   , -1444.99    , array([ 1.33348    ,  0.121269   ,  4.1579     ,  2.82589    ,  0.068022   ])
31006   , -1444.99    , array([ 1.33348    ,  0.121269   ,  4.15838    ,  2.82589    ,  0.068022   ])
31007   , -1557.59    , array([ 1.33348    ,  0.121269   ,  4.15838    ,  3.82589    ,  0.068022   ])
31008   , -1757.02    , array([ 1.33348    ,  0.121269   ,  4.15838    ,  1.20785    ,  0.068022   ])
31009   , -1444.99    , array([ 1.33348    ,  0.121269   ,  4.15838    ,  2.82589    ,  0.068022   ])
31010   , -1478.26    , array([ 1.33348    ,  0.121269   ,  4.15838    ,  2.20785    ,  0.068022   ])
31011   , -1466.24    , array([ 1.33348    ,  0.121269   ,  4.15838    ,  3.20785    ,  0.068022   ])
31012   , -1444.37    , array([ 1.33348    ,  0.121269   ,  4.15838    ,  2.76278    ,  0.068022   ])
31013   , -1444.35    , array([ 1.33348    ,  0.121269   ,  4.15838    ,  2.74634    ,  0.068022   ])
31014   , -1444.35    , array([ 1.33348    ,  0.121269   ,  4.15838    ,  2.74864    ,  0.068022   ])
31015   , -1444.35    , array([ 1.33348    ,  0.121269   ,  4.15838    ,  2.74941    ,  0.068022   ])
31016   , -1444.35    , array([ 1.33348    ,  0.121269   ,  4.15838    ,  2.74787    ,  0.068022   ])
31017   , -1444.35    , array([ 1.33348    ,  0.121269   ,  4.15838    ,  2.74864    ,  0.068022   ])
31018   , -1633.28    , array([ 1.61225    ,  0.10387    ,  3.43885    ,  2.95958    ,  0.0441372  ])
31019   , -1598.13    , array([ 0.882431   ,  0.149422   ,  5.32262    ,  2.40733    ,  0.106668   ])
31020   , -1444.35    , array([ 1.33348    ,  0.121269   ,  4.15838    ,  2.74864    ,  0.068022   ])
31021   , -1483.89    , array([ 1.1612     ,  0.132023   ,  4.60308    ,  2.61827    ,  0.0827836  ])
31022   , -1441.3     , array([ 1.43996    ,  0.114623   ,  3.88355    ,  2.82921    ,  0.0588988  ])
31023   , -1438.11    , array([ 1.40661    ,  0.116705   ,  3.96964    ,  2.80397    ,  0.0617566  ])
31024   , -1438.1     , array([ 1.39515    ,  0.11742    ,  3.9992     ,  2.79531    ,  0.062738   ])
31025   , -1438.04    , array([ 1.40062    ,  0.117079   ,  3.98509    ,  2.79944    ,  0.0622696  ])
31026   , -1438.04    , array([ 1.39995    ,  0.117121   ,  3.98682    ,  2.79894    ,  0.0623271  ])
31027   , -1438.04    , array([ 1.40129    ,  0.117037   ,  3.98336    ,  2.79995    ,  0.0622121  ])
31028   , -1426.81    , array([ 1.46776    ,  0.10962    ,  3.86069    ,  2.773      ,  0.0559533  ])
31029   , -1438.04    , array([ 1.40062    ,  0.117079   ,  3.98509    ,  2.79944    ,  0.0622696  ])
31030   , -1426.81    , array([ 1.46776    ,  0.10962    ,  3.86069    ,  2.773      ,  0.0559533  ])
31031   , -1428.77    , array([ 1.57639    ,  0.0975529  ,  3.65941    ,  2.73022    ,  0.0457335  ])
31032   , -1426.81    , array([ 1.46776    ,  0.10962    ,  3.86069    ,  2.773      ,  0.0559533  ])
31033   , -1423.34    , array([ 1.50925    ,  0.105011   ,  3.78381    ,  2.75666    ,  0.0520497  ])
31034   , -1423.29    , array([ 1.53489    ,  0.102162   ,  3.73629    ,  2.74656    ,  0.0496371  ])
31035   , -1423.07    , array([ 1.52293    ,  0.103491   ,  3.75846    ,  2.75127    ,  0.0507627  ])
31036   , -1423.07    , array([ 1.52171    ,  0.103627   ,  3.76073    ,  2.75175    ,  0.0508777  ])
31037   , -1423.07    , array([ 1.52415    ,  0.103355   ,  3.7562     ,  2.75079    ,  0.0506476  ])
31038   , -1423.07    , array([ 1.52293    ,  0.103491   ,  3.75846    ,  2.75127    ,  0.0507627  ])
31039   , -13754.9    , array([ 1.52293    ,  0.103491   ,  3.75846    ,  2.75127    ,  1.05076    ])
31041   , -1423.07    , array([ 1.52293    ,  0.103491   ,  3.75846    ,  2.75127    ,  0.0507627  ])
31043   , -11458.2    , array([ 1.52293    ,  0.103491   ,  3.75846    ,  2.75127    ,  0.432729   ])
31044   , -9110.91    , array([ 1.52293    ,  0.103491   ,  3.75846    ,  2.75127    ,  0.241664   ])
31047   , -5208.97    , array([ 1.52293    ,  0.103491   ,  3.75846    ,  2.75127    ,  0.123681   ])
31048   , -12476.1    , array([ 1.52293    ,  0.103491   ,  3.75846    ,  2.75127    ,  0.0163208  ])
31049   , -2543.75    , array([ 1.52293    ,  0.103491   ,  3.75846    ,  2.75127    ,  0.0786149  ])
31050   , -2145.45    , array([ 1.52293    ,  0.103491   ,  3.75846    ,  2.75127    ,  0.037607   ])
31051   , -1480.77    , array([ 1.52293    ,  0.103491   ,  3.75846    ,  2.75127    ,  0.0560179  ])
31052   , -1424.28    , array([ 1.52293    ,  0.103491   ,  3.75846    ,  2.75127    ,  0.0518562  ])
31053   , -1422.76    , array([ 1.52293    ,  0.103491   ,  3.75846    ,  2.75127    ,  0.0510759  ])
31054   , -1422.76    , array([ 1.52293    ,  0.103491   ,  3.75846    ,  2.75127    ,  0.051103   ])
31055   , -1422.76    , array([ 1.52293    ,  0.103491   ,  3.75846    ,  2.75127    ,  0.0510995  ])
31056   , -1422.76    , array([ 1.52293    ,  0.103491   ,  3.75846    ,  2.75127    ,  0.0510962  ])
31057   , -1422.76    , array([ 1.52293    ,  0.103491   ,  3.75846    ,  2.75127    ,  0.0510995  ])
31058   , -2759.25    , array([ 1.8017     ,  0.086092   ,  3.03893    ,  2.96221    ,  0.0272148  ])
31059   , -1590.13    , array([ 1.07188    ,  0.131644   ,  4.9227     ,  2.40996    ,  0.0897459  ])
31060   , -1422.76    , array([ 1.52293    ,  0.103491   ,  3.75846    ,  2.75127    ,  0.0510995  ])
31061   , -1477.24    , array([ 1.35064    ,  0.114245   ,  4.20316    ,  2.6209     ,  0.0658611  ])
31062   , -1521.57    , array([ 1.62941    ,  0.0968454  ,  3.48362    ,  2.83184    ,  0.0419764  ])
31063   , -1426.54    , array([ 1.47222    ,  0.106657   ,  3.88937    ,  2.71289    ,  0.0554449  ])
31064   , -1422.11    , array([ 1.51633    ,  0.103903   ,  3.7755     ,  2.74628    ,  0.051665   ])
31065   , -1421.86    , array([ 1.50714    ,  0.104477   ,  3.79922    ,  2.73932    ,  0.0524525  ])
31066   , -1421.86    , array([ 1.50871    ,  0.104379   ,  3.79516    ,  2.74051    ,  0.0523176  ])
31067   , -1421.86    , array([ 1.50854    ,  0.10439    ,  3.79562    ,  2.74038    ,  0.0523329  ])
31068   , -1421.86    , array([ 1.50839    ,  0.104399   ,  3.79599    ,  2.74027    ,  0.0523452  ])
31069   , -1421.86    , array([ 1.50854    ,  0.10439    ,  3.79562    ,  2.74038    ,  0.0523329  ])
31070   , -1459.1     , array([ 1.50854    ,  0.10439    ,  4.79562    ,  2.74038    ,  0.0523329  ])
31071   , -1526.55    , array([ 1.50854    ,  0.10439    ,  2.17758    ,  2.74038    ,  0.0523329  ])
31072   , -1421.86    , array([ 1.50854    ,  0.10439    ,  3.79562    ,  2.74038    ,  0.0523329  ])
31073   , -1435.41    , array([ 1.50854    ,  0.10439    ,  3.17758    ,  2.74038    ,  0.0523329  ])
31074   , -1427.93    , array([ 1.50854    ,  0.10439    ,  4.17758    ,  2.74038    ,  0.0523329  ])
31075   , -1421.83    , array([ 1.50854    ,  0.10439    ,  3.77651    ,  2.74038    ,  0.0523329  ])
31076   , -1421.83    , array([ 1.50854    ,  0.10439    ,  3.76903    ,  2.74038    ,  0.0523329  ])
31077   , -1421.83    , array([ 1.50854    ,  0.10439    ,  3.76942    ,  2.74038    ,  0.0523329  ])
31078   , -1421.83    , array([ 1.50854    ,  0.10439    ,  3.76968    ,  2.74038    ,  0.0523329  ])
31079   , -1421.83    , array([ 1.50854    ,  0.10439    ,  3.76942    ,  2.74038    ,  0.0523329  ])
31080   , -1499.33    , array([ 1.50854    ,  0.10439    ,  3.76942    ,  3.74038    ,  0.0523329  ])
31081   , -1636.53    , array([ 1.50854    ,  0.10439    ,  3.76942    ,  1.12234    ,  0.0523329  ])
31082   , -1421.83    , array([ 1.50854    ,  0.10439    ,  3.76942    ,  2.74038    ,  0.0523329  ])
31083   , -1446.22    , array([ 1.50854    ,  0.10439    ,  3.76942    ,  2.12234    ,  0.0523329  ])
31084   , -1435.88    , array([ 1.50854    ,  0.10439    ,  3.76942    ,  3.12234    ,  0.0523329  ])
31085   , -1421.55    , array([ 1.50854    ,  0.10439    ,  3.76942    ,  2.69009    ,  0.0523329  ])
31086   , -1421.54    , array([ 1.50854    ,  0.10439    ,  3.76942    ,  2.67663    ,  0.0523329  ])
31087   , -1421.54    , array([ 1.50854    ,  0.10439    ,  3.76942    ,  2.67816    ,  0.0523329  ])
31088   , -1421.54    , array([ 1.50854    ,  0.10439    ,  3.76942    ,  2.67878    ,  0.0523329  ])
31089   , -1421.54    , array([ 1.50854    ,  0.10439    ,  3.76942    ,  2.67754    ,  0.0523329  ])
31090   , -1421.54    , array([ 1.50854    ,  0.10439    ,  3.76942    ,  2.67816    ,  0.0523329  ])
31091   , -1438.45    , array([ 1.63085    ,  0.0908025  ,  3.54279    ,  2.62999    ,  0.040826   ])
31092   , -1455.82    , array([ 1.31063    ,  0.126375   ,  4.13611    ,  2.75611    ,  0.0709515  ])
31093   , -1421.54    , array([ 1.50854    ,  0.10439    ,  3.76942    ,  2.67816    ,  0.0523329  ])
31094   , -1430.94    , array([ 1.43294    ,  0.112787   ,  3.90948    ,  2.70793    ,  0.0594446  ])
31095   , -1419.92    , array([ 1.55525    ,  0.0992     ,  3.68285    ,  2.65976    ,  0.0479377  ])
31096   , -1419.94    , array([ 1.55572    ,  0.0991481  ,  3.68199    ,  2.65958    ,  0.0478937  ])
31097   , -1419.79    , array([ 1.54441    ,  0.100404   ,  3.70294    ,  2.66403    ,  0.0489577  ])
31098   , -1420.12    , array([ 1.53071    ,  0.101927   ,  3.72833    ,  2.66943    ,  0.0502469  ])
31099   , -1419.79    , array([ 1.54637    ,  0.100187   ,  3.69932    ,  2.66326    ,  0.0487738  ])
31100   , -1419.79    , array([ 1.54599    ,  0.100229   ,  3.70002    ,  2.66341    ,  0.0488094  ])
31101   , -1419.79    , array([ 1.54674    ,  0.100145   ,  3.69862    ,  2.66311    ,  0.0487382  ])
31102   , -1477.96    , array([ 1.69211    ,  0.0832959  ,  3.41355    ,  2.52708    ,  0.035278   ])
31103   , -1419.79    , array([ 1.54637    ,  0.100187   ,  3.69932    ,  2.66326    ,  0.0487738  ])
31104   , -15046.6    , array([ 1.54637    ,  0.100187   ,  3.69932    ,  2.66326    ,  1.04877    ])
31106   , -1419.79    , array([ 1.54637    ,  0.100187   ,  3.69932    ,  2.66326    ,  0.0487738  ])
31108   , -12610.3    , array([ 1.54637    ,  0.100187   ,  3.69932    ,  2.66326    ,  0.43074    ])
31109   , -10084.8    , array([ 1.54637    ,  0.100187   ,  3.69932    ,  2.66326    ,  0.239666   ])
31112   , -5770.44    , array([ 1.54637    ,  0.100187   ,  3.69932    ,  2.66326    ,  0.121688   ])
31113   , -14362.8    , array([ 1.54637    ,  0.100187   ,  3.69932    ,  2.66326    ,  0.014332   ])
31114   , -2755.72    , array([ 1.54637    ,  0.100187   ,  3.69932    ,  2.66326    ,  0.0766247  ])
31115   , -2183.14    , array([ 1.54637    ,  0.100187   ,  3.69932    ,  2.66326    ,  0.0356182  ])
31116   , -1488.09    , array([ 1.54637    ,  0.100187   ,  3.69932    ,  2.66326    ,  0.0534204  ])
31117   , -1421.64    , array([ 1.54637    ,  0.100187   ,  3.69932    ,  2.66326    ,  0.0492981  ])
31118   , -1419.52    , array([ 1.54637    ,  0.100187   ,  3.69932    ,  2.66326    ,  0.0483864  ])
31119   , -1419.49    , array([ 1.54637    ,  0.100187   ,  3.69932    ,  2.66326    ,  0.0484657  ])
31120   , -1419.49    , array([ 1.54637    ,  0.100187   ,  3.69932    ,  2.66326    ,  0.0484688  ])
31121   , -1419.49    , array([ 1.54637    ,  0.100187   ,  3.69932    ,  2.66326    ,  0.0484719  ])
31122   , -1419.49    , array([ 1.54637    ,  0.100187   ,  3.69932    ,  2.66326    ,  0.0484688  ])
31123   , -3157.81    , array([ 1.82513    ,  0.0827879  ,  2.97978    ,  2.8742     ,  0.0245841  ])
31124   , -1635.16    , array([ 1.09532    ,  0.12834    ,  4.86355    ,  2.32195    ,  0.0871152  ])
31125   , -1419.49    , array([ 1.54637    ,  0.100187   ,  3.69932    ,  2.66326    ,  0.0484688  ])
31126   , -1491.68    , array([ 1.37408    ,  0.110941   ,  4.14402    ,  2.53289    ,  0.0632304  ])
31127   , -1544.22    , array([ 1.65285    ,  0.0935413  ,  3.42448    ,  2.74383    ,  0.0393457  ])
31128   , -1424.7     , array([ 1.49695    ,  0.103272   ,  3.82688    ,  2.62586    ,  0.0527033  ])
31129   , -1418.99    , array([ 1.54227    ,  0.100443   ,  3.7099     ,  2.66016    ,  0.04882    ])
31130   , -1418.57    , array([ 1.53208    ,  0.101079   ,  3.73619    ,  2.65245    ,  0.0496926  ])
31131   , -1418.56    , array([ 1.53363    ,  0.100982   ,  3.73219    ,  2.65362    ,  0.0495601  ])
31132   , -1418.56    , array([ 1.53344    ,  0.100994   ,  3.73267    ,  2.65348    ,  0.049576   ])
31133   , -1418.56    , array([ 1.53332    ,  0.101002   ,  3.73301    ,  2.65339    ,  0.0495871  ])
31134   , -1418.56    , array([ 1.53344    ,  0.100994   ,  3.73267    ,  2.65348    ,  0.049576   ])
31135   , -1451.7     , array([ 1.53344    ,  0.100994   ,  4.73267    ,  2.65348    ,  0.049576   ])
31136   , -1517.94    , array([ 1.53344    ,  0.100994   ,  2.11464    ,  2.65348    ,  0.049576   ])
31137   , -1418.56    , array([ 1.53344    ,  0.100994   ,  3.73267    ,  2.65348    ,  0.049576   ])
31138   , -1432.06    , array([ 1.53344    ,  0.100994   ,  3.11464    ,  2.65348    ,  0.049576   ])
31139   , -1423.63    , array([ 1.53344    ,  0.100994   ,  4.11464    ,  2.65348    ,  0.049576   ])
31140   , -1418.56    , array([ 1.53344    ,  0.100994   ,  3.73475    ,  2.65348    ,  0.049576   ])
31141   , -1418.56    , array([ 1.53344    ,  0.100994   ,  3.728      ,  2.65348    ,  0.049576   ])
31142   , -1418.56    , array([ 1.53344    ,  0.100994   ,  3.72812    ,  2.65348    ,  0.049576   ])
31143   , -1418.56    , array([ 1.53344    ,  0.100994   ,  3.72816    ,  2.65348    ,  0.049576   ])
31144   , -1418.56    , array([ 1.53344    ,  0.100994   ,  3.72807    ,  2.65348    ,  0.049576   ])
31145   , -1418.56    , array([ 1.53344    ,  0.100994   ,  3.72812    ,  2.65348    ,  0.049576   ])
31146   , -1484.13    , array([ 1.53344    ,  0.100994   ,  3.72812    ,  3.65348    ,  0.049576   ])
31147   , -1631.21    , array([ 1.53344    ,  0.100994   ,  3.72812    ,  1.03545    ,  0.049576   ])
31148   , -1418.56    , array([ 1.53344    ,  0.100994   ,  3.72812    ,  2.65348    ,  0.049576   ])
31149   , -1445.99    , array([ 1.53344    ,  0.100994   ,  3.72812    ,  2.03545    ,  0.049576   ])
31150   , -1428.95    , array([ 1.53344    ,  0.100994   ,  3.72812    ,  3.03545    ,  0.049576   ])
31151   , -1418.56    , array([ 1.53344    ,  0.100994   ,  3.72812    ,  2.65447    ,  0.049576   ])
31152   , -1418.55    , array([ 1.53344    ,  0.100994   ,  3.72812    ,  2.64325    ,  0.049576   ])
31153   , -1418.55    , array([ 1.53344    ,  0.100994   ,  3.72812    ,  2.64361    ,  0.049576   ])
31154   , -1418.55    , array([ 1.53344    ,  0.100994   ,  3.72812    ,  2.64371    ,  0.049576   ])
31155   , -1418.55    , array([ 1.53344    ,  0.100994   ,  3.72812    ,  2.64351    ,  0.049576   ])
31156   , -1418.55    , array([ 1.53344    ,  0.100994   ,  3.72812    ,  2.64361    ,  0.049576   ])
31157   , -1457.45    , array([ 1.65576    ,  0.0874065  ,  3.50149    ,  2.59544    ,  0.0380691  ])
31158   , -1446.07    , array([ 1.33554    ,  0.122979   ,  4.09481    ,  2.72156    ,  0.0681946  ])
31159   , -1418.55    , array([ 1.53344    ,  0.100994   ,  3.72812    ,  2.64361    ,  0.049576   ])
31160   , -1425.47    , array([ 1.45785    ,  0.109391   ,  3.86818    ,  2.67339    ,  0.0566877  ])
31161   , -1420.77    , array([ 1.58016    ,  0.0958039  ,  3.64155    ,  2.62521    ,  0.0451807  ])
31162   , -1418.49    , array([ 1.53594    ,  0.100717   ,  3.7235     ,  2.64263    ,  0.0493415  ])
31163   , -1418.38    , array([ 1.54279    ,  0.0999558  ,  3.7108     ,  2.63993    ,  0.0486969  ])
31164   , -1418.63    , array([ 1.55706    ,  0.0983699  ,  3.68435    ,  2.63431    ,  0.0473538  ])
31165   , -1418.38    , array([ 1.54503    ,  0.099707   ,  3.70665    ,  2.63905    ,  0.0484862  ])
31166   , -1418.38    , array([ 1.54464    ,  0.0997503  ,  3.70738    ,  2.6392     ,  0.0485228  ])
31167   , -1418.38    , array([ 1.54453    ,  0.0997627  ,  3.70758    ,  2.63925    ,  0.0485334  ])
31168   , -1418.38    , array([ 1.54475    ,  0.0997378  ,  3.70717    ,  2.63916    ,  0.0485123  ])
31169   , -1417.14    , array([ 1.54291    ,  0.0993132  ,  3.71543    ,  2.61515    ,  0.0482718  ])
31170   , -1418.38    , array([ 1.54464    ,  0.0997503  ,  3.70738    ,  2.6392     ,  0.0485228  ])
31171   , -1417.14    , array([ 1.54291    ,  0.0993132  ,  3.71543    ,  2.61515    ,  0.0482718  ])
31172   , -1415.52    , array([ 1.54012    ,  0.0986061  ,  3.72846    ,  2.57622    ,  0.0478657  ])
31173   , -1413.35    , array([ 1.53171    ,  0.0964793  ,  3.76767    ,  2.45914    ,  0.0466443  ])
31174   , -1417.84    , array([ 1.5181     ,  0.0930379  ,  3.8311     ,  2.2697     ,  0.0446679  ])
31175   , -1413.35    , array([ 1.53171    ,  0.0964793  ,  3.76767    ,  2.45914    ,  0.0466443  ])
31176   , -1413.94    , array([ 1.52651    ,  0.0951648  ,  3.7919     ,  2.38678    ,  0.0458894  ])
31177   , -1413.71    , array([ 1.53492    ,  0.0972916  ,  3.75269    ,  2.50386    ,  0.0471108  ])
31178   , -1413.34    , array([ 1.53122    ,  0.0963557  ,  3.76995    ,  2.45234    ,  0.0465733  ])
31179   , -1413.34    , array([ 1.53135    ,  0.0963897  ,  3.76932    ,  2.45421    ,  0.0465928  ])
31180   , -1413.34    , array([ 1.53109    ,  0.0963218  ,  3.77057    ,  2.45047    ,  0.0465538  ])
31181   , -1413.34    , array([ 1.53122    ,  0.0963557  ,  3.76995    ,  2.45234    ,  0.0465733  ])
31182   , -17449      , array([ 1.53122    ,  0.0963557  ,  3.76995    ,  2.45234    ,  1.04657    ])
31184   , -1413.34    , array([ 1.53122    ,  0.0963557  ,  3.76995    ,  2.45234    ,  0.0465733  ])
31186   , -14672.3    , array([ 1.53122    ,  0.0963557  ,  3.76995    ,  2.45234    ,  0.428539   ])
31187   , -11712.3    , array([ 1.53122    ,  0.0963557  ,  3.76995    ,  2.45234    ,  0.237449   ])
31190   , -6644.7     , array([ 1.53122    ,  0.0963557  ,  3.76995    ,  2.45234    ,  0.119481   ])
31191   , -17027.1    , array([ 1.53122    ,  0.0963557  ,  3.76995    ,  2.45234    ,  0.0121315  ])
31192   , -3081.24    , array([ 1.53122    ,  0.0963557  ,  3.76995    ,  2.45234    ,  0.0744217  ])
31193   , -2210.91    , array([ 1.53122    ,  0.0963557  ,  3.76995    ,  2.45234    ,  0.0334177  ])
31194   , -1489.77    , array([ 1.53122    ,  0.0963557  ,  3.76995    ,  2.45234    ,  0.0503089  ])
31195   , -1411.33    , array([ 1.53122    ,  0.0963557  ,  3.76995    ,  2.45234    ,  0.0463101  ])
31196   , -1408.41    , array([ 1.53122    ,  0.0963557  ,  3.76995    ,  2.45234    ,  0.0452546  ])
31197   , -1505.39    , array([ 1.53122    ,  0.0963557  ,  3.76995    ,  2.45234    ,  0.0407333  ])
31198   , -1408.31    , array([ 1.53122    ,  0.0963557  ,  3.76995    ,  2.45234    ,  0.0454059  ])
31199   , -1408.31    , array([ 1.53122    ,  0.0963557  ,  3.76995    ,  2.45234    ,  0.0454177  ])
31200   , -1408.31    , array([ 1.53122    ,  0.0963557  ,  3.76995    ,  2.45234    ,  0.0454293  ])
31201   , -1408.31    , array([ 1.53122    ,  0.0963557  ,  3.76995    ,  2.45234    ,  0.0454177  ])
31202   , -1512.67    , array([ 1.65353    ,  0.0827684  ,  3.54332    ,  2.40417    ,  0.0339108  ])
31203   , -1420.41    , array([ 1.33332    ,  0.11834    ,  4.13664    ,  2.53028    ,  0.0640363  ])
31204   , -1408.31    , array([ 1.53122    ,  0.0963557  ,  3.76995    ,  2.45234    ,  0.0454177  ])
31205   , -1407.47    , array([ 1.45563    ,  0.104753   ,  3.91001    ,  2.48211    ,  0.0525294  ])
31206   , -1411.62    , array([ 1.40891    ,  0.109943   ,  3.99657    ,  2.50051    ,  0.0569247  ])
31207   , -1406.03    , array([ 1.48665    ,  0.101307   ,  3.85252    ,  2.46989    ,  0.0496106  ])
31208   , -1405.99    , array([ 1.48915    ,  0.101029   ,  3.8479     ,  2.46891    ,  0.0493756  ])
31209   , -1405.96    , array([ 1.49599    ,  0.10027    ,  3.83523    ,  2.46622    ,  0.0487325  ])
31210   , -1406.31    , array([ 1.50944    ,  0.0987747  ,  3.81029    ,  2.46092    ,  0.0474664  ])
31211   , -1405.96    , array([ 1.49407    ,  0.100483   ,  3.83878    ,  2.46697    ,  0.0489127  ])
31212   , -1405.96    , array([ 1.4937     ,  0.100524   ,  3.83947    ,  2.46712    ,  0.0489476  ])
31213   , -1405.96    , array([ 1.49444    ,  0.100441   ,  3.83809    ,  2.46682    ,  0.0488777  ])
31214   , -1405.96    , array([ 1.49407    ,  0.100483   ,  3.83878    ,  2.46697    ,  0.0489127  ])
31215   , -1437.21    , array([ 1.49407    ,  0.100483   ,  4.83878    ,  2.46697    ,  0.0489127  ])
31216   , -1504.65    , array([ 1.49407    ,  0.100483   ,  2.22074    ,  2.46697    ,  0.0489127  ])
31217   , -1405.96    , array([ 1.49407    ,  0.100483   ,  3.83878    ,  2.46697    ,  0.0489127  ])
31218   , -1419.85    , array([ 1.49407    ,  0.100483   ,  3.22074    ,  2.46697    ,  0.0489127  ])
31219   , -1410.47    , array([ 1.49407    ,  0.100483   ,  4.22074    ,  2.46697    ,  0.0489127  ])
31220   , -1405.95    , array([ 1.49407    ,  0.100483   ,  3.85747    ,  2.46697    ,  0.0489127  ])
31221   , -1405.95    , array([ 1.49407    ,  0.100483   ,  3.85129    ,  2.46697    ,  0.0489127  ])
31222   , -1405.95    , array([ 1.49407    ,  0.100483   ,  3.85117    ,  2.46697    ,  0.0489127  ])
31223   , -1405.95    , array([ 1.49407    ,  0.100483   ,  3.85104    ,  2.46697    ,  0.0489127  ])
31224   , -1405.95    , array([ 1.49407    ,  0.100483   ,  3.85117    ,  2.46697    ,  0.0489127  ])
31225   , -1459.06    , array([ 1.49407    ,  0.100483   ,  3.85117    ,  3.46697    ,  0.0489127  ])
31226   , -1644.75    , array([ 1.49407    ,  0.100483   ,  3.85117    ,  0.848936   ,  0.0489127  ])
31227   , -1405.95    , array([ 1.49407    ,  0.100483   ,  3.85117    ,  2.46697    ,  0.0489127  ])
31228   , -1442.24    , array([ 1.49407    ,  0.100483   ,  3.85117    ,  1.84894    ,  0.0489127  ])
31229   , -1411.35    , array([ 1.49407    ,  0.100483   ,  3.85117    ,  2.84894    ,  0.0489127  ])
31230   , -1405.44    , array([ 1.49407    ,  0.100483   ,  3.85117    ,  2.56091    ,  0.0489127  ])
31231   , -1405.43    , array([ 1.49407    ,  0.100483   ,  3.85117    ,  2.55423    ,  0.0489127  ])
31232   , -1405.43    , array([ 1.49407    ,  0.100483   ,  3.85117    ,  2.55319    ,  0.0489127  ])
31233   , -1405.43    , array([ 1.49407    ,  0.100483   ,  3.85117    ,  2.55232    ,  0.0489127  ])
31234   , -1405.43    , array([ 1.49407    ,  0.100483   ,  3.85117    ,  2.55319    ,  0.0489127  ])
31235   , -1401.88    , array([ 1.48065    ,  0.097088   ,  3.91374    ,  2.36632    ,  0.0469632  ])
31236   , -1416.28    , array([ 1.45894    ,  0.0915955  ,  4.01498    ,  2.06397    ,  0.0438088  ])
31237   , -1401.88    , array([ 1.48065    ,  0.097088   ,  3.91374    ,  2.36632    ,  0.0469632  ])
31238   , -1404.63    , array([ 1.47236    ,  0.09499    ,  3.95241    ,  2.25083    ,  0.0457583  ])
31239   , -1402.02    , array([ 1.48578    ,  0.0983846  ,  3.88984    ,  2.4377     ,  0.0477078  ])
31240   , -1401.76    , array([ 1.48268    ,  0.0976021  ,  3.90426    ,  2.39462    ,  0.0472584  ])
31241   , -1401.76    , array([ 1.4828     ,  0.0976309  ,  3.90373    ,  2.39621    ,  0.047275   ])
31242   , -1401.76    , array([ 1.48257    ,  0.0975733  ,  3.90479    ,  2.39303    ,  0.0472419  ])
31243   , -1395.13    , array([ 1.42073    ,  0.0954539  ,  4.10115    ,  2.15004    ,  0.045994   ])
31244   , -1401.76    , array([ 1.48268    ,  0.0976021  ,  3.90426    ,  2.39462    ,  0.0472584  ])
31245   , -1395.13    , array([ 1.42073    ,  0.0954539  ,  4.10115    ,  2.15004    ,  0.045994   ])
31246   , -1404.25    , array([ 1.32048    ,  0.091978   ,  4.41972    ,  1.75429    ,  0.0439482  ])
31247   , -1395.13    , array([ 1.42073    ,  0.0954539  ,  4.10115    ,  2.15004    ,  0.045994   ])
31248   , -1395.81    , array([ 1.38244    ,  0.0941262  ,  4.22283    ,  1.99887    ,  0.0452126  ])
31249   , -1396.52    , array([ 1.44439    ,  0.0962744  ,  4.02594    ,  2.24346    ,  0.046477   ])
31250   , -1394.96    , array([ 1.40878    ,  0.0950395  ,  4.13913    ,  2.10286    ,  0.0457501  ])
31251   , -1394.96    , array([ 1.40952    ,  0.0950651  ,  4.13678    ,  2.10578    ,  0.0457652  ])
31252   , -1394.96    , array([ 1.40804    ,  0.0950139  ,  4.14147    ,  2.09994    ,  0.045735   ])
31253   , -1394.96    , array([ 1.40878    ,  0.0950395  ,  4.13913    ,  2.10286    ,  0.0457501  ])
31254   , -1410.44    , array([ 1.39536    ,  0.0916449  ,  4.2017     ,  1.91599    ,  0.0438006  ])
31255   , -1388.97    , array([ 1.43049    ,  0.100532   ,  4.03789    ,  2.40521    ,  0.0489045  ])
31256   , -1388.05    , array([ 1.42515    ,  0.0991812  ,  4.06278    ,  2.33085    ,  0.0481287  ])
31257   , -1388.05    , array([ 1.42515    ,  0.0991812  ,  4.06278    ,  2.33085    ,  0.0481287  ])
31258   , -1389.01    , array([ 1.4189     ,  0.0975992  ,  4.09194    ,  2.24377    ,  0.0472202  ])
31259   , -1388.16    , array([ 1.42276    ,  0.0985769  ,  4.07392    ,  2.29759    ,  0.0477817  ])
31260   , -1388.05    , array([ 1.42481    ,  0.0990944  ,  4.06438    ,  2.32607    ,  0.0480788  ])
31261   , -1388.05    , array([ 1.42465    ,  0.0990538  ,  4.06513    ,  2.32384    ,  0.0480556  ])
31262   , -1388.05    , array([ 1.42497    ,  0.0991349  ,  4.06364    ,  2.3283     ,  0.0481021  ])
31263   , -1388.05    , array([ 1.42481    ,  0.0990944  ,  4.06438    ,  2.32607    ,  0.0480788  ])
31264   , -1443.47    , array([ 1.54712    ,  0.085507   ,  3.83776    ,  2.2779     ,  0.0365719  ])
31265   , -1399.13    , array([ 1.2269     ,  0.121079   ,  4.43108    ,  2.40402    ,  0.0666974  ])
31266   , -1388.05    , array([ 1.42481    ,  0.0990944  ,  4.06438    ,  2.32607    ,  0.0480788  ])
31267   , -1389.75    , array([ 1.34922    ,  0.107492   ,  4.20445    ,  2.35584    ,  0.0551905  ])
31268   , -1394.07    , array([ 1.47153    ,  0.0939045  ,  3.97782    ,  2.30767    ,  0.0436836  ])
31269   , -1387.82    , array([ 1.39612    ,  0.102282   ,  4.11755    ,  2.33737    ,  0.0507781  ])
31270   , -1387.72    , array([ 1.40443    ,  0.101358   ,  4.10215    ,  2.3341     ,  0.0499962  ])
31271   , -1387.72    , array([ 1.40638    ,  0.101142   ,  4.09854    ,  2.33333    ,  0.0498128  ])
31272   , -1387.72    , array([ 1.40736    ,  0.101033   ,  4.09671    ,  2.33294    ,  0.0497203  ])
31273   , -1387.72    , array([ 1.40719    ,  0.101052   ,  4.09704    ,  2.33301    ,  0.0497367  ])
31274   , -1387.72    , array([ 1.40701    ,  0.101072   ,  4.09736    ,  2.33308    ,  0.0497533  ])
31275   , -1387.72    , array([ 1.40719    ,  0.101052   ,  4.09704    ,  2.33301    ,  0.0497367  ])
31276   , -1418       , array([ 1.40719    ,  0.101052   ,  5.09704    ,  2.33301    ,  0.0497367  ])
31277   , -1489.01    , array([ 1.40719    ,  0.101052   ,  2.479      ,  2.33301    ,  0.0497367  ])
31278   , -1387.72    , array([ 1.40719    ,  0.101052   ,  4.09704    ,  2.33301    ,  0.0497367  ])
31279   , -1402.47    , array([ 1.40719    ,  0.101052   ,  3.479      ,  2.33301    ,  0.0497367  ])
31280   , -1391.79    , array([ 1.40719    ,  0.101052   ,  4.479      ,  2.33301    ,  0.0497367  ])
31281   , -1387.69    , array([ 1.40719    ,  0.101052   ,  4.13357    ,  2.33301    ,  0.0497367  ])
31282   , -1387.69    , array([ 1.40719    ,  0.101052   ,  4.12798    ,  2.33301    ,  0.0497367  ])
31283   , -1387.69    , array([ 1.40719    ,  0.101052   ,  4.12767    ,  2.33301    ,  0.0497367  ])
31284   , -1387.69    , array([ 1.40719    ,  0.101052   ,  4.12736    ,  2.33301    ,  0.0497367  ])
31285   , -1387.69    , array([ 1.40719    ,  0.101052   ,  4.12767    ,  2.33301    ,  0.0497367  ])
31286   , -1425.14    , array([ 1.40719    ,  0.101052   ,  4.12767    ,  3.33301    ,  0.0497367  ])
31287   , -1672.92    , array([ 1.40719    ,  0.101052   ,  4.12767    ,  0.714979   ,  0.0497367  ])
31288   , -1387.69    , array([ 1.40719    ,  0.101052   ,  4.12767    ,  2.33301    ,  0.0497367  ])
31289   , -1437.86    , array([ 1.40719    ,  0.101052   ,  4.12767    ,  1.71498    ,  0.0497367  ])
31290   , -1386.24    , array([ 1.40719    ,  0.101052   ,  4.12767    ,  2.71498    ,  0.0497367  ])
31291   , -1384.31    , array([ 1.40719    ,  0.101052   ,  4.12767    ,  2.54838    ,  0.0497367  ])
31292   , -1384.31    , array([ 1.40719    ,  0.101052   ,  4.12767    ,  2.55054    ,  0.0497367  ])
31293   , -1384.31    , array([ 1.40719    ,  0.101052   ,  4.12767    ,  2.54623    ,  0.0497367  ])
31294   , -1384.31    , array([ 1.40719    ,  0.101052   ,  4.12767    ,  2.54838    ,  0.0497367  ])
31295   , -1369.7     , array([ 1.33328    ,  0.0984894  ,  4.36253    ,  2.25662    ,  0.0482284  ])
31296   , -1378.07    , array([ 1.2137     ,  0.0943431  ,  4.74255    ,  1.78454    ,  0.0457879  ])
31297   , -1369.7     , array([ 1.33328    ,  0.0984894  ,  4.36253    ,  2.25662    ,  0.0482284  ])
31298   , -1368.32    , array([ 1.2876     ,  0.0969056  ,  4.50768    ,  2.0763     ,  0.0472962  ])
31299   , -1370.32    , array([ 1.25937    ,  0.0959268  ,  4.59739    ,  1.96486    ,  0.0467201  ])
31300   , -1368.13    , array([ 1.2994     ,  0.0973146  ,  4.4702     ,  2.12287    ,  0.047537   ])
31301   , -1368.13    , array([ 1.30048    ,  0.097352   ,  4.46678    ,  2.12712    ,  0.047559   ])
31302   , -1368.13    , array([ 1.29832    ,  0.0972772  ,  4.47363    ,  2.11861    ,  0.047515   ])
31303   , -1352.25    , array([ 1.11611    ,  0.0970272  ,  5.03614    ,  1.85111    ,  0.0478155  ])
31304   , -1368.13    , array([ 1.2994     ,  0.0973146  ,  4.4702     ,  2.12287    ,  0.047537   ])
31305   , -1352.25    , array([ 1.11611    ,  0.0970272  ,  5.03614    ,  1.85111    ,  0.0478155  ])
31306   , -1415.8     , array([ 0.819551   ,  0.0965621  ,  5.95185    ,  1.4114     ,  0.0482662  ])
31307   , -1352.25    , array([ 1.11611    ,  0.0970272  ,  5.03614    ,  1.85111    ,  0.0478155  ])
31308   , -1357.49    , array([ 1.00284    ,  0.0968495  ,  5.38591    ,  1.68316    ,  0.0479877  ])
31309   , -1355.55    , array([ 1.18612    ,  0.097137   ,  4.81997    ,  1.95491    ,  0.0477091  ])
31310   , -1352.12    , array([ 1.10486    ,  0.0970095  ,  5.07089    ,  1.83442    ,  0.0478326  ])
31311   , -1352.1     , array([ 1.09732    ,  0.0969977  ,  5.09417    ,  1.82325    ,  0.0478441  ])
31312   , -1352.1     , array([ 1.09934    ,  0.0970009  ,  5.08793    ,  1.82624    ,  0.047841   ])
31313   , -1352.1     , array([ 1.10134    ,  0.097004   ,  5.08175    ,  1.82921    ,  0.047838   ])
31314   , -1352.1     , array([ 1.09934    ,  0.0970009  ,  5.08793    ,  1.82624    ,  0.047841   ])
31315   , -1380.08    , array([ 1.08592    ,  0.0936063  ,  5.1505     ,  1.63938    ,  0.0458915  ])
31316   , -1328.2     , array([ 1.12105    ,  0.102493   ,  4.98669    ,  2.1286     ,  0.0509954  ])
31317   , -1326.97    , array([ 1.12985    ,  0.104718   ,  4.94568    ,  2.25105    ,  0.0522729  ])
31318   , -1336.34    , array([ 1.14408    ,  0.108317   ,  4.87934    ,  2.44919    ,  0.05434    ])
31319   , -1326.97    , array([ 1.12985    ,  0.104718   ,  4.94568    ,  2.25105    ,  0.0522729  ])
31320   , -1328.85    , array([ 1.13528    ,  0.106093   ,  4.92034    ,  2.32673    ,  0.0530625  ])
31321   , -1326.83    , array([ 1.12649    ,  0.103868   ,  4.96134    ,  2.20428    ,  0.0517849  ])
31322   , -1326.79    , array([ 1.12755    ,  0.104135   ,  4.95642    ,  2.21899    ,  0.0519384  ])
31323   , -1326.79    , array([ 1.12726    ,  0.104064   ,  4.95773    ,  2.21506    ,  0.0518974  ])
31324   , -1326.79    , array([ 1.12783    ,  0.104207   ,  4.9551     ,  2.22291    ,  0.0519793  ])
31325   , -1326.79    , array([ 1.12755    ,  0.104135   ,  4.95642    ,  2.21899    ,  0.0519384  ])
31326   , -1372.91    , array([ 1.24986    ,  0.090548   ,  4.72979    ,  2.17081    ,  0.0404314  ])
31327   , -1366.89    , array([ 0.929642   ,  0.12612    ,  5.32311    ,  2.29693    ,  0.070557   ])
31328   , -1326.79    , array([ 1.12755    ,  0.104135   ,  4.95642    ,  2.21899    ,  0.0519384  ])
31329   , -1328.49    , array([ 1.05195    ,  0.112533   ,  5.09648    ,  2.24876    ,  0.05905    ])
31330   , -1334.07    , array([ 1.17426    ,  0.0989455  ,  4.86986    ,  2.20059    ,  0.0475431  ])
31331   , -1325.75    , array([ 1.09748    ,  0.107475   ,  5.01213    ,  2.23083    ,  0.0547669  ])
31332   , -1325.75    , array([ 1.09873    ,  0.107337   ,  5.00982    ,  2.23034    ,  0.0546495  ])
31333   , -1325.75    , array([ 1.09923    ,  0.107281   ,  5.00889    ,  2.23014    ,  0.0546024  ])
31334   , -1325.75    , array([ 1.09951    ,  0.10725    ,  5.00836    ,  2.23003    ,  0.0545758  ])
31335   , -1325.75    , array([ 1.09923    ,  0.107281   ,  5.00889    ,  2.23014    ,  0.0546024  ])
31336   , -1371       , array([ 1.09923    ,  0.107281   ,  6.00889    ,  2.23014    ,  0.0546024  ])
31337   , -1411.75    , array([ 1.09923    ,  0.107281   ,  3.39085    ,  2.23014    ,  0.0546024  ])
31338   , -1325.75    , array([ 1.09923    ,  0.107281   ,  5.00889    ,  2.23014    ,  0.0546024  ])
31339   , -1333.31    , array([ 1.09923    ,  0.107281   ,  4.39085    ,  2.23014    ,  0.0546024  ])
31340   , -1335.07    , array([ 1.09923    ,  0.107281   ,  5.39085    ,  2.23014    ,  0.0546024  ])
31341   , -1324.94    , array([ 1.09923    ,  0.107281   ,  4.86686    ,  2.23014    ,  0.0546024  ])
31342   , -1324.94    , array([ 1.09923    ,  0.107281   ,  4.86237    ,  2.23014    ,  0.0546024  ])
31343   , -1324.94    , array([ 1.09923    ,  0.107281   ,  4.86044    ,  2.23014    ,  0.0546024  ])
31344   , -1324.94    , array([ 1.09923    ,  0.107281   ,  4.85895    ,  2.23014    ,  0.0546024  ])
31345   , -1324.94    , array([ 1.09923    ,  0.107281   ,  4.86044    ,  2.23014    ,  0.0546024  ])
31346   , -1378.08    , array([ 1.09923    ,  0.107281   ,  4.86044    ,  3.23014    ,  0.0546024  ])
31347   , -1644.42    , array([ 1.09923    ,  0.107281   ,  4.86044    ,  0.612105   ,  0.0546024  ])
31348   , -1324.94    , array([ 1.09923    ,  0.107281   ,  4.86044    ,  2.23014    ,  0.0546024  ])
31349   , -1377.09    , array([ 1.09923    ,  0.107281   ,  4.86044    ,  1.6121     ,  0.0546024  ])
31350   , -1327.14    , array([ 1.09923    ,  0.107281   ,  4.86044    ,  2.6121     ,  0.0546024  ])
31351   , -1322.91    , array([ 1.09923    ,  0.107281   ,  4.86044    ,  2.38916    ,  0.0546024  ])
31352   , -1322.91    , array([ 1.09923    ,  0.107281   ,  4.86044    ,  2.38643    ,  0.0546024  ])
31353   , -1322.91    , array([ 1.09923    ,  0.107281   ,  4.86044    ,  2.38474    ,  0.0546024  ])
31354   , -1322.91    , array([ 1.09923    ,  0.107281   ,  4.86044    ,  2.38319    ,  0.0546024  ])
31355   , -1322.91    , array([ 1.09923    ,  0.107281   ,  4.86044    ,  2.38474    ,  0.0546024  ])
31356   , -1327.24    , array([ 0.899172   ,  0.106967   ,  5.47816    ,  2.08811    ,  0.0549065  ])
31357   , -1410.33    , array([ 1.42293    ,  0.107789   ,  3.86094    ,  2.86468    ,  0.0541105  ])
31358   , -1322.91    , array([ 1.09923    ,  0.107281   ,  4.86044    ,  2.38474    ,  0.0546024  ])
31359   , -1347.69    , array([ 1.22287    ,  0.107475   ,  4.47866    ,  2.56806    ,  0.0544145  ])
31360   , -1316.08    , array([ 1.02281    ,  0.107161   ,  5.09639    ,  2.27144    ,  0.0547186  ])
31361   , -1316.21    , array([ 0.980707   ,  0.107095   ,  5.2264     ,  2.20901    ,  0.0547825  ])
31362   , -1315.75    , array([ 1.00374    ,  0.107131   ,  5.15527    ,  2.24316    ,  0.0547475  ])
31363   , -1315.75    , array([ 1.00279    ,  0.10713    ,  5.15822    ,  2.24175    ,  0.054749   ])
31364   , -1315.75    , array([ 1.00182    ,  0.107128   ,  5.1612     ,  2.24032    ,  0.0547505  ])
31365   , -1484.37    , array([ 0.70618    ,  0.116945   ,  5.84623    ,  2.36063    ,  0.061961   ])
31366   , -1315.75    , array([ 1.00279    ,  0.10713    ,  5.15822    ,  2.24175    ,  0.054749   ])
31367   , -1323.98    , array([ 0.98937    ,  0.103735   ,  5.22079    ,  2.05488    ,  0.0527995  ])
31368   , -1331.68    , array([ 1.0245     ,  0.112622   ,  5.05698    ,  2.5441     ,  0.0579034  ])
31369   , -1315.75    , array([ 1.00279    ,  0.10713    ,  5.15822    ,  2.24175    ,  0.054749   ])
31370   , -1317.43    , array([ 1.01108    ,  0.109228   ,  5.11955    ,  2.35724    ,  0.0559538  ])
31371   , -1317.33    , array([ 0.997663   ,  0.105833   ,  5.18212    ,  2.17037    ,  0.0540043  ])
31372   , -1315.66    , array([ 1.00427    ,  0.107505   ,  5.15131    ,  2.26237    ,  0.0549642  ])
31373   , -1315.66    , array([ 1.00431    ,  0.107515   ,  5.15112    ,  2.26296    ,  0.0549703  ])
31374   , -1315.66    , array([ 1.0043     ,  0.107511   ,  5.15119    ,  2.26275    ,  0.0549681  ])
31375   , -1315.66    , array([ 1.0043     ,  0.107511   ,  5.15119    ,  2.26275    ,  0.0549681  ])
31376   , -1335.71    , array([ 1.12661    ,  0.093924   ,  4.92456    ,  2.21457    ,  0.0434611  ])
31377   , -1432.75    , array([ 0.806393   ,  0.129496   ,  5.51788    ,  2.34069    ,  0.0735866  ])
31378   , -1315.66    , array([ 1.0043     ,  0.107511   ,  5.15119    ,  2.26275    ,  0.0549681  ])
31379   , -1334.79    , array([ 0.928705   ,  0.115909   ,  5.29125    ,  2.29252    ,  0.0620797  ])
31380   , -1314.84    , array([ 1.05102    ,  0.102321   ,  5.06462    ,  2.24434    ,  0.0505728  ])
31381   , -1314.16    , array([ 1.03219    ,  0.104412   ,  5.0995     ,  2.25176    ,  0.0523435  ])
31382   , -1314.16    , array([ 1.03247    ,  0.104381   ,  5.09898    ,  2.25165    ,  0.0523172  ])
31383   , -1314.16    , array([ 1.03276    ,  0.10435    ,  5.09846    ,  2.25154    ,  0.0522907  ])
31384   , -1314.16    , array([ 1.03247    ,  0.104381   ,  5.09898    ,  2.25165    ,  0.0523172  ])
31385   , -1353.8     , array([ 1.03247    ,  0.104381   ,  6.09898    ,  2.25165    ,  0.0523172  ])
31386   , -1399.03    , array([ 1.03247    ,  0.104381   ,  3.48094    ,  2.25165    ,  0.0523172  ])
31387   , -1314.16    , array([ 1.03247    ,  0.104381   ,  5.09898    ,  2.25165    ,  0.0523172  ])
31388   , -1322.99    , array([ 1.03247    ,  0.104381   ,  4.48094    ,  2.25165    ,  0.0523172  ])
31389   , -1321.82    , array([ 1.03247    ,  0.104381   ,  5.48094    ,  2.25165    ,  0.0523172  ])
31390   , -1313.77    , array([ 1.03247    ,  0.104381   ,  4.99788    ,  2.25165    ,  0.0523172  ])
31391   , -1313.77    , array([ 1.03247    ,  0.104381   ,  4.99001    ,  2.25165    ,  0.0523172  ])
31392   , -1313.77    , array([ 1.03247    ,  0.104381   ,  4.99143    ,  2.25165    ,  0.0523172  ])
31393   , -1313.77    , array([ 1.03247    ,  0.104381   ,  4.9925     ,  2.25165    ,  0.0523172  ])
31394   , -1313.77    , array([ 1.03247    ,  0.104381   ,  4.99143    ,  2.25165    ,  0.0523172  ])
31395   , -1373.16    , array([ 1.03247    ,  0.104381   ,  4.99143    ,  3.25165    ,  0.0523172  ])
31396   , -1591.16    , array([ 1.03247    ,  0.104381   ,  4.99143    ,  0.633613   ,  0.0523172  ])
31397   , -1313.77    , array([ 1.03247    ,  0.104381   ,  4.99143    ,  2.25165    ,  0.0523172  ])
31398   , -1355.7     , array([ 1.03247    ,  0.104381   ,  4.99143    ,  1.63361    ,  0.0523172  ])
31399   , -1319.66    , array([ 1.03247    ,  0.104381   ,  4.99143    ,  2.63361    ,  0.0523172  ])
31400   , -1313.12    , array([ 1.03247    ,  0.104381   ,  4.99143    ,  2.35003    ,  0.0523172  ])
31401   , -1313.12    , array([ 1.03247    ,  0.104381   ,  4.99143    ,  2.343      ,  0.0523172  ])
31402   , -1313.12    , array([ 1.03247    ,  0.104381   ,  4.99143    ,  2.34183    ,  0.0523172  ])
31403   , -1313.12    , array([ 1.03247    ,  0.104381   ,  4.99143    ,  2.34093    ,  0.0523172  ])
31404   , -1313.12    , array([ 1.03247    ,  0.104381   ,  4.99143    ,  2.34183    ,  0.0523172  ])
31405   , -1345.63    , array([ 0.832417   ,  0.104067   ,  5.60915    ,  2.04521    ,  0.0526213  ])
31406   , -1383.34    , array([ 1.35617    ,  0.104889   ,  3.99193    ,  2.82178    ,  0.0518253  ])
31407   , -1313.12    , array([ 1.03247    ,  0.104381   ,  4.99143    ,  2.34183    ,  0.0523172  ])
31408   , -1329.36    , array([ 1.15612    ,  0.104575   ,  4.60965    ,  2.52515    ,  0.0521293  ])
31409   , -1314.12    , array([ 0.956059   ,  0.104261   ,  5.22738    ,  2.22853    ,  0.0524334  ])
31410   , -1312.26    , array([ 1.00334    ,  0.104335   ,  5.0814     ,  2.29863    ,  0.0523615  ])
31411   , -1312.26    , array([ 1.00157    ,  0.104333   ,  5.08685    ,  2.29601    ,  0.0523642  ])
31412   , -1312.26    , array([ 1.00032    ,  0.104331   ,  5.09072    ,  2.29416    ,  0.0523661  ])
31413   , -1312.26    , array([ 1.00064    ,  0.104331   ,  5.08972    ,  2.29463    ,  0.0523656  ])
31414   , -1312.26    , array([ 0.999997   ,  0.10433    ,  5.09171    ,  2.29368    ,  0.0523666  ])
31415   , -1311.7     , array([ 0.997848   ,  0.101532   ,  5.02321    ,  2.34657    ,  0.0499832  ])
31416   , -1312.26    , array([ 1.00032    ,  0.104331   ,  5.09072    ,  2.29416    ,  0.0523661  ])
31417   , -1311.7     , array([ 0.997848   ,  0.101532   ,  5.02321    ,  2.34657    ,  0.0499832  ])
31418   , -1318.94    , array([ 0.993851   ,  0.0970027  ,  4.91399    ,  2.43137    ,  0.0461276  ])
31419   , -1311.7     , array([ 0.997848   ,  0.101532   ,  5.02321    ,  2.34657    ,  0.0499832  ])
31420   , -1313.12    , array([ 0.996322   ,  0.0998018  ,  4.98149    ,  2.37896    ,  0.0485105  ])
31421   , -1311.53    , array([ 0.998792   ,  0.102601   ,  5.049      ,  2.32655    ,  0.0508934  ])
31422   , -1311.52    , array([ 0.998625   ,  0.102412   ,  5.04444    ,  2.33009    ,  0.0507324  ])
31423   , -1311.52    , array([ 0.998648   ,  0.102438   ,  5.04506    ,  2.32961    ,  0.0507544  ])
31424   , -1311.52    , array([ 0.998664   ,  0.102456   ,  5.04552    ,  2.32925    ,  0.0507705  ])
31425   , -1311.52    , array([ 0.998648   ,  0.102438   ,  5.04506    ,  2.32961    ,  0.0507544  ])
31426   , -1315.88    , array([ 0.985229   ,  0.099043   ,  5.10763    ,  2.14274    ,  0.0488049  ])
31427   , -1330.21    , array([ 1.02036    ,  0.10793    ,  4.94382    ,  2.63196    ,  0.0539087  ])
31428   , -1311.52    , array([ 0.998648   ,  0.102438   ,  5.04506    ,  2.32961    ,  0.0507544  ])
31429   , -1314.75    , array([ 1.00694    ,  0.104536   ,  5.00639    ,  2.44509    ,  0.0519592  ])
31430   , -1311.83    , array([ 0.993522   ,  0.101141   ,  5.06896    ,  2.25823    ,  0.0500097  ])
31431   , -1311.43    , array([ 0.996983   ,  0.102016   ,  5.05282    ,  2.30642    ,  0.0505125  ])
31432   , -1311.43    , array([ 0.997002   ,  0.102021   ,  5.05273    ,  2.30668    ,  0.0505152  ])
31433   , -1311.43    , array([ 0.997018   ,  0.102025   ,  5.05266    ,  2.30691    ,  0.0505176  ])
31434   , -1311.43    , array([ 0.997002   ,  0.102021   ,  5.05273    ,  2.30668    ,  0.0505152  ])
31435   , -1362.8     , array([ 0.796945   ,  0.101707   ,  5.67046    ,  2.01006    ,  0.0508192  ])
31436   , -1369.6     , array([ 1.3207     ,  0.102529   ,  4.05323    ,  2.78662    ,  0.0500233  ])
31437   , -1311.43    , array([ 0.997002   ,  0.102021   ,  5.05273    ,  2.30668    ,  0.0505152  ])
31438   , -1321.81    , array([ 1.12064    ,  0.102215   ,  4.67096    ,  2.49       ,  0.0503273  ])
31439   , -1317.7     , array([ 0.920587   ,  0.101901   ,  5.28868    ,  2.19338    ,  0.0506313  ])
31440   , -1311.47    , array([ 1.00826    ,  0.102039   ,  5.01798    ,  2.32337    ,  0.0504981  ])
31441   , -1311.42    , array([ 1.00091    ,  0.102027   ,  5.04066    ,  2.31248    ,  0.0505093  ])
31442   , -1311.42    , array([ 1.00067    ,  0.102027   ,  5.04141    ,  2.31212    ,  0.0505096  ])
31443   , -1311.42    , array([ 1.00063    ,  0.102027   ,  5.04153    ,  2.31206    ,  0.0505097  ])
31444   , -1311.42    , array([ 1.00059    ,  0.102027   ,  5.04164    ,  2.31201    ,  0.0505098  ])
31445   , -1311.42    , array([ 1.00063    ,  0.102027   ,  5.04153    ,  2.31206    ,  0.0505097  ])
31446   , -1344.17    , array([ 1.00063    ,  0.102027   ,  6.04153    ,  2.31206    ,  0.0505097  ])
31447   , -1401.22    , array([ 1.00063    ,  0.102027   ,  3.42349    ,  2.31206    ,  0.0505097  ])
31448   , -1311.42    , array([ 1.00063    ,  0.102027   ,  5.04153    ,  2.31206    ,  0.0505097  ])
31449   , -1323.14    , array([ 1.00063    ,  0.102027   ,  4.42349    ,  2.31206    ,  0.0505097  ])
31450   , -1316.75    , array([ 1.00063    ,  0.102027   ,  5.42349    ,  2.31206    ,  0.0505097  ])
31451   , -1311.4     , array([ 1.00063    ,  0.102027   ,  5.02057    ,  2.31206    ,  0.0505097  ])
31452   , -1311.4     , array([ 1.00063    ,  0.102027   ,  5.01409    ,  2.31206    ,  0.0505097  ])
31453   , -1311.4     , array([ 1.00063    ,  0.102027   ,  5.01443    ,  2.31206    ,  0.0505097  ])
31454   , -1311.4     , array([ 1.00063    ,  0.102027   ,  5.0147     ,  2.31206    ,  0.0505097  ])
31455   , -1311.4     , array([ 1.00063    ,  0.102027   ,  5.01443    ,  2.31206    ,  0.0505097  ])
31456   , -1377.61    , array([ 1.00063    ,  0.102027   ,  5.01443    ,  3.31206    ,  0.0505097  ])
31457   , -1550.22    , array([ 1.00063    ,  0.102027   ,  5.01443    ,  0.694029   ,  0.0505097  ])
31458   , -1311.4     , array([ 1.00063    ,  0.102027   ,  5.01443    ,  2.31206    ,  0.0505097  ])
31459   , -1343.63    , array([ 1.00063    ,  0.102027   ,  5.01443    ,  1.69403    ,  0.0505097  ])
31460   , -1321.01    , array([ 1.00063    ,  0.102027   ,  5.01443    ,  2.69403    ,  0.0505097  ])
31461   , -1311.38    , array([ 1.00063    ,  0.102027   ,  5.01443    ,  2.34025    ,  0.0505097  ])
31462   , -1311.38    , array([ 1.00063    ,  0.102027   ,  5.01443    ,  2.32946    ,  0.0505097  ])
31463   , -1311.38    , array([ 1.00063    ,  0.102027   ,  5.01443    ,  2.32929    ,  0.0505097  ])
31464   , -1311.38    , array([ 1.00063    ,  0.102027   ,  5.01443    ,  2.32911    ,  0.0505097  ])
31465   , -1311.38    , array([ 1.00063    ,  0.102027   ,  5.01443    ,  2.32929    ,  0.0505097  ])
31466   , -1312.16    , array([ 0.99896    ,  0.100134   ,  4.96877    ,  2.36473    ,  0.048898   ])
31467   , -1313.29    , array([ 1.00333    ,  0.10509    ,  5.0883     ,  2.27193    ,  0.0531175  ])
31468   , -1311.38    , array([ 1.00063    ,  0.102027   ,  5.01443    ,  2.32929    ,  0.0505097  ])
31469   , -1311.68    , array([ 1.00166    ,  0.103197   ,  5.04264    ,  2.30738    ,  0.0515058  ])
31470   , -1311.48    , array([ 0.999993   ,  0.101304   ,  4.99699    ,  2.34283    ,  0.0498941  ])
31471   , -1311.38    , array([ 1.00061    ,  0.102003   ,  5.01384    ,  2.32974    ,  0.0504891  ])
31472   , -1311.38    , array([ 1.0006     ,  0.101992   ,  5.01359    ,  2.32993    ,  0.0504802  ])
31473   , -1311.38    , array([ 1.0006     ,  0.101992   ,  5.01358    ,  2.32994    ,  0.0504799  ])
31474   , -1311.38    , array([ 1.0006     ,  0.101991   ,  5.01357    ,  2.32995    ,  0.0504796  ])
31475   , -1312.14    , array([ 1.00088    ,  0.0996528  ,  4.93645    ,  2.36572    ,  0.0485937  ])
31476   , -1311.38    , array([ 1.0006     ,  0.101992   ,  5.01358    ,  2.32994    ,  0.0504799  ])
31477   , -1316.48    , array([ 0.987181   ,  0.0985972  ,  5.07615    ,  2.14308    ,  0.0485304  ])
31478   , -1328.61    , array([ 1.02231    ,  0.107484   ,  4.91234    ,  2.63229    ,  0.0536343  ])
31479   , -1311.38    , array([ 1.0006     ,  0.101992   ,  5.01358    ,  2.32994    ,  0.0504799  ])
31480   , -1314.08    , array([ 1.00889    ,  0.10409    ,  4.97491    ,  2.44543    ,  0.0516848  ])
31481   , -1311.98    , array([ 0.995474   ,  0.100695   ,  5.03748    ,  2.25856    ,  0.0497352  ])
31482   , -1311.36    , array([ 0.999826   ,  0.101796   ,  5.01719    ,  2.31917    ,  0.0503675  ])
31483   , -1311.36    , array([ 0.999861   ,  0.101805   ,  5.01703    ,  2.31964    ,  0.0503725  ])
31484   , -1311.36    , array([ 0.999868   ,  0.101807   ,  5.01699    ,  2.31975    ,  0.0503735  ])
31485   , -1311.36    , array([ 0.999853   ,  0.101803   ,  5.01706    ,  2.31954    ,  0.0503714  ])
31486   , -1311.36    , array([ 0.999861   ,  0.101805   ,  5.01703    ,  2.31964    ,  0.0503725  ])
31487   , -1361.46    , array([ 0.799804   ,  0.101491   ,  5.63475    ,  2.02302    ,  0.0506765  ])
31488   , -1370.12    , array([ 1.32356    ,  0.102312   ,  4.01753    ,  2.79959    ,  0.0498805  ])
31489   , -1311.36    , array([ 0.999861   ,  0.101805   ,  5.01703    ,  2.31964    ,  0.0503725  ])
31490   , -1322.04    , array([ 1.1235     ,  0.101999   ,  4.63525    ,  2.50297    ,  0.0501846  ])
31491   , -1317.31    , array([ 0.923446   ,  0.101685   ,  5.25298    ,  2.20634    ,  0.0504886  ])
31492   , -1311.4     , array([ 1.0091     ,  0.101819   ,  4.98851    ,  2.33334    ,  0.0503584  ])
31493   , -1311.36    , array([ 1.00196    ,  0.101808   ,  5.01056    ,  2.32275    ,  0.0503693  ])
31494   , -1311.35    , array([ 1.00161    ,  0.101807   ,  5.01163    ,  2.32224    ,  0.0503698  ])
31495   , -1311.35    , array([ 1.00159    ,  0.101807   ,  5.01168    ,  2.32221    ,  0.0503698  ])
31496   , -1311.35    , array([ 1.00163    ,  0.101808   ,  5.01158    ,  2.32226    ,  0.0503698  ])
31497   , -1311.35    , array([ 1.00161    ,  0.101807   ,  5.01163    ,  2.32224    ,  0.0503698  ])
31498   , -1342.74    , array([ 1.00161    ,  0.101807   ,  6.01163    ,  2.32224    ,  0.0503698  ])
31499   , -1403.28    , array([ 1.00161    ,  0.101807   ,  3.3936     ,  2.32224    ,  0.0503698  ])
31500   , -1311.35    , array([ 1.00161    ,  0.101807   ,  5.01163    ,  2.32224    ,  0.0503698  ])
31501   , -1323.9     , array([ 1.00161    ,  0.101807   ,  4.3936     ,  2.32224    ,  0.0503698  ])
31502   , -1316.17    , array([ 1.00161    ,  0.101807   ,  5.3936     ,  2.32224    ,  0.0503698  ])
31503   , -1311.35    , array([ 1.00161    ,  0.101807   ,  5.01114    ,  2.32224    ,  0.0503698  ])
31504   , -1311.35    , array([ 1.00161    ,  0.101807   ,  5.00509    ,  2.32224    ,  0.0503698  ])
31505   , -1311.35    , array([ 1.00161    ,  0.101807   ,  5.00521    ,  2.32224    ,  0.0503698  ])
31506   , -1311.35    , array([ 1.00161    ,  0.101807   ,  5.00527    ,  2.32224    ,  0.0503698  ])
31507   , -1311.35    , array([ 1.00161    ,  0.101807   ,  5.00521    ,  2.32224    ,  0.0503698  ])
31508   , -1377.77    , array([ 1.00161    ,  0.101807   ,  5.00521    ,  3.32224    ,  0.0503698  ])
31509   , -1547.55    , array([ 1.00161    ,  0.101807   ,  5.00521    ,  0.704202   ,  0.0503698  ])
31510   , -1311.35    , array([ 1.00161    ,  0.101807   ,  5.00521    ,  2.32224    ,  0.0503698  ])
31511   , -1343       , array([ 1.00161    ,  0.101807   ,  5.00521    ,  1.7042     ,  0.0503698  ])
31512   , -1321.14    , array([ 1.00161    ,  0.101807   ,  5.00521    ,  2.7042     ,  0.0503698  ])
31513   , -1311.35    , array([ 1.00161    ,  0.101807   ,  5.00521    ,  2.34648    ,  0.0503698  ])
31514   , -1311.34    , array([ 1.00161    ,  0.101807   ,  5.00521    ,  2.33554    ,  0.0503698  ])
31515   , -1311.34    , array([ 1.00161    ,  0.101807   ,  5.00521    ,  2.3354     ,  0.0503698  ])
31516   , -1311.34    , array([ 1.00161    ,  0.101807   ,  5.00521    ,  2.33567    ,  0.0503698  ])
31517   , -1311.34    , array([ 1.00161    ,  0.101807   ,  5.00521    ,  2.33554    ,  0.0503698  ])
31518   , -1312.2     , array([ 0.999938   ,  0.0999143  ,  4.95955    ,  2.37099    ,  0.0487581  ])
31519   , -1313.15    , array([ 1.00431    ,  0.104871   ,  5.07908    ,  2.27818    ,  0.0529776  ])
31520   , -1311.34    , array([ 1.00161    ,  0.101807   ,  5.00521    ,  2.33554    ,  0.0503698  ])
31521   , -1311.6     , array([ 1.00264    ,  0.102978   ,  5.03343    ,  2.31363    ,  0.0513659  ])
31522   , -1311.47    , array([ 1.00097    ,  0.101084   ,  4.98777    ,  2.34908    ,  0.0497542  ])
31523   , -1311.34    , array([ 1.00167    ,  0.101872   ,  5.00676    ,  2.33433    ,  0.0504247  ])
31524   , -1311.34    , array([ 1.00166    ,  0.10186    ,  5.00647    ,  2.33456    ,  0.0504142  ])
31525   , -1311.34    , array([ 1.00166    ,  0.10186    ,  5.00648    ,  2.33455    ,  0.0504147  ])
31526   , -1311.34    , array([ 1.00166    ,  0.101861   ,  5.00649    ,  2.33454    ,  0.0504151  ])
