199794  , -79089.4    , array([ 0.488012   ,  0.0456825  ,  1.85511e-14,  0.00273265 ,  3.31238e-09])
199795  , -79089.4    , array([ 0.4885     ,  0.0456825  ,  1.85511e-14,  0.00273265 ,  3.31238e-09])
199796  , -79089.4    , array([ 0.488012   ,  0.0457282  ,  1.85511e-14,  0.00273265 ,  3.31238e-09])
199797  , -79089.4    , array([ 0.488012   ,  0.0456825  ,  1.85696e-14,  0.00273265 ,  3.31238e-09])
199798  , -79089.4    , array([ 0.488012   ,  0.0456825  ,  1.85511e-14,  0.00273538 ,  3.31238e-09])
199799  , -79089.4    , array([ 0.488012   ,  0.0456825  ,  1.85511e-14,  0.00273265 ,  3.31569e-09])
199800  , -79089.4    , array([ 0.488012   ,  0.0456825  ,  1.85511e-14,  0.00273265 ,  3.31238e-09])
199801  , -79089.3    , array([ 0.485375   ,  0.0419535  ,  1.85511e-14,  0.00273264 ,  3.62692e-09])
199802  , -79089.3    , array([ 0.485375   ,  0.0419535  ,  1.85511e-14,  0.00273264 ,  3.62692e-09])
199803  , -79089.3    , array([ 0.48586    ,  0.0419535  ,  1.85511e-14,  0.00273264 ,  3.62692e-09])
199804  , -79089.3    , array([ 0.485375   ,  0.0419955  ,  1.85511e-14,  0.00273264 ,  3.62692e-09])
199805  , -79089.3    , array([ 0.485375   ,  0.0419535  ,  1.85696e-14,  0.00273264 ,  3.62692e-09])
199806  , -79089.3    , array([ 0.485375   ,  0.0419535  ,  1.85511e-14,  0.00273538 ,  3.62692e-09])
199807  , -79089.3    , array([ 0.485375   ,  0.0419535  ,  1.85511e-14,  0.00273264 ,  3.63055e-09])
199808  , -79089.2    , array([ 0.474969   ,  0.0298431  ,  1.85511e-14,  0.00273264 ,  5.21348e-09])
199809  , -79089.2    , array([ 0.474969   ,  0.0298431  ,  1.85511e-14,  0.00273264 ,  5.21348e-09])
199810  , -79089.2    , array([ 0.475444   ,  0.0298431  ,  1.85511e-14,  0.00273264 ,  5.21348e-09])
199811  , -79089.2    , array([ 0.474969   ,  0.0298729  ,  1.85511e-14,  0.00273264 ,  5.21348e-09])
199812  , -79089.2    , array([ 0.474969   ,  0.0298431  ,  1.85696e-14,  0.00273264 ,  5.21348e-09])
199813  , -79089.2    , array([ 0.474969   ,  0.0298431  ,  1.85511e-14,  0.00273538 ,  5.21348e-09])
199814  , -79089.2    , array([ 0.474969   ,  0.0298431  ,  1.85511e-14,  0.00273264 ,  5.2187e-09 ])
199815  , -79086      , array([ 0.43553    ,  0.00764086 ,  1.85511e-14,  0.00273264 ,  2.22581e-08])
199816  , -79086      , array([ 0.43553    ,  0.00764086 ,  1.85511e-14,  0.00273264 ,  2.22581e-08])
199817  , -79086      , array([ 0.435965   ,  0.00764086 ,  1.85511e-14,  0.00273264 ,  2.22581e-08])
199818  , -79086      , array([ 0.43553    ,  0.0076485  ,  1.85511e-14,  0.00273264 ,  2.22581e-08])
199819  , -79086      , array([ 0.43553    ,  0.00764086 ,  1.85696e-14,  0.00273264 ,  2.22581e-08])
199820  , -79086      , array([ 0.43553    ,  0.00764086 ,  1.85511e-14,  0.00273538 ,  2.22581e-08])
199821  , -79086      , array([ 0.43553    ,  0.00764086 ,  1.85511e-14,  0.00273264 ,  2.22804e-08])
199829  , -79086      , array([ 0.43553    ,  0.00764086 ,  1.85511e-14,  0.00273264 ,  2.22581e-08])
199830  , -79086      , array([ 0.43553    ,  0.00764086 ,  1.85511e-14,  0.00273264 ,  2.22581e-08])
199831  , -79086      , array([ 0.435965   ,  0.00764086 ,  1.85511e-14,  0.00273264 ,  2.22581e-08])
199832  , -79086      , array([ 0.43553    ,  0.0076485  ,  1.85511e-14,  0.00273264 ,  2.22581e-08])
199833  , -79086      , array([ 0.43553    ,  0.00764086 ,  1.85696e-14,  0.00273264 ,  2.22581e-08])
199834  , -79086      , array([ 0.43553    ,  0.00764086 ,  1.85511e-14,  0.00273538 ,  2.22581e-08])
199835  , -79086      , array([ 0.43553    ,  0.00764086 ,  1.85511e-14,  0.00273264 ,  2.22804e-08])
199836  , -79086      , array([ 0.43553    ,  0.00764085 ,  1.85511e-14,  0.00273264 ,  2.22581e-08])
199837  , -79086      , array([ 0.43553    ,  0.00764085 ,  1.85511e-14,  0.00273264 ,  2.22581e-08])
199838  , -79086      , array([ 0.435965   ,  0.00764085 ,  1.85511e-14,  0.00273264 ,  2.22581e-08])
199839  , -79086      , array([ 0.43553    ,  0.0076485  ,  1.85511e-14,  0.00273264 ,  2.22581e-08])
199840  , -79086      , array([ 0.43553    ,  0.00764085 ,  1.85696e-14,  0.00273264 ,  2.22581e-08])
199841  , -79086      , array([ 0.43553    ,  0.00764085 ,  1.85511e-14,  0.00273538 ,  2.22581e-08])
199842  , -79086      , array([ 0.43553    ,  0.00764085 ,  1.85511e-14,  0.00273264 ,  2.22804e-08])
199850  , -79086      , array([ 0.43553    ,  0.00764085 ,  1.85511e-14,  0.00273264 ,  2.22581e-08])
199851  , -79086      , array([ 0.43553    ,  0.00764085 ,  1.85511e-14,  0.00273264 ,  2.22581e-08])
199852  , -79086      , array([ 0.435965   ,  0.00764085 ,  1.85511e-14,  0.00273264 ,  2.22581e-08])
199853  , -79086      , array([ 0.43553    ,  0.0076485  ,  1.85511e-14,  0.00273264 ,  2.22581e-08])
199854  , -79086      , array([ 0.43553    ,  0.00764085 ,  1.85696e-14,  0.00273264 ,  2.22581e-08])
199855  , -79086      , array([ 0.43553    ,  0.00764085 ,  1.85511e-14,  0.00273538 ,  2.22581e-08])
199856  , -79086      , array([ 0.43553    ,  0.00764085 ,  1.85511e-14,  0.00273264 ,  2.22804e-08])
199857  , -79086      , array([ 0.43553    ,  0.00764085 ,  1.85511e-14,  0.00273264 ,  2.22581e-08])
199858  , -79086      , array([ 0.43553    ,  0.00764085 ,  1.85511e-14,  0.00273264 ,  2.22581e-08])
199859  , -79086      , array([ 0.435965   ,  0.00764085 ,  1.85511e-14,  0.00273264 ,  2.22581e-08])
199860  , -79086      , array([ 0.43553    ,  0.0076485  ,  1.85511e-14,  0.00273264 ,  2.22581e-08])
199861  , -79086      , array([ 0.43553    ,  0.00764085 ,  1.85696e-14,  0.00273264 ,  2.22581e-08])
199862  , -79086      , array([ 0.43553    ,  0.00764085 ,  1.85511e-14,  0.00273538 ,  2.22581e-08])
199863  , -79086      , array([ 0.43553    ,  0.00764085 ,  1.85511e-14,  0.00273264 ,  2.22804e-08])
199864  , -79032.2    , array([ 0.399365   ,  0.00195632 ,  1.85511e-14,  0.00273264 ,  9.50274e-08])
199865  , -79032.2    , array([ 0.399365   ,  0.00195632 ,  1.85511e-14,  0.00273264 ,  9.50274e-08])
199866  , -79032.2    , array([ 0.399764   ,  0.00195632 ,  1.85511e-14,  0.00273264 ,  9.50274e-08])
199867  , -79032.3    , array([ 0.399365   ,  0.00195828 ,  1.85511e-14,  0.00273264 ,  9.50274e-08])
199868  , -79032.2    , array([ 0.399365   ,  0.00195632 ,  1.85696e-14,  0.00273264 ,  9.50274e-08])
199869  , -79032.2    , array([ 0.399365   ,  0.00195632 ,  1.85511e-14,  0.00273537 ,  9.50274e-08])
199870  , -79032.2    , array([ 0.399365   ,  0.00195632 ,  1.85511e-14,  0.00273264 ,  9.51225e-08])
199871  , -79032.2    , array([ 0.399365   ,  0.00195632 ,  1.85511e-14,  0.00273264 ,  9.50275e-08])
199872  , -79032.2    , array([ 0.399365   ,  0.00195632 ,  1.85511e-14,  0.00273264 ,  9.50275e-08])
199873  , -79032.2    , array([ 0.399764   ,  0.00195632 ,  1.85511e-14,  0.00273264 ,  9.50275e-08])
199874  , -79032.3    , array([ 0.399365   ,  0.00195828 ,  1.85511e-14,  0.00273264 ,  9.50275e-08])
199875  , -79032.2    , array([ 0.399365   ,  0.00195632 ,  1.85696e-14,  0.00273264 ,  9.50275e-08])
199876  , -79032.2    , array([ 0.399365   ,  0.00195632 ,  1.85511e-14,  0.00273537 ,  9.50275e-08])
199877  , -79032.2    , array([ 0.399365   ,  0.00195632 ,  1.85511e-14,  0.00273264 ,  9.51226e-08])
199878  , -79032.2    , array([ 0.399365   ,  0.00195632 ,  1.85511e-14,  0.00273264 ,  9.50275e-08])
199879  , -79032.2    , array([ 0.399365   ,  0.00195632 ,  1.85511e-14,  0.00273264 ,  9.50275e-08])
199880  , -79032.2    , array([ 0.399764   ,  0.00195632 ,  1.85511e-14,  0.00273264 ,  9.50275e-08])
199881  , -79032.3    , array([ 0.399365   ,  0.00195828 ,  1.85511e-14,  0.00273264 ,  9.50275e-08])
199882  , -79032.2    , array([ 0.399365   ,  0.00195632 ,  1.85696e-14,  0.00273264 ,  9.50275e-08])
199883  , -79032.2    , array([ 0.399365   ,  0.00195632 ,  1.85511e-14,  0.00273537 ,  9.50275e-08])
199884  , -79032.2    , array([ 0.399365   ,  0.00195632 ,  1.85511e-14,  0.00273264 ,  9.51226e-08])
199892  , -79032.2    , array([ 0.399365   ,  0.00195632 ,  1.85511e-14,  0.00273264 ,  9.50275e-08])
199893  , -79032.2    , array([ 0.399365   ,  0.00195632 ,  1.85511e-14,  0.00273264 ,  9.50275e-08])
199894  , -79032.2    , array([ 0.399764   ,  0.00195632 ,  1.85511e-14,  0.00273264 ,  9.50275e-08])
199895  , -79032.3    , array([ 0.399365   ,  0.00195828 ,  1.85511e-14,  0.00273264 ,  9.50275e-08])
199896  , -79032.2    , array([ 0.399365   ,  0.00195632 ,  1.85696e-14,  0.00273264 ,  9.50275e-08])
199897  , -79032.2    , array([ 0.399365   ,  0.00195632 ,  1.85511e-14,  0.00273537 ,  9.50275e-08])
199898  , -79032.2    , array([ 0.399365   ,  0.00195632 ,  1.85511e-14,  0.00273264 ,  9.51226e-08])
199899  , -79032.2    , array([ 0.399365   ,  0.00195632 ,  1.85511e-14,  0.00273264 ,  9.50275e-08])
199900  , -79032.2    , array([ 0.399365   ,  0.00195632 ,  1.85511e-14,  0.00273264 ,  9.50275e-08])
199901  , -79032.2    , array([ 0.399764   ,  0.00195632 ,  1.85511e-14,  0.00273264 ,  9.50275e-08])
199902  , -79032.3    , array([ 0.399365   ,  0.00195828 ,  1.85511e-14,  0.00273264 ,  9.50275e-08])
199903  , -79032.2    , array([ 0.399365   ,  0.00195632 ,  1.85696e-14,  0.00273264 ,  9.50275e-08])
199904  , -79032.2    , array([ 0.399365   ,  0.00195632 ,  1.85511e-14,  0.00273537 ,  9.50275e-08])
199905  , -79032.2    , array([ 0.399365   ,  0.00195632 ,  1.85511e-14,  0.00273264 ,  9.51226e-08])
199906  , -78973.9    , array([ 0.390803   ,  0.0013916  ,  1.85511e-14,  0.00273264 ,  1.36596e-07])
199907  , -78973.9    , array([ 0.390803   ,  0.0013916  ,  1.85511e-14,  0.00273264 ,  1.36596e-07])
199908  , -78973.9    , array([ 0.391194   ,  0.0013916  ,  1.85511e-14,  0.00273264 ,  1.36596e-07])
199909  , -78974.1    , array([ 0.390803   ,  0.00139299 ,  1.85511e-14,  0.00273264 ,  1.36596e-07])
199910  , -78973.9    , array([ 0.390803   ,  0.0013916  ,  1.85696e-14,  0.00273264 ,  1.36596e-07])
199911  , -78973.9    , array([ 0.390803   ,  0.0013916  ,  1.85511e-14,  0.00273537 ,  1.36596e-07])
199912  , -78973.8    , array([ 0.390803   ,  0.0013916  ,  1.85511e-14,  0.00273264 ,  1.36733e-07])
199913  , -78973.9    , array([ 0.390803   ,  0.0013916  ,  1.85511e-14,  0.00273264 ,  1.36596e-07])
199914  , -78973.9    , array([ 0.390803   ,  0.0013916  ,  1.85511e-14,  0.00273264 ,  1.36596e-07])
199915  , -78973.9    , array([ 0.391194   ,  0.0013916  ,  1.85511e-14,  0.00273264 ,  1.36596e-07])
199916  , -78974.1    , array([ 0.390803   ,  0.00139299 ,  1.85511e-14,  0.00273264 ,  1.36596e-07])
199917  , -78973.9    , array([ 0.390803   ,  0.0013916  ,  1.85696e-14,  0.00273264 ,  1.36596e-07])
199918  , -78973.9    , array([ 0.390803   ,  0.0013916  ,  1.85511e-14,  0.00273537 ,  1.36596e-07])
199919  , -78973.8    , array([ 0.390803   ,  0.0013916  ,  1.85511e-14,  0.00273264 ,  1.36733e-07])
199920  , -78973.9    , array([ 0.390803   ,  0.0013916  ,  1.85511e-14,  0.00273264 ,  1.36596e-07])
199921  , -78973.9    , array([ 0.390803   ,  0.0013916  ,  1.85511e-14,  0.00273264 ,  1.36596e-07])
199922  , -78973.9    , array([ 0.391194   ,  0.0013916  ,  1.85511e-14,  0.00273264 ,  1.36596e-07])
199923  , -78974.1    , array([ 0.390803   ,  0.00139299 ,  1.85511e-14,  0.00273264 ,  1.36596e-07])
199924  , -78973.9    , array([ 0.390803   ,  0.0013916  ,  1.85696e-14,  0.00273264 ,  1.36596e-07])
199925  , -78973.9    , array([ 0.390803   ,  0.0013916  ,  1.85511e-14,  0.00273537 ,  1.36596e-07])
199926  , -78973.8    , array([ 0.390803   ,  0.0013916  ,  1.85511e-14,  0.00273264 ,  1.36733e-07])
199927  , -78925.4    , array([ 0.386591   ,  0.00117369 ,  1.85511e-14,  0.00273264 ,  1.6377e-07 ])
199928  , -78925.4    , array([ 0.386591   ,  0.00117369 ,  1.85511e-14,  0.00273264 ,  1.6377e-07 ])
199929  , -78925.4    , array([ 0.386978   ,  0.00117369 ,  1.85511e-14,  0.00273264 ,  1.6377e-07 ])
199930  , -78925.5    , array([ 0.386591   ,  0.00117486 ,  1.85511e-14,  0.00273264 ,  1.6377e-07 ])
199931  , -78925.4    , array([ 0.386591   ,  0.00117369 ,  1.85696e-14,  0.00273264 ,  1.6377e-07 ])
199932  , -78925.4    , array([ 0.386591   ,  0.00117369 ,  1.85511e-14,  0.00273537 ,  1.6377e-07 ])
199933  , -78925.2    , array([ 0.386591   ,  0.00117369 ,  1.85511e-14,  0.00273264 ,  1.63934e-07])
199934  , -78925.4    , array([ 0.386591   ,  0.00117369 ,  1.85511e-14,  0.00273264 ,  1.6377e-07 ])
199935  , -78925.4    , array([ 0.386591   ,  0.00117369 ,  1.85511e-14,  0.00273264 ,  1.6377e-07 ])
199936  , -78925.4    , array([ 0.386978   ,  0.00117369 ,  1.85511e-14,  0.00273264 ,  1.6377e-07 ])
199937  , -78925.5    , array([ 0.386591   ,  0.00117486 ,  1.85511e-14,  0.00273264 ,  1.6377e-07 ])
199938  , -78925.4    , array([ 0.386591   ,  0.00117369 ,  1.85696e-14,  0.00273264 ,  1.6377e-07 ])
199939  , -78925.4    , array([ 0.386591   ,  0.00117369 ,  1.85511e-14,  0.00273537 ,  1.6377e-07 ])
199940  , -78925.2    , array([ 0.386591   ,  0.00117369 ,  1.85511e-14,  0.00273264 ,  1.63934e-07])
199941  , -78925.4    , array([ 0.386591   ,  0.00117369 ,  1.85511e-14,  0.00273264 ,  1.6377e-07 ])
199942  , -78925.4    , array([ 0.386591   ,  0.00117369 ,  1.85511e-14,  0.00273264 ,  1.6377e-07 ])
199943  , -78925.4    , array([ 0.386978   ,  0.00117369 ,  1.85511e-14,  0.00273264 ,  1.6377e-07 ])
199944  , -78925.5    , array([ 0.386591   ,  0.00117486 ,  1.85511e-14,  0.00273264 ,  1.6377e-07 ])
199945  , -78925.4    , array([ 0.386591   ,  0.00117369 ,  1.85696e-14,  0.00273264 ,  1.6377e-07 ])
199946  , -78925.4    , array([ 0.386591   ,  0.00117369 ,  1.85511e-14,  0.00273537 ,  1.6377e-07 ])
199947  , -78925.2    , array([ 0.386591   ,  0.00117369 ,  1.85511e-14,  0.00273264 ,  1.63934e-07])
199948  , -78893.9    , array([ 0.384502   ,  0.00107788 ,  1.85511e-14,  0.00273264 ,  1.79321e-07])
199949  , -78893.9    , array([ 0.384502   ,  0.00107788 ,  1.85511e-14,  0.00273264 ,  1.79321e-07])
199950  , -78893.9    , array([ 0.384887   ,  0.00107788 ,  1.85511e-14,  0.00273264 ,  1.79321e-07])
199951  , -78894.1    , array([ 0.384502   ,  0.00107896 ,  1.85511e-14,  0.00273264 ,  1.79321e-07])
199952  , -78893.9    , array([ 0.384502   ,  0.00107788 ,  1.85696e-14,  0.00273264 ,  1.79321e-07])
199953  , -78893.9    , array([ 0.384502   ,  0.00107788 ,  1.85511e-14,  0.00273537 ,  1.79321e-07])
199954  , -78893.7    , array([ 0.384502   ,  0.00107788 ,  1.85511e-14,  0.00273264 ,  1.79501e-07])
199955  , -78893.9    , array([ 0.384502   ,  0.00107788 ,  1.85511e-14,  0.00273264 ,  1.79321e-07])
199956  , -78893.9    , array([ 0.384502   ,  0.00107788 ,  1.85511e-14,  0.00273264 ,  1.79321e-07])
199957  , -78893.9    , array([ 0.384887   ,  0.00107788 ,  1.85511e-14,  0.00273264 ,  1.79321e-07])
199958  , -78894.1    , array([ 0.384502   ,  0.00107896 ,  1.85511e-14,  0.00273264 ,  1.79321e-07])
199959  , -78893.9    , array([ 0.384502   ,  0.00107788 ,  1.85696e-14,  0.00273264 ,  1.79321e-07])
199960  , -78893.9    , array([ 0.384502   ,  0.00107788 ,  1.85511e-14,  0.00273537 ,  1.79321e-07])
199961  , -78893.7    , array([ 0.384502   ,  0.00107788 ,  1.85511e-14,  0.00273264 ,  1.79501e-07])
199962  , -78893.9    , array([ 0.384502   ,  0.00107788 ,  1.85511e-14,  0.00273264 ,  1.79321e-07])
199963  , -78893.9    , array([ 0.384502   ,  0.00107788 ,  1.85511e-14,  0.00273264 ,  1.79321e-07])
199964  , -78893.9    , array([ 0.384887   ,  0.00107788 ,  1.85511e-14,  0.00273264 ,  1.79321e-07])
199965  , -78894.1    , array([ 0.384502   ,  0.00107896 ,  1.85511e-14,  0.00273264 ,  1.79321e-07])
199966  , -78893.9    , array([ 0.384502   ,  0.00107788 ,  1.85696e-14,  0.00273264 ,  1.79321e-07])
199967  , -78893.9    , array([ 0.384502   ,  0.00107788 ,  1.85511e-14,  0.00273537 ,  1.79321e-07])
199968  , -78893.7    , array([ 0.384502   ,  0.00107788 ,  1.85511e-14,  0.00273264 ,  1.79501e-07])
199969  , -78876      , array([ 0.383462   ,  0.00103295 ,  1.85511e-14,  0.00273264 ,  1.87642e-07])
199970  , -78876      , array([ 0.383462   ,  0.00103295 ,  1.85511e-14,  0.00273264 ,  1.87642e-07])
199971  , -78876      , array([ 0.383846   ,  0.00103295 ,  1.85511e-14,  0.00273264 ,  1.87642e-07])
199972  , -78876.2    , array([ 0.383462   ,  0.00103399 ,  1.85511e-14,  0.00273264 ,  1.87642e-07])
199973  , -78876      , array([ 0.383462   ,  0.00103295 ,  1.85696e-14,  0.00273264 ,  1.87642e-07])
199974  , -78876      , array([ 0.383462   ,  0.00103295 ,  1.85511e-14,  0.00273537 ,  1.87642e-07])
199975  , -78875.8    , array([ 0.383462   ,  0.00103295 ,  1.85511e-14,  0.00273264 ,  1.8783e-07 ])
199976  , -78876      , array([ 0.383462   ,  0.00103295 ,  1.85511e-14,  0.00273264 ,  1.87642e-07])
199977  , -78876      , array([ 0.383462   ,  0.00103295 ,  1.85511e-14,  0.00273264 ,  1.87642e-07])
199978  , -78876      , array([ 0.383846   ,  0.00103295 ,  1.85511e-14,  0.00273264 ,  1.87642e-07])
199979  , -78876.2    , array([ 0.383462   ,  0.00103399 ,  1.85511e-14,  0.00273264 ,  1.87642e-07])
199980  , -78876      , array([ 0.383462   ,  0.00103295 ,  1.85696e-14,  0.00273264 ,  1.87642e-07])
199981  , -78876      , array([ 0.383462   ,  0.00103295 ,  1.85511e-14,  0.00273537 ,  1.87642e-07])
199982  , -78875.8    , array([ 0.383462   ,  0.00103295 ,  1.85511e-14,  0.00273264 ,  1.8783e-07 ])
199983  , -78876      , array([ 0.383462   ,  0.00103295 ,  1.85511e-14,  0.00273264 ,  1.87642e-07])
199984  , -78876      , array([ 0.383462   ,  0.00103295 ,  1.85511e-14,  0.00273264 ,  1.87642e-07])
199985  , -78876      , array([ 0.383846   ,  0.00103295 ,  1.85511e-14,  0.00273264 ,  1.87642e-07])
199986  , -78876.2    , array([ 0.383462   ,  0.00103399 ,  1.85511e-14,  0.00273264 ,  1.87642e-07])
199987  , -78876      , array([ 0.383462   ,  0.00103295 ,  1.85696e-14,  0.00273264 ,  1.87642e-07])
199988  , -78876      , array([ 0.383462   ,  0.00103295 ,  1.85511e-14,  0.00273537 ,  1.87642e-07])
199989  , -78875.8    , array([ 0.383462   ,  0.00103295 ,  1.85511e-14,  0.00273264 ,  1.8783e-07 ])
199990  , -78866.4    , array([ 0.382943   ,  0.0010112  ,  1.85511e-14,  0.00273264 ,  1.91946e-07])
199991  , -78866.4    , array([ 0.382943   ,  0.0010112  ,  1.85511e-14,  0.00273264 ,  1.91946e-07])
199992  , -78866.4    , array([ 0.383326   ,  0.0010112  ,  1.85511e-14,  0.00273264 ,  1.91946e-07])
199993  , -78866.7    , array([ 0.382943   ,  0.00101221 ,  1.85511e-14,  0.00273264 ,  1.91946e-07])
199994  , -78866.4    , array([ 0.382943   ,  0.0010112  ,  1.85696e-14,  0.00273264 ,  1.91946e-07])
199995  , -78866.4    , array([ 0.382943   ,  0.0010112  ,  1.85511e-14,  0.00273537 ,  1.91946e-07])
199996  , -78866.2    , array([ 0.382943   ,  0.0010112  ,  1.85511e-14,  0.00273264 ,  1.92138e-07])
199997  , -78866.4    , array([ 0.382943   ,  0.0010112  ,  1.85511e-14,  0.00273264 ,  1.91946e-07])
199998  , -78866.4    , array([ 0.382943   ,  0.0010112  ,  1.85511e-14,  0.00273264 ,  1.91946e-07])
199999  , -78866.4    , array([ 0.383326   ,  0.0010112  ,  1.85511e-14,  0.00273264 ,  1.91946e-07])
200000  , -78866.7    , array([ 0.382943   ,  0.00101221 ,  1.85511e-14,  0.00273264 ,  1.91946e-07])
200001  , -78866.4    , array([ 0.382943   ,  0.0010112  ,  1.85696e-14,  0.00273264 ,  1.91946e-07])
200002  , -78866.4    , array([ 0.382943   ,  0.0010112  ,  1.85511e-14,  0.00273537 ,  1.91946e-07])
200003  , -78866.2    , array([ 0.382943   ,  0.0010112  ,  1.85511e-14,  0.00273264 ,  1.92138e-07])
200004  , -78866.4    , array([ 0.382943   ,  0.0010112  ,  1.85511e-14,  0.00273264 ,  1.91946e-07])
200005  , -78866.4    , array([ 0.382943   ,  0.0010112  ,  1.85511e-14,  0.00273264 ,  1.91946e-07])
200006  , -78866.4    , array([ 0.383326   ,  0.0010112  ,  1.85511e-14,  0.00273264 ,  1.91946e-07])
200007  , -78866.7    , array([ 0.382943   ,  0.00101221 ,  1.85511e-14,  0.00273264 ,  1.91946e-07])
200008  , -78866.4    , array([ 0.382943   ,  0.0010112  ,  1.85696e-14,  0.00273264 ,  1.91946e-07])
200009  , -78866.4    , array([ 0.382943   ,  0.0010112  ,  1.85511e-14,  0.00273537 ,  1.91946e-07])
200010  , -78866.2    , array([ 0.382943   ,  0.0010112  ,  1.85511e-14,  0.00273264 ,  1.92138e-07])
200011  , -78861.5    , array([ 0.382684   ,  0.00100049 ,  1.85511e-14,  0.00273264 ,  1.94135e-07])
200012  , -78861.5    , array([ 0.382684   ,  0.00100049 ,  1.85511e-14,  0.00273264 ,  1.94135e-07])
200013  , -78861.5    , array([ 0.383067   ,  0.00100049 ,  1.85511e-14,  0.00273264 ,  1.94135e-07])
200014  , -78861.7    , array([ 0.382684   ,  0.00100149 ,  1.85511e-14,  0.00273264 ,  1.94135e-07])
200015  , -78861.5    , array([ 0.382684   ,  0.00100049 ,  1.85696e-14,  0.00273264 ,  1.94135e-07])
200016  , -78861.5    , array([ 0.382684   ,  0.00100049 ,  1.85511e-14,  0.00273537 ,  1.94135e-07])
200017  , -78861.3    , array([ 0.382684   ,  0.00100049 ,  1.85511e-14,  0.00273264 ,  1.9433e-07 ])
200018  , -78861.5    , array([ 0.382684   ,  0.00100049 ,  1.85511e-14,  0.00273264 ,  1.94135e-07])
200019  , -78861.5    , array([ 0.382684   ,  0.00100049 ,  1.85511e-14,  0.00273264 ,  1.94135e-07])
200020  , -78861.5    , array([ 0.383067   ,  0.00100049 ,  1.85511e-14,  0.00273264 ,  1.94135e-07])
200021  , -78861.7    , array([ 0.382684   ,  0.00100149 ,  1.85511e-14,  0.00273264 ,  1.94135e-07])
200022  , -78861.5    , array([ 0.382684   ,  0.00100049 ,  1.85696e-14,  0.00273264 ,  1.94135e-07])
200023  , -78861.5    , array([ 0.382684   ,  0.00100049 ,  1.85511e-14,  0.00273537 ,  1.94135e-07])
200024  , -78861.3    , array([ 0.382684   ,  0.00100049 ,  1.85511e-14,  0.00273264 ,  1.9433e-07 ])
200025  , -78861.5    , array([ 0.382684   ,  0.00100049 ,  1.85511e-14,  0.00273264 ,  1.94135e-07])
200026  , -78861.5    , array([ 0.382684   ,  0.00100049 ,  1.85511e-14,  0.00273264 ,  1.94135e-07])
200027  , -78861.5    , array([ 0.383067   ,  0.00100049 ,  1.85511e-14,  0.00273264 ,  1.94135e-07])
200028  , -78861.7    , array([ 0.382684   ,  0.00100149 ,  1.85511e-14,  0.00273264 ,  1.94135e-07])
200029  , -78861.5    , array([ 0.382684   ,  0.00100049 ,  1.85696e-14,  0.00273264 ,  1.94135e-07])
200030  , -78861.5    , array([ 0.382684   ,  0.00100049 ,  1.85511e-14,  0.00273537 ,  1.94135e-07])
200031  , -78861.3    , array([ 0.382684   ,  0.00100049 ,  1.85511e-14,  0.00273264 ,  1.9433e-07 ])
200039  , -78861.5    , array([ 0.382684   ,  0.00100049 ,  1.85511e-14,  0.00273264 ,  1.94135e-07])
200040  , -78861.5    , array([ 0.382684   ,  0.00100049 ,  1.85511e-14,  0.00273264 ,  1.94135e-07])
200041  , -78861.5    , array([ 0.383067   ,  0.00100049 ,  1.85511e-14,  0.00273264 ,  1.94135e-07])
200042  , -78861.7    , array([ 0.382684   ,  0.00100149 ,  1.85511e-14,  0.00273264 ,  1.94135e-07])
200043  , -78861.5    , array([ 0.382684   ,  0.00100049 ,  1.85696e-14,  0.00273264 ,  1.94135e-07])
200044  , -78861.5    , array([ 0.382684   ,  0.00100049 ,  1.85511e-14,  0.00273537 ,  1.94135e-07])
200045  , -78861.3    , array([ 0.382684   ,  0.00100049 ,  1.85511e-14,  0.00273264 ,  1.9433e-07 ])
200046  , -78861.5    , array([ 0.382684   ,  0.00100049 ,  1.85511e-14,  0.00273264 ,  1.94135e-07])
200047  , -78861.5    , array([ 0.382684   ,  0.00100049 ,  1.85511e-14,  0.00273264 ,  1.94135e-07])
200048  , -78861.5    , array([ 0.383067   ,  0.00100049 ,  1.85511e-14,  0.00273264 ,  1.94135e-07])
200049  , -78861.7    , array([ 0.382684   ,  0.00100149 ,  1.85511e-14,  0.00273264 ,  1.94135e-07])
200050  , -78861.5    , array([ 0.382684   ,  0.00100049 ,  1.85696e-14,  0.00273264 ,  1.94135e-07])
200051  , -78861.5    , array([ 0.382684   ,  0.00100049 ,  1.85511e-14,  0.00273537 ,  1.94135e-07])
200052  , -78861.3    , array([ 0.382684   ,  0.00100049 ,  1.85511e-14,  0.00273264 ,  1.9433e-07 ])
200060  , -78861.5    , array([ 0.382684   ,  0.00100049 ,  1.85511e-14,  0.00273264 ,  1.94135e-07])
200061  , -78861.5    , array([ 0.382684   ,  0.00100049 ,  1.85511e-14,  0.00273264 ,  1.94135e-07])
200062  , -78861.5    , array([ 0.383067   ,  0.00100049 ,  1.85511e-14,  0.00273264 ,  1.94135e-07])
200063  , -78861.7    , array([ 0.382684   ,  0.00100149 ,  1.85511e-14,  0.00273264 ,  1.94135e-07])
200064  , -78861.5    , array([ 0.382684   ,  0.00100049 ,  1.85696e-14,  0.00273264 ,  1.94135e-07])
200065  , -78861.5    , array([ 0.382684   ,  0.00100049 ,  1.85511e-14,  0.00273537 ,  1.94135e-07])
200066  , -78861.3    , array([ 0.382684   ,  0.00100049 ,  1.85511e-14,  0.00273264 ,  1.9433e-07 ])
200067  , -78861.5    , array([ 0.382684   ,  0.00100049 ,  1.85511e-14,  0.00273264 ,  1.94135e-07])
200068  , -78861.5    , array([ 0.382684   ,  0.00100049 ,  1.85511e-14,  0.00273264 ,  1.94135e-07])
200069  , -78861.5    , array([ 0.383067   ,  0.00100049 ,  1.85511e-14,  0.00273264 ,  1.94135e-07])
200070  , -78861.7    , array([ 0.382684   ,  0.00100149 ,  1.85511e-14,  0.00273264 ,  1.94135e-07])
200071  , -78861.5    , array([ 0.382684   ,  0.00100049 ,  1.85696e-14,  0.00273264 ,  1.94135e-07])
200072  , -78861.5    , array([ 0.382684   ,  0.00100049 ,  1.85511e-14,  0.00273537 ,  1.94135e-07])
200073  , -78861.3    , array([ 0.382684   ,  0.00100049 ,  1.85511e-14,  0.00273264 ,  1.9433e-07 ])
200077  , -78861.1    , array([ 0.382651   ,  0.00100016 ,  1.85511e-14,  0.00273264 ,  1.94411e-07])
200081  , -78861.5    , array([ 0.382684   ,  0.00100049 ,  1.85511e-14,  0.00273264 ,  1.94135e-07])
200082  , -78861.5    , array([ 0.382684   ,  0.00100049 ,  1.85511e-14,  0.00273264 ,  1.94135e-07])
200083  , -78861.5    , array([ 0.383067   ,  0.00100049 ,  1.85511e-14,  0.00273264 ,  1.94135e-07])
200084  , -78861.7    , array([ 0.382684   ,  0.00100149 ,  1.85511e-14,  0.00273264 ,  1.94135e-07])
200085  , -78861.5    , array([ 0.382684   ,  0.00100049 ,  1.85696e-14,  0.00273264 ,  1.94135e-07])
200086  , -78861.5    , array([ 0.382684   ,  0.00100049 ,  1.85511e-14,  0.00273537 ,  1.94135e-07])
200087  , -78861.3    , array([ 0.382684   ,  0.00100049 ,  1.85511e-14,  0.00273264 ,  1.9433e-07 ])
200088  , -78861.5    , array([ 0.382684   ,  0.00100049 ,  1.85511e-14,  0.00273264 ,  1.94135e-07])
200089  , -78861.5    , array([ 0.382684   ,  0.00100049 ,  1.85511e-14,  0.00273264 ,  1.94135e-07])
200090  , -78861.5    , array([ 0.383067   ,  0.00100049 ,  1.85511e-14,  0.00273264 ,  1.94135e-07])
200091  , -78861.7    , array([ 0.382684   ,  0.00100149 ,  1.85511e-14,  0.00273264 ,  1.94135e-07])
200092  , -78861.5    , array([ 0.382684   ,  0.00100049 ,  1.85696e-14,  0.00273264 ,  1.94135e-07])
200093  , -78861.5    , array([ 0.382684   ,  0.00100049 ,  1.85511e-14,  0.00273537 ,  1.94135e-07])
200094  , -78861.3    , array([ 0.382684   ,  0.00100049 ,  1.85511e-14,  0.00273264 ,  1.9433e-07 ])
200098  , -78861.4    , array([ 0.382668   ,  0.00100082 ,  1.85511e-14,  0.00273264 ,  1.94273e-07])
200102  , -78861.5    , array([ 0.382684   ,  0.00100049 ,  1.85511e-14,  0.00273264 ,  1.94135e-07])
200103  , -78861.5    , array([ 0.382684   ,  0.00100049 ,  1.85511e-14,  0.00273264 ,  1.94135e-07])
200104  , -78861.5    , array([ 0.383067   ,  0.00100049 ,  1.85511e-14,  0.00273264 ,  1.94135e-07])
200105  , -78861.7    , array([ 0.382684   ,  0.00100149 ,  1.85511e-14,  0.00273264 ,  1.94135e-07])
200106  , -78861.5    , array([ 0.382684   ,  0.00100049 ,  1.85696e-14,  0.00273264 ,  1.94135e-07])
200107  , -78861.5    , array([ 0.382684   ,  0.00100049 ,  1.85511e-14,  0.00273537 ,  1.94135e-07])
200108  , -78861.3    , array([ 0.382684   ,  0.00100049 ,  1.85511e-14,  0.00273264 ,  1.9433e-07 ])
200109  , -78861.5    , array([ 0.382684   ,  0.00100049 ,  1.85511e-14,  0.00273264 ,  1.94135e-07])
200110  , -78861.5    , array([ 0.382684   ,  0.00100049 ,  1.85511e-14,  0.00273264 ,  1.94135e-07])
200111  , -78861.5    , array([ 0.383067   ,  0.00100049 ,  1.85511e-14,  0.00273264 ,  1.94135e-07])
200112  , -78861.7    , array([ 0.382684   ,  0.00100149 ,  1.85511e-14,  0.00273264 ,  1.94135e-07])
200113  , -78861.5    , array([ 0.382684   ,  0.00100049 ,  1.85696e-14,  0.00273264 ,  1.94135e-07])
200114  , -78861.5    , array([ 0.382684   ,  0.00100049 ,  1.85511e-14,  0.00273537 ,  1.94135e-07])
200115  , -78861.3    , array([ 0.382684   ,  0.00100049 ,  1.85511e-14,  0.00273264 ,  1.9433e-07 ])
200116  , -78861.3    , array([ 0.382676   ,  0.00100016 ,  1.85511e-14,  0.00273264 ,  1.94204e-07])
200117  , -78861.3    , array([ 0.382676   ,  0.00100016 ,  1.85511e-14,  0.00273264 ,  1.94204e-07])
200118  , -78861.3    , array([ 0.383059   ,  0.00100016 ,  1.85511e-14,  0.00273264 ,  1.94204e-07])
200119  , -78861.6    , array([ 0.382676   ,  0.00100116 ,  1.85511e-14,  0.00273264 ,  1.94204e-07])
200120  , -78861.3    , array([ 0.382676   ,  0.00100016 ,  1.85696e-14,  0.00273264 ,  1.94204e-07])
200121  , -78861.3    , array([ 0.382676   ,  0.00100016 ,  1.85511e-14,  0.00273537 ,  1.94204e-07])
200122  , -78861.1    , array([ 0.382676   ,  0.00100016 ,  1.85511e-14,  0.00273264 ,  1.94398e-07])
200123  , -78861.3    , array([ 0.382676   ,  0.00100016 ,  1.85511e-14,  0.00273264 ,  1.94204e-07])
200124  , -78861.3    , array([ 0.382676   ,  0.00100016 ,  1.85511e-14,  0.00273264 ,  1.94204e-07])
200125  , -78861.3    , array([ 0.383059   ,  0.00100016 ,  1.85511e-14,  0.00273264 ,  1.94204e-07])
200126  , -78861.6    , array([ 0.382676   ,  0.00100116 ,  1.85511e-14,  0.00273264 ,  1.94204e-07])
200127  , -78861.3    , array([ 0.382676   ,  0.00100016 ,  1.85696e-14,  0.00273264 ,  1.94204e-07])
200128  , -78861.3    , array([ 0.382676   ,  0.00100016 ,  1.85511e-14,  0.00273537 ,  1.94204e-07])
200129  , -78861.1    , array([ 0.382676   ,  0.00100016 ,  1.85511e-14,  0.00273264 ,  1.94398e-07])
200130  , -78861.3    , array([ 0.382676   ,  0.00100016 ,  1.85511e-14,  0.00273264 ,  1.94204e-07])
200131  , -78861.3    , array([ 0.382676   ,  0.00100016 ,  1.85511e-14,  0.00273264 ,  1.94204e-07])
200132  , -78861.3    , array([ 0.383059   ,  0.00100016 ,  1.85511e-14,  0.00273264 ,  1.94204e-07])
200133  , -78861.6    , array([ 0.382676   ,  0.00100116 ,  1.85511e-14,  0.00273264 ,  1.94204e-07])
200134  , -78861.3    , array([ 0.382676   ,  0.00100016 ,  1.85696e-14,  0.00273264 ,  1.94204e-07])
200135  , -78861.3    , array([ 0.382676   ,  0.00100016 ,  1.85511e-14,  0.00273537 ,  1.94204e-07])
200136  , -78861.1    , array([ 0.382676   ,  0.00100016 ,  1.85511e-14,  0.00273264 ,  1.94398e-07])
200140  , -78861.5    , array([ 0.382672   ,  0.00100099 ,  1.85511e-14,  0.00273264 ,  1.94239e-07])
200144  , -78861.3    , array([ 0.382676   ,  0.00100016 ,  1.85511e-14,  0.00273264 ,  1.94204e-07])
200145  , -78861.3    , array([ 0.382676   ,  0.00100016 ,  1.85511e-14,  0.00273264 ,  1.94204e-07])
200146  , -78861.3    , array([ 0.383059   ,  0.00100016 ,  1.85511e-14,  0.00273264 ,  1.94204e-07])
200147  , -78861.6    , array([ 0.382676   ,  0.00100116 ,  1.85511e-14,  0.00273264 ,  1.94204e-07])
200148  , -78861.3    , array([ 0.382676   ,  0.00100016 ,  1.85696e-14,  0.00273264 ,  1.94204e-07])
200149  , -78861.3    , array([ 0.382676   ,  0.00100016 ,  1.85511e-14,  0.00273537 ,  1.94204e-07])
200150  , -78861.1    , array([ 0.382676   ,  0.00100016 ,  1.85511e-14,  0.00273264 ,  1.94398e-07])
200151  , -78861.3    , array([ 0.382673   ,  0.00100005 ,  1.85511e-14,  0.00273264 ,  1.94227e-07])
200152  , -78861.3    , array([ 0.382673   ,  0.00100005 ,  1.85511e-14,  0.00273264 ,  1.94227e-07])
200153  , -78861.3    , array([ 0.383056   ,  0.00100005 ,  1.85511e-14,  0.00273264 ,  1.94227e-07])
200154  , -78861.5    , array([ 0.382673   ,  0.00100105 ,  1.85511e-14,  0.00273264 ,  1.94227e-07])
200155  , -78861.3    , array([ 0.382673   ,  0.00100005 ,  1.85696e-14,  0.00273264 ,  1.94227e-07])
200156  , -78861.3    , array([ 0.382673   ,  0.00100005 ,  1.85511e-14,  0.00273537 ,  1.94227e-07])
200157  , -78861.1    , array([ 0.382673   ,  0.00100005 ,  1.85511e-14,  0.00273264 ,  1.94421e-07])
200158  , -78861.3    , array([ 0.382673   ,  0.00100005 ,  1.85511e-14,  0.00273264 ,  1.94227e-07])
200159  , -78861.3    , array([ 0.382673   ,  0.00100005 ,  1.85511e-14,  0.00273264 ,  1.94227e-07])
200160  , -78861.3    , array([ 0.383056   ,  0.00100005 ,  1.85511e-14,  0.00273264 ,  1.94227e-07])
200161  , -78861.5    , array([ 0.382673   ,  0.00100105 ,  1.85511e-14,  0.00273264 ,  1.94227e-07])
200162  , -78861.3    , array([ 0.382673   ,  0.00100005 ,  1.85696e-14,  0.00273264 ,  1.94227e-07])
200163  , -78861.3    , array([ 0.382673   ,  0.00100005 ,  1.85511e-14,  0.00273537 ,  1.94227e-07])
200164  , -78861.1    , array([ 0.382673   ,  0.00100005 ,  1.85511e-14,  0.00273264 ,  1.94421e-07])
200165  , -78861.3    , array([ 0.382673   ,  0.00100005 ,  1.85511e-14,  0.00273264 ,  1.94227e-07])
200166  , -78861.3    , array([ 0.382673   ,  0.00100005 ,  1.85511e-14,  0.00273264 ,  1.94227e-07])
200167  , -78861.3    , array([ 0.383056   ,  0.00100005 ,  1.85511e-14,  0.00273264 ,  1.94227e-07])
200168  , -78861.5    , array([ 0.382673   ,  0.00100105 ,  1.85511e-14,  0.00273264 ,  1.94227e-07])
200169  , -78861.3    , array([ 0.382673   ,  0.00100005 ,  1.85696e-14,  0.00273264 ,  1.94227e-07])
200170  , -78861.3    , array([ 0.382673   ,  0.00100005 ,  1.85511e-14,  0.00273537 ,  1.94227e-07])
200171  , -78861.1    , array([ 0.382673   ,  0.00100005 ,  1.85511e-14,  0.00273264 ,  1.94421e-07])
200172  , -78861.3    , array([ 0.382672   ,  0.00100002 ,  1.85511e-14,  0.00273264 ,  1.94233e-07])
200173  , -78861.3    , array([ 0.382672   ,  0.00100002 ,  1.85511e-14,  0.00273264 ,  1.94233e-07])
200174  , -78861.3    , array([ 0.383055   ,  0.00100002 ,  1.85511e-14,  0.00273264 ,  1.94233e-07])
200175  , -78861.5    , array([ 0.382672   ,  0.00100102 ,  1.85511e-14,  0.00273264 ,  1.94233e-07])
200176  , -78861.3    , array([ 0.382672   ,  0.00100002 ,  1.85696e-14,  0.00273264 ,  1.94233e-07])
200177  , -78861.3    , array([ 0.382672   ,  0.00100002 ,  1.85511e-14,  0.00273537 ,  1.94233e-07])
200178  , -78861      , array([ 0.382672   ,  0.00100002 ,  1.85511e-14,  0.00273264 ,  1.94427e-07])
200179  , -78861.3    , array([ 0.382672   ,  0.00100002 ,  1.85511e-14,  0.00273264 ,  1.94233e-07])
200180  , -78861.3    , array([ 0.382672   ,  0.00100002 ,  1.85511e-14,  0.00273264 ,  1.94233e-07])
200181  , -78861.3    , array([ 0.383055   ,  0.00100002 ,  1.85511e-14,  0.00273264 ,  1.94233e-07])
200182  , -78861.5    , array([ 0.382672   ,  0.00100102 ,  1.85511e-14,  0.00273264 ,  1.94233e-07])
200183  , -78861.3    , array([ 0.382672   ,  0.00100002 ,  1.85696e-14,  0.00273264 ,  1.94233e-07])
200184  , -78861.3    , array([ 0.382672   ,  0.00100002 ,  1.85511e-14,  0.00273537 ,  1.94233e-07])
200185  , -78861      , array([ 0.382672   ,  0.00100002 ,  1.85511e-14,  0.00273264 ,  1.94427e-07])
200186  , -78861.3    , array([ 0.382672   ,  0.00100002 ,  1.85511e-14,  0.00273264 ,  1.94233e-07])
200187  , -78861.3    , array([ 0.382672   ,  0.00100002 ,  1.85511e-14,  0.00273264 ,  1.94233e-07])
200188  , -78861.3    , array([ 0.383055   ,  0.00100002 ,  1.85511e-14,  0.00273264 ,  1.94233e-07])
200189  , -78861.5    , array([ 0.382672   ,  0.00100102 ,  1.85511e-14,  0.00273264 ,  1.94233e-07])
200190  , -78861.3    , array([ 0.382672   ,  0.00100002 ,  1.85696e-14,  0.00273264 ,  1.94233e-07])
200191  , -78861.3    , array([ 0.382672   ,  0.00100002 ,  1.85511e-14,  0.00273537 ,  1.94233e-07])
200192  , -78861      , array([ 0.382672   ,  0.00100002 ,  1.85511e-14,  0.00273264 ,  1.94427e-07])
200193  , -79089.3    , array([ 0.485375   ,  0.0419535  ,  1.85511e-14,  0.00273264 ,  3.62692e-09])
200194  , -79089.3    , array([ 0.485375   ,  0.0419535  ,  1.85511e-14,  0.00273264 ,  3.62692e-09])
200195  , -79089.3    , array([ 0.48586    ,  0.0419535  ,  1.85511e-14,  0.00273264 ,  3.62692e-09])
200196  , -79089.3    , array([ 0.485375   ,  0.0419955  ,  1.85511e-14,  0.00273264 ,  3.62692e-09])
200197  , -79089.3    , array([ 0.485375   ,  0.0419535  ,  1.85696e-14,  0.00273264 ,  3.62692e-09])
200198  , -79089.3    , array([ 0.485375   ,  0.0419535  ,  1.85511e-14,  0.00273538 ,  3.62692e-09])
200199  , -79089.3    , array([ 0.485375   ,  0.0419535  ,  1.85511e-14,  0.00273264 ,  3.63055e-09])
200200  , -79089.3    , array([ 0.482752   ,  0.038529   ,  1.85511e-14,  0.00273264 ,  3.97132e-09])
200201  , -79089.3    , array([ 0.482752   ,  0.038529   ,  1.85511e-14,  0.00273264 ,  3.97132e-09])
200202  , -79089.3    , array([ 0.483235   ,  0.038529   ,  1.85511e-14,  0.00273264 ,  3.97132e-09])
200203  , -79089.3    , array([ 0.482752   ,  0.0385675  ,  1.85511e-14,  0.00273264 ,  3.97132e-09])
200204  , -79089.3    , array([ 0.482752   ,  0.038529   ,  1.85696e-14,  0.00273264 ,  3.97132e-09])
200205  , -79089.3    , array([ 0.482752   ,  0.038529   ,  1.85511e-14,  0.00273538 ,  3.97132e-09])
200206  , -79089.3    , array([ 0.482752   ,  0.038529   ,  1.85511e-14,  0.00273264 ,  3.9753e-09 ])
200207  , -79089.3    , array([ 0.477549   ,  0.0324956  ,  1.85511e-14,  0.00273264 ,  4.76135e-09])
200208  , -79089.3    , array([ 0.477549   ,  0.0324956  ,  1.85511e-14,  0.00273264 ,  4.76135e-09])
200209  , -79089.3    , array([ 0.478027   ,  0.0324956  ,  1.85511e-14,  0.00273264 ,  4.76135e-09])
200210  , -79089.3    , array([ 0.477549   ,  0.0325281  ,  1.85511e-14,  0.00273264 ,  4.76135e-09])
200211  , -79089.3    , array([ 0.477549   ,  0.0324956  ,  1.85696e-14,  0.00273264 ,  4.76135e-09])
200212  , -79089.3    , array([ 0.477549   ,  0.0324956  ,  1.85511e-14,  0.00273538 ,  4.76135e-09])
200213  , -79089.3    , array([ 0.477549   ,  0.0324956  ,  1.85511e-14,  0.00273264 ,  4.76612e-09])
200214  , -79089.1    , array([ 0.467311   ,  0.0231153  ,  1.85511e-14,  0.00273264 ,  6.84416e-09])
200215  , -79089.1    , array([ 0.467311   ,  0.0231153  ,  1.85511e-14,  0.00273264 ,  6.84416e-09])
200216  , -79089.1    , array([ 0.467779   ,  0.0231153  ,  1.85511e-14,  0.00273264 ,  6.84416e-09])
200217  , -79089.1    , array([ 0.467311   ,  0.0231384  ,  1.85511e-14,  0.00273264 ,  6.84416e-09])
200218  , -79089.1    , array([ 0.467311   ,  0.0231153  ,  1.85696e-14,  0.00273264 ,  6.84416e-09])
200219  , -79089.1    , array([ 0.467311   ,  0.0231153  ,  1.85511e-14,  0.00273538 ,  6.84416e-09])
200220  , -79089.1    , array([ 0.467311   ,  0.0231153  ,  1.85511e-14,  0.00273264 ,  6.85101e-09])
200221  , -79088      , array([ 0.447489   ,  0.0116963  ,  1.85511e-14,  0.00273264 ,  1.41417e-08])
200222  , -79088      , array([ 0.447489   ,  0.0116963  ,  1.85511e-14,  0.00273264 ,  1.41417e-08])
200223  , -79088      , array([ 0.447937   ,  0.0116963  ,  1.85511e-14,  0.00273264 ,  1.41417e-08])
200224  , -79088      , array([ 0.447489   ,  0.011708   ,  1.85511e-14,  0.00273264 ,  1.41417e-08])
200225  , -79088      , array([ 0.447489   ,  0.0116963  ,  1.85696e-14,  0.00273264 ,  1.41417e-08])
200226  , -79088      , array([ 0.447489   ,  0.0116963  ,  1.85511e-14,  0.00273538 ,  1.41417e-08])
200227  , -79088      , array([ 0.447489   ,  0.0116963  ,  1.85511e-14,  0.00273264 ,  1.41558e-08])
200228  , -79065.6    , array([ 0.410331   ,  0.00299466 ,  1.85511e-14,  0.00273264 ,  6.03756e-08])
200229  , -79065.6    , array([ 0.410331   ,  0.00299466 ,  1.85511e-14,  0.00273264 ,  6.03756e-08])
200230  , -79065.6    , array([ 0.410742   ,  0.00299466 ,  1.85511e-14,  0.00273264 ,  6.03756e-08])
200231  , -79065.7    , array([ 0.410331   ,  0.00299766 ,  1.85511e-14,  0.00273264 ,  6.03756e-08])
200232  , -79065.6    , array([ 0.410331   ,  0.00299466 ,  1.85696e-14,  0.00273264 ,  6.03756e-08])
200233  , -79065.6    , array([ 0.410331   ,  0.00299466 ,  1.85511e-14,  0.00273538 ,  6.03756e-08])
200234  , -79065.6    , array([ 0.410331   ,  0.00299466 ,  1.85511e-14,  0.00273264 ,  6.0436e-08 ])
200237  , -78992.5    , array([ 0.392926   ,  0.00151529 ,  1.85511e-14,  0.00273264 ,  1.2475e-07 ])
200238  , -78992.5    , array([ 0.392926   ,  0.00151529 ,  1.85511e-14,  0.00273264 ,  1.2475e-07 ])
200239  , -78992.5    , array([ 0.393319   ,  0.00151529 ,  1.85511e-14,  0.00273264 ,  1.2475e-07 ])
200240  , -78992.6    , array([ 0.392926   ,  0.00151681 ,  1.85511e-14,  0.00273264 ,  1.2475e-07 ])
200241  , -78992.5    , array([ 0.392926   ,  0.00151529 ,  1.85696e-14,  0.00273264 ,  1.2475e-07 ])
200242  , -78992.5    , array([ 0.392926   ,  0.00151529 ,  1.85511e-14,  0.00273537 ,  1.2475e-07 ])
200243  , -78992.4    , array([ 0.392926   ,  0.00151529 ,  1.85511e-14,  0.00273264 ,  1.24875e-07])
200244  , -78893.9    , array([ 0.384502   ,  0.00107788 ,  1.85511e-14,  0.00273264 ,  1.79321e-07])
200245  , -78893.9    , array([ 0.384502   ,  0.00107788 ,  1.85511e-14,  0.00273264 ,  1.79321e-07])
200246  , -78893.9    , array([ 0.384887   ,  0.00107788 ,  1.85511e-14,  0.00273264 ,  1.79321e-07])
200247  , -78894.1    , array([ 0.384502   ,  0.00107896 ,  1.85511e-14,  0.00273264 ,  1.79321e-07])
200248  , -78893.9    , array([ 0.384502   ,  0.00107788 ,  1.85696e-14,  0.00273264 ,  1.79321e-07])
200249  , -78893.9    , array([ 0.384502   ,  0.00107788 ,  1.85511e-14,  0.00273537 ,  1.79321e-07])
200250  , -78893.7    , array([ 0.384502   ,  0.00107788 ,  1.85511e-14,  0.00273264 ,  1.79501e-07])
200253  , -78876      , array([ 0.383462   ,  0.00103295 ,  1.85511e-14,  0.00273264 ,  1.87642e-07])
200254  , -78876      , array([ 0.383462   ,  0.00103295 ,  1.85511e-14,  0.00273264 ,  1.87642e-07])
200255  , -78876      , array([ 0.383846   ,  0.00103295 ,  1.85511e-14,  0.00273264 ,  1.87642e-07])
200256  , -78876.2    , array([ 0.383462   ,  0.00103399 ,  1.85511e-14,  0.00273264 ,  1.87642e-07])
200257  , -78876      , array([ 0.383462   ,  0.00103295 ,  1.85696e-14,  0.00273264 ,  1.87642e-07])
200258  , -78876      , array([ 0.383462   ,  0.00103295 ,  1.85511e-14,  0.00273537 ,  1.87642e-07])
200259  , -78875.8    , array([ 0.383462   ,  0.00103295 ,  1.85511e-14,  0.00273264 ,  1.8783e-07 ])
200260  , -78866.4    , array([ 0.382943   ,  0.0010112  ,  1.85511e-14,  0.00273264 ,  1.91946e-07])
200261  , -78866.4    , array([ 0.382943   ,  0.0010112  ,  1.85511e-14,  0.00273264 ,  1.91946e-07])
200262  , -78866.4    , array([ 0.383326   ,  0.0010112  ,  1.85511e-14,  0.00273264 ,  1.91946e-07])
200263  , -78866.7    , array([ 0.382943   ,  0.00101221 ,  1.85511e-14,  0.00273264 ,  1.91946e-07])
200264  , -78866.4    , array([ 0.382943   ,  0.0010112  ,  1.85696e-14,  0.00273264 ,  1.91946e-07])
200265  , -78866.4    , array([ 0.382943   ,  0.0010112  ,  1.85511e-14,  0.00273537 ,  1.91946e-07])
200266  , -78866.2    , array([ 0.382943   ,  0.0010112  ,  1.85511e-14,  0.00273264 ,  1.92138e-07])
200267  , -78861.5    , array([ 0.382684   ,  0.00100049 ,  1.85511e-14,  0.00273264 ,  1.94135e-07])
200268  , -78861.5    , array([ 0.382684   ,  0.00100049 ,  1.85511e-14,  0.00273264 ,  1.94135e-07])
200269  , -78861.5    , array([ 0.383067   ,  0.00100049 ,  1.85511e-14,  0.00273264 ,  1.94135e-07])
200270  , -78861.7    , array([ 0.382684   ,  0.00100149 ,  1.85511e-14,  0.00273264 ,  1.94135e-07])
200271  , -78861.5    , array([ 0.382684   ,  0.00100049 ,  1.85696e-14,  0.00273264 ,  1.94135e-07])
200272  , -78861.5    , array([ 0.382684   ,  0.00100049 ,  1.85511e-14,  0.00273537 ,  1.94135e-07])
200273  , -78861.3    , array([ 0.382684   ,  0.00100049 ,  1.85511e-14,  0.00273264 ,  1.94329e-07])
