87070   , -66529.2    , array([ 20.1901    ,  2.75415    ,  0.110551   ,  1.0311e-18 ,  0.034398   ])
87071   , -66530.3    , array([ 20.2103    ,  2.75415    ,  0.110551   ,  1.0311e-18 ,  0.034398   ])
87072   , -66540.4    , array([ 20.1901    ,  2.75691    ,  0.110551   ,  1.0311e-18 ,  0.034398   ])
87073   , -66529.2    , array([ 20.1901    ,  2.75415    ,  0.110662   ,  1.0311e-18 ,  0.034398   ])
87074   , -66529.2    , array([ 20.1901    ,  2.75415    ,  0.110551   ,  1.03213e-18,  0.034398   ])
87075   , -66519.5    , array([ 20.1901    ,  2.75415    ,  0.110551   ,  1.0311e-18 ,  0.0344324  ])
87076   , -66529.2    , array([ 20.1901    ,  2.75415    ,  0.110551   ,  1.0311e-18 ,  0.034398   ])
87077   , -42511      , array([ 18.6314    ,  1.2821     ,  0.110309   ,  1.0311e-18 ,  0.0662201  ])
87078   , -42511      , array([ 18.6314    ,  1.2821     ,  0.110309   ,  1.0311e-18 ,  0.0662201  ])
87079   , -42512.5    , array([ 18.6501    ,  1.2821     ,  0.110309   ,  1.0311e-18 ,  0.0662201  ])
87080   , -42536      , array([ 18.6314    ,  1.28338    ,  0.110309   ,  1.0311e-18 ,  0.0662201  ])
87081   , -42511.2    , array([ 18.6314    ,  1.2821     ,  0.110419   ,  1.0311e-18 ,  0.0662201  ])
87082   , -42511      , array([ 18.6314    ,  1.2821     ,  0.110309   ,  1.03213e-18,  0.0662201  ])
87083   , -42491      , array([ 18.6314    ,  1.2821     ,  0.110309   ,  1.0311e-18 ,  0.0662864  ])
87084   , -419105     , array([ 13.5106    ,  0.0602076  ,  0.109343   ,  1.0311e-18 ,  0.90953    ])
87085   , -419105     , array([ 13.5106    ,  0.0602076  ,  0.109343   ,  1.0311e-18 ,  0.90953    ])
87086   , -419131     , array([ 13.5242    ,  0.0602076  ,  0.109343   ,  1.0311e-18 ,  0.90953    ])
87087   , -418787     , array([ 13.5106    ,  0.0602679  ,  0.109343   ,  1.0311e-18 ,  0.90953    ])
87088   , -419070     , array([ 13.5106    ,  0.0602076  ,  0.109452   ,  1.0311e-18 ,  0.90953    ])
87089   , -419105     , array([ 13.5106    ,  0.0602076  ,  0.109343   ,  1.03213e-18,  0.90953    ])
87090   , -419369     , array([ 13.5106    ,  0.0602076  ,  0.109343   ,  1.0311e-18 ,  0.91044    ])
87091   , -12708.6    , array([ 17.1762    ,  0.591267   ,  0.110063   ,  1.0311e-18 ,  0.128509   ])
87092   , -12708.6    , array([ 17.1762    ,  0.591267   ,  0.110063   ,  1.0311e-18 ,  0.128509   ])
87093   , -12709.8    , array([ 17.1933    ,  0.591267   ,  0.110063   ,  1.0311e-18 ,  0.128509   ])
87094   , -12724.7    , array([ 17.1762    ,  0.591858   ,  0.110063   ,  1.0311e-18 ,  0.128509   ])
87095   , -12708.7    , array([ 17.1762    ,  0.591267   ,  0.110174   ,  1.0311e-18 ,  0.128509   ])
87096   , -12708.6    , array([ 17.1762    ,  0.591267   ,  0.110063   ,  1.03213e-18,  0.128509   ])
87097   , -12702.3    , array([ 17.1762    ,  0.591267   ,  0.110063   ,  1.0311e-18 ,  0.128637   ])
87098   , -9983.59    , array([ 16.7584    ,  0.467765   ,  0.109989   ,  1.0311e-18 ,  0.157072   ])
87099   , -9983.59    , array([ 16.7584    ,  0.467765   ,  0.109989   ,  1.0311e-18 ,  0.157072   ])
87100   , -9984.83    , array([ 16.7752    ,  0.467765   ,  0.109989   ,  1.0311e-18 ,  0.157072   ])
87101   , -9988.94    , array([ 16.7584    ,  0.468233   ,  0.109989   ,  1.0311e-18 ,  0.157072   ])
87102   , -9983.47    , array([ 16.7584    ,  0.467765   ,  0.110099   ,  1.0311e-18 ,  0.157072   ])
87103   , -9983.59    , array([ 16.7584    ,  0.467765   ,  0.109989   ,  1.03213e-18,  0.157072   ])
87104   , -9989.12    , array([ 16.7584    ,  0.467765   ,  0.109989   ,  1.0311e-18 ,  0.157229   ])
87112   , -9961.96    , array([ 16.7496    ,  0.466453   ,  0.109993   ,  1.0311e-18 ,  0.156901   ])
87113   , -9961.96    , array([ 16.7496    ,  0.466453   ,  0.109993   ,  1.0311e-18 ,  0.156901   ])
87114   , -9963.2     , array([ 16.7663    ,  0.466453   ,  0.109993   ,  1.0311e-18 ,  0.156901   ])
87115   , -9967.26    , array([ 16.7496    ,  0.46692    ,  0.109993   ,  1.0311e-18 ,  0.156901   ])
87116   , -9961.85    , array([ 16.7496    ,  0.466453   ,  0.110103   ,  1.0311e-18 ,  0.156901   ])
87117   , -9961.96    , array([ 16.7496    ,  0.466453   ,  0.109993   ,  1.03213e-18,  0.156901   ])
87118   , -9967.54    , array([ 16.7496    ,  0.466453   ,  0.109993   ,  1.0311e-18 ,  0.157058   ])
87119   , -7859.22    , array([ 15.0288    ,  0.26257    ,  0.110815   ,  1.0311e-18 ,  0.125492   ])
87120   , -7859.22    , array([ 15.0288    ,  0.26257    ,  0.110815   ,  1.0311e-18 ,  0.125492   ])
87121   , -7860.04    , array([ 15.0438    ,  0.26257    ,  0.110815   ,  1.0311e-18 ,  0.125492   ])
87122   , -7853.1     , array([ 15.0288    ,  0.262833   ,  0.110815   ,  1.0311e-18 ,  0.125492   ])
87123   , -7859.02    , array([ 15.0288    ,  0.26257    ,  0.110926   ,  1.0311e-18 ,  0.125492   ])
87124   , -7859.22    , array([ 15.0288    ,  0.26257    ,  0.110815   ,  1.03213e-18,  0.125492   ])
87125   , -7873.32    , array([ 15.0288    ,  0.26257    ,  0.110815   ,  1.0311e-18 ,  0.125617   ])
87126   , -95445      , array([ 0.0927331  ,  0.343231   ,  0.163445   ,  1.0311e-18 ,  0.140771   ])
87127   , -95445      , array([ 0.0927331  ,  0.343231   ,  0.163445   ,  1.0311e-18 ,  0.140771   ])
87128   , -95364.1    , array([ 0.0928259  ,  0.343231   ,  0.163445   ,  1.0311e-18 ,  0.140771   ])
87129   , -95456.2    , array([ 0.0927331  ,  0.343574   ,  0.163445   ,  1.0311e-18 ,  0.140771   ])
87130   , -95440.7    , array([ 0.0927331  ,  0.343231   ,  0.163609   ,  1.0311e-18 ,  0.140771   ])
87131   , -95445      , array([ 0.0927331  ,  0.343231   ,  0.163445   ,  1.03213e-18,  0.140771   ])
87132   , -95502.8    , array([ 0.0927331  ,  0.343231   ,  0.163445   ,  1.0311e-18 ,  0.140912   ])
87133   , -6594.67    , array([ 4.79719    ,  0.278841   ,  0.120915   ,  1.0311e-18 ,  0.12877    ])
87134   , -6594.67    , array([ 4.79719    ,  0.278841   ,  0.120915   ,  1.0311e-18 ,  0.12877    ])
87135   , -6595.85    , array([ 4.80199    ,  0.278841   ,  0.120915   ,  1.0311e-18 ,  0.12877    ])
87136   , -6589.4     , array([ 4.79719    ,  0.27912    ,  0.120915   ,  1.0311e-18 ,  0.12877    ])
87137   , -6594.43    , array([ 4.79719    ,  0.278841   ,  0.121036   ,  1.0311e-18 ,  0.12877    ])
87138   , -6594.67    , array([ 4.79719    ,  0.278841   ,  0.120915   ,  1.03213e-18,  0.12877    ])
87139   , -6606.46    , array([ 4.79719    ,  0.278841   ,  0.120915   ,  1.0311e-18 ,  0.128899   ])
87140   , -6345.76    , array([ 1.64684    ,  0.294988   ,  0.131203   ,  1.0311e-18 ,  0.131917   ])
87141   , -6345.76    , array([ 1.64684    ,  0.294988   ,  0.131203   ,  1.0311e-18 ,  0.131917   ])
87142   , -6343.91    , array([ 1.64849    ,  0.294988   ,  0.131203   ,  1.0311e-18 ,  0.131917   ])
87143   , -6341.4     , array([ 1.64684    ,  0.295283   ,  0.131203   ,  1.0311e-18 ,  0.131917   ])
87144   , -6345.39    , array([ 1.64684    ,  0.294988   ,  0.131334   ,  1.0311e-18 ,  0.131917   ])
87145   , -6345.76    , array([ 1.64684    ,  0.294988   ,  0.131203   ,  1.03213e-18,  0.131917   ])
87146   , -6357.37    , array([ 1.64684    ,  0.294988   ,  0.131203   ,  1.0311e-18 ,  0.132049   ])
87147   , -6158.64    , array([ 3.14849    ,  0.285092   ,  0.124867   ,  1.0311e-18 ,  0.13       ])
87148   , -6158.64    , array([ 3.14849    ,  0.285092   ,  0.124867   ,  1.0311e-18 ,  0.13       ])
87149   , -6159.36    , array([ 3.15164    ,  0.285092   ,  0.124867   ,  1.0311e-18 ,  0.13       ])
87150   , -6153.65    , array([ 3.14849    ,  0.285377   ,  0.124867   ,  1.0311e-18 ,  0.13       ])
87151   , -6158.36    , array([ 3.14849    ,  0.285092   ,  0.124992   ,  1.0311e-18 ,  0.13       ])
87152   , -6158.64    , array([ 3.14849    ,  0.285092   ,  0.124867   ,  1.03213e-18,  0.13       ])
87153   , -6169.86    , array([ 3.14849    ,  0.285092   ,  0.124867   ,  1.0311e-18 ,  0.13013    ])
87154   , -79829.7    , array([ 0.0608621  ,  0.35289    ,  3.54053    ,  1.0311e-18 ,  0.147486   ])
87155   , -79829.7    , array([ 0.0608621  ,  0.35289    ,  3.54053    ,  1.0311e-18 ,  0.147486   ])
87156   , -79771.2    , array([ 0.060923   ,  0.35289    ,  3.54053    ,  1.0311e-18 ,  0.147486   ])
87157   , -79844.8    , array([ 0.0608621  ,  0.353243   ,  3.54053    ,  1.0311e-18 ,  0.147486   ])
87158   , -79800.5    , array([ 0.0608621  ,  0.35289    ,  3.54407    ,  1.0311e-18 ,  0.147486   ])
87159   , -79829.7    , array([ 0.0608621  ,  0.35289    ,  3.54053    ,  1.03213e-18,  0.147486   ])
87160   , -79834.3    , array([ 0.0608621  ,  0.35289    ,  3.54053    ,  1.0311e-18 ,  0.147633   ])
87161   , -6098.12    , array([ 2.92114    ,  0.28625    ,  0.133057   ,  1.0311e-18 ,  0.130312   ])
87162   , -6098.12    , array([ 2.92114    ,  0.28625    ,  0.133057   ,  1.0311e-18 ,  0.130312   ])
87163   , -6098.7     , array([ 2.92406    ,  0.28625    ,  0.133057   ,  1.0311e-18 ,  0.130312   ])
87164   , -6093.2     , array([ 2.92114    ,  0.286536   ,  0.133057   ,  1.0311e-18 ,  0.130312   ])
87165   , -6097.82    , array([ 2.92114    ,  0.28625    ,  0.13319    ,  1.0311e-18 ,  0.130312   ])
87166   , -6098.12    , array([ 2.92114    ,  0.28625    ,  0.133057   ,  1.03213e-18,  0.130312   ])
87167   , -6109.26    , array([ 2.92114    ,  0.28625    ,  0.133057   ,  1.0311e-18 ,  0.130443   ])
87168   , -5971.66    , array([ 2.83019    ,  0.284894   ,  0.163265   ,  1.0311e-18 ,  0.129535   ])
87169   , -5971.66    , array([ 2.83019    ,  0.284894   ,  0.163265   ,  1.0311e-18 ,  0.129535   ])
87170   , -5972.19    , array([ 2.83302    ,  0.284894   ,  0.163265   ,  1.0311e-18 ,  0.129535   ])
87171   , -5966.86    , array([ 2.83019    ,  0.285179   ,  0.163265   ,  1.0311e-18 ,  0.129535   ])
87172   , -5971.31    , array([ 2.83019    ,  0.284894   ,  0.163429   ,  1.0311e-18 ,  0.129535   ])
87173   , -5971.66    , array([ 2.83019    ,  0.284894   ,  0.163265   ,  1.03213e-18,  0.129535   ])
87174   , -5982.54    , array([ 2.83019    ,  0.284894   ,  0.163265   ,  1.0311e-18 ,  0.129665   ])
87175   , -5345.13    , array([ 2.49383    ,  0.279534   ,  0.370098   ,  1.0311e-18 ,  0.126474   ])
87176   , -5345.13    , array([ 2.49383    ,  0.279534   ,  0.370098   ,  1.0311e-18 ,  0.126474   ])
87177   , -5345.49    , array([ 2.49632    ,  0.279534   ,  0.370098   ,  1.0311e-18 ,  0.126474   ])
87178   , -5341.01    , array([ 2.49383    ,  0.279814   ,  0.370098   ,  1.0311e-18 ,  0.126474   ])
87179   , -5344.45    , array([ 2.49383    ,  0.279534   ,  0.370468   ,  1.0311e-18 ,  0.126474   ])
87180   , -5345.13    , array([ 2.49383    ,  0.279534   ,  0.370098   ,  1.03213e-18,  0.126474   ])
87181   , -5354.54    , array([ 2.49383    ,  0.279534   ,  0.370098   ,  1.0311e-18 ,  0.1266     ])
87182   , -5807.64    , array([ 1.50338    ,  0.259084   ,  9.77255    ,  1.0311e-18 ,  0.114934   ])
87183   , -5807.64    , array([ 1.50338    ,  0.259084   ,  9.77255    ,  1.0311e-18 ,  0.114934   ])
87184   , -5810.8     , array([ 1.50489    ,  0.259084   ,  9.77255    ,  1.0311e-18 ,  0.114934   ])
87185   , -5817.45    , array([ 1.50338    ,  0.259343   ,  9.77255    ,  1.0311e-18 ,  0.114934   ])
87186   , -5816.46    , array([ 1.50338    ,  0.259084   ,  9.78233    ,  1.0311e-18 ,  0.114934   ])
87187   , -5807.64    , array([ 1.50338    ,  0.259084   ,  9.77255    ,  1.03213e-18,  0.114934   ])
87188   , -5805.93    , array([ 1.50338    ,  0.259084   ,  9.77255    ,  1.0311e-18 ,  0.115049   ])
87189   , -3134.11    , array([ 1.90336    ,  0.268423   ,  2.12487    ,  1.0311e-18 ,  0.120176   ])
87190   , -3134.11    , array([ 1.90336    ,  0.268423   ,  2.12487    ,  1.0311e-18 ,  0.120176   ])
87191   , -3134.84    , array([ 1.90526    ,  0.268423   ,  2.12487    ,  1.0311e-18 ,  0.120176   ])
87192   , -3133.93    , array([ 1.90336    ,  0.268692   ,  2.12487    ,  1.0311e-18 ,  0.120176   ])
87193   , -3133.01    , array([ 1.90336    ,  0.268423   ,  2.127      ,  1.0311e-18 ,  0.120176   ])
87194   , -3134.11    , array([ 1.90336    ,  0.268423   ,  2.12487    ,  1.03213e-18,  0.120176   ])
87195   , -3137.03    , array([ 1.90336    ,  0.268423   ,  2.12487    ,  1.0311e-18 ,  0.120296   ])
87196   , -2680.45    , array([ 1.73579    ,  0.264735   ,  3.85663    ,  1.0311e-18 ,  0.1181     ])
87197   , -2680.45    , array([ 1.73579    ,  0.264735   ,  3.85663    ,  1.0311e-18 ,  0.1181     ])
87198   , -2681.84    , array([ 1.73753    ,  0.264735   ,  3.85663    ,  1.0311e-18 ,  0.1181     ])
87199   , -2683.16    , array([ 1.73579    ,  0.265      ,  3.85663    ,  1.0311e-18 ,  0.1181     ])
87200   , -2680.82    , array([ 1.73579    ,  0.264735   ,  3.86049    ,  1.0311e-18 ,  0.1181     ])
87201   , -2680.45    , array([ 1.73579    ,  0.264735   ,  3.85663    ,  1.03213e-18,  0.1181     ])
87202   , -2680.54    , array([ 1.73579    ,  0.264735   ,  3.85663    ,  1.0311e-18 ,  0.118218   ])
87203   , -1941.86    , array([ 1.01053    ,  0.214486   ,  6.00502    ,  1.0311e-18 ,  0.103545   ])
87204   , -1941.86    , array([ 1.01053    ,  0.214486   ,  6.00502    ,  1.0311e-18 ,  0.103545   ])
87205   , -1942.3     , array([ 1.01154    ,  0.214486   ,  6.00502    ,  1.0311e-18 ,  0.103545   ])
87206   , -1943.76    , array([ 1.01053    ,  0.214701   ,  6.00502    ,  1.0311e-18 ,  0.103545   ])
87207   , -1942.64    , array([ 1.01053    ,  0.214486   ,  6.01103    ,  1.0311e-18 ,  0.103545   ])
87208   , -1941.86    , array([ 1.01053    ,  0.214486   ,  6.00502    ,  1.03213e-18,  0.103545   ])
87209   , -1941.83    , array([ 1.01053    ,  0.214486   ,  6.00502    ,  1.0311e-18 ,  0.103649   ])
87210   , -4519.72    , array([ 0.728972   ,  0.16751    ,  1.93297    ,  1.0311e-18 ,  0.0874171  ])
87211   , -4519.72    , array([ 0.728972   ,  0.16751    ,  1.93297    ,  1.0311e-18 ,  0.0874171  ])
87212   , -4515.39    , array([ 0.729701   ,  0.16751    ,  1.93297    ,  1.0311e-18 ,  0.0874171  ])
87213   , -4513.42    , array([ 0.728972   ,  0.167677   ,  1.93297    ,  1.0311e-18 ,  0.0874171  ])
87214   , -4517.28    , array([ 0.728972   ,  0.16751    ,  1.9349     ,  1.0311e-18 ,  0.0874171  ])
87215   , -4519.72    , array([ 0.728972   ,  0.16751    ,  1.93297    ,  1.03213e-18,  0.0874171  ])
87216   , -4528.75    , array([ 0.728972   ,  0.16751    ,  1.93297    ,  1.0311e-18 ,  0.0875046  ])
87217   , -1866.14    , array([ 0.970662   ,  0.208049   ,  5.222      ,  1.0311e-18 ,  0.101407   ])
87218   , -1866.14    , array([ 0.970662   ,  0.208049   ,  5.222      ,  1.0311e-18 ,  0.101407   ])
87219   , -1865.93    , array([ 0.971633   ,  0.208049   ,  5.222      ,  1.0311e-18 ,  0.101407   ])
87220   , -1866.66    , array([ 0.970662   ,  0.208258   ,  5.222      ,  1.0311e-18 ,  0.101407   ])
87221   , -1865.81    , array([ 0.970662   ,  0.208049   ,  5.22722    ,  1.0311e-18 ,  0.101407   ])
87222   , -1866.14    , array([ 0.970662   ,  0.208049   ,  5.222      ,  1.03213e-18,  0.101407   ])
87223   , -1866.97    , array([ 0.970662   ,  0.208049   ,  5.222      ,  1.0311e-18 ,  0.101508   ])
87224   , -1765.56    , array([ 0.951275   ,  0.185513   ,  5.82754    ,  1.0311e-18 ,  0.0942405  ])
87225   , -1765.56    , array([ 0.951275   ,  0.185513   ,  5.82754    ,  1.0311e-18 ,  0.0942405  ])
87226   , -1765.57    , array([ 0.952227   ,  0.185513   ,  5.82754    ,  1.0311e-18 ,  0.0942405  ])
87227   , -1764.88    , array([ 0.951275   ,  0.185698   ,  5.82754    ,  1.0311e-18 ,  0.0942405  ])
87228   , -1765.39    , array([ 0.951275   ,  0.185513   ,  5.83337    ,  1.0311e-18 ,  0.0942405  ])
87229   , -1765.56    , array([ 0.951275   ,  0.185513   ,  5.82754    ,  1.03213e-18,  0.0942405  ])
87230   , -1767.08    , array([ 0.951275   ,  0.185513   ,  5.82754    ,  1.0311e-18 ,  0.0943348  ])
87231   , -1724.88    , array([ 0.866973   ,  0.170673   ,  6.58193    ,  1.0311e-18 ,  0.0880905  ])
87232   , -1724.88    , array([ 0.866973   ,  0.170673   ,  6.58193    ,  1.0311e-18 ,  0.0880905  ])
87233   , -1724.82    , array([ 0.86784    ,  0.170673   ,  6.58193    ,  1.0311e-18 ,  0.0880905  ])
87234   , -1723.9     , array([ 0.866973   ,  0.170844   ,  6.58193    ,  1.0311e-18 ,  0.0880905  ])
87235   , -1724.91    , array([ 0.866973   ,  0.170673   ,  6.58852    ,  1.0311e-18 ,  0.0880905  ])
87236   , -1724.88    , array([ 0.866973   ,  0.170673   ,  6.58193    ,  1.03213e-18,  0.0880905  ])
87237   , -1726.49    , array([ 0.866973   ,  0.170673   ,  6.58193    ,  1.0311e-18 ,  0.0881787  ])
87238   , -1692.14    , array([ 0.860655   ,  0.162198   ,  6.77459    ,  1.0311e-18 ,  0.0833293  ])
87239   , -1692.14    , array([ 0.860655   ,  0.162198   ,  6.77459    ,  1.0311e-18 ,  0.0833293  ])
87240   , -1692.11    , array([ 0.861516   ,  0.162198   ,  6.77459    ,  1.0311e-18 ,  0.0833293  ])
87241   , -1690.97    , array([ 0.860655   ,  0.16236    ,  6.77459    ,  1.0311e-18 ,  0.0833293  ])
87242   , -1692.23    , array([ 0.860655   ,  0.162198   ,  6.78137    ,  1.0311e-18 ,  0.0833293  ])
87243   , -1692.14    , array([ 0.860655   ,  0.162198   ,  6.77459    ,  1.03213e-18,  0.0833293  ])
87244   , -1693.8     , array([ 0.860655   ,  0.162198   ,  6.77459    ,  1.0311e-18 ,  0.0834127  ])
87245   , -1633.56    , array([ 0.860611   ,  0.151579   ,  6.89238    ,  1.0311e-18 ,  0.0762772  ])
87246   , -1633.56    , array([ 0.860611   ,  0.151579   ,  6.89238    ,  1.0311e-18 ,  0.0762772  ])
87247   , -1633.54    , array([ 0.861472   ,  0.151579   ,  6.89238    ,  1.0311e-18 ,  0.0762772  ])
87248   , -1632.36    , array([ 0.860611   ,  0.15173    ,  6.89238    ,  1.0311e-18 ,  0.0762772  ])
87249   , -1633.69    , array([ 0.860611   ,  0.151579   ,  6.89927    ,  1.0311e-18 ,  0.0762772  ])
87250   , -1633.56    , array([ 0.860611   ,  0.151579   ,  6.89238    ,  1.03213e-18,  0.0762772  ])
87251   , -1635.12    , array([ 0.860611   ,  0.151579   ,  6.89238    ,  1.0311e-18 ,  0.0763535  ])
87252   , -1535.82    , array([ 0.878136   ,  0.135843   ,  6.87718    ,  1.0311e-18 ,  0.0650281  ])
87253   , -1535.82    , array([ 0.878136   ,  0.135843   ,  6.87718    ,  1.0311e-18 ,  0.0650281  ])
87254   , -1535.83    , array([ 0.879015   ,  0.135843   ,  6.87718    ,  1.0311e-18 ,  0.0650281  ])
87255   , -1534.85    , array([ 0.878136   ,  0.135979   ,  6.87718    ,  1.0311e-18 ,  0.0650281  ])
87256   , -1536       , array([ 0.878136   ,  0.135843   ,  6.88406    ,  1.0311e-18 ,  0.0650281  ])
87257   , -1535.82    , array([ 0.878136   ,  0.135843   ,  6.87718    ,  1.03213e-18,  0.0650281  ])
87258   , -1537.01    , array([ 0.878136   ,  0.135843   ,  6.87718    ,  1.0311e-18 ,  0.0650932  ])
87259   , -1432.49    , array([ 0.943099   ,  0.109579   ,  6.45137    ,  1.0311e-18 ,  0.046614   ])
87260   , -1432.49    , array([ 0.943099   ,  0.109579   ,  6.45137    ,  1.0311e-18 ,  0.046614   ])
87261   , -1432.58    , array([ 0.944042   ,  0.109579   ,  6.45137    ,  1.0311e-18 ,  0.046614   ])
87262   , -1432.65    , array([ 0.943099   ,  0.109688   ,  6.45137    ,  1.0311e-18 ,  0.046614   ])
87263   , -1432.77    , array([ 0.943099   ,  0.109579   ,  6.45783    ,  1.0311e-18 ,  0.046614   ])
87264   , -1432.49    , array([ 0.943099   ,  0.109579   ,  6.45137    ,  1.03213e-18,  0.046614   ])
87265   , -1432.42    , array([ 0.943099   ,  0.109579   ,  6.45137    ,  1.0311e-18 ,  0.0466606  ])
87266   , -1422.42    , array([ 0.966165   ,  0.106781   ,  6.10201    ,  1.0311e-18 ,  0.044831   ])
87267   , -1422.42    , array([ 0.966165   ,  0.106781   ,  6.10201    ,  1.0311e-18 ,  0.044831   ])
87268   , -1422.5     , array([ 0.967132   ,  0.106781   ,  6.10201    ,  1.0311e-18 ,  0.044831   ])
87269   , -1422.55    , array([ 0.966165   ,  0.106888   ,  6.10201    ,  1.0311e-18 ,  0.044831   ])
87270   , -1422.61    , array([ 0.966165   ,  0.106781   ,  6.10811    ,  1.0311e-18 ,  0.044831   ])
87271   , -1422.42    , array([ 0.966165   ,  0.106781   ,  6.10201    ,  1.03213e-18,  0.044831   ])
87272   , -1422.33    , array([ 0.966165   ,  0.106781   ,  6.10201    ,  1.0311e-18 ,  0.0448759  ])
87273   , -1412.78    , array([ 0.996456   ,  0.105287   ,  5.51791    ,  1.0311e-18 ,  0.0437717  ])
87274   , -1412.78    , array([ 0.996456   ,  0.105287   ,  5.51791    ,  1.0311e-18 ,  0.0437717  ])
87275   , -1412.82    , array([ 0.997453   ,  0.105287   ,  5.51791    ,  1.0311e-18 ,  0.0437717  ])
87276   , -1412.72    , array([ 0.996456   ,  0.105392   ,  5.51791    ,  1.0311e-18 ,  0.0437717  ])
87277   , -1412.84    , array([ 0.996456   ,  0.105287   ,  5.52343    ,  1.0311e-18 ,  0.0437717  ])
87278   , -1412.78    , array([ 0.996456   ,  0.105287   ,  5.51791    ,  1.03213e-18,  0.0437717  ])
87279   , -1412.82    , array([ 0.996456   ,  0.105287   ,  5.51791    ,  1.0311e-18 ,  0.0438155  ])
87280   , -1411.58    , array([ 1.00583    ,  0.104819   ,  5.28741    ,  1.0311e-18 ,  0.0432577  ])
87281   , -1411.58    , array([ 1.00583    ,  0.104819   ,  5.28741    ,  1.0311e-18 ,  0.0432577  ])
87282   , -1411.59    , array([ 1.00684    ,  0.104819   ,  5.28741    ,  1.0311e-18 ,  0.0432577  ])
87283   , -1411.54    , array([ 1.00583    ,  0.104923   ,  5.28741    ,  1.0311e-18 ,  0.0432577  ])
87284   , -1411.59    , array([ 1.00583    ,  0.104819   ,  5.2927     ,  1.0311e-18 ,  0.0432577  ])
87285   , -1411.58    , array([ 1.00583    ,  0.104819   ,  5.28741    ,  1.03213e-18,  0.0432577  ])
87286   , -1411.6     , array([ 1.00583    ,  0.104819   ,  5.28741    ,  1.0311e-18 ,  0.043301   ])
87287   , -1411.42    , array([ 1.00736    ,  0.104945   ,  5.20435    ,  1.0311e-18 ,  0.0432033  ])
87288   , -1411.42    , array([ 1.00736    ,  0.104945   ,  5.20435    ,  1.0311e-18 ,  0.0432033  ])
87289   , -1411.42    , array([ 1.00837    ,  0.104945   ,  5.20435    ,  1.0311e-18 ,  0.0432033  ])
87290   , -1411.4     , array([ 1.00736    ,  0.10505    ,  5.20435    ,  1.0311e-18 ,  0.0432033  ])
87291   , -1411.42    , array([ 1.00736    ,  0.104945   ,  5.20955    ,  1.0311e-18 ,  0.0432033  ])
87292   , -1411.42    , array([ 1.00736    ,  0.104945   ,  5.20435    ,  1.03213e-18,  0.0432033  ])
87293   , -1411.43    , array([ 1.00736    ,  0.104945   ,  5.20435    ,  1.0311e-18 ,  0.0432465  ])
87294   , -1411.37    , array([ 1.00672    ,  0.105097   ,  5.19566    ,  1.0311e-18 ,  0.0432518  ])
87295   , -1411.37    , array([ 1.00672    ,  0.105097   ,  5.19566    ,  1.0311e-18 ,  0.0432518  ])
87296   , -1411.37    , array([ 1.00772    ,  0.105097   ,  5.19566    ,  1.0311e-18 ,  0.0432518  ])
87297   , -1411.36    , array([ 1.00672    ,  0.105202   ,  5.19566    ,  1.0311e-18 ,  0.0432518  ])
87298   , -1411.37    , array([ 1.00672    ,  0.105097   ,  5.20086    ,  1.0311e-18 ,  0.0432518  ])
87299   , -1411.37    , array([ 1.00672    ,  0.105097   ,  5.19566    ,  1.03213e-18,  0.0432518  ])
87300   , -1411.38    , array([ 1.00672    ,  0.105097   ,  5.19566    ,  1.0311e-18 ,  0.0432951  ])
87301   , -1411.33    , array([ 1.00601    ,  0.105245   ,  5.19823    ,  1.0311e-18 ,  0.0433151  ])
87302   , -1411.33    , array([ 1.00601    ,  0.105245   ,  5.19823    ,  1.0311e-18 ,  0.0433151  ])
87303   , -1411.33    , array([ 1.00702    ,  0.105245   ,  5.19823    ,  1.0311e-18 ,  0.0433151  ])
87304   , -1411.33    , array([ 1.00601    ,  0.10535    ,  5.19823    ,  1.0311e-18 ,  0.0433151  ])
87305   , -1411.33    , array([ 1.00601    ,  0.105245   ,  5.20343    ,  1.0311e-18 ,  0.0433151  ])
87306   , -1411.33    , array([ 1.00601    ,  0.105245   ,  5.19823    ,  1.03213e-18,  0.0433151  ])
87307   , -1411.33    , array([ 1.00601    ,  0.105245   ,  5.19823    ,  1.0311e-18 ,  0.0433584  ])
87308   , -1411.31    , array([ 1.00584    ,  0.105306   ,  5.20163    ,  1.0311e-18 ,  0.0433449  ])
87309   , -1411.31    , array([ 1.00584    ,  0.105306   ,  5.20163    ,  1.0311e-18 ,  0.0433449  ])
87310   , -1411.31    , array([ 1.00685    ,  0.105306   ,  5.20163    ,  1.0311e-18 ,  0.0433449  ])
87311   , -1411.31    , array([ 1.00584    ,  0.105411   ,  5.20163    ,  1.0311e-18 ,  0.0433449  ])
87312   , -1411.31    , array([ 1.00584    ,  0.105306   ,  5.20684    ,  1.0311e-18 ,  0.0433449  ])
87313   , -1411.31    , array([ 1.00584    ,  0.105306   ,  5.20163    ,  1.03213e-18,  0.0433449  ])
87314   , -1411.31    , array([ 1.00584    ,  0.105306   ,  5.20163    ,  1.0311e-18 ,  0.0433882  ])
87315   , -1411.31    , array([ 1.00593    ,  0.105318   ,  5.20242    ,  1.0311e-18 ,  0.0433514  ])
87316   , -1411.31    , array([ 1.00593    ,  0.105318   ,  5.20242    ,  1.0311e-18 ,  0.0433514  ])
87317   , -1411.31    , array([ 1.00693    ,  0.105318   ,  5.20242    ,  1.0311e-18 ,  0.0433514  ])
87318   , -1411.31    , array([ 1.00593    ,  0.105423   ,  5.20242    ,  1.0311e-18 ,  0.0433514  ])
87319   , -1411.31    , array([ 1.00593    ,  0.105318   ,  5.20762    ,  1.0311e-18 ,  0.0433514  ])
87320   , -1411.31    , array([ 1.00593    ,  0.105318   ,  5.20242    ,  1.03213e-18,  0.0433514  ])
87321   , -1411.31    , array([ 1.00593    ,  0.105318   ,  5.20242    ,  1.0311e-18 ,  0.0433948  ])
87322   , -1411.31    , array([ 1.00601    ,  0.10532    ,  5.20229    ,  1.0311e-18 ,  0.0433525  ])
87323   , -1411.31    , array([ 1.00601    ,  0.10532    ,  5.20229    ,  1.0311e-18 ,  0.0433525  ])
87324   , -1411.31    , array([ 1.00702    ,  0.10532    ,  5.20229    ,  1.0311e-18 ,  0.0433525  ])
87325   , -1411.31    , array([ 1.00601    ,  0.105426   ,  5.20229    ,  1.0311e-18 ,  0.0433525  ])
87326   , -1411.31    , array([ 1.00601    ,  0.10532    ,  5.20749    ,  1.0311e-18 ,  0.0433525  ])
87327   , -1411.31    , array([ 1.00601    ,  0.10532    ,  5.20229    ,  1.03213e-18,  0.0433525  ])
87328   , -1411.31    , array([ 1.00601    ,  0.10532    ,  5.20229    ,  1.0311e-18 ,  0.0433959  ])
87329   , -1411.31    , array([ 1.00604    ,  0.105321   ,  5.20209    ,  1.0311e-18 ,  0.0433524  ])
87330   , -1411.31    , array([ 1.00604    ,  0.105321   ,  5.20209    ,  1.0311e-18 ,  0.0433524  ])
87331   , -1411.31    , array([ 1.00705    ,  0.105321   ,  5.20209    ,  1.0311e-18 ,  0.0433524  ])
87332   , -1411.31    , array([ 1.00604    ,  0.105426   ,  5.20209    ,  1.0311e-18 ,  0.0433524  ])
87333   , -1411.31    , array([ 1.00604    ,  0.105321   ,  5.20729    ,  1.0311e-18 ,  0.0433524  ])
87334   , -1411.31    , array([ 1.00604    ,  0.105321   ,  5.20209    ,  1.03213e-18,  0.0433524  ])
87335   , -1411.31    , array([ 1.00604    ,  0.105321   ,  5.20209    ,  1.0311e-18 ,  0.0433958  ])
87336   , -1411.31    , array([ 1.00605    ,  0.10532    ,  5.20204    ,  1.0311e-18 ,  0.0433524  ])
87337   , -1411.31    , array([ 1.00605    ,  0.10532    ,  5.20204    ,  1.0311e-18 ,  0.0433524  ])
87338   , -1411.31    , array([ 1.00705    ,  0.10532    ,  5.20204    ,  1.0311e-18 ,  0.0433524  ])
87339   , -1411.31    , array([ 1.00605    ,  0.105426   ,  5.20204    ,  1.0311e-18 ,  0.0433524  ])
87340   , -1411.31    , array([ 1.00605    ,  0.10532    ,  5.20724    ,  1.0311e-18 ,  0.0433524  ])
87341   , -1411.31    , array([ 1.00605    ,  0.10532    ,  5.20204    ,  1.03213e-18,  0.0433524  ])
87342   , -1411.31    , array([ 1.00605    ,  0.10532    ,  5.20204    ,  1.0311e-18 ,  0.0433957  ])
87343   , -1411.31    , array([ 1.00604    ,  0.105321   ,  5.20209    ,  1.0311e-18 ,  0.0433524  ])
87344   , -1411.31    , array([ 1.00604    ,  0.105321   ,  5.20209    ,  1.0311e-18 ,  0.0433524  ])
87345   , -1411.31    , array([ 1.00705    ,  0.105321   ,  5.20209    ,  1.0311e-18 ,  0.0433524  ])
87346   , -1411.31    , array([ 1.00604    ,  0.105426   ,  5.20209    ,  1.0311e-18 ,  0.0433524  ])
87347   , -1411.31    , array([ 1.00604    ,  0.105321   ,  5.20729    ,  1.0311e-18 ,  0.0433524  ])
87348   , -1411.31    , array([ 1.00604    ,  0.105321   ,  5.20209    ,  1.03213e-18,  0.0433524  ])
87349   , -1411.31    , array([ 1.00604    ,  0.105321   ,  5.20209    ,  1.0311e-18 ,  0.0433958  ])
87350   , -1411.31    , array([ 1.00604    ,  0.105321   ,  5.20209    ,  1.0311e-18 ,  0.0433524  ])
87351   , -1411.31    , array([ 1.00604    ,  0.105321   ,  5.20209    ,  1.0311e-18 ,  0.0433524  ])
87352   , -1411.31    , array([ 1.00705    ,  0.105321   ,  5.20209    ,  1.0311e-18 ,  0.0433524  ])
87353   , -1411.31    , array([ 1.00604    ,  0.105426   ,  5.20209    ,  1.0311e-18 ,  0.0433524  ])
87354   , -1411.31    , array([ 1.00604    ,  0.105321   ,  5.20729    ,  1.0311e-18 ,  0.0433524  ])
87355   , -1411.31    , array([ 1.00604    ,  0.105321   ,  5.20209    ,  1.03213e-18,  0.0433524  ])
87356   , -1411.31    , array([ 1.00604    ,  0.105321   ,  5.20209    ,  1.0311e-18 ,  0.0433958  ])
87357   , -1411.31    , array([ 1.00604    ,  0.105321   ,  5.20209    ,  1.0311e-18 ,  0.0433524  ])
87358   , -1411.31    , array([ 1.00604    ,  0.105321   ,  5.20209    ,  1.0311e-18 ,  0.0433524  ])
87359   , -1411.31    , array([ 1.00705    ,  0.105321   ,  5.20209    ,  1.0311e-18 ,  0.0433524  ])
87360   , -1411.31    , array([ 1.00604    ,  0.105426   ,  5.20209    ,  1.0311e-18 ,  0.0433524  ])
87361   , -1411.31    , array([ 1.00604    ,  0.105321   ,  5.20729    ,  1.0311e-18 ,  0.0433524  ])
87362   , -1411.31    , array([ 1.00604    ,  0.105321   ,  5.20209    ,  1.03213e-18,  0.0433524  ])
87363   , -1411.31    , array([ 1.00604    ,  0.105321   ,  5.20209    ,  1.0311e-18 ,  0.0433958  ])
87364   , -1411.31    , array([ 1.00604    ,  0.105321   ,  5.20209    ,  1.0311e-18 ,  0.0433524  ])
87365   , -1411.31    , array([ 1.00604    ,  0.105321   ,  5.20209    ,  1.0311e-18 ,  0.0433524  ])
87366   , -1411.31    , array([ 1.00705    ,  0.105321   ,  5.20209    ,  1.0311e-18 ,  0.0433524  ])
87367   , -1411.31    , array([ 1.00604    ,  0.105426   ,  5.20209    ,  1.0311e-18 ,  0.0433524  ])
87368   , -1411.31    , array([ 1.00604    ,  0.105321   ,  5.20729    ,  1.0311e-18 ,  0.0433524  ])
87369   , -1411.31    , array([ 1.00604    ,  0.105321   ,  5.20209    ,  1.03213e-18,  0.0433524  ])
87370   , -1411.31    , array([ 1.00604    ,  0.105321   ,  5.20209    ,  1.0311e-18 ,  0.0433958  ])
87371   , -1411.31    , array([ 1.00604    ,  0.105321   ,  5.20209    ,  1.0311e-18 ,  0.0433524  ])
87372   , -1411.31    , array([ 1.00604    ,  0.105321   ,  5.20209    ,  1.0311e-18 ,  0.0433524  ])
87373   , -1411.31    , array([ 1.00705    ,  0.105321   ,  5.20209    ,  1.0311e-18 ,  0.0433524  ])
87374   , -1411.31    , array([ 1.00604    ,  0.105426   ,  5.20209    ,  1.0311e-18 ,  0.0433524  ])
87375   , -1411.31    , array([ 1.00604    ,  0.105321   ,  5.20729    ,  1.0311e-18 ,  0.0433524  ])
87376   , -1411.31    , array([ 1.00604    ,  0.105321   ,  5.20209    ,  1.03213e-18,  0.0433524  ])
87377   , -1411.31    , array([ 1.00604    ,  0.105321   ,  5.20209    ,  1.0311e-18 ,  0.0433958  ])
87378   , -1411.31    , array([ 1.00604    ,  0.105321   ,  5.20209    ,  1.0311e-18 ,  0.0433524  ])
87379   , -1411.31    , array([ 1.00604    ,  0.105321   ,  5.20209    ,  1.0311e-18 ,  0.0433524  ])
87380   , -1411.31    , array([ 1.00705    ,  0.105321   ,  5.20209    ,  1.0311e-18 ,  0.0433524  ])
87381   , -1411.31    , array([ 1.00604    ,  0.105426   ,  5.20209    ,  1.0311e-18 ,  0.0433524  ])
87382   , -1411.31    , array([ 1.00604    ,  0.105321   ,  5.20729    ,  1.0311e-18 ,  0.0433524  ])
87383   , -1411.31    , array([ 1.00604    ,  0.105321   ,  5.20209    ,  1.03213e-18,  0.0433524  ])
87384   , -1411.31    , array([ 1.00604    ,  0.105321   ,  5.20209    ,  1.0311e-18 ,  0.0433958  ])
87385   , -1411.31    , array([ 1.00604    ,  0.105321   ,  5.20209    ,  1.0311e-18 ,  0.0433524  ])
87386   , -1411.31    , array([ 1.00604    ,  0.105321   ,  5.20209    ,  1.0311e-18 ,  0.0433524  ])
87387   , -1411.31    , array([ 1.00705    ,  0.105321   ,  5.20209    ,  1.0311e-18 ,  0.0433524  ])
87388   , -1411.31    , array([ 1.00604    ,  0.105426   ,  5.20209    ,  1.0311e-18 ,  0.0433524  ])
87389   , -1411.31    , array([ 1.00604    ,  0.105321   ,  5.20729    ,  1.0311e-18 ,  0.0433524  ])
87390   , -1411.31    , array([ 1.00604    ,  0.105321   ,  5.20209    ,  1.03213e-18,  0.0433524  ])
87391   , -1411.31    , array([ 1.00604    ,  0.105321   ,  5.20209    ,  1.0311e-18 ,  0.0433958  ])
87392   , -1411.31    , array([ 1.00604    ,  0.105321   ,  5.20209    ,  1.0311e-18 ,  0.0433524  ])
87393   , -1411.31    , array([ 1.00604    ,  0.105321   ,  5.20209    ,  1.0311e-18 ,  0.0433524  ])
87394   , -1411.31    , array([ 1.00705    ,  0.105321   ,  5.20209    ,  1.0311e-18 ,  0.0433524  ])
87395   , -1411.31    , array([ 1.00604    ,  0.105426   ,  5.20209    ,  1.0311e-18 ,  0.0433524  ])
87396   , -1411.31    , array([ 1.00604    ,  0.105321   ,  5.20729    ,  1.0311e-18 ,  0.0433524  ])
87397   , -1411.31    , array([ 1.00604    ,  0.105321   ,  5.20209    ,  1.03213e-18,  0.0433524  ])
87398   , -1411.31    , array([ 1.00604    ,  0.105321   ,  5.20209    ,  1.0311e-18 ,  0.0433958  ])
87399   , -1411.31    , array([ 1.00604    ,  0.105321   ,  5.20209    ,  1.0311e-18 ,  0.0433524  ])
87400   , -1411.31    , array([ 1.00604    ,  0.105321   ,  5.20209    ,  1.0311e-18 ,  0.0433524  ])
87401   , -1411.31    , array([ 1.00705    ,  0.105321   ,  5.20209    ,  1.0311e-18 ,  0.0433524  ])
87402   , -1411.31    , array([ 1.00604    ,  0.105426   ,  5.20209    ,  1.0311e-18 ,  0.0433524  ])
87403   , -1411.31    , array([ 1.00604    ,  0.105321   ,  5.20729    ,  1.0311e-18 ,  0.0433524  ])
87404   , -1411.31    , array([ 1.00604    ,  0.105321   ,  5.20209    ,  1.03213e-18,  0.0433524  ])
87405   , -1411.31    , array([ 1.00604    ,  0.105321   ,  5.20209    ,  1.0311e-18 ,  0.0433958  ])
87406   , -1411.31    , array([ 1.00604    ,  0.105321   ,  5.20209    ,  1.0311e-18 ,  0.0433524  ])
87407   , -1411.31    , array([ 1.00604    ,  0.105321   ,  5.20209    ,  1.0311e-18 ,  0.0433524  ])
87408   , -1411.31    , array([ 1.00705    ,  0.105321   ,  5.20209    ,  1.0311e-18 ,  0.0433524  ])
87409   , -1411.31    , array([ 1.00604    ,  0.105426   ,  5.20209    ,  1.0311e-18 ,  0.0433524  ])
87410   , -1411.31    , array([ 1.00604    ,  0.105321   ,  5.20729    ,  1.0311e-18 ,  0.0433524  ])
87411   , -1411.31    , array([ 1.00604    ,  0.105321   ,  5.20209    ,  1.03213e-18,  0.0433524  ])
87412   , -1411.31    , array([ 1.00604    ,  0.105321   ,  5.20209    ,  1.0311e-18 ,  0.0433958  ])
87413   , -1411.31    , array([ 1.00604    ,  0.105321   ,  5.20209    ,  1.0311e-18 ,  0.0433524  ])
87414   , -1411.31    , array([ 1.00604    ,  0.105321   ,  5.20209    ,  1.0311e-18 ,  0.0433524  ])
87415   , -1411.31    , array([ 1.00705    ,  0.105321   ,  5.20209    ,  1.0311e-18 ,  0.0433524  ])
87416   , -1411.31    , array([ 1.00604    ,  0.105426   ,  5.20209    ,  1.0311e-18 ,  0.0433524  ])
87417   , -1411.31    , array([ 1.00604    ,  0.105321   ,  5.20729    ,  1.0311e-18 ,  0.0433524  ])
87418   , -1411.31    , array([ 1.00604    ,  0.105321   ,  5.20209    ,  1.03213e-18,  0.0433524  ])
87419   , -1411.31    , array([ 1.00604    ,  0.105321   ,  5.20209    ,  1.0311e-18 ,  0.0433958  ])
87420   , -1411.31    , array([ 1.00604    ,  0.105321   ,  5.20209    ,  1.0311e-18 ,  0.0433524  ])
87421   , -1411.31    , array([ 1.00604    ,  0.105321   ,  5.20209    ,  1.0311e-18 ,  0.0433524  ])
87422   , -1411.31    , array([ 1.00705    ,  0.105321   ,  5.20209    ,  1.0311e-18 ,  0.0433524  ])
87423   , -1411.31    , array([ 1.00604    ,  0.105426   ,  5.20209    ,  1.0311e-18 ,  0.0433524  ])
87424   , -1411.31    , array([ 1.00604    ,  0.105321   ,  5.20729    ,  1.0311e-18 ,  0.0433524  ])
87425   , -1411.31    , array([ 1.00604    ,  0.105321   ,  5.20209    ,  1.03213e-18,  0.0433524  ])
87426   , -1411.31    , array([ 1.00604    ,  0.105321   ,  5.20209    ,  1.0311e-18 ,  0.0433958  ])
87427   , -1411.31    , array([ 1.00604    ,  0.105321   ,  5.20209    ,  1.0311e-18 ,  0.0433524  ])
87428   , -1411.31    , array([ 1.00604    ,  0.105321   ,  5.20209    ,  1.0311e-18 ,  0.0433524  ])
87429   , -1411.31    , array([ 1.00705    ,  0.105321   ,  5.20209    ,  1.0311e-18 ,  0.0433524  ])
87430   , -1411.31    , array([ 1.00604    ,  0.105426   ,  5.20209    ,  1.0311e-18 ,  0.0433524  ])
87431   , -1411.31    , array([ 1.00604    ,  0.105321   ,  5.20729    ,  1.0311e-18 ,  0.0433524  ])
87432   , -1411.31    , array([ 1.00604    ,  0.105321   ,  5.20209    ,  1.03213e-18,  0.0433524  ])
87433   , -1411.31    , array([ 1.00604    ,  0.105321   ,  5.20209    ,  1.0311e-18 ,  0.0433958  ])
87434   , -1411.31    , array([ 1.00604    ,  0.105321   ,  5.20209    ,  1.0311e-18 ,  0.0433524  ])
87435   , -1411.31    , array([ 1.00604    ,  0.105321   ,  5.20209    ,  1.0311e-18 ,  0.0433524  ])
87436   , -1411.31    , array([ 1.00705    ,  0.105321   ,  5.20209    ,  1.0311e-18 ,  0.0433524  ])
87437   , -1411.31    , array([ 1.00604    ,  0.105426   ,  5.20209    ,  1.0311e-18 ,  0.0433524  ])
87438   , -1411.31    , array([ 1.00604    ,  0.105321   ,  5.20729    ,  1.0311e-18 ,  0.0433524  ])
87439   , -1411.31    , array([ 1.00604    ,  0.105321   ,  5.20209    ,  1.03213e-18,  0.0433524  ])
87440   , -1411.31    , array([ 1.00604    ,  0.105321   ,  5.20209    ,  1.0311e-18 ,  0.0433958  ])
87441   , -1411.31    , array([ 1.00604    ,  0.105321   ,  5.20209    ,  1.0311e-18 ,  0.0433524  ])
87442   , -1411.31    , array([ 1.00604    ,  0.105321   ,  5.20209    ,  1.0311e-18 ,  0.0433524  ])
87443   , -1411.31    , array([ 1.00705    ,  0.105321   ,  5.20209    ,  1.0311e-18 ,  0.0433524  ])
87444   , -1411.31    , array([ 1.00604    ,  0.105426   ,  5.20209    ,  1.0311e-18 ,  0.0433524  ])
87445   , -1411.31    , array([ 1.00604    ,  0.105321   ,  5.20729    ,  1.0311e-18 ,  0.0433524  ])
87446   , -1411.31    , array([ 1.00604    ,  0.105321   ,  5.20209    ,  1.03213e-18,  0.0433524  ])
87447   , -1411.31    , array([ 1.00604    ,  0.105321   ,  5.20209    ,  1.0311e-18 ,  0.0433958  ])
87448   , -1411.31    , array([ 1.00604    ,  0.105321   ,  5.20209    ,  1.0311e-18 ,  0.0433524  ])
87449   , -1411.31    , array([ 1.00604    ,  0.105321   ,  5.20209    ,  1.0311e-18 ,  0.0433524  ])
87450   , -1411.31    , array([ 1.00705    ,  0.105321   ,  5.20209    ,  1.0311e-18 ,  0.0433524  ])
87451   , -1411.31    , array([ 1.00604    ,  0.105426   ,  5.20209    ,  1.0311e-18 ,  0.0433524  ])
87452   , -1411.31    , array([ 1.00604    ,  0.105321   ,  5.20729    ,  1.0311e-18 ,  0.0433524  ])
87453   , -1411.31    , array([ 1.00604    ,  0.105321   ,  5.20209    ,  1.03213e-18,  0.0433524  ])
87454   , -1411.31    , array([ 1.00604    ,  0.105321   ,  5.20209    ,  1.0311e-18 ,  0.0433958  ])
87455   , -1411.31    , array([ 1.00604    ,  0.105321   ,  5.20209    ,  1.0311e-18 ,  0.0433524  ])
87456   , -1411.31    , array([ 1.00604    ,  0.105321   ,  5.20209    ,  1.0311e-18 ,  0.0433524  ])
87457   , -1411.31    , array([ 1.00705    ,  0.105321   ,  5.20209    ,  1.0311e-18 ,  0.0433524  ])
87458   , -1411.31    , array([ 1.00604    ,  0.105426   ,  5.20209    ,  1.0311e-18 ,  0.0433524  ])
87459   , -1411.31    , array([ 1.00604    ,  0.105321   ,  5.20729    ,  1.0311e-18 ,  0.0433524  ])
87460   , -1411.31    , array([ 1.00604    ,  0.105321   ,  5.20209    ,  1.03213e-18,  0.0433524  ])
87461   , -1411.31    , array([ 1.00604    ,  0.105321   ,  5.20209    ,  1.0311e-18 ,  0.0433958  ])
87462   , -1411.31    , array([ 1.00604    ,  0.105321   ,  5.20209    ,  1.0311e-18 ,  0.0433524  ])
87463   , -1411.31    , array([ 1.00604    ,  0.105321   ,  5.20209    ,  1.0311e-18 ,  0.0433524  ])
87464   , -1411.31    , array([ 1.00705    ,  0.105321   ,  5.20209    ,  1.0311e-18 ,  0.0433524  ])
87465   , -1411.31    , array([ 1.00604    ,  0.105426   ,  5.20209    ,  1.0311e-18 ,  0.0433524  ])
87466   , -1411.31    , array([ 1.00604    ,  0.105321   ,  5.20729    ,  1.0311e-18 ,  0.0433524  ])
87467   , -1411.31    , array([ 1.00604    ,  0.105321   ,  5.20209    ,  1.03213e-18,  0.0433524  ])
87468   , -1411.31    , array([ 1.00604    ,  0.105321   ,  5.20209    ,  1.0311e-18 ,  0.0433958  ])
87469   , -1411.31    , array([ 1.00604    ,  0.105321   ,  5.20209    ,  1.0311e-18 ,  0.0433524  ])
87470   , -1411.31    , array([ 1.00604    ,  0.105321   ,  5.20209    ,  1.0311e-18 ,  0.0433524  ])
87471   , -1411.31    , array([ 1.00705    ,  0.105321   ,  5.20209    ,  1.0311e-18 ,  0.0433524  ])
87472   , -1411.31    , array([ 1.00604    ,  0.105426   ,  5.20209    ,  1.0311e-18 ,  0.0433524  ])
87473   , -1411.31    , array([ 1.00604    ,  0.105321   ,  5.20729    ,  1.0311e-18 ,  0.0433524  ])
87474   , -1411.31    , array([ 1.00604    ,  0.105321   ,  5.20209    ,  1.03213e-18,  0.0433524  ])
87475   , -1411.31    , array([ 1.00604    ,  0.105321   ,  5.20209    ,  1.0311e-18 ,  0.0433958  ])
87476   , -1411.31    , array([ 1.00604    ,  0.105321   ,  5.20209    ,  1.0311e-18 ,  0.0433524  ])
87477   , -1411.31    , array([ 1.00604    ,  0.105321   ,  5.20209    ,  1.0311e-18 ,  0.0433524  ])
87478   , -1411.31    , array([ 1.00705    ,  0.105321   ,  5.20209    ,  1.0311e-18 ,  0.0433524  ])
87479   , -1411.31    , array([ 1.00604    ,  0.105426   ,  5.20209    ,  1.0311e-18 ,  0.0433524  ])
87480   , -1411.31    , array([ 1.00604    ,  0.105321   ,  5.20729    ,  1.0311e-18 ,  0.0433524  ])
87481   , -1411.31    , array([ 1.00604    ,  0.105321   ,  5.20209    ,  1.03213e-18,  0.0433524  ])
87482   , -1411.31    , array([ 1.00604    ,  0.105321   ,  5.20209    ,  1.0311e-18 ,  0.0433958  ])
87483   , -1411.31    , array([ 1.00604    ,  0.105321   ,  5.20209    ,  1.0311e-18 ,  0.0433524  ])
87484   , -1411.31    , array([ 1.00604    ,  0.105321   ,  5.20209    ,  1.0311e-18 ,  0.0433524  ])
87485   , -1411.31    , array([ 1.00705    ,  0.105321   ,  5.20209    ,  1.0311e-18 ,  0.0433524  ])
87486   , -1411.31    , array([ 1.00604    ,  0.105426   ,  5.20209    ,  1.0311e-18 ,  0.0433524  ])
87487   , -1411.31    , array([ 1.00604    ,  0.105321   ,  5.20729    ,  1.0311e-18 ,  0.0433524  ])
87488   , -1411.31    , array([ 1.00604    ,  0.105321   ,  5.20209    ,  1.03213e-18,  0.0433524  ])
87489   , -1411.31    , array([ 1.00604    ,  0.105321   ,  5.20209    ,  1.0311e-18 ,  0.0433958  ])
87490   , -1411.31    , array([ 1.00604    ,  0.105321   ,  5.20209    ,  1.0311e-18 ,  0.0433524  ])
87491   , -1411.31    , array([ 1.00604    ,  0.105321   ,  5.20209    ,  1.0311e-18 ,  0.0433524  ])
87492   , -1411.31    , array([ 1.00705    ,  0.105321   ,  5.20209    ,  1.0311e-18 ,  0.0433524  ])
87493   , -1411.31    , array([ 1.00604    ,  0.105426   ,  5.20209    ,  1.0311e-18 ,  0.0433524  ])
87494   , -1411.31    , array([ 1.00604    ,  0.105321   ,  5.20729    ,  1.0311e-18 ,  0.0433524  ])
87495   , -1411.31    , array([ 1.00604    ,  0.105321   ,  5.20209    ,  1.03213e-18,  0.0433524  ])
87496   , -1411.31    , array([ 1.00604    ,  0.105321   ,  5.20209    ,  1.0311e-18 ,  0.0433958  ])
87497   , -1411.31    , array([ 1.00604    ,  0.105321   ,  5.20209    ,  1.0311e-18 ,  0.0433524  ])
87498   , -1411.31    , array([ 1.00604    ,  0.105321   ,  5.20209    ,  1.0311e-18 ,  0.0433524  ])
87499   , -1411.31    , array([ 1.00705    ,  0.105321   ,  5.20209    ,  1.0311e-18 ,  0.0433524  ])
87500   , -1411.31    , array([ 1.00604    ,  0.105426   ,  5.20209    ,  1.0311e-18 ,  0.0433524  ])
87501   , -1411.31    , array([ 1.00604    ,  0.105321   ,  5.20729    ,  1.0311e-18 ,  0.0433524  ])
87502   , -1411.31    , array([ 1.00604    ,  0.105321   ,  5.20209    ,  1.03213e-18,  0.0433524  ])
87503   , -1411.31    , array([ 1.00604    ,  0.105321   ,  5.20209    ,  1.0311e-18 ,  0.0433958  ])
87504   , -1411.31    , array([ 1.00604    ,  0.105321   ,  5.20209    ,  1.0311e-18 ,  0.0433524  ])
87505   , -1411.31    , array([ 1.00604    ,  0.105321   ,  5.20209    ,  1.0311e-18 ,  0.0433524  ])
87506   , -1411.31    , array([ 1.00705    ,  0.105321   ,  5.20209    ,  1.0311e-18 ,  0.0433524  ])
87507   , -1411.31    , array([ 1.00604    ,  0.105426   ,  5.20209    ,  1.0311e-18 ,  0.0433524  ])
87508   , -1411.31    , array([ 1.00604    ,  0.105321   ,  5.20729    ,  1.0311e-18 ,  0.0433524  ])
87509   , -1411.31    , array([ 1.00604    ,  0.105321   ,  5.20209    ,  1.03213e-18,  0.0433524  ])
87510   , -1411.31    , array([ 1.00604    ,  0.105321   ,  5.20209    ,  1.0311e-18 ,  0.0433958  ])
87511   , -1411.31    , array([ 1.00604    ,  0.105321   ,  5.20209    ,  1.0311e-18 ,  0.0433524  ])
87512   , -1411.31    , array([ 1.00604    ,  0.105321   ,  5.20209    ,  1.0311e-18 ,  0.0433524  ])
87513   , -1411.31    , array([ 1.00705    ,  0.105321   ,  5.20209    ,  1.0311e-18 ,  0.0433524  ])
87514   , -1411.31    , array([ 1.00604    ,  0.105426   ,  5.20209    ,  1.0311e-18 ,  0.0433524  ])
87515   , -1411.31    , array([ 1.00604    ,  0.105321   ,  5.20729    ,  1.0311e-18 ,  0.0433524  ])
87516   , -1411.31    , array([ 1.00604    ,  0.105321   ,  5.20209    ,  1.03213e-18,  0.0433524  ])
87517   , -1411.31    , array([ 1.00604    ,  0.105321   ,  5.20209    ,  1.0311e-18 ,  0.0433958  ])
87518   , -1411.31    , array([ 1.00604    ,  0.105321   ,  5.20209    ,  1.0311e-18 ,  0.0433524  ])
87519   , -1411.31    , array([ 1.00604    ,  0.105321   ,  5.20209    ,  1.0311e-18 ,  0.0433524  ])
87520   , -1411.31    , array([ 1.00705    ,  0.105321   ,  5.20209    ,  1.0311e-18 ,  0.0433524  ])
87521   , -1411.31    , array([ 1.00604    ,  0.105426   ,  5.20209    ,  1.0311e-18 ,  0.0433524  ])
87522   , -1411.31    , array([ 1.00604    ,  0.105321   ,  5.20729    ,  1.0311e-18 ,  0.0433524  ])
87523   , -1411.31    , array([ 1.00604    ,  0.105321   ,  5.20209    ,  1.03213e-18,  0.0433524  ])
87524   , -1411.31    , array([ 1.00604    ,  0.105321   ,  5.20209    ,  1.0311e-18 ,  0.0433958  ])
87525   , -1411.31    , array([ 1.00604    ,  0.105321   ,  5.20209    ,  1.0311e-18 ,  0.0433524  ])
87526   , -1411.31    , array([ 1.00604    ,  0.105321   ,  5.20209    ,  1.0311e-18 ,  0.0433524  ])
87527   , -1411.31    , array([ 1.00705    ,  0.105321   ,  5.20209    ,  1.0311e-18 ,  0.0433524  ])
87528   , -1411.31    , array([ 1.00604    ,  0.105426   ,  5.20209    ,  1.0311e-18 ,  0.0433524  ])
87529   , -1411.31    , array([ 1.00604    ,  0.105321   ,  5.20729    ,  1.0311e-18 ,  0.0433524  ])
87530   , -1411.31    , array([ 1.00604    ,  0.105321   ,  5.20209    ,  1.03213e-18,  0.0433524  ])
87531   , -1411.31    , array([ 1.00604    ,  0.105321   ,  5.20209    ,  1.0311e-18 ,  0.0433958  ])
87532   , -1411.31    , array([ 1.00604    ,  0.105321   ,  5.20209    ,  1.0311e-18 ,  0.0433524  ])
87533   , -1411.31    , array([ 1.00604    ,  0.105321   ,  5.20209    ,  1.0311e-18 ,  0.0433524  ])
87534   , -1411.31    , array([ 1.00705    ,  0.105321   ,  5.20209    ,  1.0311e-18 ,  0.0433524  ])
87535   , -1411.31    , array([ 1.00604    ,  0.105426   ,  5.20209    ,  1.0311e-18 ,  0.0433524  ])
87536   , -1411.31    , array([ 1.00604    ,  0.105321   ,  5.20729    ,  1.0311e-18 ,  0.0433524  ])
87537   , -1411.31    , array([ 1.00604    ,  0.105321   ,  5.20209    ,  1.03213e-18,  0.0433524  ])
87538   , -1411.31    , array([ 1.00604    ,  0.105321   ,  5.20209    ,  1.0311e-18 ,  0.0433958  ])
87539   , -1411.31    , array([ 1.00604    ,  0.105321   ,  5.20209    ,  1.0311e-18 ,  0.0433524  ])
87540   , -1411.31    , array([ 1.00604    ,  0.105321   ,  5.20209    ,  1.0311e-18 ,  0.0433524  ])
87541   , -1411.31    , array([ 1.00705    ,  0.105321   ,  5.20209    ,  1.0311e-18 ,  0.0433524  ])
87542   , -1411.31    , array([ 1.00604    ,  0.105426   ,  5.20209    ,  1.0311e-18 ,  0.0433524  ])
87543   , -1411.31    , array([ 1.00604    ,  0.105321   ,  5.20729    ,  1.0311e-18 ,  0.0433524  ])
87544   , -1411.31    , array([ 1.00604    ,  0.105321   ,  5.20209    ,  1.03213e-18,  0.0433524  ])
87545   , -1411.31    , array([ 1.00604    ,  0.105321   ,  5.20209    ,  1.0311e-18 ,  0.0433958  ])
87546   , -1411.31    , array([ 1.00604    ,  0.105321   ,  5.20209    ,  1.0311e-18 ,  0.0433524  ])
87547   , -1411.31    , array([ 1.00604    ,  0.105321   ,  5.20209    ,  1.0311e-18 ,  0.0433524  ])
87548   , -1411.31    , array([ 1.00705    ,  0.105321   ,  5.20209    ,  1.0311e-18 ,  0.0433524  ])
87549   , -1411.31    , array([ 1.00604    ,  0.105426   ,  5.20209    ,  1.0311e-18 ,  0.0433524  ])
87550   , -1411.31    , array([ 1.00604    ,  0.105321   ,  5.20729    ,  1.0311e-18 ,  0.0433524  ])
87551   , -1411.31    , array([ 1.00604    ,  0.105321   ,  5.20209    ,  1.03213e-18,  0.0433524  ])
87552   , -1411.31    , array([ 1.00604    ,  0.105321   ,  5.20209    ,  1.0311e-18 ,  0.0433958  ])
87553   , -1411.31    , array([ 1.00604    ,  0.105321   ,  5.20209    ,  1.0311e-18 ,  0.0433524  ])
87554   , -1411.31    , array([ 1.00604    ,  0.105321   ,  5.20209    ,  1.0311e-18 ,  0.0433524  ])
87555   , -1411.31    , array([ 1.00705    ,  0.105321   ,  5.20209    ,  1.0311e-18 ,  0.0433524  ])
87556   , -1411.31    , array([ 1.00604    ,  0.105426   ,  5.20209    ,  1.0311e-18 ,  0.0433524  ])
87557   , -1411.31    , array([ 1.00604    ,  0.105321   ,  5.20729    ,  1.0311e-18 ,  0.0433524  ])
87558   , -1411.31    , array([ 1.00604    ,  0.105321   ,  5.20209    ,  1.03213e-18,  0.0433524  ])
87559   , -1411.31    , array([ 1.00604    ,  0.105321   ,  5.20209    ,  1.0311e-18 ,  0.0433958  ])
87560   , -1411.31    , array([ 1.00604    ,  0.105321   ,  5.20209    ,  1.0311e-18 ,  0.0433524  ])
87561   , -1411.31    , array([ 1.00604    ,  0.105321   ,  5.20209    ,  1.0311e-18 ,  0.0433524  ])
87562   , -1411.31    , array([ 1.00705    ,  0.105321   ,  5.20209    ,  1.0311e-18 ,  0.0433524  ])
87563   , -1411.31    , array([ 1.00604    ,  0.105426   ,  5.20209    ,  1.0311e-18 ,  0.0433524  ])
87564   , -1411.31    , array([ 1.00604    ,  0.105321   ,  5.20729    ,  1.0311e-18 ,  0.0433524  ])
87565   , -1411.31    , array([ 1.00604    ,  0.105321   ,  5.20209    ,  1.03213e-18,  0.0433524  ])
87566   , -1411.31    , array([ 1.00604    ,  0.105321   ,  5.20209    ,  1.0311e-18 ,  0.0433958  ])
87567   , -1411.31    , array([ 1.00604    ,  0.105321   ,  5.20209    ,  1.0311e-18 ,  0.0433524  ])
87568   , -1411.31    , array([ 1.00604    ,  0.105321   ,  5.20209    ,  1.0311e-18 ,  0.0433524  ])
87569   , -1411.31    , array([ 1.00705    ,  0.105321   ,  5.20209    ,  1.0311e-18 ,  0.0433524  ])
87570   , -1411.31    , array([ 1.00604    ,  0.105426   ,  5.20209    ,  1.0311e-18 ,  0.0433524  ])
87571   , -1411.31    , array([ 1.00604    ,  0.105321   ,  5.20729    ,  1.0311e-18 ,  0.0433524  ])
87572   , -1411.31    , array([ 1.00604    ,  0.105321   ,  5.20209    ,  1.03213e-18,  0.0433524  ])
87573   , -1411.31    , array([ 1.00604    ,  0.105321   ,  5.20209    ,  1.0311e-18 ,  0.0433958  ])
87574   , -1411.31    , array([ 1.00604    ,  0.105321   ,  5.20209    ,  1.0311e-18 ,  0.0433524  ])
87575   , -1411.31    , array([ 1.00604    ,  0.105321   ,  5.20209    ,  1.0311e-18 ,  0.0433524  ])
87576   , -1411.31    , array([ 1.00705    ,  0.105321   ,  5.20209    ,  1.0311e-18 ,  0.0433524  ])
87577   , -1411.31    , array([ 1.00604    ,  0.105426   ,  5.20209    ,  1.0311e-18 ,  0.0433524  ])
87578   , -1411.31    , array([ 1.00604    ,  0.105321   ,  5.20729    ,  1.0311e-18 ,  0.0433524  ])
87579   , -1411.31    , array([ 1.00604    ,  0.105321   ,  5.20209    ,  1.03213e-18,  0.0433524  ])
87580   , -1411.31    , array([ 1.00604    ,  0.105321   ,  5.20209    ,  1.0311e-18 ,  0.0433958  ])
87581   , -1411.31    , array([ 1.00604    ,  0.105321   ,  5.20209    ,  1.0311e-18 ,  0.0433524  ])
87582   , -1411.31    , array([ 1.00604    ,  0.105321   ,  5.20209    ,  1.0311e-18 ,  0.0433524  ])
87583   , -1411.31    , array([ 1.00705    ,  0.105321   ,  5.20209    ,  1.0311e-18 ,  0.0433524  ])
87584   , -1411.31    , array([ 1.00604    ,  0.105426   ,  5.20209    ,  1.0311e-18 ,  0.0433524  ])
87585   , -1411.31    , array([ 1.00604    ,  0.105321   ,  5.20729    ,  1.0311e-18 ,  0.0433524  ])
87586   , -1411.31    , array([ 1.00604    ,  0.105321   ,  5.20209    ,  1.03213e-18,  0.0433524  ])
87587   , -1411.31    , array([ 1.00604    ,  0.105321   ,  5.20209    ,  1.0311e-18 ,  0.0433958  ])
87588   , -1411.31    , array([ 1.00604    ,  0.105321   ,  5.20209    ,  1.0311e-18 ,  0.0433524  ])
87589   , -1411.31    , array([ 1.00604    ,  0.105321   ,  5.20209    ,  1.0311e-18 ,  0.0433524  ])
87590   , -1411.31    , array([ 1.00705    ,  0.105321   ,  5.20209    ,  1.0311e-18 ,  0.0433524  ])
87591   , -1411.31    , array([ 1.00604    ,  0.105426   ,  5.20209    ,  1.0311e-18 ,  0.0433524  ])
87592   , -1411.31    , array([ 1.00604    ,  0.105321   ,  5.20729    ,  1.0311e-18 ,  0.0433524  ])
87593   , -1411.31    , array([ 1.00604    ,  0.105321   ,  5.20209    ,  1.03213e-18,  0.0433524  ])
87594   , -1411.31    , array([ 1.00604    ,  0.105321   ,  5.20209    ,  1.0311e-18 ,  0.0433958  ])
87595   , -1411.31    , array([ 1.00604    ,  0.105321   ,  5.20209    ,  1.0311e-18 ,  0.0433524  ])
87596   , -1411.31    , array([ 1.00604    ,  0.105321   ,  5.20209    ,  1.0311e-18 ,  0.0433524  ])
87597   , -1411.31    , array([ 1.00705    ,  0.105321   ,  5.20209    ,  1.0311e-18 ,  0.0433524  ])
87598   , -1411.31    , array([ 1.00604    ,  0.105426   ,  5.20209    ,  1.0311e-18 ,  0.0433524  ])
87599   , -1411.31    , array([ 1.00604    ,  0.105321   ,  5.20729    ,  1.0311e-18 ,  0.0433524  ])
87600   , -1411.31    , array([ 1.00604    ,  0.105321   ,  5.20209    ,  1.03213e-18,  0.0433524  ])
87601   , -1411.31    , array([ 1.00604    ,  0.105321   ,  5.20209    ,  1.0311e-18 ,  0.0433958  ])
87602   , -1411.31    , array([ 1.00604    ,  0.105321   ,  5.20209    ,  1.0311e-18 ,  0.0433524  ])
87603   , -1411.31    , array([ 1.00604    ,  0.105321   ,  5.20209    ,  1.0311e-18 ,  0.0433524  ])
87604   , -1411.31    , array([ 1.00705    ,  0.105321   ,  5.20209    ,  1.0311e-18 ,  0.0433524  ])
87605   , -1411.31    , array([ 1.00604    ,  0.105426   ,  5.20209    ,  1.0311e-18 ,  0.0433524  ])
87606   , -1411.31    , array([ 1.00604    ,  0.105321   ,  5.20729    ,  1.0311e-18 ,  0.0433524  ])
87607   , -1411.31    , array([ 1.00604    ,  0.105321   ,  5.20209    ,  1.03213e-18,  0.0433524  ])
87608   , -1411.31    , array([ 1.00604    ,  0.105321   ,  5.20209    ,  1.0311e-18 ,  0.0433958  ])
87609   , -1411.31    , array([ 1.00604    ,  0.105321   ,  5.20209    ,  1.0311e-18 ,  0.0433524  ])
87610   , -1411.31    , array([ 1.00604    ,  0.105321   ,  5.20209    ,  1.0311e-18 ,  0.0433524  ])
87611   , -1411.31    , array([ 1.00705    ,  0.105321   ,  5.20209    ,  1.0311e-18 ,  0.0433524  ])
87612   , -1411.31    , array([ 1.00604    ,  0.105426   ,  5.20209    ,  1.0311e-18 ,  0.0433524  ])
87613   , -1411.31    , array([ 1.00604    ,  0.105321   ,  5.20729    ,  1.0311e-18 ,  0.0433524  ])
87614   , -1411.31    , array([ 1.00604    ,  0.105321   ,  5.20209    ,  1.03213e-18,  0.0433524  ])
87615   , -1411.31    , array([ 1.00604    ,  0.105321   ,  5.20209    ,  1.0311e-18 ,  0.0433958  ])
87616   , -1411.31    , array([ 1.00604    ,  0.105321   ,  5.20209    ,  1.0311e-18 ,  0.0433524  ])
87617   , -1411.31    , array([ 1.00604    ,  0.105321   ,  5.20209    ,  1.0311e-18 ,  0.0433524  ])
87618   , -1411.31    , array([ 1.00705    ,  0.105321   ,  5.20209    ,  1.0311e-18 ,  0.0433524  ])
87619   , -1411.31    , array([ 1.00604    ,  0.105426   ,  5.20209    ,  1.0311e-18 ,  0.0433524  ])
87620   , -1411.31    , array([ 1.00604    ,  0.105321   ,  5.20729    ,  1.0311e-18 ,  0.0433524  ])
87621   , -1411.31    , array([ 1.00604    ,  0.105321   ,  5.20209    ,  1.03213e-18,  0.0433524  ])
87622   , -1411.31    , array([ 1.00604    ,  0.105321   ,  5.20209    ,  1.0311e-18 ,  0.0433958  ])
87623   , -1411.31    , array([ 1.00604    ,  0.105321   ,  5.20209    ,  1.0311e-18 ,  0.0433524  ])
87624   , -1411.31    , array([ 1.00604    ,  0.105321   ,  5.20209    ,  1.0311e-18 ,  0.0433524  ])
87625   , -1411.31    , array([ 1.00705    ,  0.105321   ,  5.20209    ,  1.0311e-18 ,  0.0433524  ])
87626   , -1411.31    , array([ 1.00604    ,  0.105426   ,  5.20209    ,  1.0311e-18 ,  0.0433524  ])
87627   , -1411.31    , array([ 1.00604    ,  0.105321   ,  5.20729    ,  1.0311e-18 ,  0.0433524  ])
87628   , -1411.31    , array([ 1.00604    ,  0.105321   ,  5.20209    ,  1.03213e-18,  0.0433524  ])
87629   , -1411.31    , array([ 1.00604    ,  0.105321   ,  5.20209    ,  1.0311e-18 ,  0.0433958  ])
87630   , -1411.31    , array([ 1.00604    ,  0.105321   ,  5.20209    ,  1.0311e-18 ,  0.0433524  ])
87631   , -1411.31    , array([ 1.00604    ,  0.105321   ,  5.20209    ,  1.0311e-18 ,  0.0433524  ])
87632   , -1411.31    , array([ 1.00705    ,  0.105321   ,  5.20209    ,  1.0311e-18 ,  0.0433524  ])
87633   , -1411.31    , array([ 1.00604    ,  0.105426   ,  5.20209    ,  1.0311e-18 ,  0.0433524  ])
87634   , -1411.31    , array([ 1.00604    ,  0.105321   ,  5.20729    ,  1.0311e-18 ,  0.0433524  ])
87635   , -1411.31    , array([ 1.00604    ,  0.105321   ,  5.20209    ,  1.03213e-18,  0.0433524  ])
87636   , -1411.31    , array([ 1.00604    ,  0.105321   ,  5.20209    ,  1.0311e-18 ,  0.0433958  ])
87637   , -1411.31    , array([ 1.00604    ,  0.105321   ,  5.20209    ,  1.0311e-18 ,  0.0433524  ])
87638   , -1411.31    , array([ 1.00604    ,  0.105321   ,  5.20209    ,  1.0311e-18 ,  0.0433524  ])
87639   , -1411.31    , array([ 1.00705    ,  0.105321   ,  5.20209    ,  1.0311e-18 ,  0.0433524  ])
87640   , -1411.31    , array([ 1.00604    ,  0.105426   ,  5.20209    ,  1.0311e-18 ,  0.0433524  ])
87641   , -1411.31    , array([ 1.00604    ,  0.105321   ,  5.20729    ,  1.0311e-18 ,  0.0433524  ])
87642   , -1411.31    , array([ 1.00604    ,  0.105321   ,  5.20209    ,  1.03213e-18,  0.0433524  ])
87643   , -1411.31    , array([ 1.00604    ,  0.105321   ,  5.20209    ,  1.0311e-18 ,  0.0433958  ])
87644   , -1411.31    , array([ 1.00604    ,  0.105321   ,  5.20209    ,  1.0311e-18 ,  0.0433524  ])
87645   , -1411.31    , array([ 1.00604    ,  0.105321   ,  5.20209    ,  1.0311e-18 ,  0.0433524  ])
87646   , -1411.31    , array([ 1.00705    ,  0.105321   ,  5.20209    ,  1.0311e-18 ,  0.0433524  ])
87647   , -1411.31    , array([ 1.00604    ,  0.105426   ,  5.20209    ,  1.0311e-18 ,  0.0433524  ])
87648   , -1411.31    , array([ 1.00604    ,  0.105321   ,  5.20729    ,  1.0311e-18 ,  0.0433524  ])
87649   , -1411.31    , array([ 1.00604    ,  0.105321   ,  5.20209    ,  1.03213e-18,  0.0433524  ])
87650   , -1411.31    , array([ 1.00604    ,  0.105321   ,  5.20209    ,  1.0311e-18 ,  0.0433958  ])
87651   , -1411.31    , array([ 1.00604    ,  0.105321   ,  5.20209    ,  1.0311e-18 ,  0.0433524  ])
87652   , -1411.31    , array([ 1.00604    ,  0.105321   ,  5.20209    ,  1.0311e-18 ,  0.0433524  ])
87653   , -1411.31    , array([ 1.00705    ,  0.105321   ,  5.20209    ,  1.0311e-18 ,  0.0433524  ])
87654   , -1411.31    , array([ 1.00604    ,  0.105426   ,  5.20209    ,  1.0311e-18 ,  0.0433524  ])
87655   , -1411.31    , array([ 1.00604    ,  0.105321   ,  5.20729    ,  1.0311e-18 ,  0.0433524  ])
87656   , -1411.31    , array([ 1.00604    ,  0.105321   ,  5.20209    ,  1.03213e-18,  0.0433524  ])
87657   , -1411.31    , array([ 1.00604    ,  0.105321   ,  5.20209    ,  1.0311e-18 ,  0.0433958  ])
87658   , -1411.31    , array([ 1.00604    ,  0.105321   ,  5.20209    ,  1.0311e-18 ,  0.0433524  ])
87659   , -1411.31    , array([ 1.00604    ,  0.105321   ,  5.20209    ,  1.0311e-18 ,  0.0433524  ])
87660   , -1411.31    , array([ 1.00705    ,  0.105321   ,  5.20209    ,  1.0311e-18 ,  0.0433524  ])
87661   , -1411.31    , array([ 1.00604    ,  0.105426   ,  5.20209    ,  1.0311e-18 ,  0.0433524  ])
87662   , -1411.31    , array([ 1.00604    ,  0.105321   ,  5.20729    ,  1.0311e-18 ,  0.0433524  ])
87663   , -1411.31    , array([ 1.00604    ,  0.105321   ,  5.20209    ,  1.03213e-18,  0.0433524  ])
87664   , -1411.31    , array([ 1.00604    ,  0.105321   ,  5.20209    ,  1.0311e-18 ,  0.0433958  ])
87665   , -1411.31    , array([ 1.00604    ,  0.105321   ,  5.20209    ,  1.0311e-18 ,  0.0433524  ])
87666   , -1411.31    , array([ 1.00604    ,  0.105321   ,  5.20209    ,  1.0311e-18 ,  0.0433524  ])
87667   , -1411.31    , array([ 1.00705    ,  0.105321   ,  5.20209    ,  1.0311e-18 ,  0.0433524  ])
87668   , -1411.31    , array([ 1.00604    ,  0.105426   ,  5.20209    ,  1.0311e-18 ,  0.0433524  ])
87669   , -1411.31    , array([ 1.00604    ,  0.105321   ,  5.20729    ,  1.0311e-18 ,  0.0433524  ])
87670   , -1411.31    , array([ 1.00604    ,  0.105321   ,  5.20209    ,  1.03213e-18,  0.0433524  ])
87671   , -1411.31    , array([ 1.00604    ,  0.105321   ,  5.20209    ,  1.0311e-18 ,  0.0433958  ])
87672   , -1411.31    , array([ 1.00604    ,  0.105321   ,  5.20209    ,  1.0311e-18 ,  0.0433524  ])
87673   , -1411.31    , array([ 1.00604    ,  0.105321   ,  5.20209    ,  1.0311e-18 ,  0.0433524  ])
87674   , -1411.31    , array([ 1.00705    ,  0.105321   ,  5.20209    ,  1.0311e-18 ,  0.0433524  ])
87675   , -1411.31    , array([ 1.00604    ,  0.105426   ,  5.20209    ,  1.0311e-18 ,  0.0433524  ])
87676   , -1411.31    , array([ 1.00604    ,  0.105321   ,  5.20729    ,  1.0311e-18 ,  0.0433524  ])
87677   , -1411.31    , array([ 1.00604    ,  0.105321   ,  5.20209    ,  1.03213e-18,  0.0433524  ])
87678   , -1411.31    , array([ 1.00604    ,  0.105321   ,  5.20209    ,  1.0311e-18 ,  0.0433958  ])
87679   , -1411.31    , array([ 1.00604    ,  0.105321   ,  5.20209    ,  1.0311e-18 ,  0.0433524  ])
87680   , -1411.31    , array([ 1.00604    ,  0.105321   ,  5.20209    ,  1.0311e-18 ,  0.0433524  ])
87681   , -1411.31    , array([ 1.00705    ,  0.105321   ,  5.20209    ,  1.0311e-18 ,  0.0433524  ])
87682   , -1411.31    , array([ 1.00604    ,  0.105426   ,  5.20209    ,  1.0311e-18 ,  0.0433524  ])
87683   , -1411.31    , array([ 1.00604    ,  0.105321   ,  5.20729    ,  1.0311e-18 ,  0.0433524  ])
87684   , -1411.31    , array([ 1.00604    ,  0.105321   ,  5.20209    ,  1.03213e-18,  0.0433524  ])
87685   , -1411.31    , array([ 1.00604    ,  0.105321   ,  5.20209    ,  1.0311e-18 ,  0.0433958  ])
87686   , -1411.31    , array([ 1.00604    ,  0.105321   ,  5.20209    ,  1.0311e-18 ,  0.0433524  ])
87687   , -1411.31    , array([ 1.00604    ,  0.105321   ,  5.20209    ,  1.0311e-18 ,  0.0433524  ])
87688   , -1411.31    , array([ 1.00705    ,  0.105321   ,  5.20209    ,  1.0311e-18 ,  0.0433524  ])
87689   , -1411.31    , array([ 1.00604    ,  0.105426   ,  5.20209    ,  1.0311e-18 ,  0.0433524  ])
87690   , -1411.31    , array([ 1.00604    ,  0.105321   ,  5.20729    ,  1.0311e-18 ,  0.0433524  ])
87691   , -1411.31    , array([ 1.00604    ,  0.105321   ,  5.20209    ,  1.03213e-18,  0.0433524  ])
87692   , -1411.31    , array([ 1.00604    ,  0.105321   ,  5.20209    ,  1.0311e-18 ,  0.0433958  ])
87693   , -1411.31    , array([ 1.00604    ,  0.105321   ,  5.20209    ,  1.0311e-18 ,  0.0433524  ])
87694   , -1411.31    , array([ 1.00604    ,  0.105321   ,  5.20209    ,  1.0311e-18 ,  0.0433524  ])
87695   , -1411.31    , array([ 1.00705    ,  0.105321   ,  5.20209    ,  1.0311e-18 ,  0.0433524  ])
87696   , -1411.31    , array([ 1.00604    ,  0.105426   ,  5.20209    ,  1.0311e-18 ,  0.0433524  ])
87697   , -1411.31    , array([ 1.00604    ,  0.105321   ,  5.20729    ,  1.0311e-18 ,  0.0433524  ])
87698   , -1411.31    , array([ 1.00604    ,  0.105321   ,  5.20209    ,  1.03213e-18,  0.0433524  ])
87699   , -1411.31    , array([ 1.00604    ,  0.105321   ,  5.20209    ,  1.0311e-18 ,  0.0433958  ])
87700   , -1411.31    , array([ 1.00604    ,  0.105321   ,  5.20209    ,  1.0311e-18 ,  0.0433524  ])
87701   , -1411.31    , array([ 1.00604    ,  0.105321   ,  5.20209    ,  1.0311e-18 ,  0.0433524  ])
87702   , -1411.31    , array([ 1.00705    ,  0.105321   ,  5.20209    ,  1.0311e-18 ,  0.0433524  ])
87703   , -1411.31    , array([ 1.00604    ,  0.105426   ,  5.20209    ,  1.0311e-18 ,  0.0433524  ])
87704   , -1411.31    , array([ 1.00604    ,  0.105321   ,  5.20729    ,  1.0311e-18 ,  0.0433524  ])
87705   , -1411.31    , array([ 1.00604    ,  0.105321   ,  5.20209    ,  1.03213e-18,  0.0433524  ])
87706   , -1411.31    , array([ 1.00604    ,  0.105321   ,  5.20209    ,  1.0311e-18 ,  0.0433958  ])
87707   , -1411.31    , array([ 1.00604    ,  0.105321   ,  5.20209    ,  1.0311e-18 ,  0.0433524  ])
87708   , -1411.31    , array([ 1.00604    ,  0.105321   ,  5.20209    ,  1.0311e-18 ,  0.0433524  ])
87709   , -1411.31    , array([ 1.00705    ,  0.105321   ,  5.20209    ,  1.0311e-18 ,  0.0433524  ])
87710   , -1411.31    , array([ 1.00604    ,  0.105426   ,  5.20209    ,  1.0311e-18 ,  0.0433524  ])
87711   , -1411.31    , array([ 1.00604    ,  0.105321   ,  5.20729    ,  1.0311e-18 ,  0.0433524  ])
87712   , -1411.31    , array([ 1.00604    ,  0.105321   ,  5.20209    ,  1.03213e-18,  0.0433524  ])
87713   , -1411.31    , array([ 1.00604    ,  0.105321   ,  5.20209    ,  1.0311e-18 ,  0.0433958  ])
87714   , -1411.31    , array([ 1.00604    ,  0.105321   ,  5.20209    ,  1.0311e-18 ,  0.0433524  ])
87715   , -1411.31    , array([ 1.00604    ,  0.105321   ,  5.20209    ,  1.0311e-18 ,  0.0433524  ])
87716   , -1411.31    , array([ 1.00705    ,  0.105321   ,  5.20209    ,  1.0311e-18 ,  0.0433524  ])
87717   , -1411.31    , array([ 1.00604    ,  0.105426   ,  5.20209    ,  1.0311e-18 ,  0.0433524  ])
87718   , -1411.31    , array([ 1.00604    ,  0.105321   ,  5.20729    ,  1.0311e-18 ,  0.0433524  ])
87719   , -1411.31    , array([ 1.00604    ,  0.105321   ,  5.20209    ,  1.03213e-18,  0.0433524  ])
87720   , -1411.31    , array([ 1.00604    ,  0.105321   ,  5.20209    ,  1.0311e-18 ,  0.0433958  ])
87721   , -1411.31    , array([ 1.00604    ,  0.105321   ,  5.20209    ,  1.0311e-18 ,  0.0433524  ])
87722   , -1411.31    , array([ 1.00604    ,  0.105321   ,  5.20209    ,  1.0311e-18 ,  0.0433524  ])
87723   , -1411.31    , array([ 1.00705    ,  0.105321   ,  5.20209    ,  1.0311e-18 ,  0.0433524  ])
87724   , -1411.31    , array([ 1.00604    ,  0.105426   ,  5.20209    ,  1.0311e-18 ,  0.0433524  ])
87725   , -1411.31    , array([ 1.00604    ,  0.105321   ,  5.20729    ,  1.0311e-18 ,  0.0433524  ])
87726   , -1411.31    , array([ 1.00604    ,  0.105321   ,  5.20209    ,  1.03213e-18,  0.0433524  ])
87727   , -1411.31    , array([ 1.00604    ,  0.105321   ,  5.20209    ,  1.0311e-18 ,  0.0433958  ])
87728   , -1411.31    , array([ 1.00604    ,  0.105321   ,  5.20209    ,  1.0311e-18 ,  0.0433524  ])
87729   , -1411.31    , array([ 1.00604    ,  0.105321   ,  5.20209    ,  1.0311e-18 ,  0.0433524  ])
87730   , -1411.31    , array([ 1.00705    ,  0.105321   ,  5.20209    ,  1.0311e-18 ,  0.0433524  ])
87731   , -1411.31    , array([ 1.00604    ,  0.105426   ,  5.20209    ,  1.0311e-18 ,  0.0433524  ])
87732   , -1411.31    , array([ 1.00604    ,  0.105321   ,  5.20729    ,  1.0311e-18 ,  0.0433524  ])
87733   , -1411.31    , array([ 1.00604    ,  0.105321   ,  5.20209    ,  1.03213e-18,  0.0433524  ])
87734   , -1411.31    , array([ 1.00604    ,  0.105321   ,  5.20209    ,  1.0311e-18 ,  0.0433958  ])
87735   , -1411.31    , array([ 1.00604    ,  0.105321   ,  5.20209    ,  1.0311e-18 ,  0.0433524  ])
87736   , -1411.31    , array([ 1.00604    ,  0.105321   ,  5.20209    ,  1.0311e-18 ,  0.0433524  ])
87737   , -1411.31    , array([ 1.00705    ,  0.105321   ,  5.20209    ,  1.0311e-18 ,  0.0433524  ])
87738   , -1411.31    , array([ 1.00604    ,  0.105426   ,  5.20209    ,  1.0311e-18 ,  0.0433524  ])
87739   , -1411.31    , array([ 1.00604    ,  0.105321   ,  5.20729    ,  1.0311e-18 ,  0.0433524  ])
87740   , -1411.31    , array([ 1.00604    ,  0.105321   ,  5.20209    ,  1.03213e-18,  0.0433524  ])
87741   , -1411.31    , array([ 1.00604    ,  0.105321   ,  5.20209    ,  1.0311e-18 ,  0.0433958  ])
87742   , -1411.31    , array([ 1.00604    ,  0.105321   ,  5.20209    ,  1.0311e-18 ,  0.0433524  ])
87743   , -1411.31    , array([ 1.00604    ,  0.105321   ,  5.20209    ,  1.0311e-18 ,  0.0433524  ])
87744   , -1411.31    , array([ 1.00705    ,  0.105321   ,  5.20209    ,  1.0311e-18 ,  0.0433524  ])
87745   , -1411.31    , array([ 1.00604    ,  0.105426   ,  5.20209    ,  1.0311e-18 ,  0.0433524  ])
87746   , -1411.31    , array([ 1.00604    ,  0.105321   ,  5.20729    ,  1.0311e-18 ,  0.0433524  ])
87747   , -1411.31    , array([ 1.00604    ,  0.105321   ,  5.20209    ,  1.03213e-18,  0.0433524  ])
87748   , -1411.31    , array([ 1.00604    ,  0.105321   ,  5.20209    ,  1.0311e-18 ,  0.0433958  ])
87749   , -1411.31    , array([ 1.00604    ,  0.105321   ,  5.20209    ,  1.0311e-18 ,  0.0433524  ])
87750   , -1411.31    , array([ 1.00604    ,  0.105321   ,  5.20209    ,  1.0311e-18 ,  0.0433524  ])
87751   , -1411.31    , array([ 1.00705    ,  0.105321   ,  5.20209    ,  1.0311e-18 ,  0.0433524  ])
87752   , -1411.31    , array([ 1.00604    ,  0.105426   ,  5.20209    ,  1.0311e-18 ,  0.0433524  ])
87753   , -1411.31    , array([ 1.00604    ,  0.105321   ,  5.20729    ,  1.0311e-18 ,  0.0433524  ])
87754   , -1411.31    , array([ 1.00604    ,  0.105321   ,  5.20209    ,  1.03213e-18,  0.0433524  ])
87755   , -1411.31    , array([ 1.00604    ,  0.105321   ,  5.20209    ,  1.0311e-18 ,  0.0433958  ])
87756   , -1411.31    , array([ 1.00604    ,  0.105321   ,  5.20209    ,  1.0311e-18 ,  0.0433524  ])
87757   , -1411.31    , array([ 1.00604    ,  0.105321   ,  5.20209    ,  1.0311e-18 ,  0.0433524  ])
87758   , -1411.31    , array([ 1.00705    ,  0.105321   ,  5.20209    ,  1.0311e-18 ,  0.0433524  ])
87759   , -1411.31    , array([ 1.00604    ,  0.105426   ,  5.20209    ,  1.0311e-18 ,  0.0433524  ])
87760   , -1411.31    , array([ 1.00604    ,  0.105321   ,  5.20729    ,  1.0311e-18 ,  0.0433524  ])
87761   , -1411.31    , array([ 1.00604    ,  0.105321   ,  5.20209    ,  1.03213e-18,  0.0433524  ])
87762   , -1411.31    , array([ 1.00604    ,  0.105321   ,  5.20209    ,  1.0311e-18 ,  0.0433958  ])
87763   , -1411.31    , array([ 1.00604    ,  0.105321   ,  5.20209    ,  1.0311e-18 ,  0.0433524  ])
87764   , -1411.31    , array([ 1.00604    ,  0.105321   ,  5.20209    ,  1.0311e-18 ,  0.0433524  ])
87765   , -1411.31    , array([ 1.00705    ,  0.105321   ,  5.20209    ,  1.0311e-18 ,  0.0433524  ])
87766   , -1411.31    , array([ 1.00604    ,  0.105426   ,  5.20209    ,  1.0311e-18 ,  0.0433524  ])
87767   , -1411.31    , array([ 1.00604    ,  0.105321   ,  5.20729    ,  1.0311e-18 ,  0.0433524  ])
87768   , -1411.31    , array([ 1.00604    ,  0.105321   ,  5.20209    ,  1.03213e-18,  0.0433524  ])
87769   , -1411.31    , array([ 1.00604    ,  0.105321   ,  5.20209    ,  1.0311e-18 ,  0.0433958  ])
87770   , -1411.31    , array([ 1.00604    ,  0.105321   ,  5.20209    ,  1.0311e-18 ,  0.0433524  ])
87771   , -1411.31    , array([ 1.00604    ,  0.105321   ,  5.20209    ,  1.0311e-18 ,  0.0433524  ])
87772   , -1411.31    , array([ 1.00705    ,  0.105321   ,  5.20209    ,  1.0311e-18 ,  0.0433524  ])
87773   , -1411.31    , array([ 1.00604    ,  0.105426   ,  5.20209    ,  1.0311e-18 ,  0.0433524  ])
87774   , -1411.31    , array([ 1.00604    ,  0.105321   ,  5.20729    ,  1.0311e-18 ,  0.0433524  ])
87775   , -1411.31    , array([ 1.00604    ,  0.105321   ,  5.20209    ,  1.03213e-18,  0.0433524  ])
87776   , -1411.31    , array([ 1.00604    ,  0.105321   ,  5.20209    ,  1.0311e-18 ,  0.0433958  ])
87777   , -1411.31    , array([ 1.00604    ,  0.105321   ,  5.20209    ,  1.0311e-18 ,  0.0433524  ])
87778   , -1411.31    , array([ 1.00604    ,  0.105321   ,  5.20209    ,  1.0311e-18 ,  0.0433524  ])
87779   , -1411.31    , array([ 1.00705    ,  0.105321   ,  5.20209    ,  1.0311e-18 ,  0.0433524  ])
87780   , -1411.31    , array([ 1.00604    ,  0.105426   ,  5.20209    ,  1.0311e-18 ,  0.0433524  ])
87781   , -1411.31    , array([ 1.00604    ,  0.105321   ,  5.20729    ,  1.0311e-18 ,  0.0433524  ])
87782   , -1411.31    , array([ 1.00604    ,  0.105321   ,  5.20209    ,  1.03213e-18,  0.0433524  ])
87783   , -1411.31    , array([ 1.00604    ,  0.105321   ,  5.20209    ,  1.0311e-18 ,  0.0433958  ])
87784   , -1411.31    , array([ 1.00604    ,  0.105321   ,  5.20209    ,  1.0311e-18 ,  0.0433524  ])
87785   , -1411.31    , array([ 1.00604    ,  0.105321   ,  5.20209    ,  1.0311e-18 ,  0.0433524  ])
87786   , -1411.31    , array([ 1.00705    ,  0.105321   ,  5.20209    ,  1.0311e-18 ,  0.0433524  ])
87787   , -1411.31    , array([ 1.00604    ,  0.105426   ,  5.20209    ,  1.0311e-18 ,  0.0433524  ])
87788   , -1411.31    , array([ 1.00604    ,  0.105321   ,  5.20729    ,  1.0311e-18 ,  0.0433524  ])
87789   , -1411.31    , array([ 1.00604    ,  0.105321   ,  5.20209    ,  1.03213e-18,  0.0433524  ])
87790   , -1411.31    , array([ 1.00604    ,  0.105321   ,  5.20209    ,  1.0311e-18 ,  0.0433958  ])
87791   , -1411.31    , array([ 1.00604    ,  0.105321   ,  5.20209    ,  1.0311e-18 ,  0.0433524  ])
87792   , -1411.31    , array([ 1.00604    ,  0.105321   ,  5.20209    ,  1.0311e-18 ,  0.0433524  ])
87793   , -1411.31    , array([ 1.00705    ,  0.105321   ,  5.20209    ,  1.0311e-18 ,  0.0433524  ])
87794   , -1411.31    , array([ 1.00604    ,  0.105426   ,  5.20209    ,  1.0311e-18 ,  0.0433524  ])
87795   , -1411.31    , array([ 1.00604    ,  0.105321   ,  5.20729    ,  1.0311e-18 ,  0.0433524  ])
87796   , -1411.31    , array([ 1.00604    ,  0.105321   ,  5.20209    ,  1.03213e-18,  0.0433524  ])
87797   , -1411.31    , array([ 1.00604    ,  0.105321   ,  5.20209    ,  1.0311e-18 ,  0.0433958  ])
87798   , -1411.31    , array([ 1.00604    ,  0.105321   ,  5.20209    ,  1.0311e-18 ,  0.0433524  ])
87799   , -1411.31    , array([ 1.00604    ,  0.105321   ,  5.20209    ,  1.0311e-18 ,  0.0433524  ])
87800   , -1411.31    , array([ 1.00705    ,  0.105321   ,  5.20209    ,  1.0311e-18 ,  0.0433524  ])
87801   , -1411.31    , array([ 1.00604    ,  0.105426   ,  5.20209    ,  1.0311e-18 ,  0.0433524  ])
87802   , -1411.31    , array([ 1.00604    ,  0.105321   ,  5.20729    ,  1.0311e-18 ,  0.0433524  ])
87803   , -1411.31    , array([ 1.00604    ,  0.105321   ,  5.20209    ,  1.03213e-18,  0.0433524  ])
87804   , -1411.31    , array([ 1.00604    ,  0.105321   ,  5.20209    ,  1.0311e-18 ,  0.0433958  ])
87805   , -1411.31    , array([ 1.00604    ,  0.105321   ,  5.20209    ,  1.0311e-18 ,  0.0433524  ])
87806   , -1411.31    , array([ 1.00604    ,  0.105321   ,  5.20209    ,  1.0311e-18 ,  0.0433524  ])
87807   , -1411.31    , array([ 1.00705    ,  0.105321   ,  5.20209    ,  1.0311e-18 ,  0.0433524  ])
87808   , -1411.31    , array([ 1.00604    ,  0.105426   ,  5.20209    ,  1.0311e-18 ,  0.0433524  ])
87809   , -1411.31    , array([ 1.00604    ,  0.105321   ,  5.20729    ,  1.0311e-18 ,  0.0433524  ])
87810   , -1411.31    , array([ 1.00604    ,  0.105321   ,  5.20209    ,  1.03213e-18,  0.0433524  ])
87811   , -1411.31    , array([ 1.00604    ,  0.105321   ,  5.20209    ,  1.0311e-18 ,  0.0433958  ])
87812   , -1411.31    , array([ 1.00604    ,  0.105321   ,  5.20209    ,  1.0311e-18 ,  0.0433524  ])
87813   , -1411.31    , array([ 1.00604    ,  0.105321   ,  5.20209    ,  1.0311e-18 ,  0.0433524  ])
87814   , -1411.31    , array([ 1.00705    ,  0.105321   ,  5.20209    ,  1.0311e-18 ,  0.0433524  ])
87815   , -1411.31    , array([ 1.00604    ,  0.105426   ,  5.20209    ,  1.0311e-18 ,  0.0433524  ])
87816   , -1411.31    , array([ 1.00604    ,  0.105321   ,  5.20729    ,  1.0311e-18 ,  0.0433524  ])
87817   , -1411.31    , array([ 1.00604    ,  0.105321   ,  5.20209    ,  1.03213e-18,  0.0433524  ])
87818   , -1411.31    , array([ 1.00604    ,  0.105321   ,  5.20209    ,  1.0311e-18 ,  0.0433958  ])
87819   , -1411.31    , array([ 1.00604    ,  0.105321   ,  5.20209    ,  1.0311e-18 ,  0.0433524  ])
87820   , -1411.31    , array([ 1.00604    ,  0.105321   ,  5.20209    ,  1.0311e-18 ,  0.0433524  ])
87821   , -1411.31    , array([ 1.00705    ,  0.105321   ,  5.20209    ,  1.0311e-18 ,  0.0433524  ])
87822   , -1411.31    , array([ 1.00604    ,  0.105426   ,  5.20209    ,  1.0311e-18 ,  0.0433524  ])
87823   , -1411.31    , array([ 1.00604    ,  0.105321   ,  5.20729    ,  1.0311e-18 ,  0.0433524  ])
87824   , -1411.31    , array([ 1.00604    ,  0.105321   ,  5.20209    ,  1.03213e-18,  0.0433524  ])
87825   , -1411.31    , array([ 1.00604    ,  0.105321   ,  5.20209    ,  1.0311e-18 ,  0.0433958  ])
87826   , -1411.31    , array([ 1.00604    ,  0.105321   ,  5.20209    ,  1.0311e-18 ,  0.0433524  ])
87827   , -1411.31    , array([ 1.00604    ,  0.105321   ,  5.20209    ,  1.0311e-18 ,  0.0433524  ])
87828   , -1411.31    , array([ 1.00705    ,  0.105321   ,  5.20209    ,  1.0311e-18 ,  0.0433524  ])
87829   , -1411.31    , array([ 1.00604    ,  0.105426   ,  5.20209    ,  1.0311e-18 ,  0.0433524  ])
87830   , -1411.31    , array([ 1.00604    ,  0.105321   ,  5.20729    ,  1.0311e-18 ,  0.0433524  ])
87831   , -1411.31    , array([ 1.00604    ,  0.105321   ,  5.20209    ,  1.03213e-18,  0.0433524  ])
87832   , -1411.31    , array([ 1.00604    ,  0.105321   ,  5.20209    ,  1.0311e-18 ,  0.0433958  ])
87833   , -1411.31    , array([ 1.00604    ,  0.105321   ,  5.20209    ,  1.0311e-18 ,  0.0433524  ])
87834   , -1411.31    , array([ 1.00604    ,  0.105321   ,  5.20209    ,  1.0311e-18 ,  0.0433524  ])
87835   , -1411.31    , array([ 1.00705    ,  0.105321   ,  5.20209    ,  1.0311e-18 ,  0.0433524  ])
87836   , -1411.31    , array([ 1.00604    ,  0.105426   ,  5.20209    ,  1.0311e-18 ,  0.0433524  ])
87837   , -1411.31    , array([ 1.00604    ,  0.105321   ,  5.20729    ,  1.0311e-18 ,  0.0433524  ])
87838   , -1411.31    , array([ 1.00604    ,  0.105321   ,  5.20209    ,  1.03213e-18,  0.0433524  ])
87839   , -1411.31    , array([ 1.00604    ,  0.105321   ,  5.20209    ,  1.0311e-18 ,  0.0433958  ])
87840   , -1411.31    , array([ 1.00604    ,  0.105321   ,  5.20209    ,  1.0311e-18 ,  0.0433524  ])
87841   , -1411.31    , array([ 1.00604    ,  0.105321   ,  5.20209    ,  1.0311e-18 ,  0.0433524  ])
87842   , -1411.31    , array([ 1.00705    ,  0.105321   ,  5.20209    ,  1.0311e-18 ,  0.0433524  ])
87843   , -1411.31    , array([ 1.00604    ,  0.105426   ,  5.20209    ,  1.0311e-18 ,  0.0433524  ])
87844   , -1411.31    , array([ 1.00604    ,  0.105321   ,  5.20729    ,  1.0311e-18 ,  0.0433524  ])
87845   , -1411.31    , array([ 1.00604    ,  0.105321   ,  5.20209    ,  1.03213e-18,  0.0433524  ])
87846   , -1411.31    , array([ 1.00604    ,  0.105321   ,  5.20209    ,  1.0311e-18 ,  0.0433958  ])
87847   , -1411.31    , array([ 1.00605    ,  0.10532    ,  5.20204    ,  1.0311e-18 ,  0.0433524  ])
87848   , -1411.31    , array([ 1.00605    ,  0.105321   ,  5.20206    ,  1.0311e-18 ,  0.0433524  ])
87849   , -1411.31    , array([ 1.00604    ,  0.105321   ,  5.20207    ,  1.0311e-18 ,  0.0433524  ])
87850   , -1411.31    , array([ 1.00604    ,  0.105321   ,  5.20208    ,  1.0311e-18 ,  0.0433524  ])
87851   , -1411.31    , array([ 1.00604    ,  0.105321   ,  5.20208    ,  1.0311e-18 ,  0.0433524  ])
87852   , -1411.31    , array([ 1.00604    ,  0.105321   ,  5.20209    ,  1.0311e-18 ,  0.0433524  ])
87853   , -1411.31    , array([ 1.00604    ,  0.105321   ,  5.20209    ,  1.0311e-18 ,  0.0433524  ])
87854   , -1411.31    , array([ 1.00604    ,  0.105321   ,  5.20209    ,  1.0311e-18 ,  0.0433524  ])
87855   , -1411.31    , array([ 1.00604    ,  0.105321   ,  5.20209    ,  1.0311e-18 ,  0.0433524  ])
87856   , -1411.31    , array([ 1.00604    ,  0.105321   ,  5.20209    ,  1.0311e-18 ,  0.0433524  ])
87857   , -1411.31    , array([ 1.00604    ,  0.105321   ,  5.20209    ,  1.0311e-18 ,  0.0433524  ])
87858   , -1411.31    , array([ 1.00604    ,  0.105321   ,  5.20209    ,  1.0311e-18 ,  0.0433524  ])
