37036   , -79089.4    , array([ 8.26439    ,  1.58376    ,  2.33994e-19,  1.03973e-26,  1.65339e-39])
37037   , -79089.4    , array([ 8.26439    ,  1.58376    ,  2.33994e-19,  1.03973e-26,  1.65339e-39])
37038   , -79089.4    , array([ 9.26439    ,  1.58376    ,  2.33994e-19,  1.03973e-26,  1.65339e-39])
37039   , -79089.4    , array([ 10.8824    ,  1.58376    ,  2.33994e-19,  1.03973e-26,  1.65339e-39])
37040   , -79089.4    , array([ 9.26439    ,  1.58376    ,  2.33994e-19,  1.03973e-26,  1.65339e-39])
37041   , -79089.4    , array([ 9.88242    ,  1.58376    ,  2.33994e-19,  1.03973e-26,  1.65339e-39])
37042   , -79089.4    , array([ 10.2644    ,  1.58376    ,  2.33994e-19,  1.03973e-26,  1.65339e-39])
37043   , -79089.4    , array([ 10.5005    ,  1.58376    ,  2.33994e-19,  1.03973e-26,  1.65339e-39])
37044   , -79089.4    , array([ 10.6464    ,  1.58376    ,  2.33994e-19,  1.03973e-26,  1.65339e-39])
37045   , -79089.4    , array([ 10.7365    ,  1.58376    ,  2.33994e-19,  1.03973e-26,  1.65339e-39])
37046   , -79089.4    , array([ 10.7922    ,  1.58376    ,  2.33994e-19,  1.03973e-26,  1.65339e-39])
37047   , -79089.4    , array([ 10.8267    ,  1.58376    ,  2.33994e-19,  1.03973e-26,  1.65339e-39])
37048   , -79089.4    , array([ 10.8523    ,  1.58376    ,  2.33994e-19,  1.03973e-26,  1.65339e-39])
37049   , -79089.4    , array([ 10.8523    ,  1.58376    ,  2.33994e-19,  1.03973e-26,  1.65339e-39])
37050   , -79089.4    , array([ 10.8523    ,  2.58376    ,  2.33994e-19,  1.03973e-26,  1.65339e-39])
37051   , -79089.4    , array([ 10.8523    ,  4.2018     ,  2.33994e-19,  1.03973e-26,  1.65339e-39])
37052   , -79089.4    , array([ 10.8523    ,  2.58376    ,  2.33994e-19,  1.03973e-26,  1.65339e-39])
37053   , -79089.4    , array([ 10.8523    ,  3.2018     ,  2.33994e-19,  1.03973e-26,  1.65339e-39])
37054   , -79089.4    , array([ 10.8523    ,  3.58376    ,  2.33994e-19,  1.03973e-26,  1.65339e-39])
37055   , -79089.4    , array([ 10.8523    ,  3.81983    ,  2.33994e-19,  1.03973e-26,  1.65339e-39])
37056   , -79089.4    , array([ 10.8523    ,  3.96573    ,  2.33994e-19,  1.03973e-26,  1.65339e-39])
37057   , -79089.4    , array([ 10.8523    ,  4.0559     ,  2.33994e-19,  1.03973e-26,  1.65339e-39])
37058   , -79089.4    , array([ 10.8523    ,  4.11163    ,  2.33994e-19,  1.03973e-26,  1.65339e-39])
37059   , -79089.4    , array([ 10.8523    ,  4.14607    ,  2.33994e-19,  1.03973e-26,  1.65339e-39])
37060   , -79089.4    , array([ 10.8523    ,  4.17169    ,  2.33994e-19,  1.03973e-26,  1.65339e-39])
37061   , -79089.4    , array([ 10.8523    ,  4.17169    ,  2.33994e-19,  1.03973e-26,  1.65339e-39])
37062   , -79089.4    , array([ 10.8523    ,  4.17169    ,  1          ,  1.03973e-26,  1.65339e-39])
37063   , -79089.4    , array([ 10.8523    ,  4.17169    ,  2.61803    ,  1.03973e-26,  1.65339e-39])
37064   , -79089.4    , array([ 10.8523    ,  4.17169    ,  1          ,  1.03973e-26,  1.65339e-39])
37065   , -79089.4    , array([ 10.8523    ,  4.17169    ,  1.61803    ,  1.03973e-26,  1.65339e-39])
37066   , -79089.4    , array([ 10.8523    ,  4.17169    ,  2          ,  1.03973e-26,  1.65339e-39])
37067   , -79089.4    , array([ 10.8523    ,  4.17169    ,  2.23607    ,  1.03973e-26,  1.65339e-39])
37068   , -79089.4    , array([ 10.8523    ,  4.17169    ,  2.38197    ,  1.03973e-26,  1.65339e-39])
37069   , -79089.4    , array([ 10.8523    ,  4.17169    ,  2.47214    ,  1.03973e-26,  1.65339e-39])
37070   , -79089.4    , array([ 10.8523    ,  4.17169    ,  2.52786    ,  1.03973e-26,  1.65339e-39])
37071   , -79089.4    , array([ 10.8523    ,  4.17169    ,  2.56231    ,  1.03973e-26,  1.65339e-39])
37072   , -79089.4    , array([ 10.8523    ,  4.17169    ,  2.58793    ,  1.03973e-26,  1.65339e-39])
37073   , -79089.4    , array([ 10.8523    ,  4.17169    ,  2.58793    ,  1.03973e-26,  1.65339e-39])
37074   , -79089.4    , array([ 10.8523    ,  4.17169    ,  2.58793    ,  1          ,  1.65339e-39])
37075   , -79089.4    , array([ 10.8523    ,  4.17169    ,  2.58793    ,  2.61803    ,  1.65339e-39])
37076   , -79089.4    , array([ 10.8523    ,  4.17169    ,  2.58793    ,  1          ,  1.65339e-39])
37077   , -79089.4    , array([ 10.8523    ,  4.17169    ,  2.58793    ,  1.61803    ,  1.65339e-39])
37078   , -79089.4    , array([ 10.8523    ,  4.17169    ,  2.58793    ,  2          ,  1.65339e-39])
37079   , -79089.4    , array([ 10.8523    ,  4.17169    ,  2.58793    ,  2.23607    ,  1.65339e-39])
37080   , -79089.4    , array([ 10.8523    ,  4.17169    ,  2.58793    ,  2.38197    ,  1.65339e-39])
37081   , -79089.4    , array([ 10.8523    ,  4.17169    ,  2.58793    ,  2.47214    ,  1.65339e-39])
37082   , -79089.4    , array([ 10.8523    ,  4.17169    ,  2.58793    ,  2.52786    ,  1.65339e-39])
37083   , -79089.4    , array([ 10.8523    ,  4.17169    ,  2.58793    ,  2.56231    ,  1.65339e-39])
37084   , -79089.4    , array([ 10.8523    ,  4.17169    ,  2.58793    ,  2.58793    ,  1.65339e-39])
37085   , -79089.4    , array([ 10.8523    ,  4.17169    ,  2.58793    ,  2.58793    ,  1.65339e-39])
37086   , -81136.8    , array([ 10.8523    ,  4.17169    ,  2.58793    ,  2.58793    ,  1          ])
37088   , -79089.4    , array([ 10.8523    ,  4.17169    ,  2.58793    ,  2.58793    ,  1.65339e-39])
37090   , -73287.8    , array([ 10.8523    ,  4.17169    ,  2.58793    ,  2.58793    ,  0.381966   ])
37091   , -67924.6    , array([ 10.8523    ,  4.17169    ,  2.58793    ,  2.58793    ,  0.19103    ])
37092   , -68842.3    , array([ 10.8523    ,  4.17169    ,  2.58793    ,  2.58793    ,  0.224506   ])
37093   , -66725      , array([ 10.8523    ,  4.17169    ,  2.58793    ,  2.58793    ,  0.118063   ])
37094   , -67472.4    , array([ 10.8523    ,  4.17169    ,  2.58793    ,  2.58793    ,  0.074787   ])
37095   , -66756.3    , array([ 10.8523    ,  4.17169    ,  2.58793    ,  2.58793    ,  0.126202   ])
37096   , -66723.8    , array([ 10.8523    ,  4.17169    ,  2.58793    ,  2.58793    ,  0.116882   ])
37097   , -66723.5    , array([ 10.8523    ,  4.17169    ,  2.58793    ,  2.58793    ,  0.115714   ])
37098   , -66815.5    , array([ 10.8523    ,  4.17169    ,  2.58793    ,  2.58793    ,  0.100081   ])
37099   , -66724.1    , array([ 10.8523    ,  4.17169    ,  2.58793    ,  2.58793    ,  0.114556   ])
37100   , -84768.8    , array([ 13.4402    ,  6.75962    ,  5.17586    ,  5.17586    ,  0.231427   ])
37101   , -66723.5    , array([ 10.8523    ,  4.17169    ,  2.58793    ,  2.58793    ,  0.115714   ])
37102   , -67119.4    , array([ 11.8523    ,  4.17169    ,  2.58793    ,  2.58793    ,  0.115714   ])
37103   , -65926.4    , array([ 9.23428    ,  4.17169    ,  2.58793    ,  2.58793    ,  0.115714   ])
37104   , -63959.6    , array([ 6.61625    ,  4.17169    ,  2.58793    ,  2.58793    ,  0.115714   ])
37105   , -55072.4    , array([ 2.38018    ,  4.17169    ,  2.58793    ,  2.58793    ,  0.115714   ])
37107   , -55072.4    , array([ 2.38018    ,  4.17169    ,  2.58793    ,  2.58793    ,  0.115714   ])
37109   , -60092.1    , array([ 3.99821    ,  4.17169    ,  2.58793    ,  2.58793    ,  0.115714   ])
37110   , -58011.2    , array([ 3.18902    ,  4.17169    ,  2.58793    ,  2.58793    ,  0.115714   ])
37111   , -49445.7    , array([ 1.38018    ,  4.17169    ,  2.58793    ,  2.58793    ,  0.115714   ])
37112   , -45220.9    , array([ 0.762144   ,  4.17169    ,  2.58793    ,  2.58793    ,  0.115714   ])
37113   , -47728.9    , array([ 0.380178   ,  4.17169    ,  2.58793    ,  2.58793    ,  0.115714   ])
37114   , -45769.8    , array([ 0.863046   ,  4.17169    ,  2.58793    ,  2.58793    ,  0.115714   ])
37115   , -44901.4    , array([ 0.661242   ,  4.17169    ,  2.58793    ,  2.58793    ,  0.115714   ])
37116   , -45041.6    , array([ 0.553885   ,  4.17169    ,  2.58793    ,  2.58793    ,  0.115714   ])
37117   , -44901.4    , array([ 0.661242   ,  4.17169    ,  2.58793    ,  2.58793    ,  0.115714   ])
37118   , -46409.9    , array([ 0.661242   ,  5.17169    ,  2.58793    ,  2.58793    ,  0.115714   ])
37119   , -40382.4    , array([ 0.661242   ,  2.55366    ,  2.58793    ,  2.58793    ,  0.115714   ])
37121   , -40382.4    , array([ 0.661242   ,  2.55366    ,  2.58793    ,  2.58793    ,  0.115714   ])
37122   , -34068.6    , array([ 0.661242   ,  1.55366    ,  2.58793    ,  2.58793    ,  0.115714   ])
37123   , -25896.9    , array([ 0.661242   ,  0.935624   ,  2.58793    ,  2.58793    ,  0.115714   ])
37124   , -16512.1    , array([ 0.661242   ,  0.553658   ,  2.58793    ,  2.58793    ,  0.115714   ])
37125   , -7781.37    , array([ 0.661242   ,  0.31759    ,  2.58793    ,  2.58793    ,  0.115714   ])
37126   , -3333.31    , array([ 0.661242   ,  0.171692   ,  2.58793    ,  2.58793    ,  0.115714   ])
37127   , -10095.3    , array([ 0.661242   ,  0.081522   ,  2.58793    ,  2.58793    ,  0.115714   ])
37128   , -3990.35    , array([ 0.661242   ,  0.211692   ,  2.58793    ,  2.58793    ,  0.115714   ])
37129   , -4027.32    , array([ 0.661242   ,  0.131692   ,  2.58793    ,  2.58793    ,  0.115714   ])
37130   , -3333.31    , array([ 0.661242   ,  0.171692   ,  2.58793    ,  2.58793    ,  0.115714   ])
37131   , -2638.43    , array([ 0.661242   ,  0.171692   ,  3.58793    ,  2.58793    ,  0.115714   ])
37132   , -2138.44    , array([ 0.661242   ,  0.171692   ,  5.20596    ,  2.58793    ,  0.115714   ])
37133   , -2115.1     , array([ 0.661242   ,  0.171692   ,  5.44525    ,  2.58793    ,  0.115714   ])
37134   , -2100.21    , array([ 0.661242   ,  0.171692   ,  5.83243    ,  2.58793    ,  0.115714   ])
37135   , -2100.18    , array([ 0.661242   ,  0.171692   ,  5.84292    ,  2.58793    ,  0.115714   ])
37136   , -2100.17    , array([ 0.661242   ,  0.171692   ,  5.8599     ,  2.58793    ,  0.115714   ])
37137   , -2100.17    , array([ 0.661242   ,  0.171692   ,  5.85401    ,  2.58793    ,  0.115714   ])
37138   , -2100.17    , array([ 0.661242   ,  0.171692   ,  5.85401    ,  2.58793    ,  0.115714   ])
37139   , -2100.17    , array([ 0.661242   ,  0.171692   ,  5.85401    ,  2.58793    ,  0.115714   ])
37140   , -2618.31    , array([ 0.661242   ,  0.171692   ,  5.85401    ,  3.58793    ,  0.115714   ])
37141   , -2135.1     , array([ 0.661242   ,  0.171692   ,  5.85401    ,  0.969895   ,  0.115714   ])
37142   , -2100.17    , array([ 0.661242   ,  0.171692   ,  5.85401    ,  2.58793    ,  0.115714   ])
37143   , -1949.31    , array([ 0.661242   ,  0.171692   ,  5.85401    ,  1.96989    ,  0.115714   ])
37144   , -1945.48    , array([ 0.661242   ,  0.171692   ,  5.85401    ,  1.58793    ,  0.115714   ])
37145   , -1937.46    , array([ 0.661242   ,  0.171692   ,  5.85401    ,  1.75745    ,  0.115714   ])
37146   , -1937.48    , array([ 0.661242   ,  0.171692   ,  5.85401    ,  1.76575    ,  0.115714   ])
37147   , -1937.47    , array([ 0.661242   ,  0.171692   ,  5.85401    ,  1.74914    ,  0.115714   ])
37148   , -1937.46    , array([ 0.661242   ,  0.171692   ,  5.85401    ,  1.75745    ,  0.115714   ])
37149   , -7027.29    , array([ 0.661242   ,  0.171692   ,  5.85401    ,  1.75745    ,  1.11571    ])
37151   , -1937.46    , array([ 0.661242   ,  0.171692   ,  5.85401    ,  1.75745    ,  0.115714   ])
37153   , -5422.48    , array([ 0.661242   ,  0.171692   ,  5.85401    ,  1.75745    ,  0.49768    ])
37154   , -4182.4     , array([ 0.661242   ,  0.171692   ,  5.85401    ,  1.75745    ,  0.306668   ])
37156   , -13650.8    , array([ 0.661242   ,  0.171692   ,  5.85401    ,  1.75745    ,  0.0255436  ])
37157   , -2777.58    , array([ 0.661242   ,  0.171692   ,  5.85401    ,  1.75745    ,  0.188652   ])
37158   , -2241.81    , array([ 0.661242   ,  0.171692   ,  5.85401    ,  1.75745    ,  0.0812717  ])
37159   , -1971.09    , array([ 0.661242   ,  0.171692   ,  5.85401    ,  1.75745    ,  0.121801   ])
37160   , -1922.61    , array([ 0.661242   ,  0.171692   ,  5.85401    ,  1.75745    ,  0.110961   ])
37161   , -1942.04    , array([ 0.661242   ,  0.171692   ,  5.85401    ,  1.75745    ,  0.0996208  ])
37162   , -1919.49    , array([ 0.661242   ,  0.171692   ,  5.85401    ,  1.75745    ,  0.108142   ])
37163   , -1919.44    , array([ 0.661242   ,  0.171692   ,  5.85401    ,  1.75745    ,  0.107465   ])
37164   , -1919.42    , array([ 0.661242   ,  0.171692   ,  5.85401    ,  1.75745    ,  0.107681   ])
37165   , -1919.42    , array([ 0.661242   ,  0.171692   ,  5.85401    ,  1.75745    ,  0.107762   ])
37166   , -1919.42    , array([ 0.661242   ,  0.171692   ,  5.85401    ,  1.75745    ,  0.107601   ])
37168   , -1919.42    , array([ 0.661242   ,  0.171692   ,  5.85401    ,  1.75745    ,  0.107681   ])
37169   , -2378.6     , array([ 1.66124    ,  0.171692   ,  5.85401    ,  1.75745    ,  0.107681   ])
37171   , -1919.42    , array([ 0.661242   ,  0.171692   ,  5.85401    ,  1.75745    ,  0.107681   ])
37172   , -73657.1    , array([ 0.0432083  ,  0.171692   ,  5.85401    ,  1.75745    ,  0.107681   ])
37173   , -1715.83    , array([ 1.04321    ,  0.171692   ,  5.85401    ,  1.75745    ,  0.107681   ])
37174   , -1655.87    , array([ 0.854532   ,  0.171692   ,  5.85401    ,  1.75745    ,  0.107681   ])
37175   , -1654.31    , array([ 0.912774   ,  0.171692   ,  5.85401    ,  1.75745    ,  0.107681   ])
37176   , -1652.16    , array([ 0.888718   ,  0.171692   ,  5.85401    ,  1.75745    ,  0.107681   ])
37177   , -1652.15    , array([ 0.886443   ,  0.171692   ,  5.85401    ,  1.75745    ,  0.107681   ])
37178   , -1652.18    , array([ 0.884191   ,  0.171692   ,  5.85401    ,  1.75745    ,  0.107681   ])
37179   , -1652.15    , array([ 0.886443   ,  0.171692   ,  5.85401    ,  1.75745    ,  0.107681   ])
37180   , -31276.4    , array([ 0.886443   ,  1.17169    ,  5.85401    ,  1.75745    ,  0.107681   ])
37182   , -1652.15    , array([ 0.886443   ,  0.171692   ,  5.85401    ,  1.75745    ,  0.107681   ])
37184   , -16785.1    , array([ 0.886443   ,  0.553658   ,  5.85401    ,  1.75745    ,  0.107681   ])
37185   , -8988.62    , array([ 0.886443   ,  0.362553   ,  5.85401    ,  1.75745    ,  0.107681   ])
37187   , -9012.79    , array([ 0.886443   ,  0.081522   ,  5.85401    ,  1.75745    ,  0.107681   ])
37188   , -2843.61    , array([ 0.886443   ,  0.222138   ,  5.85401    ,  1.75745    ,  0.107681   ])
37189   , -2066.81    , array([ 0.886443   ,  0.13725    ,  5.85401    ,  1.75745    ,  0.107681   ])
37190   , -1633.97    , array([ 0.886443   ,  0.168802   ,  5.85401    ,  1.75745    ,  0.107681   ])
37191   , -1621.79    , array([ 0.886443   ,  0.164832   ,  5.85401    ,  1.75745    ,  0.107681   ])
37192   , -1621.2     , array([ 0.886443   ,  0.163551   ,  5.85401    ,  1.75745    ,  0.107681   ])
37193   , -1621.18    , array([ 0.886443   ,  0.163734   ,  5.85401    ,  1.75745    ,  0.107681   ])
37194   , -1621.19    , array([ 0.886443   ,  0.163813   ,  5.85401    ,  1.75745    ,  0.107681   ])
37195   , -1621.19    , array([ 0.886443   ,  0.163654   ,  5.85401    ,  1.75745    ,  0.107681   ])
37196   , -1621.18    , array([ 0.886443   ,  0.163734   ,  5.85401    ,  1.75745    ,  0.107681   ])
37197   , -1745.49    , array([ 0.886443   ,  0.163734   ,  6.85401    ,  1.75745    ,  0.107681   ])
37198   , -1779.07    , array([ 0.886443   ,  0.163734   ,  4.23597    ,  1.75745    ,  0.107681   ])
37199   , -1621.18    , array([ 0.886443   ,  0.163734   ,  5.85401    ,  1.75745    ,  0.107681   ])
37200   , -1622.48    , array([ 0.886443   ,  0.163734   ,  5.23597    ,  1.75745    ,  0.107681   ])
37201   , -1651.58    , array([ 0.886443   ,  0.163734   ,  6.23597    ,  1.75745    ,  0.107681   ])
37202   , -1613.62    , array([ 0.886443   ,  0.163734   ,  5.55786    ,  1.75745    ,  0.107681   ])
37203   , -1613.61    , array([ 0.886443   ,  0.163734   ,  5.5549     ,  1.75745    ,  0.107681   ])
37204   , -1613.61    , array([ 0.886443   ,  0.163734   ,  5.55191    ,  1.75745    ,  0.107681   ])
37205   , -1613.61    , array([ 0.886443   ,  0.163734   ,  5.5549     ,  1.75745    ,  0.107681   ])
37206   , -1751.46    , array([ 0.886443   ,  0.163734   ,  5.5549     ,  2.75745    ,  0.107681   ])
37207   , -2690.9     , array([ 0.886443   ,  0.163734   ,  5.5549     ,  0.139414   ,  0.107681   ])
37208   , -1613.61    , array([ 0.886443   ,  0.163734   ,  5.5549     ,  1.75745    ,  0.107681   ])
37209   , -1772.9     , array([ 0.886443   ,  0.163734   ,  5.5549     ,  1.13941    ,  0.107681   ])
37210   , -1617.96    , array([ 0.886443   ,  0.163734   ,  5.5549     ,  2.13941    ,  0.107681   ])
37211   , -1607.15    , array([ 0.886443   ,  0.163734   ,  5.5549     ,  1.92729    ,  0.107681   ])
37212   , -1607.14    , array([ 0.886443   ,  0.163734   ,  5.5549     ,  1.92402    ,  0.107681   ])
37213   , -1607.14    , array([ 0.886443   ,  0.163734   ,  5.5549     ,  1.92116    ,  0.107681   ])
37214   , -1607.14    , array([ 0.886443   ,  0.163734   ,  5.5549     ,  1.91952    ,  0.107681   ])
37215   , -1607.14    , array([ 0.886443   ,  0.163734   ,  5.5549     ,  1.92116    ,  0.107681   ])
37216   , -8241.82    , array([ 0.886443   ,  0.163734   ,  5.5549     ,  1.92116    ,  1.10768    ])
37218   , -1607.14    , array([ 0.886443   ,  0.163734   ,  5.5549     ,  1.92116    ,  0.107681   ])
37220   , -6223.99    , array([ 0.886443   ,  0.163734   ,  5.5549     ,  1.92116    ,  0.489647   ])
37221   , -4524.82    , array([ 0.886443   ,  0.163734   ,  5.5549     ,  1.92116    ,  0.298627   ])
37223   , -20746.4    , array([ 0.886443   ,  0.163734   ,  5.5549     ,  1.92116    ,  0.0175112  ])
37224   , -2721.66    , array([ 0.886443   ,  0.163734   ,  5.5549     ,  1.92116    ,  0.180616   ])
37225   , -2029.26    , array([ 0.886443   ,  0.163734   ,  5.5549     ,  1.92116    ,  0.0732393  ])
37226   , -1659.19    , array([ 0.886443   ,  0.163734   ,  5.5549     ,  1.92116    ,  0.114356   ])
37227   , -1586.38    , array([ 0.886443   ,  0.163734   ,  5.5549     ,  1.92116    ,  0.103024   ])
37228   , -1610.41    , array([ 0.886443   ,  0.163734   ,  5.5549     ,  1.92116    ,  0.0916476  ])
37229   , -1581.23    , array([ 0.886443   ,  0.163734   ,  5.5549     ,  1.92116    ,  0.0999134  ])
37230   , -1581.17    , array([ 0.886443   ,  0.163734   ,  5.5549     ,  1.92116    ,  0.0991803  ])
37231   , -1581.14    , array([ 0.886443   ,  0.163734   ,  5.5549     ,  1.92116    ,  0.0994384  ])
37232   , -1581.14    , array([ 0.886443   ,  0.163734   ,  5.5549     ,  1.92116    ,  0.0995208  ])
37233   , -1581.14    , array([ 0.886443   ,  0.163734   ,  5.5549     ,  1.92116    ,  0.099356   ])
37234   , -1565.19    , array([ 1.11164    ,  0.155775   ,  5.25579    ,  2.08487    ,  0.0911956  ])
37235   , -1581.14    , array([ 0.886443   ,  0.163734   ,  5.5549     ,  1.92116    ,  0.0994384  ])
37236   , -1565.19    , array([ 1.11164    ,  0.155775   ,  5.25579    ,  2.08487    ,  0.0911956  ])
37237   , -1666.56    , array([ 1.47603    ,  0.142898   ,  4.77183    ,  2.34977    ,  0.0778585  ])
37238   , -1565.19    , array([ 1.11164    ,  0.155775   ,  5.25579    ,  2.08487    ,  0.0911956  ])
37239   , -1599.29    , array([ 1.25082    ,  0.150856   ,  5.07094    ,  2.18605    ,  0.0861013  ])
37240   , -1555.21    , array([ 1.02562    ,  0.158815   ,  5.37004    ,  2.02234    ,  0.0943441  ])
37241   , -1557.68    , array([ 0.967448   ,  0.160871   ,  5.44731    ,  1.98005    ,  0.0964734  ])
37242   , -1555       , array([ 1.0158     ,  0.159162   ,  5.38308    ,  2.0152     ,  0.0947035  ])
37243   , -1554.97    , array([ 1.01236    ,  0.159284   ,  5.38766    ,  2.0127     ,  0.0948296  ])
37244   , -1554.97    , array([ 1.0111     ,  0.159328   ,  5.38933    ,  2.01178    ,  0.0948757  ])
37245   , -1554.98    , array([ 1.00985    ,  0.159372   ,  5.39099    ,  2.01088    ,  0.0949213  ])
37246   , -1554.97    , array([ 1.0111     ,  0.159328   ,  5.38933    ,  2.01178    ,  0.0948757  ])
37247   , -8922.07    , array([ 1.0111     ,  0.159328   ,  5.38933    ,  2.01178    ,  1.09488    ])
37249   , -1554.97    , array([ 1.0111     ,  0.159328   ,  5.38933    ,  2.01178    ,  0.0948757  ])
37251   , -6683.18    , array([ 1.0111     ,  0.159328   ,  5.38933    ,  2.01178    ,  0.476842   ])
37252   , -4727.64    , array([ 1.0111     ,  0.159328   ,  5.38933    ,  2.01178    ,  0.285817   ])
37254   , -51038.9    , array([ 1.0111     ,  0.159328   ,  5.38933    ,  2.01178    ,  0.00470575 ])
37255   , -2683.33    , array([ 1.0111     ,  0.159328   ,  5.38933    ,  2.01178    ,  0.167809   ])
37256   , -2646.81    , array([ 1.0111     ,  0.159328   ,  5.38933    ,  2.01178    ,  0.0604338  ])
37257   , -1691.34    , array([ 1.0111     ,  0.159328   ,  5.38933    ,  2.01178    ,  0.113734   ])
37258   , -1564.03    , array([ 1.0111     ,  0.159328   ,  5.38933    ,  2.01178    ,  0.0993551  ])
37259   , -1555.18    , array([ 1.0111     ,  0.159328   ,  5.38933    ,  2.01178    ,  0.0943243  ])
37260   , -1554.97    , array([ 1.0111     ,  0.159328   ,  5.38933    ,  2.01178    ,  0.0949931  ])
37261   , -1554.97    , array([ 1.0111     ,  0.159328   ,  5.38933    ,  2.01178    ,  0.0949689  ])
37262   , -1554.97    , array([ 1.0111     ,  0.159328   ,  5.38933    ,  2.01178    ,  0.0949699  ])
37263   , -1554.97    , array([ 1.0111     ,  0.159328   ,  5.38933    ,  2.01178    ,  0.094968   ])
37264   , -1554.97    , array([ 1.0111     ,  0.159328   ,  5.38933    ,  2.01178    ,  0.0949689  ])
37265   , -32976.2    , array([ 1.0111     ,  1.15933    ,  5.38933    ,  2.01178    ,  0.0949689  ])
37267   , -1554.97    , array([ 1.0111     ,  0.159328   ,  5.38933    ,  2.01178    ,  0.0949689  ])
37269   , -17939.1    , array([ 1.0111     ,  0.541294   ,  5.38933    ,  2.01178    ,  0.0949689  ])
37270   , -9625.88    , array([ 1.0111     ,  0.350179   ,  5.38933    ,  2.01178    ,  0.0949689  ])
37272   , -10837.1    , array([ 1.0111     ,  0.0691583  ,  5.38933    ,  2.01178    ,  0.0949689  ])
37273   , -3052.73    , array([ 1.0111     ,  0.213839   ,  5.38933    ,  2.01178    ,  0.0949689  ])
37274   , -2063.16    , array([ 1.0111     ,  0.124886   ,  5.38933    ,  2.01178    ,  0.0949689  ])
37275   , -1542.41    , array([ 1.0111     ,  0.157647   ,  5.38933    ,  2.01178    ,  0.0949689  ])
37276   , -1523.5     , array([ 1.0111     ,  0.152983   ,  5.38933    ,  2.01178    ,  0.0949689  ])
37277   , -1581.32    , array([ 1.0111     ,  0.142251   ,  5.38933    ,  2.01178    ,  0.0949689  ])
37278   , -1522.67    , array([ 1.0111     ,  0.151544   ,  5.38933    ,  2.01178    ,  0.0949689  ])
37279   , -1522.64    , array([ 1.0111     ,  0.151759   ,  5.38933    ,  2.01178    ,  0.0949689  ])
37280   , -1522.64    , array([ 1.0111     ,  0.151834   ,  5.38933    ,  2.01178    ,  0.0949689  ])
37281   , -1522.64    , array([ 1.0111     ,  0.151683   ,  5.38933    ,  2.01178    ,  0.0949689  ])
37282   , -1522.64    , array([ 1.0111     ,  0.151759   ,  5.38933    ,  2.01178    ,  0.0949689  ])
37283   , -1633.72    , array([ 1.0111     ,  0.151759   ,  6.38933    ,  2.01178    ,  0.0949689  ])
37284   , -1665.78    , array([ 1.0111     ,  0.151759   ,  3.7713     ,  2.01178    ,  0.0949689  ])
37285   , -1522.64    , array([ 1.0111     ,  0.151759   ,  5.38933    ,  2.01178    ,  0.0949689  ])
37286   , -1524.46    , array([ 1.0111     ,  0.151759   ,  4.7713     ,  2.01178    ,  0.0949689  ])
37287   , -1549.61    , array([ 1.0111     ,  0.151759   ,  5.7713     ,  2.01178    ,  0.0949689  ])
37288   , -1516.15    , array([ 1.0111     ,  0.151759   ,  5.10034    ,  2.01178    ,  0.0949689  ])
37289   , -1516.15    , array([ 1.0111     ,  0.151759   ,  5.09745    ,  2.01178    ,  0.0949689  ])
37290   , -1516.15    , array([ 1.0111     ,  0.151759   ,  5.09453    ,  2.01178    ,  0.0949689  ])
37291   , -1517.36    , array([ 1.0111     ,  0.151759   ,  4.97106    ,  2.01178    ,  0.0949689  ])
37292   , -1516.15    , array([ 1.0111     ,  0.151759   ,  5.09158    ,  2.01178    ,  0.0949689  ])
37293   , -1516.15    , array([ 1.0111     ,  0.151759   ,  5.09453    ,  2.01178    ,  0.0949689  ])
37294   , -1641.66    , array([ 1.0111     ,  0.151759   ,  5.09453    ,  3.01178    ,  0.0949689  ])
37295   , -2310.2     , array([ 1.0111     ,  0.151759   ,  5.09453    ,  0.393748   ,  0.0949689  ])
37296   , -1516.15    , array([ 1.0111     ,  0.151759   ,  5.09453    ,  2.01178    ,  0.0949689  ])
37297   , -1632.87    , array([ 1.0111     ,  0.151759   ,  5.09453    ,  1.39375    ,  0.0949689  ])
37298   , -1524.83    , array([ 1.0111     ,  0.151759   ,  5.09453    ,  2.39375    ,  0.0949689  ])
37299   , -1512.97    , array([ 1.0111     ,  0.151759   ,  5.09453    ,  2.14907    ,  0.0949689  ])
37300   , -1512.95    , array([ 1.0111     ,  0.151759   ,  5.09453    ,  2.14219    ,  0.0949689  ])
37301   , -1512.95    , array([ 1.0111     ,  0.151759   ,  5.09453    ,  2.13996    ,  0.0949689  ])
37302   , -1512.95    , array([ 1.0111     ,  0.151759   ,  5.09453    ,  2.13867    ,  0.0949689  ])
37303   , -1512.95    , array([ 1.0111     ,  0.151759   ,  5.09453    ,  2.13996    ,  0.0949689  ])
37304   , -1520.56    , array([ 1.13576    ,  0.147353   ,  4.92896    ,  2.23058    ,  0.0904062  ])
37305   , -1611.62    , array([ 0.809401   ,  0.158886   ,  5.36242    ,  1.99333    ,  0.102352   ])
37306   , -1512.95    , array([ 1.0111     ,  0.151759   ,  5.09453    ,  2.13996    ,  0.0949689  ])
37307   , -1527.31    , array([ 0.934057   ,  0.154481   ,  5.19685    ,  2.08395    ,  0.0977888  ])
37308   , -1512.53    , array([ 1.05871    ,  0.150076   ,  5.03129    ,  2.17457    ,  0.0932261  ])
37309   , -1512.09    , array([ 1.03801    ,  0.150808   ,  5.05878    ,  2.15952    ,  0.0939839  ])
37310   , -1512.09    , array([ 1.03884    ,  0.150778   ,  5.05768    ,  2.16012    ,  0.0939535  ])
37311   , -1512.09    , array([ 1.03828    ,  0.150798   ,  5.05843    ,  2.15972    ,  0.0939741  ])
37312   , -1512.09    , array([ 1.03855    ,  0.150788   ,  5.05806    ,  2.15991    ,  0.0939641  ])
37313   , -1551.53    , array([ 1.19012    ,  0.137862   ,  4.56195    ,  2.39827    ,  0.0885098  ])
37314   , -1512.09    , array([ 1.03828    ,  0.150798   ,  5.05843    ,  2.15972    ,  0.0939741  ])
37315   , -8916.63    , array([ 1.03828    ,  0.150798   ,  5.05843    ,  2.15972    ,  1.09397    ])
37317   , -1512.09    , array([ 1.03828    ,  0.150798   ,  5.05843    ,  2.15972    ,  0.0939741  ])
37319   , -6846.5     , array([ 1.03828    ,  0.150798   ,  5.05843    ,  2.15972    ,  0.47594    ])
37320   , -4978.67    , array([ 1.03828    ,  0.150798   ,  5.05843    ,  2.15972    ,  0.284914   ])
37322   , -54234.3    , array([ 1.03828    ,  0.150798   ,  5.05843    ,  2.15972    ,  0.00380413 ])
37323   , -2901.66    , array([ 1.03828    ,  0.150798   ,  5.05843    ,  2.15972    ,  0.166907   ])
37324   , -2317.97    , array([ 1.03828    ,  0.150798   ,  5.05843    ,  2.15972    ,  0.0595322  ])
37325   , -1647.8     , array([ 1.03828    ,  0.150798   ,  5.05843    ,  2.15972    ,  0.106345   ])
37326   , -1504.68    , array([ 1.03828    ,  0.150798   ,  5.05843    ,  2.15972    ,  0.092688   ])
37327   , -1535.09    , array([ 1.03828    ,  0.150798   ,  5.05843    ,  2.15972    ,  0.0800236  ])
37328   , -1492.06    , array([ 1.03828    ,  0.150798   ,  5.05843    ,  2.15972    ,  0.0884077  ])
37329   , -1491.97    , array([ 1.03828    ,  0.150798   ,  5.05843    ,  2.15972    ,  0.0876342  ])
37330   , -1491.92    , array([ 1.03828    ,  0.150798   ,  5.05843    ,  2.15972    ,  0.0879174  ])
37331   , -1491.92    , array([ 1.03828    ,  0.150798   ,  5.05843    ,  2.15972    ,  0.0879779  ])
37332   , -1491.92    , array([ 1.03828    ,  0.150798   ,  5.05843    ,  2.15972    ,  0.0878568  ])
37333   , -1491.92    , array([ 1.03828    ,  0.150798   ,  5.05843    ,  2.15972    ,  0.0879174  ])
37334   , -33719.3    , array([ 1.03828    ,  1.1508     ,  5.05843    ,  2.15972    ,  0.0879174  ])
37336   , -1491.92    , array([ 1.03828    ,  0.150798   ,  5.05843    ,  2.15972    ,  0.0879174  ])
37338   , -18499.9    , array([ 1.03828    ,  0.532764   ,  5.05843    ,  2.15972    ,  0.0879174  ])
37339   , -9924.2     , array([ 1.03828    ,  0.341643   ,  5.05843    ,  2.15972    ,  0.0879174  ])
37341   , -12863.2    , array([ 1.03828    ,  0.0606281  ,  5.05843    ,  2.15972    ,  0.0879174  ])
37342   , -3232.28    , array([ 1.03828    ,  0.209765   ,  5.05843    ,  2.15972    ,  0.0879174  ])
37343   , -2151.2     , array([ 1.03828    ,  0.116356   ,  5.05843    ,  2.15972    ,  0.0879174  ])
37344   , -1500.95    , array([ 1.03828    ,  0.151951   ,  5.05843    ,  2.15972    ,  0.0879174  ])
37345   , -1471.37    , array([ 1.03828    ,  0.146206   ,  5.05843    ,  2.15972    ,  0.0879174  ])
37346   , -1542.77    , array([ 1.03828    ,  0.134804   ,  5.05843    ,  2.15972    ,  0.0879174  ])
37347   , -1470.32    , array([ 1.03828    ,  0.144674   ,  5.05843    ,  2.15972    ,  0.0879174  ])
37348   , -1470.28    , array([ 1.03828    ,  0.144887   ,  5.05843    ,  2.15972    ,  0.0879174  ])
37349   , -1470.28    , array([ 1.03828    ,  0.144946   ,  5.05843    ,  2.15972    ,  0.0879174  ])
37350   , -1470.29    , array([ 1.03828    ,  0.144828   ,  5.05843    ,  2.15972    ,  0.0879174  ])
37351   , -1470.28    , array([ 1.03828    ,  0.144887   ,  5.05843    ,  2.15972    ,  0.0879174  ])
37352   , -1547.21    , array([ 1.03828    ,  0.144887   ,  6.05843    ,  2.15972    ,  0.0879174  ])
37353   , -1655.12    , array([ 1.03828    ,  0.144887   ,  3.44039    ,  2.15972    ,  0.0879174  ])
37354   , -1470.28    , array([ 1.03828    ,  0.144887   ,  5.05843    ,  2.15972    ,  0.0879174  ])
37355   , -1490.37    , array([ 1.03828    ,  0.144887   ,  4.44039    ,  2.15972    ,  0.0879174  ])
37356   , -1484.8     , array([ 1.03828    ,  0.144887   ,  5.44039    ,  2.15972    ,  0.0879174  ])
37357   , -1469.75    , array([ 1.03828    ,  0.144887   ,  4.97991    ,  2.15972    ,  0.0879174  ])
37358   , -1469.75    , array([ 1.03828    ,  0.144887   ,  4.96921    ,  2.15972    ,  0.0879174  ])
37359   , -1469.75    , array([ 1.03828    ,  0.144887   ,  4.97082    ,  2.15972    ,  0.0879174  ])
37360   , -1469.75    , array([ 1.03828    ,  0.144887   ,  4.9717     ,  2.15972    ,  0.0879174  ])
37361   , -1469.75    , array([ 1.03828    ,  0.144887   ,  4.97082    ,  2.15972    ,  0.0879174  ])
37362   , -1602.66    , array([ 1.03828    ,  0.144887   ,  4.97082    ,  3.15972    ,  0.0879174  ])
37363   , -2099.69    , array([ 1.03828    ,  0.144887   ,  4.97082    ,  0.541682   ,  0.0879174  ])
37364   , -1469.75    , array([ 1.03828    ,  0.144887   ,  4.97082    ,  2.15972    ,  0.0879174  ])
37365   , -1555.13    , array([ 1.03828    ,  0.144887   ,  4.97082    ,  1.54168    ,  0.0879174  ])
37366   , -1486.28    , array([ 1.03828    ,  0.144887   ,  4.97082    ,  2.54168    ,  0.0879174  ])
37367   , -1469.21    , array([ 1.03828    ,  0.144887   ,  4.97082    ,  2.23144    ,  0.0879174  ])
37368   , -1469.17    , array([ 1.03828    ,  0.144887   ,  4.97082    ,  2.21859    ,  0.0879174  ])
37369   , -1469.17    , array([ 1.03828    ,  0.144887   ,  4.97082    ,  2.21759    ,  0.0879174  ])
37370   , -1469.17    , array([ 1.03828    ,  0.144887   ,  4.97082    ,  2.21701    ,  0.0879174  ])
37371   , -1469.17    , array([ 1.03828    ,  0.144887   ,  4.97082    ,  2.21759    ,  0.0879174  ])
37372   , -1478.37    , array([ 1.16294    ,  0.140482   ,  4.80526    ,  2.30821    ,  0.0833547  ])
37373   , -1547.41    , array([ 0.836581   ,  0.152015   ,  5.23872    ,  2.07096    ,  0.0953     ])
37374   , -1469.17    , array([ 1.03828    ,  0.144887   ,  4.97082    ,  2.21759    ,  0.0879174  ])
37375   , -1479.42    , array([ 0.961238   ,  0.14761    ,  5.07315    ,  2.16159    ,  0.0907373  ])
37376   , -1469.92    , array([ 1.0859     ,  0.143205   ,  4.90758    ,  2.25221    ,  0.0861746  ])
37377   , -1468.94    , array([ 1.05549    ,  0.144279   ,  4.94796    ,  2.23011    ,  0.0872873  ])
37378   , -1468.94    , array([ 1.05388    ,  0.144336   ,  4.95011    ,  2.22893    ,  0.0873465  ])
37379   , -1468.94    , array([ 1.0534     ,  0.144353   ,  4.95074    ,  2.22859    ,  0.0873639  ])
37380   , -1468.94    , array([ 1.05325    ,  0.144358   ,  4.95094    ,  2.22848    ,  0.0873694  ])
37381   , -1468.94    , array([ 1.05355    ,  0.144348   ,  4.95054    ,  2.2287     ,  0.0873584  ])
37382   , -1429.98    , array([ 1.06852    ,  0.137908   ,  4.84306    ,  2.29745    ,  0.0807537  ])
37383   , -1468.94    , array([ 1.0534     ,  0.144353   ,  4.95074    ,  2.22859    ,  0.0873639  ])
37384   , -1429.98    , array([ 1.06852    ,  0.137908   ,  4.84306    ,  2.29745    ,  0.0807537  ])
37385   , -1378.51    , array([ 1.09299    ,  0.12748    ,  4.66882    ,  2.40889    ,  0.0700582  ])
37386   , -1733.02    , array([ 1.16885    ,  0.0951441  ,  4.12856    ,  2.75441    ,  0.0368943  ])
37387   , -1378.51    , array([ 1.09299    ,  0.12748    ,  4.66882    ,  2.40889    ,  0.0700582  ])
37388   , -1355.96    , array([ 1.12197    ,  0.115129   ,  4.46246    ,  2.54087    ,  0.0573907  ])
37389   , -1395.67    , array([ 1.13988    ,  0.107495   ,  4.33492    ,  2.62243    ,  0.0495618  ])
37390   , -1355.3     , array([ 1.11357    ,  0.118708   ,  4.52226    ,  2.50262    ,  0.0610616  ])
37391   , -1354.61    , array([ 1.11683    ,  0.117317   ,  4.49903    ,  2.51748    ,  0.0596354  ])
37392   , -1354.61    , array([ 1.11747    ,  0.117047   ,  4.49451    ,  2.52037    ,  0.0593581  ])
37393   , -1354.65    , array([ 1.11811    ,  0.116774   ,  4.48995    ,  2.52329    ,  0.0590781  ])
37394   , -1354.61    , array([ 1.11747    ,  0.117047   ,  4.49451    ,  2.52037    ,  0.0593581  ])
37395   , -11098.2    , array([ 1.11747    ,  0.117047   ,  4.49451    ,  2.52037    ,  1.05936    ])
37397   , -1354.61    , array([ 1.11747    ,  0.117047   ,  4.49451    ,  2.52037    ,  0.0593581  ])
37399   , -9069.76    , array([ 1.11747    ,  0.117047   ,  4.49451    ,  2.52037    ,  0.441324   ])
37400   , -6939.19    , array([ 1.11747    ,  0.117047   ,  4.49451    ,  2.52037    ,  0.250279   ])
37403   , -3825.76    , array([ 1.11747    ,  0.117047   ,  4.49451    ,  2.52037    ,  0.132283   ])
37404   , -7458.44    , array([ 1.11747    ,  0.117047   ,  4.49451    ,  2.52037    ,  0.0249163  ])
37405   , -1987.18    , array([ 1.11747    ,  0.117047   ,  4.49451    ,  2.52037    ,  0.0872131  ])
37406   , -6130.17    , array([ 1.11747    ,  0.117047   ,  4.49451    ,  2.52037    ,  0.0274954  ])
37407   , -1802.21    , array([ 1.11747    ,  0.117047   ,  4.49451    ,  2.52037    ,  0.0471876  ])
37408   , -1373.7     , array([ 1.11747    ,  0.117047   ,  4.49451    ,  2.52037    ,  0.0656457  ])
37409   , -1347.85    , array([ 1.11747    ,  0.117047   ,  4.49451    ,  2.52037    ,  0.061798   ])
37410   , -1347.62    , array([ 1.11747    ,  0.117047   ,  4.49451    ,  2.52037    ,  0.0614953  ])
37411   , -1347.61    , array([ 1.11747    ,  0.117047   ,  4.49451    ,  2.52037    ,  0.0614169  ])
37412   , -1347.61    , array([ 1.11747    ,  0.117047   ,  4.49451    ,  2.52037    ,  0.0613963  ])
37413   , -1347.61    , array([ 1.11747    ,  0.117047   ,  4.49451    ,  2.52037    ,  0.0613759  ])
37414   , -1347.61    , array([ 1.11747    ,  0.117047   ,  4.49451    ,  2.52037    ,  0.0613963  ])
37415   , -1368.24    , array([ 1.24212    ,  0.112641   ,  4.32894    ,  2.61099    ,  0.0568336  ])
37416   , -1378.92    , array([ 0.915767   ,  0.124175   ,  4.7624     ,  2.37374    ,  0.0687789  ])
37417   , -1347.61    , array([ 1.11747    ,  0.117047   ,  4.49451    ,  2.52037    ,  0.0613963  ])
37418   , -1347.1     , array([ 1.04042    ,  0.119769   ,  4.59684    ,  2.46436    ,  0.0642162  ])
37419   , -1353.43    , array([ 0.99281    ,  0.121452   ,  4.66008    ,  2.42975    ,  0.065959   ])
37420   , -1345.9     , array([ 1.076      ,  0.118512   ,  4.54958    ,  2.49022    ,  0.062914   ])
37421   , -1345.9     , array([ 1.07556    ,  0.118528   ,  4.55017    ,  2.4899     ,  0.0629303  ])
37422   , -1345.9     , array([ 1.07449    ,  0.118565   ,  4.55158    ,  2.48913    ,  0.0629692  ])
37423   , -1345.9     , array([ 1.07406    ,  0.118581   ,  4.55216    ,  2.48882    ,  0.0629849  ])
37424   , -1345.9     , array([ 1.07492    ,  0.11855    ,  4.55101    ,  2.48944    ,  0.0629534  ])
37425   , -1345.9     , array([ 1.07449    ,  0.118565   ,  4.55158    ,  2.48913    ,  0.0629692  ])
37426   , -1375.59    , array([ 1.07449    ,  0.118565   ,  5.55158    ,  2.48913    ,  0.0629692  ])
37427   , -1507.19    , array([ 1.07449    ,  0.118565   ,  2.93355    ,  2.48913    ,  0.0629692  ])
37428   , -1345.9     , array([ 1.07449    ,  0.118565   ,  4.55158    ,  2.48913    ,  0.0629692  ])
37429   , -1373.86    , array([ 1.07449    ,  0.118565   ,  3.93355    ,  2.48913    ,  0.0629692  ])
37430   , -1346.94    , array([ 1.07449    ,  0.118565   ,  4.93355    ,  2.48913    ,  0.0629692  ])
37431   , -1344.71    , array([ 1.07449    ,  0.118565   ,  4.7141     ,  2.48913    ,  0.0629692  ])
37432   , -1344.71    , array([ 1.07449    ,  0.118565   ,  4.71248    ,  2.48913    ,  0.0629692  ])
37433   , -1344.71    , array([ 1.07449    ,  0.118565   ,  4.71087    ,  2.48913    ,  0.0629692  ])
37434   , -1344.71    , array([ 1.07449    ,  0.118565   ,  4.71248    ,  2.48913    ,  0.0629692  ])
37435   , -1464.98    , array([ 1.07449    ,  0.118565   ,  4.71248    ,  3.48913    ,  0.0629692  ])
37436   , -1613.97    , array([ 1.07449    ,  0.118565   ,  4.71248    ,  0.871094   ,  0.0629692  ])
37437   , -1344.71    , array([ 1.07449    ,  0.118565   ,  4.71248    ,  2.48913    ,  0.0629692  ])
37438   , -1366.81    , array([ 1.07449    ,  0.118565   ,  4.71248    ,  1.87109    ,  0.0629692  ])
37439   , -1370.26    , array([ 1.07449    ,  0.118565   ,  4.71248    ,  2.87109    ,  0.0629692  ])
37440   , -1342.46    , array([ 1.07449    ,  0.118565   ,  4.71248    ,  2.35425    ,  0.0629692  ])
37441   , -1342.44    , array([ 1.07449    ,  0.118565   ,  4.71248    ,  2.34479    ,  0.0629692  ])
37442   , -1342.44    , array([ 1.07449    ,  0.118565   ,  4.71248    ,  2.34048    ,  0.0629692  ])
37443   , -1342.44    , array([ 1.07449    ,  0.118565   ,  4.71248    ,  2.34197    ,  0.0629692  ])
37444   , -1342.44    , array([ 1.07449    ,  0.118565   ,  4.71248    ,  2.339      ,  0.0629692  ])
37445   , -1342.44    , array([ 1.07449    ,  0.118565   ,  4.71248    ,  2.34048    ,  0.0629692  ])
37446   , -1722.09    , array([ 1.13856    ,  0.0912592  ,  4.25625    ,  2.63227    ,  0.0349634  ])
37447   , -1618.37    , array([ 0.970835   ,  0.162748   ,  5.45068    ,  1.86837    ,  0.108283   ])
37448   , -1342.44    , array([ 1.07449    ,  0.118565   ,  4.71248    ,  2.34048    ,  0.0629692  ])
37449   , -1426.09    , array([ 1.0349     ,  0.135442   ,  4.99445    ,  2.16015    ,  0.0802777  ])
37450   , -1336.68    , array([ 1.09896    ,  0.108135   ,  4.53821    ,  2.45193    ,  0.0522719  ])
37451   , -1330.6     , array([ 1.09074    ,  0.11164    ,  4.59676    ,  2.41449    ,  0.0558659  ])
37452   , -1330.63    , array([ 1.08869    ,  0.112515   ,  4.61139    ,  2.40513    ,  0.0567638  ])
37453   , -1330.55    , array([ 1.08983    ,  0.11203    ,  4.60329    ,  2.41031    ,  0.0562667  ])
37454   , -1330.55    , array([ 1.08998    ,  0.111965   ,  4.6022     ,  2.41101    ,  0.0561997  ])
37455   , -1330.55    , array([ 1.08967    ,  0.112096   ,  4.60438    ,  2.40962    ,  0.0563337  ])
37456   , -2605.03    , array([ 1.12625    ,  0.0797077  ,  4.25584    ,  2.59204    ,  0.0251695  ])
37457   , -1330.55    , array([ 1.08983    ,  0.11203    ,  4.60329    ,  2.41031    ,  0.0562667  ])
37458   , -12434.8    , array([ 1.08983    ,  0.11203    ,  4.60329    ,  2.41031    ,  1.05627    ])
37460   , -1330.55    , array([ 1.08983    ,  0.11203    ,  4.60329    ,  2.41031    ,  0.0562667  ])
37462   , -10264.2    , array([ 1.08983    ,  0.11203    ,  4.60329    ,  2.41031    ,  0.438233   ])
37463   , -7883.42    , array([ 1.08983    ,  0.11203    ,  4.60329    ,  2.41031    ,  0.247177   ])
37466   , -4315.02    , array([ 1.08983    ,  0.11203    ,  4.60329    ,  2.41031    ,  0.129188   ])
37467   , -8669.47    , array([ 1.08983    ,  0.11203    ,  4.60329    ,  2.41031    ,  0.0218248  ])
37468   , -2146.81    , array([ 1.08983    ,  0.11203    ,  4.60329    ,  2.41031    ,  0.0841202  ])
37469   , -1894.02    , array([ 1.08983    ,  0.11203    ,  4.60329    ,  2.41031    ,  0.0431111  ])
37470   , -1365.31    , array([ 1.08983    ,  0.11203    ,  4.60329    ,  2.41031    ,  0.0618635  ])
37471   , -1329.11    , array([ 1.08983    ,  0.11203    ,  4.60329    ,  2.41031    ,  0.0578776  ])
37472   , -1328.45    , array([ 1.08983    ,  0.11203    ,  4.60329    ,  2.41031    ,  0.0573232  ])
37473   , -1328.44    , array([ 1.08983    ,  0.11203    ,  4.60329    ,  2.41031    ,  0.0572987  ])
37474   , -1328.44    , array([ 1.08983    ,  0.11203    ,  4.60329    ,  2.41031    ,  0.0572884  ])
37475   , -1328.44    , array([ 1.08983    ,  0.11203    ,  4.60329    ,  2.41031    ,  0.0572782  ])
37476   , -1328.44    , array([ 1.08983    ,  0.11203    ,  4.60329    ,  2.41031    ,  0.0572884  ])
37477   , -1349.87    , array([ 1.21448    ,  0.107625   ,  4.43773    ,  2.50094    ,  0.0527257  ])
37478   , -1370.59    , array([ 0.888127   ,  0.119158   ,  4.87118    ,  2.26369    ,  0.064671   ])
37479   , -1328.44    , array([ 1.08983    ,  0.11203    ,  4.60329    ,  2.41031    ,  0.0572884  ])
37480   , -1330.26    , array([ 1.01278    ,  0.114753   ,  4.70562    ,  2.35431    ,  0.0601083  ])
37481   , -1333.45    , array([ 1.13744    ,  0.110348   ,  4.54005    ,  2.44493    ,  0.0555456  ])
37482   , -1327.56    , array([ 1.06272    ,  0.112988   ,  4.63929    ,  2.39061    ,  0.0582805  ])
37483   , -1327.56    , array([ 1.06179    ,  0.113021   ,  4.64053    ,  2.38993    ,  0.0583146  ])
37484   , -1327.56    , array([ 1.06081    ,  0.113056   ,  4.64183    ,  2.38922    ,  0.0583503  ])
37485   , -1327.56    , array([ 1.0611     ,  0.113045   ,  4.64144    ,  2.38943    ,  0.0583397  ])
37486   , -1327.56    , array([ 1.06052    ,  0.113066   ,  4.64221    ,  2.38901    ,  0.0583609  ])
37487   , -1327.56    , array([ 1.06081    ,  0.113056   ,  4.64183    ,  2.38922    ,  0.0583503  ])
37488   , -1354.92    , array([ 1.06081    ,  0.113056   ,  5.64183    ,  2.38922    ,  0.0583503  ])
37489   , -1469.15    , array([ 1.06081    ,  0.113056   ,  3.02379    ,  2.38922    ,  0.0583503  ])
37490   , -1327.56    , array([ 1.06081    ,  0.113056   ,  4.64183    ,  2.38922    ,  0.0583503  ])
37491   , -1351.92    , array([ 1.06081    ,  0.113056   ,  4.02379    ,  2.38922    ,  0.0583503  ])
37492   , -1328.8     , array([ 1.06081    ,  0.113056   ,  5.02379    ,  2.38922    ,  0.0583503  ])
37493   , -1326.62    , array([ 1.06081    ,  0.113056   ,  4.79475    ,  2.38922    ,  0.0583503  ])
37494   , -1326.62    , array([ 1.06081    ,  0.113056   ,  4.79304    ,  2.38922    ,  0.0583503  ])
37495   , -1326.62    , array([ 1.06081    ,  0.113056   ,  4.79153    ,  2.38922    ,  0.0583503  ])
37496   , -1326.62    , array([ 1.06081    ,  0.113056   ,  4.79003    ,  2.38922    ,  0.0583503  ])
37497   , -1326.62    , array([ 1.06081    ,  0.113056   ,  4.79153    ,  2.38922    ,  0.0583503  ])
37498   , -1424.86    , array([ 1.06081    ,  0.113056   ,  4.79153    ,  3.38922    ,  0.0583503  ])
37499   , -1591.99    , array([ 1.06081    ,  0.113056   ,  4.79153    ,  0.771189   ,  0.0583503  ])
37500   , -1326.62    , array([ 1.06081    ,  0.113056   ,  4.79153    ,  2.38922    ,  0.0583503  ])
37501   , -1354.57    , array([ 1.06081    ,  0.113056   ,  4.79153    ,  1.77119    ,  0.0583503  ])
37502   , -1345.32    , array([ 1.06081    ,  0.113056   ,  4.79153    ,  2.77119    ,  0.0583503  ])
37503   , -1326       , array([ 1.06081    ,  0.113056   ,  4.79153    ,  2.3203     ,  0.0583503  ])
37504   , -1325.99    , array([ 1.06081    ,  0.113056   ,  4.79153    ,  2.30418    ,  0.0583503  ])
37505   , -1325.99    , array([ 1.06081    ,  0.113056   ,  4.79153    ,  2.30656    ,  0.0583503  ])
37506   , -1325.99    , array([ 1.06081    ,  0.113056   ,  4.79153    ,  2.30739    ,  0.0583503  ])
37507   , -1325.99    , array([ 1.06081    ,  0.113056   ,  4.79153    ,  2.30573    ,  0.0583503  ])
37508   , -1325.99    , array([ 1.06081    ,  0.113056   ,  4.79153    ,  2.30656    ,  0.0583503  ])
37509   , -2008.22    , array([ 1.12488    ,  0.0857494  ,  4.3353     ,  2.59834    ,  0.0303445  ])
37510   , -1590.72    , array([ 0.957155   ,  0.157238   ,  5.52973    ,  1.83445    ,  0.103665   ])
37511   , -1325.99    , array([ 1.06081    ,  0.113056   ,  4.79153    ,  2.30656    ,  0.0583503  ])
37512   , -1403.64    , array([ 1.02122    ,  0.129932   ,  5.0735     ,  2.12623    ,  0.0756588  ])
37513   , -1345.61    , array([ 1.08528    ,  0.102626   ,  4.61727    ,  2.41801    ,  0.0476531  ])
37514   , -1323.65    , array([ 1.06375    ,  0.111803   ,  4.7706     ,  2.31995    ,  0.0570653  ])
37515   , -1321.97    , array([ 1.06765    ,  0.110143   ,  4.74287    ,  2.33768    ,  0.055363   ])
37516   , -1323.86    , array([ 1.07438    ,  0.107272   ,  4.69489    ,  2.36837    ,  0.0524181  ])
37517   , -1321.82    , array([ 1.06892    ,  0.109602   ,  4.73383    ,  2.34346    ,  0.0548084  ])
37518   , -1321.81    , array([ 1.06924    ,  0.109464   ,  4.73153    ,  2.34494    ,  0.054667   ])
37519   , -1321.81    , array([ 1.06916    ,  0.1095     ,  4.73213    ,  2.34455    ,  0.0547039  ])
37520   , -1321.81    , array([ 1.06907    ,  0.109536   ,  4.73272    ,  2.34417    ,  0.0547403  ])
37521   , -1316.04    , array([ 1.04848    ,  0.10697    ,  4.86097    ,  2.27879    ,  0.053141   ])
37522   , -1321.81    , array([ 1.06916    ,  0.1095     ,  4.73213    ,  2.34455    ,  0.0547039  ])
37523   , -1316.04    , array([ 1.04848    ,  0.10697    ,  4.86097    ,  2.27879    ,  0.053141   ])
37524   , -1312.65    , array([ 1.01504    ,  0.102876   ,  5.06943    ,  2.17238    ,  0.0506123  ])
37525   , -1312.65    , array([ 1.01632    ,  0.103034   ,  5.06142    ,  2.17647    ,  0.0507095  ])
37526   , -1321.4     , array([ 0.960921   ,  0.0962526  ,  5.40673    ,  2.00022    ,  0.0465208  ])
37527   , -1312.65    , array([ 1.01504    ,  0.102876   ,  5.06943    ,  2.17238    ,  0.0506123  ])
37528   , -1314.01    , array([ 0.994367   ,  0.100346   ,  5.19826    ,  2.10662    ,  0.0490495  ])
37529   , -1313.1     , array([ 1.02781    ,  0.10444    ,  4.9898     ,  2.21303    ,  0.0515782  ])
37530   , -1312.64    , array([ 1.01558    ,  0.102943   ,  5.06605    ,  2.17411    ,  0.0506532  ])
37531   , -1312.65    , array([ 1.01612    ,  0.103008   ,  5.06272    ,  2.17581    ,  0.0506937  ])
37532   , -1312.64    , array([ 1.01558    ,  0.102943   ,  5.06605    ,  2.17411    ,  0.0506532  ])
37533   , -15490.4    , array([ 1.01558    ,  0.102943   ,  5.06605    ,  2.17411    ,  1.05065    ])
37535   , -1312.64    , array([ 1.01558    ,  0.102943   ,  5.06605    ,  2.17411    ,  0.0506532  ])
37537   , -13003.5    , array([ 1.01558    ,  0.102943   ,  5.06605    ,  2.17411    ,  0.432619   ])
37538   , -10004.4    , array([ 1.01558    ,  0.102943   ,  5.06605    ,  2.17411    ,  0.241542   ])
37541   , -5386.28    , array([ 1.01558    ,  0.102943   ,  5.06605    ,  2.17411    ,  0.123566   ])
37542   , -12233.5    , array([ 1.01558    ,  0.102943   ,  5.06605    ,  2.17411    ,  0.0162114  ])
37543   , -2504.64    , array([ 1.01558    ,  0.102943   ,  5.06605    ,  2.17411    ,  0.0785035  ])
37544   , -2006.09    , array([ 1.01558    ,  0.102943   ,  5.06605    ,  2.17411    ,  0.0374976  ])
37545   , -1368.89    , array([ 1.01558    ,  0.102943   ,  5.06605    ,  2.17411    ,  0.0553907  ])
37546   , -1314.17    , array([ 1.01558    ,  0.102943   ,  5.06605    ,  2.17411    ,  0.0513774  ])
37547   , -1312.65    , array([ 1.01558    ,  0.102943   ,  5.06605    ,  2.17411    ,  0.0505823  ])
37548   , -1312.64    , array([ 1.01558    ,  0.102943   ,  5.06605    ,  2.17411    ,  0.0506306  ])
37549   , -1312.64    , array([ 1.01558    ,  0.102943   ,  5.06605    ,  2.17411    ,  0.0506303  ])
37550   , -1312.64    , array([ 1.01558    ,  0.102943   ,  5.06605    ,  2.17411    ,  0.0506301  ])
37551   , -1312.64    , array([ 1.01558    ,  0.102943   ,  5.06605    ,  2.17411    ,  0.0506303  ])
37552   , -1337.62    , array([ 1.14024    ,  0.0985374  ,  4.90049    ,  2.26473    ,  0.0460677  ])
37553   , -1383.15    , array([ 0.81388    ,  0.110071   ,  5.33395    ,  2.02748    ,  0.0580129  ])
37554   , -1312.64    , array([ 1.01558    ,  0.102943   ,  5.06605    ,  2.17411    ,  0.0506303  ])
37555   , -1319.9     , array([ 0.938537   ,  0.105665   ,  5.16838    ,  2.1181     ,  0.0534502  ])
37556   , -1317.15    , array([ 1.06319    ,  0.10126    ,  5.00281    ,  2.20872    ,  0.0488876  ])
37557   , -1312.53    , array([ 1.00817    ,  0.103205   ,  5.0759     ,  2.16872    ,  0.0509016  ])
37558   , -1312.52    , array([ 1.00634    ,  0.103269   ,  5.07832    ,  2.16739    ,  0.0509684  ])
37559   , -1312.52    , array([ 1.00654    ,  0.103262   ,  5.07806    ,  2.16753    ,  0.0509612  ])
37560   , -1312.52    , array([ 1.00663    ,  0.103259   ,  5.07794    ,  2.1676     ,  0.0509579  ])
37561   , -1312.52    , array([ 1.00645    ,  0.103265   ,  5.07818    ,  2.16747    ,  0.0509646  ])
37562   , -1312.52    , array([ 1.00654    ,  0.103262   ,  5.07806    ,  2.16753    ,  0.0509612  ])
37563   , -1345.81    , array([ 1.00654    ,  0.103262   ,  6.07806    ,  2.16753    ,  0.0509612  ])
37564   , -1403.61    , array([ 1.00654    ,  0.103262   ,  3.46003    ,  2.16753    ,  0.0509612  ])
37565   , -1312.52    , array([ 1.00654    ,  0.103262   ,  5.07806    ,  2.16753    ,  0.0509612  ])
37566   , -1324.39    , array([ 1.00654    ,  0.103262   ,  4.46003    ,  2.16753    ,  0.0509612  ])
37567   , -1317.95    , array([ 1.00654    ,  0.103262   ,  5.46003    ,  2.16753    ,  0.0509612  ])
37568   , -1312.5     , array([ 1.00654    ,  0.103262   ,  5.05646    ,  2.16753    ,  0.0509612  ])
37569   , -1312.5     , array([ 1.00654    ,  0.103262   ,  5.04997    ,  2.16753    ,  0.0509612  ])
37570   , -1312.5     , array([ 1.00654    ,  0.103262   ,  5.05031    ,  2.16753    ,  0.0509612  ])
37571   , -1312.5     , array([ 1.00654    ,  0.103262   ,  5.05059    ,  2.16753    ,  0.0509612  ])
37572   , -1312.5     , array([ 1.00654    ,  0.103262   ,  5.05031    ,  2.16753    ,  0.0509612  ])
37573   , -1372.41    , array([ 1.00654    ,  0.103262   ,  5.05031    ,  3.16753    ,  0.0509612  ])
37574   , -1578.09    , array([ 1.00654    ,  0.103262   ,  5.05031    ,  0.5495     ,  0.0509612  ])
37575   , -1312.5     , array([ 1.00654    ,  0.103262   ,  5.05031    ,  2.16753    ,  0.0509612  ])
37576   , -1351.87    , array([ 1.00654    ,  0.103262   ,  5.05031    ,  1.5495     ,  0.0509612  ])
37577   , -1319.05    , array([ 1.00654    ,  0.103262   ,  5.05031    ,  2.5495     ,  0.0509612  ])
37578   , -1312.05    , array([ 1.00654    ,  0.103262   ,  5.05031    ,  2.25242    ,  0.0509612  ])
37579   , -1312.05    , array([ 1.00654    ,  0.103262   ,  5.05031    ,  2.24456    ,  0.0509612  ])
37580   , -1312.05    , array([ 1.00654    ,  0.103262   ,  5.05031    ,  2.24357    ,  0.0509612  ])
37581   , -1312.05    , array([ 1.00654    ,  0.103262   ,  5.05031    ,  2.24281    ,  0.0509612  ])
37582   , -1312.05    , array([ 1.00654    ,  0.103262   ,  5.05031    ,  2.24357    ,  0.0509612  ])
37583   , -1319.16    , array([ 0.952962   ,  0.0967046  ,  5.38424    ,  2.07312    ,  0.0469106  ])
37584   , -1340.13    , array([ 1.09323    ,  0.113873   ,  4.51001    ,  2.51935    ,  0.0575153  ])
37585   , -1312.05    , array([ 1.00654    ,  0.103262   ,  5.05031    ,  2.24357    ,  0.0509612  ])
37586   , -1316.62    , array([ 1.03965    ,  0.107315   ,  4.84393    ,  2.34891    ,  0.0534647  ])
37587   , -1312.74    , array([ 0.986074   ,  0.100757   ,  5.17786    ,  2.17846    ,  0.049414   ])
37588   , -1311.98    , array([ 1.00161    ,  0.102658   ,  5.08105    ,  2.22787    ,  0.0505883  ])
37589   , -1311.98    , array([ 1.00177    ,  0.102679   ,  5.08002    ,  2.2284     ,  0.0506009  ])
37590   , -1311.98    , array([ 1.00182    ,  0.102685   ,  5.07972    ,  2.22855    ,  0.0506045  ])
37591   , -1311.98    , array([ 1.00187    ,  0.10269    ,  5.07943    ,  2.2287     ,  0.050608   ])
37592   , -1320.66    , array([ 0.934484   ,  0.0958689  ,  5.42732    ,  2.11255    ,  0.0465051  ])
37593   , -1311.98    , array([ 1.00182    ,  0.102685   ,  5.07972    ,  2.22855    ,  0.0506045  ])
37594   , -15049.5    , array([ 1.00182    ,  0.102685   ,  5.07972    ,  2.22855    ,  1.0506     ])
37596   , -1311.98    , array([ 1.00182    ,  0.102685   ,  5.07972    ,  2.22855    ,  0.0506045  ])
37598   , -12643.6    , array([ 1.00182    ,  0.102685   ,  5.07972    ,  2.22855    ,  0.43257    ])
37599   , -9761.63    , array([ 1.00182    ,  0.102685   ,  5.07972    ,  2.22855    ,  0.241496   ])
37602   , -5286.43    , array([ 1.00182    ,  0.102685   ,  5.07972    ,  2.22855    ,  0.123518   ])
37603   , -12253.4    , array([ 1.00182    ,  0.102685   ,  5.07972    ,  2.22855    ,  0.0161626  ])
37604   , -2471.84    , array([ 1.00182    ,  0.102685   ,  5.07972    ,  2.22855    ,  0.0784551  ])
37605   , -2013.07    , array([ 1.00182    ,  0.102685   ,  5.07972    ,  2.22855    ,  0.0374489  ])
37606   , -1368.21    , array([ 1.00182    ,  0.102685   ,  5.07972    ,  2.22855    ,  0.0555359  ])
37607   , -1313.43    , array([ 1.00182    ,  0.102685   ,  5.07972    ,  2.22855    ,  0.0514762  ])
37608   , -1311.94    , array([ 1.00182    ,  0.102685   ,  5.07972    ,  2.22855    ,  0.0506919  ])
37609   , -1311.93    , array([ 1.00182    ,  0.102685   ,  5.07972    ,  2.22855    ,  0.0507311  ])
37610   , -1311.93    , array([ 1.00182    ,  0.102685   ,  5.07972    ,  2.22855    ,  0.0507295  ])
37611   , -1311.93    , array([ 1.00182    ,  0.102685   ,  5.07972    ,  2.22855    ,  0.0507283  ])
37612   , -1311.93    , array([ 1.00182    ,  0.102685   ,  5.07972    ,  2.22855    ,  0.0507295  ])
37613   , -1334.52    , array([ 1.12648    ,  0.0982793  ,  4.91416    ,  2.31917    ,  0.0461668  ])
37614   , -1391.37    , array([ 0.800121   ,  0.109813   ,  5.34761    ,  2.08192    ,  0.0581121  ])
37615   , -1311.93    , array([ 1.00182    ,  0.102685   ,  5.07972    ,  2.22855    ,  0.0507295  ])
37616   , -1321.41    , array([ 0.924778   ,  0.105407   ,  5.18205    ,  2.17255    ,  0.0535494  ])
37617   , -1315.43    , array([ 1.04943    ,  0.101002   ,  5.01648    ,  2.26317    ,  0.0489867  ])
37618   , -1311.94    , array([ 1.00234    ,  0.102666   ,  5.07903    ,  2.22893    ,  0.0507105  ])
37619   , -1311.93    , array([ 1.00066    ,  0.102725   ,  5.08126    ,  2.22771    ,  0.0507718  ])
37620   , -1311.93    , array([ 1.00071    ,  0.102724   ,  5.08119    ,  2.22775    ,  0.0507701  ])
37621   , -1311.93    , array([ 1.00072    ,  0.102723   ,  5.08118    ,  2.22776    ,  0.0507697  ])
37622   , -1311.93    , array([ 1.0007     ,  0.102724   ,  5.08121    ,  2.22774    ,  0.0507705  ])
37623   , -1311.93    , array([ 1.00071    ,  0.102724   ,  5.08119    ,  2.22775    ,  0.0507701  ])
37624   , -1345.39    , array([ 1.00071    ,  0.102724   ,  6.08119    ,  2.22775    ,  0.0507701  ])
37625   , -1401.55    , array([ 1.00071    ,  0.102724   ,  3.46316    ,  2.22775    ,  0.0507701  ])
37626   , -1311.93    , array([ 1.00071    ,  0.102724   ,  5.08119    ,  2.22775    ,  0.0507701  ])
37627   , -1323.44    , array([ 1.00071    ,  0.102724   ,  4.46316    ,  2.22775    ,  0.0507701  ])
37628   , -1317.48    , array([ 1.00071    ,  0.102724   ,  5.46316    ,  2.22775    ,  0.0507701  ])
37629   , -1311.9     , array([ 1.00071    ,  0.102724   ,  5.05299    ,  2.22775    ,  0.0507701  ])
37630   , -1311.89    , array([ 1.00071    ,  0.102724   ,  5.04638    ,  2.22775    ,  0.0507701  ])
37631   , -1311.89    , array([ 1.00071    ,  0.102724   ,  5.04679    ,  2.22775    ,  0.0507701  ])
37632   , -1311.89    , array([ 1.00071    ,  0.102724   ,  5.04714    ,  2.22775    ,  0.0507701  ])
37633   , -1311.89    , array([ 1.00071    ,  0.102724   ,  5.04679    ,  2.22775    ,  0.0507701  ])
37634   , -1374.62    , array([ 1.00071    ,  0.102724   ,  5.04679    ,  3.22775    ,  0.0507701  ])
37635   , -1565.78    , array([ 1.00071    ,  0.102724   ,  5.04679    ,  0.609713   ,  0.0507701  ])
37636   , -1311.89    , array([ 1.00071    ,  0.102724   ,  5.04679    ,  2.22775    ,  0.0507701  ])
37637   , -1348.12    , array([ 1.00071    ,  0.102724   ,  5.04679    ,  1.60971    ,  0.0507701  ])
37638   , -1319.81    , array([ 1.00071    ,  0.102724   ,  5.04679    ,  2.60971    ,  0.0507701  ])
37639   , -1311.71    , array([ 1.00071    ,  0.102724   ,  5.04679    ,  2.28818    ,  0.0507701  ])
37640   , -1311.7     , array([ 1.00071    ,  0.102724   ,  5.04679    ,  2.27896    ,  0.0507701  ])
37641   , -1311.7     , array([ 1.00071    ,  0.102724   ,  5.04679    ,  2.27831    ,  0.0507701  ])
37642   , -1311.7     , array([ 1.00071    ,  0.102724   ,  5.04679    ,  2.27781    ,  0.0507701  ])
37643   , -1311.7     , array([ 1.00071    ,  0.102724   ,  5.04679    ,  2.27831    ,  0.0507701  ])
37644   , -1319.5     , array([ 0.947135   ,  0.0961662  ,  5.38072    ,  2.10787    ,  0.0467195  ])
37645   , -1339.06    , array([ 1.0874     ,  0.113334   ,  4.50649    ,  2.5541     ,  0.0573241  ])
37646   , -1311.7     , array([ 1.00071    ,  0.102724   ,  5.04679    ,  2.27831    ,  0.0507701  ])
37647   , -1315.93    , array([ 1.03382    ,  0.106777   ,  4.84042    ,  2.38365    ,  0.0532735  ])
37648   , -1312.64    , array([ 0.980247   ,  0.100219   ,  5.17434    ,  2.21321    ,  0.0492229  ])
37649   , -1311.67    , array([ 0.997561   ,  0.102338   ,  5.06643    ,  2.26829    ,  0.0505319  ])
37650   , -1311.67    , array([ 0.997771   ,  0.102364   ,  5.06512    ,  2.26896    ,  0.0505478  ])
37651   , -1311.67    , array([ 0.997801   ,  0.102367   ,  5.06494    ,  2.26905    ,  0.05055    ])
37652   , -1311.67    , array([ 0.99783    ,  0.102371   ,  5.06476    ,  2.26914    ,  0.0505522  ])
37653   , -1311.46    , array([ 0.993781   ,  0.10205    ,  5.05015    ,  2.30955    ,  0.0504956  ])
37654   , -1311.67    , array([ 0.997801   ,  0.102367   ,  5.06494    ,  2.26905    ,  0.05055    ])
37655   , -1311.46    , array([ 0.993781   ,  0.10205    ,  5.05015    ,  2.30955    ,  0.0504956  ])
37656   , -1311.34    , array([ 0.987278   ,  0.101537   ,  5.02623    ,  2.37507    ,  0.0504075  ])
37657   , -1311.34    , array([ 0.987522   ,  0.101556   ,  5.02713    ,  2.37262    ,  0.0504108  ])
37658   , -1311.34    , array([ 0.987522   ,  0.101556   ,  5.02713    ,  2.37262    ,  0.0504108  ])
37659   , -1311.36    , array([ 0.989913   ,  0.101745   ,  5.03592    ,  2.34853    ,  0.0504432  ])
37660   , -1311.35    , array([ 0.988435   ,  0.101629   ,  5.03048    ,  2.36342    ,  0.0504232  ])
37661   , -1311.34    , array([ 0.987419   ,  0.101548   ,  5.02675    ,  2.37365    ,  0.0504094  ])
37662   , -1311.34    , array([ 0.987625   ,  0.101565   ,  5.0275     ,  2.37158    ,  0.0504122  ])
37663   , -1311.34    , array([ 0.987522   ,  0.101556   ,  5.02713    ,  2.37262    ,  0.0504108  ])
37664   , -14159.8    , array([ 0.987522   ,  0.101556   ,  5.02713    ,  2.37262    ,  1.05041    ])
37666   , -1311.34    , array([ 0.987522   ,  0.101556   ,  5.02713    ,  2.37262    ,  0.0504108  ])
37668   , -11938.2    , array([ 0.987522   ,  0.101556   ,  5.02713    ,  2.37262    ,  0.432377   ])
37669   , -9318.17    , array([ 0.987522   ,  0.101556   ,  5.02713    ,  2.37262    ,  0.241308   ])
37672   , -5145.12    , array([ 0.987522   ,  0.101556   ,  5.02713    ,  2.37262    ,  0.123327   ])
37673   , -12292.5    , array([ 0.987522   ,  0.101556   ,  5.02713    ,  2.37262    ,  0.0159689  ])
37674   , -2442.49    , array([ 0.987522   ,  0.101556   ,  5.02713    ,  2.37262    ,  0.0782623  ])
37675   , -2005.76    , array([ 0.987522   ,  0.101556   ,  5.02713    ,  2.37262    ,  0.0372552  ])
37676   , -1368.23    , array([ 0.987522   ,  0.101556   ,  5.02713    ,  2.37262    ,  0.0554207  ])
37677   , -1312.86    , array([ 0.987522   ,  0.101556   ,  5.02713    ,  2.37262    ,  0.0513077  ])
37678   , -1311.3     , array([ 0.987522   ,  0.101556   ,  5.02713    ,  2.37262    ,  0.050499   ])
37679   , -1311.3     , array([ 0.987522   ,  0.101556   ,  5.02713    ,  2.37262    ,  0.0505407  ])
37680   , -1311.3     , array([ 0.987522   ,  0.101556   ,  5.02713    ,  2.37262    ,  0.0505391  ])
37681   , -1311.3     , array([ 0.987522   ,  0.101556   ,  5.02713    ,  2.37262    ,  0.0505378  ])
37682   , -1311.3     , array([ 0.987522   ,  0.101556   ,  5.02713    ,  2.37262    ,  0.0505391  ])
37683   , -1330.49    , array([ 1.11218    ,  0.0971512  ,  4.86156    ,  2.46324    ,  0.0459764  ])
37684   , -1402.19    , array([ 0.785823   ,  0.108684   ,  5.29502    ,  2.22599    ,  0.0579217  ])
37685   , -1311.3     , array([ 0.987522   ,  0.101556   ,  5.02713    ,  2.37262    ,  0.0505391  ])
37686   , -1323.74    , array([ 0.91048    ,  0.104279   ,  5.12945    ,  2.31661    ,  0.053359   ])
37687   , -1313.38    , array([ 1.03514    ,  0.0998738  ,  4.96388    ,  2.40723    ,  0.0487963  ])
37688   , -1311.17    , array([ 0.998051   ,  0.101184   ,  5.01314    ,  2.38027    ,  0.0501537  ])
37689   , -1311.17    , array([ 0.996862   ,  0.101226   ,  5.01472    ,  2.37941    ,  0.0501972  ])
37690   , -1311.17    , array([ 0.996746   ,  0.101231   ,  5.01487    ,  2.37932    ,  0.0502014  ])
37691   , -1311.17    , array([ 0.996654   ,  0.101234   ,  5.015      ,  2.37926    ,  0.0502048  ])
37692   , -1311.17    , array([ 0.996746   ,  0.101231   ,  5.01487    ,  2.37932    ,  0.0502014  ])
37693   , -1342.29    , array([ 0.996746   ,  0.101231   ,  6.01487    ,  2.37932    ,  0.0502014  ])
37694   , -1402.48    , array([ 0.996746   ,  0.101231   ,  3.39684    ,  2.37932    ,  0.0502014  ])
37695   , -1311.17    , array([ 0.996746   ,  0.101231   ,  5.01487    ,  2.37932    ,  0.0502014  ])
37696   , -1323.64    , array([ 0.996746   ,  0.101231   ,  4.39684    ,  2.37932    ,  0.0502014  ])
37697   , -1315.93    , array([ 0.996746   ,  0.101231   ,  5.39684    ,  2.37932    ,  0.0502014  ])
37698   , -1311.17    , array([ 0.996746   ,  0.101231   ,  5.01497    ,  2.37932    ,  0.0502014  ])
37699   , -1311.17    , array([ 0.996746   ,  0.101231   ,  5.00894    ,  2.37932    ,  0.0502014  ])
37700   , -1312.95    , array([ 0.996746   ,  0.101231   ,  4.77514    ,  2.37932    ,  0.0502014  ])
37701   , -1311.17    , array([ 0.996746   ,  0.101231   ,  5.00905    ,  2.37932    ,  0.0502014  ])
37702   , -1311.17    , array([ 0.996746   ,  0.101231   ,  5.00911    ,  2.37932    ,  0.0502014  ])
37703   , -1311.17    , array([ 0.996746   ,  0.101231   ,  5.00905    ,  2.37932    ,  0.0502014  ])
37704   , -1319.96    , array([ 0.94317    ,  0.0946729  ,  5.34297    ,  2.20888    ,  0.0461508  ])
37705   , -1337.9     , array([ 1.08343    ,  0.111841   ,  4.46875    ,  2.65511    ,  0.0567555  ])
37706   , -1311.17    , array([ 0.996746   ,  0.101231   ,  5.00905    ,  2.37932    ,  0.0502014  ])
37707   , -1315.01    , array([ 1.02986    ,  0.105283   ,  4.80267    ,  2.48466    ,  0.0527049  ])
37708   , -1312.43    , array([ 0.976282   ,  0.0987257  ,  5.1366     ,  2.31422    ,  0.0486542  ])
37709   , -1311.16    , array([ 0.99584    ,  0.10112    ,  5.0147     ,  2.37644    ,  0.0501329  ])
37710   , -1311.16    , array([ 0.9961     ,  0.101151   ,  5.01308    ,  2.37727    ,  0.0501525  ])
37711   , -1311.16    , array([ 0.996106   ,  0.101152   ,  5.01304    ,  2.37729    ,  0.050153   ])
37712   , -1311.16    , array([ 0.996093   ,  0.101151   ,  5.01312    ,  2.37725    ,  0.0501521  ])
37713   , -1311.16    , array([ 0.9961     ,  0.101151   ,  5.01308    ,  2.37727    ,  0.0501525  ])
37714   , -1311.29    , array([ 0.985821   ,  0.10034    ,  4.97527    ,  2.48083    ,  0.0500133  ])
37715   , -1312.33    , array([ 1.01273    ,  0.102464   ,  5.07426    ,  2.20969    ,  0.0503778  ])
37716   , -1311.16    , array([ 0.9961     ,  0.101151   ,  5.01308    ,  2.37727    ,  0.0501525  ])
37717   , -1311.41    , array([ 1.00245    ,  0.101653   ,  5.03645    ,  2.31326    ,  0.0502386  ])
37718   , -1311.13    , array([ 0.992174   ,  0.100842   ,  4.99864    ,  2.41682    ,  0.0500994  ])
37719   , -1311.13    , array([ 0.99291    ,  0.1009     ,  5.00134    ,  2.40941    ,  0.0501093  ])
37720   , -1311.13    , array([ 0.992941   ,  0.100902   ,  5.00146    ,  2.40909    ,  0.0501098  ])
37721   , -1311.13    , array([ 0.992878   ,  0.100897   ,  5.00123    ,  2.40973    ,  0.0501089  ])
37722   , -1311.34    , array([ 0.988019   ,  0.0994318  ,  4.93775    ,  2.54977    ,  0.0496686  ])
37723   , -1311.13    , array([ 0.99291    ,  0.1009     ,  5.00134    ,  2.40941    ,  0.0501093  ])
37724   , -14086.2    , array([ 0.99291    ,  0.1009     ,  5.00134    ,  2.40941    ,  1.05011    ])
37726   , -1311.13    , array([ 0.99291    ,  0.1009     ,  5.00134    ,  2.40941    ,  0.0501093  ])
37728   , -11886.9    , array([ 0.99291    ,  0.1009     ,  5.00134    ,  2.40941    ,  0.432075   ])
37729   , -9302.56    , array([ 0.99291    ,  0.1009     ,  5.00134    ,  2.40941    ,  0.241007   ])
37732   , -5161.6     , array([ 0.99291    ,  0.1009     ,  5.00134    ,  2.40941    ,  0.123026   ])
37733   , -12541      , array([ 0.99291    ,  0.1009     ,  5.00134    ,  2.40941    ,  0.0156675  ])
37734   , -2453.11    , array([ 0.99291    ,  0.1009     ,  5.00134    ,  2.40941    ,  0.0779609  ])
37735   , -2013.56    , array([ 0.99291    ,  0.1009     ,  5.00134    ,  2.40941    ,  0.0369537  ])
37736   , -1369.43    , array([ 0.99291    ,  0.1009     ,  5.00134    ,  2.40941    ,  0.0551291  ])
37737   , -1312.73    , array([ 0.99291    ,  0.1009     ,  5.00134    ,  2.40941    ,  0.0509958  ])
37738   , -1311.11    , array([ 0.99291    ,  0.1009     ,  5.00134    ,  2.40941    ,  0.0501718  ])
37739   , -1311.1     , array([ 0.99291    ,  0.1009     ,  5.00134    ,  2.40941    ,  0.0502165  ])
37740   , -1311.1     , array([ 0.99291    ,  0.1009     ,  5.00134    ,  2.40941    ,  0.050215   ])
37741   , -1311.1     , array([ 0.99291    ,  0.1009     ,  5.00134    ,  2.40941    ,  0.0502139  ])
37742   , -1311.1     , array([ 0.99291    ,  0.1009     ,  5.00134    ,  2.40941    ,  0.050215   ])
37743   , -1331.32    , array([ 1.11757    ,  0.0964944  ,  4.83578    ,  2.50003    ,  0.0456523  ])
37744   , -1397.51    , array([ 0.791211   ,  0.108028   ,  5.26924    ,  2.26278    ,  0.0575976  ])
37745   , -1311.1     , array([ 0.99291    ,  0.1009     ,  5.00134    ,  2.40941    ,  0.050215   ])
37746   , -1322.46    , array([ 0.915867   ,  0.103622   ,  5.10367    ,  2.3534     ,  0.0530349  ])
37747   , -1313.64    , array([ 1.04052    ,  0.099217   ,  4.9381     ,  2.44402    ,  0.0484722  ])
37748   , -1311.05    , array([ 1.00016    ,  0.100644   ,  4.99172    ,  2.41468    ,  0.0499497  ])
37749   , -1311.05    , array([ 0.998779   ,  0.100692   ,  4.99355    ,  2.41368    ,  0.0500001  ])
37750   , -1311.05    , array([ 0.998712   ,  0.100695   ,  4.99364    ,  2.41363    ,  0.0500026  ])
37751   , -1311.05    , array([ 0.998654   ,  0.100697   ,  4.99371    ,  2.41359    ,  0.0500047  ])
37752   , -1311.05    , array([ 0.998712   ,  0.100695   ,  4.99364    ,  2.41363    ,  0.0500026  ])
37753   , -1341.18    , array([ 0.998712   ,  0.100695   ,  5.99364    ,  2.41363    ,  0.0500026  ])
37754   , -1403.28    , array([ 0.998712   ,  0.100695   ,  3.3756     ,  2.41363    ,  0.0500026  ])
37755   , -1311.05    , array([ 0.998712   ,  0.100695   ,  4.99364    ,  2.41363    ,  0.0500026  ])
37756   , -1323.99    , array([ 0.998712   ,  0.100695   ,  4.3756     ,  2.41363    ,  0.0500026  ])
37757   , -1315.47    , array([ 0.998712   ,  0.100695   ,  5.3756     ,  2.41363    ,  0.0500026  ])
37758   , -1311.05    , array([ 0.998712   ,  0.100695   ,  5.00666    ,  2.41363    ,  0.0500026  ])
37759   , -1311.05    , array([ 0.998712   ,  0.100695   ,  5.00092    ,  2.41363    ,  0.0500026  ])
37760   , -1311.05    , array([ 0.998712   ,  0.100695   ,  5.00085    ,  2.41363    ,  0.0500026  ])
37761   , -1311.05    , array([ 0.998712   ,  0.100695   ,  5.001      ,  2.41363    ,  0.0500026  ])
37762   , -1311.05    , array([ 0.998712   ,  0.100695   ,  5.00092    ,  2.41363    ,  0.0500026  ])
37763   , -1320.09    , array([ 0.945136   ,  0.094137   ,  5.33485    ,  2.24318    ,  0.045952   ])
37764   , -1337.65    , array([ 1.0854     ,  0.111305   ,  4.46062    ,  2.68941    ,  0.0565566  ])
37765   , -1311.05    , array([ 0.998712   ,  0.100695   ,  5.00092    ,  2.41363    ,  0.0500026  ])
37766   , -1314.8     , array([ 1.03182    ,  0.104747   ,  4.79455    ,  2.51897    ,  0.052506   ])
37767   , -1312.4     , array([ 0.978248   ,  0.0981898  ,  5.12847    ,  2.34852    ,  0.0484554  ])
37768   , -1311.05    , array([ 0.998341   ,  0.100649   ,  5.00324    ,  2.41245    ,  0.0499745  ])
37769   , -1311.05    , array([ 0.998612   ,  0.100682   ,  5.00155    ,  2.41331    ,  0.049995   ])
37770   , -1311.05    , array([ 0.99861    ,  0.100682   ,  5.00156    ,  2.4133     ,  0.0499949  ])
37771   , -1311.05    , array([ 0.998609   ,  0.100682   ,  5.00156    ,  2.4133     ,  0.0499948  ])
37772   , -1311.05    , array([ 0.99861    ,  0.100682   ,  5.00156    ,  2.4133     ,  0.0499949  ])
37773   , -1311.21    , array([ 0.988332   ,  0.0998712  ,  4.96374    ,  2.51687    ,  0.0498557  ])
37774   , -1312.13    , array([ 1.01524    ,  0.101994   ,  5.06274    ,  2.24573    ,  0.0502202  ])
37775   , -1311.05    , array([ 0.99861    ,  0.100682   ,  5.00156    ,  2.4133     ,  0.0499949  ])
37776   , -1311.27    , array([ 1.00496    ,  0.101183   ,  5.02493    ,  2.3493     ,  0.050081   ])
37777   , -1311.04    , array([ 0.994684   ,  0.100372   ,  4.98711    ,  2.45286    ,  0.0499417  ])
37778   , -1311.03    , array([ 0.996071   ,  0.100482   ,  4.99222    ,  2.43889    ,  0.0499605  ])
37779   , -1311.03    , array([ 0.996097   ,  0.100484   ,  4.99231    ,  2.43863    ,  0.0499609  ])
37780   , -1311.03    , array([ 0.996046   ,  0.10048    ,  4.99212    ,  2.43915    ,  0.0499602  ])
