22486   , -2336.79    , array([ 0.824152   ,  0.105484   ,  1.06948e-13,  5.97906e-08])
22487   , -2336.79    , array([ 0.824977   ,  0.105484   ,  1.06948e-13,  5.97906e-08])
22488   , -2336.79    , array([ 0.824152   ,  0.10559    ,  1.06948e-13,  5.97906e-08])
22489   , -2336.79    , array([ 0.824152   ,  0.105484   ,  1.07055e-13,  5.97906e-08])
22490   , -2336.79    , array([ 0.824152   ,  0.105484   ,  1.06948e-13,  5.98504e-08])
22491   , -2336.79    , array([ 0.824152   ,  0.105484   ,  1.06948e-13,  5.97906e-08])
22492   , -2336.79    , array([ 0.824152   ,  0.104343   ,  1.06948e-13,  6.03761e-08])
22493   , -2336.79    , array([ 0.824152   ,  0.104343   ,  1.06948e-13,  6.03761e-08])
22494   , -2336.79    , array([ 0.824977   ,  0.104343   ,  1.06948e-13,  6.03761e-08])
22495   , -2336.79    , array([ 0.824152   ,  0.104447   ,  1.06948e-13,  6.03761e-08])
22496   , -2336.79    , array([ 0.824152   ,  0.104343   ,  1.07055e-13,  6.03761e-08])
22497   , -2336.79    , array([ 0.824152   ,  0.104343   ,  1.06948e-13,  6.04366e-08])
22498   , -2336.79    , array([ 0.824152   ,  0.099897   ,  1.06948e-13,  6.27764e-08])
22499   , -2336.79    , array([ 0.824152   ,  0.099897   ,  1.06948e-13,  6.27764e-08])
22500   , -2336.79    , array([ 0.824977   ,  0.099897   ,  1.06948e-13,  6.27764e-08])
22501   , -2336.79    , array([ 0.824152   ,  0.099997   ,  1.06948e-13,  6.27764e-08])
22502   , -2336.79    , array([ 0.824152   ,  0.099897   ,  1.07055e-13,  6.27764e-08])
22503   , -2336.79    , array([ 0.824152   ,  0.099897   ,  1.06948e-13,  6.28392e-08])
22504   , -2336.79    , array([ 0.824152   ,  0.08393    ,  1.06948e-13,  7.33704e-08])
22505   , -2336.79    , array([ 0.824152   ,  0.08393    ,  1.06948e-13,  7.33704e-08])
22506   , -2336.79    , array([ 0.824976   ,  0.08393    ,  1.06948e-13,  7.33704e-08])
22507   , -2336.79    , array([ 0.824152   ,  0.084014   ,  1.06948e-13,  7.33704e-08])
22508   , -2336.79    , array([ 0.824152   ,  0.08393    ,  1.07055e-13,  7.33704e-08])
22509   , -2336.79    , array([ 0.824152   ,  0.08393    ,  1.06948e-13,  7.34438e-08])
22510   , -2336.74    , array([ 0.82415    ,  0.0418192  ,  1.06948e-13,  1.36905e-07])
22511   , -2336.74    , array([ 0.82415    ,  0.0418192  ,  1.06948e-13,  1.36905e-07])
22512   , -2336.74    , array([ 0.824974   ,  0.0418192  ,  1.06948e-13,  1.36905e-07])
22513   , -2336.74    , array([ 0.82415    ,  0.041861   ,  1.06948e-13,  1.36905e-07])
22514   , -2336.74    , array([ 0.82415    ,  0.0418192  ,  1.07055e-13,  1.36905e-07])
22515   , -2336.74    , array([ 0.82415    ,  0.0418192  ,  1.06948e-13,  1.37042e-07])
22516   , -2324.59    , array([ 0.824141   ,  0.00257757 ,  1.06947e-13,  1.65962e-06])
22517   , -2324.59    , array([ 0.824141   ,  0.00257757 ,  1.06947e-13,  1.65962e-06])
22518   , -2324.59    , array([ 0.824966   ,  0.00257757 ,  1.06947e-13,  1.65962e-06])
22519   , -2324.6     , array([ 0.824141   ,  0.00258014 ,  1.06947e-13,  1.65962e-06])
22520   , -2324.59    , array([ 0.824141   ,  0.00257757 ,  1.07054e-13,  1.65962e-06])
22521   , -2324.57    , array([ 0.824141   ,  0.00257757 ,  1.06947e-13,  1.66128e-06])
22528   , -2324.59    , array([ 0.824141   ,  0.00257755 ,  1.06947e-13,  1.65963e-06])
22529   , -2324.59    , array([ 0.824141   ,  0.00257755 ,  1.06947e-13,  1.65963e-06])
22530   , -2324.59    , array([ 0.824966   ,  0.00257755 ,  1.06947e-13,  1.65963e-06])
22531   , -2324.6     , array([ 0.824141   ,  0.00258013 ,  1.06947e-13,  1.65963e-06])
22532   , -2324.59    , array([ 0.824141   ,  0.00257755 ,  1.07054e-13,  1.65963e-06])
22533   , -2324.57    , array([ 0.824141   ,  0.00257755 ,  1.06947e-13,  1.66129e-06])
22534   , -2324.59    , array([ 0.824141   ,  0.00257754 ,  1.06947e-13,  1.65963e-06])
22535   , -2324.59    , array([ 0.824141   ,  0.00257754 ,  1.06947e-13,  1.65963e-06])
22536   , -2324.59    , array([ 0.824966   ,  0.00257754 ,  1.06947e-13,  1.65963e-06])
22537   , -2324.6     , array([ 0.824141   ,  0.00258012 ,  1.06947e-13,  1.65963e-06])
22538   , -2324.59    , array([ 0.824141   ,  0.00257754 ,  1.07054e-13,  1.65963e-06])
22539   , -2324.57    , array([ 0.824141   ,  0.00257754 ,  1.06947e-13,  1.66129e-06])
22546   , -2324.59    , array([ 0.824141   ,  0.00257754 ,  1.06947e-13,  1.65964e-06])
22547   , -2324.59    , array([ 0.824141   ,  0.00257754 ,  1.06947e-13,  1.65964e-06])
22548   , -2324.59    , array([ 0.824966   ,  0.00257754 ,  1.06947e-13,  1.65964e-06])
22549   , -2324.6     , array([ 0.824141   ,  0.00258012 ,  1.06947e-13,  1.65964e-06])
22550   , -2324.59    , array([ 0.824141   ,  0.00257754 ,  1.07054e-13,  1.65964e-06])
22551   , -2324.57    , array([ 0.824141   ,  0.00257754 ,  1.06947e-13,  1.6613e-06 ])
22552   , -2324.59    , array([ 0.824141   ,  0.00257753 ,  1.06947e-13,  1.65964e-06])
22553   , -2324.59    , array([ 0.824141   ,  0.00257753 ,  1.06947e-13,  1.65964e-06])
22554   , -2324.59    , array([ 0.824966   ,  0.00257753 ,  1.06947e-13,  1.65964e-06])
22555   , -2324.6     , array([ 0.824141   ,  0.00258011 ,  1.06947e-13,  1.65964e-06])
22556   , -2324.59    , array([ 0.824141   ,  0.00257753 ,  1.07054e-13,  1.65964e-06])
22557   , -2324.57    , array([ 0.824141   ,  0.00257753 ,  1.06947e-13,  1.6613e-06 ])
22564   , -2324.59    , array([ 0.824141   ,  0.00257753 ,  1.06947e-13,  1.65964e-06])
22565   , -2324.59    , array([ 0.824141   ,  0.00257753 ,  1.06947e-13,  1.65964e-06])
22566   , -2324.59    , array([ 0.824966   ,  0.00257753 ,  1.06947e-13,  1.65964e-06])
22567   , -2324.6     , array([ 0.824141   ,  0.00258011 ,  1.06947e-13,  1.65964e-06])
22568   , -2324.59    , array([ 0.824141   ,  0.00257753 ,  1.07054e-13,  1.65964e-06])
22569   , -2324.57    , array([ 0.824141   ,  0.00257753 ,  1.06947e-13,  1.6613e-06 ])
22570   , -2324.59    , array([ 0.824141   ,  0.00257753 ,  1.06947e-13,  1.65964e-06])
22571   , -2324.59    , array([ 0.824141   ,  0.00257753 ,  1.06947e-13,  1.65964e-06])
22572   , -2324.59    , array([ 0.824966   ,  0.00257753 ,  1.06947e-13,  1.65964e-06])
22573   , -2324.6     , array([ 0.824141   ,  0.00258011 ,  1.06947e-13,  1.65964e-06])
22574   , -2324.59    , array([ 0.824141   ,  0.00257753 ,  1.07054e-13,  1.65964e-06])
22575   , -2324.57    , array([ 0.824141   ,  0.00257753 ,  1.06947e-13,  1.6613e-06 ])
22582   , -2324.59    , array([ 0.824141   ,  0.00257753 ,  1.06947e-13,  1.65964e-06])
22583   , -2324.59    , array([ 0.824141   ,  0.00257753 ,  1.06947e-13,  1.65964e-06])
22584   , -2324.59    , array([ 0.824966   ,  0.00257753 ,  1.06947e-13,  1.65964e-06])
22585   , -2324.6     , array([ 0.824141   ,  0.00258011 ,  1.06947e-13,  1.65964e-06])
22586   , -2324.59    , array([ 0.824141   ,  0.00257753 ,  1.07054e-13,  1.65964e-06])
22587   , -2324.57    , array([ 0.824141   ,  0.00257753 ,  1.06947e-13,  1.6613e-06 ])
22588   , -2324.59    , array([ 0.824141   ,  0.00257753 ,  1.06947e-13,  1.65964e-06])
22589   , -2324.59    , array([ 0.824141   ,  0.00257753 ,  1.06947e-13,  1.65964e-06])
22590   , -2324.59    , array([ 0.824966   ,  0.00257753 ,  1.06947e-13,  1.65964e-06])
22591   , -2324.6     , array([ 0.824141   ,  0.00258011 ,  1.06947e-13,  1.65964e-06])
22592   , -2324.59    , array([ 0.824141   ,  0.00257753 ,  1.07054e-13,  1.65964e-06])
22593   , -2324.57    , array([ 0.824141   ,  0.00257753 ,  1.06947e-13,  1.6613e-06 ])
22594   , -2292.21    , array([ 0.824139   ,  0.00128429 ,  1.06947e-13,  3.09678e-06])
22595   , -2292.21    , array([ 0.824139   ,  0.00128429 ,  1.06947e-13,  3.09678e-06])
22596   , -2292.21    , array([ 0.824963   ,  0.00128429 ,  1.06947e-13,  3.09678e-06])
22597   , -2292.25    , array([ 0.824139   ,  0.00128558 ,  1.06947e-13,  3.09678e-06])
22598   , -2292.21    , array([ 0.824139   ,  0.00128429 ,  1.07054e-13,  3.09678e-06])
22599   , -2292.17    , array([ 0.824139   ,  0.00128429 ,  1.06947e-13,  3.09988e-06])
22600   , -2292.21    , array([ 0.824139   ,  0.00128429 ,  1.06947e-13,  3.09678e-06])
22601   , -2292.21    , array([ 0.824139   ,  0.00128429 ,  1.06947e-13,  3.09678e-06])
22602   , -2292.21    , array([ 0.824963   ,  0.00128429 ,  1.06947e-13,  3.09678e-06])
22603   , -2292.25    , array([ 0.824139   ,  0.00128558 ,  1.06947e-13,  3.09678e-06])
22604   , -2292.21    , array([ 0.824139   ,  0.00128429 ,  1.07054e-13,  3.09678e-06])
22605   , -2292.17    , array([ 0.824139   ,  0.00128429 ,  1.06947e-13,  3.09988e-06])
22606   , -2292.21    , array([ 0.824139   ,  0.00128429 ,  1.06947e-13,  3.09678e-06])
22607   , -2292.21    , array([ 0.824139   ,  0.00128429 ,  1.06947e-13,  3.09678e-06])
22608   , -2292.21    , array([ 0.824963   ,  0.00128429 ,  1.06947e-13,  3.09678e-06])
22609   , -2292.25    , array([ 0.824139   ,  0.00128557 ,  1.06947e-13,  3.09678e-06])
22610   , -2292.21    , array([ 0.824139   ,  0.00128429 ,  1.07054e-13,  3.09678e-06])
22611   , -2292.17    , array([ 0.824139   ,  0.00128429 ,  1.06947e-13,  3.09988e-06])
22618   , -2292.21    , array([ 0.824139   ,  0.00128429 ,  1.06947e-13,  3.09678e-06])
22619   , -2292.21    , array([ 0.824139   ,  0.00128429 ,  1.06947e-13,  3.09678e-06])
22620   , -2292.21    , array([ 0.824963   ,  0.00128429 ,  1.06947e-13,  3.09678e-06])
22621   , -2292.25    , array([ 0.824139   ,  0.00128557 ,  1.06947e-13,  3.09678e-06])
22622   , -2292.21    , array([ 0.824139   ,  0.00128429 ,  1.07054e-13,  3.09678e-06])
22623   , -2292.17    , array([ 0.824139   ,  0.00128429 ,  1.06947e-13,  3.09988e-06])
22624   , -2292.21    , array([ 0.824139   ,  0.00128429 ,  1.06947e-13,  3.09678e-06])
22625   , -2292.21    , array([ 0.824139   ,  0.00128429 ,  1.06947e-13,  3.09678e-06])
22626   , -2292.21    , array([ 0.824963   ,  0.00128429 ,  1.06947e-13,  3.09678e-06])
22627   , -2292.25    , array([ 0.824139   ,  0.00128557 ,  1.06947e-13,  3.09678e-06])
22628   , -2292.21    , array([ 0.824139   ,  0.00128429 ,  1.07054e-13,  3.09678e-06])
22629   , -2292.17    , array([ 0.824139   ,  0.00128429 ,  1.06947e-13,  3.09988e-06])
22630   , -2275.63    , array([ 0.824138   ,  0.00107902 ,  1.06947e-13,  3.61939e-06])
22631   , -2275.63    , array([ 0.824138   ,  0.00107902 ,  1.06947e-13,  3.61939e-06])
22632   , -2275.63    , array([ 0.824963   ,  0.00107902 ,  1.06947e-13,  3.61939e-06])
22633   , -2275.69    , array([ 0.824138   ,  0.0010801  ,  1.06947e-13,  3.61939e-06])
22634   , -2275.63    , array([ 0.824138   ,  0.00107902 ,  1.07054e-13,  3.61939e-06])
22635   , -2275.57    , array([ 0.824138   ,  0.00107902 ,  1.06947e-13,  3.62301e-06])
22636   , -2275.63    , array([ 0.824138   ,  0.00107902 ,  1.06947e-13,  3.61939e-06])
22637   , -2275.63    , array([ 0.824138   ,  0.00107902 ,  1.06947e-13,  3.61939e-06])
22638   , -2275.63    , array([ 0.824963   ,  0.00107902 ,  1.06947e-13,  3.61939e-06])
22639   , -2275.69    , array([ 0.824138   ,  0.0010801  ,  1.06947e-13,  3.61939e-06])
22640   , -2275.63    , array([ 0.824138   ,  0.00107902 ,  1.07054e-13,  3.61939e-06])
22641   , -2275.57    , array([ 0.824138   ,  0.00107902 ,  1.06947e-13,  3.62301e-06])
22642   , -2275.63    , array([ 0.824138   ,  0.00107902 ,  1.06947e-13,  3.61939e-06])
22643   , -2275.63    , array([ 0.824138   ,  0.00107902 ,  1.06947e-13,  3.61939e-06])
22644   , -2275.63    , array([ 0.824963   ,  0.00107902 ,  1.06947e-13,  3.61939e-06])
22645   , -2275.69    , array([ 0.824138   ,  0.0010801  ,  1.06947e-13,  3.61939e-06])
22646   , -2275.63    , array([ 0.824138   ,  0.00107902 ,  1.07054e-13,  3.61939e-06])
22647   , -2275.57    , array([ 0.824138   ,  0.00107902 ,  1.06947e-13,  3.62301e-06])
22654   , -2275.63    , array([ 0.824138   ,  0.00107902 ,  1.06947e-13,  3.61939e-06])
22655   , -2275.63    , array([ 0.824138   ,  0.00107902 ,  1.06947e-13,  3.61939e-06])
22656   , -2275.63    , array([ 0.824963   ,  0.00107902 ,  1.06947e-13,  3.61939e-06])
22657   , -2275.69    , array([ 0.824138   ,  0.0010801  ,  1.06947e-13,  3.61939e-06])
22658   , -2275.63    , array([ 0.824138   ,  0.00107902 ,  1.07054e-13,  3.61939e-06])
22659   , -2275.57    , array([ 0.824138   ,  0.00107902 ,  1.06947e-13,  3.62301e-06])
22660   , -2275.63    , array([ 0.824138   ,  0.00107902 ,  1.06947e-13,  3.61939e-06])
22661   , -2275.63    , array([ 0.824138   ,  0.00107902 ,  1.06947e-13,  3.61939e-06])
22662   , -2275.63    , array([ 0.824963   ,  0.00107902 ,  1.06947e-13,  3.61939e-06])
22663   , -2275.69    , array([ 0.824138   ,  0.0010801  ,  1.06947e-13,  3.61939e-06])
22664   , -2275.63    , array([ 0.824138   ,  0.00107902 ,  1.07054e-13,  3.61939e-06])
22665   , -2275.57    , array([ 0.824138   ,  0.00107902 ,  1.06947e-13,  3.62301e-06])
22666   , -2270.65    , array([ 0.824138   ,  0.00103304 ,  1.06947e-13,  3.76328e-06])
22667   , -2270.65    , array([ 0.824138   ,  0.00103304 ,  1.06947e-13,  3.76328e-06])
22668   , -2270.65    , array([ 0.824963   ,  0.00103304 ,  1.06947e-13,  3.76328e-06])
22669   , -2270.71    , array([ 0.824138   ,  0.00103408 ,  1.06947e-13,  3.76328e-06])
22670   , -2270.65    , array([ 0.824138   ,  0.00103304 ,  1.07054e-13,  3.76328e-06])
22671   , -2270.59    , array([ 0.824138   ,  0.00103304 ,  1.06947e-13,  3.76704e-06])
22672   , -2270.65    , array([ 0.824138   ,  0.00103304 ,  1.06947e-13,  3.76328e-06])
22673   , -2270.65    , array([ 0.824138   ,  0.00103304 ,  1.06947e-13,  3.76328e-06])
22674   , -2270.65    , array([ 0.824963   ,  0.00103304 ,  1.06947e-13,  3.76328e-06])
22675   , -2270.71    , array([ 0.824138   ,  0.00103408 ,  1.06947e-13,  3.76328e-06])
22676   , -2270.65    , array([ 0.824138   ,  0.00103304 ,  1.07054e-13,  3.76328e-06])
22677   , -2270.59    , array([ 0.824138   ,  0.00103304 ,  1.06947e-13,  3.76704e-06])
22678   , -2270.65    , array([ 0.824138   ,  0.00103304 ,  1.06947e-13,  3.76328e-06])
22679   , -2270.65    , array([ 0.824138   ,  0.00103304 ,  1.06947e-13,  3.76328e-06])
22680   , -2270.65    , array([ 0.824963   ,  0.00103304 ,  1.06947e-13,  3.76328e-06])
22681   , -2270.71    , array([ 0.824138   ,  0.00103408 ,  1.06947e-13,  3.76328e-06])
22682   , -2270.65    , array([ 0.824138   ,  0.00103304 ,  1.07054e-13,  3.76328e-06])
22683   , -2270.59    , array([ 0.824138   ,  0.00103304 ,  1.06947e-13,  3.76704e-06])
22684   , -2268.02    , array([ 0.824138   ,  0.0010108  ,  1.06947e-13,  3.83735e-06])
22685   , -2268.02    , array([ 0.824138   ,  0.0010108  ,  1.06947e-13,  3.83735e-06])
22686   , -2268.02    , array([ 0.824963   ,  0.0010108  ,  1.06947e-13,  3.83735e-06])
22687   , -2268.08    , array([ 0.824138   ,  0.00101181 ,  1.06947e-13,  3.83735e-06])
22688   , -2268.02    , array([ 0.824138   ,  0.0010108  ,  1.07054e-13,  3.83735e-06])
22689   , -2267.95    , array([ 0.824138   ,  0.0010108  ,  1.06947e-13,  3.84119e-06])
22690   , -2268.02    , array([ 0.824138   ,  0.0010108  ,  1.06947e-13,  3.83735e-06])
22691   , -2268.02    , array([ 0.824138   ,  0.0010108  ,  1.06947e-13,  3.83735e-06])
22692   , -2268.02    , array([ 0.824963   ,  0.0010108  ,  1.06947e-13,  3.83735e-06])
22693   , -2268.08    , array([ 0.824138   ,  0.00101181 ,  1.06947e-13,  3.83735e-06])
22694   , -2268.02    , array([ 0.824138   ,  0.0010108  ,  1.07054e-13,  3.83735e-06])
22695   , -2267.95    , array([ 0.824138   ,  0.0010108  ,  1.06947e-13,  3.84119e-06])
22696   , -2268.02    , array([ 0.824138   ,  0.0010108  ,  1.06947e-13,  3.83735e-06])
22697   , -2268.02    , array([ 0.824138   ,  0.0010108  ,  1.06947e-13,  3.83735e-06])
22698   , -2268.02    , array([ 0.824963   ,  0.0010108  ,  1.06947e-13,  3.83735e-06])
22699   , -2268.08    , array([ 0.824138   ,  0.00101181 ,  1.06947e-13,  3.83735e-06])
22700   , -2268.02    , array([ 0.824138   ,  0.0010108  ,  1.07054e-13,  3.83735e-06])
22701   , -2267.95    , array([ 0.824138   ,  0.0010108  ,  1.06947e-13,  3.84119e-06])
22705   , -2266.73    , array([ 0.824138   ,  0.00100086 ,  1.06947e-13,  3.87493e-06])
22708   , -2267.62    , array([ 0.824138   ,  0.00100755 ,  1.06947e-13,  3.84843e-06])
22709   , -2267.62    , array([ 0.824138   ,  0.00100755 ,  1.06947e-13,  3.84843e-06])
22710   , -2267.62    , array([ 0.824963   ,  0.00100755 ,  1.06947e-13,  3.84843e-06])
22711   , -2267.69    , array([ 0.824138   ,  0.00100856 ,  1.06947e-13,  3.84843e-06])
22712   , -2267.62    , array([ 0.824138   ,  0.00100755 ,  1.07054e-13,  3.84843e-06])
22713   , -2267.56    , array([ 0.824138   ,  0.00100755 ,  1.06947e-13,  3.85228e-06])
22714   , -2267.1     , array([ 0.824138   ,  0.00100332 ,  1.06947e-13,  3.86296e-06])
22715   , -2267.1     , array([ 0.824138   ,  0.00100332 ,  1.06947e-13,  3.86296e-06])
22716   , -2267.1     , array([ 0.824963   ,  0.00100332 ,  1.06947e-13,  3.86296e-06])
22717   , -2267.17    , array([ 0.824138   ,  0.00100432 ,  1.06947e-13,  3.86296e-06])
22718   , -2267.1     , array([ 0.824138   ,  0.00100332 ,  1.07054e-13,  3.86296e-06])
22719   , -2267.03    , array([ 0.824138   ,  0.00100332 ,  1.06947e-13,  3.86682e-06])
22720   , -2267.01    , array([ 0.824138   ,  0.00100259 ,  1.06947e-13,  3.86546e-06])
22721   , -2267.01    , array([ 0.824138   ,  0.00100259 ,  1.06947e-13,  3.86546e-06])
22722   , -2267.01    , array([ 0.824963   ,  0.00100259 ,  1.06947e-13,  3.86546e-06])
22723   , -2267.08    , array([ 0.824138   ,  0.0010036  ,  1.06947e-13,  3.86546e-06])
22724   , -2267.01    , array([ 0.824138   ,  0.00100259 ,  1.07054e-13,  3.86546e-06])
22725   , -2266.94    , array([ 0.824138   ,  0.00100259 ,  1.06947e-13,  3.86933e-06])
22726   , -2267.01    , array([ 0.824138   ,  0.00100259 ,  1.06947e-13,  3.86546e-06])
22727   , -2267.01    , array([ 0.824138   ,  0.00100259 ,  1.06947e-13,  3.86546e-06])
22728   , -2267.01    , array([ 0.824963   ,  0.00100259 ,  1.06947e-13,  3.86546e-06])
22729   , -2267.08    , array([ 0.824138   ,  0.0010036  ,  1.06947e-13,  3.86546e-06])
22730   , -2267.01    , array([ 0.824138   ,  0.00100259 ,  1.07054e-13,  3.86546e-06])
22731   , -2266.94    , array([ 0.824138   ,  0.00100259 ,  1.06947e-13,  3.86933e-06])
22732   , -2266.84    , array([ 0.824138   ,  0.00100122 ,  1.06947e-13,  3.87019e-06])
22733   , -2266.84    , array([ 0.824138   ,  0.00100122 ,  1.06947e-13,  3.87019e-06])
22734   , -2266.84    , array([ 0.824963   ,  0.00100122 ,  1.06947e-13,  3.87019e-06])
22735   , -2266.9     , array([ 0.824138   ,  0.00100223 ,  1.06947e-13,  3.87019e-06])
22736   , -2266.84    , array([ 0.824138   ,  0.00100122 ,  1.07054e-13,  3.87019e-06])
22737   , -2266.77    , array([ 0.824138   ,  0.00100122 ,  1.06947e-13,  3.87407e-06])
22738   , -2266.84    , array([ 0.824138   ,  0.00100122 ,  1.06947e-13,  3.87019e-06])
22739   , -2266.84    , array([ 0.824138   ,  0.00100122 ,  1.06947e-13,  3.87019e-06])
22740   , -2266.84    , array([ 0.824963   ,  0.00100122 ,  1.06947e-13,  3.87019e-06])
22741   , -2266.9     , array([ 0.824138   ,  0.00100223 ,  1.06947e-13,  3.87019e-06])
22742   , -2266.84    , array([ 0.824138   ,  0.00100122 ,  1.07054e-13,  3.87019e-06])
22743   , -2266.77    , array([ 0.824138   ,  0.00100122 ,  1.06947e-13,  3.87407e-06])
22744   , -2266.84    , array([ 0.824138   ,  0.00100122 ,  1.06947e-13,  3.87019e-06])
22745   , -2266.84    , array([ 0.824138   ,  0.00100122 ,  1.06947e-13,  3.87019e-06])
22746   , -2266.84    , array([ 0.824963   ,  0.00100122 ,  1.06947e-13,  3.87019e-06])
22747   , -2266.9     , array([ 0.824138   ,  0.00100223 ,  1.06947e-13,  3.87019e-06])
22748   , -2266.84    , array([ 0.824138   ,  0.00100122 ,  1.07054e-13,  3.87019e-06])
22749   , -2266.77    , array([ 0.824138   ,  0.00100122 ,  1.06947e-13,  3.87407e-06])
22750   , -2266.75    , array([ 0.824138   ,  0.00100054 ,  1.06947e-13,  3.87256e-06])
22751   , -2266.75    , array([ 0.824138   ,  0.00100054 ,  1.06947e-13,  3.87256e-06])
22752   , -2266.75    , array([ 0.824963   ,  0.00100054 ,  1.06947e-13,  3.87256e-06])
22753   , -2266.82    , array([ 0.824138   ,  0.00100154 ,  1.06947e-13,  3.87256e-06])
22754   , -2266.75    , array([ 0.824138   ,  0.00100054 ,  1.07054e-13,  3.87256e-06])
22755   , -2266.69    , array([ 0.824138   ,  0.00100054 ,  1.06947e-13,  3.87644e-06])
22756   , -2266.75    , array([ 0.824138   ,  0.00100054 ,  1.06947e-13,  3.87256e-06])
22757   , -2266.75    , array([ 0.824138   ,  0.00100054 ,  1.06947e-13,  3.87256e-06])
22758   , -2266.75    , array([ 0.824963   ,  0.00100054 ,  1.06947e-13,  3.87256e-06])
22759   , -2266.82    , array([ 0.824138   ,  0.00100154 ,  1.06947e-13,  3.87256e-06])
22760   , -2266.75    , array([ 0.824138   ,  0.00100054 ,  1.07054e-13,  3.87256e-06])
22761   , -2266.69    , array([ 0.824138   ,  0.00100054 ,  1.06947e-13,  3.87644e-06])
22762   , -2266.75    , array([ 0.824138   ,  0.00100054 ,  1.06947e-13,  3.87256e-06])
22763   , -2266.75    , array([ 0.824138   ,  0.00100054 ,  1.06947e-13,  3.87256e-06])
22764   , -2266.75    , array([ 0.824963   ,  0.00100054 ,  1.06947e-13,  3.87256e-06])
22765   , -2266.82    , array([ 0.824138   ,  0.00100154 ,  1.06947e-13,  3.87256e-06])
22766   , -2266.75    , array([ 0.824138   ,  0.00100054 ,  1.07054e-13,  3.87256e-06])
22767   , -2266.69    , array([ 0.824138   ,  0.00100054 ,  1.06947e-13,  3.87644e-06])
22768   , -2266.71    , array([ 0.824138   ,  0.0010002  ,  1.06947e-13,  3.87375e-06])
22769   , -2266.71    , array([ 0.824138   ,  0.0010002  ,  1.06947e-13,  3.87375e-06])
22770   , -2266.71    , array([ 0.824963   ,  0.0010002  ,  1.06947e-13,  3.87375e-06])
22771   , -2266.78    , array([ 0.824138   ,  0.0010012  ,  1.06947e-13,  3.87375e-06])
22772   , -2266.71    , array([ 0.824138   ,  0.0010002  ,  1.07054e-13,  3.87375e-06])
22773   , -2266.64    , array([ 0.824138   ,  0.0010002  ,  1.06947e-13,  3.87762e-06])
22774   , -2266.71    , array([ 0.824138   ,  0.0010002  ,  1.06947e-13,  3.87375e-06])
22775   , -2266.71    , array([ 0.824138   ,  0.0010002  ,  1.06947e-13,  3.87375e-06])
22776   , -2266.71    , array([ 0.824963   ,  0.0010002  ,  1.06947e-13,  3.87375e-06])
22777   , -2266.78    , array([ 0.824138   ,  0.0010012  ,  1.06947e-13,  3.87375e-06])
22778   , -2266.71    , array([ 0.824138   ,  0.0010002  ,  1.07054e-13,  3.87375e-06])
22779   , -2266.64    , array([ 0.824138   ,  0.0010002  ,  1.06947e-13,  3.87762e-06])
22780   , -2266.71    , array([ 0.824138   ,  0.0010002  ,  1.06947e-13,  3.87375e-06])
22781   , -2266.71    , array([ 0.824138   ,  0.0010002  ,  1.06947e-13,  3.87375e-06])
22782   , -2266.71    , array([ 0.824963   ,  0.0010002  ,  1.06947e-13,  3.87375e-06])
22783   , -2266.78    , array([ 0.824138   ,  0.0010012  ,  1.06947e-13,  3.87375e-06])
22784   , -2266.71    , array([ 0.824138   ,  0.0010002  ,  1.07054e-13,  3.87375e-06])
22785   , -2266.64    , array([ 0.824138   ,  0.0010002  ,  1.06947e-13,  3.87762e-06])
22786   , -2266.71    , array([ 0.824138   ,  0.0010002  ,  1.06947e-13,  3.87375e-06])
22787   , -2266.71    , array([ 0.824138   ,  0.0010002  ,  1.06947e-13,  3.87375e-06])
22788   , -2266.71    , array([ 0.824963   ,  0.0010002  ,  1.06947e-13,  3.87375e-06])
22789   , -2266.78    , array([ 0.824138   ,  0.0010012  ,  1.06947e-13,  3.87375e-06])
22790   , -2266.71    , array([ 0.824138   ,  0.0010002  ,  1.07054e-13,  3.87375e-06])
22791   , -2266.64    , array([ 0.824138   ,  0.0010002  ,  1.06947e-13,  3.87762e-06])
22792   , -2336.79    , array([ 0.824152   ,  0.104343   ,  1.06948e-13,  6.03761e-08])
22793   , -2336.79    , array([ 0.824152   ,  0.104343   ,  1.06948e-13,  6.03761e-08])
22794   , -2336.79    , array([ 0.824977   ,  0.104343   ,  1.06948e-13,  6.03761e-08])
22795   , -2336.79    , array([ 0.824152   ,  0.104447   ,  1.06948e-13,  6.03761e-08])
22796   , -2336.79    , array([ 0.824152   ,  0.104343   ,  1.07055e-13,  6.03761e-08])
22797   , -2336.79    , array([ 0.824152   ,  0.104343   ,  1.06948e-13,  6.04366e-08])
22798   , -2336.79    , array([ 0.824152   ,  0.103213   ,  1.06948e-13,  6.09675e-08])
22799   , -2336.79    , array([ 0.824152   ,  0.103213   ,  1.06948e-13,  6.09675e-08])
22800   , -2336.79    , array([ 0.824977   ,  0.103213   ,  1.06948e-13,  6.09675e-08])
22801   , -2336.79    , array([ 0.824152   ,  0.103316   ,  1.06948e-13,  6.09675e-08])
22802   , -2336.79    , array([ 0.824152   ,  0.103213   ,  1.07055e-13,  6.09675e-08])
22803   , -2336.79    , array([ 0.824152   ,  0.103213   ,  1.06948e-13,  6.10285e-08])
22804   , -2336.79    , array([ 0.824152   ,  0.10099    ,  1.06948e-13,  6.21675e-08])
22805   , -2336.79    , array([ 0.824152   ,  0.10099    ,  1.06948e-13,  6.21675e-08])
22806   , -2336.79    , array([ 0.824977   ,  0.10099    ,  1.06948e-13,  6.21675e-08])
22807   , -2336.79    , array([ 0.824152   ,  0.101091   ,  1.06948e-13,  6.21675e-08])
22808   , -2336.79    , array([ 0.824152   ,  0.10099    ,  1.07055e-13,  6.21675e-08])
22809   , -2336.79    , array([ 0.824152   ,  0.10099    ,  1.06948e-13,  6.22297e-08])
22810   , -2336.79    , array([ 0.824152   ,  0.0966876  ,  1.06948e-13,  6.4639e-08 ])
22811   , -2336.79    , array([ 0.824152   ,  0.0966876  ,  1.06948e-13,  6.4639e-08 ])
22812   , -2336.79    , array([ 0.824977   ,  0.0966876  ,  1.06948e-13,  6.4639e-08 ])
22813   , -2336.79    , array([ 0.824152   ,  0.0967844  ,  1.06948e-13,  6.4639e-08 ])
22814   , -2336.79    , array([ 0.824152   ,  0.0966876  ,  1.07055e-13,  6.4639e-08 ])
22815   , -2336.79    , array([ 0.824152   ,  0.0966876  ,  1.06948e-13,  6.47037e-08])
22816   , -2336.79    , array([ 0.824152   ,  0.0886244  ,  1.06948e-13,  6.98807e-08])
22817   , -2336.79    , array([ 0.824152   ,  0.0886244  ,  1.06948e-13,  6.98807e-08])
22818   , -2336.79    , array([ 0.824976   ,  0.0886244  ,  1.06948e-13,  6.98807e-08])
22819   , -2336.79    , array([ 0.824152   ,  0.088713   ,  1.06948e-13,  6.98807e-08])
22820   , -2336.79    , array([ 0.824152   ,  0.0886244  ,  1.07055e-13,  6.98807e-08])
22821   , -2336.79    , array([ 0.824152   ,  0.0886244  ,  1.06948e-13,  6.99506e-08])
22822   , -2336.78    , array([ 0.824151   ,  0.0744591  ,  1.06948e-13,  8.16735e-08])
22823   , -2336.78    , array([ 0.824151   ,  0.0744591  ,  1.06948e-13,  8.16735e-08])
22824   , -2336.78    , array([ 0.824976   ,  0.0744591  ,  1.06948e-13,  8.16735e-08])
22825   , -2336.78    , array([ 0.824151   ,  0.0745336  ,  1.06948e-13,  8.16735e-08])
22826   , -2336.78    , array([ 0.824151   ,  0.0744591  ,  1.07055e-13,  8.16735e-08])
22827   , -2336.78    , array([ 0.824151   ,  0.0744591  ,  1.06948e-13,  8.17553e-08])
22828   , -2336.77    , array([ 0.82415    ,  0.052559   ,  1.06948e-13,  1.11566e-07])
22829   , -2336.77    , array([ 0.82415    ,  0.052559   ,  1.06948e-13,  1.11566e-07])
22830   , -2336.77    , array([ 0.824975   ,  0.052559   ,  1.06948e-13,  1.11566e-07])
22831   , -2336.77    , array([ 0.82415    ,  0.0526116  ,  1.06948e-13,  1.11566e-07])
22832   , -2336.77    , array([ 0.82415    ,  0.052559   ,  1.07055e-13,  1.11566e-07])
22833   , -2336.77    , array([ 0.82415    ,  0.052559   ,  1.06948e-13,  1.11677e-07])
22834   , -2336.66    , array([ 0.824148   ,  0.0261882  ,  1.06948e-13,  2.08175e-07])
22835   , -2336.66    , array([ 0.824148   ,  0.0261882  ,  1.06948e-13,  2.08175e-07])
22836   , -2336.66    , array([ 0.824973   ,  0.0261882  ,  1.06948e-13,  2.08175e-07])
22837   , -2336.66    , array([ 0.824148   ,  0.0262144  ,  1.06948e-13,  2.08175e-07])
22838   , -2336.66    , array([ 0.824148   ,  0.0261882  ,  1.07055e-13,  2.08175e-07])
22839   , -2336.66    , array([ 0.824148   ,  0.0261882  ,  1.06948e-13,  2.08383e-07])
22840   , -2334.68    , array([ 0.824144   ,  0.00650164 ,  1.06947e-13,  7.24808e-07])
22841   , -2334.68    , array([ 0.824144   ,  0.00650164 ,  1.06947e-13,  7.24808e-07])
22842   , -2334.68    , array([ 0.824968   ,  0.00650164 ,  1.06947e-13,  7.24808e-07])
22843   , -2334.68    , array([ 0.824144   ,  0.00650814 ,  1.06947e-13,  7.24808e-07])
22844   , -2334.68    , array([ 0.824144   ,  0.00650164 ,  1.07054e-13,  7.24808e-07])
22845   , -2334.68    , array([ 0.824144   ,  0.00650164 ,  1.06947e-13,  7.25533e-07])
22847   , -2307.52    , array([ 0.82414    ,  0.00161413 ,  1.06947e-13,  2.52358e-06])
22848   , -2307.52    , array([ 0.82414    ,  0.00161413 ,  1.06947e-13,  2.52358e-06])
22849   , -2307.52    , array([ 0.824964   ,  0.00161413 ,  1.06947e-13,  2.52358e-06])
22850   , -2307.55    , array([ 0.82414    ,  0.00161575 ,  1.06947e-13,  2.52358e-06])
22851   , -2307.52    , array([ 0.82414    ,  0.00161413 ,  1.07054e-13,  2.52358e-06])
22852   , -2307.5     , array([ 0.82414    ,  0.00161413 ,  1.06947e-13,  2.52611e-06])
22854   , -2281.36    , array([ 0.824138   ,  0.00113938 ,  1.06947e-13,  3.4472e-06 ])
22855   , -2281.36    , array([ 0.824138   ,  0.00113938 ,  1.06947e-13,  3.4472e-06 ])
22856   , -2281.36    , array([ 0.824963   ,  0.00113938 ,  1.06947e-13,  3.4472e-06 ])
22857   , -2281.41    , array([ 0.824138   ,  0.00114052 ,  1.06947e-13,  3.4472e-06 ])
22858   , -2281.36    , array([ 0.824138   ,  0.00113938 ,  1.07054e-13,  3.4472e-06 ])
22859   , -2281.3     , array([ 0.824138   ,  0.00113938 ,  1.06947e-13,  3.45065e-06])
22861   , -2271.93    , array([ 0.824138   ,  0.00104436 ,  1.06947e-13,  3.72674e-06])
22862   , -2271.93    , array([ 0.824138   ,  0.00104436 ,  1.06947e-13,  3.72674e-06])
22863   , -2271.93    , array([ 0.824963   ,  0.00104436 ,  1.06947e-13,  3.72674e-06])
22864   , -2271.99    , array([ 0.824138   ,  0.00104541 ,  1.06947e-13,  3.72674e-06])
22865   , -2271.93    , array([ 0.824138   ,  0.00104436 ,  1.07054e-13,  3.72674e-06])
22866   , -2271.87    , array([ 0.824138   ,  0.00104436 ,  1.06947e-13,  3.73047e-06])
22868   , -2269.35    , array([ 0.824138   ,  0.00102187 ,  1.06947e-13,  3.80009e-06])
22869   , -2269.35    , array([ 0.824138   ,  0.00102187 ,  1.06947e-13,  3.80009e-06])
22870   , -2269.35    , array([ 0.824963   ,  0.00102187 ,  1.06947e-13,  3.80009e-06])
22871   , -2269.41    , array([ 0.824138   ,  0.00102289 ,  1.06947e-13,  3.80009e-06])
22872   , -2269.35    , array([ 0.824138   ,  0.00102187 ,  1.07054e-13,  3.80009e-06])
22873   , -2269.28    , array([ 0.824138   ,  0.00102187 ,  1.06947e-13,  3.8039e-06 ])
22874   , -2268.02    , array([ 0.824138   ,  0.00101081 ,  1.06947e-13,  3.83731e-06])
22875   , -2268.02    , array([ 0.824138   ,  0.00101081 ,  1.06947e-13,  3.83731e-06])
22876   , -2268.02    , array([ 0.824963   ,  0.00101081 ,  1.06947e-13,  3.83731e-06])
22877   , -2268.09    , array([ 0.824138   ,  0.00101182 ,  1.06947e-13,  3.83731e-06])
22878   , -2268.02    , array([ 0.824138   ,  0.00101081 ,  1.07054e-13,  3.83731e-06])
22879   , -2267.96    , array([ 0.824138   ,  0.00101081 ,  1.06947e-13,  3.84115e-06])
22880   , -2267.35    , array([ 0.824138   ,  0.00100532 ,  1.06947e-13,  3.85606e-06])
22881   , -2267.35    , array([ 0.824138   ,  0.00100532 ,  1.06947e-13,  3.85606e-06])
22882   , -2267.35    , array([ 0.824963   ,  0.00100532 ,  1.06947e-13,  3.85606e-06])
22883   , -2267.41    , array([ 0.824138   ,  0.00100633 ,  1.06947e-13,  3.85606e-06])
22884   , -2267.35    , array([ 0.824138   ,  0.00100532 ,  1.07054e-13,  3.85606e-06])
22885   , -2267.28    , array([ 0.824138   ,  0.00100532 ,  1.06947e-13,  3.85992e-06])
22886   , -2267.01    , array([ 0.824138   ,  0.00100259 ,  1.06947e-13,  3.86546e-06])
22887   , -2267.01    , array([ 0.824138   ,  0.00100259 ,  1.06947e-13,  3.86546e-06])
22888   , -2267.01    , array([ 0.824963   ,  0.00100259 ,  1.06947e-13,  3.86546e-06])
22889   , -2267.08    , array([ 0.824138   ,  0.00100359 ,  1.06947e-13,  3.86546e-06])
22890   , -2267.01    , array([ 0.824138   ,  0.00100259 ,  1.07054e-13,  3.86546e-06])
22891   , -2266.94    , array([ 0.824138   ,  0.00100259 ,  1.06947e-13,  3.86933e-06])
22892   , -2266.84    , array([ 0.824138   ,  0.00100123 ,  1.06947e-13,  3.87018e-06])
22893   , -2266.84    , array([ 0.824138   ,  0.00100123 ,  1.06947e-13,  3.87018e-06])
22894   , -2266.84    , array([ 0.824963   ,  0.00100123 ,  1.06947e-13,  3.87018e-06])
22895   , -2266.91    , array([ 0.824138   ,  0.00100223 ,  1.06947e-13,  3.87018e-06])
22896   , -2266.84    , array([ 0.824138   ,  0.00100123 ,  1.07054e-13,  3.87018e-06])
22897   , -2266.77    , array([ 0.824138   ,  0.00100123 ,  1.06947e-13,  3.87405e-06])
