79928   , -79089.4    , array([ 2.78198    ,  3.09887    ,  3.73885e-29,  4.82543e-39,  1.19061e-89])
79929   , -79089.4    , array([ 2.78198    ,  3.09887    ,  3.73885e-29,  4.82543e-39,  1.19061e-89])
79930   , -79089.4    , array([ 3.78198    ,  3.09887    ,  3.73885e-29,  4.82543e-39,  1.19061e-89])
79931   , -79089.4    , array([ 5.40002    ,  3.09887    ,  3.73885e-29,  4.82543e-39,  1.19061e-89])
79932   , -79089.4    , array([ 3.78198    ,  3.09887    ,  3.73885e-29,  4.82543e-39,  1.19061e-89])
79933   , -79089.4    , array([ 4.40002    ,  3.09887    ,  3.73885e-29,  4.82543e-39,  1.19061e-89])
79934   , -79089.4    , array([ 4.78198    ,  3.09887    ,  3.73885e-29,  4.82543e-39,  1.19061e-89])
79935   , -79089.4    , array([ 5.01805    ,  3.09887    ,  3.73885e-29,  4.82543e-39,  1.19061e-89])
79936   , -79089.4    , array([ 5.16395    ,  3.09887    ,  3.73885e-29,  4.82543e-39,  1.19061e-89])
79937   , -79089.4    , array([ 5.25412    ,  3.09887    ,  3.73885e-29,  4.82543e-39,  1.19061e-89])
79938   , -79089.4    , array([ 5.30985    ,  3.09887    ,  3.73885e-29,  4.82543e-39,  1.19061e-89])
79939   , -79089.4    , array([ 5.34429    ,  3.09887    ,  3.73885e-29,  4.82543e-39,  1.19061e-89])
79940   , -79089.4    , array([ 5.36991    ,  3.09887    ,  3.73885e-29,  4.82543e-39,  1.19061e-89])
79941   , -79089.4    , array([ 5.36991    ,  3.09887    ,  3.73885e-29,  4.82543e-39,  1.19061e-89])
79942   , -79089.4    , array([ 5.36991    ,  4.09887    ,  3.73885e-29,  4.82543e-39,  1.19061e-89])
79943   , -79089.4    , array([ 5.36991    ,  5.71691    ,  3.73885e-29,  4.82543e-39,  1.19061e-89])
79944   , -79089.4    , array([ 5.36991    ,  4.09887    ,  3.73885e-29,  4.82543e-39,  1.19061e-89])
79945   , -79089.4    , array([ 5.36991    ,  4.71691    ,  3.73885e-29,  4.82543e-39,  1.19061e-89])
79946   , -79089.4    , array([ 5.36991    ,  5.09887    ,  3.73885e-29,  4.82543e-39,  1.19061e-89])
79947   , -79089.4    , array([ 5.36991    ,  5.33494    ,  3.73885e-29,  4.82543e-39,  1.19061e-89])
79948   , -79089.4    , array([ 5.36991    ,  5.48084    ,  3.73885e-29,  4.82543e-39,  1.19061e-89])
79949   , -79089.4    , array([ 5.36991    ,  5.57101    ,  3.73885e-29,  4.82543e-39,  1.19061e-89])
79950   , -79089.4    , array([ 5.36991    ,  5.62674    ,  3.73885e-29,  4.82543e-39,  1.19061e-89])
79951   , -79089.4    , array([ 5.36991    ,  5.66118    ,  3.73885e-29,  4.82543e-39,  1.19061e-89])
79952   , -79089.4    , array([ 5.36991    ,  5.6868     ,  3.73885e-29,  4.82543e-39,  1.19061e-89])
79953   , -79089.4    , array([ 5.36991    ,  5.6868     ,  3.73885e-29,  4.82543e-39,  1.19061e-89])
79954   , -79089.4    , array([ 5.36991    ,  5.6868     ,  1          ,  4.82543e-39,  1.19061e-89])
79955   , -79089.4    , array([ 5.36991    ,  5.6868     ,  2.61803    ,  4.82543e-39,  1.19061e-89])
79956   , -79089.4    , array([ 5.36991    ,  5.6868     ,  1          ,  4.82543e-39,  1.19061e-89])
79957   , -79089.4    , array([ 5.36991    ,  5.6868     ,  1.61803    ,  4.82543e-39,  1.19061e-89])
79958   , -79089.4    , array([ 5.36991    ,  5.6868     ,  2          ,  4.82543e-39,  1.19061e-89])
79959   , -79089.4    , array([ 5.36991    ,  5.6868     ,  2.23607    ,  4.82543e-39,  1.19061e-89])
79960   , -79089.4    , array([ 5.36991    ,  5.6868     ,  2.38197    ,  4.82543e-39,  1.19061e-89])
79961   , -79089.4    , array([ 5.36991    ,  5.6868     ,  2.47214    ,  4.82543e-39,  1.19061e-89])
79962   , -79089.4    , array([ 5.36991    ,  5.6868     ,  2.52786    ,  4.82543e-39,  1.19061e-89])
79963   , -79089.4    , array([ 5.36991    ,  5.6868     ,  2.56231    ,  4.82543e-39,  1.19061e-89])
79964   , -79089.4    , array([ 5.36991    ,  5.6868     ,  2.58793    ,  4.82543e-39,  1.19061e-89])
79965   , -79089.4    , array([ 5.36991    ,  5.6868     ,  2.58793    ,  4.82543e-39,  1.19061e-89])
79966   , -79089.4    , array([ 5.36991    ,  5.6868     ,  2.58793    ,  1          ,  1.19061e-89])
79967   , -79089.4    , array([ 5.36991    ,  5.6868     ,  2.58793    ,  2.61803    ,  1.19061e-89])
79968   , -79089.4    , array([ 5.36991    ,  5.6868     ,  2.58793    ,  1          ,  1.19061e-89])
79969   , -79089.4    , array([ 5.36991    ,  5.6868     ,  2.58793    ,  1.61803    ,  1.19061e-89])
79970   , -79089.4    , array([ 5.36991    ,  5.6868     ,  2.58793    ,  2          ,  1.19061e-89])
79971   , -79089.4    , array([ 5.36991    ,  5.6868     ,  2.58793    ,  2.23607    ,  1.19061e-89])
79972   , -79089.4    , array([ 5.36991    ,  5.6868     ,  2.58793    ,  2.38197    ,  1.19061e-89])
79973   , -79089.4    , array([ 5.36991    ,  5.6868     ,  2.58793    ,  2.47214    ,  1.19061e-89])
79974   , -79089.4    , array([ 5.36991    ,  5.6868     ,  2.58793    ,  2.52786    ,  1.19061e-89])
79975   , -79089.4    , array([ 5.36991    ,  5.6868     ,  2.58793    ,  2.56231    ,  1.19061e-89])
79976   , -79089.4    , array([ 5.36991    ,  5.6868     ,  2.58793    ,  2.58793    ,  1.19061e-89])
79977   , -79089.4    , array([ 5.36991    ,  5.6868     ,  2.58793    ,  2.58793    ,  1.19061e-89])
79978   , -78617.8    , array([ 5.36991    ,  5.6868     ,  2.58793    ,  2.58793    ,  1          ])
79979   , -78376.3    , array([ 5.36991    ,  5.6868     ,  2.58793    ,  2.58793    ,  2.61803    ])
79980   , -78806      , array([ 5.36991    ,  5.6868     ,  2.58793    ,  2.58793    ,  2.41497    ])
79981   , -78617.8    , array([ 5.36991    ,  5.6868     ,  2.58793    ,  2.58793    ,  1          ])
79982   , -79783.3    , array([ 5.36991    ,  5.6868     ,  2.58793    ,  2.58793    ,  1.54047    ])
79983   , -75449.9    , array([ 5.36991    ,  5.6868     ,  2.58793    ,  2.58793    ,  0.618034   ])
79984   , -71347.1    , array([ 5.36991    ,  5.6868     ,  2.58793    ,  2.58793    ,  0.381966   ])
79985   , -67813.2    , array([ 5.36991    ,  5.6868     ,  2.58793    ,  2.58793    ,  0.236068   ])
79986   , -66107.9    , array([ 5.36991    ,  5.6868     ,  2.58793    ,  2.58793    ,  0.145898   ])
79987   , -66490.2    , array([ 5.36991    ,  5.6868     ,  2.58793    ,  2.58793    ,  0.09017    ])
79988   , -66048.4    , array([ 5.36991    ,  5.6868     ,  2.58793    ,  2.58793    ,  0.137453   ])
79989   , -66021.8    , array([ 5.36991    ,  5.6868     ,  2.58793    ,  2.58793    ,  0.129701   ])
79990   , -66019.8    , array([ 5.36991    ,  5.6868     ,  2.58793    ,  2.58793    ,  0.125857   ])
79991   , -66019.6    , array([ 5.36991    ,  5.6868     ,  2.58793    ,  2.58793    ,  0.127116   ])
79992   , -66020.2    , array([ 5.36991    ,  5.6868     ,  2.58793    ,  2.58793    ,  0.128387   ])
79993   , -84473.8    , array([ 7.95784    ,  8.27473    ,  5.17586    ,  5.17586    ,  0.254232   ])
79994   , -66019.6    , array([ 5.36991    ,  5.6868     ,  2.58793    ,  2.58793    ,  0.127116   ])
79995   , -67376.9    , array([ 6.36991    ,  5.6868     ,  2.58793    ,  2.58793    ,  0.127116   ])
79996   , -62732.1    , array([ 3.75188    ,  5.6868     ,  2.58793    ,  2.58793    ,  0.127116   ])
79997   , -49936      , array([ 1.13384    ,  5.6868     ,  2.58793    ,  2.58793    ,  0.127116   ])
79999   , -49936      , array([ 1.13384    ,  5.6868     ,  2.58793    ,  2.58793    ,  0.127116   ])
80001   , -56609.4    , array([ 2.13384    ,  5.6868     ,  2.58793    ,  2.58793    ,  0.127116   ])
80002   , -53600.4    , array([ 1.6337     ,  5.6868     ,  2.58793    ,  2.58793    ,  0.127116   ])
80003   , -47667.2    , array([ 0.515809   ,  5.6868     ,  2.58793    ,  2.58793    ,  0.127116   ])
80004   , -56861.6    , array([ 0.264201   ,  5.6868     ,  2.58793    ,  2.58793    ,  0.127116   ])
80005   , -47326.5    , array([ 0.56435    ,  5.6868     ,  2.58793    ,  2.58793    ,  0.127116   ])
80006   , -47541.6    , array([ 0.781877   ,  5.6868     ,  2.58793    ,  2.58793    ,  0.127116   ])
80007   , -47161.9    , array([ 0.656688   ,  5.6868     ,  2.58793    ,  2.58793    ,  0.127116   ])
80008   , -47244.6    , array([ 0.703821   ,  5.6868     ,  2.58793    ,  2.58793    ,  0.127116   ])
80009   , -47161.9    , array([ 0.656688   ,  5.6868     ,  2.58793    ,  2.58793    ,  0.127116   ])
80010   , -48100.2    , array([ 0.656688   ,  6.6868     ,  2.58793    ,  2.58793    ,  0.127116   ])
80011   , -44784.2    , array([ 0.656688   ,  4.06877    ,  2.58793    ,  2.58793    ,  0.127116   ])
80012   , -32788      , array([ 0.656688   ,  1.45073    ,  2.58793    ,  2.58793    ,  0.127116   ])
80014   , -32788      , array([ 0.656688   ,  1.45073    ,  2.58793    ,  2.58793    ,  0.127116   ])
80016   , -39840.7    , array([ 0.656688   ,  2.45073    ,  2.58793    ,  2.58793    ,  0.127116   ])
80017   , -37016.9    , array([ 0.656688   ,  1.95058    ,  2.58793    ,  2.58793    ,  0.127116   ])
80018   , -23431.5    , array([ 0.656688   ,  0.8327     ,  2.58793    ,  2.58793    ,  0.127116   ])
80019   , -12596.9    , array([ 0.656688   ,  0.450734   ,  2.58793    ,  2.58793    ,  0.127116   ])
80020   , -4081.5     , array([ 0.656688   ,  0.214666   ,  2.58793    ,  2.58793    ,  0.127116   ])
80021   , -14767      , array([ 0.656688   ,  0.0687681  ,  2.58793    ,  2.58793    ,  0.127116   ])
80022   , -5753.16    , array([ 0.656688   ,  0.269677   ,  2.58793    ,  2.58793    ,  0.127116   ])
80023   , -3615.55    , array([ 0.656688   ,  0.158938   ,  2.58793    ,  2.58793    ,  0.127116   ])
80024   , -3615.55    , array([ 0.656688   ,  0.158938   ,  2.58793    ,  2.58793    ,  0.127116   ])
80025   , -2754.92    , array([ 0.656688   ,  0.158938   ,  3.58793    ,  2.58793    ,  0.127116   ])
80026   , -2069.69    , array([ 0.656688   ,  0.158938   ,  5.20596    ,  2.58793    ,  0.127116   ])
80027   , -1994.1     , array([ 0.656688   ,  0.158938   ,  5.6651     ,  2.58793    ,  0.127116   ])
80028   , -1958.71    , array([ 0.656688   ,  0.158938   ,  6.408      ,  2.58793    ,  0.127116   ])
80029   , -1957.8     , array([ 0.656688   ,  0.158938   ,  6.28123    ,  2.58793    ,  0.127116   ])
80030   , -1957.8     , array([ 0.656688   ,  0.158938   ,  6.28123    ,  2.58793    ,  0.127116   ])
80031   , -1963.45    , array([ 0.656688   ,  0.158938   ,  6.04589    ,  2.58793    ,  0.127116   ])
80032   , -1958.81    , array([ 0.656688   ,  0.158938   ,  6.19134    ,  2.58793    ,  0.127116   ])
80033   , -1957.79    , array([ 0.656688   ,  0.158938   ,  6.31817    ,  2.58793    ,  0.127116   ])
80034   , -1958.01    , array([ 0.656688   ,  0.158938   ,  6.35547    ,  2.58793    ,  0.127116   ])
80035   , -1957.79    , array([ 0.656688   ,  0.158938   ,  6.31817    ,  2.58793    ,  0.127116   ])
80036   , -2238.21    , array([ 0.656688   ,  0.158938   ,  6.31817    ,  3.58793    ,  0.127116   ])
80037   , -2608       , array([ 0.656688   ,  0.158938   ,  6.31817    ,  0.969895   ,  0.127116   ])
80038   , -1957.79    , array([ 0.656688   ,  0.158938   ,  6.31817    ,  2.58793    ,  0.127116   ])
80039   , -1997.42    , array([ 0.656688   ,  0.158938   ,  6.31817    ,  1.96989    ,  0.127116   ])
80040   , -2022.37    , array([ 0.656688   ,  0.158938   ,  6.31817    ,  2.96989    ,  0.127116   ])
80041   , -1949.27    , array([ 0.656688   ,  0.158938   ,  6.31817    ,  2.41641    ,  0.127116   ])
80042   , -1949.19    , array([ 0.656688   ,  0.158938   ,  6.31817    ,  2.40474    ,  0.127116   ])
80043   , -1949.18    , array([ 0.656688   ,  0.158938   ,  6.31817    ,  2.39706    ,  0.127116   ])
80044   , -1949.18    , array([ 0.656688   ,  0.158938   ,  6.31817    ,  2.39897    ,  0.127116   ])
80045   , -1949.18    , array([ 0.656688   ,  0.158938   ,  6.31817    ,  2.39515    ,  0.127116   ])
80046   , -1949.18    , array([ 0.656688   ,  0.158938   ,  6.31817    ,  2.39706    ,  0.127116   ])
80047   , -5854.96    , array([ 0.656688   ,  0.158938   ,  6.31817    ,  2.39706    ,  1.12712    ])
80049   , -1949.18    , array([ 0.656688   ,  0.158938   ,  6.31817    ,  2.39706    ,  0.127116   ])
80051   , -4531.71    , array([ 0.656688   ,  0.158938   ,  6.31817    ,  2.39706    ,  0.509082   ])
80052   , -3681.43    , array([ 0.656688   ,  0.158938   ,  6.31817    ,  2.39706    ,  0.318078   ])
80054   , -7364.5     , array([ 0.656688   ,  0.158938   ,  6.31817    ,  2.39706    ,  0.0369461  ])
80055   , -2664.45    , array([ 0.656688   ,  0.158938   ,  6.31817    ,  2.39706    ,  0.200057   ])
80056   , -1965.06    , array([ 0.656688   ,  0.158938   ,  6.31817    ,  2.39706    ,  0.0926741  ])
80057   , -1885.08    , array([ 0.656688   ,  0.158938   ,  6.31817    ,  2.39706    ,  0.112307   ])
80058   , -1883.1     , array([ 0.656688   ,  0.158938   ,  6.31817    ,  2.39706    ,  0.11084    ])
80059   , -1882.2     , array([ 0.656688   ,  0.158938   ,  6.31817    ,  2.39706    ,  0.107869   ])
80060   , -1894.42    , array([ 0.656688   ,  0.158938   ,  6.31817    ,  2.39706    ,  0.102065   ])
80061   , -1882.01    , array([ 0.656688   ,  0.158938   ,  6.31817    ,  2.39706    ,  0.108718   ])
80062   , -1882.02    , array([ 0.656688   ,  0.158938   ,  6.31817    ,  2.39706    ,  0.108902   ])
80063   , -1882.02    , array([ 0.656688   ,  0.158938   ,  6.31817    ,  2.39706    ,  0.108534   ])
80065   , -1882.01    , array([ 0.656688   ,  0.158938   ,  6.31817    ,  2.39706    ,  0.108718   ])
80066   , -2541.73    , array([ 1.65669    ,  0.158938   ,  6.31817    ,  2.39706    ,  0.108718   ])
80068   , -1882.01    , array([ 0.656688   ,  0.158938   ,  6.31817    ,  2.39706    ,  0.108718   ])
80069   , -77025.2    , array([ 0.0386544  ,  0.158938   ,  6.31817    ,  2.39706    ,  0.108718   ])
80070   , -1806.72    , array([ 1.03865    ,  0.158938   ,  6.31817    ,  2.39706    ,  0.108718   ])
80071   , -1698.51    , array([ 0.848483   ,  0.158938   ,  6.31817    ,  2.39706    ,  0.108718   ])
80072   , -1702.15    , array([ 0.872344   ,  0.158938   ,  6.31817    ,  2.39706    ,  0.108718   ])
80073   , -1698.5     , array([ 0.829917   ,  0.158938   ,  6.31817    ,  2.39706    ,  0.108718   ])
80074   , -1698.17    , array([ 0.83913    ,  0.158938   ,  6.31817    ,  2.39706    ,  0.108718   ])
80075   , -1698.19    , array([ 0.840954   ,  0.158938   ,  6.31817    ,  2.39706    ,  0.108718   ])
80076   , -1698.19    , array([ 0.837305   ,  0.158938   ,  6.31817    ,  2.39706    ,  0.108718   ])
80077   , -1698.17    , array([ 0.83913    ,  0.158938   ,  6.31817    ,  2.39706    ,  0.108718   ])
80078   , -32851.4    , array([ 0.83913    ,  1.15894    ,  6.31817    ,  2.39706    ,  0.108718   ])
80080   , -1698.17    , array([ 0.83913    ,  0.158938   ,  6.31817    ,  2.39706    ,  0.108718   ])
80082   , -18074.5    , array([ 0.83913    ,  0.540904   ,  6.31817    ,  2.39706    ,  0.108718   ])
80083   , -9830.21    , array([ 0.83913    ,  0.349789   ,  6.31817    ,  2.39706    ,  0.108718   ])
80085   , -10718      , array([ 0.83913    ,  0.0687681  ,  6.31817    ,  2.39706    ,  0.108718   ])
80086   , -3199.82    , array([ 0.83913    ,  0.21239    ,  6.31817    ,  2.39706    ,  0.108718   ])
80087   , -2151.79    , array([ 0.83913    ,  0.124496   ,  6.31817    ,  2.39706    ,  0.108718   ])
80088   , -1672.81    , array([ 0.83913    ,  0.155744   ,  6.31817    ,  2.39706    ,  0.108718   ])
80089   , -1656.09    , array([ 0.83913    ,  0.151464   ,  6.31817    ,  2.39706    ,  0.108718   ])
80090   , -1655.23    , array([ 0.83913    ,  0.149985   ,  6.31817    ,  2.39706    ,  0.108718   ])
80091   , -1655.2     , array([ 0.83913    ,  0.150222   ,  6.31817    ,  2.39706    ,  0.108718   ])
80092   , -1655.2     , array([ 0.83913    ,  0.15031    ,  6.31817    ,  2.39706    ,  0.108718   ])
80093   , -1655.2     , array([ 0.83913    ,  0.150135   ,  6.31817    ,  2.39706    ,  0.108718   ])
80094   , -1655.2     , array([ 0.83913    ,  0.150222   ,  6.31817    ,  2.39706    ,  0.108718   ])
80095   , -1817.54    , array([ 0.83913    ,  0.150222   ,  7.31817    ,  2.39706    ,  0.108718   ])
80096   , -1702.05    , array([ 0.83913    ,  0.150222   ,  4.70013    ,  2.39706    ,  0.108718   ])
80097   , -1655.2     , array([ 0.83913    ,  0.150222   ,  6.31817    ,  2.39706    ,  0.108718   ])
80098   , -1622.25    , array([ 0.83913    ,  0.150222   ,  5.70013    ,  2.39706    ,  0.108718   ])
80099   , -1631.78    , array([ 0.83913    ,  0.150222   ,  5.31817    ,  2.39706    ,  0.108718   ])
80100   , -1622.13    , array([ 0.83913    ,  0.150222   ,  5.66853    ,  2.39706    ,  0.108718   ])
80101   , -1622.12    , array([ 0.83913    ,  0.150222   ,  5.6609     ,  2.39706    ,  0.108718   ])
80102   , -1622.13    , array([ 0.83913    ,  0.150222   ,  5.65433    ,  2.39706    ,  0.108718   ])
80103   , -1622.12    , array([ 0.83913    ,  0.150222   ,  5.6609     ,  2.39706    ,  0.108718   ])
80104   , -1744.57    , array([ 0.83913    ,  0.150222   ,  5.6609     ,  3.39706    ,  0.108718   ])
80105   , -2481.57    , array([ 0.83913    ,  0.150222   ,  5.6609     ,  0.779025   ,  0.108718   ])
80106   , -1622.12    , array([ 0.83913    ,  0.150222   ,  5.6609     ,  2.39706    ,  0.108718   ])
80107   , -1752.83    , array([ 0.83913    ,  0.150222   ,  5.6609     ,  1.77902    ,  0.108718   ])
80108   , -1627.23    , array([ 0.83913    ,  0.150222   ,  5.6609     ,  2.77902    ,  0.108718   ])
80109   , -1617.21    , array([ 0.83913    ,  0.150222   ,  5.6609     ,  2.55832    ,  0.108718   ])
80110   , -1617.2     , array([ 0.83913    ,  0.150222   ,  5.6609     ,  2.55439    ,  0.108718   ])
80111   , -1617.2     , array([ 0.83913    ,  0.150222   ,  5.6609     ,  2.5519     ,  0.108718   ])
80112   , -1617.2     , array([ 0.83913    ,  0.150222   ,  5.6609     ,  2.55036    ,  0.108718   ])
80113   , -1617.2     , array([ 0.83913    ,  0.150222   ,  5.6609     ,  2.5519     ,  0.108718   ])
80114   , -6615.31    , array([ 0.83913    ,  0.150222   ,  5.6609     ,  2.5519     ,  1.10872    ])
80116   , -1617.2     , array([ 0.83913    ,  0.150222   ,  5.6609     ,  2.5519     ,  0.108718   ])
80118   , -5104.32    , array([ 0.83913    ,  0.150222   ,  5.6609     ,  2.5519     ,  0.490684   ])
80119   , -3907.69    , array([ 0.83913    ,  0.150222   ,  5.6609     ,  2.5519     ,  0.299672   ])
80121   , -17792.4    , array([ 0.83913    ,  0.150222   ,  5.6609     ,  2.5519     ,  0.0185477  ])
80122   , -2564.92    , array([ 0.83913    ,  0.150222   ,  5.6609     ,  2.5519     ,  0.181656   ])
80123   , -1857.84    , array([ 0.83913    ,  0.150222   ,  5.6609     ,  2.5519     ,  0.0742758  ])
80124   , -1628.56    , array([ 0.83913    ,  0.150222   ,  5.6609     ,  2.5519     ,  0.110271   ])
80125   , -1576.21    , array([ 0.83913    ,  0.150222   ,  5.6609     ,  2.5519     ,  0.100292   ])
80126   , -1589.57    , array([ 0.83913    ,  0.150222   ,  5.6609     ,  2.5519     ,  0.0903548  ])
80127   , -1571.93    , array([ 0.83913    ,  0.150222   ,  5.6609     ,  2.5519     ,  0.097311   ])
80128   , -1571.86    , array([ 0.83913    ,  0.150222   ,  5.6609     ,  2.5519     ,  0.097005   ])
80129   , -1571.84    , array([ 0.83913    ,  0.150222   ,  5.6609     ,  2.5519     ,  0.0968008  ])
80130   , -1571.85    , array([ 0.83913    ,  0.150222   ,  5.6609     ,  2.5519     ,  0.0966816  ])
80131   , -1478.53    , array([ 1.02157    ,  0.141507   ,  5.00364    ,  2.70675    ,  0.0848839  ])
80132   , -1571.84    , array([ 0.83913    ,  0.150222   ,  5.6609     ,  2.5519     ,  0.0968008  ])
80133   , -1478.53    , array([ 1.02157    ,  0.141507   ,  5.00364    ,  2.70675    ,  0.0848839  ])
80134   , -1508.17    , array([ 1.31677    ,  0.127405   ,  3.94017    ,  2.9573     ,  0.0656019  ])
80135   , -1478.53    , array([ 1.02157    ,  0.141507   ,  5.00364    ,  2.70675    ,  0.0848839  ])
80136   , -1469.05    , array([ 1.13433    ,  0.13612    ,  4.59743    ,  2.80245    ,  0.0775188  ])
80137   , -1475.82    , array([ 1.20401    ,  0.132791   ,  4.34638    ,  2.8616     ,  0.072967   ])
80138   , -1468.81    , array([ 1.12027    ,  0.136792   ,  4.64808    ,  2.79052    ,  0.0784372  ])
80139   , -1468.81    , array([ 1.11746    ,  0.136926   ,  4.65821    ,  2.78813    ,  0.0786208  ])
80140   , -1468.82    , array([ 1.11467    ,  0.137059   ,  4.66824    ,  2.78577    ,  0.0788026  ])
80141   , -1468.81    , array([ 1.11746    ,  0.136926   ,  4.65821    ,  2.78813    ,  0.0786208  ])
80142   , -7674.52    , array([ 1.11746    ,  0.136926   ,  4.65821    ,  2.78813    ,  1.07862    ])
80144   , -1468.81    , array([ 1.11746    ,  0.136926   ,  4.65821    ,  2.78813    ,  0.0786208  ])
80146   , -6021.34    , array([ 1.11746    ,  0.136926   ,  4.65821    ,  2.78813    ,  0.460587   ])
80147   , -4522.47    , array([ 1.11746    ,  0.136926   ,  4.65821    ,  2.78813    ,  0.269567   ])
80150   , -2685.45    , array([ 1.11746    ,  0.136926   ,  4.65821    ,  2.78813    ,  0.151556   ])
80151   , -3539.14    , array([ 1.11746    ,  0.136926   ,  4.65821    ,  2.78813    ,  0.044179   ])
80152   , -1697.5     , array([ 1.11746    ,  0.136926   ,  4.65821    ,  2.78813    ,  0.103426   ])
80153   , -1685.91    , array([ 1.11746    ,  0.136926   ,  4.65821    ,  2.78813    ,  0.0654652  ])
80154   , -1471.35    , array([ 1.11746    ,  0.136926   ,  4.65821    ,  2.78813    ,  0.0842201  ])
80155   , -1464.81    , array([ 1.11746    ,  0.136926   ,  4.65821    ,  2.78813    ,  0.081169   ])
80156   , -1464.8     , array([ 1.11746    ,  0.136926   ,  4.65821    ,  2.78813    ,  0.0810776  ])
80157   , -1464.79    , array([ 1.11746    ,  0.136926   ,  4.65821    ,  2.78813    ,  0.081013   ])
80158   , -1464.8     , array([ 1.11746    ,  0.136926   ,  4.65821    ,  2.78813    ,  0.0809891  ])
80159   , -1464.8     , array([ 1.11746    ,  0.136926   ,  4.65821    ,  2.78813    ,  0.081037   ])
80160   , -1464.79    , array([ 1.11746    ,  0.136926   ,  4.65821    ,  2.78813    ,  0.081013   ])
80161   , -35645.4    , array([ 1.11746    ,  1.13693    ,  4.65821    ,  2.78813    ,  0.081013   ])
80163   , -1464.79    , array([ 1.11746    ,  0.136926   ,  4.65821    ,  2.78813    ,  0.081013   ])
80165   , -19937.7    , array([ 1.11746    ,  0.518892   ,  4.65821    ,  2.78813    ,  0.081013   ])
80166   , -10788.9    , array([ 1.11746    ,  0.32776    ,  4.65821    ,  2.78813    ,  0.081013   ])
80168   , -17207.4    , array([ 1.11746    ,  0.0467564  ,  4.65821    ,  2.78813    ,  0.081013   ])
80169   , -3703.97    , array([ 1.11746    ,  0.20162    ,  4.65821    ,  2.78813    ,  0.081013   ])
80170   , -2340       , array([ 1.11746    ,  0.102484   ,  4.65821    ,  2.78813    ,  0.081013   ])
80171   , -1500.78    , array([ 1.11746    ,  0.14069    ,  4.65821    ,  2.78813    ,  0.081013   ])
80172   , -1449.02    , array([ 1.11746    ,  0.133586   ,  4.65821    ,  2.78813    ,  0.081013   ])
80173   , -1447.31    , array([ 1.11746    ,  0.131787   ,  4.65821    ,  2.78813    ,  0.081013   ])
80174   , -1447.25    , array([ 1.11746    ,  0.132038   ,  4.65821    ,  2.78813    ,  0.081013   ])
80175   , -1447.25    , array([ 1.11746    ,  0.132087   ,  4.65821    ,  2.78813    ,  0.081013   ])
80176   , -1447.25    , array([ 1.11746    ,  0.13199    ,  4.65821    ,  2.78813    ,  0.081013   ])
80177   , -1447.25    , array([ 1.11746    ,  0.132038   ,  4.65821    ,  2.78813    ,  0.081013   ])
80178   , -1507.87    , array([ 1.11746    ,  0.132038   ,  5.65821    ,  2.78813    ,  0.081013   ])
80179   , -1631.65    , array([ 1.11746    ,  0.132038   ,  3.04018    ,  2.78813    ,  0.081013   ])
80180   , -1447.25    , array([ 1.11746    ,  0.132038   ,  4.65821    ,  2.78813    ,  0.081013   ])
80181   , -1471.56    , array([ 1.11746    ,  0.132038   ,  4.04018    ,  2.78813    ,  0.081013   ])
80182   , -1456.81    , array([ 1.11746    ,  0.132038   ,  5.04018    ,  2.78813    ,  0.081013   ])
80183   , -1447.24    , array([ 1.11746    ,  0.132038   ,  4.6547     ,  2.78813    ,  0.081013   ])
80184   , -1447.24    , array([ 1.11746    ,  0.132038   ,  4.64596    ,  2.78813    ,  0.081013   ])
80185   , -1447.24    , array([ 1.11746    ,  0.132038   ,  4.64625    ,  2.78813    ,  0.081013   ])
80186   , -1447.24    , array([ 1.11746    ,  0.132038   ,  4.64637    ,  2.78813    ,  0.081013   ])
80187   , -1447.24    , array([ 1.11746    ,  0.132038   ,  4.64613    ,  2.78813    ,  0.081013   ])
80188   , -1447.24    , array([ 1.11746    ,  0.132038   ,  4.64625    ,  2.78813    ,  0.081013   ])
80189   , -1580.47    , array([ 1.11746    ,  0.132038   ,  4.64625    ,  3.78813    ,  0.081013   ])
80190   , -1867.49    , array([ 1.11746    ,  0.132038   ,  4.64625    ,  1.1701     ,  0.081013   ])
80191   , -1447.24    , array([ 1.11746    ,  0.132038   ,  4.64625    ,  2.78813    ,  0.081013   ])
80192   , -1494.92    , array([ 1.11746    ,  0.132038   ,  4.64625    ,  2.1701     ,  0.081013   ])
80193   , -1470.99    , array([ 1.11746    ,  0.132038   ,  4.64625    ,  3.1701     ,  0.081013   ])
80194   , -1446.96    , array([ 1.11746    ,  0.132038   ,  4.64625    ,  2.75597    ,  0.081013   ])
80195   , -1446.93    , array([ 1.11746    ,  0.132038   ,  4.64625    ,  2.73876    ,  0.081013   ])
80196   , -1446.93    , array([ 1.11746    ,  0.132038   ,  4.64625    ,  2.74042    ,  0.081013   ])
80197   , -1446.93    , array([ 1.11746    ,  0.132038   ,  4.64625    ,  2.7409     ,  0.081013   ])
80198   , -1446.93    , array([ 1.11746    ,  0.132038   ,  4.64625    ,  2.73995    ,  0.081013   ])
80199   , -1446.93    , array([ 1.11746    ,  0.132038   ,  4.64625    ,  2.74042    ,  0.081013   ])
80200   , -1454.84    , array([ 1.39578    ,  0.118742   ,  3.64355    ,  2.97665    ,  0.0628331  ])
80201   , -1818.42    , array([ 0.667115   ,  0.153552   ,  6.26864    ,  2.3582     ,  0.110429   ])
80202   , -1446.93    , array([ 1.11746    ,  0.132038   ,  4.64625    ,  2.74042    ,  0.081013   ])
80203   , -1487.5     , array([ 0.945441   ,  0.140256   ,  5.26594    ,  2.59443    ,  0.0922489  ])
80204   , -1441.49    , array([ 1.22377    ,  0.12696    ,  4.26325    ,  2.83065    ,  0.0740689  ])
80205   , -1441.65    , array([ 1.20918    ,  0.127657   ,  4.31582    ,  2.81827    ,  0.075022   ])
80206   , -1441.47    , array([ 1.22959    ,  0.126682   ,  4.24227    ,  2.8356     ,  0.0736885  ])
80207   , -1441.47    , array([ 1.23071    ,  0.126628   ,  4.23823    ,  2.83655    ,  0.0736153  ])
80208   , -1441.47    , array([ 1.23184    ,  0.126574   ,  4.23415    ,  2.83751    ,  0.0735413  ])
80209   , -1472.9     , array([ 1.62229    ,  0.103034   ,  2.81556    ,  3.12119    ,  0.0504298  ])
80210   , -1441.47    , array([ 1.23071    ,  0.126628   ,  4.23823    ,  2.83655    ,  0.0736153  ])
80211   , -8759.13    , array([ 1.23071    ,  0.126628   ,  4.23823    ,  2.83655    ,  1.07362    ])
80213   , -1441.47    , array([ 1.23071    ,  0.126628   ,  4.23823    ,  2.83655    ,  0.0736153  ])
80215   , -7069.92    , array([ 1.23071    ,  0.126628   ,  4.23823    ,  2.83655    ,  0.455581   ])
80216   , -5468.06    , array([ 1.23071    ,  0.126628   ,  4.23823    ,  2.83655    ,  0.264553   ])
80219   , -3281.52    , array([ 1.23071    ,  0.126628   ,  4.23823    ,  2.83655    ,  0.146547   ])
80220   , -3623.3     , array([ 1.23071    ,  0.126628   ,  4.23823    ,  2.83655    ,  0.0391734  ])
80221   , -1821.66    , array([ 1.23071    ,  0.126628   ,  4.23823    ,  2.83655    ,  0.0947894  ])
80222   , -1561.77    , array([ 1.23071    ,  0.126628   ,  4.23823    ,  2.83655    ,  0.0604597  ])
80223   , -1437.42    , array([ 1.23071    ,  0.126628   ,  4.23823    ,  2.83655    ,  0.0728295  ])
80224   , -1432.38    , array([ 1.23071    ,  0.126628   ,  4.23823    ,  2.83655    ,  0.0709943  ])
80225   , -1446.1     , array([ 1.23071    ,  0.126628   ,  4.23823    ,  2.83655    ,  0.0669704  ])
80226   , -1432.15    , array([ 1.23071    ,  0.126628   ,  4.23823    ,  2.83655    ,  0.0704104  ])
80227   , -1432.14    , array([ 1.23071    ,  0.126628   ,  4.23823    ,  2.83655    ,  0.0705057  ])
80228   , -1432.14    , array([ 1.23071    ,  0.126628   ,  4.23823    ,  2.83655    ,  0.0705368  ])
80229   , -1432.14    , array([ 1.23071    ,  0.126628   ,  4.23823    ,  2.83655    ,  0.0704746  ])
80230   , -1432.14    , array([ 1.23071    ,  0.126628   ,  4.23823    ,  2.83655    ,  0.0705057  ])
80231   , -37317.5    , array([ 1.23071    ,  1.12663    ,  4.23823    ,  2.83655    ,  0.0705057  ])
80233   , -1432.14    , array([ 1.23071    ,  0.126628   ,  4.23823    ,  2.83655    ,  0.0705057  ])
80235   , -21207.1    , array([ 1.23071    ,  0.508594   ,  4.23823    ,  2.83655    ,  0.0705057  ])
80236   , -11546.7    , array([ 1.23071    ,  0.317451   ,  4.23823    ,  2.83655    ,  0.0705057  ])
80238   , -23334.4    , array([ 1.23071    ,  0.0364581  ,  4.23823    ,  2.83655    ,  0.0705057  ])
80239   , -4334.44    , array([ 1.23071    ,  0.199516   ,  4.23823    ,  2.83655    ,  0.0705057  ])
80240   , -2604.42    , array([ 1.23071    ,  0.0921861  ,  4.23823    ,  2.83655    ,  0.0705057  ])
80241   , -1518.01    , array([ 1.23071    ,  0.134139   ,  4.23823    ,  2.83655    ,  0.0705057  ])
80242   , -1425.37    , array([ 1.23071    ,  0.125109   ,  4.23823    ,  2.83655    ,  0.0705057  ])
80243   , -1422.5     , array([ 1.23071    ,  0.12298    ,  4.23823    ,  2.83655    ,  0.0705057  ])
80244   , -1422.42    , array([ 1.23071    ,  0.123254   ,  4.23823    ,  2.83655    ,  0.0705057  ])
80245   , -1422.42    , array([ 1.23071    ,  0.123288   ,  4.23823    ,  2.83655    ,  0.0705057  ])
80246   , -1422.42    , array([ 1.23071    ,  0.123321   ,  4.23823    ,  2.83655    ,  0.0705057  ])
80247   , -1422.42    , array([ 1.23071    ,  0.123288   ,  4.23823    ,  2.83655    ,  0.0705057  ])
80248   , -1461.86    , array([ 1.23071    ,  0.123288   ,  5.23823    ,  2.83655    ,  0.0705057  ])
80249   , -1606.73    , array([ 1.23071    ,  0.123288   ,  2.6202     ,  2.83655    ,  0.0705057  ])
80250   , -1422.42    , array([ 1.23071    ,  0.123288   ,  4.23823    ,  2.83655    ,  0.0705057  ])
80251   , -1452.49    , array([ 1.23071    ,  0.123288   ,  3.6202     ,  2.83655    ,  0.0705057  ])
80252   , -1425.46    , array([ 1.23071    ,  0.123288   ,  4.6202     ,  2.83655    ,  0.0705057  ])
80253   , -1421.68    , array([ 1.23071    ,  0.123288   ,  4.35891    ,  2.83655    ,  0.0705057  ])
80254   , -1421.68    , array([ 1.23071    ,  0.123288   ,  4.35531    ,  2.83655    ,  0.0705057  ])
80255   , -1421.68    , array([ 1.23071    ,  0.123288   ,  4.35414    ,  2.83655    ,  0.0705057  ])
80256   , -1421.68    , array([ 1.23071    ,  0.123288   ,  4.35298    ,  2.83655    ,  0.0705057  ])
80257   , -1421.68    , array([ 1.23071    ,  0.123288   ,  4.35414    ,  2.83655    ,  0.0705057  ])
80258   , -1543.2     , array([ 1.23071    ,  0.123288   ,  4.35414    ,  3.83655    ,  0.0705057  ])
80259   , -1741.63    , array([ 1.23071    ,  0.123288   ,  4.35414    ,  1.21852    ,  0.0705057  ])
80260   , -1421.68    , array([ 1.23071    ,  0.123288   ,  4.35414    ,  2.83655    ,  0.0705057  ])
80261   , -1453.74    , array([ 1.23071    ,  0.123288   ,  4.35414    ,  2.21852    ,  0.0705057  ])
80262   , -1445.48    , array([ 1.23071    ,  0.123288   ,  4.35414    ,  3.21852    ,  0.0705057  ])
80263   , -1420.65    , array([ 1.23071    ,  0.123288   ,  4.35414    ,  2.75466    ,  0.0705057  ])
80264   , -1420.63    , array([ 1.23071    ,  0.123288   ,  4.35414    ,  2.73718    ,  0.0705057  ])
80265   , -1420.63    , array([ 1.23071    ,  0.123288   ,  4.35414    ,  2.74017    ,  0.0705057  ])
80266   , -1420.63    , array([ 1.23071    ,  0.123288   ,  4.35414    ,  2.74114    ,  0.0705057  ])
80267   , -1420.63    , array([ 1.23071    ,  0.123288   ,  4.35414    ,  2.73921    ,  0.0705057  ])
80268   , -1420.63    , array([ 1.23071    ,  0.123288   ,  4.35414    ,  2.74017    ,  0.0705057  ])
80269   , -1479.26    , array([ 1.50904    ,  0.109992   ,  3.35145    ,  2.9764     ,  0.0523257  ])
80270   , -1594.66    , array([ 0.780371   ,  0.144802   ,  5.97653    ,  2.35795    ,  0.0999215  ])
80271   , -1420.63    , array([ 1.23071    ,  0.123288   ,  4.35414    ,  2.74017    ,  0.0705057  ])
80272   , -1439.45    , array([ 1.0587     ,  0.131506   ,  4.97384    ,  2.59418    ,  0.0817416  ])
80273   , -1423.21    , array([ 1.33702    ,  0.118209   ,  3.97115    ,  2.8304     ,  0.0635616  ])
80274   , -1420.1     , array([ 1.25861    ,  0.121955   ,  4.25365    ,  2.76385    ,  0.0686837  ])
80275   , -1420.08    , array([ 1.26194    ,  0.121796   ,  4.24164    ,  2.76668    ,  0.0684659  ])
80276   , -1420.08    , array([ 1.26456    ,  0.121671   ,  4.23218    ,  2.7689     ,  0.0682945  ])
80277   , -1420.08    , array([ 1.26423    ,  0.121687   ,  4.2334     ,  2.76862    ,  0.0683166  ])
80278   , -1420.08    , array([ 1.26389    ,  0.121703   ,  4.23461    ,  2.76833    ,  0.0683385  ])
80279   , -1401.87    , array([ 1.29774    ,  0.116746   ,  4.22857    ,  2.70068    ,  0.0630179  ])
80280   , -1420.08    , array([ 1.26423    ,  0.121687   ,  4.2334     ,  2.76862    ,  0.0683166  ])
80281   , -1401.87    , array([ 1.29774    ,  0.116746   ,  4.22857    ,  2.70068    ,  0.0630179  ])
80282   , -1385.53    , array([ 1.35197    ,  0.108751   ,  4.22076    ,  2.59077    ,  0.0544444  ])
80283   , -1391.47    , array([ 1.37947    ,  0.104697   ,  4.2168     ,  2.53503    ,  0.050097   ])
80284   , -1385.53    , array([ 1.35197    ,  0.108751   ,  4.22076    ,  2.59077    ,  0.0544444  ])
80285   , -1388.82    , array([ 1.33125    ,  0.111805   ,  4.22374    ,  2.63275    ,  0.0577192  ])
80286   , -1386.08    , array([ 1.36247    ,  0.107203   ,  4.21924    ,  2.56948    ,  0.0527838  ])
80287   , -1385.5     , array([ 1.35335    ,  0.108548   ,  4.22056    ,  2.58797    ,  0.0542261  ])
80288   , -1385.5     , array([ 1.35424    ,  0.108416   ,  4.22043    ,  2.58616    ,  0.0540852  ])
80289   , -1385.51    , array([ 1.35514    ,  0.108284   ,  4.2203     ,  2.58434    ,  0.0539428  ])
80290   , -1385.5     , array([ 1.35424    ,  0.108416   ,  4.22043    ,  2.58616    ,  0.0540852  ])
80291   , -13418.8    , array([ 1.35424    ,  0.108416   ,  4.22043    ,  2.58616    ,  1.05409    ])
80293   , -1385.5     , array([ 1.35424    ,  0.108416   ,  4.22043    ,  2.58616    ,  0.0540852  ])
80295   , -10994.4    , array([ 1.35424    ,  0.108416   ,  4.22043    ,  2.58616    ,  0.436051   ])
80296   , -8490.39    , array([ 1.35424    ,  0.108416   ,  4.22043    ,  2.58616    ,  0.24499    ])
80299   , -4720.73    , array([ 1.35424    ,  0.108416   ,  4.22043    ,  2.58616    ,  0.127004   ])
80300   , -9957.42    , array([ 1.35424    ,  0.108416   ,  4.22043    ,  2.58616    ,  0.0196433  ])
80301   , -2333.22    , array([ 1.35424    ,  0.108416   ,  4.22043    ,  2.58616    ,  0.0819379  ])
80302   , -1998.17    , array([ 1.35424    ,  0.108416   ,  4.22043    ,  2.58616    ,  0.0409295  ])
80303   , -1429.01    , array([ 1.35424    ,  0.108416   ,  4.22043    ,  2.58616    ,  0.0593551  ])
80304   , -1385.68    , array([ 1.35424    ,  0.108416   ,  4.22043    ,  2.58616    ,  0.0553328  ])
80305   , -1384.71    , array([ 1.35424    ,  0.108416   ,  4.22043    ,  2.58616    ,  0.0546725  ])
80306   , -1384.71    , array([ 1.35424    ,  0.108416   ,  4.22043    ,  2.58616    ,  0.0546784  ])
80307   , -1384.71    , array([ 1.35424    ,  0.108416   ,  4.22043    ,  2.58616    ,  0.0546667  ])
80308   , -1384.71    , array([ 1.35424    ,  0.108416   ,  4.22043    ,  2.58616    ,  0.0546725  ])
80309   , -1802.58    , array([ 1.63257    ,  0.0951202  ,  3.21774    ,  2.82239    ,  0.0364926  ])
80310   , -1492.56    , array([ 0.903899   ,  0.12993    ,  5.84282    ,  2.20394    ,  0.0840884  ])
80311   , -1384.71    , array([ 1.35424    ,  0.108416   ,  4.22043    ,  2.58616    ,  0.0546725  ])
80312   , -1396.03    , array([ 1.18223    ,  0.116634   ,  4.84013    ,  2.44016    ,  0.0659084  ])
80313   , -1432.19    , array([ 1.46055    ,  0.103338   ,  3.83744    ,  2.67639    ,  0.0477284  ])
80314   , -1381.71    , array([ 1.28611    ,  0.111671   ,  4.46588    ,  2.52834    ,  0.0591227  ])
80315   , -1381.26    , array([ 1.29936    ,  0.111038   ,  4.41813    ,  2.53958    ,  0.0582571  ])
80316   , -1381.2     , array([ 1.30466    ,  0.110785   ,  4.39904    ,  2.54408    ,  0.0579109  ])
80317   , -1381.2     , array([ 1.30657    ,  0.110694   ,  4.39216    ,  2.5457     ,  0.0577862  ])
80318   , -1381.2     , array([ 1.3061     ,  0.110716   ,  4.39388    ,  2.5453     ,  0.0578173  ])
80319   , -1381.2     , array([ 1.30561    ,  0.110739   ,  4.39561    ,  2.54489    ,  0.0578488  ])
80320   , -1381.2     , array([ 1.3061     ,  0.110716   ,  4.39388    ,  2.5453     ,  0.0578173  ])
80321   , -1428.52    , array([ 1.3061     ,  0.110716   ,  5.39388    ,  2.5453     ,  0.0578173  ])
80322   , -1485.96    , array([ 1.3061     ,  0.110716   ,  2.77584    ,  2.5453     ,  0.0578173  ])
80323   , -1381.2     , array([ 1.3061     ,  0.110716   ,  4.39388    ,  2.5453     ,  0.0578173  ])
80324   , -1392.17    , array([ 1.3061     ,  0.110716   ,  3.77584    ,  2.5453     ,  0.0578173  ])
80325   , -1390.31    , array([ 1.3061     ,  0.110716   ,  4.77584    ,  2.5453     ,  0.0578173  ])
80326   , -1380.76    , array([ 1.3061     ,  0.110716   ,  4.29816    ,  2.5453     ,  0.0578173  ])
80327   , -1380.76    , array([ 1.3061     ,  0.110716   ,  4.28923    ,  2.5453     ,  0.0578173  ])
80328   , -1380.76    , array([ 1.3061     ,  0.110716   ,  4.29078    ,  2.5453     ,  0.0578173  ])
80329   , -1380.76    , array([ 1.3061     ,  0.110716   ,  4.29181    ,  2.5453     ,  0.0578173  ])
80330   , -1380.76    , array([ 1.3061     ,  0.110716   ,  4.29078    ,  2.5453     ,  0.0578173  ])
80331   , -1451.52    , array([ 1.3061     ,  0.110716   ,  4.29078    ,  3.5453     ,  0.0578173  ])
80332   , -1681.79    , array([ 1.3061     ,  0.110716   ,  4.29078    ,  0.927265   ,  0.0578173  ])
80333   , -1380.76    , array([ 1.3061     ,  0.110716   ,  4.29078    ,  2.5453     ,  0.0578173  ])
80334   , -1424.26    , array([ 1.3061     ,  0.110716   ,  4.29078    ,  1.92726    ,  0.0578173  ])
80335   , -1389.2     , array([ 1.3061     ,  0.110716   ,  4.29078    ,  2.92726    ,  0.0578173  ])
80336   , -1380.43    , array([ 1.3061     ,  0.110716   ,  4.29078    ,  2.6168     ,  0.0578173  ])
80337   , -1380.42    , array([ 1.3061     ,  0.110716   ,  4.29078    ,  2.60785    ,  0.0578173  ])
80338   , -1380.42    , array([ 1.3061     ,  0.110716   ,  4.29078    ,  2.60701    ,  0.0578173  ])
80339   , -1380.42    , array([ 1.3061     ,  0.110716   ,  4.29078    ,  2.6064     ,  0.0578173  ])
80340   , -1380.42    , array([ 1.3061     ,  0.110716   ,  4.29078    ,  2.60701    ,  0.0578173  ])
80341   , -1417.69    , array([ 1.39611    ,  0.0974456  ,  4.27781    ,  2.42456    ,  0.0435859  ])
80342   , -1464.52    , array([ 1.16045    ,  0.132189   ,  4.31177    ,  2.90223    ,  0.0808442  ])
80343   , -1380.42    , array([ 1.3061     ,  0.110716   ,  4.29078    ,  2.60701    ,  0.0578173  ])
80344   , -1406.51    , array([ 1.25046    ,  0.118918   ,  4.2988     ,  2.71978    ,  0.0666128  ])
80345   , -1374.35    , array([ 1.34048    ,  0.105647   ,  4.28583    ,  2.53732    ,  0.0523814  ])
80346   , -1375.67    , array([ 1.35047    ,  0.104175   ,  4.28439    ,  2.51707    ,  0.0508021  ])
80347   , -1374.32    , array([ 1.33597    ,  0.106312   ,  4.28648    ,  2.54647    ,  0.0530947  ])
80348   , -1374.29    , array([ 1.33783    ,  0.106037   ,  4.28621    ,  2.54269    ,  0.0527997  ])
80349   , -1374.29    , array([ 1.33751    ,  0.106084   ,  4.28625    ,  2.54333    ,  0.0528499  ])
80350   , -1374.29    , array([ 1.33815    ,  0.105991   ,  4.28616    ,  2.54204    ,  0.0527496  ])
80351   , -1513.35    , array([ 1.41144    ,  0.0903879  ,  4.33901    ,  2.31675    ,  0.0372829  ])
80352   , -1374.29    , array([ 1.33783    ,  0.106037   ,  4.28621    ,  2.54269    ,  0.0527997  ])
80353   , -14109.1    , array([ 1.33783    ,  0.106037   ,  4.28621    ,  2.54269    ,  1.0528     ])
80355   , -1374.29    , array([ 1.33783    ,  0.106037   ,  4.28621    ,  2.54269    ,  0.0527997  ])
80357   , -11599      , array([ 1.33783    ,  0.106037   ,  4.28621    ,  2.54269    ,  0.434766   ])
80358   , -8966.3     , array([ 1.33783    ,  0.106037   ,  4.28621    ,  2.54269    ,  0.2437     ])
80361   , -4981.1     , array([ 1.33783    ,  0.106037   ,  4.28621    ,  2.54269    ,  0.125717   ])
80362   , -10708.9    , array([ 1.33783    ,  0.106037   ,  4.28621    ,  2.54269    ,  0.0183579  ])
80363   , -2425.34    , array([ 1.33783    ,  0.106037   ,  4.28621    ,  2.54269    ,  0.0806517  ])
80364   , -2001.97    , array([ 1.33783    ,  0.106037   ,  4.28621    ,  2.54269    ,  0.0396441  ])
80365   , -1423.12    , array([ 1.33783    ,  0.106037   ,  4.28621    ,  2.54269    ,  0.0576705  ])
80366   , -1375.46    , array([ 1.33783    ,  0.106037   ,  4.28621    ,  2.54269    ,  0.0536702  ])
80367   , -1374.23    , array([ 1.33783    ,  0.106037   ,  4.28621    ,  2.54269    ,  0.0529274  ])
80368   , -1374.23    , array([ 1.33783    ,  0.106037   ,  4.28621    ,  2.54269    ,  0.0529606  ])
80369   , -1374.23    , array([ 1.33783    ,  0.106037   ,  4.28621    ,  2.54269    ,  0.0529589  ])
80370   , -1374.23    , array([ 1.33783    ,  0.106037   ,  4.28621    ,  2.54269    ,  0.0529573  ])
80371   , -1374.23    , array([ 1.33783    ,  0.106037   ,  4.28621    ,  2.54269    ,  0.0529589  ])
80372   , -1856.27    , array([ 1.61616    ,  0.0927413  ,  3.28351    ,  2.77891    ,  0.034779   ])
80373   , -1501.66    , array([ 0.887491   ,  0.127551   ,  5.9086     ,  2.16046    ,  0.0823748  ])
80374   , -1374.23    , array([ 1.33783    ,  0.106037   ,  4.28621    ,  2.54269    ,  0.0529589  ])
80375   , -1390.23    , array([ 1.16582    ,  0.114255   ,  4.9059     ,  2.39669    ,  0.0641948  ])
80376   , -1427.26    , array([ 1.44414    ,  0.100959   ,  3.90321    ,  2.63292    ,  0.0460148  ])
80377   , -1371.73    , array([ 1.2737     ,  0.109101   ,  4.51726    ,  2.48825    ,  0.0571482  ])
80378   , -1371.06    , array([ 1.28984    ,  0.10833    ,  4.45909    ,  2.50196    ,  0.0560935  ])
80379   , -1371.01    , array([ 1.29419    ,  0.108122   ,  4.44343    ,  2.50565    ,  0.0558095  ])
80380   , -1371       , array([ 1.29595    ,  0.108038   ,  4.43709    ,  2.50714    ,  0.0556947  ])
80381   , -1371       , array([ 1.29553    ,  0.108058   ,  4.4386     ,  2.50678    ,  0.0557221  ])
80382   , -1371       , array([ 1.29511    ,  0.108078   ,  4.44013    ,  2.50642    ,  0.0557497  ])
80383   , -1371       , array([ 1.29553    ,  0.108058   ,  4.4386     ,  2.50678    ,  0.0557221  ])
80384   , -1416.56    , array([ 1.29553    ,  0.108058   ,  5.4386     ,  2.50678    ,  0.0557221  ])
80385   , -1468.2     , array([ 1.29553    ,  0.108058   ,  2.82057    ,  2.50678    ,  0.0557221  ])
80386   , -1371       , array([ 1.29553    ,  0.108058   ,  4.4386     ,  2.50678    ,  0.0557221  ])
80387   , -1380.82    , array([ 1.29553    ,  0.108058   ,  3.82057    ,  2.50678    ,  0.0557221  ])
80388   , -1379.92    , array([ 1.29553    ,  0.108058   ,  4.82057    ,  2.50678    ,  0.0557221  ])
80389   , -1370.5     , array([ 1.29553    ,  0.108058   ,  4.33203    ,  2.50678    ,  0.0557221  ])
80390   , -1370.5     , array([ 1.29553    ,  0.108058   ,  4.32321    ,  2.50678    ,  0.0557221  ])
80391   , -1370.5     , array([ 1.29553    ,  0.108058   ,  4.3249     ,  2.50678    ,  0.0557221  ])
80392   , -1370.5     , array([ 1.29553    ,  0.108058   ,  4.32603    ,  2.50678    ,  0.0557221  ])
80393   , -1370.5     , array([ 1.29553    ,  0.108058   ,  4.3249     ,  2.50678    ,  0.0557221  ])
80394   , -1432.5     , array([ 1.29553    ,  0.108058   ,  4.3249     ,  3.50678    ,  0.0557221  ])
80395   , -1666.76    , array([ 1.29553    ,  0.108058   ,  4.3249     ,  0.888748   ,  0.0557221  ])
80396   , -1370.5     , array([ 1.29553    ,  0.108058   ,  4.3249     ,  2.50678    ,  0.0557221  ])
80397   , -1415.65    , array([ 1.29553    ,  0.108058   ,  4.3249     ,  1.88875    ,  0.0557221  ])
80398   , -1376.36    , array([ 1.29553    ,  0.108058   ,  4.3249     ,  2.88875    ,  0.0557221  ])
80399   , -1369.72    , array([ 1.29553    ,  0.108058   ,  4.3249     ,  2.611      ,  0.0557221  ])
80400   , -1369.71    , array([ 1.29553    ,  0.108058   ,  4.3249     ,  2.60433    ,  0.0557221  ])
80401   , -1369.71    , array([ 1.29553    ,  0.108058   ,  4.3249     ,  2.60309    ,  0.0557221  ])
80402   , -1369.71    , array([ 1.29553    ,  0.108058   ,  4.3249     ,  2.60213    ,  0.0557221  ])
80403   , -1369.71    , array([ 1.29553    ,  0.108058   ,  4.3249     ,  2.60309    ,  0.0557221  ])
80404   , -1432.73    , array([ 1.38554    ,  0.0947876  ,  4.31192    ,  2.42064    ,  0.0414906  ])
80405   , -1447.3     , array([ 1.14988    ,  0.129531   ,  4.34588    ,  2.89831    ,  0.078749   ])
80406   , -1369.71    , array([ 1.29553    ,  0.108058   ,  4.3249     ,  2.60309    ,  0.0557221  ])
80407   , -1392.93    , array([ 1.2399     ,  0.11626    ,  4.33291    ,  2.71586    ,  0.0645175  ])
80408   , -1368.09    , array([ 1.32991    ,  0.102989   ,  4.31994    ,  2.5334     ,  0.0502861  ])
80409   , -1366.7     , array([ 1.31846    ,  0.104677   ,  4.32159    ,  2.55661    ,  0.0520962  ])
80410   , -1366.69    , array([ 1.31593    ,  0.105051   ,  4.32196    ,  2.56174    ,  0.052497   ])
80411   , -1366.68    , array([ 1.31712    ,  0.104876   ,  4.32178    ,  2.55934    ,  0.0523092  ])
80412   , -1366.68    , array([ 1.3169     ,  0.104908   ,  4.32182    ,  2.55977    ,  0.0523433  ])
80413   , -1366.68    , array([ 1.31733    ,  0.104844   ,  4.32175    ,  2.5589     ,  0.0522751  ])
80414   , -1359.66    , array([ 1.2964     ,  0.103714   ,  4.35736    ,  2.57599    ,  0.0518187  ])
80415   , -1366.68    , array([ 1.31712    ,  0.104876   ,  4.32178    ,  2.55934    ,  0.0523092  ])
80416   , -1359.66    , array([ 1.2964     ,  0.103714   ,  4.35736    ,  2.57599    ,  0.0518187  ])
80417   , -1349.61    , array([ 1.26288    ,  0.101835   ,  4.41493    ,  2.60293    ,  0.051025   ])
80418   , -1330.93    , array([ 1.07295    ,  0.0911846  ,  4.74112    ,  2.7556     ,  0.0465276  ])
80419   , -1533.86    , array([ 0.765642   ,  0.0739523  ,  5.26892    ,  3.00261    ,  0.0392507  ])
80420   , -1330.93    , array([ 1.07295    ,  0.0911846  ,  4.74112    ,  2.7556     ,  0.0465276  ])
80421   , -1363.77    , array([ 0.955571   ,  0.0846024  ,  4.94272    ,  2.84995    ,  0.0437481  ])
80422   , -1329.33    , array([ 1.1455     ,  0.0952526  ,  4.61653    ,  2.69728    ,  0.0482455  ])
80423   , -1328.5     , array([ 1.11731    ,  0.0936716  ,  4.66495    ,  2.71995    ,  0.0475779  ])
80424   , -1328.5     , array([ 1.1193     ,  0.0937836  ,  4.66152    ,  2.71834    ,  0.0476252  ])
80425   , -1328.51    , array([ 1.11531    ,  0.0935595  ,  4.66838    ,  2.72155    ,  0.0475305  ])
80426   , -1328.5     , array([ 1.11731    ,  0.0936716  ,  4.66495    ,  2.71995    ,  0.0475779  ])
80427   , -14421.6    , array([ 1.11731    ,  0.0936716  ,  4.66495    ,  2.71995    ,  1.04758    ])
80429   , -1328.5     , array([ 1.11731    ,  0.0936716  ,  4.66495    ,  2.71995    ,  0.0475779  ])
80431   , -12250.8    , array([ 1.11731    ,  0.0936716  ,  4.66495    ,  2.71995    ,  0.429544   ])
80432   , -9807.69    , array([ 1.11731    ,  0.0936716  ,  4.66495    ,  2.71995    ,  0.238473   ])
80435   , -5729.23    , array([ 1.11731    ,  0.0936716  ,  4.66495    ,  2.71995    ,  0.120493   ])
80436   , -14663.2    , array([ 1.11731    ,  0.0936716  ,  4.66495    ,  2.71995    ,  0.013136   ])
80437   , -2770.89    , array([ 1.11731    ,  0.0936716  ,  4.66495    ,  2.71995    ,  0.075429   ])
80438   , -1975.62    , array([ 1.11731    ,  0.0936716  ,  4.66495    ,  2.71995    ,  0.0344222  ])
80439   , -1391.91    , array([ 1.11731    ,  0.0936716  ,  4.66495    ,  2.71995    ,  0.0509878  ])
80440   , -1324.13    , array([ 1.11731    ,  0.0936716  ,  4.66495    ,  2.71995    ,  0.0470106  ])
80441   , -1321.45    , array([ 1.11731    ,  0.0936716  ,  4.66495    ,  2.71995    ,  0.0458853  ])
80442   , -1321.32    , array([ 1.11731    ,  0.0936716  ,  4.66495    ,  2.71995    ,  0.046071   ])
80443   , -1321.32    , array([ 1.11731    ,  0.0936716  ,  4.66495    ,  2.71995    ,  0.0460866  ])
80444   , -1321.32    , array([ 1.11731    ,  0.0936716  ,  4.66495    ,  2.71995    ,  0.0461015  ])
80445   , -1321.32    , array([ 1.11731    ,  0.0936716  ,  4.66495    ,  2.71995    ,  0.0460866  ])
80446   , -1570.27    , array([ 1.20732    ,  0.0804009  ,  4.65198    ,  2.53749    ,  0.0318551  ])
80447   , -1383.07    , array([ 0.971659   ,  0.115144   ,  4.68594    ,  3.01516    ,  0.0691135  ])
80448   , -1321.32    , array([ 1.11731    ,  0.0936716  ,  4.66495    ,  2.71995    ,  0.0460866  ])
80449   , -1331.04    , array([ 1.06167    ,  0.101873   ,  4.67297    ,  2.83271    ,  0.054882   ])
80450   , -1348.55    , array([ 1.15169    ,  0.0886026  ,  4.66       ,  2.65025    ,  0.0406506  ])
80451   , -1320.36    , array([ 1.09762    ,  0.0965736  ,  4.66779    ,  2.75984    ,  0.0491986  ])
80452   , -1319.94    , array([ 1.10355    ,  0.0956992  ,  4.66693    ,  2.74782    ,  0.0482609  ])
80453   , -1319.92    , array([ 1.10469    ,  0.0955321  ,  4.66677    ,  2.74552    ,  0.0480817  ])
80454   , -1319.92    , array([ 1.1052     ,  0.095456   ,  4.6667     ,  2.74448    ,  0.0480002  ])
80455   , -1319.92    , array([ 1.10508    ,  0.0954739  ,  4.66671    ,  2.74472    ,  0.0480193  ])
80456   , -1319.92    , array([ 1.10496    ,  0.0954919  ,  4.66673    ,  2.74497    ,  0.0480386  ])
80457   , -1319.92    , array([ 1.10508    ,  0.0954739  ,  4.66671    ,  2.74472    ,  0.0480193  ])
80458   , -1346.74    , array([ 1.10508    ,  0.0954739  ,  5.66671    ,  2.74472    ,  0.0480193  ])
80459   , -1410.72    , array([ 1.10508    ,  0.0954739  ,  3.04868    ,  2.74472    ,  0.0480193  ])
80460   , -1319.92    , array([ 1.10508    ,  0.0954739  ,  4.66671    ,  2.74472    ,  0.0480193  ])
80461   , -1333.36    , array([ 1.10508    ,  0.0954739  ,  4.04868    ,  2.74472    ,  0.0480193  ])
80462   , -1323.42    , array([ 1.10508    ,  0.0954739  ,  5.04868    ,  2.74472    ,  0.0480193  ])
80463   , -1319.87    , array([ 1.10508    ,  0.0954739  ,  4.70951    ,  2.74472    ,  0.0480193  ])
80464   , -1319.87    , array([ 1.10508    ,  0.0954739  ,  4.70447    ,  2.74472    ,  0.0480193  ])
80465   , -1319.87    , array([ 1.10508    ,  0.0954739  ,  4.70409    ,  2.74472    ,  0.0480193  ])
80466   , -1319.87    , array([ 1.10508    ,  0.0954739  ,  4.70372    ,  2.74472    ,  0.0480193  ])
80467   , -1319.87    , array([ 1.10508    ,  0.0954739  ,  4.70409    ,  2.74472    ,  0.0480193  ])
80468   , -1368.87    , array([ 1.10508    ,  0.0954739  ,  4.70409    ,  3.74472    ,  0.0480193  ])
80469   , -1540.7     , array([ 1.10508    ,  0.0954739  ,  4.70409    ,  1.12669    ,  0.0480193  ])
80470   , -1319.87    , array([ 1.10508    ,  0.0954739  ,  4.70409    ,  2.74472    ,  0.0480193  ])
80471   , -1353.76    , array([ 1.10508    ,  0.0954739  ,  4.70409    ,  2.12669    ,  0.0480193  ])
80472   , -1324.72    , array([ 1.10508    ,  0.0954739  ,  4.70409    ,  3.12669    ,  0.0480193  ])
80473   , -1319.35    , array([ 1.10508    ,  0.0954739  ,  4.70409    ,  2.84179    ,  0.0480193  ])
80474   , -1319.35    , array([ 1.10508    ,  0.0954739  ,  4.70409    ,  2.83556    ,  0.0480193  ])
80475   , -1319.35    , array([ 1.10508    ,  0.0954739  ,  4.70409    ,  2.83452    ,  0.0480193  ])
80476   , -1319.35    , array([ 1.10508    ,  0.0954739  ,  4.70409    ,  2.83362    ,  0.0480193  ])
80477   , -1319.35    , array([ 1.10508    ,  0.0954739  ,  4.70409    ,  2.83452    ,  0.0480193  ])
80478   , -1353.61    , array([ 0.90527    ,  0.0842696  ,  5.04726    ,  2.99513    ,  0.0432879  ])
80479   , -1436.01    , array([ 1.42838    ,  0.113603   ,  4.14884    ,  2.57465    ,  0.0556748  ])
80480   , -1319.35    , array([ 1.10508    ,  0.0954739  ,  4.70409    ,  2.83452    ,  0.0480193  ])
80481   , -1345.79    , array([ 1.22857    ,  0.102398   ,  4.492      ,  2.73526    ,  0.0509434  ])
80482   , -1318.95    , array([ 1.02876    ,  0.0911942  ,  4.83517    ,  2.89587    ,  0.0462121  ])
80483   , -1317.38    , array([ 1.06444    ,  0.0931952  ,  4.77388    ,  2.86718    ,  0.047057   ])
80484   , -1317.38    , array([ 1.06485    ,  0.093218   ,  4.77319    ,  2.86686    ,  0.0470667  ])
80485   , -1317.38    , array([ 1.06404    ,  0.0931724  ,  4.77458    ,  2.86751    ,  0.0470474  ])
80486   , -1317.6     , array([ 1.05056    ,  0.0924168  ,  4.79772    ,  2.87834    ,  0.0467283  ])
80487   , -1317.38    , array([ 1.06363    ,  0.0931494  ,  4.77529    ,  2.86784    ,  0.0470377  ])
80488   , -1383.62    , array([ 0.81096    ,  0.081469   ,  5.22738    ,  3.17568    ,  0.0417856  ])
80489   , -1317.38    , array([ 1.06404    ,  0.0931724  ,  4.77458    ,  2.86751    ,  0.0470474  ])
80490   , -13364      , array([ 1.06404    ,  0.0931724  ,  4.77458    ,  2.86751    ,  1.04705    ])
80492   , -1317.38    , array([ 1.06404    ,  0.0931724  ,  4.77458    ,  2.86751    ,  0.0470474  ])
80494   , -11376.5    , array([ 1.06404    ,  0.0931724  ,  4.77458    ,  2.86751    ,  0.429013   ])
80495   , -9154.67    , array([ 1.06404    ,  0.0931724  ,  4.77458    ,  2.86751    ,  0.237949   ])
80498   , -5392.34    , array([ 1.06404    ,  0.0931724  ,  4.77458    ,  2.86751    ,  0.119965   ])
80499   , -15446.2    , array([ 1.06404    ,  0.0931724  ,  4.77458    ,  2.86751    ,  0.0126056  ])
80500   , -2622.6     , array([ 1.06404    ,  0.0931724  ,  4.77458    ,  2.86751    ,  0.0748996  ])
80501   , -2060.56    , array([ 1.06404    ,  0.0931724  ,  4.77458    ,  2.86751    ,  0.0338918  ])
80502   , -1391.23    , array([ 1.06404    ,  0.0931724  ,  4.77458    ,  2.86751    ,  0.0516767  ])
80503   , -1319.05    , array([ 1.06404    ,  0.0931724  ,  4.77458    ,  2.86751    ,  0.0474038  ])
80504   , -1316.36    , array([ 1.06404    ,  0.0931724  ,  4.77458    ,  2.86751    ,  0.0463338  ])
80505   , -1316.31    , array([ 1.06404    ,  0.0931724  ,  4.77458    ,  2.86751    ,  0.0464562  ])
80506   , -1316.31    , array([ 1.06404    ,  0.0931724  ,  4.77458    ,  2.86751    ,  0.0464624  ])
80507   , -1316.31    , array([ 1.06404    ,  0.0931724  ,  4.77458    ,  2.86751    ,  0.0464683  ])
80508   , -1316.31    , array([ 1.06404    ,  0.0931724  ,  4.77458    ,  2.86751    ,  0.0464624  ])
80509   , -1537.58    , array([ 1.15405    ,  0.0799017  ,  4.76161    ,  2.68505    ,  0.032231   ])
80510   , -1389.49    , array([ 0.918392   ,  0.114645   ,  4.79557    ,  3.16273    ,  0.0694893  ])
80511   , -1316.31    , array([ 1.06404    ,  0.0931724  ,  4.77458    ,  2.86751    ,  0.0464624  ])
80512   , -1328       , array([ 1.00841    ,  0.101374   ,  4.7826     ,  2.98027    ,  0.0552579  ])
80513   , -1339.62    , array([ 1.09842    ,  0.0881035  ,  4.76963    ,  2.79782    ,  0.0410265  ])
80514   , -1315.91    , array([ 1.04687    ,  0.095703   ,  4.77705    ,  2.9023     ,  0.0491762  ])
80515   , -1315.47    , array([ 1.05358    ,  0.0947149  ,  4.77609    ,  2.88872    ,  0.0481166  ])
80516   , -1315.47    , array([ 1.05411    ,  0.0946357  ,  4.77601    ,  2.88763    ,  0.0480317  ])
80517   , -1315.47    , array([ 1.05446    ,  0.094584   ,  4.77596    ,  2.88692    ,  0.0479762  ])
80518   , -1315.47    , array([ 1.05437    ,  0.0945981  ,  4.77597    ,  2.88711    ,  0.0479914  ])
80519   , -1315.47    , array([ 1.05456    ,  0.0945699  ,  4.77595    ,  2.88672    ,  0.0479611  ])
80520   , -1315.47    , array([ 1.05446    ,  0.094584   ,  4.77596    ,  2.88692    ,  0.0479762  ])
80521   , -1341.55    , array([ 1.05446    ,  0.094584   ,  5.77596    ,  2.88692    ,  0.0479762  ])
80522   , -1405.65    , array([ 1.05446    ,  0.094584   ,  3.15793    ,  2.88692    ,  0.0479762  ])
80523   , -1315.47    , array([ 1.05446    ,  0.094584   ,  4.77596    ,  2.88692    ,  0.0479762  ])
80524   , -1328.98    , array([ 1.05446    ,  0.094584   ,  4.15793    ,  2.88692    ,  0.0479762  ])
80525   , -1318.77    , array([ 1.05446    ,  0.094584   ,  5.15793    ,  2.88692    ,  0.0479762  ])
80526   , -1315.41    , array([ 1.05446    ,  0.094584   ,  4.82525    ,  2.88692    ,  0.0479762  ])
80527   , -1315.41    , array([ 1.05446    ,  0.094584   ,  4.82043    ,  2.88692    ,  0.0479762  ])
80528   , -1315.41    , array([ 1.05446    ,  0.094584   ,  4.81999    ,  2.88692    ,  0.0479762  ])
80529   , -1315.41    , array([ 1.05446    ,  0.094584   ,  4.81955    ,  2.88692    ,  0.0479762  ])
80530   , -1315.41    , array([ 1.05446    ,  0.094584   ,  4.81999    ,  2.88692    ,  0.0479762  ])
80531   , -1369.99    , array([ 1.05446    ,  0.094584   ,  4.81999    ,  3.88692    ,  0.0479762  ])
80532   , -1518.26    , array([ 1.05446    ,  0.094584   ,  4.81999    ,  1.26888    ,  0.0479762  ])
80533   , -1315.41    , array([ 1.05446    ,  0.094584   ,  4.81999    ,  2.88692    ,  0.0479762  ])
80534   , -1344.05    , array([ 1.05446    ,  0.094584   ,  4.81999    ,  2.26888    ,  0.0479762  ])
80535   , -1322.76    , array([ 1.05446    ,  0.094584   ,  4.81999    ,  3.26888    ,  0.0479762  ])
80536   , -1315.34    , array([ 1.05446    ,  0.094584   ,  4.81999    ,  2.9312     ,  0.0479762  ])
80537   , -1315.33    , array([ 1.05446    ,  0.094584   ,  4.81999    ,  2.92233    ,  0.0479762  ])
80538   , -1315.33    , array([ 1.05446    ,  0.094584   ,  4.81999    ,  2.92195    ,  0.0479762  ])
80539   , -1315.33    , array([ 1.05446    ,  0.094584   ,  4.81999    ,  2.9216     ,  0.0479762  ])
80540   , -1315.33    , array([ 1.05446    ,  0.094584   ,  4.81999    ,  2.92195    ,  0.0479762  ])
80541   , -1370.32    , array([ 0.854652   ,  0.0833798  ,  5.16315    ,  3.08256    ,  0.0432449  ])
80542   , -1422.13    , array([ 1.37776    ,  0.112713   ,  4.26473    ,  2.66208    ,  0.0556317  ])
80543   , -1315.33    , array([ 1.05446    ,  0.094584   ,  4.81999    ,  2.92195    ,  0.0479762  ])
80544   , -1335.87    , array([ 1.17795    ,  0.101509   ,  4.6079     ,  2.82269    ,  0.0509004  ])
80545   , -1320.76    , array([ 0.978142   ,  0.0903044  ,  4.95107    ,  2.9833     ,  0.046169   ])
80546   , -1315.16    , array([ 1.04622    ,  0.0941219  ,  4.83414    ,  2.92858    ,  0.0477811  ])
80547   , -1315.14    , array([ 1.04273    ,  0.0939263  ,  4.84013    ,  2.93138    ,  0.0476985  ])
80548   , -1315.14    , array([ 1.04221    ,  0.0938971  ,  4.84102    ,  2.9318     ,  0.0476862  ])
80549   , -1315.14    , array([ 1.04234    ,  0.093904   ,  4.84081    ,  2.9317     ,  0.0476891  ])
80550   , -1315.14    , array([ 1.04209    ,  0.0938903  ,  4.84124    ,  2.9319     ,  0.0476833  ])
80551   , -1314.09    , array([ 1.02039    ,  0.0946219  ,  4.90747    ,  2.99609    ,  0.0483249  ])
80552   , -1315.14    , array([ 1.04221    ,  0.0938971  ,  4.84102    ,  2.9318     ,  0.0476862  ])
80553   , -1314.09    , array([ 1.02039    ,  0.0946219  ,  4.90747    ,  2.99609    ,  0.0483249  ])
80554   , -1315.3     , array([ 0.985078   ,  0.0957945  ,  5.01498    ,  3.10011    ,  0.0493584  ])
80555   , -1314.09    , array([ 1.02039    ,  0.0946219  ,  4.90747    ,  2.99609    ,  0.0483249  ])
80556   , -1314.1     , array([ 1.0069     ,  0.0950698  ,  4.94853    ,  3.03582    ,  0.0487197  ])
80557   , -1314.34    , array([ 1.02873    ,  0.094345   ,  4.88209    ,  2.97153    ,  0.0480809  ])
80558   , -1314.03    , array([ 1.01394    ,  0.094836   ,  4.9271     ,  3.01508    ,  0.0485136  ])
80559   , -1314.03    , array([ 1.01366    ,  0.0948454  ,  4.92796    ,  3.01592    ,  0.0485219  ])
80560   , -1314.03    , array([ 1.01422    ,  0.0948266  ,  4.92624    ,  3.01425    ,  0.0485053  ])
80561   , -1314.03    , array([ 1.01394    ,  0.094836   ,  4.9271     ,  3.01508    ,  0.0485136  ])
80562   , -1383.33    , array([ 0.814131   ,  0.0836317  ,  5.27027    ,  3.17569    ,  0.0437823  ])
80563   , -1419.16    , array([ 1.33724    ,  0.112965   ,  4.37184    ,  2.75521    ,  0.0561691  ])
80564   , -1314.03    , array([ 1.01394    ,  0.094836   ,  4.9271     ,  3.01508    ,  0.0485136  ])
80565   , -1332.14    , array([ 1.13743    ,  0.101761   ,  4.71501    ,  2.91582    ,  0.0514378  ])
80566   , -1322.92    , array([ 0.93762    ,  0.0905564  ,  5.05818    ,  3.07643    ,  0.0467064  ])
80567   , -1314.06    , array([ 1.02       ,  0.0951755  ,  4.9167     ,  3.01022    ,  0.048657   ])
80568   , -1314.03    , array([ 1.01518    ,  0.0949054  ,  4.92498    ,  3.01409    ,  0.0485429  ])
80569   , -1314.03    , array([ 1.01502    ,  0.0948966  ,  4.92524    ,  3.01421    ,  0.0485392  ])
80570   , -1314.03    , array([ 1.01501    ,  0.094896   ,  4.92526    ,  3.01422    ,  0.048539   ])
80571   , -1314.03    , array([ 1.01503    ,  0.0948972  ,  4.92522    ,  3.0142     ,  0.0485395  ])
80572   , -1314.03    , array([ 1.01502    ,  0.0948966  ,  4.92524    ,  3.01421    ,  0.0485392  ])
80573   , -1469.8     , array([ 1.10504    ,  0.081626   ,  4.91227    ,  2.83176    ,  0.0343078  ])
80574   , -1410.39    , array([ 0.869377   ,  0.116369   ,  4.94623    ,  3.30943    ,  0.0715661  ])
80575   , -1314.03    , array([ 1.01502    ,  0.0948966  ,  4.92524    ,  3.01421    ,  0.0485392  ])
80576   , -1331.36    , array([ 0.959391   ,  0.103098   ,  4.93326    ,  3.12698    ,  0.0573347  ])
80577   , -1327.91    , array([ 1.04941    ,  0.0898277  ,  4.92029    ,  2.94452    ,  0.0431033  ])
80578   , -1314.39    , array([ 1.00681    ,  0.0961072  ,  4.92643    ,  3.03086    ,  0.0498375  ])
80579   , -1314.02    , array([ 1.01299    ,  0.0951967  ,  4.92554    ,  3.01834    ,  0.048861   ])
80580   , -1314.01    , array([ 1.0137     ,  0.0950923  ,  4.92543    ,  3.0169     ,  0.0487491  ])
80581   , -1314.01    , array([ 1.01371    ,  0.0950901  ,  4.92543    ,  3.01687    ,  0.0487467  ])
80582   , -1314.01    , array([ 1.01372    ,  0.0950882  ,  4.92543    ,  3.01685    ,  0.0487447  ])
80583   , -1314.01    , array([ 1.01371    ,  0.0950901  ,  4.92543    ,  3.01687    ,  0.0487467  ])
80584   , -1344.18    , array([ 1.01371    ,  0.0950901  ,  5.92543    ,  3.01687    ,  0.0487467  ])
80585   , -1398.2     , array([ 1.01371    ,  0.0950901  ,  3.3074     ,  3.01687    ,  0.0487467  ])
80586   , -1314.01    , array([ 1.01371    ,  0.0950901  ,  4.92543    ,  3.01687    ,  0.0487467  ])
80587   , -1325.14    , array([ 1.01371    ,  0.0950901  ,  4.3074     ,  3.01687    ,  0.0487467  ])
80588   , -1318.85    , array([ 1.01371    ,  0.0950901  ,  5.3074     ,  3.01687    ,  0.0487467  ])
80589   , -1314       , array([ 1.01371    ,  0.0950901  ,  4.91009    ,  3.01687    ,  0.0487467  ])
80590   , -1314       , array([ 1.01371    ,  0.0950901  ,  4.90375    ,  3.01687    ,  0.0487467  ])
80591   , -1314       , array([ 1.01371    ,  0.0950901  ,  4.90403    ,  3.01687    ,  0.0487467  ])
80592   , -1314       , array([ 1.01371    ,  0.0950901  ,  4.90424    ,  3.01687    ,  0.0487467  ])
80593   , -1314       , array([ 1.01371    ,  0.0950901  ,  4.90403    ,  3.01687    ,  0.0487467  ])
80594   , -1379.1     , array([ 1.01371    ,  0.0950901  ,  4.90403    ,  4.01687    ,  0.0487467  ])
80595   , -1498.41    , array([ 1.01371    ,  0.0950901  ,  4.90403    ,  1.39884    ,  0.0487467  ])
80596   , -1314       , array([ 1.01371    ,  0.0950901  ,  4.90403    ,  3.01687    ,  0.0487467  ])
80597   , -1335.86    , array([ 1.01371    ,  0.0950901  ,  4.90403    ,  2.39884    ,  0.0487467  ])
80598   , -1325.42    , array([ 1.01371    ,  0.0950901  ,  4.90403    ,  3.39884    ,  0.0487467  ])
80599   , -1313.85    , array([ 1.01371    ,  0.0950901  ,  4.90403    ,  2.97879    ,  0.0487467  ])
80600   , -1313.85    , array([ 1.01371    ,  0.0950901  ,  4.90403    ,  2.96669    ,  0.0487467  ])
80601   , -1313.85    , array([ 1.01371    ,  0.0950901  ,  4.90403    ,  2.96781    ,  0.0487467  ])
80602   , -1313.85    , array([ 1.01371    ,  0.0950901  ,  4.90403    ,  2.9683     ,  0.0487467  ])
80603   , -1313.85    , array([ 1.01371    ,  0.0950901  ,  4.90403    ,  2.96732    ,  0.0487467  ])
80604   , -1313.85    , array([ 1.01371    ,  0.0950901  ,  4.90403    ,  2.96781    ,  0.0487467  ])
80605   , -1314.44    , array([ 0.985438   ,  0.096029   ,  4.9901     ,  3.05109    ,  0.0495742  ])
80606   , -1317.66    , array([ 1.05946    ,  0.093571   ,  4.76475    ,  2.83305    ,  0.0474079  ])
80607   , -1313.85    , array([ 1.01371    ,  0.0950901  ,  4.90403    ,  2.96781    ,  0.0487467  ])
80608   , -1314.66    , array([ 1.03118    ,  0.0945099  ,  4.85083    ,  2.91633    ,  0.0482353  ])
80609   , -1313.78    , array([ 1.00291    ,  0.0954487  ,  4.9369     ,  2.99962    ,  0.0490628  ])
80610   , -1313.76    , array([ 1.00617    ,  0.0953407  ,  4.927      ,  2.99003    ,  0.0489675  ])
80611   , -1313.76    , array([ 1.00626    ,  0.0953375  ,  4.92671    ,  2.98976    ,  0.0489648  ])
80612   , -1313.76    , array([ 1.00633    ,  0.0953351  ,  4.92648    ,  2.98954    ,  0.0489626  ])
80613   , -1315.17    , array([ 0.970305   ,  0.096778   ,  5.0124     ,  3.04771    ,  0.0502434  ])
80614   , -1313.76    , array([ 1.00626    ,  0.0953375  ,  4.92671    ,  2.98976    ,  0.0489648  ])
80615   , -1389.48    , array([ 0.806449   ,  0.0841333  ,  5.26988    ,  3.15036    ,  0.0442334  ])
80616   , -1414.69    , array([ 1.32956    ,  0.113466   ,  4.37145    ,  2.72988    ,  0.0566203  ])
80617   , -1313.76    , array([ 1.00626    ,  0.0953375  ,  4.92671    ,  2.98976    ,  0.0489648  ])
80618   , -1329.73    , array([ 1.12975    ,  0.102262   ,  4.71462    ,  2.89049    ,  0.0518889  ])
80619   , -1324.54    , array([ 0.929939   ,  0.0910579  ,  5.05779    ,  3.0511     ,  0.0471576  ])
80620   , -1313.69    , array([ 1.02025    ,  0.0961223  ,  4.90267    ,  2.97851    ,  0.0492962  ])
80621   , -1313.66    , array([ 1.01491    ,  0.0958225  ,  4.91186    ,  2.9828     ,  0.0491696  ])
80622   , -1313.66    , array([ 1.01507    ,  0.0958314  ,  4.91158    ,  2.98268    ,  0.0491734  ])
80623   , -1313.66    , array([ 1.01516    ,  0.0958364  ,  4.91143    ,  2.9826     ,  0.0491754  ])
80624   , -1313.66    , array([ 1.01507    ,  0.0958314  ,  4.91158    ,  2.98268    ,  0.0491734  ])
80625   , -1455.44    , array([ 1.10508    ,  0.0825608  ,  4.89861    ,  2.80022    ,  0.0349419  ])
80626   , -1413.3     , array([ 0.869421   ,  0.117304   ,  4.93257    ,  3.27789    ,  0.0722003  ])
80627   , -1313.66    , array([ 1.01507    ,  0.0958314  ,  4.91158    ,  2.98268    ,  0.0491734  ])
80628   , -1332.65    , array([ 0.959436   ,  0.104033   ,  4.9196     ,  3.09544    ,  0.0579689  ])
80629   , -1325.13    , array([ 1.04945    ,  0.0907625  ,  4.90663    ,  2.91298    ,  0.0437374  ])
80630   , -1313.98    , array([ 1.01001    ,  0.0965766  ,  4.91231    ,  2.99292    ,  0.0499724  ])
80631   , -1313.64    , array([ 1.01571    ,  0.0957365  ,  4.91149    ,  2.98137    ,  0.0490715  ])
80632   , -1313.64    , array([ 1.0167     ,  0.0955911  ,  4.91135    ,  2.97937    ,  0.0489156  ])
80633   , -1313.64    , array([ 1.01664    ,  0.0956002  ,  4.91136    ,  2.9795     ,  0.0489253  ])
80634   , -1313.64    , array([ 1.01662    ,  0.0956025  ,  4.91136    ,  2.97953    ,  0.0489278  ])
80635   , -1313.64    , array([ 1.01665    ,  0.0955979  ,  4.91135    ,  2.97946    ,  0.0489229  ])
80636   , -1313.64    , array([ 1.01664    ,  0.0956002  ,  4.91136    ,  2.9795     ,  0.0489253  ])
80637   , -1343.74    , array([ 1.01664    ,  0.0956002  ,  5.91136    ,  2.9795     ,  0.0489253  ])
80638   , -1399.05    , array([ 1.01664    ,  0.0956002  ,  3.29332    ,  2.9795     ,  0.0489253  ])
80639   , -1313.64    , array([ 1.01664    ,  0.0956002  ,  4.91136    ,  2.9795     ,  0.0489253  ])
80640   , -1325.05    , array([ 1.01664    ,  0.0956002  ,  4.29332    ,  2.9795     ,  0.0489253  ])
80641   , -1318.39    , array([ 1.01664    ,  0.0956002  ,  5.29332    ,  2.9795     ,  0.0489253  ])
80642   , -1313.63    , array([ 1.01664    ,  0.0956002  ,  4.90104    ,  2.9795     ,  0.0489253  ])
80643   , -1313.63    , array([ 1.01664    ,  0.0956002  ,  4.89479    ,  2.9795     ,  0.0489253  ])
80644   , -1313.63    , array([ 1.01664    ,  0.0956002  ,  4.89501    ,  2.9795     ,  0.0489253  ])
80645   , -1313.63    , array([ 1.01664    ,  0.0956002  ,  4.89517    ,  2.9795     ,  0.0489253  ])
80646   , -1313.63    , array([ 1.01664    ,  0.0956002  ,  4.89501    ,  2.9795     ,  0.0489253  ])
80647   , -1379.4     , array([ 1.01664    ,  0.0956002  ,  4.89501    ,  3.9795     ,  0.0489253  ])
80648   , -1500.27    , array([ 1.01664    ,  0.0956002  ,  4.89501    ,  1.36146    ,  0.0489253  ])
80649   , -1313.63    , array([ 1.01664    ,  0.0956002  ,  4.89501    ,  2.9795     ,  0.0489253  ])
80650   , -1335.73    , array([ 1.01664    ,  0.0956002  ,  4.89501    ,  2.36146    ,  0.0489253  ])
80651   , -1325.17    , array([ 1.01664    ,  0.0956002  ,  4.89501    ,  3.36146    ,  0.0489253  ])
80652   , -1313.48    , array([ 1.01664    ,  0.0956002  ,  4.89501    ,  2.94149    ,  0.0489253  ])
80653   , -1313.47    , array([ 1.01664    ,  0.0956002  ,  4.89501    ,  2.92931    ,  0.0489253  ])
80654   , -1313.47    , array([ 1.01664    ,  0.0956002  ,  4.89501    ,  2.93044    ,  0.0489253  ])
80655   , -1313.47    , array([ 1.01664    ,  0.0956002  ,  4.89501    ,  2.93093    ,  0.0489253  ])
80656   , -1313.47    , array([ 1.01664    ,  0.0956002  ,  4.89501    ,  2.92994    ,  0.0489253  ])
80657   , -1313.47    , array([ 1.01664    ,  0.0956002  ,  4.89501    ,  2.93044    ,  0.0489253  ])
80658   , -1313.98    , array([ 0.988364   ,  0.096539   ,  4.98108    ,  3.01372    ,  0.0497528  ])
80659   , -1317.39    , array([ 1.06238    ,  0.0940811  ,  4.75574    ,  2.79568    ,  0.0475865  ])
80660   , -1313.47    , array([ 1.01664    ,  0.0956002  ,  4.89501    ,  2.93044    ,  0.0489253  ])
80661   , -1314.34    , array([ 1.03411    ,  0.0950199  ,  4.84181    ,  2.87896    ,  0.0484139  ])
80662   , -1313.37    , array([ 1.00584    ,  0.0959588  ,  4.92789    ,  2.96225    ,  0.0492414  ])
80663   , -1313.37    , array([ 1.00805    ,  0.0958852  ,  4.92114    ,  2.95572    ,  0.0491766  ])
80664   , -1313.37    , array([ 1.0082     ,  0.0958804  ,  4.9207     ,  2.95529    ,  0.0491723  ])
80665   , -1313.37    , array([ 1.00828    ,  0.0958776  ,  4.92044    ,  2.95505    ,  0.0491698  ])
80666   , -1313.02    , array([ 1.01014    ,  0.0964232  ,  4.91469    ,  2.92083    ,  0.0493798  ])
80667   , -1313.37    , array([ 1.0082     ,  0.0958804  ,  4.9207     ,  2.95529    ,  0.0491723  ])
80668   , -1313.02    , array([ 1.01014    ,  0.0964232  ,  4.91469    ,  2.92083    ,  0.0493798  ])
80669   , -1312.56    , array([ 1.01327    ,  0.0973016  ,  4.90496    ,  2.86507    ,  0.0497156  ])
80670   , -1311.95    , array([ 1.02262    ,  0.0999207  ,  4.87596    ,  2.6988     ,  0.0507169  ])
80671   , -1313.27    , array([ 1.03775    ,  0.104159   ,  4.82904    ,  2.42977    ,  0.0523369  ])
80672   , -1311.95    , array([ 1.02262    ,  0.0999207  ,  4.87596    ,  2.6988     ,  0.0507169  ])
80673   , -1312.12    , array([ 1.0284     ,  0.101539   ,  4.85804    ,  2.59604    ,  0.0513357  ])
80674   , -1312.06    , array([ 1.01905    ,  0.0989203  ,  4.88704    ,  2.76231    ,  0.0503344  ])
80675   , -1311.95    , array([ 1.02317    ,  0.100074   ,  4.87426    ,  2.68907    ,  0.0507755  ])
80676   , -1311.95    , array([ 1.02302    ,  0.100032   ,  4.87473    ,  2.69173    ,  0.0507595  ])
80677   , -1311.95    , array([ 1.02332    ,  0.100116   ,  4.8738     ,  2.6864     ,  0.0507915  ])
80678   , -1311.95    , array([ 1.02317    ,  0.100074   ,  4.87426    ,  2.68907    ,  0.0507755  ])
80679   , -1368.36    , array([ 0.823358   ,  0.0888698  ,  5.21743    ,  2.84967    ,  0.0460441  ])
80680   , -1422.42    , array([ 1.34647    ,  0.118203   ,  4.31901    ,  2.4292     ,  0.058431   ])
80681   , -1311.95    , array([ 1.02317    ,  0.100074   ,  4.87426    ,  2.68907    ,  0.0507755  ])
80682   , -1333.84    , array([ 1.14666    ,  0.106999   ,  4.66217    ,  2.5898     ,  0.0536996  ])
80683   , -1317.05    , array([ 0.946848   ,  0.0957944  ,  5.00534    ,  2.75041    ,  0.0489683  ])
80684   , -1311.68    , array([ 1.01236    ,  0.0994682  ,  4.89282    ,  2.69775    ,  0.0505196  ])
80685   , -1311.66    , array([ 1.00889    ,  0.0992737  ,  4.89878    ,  2.70054    ,  0.0504375  ])
80686   , -1311.66    , array([ 1.00826    ,  0.0992383  ,  4.89986    ,  2.70105    ,  0.0504225  ])
80687   , -1311.66    , array([ 1.00841    ,  0.0992466  ,  4.89961    ,  2.70093    ,  0.0504261  ])
80688   , -1311.66    , array([ 1.00811    ,  0.0992299  ,  4.90012    ,  2.70117    ,  0.050419   ])
80689   , -1311.66    , array([ 1.00826    ,  0.0992383  ,  4.89986    ,  2.70105    ,  0.0504225  ])
80690   , -1447.1     , array([ 1.09828    ,  0.0859676  ,  4.88689    ,  2.51859    ,  0.0361911  ])
80691   , -1419.81    , array([ 0.862617   ,  0.120711   ,  4.92085    ,  2.99627    ,  0.0734495  ])
80692   , -1311.66    , array([ 1.00826    ,  0.0992383  ,  4.89986    ,  2.70105    ,  0.0504225  ])
80693   , -1334.09    , array([ 0.952632   ,  0.10744    ,  4.90788    ,  2.81381    ,  0.059218   ])
80694   , -1321.38    , array([ 1.04265    ,  0.0941693  ,  4.89491    ,  2.63136    ,  0.0449866  ])
80695   , -1311.79    , array([ 1.00691    ,  0.099438   ,  4.90006    ,  2.70379    ,  0.0506367  ])
80696   , -1311.48    , array([ 1.01194    ,  0.0986957  ,  4.89933    ,  2.69359    ,  0.0498407  ])
80697   , -1312.58    , array([ 1.02367    ,  0.0969668  ,  4.89764    ,  2.66982    ,  0.0479866  ])
80698   , -1311.47    , array([ 1.01313    ,  0.0985212  ,  4.89916    ,  2.69119    ,  0.0496535  ])
80699   , -1311.47    , array([ 1.013      ,  0.0985406  ,  4.89918    ,  2.69145    ,  0.0496744  ])
80700   , -1311.47    , array([ 1.01295    ,  0.0985476  ,  4.89919    ,  2.69155    ,  0.0496818  ])
80701   , -1311.47    , array([ 1.01304    ,  0.0985336  ,  4.89917    ,  2.69136    ,  0.0496669  ])
80702   , -1311.47    , array([ 1.013      ,  0.0985406  ,  4.89918    ,  2.69145    ,  0.0496744  ])
80703   , -1340.3     , array([ 1.013      ,  0.0985406  ,  5.89918    ,  2.69145    ,  0.0496744  ])
80704   , -1404.14    , array([ 1.013      ,  0.0985406  ,  3.28115    ,  2.69145    ,  0.0496744  ])
80705   , -1311.47    , array([ 1.013      ,  0.0985406  ,  4.89918    ,  2.69145    ,  0.0496744  ])
80706   , -1324.82    , array([ 1.013      ,  0.0985406  ,  4.28115    ,  2.69145    ,  0.0496744  ])
80707   , -1315.48    , array([ 1.013      ,  0.0985406  ,  5.28115    ,  2.69145    ,  0.0496744  ])
80708   , -1311.46    , array([ 1.013      ,  0.0985406  ,  4.9266     ,  2.69145    ,  0.0496744  ])
80709   , -1311.46    , array([ 1.013      ,  0.0985406  ,  4.92117    ,  2.69145    ,  0.0496744  ])
80710   , -1311.46    , array([ 1.013      ,  0.0985406  ,  4.92095    ,  2.69145    ,  0.0496744  ])
80711   , -1311.46    , array([ 1.013      ,  0.0985406  ,  4.92073    ,  2.69145    ,  0.0496744  ])
80712   , -1311.46    , array([ 1.013      ,  0.0985406  ,  4.92095    ,  2.69145    ,  0.0496744  ])
80713   , -1312.64    , array([ 0.984723   ,  0.0994795  ,  5.00702    ,  2.77474    ,  0.0505018  ])
80714   , -1314.39    , array([ 1.05874    ,  0.0970215  ,  4.78167    ,  2.5567     ,  0.0483355  ])
80715   , -1311.46    , array([ 1.013      ,  0.0985406  ,  4.92095    ,  2.69145    ,  0.0496744  ])
80716   , -1311.93    , array([ 1.03047    ,  0.0979603  ,  4.86775    ,  2.63998    ,  0.049163   ])
80717   , -1311.61    , array([ 1.0022     ,  0.0988992  ,  4.95382    ,  2.72327    ,  0.0499904  ])
80718   , -1311.45    , array([ 1.01247    ,  0.0985582  ,  4.92256    ,  2.69301    ,  0.0496898  ])
80719   , -1311.45    , array([ 1.01231    ,  0.0985632  ,  4.92302    ,  2.69346    ,  0.0496943  ])
80720   , -1311.45    , array([ 1.01231    ,  0.0985635  ,  4.92305    ,  2.69348    ,  0.0496945  ])
80721   , -1311.45    , array([ 1.0123     ,  0.0985637  ,  4.92307    ,  2.69351    ,  0.0496947  ])
80722   , -1311.45    , array([ 1.01231    ,  0.0985635  ,  4.92305    ,  2.69348    ,  0.0496945  ])
80723   , -1312.03    , array([ 1.02728    ,  0.102757   ,  4.87661    ,  2.42726    ,  0.0512977  ])
80724   , -1316.6     , array([ 0.988082   ,  0.0917779  ,  4.99818    ,  3.12425    ,  0.0471005  ])
80725   , -1311.45    , array([ 1.01231    ,  0.0985635  ,  4.92305    ,  2.69348    ,  0.0496945  ])
80726   , -1312.49    , array([ 1.00305    ,  0.0959716  ,  4.95174    ,  2.85802    ,  0.0487037  ])
80727   , -1311.35    , array([ 1.01802    ,  0.100165   ,  4.90531    ,  2.59179    ,  0.0503069  ])
80728   , -1311.34    , array([ 1.01666    ,  0.0997829  ,  4.90954    ,  2.61607    ,  0.0501607  ])
80729   , -1311.34    , array([ 1.0167     ,  0.0997951  ,  4.90941    ,  2.6153     ,  0.0501653  ])
80730   , -1311.34    , array([ 1.01662    ,  0.0997707  ,  4.90968    ,  2.61685    ,  0.050156   ])
80731   , -1312.51    , array([ 1.02512    ,  0.103685   ,  4.89839    ,  2.27685    ,  0.051149   ])
80732   , -1311.34    , array([ 1.01666    ,  0.0997829  ,  4.90954    ,  2.61607    ,  0.0501607  ])
80733   , -1369.13    , array([ 0.816849   ,  0.0885786  ,  5.25271    ,  2.77668    ,  0.0454293  ])
80734   , -1417.97    , array([ 1.33996    ,  0.117912   ,  4.35429    ,  2.3562     ,  0.0578162  ])
80735   , -1311.34    , array([ 1.01666    ,  0.0997829  ,  4.90954    ,  2.61607    ,  0.0501607  ])
80736   , -1331.97    , array([ 1.14015    ,  0.106708   ,  4.69745    ,  2.51681    ,  0.0530848  ])
80737   , -1317.06    , array([ 0.940339   ,  0.0955033  ,  5.04062    ,  2.67742    ,  0.0483535  ])
80738   , -1311.19    , array([ 1.00944    ,  0.0993779  ,  4.92195    ,  2.62188    ,  0.0499897  ])
80739   , -1311.16    , array([ 1.0056     ,  0.0991625  ,  4.92854    ,  2.62497    ,  0.0498987  ])
80740   , -1311.16    , array([ 1.00503    ,  0.099131   ,  4.92951    ,  2.62542    ,  0.0498854  ])
80741   , -1311.16    , array([ 1.00515    ,  0.0991375  ,  4.92931    ,  2.62532    ,  0.0498881  ])
80742   , -1311.16    , array([ 1.00492    ,  0.0991244  ,  4.92971    ,  2.62551    ,  0.0498826  ])
80743   , -1311.16    , array([ 1.00503    ,  0.099131   ,  4.92951    ,  2.62542    ,  0.0498854  ])
80744   , -1467.48    , array([ 1.09505    ,  0.0858603  ,  4.91654    ,  2.44296    ,  0.035654   ])
80745   , -1417.3     , array([ 0.859387   ,  0.120603   ,  4.9505     ,  2.92064    ,  0.0729123  ])
80746   , -1311.16    , array([ 1.00503    ,  0.099131   ,  4.92951    ,  2.62542    ,  0.0498854  ])
80747   , -1332.12    , array([ 0.949401   ,  0.107333   ,  4.93753    ,  2.73818    ,  0.0586809  ])
80748   , -1324.35    , array([ 1.03942    ,  0.094062   ,  4.92456    ,  2.55573    ,  0.0444495  ])
80749   , -1311.54    , array([ 0.999517   ,  0.0999442  ,  4.93031    ,  2.6366     ,  0.0507575  ])
80750   , -1311.16    , array([ 1.00528    ,  0.0990944  ,  4.92947    ,  2.62492    ,  0.0498461  ])
80751   , -1311.15    , array([ 1.0062     ,  0.0989588  ,  4.92934    ,  2.62305    ,  0.0497008  ])
80752   , -1311.15    , array([ 1.00615    ,  0.098966   ,  4.92935    ,  2.62315    ,  0.0497084  ])
80753   , -1311.15    , array([ 1.00614    ,  0.0989676  ,  4.92935    ,  2.62317    ,  0.0497102  ])
80754   , -1311.15    , array([ 1.00616    ,  0.0989643  ,  4.92935    ,  2.62313    ,  0.0497067  ])
80755   , -1311.15    , array([ 1.00615    ,  0.098966   ,  4.92935    ,  2.62315    ,  0.0497084  ])
80756   , -1339.92    , array([ 1.00615    ,  0.098966   ,  5.92935    ,  2.62315    ,  0.0497084  ])
80757   , -1404.09    , array([ 1.00615    ,  0.098966   ,  3.31132    ,  2.62315    ,  0.0497084  ])
80758   , -1311.15    , array([ 1.00615    ,  0.098966   ,  4.92935    ,  2.62315    ,  0.0497084  ])
80759   , -1324.59    , array([ 1.00615    ,  0.098966   ,  4.31132    ,  2.62315    ,  0.0497084  ])
80760   , -1315.13    , array([ 1.00615    ,  0.098966   ,  5.31132    ,  2.62315    ,  0.0497084  ])
80761   , -1311.14    , array([ 1.00615    ,  0.098966   ,  4.95839    ,  2.62315    ,  0.0497084  ])
80762   , -1311.13    , array([ 1.00615    ,  0.098966   ,  4.95302    ,  2.62315    ,  0.0497084  ])
80763   , -1311.13    , array([ 1.00615    ,  0.098966   ,  4.95278    ,  2.62315    ,  0.0497084  ])
80764   , -1311.13    , array([ 1.00615    ,  0.098966   ,  4.95254    ,  2.62315    ,  0.0497084  ])
80765   , -1311.13    , array([ 1.00615    ,  0.098966   ,  4.95278    ,  2.62315    ,  0.0497084  ])
80766   , -1312.46    , array([ 0.97788    ,  0.0999048  ,  5.03885    ,  2.70643    ,  0.0505359  ])
80767   , -1313.9     , array([ 1.0519     ,  0.0974468  ,  4.81351    ,  2.48839    ,  0.0483696  ])
80768   , -1311.13    , array([ 1.00615    ,  0.098966   ,  4.95278    ,  2.62315    ,  0.0497084  ])
80769   , -1311.53    , array([ 1.02363    ,  0.0983857  ,  4.89958    ,  2.57168    ,  0.049197   ])
80770   , -1311.34    , array([ 0.995353   ,  0.0993246  ,  4.98566    ,  2.65496    ,  0.0500245  ])
80771   , -1311.13    , array([ 1.00717    ,  0.0989323  ,  4.94969    ,  2.62016    ,  0.0496788  ])
80772   , -1311.13    , array([ 1.00698    ,  0.0989384  ,  4.95026    ,  2.62071    ,  0.0496842  ])
80773   , -1311.13    , array([ 1.00699    ,  0.0989382  ,  4.95023    ,  2.62068    ,  0.0496839  ])
80774   , -1311.13    , array([ 1.007      ,  0.0989379  ,  4.95021    ,  2.62066    ,  0.0496837  ])
80775   , -1311.13    , array([ 1.00699    ,  0.0989382  ,  4.95023    ,  2.62068    ,  0.0496839  ])
80776   , -1311.95    , array([ 1.02196    ,  0.103132   ,  4.90379    ,  2.35446    ,  0.0512871  ])
80777   , -1315.93    , array([ 0.982765   ,  0.0921526  ,  5.02537    ,  3.05145    ,  0.04709    ])
80778   , -1311.13    , array([ 1.00699    ,  0.0989382  ,  4.95023    ,  2.62068    ,  0.0496839  ])
80779   , -1312.04    , array([ 0.997736   ,  0.0963463  ,  4.97893    ,  2.78522    ,  0.0486931  ])
80780   , -1311.11    , array([ 1.01271    ,  0.10054    ,  4.93249    ,  2.51899    ,  0.0502963  ])
80781   , -1311.07    , array([ 1.01013    ,  0.0998176  ,  4.94049    ,  2.56485    ,  0.0500201  ])
80782   , -1311.07    , array([ 1.01016    ,  0.0998264  ,  4.9404     ,  2.5643     ,  0.0500235  ])
80783   , -1311.07    , array([ 1.0101     ,  0.0998088  ,  4.94059    ,  2.56541    ,  0.0500168  ])
80784   , -1310.95    , array([ 1.0036     ,  0.0998523  ,  4.97144    ,  2.51364    ,  0.0498796  ])
80785   , -1311.07    , array([ 1.01013    ,  0.0998176  ,  4.94049    ,  2.56485    ,  0.0500201  ])
80786   , -1310.95    , array([ 1.0036     ,  0.0998523  ,  4.97144    ,  2.51364    ,  0.0498796  ])
80787   , -1311.06    , array([ 0.993031   ,  0.0999085  ,  5.02152    ,  2.43076    ,  0.0496522  ])
80788   , -1310.95    , array([ 1.0036     ,  0.0998523  ,  4.97144    ,  2.51364    ,  0.0498796  ])
80789   , -1310.95    , array([ 0.999562   ,  0.0998738  ,  4.99057    ,  2.48198    ,  0.0497927  ])
80790   , -1310.97    , array([ 0.997067   ,  0.0998871  ,  5.00239    ,  2.46242    ,  0.0497391  ])
80791   , -1310.94    , array([ 1.00138    ,  0.0998641  ,  4.98195    ,  2.49624    ,  0.0498319  ])
80792   , -1310.94    , array([ 1.00129    ,  0.0998646  ,  4.98237    ,  2.49556    ,  0.04983    ])
80793   , -1310.94    , array([ 1.00147    ,  0.0998637  ,  4.98154    ,  2.49693    ,  0.0498338  ])
80794   , -1310.94    , array([ 1.00138    ,  0.0998641  ,  4.98195    ,  2.49624    ,  0.0498319  ])
80795   , -1312.43    , array([ 1.01635    ,  0.104058   ,  4.93551    ,  2.23001    ,  0.0514351  ])
80796   , -1314.76    , array([ 0.977156   ,  0.0930786  ,  5.05709    ,  2.92701    ,  0.0472379  ])
80797   , -1310.94    , array([ 1.00138    ,  0.0998641  ,  4.98195    ,  2.49624    ,  0.0498319  ])
80798   , -1311.48    , array([ 0.992128   ,  0.0972723  ,  5.01065    ,  2.66078    ,  0.0488411  ])
80799   , -1311.16    , array([ 1.0071     ,  0.101466   ,  4.96421    ,  2.39455    ,  0.0504442  ])
80800   , -1310.94    , array([ 1.00126    ,  0.0998312  ,  4.98232    ,  2.49834    ,  0.0498193  ])
80801   , -1310.94    , array([ 1.00127    ,  0.0998335  ,  4.98229    ,  2.49819    ,  0.0498202  ])
80802   , -1310.94    , array([ 1.00127    ,  0.0998332  ,  4.98229    ,  2.49821    ,  0.04982    ])
80803   , -1310.94    , array([ 1.00127    ,  0.0998338  ,  4.98229    ,  2.49817    ,  0.0498203  ])
80804   , -1310.94    , array([ 1.00127    ,  0.0998335  ,  4.98229    ,  2.49819    ,  0.0498202  ])
80805   , -1480.04    , array([ 1.09129    ,  0.0865628  ,  4.96932    ,  2.31573    ,  0.0355887  ])
80806   , -1416.42    , array([ 0.855625   ,  0.121306   ,  5.00328    ,  2.79341    ,  0.0728471  ])
80807   , -1310.94    , array([ 1.00127    ,  0.0998335  ,  4.98229    ,  2.49819    ,  0.0498202  ])
80808   , -1331.35    , array([ 0.945639   ,  0.108035   ,  4.99031    ,  2.61095    ,  0.0586157  ])
80809   , -1326.2     , array([ 1.03565    ,  0.0947645  ,  4.97734    ,  2.4285     ,  0.0443842  ])
80810   , -1311.36    , array([ 0.993823   ,  0.100931   ,  4.98336    ,  2.51329    ,  0.0509977  ])
80811   , -1310.94    , array([ 0.999881   ,  0.100038   ,  4.98249    ,  2.50101    ,  0.0500399  ])
80812   , -1310.94    , array([ 1.00063    ,  0.0999277  ,  4.98238    ,  2.49949    ,  0.0499213  ])
80813   , -1310.94    , array([ 1.00063    ,  0.0999287  ,  4.98238    ,  2.4995     ,  0.0499223  ])
80814   , -1310.94    , array([ 1.00064    ,  0.0999268  ,  4.98238    ,  2.49947    ,  0.0499202  ])
80815   , -1310.94    , array([ 1.00063    ,  0.0999277  ,  4.98238    ,  2.49949    ,  0.0499213  ])
80816   , -1340.61    , array([ 1.00063    ,  0.0999277  ,  5.98238    ,  2.49949    ,  0.0499213  ])
80817   , -1403.23    , array([ 1.00063    ,  0.0999277  ,  3.36435    ,  2.49949    ,  0.0499213  ])
80818   , -1310.94    , array([ 1.00063    ,  0.0999277  ,  4.98238    ,  2.49949    ,  0.0499213  ])
80819   , -1324       , array([ 1.00063    ,  0.0999277  ,  4.36435    ,  2.49949    ,  0.0499213  ])
80820   , -1315.22    , array([ 1.00063    ,  0.0999277  ,  5.36435    ,  2.49949    ,  0.0499213  ])
80821   , -1310.93    , array([ 1.00063    ,  0.0999277  ,  5.0002     ,  2.49949    ,  0.0499213  ])
80822   , -1310.93    , array([ 1.00063    ,  0.0999277  ,  4.99457    ,  2.49949    ,  0.0499213  ])
80823   , -1310.93    , array([ 1.00063    ,  0.0999277  ,  4.99445    ,  2.49949    ,  0.0499213  ])
80824   , -1310.93    , array([ 1.00063    ,  0.0999277  ,  4.99469    ,  2.49949    ,  0.0499213  ])
80825   , -1310.93    , array([ 1.00063    ,  0.0999277  ,  4.99457    ,  2.49949    ,  0.0499213  ])
80826   , -1312.19    , array([ 0.972359   ,  0.100867   ,  5.08065    ,  2.58277    ,  0.0507487  ])
80827   , -1313.86    , array([ 1.04638    ,  0.0984086  ,  4.8553     ,  2.36473    ,  0.0485824  ])
80828   , -1310.93    , array([ 1.00063    ,  0.0999277  ,  4.99457    ,  2.49949    ,  0.0499213  ])
80829   , -1311.39    , array([ 1.0181     ,  0.0993475  ,  4.94137    ,  2.44801    ,  0.0494099  ])
80830   , -1311.11    , array([ 0.989832   ,  0.100286   ,  5.02745    ,  2.5313     ,  0.0502373  ])
80831   , -1310.93    , array([ 1.00063    ,  0.0999279  ,  4.99459    ,  2.4995     ,  0.0499214  ])
80832   , -1310.93    , array([ 1.00046    ,  0.0999334  ,  4.9951     ,  2.49999    ,  0.0499263  ])
80833   , -1310.96    , array([ 0.9964     ,  0.100068   ,  5.00745    ,  2.51195    ,  0.0500451  ])
80834   , -1310.93    , array([ 1.00046    ,  0.0999336  ,  4.99511    ,  2.5        ,  0.0499264  ])
80835   , -1310.93    , array([ 1.00045    ,  0.0999336  ,  4.99511    ,  2.50001    ,  0.0499264  ])
80836   , -1310.93    , array([ 1.00046    ,  0.0999336  ,  4.99511    ,  2.5        ,  0.0499264  ])
80837   , -1311.06    , array([ 0.991708   ,  0.0999801  ,  5.03656    ,  2.43139    ,  0.0497381  ])
80838   , -1311.28    , array([ 1.01461    ,  0.0998583  ,  4.92802    ,  2.61102    ,  0.050231   ])
80839   , -1310.93    , array([ 1.00046    ,  0.0999336  ,  4.99511    ,  2.5        ,  0.0499264  ])
80840   , -1310.98    , array([ 1.00586    ,  0.0999048  ,  4.96948    ,  2.54241    ,  0.0500427  ])
80841   , -1310.95    , array([ 0.997115   ,  0.0999513  ,  5.01094    ,  2.4738     ,  0.0498545  ])
80842   , -1310.93    , array([ 1.00039    ,  0.0999339  ,  4.99541    ,  2.49949    ,  0.049925   ])
80843   , -1310.93    , array([ 1.00039    ,  0.0999339  ,  4.99543    ,  2.49946    ,  0.0499249  ])
80844   , -1310.93    , array([ 1.00039    ,  0.0999339  ,  4.99544    ,  2.49945    ,  0.0499249  ])
80845   , -1310.93    , array([ 1.00039    ,  0.0999339  ,  4.99543    ,  2.49946    ,  0.0499249  ])
