22258   , -2357.08    , array([ 7.31795    ,  36.5879    ,  0.00120135 ,  5.32307e-07])
22259   , -2357.08    , array([ 7.32527    ,  36.5879    ,  0.00120135 ,  5.32307e-07])
22260   , -2357.08    , array([ 7.31795    ,  36.6245    ,  0.00120135 ,  5.32307e-07])
22261   , -2357.1     , array([ 7.31795    ,  36.5879    ,  0.00120255 ,  5.32307e-07])
22262   , -2357.08    , array([ 7.31795    ,  36.5879    ,  0.00120135 ,  5.3284e-07 ])
22263   , -2357.08    , array([ 7.31795    ,  36.5879    ,  0.00120135 ,  5.32307e-07])
22264   , -2344.01    , array([ 6.25044    ,  36.5874    ,  0.000443006,  5.32042e-07])
22265   , -2344.01    , array([ 6.25044    ,  36.5874    ,  0.000443006,  5.32042e-07])
22266   , -2344.01    , array([ 6.25669    ,  36.5874    ,  0.000443006,  5.32042e-07])
22267   , -2344.01    , array([ 6.25044    ,  36.624     ,  0.000443006,  5.32042e-07])
22268   , -2344.01    , array([ 6.25044    ,  36.5874    ,  0.000443449,  5.32042e-07])
22269   , -2344.01    , array([ 6.25044    ,  36.5874    ,  0.000443006,  5.32574e-07])
22270   , -2340.73    , array([ 4.03241    ,  36.5769    ,  0.000269985,  5.2663e-07 ])
22271   , -2340.73    , array([ 4.03241    ,  36.5769    ,  0.000269985,  5.2663e-07 ])
22272   , -2340.73    , array([ 4.03645    ,  36.5769    ,  0.000269985,  5.2663e-07 ])
22273   , -2340.73    , array([ 4.03241    ,  36.6135    ,  0.000269985,  5.2663e-07 ])
22274   , -2340.73    , array([ 4.03241    ,  36.5769    ,  0.000270255,  5.2663e-07 ])
22275   , -2340.73    , array([ 4.03241    ,  36.5769    ,  0.000269985,  5.27157e-07])
22276   , -2334.09    , array([ 0.483871   ,  36.5468    ,  0.000133305,  5.11438e-07])
22277   , -2334.09    , array([ 0.483871   ,  36.5468    ,  0.000133305,  5.11438e-07])
22278   , -2334.09    , array([ 0.484355   ,  36.5468    ,  0.000133305,  5.11438e-07])
22279   , -2334.09    , array([ 0.483871   ,  36.5834    ,  0.000133305,  5.11438e-07])
22280   , -2334.08    , array([ 0.483871   ,  36.5468    ,  0.000133438,  5.11438e-07])
22281   , -2334.09    , array([ 0.483871   ,  36.5468    ,  0.000133305,  5.1195e-07 ])
22288   , -2334.09    , array([ 0.48387    ,  36.5468    ,  0.000133305,  5.11438e-07])
22289   , -2334.09    , array([ 0.48387    ,  36.5468    ,  0.000133305,  5.11438e-07])
22290   , -2334.09    , array([ 0.484355   ,  36.5468    ,  0.000133305,  5.11438e-07])
22291   , -2334.09    , array([ 0.48387    ,  36.5834    ,  0.000133305,  5.11438e-07])
22292   , -2334.08    , array([ 0.48387    ,  36.5468    ,  0.000133438,  5.11438e-07])
22293   , -2334.09    , array([ 0.48387    ,  36.5468    ,  0.000133305,  5.1195e-07 ])
22294   , -2334.09    , array([ 0.48387    ,  36.5468    ,  0.000133305,  5.11438e-07])
22295   , -2334.09    , array([ 0.48387    ,  36.5468    ,  0.000133305,  5.11438e-07])
22296   , -2334.09    , array([ 0.484354   ,  36.5468    ,  0.000133305,  5.11438e-07])
22297   , -2334.09    , array([ 0.48387    ,  36.5834    ,  0.000133305,  5.11438e-07])
22298   , -2334.08    , array([ 0.48387    ,  36.5468    ,  0.000133438,  5.11438e-07])
22299   , -2334.09    , array([ 0.48387    ,  36.5468    ,  0.000133305,  5.1195e-07 ])
22300   , -2253.84    , array([ 0.0069672  ,  36.4868    ,  3.24982e-05,  4.82358e-07])
22301   , -2253.84    , array([ 0.0069672  ,  36.4868    ,  3.24982e-05,  4.82358e-07])
22302   , -2253.92    , array([ 0.00697417 ,  36.4868    ,  3.24982e-05,  4.82358e-07])
22303   , -2253.84    , array([ 0.0069672  ,  36.5233    ,  3.24982e-05,  4.82358e-07])
22304   , -2253.76    , array([ 0.0069672  ,  36.4868    ,  3.25307e-05,  4.82358e-07])
22305   , -2253.84    , array([ 0.0069672  ,  36.4868    ,  3.24982e-05,  4.82841e-07])
22306   , -2253.84    , array([ 0.00696719 ,  36.4868    ,  3.24982e-05,  4.82358e-07])
22307   , -2253.84    , array([ 0.00696719 ,  36.4868    ,  3.24982e-05,  4.82358e-07])
22308   , -2253.92    , array([ 0.00697416 ,  36.4868    ,  3.24982e-05,  4.82358e-07])
22309   , -2253.84    , array([ 0.00696719 ,  36.5233    ,  3.24982e-05,  4.82358e-07])
22310   , -2253.76    , array([ 0.00696719 ,  36.4868    ,  3.25307e-05,  4.82358e-07])
22311   , -2253.84    , array([ 0.00696719 ,  36.4868    ,  3.24982e-05,  4.82841e-07])
22312   , -2253.84    , array([ 0.00696718 ,  36.4868    ,  3.24982e-05,  4.82358e-07])
22313   , -2253.84    , array([ 0.00696718 ,  36.4868    ,  3.24982e-05,  4.82358e-07])
22314   , -2253.92    , array([ 0.00697415 ,  36.4868    ,  3.24982e-05,  4.82358e-07])
22315   , -2253.84    , array([ 0.00696718 ,  36.5233    ,  3.24982e-05,  4.82358e-07])
22316   , -2253.76    , array([ 0.00696718 ,  36.4868    ,  3.25307e-05,  4.82358e-07])
22317   , -2253.84    , array([ 0.00696718 ,  36.4868    ,  3.24982e-05,  4.82841e-07])
22324   , -2253.84    , array([ 0.00696717 ,  36.4868    ,  3.24982e-05,  4.82358e-07])
22325   , -2253.84    , array([ 0.00696717 ,  36.4868    ,  3.24982e-05,  4.82358e-07])
22326   , -2253.92    , array([ 0.00697414 ,  36.4868    ,  3.24982e-05,  4.82358e-07])
22327   , -2253.84    , array([ 0.00696717 ,  36.5233    ,  3.24982e-05,  4.82358e-07])
22328   , -2253.76    , array([ 0.00696717 ,  36.4868    ,  3.25307e-05,  4.82358e-07])
22329   , -2253.84    , array([ 0.00696717 ,  36.4868    ,  3.24982e-05,  4.82841e-07])
22330   , -2253.84    , array([ 0.00696717 ,  36.4868    ,  3.24982e-05,  4.82358e-07])
22331   , -2253.84    , array([ 0.00696717 ,  36.4868    ,  3.24982e-05,  4.82358e-07])
22332   , -2253.92    , array([ 0.00697414 ,  36.4868    ,  3.24982e-05,  4.82358e-07])
22333   , -2253.84    , array([ 0.00696717 ,  36.5233    ,  3.24982e-05,  4.82358e-07])
22334   , -2253.76    , array([ 0.00696717 ,  36.4868    ,  3.25307e-05,  4.82358e-07])
22335   , -2253.84    , array([ 0.00696717 ,  36.4868    ,  3.24982e-05,  4.82841e-07])
22336   , -2179.18    , array([ 0.00241346 ,  36.4718    ,  2.28356e-05,  4.7535e-07 ])
22337   , -2179.18    , array([ 0.00241346 ,  36.4718    ,  2.28356e-05,  4.7535e-07 ])
22338   , -2179.31    , array([ 0.00241587 ,  36.4718    ,  2.28356e-05,  4.7535e-07 ])
22339   , -2179.18    , array([ 0.00241346 ,  36.5083    ,  2.28356e-05,  4.7535e-07 ])
22340   , -2179.04    , array([ 0.00241346 ,  36.4718    ,  2.28584e-05,  4.7535e-07 ])
22341   , -2179.18    , array([ 0.00241346 ,  36.4718    ,  2.28356e-05,  4.75826e-07])
22342   , -2179.18    , array([ 0.00241345 ,  36.4718    ,  2.28356e-05,  4.7535e-07 ])
22343   , -2179.18    , array([ 0.00241345 ,  36.4718    ,  2.28356e-05,  4.7535e-07 ])
22344   , -2179.31    , array([ 0.00241587 ,  36.4718    ,  2.28356e-05,  4.7535e-07 ])
22345   , -2179.18    , array([ 0.00241345 ,  36.5083    ,  2.28356e-05,  4.7535e-07 ])
22346   , -2179.04    , array([ 0.00241345 ,  36.4718    ,  2.28584e-05,  4.7535e-07 ])
22347   , -2179.18    , array([ 0.00241345 ,  36.4718    ,  2.28356e-05,  4.75826e-07])
22348   , -2179.18    , array([ 0.00241345 ,  36.4718    ,  2.28356e-05,  4.7535e-07 ])
22349   , -2179.18    , array([ 0.00241345 ,  36.4718    ,  2.28356e-05,  4.7535e-07 ])
22350   , -2179.31    , array([ 0.00241587 ,  36.4718    ,  2.28356e-05,  4.7535e-07 ])
22351   , -2179.18    , array([ 0.00241345 ,  36.5083    ,  2.28356e-05,  4.7535e-07 ])
22352   , -2179.04    , array([ 0.00241345 ,  36.4718    ,  2.28584e-05,  4.7535e-07 ])
22353   , -2179.18    , array([ 0.00241345 ,  36.4718    ,  2.28356e-05,  4.75826e-07])
22354   , -2124.49    , array([ 0.00142047 ,  36.4643    ,  1.91421e-05,  4.71884e-07])
22355   , -2124.49    , array([ 0.00142047 ,  36.4643    ,  1.91421e-05,  4.71884e-07])
22356   , -2124.67    , array([ 0.00142189 ,  36.4643    ,  1.91421e-05,  4.71884e-07])
22357   , -2124.49    , array([ 0.00142047 ,  36.5008    ,  1.91421e-05,  4.71884e-07])
22358   , -2124.32    , array([ 0.00142047 ,  36.4643    ,  1.91612e-05,  4.71884e-07])
22359   , -2124.49    , array([ 0.00142047 ,  36.4643    ,  1.91421e-05,  4.72357e-07])
22360   , -2124.49    , array([ 0.00142047 ,  36.4643    ,  1.91421e-05,  4.71884e-07])
22361   , -2124.49    , array([ 0.00142047 ,  36.4643    ,  1.91421e-05,  4.71884e-07])
22362   , -2124.67    , array([ 0.00142189 ,  36.4643    ,  1.91421e-05,  4.71884e-07])
22363   , -2124.49    , array([ 0.00142047 ,  36.5008    ,  1.91421e-05,  4.71884e-07])
22364   , -2124.32    , array([ 0.00142047 ,  36.4643    ,  1.91612e-05,  4.71884e-07])
22365   , -2124.49    , array([ 0.00142047 ,  36.4643    ,  1.91421e-05,  4.72357e-07])
22366   , -2124.49    , array([ 0.00142047 ,  36.4643    ,  1.91421e-05,  4.71884e-07])
22367   , -2124.49    , array([ 0.00142047 ,  36.4643    ,  1.91421e-05,  4.71884e-07])
22368   , -2124.67    , array([ 0.00142189 ,  36.4643    ,  1.91421e-05,  4.71884e-07])
22369   , -2124.49    , array([ 0.00142047 ,  36.5008    ,  1.91421e-05,  4.71884e-07])
22370   , -2124.32    , array([ 0.00142047 ,  36.4643    ,  1.91612e-05,  4.71884e-07])
22371   , -2124.49    , array([ 0.00142047 ,  36.4643    ,  1.91421e-05,  4.72357e-07])
22372   , -2092.35    , array([ 0.00108975 ,  36.4606    ,  1.75258e-05,  4.70161e-07])
22373   , -2092.35    , array([ 0.00108975 ,  36.4606    ,  1.75258e-05,  4.70161e-07])
22374   , -2092.54    , array([ 0.00109084 ,  36.4606    ,  1.75258e-05,  4.70161e-07])
22375   , -2092.35    , array([ 0.00108975 ,  36.4971    ,  1.75258e-05,  4.70161e-07])
22376   , -2092.16    , array([ 0.00108975 ,  36.4606    ,  1.75433e-05,  4.70161e-07])
22377   , -2092.35    , array([ 0.00108975 ,  36.4606    ,  1.75258e-05,  4.70631e-07])
22378   , -2092.35    , array([ 0.00108975 ,  36.4606    ,  1.75258e-05,  4.70161e-07])
22379   , -2092.35    , array([ 0.00108975 ,  36.4606    ,  1.75258e-05,  4.70161e-07])
22380   , -2092.54    , array([ 0.00109084 ,  36.4606    ,  1.75258e-05,  4.70161e-07])
22381   , -2092.35    , array([ 0.00108975 ,  36.4971    ,  1.75258e-05,  4.70161e-07])
22382   , -2092.16    , array([ 0.00108975 ,  36.4606    ,  1.75433e-05,  4.70161e-07])
22383   , -2092.35    , array([ 0.00108975 ,  36.4606    ,  1.75258e-05,  4.70631e-07])
22384   , -2092.35    , array([ 0.00108975 ,  36.4606    ,  1.75258e-05,  4.70161e-07])
22385   , -2092.35    , array([ 0.00108975 ,  36.4606    ,  1.75258e-05,  4.70161e-07])
22386   , -2092.54    , array([ 0.00109084 ,  36.4606    ,  1.75258e-05,  4.70161e-07])
22387   , -2092.35    , array([ 0.00108975 ,  36.4971    ,  1.75258e-05,  4.70161e-07])
22388   , -2092.16    , array([ 0.00108975 ,  36.4606    ,  1.75433e-05,  4.70161e-07])
22389   , -2092.35    , array([ 0.00108975 ,  36.4606    ,  1.75258e-05,  4.70631e-07])
22396   , -2092.35    , array([ 0.00108975 ,  36.4606    ,  1.75258e-05,  4.70161e-07])
22397   , -2092.35    , array([ 0.00108975 ,  36.4606    ,  1.75258e-05,  4.70161e-07])
22398   , -2092.54    , array([ 0.00109084 ,  36.4606    ,  1.75258e-05,  4.70161e-07])
22399   , -2092.35    , array([ 0.00108975 ,  36.4971    ,  1.75258e-05,  4.70161e-07])
22400   , -2092.16    , array([ 0.00108975 ,  36.4606    ,  1.75433e-05,  4.70161e-07])
22401   , -2092.35    , array([ 0.00108975 ,  36.4606    ,  1.75258e-05,  4.70631e-07])
22402   , -2092.35    , array([ 0.00108975 ,  36.4606    ,  1.75258e-05,  4.70161e-07])
22403   , -2092.35    , array([ 0.00108975 ,  36.4606    ,  1.75258e-05,  4.70161e-07])
22404   , -2092.54    , array([ 0.00109084 ,  36.4606    ,  1.75258e-05,  4.70161e-07])
22405   , -2092.35    , array([ 0.00108975 ,  36.4971    ,  1.75258e-05,  4.70161e-07])
22406   , -2092.16    , array([ 0.00108975 ,  36.4606    ,  1.75433e-05,  4.70161e-07])
22407   , -2092.35    , array([ 0.00108975 ,  36.4606    ,  1.75258e-05,  4.70631e-07])
22408   , -2083.82    , array([ 0.00101988 ,  36.4597    ,  1.71435e-05,  4.69731e-07])
22409   , -2083.82    , array([ 0.00101988 ,  36.4597    ,  1.71435e-05,  4.69731e-07])
22410   , -2084.02    , array([ 0.0010209  ,  36.4597    ,  1.71435e-05,  4.69731e-07])
22411   , -2083.82    , array([ 0.00101988 ,  36.4961    ,  1.71435e-05,  4.69731e-07])
22412   , -2083.63    , array([ 0.00101988 ,  36.4597    ,  1.71607e-05,  4.69731e-07])
22413   , -2083.82    , array([ 0.00101988 ,  36.4597    ,  1.71435e-05,  4.70201e-07])
22414   , -2083.82    , array([ 0.00101988 ,  36.4597    ,  1.71435e-05,  4.69731e-07])
22415   , -2083.82    , array([ 0.00101988 ,  36.4597    ,  1.71435e-05,  4.69731e-07])
22416   , -2084.02    , array([ 0.0010209  ,  36.4597    ,  1.71435e-05,  4.69731e-07])
22417   , -2083.82    , array([ 0.00101988 ,  36.4961    ,  1.71435e-05,  4.69731e-07])
22418   , -2083.63    , array([ 0.00101988 ,  36.4597    ,  1.71607e-05,  4.69731e-07])
22419   , -2083.82    , array([ 0.00101988 ,  36.4597    ,  1.71435e-05,  4.70201e-07])
22420   , -2083.82    , array([ 0.00101988 ,  36.4597    ,  1.71435e-05,  4.69731e-07])
22421   , -2083.82    , array([ 0.00101988 ,  36.4597    ,  1.71435e-05,  4.69731e-07])
22422   , -2084.02    , array([ 0.0010209  ,  36.4597    ,  1.71435e-05,  4.69731e-07])
22423   , -2083.82    , array([ 0.00101988 ,  36.4961    ,  1.71435e-05,  4.69731e-07])
22424   , -2083.63    , array([ 0.00101988 ,  36.4597    ,  1.71607e-05,  4.69731e-07])
22425   , -2083.82    , array([ 0.00101988 ,  36.4597    ,  1.71435e-05,  4.70201e-07])
22432   , -2083.82    , array([ 0.00101988 ,  36.4597    ,  1.71435e-05,  4.69731e-07])
22433   , -2083.82    , array([ 0.00101988 ,  36.4597    ,  1.71435e-05,  4.69731e-07])
22434   , -2084.02    , array([ 0.0010209  ,  36.4597    ,  1.71435e-05,  4.69731e-07])
22435   , -2083.82    , array([ 0.00101988 ,  36.4961    ,  1.71435e-05,  4.69731e-07])
22436   , -2083.63    , array([ 0.00101988 ,  36.4597    ,  1.71607e-05,  4.69731e-07])
22437   , -2083.82    , array([ 0.00101988 ,  36.4597    ,  1.71435e-05,  4.70201e-07])
22444   , -2083.82    , array([ 0.00101988 ,  36.4597    ,  1.71435e-05,  4.69731e-07])
22445   , -2083.82    , array([ 0.00101988 ,  36.4597    ,  1.71435e-05,  4.69731e-07])
22446   , -2084.02    , array([ 0.0010209  ,  36.4597    ,  1.71435e-05,  4.69731e-07])
22447   , -2083.82    , array([ 0.00101988 ,  36.4961    ,  1.71435e-05,  4.69731e-07])
22448   , -2083.63    , array([ 0.00101988 ,  36.4597    ,  1.71607e-05,  4.69731e-07])
22449   , -2083.82    , array([ 0.00101988 ,  36.4597    ,  1.71435e-05,  4.70201e-07])
22450   , -2083.82    , array([ 0.00101988 ,  36.4597    ,  1.71435e-05,  4.69731e-07])
22451   , -2083.82    , array([ 0.00101988 ,  36.4597    ,  1.71435e-05,  4.69731e-07])
22452   , -2084.02    , array([ 0.0010209  ,  36.4597    ,  1.71435e-05,  4.69731e-07])
22453   , -2083.82    , array([ 0.00101988 ,  36.4961    ,  1.71435e-05,  4.69731e-07])
22454   , -2083.63    , array([ 0.00101988 ,  36.4597    ,  1.71607e-05,  4.69731e-07])
22455   , -2083.82    , array([ 0.00101988 ,  36.4597    ,  1.71435e-05,  4.70201e-07])
22456   , -2082.4     , array([ 0.00100879 ,  36.4595    ,  1.70812e-05,  4.6966e-07 ])
22457   , -2082.4     , array([ 0.00100879 ,  36.4595    ,  1.70812e-05,  4.6966e-07 ])
22458   , -2082.6     , array([ 0.0010098  ,  36.4595    ,  1.70812e-05,  4.6966e-07 ])
22459   , -2082.4     , array([ 0.00100879 ,  36.496     ,  1.70812e-05,  4.6966e-07 ])
22460   , -2082.2     , array([ 0.00100879 ,  36.4595    ,  1.70983e-05,  4.6966e-07 ])
22461   , -2082.4     , array([ 0.00100879 ,  36.4595    ,  1.70812e-05,  4.7013e-07 ])
22462   , -2082.4     , array([ 0.00100879 ,  36.4595    ,  1.70812e-05,  4.6966e-07 ])
22463   , -2082.4     , array([ 0.00100879 ,  36.4595    ,  1.70812e-05,  4.6966e-07 ])
22464   , -2082.6     , array([ 0.0010098  ,  36.4595    ,  1.70812e-05,  4.6966e-07 ])
22465   , -2082.4     , array([ 0.00100879 ,  36.496     ,  1.70812e-05,  4.6966e-07 ])
22466   , -2082.2     , array([ 0.00100879 ,  36.4595    ,  1.70983e-05,  4.6966e-07 ])
22467   , -2082.4     , array([ 0.00100879 ,  36.4595    ,  1.70812e-05,  4.7013e-07 ])
22468   , -2081.46    , array([ 0.00100154 ,  36.4594    ,  1.70403e-05,  4.69614e-07])
22469   , -2081.46    , array([ 0.00100154 ,  36.4594    ,  1.70403e-05,  4.69614e-07])
22470   , -2081.65    , array([ 0.00100254 ,  36.4594    ,  1.70403e-05,  4.69614e-07])
22471   , -2081.46    , array([ 0.00100154 ,  36.4959    ,  1.70403e-05,  4.69614e-07])
22472   , -2081.26    , array([ 0.00100154 ,  36.4594    ,  1.70573e-05,  4.69614e-07])
22473   , -2081.46    , array([ 0.00100154 ,  36.4594    ,  1.70403e-05,  4.70083e-07])
22474   , -2081.46    , array([ 0.00100154 ,  36.4594    ,  1.70403e-05,  4.69614e-07])
22475   , -2081.46    , array([ 0.00100154 ,  36.4594    ,  1.70403e-05,  4.69614e-07])
22476   , -2081.65    , array([ 0.00100254 ,  36.4594    ,  1.70403e-05,  4.69614e-07])
22477   , -2081.46    , array([ 0.00100154 ,  36.4959    ,  1.70403e-05,  4.69614e-07])
22478   , -2081.26    , array([ 0.00100154 ,  36.4594    ,  1.70573e-05,  4.69614e-07])
22479   , -2081.46    , array([ 0.00100154 ,  36.4594    ,  1.70403e-05,  4.70083e-07])
22480   , -2081.46    , array([ 0.00100154 ,  36.4594    ,  1.70403e-05,  4.69614e-07])
22481   , -2081.46    , array([ 0.00100154 ,  36.4594    ,  1.70403e-05,  4.69614e-07])
22482   , -2081.65    , array([ 0.00100254 ,  36.4594    ,  1.70403e-05,  4.69614e-07])
22483   , -2081.46    , array([ 0.00100154 ,  36.4959    ,  1.70403e-05,  4.69614e-07])
22484   , -2081.26    , array([ 0.00100154 ,  36.4594    ,  1.70573e-05,  4.69614e-07])
22485   , -2081.46    , array([ 0.00100154 ,  36.4594    ,  1.70403e-05,  4.70083e-07])
22488   , -2081.41    , array([ 0.00100068 ,  36.4594    ,  1.70297e-05,  4.69601e-07])
22492   , -2081.46    , array([ 0.00100154 ,  36.4594    ,  1.70403e-05,  4.69614e-07])
22493   , -2081.46    , array([ 0.00100154 ,  36.4594    ,  1.70403e-05,  4.69614e-07])
22494   , -2081.65    , array([ 0.00100254 ,  36.4594    ,  1.70403e-05,  4.69614e-07])
22495   , -2081.46    , array([ 0.00100154 ,  36.4959    ,  1.70403e-05,  4.69614e-07])
22496   , -2081.26    , array([ 0.00100154 ,  36.4594    ,  1.70573e-05,  4.69614e-07])
22497   , -2081.46    , array([ 0.00100154 ,  36.4594    ,  1.70403e-05,  4.70083e-07])
22498   , -2081.3     , array([ 0.00100031 ,  36.4594    ,  1.70333e-05,  4.69606e-07])
22499   , -2081.3     , array([ 0.00100031 ,  36.4594    ,  1.70333e-05,  4.69606e-07])
22500   , -2081.49    , array([ 0.00100131 ,  36.4594    ,  1.70333e-05,  4.69606e-07])
22501   , -2081.3     , array([ 0.00100031 ,  36.4959    ,  1.70333e-05,  4.69606e-07])
22502   , -2081.1     , array([ 0.00100031 ,  36.4594    ,  1.70503e-05,  4.69606e-07])
22503   , -2081.3     , array([ 0.00100031 ,  36.4594    ,  1.70333e-05,  4.70075e-07])
22504   , -2081.3     , array([ 0.00100031 ,  36.4594    ,  1.70333e-05,  4.69606e-07])
22505   , -2081.3     , array([ 0.00100031 ,  36.4594    ,  1.70333e-05,  4.69606e-07])
22506   , -2081.49    , array([ 0.00100131 ,  36.4594    ,  1.70333e-05,  4.69606e-07])
22507   , -2081.3     , array([ 0.00100031 ,  36.4959    ,  1.70333e-05,  4.69606e-07])
22508   , -2081.1     , array([ 0.00100031 ,  36.4594    ,  1.70503e-05,  4.69606e-07])
22509   , -2081.3     , array([ 0.00100031 ,  36.4594    ,  1.70333e-05,  4.70075e-07])
22512   , -2081.44    , array([ 0.0010009  ,  36.4594    ,  1.70309e-05,  4.69603e-07])
22516   , -2081.3     , array([ 0.00100031 ,  36.4594    ,  1.70333e-05,  4.69606e-07])
22517   , -2081.3     , array([ 0.00100031 ,  36.4594    ,  1.70333e-05,  4.69606e-07])
22518   , -2081.49    , array([ 0.00100131 ,  36.4594    ,  1.70333e-05,  4.69606e-07])
22519   , -2081.3     , array([ 0.00100031 ,  36.4959    ,  1.70333e-05,  4.69606e-07])
22520   , -2081.1     , array([ 0.00100031 ,  36.4594    ,  1.70503e-05,  4.69606e-07])
22521   , -2081.3     , array([ 0.00100031 ,  36.4594    ,  1.70333e-05,  4.70075e-07])
22522   , -2081.3     , array([ 0.00100031 ,  36.4594    ,  1.70333e-05,  4.69606e-07])
22523   , -2081.3     , array([ 0.00100031 ,  36.4594    ,  1.70333e-05,  4.69606e-07])
22524   , -2081.49    , array([ 0.00100131 ,  36.4594    ,  1.70333e-05,  4.69606e-07])
22525   , -2081.3     , array([ 0.00100031 ,  36.4959    ,  1.70333e-05,  4.69606e-07])
22526   , -2081.1     , array([ 0.00100031 ,  36.4594    ,  1.70503e-05,  4.69606e-07])
22527   , -2081.3     , array([ 0.00100031 ,  36.4594    ,  1.70333e-05,  4.70075e-07])
22528   , -2081.27    , array([ 0.0010001  ,  36.4594    ,  1.70321e-05,  4.69604e-07])
22529   , -2081.27    , array([ 0.0010001  ,  36.4594    ,  1.70321e-05,  4.69604e-07])
22530   , -2081.47    , array([ 0.0010011  ,  36.4594    ,  1.70321e-05,  4.69604e-07])
22531   , -2081.27    , array([ 0.0010001  ,  36.4959    ,  1.70321e-05,  4.69604e-07])
22532   , -2081.07    , array([ 0.0010001  ,  36.4594    ,  1.70492e-05,  4.69604e-07])
22533   , -2081.27    , array([ 0.0010001  ,  36.4594    ,  1.70321e-05,  4.70074e-07])
22534   , -2081.27    , array([ 0.0010001  ,  36.4594    ,  1.70321e-05,  4.69604e-07])
22535   , -2081.27    , array([ 0.0010001  ,  36.4594    ,  1.70321e-05,  4.69604e-07])
22536   , -2081.47    , array([ 0.0010011  ,  36.4594    ,  1.70321e-05,  4.69604e-07])
22537   , -2081.27    , array([ 0.0010001  ,  36.4959    ,  1.70321e-05,  4.69604e-07])
22538   , -2081.07    , array([ 0.0010001  ,  36.4594    ,  1.70492e-05,  4.69604e-07])
22539   , -2081.27    , array([ 0.0010001  ,  36.4594    ,  1.70321e-05,  4.70074e-07])
22540   , -2081.27    , array([ 0.0010001  ,  36.4594    ,  1.70321e-05,  4.69604e-07])
22541   , -2081.27    , array([ 0.0010001  ,  36.4594    ,  1.70321e-05,  4.69604e-07])
22542   , -2081.47    , array([ 0.0010011  ,  36.4594    ,  1.70321e-05,  4.69604e-07])
22543   , -2081.27    , array([ 0.0010001  ,  36.4959    ,  1.70321e-05,  4.69604e-07])
22544   , -2081.07    , array([ 0.0010001  ,  36.4594    ,  1.70492e-05,  4.69604e-07])
22545   , -2081.27    , array([ 0.0010001  ,  36.4594    ,  1.70321e-05,  4.70074e-07])
22546   , -2334.09    , array([ 0.483871   ,  36.5468    ,  0.000133305,  5.11438e-07])
22547   , -2334.09    , array([ 0.483871   ,  36.5468    ,  0.000133305,  5.11438e-07])
22548   , -2334.09    , array([ 0.484355   ,  36.5468    ,  0.000133305,  5.11438e-07])
22549   , -2334.09    , array([ 0.483871   ,  36.5834    ,  0.000133305,  5.11438e-07])
22550   , -2334.08    , array([ 0.483871   ,  36.5468    ,  0.000133438,  5.11438e-07])
22551   , -2334.09    , array([ 0.483871   ,  36.5468    ,  0.000133305,  5.1195e-07 ])
22552   , -2316.63    , array([ 0.0580622  ,  36.5168    ,  6.58193e-05,  4.96686e-07])
22553   , -2316.63    , array([ 0.0580622  ,  36.5168    ,  6.58193e-05,  4.96686e-07])
22554   , -2316.65    , array([ 0.0581203  ,  36.5168    ,  6.58193e-05,  4.96686e-07])
22555   , -2316.63    , array([ 0.0580622  ,  36.5534    ,  6.58193e-05,  4.96686e-07])
22556   , -2316.61    , array([ 0.0580622  ,  36.5168    ,  6.58851e-05,  4.96686e-07])
22557   , -2316.63    , array([ 0.0580622  ,  36.5168    ,  6.58193e-05,  4.97182e-07])
22559   , -2253.84    , array([ 0.0069672  ,  36.4868    ,  3.24982e-05,  4.82358e-07])
22560   , -2253.84    , array([ 0.0069672  ,  36.4868    ,  3.24982e-05,  4.82358e-07])
22561   , -2253.92    , array([ 0.00697417 ,  36.4868    ,  3.24982e-05,  4.82358e-07])
22562   , -2253.84    , array([ 0.0069672  ,  36.5233    ,  3.24982e-05,  4.82358e-07])
22563   , -2253.76    , array([ 0.0069672  ,  36.4868    ,  3.25307e-05,  4.82358e-07])
22564   , -2253.84    , array([ 0.0069672  ,  36.4868    ,  3.24982e-05,  4.82841e-07])
22565   , -2179.18    , array([ 0.00241346 ,  36.4718    ,  2.28356e-05,  4.7535e-07 ])
22566   , -2179.18    , array([ 0.00241346 ,  36.4718    ,  2.28356e-05,  4.7535e-07 ])
22567   , -2179.31    , array([ 0.00241588 ,  36.4718    ,  2.28356e-05,  4.7535e-07 ])
22568   , -2179.18    , array([ 0.00241346 ,  36.5083    ,  2.28356e-05,  4.7535e-07 ])
22569   , -2179.04    , array([ 0.00241346 ,  36.4718    ,  2.28585e-05,  4.7535e-07 ])
22570   , -2179.18    , array([ 0.00241346 ,  36.4718    ,  2.28356e-05,  4.75826e-07])
22571   , -2124.49    , array([ 0.00142047 ,  36.4643    ,  1.91421e-05,  4.71884e-07])
22572   , -2124.49    , array([ 0.00142047 ,  36.4643    ,  1.91421e-05,  4.71884e-07])
22573   , -2124.67    , array([ 0.00142189 ,  36.4643    ,  1.91421e-05,  4.71884e-07])
22574   , -2124.49    , array([ 0.00142047 ,  36.5008    ,  1.91421e-05,  4.71884e-07])
22575   , -2124.32    , array([ 0.00142047 ,  36.4643    ,  1.91612e-05,  4.71884e-07])
22576   , -2124.49    , array([ 0.00142047 ,  36.4643    ,  1.91421e-05,  4.72357e-07])
22577   , -2092.35    , array([ 0.00108975 ,  36.4606    ,  1.75258e-05,  4.70161e-07])
22578   , -2092.35    , array([ 0.00108975 ,  36.4606    ,  1.75258e-05,  4.70161e-07])
22579   , -2092.54    , array([ 0.00109084 ,  36.4606    ,  1.75258e-05,  4.70161e-07])
22580   , -2092.35    , array([ 0.00108975 ,  36.4971    ,  1.75258e-05,  4.70161e-07])
22581   , -2092.16    , array([ 0.00108975 ,  36.4606    ,  1.75433e-05,  4.70161e-07])
22582   , -2092.35    , array([ 0.00108975 ,  36.4606    ,  1.75258e-05,  4.70631e-07])
22584   , -2083.83    , array([ 0.00101988 ,  36.4597    ,  1.71435e-05,  4.69731e-07])
22585   , -2083.83    , array([ 0.00101988 ,  36.4597    ,  1.71435e-05,  4.69731e-07])
22586   , -2084.02    , array([ 0.00102091 ,  36.4597    ,  1.71435e-05,  4.69731e-07])
22587   , -2083.83    , array([ 0.00101988 ,  36.4961    ,  1.71435e-05,  4.69731e-07])
22588   , -2083.63    , array([ 0.00101988 ,  36.4597    ,  1.71607e-05,  4.69731e-07])
22589   , -2083.83    , array([ 0.00101988 ,  36.4597    ,  1.71435e-05,  4.70201e-07])
22591   , -2081.66    , array([ 0.00100313 ,  36.4594    ,  1.70493e-05,  4.69624e-07])
22592   , -2081.66    , array([ 0.00100313 ,  36.4594    ,  1.70493e-05,  4.69624e-07])
22593   , -2081.86    , array([ 0.00100413 ,  36.4594    ,  1.70493e-05,  4.69624e-07])
22594   , -2081.66    , array([ 0.00100313 ,  36.4959    ,  1.70493e-05,  4.69624e-07])
22595   , -2081.47    , array([ 0.00100313 ,  36.4594    ,  1.70663e-05,  4.69624e-07])
22596   , -2081.66    , array([ 0.00100313 ,  36.4594    ,  1.70493e-05,  4.70094e-07])
22599   , -2081.39    , array([ 0.00100105 ,  36.4594    ,  1.70375e-05,  4.6961e-07 ])
22600   , -2081.39    , array([ 0.00100105 ,  36.4594    ,  1.70375e-05,  4.6961e-07 ])
22601   , -2081.59    , array([ 0.00100206 ,  36.4594    ,  1.70375e-05,  4.6961e-07 ])
22602   , -2081.39    , array([ 0.00100105 ,  36.4959    ,  1.70375e-05,  4.6961e-07 ])
22603   , -2081.2     , array([ 0.00100105 ,  36.4594    ,  1.70546e-05,  4.6961e-07 ])
22604   , -2081.39    , array([ 0.00100105 ,  36.4594    ,  1.70375e-05,  4.7008e-07 ])
