47656   , -79070.5    , array([ 4.5558     ,  1.73443    ,  2.31928e-26,  4.13067e-24,  2.1767e-05 ])
47657   , -79070.5    , array([ 4.56036    ,  1.73443    ,  2.31928e-26,  4.13067e-24,  2.1767e-05 ])
47658   , -79070.5    , array([ 4.5558     ,  1.73616    ,  2.31928e-26,  4.13067e-24,  2.1767e-05 ])
47659   , -79070.5    , array([ 4.5558     ,  1.73443    ,  2.3216e-26 ,  4.13067e-24,  2.1767e-05 ])
47660   , -79070.5    , array([ 4.5558     ,  1.73443    ,  2.31928e-26,  4.1348e-24 ,  2.1767e-05 ])
47661   , -79070.5    , array([ 4.5558     ,  1.73443    ,  2.31928e-26,  4.13067e-24,  2.17888e-05])
47662   , -79070.5    , array([ 4.5558     ,  1.73443    ,  2.31928e-26,  4.13067e-24,  2.1767e-05 ])
47663   , -79019.1    , array([ 3.88774    ,  0.939785   ,  2.31928e-26,  4.13067e-24,  4.78203e-05])
47664   , -79019.1    , array([ 3.88774    ,  0.939785   ,  2.31928e-26,  4.13067e-24,  4.78203e-05])
47665   , -79019.1    , array([ 3.89163    ,  0.939785   ,  2.31928e-26,  4.13067e-24,  4.78203e-05])
47666   , -79019.1    , array([ 3.88774    ,  0.940725   ,  2.31928e-26,  4.13067e-24,  4.78203e-05])
47667   , -79019.1    , array([ 3.88774    ,  0.939785   ,  2.3216e-26 ,  4.13067e-24,  4.78203e-05])
47668   , -79019.1    , array([ 3.88774    ,  0.939785   ,  2.31928e-26,  4.1348e-24 ,  4.78203e-05])
47669   , -79019      , array([ 3.88774    ,  0.939785   ,  2.31928e-26,  4.13067e-24,  4.78681e-05])
47670   , -64572.6    , array([ 2.06172    ,  0.081006   ,  2.31928e-26,  4.13067e-24,  0.00111395 ])
47671   , -64572.6    , array([ 2.06172    ,  0.081006   ,  2.31928e-26,  4.13067e-24,  0.00111395 ])
47672   , -64572.9    , array([ 2.06378    ,  0.081006   ,  2.31928e-26,  4.13067e-24,  0.00111395 ])
47673   , -64584.9    , array([ 2.06172    ,  0.081087   ,  2.31928e-26,  4.13067e-24,  0.00111395 ])
47674   , -64572.6    , array([ 2.06172    ,  0.081006   ,  2.3216e-26 ,  4.13067e-24,  0.00111395 ])
47675   , -64572.6    , array([ 2.06172    ,  0.081006   ,  2.31928e-26,  4.1348e-24 ,  0.00111395 ])
47676   , -64559.9    , array([ 2.06172    ,  0.081006   ,  2.31928e-26,  4.13067e-24,  0.00111506 ])
47684   , -64439.9    , array([ 2.05926    ,  0.0806343  ,  2.31928e-26,  4.13067e-24,  0.00112055 ])
47685   , -64439.9    , array([ 2.05926    ,  0.0806343  ,  2.31928e-26,  4.13067e-24,  0.00112055 ])
47686   , -64440.2    , array([ 2.06132    ,  0.0806343  ,  2.31928e-26,  4.13067e-24,  0.00112055 ])
47687   , -64452.4    , array([ 2.05926    ,  0.080715   ,  2.31928e-26,  4.13067e-24,  0.00112055 ])
47688   , -64439.9    , array([ 2.05926    ,  0.0806343  ,  2.3216e-26 ,  4.13067e-24,  0.00112055 ])
47689   , -64439.9    , array([ 2.05926    ,  0.0806343  ,  2.31928e-26,  4.1348e-24 ,  0.00112055 ])
47690   , -64427.1    , array([ 2.05926    ,  0.0806343  ,  2.31928e-26,  4.13067e-24,  0.00112167 ])
47691   , -64305.3    , array([ 2.0568     ,  0.0802618  ,  2.31928e-26,  4.13067e-24,  0.00112723 ])
47692   , -64305.3    , array([ 2.0568     ,  0.0802618  ,  2.31928e-26,  4.13067e-24,  0.00112723 ])
47693   , -64305.7    , array([ 2.05885    ,  0.0802618  ,  2.31928e-26,  4.13067e-24,  0.00112723 ])
47694   , -64317.9    , array([ 2.0568     ,  0.0803421  ,  2.31928e-26,  4.13067e-24,  0.00112723 ])
47695   , -64305.3    , array([ 2.0568     ,  0.0802618  ,  2.3216e-26 ,  4.13067e-24,  0.00112723 ])
47696   , -64305.3    , array([ 2.0568     ,  0.0802618  ,  2.31928e-26,  4.1348e-24 ,  0.00112723 ])
47697   , -64292.4    , array([ 2.0568     ,  0.0802618  ,  2.31928e-26,  4.13067e-24,  0.00112836 ])
47705   , -64271.3    , array([ 2.05618    ,  0.0801682  ,  2.31928e-26,  4.13067e-24,  0.00112892 ])
47706   , -64271.3    , array([ 2.05618    ,  0.0801682  ,  2.31928e-26,  4.13067e-24,  0.00112892 ])
47707   , -64271.6    , array([ 2.05823    ,  0.0801682  ,  2.31928e-26,  4.13067e-24,  0.00112892 ])
47708   , -64283.8    , array([ 2.05618    ,  0.0802484  ,  2.31928e-26,  4.13067e-24,  0.00112892 ])
47709   , -64271.3    , array([ 2.05618    ,  0.0801682  ,  2.3216e-26 ,  4.13067e-24,  0.00112892 ])
47710   , -64271.3    , array([ 2.05618    ,  0.0801682  ,  2.31928e-26,  4.1348e-24 ,  0.00112892 ])
47711   , -64258.3    , array([ 2.05618    ,  0.0801682  ,  2.31928e-26,  4.13067e-24,  0.00113005 ])
47712   , -64237.1    , array([ 2.05555    ,  0.0800746  ,  2.31928e-26,  4.13067e-24,  0.00113061 ])
47713   , -64237.1    , array([ 2.05555    ,  0.0800746  ,  2.31928e-26,  4.13067e-24,  0.00113061 ])
47714   , -64237.4    , array([ 2.05761    ,  0.0800746  ,  2.31928e-26,  4.13067e-24,  0.00113061 ])
47715   , -64249.7    , array([ 2.05555    ,  0.0801547  ,  2.31928e-26,  4.13067e-24,  0.00113061 ])
47716   , -64237.1    , array([ 2.05555    ,  0.0800746  ,  2.3216e-26 ,  4.13067e-24,  0.00113061 ])
47717   , -64237.1    , array([ 2.05555    ,  0.0800746  ,  2.31928e-26,  4.1348e-24 ,  0.00113061 ])
47718   , -64224.1    , array([ 2.05555    ,  0.0800746  ,  2.31928e-26,  4.13067e-24,  0.00113175 ])
47719   , -121364     , array([ 1.09107    ,  0.00692616 ,  2.31928e-26,  4.13067e-24,  0.0262197  ])
47720   , -121364     , array([ 1.09107    ,  0.00692616 ,  2.31928e-26,  4.13067e-24,  0.0262197  ])
47721   , -121364     , array([ 1.09216    ,  0.00692616 ,  2.31928e-26,  4.13067e-24,  0.0262197  ])
47722   , -121227     , array([ 1.09107    ,  0.00693309 ,  2.31928e-26,  4.13067e-24,  0.0262197  ])
47723   , -121364     , array([ 1.09107    ,  0.00692616 ,  2.3216e-26 ,  4.13067e-24,  0.0262197  ])
47724   , -121364     , array([ 1.09107    ,  0.00692616 ,  2.31928e-26,  4.1348e-24 ,  0.0262197  ])
47725   , -121498     , array([ 1.09107    ,  0.00692616 ,  2.31928e-26,  4.13067e-24,  0.026246   ])
47726   , -10859.3    , array([ 1.56268    ,  0.0277591  ,  2.31928e-26,  4.13067e-24,  0.00440808 ])
47727   , -10859.3    , array([ 1.56268    ,  0.0277591  ,  2.31928e-26,  4.13067e-24,  0.00440808 ])
47728   , -10859.5    , array([ 1.56424    ,  0.0277591  ,  2.31928e-26,  4.13067e-24,  0.00440808 ])
47729   , -10879.3    , array([ 1.56268    ,  0.0277869  ,  2.31928e-26,  4.13067e-24,  0.00440808 ])
47730   , -10859.3    , array([ 1.56268    ,  0.0277591  ,  2.3216e-26 ,  4.13067e-24,  0.00440808 ])
47731   , -10859.3    , array([ 1.56268    ,  0.0277591  ,  2.31928e-26,  4.1348e-24 ,  0.00440808 ])
47732   , -10839.1    , array([ 1.56268    ,  0.0277591  ,  2.31928e-26,  4.13067e-24,  0.00441249 ])
47733   , -2866.32    , array([ 1.3928     ,  0.0177936  ,  2.31928e-26,  4.13067e-24,  0.00780406 ])
47734   , -2866.32    , array([ 1.3928     ,  0.0177936  ,  2.31928e-26,  4.13067e-24,  0.00780406 ])
47735   , -2866.38    , array([ 1.3942     ,  0.0177936  ,  2.31928e-26,  4.13067e-24,  0.00780406 ])
47736   , -2859       , array([ 1.3928     ,  0.0178114  ,  2.31928e-26,  4.13067e-24,  0.00780406 ])
47737   , -2866.32    , array([ 1.3928     ,  0.0177936  ,  2.3216e-26 ,  4.13067e-24,  0.00780406 ])
47738   , -2866.32    , array([ 1.3928     ,  0.0177936  ,  2.31928e-26,  4.1348e-24 ,  0.00780406 ])
47739   , -2873.09    , array([ 1.3928     ,  0.0177936  ,  2.31928e-26,  4.13067e-24,  0.00781187 ])
47740   , -2139.06    , array([ 1.43479    ,  0.0199579  ,  2.31928e-26,  4.13067e-24,  0.00673428 ])
47741   , -2139.06    , array([ 1.43479    ,  0.0199579  ,  2.31928e-26,  4.13067e-24,  0.00673428 ])
47742   , -2139.13    , array([ 1.43623    ,  0.0199579  ,  2.31928e-26,  4.13067e-24,  0.00673428 ])
47743   , -2140.19    , array([ 1.43479    ,  0.0199779  ,  2.31928e-26,  4.13067e-24,  0.00673428 ])
47744   , -2139.06    , array([ 1.43479    ,  0.0199579  ,  2.3216e-26 ,  4.13067e-24,  0.00673428 ])
47745   , -2139.06    , array([ 1.43479    ,  0.0199579  ,  2.31928e-26,  4.1348e-24 ,  0.00673428 ])
47746   , -2137.54    , array([ 1.43479    ,  0.0199579  ,  2.31928e-26,  4.13067e-24,  0.00674102 ])
47747   , -2109.2     , array([ 1.42768    ,  0.0195784  ,  2.31928e-26,  4.13067e-24,  0.00690242 ])
47748   , -2109.2     , array([ 1.42768    ,  0.0195784  ,  2.31928e-26,  4.13067e-24,  0.00690242 ])
47749   , -2109.26    , array([ 1.42911    ,  0.0195784  ,  2.31928e-26,  4.13067e-24,  0.00690242 ])
47750   , -2108.96    , array([ 1.42768    ,  0.019598   ,  2.31928e-26,  4.13067e-24,  0.00690242 ])
47751   , -2109.2     , array([ 1.42768    ,  0.0195784  ,  2.3216e-26 ,  4.13067e-24,  0.00690242 ])
47752   , -2109.2     , array([ 1.42768    ,  0.0195784  ,  2.31928e-26,  4.1348e-24 ,  0.00690242 ])
47753   , -2109.02    , array([ 1.42768    ,  0.0195784  ,  2.31928e-26,  4.13067e-24,  0.00690932 ])
47761   , -15414.4    , array([ 1.27444    ,  0.0137135  ,  2.31928e-26,  4.13067e-24,  0.01182    ])
47762   , -15414.4    , array([ 1.27444    ,  0.0137135  ,  2.31928e-26,  4.13067e-24,  0.01182    ])
47763   , -15414.5    , array([ 1.27572    ,  0.0137135  ,  2.31928e-26,  4.13067e-24,  0.01182    ])
47764   , -15382.9    , array([ 1.27444    ,  0.0137272  ,  2.31928e-26,  4.13067e-24,  0.01182    ])
47765   , -15414.4    , array([ 1.27444    ,  0.0137135  ,  2.3216e-26 ,  4.13067e-24,  0.01182    ])
47766   , -15414.4    , array([ 1.27444    ,  0.0137135  ,  2.31928e-26,  4.1348e-24 ,  0.01182    ])
47767   , -15444.6    , array([ 1.27444    ,  0.0137135  ,  2.31928e-26,  4.13067e-24,  0.0118318  ])
47768   , -2109.19    , array([ 1.42758    ,  0.0195741  ,  2.31928e-26,  4.13067e-24,  0.0069047  ])
47769   , -2109.19    , array([ 1.42758    ,  0.0195741  ,  2.31928e-26,  4.13067e-24,  0.0069047  ])
47770   , -2109.26    , array([ 1.42901    ,  0.0195741  ,  2.31928e-26,  4.13067e-24,  0.0069047  ])
47771   , -2108.93    , array([ 1.42758    ,  0.0195937  ,  2.31928e-26,  4.13067e-24,  0.0069047  ])
47772   , -2109.19    , array([ 1.42758    ,  0.0195741  ,  2.3216e-26 ,  4.13067e-24,  0.0069047  ])
47773   , -2109.19    , array([ 1.42758    ,  0.0195741  ,  2.31928e-26,  4.1348e-24 ,  0.0069047  ])
47774   , -2109.03    , array([ 1.42758    ,  0.0195741  ,  2.31928e-26,  4.13067e-24,  0.00691161 ])
47775   , -2109.18    , array([ 1.42726    ,  0.019574   ,  2.31928e-26,  4.13067e-24,  0.00690467 ])
47776   , -2109.18    , array([ 1.42726    ,  0.019574   ,  2.31928e-26,  4.13067e-24,  0.00690467 ])
47777   , -2109.24    , array([ 1.42869    ,  0.019574   ,  2.31928e-26,  4.13067e-24,  0.00690467 ])
47778   , -2108.92    , array([ 1.42726    ,  0.0195936  ,  2.31928e-26,  4.13067e-24,  0.00690467 ])
47779   , -2109.18    , array([ 1.42726    ,  0.019574   ,  2.3216e-26 ,  4.13067e-24,  0.00690467 ])
47780   , -2109.18    , array([ 1.42726    ,  0.019574   ,  2.31928e-26,  4.1348e-24 ,  0.00690467 ])
47781   , -2109.02    , array([ 1.42726    ,  0.019574   ,  2.31928e-26,  4.13067e-24,  0.00691158 ])
47782   , -2109.13    , array([ 1.42599    ,  0.0195738  ,  2.31928e-26,  4.13067e-24,  0.00690458 ])
47783   , -2109.13    , array([ 1.42599    ,  0.0195738  ,  2.31928e-26,  4.13067e-24,  0.00690458 ])
47784   , -2109.19    , array([ 1.42742    ,  0.0195738  ,  2.31928e-26,  4.13067e-24,  0.00690458 ])
47785   , -2108.87    , array([ 1.42599    ,  0.0195934  ,  2.31928e-26,  4.13067e-24,  0.00690458 ])
47786   , -2109.13    , array([ 1.42599    ,  0.0195738  ,  2.3216e-26 ,  4.13067e-24,  0.00690458 ])
47787   , -2109.13    , array([ 1.42599    ,  0.0195738  ,  2.31928e-26,  4.1348e-24 ,  0.00690458 ])
47788   , -2108.97    , array([ 1.42599    ,  0.0195738  ,  2.31928e-26,  4.13067e-24,  0.00691148 ])
47789   , -2108.91    , array([ 1.4209     ,  0.0195729  ,  2.31928e-26,  4.13067e-24,  0.00690418 ])
47790   , -2108.91    , array([ 1.4209     ,  0.0195729  ,  2.31928e-26,  4.13067e-24,  0.00690418 ])
47791   , -2108.98    , array([ 1.42232    ,  0.0195729  ,  2.31928e-26,  4.13067e-24,  0.00690418 ])
47792   , -2108.65    , array([ 1.4209     ,  0.0195925  ,  2.31928e-26,  4.13067e-24,  0.00690418 ])
47793   , -2108.91    , array([ 1.4209     ,  0.0195729  ,  2.3216e-26 ,  4.13067e-24,  0.00690418 ])
47794   , -2108.91    , array([ 1.4209     ,  0.0195729  ,  2.31928e-26,  4.1348e-24 ,  0.00690418 ])
47795   , -2108.75    , array([ 1.4209     ,  0.0195729  ,  2.31928e-26,  4.13067e-24,  0.00691109 ])
47796   , -2108.06    , array([ 1.40072    ,  0.0195693  ,  2.31928e-26,  4.13067e-24,  0.0069026  ])
47797   , -2108.06    , array([ 1.40072    ,  0.0195693  ,  2.31928e-26,  4.13067e-24,  0.0069026  ])
47798   , -2108.12    , array([ 1.40212    ,  0.0195693  ,  2.31928e-26,  4.13067e-24,  0.0069026  ])
47799   , -2107.8     , array([ 1.40072    ,  0.0195889  ,  2.31928e-26,  4.13067e-24,  0.0069026  ])
47800   , -2108.06    , array([ 1.40072    ,  0.0195693  ,  2.3216e-26 ,  4.13067e-24,  0.0069026  ])
47801   , -2108.06    , array([ 1.40072    ,  0.0195693  ,  2.31928e-26,  4.1348e-24 ,  0.0069026  ])
47802   , -2107.9     , array([ 1.40072    ,  0.0195693  ,  2.31928e-26,  4.13067e-24,  0.00690951 ])
47803   , -2104.64    , array([ 1.32281    ,  0.019555   ,  2.31928e-26,  4.13067e-24,  0.0068963  ])
47804   , -2104.64    , array([ 1.32281    ,  0.019555   ,  2.31928e-26,  4.13067e-24,  0.0068963  ])
47805   , -2104.7     , array([ 1.32413    ,  0.019555   ,  2.31928e-26,  4.13067e-24,  0.0068963  ])
47806   , -2104.38    , array([ 1.32281    ,  0.0195745  ,  2.31928e-26,  4.13067e-24,  0.0068963  ])
47807   , -2104.64    , array([ 1.32281    ,  0.019555   ,  2.3216e-26 ,  4.13067e-24,  0.0068963  ])
47808   , -2104.64    , array([ 1.32281    ,  0.019555   ,  2.31928e-26,  4.1348e-24 ,  0.0068963  ])
47809   , -2104.48    , array([ 1.32281    ,  0.019555   ,  2.31928e-26,  4.13067e-24,  0.0069032  ])
47810   , -2091.36    , array([ 1.05218    ,  0.0194976  ,  2.31928e-26,  4.13067e-24,  0.00687114 ])
47811   , -2091.36    , array([ 1.05218    ,  0.0194976  ,  2.31928e-26,  4.13067e-24,  0.00687114 ])
47812   , -2091.42    , array([ 1.05323    ,  0.0194976  ,  2.31928e-26,  4.13067e-24,  0.00687114 ])
47813   , -2091.09    , array([ 1.05218    ,  0.0195171  ,  2.31928e-26,  4.13067e-24,  0.00687114 ])
47814   , -2091.36    , array([ 1.05218    ,  0.0194976  ,  2.3216e-26 ,  4.13067e-24,  0.00687114 ])
47815   , -2091.36    , array([ 1.05218    ,  0.0194976  ,  2.31928e-26,  4.1348e-24 ,  0.00687114 ])
47816   , -2091.21    , array([ 1.05218    ,  0.0194976  ,  2.31928e-26,  4.13067e-24,  0.00687801 ])
47817   , -2109.61    , array([ 0.421165   ,  0.0192697  ,  2.31928e-26,  4.13067e-24,  0.00677141 ])
47818   , -2109.61    , array([ 0.421165   ,  0.0192697  ,  2.31928e-26,  4.13067e-24,  0.00677141 ])
47819   , -2109.43    , array([ 0.421586   ,  0.0192697  ,  2.31928e-26,  4.13067e-24,  0.00677141 ])
47820   , -2109.27    , array([ 0.421165   ,  0.0192889  ,  2.31928e-26,  4.13067e-24,  0.00677141 ])
47821   , -2109.61    , array([ 0.421165   ,  0.0192697  ,  2.3216e-26 ,  4.13067e-24,  0.00677141 ])
47822   , -2109.61    , array([ 0.421165   ,  0.0192697  ,  2.31928e-26,  4.1348e-24 ,  0.00677141 ])
47823   , -2109.74    , array([ 0.421165   ,  0.0192697  ,  2.31928e-26,  4.13067e-24,  0.00677819 ])
47824   , -2075.85    , array([ 0.70467    ,  0.0193974  ,  2.31928e-26,  4.13067e-24,  0.00682729 ])
47825   , -2075.85    , array([ 0.70467    ,  0.0193974  ,  2.31928e-26,  4.13067e-24,  0.00682729 ])
47826   , -2075.87    , array([ 0.705375   ,  0.0193974  ,  2.31928e-26,  4.13067e-24,  0.00682729 ])
47827   , -2075.56    , array([ 0.70467    ,  0.0194169  ,  2.31928e-26,  4.13067e-24,  0.00682729 ])
47828   , -2075.85    , array([ 0.70467    ,  0.0193974  ,  2.3216e-26 ,  4.13067e-24,  0.00682729 ])
47829   , -2075.85    , array([ 0.70467    ,  0.0193974  ,  2.31928e-26,  4.1348e-24 ,  0.00682729 ])
47830   , -2075.75    , array([ 0.70467    ,  0.0193974  ,  2.31928e-26,  4.13067e-24,  0.00683413 ])
47831   , -2000.84    , array([ 0.77947    ,  0.0231764  ,  2.31928e-26,  4.13067e-24,  0.00818534 ])
47832   , -2000.84    , array([ 0.77947    ,  0.0231764  ,  2.31928e-26,  4.13067e-24,  0.00818534 ])
47833   , -2000.86    , array([ 0.78025    ,  0.0231764  ,  2.31928e-26,  4.13067e-24,  0.00818534 ])
47834   , -2000.54    , array([ 0.77947    ,  0.0231996  ,  2.31928e-26,  4.13067e-24,  0.00818534 ])
47835   , -2000.84    , array([ 0.77947    ,  0.0231764  ,  2.3216e-26 ,  4.13067e-24,  0.00818534 ])
47836   , -2000.84    , array([ 0.77947    ,  0.0231764  ,  2.31928e-26,  4.1348e-24 ,  0.00818534 ])
47837   , -2000.75    , array([ 0.77947    ,  0.0231764  ,  2.31928e-26,  4.13067e-24,  0.00819353 ])
47838   , -1704.41    , array([ 1.16696    ,  0.0472339  ,  2.31928e-26,  4.13067e-24,  0.0169117  ])
47839   , -1704.41    , array([ 1.16696    ,  0.0472339  ,  2.31928e-26,  4.13067e-24,  0.0169117  ])
47840   , -1704.39    , array([ 1.16813    ,  0.0472339  ,  2.31928e-26,  4.13067e-24,  0.0169117  ])
47841   , -1704.13    , array([ 1.16696    ,  0.0472812  ,  2.31928e-26,  4.13067e-24,  0.0169117  ])
47842   , -1704.41    , array([ 1.16696    ,  0.0472339  ,  2.3216e-26 ,  4.13067e-24,  0.0169117  ])
47843   , -1704.41    , array([ 1.16696    ,  0.0472339  ,  2.31928e-26,  4.1348e-24 ,  0.0169117  ])
47844   , -1704.39    , array([ 1.16696    ,  0.0472339  ,  2.31928e-26,  4.13067e-24,  0.0169287  ])
47845   , -12953.2    , array([ 16.111     ,  0.545746   ,  2.31928e-26,  4.13067e-24,  0.205098   ])
47846   , -12953.2    , array([ 16.111     ,  0.545746   ,  2.31928e-26,  4.13067e-24,  0.205098   ])
47847   , -12954.9    , array([ 16.1271    ,  0.545746   ,  2.31928e-26,  4.13067e-24,  0.205098   ])
47848   , -12955.1    , array([ 16.111     ,  0.546292   ,  2.31928e-26,  4.13067e-24,  0.205098   ])
47849   , -12953.2    , array([ 16.111     ,  0.545746   ,  2.3216e-26 ,  4.13067e-24,  0.205098   ])
47850   , -12953.2    , array([ 16.111     ,  0.545746   ,  2.31928e-26,  4.1348e-24 ,  0.205098   ])
47851   , -12964.8    , array([ 16.111     ,  0.545746   ,  2.31928e-26,  4.13067e-24,  0.205304   ])
47852   , -1640.92    , array([ 1.60568    ,  0.0635999  ,  2.31928e-26,  4.13067e-24,  0.0229059  ])
47853   , -1640.92    , array([ 1.60568    ,  0.0635999  ,  2.31928e-26,  4.13067e-24,  0.0229059  ])
47854   , -1640.98    , array([ 1.60729    ,  0.0635999  ,  2.31928e-26,  4.13067e-24,  0.0229059  ])
47855   , -1640.75    , array([ 1.60568    ,  0.0636635  ,  2.31928e-26,  4.13067e-24,  0.0229059  ])
47856   , -1640.92    , array([ 1.60568    ,  0.0635999  ,  2.3216e-26 ,  4.13067e-24,  0.0229059  ])
47857   , -1640.92    , array([ 1.60568    ,  0.0635999  ,  2.31928e-26,  4.1348e-24 ,  0.0229059  ])
47858   , -1641.01    , array([ 1.60568    ,  0.0635999  ,  2.31928e-26,  4.13067e-24,  0.0229289  ])
47859   , -1777.69    , array([ 0.935589   ,  0.0806852  ,  2.31928e-26,  4.13067e-24,  0.0289466  ])
47860   , -1777.69    , array([ 0.935589   ,  0.0806852  ,  2.31928e-26,  4.13067e-24,  0.0289466  ])
47861   , -1777.06    , array([ 0.936525   ,  0.0806852  ,  2.31928e-26,  4.13067e-24,  0.0289466  ])
47862   , -1777.58    , array([ 0.935589   ,  0.080766   ,  2.31928e-26,  4.13067e-24,  0.0289466  ])
47863   , -1777.69    , array([ 0.935589   ,  0.0806852  ,  2.3216e-26 ,  4.13067e-24,  0.0289466  ])
47864   , -1777.69    , array([ 0.935589   ,  0.0806852  ,  2.31928e-26,  4.1348e-24 ,  0.0289466  ])
47865   , -1778.4     , array([ 0.935589   ,  0.0806852  ,  2.31928e-26,  4.13067e-24,  0.0289756  ])
47866   , -1633.27    , array([ 1.43672    ,  0.0667927  ,  2.31928e-26,  4.13067e-24,  0.0240366  ])
47867   , -1633.27    , array([ 1.43672    ,  0.0667927  ,  2.31928e-26,  4.13067e-24,  0.0240366  ])
47868   , -1633.27    , array([ 1.43815    ,  0.0667927  ,  2.31928e-26,  4.13067e-24,  0.0240366  ])
47869   , -1633.12    , array([ 1.43672    ,  0.0668595  ,  2.31928e-26,  4.13067e-24,  0.0240366  ])
47870   , -1633.27    , array([ 1.43672    ,  0.0667927  ,  2.3216e-26 ,  4.13067e-24,  0.0240366  ])
47871   , -1633.27    , array([ 1.43672    ,  0.0667927  ,  2.31928e-26,  4.1348e-24 ,  0.0240366  ])
47872   , -1633.41    , array([ 1.43672    ,  0.0667927  ,  2.31928e-26,  4.13067e-24,  0.0240607  ])
47873   , -1632.45    , array([ 1.44036    ,  0.0678539  ,  2.31928e-26,  4.13067e-24,  0.0243053  ])
47874   , -1632.45    , array([ 1.44036    ,  0.0678539  ,  2.31928e-26,  4.13067e-24,  0.0243053  ])
47875   , -1632.45    , array([ 1.4418     ,  0.0678539  ,  2.31928e-26,  4.13067e-24,  0.0243053  ])
47876   , -1632.44    , array([ 1.44036    ,  0.0679218  ,  2.31928e-26,  4.13067e-24,  0.0243053  ])
47877   , -1632.45    , array([ 1.44036    ,  0.0678539  ,  2.3216e-26 ,  4.13067e-24,  0.0243053  ])
47878   , -1632.45    , array([ 1.44036    ,  0.0678539  ,  2.31928e-26,  4.1348e-24 ,  0.0243053  ])
47879   , -1632.46    , array([ 1.44036    ,  0.0678539  ,  2.31928e-26,  4.13067e-24,  0.0243296  ])
47880   , -1632.57    , array([ 1.43414    ,  0.0675845  ,  2.31928e-26,  4.13067e-24,  0.0241996  ])
47881   , -1632.57    , array([ 1.43414    ,  0.0675845  ,  2.31928e-26,  4.13067e-24,  0.0241996  ])
47882   , -1632.57    , array([ 1.43557    ,  0.0675845  ,  2.31928e-26,  4.13067e-24,  0.0241996  ])
47883   , -1632.57    , array([ 1.43414    ,  0.0676521  ,  2.31928e-26,  4.13067e-24,  0.0241996  ])
47884   , -1632.57    , array([ 1.43414    ,  0.0675845  ,  2.3216e-26 ,  4.13067e-24,  0.0241996  ])
47885   , -1632.57    , array([ 1.43414    ,  0.0675845  ,  2.31928e-26,  4.1348e-24 ,  0.0241996  ])
47886   , -1632.57    , array([ 1.43414    ,  0.0675845  ,  2.31928e-26,  4.13067e-24,  0.0242238  ])
47887   , -1632.45    , array([ 1.4402     ,  0.067847   ,  2.31928e-26,  4.13067e-24,  0.0243026  ])
47888   , -1632.45    , array([ 1.4402     ,  0.067847   ,  2.31928e-26,  4.13067e-24,  0.0243026  ])
47889   , -1632.45    , array([ 1.44164    ,  0.067847   ,  2.31928e-26,  4.13067e-24,  0.0243026  ])
47890   , -1632.45    , array([ 1.4402     ,  0.0679149  ,  2.31928e-26,  4.13067e-24,  0.0243026  ])
47891   , -1632.45    , array([ 1.4402     ,  0.067847   ,  2.3216e-26 ,  4.13067e-24,  0.0243026  ])
47892   , -1632.45    , array([ 1.4402     ,  0.067847   ,  2.31928e-26,  4.1348e-24 ,  0.0243026  ])
47893   , -1632.46    , array([ 1.4402     ,  0.067847   ,  2.31928e-26,  4.13067e-24,  0.0243269  ])
47894   , -1632.45    , array([ 1.44035    ,  0.0678537  ,  2.31928e-26,  4.13067e-24,  0.0243052  ])
47895   , -1632.45    , array([ 1.44035    ,  0.0678537  ,  2.31928e-26,  4.13067e-24,  0.0243052  ])
47896   , -1632.45    , array([ 1.44179    ,  0.0678537  ,  2.31928e-26,  4.13067e-24,  0.0243052  ])
47897   , -1632.44    , array([ 1.44035    ,  0.0679216  ,  2.31928e-26,  4.13067e-24,  0.0243052  ])
47898   , -1632.45    , array([ 1.44035    ,  0.0678537  ,  2.3216e-26 ,  4.13067e-24,  0.0243052  ])
47899   , -1632.45    , array([ 1.44035    ,  0.0678537  ,  2.31928e-26,  4.1348e-24 ,  0.0243052  ])
47900   , -1632.46    , array([ 1.44035    ,  0.0678537  ,  2.31928e-26,  4.13067e-24,  0.0243296  ])
47901   , -1632.45    , array([ 1.44035    ,  0.0678539  ,  2.31928e-26,  4.13067e-24,  0.0243053  ])
47902   , -1632.45    , array([ 1.44035    ,  0.0678539  ,  2.31928e-26,  4.13067e-24,  0.0243053  ])
47903   , -1632.45    , array([ 1.4418     ,  0.0678539  ,  2.31928e-26,  4.13067e-24,  0.0243053  ])
47904   , -1632.44    , array([ 1.44035    ,  0.0679218  ,  2.31928e-26,  4.13067e-24,  0.0243053  ])
47905   , -1632.45    , array([ 1.44035    ,  0.0678539  ,  2.3216e-26 ,  4.13067e-24,  0.0243053  ])
47906   , -1632.45    , array([ 1.44035    ,  0.0678539  ,  2.31928e-26,  4.1348e-24 ,  0.0243053  ])
47907   , -1632.46    , array([ 1.44035    ,  0.0678539  ,  2.31928e-26,  4.13067e-24,  0.0243296  ])
47908   , -1632.45    , array([ 1.44036    ,  0.0678539  ,  2.31928e-26,  4.13067e-24,  0.0243053  ])
47909   , -1632.45    , array([ 1.44036    ,  0.0678539  ,  2.31928e-26,  4.13067e-24,  0.0243053  ])
47910   , -1632.45    , array([ 1.4418     ,  0.0678539  ,  2.31928e-26,  4.13067e-24,  0.0243053  ])
47911   , -1632.44    , array([ 1.44036    ,  0.0679218  ,  2.31928e-26,  4.13067e-24,  0.0243053  ])
47912   , -1632.45    , array([ 1.44036    ,  0.0678539  ,  2.3216e-26 ,  4.13067e-24,  0.0243053  ])
47913   , -1632.45    , array([ 1.44036    ,  0.0678539  ,  2.31928e-26,  4.1348e-24 ,  0.0243053  ])
47914   , -1632.46    , array([ 1.44036    ,  0.0678539  ,  2.31928e-26,  4.13067e-24,  0.0243296  ])
47915   , -1632.45    , array([ 1.44036    ,  0.0678539  ,  2.31928e-26,  4.13067e-24,  0.0243053  ])
47916   , -1632.45    , array([ 1.44036    ,  0.0678539  ,  2.31928e-26,  4.13067e-24,  0.0243053  ])
47917   , -1632.45    , array([ 1.4418     ,  0.0678539  ,  2.31928e-26,  4.13067e-24,  0.0243053  ])
47918   , -1632.44    , array([ 1.44036    ,  0.0679218  ,  2.31928e-26,  4.13067e-24,  0.0243053  ])
47919   , -1632.45    , array([ 1.44036    ,  0.0678539  ,  2.3216e-26 ,  4.13067e-24,  0.0243053  ])
47920   , -1632.45    , array([ 1.44036    ,  0.0678539  ,  2.31928e-26,  4.1348e-24 ,  0.0243053  ])
47921   , -1632.46    , array([ 1.44036    ,  0.0678539  ,  2.31928e-26,  4.13067e-24,  0.0243296  ])
47922   , -1632.45    , array([ 1.44036    ,  0.0678539  ,  2.31928e-26,  4.13067e-24,  0.0243053  ])
47923   , -1632.45    , array([ 1.44036    ,  0.0678539  ,  2.31928e-26,  4.13067e-24,  0.0243053  ])
47924   , -1632.45    , array([ 1.4418     ,  0.0678539  ,  2.31928e-26,  4.13067e-24,  0.0243053  ])
47925   , -1632.44    , array([ 1.44036    ,  0.0679218  ,  2.31928e-26,  4.13067e-24,  0.0243053  ])
47926   , -1632.45    , array([ 1.44036    ,  0.0678539  ,  2.3216e-26 ,  4.13067e-24,  0.0243053  ])
47927   , -1632.45    , array([ 1.44036    ,  0.0678539  ,  2.31928e-26,  4.1348e-24 ,  0.0243053  ])
47928   , -1632.46    , array([ 1.44036    ,  0.0678539  ,  2.31928e-26,  4.13067e-24,  0.0243296  ])
47929   , -1632.45    , array([ 1.44036    ,  0.0678539  ,  2.31928e-26,  4.13067e-24,  0.0243053  ])
47930   , -1632.45    , array([ 1.44036    ,  0.0678539  ,  2.31928e-26,  4.13067e-24,  0.0243053  ])
47931   , -1632.45    , array([ 1.4418     ,  0.0678539  ,  2.31928e-26,  4.13067e-24,  0.0243053  ])
47932   , -1632.44    , array([ 1.44036    ,  0.0679218  ,  2.31928e-26,  4.13067e-24,  0.0243053  ])
47933   , -1632.45    , array([ 1.44036    ,  0.0678539  ,  2.3216e-26 ,  4.13067e-24,  0.0243053  ])
47934   , -1632.45    , array([ 1.44036    ,  0.0678539  ,  2.31928e-26,  4.1348e-24 ,  0.0243053  ])
47935   , -1632.46    , array([ 1.44036    ,  0.0678539  ,  2.31928e-26,  4.13067e-24,  0.0243296  ])
47936   , -1632.45    , array([ 1.44036    ,  0.0678539  ,  2.31928e-26,  4.13067e-24,  0.0243053  ])
47937   , -1632.45    , array([ 1.44036    ,  0.0678539  ,  2.31928e-26,  4.13067e-24,  0.0243053  ])
47938   , -1632.45    , array([ 1.4418     ,  0.0678539  ,  2.31928e-26,  4.13067e-24,  0.0243053  ])
47939   , -1632.44    , array([ 1.44036    ,  0.0679218  ,  2.31928e-26,  4.13067e-24,  0.0243053  ])
47940   , -1632.45    , array([ 1.44036    ,  0.0678539  ,  2.3216e-26 ,  4.13067e-24,  0.0243053  ])
47941   , -1632.45    , array([ 1.44036    ,  0.0678539  ,  2.31928e-26,  4.1348e-24 ,  0.0243053  ])
47942   , -1632.46    , array([ 1.44036    ,  0.0678539  ,  2.31928e-26,  4.13067e-24,  0.0243296  ])
47943   , -1632.45    , array([ 1.44036    ,  0.0678539  ,  2.31928e-26,  4.13067e-24,  0.0243053  ])
47944   , -1632.45    , array([ 1.44036    ,  0.0678539  ,  2.31928e-26,  4.13067e-24,  0.0243053  ])
47945   , -1632.45    , array([ 1.4418     ,  0.0678539  ,  2.31928e-26,  4.13067e-24,  0.0243053  ])
47946   , -1632.44    , array([ 1.44036    ,  0.0679218  ,  2.31928e-26,  4.13067e-24,  0.0243053  ])
47947   , -1632.45    , array([ 1.44036    ,  0.0678539  ,  2.3216e-26 ,  4.13067e-24,  0.0243053  ])
47948   , -1632.45    , array([ 1.44036    ,  0.0678539  ,  2.31928e-26,  4.1348e-24 ,  0.0243053  ])
47949   , -1632.46    , array([ 1.44036    ,  0.0678539  ,  2.31928e-26,  4.13067e-24,  0.0243296  ])
47950   , -1632.45    , array([ 1.44036    ,  0.0678539  ,  2.31928e-26,  4.13067e-24,  0.0243053  ])
47951   , -1632.45    , array([ 1.44036    ,  0.0678539  ,  2.31928e-26,  4.13067e-24,  0.0243053  ])
47952   , -1632.45    , array([ 1.4418     ,  0.0678539  ,  2.31928e-26,  4.13067e-24,  0.0243053  ])
47953   , -1632.44    , array([ 1.44036    ,  0.0679218  ,  2.31928e-26,  4.13067e-24,  0.0243053  ])
47954   , -1632.45    , array([ 1.44036    ,  0.0678539  ,  2.3216e-26 ,  4.13067e-24,  0.0243053  ])
47955   , -1632.45    , array([ 1.44036    ,  0.0678539  ,  2.31928e-26,  4.1348e-24 ,  0.0243053  ])
47956   , -1632.46    , array([ 1.44036    ,  0.0678539  ,  2.31928e-26,  4.13067e-24,  0.0243296  ])
47957   , -1632.45    , array([ 1.44036    ,  0.0678539  ,  2.31928e-26,  4.13067e-24,  0.0243053  ])
47958   , -1632.45    , array([ 1.44036    ,  0.0678539  ,  2.31928e-26,  4.13067e-24,  0.0243053  ])
47959   , -1632.45    , array([ 1.4418     ,  0.0678539  ,  2.31928e-26,  4.13067e-24,  0.0243053  ])
47960   , -1632.44    , array([ 1.44036    ,  0.0679218  ,  2.31928e-26,  4.13067e-24,  0.0243053  ])
47961   , -1632.45    , array([ 1.44036    ,  0.0678539  ,  2.3216e-26 ,  4.13067e-24,  0.0243053  ])
47962   , -1632.45    , array([ 1.44036    ,  0.0678539  ,  2.31928e-26,  4.1348e-24 ,  0.0243053  ])
47963   , -1632.46    , array([ 1.44036    ,  0.0678539  ,  2.31928e-26,  4.13067e-24,  0.0243296  ])
47964   , -1632.45    , array([ 1.44036    ,  0.0678539  ,  2.31928e-26,  4.13067e-24,  0.0243053  ])
47965   , -1632.45    , array([ 1.44036    ,  0.0678539  ,  2.31928e-26,  4.13067e-24,  0.0243053  ])
47966   , -1632.45    , array([ 1.4418     ,  0.0678539  ,  2.31928e-26,  4.13067e-24,  0.0243053  ])
47967   , -1632.44    , array([ 1.44036    ,  0.0679218  ,  2.31928e-26,  4.13067e-24,  0.0243053  ])
47968   , -1632.45    , array([ 1.44036    ,  0.0678539  ,  2.3216e-26 ,  4.13067e-24,  0.0243053  ])
47969   , -1632.45    , array([ 1.44036    ,  0.0678539  ,  2.31928e-26,  4.1348e-24 ,  0.0243053  ])
47970   , -1632.46    , array([ 1.44036    ,  0.0678539  ,  2.31928e-26,  4.13067e-24,  0.0243296  ])
47971   , -1632.45    , array([ 1.44036    ,  0.0678539  ,  2.31928e-26,  4.13067e-24,  0.0243053  ])
47972   , -1632.45    , array([ 1.44036    ,  0.0678539  ,  2.31928e-26,  4.13067e-24,  0.0243053  ])
47973   , -1632.45    , array([ 1.4418     ,  0.0678539  ,  2.31928e-26,  4.13067e-24,  0.0243053  ])
47974   , -1632.44    , array([ 1.44036    ,  0.0679218  ,  2.31928e-26,  4.13067e-24,  0.0243053  ])
47975   , -1632.45    , array([ 1.44036    ,  0.0678539  ,  2.3216e-26 ,  4.13067e-24,  0.0243053  ])
47976   , -1632.45    , array([ 1.44036    ,  0.0678539  ,  2.31928e-26,  4.1348e-24 ,  0.0243053  ])
47977   , -1632.46    , array([ 1.44036    ,  0.0678539  ,  2.31928e-26,  4.13067e-24,  0.0243296  ])
47978   , -1632.45    , array([ 1.44036    ,  0.0678539  ,  2.31928e-26,  4.13067e-24,  0.0243053  ])
47979   , -1632.45    , array([ 1.44036    ,  0.0678539  ,  2.31928e-26,  4.13067e-24,  0.0243053  ])
47980   , -1632.45    , array([ 1.4418     ,  0.0678539  ,  2.31928e-26,  4.13067e-24,  0.0243053  ])
47981   , -1632.44    , array([ 1.44036    ,  0.0679218  ,  2.31928e-26,  4.13067e-24,  0.0243053  ])
47982   , -1632.45    , array([ 1.44036    ,  0.0678539  ,  2.3216e-26 ,  4.13067e-24,  0.0243053  ])
47983   , -1632.45    , array([ 1.44036    ,  0.0678539  ,  2.31928e-26,  4.1348e-24 ,  0.0243053  ])
47984   , -1632.46    , array([ 1.44036    ,  0.0678539  ,  2.31928e-26,  4.13067e-24,  0.0243296  ])
47985   , -1632.45    , array([ 1.44036    ,  0.0678539  ,  2.31928e-26,  4.13067e-24,  0.0243053  ])
47986   , -1632.45    , array([ 1.44036    ,  0.0678539  ,  2.31928e-26,  4.13067e-24,  0.0243053  ])
47987   , -1632.45    , array([ 1.4418     ,  0.0678539  ,  2.31928e-26,  4.13067e-24,  0.0243053  ])
47988   , -1632.44    , array([ 1.44036    ,  0.0679218  ,  2.31928e-26,  4.13067e-24,  0.0243053  ])
47989   , -1632.45    , array([ 1.44036    ,  0.0678539  ,  2.3216e-26 ,  4.13067e-24,  0.0243053  ])
47990   , -1632.45    , array([ 1.44036    ,  0.0678539  ,  2.31928e-26,  4.1348e-24 ,  0.0243053  ])
47991   , -1632.46    , array([ 1.44036    ,  0.0678539  ,  2.31928e-26,  4.13067e-24,  0.0243296  ])
47992   , -1632.45    , array([ 1.44036    ,  0.0678539  ,  2.31928e-26,  4.13067e-24,  0.0243053  ])
47993   , -1632.45    , array([ 1.44036    ,  0.0678539  ,  2.31928e-26,  4.13067e-24,  0.0243053  ])
47994   , -1632.45    , array([ 1.4418     ,  0.0678539  ,  2.31928e-26,  4.13067e-24,  0.0243053  ])
47995   , -1632.44    , array([ 1.44036    ,  0.0679218  ,  2.31928e-26,  4.13067e-24,  0.0243053  ])
47996   , -1632.45    , array([ 1.44036    ,  0.0678539  ,  2.3216e-26 ,  4.13067e-24,  0.0243053  ])
47997   , -1632.45    , array([ 1.44036    ,  0.0678539  ,  2.31928e-26,  4.1348e-24 ,  0.0243053  ])
47998   , -1632.46    , array([ 1.44036    ,  0.0678539  ,  2.31928e-26,  4.13067e-24,  0.0243296  ])
47999   , -1632.45    , array([ 1.44036    ,  0.0678539  ,  2.31928e-26,  4.13067e-24,  0.0243053  ])
48000   , -1632.45    , array([ 1.44036    ,  0.0678539  ,  2.31928e-26,  4.13067e-24,  0.0243053  ])
48001   , -1632.45    , array([ 1.4418     ,  0.0678539  ,  2.31928e-26,  4.13067e-24,  0.0243053  ])
48002   , -1632.44    , array([ 1.44036    ,  0.0679218  ,  2.31928e-26,  4.13067e-24,  0.0243053  ])
48003   , -1632.45    , array([ 1.44036    ,  0.0678539  ,  2.3216e-26 ,  4.13067e-24,  0.0243053  ])
48004   , -1632.45    , array([ 1.44036    ,  0.0678539  ,  2.31928e-26,  4.1348e-24 ,  0.0243053  ])
48005   , -1632.46    , array([ 1.44036    ,  0.0678539  ,  2.31928e-26,  4.13067e-24,  0.0243296  ])
48006   , -1632.45    , array([ 1.44036    ,  0.0678539  ,  2.31928e-26,  4.13067e-24,  0.0243053  ])
48007   , -1632.45    , array([ 1.44036    ,  0.0678539  ,  2.31928e-26,  4.13067e-24,  0.0243053  ])
48008   , -1632.45    , array([ 1.4418     ,  0.0678539  ,  2.31928e-26,  4.13067e-24,  0.0243053  ])
48009   , -1632.44    , array([ 1.44036    ,  0.0679218  ,  2.31928e-26,  4.13067e-24,  0.0243053  ])
48010   , -1632.45    , array([ 1.44036    ,  0.0678539  ,  2.3216e-26 ,  4.13067e-24,  0.0243053  ])
48011   , -1632.45    , array([ 1.44036    ,  0.0678539  ,  2.31928e-26,  4.1348e-24 ,  0.0243053  ])
48012   , -1632.46    , array([ 1.44036    ,  0.0678539  ,  2.31928e-26,  4.13067e-24,  0.0243296  ])
48013   , -1632.45    , array([ 1.44036    ,  0.0678539  ,  2.31928e-26,  4.13067e-24,  0.0243053  ])
48014   , -1632.45    , array([ 1.44036    ,  0.0678539  ,  2.31928e-26,  4.13067e-24,  0.0243053  ])
48015   , -1632.45    , array([ 1.4418     ,  0.0678539  ,  2.31928e-26,  4.13067e-24,  0.0243053  ])
48016   , -1632.44    , array([ 1.44036    ,  0.0679218  ,  2.31928e-26,  4.13067e-24,  0.0243053  ])
48017   , -1632.45    , array([ 1.44036    ,  0.0678539  ,  2.3216e-26 ,  4.13067e-24,  0.0243053  ])
48018   , -1632.45    , array([ 1.44036    ,  0.0678539  ,  2.31928e-26,  4.1348e-24 ,  0.0243053  ])
48019   , -1632.46    , array([ 1.44036    ,  0.0678539  ,  2.31928e-26,  4.13067e-24,  0.0243296  ])
48020   , -1632.45    , array([ 1.44036    ,  0.0678539  ,  2.31928e-26,  4.13067e-24,  0.0243053  ])
48021   , -1632.45    , array([ 1.44036    ,  0.0678539  ,  2.31928e-26,  4.13067e-24,  0.0243053  ])
48022   , -1632.45    , array([ 1.4418     ,  0.0678539  ,  2.31928e-26,  4.13067e-24,  0.0243053  ])
48023   , -1632.44    , array([ 1.44036    ,  0.0679218  ,  2.31928e-26,  4.13067e-24,  0.0243053  ])
48024   , -1632.45    , array([ 1.44036    ,  0.0678539  ,  2.3216e-26 ,  4.13067e-24,  0.0243053  ])
48025   , -1632.45    , array([ 1.44036    ,  0.0678539  ,  2.31928e-26,  4.1348e-24 ,  0.0243053  ])
48026   , -1632.46    , array([ 1.44036    ,  0.0678539  ,  2.31928e-26,  4.13067e-24,  0.0243296  ])
48027   , -1632.45    , array([ 1.44036    ,  0.0678539  ,  2.31928e-26,  4.13067e-24,  0.0243053  ])
48028   , -1632.45    , array([ 1.44036    ,  0.0678539  ,  2.31928e-26,  4.13067e-24,  0.0243053  ])
48029   , -1632.45    , array([ 1.4418     ,  0.0678539  ,  2.31928e-26,  4.13067e-24,  0.0243053  ])
48030   , -1632.44    , array([ 1.44036    ,  0.0679218  ,  2.31928e-26,  4.13067e-24,  0.0243053  ])
48031   , -1632.45    , array([ 1.44036    ,  0.0678539  ,  2.3216e-26 ,  4.13067e-24,  0.0243053  ])
48032   , -1632.45    , array([ 1.44036    ,  0.0678539  ,  2.31928e-26,  4.1348e-24 ,  0.0243053  ])
48033   , -1632.46    , array([ 1.44036    ,  0.0678539  ,  2.31928e-26,  4.13067e-24,  0.0243296  ])
48034   , -1632.45    , array([ 1.44036    ,  0.0678539  ,  2.31928e-26,  4.13067e-24,  0.0243053  ])
48035   , -1632.45    , array([ 1.44036    ,  0.0678539  ,  2.31928e-26,  4.13067e-24,  0.0243053  ])
48036   , -1632.45    , array([ 1.4418     ,  0.0678539  ,  2.31928e-26,  4.13067e-24,  0.0243053  ])
48037   , -1632.44    , array([ 1.44036    ,  0.0679218  ,  2.31928e-26,  4.13067e-24,  0.0243053  ])
48038   , -1632.45    , array([ 1.44036    ,  0.0678539  ,  2.3216e-26 ,  4.13067e-24,  0.0243053  ])
48039   , -1632.45    , array([ 1.44036    ,  0.0678539  ,  2.31928e-26,  4.1348e-24 ,  0.0243053  ])
48040   , -1632.46    , array([ 1.44036    ,  0.0678539  ,  2.31928e-26,  4.13067e-24,  0.0243296  ])
48041   , -1632.45    , array([ 1.44036    ,  0.0678539  ,  2.31928e-26,  4.13067e-24,  0.0243053  ])
48042   , -1632.45    , array([ 1.44036    ,  0.0678539  ,  2.31928e-26,  4.13067e-24,  0.0243053  ])
48043   , -1632.45    , array([ 1.4418     ,  0.0678539  ,  2.31928e-26,  4.13067e-24,  0.0243053  ])
48044   , -1632.44    , array([ 1.44036    ,  0.0679218  ,  2.31928e-26,  4.13067e-24,  0.0243053  ])
48045   , -1632.45    , array([ 1.44036    ,  0.0678539  ,  2.3216e-26 ,  4.13067e-24,  0.0243053  ])
48046   , -1632.45    , array([ 1.44036    ,  0.0678539  ,  2.31928e-26,  4.1348e-24 ,  0.0243053  ])
48047   , -1632.46    , array([ 1.44036    ,  0.0678539  ,  2.31928e-26,  4.13067e-24,  0.0243296  ])
48048   , -1632.45    , array([ 1.44036    ,  0.0678539  ,  2.31928e-26,  4.13067e-24,  0.0243053  ])
48049   , -1632.45    , array([ 1.44036    ,  0.0678539  ,  2.31928e-26,  4.13067e-24,  0.0243053  ])
48050   , -1632.45    , array([ 1.4418     ,  0.0678539  ,  2.31928e-26,  4.13067e-24,  0.0243053  ])
48051   , -1632.44    , array([ 1.44036    ,  0.0679218  ,  2.31928e-26,  4.13067e-24,  0.0243053  ])
48052   , -1632.45    , array([ 1.44036    ,  0.0678539  ,  2.3216e-26 ,  4.13067e-24,  0.0243053  ])
48053   , -1632.45    , array([ 1.44036    ,  0.0678539  ,  2.31928e-26,  4.1348e-24 ,  0.0243053  ])
48054   , -1632.46    , array([ 1.44036    ,  0.0678539  ,  2.31928e-26,  4.13067e-24,  0.0243296  ])
48055   , -1632.45    , array([ 1.44036    ,  0.0678539  ,  2.31928e-26,  4.13067e-24,  0.0243053  ])
48056   , -1632.45    , array([ 1.44036    ,  0.0678539  ,  2.31928e-26,  4.13067e-24,  0.0243053  ])
48057   , -1632.45    , array([ 1.4418     ,  0.0678539  ,  2.31928e-26,  4.13067e-24,  0.0243053  ])
48058   , -1632.44    , array([ 1.44036    ,  0.0679218  ,  2.31928e-26,  4.13067e-24,  0.0243053  ])
48059   , -1632.45    , array([ 1.44036    ,  0.0678539  ,  2.3216e-26 ,  4.13067e-24,  0.0243053  ])
48060   , -1632.45    , array([ 1.44036    ,  0.0678539  ,  2.31928e-26,  4.1348e-24 ,  0.0243053  ])
48061   , -1632.46    , array([ 1.44036    ,  0.0678539  ,  2.31928e-26,  4.13067e-24,  0.0243296  ])
48062   , -1632.45    , array([ 1.44036    ,  0.0678539  ,  2.31928e-26,  4.13067e-24,  0.0243053  ])
48063   , -1632.45    , array([ 1.44036    ,  0.0678539  ,  2.31928e-26,  4.13067e-24,  0.0243053  ])
48064   , -1632.45    , array([ 1.4418     ,  0.0678539  ,  2.31928e-26,  4.13067e-24,  0.0243053  ])
48065   , -1632.44    , array([ 1.44036    ,  0.0679218  ,  2.31928e-26,  4.13067e-24,  0.0243053  ])
48066   , -1632.45    , array([ 1.44036    ,  0.0678539  ,  2.3216e-26 ,  4.13067e-24,  0.0243053  ])
48067   , -1632.45    , array([ 1.44036    ,  0.0678539  ,  2.31928e-26,  4.1348e-24 ,  0.0243053  ])
48068   , -1632.46    , array([ 1.44036    ,  0.0678539  ,  2.31928e-26,  4.13067e-24,  0.0243296  ])
48069   , -1632.45    , array([ 1.44036    ,  0.0678539  ,  2.31928e-26,  4.13067e-24,  0.0243053  ])
48070   , -1632.45    , array([ 1.44036    ,  0.0678539  ,  2.31928e-26,  4.13067e-24,  0.0243053  ])
48071   , -1632.45    , array([ 1.4418     ,  0.0678539  ,  2.31928e-26,  4.13067e-24,  0.0243053  ])
48072   , -1632.44    , array([ 1.44036    ,  0.0679218  ,  2.31928e-26,  4.13067e-24,  0.0243053  ])
48073   , -1632.45    , array([ 1.44036    ,  0.0678539  ,  2.3216e-26 ,  4.13067e-24,  0.0243053  ])
48074   , -1632.45    , array([ 1.44036    ,  0.0678539  ,  2.31928e-26,  4.1348e-24 ,  0.0243053  ])
48075   , -1632.46    , array([ 1.44036    ,  0.0678539  ,  2.31928e-26,  4.13067e-24,  0.0243296  ])
48076   , -1632.45    , array([ 1.44036    ,  0.0678539  ,  2.31928e-26,  4.13067e-24,  0.0243053  ])
48077   , -1632.45    , array([ 1.44036    ,  0.0678539  ,  2.31928e-26,  4.13067e-24,  0.0243053  ])
48078   , -1632.45    , array([ 1.4418     ,  0.0678539  ,  2.31928e-26,  4.13067e-24,  0.0243053  ])
48079   , -1632.44    , array([ 1.44036    ,  0.0679218  ,  2.31928e-26,  4.13067e-24,  0.0243053  ])
48080   , -1632.45    , array([ 1.44036    ,  0.0678539  ,  2.3216e-26 ,  4.13067e-24,  0.0243053  ])
48081   , -1632.45    , array([ 1.44036    ,  0.0678539  ,  2.31928e-26,  4.1348e-24 ,  0.0243053  ])
48082   , -1632.46    , array([ 1.44036    ,  0.0678539  ,  2.31928e-26,  4.13067e-24,  0.0243296  ])
48083   , -1632.45    , array([ 1.44036    ,  0.0678539  ,  2.31928e-26,  4.13067e-24,  0.0243053  ])
48084   , -1632.45    , array([ 1.44036    ,  0.0678539  ,  2.31928e-26,  4.13067e-24,  0.0243053  ])
48085   , -1632.45    , array([ 1.4418     ,  0.0678539  ,  2.31928e-26,  4.13067e-24,  0.0243053  ])
48086   , -1632.44    , array([ 1.44036    ,  0.0679218  ,  2.31928e-26,  4.13067e-24,  0.0243053  ])
48087   , -1632.45    , array([ 1.44036    ,  0.0678539  ,  2.3216e-26 ,  4.13067e-24,  0.0243053  ])
48088   , -1632.45    , array([ 1.44036    ,  0.0678539  ,  2.31928e-26,  4.1348e-24 ,  0.0243053  ])
48089   , -1632.46    , array([ 1.44036    ,  0.0678539  ,  2.31928e-26,  4.13067e-24,  0.0243296  ])
48090   , -1632.45    , array([ 1.44036    ,  0.0678539  ,  2.31928e-26,  4.13067e-24,  0.0243053  ])
48091   , -1632.45    , array([ 1.44036    ,  0.0678539  ,  2.31928e-26,  4.13067e-24,  0.0243053  ])
48092   , -1632.45    , array([ 1.4418     ,  0.0678539  ,  2.31928e-26,  4.13067e-24,  0.0243053  ])
48093   , -1632.44    , array([ 1.44036    ,  0.0679218  ,  2.31928e-26,  4.13067e-24,  0.0243053  ])
48094   , -1632.45    , array([ 1.44036    ,  0.0678539  ,  2.3216e-26 ,  4.13067e-24,  0.0243053  ])
48095   , -1632.45    , array([ 1.44036    ,  0.0678539  ,  2.31928e-26,  4.1348e-24 ,  0.0243053  ])
48096   , -1632.46    , array([ 1.44036    ,  0.0678539  ,  2.31928e-26,  4.13067e-24,  0.0243296  ])
48097   , -1632.45    , array([ 1.44036    ,  0.0678539  ,  2.31928e-26,  4.13067e-24,  0.0243053  ])
48098   , -1632.45    , array([ 1.44036    ,  0.0678539  ,  2.31928e-26,  4.13067e-24,  0.0243053  ])
48099   , -1632.45    , array([ 1.4418     ,  0.0678539  ,  2.31928e-26,  4.13067e-24,  0.0243053  ])
48100   , -1632.44    , array([ 1.44036    ,  0.0679218  ,  2.31928e-26,  4.13067e-24,  0.0243053  ])
48101   , -1632.45    , array([ 1.44036    ,  0.0678539  ,  2.3216e-26 ,  4.13067e-24,  0.0243053  ])
48102   , -1632.45    , array([ 1.44036    ,  0.0678539  ,  2.31928e-26,  4.1348e-24 ,  0.0243053  ])
48103   , -1632.46    , array([ 1.44036    ,  0.0678539  ,  2.31928e-26,  4.13067e-24,  0.0243296  ])
48104   , -1632.45    , array([ 1.44036    ,  0.0678539  ,  2.31928e-26,  4.13067e-24,  0.0243053  ])
48105   , -1632.45    , array([ 1.44036    ,  0.0678539  ,  2.31928e-26,  4.13067e-24,  0.0243053  ])
48106   , -1632.45    , array([ 1.4418     ,  0.0678539  ,  2.31928e-26,  4.13067e-24,  0.0243053  ])
48107   , -1632.44    , array([ 1.44036    ,  0.0679218  ,  2.31928e-26,  4.13067e-24,  0.0243053  ])
48108   , -1632.45    , array([ 1.44036    ,  0.0678539  ,  2.3216e-26 ,  4.13067e-24,  0.0243053  ])
48109   , -1632.45    , array([ 1.44036    ,  0.0678539  ,  2.31928e-26,  4.1348e-24 ,  0.0243053  ])
48110   , -1632.46    , array([ 1.44036    ,  0.0678539  ,  2.31928e-26,  4.13067e-24,  0.0243296  ])
48111   , -1632.45    , array([ 1.44036    ,  0.0678539  ,  2.31928e-26,  4.13067e-24,  0.0243053  ])
48112   , -1632.45    , array([ 1.44036    ,  0.0678539  ,  2.31928e-26,  4.13067e-24,  0.0243053  ])
48113   , -1632.45    , array([ 1.4418     ,  0.0678539  ,  2.31928e-26,  4.13067e-24,  0.0243053  ])
48114   , -1632.44    , array([ 1.44036    ,  0.0679218  ,  2.31928e-26,  4.13067e-24,  0.0243053  ])
48115   , -1632.45    , array([ 1.44036    ,  0.0678539  ,  2.3216e-26 ,  4.13067e-24,  0.0243053  ])
48116   , -1632.45    , array([ 1.44036    ,  0.0678539  ,  2.31928e-26,  4.1348e-24 ,  0.0243053  ])
48117   , -1632.46    , array([ 1.44036    ,  0.0678539  ,  2.31928e-26,  4.13067e-24,  0.0243296  ])
48118   , -1632.45    , array([ 1.44036    ,  0.0678539  ,  2.31928e-26,  4.13067e-24,  0.0243053  ])
48119   , -1632.45    , array([ 1.44036    ,  0.0678539  ,  2.31928e-26,  4.13067e-24,  0.0243053  ])
48120   , -1632.45    , array([ 1.4418     ,  0.0678539  ,  2.31928e-26,  4.13067e-24,  0.0243053  ])
48121   , -1632.44    , array([ 1.44036    ,  0.0679218  ,  2.31928e-26,  4.13067e-24,  0.0243053  ])
48122   , -1632.45    , array([ 1.44036    ,  0.0678539  ,  2.3216e-26 ,  4.13067e-24,  0.0243053  ])
48123   , -1632.45    , array([ 1.44036    ,  0.0678539  ,  2.31928e-26,  4.1348e-24 ,  0.0243053  ])
48124   , -1632.46    , array([ 1.44036    ,  0.0678539  ,  2.31928e-26,  4.13067e-24,  0.0243296  ])
48125   , -1632.45    , array([ 1.44036    ,  0.0678539  ,  2.31928e-26,  4.13067e-24,  0.0243053  ])
48126   , -1632.45    , array([ 1.44036    ,  0.0678539  ,  2.31928e-26,  4.13067e-24,  0.0243053  ])
48127   , -1632.45    , array([ 1.4418     ,  0.0678539  ,  2.31928e-26,  4.13067e-24,  0.0243053  ])
48128   , -1632.44    , array([ 1.44036    ,  0.0679218  ,  2.31928e-26,  4.13067e-24,  0.0243053  ])
48129   , -1632.45    , array([ 1.44036    ,  0.0678539  ,  2.3216e-26 ,  4.13067e-24,  0.0243053  ])
48130   , -1632.45    , array([ 1.44036    ,  0.0678539  ,  2.31928e-26,  4.1348e-24 ,  0.0243053  ])
48131   , -1632.46    , array([ 1.44036    ,  0.0678539  ,  2.31928e-26,  4.13067e-24,  0.0243296  ])
48132   , -1632.45    , array([ 1.44036    ,  0.0678539  ,  2.31928e-26,  4.13067e-24,  0.0243053  ])
48133   , -1632.45    , array([ 1.44036    ,  0.0678539  ,  2.31928e-26,  4.13067e-24,  0.0243053  ])
48134   , -1632.45    , array([ 1.4418     ,  0.0678539  ,  2.31928e-26,  4.13067e-24,  0.0243053  ])
48135   , -1632.44    , array([ 1.44036    ,  0.0679218  ,  2.31928e-26,  4.13067e-24,  0.0243053  ])
48136   , -1632.45    , array([ 1.44036    ,  0.0678539  ,  2.3216e-26 ,  4.13067e-24,  0.0243053  ])
48137   , -1632.45    , array([ 1.44036    ,  0.0678539  ,  2.31928e-26,  4.1348e-24 ,  0.0243053  ])
48138   , -1632.46    , array([ 1.44036    ,  0.0678539  ,  2.31928e-26,  4.13067e-24,  0.0243296  ])
48139   , -1632.45    , array([ 1.44036    ,  0.0678539  ,  2.31928e-26,  4.13067e-24,  0.0243053  ])
48140   , -1632.45    , array([ 1.44036    ,  0.0678539  ,  2.31928e-26,  4.13067e-24,  0.0243053  ])
48141   , -1632.45    , array([ 1.4418     ,  0.0678539  ,  2.31928e-26,  4.13067e-24,  0.0243053  ])
48142   , -1632.44    , array([ 1.44036    ,  0.0679218  ,  2.31928e-26,  4.13067e-24,  0.0243053  ])
48143   , -1632.45    , array([ 1.44036    ,  0.0678539  ,  2.3216e-26 ,  4.13067e-24,  0.0243053  ])
48144   , -1632.45    , array([ 1.44036    ,  0.0678539  ,  2.31928e-26,  4.1348e-24 ,  0.0243053  ])
48145   , -1632.46    , array([ 1.44036    ,  0.0678539  ,  2.31928e-26,  4.13067e-24,  0.0243296  ])
48146   , -1632.45    , array([ 1.44036    ,  0.0678539  ,  2.31928e-26,  4.13067e-24,  0.0243053  ])
48147   , -1632.45    , array([ 1.44036    ,  0.0678539  ,  2.31928e-26,  4.13067e-24,  0.0243053  ])
48148   , -1632.45    , array([ 1.4418     ,  0.0678539  ,  2.31928e-26,  4.13067e-24,  0.0243053  ])
48149   , -1632.44    , array([ 1.44036    ,  0.0679218  ,  2.31928e-26,  4.13067e-24,  0.0243053  ])
48150   , -1632.45    , array([ 1.44036    ,  0.0678539  ,  2.3216e-26 ,  4.13067e-24,  0.0243053  ])
48151   , -1632.45    , array([ 1.44036    ,  0.0678539  ,  2.31928e-26,  4.1348e-24 ,  0.0243053  ])
48152   , -1632.46    , array([ 1.44036    ,  0.0678539  ,  2.31928e-26,  4.13067e-24,  0.0243296  ])
48153   , -1632.45    , array([ 1.44036    ,  0.0678539  ,  2.31928e-26,  4.13067e-24,  0.0243053  ])
48154   , -1632.45    , array([ 1.44036    ,  0.0678539  ,  2.31928e-26,  4.13067e-24,  0.0243053  ])
48155   , -1632.45    , array([ 1.4418     ,  0.0678539  ,  2.31928e-26,  4.13067e-24,  0.0243053  ])
48156   , -1632.44    , array([ 1.44036    ,  0.0679218  ,  2.31928e-26,  4.13067e-24,  0.0243053  ])
48157   , -1632.45    , array([ 1.44036    ,  0.0678539  ,  2.3216e-26 ,  4.13067e-24,  0.0243053  ])
48158   , -1632.45    , array([ 1.44036    ,  0.0678539  ,  2.31928e-26,  4.1348e-24 ,  0.0243053  ])
48159   , -1632.46    , array([ 1.44036    ,  0.0678539  ,  2.31928e-26,  4.13067e-24,  0.0243296  ])
48160   , -1632.45    , array([ 1.44036    ,  0.0678539  ,  2.31928e-26,  4.13067e-24,  0.0243053  ])
48161   , -1632.45    , array([ 1.44036    ,  0.0678539  ,  2.31928e-26,  4.13067e-24,  0.0243053  ])
48162   , -1632.45    , array([ 1.4418     ,  0.0678539  ,  2.31928e-26,  4.13067e-24,  0.0243053  ])
48163   , -1632.44    , array([ 1.44036    ,  0.0679218  ,  2.31928e-26,  4.13067e-24,  0.0243053  ])
48164   , -1632.45    , array([ 1.44036    ,  0.0678539  ,  2.3216e-26 ,  4.13067e-24,  0.0243053  ])
48165   , -1632.45    , array([ 1.44036    ,  0.0678539  ,  2.31928e-26,  4.1348e-24 ,  0.0243053  ])
48166   , -1632.46    , array([ 1.44036    ,  0.0678539  ,  2.31928e-26,  4.13067e-24,  0.0243296  ])
48167   , -1632.45    , array([ 1.44036    ,  0.0678539  ,  2.31928e-26,  4.13067e-24,  0.0243053  ])
48168   , -1632.45    , array([ 1.44036    ,  0.0678539  ,  2.31928e-26,  4.13067e-24,  0.0243053  ])
48169   , -1632.45    , array([ 1.4418     ,  0.0678539  ,  2.31928e-26,  4.13067e-24,  0.0243053  ])
48170   , -1632.44    , array([ 1.44036    ,  0.0679218  ,  2.31928e-26,  4.13067e-24,  0.0243053  ])
48171   , -1632.45    , array([ 1.44036    ,  0.0678539  ,  2.3216e-26 ,  4.13067e-24,  0.0243053  ])
48172   , -1632.45    , array([ 1.44036    ,  0.0678539  ,  2.31928e-26,  4.1348e-24 ,  0.0243053  ])
48173   , -1632.46    , array([ 1.44036    ,  0.0678539  ,  2.31928e-26,  4.13067e-24,  0.0243296  ])
48174   , -1632.45    , array([ 1.44036    ,  0.0678539  ,  2.31928e-26,  4.13067e-24,  0.0243053  ])
48175   , -1632.45    , array([ 1.44036    ,  0.0678539  ,  2.31928e-26,  4.13067e-24,  0.0243053  ])
48176   , -1632.45    , array([ 1.4418     ,  0.0678539  ,  2.31928e-26,  4.13067e-24,  0.0243053  ])
48177   , -1632.44    , array([ 1.44036    ,  0.0679218  ,  2.31928e-26,  4.13067e-24,  0.0243053  ])
48178   , -1632.45    , array([ 1.44036    ,  0.0678539  ,  2.3216e-26 ,  4.13067e-24,  0.0243053  ])
48179   , -1632.45    , array([ 1.44036    ,  0.0678539  ,  2.31928e-26,  4.1348e-24 ,  0.0243053  ])
48180   , -1632.46    , array([ 1.44036    ,  0.0678539  ,  2.31928e-26,  4.13067e-24,  0.0243296  ])
48181   , -1632.45    , array([ 1.44036    ,  0.0678539  ,  2.31928e-26,  4.13067e-24,  0.0243053  ])
48182   , -1632.45    , array([ 1.44036    ,  0.0678539  ,  2.31928e-26,  4.13067e-24,  0.0243053  ])
48183   , -1632.45    , array([ 1.4418     ,  0.0678539  ,  2.31928e-26,  4.13067e-24,  0.0243053  ])
48184   , -1632.44    , array([ 1.44036    ,  0.0679218  ,  2.31928e-26,  4.13067e-24,  0.0243053  ])
48185   , -1632.45    , array([ 1.44036    ,  0.0678539  ,  2.3216e-26 ,  4.13067e-24,  0.0243053  ])
48186   , -1632.45    , array([ 1.44036    ,  0.0678539  ,  2.31928e-26,  4.1348e-24 ,  0.0243053  ])
48187   , -1632.46    , array([ 1.44036    ,  0.0678539  ,  2.31928e-26,  4.13067e-24,  0.0243296  ])
48188   , -1632.45    , array([ 1.44036    ,  0.0678539  ,  2.31928e-26,  4.13067e-24,  0.0243053  ])
48189   , -1632.45    , array([ 1.44036    ,  0.0678539  ,  2.31928e-26,  4.13067e-24,  0.0243053  ])
48190   , -1632.45    , array([ 1.4418     ,  0.0678539  ,  2.31928e-26,  4.13067e-24,  0.0243053  ])
48191   , -1632.44    , array([ 1.44036    ,  0.0679218  ,  2.31928e-26,  4.13067e-24,  0.0243053  ])
48192   , -1632.45    , array([ 1.44036    ,  0.0678539  ,  2.3216e-26 ,  4.13067e-24,  0.0243053  ])
48193   , -1632.45    , array([ 1.44036    ,  0.0678539  ,  2.31928e-26,  4.1348e-24 ,  0.0243053  ])
48194   , -1632.46    , array([ 1.44036    ,  0.0678539  ,  2.31928e-26,  4.13067e-24,  0.0243296  ])
48195   , -1632.45    , array([ 1.44036    ,  0.0678539  ,  2.31928e-26,  4.13067e-24,  0.0243053  ])
48196   , -1632.45    , array([ 1.44036    ,  0.0678539  ,  2.31928e-26,  4.13067e-24,  0.0243053  ])
48197   , -1632.45    , array([ 1.4418     ,  0.0678539  ,  2.31928e-26,  4.13067e-24,  0.0243053  ])
48198   , -1632.44    , array([ 1.44036    ,  0.0679218  ,  2.31928e-26,  4.13067e-24,  0.0243053  ])
48199   , -1632.45    , array([ 1.44036    ,  0.0678539  ,  2.3216e-26 ,  4.13067e-24,  0.0243053  ])
48200   , -1632.45    , array([ 1.44036    ,  0.0678539  ,  2.31928e-26,  4.1348e-24 ,  0.0243053  ])
48201   , -1632.46    , array([ 1.44036    ,  0.0678539  ,  2.31928e-26,  4.13067e-24,  0.0243296  ])
48202   , -1632.45    , array([ 1.44036    ,  0.0678539  ,  2.31928e-26,  4.13067e-24,  0.0243053  ])
48203   , -1632.45    , array([ 1.44036    ,  0.0678539  ,  2.31928e-26,  4.13067e-24,  0.0243053  ])
48204   , -1632.45    , array([ 1.4418     ,  0.0678539  ,  2.31928e-26,  4.13067e-24,  0.0243053  ])
48205   , -1632.44    , array([ 1.44036    ,  0.0679218  ,  2.31928e-26,  4.13067e-24,  0.0243053  ])
48206   , -1632.45    , array([ 1.44036    ,  0.0678539  ,  2.3216e-26 ,  4.13067e-24,  0.0243053  ])
48207   , -1632.45    , array([ 1.44036    ,  0.0678539  ,  2.31928e-26,  4.1348e-24 ,  0.0243053  ])
48208   , -1632.46    , array([ 1.44036    ,  0.0678539  ,  2.31928e-26,  4.13067e-24,  0.0243296  ])
48209   , -1632.45    , array([ 1.44036    ,  0.0678539  ,  2.31928e-26,  4.13067e-24,  0.0243053  ])
48210   , -1632.45    , array([ 1.44036    ,  0.0678539  ,  2.31928e-26,  4.13067e-24,  0.0243053  ])
48211   , -1632.45    , array([ 1.4418     ,  0.0678539  ,  2.31928e-26,  4.13067e-24,  0.0243053  ])
48212   , -1632.44    , array([ 1.44036    ,  0.0679218  ,  2.31928e-26,  4.13067e-24,  0.0243053  ])
48213   , -1632.45    , array([ 1.44036    ,  0.0678539  ,  2.3216e-26 ,  4.13067e-24,  0.0243053  ])
48214   , -1632.45    , array([ 1.44036    ,  0.0678539  ,  2.31928e-26,  4.1348e-24 ,  0.0243053  ])
48215   , -1632.46    , array([ 1.44036    ,  0.0678539  ,  2.31928e-26,  4.13067e-24,  0.0243296  ])
48216   , -1632.45    , array([ 1.44036    ,  0.0678539  ,  2.31928e-26,  4.13067e-24,  0.0243053  ])
48217   , -1632.45    , array([ 1.44036    ,  0.0678539  ,  2.31928e-26,  4.13067e-24,  0.0243053  ])
48218   , -1632.45    , array([ 1.4418     ,  0.0678539  ,  2.31928e-26,  4.13067e-24,  0.0243053  ])
48219   , -1632.44    , array([ 1.44036    ,  0.0679218  ,  2.31928e-26,  4.13067e-24,  0.0243053  ])
48220   , -1632.45    , array([ 1.44036    ,  0.0678539  ,  2.3216e-26 ,  4.13067e-24,  0.0243053  ])
48221   , -1632.45    , array([ 1.44036    ,  0.0678539  ,  2.31928e-26,  4.1348e-24 ,  0.0243053  ])
48222   , -1632.46    , array([ 1.44036    ,  0.0678539  ,  2.31928e-26,  4.13067e-24,  0.0243296  ])
48223   , -1632.45    , array([ 1.44036    ,  0.0678539  ,  2.31928e-26,  4.13067e-24,  0.0243053  ])
48224   , -1632.45    , array([ 1.44036    ,  0.0678539  ,  2.31928e-26,  4.13067e-24,  0.0243053  ])
48225   , -1632.45    , array([ 1.4418     ,  0.0678539  ,  2.31928e-26,  4.13067e-24,  0.0243053  ])
48226   , -1632.44    , array([ 1.44036    ,  0.0679218  ,  2.31928e-26,  4.13067e-24,  0.0243053  ])
48227   , -1632.45    , array([ 1.44036    ,  0.0678539  ,  2.3216e-26 ,  4.13067e-24,  0.0243053  ])
48228   , -1632.45    , array([ 1.44036    ,  0.0678539  ,  2.31928e-26,  4.1348e-24 ,  0.0243053  ])
48229   , -1632.46    , array([ 1.44036    ,  0.0678539  ,  2.31928e-26,  4.13067e-24,  0.0243296  ])
48230   , -1632.45    , array([ 1.44036    ,  0.0678539  ,  2.31928e-26,  4.13067e-24,  0.0243053  ])
48231   , -1632.45    , array([ 1.44036    ,  0.0678539  ,  2.31928e-26,  4.13067e-24,  0.0243053  ])
48232   , -1632.45    , array([ 1.4418     ,  0.0678539  ,  2.31928e-26,  4.13067e-24,  0.0243053  ])
48233   , -1632.44    , array([ 1.44036    ,  0.0679218  ,  2.31928e-26,  4.13067e-24,  0.0243053  ])
48234   , -1632.45    , array([ 1.44036    ,  0.0678539  ,  2.3216e-26 ,  4.13067e-24,  0.0243053  ])
48235   , -1632.45    , array([ 1.44036    ,  0.0678539  ,  2.31928e-26,  4.1348e-24 ,  0.0243053  ])
48236   , -1632.46    , array([ 1.44036    ,  0.0678539  ,  2.31928e-26,  4.13067e-24,  0.0243296  ])
48237   , -1632.45    , array([ 1.44036    ,  0.0678539  ,  2.31928e-26,  4.13067e-24,  0.0243053  ])
48238   , -1632.45    , array([ 1.44036    ,  0.0678539  ,  2.31928e-26,  4.13067e-24,  0.0243053  ])
48239   , -1632.45    , array([ 1.4418     ,  0.0678539  ,  2.31928e-26,  4.13067e-24,  0.0243053  ])
48240   , -1632.44    , array([ 1.44036    ,  0.0679218  ,  2.31928e-26,  4.13067e-24,  0.0243053  ])
48241   , -1632.45    , array([ 1.44036    ,  0.0678539  ,  2.3216e-26 ,  4.13067e-24,  0.0243053  ])
48242   , -1632.45    , array([ 1.44036    ,  0.0678539  ,  2.31928e-26,  4.1348e-24 ,  0.0243053  ])
48243   , -1632.46    , array([ 1.44036    ,  0.0678539  ,  2.31928e-26,  4.13067e-24,  0.0243296  ])
48244   , -1632.45    , array([ 1.44036    ,  0.0678539  ,  2.31928e-26,  4.13067e-24,  0.0243053  ])
48245   , -1632.45    , array([ 1.44036    ,  0.0678539  ,  2.31928e-26,  4.13067e-24,  0.0243053  ])
48246   , -1632.45    , array([ 1.4418     ,  0.0678539  ,  2.31928e-26,  4.13067e-24,  0.0243053  ])
48247   , -1632.44    , array([ 1.44036    ,  0.0679218  ,  2.31928e-26,  4.13067e-24,  0.0243053  ])
48248   , -1632.45    , array([ 1.44036    ,  0.0678539  ,  2.3216e-26 ,  4.13067e-24,  0.0243053  ])
48249   , -1632.45    , array([ 1.44036    ,  0.0678539  ,  2.31928e-26,  4.1348e-24 ,  0.0243053  ])
48250   , -1632.46    , array([ 1.44036    ,  0.0678539  ,  2.31928e-26,  4.13067e-24,  0.0243296  ])
48251   , -1632.45    , array([ 1.44036    ,  0.0678539  ,  2.31928e-26,  4.13067e-24,  0.0243053  ])
48252   , -1632.45    , array([ 1.44036    ,  0.0678539  ,  2.31928e-26,  4.13067e-24,  0.0243053  ])
48253   , -1632.45    , array([ 1.4418     ,  0.0678539  ,  2.31928e-26,  4.13067e-24,  0.0243053  ])
48254   , -1632.44    , array([ 1.44036    ,  0.0679218  ,  2.31928e-26,  4.13067e-24,  0.0243053  ])
48255   , -1632.45    , array([ 1.44036    ,  0.0678539  ,  2.3216e-26 ,  4.13067e-24,  0.0243053  ])
48256   , -1632.45    , array([ 1.44036    ,  0.0678539  ,  2.31928e-26,  4.1348e-24 ,  0.0243053  ])
48257   , -1632.46    , array([ 1.44036    ,  0.0678539  ,  2.31928e-26,  4.13067e-24,  0.0243296  ])
48258   , -1632.45    , array([ 1.44036    ,  0.0678539  ,  2.31928e-26,  4.13067e-24,  0.0243053  ])
48259   , -1632.45    , array([ 1.44036    ,  0.0678539  ,  2.31928e-26,  4.13067e-24,  0.0243053  ])
48260   , -1632.45    , array([ 1.4418     ,  0.0678539  ,  2.31928e-26,  4.13067e-24,  0.0243053  ])
48261   , -1632.44    , array([ 1.44036    ,  0.0679218  ,  2.31928e-26,  4.13067e-24,  0.0243053  ])
48262   , -1632.45    , array([ 1.44036    ,  0.0678539  ,  2.3216e-26 ,  4.13067e-24,  0.0243053  ])
48263   , -1632.45    , array([ 1.44036    ,  0.0678539  ,  2.31928e-26,  4.1348e-24 ,  0.0243053  ])
48264   , -1632.46    , array([ 1.44036    ,  0.0678539  ,  2.31928e-26,  4.13067e-24,  0.0243296  ])
48265   , -1632.45    , array([ 1.44036    ,  0.0678539  ,  2.31928e-26,  4.13067e-24,  0.0243053  ])
48266   , -1632.45    , array([ 1.44036    ,  0.0678539  ,  2.31928e-26,  4.13067e-24,  0.0243053  ])
48267   , -1632.45    , array([ 1.4418     ,  0.0678539  ,  2.31928e-26,  4.13067e-24,  0.0243053  ])
48268   , -1632.44    , array([ 1.44036    ,  0.0679218  ,  2.31928e-26,  4.13067e-24,  0.0243053  ])
48269   , -1632.45    , array([ 1.44036    ,  0.0678539  ,  2.3216e-26 ,  4.13067e-24,  0.0243053  ])
48270   , -1632.45    , array([ 1.44036    ,  0.0678539  ,  2.31928e-26,  4.1348e-24 ,  0.0243053  ])
48271   , -1632.46    , array([ 1.44036    ,  0.0678539  ,  2.31928e-26,  4.13067e-24,  0.0243296  ])
48272   , -1632.45    , array([ 1.44036    ,  0.0678539  ,  2.31928e-26,  4.13067e-24,  0.0243053  ])
48273   , -1632.45    , array([ 1.44036    ,  0.0678539  ,  2.31928e-26,  4.13067e-24,  0.0243053  ])
48274   , -1632.45    , array([ 1.4418     ,  0.0678539  ,  2.31928e-26,  4.13067e-24,  0.0243053  ])
48275   , -1632.44    , array([ 1.44036    ,  0.0679218  ,  2.31928e-26,  4.13067e-24,  0.0243053  ])
48276   , -1632.45    , array([ 1.44036    ,  0.0678539  ,  2.3216e-26 ,  4.13067e-24,  0.0243053  ])
48277   , -1632.45    , array([ 1.44036    ,  0.0678539  ,  2.31928e-26,  4.1348e-24 ,  0.0243053  ])
48278   , -1632.46    , array([ 1.44036    ,  0.0678539  ,  2.31928e-26,  4.13067e-24,  0.0243296  ])
48279   , -1632.45    , array([ 1.44036    ,  0.0678539  ,  2.31928e-26,  4.13067e-24,  0.0243053  ])
48280   , -1632.45    , array([ 1.44036    ,  0.0678539  ,  2.31928e-26,  4.13067e-24,  0.0243053  ])
48281   , -1632.45    , array([ 1.4418     ,  0.0678539  ,  2.31928e-26,  4.13067e-24,  0.0243053  ])
48282   , -1632.44    , array([ 1.44036    ,  0.0679218  ,  2.31928e-26,  4.13067e-24,  0.0243053  ])
48283   , -1632.45    , array([ 1.44036    ,  0.0678539  ,  2.3216e-26 ,  4.13067e-24,  0.0243053  ])
48284   , -1632.45    , array([ 1.44036    ,  0.0678539  ,  2.31928e-26,  4.1348e-24 ,  0.0243053  ])
48285   , -1632.46    , array([ 1.44036    ,  0.0678539  ,  2.31928e-26,  4.13067e-24,  0.0243296  ])
48286   , -1632.45    , array([ 1.44036    ,  0.0678539  ,  2.31928e-26,  4.13067e-24,  0.0243053  ])
48287   , -1632.45    , array([ 1.44036    ,  0.0678539  ,  2.31928e-26,  4.13067e-24,  0.0243053  ])
48288   , -1632.45    , array([ 1.4418     ,  0.0678539  ,  2.31928e-26,  4.13067e-24,  0.0243053  ])
48289   , -1632.44    , array([ 1.44036    ,  0.0679218  ,  2.31928e-26,  4.13067e-24,  0.0243053  ])
48290   , -1632.45    , array([ 1.44036    ,  0.0678539  ,  2.3216e-26 ,  4.13067e-24,  0.0243053  ])
48291   , -1632.45    , array([ 1.44036    ,  0.0678539  ,  2.31928e-26,  4.1348e-24 ,  0.0243053  ])
48292   , -1632.46    , array([ 1.44036    ,  0.0678539  ,  2.31928e-26,  4.13067e-24,  0.0243296  ])
48293   , -1632.45    , array([ 1.44036    ,  0.0678539  ,  2.31928e-26,  4.13067e-24,  0.0243053  ])
48294   , -1632.45    , array([ 1.44036    ,  0.0678539  ,  2.31928e-26,  4.13067e-24,  0.0243053  ])
48295   , -1632.45    , array([ 1.4418     ,  0.0678539  ,  2.31928e-26,  4.13067e-24,  0.0243053  ])
48296   , -1632.44    , array([ 1.44036    ,  0.0679218  ,  2.31928e-26,  4.13067e-24,  0.0243053  ])
48297   , -1632.45    , array([ 1.44036    ,  0.0678539  ,  2.3216e-26 ,  4.13067e-24,  0.0243053  ])
48298   , -1632.45    , array([ 1.44036    ,  0.0678539  ,  2.31928e-26,  4.1348e-24 ,  0.0243053  ])
48299   , -1632.46    , array([ 1.44036    ,  0.0678539  ,  2.31928e-26,  4.13067e-24,  0.0243296  ])
48300   , -1632.45    , array([ 1.44036    ,  0.0678539  ,  2.31928e-26,  4.13067e-24,  0.0243053  ])
48301   , -1632.45    , array([ 1.44036    ,  0.0678539  ,  2.31928e-26,  4.13067e-24,  0.0243053  ])
48302   , -1632.45    , array([ 1.4418     ,  0.0678539  ,  2.31928e-26,  4.13067e-24,  0.0243053  ])
48303   , -1632.44    , array([ 1.44036    ,  0.0679218  ,  2.31928e-26,  4.13067e-24,  0.0243053  ])
48304   , -1632.45    , array([ 1.44036    ,  0.0678539  ,  2.3216e-26 ,  4.13067e-24,  0.0243053  ])
48305   , -1632.45    , array([ 1.44036    ,  0.0678539  ,  2.31928e-26,  4.1348e-24 ,  0.0243053  ])
48306   , -1632.46    , array([ 1.44036    ,  0.0678539  ,  2.31928e-26,  4.13067e-24,  0.0243296  ])
48307   , -1632.45    , array([ 1.44036    ,  0.0678539  ,  2.31928e-26,  4.13067e-24,  0.0243053  ])
48308   , -1632.45    , array([ 1.44036    ,  0.0678539  ,  2.31928e-26,  4.13067e-24,  0.0243053  ])
48309   , -1632.45    , array([ 1.4418     ,  0.0678539  ,  2.31928e-26,  4.13067e-24,  0.0243053  ])
48310   , -1632.44    , array([ 1.44036    ,  0.0679218  ,  2.31928e-26,  4.13067e-24,  0.0243053  ])
48311   , -1632.45    , array([ 1.44036    ,  0.0678539  ,  2.3216e-26 ,  4.13067e-24,  0.0243053  ])
48312   , -1632.45    , array([ 1.44036    ,  0.0678539  ,  2.31928e-26,  4.1348e-24 ,  0.0243053  ])
48313   , -1632.46    , array([ 1.44036    ,  0.0678539  ,  2.31928e-26,  4.13067e-24,  0.0243296  ])
48314   , -1632.45    , array([ 1.44036    ,  0.0678539  ,  2.31928e-26,  4.13067e-24,  0.0243053  ])
48315   , -1632.45    , array([ 1.44036    ,  0.0678539  ,  2.31928e-26,  4.13067e-24,  0.0243053  ])
48316   , -1632.45    , array([ 1.4418     ,  0.0678539  ,  2.31928e-26,  4.13067e-24,  0.0243053  ])
48317   , -1632.44    , array([ 1.44036    ,  0.0679218  ,  2.31928e-26,  4.13067e-24,  0.0243053  ])
48318   , -1632.45    , array([ 1.44036    ,  0.0678539  ,  2.3216e-26 ,  4.13067e-24,  0.0243053  ])
48319   , -1632.45    , array([ 1.44036    ,  0.0678539  ,  2.31928e-26,  4.1348e-24 ,  0.0243053  ])
48320   , -1632.46    , array([ 1.44036    ,  0.0678539  ,  2.31928e-26,  4.13067e-24,  0.0243296  ])
48321   , -1632.45    , array([ 1.44036    ,  0.0678539  ,  2.31928e-26,  4.13067e-24,  0.0243053  ])
48322   , -1632.45    , array([ 1.44036    ,  0.0678539  ,  2.31928e-26,  4.13067e-24,  0.0243053  ])
48323   , -1632.45    , array([ 1.4418     ,  0.0678539  ,  2.31928e-26,  4.13067e-24,  0.0243053  ])
48324   , -1632.44    , array([ 1.44036    ,  0.0679218  ,  2.31928e-26,  4.13067e-24,  0.0243053  ])
48325   , -1632.45    , array([ 1.44036    ,  0.0678539  ,  2.3216e-26 ,  4.13067e-24,  0.0243053  ])
48326   , -1632.45    , array([ 1.44036    ,  0.0678539  ,  2.31928e-26,  4.1348e-24 ,  0.0243053  ])
48327   , -1632.46    , array([ 1.44036    ,  0.0678539  ,  2.31928e-26,  4.13067e-24,  0.0243296  ])
48328   , -1632.45    , array([ 1.44036    ,  0.0678539  ,  2.31928e-26,  4.13067e-24,  0.0243053  ])
48329   , -1632.45    , array([ 1.44036    ,  0.0678539  ,  2.31928e-26,  4.13067e-24,  0.0243053  ])
48330   , -1632.45    , array([ 1.4418     ,  0.0678539  ,  2.31928e-26,  4.13067e-24,  0.0243053  ])
48331   , -1632.44    , array([ 1.44036    ,  0.0679218  ,  2.31928e-26,  4.13067e-24,  0.0243053  ])
48332   , -1632.45    , array([ 1.44036    ,  0.0678539  ,  2.3216e-26 ,  4.13067e-24,  0.0243053  ])
48333   , -1632.45    , array([ 1.44036    ,  0.0678539  ,  2.31928e-26,  4.1348e-24 ,  0.0243053  ])
48334   , -1632.46    , array([ 1.44036    ,  0.0678539  ,  2.31928e-26,  4.13067e-24,  0.0243296  ])
48335   , -1632.45    , array([ 1.44036    ,  0.0678539  ,  2.31928e-26,  4.13067e-24,  0.0243053  ])
48336   , -1632.45    , array([ 1.44036    ,  0.0678539  ,  2.31928e-26,  4.13067e-24,  0.0243053  ])
48337   , -1632.45    , array([ 1.4418     ,  0.0678539  ,  2.31928e-26,  4.13067e-24,  0.0243053  ])
48338   , -1632.44    , array([ 1.44036    ,  0.0679218  ,  2.31928e-26,  4.13067e-24,  0.0243053  ])
48339   , -1632.45    , array([ 1.44036    ,  0.0678539  ,  2.3216e-26 ,  4.13067e-24,  0.0243053  ])
48340   , -1632.45    , array([ 1.44036    ,  0.0678539  ,  2.31928e-26,  4.1348e-24 ,  0.0243053  ])
48341   , -1632.46    , array([ 1.44036    ,  0.0678539  ,  2.31928e-26,  4.13067e-24,  0.0243296  ])
48342   , -1632.45    , array([ 1.44036    ,  0.0678539  ,  2.31928e-26,  4.13067e-24,  0.0243053  ])
48343   , -1632.45    , array([ 1.44036    ,  0.0678539  ,  2.31928e-26,  4.13067e-24,  0.0243053  ])
48344   , -1632.45    , array([ 1.4418     ,  0.0678539  ,  2.31928e-26,  4.13067e-24,  0.0243053  ])
48345   , -1632.44    , array([ 1.44036    ,  0.0679218  ,  2.31928e-26,  4.13067e-24,  0.0243053  ])
48346   , -1632.45    , array([ 1.44036    ,  0.0678539  ,  2.3216e-26 ,  4.13067e-24,  0.0243053  ])
48347   , -1632.45    , array([ 1.44036    ,  0.0678539  ,  2.31928e-26,  4.1348e-24 ,  0.0243053  ])
48348   , -1632.46    , array([ 1.44036    ,  0.0678539  ,  2.31928e-26,  4.13067e-24,  0.0243296  ])
48349   , -1632.45    , array([ 1.44036    ,  0.0678539  ,  2.31928e-26,  4.13067e-24,  0.0243053  ])
48350   , -1632.45    , array([ 1.44036    ,  0.0678539  ,  2.31928e-26,  4.13067e-24,  0.0243053  ])
48351   , -1632.45    , array([ 1.4418     ,  0.0678539  ,  2.31928e-26,  4.13067e-24,  0.0243053  ])
48352   , -1632.44    , array([ 1.44036    ,  0.0679218  ,  2.31928e-26,  4.13067e-24,  0.0243053  ])
48353   , -1632.45    , array([ 1.44036    ,  0.0678539  ,  2.3216e-26 ,  4.13067e-24,  0.0243053  ])
48354   , -1632.45    , array([ 1.44036    ,  0.0678539  ,  2.31928e-26,  4.1348e-24 ,  0.0243053  ])
48355   , -1632.46    , array([ 1.44036    ,  0.0678539  ,  2.31928e-26,  4.13067e-24,  0.0243296  ])
48356   , -1632.45    , array([ 1.44036    ,  0.0678539  ,  2.31928e-26,  4.13067e-24,  0.0243053  ])
48357   , -1632.45    , array([ 1.44036    ,  0.0678539  ,  2.31928e-26,  4.13067e-24,  0.0243053  ])
48358   , -1632.45    , array([ 1.4418     ,  0.0678539  ,  2.31928e-26,  4.13067e-24,  0.0243053  ])
48359   , -1632.44    , array([ 1.44036    ,  0.0679218  ,  2.31928e-26,  4.13067e-24,  0.0243053  ])
48360   , -1632.45    , array([ 1.44036    ,  0.0678539  ,  2.3216e-26 ,  4.13067e-24,  0.0243053  ])
48361   , -1632.45    , array([ 1.44036    ,  0.0678539  ,  2.31928e-26,  4.1348e-24 ,  0.0243053  ])
48362   , -1632.46    , array([ 1.44036    ,  0.0678539  ,  2.31928e-26,  4.13067e-24,  0.0243296  ])
48363   , -1632.45    , array([ 1.44036    ,  0.0678539  ,  2.31928e-26,  4.13067e-24,  0.0243053  ])
48364   , -1632.45    , array([ 1.44036    ,  0.0678539  ,  2.31928e-26,  4.13067e-24,  0.0243053  ])
48365   , -1632.45    , array([ 1.4418     ,  0.0678539  ,  2.31928e-26,  4.13067e-24,  0.0243053  ])
48366   , -1632.44    , array([ 1.44036    ,  0.0679218  ,  2.31928e-26,  4.13067e-24,  0.0243053  ])
48367   , -1632.45    , array([ 1.44036    ,  0.0678539  ,  2.3216e-26 ,  4.13067e-24,  0.0243053  ])
48368   , -1632.45    , array([ 1.44036    ,  0.0678539  ,  2.31928e-26,  4.1348e-24 ,  0.0243053  ])
48369   , -1632.46    , array([ 1.44036    ,  0.0678539  ,  2.31928e-26,  4.13067e-24,  0.0243296  ])
48370   , -1632.45    , array([ 1.44036    ,  0.0678539  ,  2.31928e-26,  4.13067e-24,  0.0243053  ])
48371   , -1632.45    , array([ 1.44036    ,  0.0678539  ,  2.31928e-26,  4.13067e-24,  0.0243053  ])
48372   , -1632.45    , array([ 1.4418     ,  0.0678539  ,  2.31928e-26,  4.13067e-24,  0.0243053  ])
48373   , -1632.44    , array([ 1.44036    ,  0.0679218  ,  2.31928e-26,  4.13067e-24,  0.0243053  ])
48374   , -1632.45    , array([ 1.44036    ,  0.0678539  ,  2.3216e-26 ,  4.13067e-24,  0.0243053  ])
48375   , -1632.45    , array([ 1.44036    ,  0.0678539  ,  2.31928e-26,  4.1348e-24 ,  0.0243053  ])
48376   , -1632.46    , array([ 1.44036    ,  0.0678539  ,  2.31928e-26,  4.13067e-24,  0.0243296  ])
48377   , -1632.45    , array([ 1.44036    ,  0.0678539  ,  2.31928e-26,  4.13067e-24,  0.0243053  ])
48378   , -1632.45    , array([ 1.44036    ,  0.0678539  ,  2.31928e-26,  4.13067e-24,  0.0243053  ])
48379   , -1632.45    , array([ 1.4418     ,  0.0678539  ,  2.31928e-26,  4.13067e-24,  0.0243053  ])
48380   , -1632.44    , array([ 1.44036    ,  0.0679218  ,  2.31928e-26,  4.13067e-24,  0.0243053  ])
48381   , -1632.45    , array([ 1.44036    ,  0.0678539  ,  2.3216e-26 ,  4.13067e-24,  0.0243053  ])
48382   , -1632.45    , array([ 1.44036    ,  0.0678539  ,  2.31928e-26,  4.1348e-24 ,  0.0243053  ])
48383   , -1632.46    , array([ 1.44036    ,  0.0678539  ,  2.31928e-26,  4.13067e-24,  0.0243296  ])
48384   , -1632.45    , array([ 1.44036    ,  0.0678539  ,  2.31928e-26,  4.13067e-24,  0.0243053  ])
48385   , -1632.45    , array([ 1.44036    ,  0.0678539  ,  2.31928e-26,  4.13067e-24,  0.0243053  ])
48386   , -1632.45    , array([ 1.4418     ,  0.0678539  ,  2.31928e-26,  4.13067e-24,  0.0243053  ])
48387   , -1632.44    , array([ 1.44036    ,  0.0679218  ,  2.31928e-26,  4.13067e-24,  0.0243053  ])
48388   , -1632.45    , array([ 1.44036    ,  0.0678539  ,  2.3216e-26 ,  4.13067e-24,  0.0243053  ])
48389   , -1632.45    , array([ 1.44036    ,  0.0678539  ,  2.31928e-26,  4.1348e-24 ,  0.0243053  ])
48390   , -1632.46    , array([ 1.44036    ,  0.0678539  ,  2.31928e-26,  4.13067e-24,  0.0243296  ])
48391   , -1632.45    , array([ 1.44036    ,  0.0678539  ,  2.31928e-26,  4.13067e-24,  0.0243053  ])
48392   , -1632.45    , array([ 1.44036    ,  0.0678539  ,  2.31928e-26,  4.13067e-24,  0.0243053  ])
48393   , -1632.45    , array([ 1.4418     ,  0.0678539  ,  2.31928e-26,  4.13067e-24,  0.0243053  ])
48394   , -1632.44    , array([ 1.44036    ,  0.0679218  ,  2.31928e-26,  4.13067e-24,  0.0243053  ])
48395   , -1632.45    , array([ 1.44036    ,  0.0678539  ,  2.3216e-26 ,  4.13067e-24,  0.0243053  ])
48396   , -1632.45    , array([ 1.44036    ,  0.0678539  ,  2.31928e-26,  4.1348e-24 ,  0.0243053  ])
48397   , -1632.46    , array([ 1.44036    ,  0.0678539  ,  2.31928e-26,  4.13067e-24,  0.0243296  ])
48398   , -1632.57    , array([ 1.43414    ,  0.0675845  ,  2.31928e-26,  4.13067e-24,  0.0241996  ])
48399   , -1632.5     , array([ 1.43724    ,  0.0677191  ,  2.31928e-26,  4.13067e-24,  0.0242524  ])
48400   , -1632.48    , array([ 1.4388     ,  0.0677864  ,  2.31928e-26,  4.13067e-24,  0.0242788  ])
48401   , -1632.46    , array([ 1.43958    ,  0.0678202  ,  2.31928e-26,  4.13067e-24,  0.0242921  ])
48402   , -1632.45    , array([ 1.43997    ,  0.067837   ,  2.31928e-26,  4.13067e-24,  0.0242987  ])
48403   , -1632.45    , array([ 1.44016    ,  0.0678454  ,  2.31928e-26,  4.13067e-24,  0.024302   ])
48404   , -1632.45    , array([ 1.44026    ,  0.0678497  ,  2.31928e-26,  4.13067e-24,  0.0243037  ])
48405   , -1632.45    , array([ 1.44031    ,  0.0678518  ,  2.31928e-26,  4.13067e-24,  0.0243045  ])
48406   , -1632.45    , array([ 1.44033    ,  0.0678528  ,  2.31928e-26,  4.13067e-24,  0.0243049  ])
48407   , -1632.45    , array([ 1.44034    ,  0.0678534  ,  2.31928e-26,  4.13067e-24,  0.0243051  ])
48408   , -1632.45    , array([ 1.44035    ,  0.0678536  ,  2.31928e-26,  4.13067e-24,  0.0243052  ])
48409   , -1632.45    , array([ 1.44035    ,  0.0678538  ,  2.31928e-26,  4.13067e-24,  0.0243053  ])
