56645   , -79089.4    , array([ 9.86733    ,  1.62225    ,  3.8502e-67 ,  1.55687e-21,  4.02125e-84])
56646   , -79089.4    , array([ 9.86733    ,  1.62225    ,  3.8502e-67 ,  1.55687e-21,  4.02125e-84])
56647   , -79089.4    , array([ 10.8673    ,  1.62225    ,  3.8502e-67 ,  1.55687e-21,  4.02125e-84])
56648   , -79089.4    , array([ 12.4854    ,  1.62225    ,  3.8502e-67 ,  1.55687e-21,  4.02125e-84])
56649   , -79089.4    , array([ 10.8673    ,  1.62225    ,  3.8502e-67 ,  1.55687e-21,  4.02125e-84])
56650   , -79089.4    , array([ 11.4854    ,  1.62225    ,  3.8502e-67 ,  1.55687e-21,  4.02125e-84])
56651   , -79089.4    , array([ 11.8673    ,  1.62225    ,  3.8502e-67 ,  1.55687e-21,  4.02125e-84])
56652   , -79089.4    , array([ 12.1034    ,  1.62225    ,  3.8502e-67 ,  1.55687e-21,  4.02125e-84])
56653   , -79089.4    , array([ 12.2493    ,  1.62225    ,  3.8502e-67 ,  1.55687e-21,  4.02125e-84])
56654   , -79089.4    , array([ 12.3395    ,  1.62225    ,  3.8502e-67 ,  1.55687e-21,  4.02125e-84])
56655   , -79089.4    , array([ 12.3952    ,  1.62225    ,  3.8502e-67 ,  1.55687e-21,  4.02125e-84])
56656   , -79089.4    , array([ 12.4296    ,  1.62225    ,  3.8502e-67 ,  1.55687e-21,  4.02125e-84])
56657   , -79089.4    , array([ 12.4553    ,  1.62225    ,  3.8502e-67 ,  1.55687e-21,  4.02125e-84])
56658   , -79089.4    , array([ 12.4553    ,  1.62225    ,  3.8502e-67 ,  1.55687e-21,  4.02125e-84])
56659   , -79089.4    , array([ 12.4553    ,  2.62225    ,  3.8502e-67 ,  1.55687e-21,  4.02125e-84])
56660   , -79089.4    , array([ 12.4553    ,  4.24028    ,  3.8502e-67 ,  1.55687e-21,  4.02125e-84])
56661   , -79089.4    , array([ 12.4553    ,  2.62225    ,  3.8502e-67 ,  1.55687e-21,  4.02125e-84])
56662   , -79089.4    , array([ 12.4553    ,  3.24028    ,  3.8502e-67 ,  1.55687e-21,  4.02125e-84])
56663   , -79089.4    , array([ 12.4553    ,  3.62225    ,  3.8502e-67 ,  1.55687e-21,  4.02125e-84])
56664   , -79089.4    , array([ 12.4553    ,  3.85832    ,  3.8502e-67 ,  1.55687e-21,  4.02125e-84])
56665   , -79089.4    , array([ 12.4553    ,  4.00421    ,  3.8502e-67 ,  1.55687e-21,  4.02125e-84])
56666   , -79089.4    , array([ 12.4553    ,  4.09438    ,  3.8502e-67 ,  1.55687e-21,  4.02125e-84])
56667   , -79089.4    , array([ 12.4553    ,  4.15011    ,  3.8502e-67 ,  1.55687e-21,  4.02125e-84])
56668   , -79089.4    , array([ 12.4553    ,  4.18455    ,  3.8502e-67 ,  1.55687e-21,  4.02125e-84])
56669   , -79089.4    , array([ 12.4553    ,  4.21018    ,  3.8502e-67 ,  1.55687e-21,  4.02125e-84])
56670   , -79089.4    , array([ 12.4553    ,  4.21018    ,  3.8502e-67 ,  1.55687e-21,  4.02125e-84])
56671   , -79089.4    , array([ 12.4553    ,  4.21018    ,  1          ,  1.55687e-21,  4.02125e-84])
56672   , -79089.4    , array([ 12.4553    ,  4.21018    ,  2.61803    ,  1.55687e-21,  4.02125e-84])
56673   , -79089.4    , array([ 12.4553    ,  4.21018    ,  1          ,  1.55687e-21,  4.02125e-84])
56674   , -79089.4    , array([ 12.4553    ,  4.21018    ,  1.61803    ,  1.55687e-21,  4.02125e-84])
56675   , -79089.4    , array([ 12.4553    ,  4.21018    ,  2          ,  1.55687e-21,  4.02125e-84])
56676   , -79089.4    , array([ 12.4553    ,  4.21018    ,  2.23607    ,  1.55687e-21,  4.02125e-84])
56677   , -79089.4    , array([ 12.4553    ,  4.21018    ,  2.38197    ,  1.55687e-21,  4.02125e-84])
56678   , -79089.4    , array([ 12.4553    ,  4.21018    ,  2.47214    ,  1.55687e-21,  4.02125e-84])
56679   , -79089.4    , array([ 12.4553    ,  4.21018    ,  2.52786    ,  1.55687e-21,  4.02125e-84])
56680   , -79089.4    , array([ 12.4553    ,  4.21018    ,  2.56231    ,  1.55687e-21,  4.02125e-84])
56681   , -79089.4    , array([ 12.4553    ,  4.21018    ,  2.58793    ,  1.55687e-21,  4.02125e-84])
56682   , -79089.4    , array([ 12.4553    ,  4.21018    ,  2.58793    ,  1.55687e-21,  4.02125e-84])
56683   , -79089.4    , array([ 12.4553    ,  4.21018    ,  2.58793    ,  1          ,  4.02125e-84])
56684   , -79089.4    , array([ 12.4553    ,  4.21018    ,  2.58793    ,  2.61803    ,  4.02125e-84])
56685   , -79089.4    , array([ 12.4553    ,  4.21018    ,  2.58793    ,  1          ,  4.02125e-84])
56686   , -79089.4    , array([ 12.4553    ,  4.21018    ,  2.58793    ,  1.61803    ,  4.02125e-84])
56687   , -79089.4    , array([ 12.4553    ,  4.21018    ,  2.58793    ,  2          ,  4.02125e-84])
56688   , -79089.4    , array([ 12.4553    ,  4.21018    ,  2.58793    ,  2.23607    ,  4.02125e-84])
56689   , -79089.4    , array([ 12.4553    ,  4.21018    ,  2.58793    ,  2.38197    ,  4.02125e-84])
56690   , -79089.4    , array([ 12.4553    ,  4.21018    ,  2.58793    ,  2.47214    ,  4.02125e-84])
56691   , -79089.4    , array([ 12.4553    ,  4.21018    ,  2.58793    ,  2.52786    ,  4.02125e-84])
56692   , -79089.4    , array([ 12.4553    ,  4.21018    ,  2.58793    ,  2.56231    ,  4.02125e-84])
56693   , -79089.4    , array([ 12.4553    ,  4.21018    ,  2.58793    ,  2.58793    ,  4.02125e-84])
56694   , -79089.4    , array([ 12.4553    ,  4.21018    ,  2.58793    ,  2.58793    ,  4.02125e-84])
56695   , -82950.5    , array([ 12.4553    ,  4.21018    ,  2.58793    ,  2.58793    ,  1          ])
56697   , -79089.4    , array([ 12.4553    ,  4.21018    ,  2.58793    ,  2.58793    ,  4.02125e-84])
56699   , -74633      , array([ 12.4553    ,  4.21018    ,  2.58793    ,  2.58793    ,  0.381966   ])
56700   , -68895.1    , array([ 12.4553    ,  4.21018    ,  2.58793    ,  2.58793    ,  0.191019   ])
56701   , -69685.8    , array([ 12.4553    ,  4.21018    ,  2.58793    ,  2.58793    ,  0.217695   ])
56702   , -67469.2    , array([ 12.4553    ,  4.21018    ,  2.58793    ,  2.58793    ,  0.118056   ])
56703   , -68888.8    , array([ 12.4553    ,  4.21018    ,  2.58793    ,  2.58793    ,  0.0581138  ])
56704   , -67514.2    , array([ 12.4553    ,  4.21018    ,  2.58793    ,  2.58793    ,  0.124493   ])
56705   , -67453      , array([ 12.4553    ,  4.21018    ,  2.58793    ,  2.58793    ,  0.113715   ])
56706   , -67578.5    , array([ 12.4553    ,  4.21018    ,  2.58793    ,  2.58793    ,  0.0924773  ])
56707   , -67449.3    , array([ 12.4553    ,  4.21018    ,  2.58793    ,  2.58793    ,  0.109725   ])
56708   , -67449.2    , array([ 12.4553    ,  4.21018    ,  2.58793    ,  2.58793    ,  0.110823   ])
56709   , -67450      , array([ 12.4553    ,  4.21018    ,  2.58793    ,  2.58793    ,  0.111931   ])
56710   , -84796.2    , array([ 15.0432    ,  6.79811    ,  5.17586    ,  5.17586    ,  0.221645   ])
56711   , -67449.2    , array([ 12.4553    ,  4.21018    ,  2.58793    ,  2.58793    ,  0.110823   ])
56712   , -67754.2    , array([ 13.4553    ,  4.21018    ,  2.58793    ,  2.58793    ,  0.110823   ])
56713   , -66850.6    , array([ 10.8372    ,  4.21018    ,  2.58793    ,  2.58793    ,  0.110823   ])
56714   , -65456.8    , array([ 8.21919    ,  4.21018    ,  2.58793    ,  2.58793    ,  0.110823   ])
56715   , -60318.4    , array([ 3.98312    ,  4.21018    ,  2.58793    ,  2.58793    ,  0.110823   ])
56717   , -60318.4    , array([ 3.98312    ,  4.21018    ,  2.58793    ,  2.58793    ,  0.110823   ])
56718   , -49626.4    , array([ 1.36509    ,  4.21018    ,  2.58793    ,  2.58793    ,  0.110823   ])
56720   , -56567.3    , array([ 2.67397    ,  4.21018    ,  2.58793    ,  2.58793    ,  0.110823   ])
56721   , -45276.5    , array([ 0.747056   ,  4.21018    ,  2.58793    ,  2.58793    ,  0.110823   ])
56722   , -47972.3    , array([ 0.36509    ,  4.21018    ,  2.58793    ,  2.58793    ,  0.110823   ])
56723   , -45953.5    , array([ 0.864138   ,  4.21018    ,  2.58793    ,  2.58793    ,  0.110823   ])
56724   , -44921.8    , array([ 0.629974   ,  4.21018    ,  2.58793    ,  2.58793    ,  0.110823   ])
56725   , -45258.4    , array([ 0.511721   ,  4.21018    ,  2.58793    ,  2.58793    ,  0.110823   ])
56726   , -44921.8    , array([ 0.629974   ,  4.21018    ,  2.58793    ,  2.58793    ,  0.110823   ])
56727   , -46359.9    , array([ 0.629974   ,  5.21018    ,  2.58793    ,  2.58793    ,  0.110823   ])
56728   , -40627.8    , array([ 0.629974   ,  2.59214    ,  2.58793    ,  2.58793    ,  0.110823   ])
56730   , -40627.8    , array([ 0.629974   ,  2.59214    ,  2.58793    ,  2.58793    ,  0.110823   ])
56731   , -34662.2    , array([ 0.629974   ,  1.59214    ,  2.58793    ,  2.58793    ,  0.110823   ])
56732   , -26989.4    , array([ 0.629974   ,  0.974109   ,  2.58793    ,  2.58793    ,  0.110823   ])
56733   , -18194      , array([ 0.629974   ,  0.592143   ,  2.58793    ,  2.58793    ,  0.110823   ])
56734   , -9787.92    , array([ 0.629974   ,  0.356075   ,  2.58793    ,  2.58793    ,  0.110823   ])
56735   , -4231.31    , array([ 0.629974   ,  0.210177   ,  2.58793    ,  2.58793    ,  0.110823   ])
56736   , -4673.47    , array([ 0.629974   ,  0.120007   ,  2.58793    ,  2.58793    ,  0.110823   ])
56737   , -5544.53    , array([ 0.629974   ,  0.250177   ,  2.58793    ,  2.58793    ,  0.110823   ])
56738   , -3499.73    , array([ 0.629974   ,  0.170177   ,  2.58793    ,  2.58793    ,  0.110823   ])
56739   , -3499.73    , array([ 0.629974   ,  0.170177   ,  2.58793    ,  2.58793    ,  0.110823   ])
56740   , -2794.74    , array([ 0.629974   ,  0.170177   ,  3.58793    ,  2.58793    ,  0.110823   ])
56741   , -2257.46    , array([ 0.629974   ,  0.170177   ,  5.20596    ,  2.58793    ,  0.110823   ])
56742   , -2216.42    , array([ 0.629974   ,  0.170177   ,  5.56245    ,  2.58793    ,  0.110823   ])
56743   , -2198.14    , array([ 0.629974   ,  0.170177   ,  6.13926    ,  2.58793    ,  0.110823   ])
56744   , -2197.32    , array([ 0.629974   ,  0.170177   ,  6.02806    ,  2.58793    ,  0.110823   ])
56745   , -2197.32    , array([ 0.629974   ,  0.170177   ,  6.02806    ,  2.58793    ,  0.110823   ])
56746   , -2200.22    , array([ 0.629974   ,  0.170177   ,  5.85021    ,  2.58793    ,  0.110823   ])
56747   , -2197.81    , array([ 0.629974   ,  0.170177   ,  5.96013    ,  2.58793    ,  0.110823   ])
56748   , -2197.36    , array([ 0.629974   ,  0.170177   ,  6.06246    ,  2.58793    ,  0.110823   ])
56749   , -2197.32    , array([ 0.629974   ,  0.170177   ,  6.02806    ,  2.58793    ,  0.110823   ])
56750   , -2739.04    , array([ 0.629974   ,  0.170177   ,  6.02806    ,  3.58793    ,  0.110823   ])
56751   , -2125.8     , array([ 0.629974   ,  0.170177   ,  6.02806    ,  0.969895   ,  0.110823   ])
56752   , -1991.14    , array([ 0.629974   ,  0.170177   ,  6.02806    ,  1.66261    ,  0.110823   ])
56753   , -1991.14    , array([ 0.629974   ,  0.170177   ,  6.02806    ,  1.66261    ,  0.110823   ])
56754   , -2027.29    , array([ 0.629974   ,  0.170177   ,  6.02806    ,  2.01605    ,  0.110823   ])
56755   , -2006.53    , array([ 0.629974   ,  0.170177   ,  6.02806    ,  1.39802    ,  0.110823   ])
56756   , -1990.95    , array([ 0.629974   ,  0.170177   ,  6.02806    ,  1.64232    ,  0.110823   ])
56757   , -1990.93    , array([ 0.629974   ,  0.170177   ,  6.02806    ,  1.63287    ,  0.110823   ])
56758   , -1990.96    , array([ 0.629974   ,  0.170177   ,  6.02806    ,  1.62332    ,  0.110823   ])
56759   , -1990.93    , array([ 0.629974   ,  0.170177   ,  6.02806    ,  1.63287    ,  0.110823   ])
56760   , -7471.77    , array([ 0.629974   ,  0.170177   ,  6.02806    ,  1.63287    ,  1.11082    ])
56762   , -1990.93    , array([ 0.629974   ,  0.170177   ,  6.02806    ,  1.63287    ,  0.110823   ])
56764   , -5771.32    , array([ 0.629974   ,  0.170177   ,  6.02806    ,  1.63287    ,  0.492789   ])
56765   , -4445.36    , array([ 0.629974   ,  0.170177   ,  6.02806    ,  1.63287    ,  0.301775   ])
56767   , -17458.7    , array([ 0.629974   ,  0.170177   ,  6.02806    ,  1.63287    ,  0.0206527  ])
56768   , -2899.24    , array([ 0.629974   ,  0.170177   ,  6.02806    ,  1.63287    ,  0.18376    ])
56769   , -2398.89    , array([ 0.629974   ,  0.170177   ,  6.02806    ,  1.63287    ,  0.0763807  ])
56770   , -2044.42    , array([ 0.629974   ,  0.170177   ,  6.02806    ,  1.63287    ,  0.119774   ])
56771   , -1982.31    , array([ 0.629974   ,  0.170177   ,  6.02806    ,  1.63287    ,  0.108024   ])
56772   , -2006.7     , array([ 0.629974   ,  0.170177   ,  6.02806    ,  1.63287    ,  0.0959371  ])
56773   , -1978.26    , array([ 0.629974   ,  0.170177   ,  6.02806    ,  1.63287    ,  0.104926   ])
56774   , -1978.2     , array([ 0.629974   ,  0.170177   ,  6.02806    ,  1.63287    ,  0.104298   ])
56775   , -1978.19    , array([ 0.629974   ,  0.170177   ,  6.02806    ,  1.63287    ,  0.104482   ])
56776   , -1978.19    , array([ 0.629974   ,  0.170177   ,  6.02806    ,  1.63287    ,  0.104545   ])
56777   , -1978.19    , array([ 0.629974   ,  0.170177   ,  6.02806    ,  1.63287    ,  0.104418   ])
56779   , -1978.19    , array([ 0.629974   ,  0.170177   ,  6.02806    ,  1.63287    ,  0.104482   ])
56780   , -2338.21    , array([ 1.62997    ,  0.170177   ,  6.02806    ,  1.63287    ,  0.104482   ])
56782   , -1978.19    , array([ 0.629974   ,  0.170177   ,  6.02806    ,  1.63287    ,  0.104482   ])
56783   , -154719     , array([ 0.0119398  ,  0.170177   ,  6.02806    ,  1.63287    ,  0.104482   ])
56784   , -1687.43    , array([ 1.01194    ,  0.170177   ,  6.02806    ,  1.63287    ,  0.104482   ])
56785   , -1648.76    , array([ 0.822502   ,  0.170177   ,  6.02806    ,  1.63287    ,  0.104482   ])
56786   , -1639.19    , array([ 0.896864   ,  0.170177   ,  6.02806    ,  1.63287    ,  0.104482   ])
56787   , -1637.93    , array([ 0.88193    ,  0.170177   ,  6.02806    ,  1.63287    ,  0.104482   ])
56788   , -1637.84    , array([ 0.877652   ,  0.170177   ,  6.02806    ,  1.63287    ,  0.104482   ])
56789   , -1637.84    , array([ 0.875175   ,  0.170177   ,  6.02806    ,  1.63287    ,  0.104482   ])
56790   , -1637.84    , array([ 0.877652   ,  0.170177   ,  6.02806    ,  1.63287    ,  0.104482   ])
56791   , -31345.6    , array([ 0.877652   ,  1.17018    ,  6.02806    ,  1.63287    ,  0.104482   ])
56793   , -1637.84    , array([ 0.877652   ,  0.170177   ,  6.02806    ,  1.63287    ,  0.104482   ])
56795   , -16871.7    , array([ 0.877652   ,  0.552143   ,  6.02806    ,  1.63287    ,  0.104482   ])
56796   , -9034.7     , array([ 0.877652   ,  0.361037   ,  6.02806    ,  1.63287    ,  0.104482   ])
56798   , -9376.09    , array([ 0.877652   ,  0.0800072  ,  6.02806    ,  1.63287    ,  0.104482   ])
56799   , -2877.28    , array([ 0.877652   ,  0.221892   ,  6.02806    ,  1.63287    ,  0.104482   ])
56800   , -2087.9     , array([ 0.877652   ,  0.135735   ,  6.02806    ,  1.63287    ,  0.104482   ])
56801   , -1625.14    , array([ 0.877652   ,  0.168156   ,  6.02806    ,  1.63287    ,  0.104482   ])
56802   , -1611.2     , array([ 0.877652   ,  0.163902   ,  6.02806    ,  1.63287    ,  0.104482   ])
56803   , -1663.6     , array([ 0.877652   ,  0.153143   ,  6.02806    ,  1.63287    ,  0.104482   ])
56804   , -1610.59    , array([ 0.877652   ,  0.162611   ,  6.02806    ,  1.63287    ,  0.104482   ])
56805   , -1610.57    , array([ 0.877652   ,  0.16279    ,  6.02806    ,  1.63287    ,  0.104482   ])
56806   , -1610.57    , array([ 0.877652   ,  0.162864   ,  6.02806    ,  1.63287    ,  0.104482   ])
56807   , -1610.57    , array([ 0.877652   ,  0.162717   ,  6.02806    ,  1.63287    ,  0.104482   ])
56808   , -1610.57    , array([ 0.877652   ,  0.16279    ,  6.02806    ,  1.63287    ,  0.104482   ])
56809   , -1740.25    , array([ 0.877652   ,  0.16279    ,  7.02806    ,  1.63287    ,  0.104482   ])
56810   , -1742       , array([ 0.877652   ,  0.16279    ,  4.41003    ,  1.63287    ,  0.104482   ])
56811   , -1610.57    , array([ 0.877652   ,  0.16279    ,  6.02806    ,  1.63287    ,  0.104482   ])
56812   , -1604.89    , array([ 0.877652   ,  0.16279    ,  5.41003    ,  1.63287    ,  0.104482   ])
56813   , -1634.27    , array([ 0.877652   ,  0.16279    ,  5.02806    ,  1.63287    ,  0.104482   ])
56814   , -1599.64    , array([ 0.877652   ,  0.16279    ,  5.6657     ,  1.63287    ,  0.104482   ])
56815   , -1599.64    , array([ 0.877652   ,  0.16279    ,  5.66208    ,  1.63287    ,  0.104482   ])
56816   , -1599.64    , array([ 0.877652   ,  0.16279    ,  5.65842    ,  1.63287    ,  0.104482   ])
56817   , -1600.41    , array([ 0.877652   ,  0.16279    ,  5.56354    ,  1.63287    ,  0.104482   ])
56818   , -1599.64    , array([ 0.877652   ,  0.16279    ,  5.65472    ,  1.63287    ,  0.104482   ])
56819   , -1599.64    , array([ 0.877652   ,  0.16279    ,  5.65842    ,  1.63287    ,  0.104482   ])
56820   , -1723.42    , array([ 0.877652   ,  0.16279    ,  5.65842    ,  2.63287    ,  0.104482   ])
56821   , -2707.29    , array([ 0.877652   ,  0.16279    ,  5.65842    ,  0.0148344  ,  0.104482   ])
56822   , -1599.64    , array([ 0.877652   ,  0.16279    ,  5.65842    ,  1.63287    ,  0.104482   ])
56823   , -1768.05    , array([ 0.877652   ,  0.16279    ,  5.65842    ,  1.01483    ,  0.104482   ])
56824   , -1598.61    , array([ 0.877652   ,  0.16279    ,  5.65842    ,  2.01483    ,  0.104482   ])
56825   , -1590.64    , array([ 0.877652   ,  0.16279    ,  5.65842    ,  1.82882    ,  0.104482   ])
56826   , -1590.65    , array([ 0.877652   ,  0.16279    ,  5.65842    ,  1.83078    ,  0.104482   ])
56827   , -1590.64    , array([ 0.877652   ,  0.16279    ,  5.65842    ,  1.82644    ,  0.104482   ])
56828   , -1591.93    , array([ 0.877652   ,  0.16279    ,  5.65842    ,  1.7525     ,  0.104482   ])
56829   , -1590.64    , array([ 0.877652   ,  0.16279    ,  5.65842    ,  1.8245     ,  0.104482   ])
56830   , -1590.64    , array([ 0.877652   ,  0.16279    ,  5.65842    ,  1.82644    ,  0.104482   ])
56831   , -8735.56    , array([ 0.877652   ,  0.16279    ,  5.65842    ,  1.82644    ,  1.10448    ])
56833   , -1590.64    , array([ 0.877652   ,  0.16279    ,  5.65842    ,  1.82644    ,  0.104482   ])
56835   , -6586.13    , array([ 0.877652   ,  0.16279    ,  5.65842    ,  1.82644    ,  0.486448   ])
56836   , -4747.78    , array([ 0.877652   ,  0.16279    ,  5.65842    ,  1.82644    ,  0.295424   ])
56838   , -25231.9    , array([ 0.877652   ,  0.16279    ,  5.65842    ,  1.82644    ,  0.014312   ])
56839   , -2784.33    , array([ 0.877652   ,  0.16279    ,  5.65842    ,  1.82644    ,  0.177415   ])
56840   , -2114.26    , array([ 0.877652   ,  0.16279    ,  5.65842    ,  1.82644    ,  0.0700401  ])
56841   , -1662.63    , array([ 0.877652   ,  0.16279    ,  5.65842    ,  1.82644    ,  0.113115   ])
56842   , -1575.72    , array([ 0.877652   ,  0.16279    ,  5.65842    ,  1.82644    ,  0.10117    ])
56843   , -1604.18    , array([ 0.877652   ,  0.16279    ,  5.65842    ,  1.82644    ,  0.0892795  ])
56844   , -1569.52    , array([ 0.877652   ,  0.16279    ,  5.65842    ,  1.82644    ,  0.0978617  ])
56845   , -1569.45    , array([ 0.877652   ,  0.16279    ,  5.65842    ,  1.82644    ,  0.0971616  ])
56846   , -1569.42    , array([ 0.877652   ,  0.16279    ,  5.65842    ,  1.82644    ,  0.0973944  ])
56847   , -1569.43    , array([ 0.877652   ,  0.16279    ,  5.65842    ,  1.82644    ,  0.0974653  ])
56848   , -1569.43    , array([ 0.877652   ,  0.16279    ,  5.65842    ,  1.82644    ,  0.0973235  ])
56849   , -1564.44    , array([ 1.12533    ,  0.155404   ,  5.28878    ,  2.02       ,  0.0903069  ])
56850   , -1569.42    , array([ 0.877652   ,  0.16279    ,  5.65842    ,  1.82644    ,  0.0973944  ])
56851   , -1564.44    , array([ 1.12533    ,  0.155404   ,  5.28878    ,  2.02       ,  0.0903069  ])
56852   , -1690.16    , array([ 1.52608    ,  0.143452   ,  4.69068    ,  2.3332     ,  0.0788392  ])
56853   , -1564.44    , array([ 1.12533    ,  0.155404   ,  5.28878    ,  2.02       ,  0.0903069  ])
56854   , -1609.49    , array([ 1.2784     ,  0.150839   ,  5.06033    ,  2.13963    ,  0.0859266  ])
56855   , -1548.04    , array([ 1.03072    ,  0.158225   ,  5.42997    ,  1.94607    ,  0.0930141  ])
56856   , -1546.82    , array([ 0.972256   ,  0.159969   ,  5.51723    ,  1.90037    ,  0.0946872  ])
56857   , -1546.23    , array([ 0.991093   ,  0.159407   ,  5.48911    ,  1.91509    ,  0.0941482  ])
56858   , -1546.23    , array([ 0.993617   ,  0.159332   ,  5.48535    ,  1.91707    ,  0.094076   ])
56859   , -1546.23    , array([ 0.994777   ,  0.159297   ,  5.48362    ,  1.91797    ,  0.0940428  ])
56860   , -1546.23    , array([ 0.992458   ,  0.159367   ,  5.48708    ,  1.91616    ,  0.0941092  ])
56861   , -1546.23    , array([ 0.992458   ,  0.159367   ,  5.48708    ,  1.91616    ,  0.0941092  ])
56862   , -9306.23    , array([ 0.992458   ,  0.159367   ,  5.48708    ,  1.91616    ,  1.09411    ])
56864   , -1546.23    , array([ 0.992458   ,  0.159367   ,  5.48708    ,  1.91616    ,  0.0941092  ])
56866   , -6965.11    , array([ 0.992458   ,  0.159367   ,  5.48708    ,  1.91616    ,  0.476075   ])
56867   , -4900.47    , array([ 0.992458   ,  0.159367   ,  5.48708    ,  1.91616    ,  0.285048   ])
56869   , -54478.6    , array([ 0.992458   ,  0.159367   ,  5.48708    ,  1.91616    ,  0.00393923 ])
56870   , -2736.93    , array([ 0.992458   ,  0.159367   ,  5.48708    ,  1.91616    ,  0.167041   ])
56871   , -2677.95    , array([ 0.992458   ,  0.159367   ,  5.48708    ,  1.91616    ,  0.0596673  ])
56872   , -1688.68    , array([ 0.992458   ,  0.159367   ,  5.48708    ,  1.91616    ,  0.112755   ])
56873   , -1555.72    , array([ 0.992458   ,  0.159367   ,  5.48708    ,  1.91616    ,  0.0984247  ])
56874   , -1546.47    , array([ 0.992458   ,  0.159367   ,  5.48708    ,  1.91616    ,  0.0933709  ])
56875   , -1546.23    , array([ 0.992458   ,  0.159367   ,  5.48708    ,  1.91616    ,  0.0940631  ])
56876   , -1546.23    , array([ 0.992458   ,  0.159367   ,  5.48708    ,  1.91616    ,  0.0940433  ])
56877   , -1546.23    , array([ 0.992458   ,  0.159367   ,  5.48708    ,  1.91616    ,  0.0940426  ])
56878   , -1546.23    , array([ 0.992458   ,  0.159367   ,  5.48708    ,  1.91616    ,  0.094042   ])
56879   , -1546.23    , array([ 0.992458   ,  0.159367   ,  5.48708    ,  1.91616    ,  0.0940426  ])
56880   , -32860      , array([ 0.992458   ,  1.15937    ,  5.48708    ,  1.91616    ,  0.0940426  ])
56882   , -1546.23    , array([ 0.992458   ,  0.159367   ,  5.48708    ,  1.91616    ,  0.0940426  ])
56884   , -17887.6    , array([ 0.992458   ,  0.541333   ,  5.48708    ,  1.91616    ,  0.0940426  ])
56885   , -9595.26    , array([ 0.992458   ,  0.350217   ,  5.48708    ,  1.91616    ,  0.0940426  ])
56887   , -10933.6    , array([ 0.992458   ,  0.0691966  ,  5.48708    ,  1.91616    ,  0.0940426  ])
56888   , -3050.72    , array([ 0.992458   ,  0.214282   ,  5.48708    ,  1.91616    ,  0.0940426  ])
56889   , -2069.18    , array([ 0.992458   ,  0.124925   ,  5.48708    ,  1.91616    ,  0.0940426  ])
56890   , -1536.7     , array([ 0.992458   ,  0.158077   ,  5.48708    ,  1.91616    ,  0.0940426  ])
56891   , -1517.01    , array([ 0.992458   ,  0.153297   ,  5.48708    ,  1.91616    ,  0.0940426  ])
56892   , -1576.17    , array([ 0.992458   ,  0.14246    ,  5.48708    ,  1.91616    ,  0.0940426  ])
56893   , -1516.18    , array([ 0.992458   ,  0.15186    ,  5.48708    ,  1.91616    ,  0.0940426  ])
56894   , -1516.14    , array([ 0.992458   ,  0.152071   ,  5.48708    ,  1.91616    ,  0.0940426  ])
56895   , -1516.15    , array([ 0.992458   ,  0.152144   ,  5.48708    ,  1.91616    ,  0.0940426  ])
56896   , -1516.15    , array([ 0.992458   ,  0.151998   ,  5.48708    ,  1.91616    ,  0.0940426  ])
56897   , -1516.14    , array([ 0.992458   ,  0.152071   ,  5.48708    ,  1.91616    ,  0.0940426  ])
56898   , -1626.62    , array([ 0.992458   ,  0.152071   ,  6.48708    ,  1.91616    ,  0.0940426  ])
56899   , -1654.99    , array([ 0.992458   ,  0.152071   ,  3.86904    ,  1.91616    ,  0.0940426  ])
56900   , -1516.14    , array([ 0.992458   ,  0.152071   ,  5.48708    ,  1.91616    ,  0.0940426  ])
56901   , -1517.28    , array([ 0.992458   ,  0.152071   ,  4.86904    ,  1.91616    ,  0.0940426  ])
56902   , -1543.1     , array([ 0.992458   ,  0.152071   ,  5.86904    ,  1.91616    ,  0.0940426  ])
56903   , -1509.45    , array([ 0.992458   ,  0.152071   ,  5.19076    ,  1.91616    ,  0.0940426  ])
56904   , -1509.45    , array([ 0.992458   ,  0.152071   ,  5.1878     ,  1.91616    ,  0.0940426  ])
56905   , -1509.45    , array([ 0.992458   ,  0.152071   ,  5.1848     ,  1.91616    ,  0.0940426  ])
56906   , -1509.45    , array([ 0.992458   ,  0.152071   ,  5.1878     ,  1.91616    ,  0.0940426  ])
56907   , -1631.3     , array([ 0.992458   ,  0.152071   ,  5.1878     ,  2.91616    ,  0.0940426  ])
56908   , -2325.51    , array([ 0.992458   ,  0.152071   ,  5.1878     ,  0.298126   ,  0.0940426  ])
56909   , -1509.45    , array([ 0.992458   ,  0.152071   ,  5.1878     ,  1.91616    ,  0.0940426  ])
56910   , -1630.84    , array([ 0.992458   ,  0.152071   ,  5.1878     ,  1.29813    ,  0.0940426  ])
56911   , -1516.33    , array([ 0.992458   ,  0.152071   ,  5.1878     ,  2.29813    ,  0.0940426  ])
56912   , -1505.56    , array([ 0.992458   ,  0.152071   ,  5.1878     ,  2.06512    ,  0.0940426  ])
56913   , -1505.55    , array([ 0.992458   ,  0.152071   ,  5.1878     ,  2.05957    ,  0.0940426  ])
56914   , -1505.55    , array([ 0.992458   ,  0.152071   ,  5.1878     ,  2.05718    ,  0.0940426  ])
56915   , -1505.55    , array([ 0.992458   ,  0.152071   ,  5.1878     ,  2.05577    ,  0.0940426  ])
56916   , -1505.55    , array([ 0.992458   ,  0.152071   ,  5.1878     ,  2.05718    ,  0.0940426  ])
56917   , -1513.7     , array([ 1.10726    ,  0.148647   ,  5.01646    ,  2.1469     ,  0.0907574  ])
56918   , -1591.82    , array([ 0.806698   ,  0.157611   ,  5.46503    ,  1.912      ,  0.0993583  ])
56919   , -1505.55    , array([ 0.992458   ,  0.152071   ,  5.1878     ,  2.05718    ,  0.0940426  ])
56920   , -1518.29    , array([ 0.921504   ,  0.154187   ,  5.29369    ,  2.00173    ,  0.096073   ])
56921   , -1505.43    , array([ 1.03631    ,  0.150763   ,  5.12235    ,  2.09145    ,  0.0927878  ])
56922   , -1504.88    , array([ 1.01527    ,  0.15139    ,  5.15374    ,  2.07501    ,  0.0933897  ])
56923   , -1504.88    , array([ 1.0155     ,  0.151383   ,  5.1534     ,  2.07519    ,  0.0933832  ])
56924   , -1504.88    , array([ 1.01495    ,  0.1514     ,  5.15423    ,  2.07476    ,  0.093399   ])
56925   , -1504.97    , array([ 1.00636    ,  0.151656   ,  5.16705    ,  2.06804    ,  0.0936449  ])
56926   , -1504.88    , array([ 1.01472    ,  0.151407   ,  5.15457    ,  2.07458    ,  0.0934055  ])
56927   , -1536.05    , array([ 1.15224    ,  0.140009   ,  4.65004    ,  2.32307    ,  0.0894036  ])
56928   , -1504.88    , array([ 1.01495    ,  0.1514     ,  5.15423    ,  2.07476    ,  0.093399   ])
56929   , -9177.68    , array([ 1.01495    ,  0.1514     ,  5.15423    ,  2.07476    ,  1.0934     ])
56931   , -1504.88    , array([ 1.01495    ,  0.1514     ,  5.15423    ,  2.07476    ,  0.093399   ])
56933   , -7033.71    , array([ 1.01495    ,  0.1514     ,  5.15423    ,  2.07476    ,  0.475365   ])
56934   , -5085.62    , array([ 1.01495    ,  0.1514     ,  5.15423    ,  2.07476    ,  0.284337   ])
56936   , -57223.5    , array([ 1.01495    ,  0.1514     ,  5.15423    ,  2.07476    ,  0.0032291  ])
56937   , -2924.28    , array([ 1.01495    ,  0.1514     ,  5.15423    ,  2.07476    ,  0.166331   ])
56938   , -2361.76    , array([ 1.01495    ,  0.1514     ,  5.15423    ,  2.07476    ,  0.0589572  ])
56939   , -1647.44    , array([ 1.01495    ,  0.1514     ,  5.15423    ,  2.07476    ,  0.106301   ])
56940   , -1500.19    , array([ 1.01495    ,  0.1514     ,  5.15423    ,  2.07476    ,  0.09257    ])
56941   , -1533.24    , array([ 1.01495    ,  0.1514     ,  5.15423    ,  2.07476    ,  0.079731   ])
56942   , -1487.33    , array([ 1.01495    ,  0.1514     ,  5.15423    ,  2.07476    ,  0.0882873  ])
56943   , -1487.23    , array([ 1.01495    ,  0.1514     ,  5.15423    ,  2.07476    ,  0.0875399  ])
56944   , -1487.19    , array([ 1.01495    ,  0.1514     ,  5.15423    ,  2.07476    ,  0.0877989  ])
56945   , -1487.19    , array([ 1.01495    ,  0.1514     ,  5.15423    ,  2.07476    ,  0.0878549  ])
56946   , -1487.19    , array([ 1.01495    ,  0.1514     ,  5.15423    ,  2.07476    ,  0.0877429  ])
56947   , -1487.19    , array([ 1.01495    ,  0.1514     ,  5.15423    ,  2.07476    ,  0.0877989  ])
56948   , -33534.8    , array([ 1.01495    ,  1.1514     ,  5.15423    ,  2.07476    ,  0.0877989  ])
56950   , -1487.19    , array([ 1.01495    ,  0.1514     ,  5.15423    ,  2.07476    ,  0.0877989  ])
56952   , -18398.6    , array([ 1.01495    ,  0.533366   ,  5.15423    ,  2.07476    ,  0.0877989  ])
56953   , -9867.42    , array([ 1.01495    ,  0.342246   ,  5.15423    ,  2.07476    ,  0.0877989  ])
56955   , -12792.4    , array([ 1.01495    ,  0.06123    ,  5.15423    ,  2.07476    ,  0.0877989  ])
56956   , -3213.41    , array([ 1.01495    ,  0.210377   ,  5.15423    ,  2.07476    ,  0.0877989  ])
56957   , -2148.3     , array([ 1.01495    ,  0.116958   ,  5.15423    ,  2.07476    ,  0.0877989  ])
56958   , -1497.07    , array([ 1.01495    ,  0.152679   ,  5.15423    ,  2.07476    ,  0.0877989  ])
56959   , -1467.54    , array([ 1.01495    ,  0.146912   ,  5.15423    ,  2.07476    ,  0.0877989  ])
56960   , -1539.14    , array([ 1.01495    ,  0.135471   ,  5.15423    ,  2.07476    ,  0.0877989  ])
56961   , -1466.51    , array([ 1.01495    ,  0.145391   ,  5.15423    ,  2.07476    ,  0.0877989  ])
56962   , -1466.48    , array([ 1.01495    ,  0.1456     ,  5.15423    ,  2.07476    ,  0.0877989  ])
56963   , -1466.48    , array([ 1.01495    ,  0.145658   ,  5.15423    ,  2.07476    ,  0.0877989  ])
56964   , -1466.48    , array([ 1.01495    ,  0.145542   ,  5.15423    ,  2.07476    ,  0.0877989  ])
56965   , -1466.48    , array([ 1.01495    ,  0.1456     ,  5.15423    ,  2.07476    ,  0.0877989  ])
56966   , -1543.24    , array([ 1.01495    ,  0.1456     ,  6.15423    ,  2.07476    ,  0.0877989  ])
56967   , -1649.37    , array([ 1.01495    ,  0.1456     ,  3.5362     ,  2.07476    ,  0.0877989  ])
56968   , -1466.48    , array([ 1.01495    ,  0.1456     ,  5.15423    ,  2.07476    ,  0.0877989  ])
56969   , -1486.24    , array([ 1.01495    ,  0.1456     ,  4.5362     ,  2.07476    ,  0.0877989  ])
56970   , -1481.01    , array([ 1.01495    ,  0.1456     ,  5.5362     ,  2.07476    ,  0.0877989  ])
56971   , -1465.92    , array([ 1.01495    ,  0.1456     ,  5.07352    ,  2.07476    ,  0.0877989  ])
56972   , -1465.92    , array([ 1.01495    ,  0.1456     ,  5.06289    ,  2.07476    ,  0.0877989  ])
56973   , -1465.92    , array([ 1.01495    ,  0.1456     ,  5.06453    ,  2.07476    ,  0.0877989  ])
56974   , -1465.92    , array([ 1.01495    ,  0.1456     ,  5.06543    ,  2.07476    ,  0.0877989  ])
56975   , -1465.92    , array([ 1.01495    ,  0.1456     ,  5.06453    ,  2.07476    ,  0.0877989  ])
56976   , -1597       , array([ 1.01495    ,  0.1456     ,  5.06453    ,  3.07476    ,  0.0877989  ])
56977   , -2117.97    , array([ 1.01495    ,  0.1456     ,  5.06453    ,  0.456721   ,  0.0877989  ])
56978   , -1465.92    , array([ 1.01495    ,  0.1456     ,  5.06453    ,  2.07476    ,  0.0877989  ])
56979   , -1555.61    , array([ 1.01495    ,  0.1456     ,  5.06453    ,  1.45672    ,  0.0877989  ])
56980   , -1481.18    , array([ 1.01495    ,  0.1456     ,  5.06453    ,  2.45672    ,  0.0877989  ])
56981   , -1465.1     , array([ 1.01495    ,  0.1456     ,  5.06453    ,  2.1578     ,  0.0877989  ])
56982   , -1465.07    , array([ 1.01495    ,  0.1456     ,  5.06453    ,  2.14578    ,  0.0877989  ])
56983   , -1465.07    , array([ 1.01495    ,  0.1456     ,  5.06453    ,  2.14453    ,  0.0877989  ])
56984   , -1465.07    , array([ 1.01495    ,  0.1456     ,  5.06453    ,  2.14383    ,  0.0877989  ])
56985   , -1465.07    , array([ 1.01495    ,  0.1456     ,  5.06453    ,  2.14453    ,  0.0877989  ])
56986   , -1474.62    , array([ 1.12975    ,  0.142176   ,  4.89319    ,  2.23425    ,  0.0845137  ])
56987   , -1535.76    , array([ 0.829188   ,  0.15114    ,  5.34177    ,  1.99935    ,  0.0931146  ])
56988   , -1465.07    , array([ 1.01495    ,  0.1456     ,  5.06453    ,  2.14453    ,  0.0877989  ])
56989   , -1474.53    , array([ 0.943994   ,  0.147716   ,  5.17043    ,  2.08907    ,  0.0898293  ])
56990   , -1465.93    , array([ 1.0588     ,  0.144292   ,  4.99909    ,  2.1788     ,  0.0865441  ])
56991   , -1464.89    , array([ 1.0295     ,  0.145166   ,  5.04282    ,  2.1559     ,  0.0873826  ])
56992   , -1464.88    , array([ 1.02797    ,  0.145212   ,  5.04509    ,  2.15471    ,  0.0874262  ])
56993   , -1464.88    , array([ 1.02762    ,  0.145222   ,  5.04563    ,  2.15443    ,  0.0874364  ])
56994   , -1464.88    , array([ 1.02749    ,  0.145226   ,  5.04582    ,  2.15433    ,  0.0874401  ])
56995   , -1464.88    , array([ 1.02774    ,  0.145219   ,  5.04544    ,  2.15453    ,  0.0874328  ])
56996   , -1428.84    , array([ 1.04028    ,  0.139045   ,  4.93703    ,  2.2341     ,  0.0814739  ])
56997   , -1464.88    , array([ 1.02762    ,  0.145222   ,  5.04563    ,  2.15443    ,  0.0874364  ])
56998   , -1428.84    , array([ 1.04028    ,  0.139045   ,  4.93703    ,  2.2341     ,  0.0814739  ])
56999   , -1380.01    , array([ 1.06078    ,  0.129049   ,  4.7613     ,  2.36301    ,  0.0718262  ])
57000   , -1660.55    , array([ 1.13595    ,  0.0923889  ,  4.11681    ,  2.83581    ,  0.0364416  ])
57001   , -1380.01    , array([ 1.06078    ,  0.129049   ,  4.7613     ,  2.36301    ,  0.0718262  ])
57002   , -1344.52    , array([ 1.08949    ,  0.115046   ,  4.51513    ,  2.5436     ,  0.0583105  ])
57003   , -1368.49    , array([ 1.10723    ,  0.106392   ,  4.36299    ,  2.65522    ,  0.0499573  ])
57004   , -1345.33    , array([ 1.08623    ,  0.116635   ,  4.54306    ,  2.52311    ,  0.059844   ])
57005   , -1344.5     , array([ 1.09011    ,  0.114744   ,  4.50983    ,  2.5475     ,  0.0580192  ])
57006   , -1344.53    , array([ 1.09073    ,  0.11444    ,  4.50447    ,  2.55143    ,  0.057725   ])
57007   , -1344.5     , array([ 1.09011    ,  0.114744   ,  4.50983    ,  2.5475     ,  0.0580192  ])
57008   , -11129.8    , array([ 1.09011    ,  0.114744   ,  4.50983    ,  2.5475     ,  1.05802    ])
57010   , -1344.5     , array([ 1.09011    ,  0.114744   ,  4.50983    ,  2.5475     ,  0.0580192  ])
57012   , -9159.68    , array([ 1.09011    ,  0.114744   ,  4.50983    ,  2.5475     ,  0.439985   ])
57013   , -7061.57    , array([ 1.09011    ,  0.114744   ,  4.50983    ,  2.5475     ,  0.248939   ])
57016   , -3916.08    , array([ 1.09011    ,  0.114744   ,  4.50983    ,  2.5475     ,  0.130944   ])
57017   , -7937.51    , array([ 1.09011    ,  0.114744   ,  4.50983    ,  2.5475     ,  0.0235774  ])
57018   , -2015.23    , array([ 1.09011    ,  0.114744   ,  4.50983    ,  2.5475     ,  0.085874   ])
57019   , -1895.4     , array([ 1.09011    ,  0.114744   ,  4.50983    ,  2.5475     ,  0.0448636  ])
57020   , -1369.69    , array([ 1.09011    ,  0.114744   ,  4.50983    ,  2.5475     ,  0.0644604  ])
57021   , -1338.57    , array([ 1.09011    ,  0.114744   ,  4.50983    ,  2.5475     ,  0.060403   ])
57022   , -1338.18    , array([ 1.09011    ,  0.114744   ,  4.50983    ,  2.5475     ,  0.0600001  ])
57023   , -1338.17    , array([ 1.09011    ,  0.114744   ,  4.50983    ,  2.5475     ,  0.0599264  ])
57024   , -1338.17    , array([ 1.09011    ,  0.114744   ,  4.50983    ,  2.5475     ,  0.0599073  ])
57025   , -1338.17    , array([ 1.09011    ,  0.114744   ,  4.50983    ,  2.5475     ,  0.0598884  ])
57026   , -1338.17    , array([ 1.09011    ,  0.114744   ,  4.50983    ,  2.5475     ,  0.0599073  ])
57027   , -1353.77    , array([ 1.20491    ,  0.111321   ,  4.33849    ,  2.63722    ,  0.056622   ])
57028   , -1366.97    , array([ 0.904348   ,  0.120285   ,  4.78706    ,  2.40232    ,  0.0652229  ])
57029   , -1338.17    , array([ 1.09011    ,  0.114744   ,  4.50983    ,  2.5475     ,  0.0599073  ])
57030   , -1338.52    , array([ 1.01915    ,  0.116861   ,  4.61572    ,  2.49204    ,  0.0619377  ])
57031   , -1342.22    , array([ 1.13396    ,  0.113437   ,  4.44438    ,  2.58177    ,  0.0586524  ])
57032   , -1337.12    , array([ 1.05754    ,  0.115716   ,  4.55843    ,  2.52204    ,  0.0608393  ])
57033   , -1337.12    , array([ 1.05718    ,  0.115727   ,  4.55897    ,  2.52176    ,  0.0608496  ])
57034   , -1337.12    , array([ 1.05595    ,  0.115763   ,  4.56081    ,  2.5208     ,  0.0608848  ])
57035   , -1337.12    , array([ 1.05629    ,  0.115753   ,  4.5603     ,  2.52106    ,  0.060875   ])
57036   , -1337.12    , array([ 1.05561    ,  0.115773   ,  4.56132    ,  2.52053    ,  0.0608946  ])
57037   , -1337.12    , array([ 1.05595    ,  0.115763   ,  4.56081    ,  2.5208     ,  0.0608848  ])
57038   , -1362.8     , array([ 1.05595    ,  0.115763   ,  5.56081    ,  2.5208     ,  0.0608848  ])
57039   , -1494.92    , array([ 1.05595    ,  0.115763   ,  2.94277    ,  2.5208     ,  0.0608848  ])
57040   , -1337.12    , array([ 1.05595    ,  0.115763   ,  4.56081    ,  2.5208     ,  0.0608848  ])
57041   , -1365.42    , array([ 1.05595    ,  0.115763   ,  3.94277    ,  2.5208     ,  0.0608848  ])
57042   , -1337.1     , array([ 1.05595    ,  0.115763   ,  4.94277    ,  2.5208     ,  0.0608848  ])
57043   , -1335.52    , array([ 1.05595    ,  0.115763   ,  4.75251    ,  2.5208     ,  0.0608848  ])
57044   , -1335.52    , array([ 1.05595    ,  0.115763   ,  4.75443    ,  2.5208     ,  0.0608848  ])
57045   , -1335.52    , array([ 1.05595    ,  0.115763   ,  4.75059    ,  2.5208     ,  0.0608848  ])
57046   , -1335.75    , array([ 1.05595    ,  0.115763   ,  4.6781     ,  2.5208     ,  0.0608848  ])
57047   , -1335.52    , array([ 1.05595    ,  0.115763   ,  4.74869    ,  2.5208     ,  0.0608848  ])
57048   , -1335.52    , array([ 1.05595    ,  0.115763   ,  4.75059    ,  2.5208     ,  0.0608848  ])
57049   , -1452.02    , array([ 1.05595    ,  0.115763   ,  4.75059    ,  3.5208     ,  0.0608848  ])
57050   , -1584.22    , array([ 1.05595    ,  0.115763   ,  4.75059    ,  0.902764   ,  0.0608848  ])
57051   , -1335.52    , array([ 1.05595    ,  0.115763   ,  4.75059    ,  2.5208     ,  0.0608848  ])
57052   , -1354.75    , array([ 1.05595    ,  0.115763   ,  4.75059    ,  1.90276    ,  0.0608848  ])
57053   , -1360.67    , array([ 1.05595    ,  0.115763   ,  4.75059    ,  2.90276    ,  0.0608848  ])
57054   , -1332.99    , array([ 1.05595    ,  0.115763   ,  4.75059    ,  2.37223    ,  0.0608848  ])
57055   , -1332.97    , array([ 1.05595    ,  0.115763   ,  4.75059    ,  2.3635     ,  0.0608848  ])
57056   , -1332.97    , array([ 1.05595    ,  0.115763   ,  4.75059    ,  2.3591     ,  0.0608848  ])
57057   , -1332.97    , array([ 1.05595    ,  0.115763   ,  4.75059    ,  2.36072    ,  0.0608848  ])
57058   , -1332.97    , array([ 1.05595    ,  0.115763   ,  4.75059    ,  2.35748    ,  0.0608848  ])
57059   , -1332.97    , array([ 1.05595    ,  0.115763   ,  4.75059    ,  2.3591     ,  0.0608848  ])
57060   , -1835.45    , array([ 1.11844    ,  0.0852854  ,  4.21479    ,  2.75217    ,  0.0314676  ])
57061   , -1628.91    , array([ 0.954832   ,  0.165078   ,  5.61754    ,  1.7231     ,  0.108483   ])
57062   , -1332.97    , array([ 1.05595    ,  0.115763   ,  4.75059    ,  2.3591     ,  0.0608848  ])
57063   , -1416.46    , array([ 1.01732    ,  0.1346     ,  5.08174    ,  2.11617    ,  0.0790657  ])
57064   , -1334.1     , array([ 1.07982    ,  0.104122   ,  4.54593    ,  2.50924    ,  0.0496484  ])
57065   , -1323.97    , array([ 1.06721    ,  0.11027    ,  4.65401    ,  2.42995    ,  0.0555822  ])
57066   , -1323.91    , array([ 1.06753    ,  0.110115   ,  4.65129    ,  2.43195    ,  0.0554327  ])
57067   , -1323.82    , array([ 1.06909    ,  0.109354   ,  4.63792    ,  2.44176    ,  0.0546987  ])
57068   , -1325.27    , array([ 1.07319    ,  0.107356   ,  4.60278    ,  2.46753    ,  0.0527697  ])
57069   , -1323.81    , array([ 1.06876    ,  0.109515   ,  4.64075    ,  2.43968    ,  0.0548544  ])
57070   , -1323.81    , array([ 1.06863    ,  0.109578   ,  4.64185    ,  2.43887    ,  0.0549147  ])
57071   , -1323.81    , array([ 1.06889    ,  0.109453   ,  4.63966    ,  2.44048    ,  0.0547941  ])
57072   , -2897.43    , array([ 1.1099     ,  0.0738084  ,  4.23588    ,  2.72493    ,  0.0222723  ])
57073   , -1323.81    , array([ 1.06876    ,  0.109515   ,  4.64075    ,  2.43968    ,  0.0548544  ])
57074   , -12569.9    , array([ 1.06876    ,  0.109515   ,  4.64075    ,  2.43968    ,  1.05485    ])
57076   , -1323.81    , array([ 1.06876    ,  0.109515   ,  4.64075    ,  2.43968    ,  0.0548544  ])
57078   , -10438.1    , array([ 1.06876    ,  0.109515   ,  4.64075    ,  2.43968    ,  0.43682    ])
57079   , -8070.77    , array([ 1.06876    ,  0.109515   ,  4.64075    ,  2.43968    ,  0.245764   ])
57082   , -4444.74    , array([ 1.06876    ,  0.109515   ,  4.64075    ,  2.43968    ,  0.127775   ])
57083   , -9356.05    , array([ 1.06876    ,  0.109515   ,  4.64075    ,  2.43968    ,  0.0204125  ])
57084   , -2192.14    , array([ 1.06876    ,  0.109515   ,  4.64075    ,  2.43968    ,  0.0827077  ])
57085   , -1917.97    , array([ 1.06876    ,  0.109515   ,  4.64075    ,  2.43968    ,  0.0416988  ])
57086   , -1362.89    , array([ 1.06876    ,  0.109515   ,  4.64075    ,  2.43968    ,  0.0604075  ])
57087   , -1322.93    , array([ 1.06876    ,  0.109515   ,  4.64075    ,  2.43968    ,  0.0563697  ])
57088   , -1322.12    , array([ 1.06876    ,  0.109515   ,  4.64075    ,  2.43968    ,  0.0557659  ])
57089   , -1322.12    , array([ 1.06876    ,  0.109515   ,  4.64075    ,  2.43968    ,  0.0557502  ])
57090   , -1322.12    , array([ 1.06876    ,  0.109515   ,  4.64075    ,  2.43968    ,  0.0557412  ])
57091   , -1322.12    , array([ 1.06876    ,  0.109515   ,  4.64075    ,  2.43968    ,  0.0557323  ])
57092   , -1322.12    , array([ 1.06876    ,  0.109515   ,  4.64075    ,  2.43968    ,  0.0557412  ])
57093   , -1337.74    , array([ 1.18356    ,  0.106091   ,  4.46941    ,  2.5294     ,  0.052456   ])
57094   , -1356.22    , array([ 0.882999   ,  0.115055   ,  4.91799    ,  2.2945     ,  0.0610569  ])
57095   , -1322.12    , array([ 1.06876    ,  0.109515   ,  4.64075    ,  2.43968    ,  0.0557412  ])
57096   , -1323.68    , array([ 0.997805   ,  0.111632   ,  4.74665    ,  2.38423    ,  0.0577716  ])
57097   , -1325.88    , array([ 1.11261    ,  0.108208   ,  4.57531    ,  2.47395    ,  0.0544864  ])
57098   , -1321.47    , array([ 1.04494    ,  0.110226   ,  4.6763     ,  2.42107    ,  0.0564227  ])
57099   , -1321.47    , array([ 1.04377    ,  0.110261   ,  4.67805    ,  2.42015    ,  0.0564562  ])
57100   , -1321.47    , array([ 1.04269    ,  0.110293   ,  4.67965    ,  2.41931    ,  0.0564871  ])
57101   , -1321.47    , array([ 1.04295    ,  0.110285   ,  4.67927    ,  2.41951    ,  0.0564796  ])
57102   , -1321.47    , array([ 1.04243    ,  0.110301   ,  4.68004    ,  2.4191     ,  0.0564945  ])
57103   , -1321.47    , array([ 1.04269    ,  0.110293   ,  4.67965    ,  2.41931    ,  0.0564871  ])
57104   , -1346.83    , array([ 1.04269    ,  0.110293   ,  5.67965    ,  2.41931    ,  0.0564871  ])
57105   , -1456.78    , array([ 1.04269    ,  0.110293   ,  3.06162    ,  2.41931    ,  0.0564871  ])
57106   , -1321.47    , array([ 1.04269    ,  0.110293   ,  4.67965    ,  2.41931    ,  0.0564871  ])
57107   , -1345.02    , array([ 1.04269    ,  0.110293   ,  4.06162    ,  2.41931    ,  0.0564871  ])
57108   , -1322.39    , array([ 1.04269    ,  0.110293   ,  5.06162    ,  2.41931    ,  0.0564871  ])
57109   , -1320.48    , array([ 1.04269    ,  0.110293   ,  4.84079    ,  2.41931    ,  0.0564871  ])
57110   , -1320.48    , array([ 1.04269    ,  0.110293   ,  4.83918    ,  2.41931    ,  0.0564871  ])
57111   , -1320.48    , array([ 1.04269    ,  0.110293   ,  4.83758    ,  2.41931    ,  0.0564871  ])
57112   , -1320.48    , array([ 1.04269    ,  0.110293   ,  4.83918    ,  2.41931    ,  0.0564871  ])
57113   , -1414.05    , array([ 1.04269    ,  0.110293   ,  4.83918    ,  3.41931    ,  0.0564871  ])
57114   , -1569.93    , array([ 1.04269    ,  0.110293   ,  4.83918    ,  0.801274   ,  0.0564871  ])
57115   , -1320.48    , array([ 1.04269    ,  0.110293   ,  4.83918    ,  2.41931    ,  0.0564871  ])
57116   , -1346.71    , array([ 1.04269    ,  0.110293   ,  4.83918    ,  1.80127    ,  0.0564871  ])
57117   , -1338.32    , array([ 1.04269    ,  0.110293   ,  4.83918    ,  2.80127    ,  0.0564871  ])
57118   , -1319.87    , array([ 1.04269    ,  0.110293   ,  4.83918    ,  2.34831    ,  0.0564871  ])
57119   , -1319.85    , array([ 1.04269    ,  0.110293   ,  4.83918    ,  2.33256    ,  0.0564871  ])
57120   , -1319.85    , array([ 1.04269    ,  0.110293   ,  4.83918    ,  2.33493    ,  0.0564871  ])
57121   , -1319.85    , array([ 1.04269    ,  0.110293   ,  4.83918    ,  2.33577    ,  0.0564871  ])
57122   , -1319.85    , array([ 1.04269    ,  0.110293   ,  4.83918    ,  2.33408    ,  0.0564871  ])
57123   , -1319.85    , array([ 1.04269    ,  0.110293   ,  4.83918    ,  2.33493    ,  0.0564871  ])
57124   , -2195.25    , array([ 1.10519    ,  0.0798149  ,  4.30337    ,  2.728      ,  0.0270699  ])
57125   , -1602.12    , array([ 0.941577   ,  0.159607   ,  5.70612    ,  1.69893    ,  0.104085   ])
57126   , -1319.85    , array([ 1.04269    ,  0.110293   ,  4.83918    ,  2.33493    ,  0.0564871  ])
57127   , -1396.22    , array([ 1.00407    ,  0.129129   ,  5.17032    ,  2.092      ,  0.0746679  ])
57128   , -1348.22    , array([ 1.06656    ,  0.0986512  ,  4.63452    ,  2.48507    ,  0.0452507  ])
57129   , -1319.69    , array([ 1.0429     ,  0.110193   ,  4.83742    ,  2.33621    ,  0.0563908  ])
57130   , -1317.26    , array([ 1.04755    ,  0.107922   ,  4.7975     ,  2.3655     ,  0.0541992  ])
57131   , -1319.63    , array([ 1.05482    ,  0.104381   ,  4.73525    ,  2.41117    ,  0.0507812  ])
57132   , -1317.07    , array([ 1.04889    ,  0.10727    ,  4.78604    ,  2.37391    ,  0.05357    ])
57133   , -1317.06    , array([ 1.04911    ,  0.107162   ,  4.78413    ,  2.37531    ,  0.0534651  ])
57134   , -1317.06    , array([ 1.04921    ,  0.107113   ,  4.78328    ,  2.37593    ,  0.0534183  ])
57135   , -1317.06    , array([ 1.04928    ,  0.107081   ,  4.78272    ,  2.37634    ,  0.0533876  ])
57136   , -1313.14    , array([ 1.02967    ,  0.104711   ,  4.92581    ,  2.31219    ,  0.0519821  ])
57137   , -1317.06    , array([ 1.04921    ,  0.107113   ,  4.78328    ,  2.37593    ,  0.0534183  ])
57138   , -1313.14    , array([ 1.02967    ,  0.104711   ,  4.92581    ,  2.31219    ,  0.0519821  ])
57139   , -1312.51    , array([ 0.998042   ,  0.100824   ,  5.15642    ,  2.20904    ,  0.0496584  ])
57140   , -1311.94    , array([ 1.01101    ,  0.102418   ,  5.06188    ,  2.25133    ,  0.050611   ])
57141   , -1311.94    , array([ 1.01101    ,  0.102418   ,  5.06188    ,  2.25133    ,  0.050611   ])
57142   , -1312.12    , array([ 1.01813    ,  0.103294   ,  5.0099     ,  2.27457    ,  0.0511347  ])
57143   , -1312.03    , array([ 1.00605    ,  0.101809   ,  5.09799    ,  2.23518    ,  0.0502472  ])
57144   , -1311.94    , array([ 1.01062    ,  0.102371   ,  5.06466    ,  2.25008    ,  0.0505829  ])
57145   , -1311.94    , array([ 1.01139    ,  0.102465   ,  5.05909    ,  2.25257    ,  0.0506391  ])
57146   , -1311.94    , array([ 1.01101    ,  0.102418   ,  5.06188    ,  2.25133    ,  0.050611   ])
57147   , -15017.5    , array([ 1.01101    ,  0.102418   ,  5.06188    ,  2.25133    ,  1.05061    ])
57149   , -1311.94    , array([ 1.01101    ,  0.102418   ,  5.06188    ,  2.25133    ,  0.050611   ])
57151   , -12610.6    , array([ 1.01101    ,  0.102418   ,  5.06188    ,  2.25133    ,  0.432577   ])
57152   , -9742.72    , array([ 1.01101    ,  0.102418   ,  5.06188    ,  2.25133    ,  0.241503   ])
57155   , -5292.53    , array([ 1.01101    ,  0.102418   ,  5.06188    ,  2.25133    ,  0.123525   ])
57156   , -12205.7    , array([ 1.01101    ,  0.102418   ,  5.06188    ,  2.25133    ,  0.0161692  ])
57157   , -2480.75    , array([ 1.01101    ,  0.102418   ,  5.06188    ,  2.25133    ,  0.0784617  ])
57158   , -2002.2     , array([ 1.01101    ,  0.102418   ,  5.06188    ,  2.25133    ,  0.0374554  ])
57159   , -1368.23    , array([ 1.01101    ,  0.102418   ,  5.06188    ,  2.25133    ,  0.0554248  ])
57160   , -1313.48    , array([ 1.01101    ,  0.102418   ,  5.06188    ,  2.25133    ,  0.0513805  ])
57161   , -1311.95    , array([ 1.01101    ,  0.102418   ,  5.06188    ,  2.25133    ,  0.0505793  ])
57162   , -1311.94    , array([ 1.01101    ,  0.102418   ,  5.06188    ,  2.25133    ,  0.0506263  ])
57163   , -1311.94    , array([ 1.01101    ,  0.102418   ,  5.06188    ,  2.25133    ,  0.0506257  ])
57164   , -1311.94    , array([ 1.01101    ,  0.102418   ,  5.06188    ,  2.25133    ,  0.0506259  ])
57165   , -1311.94    , array([ 1.01101    ,  0.102418   ,  5.06188    ,  2.25133    ,  0.0506256  ])
57166   , -1311.94    , array([ 1.01101    ,  0.102418   ,  5.06188    ,  2.25133    ,  0.0506257  ])
57167   , -1327.31    , array([ 1.12581    ,  0.0989939  ,  4.89054    ,  2.34105    ,  0.0473405  ])
57168   , -1362.46    , array([ 0.825246   ,  0.107958   ,  5.33911    ,  2.10615    ,  0.0559414  ])
57169   , -1311.94    , array([ 1.01101    ,  0.102418   ,  5.06188    ,  2.25133    ,  0.0506257  ])
57170   , -1316.96    , array([ 0.940053   ,  0.104534   ,  5.16777    ,  2.19587    ,  0.0526561  ])
57171   , -1314.87    , array([ 1.05486    ,  0.10111    ,  4.99643    ,  2.2856     ,  0.0493709  ])
57172   , -1311.87    , array([ 1.00508    ,  0.102595   ,  5.07073    ,  2.24669    ,  0.0507954  ])
57173   , -1311.86    , array([ 1.00224    ,  0.102679   ,  5.07496    ,  2.24448    ,  0.0508765  ])
57174   , -1311.86    , array([ 1.00264    ,  0.102667   ,  5.07437    ,  2.24478    ,  0.0508653  ])
57175   , -1311.86    , array([ 1.00272    ,  0.102665   ,  5.07425    ,  2.24485    ,  0.0508629  ])
57176   , -1311.86    , array([ 1.00255    ,  0.10267    ,  5.0745     ,  2.24472    ,  0.0508677  ])
57177   , -1311.86    , array([ 1.00264    ,  0.102667   ,  5.07437    ,  2.24478    ,  0.0508653  ])
57178   , -1344.98    , array([ 1.00264    ,  0.102667   ,  6.07437    ,  2.24478    ,  0.0508653  ])
57179   , -1402.45    , array([ 1.00264    ,  0.102667   ,  3.45634    ,  2.24478    ,  0.0508653  ])
57180   , -1311.86    , array([ 1.00264    ,  0.102667   ,  5.07437    ,  2.24478    ,  0.0508653  ])
57181   , -1323.66    , array([ 1.00264    ,  0.102667   ,  4.45634    ,  2.24478    ,  0.0508653  ])
57182   , -1317.26    , array([ 1.00264    ,  0.102667   ,  5.45634    ,  2.24478    ,  0.0508653  ])
57183   , -1311.84    , array([ 1.00264    ,  0.102667   ,  5.05264    ,  2.24478    ,  0.0508653  ])
57184   , -1311.83    , array([ 1.00264    ,  0.102667   ,  5.04614    ,  2.24478    ,  0.0508653  ])
57185   , -1311.83    , array([ 1.00264    ,  0.102667   ,  5.04649    ,  2.24478    ,  0.0508653  ])
57186   , -1311.83    , array([ 1.00264    ,  0.102667   ,  5.04677    ,  2.24478    ,  0.0508653  ])
57187   , -1311.83    , array([ 1.00264    ,  0.102667   ,  5.04649    ,  2.24478    ,  0.0508653  ])
57188   , -1373.84    , array([ 1.00264    ,  0.102667   ,  5.04649    ,  3.24478    ,  0.0508653  ])
57189   , -1567.13    , array([ 1.00264    ,  0.102667   ,  5.04649    ,  0.62675    ,  0.0508653  ])
57190   , -1311.83    , array([ 1.00264    ,  0.102667   ,  5.04649    ,  2.24478    ,  0.0508653  ])
57191   , -1348.57    , array([ 1.00264    ,  0.102667   ,  5.04649    ,  1.62675    ,  0.0508653  ])
57192   , -1319.46    , array([ 1.00264    ,  0.102667   ,  5.04649    ,  2.62675    ,  0.0508653  ])
57193   , -1311.61    , array([ 1.00264    ,  0.102667   ,  5.04649    ,  2.3101     ,  0.0508653  ])
57194   , -1311.6     , array([ 1.00264    ,  0.102667   ,  5.04649    ,  2.30117    ,  0.0508653  ])
57195   , -1311.6     , array([ 1.00264    ,  0.102667   ,  5.04649    ,  2.30044    ,  0.0508653  ])
57196   , -1311.6     , array([ 1.00264    ,  0.102667   ,  5.04649    ,  2.29989    ,  0.0508653  ])
57197   , -1311.6     , array([ 1.00264    ,  0.102667   ,  5.04649    ,  2.30044    ,  0.0508653  ])
57198   , -1315.68    , array([ 0.964429   ,  0.0979719  ,  5.32509    ,  2.17584    ,  0.048058   ])
57199   , -1326.93    , array([ 1.06445    ,  0.110265   ,  4.5957     ,  2.50206    ,  0.0554075  ])
57200   , -1311.6     , array([ 1.00264    ,  0.102667   ,  5.04649    ,  2.30044    ,  0.0508653  ])
57201   , -1314.11    , array([ 1.02625    ,  0.105569   ,  4.8743     ,  2.37745    ,  0.0526002  ])
57202   , -1312.01    , array([ 0.988042   ,  0.100874   ,  5.1529     ,  2.25285    ,  0.049793   ])
57203   , -1311.56    , array([ 0.999321   ,  0.10226    ,  5.07066    ,  2.28963    ,  0.0506217  ])
57204   , -1311.56    , array([ 0.999404   ,  0.10227    ,  5.07005    ,  2.2899     ,  0.0506279  ])
57205   , -1311.56    , array([ 0.999436   ,  0.102274   ,  5.06981    ,  2.29001    ,  0.0506302  ])
57206   , -1311.56    , array([ 0.999372   ,  0.102266   ,  5.07028    ,  2.2898     ,  0.0506255  ])
57207   , -1316.52    , array([ 0.949595   ,  0.0974274  ,  5.35682    ,  2.20388    ,  0.0478375  ])
57208   , -1311.56    , array([ 0.999404   ,  0.10227    ,  5.07005    ,  2.2899     ,  0.0506279  ])
57209   , -14690.5    , array([ 0.999404   ,  0.10227    ,  5.07005    ,  2.2899     ,  1.05063    ])
57211   , -1311.56    , array([ 0.999404   ,  0.10227    ,  5.07005    ,  2.2899     ,  0.0506279  ])
57213   , -12346.8    , array([ 0.999404   ,  0.10227    ,  5.07005    ,  2.2899     ,  0.432594   ])
57214   , -9565.59    , array([ 0.999404   ,  0.10227    ,  5.07005    ,  2.2899     ,  0.241522   ])
57217   , -5220.27    , array([ 0.999404   ,  0.10227    ,  5.07005    ,  2.2899     ,  0.123543   ])
57218   , -12163.7    , array([ 0.999404   ,  0.10227    ,  5.07005    ,  2.2899     ,  0.016186   ])
57219   , -2458.46    , array([ 0.999404   ,  0.10227    ,  5.07005    ,  2.2899     ,  0.0784789  ])
57220   , -2002.31    , array([ 0.999404   ,  0.10227    ,  5.07005    ,  2.2899     ,  0.0374722  ])
57221   , -1367.62    , array([ 0.999404   ,  0.10227    ,  5.07005    ,  2.2899     ,  0.0555411  ])
57222   , -1313.06    , array([ 0.999404   ,  0.10227    ,  5.07005    ,  2.2899     ,  0.0514717  ])
57223   , -1311.55    , array([ 0.999404   ,  0.10227    ,  5.07005    ,  2.2899     ,  0.0506751  ])
57224   , -1311.54    , array([ 0.999404   ,  0.10227    ,  5.07005    ,  2.2899     ,  0.0507176  ])
57225   , -1311.54    , array([ 0.999404   ,  0.10227    ,  5.07005    ,  2.2899     ,  0.0507163  ])
57226   , -1311.54    , array([ 0.999404   ,  0.10227    ,  5.07005    ,  2.2899     ,  0.0507155  ])
57227   , -1311.54    , array([ 0.999404   ,  0.10227    ,  5.07005    ,  2.2899     ,  0.0507163  ])
57228   , -1325.13    , array([ 1.11421    ,  0.0988464  ,  4.89871    ,  2.37963    ,  0.0474311  ])
57229   , -1369       , array([ 0.813644   ,  0.10781    ,  5.34728    ,  2.14473    ,  0.056032   ])
57230   , -1311.54    , array([ 0.999404   ,  0.10227    ,  5.07005    ,  2.2899     ,  0.0507163  ])
57231   , -1318.36    , array([ 0.92845    ,  0.104386   ,  5.17594    ,  2.23445    ,  0.0527467  ])
57232   , -1313.67    , array([ 1.04326    ,  0.100963   ,  5.0046     ,  2.32418    ,  0.0494615  ])
57233   , -1311.55    , array([ 1.00209    ,  0.10219    ,  5.06604    ,  2.292      ,  0.0506396  ])
57234   , -1311.54    , array([ 0.999799   ,  0.102259   ,  5.06946    ,  2.29021    ,  0.0507051  ])
57235   , -1311.54    , array([ 0.999853   ,  0.102257   ,  5.06938    ,  2.29026    ,  0.0507035  ])
57236   , -1311.54    , array([ 0.999848   ,  0.102257   ,  5.06938    ,  2.29025    ,  0.0507036  ])
57237   , -1311.54    , array([ 0.999857   ,  0.102257   ,  5.06937    ,  2.29026    ,  0.0507034  ])
57238   , -1311.54    , array([ 0.999853   ,  0.102257   ,  5.06938    ,  2.29026    ,  0.0507035  ])
57239   , -1344.72    , array([ 0.999853   ,  0.102257   ,  6.06938    ,  2.29026    ,  0.0507035  ])
57240   , -1401.15    , array([ 0.999853   ,  0.102257   ,  3.45134    ,  2.29026    ,  0.0507035  ])
57241   , -1311.54    , array([ 0.999853   ,  0.102257   ,  5.06938    ,  2.29026    ,  0.0507035  ])
57242   , -1323.11    , array([ 0.999853   ,  0.102257   ,  4.45134    ,  2.29026    ,  0.0507035  ])
57243   , -1317.01    , array([ 0.999853   ,  0.102257   ,  5.45134    ,  2.29026    ,  0.0507035  ])
57244   , -1311.51    , array([ 0.999853   ,  0.102257   ,  5.0437     ,  2.29026    ,  0.0507035  ])
57245   , -1311.51    , array([ 0.999853   ,  0.102257   ,  5.03713    ,  2.29026    ,  0.0507035  ])
57246   , -1311.51    , array([ 0.999853   ,  0.102257   ,  5.03752    ,  2.29026    ,  0.0507035  ])
57247   , -1311.51    , array([ 0.999853   ,  0.102257   ,  5.03784    ,  2.29026    ,  0.0507035  ])
57248   , -1311.51    , array([ 0.999853   ,  0.102257   ,  5.03752    ,  2.29026    ,  0.0507035  ])
57249   , -1375.59    , array([ 0.999853   ,  0.102257   ,  5.03752    ,  3.29026    ,  0.0507035  ])
57250   , -1557.98    , array([ 0.999853   ,  0.102257   ,  5.03752    ,  0.672222   ,  0.0507035  ])
57251   , -1311.51    , array([ 0.999853   ,  0.102257   ,  5.03752    ,  2.29026    ,  0.0507035  ])
57252   , -1345.89    , array([ 0.999853   ,  0.102257   ,  5.03752    ,  1.67222    ,  0.0507035  ])
57253   , -1320.14    , array([ 0.999853   ,  0.102257   ,  5.03752    ,  2.67222    ,  0.0507035  ])
57254   , -1311.42    , array([ 0.999853   ,  0.102257   ,  5.03752    ,  2.33679    ,  0.0507035  ])
57255   , -1311.41    , array([ 0.999853   ,  0.102257   ,  5.03752    ,  2.32689    ,  0.0507035  ])
57256   , -1311.41    , array([ 0.999853   ,  0.102257   ,  5.03752    ,  2.32646    ,  0.0507035  ])
57257   , -1311.41    , array([ 0.999853   ,  0.102257   ,  5.03752    ,  2.3261     ,  0.0507035  ])
57258   , -1311.41    , array([ 0.999853   ,  0.102257   ,  5.03752    ,  2.32646    ,  0.0507035  ])
57259   , -1315.74    , array([ 0.961647   ,  0.0975615  ,  5.31612    ,  2.20185    ,  0.0478963  ])
57260   , -1326.49    , array([ 1.06167    ,  0.109854   ,  4.58674    ,  2.52808    ,  0.0552457  ])
57261   , -1311.41    , array([ 0.999853   ,  0.102257   ,  5.03752    ,  2.32646    ,  0.0507035  ])
57262   , -1313.8     , array([ 1.02347    ,  0.105159   ,  4.86534    ,  2.40347    ,  0.0524385  ])
57263   , -1311.9     , array([ 0.985259   ,  0.100463   ,  5.14393    ,  2.27886    ,  0.0496312  ])
57264   , -1311.39    , array([ 0.997343   ,  0.101949   ,  5.05582    ,  2.31827    ,  0.0505191  ])
57265   , -1311.39    , array([ 0.99744    ,  0.10196    ,  5.05511    ,  2.31859    ,  0.0505262  ])
57266   , -1311.39    , array([ 0.997464   ,  0.101963   ,  5.05494    ,  2.31867    ,  0.050528   ])
57267   , -1311.39    , array([ 0.997416   ,  0.101957   ,  5.05529    ,  2.31851    ,  0.0505244  ])
57268   , -1311.26    , array([ 0.995476   ,  0.10165    ,  5.04018    ,  2.34728    ,  0.0504245  ])
57269   , -1311.39    , array([ 0.99744    ,  0.10196    ,  5.05511    ,  2.31859    ,  0.0505262  ])
57270   , -1311.26    , array([ 0.995476   ,  0.10165    ,  5.04018    ,  2.34728    ,  0.0504245  ])
57271   , -1311.15    , array([ 0.992298   ,  0.101149   ,  5.01601    ,  2.39369    ,  0.0502601  ])
57272   , -1311.14    , array([ 0.990995   ,  0.100943   ,  5.00611    ,  2.41272    ,  0.0501926  ])
57273   , -1311.17    , array([ 0.988887   ,  0.100611   ,  4.99007    ,  2.44351    ,  0.0500835  ])
57274   , -1311.14    , array([ 0.990995   ,  0.100943   ,  5.00611    ,  2.41272    ,  0.0501926  ])
57275   , -1311.14    , array([ 0.99019    ,  0.100816   ,  4.99998    ,  2.42448    ,  0.0501509  ])
57276   , -1311.14    , array([ 0.991493   ,  0.101022   ,  5.00989    ,  2.40545    ,  0.0502184  ])
57277   , -1311.14    , array([ 0.99093    ,  0.100933   ,  5.00562    ,  2.41366    ,  0.0501893  ])
57278   , -1311.14    , array([ 0.991059   ,  0.100954   ,  5.0066     ,  2.41178    ,  0.050196   ])
57279   , -1311.14    , array([ 0.990995   ,  0.100943   ,  5.00611    ,  2.41272    ,  0.0501926  ])
57280   , -14043.5    , array([ 0.990995   ,  0.100943   ,  5.00611    ,  2.41272    ,  1.05019    ])
57282   , -1311.14    , array([ 0.990995   ,  0.100943   ,  5.00611    ,  2.41272    ,  0.0501926  ])
57284   , -11850.7    , array([ 0.990995   ,  0.100943   ,  5.00611    ,  2.41272    ,  0.432159   ])
57285   , -9275.74    , array([ 0.990995   ,  0.100943   ,  5.00611    ,  2.41272    ,  0.24109    ])
57288   , -5149.88    , array([ 0.990995   ,  0.100943   ,  5.00611    ,  2.41272    ,  0.123109   ])
57289   , -12447.9    , array([ 0.990995   ,  0.100943   ,  5.00611    ,  2.41272    ,  0.0157508  ])
57290   , -2450.92    , array([ 0.990995   ,  0.100943   ,  5.00611    ,  2.41272    ,  0.0780442  ])
57291   , -2006.83    , array([ 0.990995   ,  0.100943   ,  5.00611    ,  2.41272    ,  0.037037   ])
57292   , -1369.05    , array([ 0.990995   ,  0.100943   ,  5.00611    ,  2.41272    ,  0.0551735  ])
57293   , -1312.75    , array([ 0.990995   ,  0.100943   ,  5.00611    ,  2.41272    ,  0.0510486  ])
57294   , -1311.13    , array([ 0.990995   ,  0.100943   ,  5.00611    ,  2.41272    ,  0.0502219  ])
57295   , -1311.13    , array([ 0.990995   ,  0.100943   ,  5.00611    ,  2.41272    ,  0.0502686  ])
57296   , -1311.13    , array([ 0.990995   ,  0.100943   ,  5.00611    ,  2.41272    ,  0.0502674  ])
57297   , -1311.13    , array([ 0.990995   ,  0.100943   ,  5.00611    ,  2.41272    ,  0.0502666  ])
57298   , -1311.13    , array([ 0.990995   ,  0.100943   ,  5.00611    ,  2.41272    ,  0.0502674  ])
57299   , -1322.91    , array([ 1.1058     ,  0.0975194  ,  4.83477    ,  2.50245    ,  0.0469821  ])
57300   , -1374.8     , array([ 0.805235   ,  0.106483   ,  5.28334    ,  2.26754    ,  0.0555831  ])
57301   , -1311.13    , array([ 0.990995   ,  0.100943   ,  5.00611    ,  2.41272    ,  0.0502674  ])
57302   , -1319.63    , array([ 0.920041   ,  0.103059   ,  5.112      ,  2.35727    ,  0.0522978  ])
57303   , -1312.46    , array([ 1.03485    ,  0.0996355  ,  4.94066    ,  2.44699    ,  0.0490125  ])
57304   , -1311.04    , array([ 1.00131    ,  0.100636   ,  4.99072    ,  2.42078    ,  0.0499723  ])
57305   , -1311.04    , array([ 0.999757   ,  0.100682   ,  4.99303    ,  2.41957    ,  0.0500167  ])
57306   , -1311.04    , array([ 0.999588   ,  0.100687   ,  4.99328    ,  2.41944    ,  0.0500215  ])
57307   , -1311.04    , array([ 0.999502   ,  0.10069    ,  4.99341    ,  2.41937    ,  0.050024   ])
57308   , -1311.04    , array([ 0.999588   ,  0.100687   ,  4.99328    ,  2.41944    ,  0.0500215  ])
57309   , -1341.37    , array([ 0.999588   ,  0.100687   ,  5.99328    ,  2.41944    ,  0.0500215  ])
57310   , -1402.96    , array([ 0.999588   ,  0.100687   ,  3.37525    ,  2.41944    ,  0.0500215  ])
57311   , -1311.04    , array([ 0.999588   ,  0.100687   ,  4.99328    ,  2.41944    ,  0.0500215  ])
57312   , -1323.85    , array([ 0.999588   ,  0.100687   ,  4.37525    ,  2.41944    ,  0.0500215  ])
57313   , -1315.53    , array([ 0.999588   ,  0.100687   ,  5.37525    ,  2.41944    ,  0.0500215  ])
57314   , -1311.04    , array([ 0.999588   ,  0.100687   ,  5.00324    ,  2.41944    ,  0.0500215  ])
57315   , -1311.04    , array([ 0.999588   ,  0.100687   ,  4.99743    ,  2.41944    ,  0.0500215  ])
57316   , -1311.04    , array([ 0.999588   ,  0.100687   ,  4.99747    ,  2.41944    ,  0.0500215  ])
57317   , -1311.04    , array([ 0.999588   ,  0.100687   ,  4.99739    ,  2.41944    ,  0.0500215  ])
57318   , -1311.04    , array([ 0.999588   ,  0.100687   ,  4.99743    ,  2.41944    ,  0.0500215  ])
57319   , -1315.94    , array([ 0.961381   ,  0.0959916  ,  5.27603    ,  2.29483    ,  0.0472143  ])
57320   , -1325.62    , array([ 1.06141    ,  0.108285   ,  4.54665    ,  2.62105    ,  0.0545637  ])
57321   , -1311.04    , array([ 0.999588   ,  0.100687   ,  4.99743    ,  2.41944    ,  0.0500215  ])
57322   , -1313.17    , array([ 1.0232     ,  0.103589   ,  4.82524    ,  2.49645    ,  0.0517565  ])
57323   , -1311.73    , array([ 0.984994   ,  0.0988936  ,  5.10384    ,  2.37184    ,  0.0489492  ])
57324   , -1311.03    , array([ 0.998861   ,  0.100598   ,  5.00272    ,  2.41707    ,  0.0499681  ])
57325   , -1311.03    , array([ 0.998985   ,  0.100613   ,  5.00182    ,  2.41747    ,  0.0499772  ])
57326   , -1311.03    , array([ 0.998991   ,  0.100614   ,  5.00178    ,  2.41749    ,  0.0499777  ])
57327   , -1311.03    , array([ 0.998979   ,  0.100612   ,  5.00187    ,  2.41745    ,  0.0499768  ])
57328   , -1311.03    , array([ 0.998985   ,  0.100613   ,  5.00182    ,  2.41747    ,  0.0499772  ])
57329   , -1311.13    , array([ 0.99254    ,  0.099596   ,  4.95281    ,  2.5116     ,  0.0496436  ])
57330   , -1311.91    , array([ 1.00941    ,  0.102259   ,  5.08112    ,  2.26516    ,  0.050517   ])
57331   , -1311.03    , array([ 0.998985   ,  0.100613   ,  5.00182    ,  2.41747    ,  0.0499772  ])
57332   , -1311.22    , array([ 1.00297    ,  0.101242   ,  5.03211    ,  2.3593     ,  0.0501834  ])
57333   , -1311.01    , array([ 0.996523   ,  0.100225   ,  4.9831     ,  2.45343    ,  0.0498498  ])
57334   , -1311.01    , array([ 0.997031   ,  0.100305   ,  4.98697    ,  2.446      ,  0.0498761  ])
57335   , -1311.01    , array([ 0.997012   ,  0.100302   ,  4.98682    ,  2.44629    ,  0.0498751  ])
57336   , -1311.01    , array([ 0.997051   ,  0.100308   ,  4.98712    ,  2.44572    ,  0.0498771  ])
