4578    , -5253.37    , array([ 5.63137    ,  0.207249   ,  0.120377   ,  7.08981e-37])
4579    , -5254.5     , array([ 5.63701    ,  0.207249   ,  0.120377   ,  7.08981e-37])
4580    , -5253.37    , array([ 5.63137    ,  0.207456   ,  0.120377   ,  7.08981e-37])
4581    , -5256.37    , array([ 5.63137    ,  0.207249   ,  0.120498   ,  7.08981e-37])
4582    , -5253.37    , array([ 5.63137    ,  0.207249   ,  0.120377   ,  7.0969e-37 ])
4583    , -5253.37    , array([ 5.63137    ,  0.207249   ,  0.120377   ,  7.08981e-37])
4584    , -3232.36    , array([ 3.94595    ,  0.207249   ,  0.0467739  ,  7.08981e-37])
4585    , -3232.36    , array([ 3.94595    ,  0.207249   ,  0.0467739  ,  7.08981e-37])
4586    , -3232.78    , array([ 3.9499     ,  0.207249   ,  0.0467739  ,  7.08981e-37])
4587    , -3232.36    , array([ 3.94595    ,  0.207456   ,  0.0467739  ,  7.08981e-37])
4588    , -3233.37    , array([ 3.94595    ,  0.207249   ,  0.0468207  ,  7.08981e-37])
4589    , -3232.36    , array([ 3.94595    ,  0.207249   ,  0.0467739  ,  7.0969e-37 ])
4596    , -3232.35    , array([ 3.94507    ,  0.207249   ,  0.0467775  ,  7.08981e-37])
4597    , -3232.35    , array([ 3.94507    ,  0.207249   ,  0.0467775  ,  7.08981e-37])
4598    , -3232.76    , array([ 3.94902    ,  0.207249   ,  0.0467775  ,  7.08981e-37])
4599    , -3232.35    , array([ 3.94507    ,  0.207456   ,  0.0467775  ,  7.08981e-37])
4600    , -3233.36    , array([ 3.94507    ,  0.207249   ,  0.0468243  ,  7.08981e-37])
4601    , -3232.35    , array([ 3.94507    ,  0.207249   ,  0.0467775  ,  7.0969e-37 ])
4602    , -3232.33    , array([ 3.9442     ,  0.207249   ,  0.0467811  ,  7.08981e-37])
4603    , -3232.33    , array([ 3.9442     ,  0.207249   ,  0.0467811  ,  7.08981e-37])
4604    , -3232.75    , array([ 3.94814    ,  0.207249   ,  0.0467811  ,  7.08981e-37])
4605    , -3232.33    , array([ 3.9442     ,  0.207456   ,  0.0467811  ,  7.08981e-37])
4606    , -3233.34    , array([ 3.9442     ,  0.207249   ,  0.0468279  ,  7.08981e-37])
4607    , -3232.33    , array([ 3.9442     ,  0.207249   ,  0.0467811  ,  7.0969e-37 ])
4614    , -3232.33    , array([ 3.94398    ,  0.207249   ,  0.046782   ,  7.08981e-37])
4615    , -3232.33    , array([ 3.94398    ,  0.207249   ,  0.046782   ,  7.08981e-37])
4616    , -3232.74    , array([ 3.94792    ,  0.207249   ,  0.046782   ,  7.08981e-37])
4617    , -3232.33    , array([ 3.94398    ,  0.207456   ,  0.046782   ,  7.08981e-37])
4618    , -3233.34    , array([ 3.94398    ,  0.207249   ,  0.0468288  ,  7.08981e-37])
4619    , -3232.33    , array([ 3.94398    ,  0.207249   ,  0.046782   ,  7.0969e-37 ])
4620    , -3232.33    , array([ 3.94376    ,  0.207249   ,  0.0467829  ,  7.08981e-37])
4621    , -3232.33    , array([ 3.94376    ,  0.207249   ,  0.0467829  ,  7.08981e-37])
4622    , -3232.74    , array([ 3.9477     ,  0.207249   ,  0.0467829  ,  7.08981e-37])
4623    , -3232.33    , array([ 3.94376    ,  0.207456   ,  0.0467829  ,  7.08981e-37])
4624    , -3233.34    , array([ 3.94376    ,  0.207249   ,  0.0468297  ,  7.08981e-37])
4625    , -3232.33    , array([ 3.94376    ,  0.207249   ,  0.0467829  ,  7.0969e-37 ])
4632    , -3232.33    , array([ 3.9437     ,  0.207249   ,  0.0467831  ,  7.08981e-37])
4633    , -3232.33    , array([ 3.9437     ,  0.207249   ,  0.0467831  ,  7.08981e-37])
4634    , -3232.74    , array([ 3.94765    ,  0.207249   ,  0.0467831  ,  7.08981e-37])
4635    , -3232.33    , array([ 3.9437     ,  0.207456   ,  0.0467831  ,  7.08981e-37])
4636    , -3233.34    , array([ 3.9437     ,  0.207249   ,  0.04683    ,  7.08981e-37])
4637    , -3232.33    , array([ 3.9437     ,  0.207249   ,  0.0467831  ,  7.0969e-37 ])
4638    , -3232.32    , array([ 3.94365    ,  0.207249   ,  0.0467834  ,  7.08981e-37])
4639    , -3232.32    , array([ 3.94365    ,  0.207249   ,  0.0467834  ,  7.08981e-37])
4640    , -3232.74    , array([ 3.94759    ,  0.207249   ,  0.0467834  ,  7.08981e-37])
4641    , -3232.32    , array([ 3.94365    ,  0.207456   ,  0.0467834  ,  7.08981e-37])
4642    , -3233.33    , array([ 3.94365    ,  0.207249   ,  0.0468302  ,  7.08981e-37])
4643    , -3232.32    , array([ 3.94365    ,  0.207249   ,  0.0467834  ,  7.0969e-37 ])
4644    , -2336.8     , array([ 0.0129639  ,  0.207249   ,  0.340152   ,  7.08981e-37])
4645    , -2336.8     , array([ 0.0129639  ,  0.207249   ,  0.340152   ,  7.08981e-37])
4646    , -2336.8     , array([ 0.0129768  ,  0.207249   ,  0.340152   ,  7.08981e-37])
4647    , -2336.8     , array([ 0.0129639  ,  0.207456   ,  0.340152   ,  7.08981e-37])
4648    , -2336.8     , array([ 0.0129639  ,  0.207249   ,  0.340493   ,  7.08981e-37])
4649    , -2336.8     , array([ 0.0129639  ,  0.207249   ,  0.340152   ,  7.0969e-37 ])
4650    , -2336.8     , array([ 0.0129642  ,  0.207249   ,  0.340149   ,  7.08981e-37])
4651    , -2336.8     , array([ 0.0129642  ,  0.207249   ,  0.340149   ,  7.08981e-37])
4652    , -2336.8     , array([ 0.0129771  ,  0.207249   ,  0.340149   ,  7.08981e-37])
4653    , -2336.8     , array([ 0.0129642  ,  0.207456   ,  0.340149   ,  7.08981e-37])
4654    , -2336.8     , array([ 0.0129642  ,  0.207249   ,  0.34049    ,  7.08981e-37])
4655    , -2336.8     , array([ 0.0129642  ,  0.207249   ,  0.340149   ,  7.0969e-37 ])
4656    , -2336.8     , array([ 0.0129654  ,  0.207249   ,  0.340137   ,  7.08981e-37])
4657    , -2336.8     , array([ 0.0129654  ,  0.207249   ,  0.340137   ,  7.08981e-37])
4658    , -2336.8     , array([ 0.0129784  ,  0.207249   ,  0.340137   ,  7.08981e-37])
4659    , -2336.8     , array([ 0.0129654  ,  0.207456   ,  0.340137   ,  7.08981e-37])
4660    , -2336.8     , array([ 0.0129654  ,  0.207249   ,  0.340477   ,  7.08981e-37])
4661    , -2336.8     , array([ 0.0129654  ,  0.207249   ,  0.340137   ,  7.0969e-37 ])
4662    , -2336.8     , array([ 0.0129704  ,  0.207249   ,  0.340086   ,  7.08981e-37])
4663    , -2336.8     , array([ 0.0129704  ,  0.207249   ,  0.340086   ,  7.08981e-37])
4664    , -2336.8     , array([ 0.0129834  ,  0.207249   ,  0.340086   ,  7.08981e-37])
4665    , -2336.8     , array([ 0.0129704  ,  0.207456   ,  0.340086   ,  7.08981e-37])
4666    , -2336.8     , array([ 0.0129704  ,  0.207249   ,  0.340426   ,  7.08981e-37])
4667    , -2336.8     , array([ 0.0129704  ,  0.207249   ,  0.340086   ,  7.0969e-37 ])
4668    , -2336.8     , array([ 0.0129904  ,  0.207249   ,  0.339882   ,  7.08981e-37])
4669    , -2336.8     , array([ 0.0129904  ,  0.207249   ,  0.339882   ,  7.08981e-37])
4670    , -2336.8     , array([ 0.0130034  ,  0.207249   ,  0.339882   ,  7.08981e-37])
4671    , -2336.8     , array([ 0.0129904  ,  0.207456   ,  0.339882   ,  7.08981e-37])
4672    , -2336.8     , array([ 0.0129904  ,  0.207249   ,  0.340222   ,  7.08981e-37])
4673    , -2336.8     , array([ 0.0129904  ,  0.207249   ,  0.339882   ,  7.0969e-37 ])
4674    , -2336.8     , array([ 0.0130707  ,  0.207249   ,  0.33907    ,  7.08981e-37])
4675    , -2336.8     , array([ 0.0130707  ,  0.207249   ,  0.33907    ,  7.08981e-37])
4676    , -2336.8     , array([ 0.0130837  ,  0.207249   ,  0.33907    ,  7.08981e-37])
4677    , -2336.8     , array([ 0.0130707  ,  0.207456   ,  0.33907    ,  7.08981e-37])
4678    , -2336.8     , array([ 0.0130707  ,  0.207249   ,  0.339409   ,  7.08981e-37])
4679    , -2336.8     , array([ 0.0130707  ,  0.207249   ,  0.33907    ,  7.0969e-37 ])
4680    , -2336.8     , array([ 0.0133966  ,  0.207249   ,  0.335839   ,  7.08981e-37])
4681    , -2336.8     , array([ 0.0133966  ,  0.207249   ,  0.335839   ,  7.08981e-37])
4682    , -2336.8     , array([ 0.01341    ,  0.207249   ,  0.335839   ,  7.08981e-37])
4683    , -2336.8     , array([ 0.0133966  ,  0.207456   ,  0.335839   ,  7.08981e-37])
4684    , -2336.8     , array([ 0.0133966  ,  0.207249   ,  0.336175   ,  7.08981e-37])
4685    , -2336.8     , array([ 0.0133966  ,  0.207249   ,  0.335839   ,  7.0969e-37 ])
4686    , -2336.8     , array([ 0.0147839  ,  0.207249   ,  0.32322    ,  7.08981e-37])
4687    , -2336.8     , array([ 0.0147839  ,  0.207249   ,  0.32322    ,  7.08981e-37])
4688    , -2336.8     , array([ 0.0147987  ,  0.207249   ,  0.32322    ,  7.08981e-37])
4689    , -2336.8     , array([ 0.0147839  ,  0.207456   ,  0.32322    ,  7.08981e-37])
4690    , -2336.8     , array([ 0.0147839  ,  0.207249   ,  0.323544   ,  7.08981e-37])
4691    , -2336.8     , array([ 0.0147839  ,  0.207249   ,  0.32322    ,  7.0969e-37 ])
4692    , -2335.52    , array([ 0.0219264  ,  0.207249   ,  0.277312   ,  7.08981e-37])
4693    , -2335.52    , array([ 0.0219264  ,  0.207249   ,  0.277312   ,  7.08981e-37])
4694    , -2335.5     , array([ 0.0219483  ,  0.207249   ,  0.277312   ,  7.08981e-37])
4695    , -2335.52    , array([ 0.0219264  ,  0.207456   ,  0.277312   ,  7.08981e-37])
4696    , -2335.53    , array([ 0.0219264  ,  0.207249   ,  0.27759    ,  7.08981e-37])
4697    , -2335.52    , array([ 0.0219264  ,  0.207249   ,  0.277312   ,  7.0969e-37 ])
4698    , -1336.9     , array([ 0.10609    ,  0.207249   ,  0.150263   ,  7.08981e-37])
4699    , -1336.9     , array([ 0.10609    ,  0.207249   ,  0.150263   ,  7.08981e-37])
4700    , -1337.01    , array([ 0.106196   ,  0.207249   ,  0.150263   ,  7.08981e-37])
4701    , -1336.9     , array([ 0.10609    ,  0.207456   ,  0.150263   ,  7.08981e-37])
4702    , -1334.73    , array([ 0.10609    ,  0.207249   ,  0.150413   ,  7.08981e-37])
4703    , -1336.9     , array([ 0.10609    ,  0.207249   ,  0.150263   ,  7.0969e-37 ])
4704    , -2334.56    , array([ 0.0226962  ,  0.207249   ,  0.273618   ,  7.08981e-37])
4705    , -2334.56    , array([ 0.0226962  ,  0.207249   ,  0.273618   ,  7.08981e-37])
4706    , -2334.53    , array([ 0.0227189  ,  0.207249   ,  0.273618   ,  7.08981e-37])
4707    , -2334.56    , array([ 0.0226962  ,  0.207456   ,  0.273618   ,  7.08981e-37])
4708    , -2334.58    , array([ 0.0226962  ,  0.207249   ,  0.273892   ,  7.08981e-37])
4709    , -2334.56    , array([ 0.0226962  ,  0.207249   ,  0.273618   ,  7.0969e-37 ])
4710    , -979.235    , array([ 0.0851274  ,  0.207249   ,  0.163685   ,  7.08981e-37])
4711    , -979.235    , array([ 0.0851274  ,  0.207249   ,  0.163685   ,  7.08981e-37])
4712    , -980.328    , array([ 0.0852126  ,  0.207249   ,  0.163685   ,  7.08981e-37])
4713    , -979.235    , array([ 0.0851274  ,  0.207456   ,  0.163685   ,  7.08981e-37])
4714    , -976.496    , array([ 0.0851274  ,  0.207249   ,  0.163849   ,  7.08981e-37])
4715    , -979.235    , array([ 0.0851274  ,  0.207249   ,  0.163685   ,  7.0969e-37 ])
4716    , -1192.18    , array([ 0.0439553  ,  0.207249   ,  0.21163    ,  7.08981e-37])
4717    , -1192.18    , array([ 0.0439553  ,  0.207249   ,  0.21163    ,  7.08981e-37])
4718    , -1189.3     , array([ 0.0439993  ,  0.207249   ,  0.21163    ,  7.08981e-37])
4719    , -1192.18    , array([ 0.0439553  ,  0.207456   ,  0.21163    ,  7.08981e-37])
4720    , -1195.86    , array([ 0.0439553  ,  0.207249   ,  0.211842   ,  7.08981e-37])
4721    , -1192.18    , array([ 0.0439553  ,  0.207249   ,  0.21163    ,  7.0969e-37 ])
4722    , -404.518    , array([ 0.0623199  ,  0.207249   ,  0.184778   ,  7.08981e-37])
4723    , -404.518    , array([ 0.0623199  ,  0.207249   ,  0.184778   ,  7.08981e-37])
4724    , -404.885    , array([ 0.0623823  ,  0.207249   ,  0.184778   ,  7.08981e-37])
4725    , -404.518    , array([ 0.0623199  ,  0.207456   ,  0.184778   ,  7.08981e-37])
4726    , -403.957    , array([ 0.0623199  ,  0.207249   ,  0.184963   ,  7.08981e-37])
4727    , -404.518    , array([ 0.0623199  ,  0.207249   ,  0.184778   ,  7.0969e-37 ])
4728    , -393.252    , array([ 0.0599702  ,  0.207249   ,  0.187559   ,  7.08981e-37])
4729    , -393.252    , array([ 0.0599702  ,  0.207249   ,  0.187559   ,  7.08981e-37])
4730    , -393.248    , array([ 0.0600302  ,  0.207249   ,  0.187559   ,  7.08981e-37])
4731    , -393.252    , array([ 0.0599702  ,  0.207456   ,  0.187559   ,  7.08981e-37])
4732    , -393.271    , array([ 0.0599702  ,  0.207249   ,  0.187747   ,  7.08981e-37])
4733    , -393.252    , array([ 0.0599702  ,  0.207249   ,  0.187559   ,  7.0969e-37 ])
4734    , -393.247    , array([ 0.0600138  ,  0.207249   ,  0.187506   ,  7.08981e-37])
4735    , -393.247    , array([ 0.0600138  ,  0.207249   ,  0.187506   ,  7.08981e-37])
4736    , -393.251    , array([ 0.0600739  ,  0.207249   ,  0.187506   ,  7.08981e-37])
4737    , -393.247    , array([ 0.0600138  ,  0.207456   ,  0.187506   ,  7.08981e-37])
4738    , -393.255    , array([ 0.0600138  ,  0.207249   ,  0.187694   ,  7.08981e-37])
4739    , -393.247    , array([ 0.0600138  ,  0.207249   ,  0.187506   ,  7.0969e-37 ])
4740    , -393.247    , array([ 0.0600114  ,  0.207249   ,  0.187509   ,  7.08981e-37])
4741    , -393.247    , array([ 0.0600114  ,  0.207249   ,  0.187509   ,  7.08981e-37])
4742    , -393.251    , array([ 0.0600714  ,  0.207249   ,  0.187509   ,  7.08981e-37])
4743    , -393.247    , array([ 0.0600114  ,  0.207456   ,  0.187509   ,  7.08981e-37])
4744    , -393.256    , array([ 0.0600114  ,  0.207249   ,  0.187697   ,  7.08981e-37])
4745    , -393.247    , array([ 0.0600114  ,  0.207249   ,  0.187509   ,  7.0969e-37 ])
4746    , -393.247    , array([ 0.0600114  ,  0.207249   ,  0.187509   ,  7.08981e-37])
4747    , -393.247    , array([ 0.0600114  ,  0.207249   ,  0.187509   ,  7.08981e-37])
4748    , -393.251    , array([ 0.0600714  ,  0.207249   ,  0.187509   ,  7.08981e-37])
4749    , -393.247    , array([ 0.0600114  ,  0.207456   ,  0.187509   ,  7.08981e-37])
4750    , -393.256    , array([ 0.0600114  ,  0.207249   ,  0.187697   ,  7.08981e-37])
4751    , -393.247    , array([ 0.0600114  ,  0.207249   ,  0.187509   ,  7.0969e-37 ])
4758    , -393.247    , array([ 0.0600114  ,  0.207249   ,  0.187509   ,  7.08981e-37])
4759    , -393.247    , array([ 0.0600114  ,  0.207249   ,  0.187509   ,  7.08981e-37])
4760    , -393.251    , array([ 0.0600714  ,  0.207249   ,  0.187509   ,  7.08981e-37])
4761    , -393.247    , array([ 0.0600114  ,  0.207456   ,  0.187509   ,  7.08981e-37])
4762    , -393.256    , array([ 0.0600114  ,  0.207249   ,  0.187697   ,  7.08981e-37])
4763    , -393.247    , array([ 0.0600114  ,  0.207249   ,  0.187509   ,  7.0969e-37 ])
4764    , -393.247    , array([ 0.0600114  ,  0.207249   ,  0.187509   ,  7.08981e-37])
4765    , -393.247    , array([ 0.0600114  ,  0.207249   ,  0.187509   ,  7.08981e-37])
4766    , -393.251    , array([ 0.0600714  ,  0.207249   ,  0.187509   ,  7.08981e-37])
4767    , -393.247    , array([ 0.0600114  ,  0.207456   ,  0.187509   ,  7.08981e-37])
4768    , -393.256    , array([ 0.0600114  ,  0.207249   ,  0.187697   ,  7.08981e-37])
4769    , -393.247    , array([ 0.0600114  ,  0.207249   ,  0.187509   ,  7.0969e-37 ])
4770    , -393.247    , array([ 0.0600114  ,  0.207249   ,  0.187509   ,  7.08981e-37])
4771    , -393.247    , array([ 0.0600114  ,  0.207249   ,  0.187509   ,  7.08981e-37])
4772    , -393.251    , array([ 0.0600714  ,  0.207249   ,  0.187509   ,  7.08981e-37])
4773    , -393.247    , array([ 0.0600114  ,  0.207456   ,  0.187509   ,  7.08981e-37])
4774    , -393.256    , array([ 0.0600114  ,  0.207249   ,  0.187697   ,  7.08981e-37])
4775    , -393.247    , array([ 0.0600114  ,  0.207249   ,  0.187509   ,  7.0969e-37 ])
4776    , -393.247    , array([ 0.0600114  ,  0.207249   ,  0.187509   ,  7.08981e-37])
4777    , -393.247    , array([ 0.0600114  ,  0.207249   ,  0.187509   ,  7.08981e-37])
4778    , -393.251    , array([ 0.0600714  ,  0.207249   ,  0.187509   ,  7.08981e-37])
4779    , -393.247    , array([ 0.0600114  ,  0.207456   ,  0.187509   ,  7.08981e-37])
4780    , -393.256    , array([ 0.0600114  ,  0.207249   ,  0.187697   ,  7.08981e-37])
4781    , -393.247    , array([ 0.0600114  ,  0.207249   ,  0.187509   ,  7.0969e-37 ])
4782    , -393.247    , array([ 0.0600114  ,  0.207249   ,  0.187509   ,  7.08981e-37])
4783    , -393.247    , array([ 0.0600114  ,  0.207249   ,  0.187509   ,  7.08981e-37])
4784    , -393.251    , array([ 0.0600714  ,  0.207249   ,  0.187509   ,  7.08981e-37])
4785    , -393.247    , array([ 0.0600114  ,  0.207456   ,  0.187509   ,  7.08981e-37])
4786    , -393.256    , array([ 0.0600114  ,  0.207249   ,  0.187697   ,  7.08981e-37])
4787    , -393.247    , array([ 0.0600114  ,  0.207249   ,  0.187509   ,  7.0969e-37 ])
4788    , -393.247    , array([ 0.0600114  ,  0.207249   ,  0.187509   ,  7.08981e-37])
4789    , -393.247    , array([ 0.0600114  ,  0.207249   ,  0.187509   ,  7.08981e-37])
4790    , -393.251    , array([ 0.0600714  ,  0.207249   ,  0.187509   ,  7.08981e-37])
4791    , -393.247    , array([ 0.0600114  ,  0.207456   ,  0.187509   ,  7.08981e-37])
4792    , -393.256    , array([ 0.0600114  ,  0.207249   ,  0.187697   ,  7.08981e-37])
4793    , -393.247    , array([ 0.0600114  ,  0.207249   ,  0.187509   ,  7.0969e-37 ])
4794    , -393.247    , array([ 0.0600113  ,  0.207249   ,  0.187509   ,  7.08981e-37])
4795    , -393.247    , array([ 0.0600113  ,  0.207249   ,  0.187509   ,  7.08981e-37])
4796    , -393.251    , array([ 0.0600714  ,  0.207249   ,  0.187509   ,  7.08981e-37])
4797    , -393.247    , array([ 0.0600113  ,  0.207456   ,  0.187509   ,  7.08981e-37])
4798    , -393.256    , array([ 0.0600113  ,  0.207249   ,  0.187697   ,  7.08981e-37])
4799    , -393.247    , array([ 0.0600113  ,  0.207249   ,  0.187509   ,  7.0969e-37 ])
4800    , -393.247    , array([ 0.0600112  ,  0.207249   ,  0.187509   ,  7.08981e-37])
4801    , -393.247    , array([ 0.0600112  ,  0.207249   ,  0.187509   ,  7.08981e-37])
4802    , -393.251    , array([ 0.0600713  ,  0.207249   ,  0.187509   ,  7.08981e-37])
4803    , -393.247    , array([ 0.0600112  ,  0.207456   ,  0.187509   ,  7.08981e-37])
4804    , -393.256    , array([ 0.0600112  ,  0.207249   ,  0.187696   ,  7.08981e-37])
4805    , -393.247    , array([ 0.0600112  ,  0.207249   ,  0.187509   ,  7.0969e-37 ])
4806    , -393.247    , array([ 0.0600109  ,  0.207249   ,  0.187508   ,  7.08981e-37])
4807    , -393.247    , array([ 0.0600109  ,  0.207249   ,  0.187508   ,  7.08981e-37])
4808    , -393.251    , array([ 0.0600709  ,  0.207249   ,  0.187508   ,  7.08981e-37])
4809    , -393.247    , array([ 0.0600109  ,  0.207456   ,  0.187508   ,  7.08981e-37])
4810    , -393.256    , array([ 0.0600109  ,  0.207249   ,  0.187696   ,  7.08981e-37])
4811    , -393.247    , array([ 0.0600109  ,  0.207249   ,  0.187508   ,  7.0969e-37 ])
4812    , -393.247    , array([ 0.0600094  ,  0.207249   ,  0.187505   ,  7.08981e-37])
4813    , -393.247    , array([ 0.0600094  ,  0.207249   ,  0.187505   ,  7.08981e-37])
4814    , -393.251    , array([ 0.0600694  ,  0.207249   ,  0.187505   ,  7.08981e-37])
4815    , -393.247    , array([ 0.0600094  ,  0.207456   ,  0.187505   ,  7.08981e-37])
4816    , -393.256    , array([ 0.0600094  ,  0.207249   ,  0.187693   ,  7.08981e-37])
4817    , -393.247    , array([ 0.0600094  ,  0.207249   ,  0.187505   ,  7.0969e-37 ])
4818    , -393.247    , array([ 0.0600034  ,  0.207249   ,  0.187493   ,  7.08981e-37])
4819    , -393.247    , array([ 0.0600034  ,  0.207249   ,  0.187493   ,  7.08981e-37])
4820    , -393.251    , array([ 0.0600634  ,  0.207249   ,  0.187493   ,  7.08981e-37])
4821    , -393.247    , array([ 0.0600034  ,  0.207456   ,  0.187493   ,  7.08981e-37])
4822    , -393.256    , array([ 0.0600034  ,  0.207249   ,  0.18768    ,  7.08981e-37])
4823    , -393.247    , array([ 0.0600034  ,  0.207249   ,  0.187493   ,  7.0969e-37 ])
4824    , -393.247    , array([ 0.0599795  ,  0.207249   ,  0.187443   ,  7.08981e-37])
4825    , -393.247    , array([ 0.0599795  ,  0.207249   ,  0.187443   ,  7.08981e-37])
4826    , -393.25     , array([ 0.0600395  ,  0.207249   ,  0.187443   ,  7.08981e-37])
4827    , -393.247    , array([ 0.0599795  ,  0.207456   ,  0.187443   ,  7.08981e-37])
4828    , -393.256    , array([ 0.0599795  ,  0.207249   ,  0.187631   ,  7.08981e-37])
4829    , -393.247    , array([ 0.0599795  ,  0.207249   ,  0.187443   ,  7.0969e-37 ])
4830    , -393.246    , array([ 0.0598839  ,  0.207249   ,  0.187247   ,  7.08981e-37])
4831    , -393.246    , array([ 0.0598839  ,  0.207249   ,  0.187247   ,  7.08981e-37])
4832    , -393.249    , array([ 0.0599438  ,  0.207249   ,  0.187247   ,  7.08981e-37])
4833    , -393.246    , array([ 0.0598839  ,  0.207456   ,  0.187247   ,  7.08981e-37])
4834    , -393.254    , array([ 0.0598839  ,  0.207249   ,  0.187434   ,  7.08981e-37])
4835    , -393.246    , array([ 0.0598839  ,  0.207249   ,  0.187247   ,  7.0969e-37 ])
4836    , -393.242    , array([ 0.0595031  ,  0.207249   ,  0.186462   ,  7.08981e-37])
4837    , -393.242    , array([ 0.0595031  ,  0.207249   ,  0.186462   ,  7.08981e-37])
4838    , -393.245    , array([ 0.0595626  ,  0.207249   ,  0.186462   ,  7.08981e-37])
4839    , -393.242    , array([ 0.0595031  ,  0.207456   ,  0.186462   ,  7.08981e-37])
4840    , -393.25     , array([ 0.0595031  ,  0.207249   ,  0.186649   ,  7.08981e-37])
4841    , -393.242    , array([ 0.0595031  ,  0.207249   ,  0.186462   ,  7.0969e-37 ])
4842    , -393.226    , array([ 0.058004   ,  0.207249   ,  0.183356   ,  7.08981e-37])
4843    , -393.226    , array([ 0.058004   ,  0.207249   ,  0.183356   ,  7.08981e-37])
4844    , -393.228    , array([ 0.0580621  ,  0.207249   ,  0.183356   ,  7.08981e-37])
4845    , -393.226    , array([ 0.058004   ,  0.207456   ,  0.183356   ,  7.08981e-37])
4846    , -393.236    , array([ 0.058004   ,  0.207249   ,  0.18354    ,  7.08981e-37])
4847    , -393.226    , array([ 0.058004   ,  0.207249   ,  0.183356   ,  7.0969e-37 ])
4848    , -393.184    , array([ 0.052376   ,  0.207249   ,  0.171441   ,  7.08981e-37])
4849    , -393.184    , array([ 0.052376   ,  0.207249   ,  0.171441   ,  7.08981e-37])
4850    , -393.173    , array([ 0.0524284  ,  0.207249   ,  0.171441   ,  7.08981e-37])
4851    , -393.184    , array([ 0.052376   ,  0.207456   ,  0.171441   ,  7.08981e-37])
4852    , -393.215    , array([ 0.052376   ,  0.207249   ,  0.171612   ,  7.08981e-37])
4853    , -393.184    , array([ 0.052376   ,  0.207249   ,  0.171441   ,  7.0969e-37 ])
4854    , -396.499    , array([ 0.0348201  ,  0.207249   ,  0.131036   ,  7.08981e-37])
4855    , -396.499    , array([ 0.0348201  ,  0.207249   ,  0.131036   ,  7.08981e-37])
4856    , -396.229    , array([ 0.0348549  ,  0.207249   ,  0.131036   ,  7.08981e-37])
4857    , -396.499    , array([ 0.0348201  ,  0.207456   ,  0.131036   ,  7.08981e-37])
4858    , -396.891    , array([ 0.0348201  ,  0.207249   ,  0.131167   ,  7.08981e-37])
4859    , -396.499    , array([ 0.0348201  ,  0.207249   ,  0.131036   ,  7.0969e-37 ])
4860    , -393.213    , array([ 0.0488188  ,  0.207249   ,  0.163684   ,  7.08981e-37])
4861    , -393.213    , array([ 0.0488188  ,  0.207249   ,  0.163684   ,  7.08981e-37])
4862    , -393.182    , array([ 0.0488677  ,  0.207249   ,  0.163684   ,  7.08981e-37])
4863    , -393.213    , array([ 0.0488188  ,  0.207456   ,  0.163684   ,  7.08981e-37])
4864    , -393.272    , array([ 0.0488188  ,  0.207249   ,  0.163848   ,  7.08981e-37])
4865    , -393.213    , array([ 0.0488188  ,  0.207249   ,  0.163684   ,  7.0969e-37 ])
4866    , -393.185    , array([ 0.0516303  ,  0.207249   ,  0.16983    ,  7.08981e-37])
4867    , -393.185    , array([ 0.0516303  ,  0.207249   ,  0.16983    ,  7.08981e-37])
4868    , -393.17     , array([ 0.0516819  ,  0.207249   ,  0.16983    ,  7.08981e-37])
4869    , -393.185    , array([ 0.0516303  ,  0.207456   ,  0.16983    ,  7.08981e-37])
4870    , -393.22     , array([ 0.0516303  ,  0.207249   ,  0.17       ,  7.08981e-37])
4871    , -393.185    , array([ 0.0516303  ,  0.207249   ,  0.16983    ,  7.0969e-37 ])
4872    , -393.184    , array([ 0.0522174  ,  0.207249   ,  0.171099   ,  7.08981e-37])
4873    , -393.184    , array([ 0.0522174  ,  0.207249   ,  0.171099   ,  7.08981e-37])
4874    , -393.173    , array([ 0.0522696  ,  0.207249   ,  0.171099   ,  7.08981e-37])
4875    , -393.184    , array([ 0.0522174  ,  0.207456   ,  0.171099   ,  7.08981e-37])
4876    , -393.216    , array([ 0.0522174  ,  0.207249   ,  0.17127    ,  7.08981e-37])
4877    , -393.184    , array([ 0.0522174  ,  0.207249   ,  0.171099   ,  7.0969e-37 ])
4878    , -393.184    , array([ 0.0518291  ,  0.207249   ,  0.17026    ,  7.08981e-37])
4879    , -393.184    , array([ 0.0518291  ,  0.207249   ,  0.17026    ,  7.08981e-37])
4880    , -393.171    , array([ 0.051881   ,  0.207249   ,  0.17026    ,  7.08981e-37])
4881    , -393.184    , array([ 0.0518291  ,  0.207456   ,  0.17026    ,  7.08981e-37])
4882    , -393.218    , array([ 0.0518291  ,  0.207249   ,  0.170431   ,  7.08981e-37])
4883    , -393.184    , array([ 0.0518291  ,  0.207249   ,  0.17026    ,  7.0969e-37 ])
4884    , -393.184    , array([ 0.0521351  ,  0.207249   ,  0.170921   ,  7.08981e-37])
4885    , -393.184    , array([ 0.0521351  ,  0.207249   ,  0.170921   ,  7.08981e-37])
4886    , -393.172    , array([ 0.0521872  ,  0.207249   ,  0.170921   ,  7.08981e-37])
4887    , -393.184    , array([ 0.0521351  ,  0.207456   ,  0.170921   ,  7.08981e-37])
4888    , -393.216    , array([ 0.0521351  ,  0.207249   ,  0.171092   ,  7.08981e-37])
4889    , -393.184    , array([ 0.0521351  ,  0.207249   ,  0.170921   ,  7.0969e-37 ])
4890    , -393.184    , array([ 0.051933   ,  0.207249   ,  0.170485   ,  7.08981e-37])
4891    , -393.184    , array([ 0.051933   ,  0.207249   ,  0.170485   ,  7.08981e-37])
4892    , -393.171    , array([ 0.0519849  ,  0.207249   ,  0.170485   ,  7.08981e-37])
4893    , -393.184    , array([ 0.051933   ,  0.207456   ,  0.170485   ,  7.08981e-37])
4894    , -393.218    , array([ 0.051933   ,  0.207249   ,  0.170655   ,  7.08981e-37])
4895    , -393.184    , array([ 0.051933   ,  0.207249   ,  0.170485   ,  7.0969e-37 ])
4896    , -393.184    , array([ 0.0520923  ,  0.207249   ,  0.170829   ,  7.08981e-37])
4897    , -393.184    , array([ 0.0520923  ,  0.207249   ,  0.170829   ,  7.08981e-37])
4898    , -393.172    , array([ 0.0521444  ,  0.207249   ,  0.170829   ,  7.08981e-37])
4899    , -393.184    , array([ 0.0520923  ,  0.207456   ,  0.170829   ,  7.08981e-37])
4900    , -393.217    , array([ 0.0520923  ,  0.207249   ,  0.171      ,  7.08981e-37])
4901    , -393.184    , array([ 0.0520923  ,  0.207249   ,  0.170829   ,  7.0969e-37 ])
4902    , -393.184    , array([ 0.0519871  ,  0.207249   ,  0.170602   ,  7.08981e-37])
4903    , -393.184    , array([ 0.0519871  ,  0.207249   ,  0.170602   ,  7.08981e-37])
4904    , -393.172    , array([ 0.0520391  ,  0.207249   ,  0.170602   ,  7.08981e-37])
4905    , -393.184    , array([ 0.0519871  ,  0.207456   ,  0.170602   ,  7.08981e-37])
4906    , -393.217    , array([ 0.0519871  ,  0.207249   ,  0.170772   ,  7.08981e-37])
4907    , -393.184    , array([ 0.0519871  ,  0.207249   ,  0.170602   ,  7.0969e-37 ])
4908    , -393.184    , array([ 0.0519513  ,  0.207249   ,  0.170525   ,  7.08981e-37])
4909    , -393.184    , array([ 0.0519513  ,  0.207249   ,  0.170525   ,  7.08981e-37])
4910    , -393.171    , array([ 0.0520033  ,  0.207249   ,  0.170525   ,  7.08981e-37])
4911    , -393.184    , array([ 0.0519513  ,  0.207456   ,  0.170525   ,  7.08981e-37])
4912    , -393.218    , array([ 0.0519513  ,  0.207249   ,  0.170695   ,  7.08981e-37])
4913    , -393.184    , array([ 0.0519513  ,  0.207249   ,  0.170525   ,  7.0969e-37 ])
4914    , -393.184    , array([ 0.0519795  ,  0.207249   ,  0.170585   ,  7.08981e-37])
4915    , -393.184    , array([ 0.0519795  ,  0.207249   ,  0.170585   ,  7.08981e-37])
4916    , -393.172    , array([ 0.0520315  ,  0.207249   ,  0.170585   ,  7.08981e-37])
4917    , -393.184    , array([ 0.0519795  ,  0.207456   ,  0.170585   ,  7.08981e-37])
4918    , -393.217    , array([ 0.0519795  ,  0.207249   ,  0.170756   ,  7.08981e-37])
4919    , -393.184    , array([ 0.0519795  ,  0.207249   ,  0.170585   ,  7.0969e-37 ])
4920    , -393.184    , array([ 0.0519855  ,  0.207249   ,  0.170598   ,  7.08981e-37])
4921    , -393.184    , array([ 0.0519855  ,  0.207249   ,  0.170598   ,  7.08981e-37])
4922    , -393.172    , array([ 0.0520375  ,  0.207249   ,  0.170598   ,  7.08981e-37])
4923    , -393.184    , array([ 0.0519855  ,  0.207456   ,  0.170598   ,  7.08981e-37])
4924    , -393.217    , array([ 0.0519855  ,  0.207249   ,  0.170769   ,  7.08981e-37])
4925    , -393.184    , array([ 0.0519855  ,  0.207249   ,  0.170598   ,  7.0969e-37 ])
4926    , -393.184    , array([ 0.0519867  ,  0.207249   ,  0.170601   ,  7.08981e-37])
4927    , -393.184    , array([ 0.0519867  ,  0.207249   ,  0.170601   ,  7.08981e-37])
4928    , -393.172    , array([ 0.0520387  ,  0.207249   ,  0.170601   ,  7.08981e-37])
4929    , -393.184    , array([ 0.0519867  ,  0.207456   ,  0.170601   ,  7.08981e-37])
4930    , -393.217    , array([ 0.0519867  ,  0.207249   ,  0.170772   ,  7.08981e-37])
4931    , -393.184    , array([ 0.0519867  ,  0.207249   ,  0.170601   ,  7.0969e-37 ])
4932    , -393.184    , array([ 0.051987   ,  0.207249   ,  0.170602   ,  7.08981e-37])
4933    , -393.184    , array([ 0.051987   ,  0.207249   ,  0.170602   ,  7.08981e-37])
4934    , -393.172    , array([ 0.052039   ,  0.207249   ,  0.170602   ,  7.08981e-37])
4935    , -393.184    , array([ 0.051987   ,  0.207456   ,  0.170602   ,  7.08981e-37])
4936    , -393.217    , array([ 0.051987   ,  0.207249   ,  0.170772   ,  7.08981e-37])
4937    , -393.184    , array([ 0.051987   ,  0.207249   ,  0.170602   ,  7.0969e-37 ])
4938    , -393.184    , array([ 0.0519871  ,  0.207249   ,  0.170602   ,  7.08981e-37])
4939    , -393.184    , array([ 0.0519871  ,  0.207249   ,  0.170602   ,  7.08981e-37])
4940    , -393.172    , array([ 0.0520391  ,  0.207249   ,  0.170602   ,  7.08981e-37])
4941    , -393.184    , array([ 0.0519871  ,  0.207456   ,  0.170602   ,  7.08981e-37])
4942    , -393.217    , array([ 0.0519871  ,  0.207249   ,  0.170772   ,  7.08981e-37])
4943    , -393.184    , array([ 0.0519871  ,  0.207249   ,  0.170602   ,  7.0969e-37 ])
4944    , -393.184    , array([ 0.0519871  ,  0.207249   ,  0.170602   ,  7.08981e-37])
4945    , -393.184    , array([ 0.0519871  ,  0.207249   ,  0.170602   ,  7.08981e-37])
4946    , -393.172    , array([ 0.0520391  ,  0.207249   ,  0.170602   ,  7.08981e-37])
4947    , -393.184    , array([ 0.0519871  ,  0.207456   ,  0.170602   ,  7.08981e-37])
4948    , -393.217    , array([ 0.0519871  ,  0.207249   ,  0.170772   ,  7.08981e-37])
4949    , -393.184    , array([ 0.0519871  ,  0.207249   ,  0.170602   ,  7.0969e-37 ])
4950    , -393.184    , array([ 0.0519871  ,  0.207249   ,  0.170602   ,  7.08981e-37])
4951    , -393.184    , array([ 0.0519871  ,  0.207249   ,  0.170602   ,  7.08981e-37])
4952    , -393.172    , array([ 0.0520391  ,  0.207249   ,  0.170602   ,  7.08981e-37])
4953    , -393.184    , array([ 0.0519871  ,  0.207456   ,  0.170602   ,  7.08981e-37])
4954    , -393.217    , array([ 0.0519871  ,  0.207249   ,  0.170772   ,  7.08981e-37])
4955    , -393.184    , array([ 0.0519871  ,  0.207249   ,  0.170602   ,  7.0969e-37 ])
4956    , -393.184    , array([ 0.0519871  ,  0.207249   ,  0.170602   ,  7.08981e-37])
4957    , -393.184    , array([ 0.0519871  ,  0.207249   ,  0.170602   ,  7.08981e-37])
4958    , -393.172    , array([ 0.0520391  ,  0.207249   ,  0.170602   ,  7.08981e-37])
4959    , -393.184    , array([ 0.0519871  ,  0.207456   ,  0.170602   ,  7.08981e-37])
4960    , -393.217    , array([ 0.0519871  ,  0.207249   ,  0.170772   ,  7.08981e-37])
4961    , -393.184    , array([ 0.0519871  ,  0.207249   ,  0.170602   ,  7.0969e-37 ])
4962    , -393.184    , array([ 0.0519871  ,  0.207249   ,  0.170602   ,  7.08981e-37])
4963    , -393.184    , array([ 0.0519871  ,  0.207249   ,  0.170602   ,  7.08981e-37])
4964    , -393.172    , array([ 0.0520391  ,  0.207249   ,  0.170602   ,  7.08981e-37])
4965    , -393.184    , array([ 0.0519871  ,  0.207456   ,  0.170602   ,  7.08981e-37])
4966    , -393.217    , array([ 0.0519871  ,  0.207249   ,  0.170772   ,  7.08981e-37])
4967    , -393.184    , array([ 0.0519871  ,  0.207249   ,  0.170602   ,  7.0969e-37 ])
4968    , -393.184    , array([ 0.0519871  ,  0.207249   ,  0.170602   ,  7.08981e-37])
4969    , -393.184    , array([ 0.0519871  ,  0.207249   ,  0.170602   ,  7.08981e-37])
4970    , -393.172    , array([ 0.0520391  ,  0.207249   ,  0.170602   ,  7.08981e-37])
4971    , -393.184    , array([ 0.0519871  ,  0.207456   ,  0.170602   ,  7.08981e-37])
4972    , -393.217    , array([ 0.0519871  ,  0.207249   ,  0.170772   ,  7.08981e-37])
4973    , -393.184    , array([ 0.0519871  ,  0.207249   ,  0.170602   ,  7.0969e-37 ])
4974    , -393.184    , array([ 0.0519871  ,  0.207249   ,  0.170602   ,  7.08981e-37])
4975    , -393.184    , array([ 0.0519871  ,  0.207249   ,  0.170602   ,  7.08981e-37])
4976    , -393.172    , array([ 0.0520391  ,  0.207249   ,  0.170602   ,  7.08981e-37])
4977    , -393.184    , array([ 0.0519871  ,  0.207456   ,  0.170602   ,  7.08981e-37])
4978    , -393.217    , array([ 0.0519871  ,  0.207249   ,  0.170772   ,  7.08981e-37])
4979    , -393.184    , array([ 0.0519871  ,  0.207249   ,  0.170602   ,  7.0969e-37 ])
4980    , -393.184    , array([ 0.0519871  ,  0.207249   ,  0.170602   ,  7.08981e-37])
4981    , -393.184    , array([ 0.0519871  ,  0.207249   ,  0.170602   ,  7.08981e-37])
4982    , -393.172    , array([ 0.0520391  ,  0.207249   ,  0.170602   ,  7.08981e-37])
4983    , -393.184    , array([ 0.0519871  ,  0.207456   ,  0.170602   ,  7.08981e-37])
4984    , -393.217    , array([ 0.0519871  ,  0.207249   ,  0.170772   ,  7.08981e-37])
4985    , -393.184    , array([ 0.0519871  ,  0.207249   ,  0.170602   ,  7.0969e-37 ])
4986    , -393.184    , array([ 0.0519871  ,  0.207249   ,  0.170602   ,  7.08981e-37])
4987    , -393.184    , array([ 0.0519871  ,  0.207249   ,  0.170602   ,  7.08981e-37])
4988    , -393.172    , array([ 0.0520391  ,  0.207249   ,  0.170602   ,  7.08981e-37])
4989    , -393.184    , array([ 0.0519871  ,  0.207456   ,  0.170602   ,  7.08981e-37])
4990    , -393.217    , array([ 0.0519871  ,  0.207249   ,  0.170772   ,  7.08981e-37])
4991    , -393.184    , array([ 0.0519871  ,  0.207249   ,  0.170602   ,  7.0969e-37 ])
4992    , -393.184    , array([ 0.0519871  ,  0.207249   ,  0.170602   ,  7.08981e-37])
4993    , -393.184    , array([ 0.0519871  ,  0.207249   ,  0.170602   ,  7.08981e-37])
4994    , -393.172    , array([ 0.0520391  ,  0.207249   ,  0.170602   ,  7.08981e-37])
4995    , -393.184    , array([ 0.0519871  ,  0.207456   ,  0.170602   ,  7.08981e-37])
4996    , -393.217    , array([ 0.0519871  ,  0.207249   ,  0.170772   ,  7.08981e-37])
4997    , -393.184    , array([ 0.0519871  ,  0.207249   ,  0.170602   ,  7.0969e-37 ])
4998    , -393.184    , array([ 0.0519871  ,  0.207249   ,  0.170602   ,  7.08981e-37])
4999    , -393.184    , array([ 0.0519871  ,  0.207249   ,  0.170602   ,  7.08981e-37])
5000    , -393.172    , array([ 0.0520391  ,  0.207249   ,  0.170602   ,  7.08981e-37])
5001    , -393.184    , array([ 0.0519871  ,  0.207456   ,  0.170602   ,  7.08981e-37])
5002    , -393.217    , array([ 0.0519871  ,  0.207249   ,  0.170772   ,  7.08981e-37])
5003    , -393.184    , array([ 0.0519871  ,  0.207249   ,  0.170602   ,  7.0969e-37 ])
5004    , -393.184    , array([ 0.0519871  ,  0.207249   ,  0.170602   ,  7.08981e-37])
5005    , -393.184    , array([ 0.0519871  ,  0.207249   ,  0.170602   ,  7.08981e-37])
5006    , -393.172    , array([ 0.0520391  ,  0.207249   ,  0.170602   ,  7.08981e-37])
5007    , -393.184    , array([ 0.0519871  ,  0.207456   ,  0.170602   ,  7.08981e-37])
5008    , -393.217    , array([ 0.0519871  ,  0.207249   ,  0.170772   ,  7.08981e-37])
5009    , -393.184    , array([ 0.0519871  ,  0.207249   ,  0.170602   ,  7.0969e-37 ])
5010    , -393.247    , array([ 0.0600114  ,  0.207249   ,  0.187509   ,  7.08981e-37])
5011    , -393.247    , array([ 0.0600114  ,  0.207249   ,  0.187509   ,  7.08981e-37])
5012    , -393.251    , array([ 0.0600714  ,  0.207249   ,  0.187509   ,  7.08981e-37])
5013    , -393.247    , array([ 0.0600114  ,  0.207456   ,  0.187509   ,  7.08981e-37])
5014    , -393.256    , array([ 0.0600114  ,  0.207249   ,  0.187697   ,  7.08981e-37])
5015    , -393.247    , array([ 0.0600114  ,  0.207249   ,  0.187509   ,  7.0969e-37 ])
5016    , -393.247    , array([ 0.0600114  ,  0.207249   ,  0.187509   ,  7.08981e-37])
5017    , -393.247    , array([ 0.0600114  ,  0.207249   ,  0.187509   ,  7.08981e-37])
5018    , -393.251    , array([ 0.0600714  ,  0.207249   ,  0.187509   ,  7.08981e-37])
5019    , -393.247    , array([ 0.0600114  ,  0.207456   ,  0.187509   ,  7.08981e-37])
5020    , -393.256    , array([ 0.0600114  ,  0.207249   ,  0.187697   ,  7.08981e-37])
5021    , -393.247    , array([ 0.0600114  ,  0.207249   ,  0.187509   ,  7.0969e-37 ])
5022    , -393.247    , array([ 0.0600114  ,  0.207249   ,  0.187509   ,  7.08981e-37])
5023    , -393.247    , array([ 0.0600114  ,  0.207249   ,  0.187509   ,  7.08981e-37])
5024    , -393.251    , array([ 0.0600714  ,  0.207249   ,  0.187509   ,  7.08981e-37])
5025    , -393.247    , array([ 0.0600114  ,  0.207456   ,  0.187509   ,  7.08981e-37])
5026    , -393.256    , array([ 0.0600114  ,  0.207249   ,  0.187697   ,  7.08981e-37])
5027    , -393.247    , array([ 0.0600114  ,  0.207249   ,  0.187509   ,  7.0969e-37 ])
5028    , -393.247    , array([ 0.0600114  ,  0.207249   ,  0.187509   ,  7.08981e-37])
5029    , -393.247    , array([ 0.0600114  ,  0.207249   ,  0.187509   ,  7.08981e-37])
5030    , -393.251    , array([ 0.0600714  ,  0.207249   ,  0.187509   ,  7.08981e-37])
5031    , -393.247    , array([ 0.0600114  ,  0.207456   ,  0.187509   ,  7.08981e-37])
5032    , -393.256    , array([ 0.0600114  ,  0.207249   ,  0.187697   ,  7.08981e-37])
5033    , -393.247    , array([ 0.0600114  ,  0.207249   ,  0.187509   ,  7.0969e-37 ])
5034    , -393.247    , array([ 0.0600114  ,  0.207249   ,  0.187509   ,  7.08981e-37])
5035    , -393.247    , array([ 0.0600114  ,  0.207249   ,  0.187509   ,  7.08981e-37])
5036    , -393.251    , array([ 0.0600714  ,  0.207249   ,  0.187509   ,  7.08981e-37])
5037    , -393.247    , array([ 0.0600114  ,  0.207456   ,  0.187509   ,  7.08981e-37])
5038    , -393.256    , array([ 0.0600114  ,  0.207249   ,  0.187697   ,  7.08981e-37])
5039    , -393.247    , array([ 0.0600114  ,  0.207249   ,  0.187509   ,  7.0969e-37 ])
5040    , -393.247    , array([ 0.0600114  ,  0.207249   ,  0.187509   ,  7.08981e-37])
5041    , -393.247    , array([ 0.0600114  ,  0.207249   ,  0.187509   ,  7.08981e-37])
5042    , -393.251    , array([ 0.0600714  ,  0.207249   ,  0.187509   ,  7.08981e-37])
5043    , -393.247    , array([ 0.0600114  ,  0.207456   ,  0.187509   ,  7.08981e-37])
5044    , -393.256    , array([ 0.0600114  ,  0.207249   ,  0.187697   ,  7.08981e-37])
5045    , -393.247    , array([ 0.0600114  ,  0.207249   ,  0.187509   ,  7.0969e-37 ])
5046    , -393.247    , array([ 0.0600114  ,  0.207249   ,  0.187509   ,  7.08981e-37])
5047    , -393.247    , array([ 0.0600114  ,  0.207249   ,  0.187509   ,  7.08981e-37])
5048    , -393.251    , array([ 0.0600714  ,  0.207249   ,  0.187509   ,  7.08981e-37])
5049    , -393.247    , array([ 0.0600114  ,  0.207456   ,  0.187509   ,  7.08981e-37])
5050    , -393.256    , array([ 0.0600114  ,  0.207249   ,  0.187697   ,  7.08981e-37])
5051    , -393.247    , array([ 0.0600114  ,  0.207249   ,  0.187509   ,  7.0969e-37 ])
5052    , -393.247    , array([ 0.0600114  ,  0.207249   ,  0.187509   ,  7.08981e-37])
5053    , -393.247    , array([ 0.0600114  ,  0.207249   ,  0.187509   ,  7.08981e-37])
5054    , -393.251    , array([ 0.0600714  ,  0.207249   ,  0.187509   ,  7.08981e-37])
5055    , -393.247    , array([ 0.0600114  ,  0.207456   ,  0.187509   ,  7.08981e-37])
5056    , -393.256    , array([ 0.0600114  ,  0.207249   ,  0.187697   ,  7.08981e-37])
5057    , -393.247    , array([ 0.0600114  ,  0.207249   ,  0.187509   ,  7.0969e-37 ])
5058    , -393.247    , array([ 0.0600114  ,  0.207249   ,  0.187509   ,  7.08981e-37])
5059    , -393.247    , array([ 0.0600114  ,  0.207249   ,  0.187509   ,  7.08981e-37])
5060    , -393.251    , array([ 0.0600714  ,  0.207249   ,  0.187509   ,  7.08981e-37])
5061    , -393.247    , array([ 0.0600114  ,  0.207456   ,  0.187509   ,  7.08981e-37])
5062    , -393.256    , array([ 0.0600114  ,  0.207249   ,  0.187697   ,  7.08981e-37])
5063    , -393.247    , array([ 0.0600114  ,  0.207249   ,  0.187509   ,  7.0969e-37 ])
5064    , -393.247    , array([ 0.0600114  ,  0.207249   ,  0.187509   ,  7.08981e-37])
5065    , -393.247    , array([ 0.0600114  ,  0.207249   ,  0.187509   ,  7.08981e-37])
5066    , -393.251    , array([ 0.0600714  ,  0.207249   ,  0.187509   ,  7.08981e-37])
5067    , -393.247    , array([ 0.0600114  ,  0.207456   ,  0.187509   ,  7.08981e-37])
5068    , -393.256    , array([ 0.0600114  ,  0.207249   ,  0.187697   ,  7.08981e-37])
5069    , -393.247    , array([ 0.0600114  ,  0.207249   ,  0.187509   ,  7.0969e-37 ])
5070    , -393.247    , array([ 0.0600113  ,  0.207249   ,  0.187509   ,  7.08981e-37])
5071    , -393.247    , array([ 0.0600113  ,  0.207249   ,  0.187509   ,  7.08981e-37])
5072    , -393.251    , array([ 0.0600714  ,  0.207249   ,  0.187509   ,  7.08981e-37])
5073    , -393.247    , array([ 0.0600113  ,  0.207456   ,  0.187509   ,  7.08981e-37])
5074    , -393.256    , array([ 0.0600113  ,  0.207249   ,  0.187697   ,  7.08981e-37])
5075    , -393.247    , array([ 0.0600113  ,  0.207249   ,  0.187509   ,  7.0969e-37 ])
5076    , -635.458    , array([ 0.305482   ,  0.207249   ,  0.547777   ,  7.08981e-37])
5077    , -410.298    , array([ 0.135397   ,  0.207249   ,  0.320489   ,  7.08981e-37])
5078    , -393.987    , array([ 0.0830835  ,  0.207249   ,  0.232323   ,  7.08981e-37])
5079    , -393.525    , array([ 0.0746912  ,  0.207249   ,  0.216585   ,  7.08981e-37])
5080    , -393.358    , array([ 0.0681869  ,  0.207249   ,  0.203968   ,  7.08981e-37])
5081    , -393.3      , array([ 0.0644112  ,  0.207249   ,  0.196456   ,  7.08981e-37])
5082    , -393.275    , array([ 0.0623744  ,  0.207249   ,  0.192341   ,  7.08981e-37])
5083    , -393.262    , array([ 0.0612836  ,  0.207249   ,  0.190118   ,  7.08981e-37])
5084    , -393.255    , array([ 0.0606977  ,  0.207249   ,  0.188919   ,  7.08981e-37])
5085    , -393.252    , array([ 0.060382   ,  0.207249   ,  0.188271   ,  7.08981e-37])
5086    , -393.25     , array([ 0.0602117  ,  0.207249   ,  0.187921   ,  7.08981e-37])
5087    , -393.249    , array([ 0.0601196  ,  0.207249   ,  0.187732   ,  7.08981e-37])
