255980  , -79089.4    , array([ 0.00299041 ,  0.09333    ,  4.2034e-16 ,  5.02578e-76,  3.966e-13  ])
255981  , -79089.4    , array([ 0.0029934  ,  0.09333    ,  4.2034e-16 ,  5.02578e-76,  3.966e-13  ])
255982  , -79089.4    , array([ 0.00299041 ,  0.0934234  ,  4.2034e-16 ,  5.02578e-76,  3.966e-13  ])
255983  , -79089.4    , array([ 0.00299041 ,  0.09333    ,  4.20761e-16,  5.02578e-76,  3.966e-13  ])
255984  , -79089.4    , array([ 0.00299041 ,  0.09333    ,  4.2034e-16 ,  5.03081e-76,  3.966e-13  ])
255985  , -79089.4    , array([ 0.00299041 ,  0.09333    ,  4.2034e-16 ,  5.02578e-76,  3.96996e-13])
255986  , -79089.4    , array([ 0.00299041 ,  0.09333    ,  4.2034e-16 ,  5.02578e-76,  3.966e-13  ])
255987  , -79089.4    , array([ 0.0029901  ,  0.0933296  ,  4.2034e-16 ,  5.02578e-76,  3.96644e-13])
255988  , -79089.4    , array([ 0.0029901  ,  0.0933296  ,  4.2034e-16 ,  5.02578e-76,  3.96644e-13])
255989  , -79089.4    , array([ 0.00299309 ,  0.0933296  ,  4.2034e-16 ,  5.02578e-76,  3.96644e-13])
255990  , -79089.4    , array([ 0.0029901  ,  0.0934229  ,  4.2034e-16 ,  5.02578e-76,  3.96644e-13])
255991  , -79089.4    , array([ 0.0029901  ,  0.0933296  ,  4.20761e-16,  5.02578e-76,  3.96644e-13])
255992  , -79089.4    , array([ 0.0029901  ,  0.0933296  ,  4.2034e-16 ,  5.03081e-76,  3.96644e-13])
255993  , -79089.4    , array([ 0.0029901  ,  0.0933296  ,  4.2034e-16 ,  5.02578e-76,  3.9704e-13 ])
255994  , -79089.4    , array([ 0.00298883 ,  0.0933277  ,  4.2034e-16 ,  5.02578e-76,  3.9682e-13 ])
255995  , -79089.4    , array([ 0.00298883 ,  0.0933277  ,  4.2034e-16 ,  5.02578e-76,  3.9682e-13 ])
255996  , -79089.4    , array([ 0.00299182 ,  0.0933277  ,  4.2034e-16 ,  5.02578e-76,  3.9682e-13 ])
255997  , -79089.4    , array([ 0.00298883 ,  0.0934211  ,  4.2034e-16 ,  5.02578e-76,  3.9682e-13 ])
255998  , -79089.4    , array([ 0.00298883 ,  0.0933277  ,  4.20761e-16,  5.02578e-76,  3.9682e-13 ])
255999  , -79089.4    , array([ 0.00298883 ,  0.0933277  ,  4.2034e-16 ,  5.03081e-76,  3.9682e-13 ])
256000  , -79089.4    , array([ 0.00298883 ,  0.0933277  ,  4.2034e-16 ,  5.02578e-76,  3.97217e-13])
256001  , -79089.4    , array([ 0.00298378 ,  0.0933203  ,  4.2034e-16 ,  5.02578e-76,  3.97525e-13])
256002  , -79089.4    , array([ 0.00298378 ,  0.0933203  ,  4.2034e-16 ,  5.02578e-76,  3.97525e-13])
256003  , -79089.4    , array([ 0.00298676 ,  0.0933203  ,  4.2034e-16 ,  5.02578e-76,  3.97525e-13])
256004  , -79089.4    , array([ 0.00298378 ,  0.0934137  ,  4.2034e-16 ,  5.02578e-76,  3.97525e-13])
256005  , -79089.4    , array([ 0.00298378 ,  0.0933203  ,  4.20761e-16,  5.02578e-76,  3.97525e-13])
256006  , -79089.4    , array([ 0.00298378 ,  0.0933203  ,  4.2034e-16 ,  5.03081e-76,  3.97525e-13])
256007  , -79089.4    , array([ 0.00298378 ,  0.0933203  ,  4.2034e-16 ,  5.02578e-76,  3.97922e-13])
256008  , -79089.4    , array([ 0.00296365 ,  0.0932907  ,  4.2034e-16 ,  5.02578e-76,  4.00358e-13])
256009  , -79089.4    , array([ 0.00296365 ,  0.0932907  ,  4.2034e-16 ,  5.02578e-76,  4.00358e-13])
256010  , -79089.4    , array([ 0.00296661 ,  0.0932907  ,  4.2034e-16 ,  5.02578e-76,  4.00358e-13])
256011  , -79089.4    , array([ 0.00296365 ,  0.093384   ,  4.2034e-16 ,  5.02578e-76,  4.00358e-13])
256012  , -79089.4    , array([ 0.00296365 ,  0.0932907  ,  4.20761e-16,  5.02578e-76,  4.00358e-13])
256013  , -79089.4    , array([ 0.00296365 ,  0.0932907  ,  4.2034e-16 ,  5.03081e-76,  4.00358e-13])
256014  , -79089.4    , array([ 0.00296365 ,  0.0932907  ,  4.2034e-16 ,  5.02578e-76,  4.00758e-13])
256015  , -79089.4    , array([ 0.00288447 ,  0.0931722  ,  4.2034e-16 ,  5.02578e-76,  4.11893e-13])
256016  , -79089.4    , array([ 0.00288447 ,  0.0931722  ,  4.2034e-16 ,  5.02578e-76,  4.11893e-13])
256017  , -79089.4    , array([ 0.00288736 ,  0.0931722  ,  4.2034e-16 ,  5.02578e-76,  4.11893e-13])
256018  , -79089.4    , array([ 0.00288447 ,  0.0932655  ,  4.2034e-16 ,  5.02578e-76,  4.11893e-13])
256019  , -79089.4    , array([ 0.00288447 ,  0.0931722  ,  4.20761e-16,  5.02578e-76,  4.11893e-13])
256020  , -79089.4    , array([ 0.00288447 ,  0.0931722  ,  4.2034e-16 ,  5.03081e-76,  4.11893e-13])
256021  , -79089.4    , array([ 0.00288447 ,  0.0931722  ,  4.2034e-16 ,  5.02578e-76,  4.12305e-13])
256022  , -79089.4    , array([ 0.00258836 ,  0.0927     ,  4.2034e-16 ,  5.02578e-76,  4.61455e-13])
256023  , -79089.4    , array([ 0.00258836 ,  0.0927     ,  4.2034e-16 ,  5.02578e-76,  4.61455e-13])
256024  , -79089.4    , array([ 0.00259095 ,  0.0927     ,  4.2034e-16 ,  5.02578e-76,  4.61455e-13])
256025  , -79089.4    , array([ 0.00258836 ,  0.0927927  ,  4.2034e-16 ,  5.02578e-76,  4.61455e-13])
256026  , -79089.4    , array([ 0.00258836 ,  0.0927     ,  4.20761e-16,  5.02578e-76,  4.61455e-13])
256027  , -79089.4    , array([ 0.00258836 ,  0.0927     ,  4.2034e-16 ,  5.03081e-76,  4.61455e-13])
256028  , -79089.4    , array([ 0.00258836 ,  0.0927     ,  4.2034e-16 ,  5.02578e-76,  4.61917e-13])
256029  , -79089.4    , array([ 0.00167826 ,  0.0908349  ,  4.2034e-16 ,  5.02578e-76,  7.26959e-13])
256030  , -79089.4    , array([ 0.00167826 ,  0.0908349  ,  4.2034e-16 ,  5.02578e-76,  7.26959e-13])
256031  , -79089.4    , array([ 0.00167994 ,  0.0908349  ,  4.2034e-16 ,  5.02578e-76,  7.26959e-13])
256032  , -79089.4    , array([ 0.00167826 ,  0.0909258  ,  4.2034e-16 ,  5.02578e-76,  7.26959e-13])
256033  , -79089.4    , array([ 0.00167826 ,  0.0908349  ,  4.20761e-16,  5.02578e-76,  7.26959e-13])
256034  , -79089.4    , array([ 0.00167826 ,  0.0908349  ,  4.2034e-16 ,  5.03081e-76,  7.26959e-13])
256035  , -79089.4    , array([ 0.00167826 ,  0.0908349  ,  4.2034e-16 ,  5.02578e-76,  7.27687e-13])
256043  , -79089.4    , array([ 0.00167826 ,  0.0908349  ,  4.2034e-16 ,  5.02578e-76,  7.26959e-13])
256044  , -79089.4    , array([ 0.00167826 ,  0.0908349  ,  4.2034e-16 ,  5.02578e-76,  7.26959e-13])
256045  , -79089.4    , array([ 0.00167994 ,  0.0908349  ,  4.2034e-16 ,  5.02578e-76,  7.26959e-13])
256046  , -79089.4    , array([ 0.00167826 ,  0.0909258  ,  4.2034e-16 ,  5.02578e-76,  7.26959e-13])
256047  , -79089.4    , array([ 0.00167826 ,  0.0908349  ,  4.20761e-16,  5.02578e-76,  7.26959e-13])
256048  , -79089.4    , array([ 0.00167826 ,  0.0908349  ,  4.2034e-16 ,  5.03081e-76,  7.26959e-13])
256049  , -79089.4    , array([ 0.00167826 ,  0.0908349  ,  4.2034e-16 ,  5.02578e-76,  7.27687e-13])
256050  , -79089.4    , array([ 0.00167826 ,  0.0908349  ,  4.2034e-16 ,  5.02578e-76,  7.26959e-13])
256051  , -79089.4    , array([ 0.00167826 ,  0.0908349  ,  4.2034e-16 ,  5.02578e-76,  7.26959e-13])
256052  , -79089.4    , array([ 0.00167994 ,  0.0908349  ,  4.2034e-16 ,  5.02578e-76,  7.26959e-13])
256053  , -79089.4    , array([ 0.00167826 ,  0.0909258  ,  4.2034e-16 ,  5.02578e-76,  7.26959e-13])
256054  , -79089.4    , array([ 0.00167826 ,  0.0908349  ,  4.20761e-16,  5.02578e-76,  7.26959e-13])
256055  , -79089.4    , array([ 0.00167826 ,  0.0908349  ,  4.2034e-16 ,  5.03081e-76,  7.26959e-13])
256056  , -79089.4    , array([ 0.00167826 ,  0.0908349  ,  4.2034e-16 ,  5.02578e-76,  7.27687e-13])
256064  , -79089.4    , array([ 0.00167826 ,  0.0908349  ,  4.2034e-16 ,  5.02578e-76,  7.26959e-13])
256065  , -79089.4    , array([ 0.00167826 ,  0.0908349  ,  4.2034e-16 ,  5.02578e-76,  7.26959e-13])
256066  , -79089.4    , array([ 0.00167994 ,  0.0908349  ,  4.2034e-16 ,  5.02578e-76,  7.26959e-13])
256067  , -79089.4    , array([ 0.00167826 ,  0.0909258  ,  4.2034e-16 ,  5.02578e-76,  7.26959e-13])
256068  , -79089.4    , array([ 0.00167826 ,  0.0908349  ,  4.20761e-16,  5.02578e-76,  7.26959e-13])
256069  , -79089.4    , array([ 0.00167826 ,  0.0908349  ,  4.2034e-16 ,  5.03081e-76,  7.26959e-13])
256070  , -79089.4    , array([ 0.00167826 ,  0.0908349  ,  4.2034e-16 ,  5.02578e-76,  7.27687e-13])
256071  , -79089.4    , array([ 0.00167826 ,  0.0908349  ,  4.2034e-16 ,  5.02578e-76,  7.26959e-13])
256072  , -79089.4    , array([ 0.00167826 ,  0.0908349  ,  4.2034e-16 ,  5.02578e-76,  7.26959e-13])
256073  , -79089.4    , array([ 0.00167994 ,  0.0908349  ,  4.2034e-16 ,  5.02578e-76,  7.26959e-13])
256074  , -79089.4    , array([ 0.00167826 ,  0.0909258  ,  4.2034e-16 ,  5.02578e-76,  7.26959e-13])
256075  , -79089.4    , array([ 0.00167826 ,  0.0908349  ,  4.20761e-16,  5.02578e-76,  7.26959e-13])
256076  , -79089.4    , array([ 0.00167826 ,  0.0908349  ,  4.2034e-16 ,  5.03081e-76,  7.26959e-13])
256077  , -79089.4    , array([ 0.00167826 ,  0.0908349  ,  4.2034e-16 ,  5.02578e-76,  7.27687e-13])
256078  , -79089.4    , array([ 0.00108816 ,  0.0890073  ,  4.2034e-16 ,  5.02578e-76,  1.14522e-12])
256079  , -79089.4    , array([ 0.00108816 ,  0.0890073  ,  4.2034e-16 ,  5.02578e-76,  1.14522e-12])
256080  , -79089.4    , array([ 0.00108925 ,  0.0890073  ,  4.2034e-16 ,  5.02578e-76,  1.14522e-12])
256081  , -79089.4    , array([ 0.00108816 ,  0.0890963  ,  4.2034e-16 ,  5.02578e-76,  1.14522e-12])
256082  , -79089.4    , array([ 0.00108816 ,  0.0890073  ,  4.20761e-16,  5.02578e-76,  1.14522e-12])
256083  , -79089.4    , array([ 0.00108816 ,  0.0890073  ,  4.2034e-16 ,  5.03081e-76,  1.14522e-12])
256084  , -79089.4    , array([ 0.00108816 ,  0.0890073  ,  4.2034e-16 ,  5.02578e-76,  1.14637e-12])
256085  , -79089.4    , array([ 0.00108816 ,  0.0890073  ,  4.2034e-16 ,  5.02578e-76,  1.14522e-12])
256086  , -79089.4    , array([ 0.00108816 ,  0.0890073  ,  4.2034e-16 ,  5.02578e-76,  1.14522e-12])
256087  , -79089.4    , array([ 0.00108925 ,  0.0890073  ,  4.2034e-16 ,  5.02578e-76,  1.14522e-12])
256088  , -79089.4    , array([ 0.00108816 ,  0.0890963  ,  4.2034e-16 ,  5.02578e-76,  1.14522e-12])
256089  , -79089.4    , array([ 0.00108816 ,  0.0890073  ,  4.20761e-16,  5.02578e-76,  1.14522e-12])
256090  , -79089.4    , array([ 0.00108816 ,  0.0890073  ,  4.2034e-16 ,  5.03081e-76,  1.14522e-12])
256091  , -79089.4    , array([ 0.00108816 ,  0.0890073  ,  4.2034e-16 ,  5.02578e-76,  1.14637e-12])
256092  , -79089.4    , array([ 0.00108816 ,  0.0890073  ,  4.2034e-16 ,  5.02578e-76,  1.14522e-12])
256093  , -79089.4    , array([ 0.00108816 ,  0.0890073  ,  4.2034e-16 ,  5.02578e-76,  1.14522e-12])
256094  , -79089.4    , array([ 0.00108925 ,  0.0890073  ,  4.2034e-16 ,  5.02578e-76,  1.14522e-12])
256095  , -79089.4    , array([ 0.00108816 ,  0.0890963  ,  4.2034e-16 ,  5.02578e-76,  1.14522e-12])
256096  , -79089.4    , array([ 0.00108816 ,  0.0890073  ,  4.20761e-16,  5.02578e-76,  1.14522e-12])
256097  , -79089.4    , array([ 0.00108816 ,  0.0890073  ,  4.2034e-16 ,  5.03081e-76,  1.14522e-12])
256098  , -79089.4    , array([ 0.00108816 ,  0.0890073  ,  4.2034e-16 ,  5.02578e-76,  1.14637e-12])
256106  , -79089.4    , array([ 0.00108816 ,  0.0890073  ,  4.2034e-16 ,  5.02578e-76,  1.14522e-12])
256107  , -79089.4    , array([ 0.00108816 ,  0.0890073  ,  4.2034e-16 ,  5.02578e-76,  1.14522e-12])
256108  , -79089.4    , array([ 0.00108925 ,  0.0890073  ,  4.2034e-16 ,  5.02578e-76,  1.14522e-12])
256109  , -79089.4    , array([ 0.00108816 ,  0.0890963  ,  4.2034e-16 ,  5.02578e-76,  1.14522e-12])
256110  , -79089.4    , array([ 0.00108816 ,  0.0890073  ,  4.20761e-16,  5.02578e-76,  1.14522e-12])
256111  , -79089.4    , array([ 0.00108816 ,  0.0890073  ,  4.2034e-16 ,  5.03081e-76,  1.14522e-12])
256112  , -79089.4    , array([ 0.00108816 ,  0.0890073  ,  4.2034e-16 ,  5.02578e-76,  1.14637e-12])
256113  , -79089.4    , array([ 0.00108816 ,  0.0890073  ,  4.2034e-16 ,  5.02578e-76,  1.14522e-12])
256114  , -79089.4    , array([ 0.00108816 ,  0.0890073  ,  4.2034e-16 ,  5.02578e-76,  1.14522e-12])
256115  , -79089.4    , array([ 0.00108925 ,  0.0890073  ,  4.2034e-16 ,  5.02578e-76,  1.14522e-12])
256116  , -79089.4    , array([ 0.00108816 ,  0.0890963  ,  4.2034e-16 ,  5.02578e-76,  1.14522e-12])
256117  , -79089.4    , array([ 0.00108816 ,  0.0890073  ,  4.20761e-16,  5.02578e-76,  1.14522e-12])
256118  , -79089.4    , array([ 0.00108816 ,  0.0890073  ,  4.2034e-16 ,  5.03081e-76,  1.14522e-12])
256119  , -79089.4    , array([ 0.00108816 ,  0.0890073  ,  4.2034e-16 ,  5.02578e-76,  1.14637e-12])
256127  , -79089.4    , array([ 0.00108816 ,  0.0890073  ,  4.2034e-16 ,  5.02578e-76,  1.14522e-12])
256128  , -79089.4    , array([ 0.00108816 ,  0.0890073  ,  4.2034e-16 ,  5.02578e-76,  1.14522e-12])
256129  , -79089.4    , array([ 0.00108925 ,  0.0890073  ,  4.2034e-16 ,  5.02578e-76,  1.14522e-12])
256130  , -79089.4    , array([ 0.00108816 ,  0.0890963  ,  4.2034e-16 ,  5.02578e-76,  1.14522e-12])
256131  , -79089.4    , array([ 0.00108816 ,  0.0890073  ,  4.20761e-16,  5.02578e-76,  1.14522e-12])
256132  , -79089.4    , array([ 0.00108816 ,  0.0890073  ,  4.2034e-16 ,  5.03081e-76,  1.14522e-12])
256133  , -79089.4    , array([ 0.00108816 ,  0.0890073  ,  4.2034e-16 ,  5.02578e-76,  1.14637e-12])
256134  , -79089.4    , array([ 0.00108816 ,  0.0890073  ,  4.2034e-16 ,  5.02578e-76,  1.14522e-12])
256135  , -79089.4    , array([ 0.00108816 ,  0.0890073  ,  4.2034e-16 ,  5.02578e-76,  1.14522e-12])
256136  , -79089.4    , array([ 0.00108925 ,  0.0890073  ,  4.2034e-16 ,  5.02578e-76,  1.14522e-12])
256137  , -79089.4    , array([ 0.00108816 ,  0.0890963  ,  4.2034e-16 ,  5.02578e-76,  1.14522e-12])
256138  , -79089.4    , array([ 0.00108816 ,  0.0890073  ,  4.20761e-16,  5.02578e-76,  1.14522e-12])
256139  , -79089.4    , array([ 0.00108816 ,  0.0890073  ,  4.2034e-16 ,  5.03081e-76,  1.14522e-12])
256140  , -79089.4    , array([ 0.00108816 ,  0.0890073  ,  4.2034e-16 ,  5.02578e-76,  1.14637e-12])
256141  , -79089.4    , array([ 0.0010308  ,  0.0887814  ,  4.2034e-16 ,  5.02578e-76,  1.21217e-12])
256142  , -79089.4    , array([ 0.0010308  ,  0.0887814  ,  4.2034e-16 ,  5.02578e-76,  1.21217e-12])
256143  , -79089.4    , array([ 0.00103183 ,  0.0887814  ,  4.2034e-16 ,  5.02578e-76,  1.21217e-12])
256144  , -79089.4    , array([ 0.0010308  ,  0.0888702  ,  4.2034e-16 ,  5.02578e-76,  1.21217e-12])
256145  , -79089.4    , array([ 0.0010308  ,  0.0887814  ,  4.20761e-16,  5.02578e-76,  1.21217e-12])
256146  , -79089.4    , array([ 0.0010308  ,  0.0887814  ,  4.2034e-16 ,  5.03081e-76,  1.21217e-12])
256147  , -79089.4    , array([ 0.0010308  ,  0.0887814  ,  4.2034e-16 ,  5.02578e-76,  1.21338e-12])
256148  , -79089.4    , array([ 0.0010308  ,  0.0887814  ,  4.2034e-16 ,  5.02578e-76,  1.21217e-12])
256149  , -79089.4    , array([ 0.0010308  ,  0.0887814  ,  4.2034e-16 ,  5.02578e-76,  1.21217e-12])
256150  , -79089.4    , array([ 0.00103183 ,  0.0887814  ,  4.2034e-16 ,  5.02578e-76,  1.21217e-12])
256151  , -79089.4    , array([ 0.0010308  ,  0.0888702  ,  4.2034e-16 ,  5.02578e-76,  1.21217e-12])
256152  , -79089.4    , array([ 0.0010308  ,  0.0887814  ,  4.20761e-16,  5.02578e-76,  1.21217e-12])
256153  , -79089.4    , array([ 0.0010308  ,  0.0887814  ,  4.2034e-16 ,  5.03081e-76,  1.21217e-12])
256154  , -79089.4    , array([ 0.0010308  ,  0.0887814  ,  4.2034e-16 ,  5.02578e-76,  1.21338e-12])
256155  , -79089.4    , array([ 0.0010308  ,  0.0887814  ,  4.2034e-16 ,  5.02578e-76,  1.21217e-12])
256156  , -79089.4    , array([ 0.0010308  ,  0.0887814  ,  4.2034e-16 ,  5.02578e-76,  1.21217e-12])
256157  , -79089.4    , array([ 0.00103183 ,  0.0887814  ,  4.2034e-16 ,  5.02578e-76,  1.21217e-12])
256158  , -79089.4    , array([ 0.0010308  ,  0.0888702  ,  4.2034e-16 ,  5.02578e-76,  1.21217e-12])
256159  , -79089.4    , array([ 0.0010308  ,  0.0887814  ,  4.20761e-16,  5.02578e-76,  1.21217e-12])
256160  , -79089.4    , array([ 0.0010308  ,  0.0887814  ,  4.2034e-16 ,  5.03081e-76,  1.21217e-12])
256161  , -79089.4    , array([ 0.0010308  ,  0.0887814  ,  4.2034e-16 ,  5.02578e-76,  1.21338e-12])
256162  , -79089.4    , array([ 0.00100326 ,  0.0886687  ,  4.2034e-16 ,  5.02578e-76,  1.24709e-12])
256163  , -79089.4    , array([ 0.00100326 ,  0.0886687  ,  4.2034e-16 ,  5.02578e-76,  1.24709e-12])
256164  , -79089.4    , array([ 0.00100426 ,  0.0886687  ,  4.2034e-16 ,  5.02578e-76,  1.24709e-12])
256165  , -79089.4    , array([ 0.00100326 ,  0.0887574  ,  4.2034e-16 ,  5.02578e-76,  1.24709e-12])
256166  , -79089.4    , array([ 0.00100326 ,  0.0886687  ,  4.20761e-16,  5.02578e-76,  1.24709e-12])
256167  , -79089.4    , array([ 0.00100326 ,  0.0886687  ,  4.2034e-16 ,  5.03081e-76,  1.24709e-12])
256168  , -79089.4    , array([ 0.00100326 ,  0.0886687  ,  4.2034e-16 ,  5.02578e-76,  1.24834e-12])
256169  , -79089.4    , array([ 0.00100326 ,  0.0886687  ,  4.2034e-16 ,  5.02578e-76,  1.24709e-12])
256170  , -79089.4    , array([ 0.00100326 ,  0.0886687  ,  4.2034e-16 ,  5.02578e-76,  1.24709e-12])
256171  , -79089.4    , array([ 0.00100426 ,  0.0886687  ,  4.2034e-16 ,  5.02578e-76,  1.24709e-12])
256172  , -79089.4    , array([ 0.00100326 ,  0.0887574  ,  4.2034e-16 ,  5.02578e-76,  1.24709e-12])
256173  , -79089.4    , array([ 0.00100326 ,  0.0886687  ,  4.20761e-16,  5.02578e-76,  1.24709e-12])
256174  , -79089.4    , array([ 0.00100326 ,  0.0886687  ,  4.2034e-16 ,  5.03081e-76,  1.24709e-12])
256175  , -79089.4    , array([ 0.00100326 ,  0.0886687  ,  4.2034e-16 ,  5.02578e-76,  1.24834e-12])
256176  , -79089.4    , array([ 0.00100326 ,  0.0886687  ,  4.2034e-16 ,  5.02578e-76,  1.24709e-12])
256177  , -79089.4    , array([ 0.00100326 ,  0.0886687  ,  4.2034e-16 ,  5.02578e-76,  1.24709e-12])
256178  , -79089.4    , array([ 0.00100426 ,  0.0886687  ,  4.2034e-16 ,  5.02578e-76,  1.24709e-12])
256179  , -79089.4    , array([ 0.00100326 ,  0.0887574  ,  4.2034e-16 ,  5.02578e-76,  1.24709e-12])
256180  , -79089.4    , array([ 0.00100326 ,  0.0886687  ,  4.20761e-16,  5.02578e-76,  1.24709e-12])
256181  , -79089.4    , array([ 0.00100326 ,  0.0886687  ,  4.2034e-16 ,  5.03081e-76,  1.24709e-12])
256182  , -79089.4    , array([ 0.00100326 ,  0.0886687  ,  4.2034e-16 ,  5.02578e-76,  1.24834e-12])
256190  , -79089.4    , array([ 0.00100326 ,  0.0886687  ,  4.2034e-16 ,  5.02578e-76,  1.24709e-12])
256191  , -79089.4    , array([ 0.00100326 ,  0.0886687  ,  4.2034e-16 ,  5.02578e-76,  1.24709e-12])
256192  , -79089.4    , array([ 0.00100426 ,  0.0886687  ,  4.2034e-16 ,  5.02578e-76,  1.24709e-12])
256193  , -79089.4    , array([ 0.00100326 ,  0.0887574  ,  4.2034e-16 ,  5.02578e-76,  1.24709e-12])
256194  , -79089.4    , array([ 0.00100326 ,  0.0886687  ,  4.20761e-16,  5.02578e-76,  1.24709e-12])
256195  , -79089.4    , array([ 0.00100326 ,  0.0886687  ,  4.2034e-16 ,  5.03081e-76,  1.24709e-12])
256196  , -79089.4    , array([ 0.00100326 ,  0.0886687  ,  4.2034e-16 ,  5.02578e-76,  1.24834e-12])
256197  , -79089.4    , array([ 0.00100326 ,  0.0886687  ,  4.2034e-16 ,  5.02578e-76,  1.24709e-12])
256198  , -79089.4    , array([ 0.00100326 ,  0.0886687  ,  4.2034e-16 ,  5.02578e-76,  1.24709e-12])
256199  , -79089.4    , array([ 0.00100426 ,  0.0886687  ,  4.2034e-16 ,  5.02578e-76,  1.24709e-12])
256200  , -79089.4    , array([ 0.00100326 ,  0.0887574  ,  4.2034e-16 ,  5.02578e-76,  1.24709e-12])
256201  , -79089.4    , array([ 0.00100326 ,  0.0886687  ,  4.20761e-16,  5.02578e-76,  1.24709e-12])
256202  , -79089.4    , array([ 0.00100326 ,  0.0886687  ,  4.2034e-16 ,  5.03081e-76,  1.24709e-12])
256203  , -79089.4    , array([ 0.00100326 ,  0.0886687  ,  4.2034e-16 ,  5.02578e-76,  1.24834e-12])
256211  , -79089.4    , array([ 0.00100326 ,  0.0886687  ,  4.2034e-16 ,  5.02578e-76,  1.24709e-12])
256212  , -79089.4    , array([ 0.00100326 ,  0.0886687  ,  4.2034e-16 ,  5.02578e-76,  1.24709e-12])
256213  , -79089.4    , array([ 0.00100426 ,  0.0886687  ,  4.2034e-16 ,  5.02578e-76,  1.24709e-12])
256214  , -79089.4    , array([ 0.00100326 ,  0.0887574  ,  4.2034e-16 ,  5.02578e-76,  1.24709e-12])
256215  , -79089.4    , array([ 0.00100326 ,  0.0886687  ,  4.20761e-16,  5.02578e-76,  1.24709e-12])
256216  , -79089.4    , array([ 0.00100326 ,  0.0886687  ,  4.2034e-16 ,  5.03081e-76,  1.24709e-12])
256217  , -79089.4    , array([ 0.00100326 ,  0.0886687  ,  4.2034e-16 ,  5.02578e-76,  1.24834e-12])
256218  , -79089.4    , array([ 0.00100326 ,  0.0886687  ,  4.2034e-16 ,  5.02578e-76,  1.24709e-12])
256219  , -79089.4    , array([ 0.00100326 ,  0.0886687  ,  4.2034e-16 ,  5.02578e-76,  1.24709e-12])
256220  , -79089.4    , array([ 0.00100426 ,  0.0886687  ,  4.2034e-16 ,  5.02578e-76,  1.24709e-12])
256221  , -79089.4    , array([ 0.00100326 ,  0.0887574  ,  4.2034e-16 ,  5.02578e-76,  1.24709e-12])
256222  , -79089.4    , array([ 0.00100326 ,  0.0886687  ,  4.20761e-16,  5.02578e-76,  1.24709e-12])
256223  , -79089.4    , array([ 0.00100326 ,  0.0886687  ,  4.2034e-16 ,  5.03081e-76,  1.24709e-12])
256224  , -79089.4    , array([ 0.00100326 ,  0.0886687  ,  4.2034e-16 ,  5.02578e-76,  1.24834e-12])
256227  , -79089.4    , array([ 0.00100087 ,  0.0886546  ,  4.2034e-16 ,  5.02578e-76,  1.25153e-12])
256232  , -79089.4    , array([ 0.00100295 ,  0.0886674  ,  4.2034e-16 ,  5.02578e-76,  1.24751e-12])
256233  , -79089.4    , array([ 0.00100295 ,  0.0886674  ,  4.2034e-16 ,  5.02578e-76,  1.24751e-12])
256234  , -79089.4    , array([ 0.00100395 ,  0.0886674  ,  4.2034e-16 ,  5.02578e-76,  1.24751e-12])
256235  , -79089.4    , array([ 0.00100295 ,  0.0887561  ,  4.2034e-16 ,  5.02578e-76,  1.24751e-12])
256236  , -79089.4    , array([ 0.00100295 ,  0.0886674  ,  4.20761e-16,  5.02578e-76,  1.24751e-12])
256237  , -79089.4    , array([ 0.00100295 ,  0.0886674  ,  4.2034e-16 ,  5.03081e-76,  1.24751e-12])
256238  , -79089.4    , array([ 0.00100295 ,  0.0886674  ,  4.2034e-16 ,  5.02578e-76,  1.24875e-12])
256239  , -79089.4    , array([ 0.00100281 ,  0.0886668  ,  4.2034e-16 ,  5.02578e-76,  1.24768e-12])
256240  , -79089.4    , array([ 0.00100281 ,  0.0886668  ,  4.2034e-16 ,  5.02578e-76,  1.24768e-12])
256241  , -79089.4    , array([ 0.00100381 ,  0.0886668  ,  4.2034e-16 ,  5.02578e-76,  1.24768e-12])
256242  , -79089.4    , array([ 0.00100281 ,  0.0887556  ,  4.2034e-16 ,  5.02578e-76,  1.24768e-12])
256243  , -79089.4    , array([ 0.00100281 ,  0.0886668  ,  4.20761e-16,  5.02578e-76,  1.24768e-12])
256244  , -79089.4    , array([ 0.00100281 ,  0.0886668  ,  4.2034e-16 ,  5.03081e-76,  1.24768e-12])
256245  , -79089.4    , array([ 0.00100281 ,  0.0886668  ,  4.2034e-16 ,  5.02578e-76,  1.24893e-12])
256246  , -79089.4    , array([ 0.00100134 ,  0.0886607  ,  4.2034e-16 ,  5.02578e-76,  1.24961e-12])
256247  , -79089.4    , array([ 0.00100134 ,  0.0886607  ,  4.2034e-16 ,  5.02578e-76,  1.24961e-12])
256248  , -79089.4    , array([ 0.00100234 ,  0.0886607  ,  4.2034e-16 ,  5.02578e-76,  1.24961e-12])
256249  , -79089.4    , array([ 0.00100134 ,  0.0887494  ,  4.2034e-16 ,  5.02578e-76,  1.24961e-12])
256250  , -79089.4    , array([ 0.00100134 ,  0.0886607  ,  4.20761e-16,  5.02578e-76,  1.24961e-12])
256251  , -79089.4    , array([ 0.00100134 ,  0.0886607  ,  4.2034e-16 ,  5.03081e-76,  1.24961e-12])
256252  , -79089.4    , array([ 0.00100134 ,  0.0886607  ,  4.2034e-16 ,  5.02578e-76,  1.25086e-12])
256253  , -79089.4    , array([ 0.00100134 ,  0.0886607  ,  4.2034e-16 ,  5.02578e-76,  1.24961e-12])
256254  , -79089.4    , array([ 0.00100134 ,  0.0886607  ,  4.2034e-16 ,  5.02578e-76,  1.24961e-12])
256255  , -79089.4    , array([ 0.00100234 ,  0.0886607  ,  4.2034e-16 ,  5.02578e-76,  1.24961e-12])
256256  , -79089.4    , array([ 0.00100134 ,  0.0887494  ,  4.2034e-16 ,  5.02578e-76,  1.24961e-12])
256257  , -79089.4    , array([ 0.00100134 ,  0.0886607  ,  4.20761e-16,  5.02578e-76,  1.24961e-12])
256258  , -79089.4    , array([ 0.00100134 ,  0.0886607  ,  4.2034e-16 ,  5.03081e-76,  1.24961e-12])
256259  , -79089.4    , array([ 0.00100134 ,  0.0886607  ,  4.2034e-16 ,  5.02578e-76,  1.25086e-12])
256260  , -79089.4    , array([ 0.0029901  ,  0.0933296  ,  4.2034e-16 ,  5.02578e-76,  3.96644e-13])
256261  , -79089.4    , array([ 0.0029901  ,  0.0933296  ,  4.2034e-16 ,  5.02578e-76,  3.96644e-13])
256262  , -79089.4    , array([ 0.00299309 ,  0.0933296  ,  4.2034e-16 ,  5.02578e-76,  3.96644e-13])
256263  , -79089.4    , array([ 0.0029901  ,  0.0934229  ,  4.2034e-16 ,  5.02578e-76,  3.96644e-13])
256264  , -79089.4    , array([ 0.0029901  ,  0.0933296  ,  4.20761e-16,  5.02578e-76,  3.96644e-13])
256265  , -79089.4    , array([ 0.0029901  ,  0.0933296  ,  4.2034e-16 ,  5.03081e-76,  3.96644e-13])
256266  , -79089.4    , array([ 0.0029901  ,  0.0933296  ,  4.2034e-16 ,  5.02578e-76,  3.9704e-13 ])
256267  , -79089.4    , array([ 0.00298978 ,  0.0933291  ,  4.2034e-16 ,  5.02578e-76,  3.96688e-13])
256268  , -79089.4    , array([ 0.00298978 ,  0.0933291  ,  4.2034e-16 ,  5.02578e-76,  3.96688e-13])
256269  , -79089.4    , array([ 0.00299277 ,  0.0933291  ,  4.2034e-16 ,  5.02578e-76,  3.96688e-13])
256270  , -79089.4    , array([ 0.00298978 ,  0.0934225  ,  4.2034e-16 ,  5.02578e-76,  3.96688e-13])
256271  , -79089.4    , array([ 0.00298978 ,  0.0933291  ,  4.20761e-16,  5.02578e-76,  3.96688e-13])
256272  , -79089.4    , array([ 0.00298978 ,  0.0933291  ,  4.2034e-16 ,  5.03081e-76,  3.96688e-13])
256273  , -79089.4    , array([ 0.00298978 ,  0.0933291  ,  4.2034e-16 ,  5.02578e-76,  3.97084e-13])
256274  , -79089.4    , array([ 0.00298915 ,  0.0933282  ,  4.2034e-16 ,  5.02578e-76,  3.96776e-13])
256275  , -79089.4    , array([ 0.00298915 ,  0.0933282  ,  4.2034e-16 ,  5.02578e-76,  3.96776e-13])
256276  , -79089.4    , array([ 0.00299214 ,  0.0933282  ,  4.2034e-16 ,  5.02578e-76,  3.96776e-13])
256277  , -79089.4    , array([ 0.00298915 ,  0.0934215  ,  4.2034e-16 ,  5.02578e-76,  3.96776e-13])
256278  , -79089.4    , array([ 0.00298915 ,  0.0933282  ,  4.20761e-16,  5.02578e-76,  3.96776e-13])
256279  , -79089.4    , array([ 0.00298915 ,  0.0933282  ,  4.2034e-16 ,  5.03081e-76,  3.96776e-13])
256280  , -79089.4    , array([ 0.00298915 ,  0.0933282  ,  4.2034e-16 ,  5.02578e-76,  3.97173e-13])
256281  , -79089.4    , array([ 0.00298788 ,  0.0933263  ,  4.2034e-16 ,  5.02578e-76,  3.96952e-13])
256282  , -79089.4    , array([ 0.00298788 ,  0.0933263  ,  4.2034e-16 ,  5.02578e-76,  3.96952e-13])
256283  , -79089.4    , array([ 0.00299087 ,  0.0933263  ,  4.2034e-16 ,  5.02578e-76,  3.96952e-13])
256284  , -79089.4    , array([ 0.00298788 ,  0.0934197  ,  4.2034e-16 ,  5.02578e-76,  3.96952e-13])
256285  , -79089.4    , array([ 0.00298788 ,  0.0933263  ,  4.20761e-16,  5.02578e-76,  3.96952e-13])
256286  , -79089.4    , array([ 0.00298788 ,  0.0933263  ,  4.2034e-16 ,  5.03081e-76,  3.96952e-13])
256287  , -79089.4    , array([ 0.00298788 ,  0.0933263  ,  4.2034e-16 ,  5.02578e-76,  3.97349e-13])
256288  , -79089.4    , array([ 0.00298536 ,  0.0933226  ,  4.2034e-16 ,  5.02578e-76,  3.97304e-13])
256289  , -79089.4    , array([ 0.00298536 ,  0.0933226  ,  4.2034e-16 ,  5.02578e-76,  3.97304e-13])
256290  , -79089.4    , array([ 0.00298834 ,  0.0933226  ,  4.2034e-16 ,  5.02578e-76,  3.97304e-13])
256291  , -79089.4    , array([ 0.00298536 ,  0.093416   ,  4.2034e-16 ,  5.02578e-76,  3.97304e-13])
256292  , -79089.4    , array([ 0.00298536 ,  0.0933226  ,  4.20761e-16,  5.02578e-76,  3.97304e-13])
256293  , -79089.4    , array([ 0.00298536 ,  0.0933226  ,  4.2034e-16 ,  5.03081e-76,  3.97304e-13])
256294  , -79089.4    , array([ 0.00298536 ,  0.0933226  ,  4.2034e-16 ,  5.02578e-76,  3.97702e-13])
256295  , -79089.4    , array([ 0.00298031 ,  0.0933152  ,  4.2034e-16 ,  5.02578e-76,  3.9801e-13 ])
256296  , -79089.4    , array([ 0.00298031 ,  0.0933152  ,  4.2034e-16 ,  5.02578e-76,  3.9801e-13 ])
256297  , -79089.4    , array([ 0.00298329 ,  0.0933152  ,  4.2034e-16 ,  5.02578e-76,  3.9801e-13 ])
256298  , -79089.4    , array([ 0.00298031 ,  0.0934086  ,  4.2034e-16 ,  5.02578e-76,  3.9801e-13 ])
256299  , -79089.4    , array([ 0.00298031 ,  0.0933152  ,  4.20761e-16,  5.02578e-76,  3.9801e-13 ])
256300  , -79089.4    , array([ 0.00298031 ,  0.0933152  ,  4.2034e-16 ,  5.03081e-76,  3.9801e-13 ])
256301  , -79089.4    , array([ 0.00298031 ,  0.0933152  ,  4.2034e-16 ,  5.02578e-76,  3.98408e-13])
256302  , -79089.4    , array([ 0.00297024 ,  0.0933004  ,  4.2034e-16 ,  5.02578e-76,  3.99426e-13])
256303  , -79089.4    , array([ 0.00297024 ,  0.0933004  ,  4.2034e-16 ,  5.02578e-76,  3.99426e-13])
256304  , -79089.4    , array([ 0.00297321 ,  0.0933004  ,  4.2034e-16 ,  5.02578e-76,  3.99426e-13])
256305  , -79089.4    , array([ 0.00297024 ,  0.0933937  ,  4.2034e-16 ,  5.02578e-76,  3.99426e-13])
256306  , -79089.4    , array([ 0.00297024 ,  0.0933004  ,  4.20761e-16,  5.02578e-76,  3.99426e-13])
256307  , -79089.4    , array([ 0.00297024 ,  0.0933004  ,  4.2034e-16 ,  5.03081e-76,  3.99426e-13])
256308  , -79089.4    , array([ 0.00297024 ,  0.0933004  ,  4.2034e-16 ,  5.02578e-76,  3.99826e-13])
256309  , -79089.4    , array([ 0.0029502  ,  0.0932708  ,  4.2034e-16 ,  5.02578e-76,  4.02272e-13])
256310  , -79089.4    , array([ 0.0029502  ,  0.0932708  ,  4.2034e-16 ,  5.02578e-76,  4.02272e-13])
256311  , -79089.4    , array([ 0.00295315 ,  0.0932708  ,  4.2034e-16 ,  5.02578e-76,  4.02272e-13])
256312  , -79089.4    , array([ 0.0029502  ,  0.0933641  ,  4.2034e-16 ,  5.02578e-76,  4.02272e-13])
256313  , -79089.4    , array([ 0.0029502  ,  0.0932708  ,  4.20761e-16,  5.02578e-76,  4.02272e-13])
256314  , -79089.4    , array([ 0.0029502  ,  0.0932708  ,  4.2034e-16 ,  5.03081e-76,  4.02272e-13])
256315  , -79089.4    , array([ 0.0029502  ,  0.0932708  ,  4.2034e-16 ,  5.02578e-76,  4.02675e-13])
256316  , -79089.4    , array([ 0.00291052 ,  0.0932115  ,  4.2034e-16 ,  5.02578e-76,  4.08027e-13])
256317  , -79089.4    , array([ 0.00291052 ,  0.0932115  ,  4.2034e-16 ,  5.02578e-76,  4.08027e-13])
256318  , -79089.4    , array([ 0.00291343 ,  0.0932115  ,  4.2034e-16 ,  5.02578e-76,  4.08027e-13])
256319  , -79089.4    , array([ 0.00291052 ,  0.0933048  ,  4.2034e-16 ,  5.02578e-76,  4.08027e-13])
256320  , -79089.4    , array([ 0.00291052 ,  0.0932115  ,  4.20761e-16,  5.02578e-76,  4.08027e-13])
256321  , -79089.4    , array([ 0.00291052 ,  0.0932115  ,  4.2034e-16 ,  5.03081e-76,  4.08027e-13])
256322  , -79089.4    , array([ 0.00291052 ,  0.0932115  ,  4.2034e-16 ,  5.02578e-76,  4.08435e-13])
256323  , -79089.4    , array([ 0.00283276 ,  0.0930932  ,  4.2034e-16 ,  5.02578e-76,  4.19783e-13])
256324  , -79089.4    , array([ 0.00283276 ,  0.0930932  ,  4.2034e-16 ,  5.02578e-76,  4.19783e-13])
256325  , -79089.4    , array([ 0.0028356  ,  0.0930932  ,  4.2034e-16 ,  5.02578e-76,  4.19783e-13])
256326  , -79089.4    , array([ 0.00283276 ,  0.0931863  ,  4.2034e-16 ,  5.02578e-76,  4.19783e-13])
256327  , -79089.4    , array([ 0.00283276 ,  0.0930932  ,  4.20761e-16,  5.02578e-76,  4.19783e-13])
256328  , -79089.4    , array([ 0.00283276 ,  0.0930932  ,  4.2034e-16 ,  5.03081e-76,  4.19783e-13])
256329  , -79089.4    , array([ 0.00283276 ,  0.0930932  ,  4.2034e-16 ,  5.02578e-76,  4.20203e-13])
256330  , -79089.4    , array([ 0.00268343 ,  0.092857   ,  4.2034e-16 ,  5.02578e-76,  4.44321e-13])
256331  , -79089.4    , array([ 0.00268343 ,  0.092857   ,  4.2034e-16 ,  5.02578e-76,  4.44321e-13])
256332  , -79089.4    , array([ 0.00268611 ,  0.092857   ,  4.2034e-16 ,  5.02578e-76,  4.44321e-13])
256333  , -79089.4    , array([ 0.00268343 ,  0.0929499  ,  4.2034e-16 ,  5.02578e-76,  4.44321e-13])
256334  , -79089.4    , array([ 0.00268343 ,  0.092857   ,  4.20761e-16,  5.02578e-76,  4.44321e-13])
256335  , -79089.4    , array([ 0.00268343 ,  0.092857   ,  4.2034e-16 ,  5.03081e-76,  4.44321e-13])
256336  , -79089.4    , array([ 0.00268343 ,  0.092857   ,  4.2034e-16 ,  5.02578e-76,  4.44766e-13])
256337  , -79089.4    , array([ 0.00464553 ,  0.0952784  ,  4.2034e-16 ,  5.02578e-76,  2.49851e-13])
256338  , -79089.4    , array([ 0.00353071 ,  0.0940599  ,  4.2034e-16 ,  5.02578e-76,  3.33188e-13])
256339  , -79089.4    , array([ 0.00307805 ,  0.0934565  ,  4.2034e-16 ,  5.02578e-76,  3.84763e-13])
256340  , -79089.4    , array([ 0.00287398 ,  0.0931563  ,  4.2034e-16 ,  5.02578e-76,  4.13471e-13])
256341  , -79089.4    , array([ 0.00277707 ,  0.0930065  ,  4.2034e-16 ,  5.02578e-76,  4.28619e-13])
256342  , -79089.4    , array([ 0.00272985 ,  0.0929317  ,  4.2034e-16 ,  5.02578e-76,  4.364e-13  ])
256343  , -79089.4    , array([ 0.00270654 ,  0.0928943  ,  4.2034e-16 ,  5.02578e-76,  4.40343e-13])
256344  , -79089.4    , array([ 0.00269496 ,  0.0928757  ,  4.2034e-16 ,  5.02578e-76,  4.42328e-13])
256345  , -79089.4    , array([ 0.00268919 ,  0.0928663  ,  4.2034e-16 ,  5.02578e-76,  4.43323e-13])
256346  , -79089.4    , array([ 0.00268631 ,  0.0928617  ,  4.2034e-16 ,  5.02578e-76,  4.43822e-13])
256347  , -79089.4    , array([ 0.00268487 ,  0.0928593  ,  4.2034e-16 ,  5.02578e-76,  4.44072e-13])
256348  , -79089.4    , array([ 0.00268415 ,  0.0928582  ,  4.2034e-16 ,  5.02578e-76,  4.44197e-13])
