201794  , -86219.2    , array([ 0.0257014  ,  5.56385    ,  1.27384e-27,  0.00222892 ,  0.0117383  ])
201795  , -86167.4    , array([ 0.0257271  ,  5.56385    ,  1.27384e-27,  0.00222892 ,  0.0117383  ])
201796  , -86220.1    , array([ 0.0257014  ,  5.56942    ,  1.27384e-27,  0.00222892 ,  0.0117383  ])
201797  , -86219.2    , array([ 0.0257014  ,  5.56385    ,  1.27512e-27,  0.00222892 ,  0.0117383  ])
201798  , -86219.2    , array([ 0.0257014  ,  5.56385    ,  1.27384e-27,  0.00223115 ,  0.0117383  ])
201799  , -86262.7    , array([ 0.0257014  ,  5.56385    ,  1.27384e-27,  0.00222892 ,  0.01175    ])
201800  , -86219.2    , array([ 0.0257014  ,  5.56385    ,  1.27384e-27,  0.00222892 ,  0.0117383  ])
201801  , -52800.9    , array([ 0.0557371  ,  5.49496    ,  1.27384e-27,  0.00222888 ,  0.00613634 ])
201802  , -52800.9    , array([ 0.0557371  ,  5.49496    ,  1.27384e-27,  0.00222888 ,  0.00613634 ])
201803  , -52798.4    , array([ 0.0557928  ,  5.49496    ,  1.27384e-27,  0.00222888 ,  0.00613634 ])
201804  , -52801.5    , array([ 0.0557371  ,  5.50046    ,  1.27384e-27,  0.00222888 ,  0.00613634 ])
201805  , -52800.9    , array([ 0.0557371  ,  5.49496    ,  1.27512e-27,  0.00222888 ,  0.00613634 ])
201806  , -52800.9    , array([ 0.0557371  ,  5.49496    ,  1.27384e-27,  0.00223111 ,  0.00613634 ])
201807  , -52801.2    , array([ 0.0557371  ,  5.49496    ,  1.27384e-27,  0.00222888 ,  0.00614248 ])
201815  , -52793.2    , array([ 0.0559021  ,  5.48507    ,  1.27384e-27,  0.00222888 ,  0.00615717 ])
201816  , -52793.2    , array([ 0.0559021  ,  5.48507    ,  1.27384e-27,  0.00222888 ,  0.00615717 ])
201817  , -52790.7    , array([ 0.0559581  ,  5.48507    ,  1.27384e-27,  0.00222888 ,  0.00615717 ])
201818  , -52793.8    , array([ 0.0559021  ,  5.49056    ,  1.27384e-27,  0.00222888 ,  0.00615717 ])
201819  , -52793.2    , array([ 0.0559021  ,  5.48507    ,  1.27512e-27,  0.00222888 ,  0.00615717 ])
201820  , -52793.2    , array([ 0.0559021  ,  5.48507    ,  1.27384e-27,  0.00223111 ,  0.00615717 ])
201821  , -52793.5    , array([ 0.0559021  ,  5.48507    ,  1.27384e-27,  0.00222888 ,  0.00616333 ])
201822  , -52785.5    , array([ 0.0560682  ,  5.47516    ,  1.27384e-27,  0.00222888 ,  0.00617814 ])
201823  , -52785.5    , array([ 0.0560682  ,  5.47516    ,  1.27384e-27,  0.00222888 ,  0.00617814 ])
201824  , -52783      , array([ 0.0561243  ,  5.47516    ,  1.27384e-27,  0.00222888 ,  0.00617814 ])
201825  , -52786.1    , array([ 0.0560682  ,  5.48064    ,  1.27384e-27,  0.00222888 ,  0.00617814 ])
201826  , -52785.5    , array([ 0.0560682  ,  5.47516    ,  1.27512e-27,  0.00222888 ,  0.00617814 ])
201827  , -52785.5    , array([ 0.0560682  ,  5.47516    ,  1.27384e-27,  0.00223111 ,  0.00617814 ])
201828  , -52785.8    , array([ 0.0560682  ,  5.47516    ,  1.27384e-27,  0.00222888 ,  0.00618433 ])
201836  , -52783.6    , array([ 0.05611    ,  5.47268    ,  1.27384e-27,  0.00222888 ,  0.00618342 ])
201837  , -52783.6    , array([ 0.05611    ,  5.47268    ,  1.27384e-27,  0.00222888 ,  0.00618342 ])
201838  , -52781      , array([ 0.0561661  ,  5.47268    ,  1.27384e-27,  0.00222888 ,  0.00618342 ])
201839  , -52784.2    , array([ 0.05611    ,  5.47816    ,  1.27384e-27,  0.00222888 ,  0.00618342 ])
201840  , -52783.6    , array([ 0.05611    ,  5.47268    ,  1.27512e-27,  0.00222888 ,  0.00618342 ])
201841  , -52783.6    , array([ 0.05611    ,  5.47268    ,  1.27384e-27,  0.00223111 ,  0.00618342 ])
201842  , -52783.8    , array([ 0.05611    ,  5.47268    ,  1.27384e-27,  0.00222888 ,  0.0061896  ])
201843  , -52781.6    , array([ 0.0561518  ,  5.4702     ,  1.27384e-27,  0.00222888 ,  0.0061887  ])
201844  , -52781.6    , array([ 0.0561518  ,  5.4702     ,  1.27384e-27,  0.00222888 ,  0.0061887  ])
201845  , -52779.1    , array([ 0.056208   ,  5.4702     ,  1.27384e-27,  0.00222888 ,  0.0061887  ])
201846  , -52782.2    , array([ 0.0561518  ,  5.47567    ,  1.27384e-27,  0.00222888 ,  0.0061887  ])
201847  , -52781.6    , array([ 0.0561518  ,  5.4702     ,  1.27512e-27,  0.00222888 ,  0.0061887  ])
201848  , -52781.6    , array([ 0.0561518  ,  5.4702     ,  1.27384e-27,  0.00223111 ,  0.0061887  ])
201849  , -52781.9    , array([ 0.0561518  ,  5.4702     ,  1.27384e-27,  0.00222888 ,  0.00619489 ])
201857  , -52781.1    , array([ 0.0561623  ,  5.46958    ,  1.27384e-27,  0.00222887 ,  0.00619002 ])
201858  , -52781.1    , array([ 0.0561623  ,  5.46958    ,  1.27384e-27,  0.00222887 ,  0.00619002 ])
201859  , -52778.6    , array([ 0.0562185  ,  5.46958    ,  1.27384e-27,  0.00222887 ,  0.00619002 ])
201860  , -52781.7    , array([ 0.0561623  ,  5.47505    ,  1.27384e-27,  0.00222887 ,  0.00619002 ])
201861  , -52781.1    , array([ 0.0561623  ,  5.46958    ,  1.27512e-27,  0.00222887 ,  0.00619002 ])
201862  , -52781.1    , array([ 0.0561623  ,  5.46958    ,  1.27384e-27,  0.0022311  ,  0.00619002 ])
201863  , -52781.4    , array([ 0.0561623  ,  5.46958    ,  1.27384e-27,  0.00222887 ,  0.00619622 ])
201864  , -52780.6    , array([ 0.0561728  ,  5.46895    ,  1.27384e-27,  0.00222887 ,  0.00619135 ])
201865  , -52780.6    , array([ 0.0561728  ,  5.46895    ,  1.27384e-27,  0.00222887 ,  0.00619135 ])
201866  , -52778.1    , array([ 0.056229   ,  5.46895    ,  1.27384e-27,  0.00222887 ,  0.00619135 ])
201867  , -52781.2    , array([ 0.0561728  ,  5.47443    ,  1.27384e-27,  0.00222887 ,  0.00619135 ])
201868  , -52780.6    , array([ 0.0561728  ,  5.46895    ,  1.27512e-27,  0.00222887 ,  0.00619135 ])
201869  , -52780.6    , array([ 0.0561728  ,  5.46895    ,  1.27384e-27,  0.0022311  ,  0.00619135 ])
201870  , -52780.9    , array([ 0.0561728  ,  5.46895    ,  1.27384e-27,  0.00222887 ,  0.00619754 ])
201871  , -16133.8    , array([ 1.49782    ,  0.739708   ,  1.27384e-27,  0.00222566 ,  0.266639   ])
201872  , -16133.8    , array([ 1.49782    ,  0.739708   ,  1.27384e-27,  0.00222566 ,  0.266639   ])
201873  , -16125      , array([ 1.49932    ,  0.739708   ,  1.27384e-27,  0.00222566 ,  0.266639   ])
201874  , -16135.8    , array([ 1.49782    ,  0.740448   ,  1.27384e-27,  0.00222566 ,  0.266639   ])
201875  , -16133.8    , array([ 1.49782    ,  0.739708   ,  1.27512e-27,  0.00222566 ,  0.266639   ])
201876  , -16133.8    , array([ 1.49782    ,  0.739708   ,  1.27384e-27,  0.00222789 ,  0.266639   ])
201877  , -16151.4    , array([ 1.49782    ,  0.739708   ,  1.27384e-27,  0.00222566 ,  0.266906   ])
201878  , -50114.8    , array([ 0.109056   ,  3.65045    ,  1.27384e-27,  0.00222822 ,  0.0132427  ])
201879  , -50114.8    , array([ 0.109056   ,  3.65045    ,  1.27384e-27,  0.00222822 ,  0.0132427  ])
201880  , -50110.9    , array([ 0.109165   ,  3.65045    ,  1.27384e-27,  0.00222822 ,  0.0132427  ])
201881  , -50116.5    , array([ 0.109056   ,  3.6541     ,  1.27384e-27,  0.00222822 ,  0.0132427  ])
201882  , -50114.8    , array([ 0.109056   ,  3.65045    ,  1.27512e-27,  0.00222822 ,  0.0132427  ])
201883  , -50114.8    , array([ 0.109056   ,  3.65045    ,  1.27384e-27,  0.00223045 ,  0.0132427  ])
201884  , -50114.1    , array([ 0.109056   ,  3.65045    ,  1.27384e-27,  0.00222822 ,  0.013256   ])
201885  , -15855.8    , array([ 1.13806    ,  0.874478   ,  1.27384e-27,  0.00222593 ,  0.19463    ])
201886  , -15855.8    , array([ 1.13806    ,  0.874478   ,  1.27384e-27,  0.00222593 ,  0.19463    ])
201887  , -15846.2    , array([ 1.1392     ,  0.874478   ,  1.27384e-27,  0.00222593 ,  0.19463    ])
201888  , -15865.6    , array([ 1.13806    ,  0.875353   ,  1.27384e-27,  0.00222593 ,  0.19463    ])
201889  , -15855.8    , array([ 1.13806    ,  0.874478   ,  1.27512e-27,  0.00222593 ,  0.19463    ])
201890  , -15855.8    , array([ 1.13806    ,  0.874478   ,  1.27384e-27,  0.00222816 ,  0.19463    ])
201891  , -15863.4    , array([ 1.13806    ,  0.874478   ,  1.27384e-27,  0.00222593 ,  0.194825   ])
201892  , -15399.4    , array([ 1.29098    ,  0.809813   ,  1.27384e-27,  0.00222581 ,  0.224885   ])
201893  , -15399.4    , array([ 1.29098    ,  0.809813   ,  1.27384e-27,  0.00222581 ,  0.224885   ])
201894  , -15390      , array([ 1.29228    ,  0.809813   ,  1.27384e-27,  0.00222581 ,  0.224885   ])
201895  , -15406.1    , array([ 1.29098    ,  0.810623   ,  1.27384e-27,  0.00222581 ,  0.224885   ])
201896  , -15399.4    , array([ 1.29098    ,  0.809813   ,  1.27512e-27,  0.00222581 ,  0.224885   ])
201897  , -15399.4    , array([ 1.29098    ,  0.809813   ,  1.27384e-27,  0.00222803 ,  0.224885   ])
201898  , -15411.2    , array([ 1.29098    ,  0.809813   ,  1.27384e-27,  0.00222581 ,  0.22511    ])
201906  , -15390.3    , array([ 1.29534    ,  0.806985   ,  1.27384e-27,  0.0022258  ,  0.225758   ])
201907  , -15390.3    , array([ 1.29534    ,  0.806985   ,  1.27384e-27,  0.0022258  ,  0.225758   ])
201908  , -15381      , array([ 1.29664    ,  0.806985   ,  1.27384e-27,  0.0022258  ,  0.225758   ])
201909  , -15396.9    , array([ 1.29534    ,  0.807792   ,  1.27384e-27,  0.0022258  ,  0.225758   ])
201910  , -15390.3    , array([ 1.29534    ,  0.806985   ,  1.27512e-27,  0.0022258  ,  0.225758   ])
201911  , -15390.3    , array([ 1.29534    ,  0.806985   ,  1.27384e-27,  0.00222803 ,  0.225758   ])
201912  , -15402.3    , array([ 1.29534    ,  0.806985   ,  1.27384e-27,  0.0022258  ,  0.225984   ])
201913  , -15372      , array([ 1.29422    ,  0.805538   ,  1.27384e-27,  0.00223633 ,  0.225482   ])
201914  , -15372      , array([ 1.29422    ,  0.805538   ,  1.27384e-27,  0.00223633 ,  0.225482   ])
201915  , -15362.7    , array([ 1.29551    ,  0.805538   ,  1.27384e-27,  0.00223633 ,  0.225482   ])
201916  , -15378.6    , array([ 1.29422    ,  0.806344   ,  1.27384e-27,  0.00223633 ,  0.225482   ])
201917  , -15372      , array([ 1.29422    ,  0.805538   ,  1.27512e-27,  0.00223633 ,  0.225482   ])
201918  , -15372      , array([ 1.29422    ,  0.805538   ,  1.27384e-27,  0.00223857 ,  0.225482   ])
201919  , -15384      , array([ 1.29422    ,  0.805538   ,  1.27384e-27,  0.00223633 ,  0.225708   ])
201920  , -15299.1    , array([ 1.28974    ,  0.799776   ,  1.27384e-27,  0.00227896 ,  0.224384   ])
201921  , -15299.1    , array([ 1.28974    ,  0.799776   ,  1.27384e-27,  0.00227896 ,  0.224384   ])
201922  , -15289.8    , array([ 1.29103    ,  0.799776   ,  1.27384e-27,  0.00227896 ,  0.224384   ])
201923  , -15305.7    , array([ 1.28974    ,  0.800577   ,  1.27384e-27,  0.00227896 ,  0.224384   ])
201924  , -15299.1    , array([ 1.28974    ,  0.799776   ,  1.27512e-27,  0.00227896 ,  0.224384   ])
201925  , -15299.1    , array([ 1.28974    ,  0.799776   ,  1.27384e-27,  0.00228124 ,  0.224384   ])
201926  , -15311.1    , array([ 1.28974    ,  0.799776   ,  1.27384e-27,  0.00227896 ,  0.224609   ])
201927  , -15011.1    , array([ 1.27196    ,  0.77714    ,  1.27384e-27,  0.00245772 ,  0.220044   ])
201928  , -15011.1    , array([ 1.27196    ,  0.77714    ,  1.27384e-27,  0.00245772 ,  0.220044   ])
201929  , -15001.8    , array([ 1.27323    ,  0.77714    ,  1.27384e-27,  0.00245772 ,  0.220044   ])
201930  , -15017.5    , array([ 1.27196    ,  0.777918   ,  1.27384e-27,  0.00245772 ,  0.220044   ])
201931  , -15011.1    , array([ 1.27196    ,  0.77714    ,  1.27512e-27,  0.00245772 ,  0.220044   ])
201932  , -15011.1    , array([ 1.27196    ,  0.77714    ,  1.27384e-27,  0.00246018 ,  0.220044   ])
201933  , -15023      , array([ 1.27196    ,  0.77714    ,  1.27384e-27,  0.00245772 ,  0.220265   ])
201934  , -13916      , array([ 1.20327    ,  0.692823   ,  1.27384e-27,  0.00332447 ,  0.203509   ])
201935  , -13916      , array([ 1.20327    ,  0.692823   ,  1.27384e-27,  0.00332447 ,  0.203509   ])
201936  , -13906.7    , array([ 1.20447    ,  0.692823   ,  1.27384e-27,  0.00332447 ,  0.203509   ])
201937  , -13921.7    , array([ 1.20327    ,  0.693516   ,  1.27384e-27,  0.00332447 ,  0.203509   ])
201938  , -13916      , array([ 1.20327    ,  0.692823   ,  1.27512e-27,  0.00332447 ,  0.203509   ])
201939  , -13915.9    , array([ 1.20327    ,  0.692823   ,  1.27384e-27,  0.00332779 ,  0.203509   ])
201940  , -13927.6    , array([ 1.20327    ,  0.692823   ,  1.27384e-27,  0.00332447 ,  0.203713   ])
201941  , -10873      , array([ 1.11178    ,  0.533749   ,  1.27384e-27,  0.786736   ,  0.168738   ])
201942  , -10873      , array([ 1.11178    ,  0.533749   ,  1.27384e-27,  0.786736   ,  0.168738   ])
201943  , -10865.9    , array([ 1.11289    ,  0.533749   ,  1.27384e-27,  0.786736   ,  0.168738   ])
201944  , -10881.3    , array([ 1.11178    ,  0.534283   ,  1.27384e-27,  0.786736   ,  0.168738   ])
201945  , -10873      , array([ 1.11178    ,  0.533749   ,  1.27512e-27,  0.786736   ,  0.168738   ])
201946  , -10873.3    , array([ 1.11178    ,  0.533749   ,  1.27384e-27,  0.787524   ,  0.168738   ])
201947  , -10877.7    , array([ 1.11178    ,  0.533749   ,  1.27384e-27,  0.786736   ,  0.168907   ])
201948  , -7192.91    , array([ 0.93845    ,  0.3102     ,  1.27384e-27,  0.0502872  ,  0.113043   ])
201949  , -7192.91    , array([ 0.93845    ,  0.3102     ,  1.27384e-27,  0.0502872  ,  0.113043   ])
201950  , -7186.5     , array([ 0.939388   ,  0.3102     ,  1.27384e-27,  0.0502872  ,  0.113043   ])
201951  , -7193.81    , array([ 0.93845    ,  0.310511   ,  1.27384e-27,  0.0502872  ,  0.113043   ])
201952  , -7192.91    , array([ 0.93845    ,  0.3102     ,  1.27512e-27,  0.0502872  ,  0.113043   ])
201953  , -7192.84    , array([ 0.93845    ,  0.3102     ,  1.27384e-27,  0.0503375  ,  0.113043   ])
201954  , -7201.85    , array([ 0.93845    ,  0.3102     ,  1.27384e-27,  0.0502872  ,  0.113156   ])
201955  , -3556.69    , array([ 0.769392   ,  0.12985    ,  1.27384e-27,  0.152046   ,  0.0545546  ])
201956  , -3556.69    , array([ 0.769392   ,  0.12985    ,  1.27384e-27,  0.152046   ,  0.0545546  ])
201957  , -3553.48    , array([ 0.770162   ,  0.12985    ,  1.27384e-27,  0.152046   ,  0.0545546  ])
201958  , -3553.07    , array([ 0.769392   ,  0.12998    ,  1.27384e-27,  0.152046   ,  0.0545546  ])
201959  , -3556.69    , array([ 0.769392   ,  0.12985    ,  1.27512e-27,  0.152046   ,  0.0545546  ])
201960  , -3556.6     , array([ 0.769392   ,  0.12985    ,  1.27384e-27,  0.152198   ,  0.0545546  ])
201961  , -3564       , array([ 0.769392   ,  0.12985    ,  1.27384e-27,  0.152046   ,  0.0546092  ])
201962  , -2378.48    , array([ 0.717436   ,  0.100435   ,  1.27384e-27,  0.0417471  ,  0.0365708  ])
201963  , -2378.48    , array([ 0.717436   ,  0.100435   ,  1.27384e-27,  0.0417471  ,  0.0365708  ])
201964  , -2376.49    , array([ 0.718154   ,  0.100435   ,  1.27384e-27,  0.0417471  ,  0.0365708  ])
201965  , -2378.11    , array([ 0.717436   ,  0.100536   ,  1.27384e-27,  0.0417471  ,  0.0365708  ])
201966  , -2378.48    , array([ 0.717436   ,  0.100435   ,  1.27512e-27,  0.0417471  ,  0.0365708  ])
201967  , -2378.48    , array([ 0.717436   ,  0.100435   ,  1.27384e-27,  0.0417889  ,  0.0365708  ])
201968  , -2380.85    , array([ 0.717436   ,  0.100435   ,  1.27384e-27,  0.0417471  ,  0.0366074  ])
201969  , -1939.31    , array([ 0.711328   ,  0.0743823  ,  1.27384e-27,  0.0159324  ,  0.025528   ])
201970  , -1939.31    , array([ 0.711328   ,  0.0743823  ,  1.27384e-27,  0.0159324  ,  0.025528   ])
201971  , -1938.28    , array([ 0.712039   ,  0.0743823  ,  1.27384e-27,  0.0159324  ,  0.025528   ])
201972  , -1940.33    , array([ 0.711328   ,  0.0744567  ,  1.27384e-27,  0.0159324  ,  0.025528   ])
201973  , -1939.31    , array([ 0.711328   ,  0.0743823  ,  1.27512e-27,  0.0159324  ,  0.025528   ])
201974  , -1939.31    , array([ 0.711328   ,  0.0743823  ,  1.27384e-27,  0.0159483  ,  0.025528   ])
201975  , -1939.08    , array([ 0.711328   ,  0.0743823  ,  1.27384e-27,  0.0159324  ,  0.0255536  ])
201976  , -1794.71    , array([ 0.74192    ,  0.0588693  ,  1.27384e-27,  0.0254002  ,  0.0210665  ])
201977  , -1794.71    , array([ 0.74192    ,  0.0588693  ,  1.27384e-27,  0.0254002  ,  0.0210665  ])
201978  , -1794.08    , array([ 0.742662   ,  0.0588693  ,  1.27384e-27,  0.0254002  ,  0.0210665  ])
201979  , -1794.46    , array([ 0.74192    ,  0.0589282  ,  1.27384e-27,  0.0254002  ,  0.0210665  ])
201980  , -1794.71    , array([ 0.74192    ,  0.0588693  ,  1.27512e-27,  0.0254002  ,  0.0210665  ])
201981  , -1794.71    , array([ 0.74192    ,  0.0588693  ,  1.27384e-27,  0.0254256  ,  0.0210665  ])
201982  , -1795.23    , array([ 0.74192    ,  0.0588693  ,  1.27384e-27,  0.0254002  ,  0.0210875  ])
201983  , -1752.61    , array([ 0.782589   ,  0.0532289  ,  1.27384e-27,  0.0217926  ,  0.0189503  ])
201984  , -1752.61    , array([ 0.782589   ,  0.0532289  ,  1.27384e-27,  0.0217926  ,  0.0189503  ])
201985  , -1752.19    , array([ 0.783372   ,  0.0532289  ,  1.27384e-27,  0.0217926  ,  0.0189503  ])
201986  , -1752.47    , array([ 0.782589   ,  0.0532822  ,  1.27384e-27,  0.0217926  ,  0.0189503  ])
201987  , -1752.61    , array([ 0.782589   ,  0.0532289  ,  1.27512e-27,  0.0217926  ,  0.0189503  ])
201988  , -1752.61    , array([ 0.782589   ,  0.0532289  ,  1.27384e-27,  0.0218144  ,  0.0189503  ])
201989  , -1752.8     , array([ 0.782589   ,  0.0532289  ,  1.27384e-27,  0.0217926  ,  0.0189693  ])
201990  , -1726.84    , array([ 0.848887   ,  0.0509143  ,  1.27384e-27,  0.0196472  ,  0.0180815  ])
201991  , -1726.84    , array([ 0.848887   ,  0.0509143  ,  1.27384e-27,  0.0196472  ,  0.0180815  ])
201992  , -1726.57    , array([ 0.849737   ,  0.0509143  ,  1.27384e-27,  0.0196472  ,  0.0180815  ])
201993  , -1726.77    , array([ 0.848887   ,  0.0509652  ,  1.27384e-27,  0.0196472  ,  0.0180815  ])
201994  , -1726.84    , array([ 0.848887   ,  0.0509143  ,  1.27512e-27,  0.0196472  ,  0.0180815  ])
201995  , -1726.84    , array([ 0.848887   ,  0.0509143  ,  1.27384e-27,  0.0196668  ,  0.0180815  ])
201996  , -1726.84    , array([ 0.848887   ,  0.0509143  ,  1.27384e-27,  0.0196472  ,  0.0180996  ])
201997  , -1697.05    , array([ 0.975471   ,  0.0512078  ,  1.27384e-27,  0.0182908  ,  0.0181902  ])
201998  , -1697.05    , array([ 0.975471   ,  0.0512078  ,  1.27384e-27,  0.0182908  ,  0.0181902  ])
201999  , -1696.91    , array([ 0.976447   ,  0.0512078  ,  1.27384e-27,  0.0182908  ,  0.0181902  ])
202000  , -1697.02    , array([ 0.975471   ,  0.051259   ,  1.27384e-27,  0.0182908  ,  0.0181902  ])
202001  , -1697.05    , array([ 0.975471   ,  0.0512078  ,  1.27512e-27,  0.0182908  ,  0.0181902  ])
202002  , -1697.05    , array([ 0.975471   ,  0.0512078  ,  1.27384e-27,  0.0183091  ,  0.0181902  ])
202003  , -1696.93    , array([ 0.975471   ,  0.0512078  ,  1.27384e-27,  0.0182908  ,  0.0182084  ])
202004  , -1658.13    , array([ 1.23778    ,  0.0559453  ,  1.27384e-27,  0.0175633  ,  0.0199369  ])
202005  , -1658.13    , array([ 1.23778    ,  0.0559453  ,  1.27384e-27,  0.0175633  ,  0.0199369  ])
202006  , -1658.1     , array([ 1.23902    ,  0.0559453  ,  1.27384e-27,  0.0175633  ,  0.0199369  ])
202007  , -1658.12    , array([ 1.23778    ,  0.0560012  ,  1.27384e-27,  0.0175633  ,  0.0199369  ])
202008  , -1658.13    , array([ 1.23778    ,  0.0559453  ,  1.27512e-27,  0.0175633  ,  0.0199369  ])
202009  , -1658.13    , array([ 1.23778    ,  0.0559453  ,  1.27384e-27,  0.0175808  ,  0.0199369  ])
202010  , -1657.96    , array([ 1.23778    ,  0.0559453  ,  1.27384e-27,  0.0175633  ,  0.0199569  ])
202011  , -1637.2     , array([ 1.52163    ,  0.0638364  ,  1.27384e-27,  0.0180086  ,  0.0228557  ])
202012  , -1637.2     , array([ 1.52163    ,  0.0638364  ,  1.27384e-27,  0.0180086  ,  0.0228557  ])
202013  , -1637.24    , array([ 1.52316    ,  0.0638364  ,  1.27384e-27,  0.0180086  ,  0.0228557  ])
202014  , -1637.21    , array([ 1.52163    ,  0.0639003  ,  1.27384e-27,  0.0180086  ,  0.0228557  ])
202015  , -1637.2     , array([ 1.52163    ,  0.0638364  ,  1.27512e-27,  0.0180086  ,  0.0228557  ])
202016  , -1637.2     , array([ 1.52163    ,  0.0638364  ,  1.27384e-27,  0.0180266  ,  0.0228557  ])
202017  , -1637.11    , array([ 1.52163    ,  0.0638364  ,  1.27384e-27,  0.0180086  ,  0.0228786  ])
202018  , -1634.18    , array([ 1.52128    ,  0.065846   ,  1.27384e-27,  0.0187391  ,  0.0236023  ])
202019  , -1634.18    , array([ 1.52128    ,  0.065846   ,  1.27384e-27,  0.0187391  ,  0.0236023  ])
202020  , -1634.22    , array([ 1.5228     ,  0.065846   ,  1.27384e-27,  0.0187391  ,  0.0236023  ])
202021  , -1634.18    , array([ 1.52128    ,  0.0659118  ,  1.27384e-27,  0.0187391  ,  0.0236023  ])
202022  , -1634.18    , array([ 1.52128    ,  0.065846   ,  1.27512e-27,  0.0187391  ,  0.0236023  ])
202023  , -1634.18    , array([ 1.52128    ,  0.065846   ,  1.27384e-27,  0.0187579  ,  0.0236023  ])
202024  , -1634.14    , array([ 1.52128    ,  0.065846   ,  1.27384e-27,  0.0187391  ,  0.023626   ])
202025  , -1631.56    , array([ 1.44419    ,  0.0679828  ,  1.27384e-27,  0.0201806  ,  0.0243842  ])
202026  , -1631.56    , array([ 1.44419    ,  0.0679828  ,  1.27384e-27,  0.0201806  ,  0.0243842  ])
202027  , -1631.56    , array([ 1.44564    ,  0.0679828  ,  1.27384e-27,  0.0201806  ,  0.0243842  ])
202028  , -1631.54    , array([ 1.44419    ,  0.0680508  ,  1.27384e-27,  0.0201806  ,  0.0243842  ])
202029  , -1631.56    , array([ 1.44419    ,  0.0679828  ,  1.27512e-27,  0.0201806  ,  0.0243842  ])
202030  , -1631.56    , array([ 1.44419    ,  0.0679828  ,  1.27384e-27,  0.0202008  ,  0.0243842  ])
202031  , -1631.58    , array([ 1.44419    ,  0.0679828  ,  1.27384e-27,  0.0201806  ,  0.0244086  ])
202032  , -1631.67    , array([ 1.43661    ,  0.0676944  ,  1.27384e-27,  0.0202475  ,  0.0242725  ])
202033  , -1631.67    , array([ 1.43661    ,  0.0676944  ,  1.27384e-27,  0.0202475  ,  0.0242725  ])
202034  , -1631.66    , array([ 1.43805    ,  0.0676944  ,  1.27384e-27,  0.0202475  ,  0.0242725  ])
202035  , -1631.65    , array([ 1.43661    ,  0.0677621  ,  1.27384e-27,  0.0202475  ,  0.0242725  ])
202036  , -1631.67    , array([ 1.43661    ,  0.0676944  ,  1.27512e-27,  0.0202475  ,  0.0242725  ])
202037  , -1631.66    , array([ 1.43661    ,  0.0676944  ,  1.27384e-27,  0.0202677  ,  0.0242725  ])
202038  , -1631.68    , array([ 1.43661    ,  0.0676944  ,  1.27384e-27,  0.0202475  ,  0.0242967  ])
202039  , -1631.56    , array([ 1.4438     ,  0.0679679  ,  1.27384e-27,  0.0201841  ,  0.0243784  ])
202040  , -1631.56    , array([ 1.4438     ,  0.0679679  ,  1.27384e-27,  0.0201841  ,  0.0243784  ])
202041  , -1631.56    , array([ 1.44524    ,  0.0679679  ,  1.27384e-27,  0.0201841  ,  0.0243784  ])
202042  , -1631.54    , array([ 1.4438     ,  0.0680359  ,  1.27384e-27,  0.0201841  ,  0.0243784  ])
202043  , -1631.56    , array([ 1.4438     ,  0.0679679  ,  1.27512e-27,  0.0201841  ,  0.0243784  ])
202044  , -1631.56    , array([ 1.4438     ,  0.0679679  ,  1.27384e-27,  0.0202043  ,  0.0243784  ])
202045  , -1631.58    , array([ 1.4438     ,  0.0679679  ,  1.27384e-27,  0.0201841  ,  0.0244028  ])
202046  , -1631.56    , array([ 1.44417    ,  0.067982   ,  1.27384e-27,  0.0201808  ,  0.0243839  ])
202047  , -1631.56    , array([ 1.44417    ,  0.067982   ,  1.27384e-27,  0.0201808  ,  0.0243839  ])
202048  , -1631.56    , array([ 1.44561    ,  0.067982   ,  1.27384e-27,  0.0201808  ,  0.0243839  ])
202049  , -1631.54    , array([ 1.44417    ,  0.06805    ,  1.27384e-27,  0.0201808  ,  0.0243839  ])
202050  , -1631.56    , array([ 1.44417    ,  0.067982   ,  1.27512e-27,  0.0201808  ,  0.0243839  ])
202051  , -1631.56    , array([ 1.44417    ,  0.067982   ,  1.27384e-27,  0.020201   ,  0.0243839  ])
202052  , -1631.58    , array([ 1.44417    ,  0.067982   ,  1.27384e-27,  0.0201808  ,  0.0244083  ])
202053  , -1631.56    , array([ 1.44419    ,  0.0679828  ,  1.27384e-27,  0.0201806  ,  0.0243842  ])
202054  , -1631.56    , array([ 1.44419    ,  0.0679828  ,  1.27384e-27,  0.0201806  ,  0.0243842  ])
202055  , -1631.56    , array([ 1.44563    ,  0.0679828  ,  1.27384e-27,  0.0201806  ,  0.0243842  ])
202056  , -1631.54    , array([ 1.44419    ,  0.0680508  ,  1.27384e-27,  0.0201806  ,  0.0243842  ])
202057  , -1631.56    , array([ 1.44419    ,  0.0679828  ,  1.27512e-27,  0.0201806  ,  0.0243842  ])
202058  , -1631.56    , array([ 1.44419    ,  0.0679828  ,  1.27384e-27,  0.0202008  ,  0.0243842  ])
202059  , -1631.58    , array([ 1.44419    ,  0.0679828  ,  1.27384e-27,  0.0201806  ,  0.0244086  ])
202060  , -1631.56    , array([ 1.44419    ,  0.0679828  ,  1.27384e-27,  0.0201806  ,  0.0243842  ])
202061  , -1631.56    , array([ 1.44419    ,  0.0679828  ,  1.27384e-27,  0.0201806  ,  0.0243842  ])
202062  , -1631.56    , array([ 1.44564    ,  0.0679828  ,  1.27384e-27,  0.0201806  ,  0.0243842  ])
202063  , -1631.54    , array([ 1.44419    ,  0.0680508  ,  1.27384e-27,  0.0201806  ,  0.0243842  ])
202064  , -1631.56    , array([ 1.44419    ,  0.0679828  ,  1.27512e-27,  0.0201806  ,  0.0243842  ])
202065  , -1631.56    , array([ 1.44419    ,  0.0679828  ,  1.27384e-27,  0.0202008  ,  0.0243842  ])
202066  , -1631.58    , array([ 1.44419    ,  0.0679828  ,  1.27384e-27,  0.0201806  ,  0.0244086  ])
202067  , -1631.56    , array([ 1.44419    ,  0.0679828  ,  1.27384e-27,  0.0201806  ,  0.0243842  ])
202068  , -1631.56    , array([ 1.44419    ,  0.0679828  ,  1.27384e-27,  0.0201806  ,  0.0243842  ])
202069  , -1631.56    , array([ 1.44564    ,  0.0679828  ,  1.27384e-27,  0.0201806  ,  0.0243842  ])
202070  , -1631.54    , array([ 1.44419    ,  0.0680508  ,  1.27384e-27,  0.0201806  ,  0.0243842  ])
202071  , -1631.56    , array([ 1.44419    ,  0.0679828  ,  1.27512e-27,  0.0201806  ,  0.0243842  ])
202072  , -1631.56    , array([ 1.44419    ,  0.0679828  ,  1.27384e-27,  0.0202008  ,  0.0243842  ])
202073  , -1631.58    , array([ 1.44419    ,  0.0679828  ,  1.27384e-27,  0.0201806  ,  0.0244086  ])
202074  , -1631.56    , array([ 1.44419    ,  0.0679828  ,  1.27384e-27,  0.0201806  ,  0.0243842  ])
202075  , -1631.56    , array([ 1.44419    ,  0.0679828  ,  1.27384e-27,  0.0201806  ,  0.0243842  ])
202076  , -1631.56    , array([ 1.44564    ,  0.0679828  ,  1.27384e-27,  0.0201806  ,  0.0243842  ])
202077  , -1631.54    , array([ 1.44419    ,  0.0680508  ,  1.27384e-27,  0.0201806  ,  0.0243842  ])
202078  , -1631.56    , array([ 1.44419    ,  0.0679828  ,  1.27512e-27,  0.0201806  ,  0.0243842  ])
202079  , -1631.56    , array([ 1.44419    ,  0.0679828  ,  1.27384e-27,  0.0202008  ,  0.0243842  ])
202080  , -1631.58    , array([ 1.44419    ,  0.0679828  ,  1.27384e-27,  0.0201806  ,  0.0244086  ])
202081  , -1631.56    , array([ 1.44419    ,  0.0679828  ,  1.27384e-27,  0.0201806  ,  0.0243842  ])
202082  , -1631.56    , array([ 1.44419    ,  0.0679828  ,  1.27384e-27,  0.0201806  ,  0.0243842  ])
202083  , -1631.56    , array([ 1.44564    ,  0.0679828  ,  1.27384e-27,  0.0201806  ,  0.0243842  ])
202084  , -1631.54    , array([ 1.44419    ,  0.0680508  ,  1.27384e-27,  0.0201806  ,  0.0243842  ])
202085  , -1631.56    , array([ 1.44419    ,  0.0679828  ,  1.27512e-27,  0.0201806  ,  0.0243842  ])
202086  , -1631.56    , array([ 1.44419    ,  0.0679828  ,  1.27384e-27,  0.0202008  ,  0.0243842  ])
202087  , -1631.58    , array([ 1.44419    ,  0.0679828  ,  1.27384e-27,  0.0201806  ,  0.0244086  ])
202088  , -1631.56    , array([ 1.44419    ,  0.0679828  ,  1.27384e-27,  0.0201806  ,  0.0243842  ])
202089  , -1631.56    , array([ 1.44419    ,  0.0679828  ,  1.27384e-27,  0.0201806  ,  0.0243842  ])
202090  , -1631.56    , array([ 1.44564    ,  0.0679828  ,  1.27384e-27,  0.0201806  ,  0.0243842  ])
202091  , -1631.54    , array([ 1.44419    ,  0.0680508  ,  1.27384e-27,  0.0201806  ,  0.0243842  ])
202092  , -1631.56    , array([ 1.44419    ,  0.0679828  ,  1.27512e-27,  0.0201806  ,  0.0243842  ])
202093  , -1631.56    , array([ 1.44419    ,  0.0679828  ,  1.27384e-27,  0.0202008  ,  0.0243842  ])
202094  , -1631.58    , array([ 1.44419    ,  0.0679828  ,  1.27384e-27,  0.0201806  ,  0.0244086  ])
202095  , -1631.56    , array([ 1.44419    ,  0.0679828  ,  1.27384e-27,  0.0201806  ,  0.0243842  ])
202096  , -1631.56    , array([ 1.44419    ,  0.0679828  ,  1.27384e-27,  0.0201806  ,  0.0243842  ])
202097  , -1631.56    , array([ 1.44564    ,  0.0679828  ,  1.27384e-27,  0.0201806  ,  0.0243842  ])
202098  , -1631.54    , array([ 1.44419    ,  0.0680508  ,  1.27384e-27,  0.0201806  ,  0.0243842  ])
202099  , -1631.56    , array([ 1.44419    ,  0.0679828  ,  1.27512e-27,  0.0201806  ,  0.0243842  ])
202100  , -1631.56    , array([ 1.44419    ,  0.0679828  ,  1.27384e-27,  0.0202008  ,  0.0243842  ])
202101  , -1631.58    , array([ 1.44419    ,  0.0679828  ,  1.27384e-27,  0.0201806  ,  0.0244086  ])
202102  , -1631.56    , array([ 1.44419    ,  0.0679828  ,  1.27384e-27,  0.0201806  ,  0.0243842  ])
202103  , -1631.56    , array([ 1.44419    ,  0.0679828  ,  1.27384e-27,  0.0201806  ,  0.0243842  ])
202104  , -1631.56    , array([ 1.44564    ,  0.0679828  ,  1.27384e-27,  0.0201806  ,  0.0243842  ])
202105  , -1631.54    , array([ 1.44419    ,  0.0680508  ,  1.27384e-27,  0.0201806  ,  0.0243842  ])
202106  , -1631.56    , array([ 1.44419    ,  0.0679828  ,  1.27512e-27,  0.0201806  ,  0.0243842  ])
202107  , -1631.56    , array([ 1.44419    ,  0.0679828  ,  1.27384e-27,  0.0202008  ,  0.0243842  ])
202108  , -1631.58    , array([ 1.44419    ,  0.0679828  ,  1.27384e-27,  0.0201806  ,  0.0244086  ])
202109  , -1631.56    , array([ 1.44419    ,  0.0679828  ,  1.27384e-27,  0.0201806  ,  0.0243842  ])
202110  , -1631.56    , array([ 1.44419    ,  0.0679828  ,  1.27384e-27,  0.0201806  ,  0.0243842  ])
202111  , -1631.56    , array([ 1.44564    ,  0.0679828  ,  1.27384e-27,  0.0201806  ,  0.0243842  ])
202112  , -1631.54    , array([ 1.44419    ,  0.0680508  ,  1.27384e-27,  0.0201806  ,  0.0243842  ])
202113  , -1631.56    , array([ 1.44419    ,  0.0679828  ,  1.27512e-27,  0.0201806  ,  0.0243842  ])
202114  , -1631.56    , array([ 1.44419    ,  0.0679828  ,  1.27384e-27,  0.0202008  ,  0.0243842  ])
202115  , -1631.58    , array([ 1.44419    ,  0.0679828  ,  1.27384e-27,  0.0201806  ,  0.0244086  ])
202116  , -1631.56    , array([ 1.44419    ,  0.0679828  ,  1.27384e-27,  0.0201806  ,  0.0243842  ])
202117  , -1631.56    , array([ 1.44419    ,  0.0679828  ,  1.27384e-27,  0.0201806  ,  0.0243842  ])
202118  , -1631.56    , array([ 1.44564    ,  0.0679828  ,  1.27384e-27,  0.0201806  ,  0.0243842  ])
202119  , -1631.54    , array([ 1.44419    ,  0.0680508  ,  1.27384e-27,  0.0201806  ,  0.0243842  ])
202120  , -1631.56    , array([ 1.44419    ,  0.0679828  ,  1.27512e-27,  0.0201806  ,  0.0243842  ])
202121  , -1631.56    , array([ 1.44419    ,  0.0679828  ,  1.27384e-27,  0.0202008  ,  0.0243842  ])
202122  , -1631.58    , array([ 1.44419    ,  0.0679828  ,  1.27384e-27,  0.0201806  ,  0.0244086  ])
202123  , -1631.56    , array([ 1.44419    ,  0.0679828  ,  1.27384e-27,  0.0201806  ,  0.0243842  ])
202124  , -1631.56    , array([ 1.44419    ,  0.0679828  ,  1.27384e-27,  0.0201806  ,  0.0243842  ])
202125  , -1631.56    , array([ 1.44564    ,  0.0679828  ,  1.27384e-27,  0.0201806  ,  0.0243842  ])
202126  , -1631.54    , array([ 1.44419    ,  0.0680508  ,  1.27384e-27,  0.0201806  ,  0.0243842  ])
202127  , -1631.56    , array([ 1.44419    ,  0.0679828  ,  1.27512e-27,  0.0201806  ,  0.0243842  ])
202128  , -1631.56    , array([ 1.44419    ,  0.0679828  ,  1.27384e-27,  0.0202008  ,  0.0243842  ])
202129  , -1631.58    , array([ 1.44419    ,  0.0679828  ,  1.27384e-27,  0.0201806  ,  0.0244086  ])
202130  , -1631.56    , array([ 1.44419    ,  0.0679828  ,  1.27384e-27,  0.0201806  ,  0.0243842  ])
202131  , -1631.56    , array([ 1.44419    ,  0.0679828  ,  1.27384e-27,  0.0201806  ,  0.0243842  ])
202132  , -1631.56    , array([ 1.44564    ,  0.0679828  ,  1.27384e-27,  0.0201806  ,  0.0243842  ])
202133  , -1631.54    , array([ 1.44419    ,  0.0680508  ,  1.27384e-27,  0.0201806  ,  0.0243842  ])
202134  , -1631.56    , array([ 1.44419    ,  0.0679828  ,  1.27512e-27,  0.0201806  ,  0.0243842  ])
202135  , -1631.56    , array([ 1.44419    ,  0.0679828  ,  1.27384e-27,  0.0202008  ,  0.0243842  ])
202136  , -1631.58    , array([ 1.44419    ,  0.0679828  ,  1.27384e-27,  0.0201806  ,  0.0244086  ])
202137  , -1631.56    , array([ 1.44419    ,  0.0679828  ,  1.27384e-27,  0.0201806  ,  0.0243842  ])
202138  , -1631.56    , array([ 1.44419    ,  0.0679828  ,  1.27384e-27,  0.0201806  ,  0.0243842  ])
202139  , -1631.56    , array([ 1.44564    ,  0.0679828  ,  1.27384e-27,  0.0201806  ,  0.0243842  ])
202140  , -1631.54    , array([ 1.44419    ,  0.0680508  ,  1.27384e-27,  0.0201806  ,  0.0243842  ])
202141  , -1631.56    , array([ 1.44419    ,  0.0679828  ,  1.27512e-27,  0.0201806  ,  0.0243842  ])
202142  , -1631.56    , array([ 1.44419    ,  0.0679828  ,  1.27384e-27,  0.0202008  ,  0.0243842  ])
202143  , -1631.58    , array([ 1.44419    ,  0.0679828  ,  1.27384e-27,  0.0201806  ,  0.0244086  ])
202144  , -1631.56    , array([ 1.44419    ,  0.0679828  ,  1.27384e-27,  0.0201806  ,  0.0243842  ])
202145  , -1631.56    , array([ 1.44419    ,  0.0679828  ,  1.27384e-27,  0.0201806  ,  0.0243842  ])
202146  , -1631.56    , array([ 1.44564    ,  0.0679828  ,  1.27384e-27,  0.0201806  ,  0.0243842  ])
202147  , -1631.54    , array([ 1.44419    ,  0.0680508  ,  1.27384e-27,  0.0201806  ,  0.0243842  ])
202148  , -1631.56    , array([ 1.44419    ,  0.0679828  ,  1.27512e-27,  0.0201806  ,  0.0243842  ])
202149  , -1631.56    , array([ 1.44419    ,  0.0679828  ,  1.27384e-27,  0.0202008  ,  0.0243842  ])
202150  , -1631.58    , array([ 1.44419    ,  0.0679828  ,  1.27384e-27,  0.0201806  ,  0.0244086  ])
202151  , -1631.56    , array([ 1.44419    ,  0.0679828  ,  1.27384e-27,  0.0201806  ,  0.0243842  ])
202152  , -1631.56    , array([ 1.44419    ,  0.0679828  ,  1.27384e-27,  0.0201806  ,  0.0243842  ])
202153  , -1631.56    , array([ 1.44564    ,  0.0679828  ,  1.27384e-27,  0.0201806  ,  0.0243842  ])
202154  , -1631.54    , array([ 1.44419    ,  0.0680508  ,  1.27384e-27,  0.0201806  ,  0.0243842  ])
202155  , -1631.56    , array([ 1.44419    ,  0.0679828  ,  1.27512e-27,  0.0201806  ,  0.0243842  ])
202156  , -1631.56    , array([ 1.44419    ,  0.0679828  ,  1.27384e-27,  0.0202008  ,  0.0243842  ])
202157  , -1631.58    , array([ 1.44419    ,  0.0679828  ,  1.27384e-27,  0.0201806  ,  0.0244086  ])
202158  , -1631.56    , array([ 1.44419    ,  0.0679828  ,  1.27384e-27,  0.0201806  ,  0.0243842  ])
202159  , -1631.56    , array([ 1.44419    ,  0.0679828  ,  1.27384e-27,  0.0201806  ,  0.0243842  ])
202160  , -1631.56    , array([ 1.44564    ,  0.0679828  ,  1.27384e-27,  0.0201806  ,  0.0243842  ])
202161  , -1631.54    , array([ 1.44419    ,  0.0680508  ,  1.27384e-27,  0.0201806  ,  0.0243842  ])
202162  , -1631.56    , array([ 1.44419    ,  0.0679828  ,  1.27512e-27,  0.0201806  ,  0.0243842  ])
202163  , -1631.56    , array([ 1.44419    ,  0.0679828  ,  1.27384e-27,  0.0202008  ,  0.0243842  ])
202164  , -1631.58    , array([ 1.44419    ,  0.0679828  ,  1.27384e-27,  0.0201806  ,  0.0244086  ])
202165  , -1631.56    , array([ 1.44419    ,  0.0679828  ,  1.27384e-27,  0.0201806  ,  0.0243842  ])
202166  , -1631.56    , array([ 1.44419    ,  0.0679828  ,  1.27384e-27,  0.0201806  ,  0.0243842  ])
202167  , -1631.56    , array([ 1.44564    ,  0.0679828  ,  1.27384e-27,  0.0201806  ,  0.0243842  ])
202168  , -1631.54    , array([ 1.44419    ,  0.0680508  ,  1.27384e-27,  0.0201806  ,  0.0243842  ])
202169  , -1631.56    , array([ 1.44419    ,  0.0679828  ,  1.27512e-27,  0.0201806  ,  0.0243842  ])
202170  , -1631.56    , array([ 1.44419    ,  0.0679828  ,  1.27384e-27,  0.0202008  ,  0.0243842  ])
202171  , -1631.58    , array([ 1.44419    ,  0.0679828  ,  1.27384e-27,  0.0201806  ,  0.0244086  ])
202172  , -1631.56    , array([ 1.44419    ,  0.0679828  ,  1.27384e-27,  0.0201806  ,  0.0243842  ])
202173  , -1631.56    , array([ 1.44419    ,  0.0679828  ,  1.27384e-27,  0.0201806  ,  0.0243842  ])
202174  , -1631.56    , array([ 1.44564    ,  0.0679828  ,  1.27384e-27,  0.0201806  ,  0.0243842  ])
202175  , -1631.54    , array([ 1.44419    ,  0.0680508  ,  1.27384e-27,  0.0201806  ,  0.0243842  ])
202176  , -1631.56    , array([ 1.44419    ,  0.0679828  ,  1.27512e-27,  0.0201806  ,  0.0243842  ])
202177  , -1631.56    , array([ 1.44419    ,  0.0679828  ,  1.27384e-27,  0.0202008  ,  0.0243842  ])
202178  , -1631.58    , array([ 1.44419    ,  0.0679828  ,  1.27384e-27,  0.0201806  ,  0.0244086  ])
202179  , -1631.56    , array([ 1.44419    ,  0.0679828  ,  1.27384e-27,  0.0201806  ,  0.0243842  ])
202180  , -1631.56    , array([ 1.44419    ,  0.0679828  ,  1.27384e-27,  0.0201806  ,  0.0243842  ])
202181  , -1631.56    , array([ 1.44564    ,  0.0679828  ,  1.27384e-27,  0.0201806  ,  0.0243842  ])
202182  , -1631.54    , array([ 1.44419    ,  0.0680508  ,  1.27384e-27,  0.0201806  ,  0.0243842  ])
202183  , -1631.56    , array([ 1.44419    ,  0.0679828  ,  1.27512e-27,  0.0201806  ,  0.0243842  ])
202184  , -1631.56    , array([ 1.44419    ,  0.0679828  ,  1.27384e-27,  0.0202008  ,  0.0243842  ])
202185  , -1631.58    , array([ 1.44419    ,  0.0679828  ,  1.27384e-27,  0.0201806  ,  0.0244086  ])
202186  , -1631.56    , array([ 1.44419    ,  0.0679828  ,  1.27384e-27,  0.0201806  ,  0.0243842  ])
202187  , -1631.56    , array([ 1.44419    ,  0.0679828  ,  1.27384e-27,  0.0201806  ,  0.0243842  ])
202188  , -1631.56    , array([ 1.44564    ,  0.0679828  ,  1.27384e-27,  0.0201806  ,  0.0243842  ])
202189  , -1631.54    , array([ 1.44419    ,  0.0680508  ,  1.27384e-27,  0.0201806  ,  0.0243842  ])
202190  , -1631.56    , array([ 1.44419    ,  0.0679828  ,  1.27512e-27,  0.0201806  ,  0.0243842  ])
202191  , -1631.56    , array([ 1.44419    ,  0.0679828  ,  1.27384e-27,  0.0202008  ,  0.0243842  ])
202192  , -1631.58    , array([ 1.44419    ,  0.0679828  ,  1.27384e-27,  0.0201806  ,  0.0244086  ])
202193  , -1631.56    , array([ 1.44419    ,  0.0679828  ,  1.27384e-27,  0.0201806  ,  0.0243842  ])
202194  , -1631.56    , array([ 1.44419    ,  0.0679828  ,  1.27384e-27,  0.0201806  ,  0.0243842  ])
202195  , -1631.56    , array([ 1.44564    ,  0.0679828  ,  1.27384e-27,  0.0201806  ,  0.0243842  ])
202196  , -1631.54    , array([ 1.44419    ,  0.0680508  ,  1.27384e-27,  0.0201806  ,  0.0243842  ])
202197  , -1631.56    , array([ 1.44419    ,  0.0679828  ,  1.27512e-27,  0.0201806  ,  0.0243842  ])
202198  , -1631.56    , array([ 1.44419    ,  0.0679828  ,  1.27384e-27,  0.0202008  ,  0.0243842  ])
202199  , -1631.58    , array([ 1.44419    ,  0.0679828  ,  1.27384e-27,  0.0201806  ,  0.0244086  ])
202200  , -1631.56    , array([ 1.44419    ,  0.0679828  ,  1.27384e-27,  0.0201806  ,  0.0243842  ])
202201  , -1631.56    , array([ 1.44419    ,  0.0679828  ,  1.27384e-27,  0.0201806  ,  0.0243842  ])
202202  , -1631.56    , array([ 1.44564    ,  0.0679828  ,  1.27384e-27,  0.0201806  ,  0.0243842  ])
202203  , -1631.54    , array([ 1.44419    ,  0.0680508  ,  1.27384e-27,  0.0201806  ,  0.0243842  ])
202204  , -1631.56    , array([ 1.44419    ,  0.0679828  ,  1.27512e-27,  0.0201806  ,  0.0243842  ])
202205  , -1631.56    , array([ 1.44419    ,  0.0679828  ,  1.27384e-27,  0.0202008  ,  0.0243842  ])
202206  , -1631.58    , array([ 1.44419    ,  0.0679828  ,  1.27384e-27,  0.0201806  ,  0.0244086  ])
202207  , -1631.56    , array([ 1.44419    ,  0.0679828  ,  1.27384e-27,  0.0201806  ,  0.0243842  ])
202208  , -1631.56    , array([ 1.44419    ,  0.0679828  ,  1.27384e-27,  0.0201806  ,  0.0243842  ])
202209  , -1631.56    , array([ 1.44564    ,  0.0679828  ,  1.27384e-27,  0.0201806  ,  0.0243842  ])
202210  , -1631.54    , array([ 1.44419    ,  0.0680508  ,  1.27384e-27,  0.0201806  ,  0.0243842  ])
202211  , -1631.56    , array([ 1.44419    ,  0.0679828  ,  1.27512e-27,  0.0201806  ,  0.0243842  ])
202212  , -1631.56    , array([ 1.44419    ,  0.0679828  ,  1.27384e-27,  0.0202008  ,  0.0243842  ])
202213  , -1631.58    , array([ 1.44419    ,  0.0679828  ,  1.27384e-27,  0.0201806  ,  0.0244086  ])
202214  , -1631.56    , array([ 1.44419    ,  0.0679828  ,  1.27384e-27,  0.0201806  ,  0.0243842  ])
202215  , -1631.56    , array([ 1.44419    ,  0.0679828  ,  1.27384e-27,  0.0201806  ,  0.0243842  ])
202216  , -1631.56    , array([ 1.44564    ,  0.0679828  ,  1.27384e-27,  0.0201806  ,  0.0243842  ])
202217  , -1631.54    , array([ 1.44419    ,  0.0680508  ,  1.27384e-27,  0.0201806  ,  0.0243842  ])
202218  , -1631.56    , array([ 1.44419    ,  0.0679828  ,  1.27512e-27,  0.0201806  ,  0.0243842  ])
202219  , -1631.56    , array([ 1.44419    ,  0.0679828  ,  1.27384e-27,  0.0202008  ,  0.0243842  ])
202220  , -1631.58    , array([ 1.44419    ,  0.0679828  ,  1.27384e-27,  0.0201806  ,  0.0244086  ])
202221  , -1631.56    , array([ 1.44419    ,  0.0679828  ,  1.27384e-27,  0.0201806  ,  0.0243842  ])
202222  , -1631.56    , array([ 1.44419    ,  0.0679828  ,  1.27384e-27,  0.0201806  ,  0.0243842  ])
202223  , -1631.56    , array([ 1.44564    ,  0.0679828  ,  1.27384e-27,  0.0201806  ,  0.0243842  ])
202224  , -1631.54    , array([ 1.44419    ,  0.0680508  ,  1.27384e-27,  0.0201806  ,  0.0243842  ])
202225  , -1631.56    , array([ 1.44419    ,  0.0679828  ,  1.27512e-27,  0.0201806  ,  0.0243842  ])
202226  , -1631.56    , array([ 1.44419    ,  0.0679828  ,  1.27384e-27,  0.0202008  ,  0.0243842  ])
202227  , -1631.58    , array([ 1.44419    ,  0.0679828  ,  1.27384e-27,  0.0201806  ,  0.0244086  ])
202228  , -1631.56    , array([ 1.44419    ,  0.0679828  ,  1.27384e-27,  0.0201806  ,  0.0243842  ])
202229  , -1631.56    , array([ 1.44419    ,  0.0679828  ,  1.27384e-27,  0.0201806  ,  0.0243842  ])
202230  , -1631.56    , array([ 1.44564    ,  0.0679828  ,  1.27384e-27,  0.0201806  ,  0.0243842  ])
202231  , -1631.54    , array([ 1.44419    ,  0.0680508  ,  1.27384e-27,  0.0201806  ,  0.0243842  ])
202232  , -1631.56    , array([ 1.44419    ,  0.0679828  ,  1.27512e-27,  0.0201806  ,  0.0243842  ])
202233  , -1631.56    , array([ 1.44419    ,  0.0679828  ,  1.27384e-27,  0.0202008  ,  0.0243842  ])
202234  , -1631.58    , array([ 1.44419    ,  0.0679828  ,  1.27384e-27,  0.0201806  ,  0.0244086  ])
202235  , -1631.56    , array([ 1.44419    ,  0.0679828  ,  1.27384e-27,  0.0201806  ,  0.0243842  ])
202236  , -1631.56    , array([ 1.44419    ,  0.0679828  ,  1.27384e-27,  0.0201806  ,  0.0243842  ])
202237  , -1631.56    , array([ 1.44564    ,  0.0679828  ,  1.27384e-27,  0.0201806  ,  0.0243842  ])
202238  , -1631.54    , array([ 1.44419    ,  0.0680508  ,  1.27384e-27,  0.0201806  ,  0.0243842  ])
202239  , -1631.56    , array([ 1.44419    ,  0.0679828  ,  1.27512e-27,  0.0201806  ,  0.0243842  ])
202240  , -1631.56    , array([ 1.44419    ,  0.0679828  ,  1.27384e-27,  0.0202008  ,  0.0243842  ])
202241  , -1631.58    , array([ 1.44419    ,  0.0679828  ,  1.27384e-27,  0.0201806  ,  0.0244086  ])
202242  , -1631.56    , array([ 1.44419    ,  0.0679828  ,  1.27384e-27,  0.0201806  ,  0.0243842  ])
202243  , -1631.56    , array([ 1.44419    ,  0.0679828  ,  1.27384e-27,  0.0201806  ,  0.0243842  ])
202244  , -1631.56    , array([ 1.44564    ,  0.0679828  ,  1.27384e-27,  0.0201806  ,  0.0243842  ])
202245  , -1631.54    , array([ 1.44419    ,  0.0680508  ,  1.27384e-27,  0.0201806  ,  0.0243842  ])
202246  , -1631.56    , array([ 1.44419    ,  0.0679828  ,  1.27512e-27,  0.0201806  ,  0.0243842  ])
202247  , -1631.56    , array([ 1.44419    ,  0.0679828  ,  1.27384e-27,  0.0202008  ,  0.0243842  ])
202248  , -1631.58    , array([ 1.44419    ,  0.0679828  ,  1.27384e-27,  0.0201806  ,  0.0244086  ])
202249  , -1631.56    , array([ 1.44419    ,  0.0679828  ,  1.27384e-27,  0.0201806  ,  0.0243842  ])
202250  , -1631.56    , array([ 1.44419    ,  0.0679828  ,  1.27384e-27,  0.0201806  ,  0.0243842  ])
202251  , -1631.56    , array([ 1.44564    ,  0.0679828  ,  1.27384e-27,  0.0201806  ,  0.0243842  ])
202252  , -1631.54    , array([ 1.44419    ,  0.0680508  ,  1.27384e-27,  0.0201806  ,  0.0243842  ])
202253  , -1631.56    , array([ 1.44419    ,  0.0679828  ,  1.27512e-27,  0.0201806  ,  0.0243842  ])
202254  , -1631.56    , array([ 1.44419    ,  0.0679828  ,  1.27384e-27,  0.0202008  ,  0.0243842  ])
202255  , -1631.58    , array([ 1.44419    ,  0.0679828  ,  1.27384e-27,  0.0201806  ,  0.0244086  ])
202256  , -1631.56    , array([ 1.44419    ,  0.0679828  ,  1.27384e-27,  0.0201806  ,  0.0243842  ])
202257  , -1631.56    , array([ 1.44419    ,  0.0679828  ,  1.27384e-27,  0.0201806  ,  0.0243842  ])
202258  , -1631.56    , array([ 1.44564    ,  0.0679828  ,  1.27384e-27,  0.0201806  ,  0.0243842  ])
202259  , -1631.54    , array([ 1.44419    ,  0.0680508  ,  1.27384e-27,  0.0201806  ,  0.0243842  ])
202260  , -1631.56    , array([ 1.44419    ,  0.0679828  ,  1.27512e-27,  0.0201806  ,  0.0243842  ])
202261  , -1631.56    , array([ 1.44419    ,  0.0679828  ,  1.27384e-27,  0.0202008  ,  0.0243842  ])
202262  , -1631.58    , array([ 1.44419    ,  0.0679828  ,  1.27384e-27,  0.0201806  ,  0.0244086  ])
202263  , -1631.56    , array([ 1.44419    ,  0.0679828  ,  1.27384e-27,  0.0201806  ,  0.0243842  ])
202264  , -1631.56    , array([ 1.44419    ,  0.0679828  ,  1.27384e-27,  0.0201806  ,  0.0243842  ])
202265  , -1631.56    , array([ 1.44564    ,  0.0679828  ,  1.27384e-27,  0.0201806  ,  0.0243842  ])
202266  , -1631.54    , array([ 1.44419    ,  0.0680508  ,  1.27384e-27,  0.0201806  ,  0.0243842  ])
202267  , -1631.56    , array([ 1.44419    ,  0.0679828  ,  1.27512e-27,  0.0201806  ,  0.0243842  ])
202268  , -1631.56    , array([ 1.44419    ,  0.0679828  ,  1.27384e-27,  0.0202008  ,  0.0243842  ])
202269  , -1631.58    , array([ 1.44419    ,  0.0679828  ,  1.27384e-27,  0.0201806  ,  0.0244086  ])
202270  , -1631.56    , array([ 1.44419    ,  0.0679828  ,  1.27384e-27,  0.0201806  ,  0.0243842  ])
202271  , -1631.56    , array([ 1.44419    ,  0.0679828  ,  1.27384e-27,  0.0201806  ,  0.0243842  ])
202272  , -1631.56    , array([ 1.44564    ,  0.0679828  ,  1.27384e-27,  0.0201806  ,  0.0243842  ])
202273  , -1631.54    , array([ 1.44419    ,  0.0680508  ,  1.27384e-27,  0.0201806  ,  0.0243842  ])
202274  , -1631.56    , array([ 1.44419    ,  0.0679828  ,  1.27512e-27,  0.0201806  ,  0.0243842  ])
202275  , -1631.56    , array([ 1.44419    ,  0.0679828  ,  1.27384e-27,  0.0202008  ,  0.0243842  ])
202276  , -1631.58    , array([ 1.44419    ,  0.0679828  ,  1.27384e-27,  0.0201806  ,  0.0244086  ])
202277  , -1631.56    , array([ 1.44419    ,  0.0679828  ,  1.27384e-27,  0.0201806  ,  0.0243842  ])
202278  , -1631.56    , array([ 1.44419    ,  0.0679828  ,  1.27384e-27,  0.0201806  ,  0.0243842  ])
202279  , -1631.56    , array([ 1.44564    ,  0.0679828  ,  1.27384e-27,  0.0201806  ,  0.0243842  ])
202280  , -1631.54    , array([ 1.44419    ,  0.0680508  ,  1.27384e-27,  0.0201806  ,  0.0243842  ])
202281  , -1631.56    , array([ 1.44419    ,  0.0679828  ,  1.27512e-27,  0.0201806  ,  0.0243842  ])
202282  , -1631.56    , array([ 1.44419    ,  0.0679828  ,  1.27384e-27,  0.0202008  ,  0.0243842  ])
202283  , -1631.58    , array([ 1.44419    ,  0.0679828  ,  1.27384e-27,  0.0201806  ,  0.0244086  ])
202284  , -1631.56    , array([ 1.44419    ,  0.0679828  ,  1.27384e-27,  0.0201806  ,  0.0243842  ])
202285  , -1631.56    , array([ 1.44419    ,  0.0679828  ,  1.27384e-27,  0.0201806  ,  0.0243842  ])
202286  , -1631.56    , array([ 1.44564    ,  0.0679828  ,  1.27384e-27,  0.0201806  ,  0.0243842  ])
202287  , -1631.54    , array([ 1.44419    ,  0.0680508  ,  1.27384e-27,  0.0201806  ,  0.0243842  ])
202288  , -1631.56    , array([ 1.44419    ,  0.0679828  ,  1.27512e-27,  0.0201806  ,  0.0243842  ])
202289  , -1631.56    , array([ 1.44419    ,  0.0679828  ,  1.27384e-27,  0.0202008  ,  0.0243842  ])
202290  , -1631.58    , array([ 1.44419    ,  0.0679828  ,  1.27384e-27,  0.0201806  ,  0.0244086  ])
202291  , -1631.56    , array([ 1.44419    ,  0.0679828  ,  1.27384e-27,  0.0201806  ,  0.0243842  ])
202292  , -1631.56    , array([ 1.44419    ,  0.0679828  ,  1.27384e-27,  0.0201806  ,  0.0243842  ])
202293  , -1631.56    , array([ 1.44564    ,  0.0679828  ,  1.27384e-27,  0.0201806  ,  0.0243842  ])
202294  , -1631.54    , array([ 1.44419    ,  0.0680508  ,  1.27384e-27,  0.0201806  ,  0.0243842  ])
202295  , -1631.56    , array([ 1.44419    ,  0.0679828  ,  1.27512e-27,  0.0201806  ,  0.0243842  ])
202296  , -1631.56    , array([ 1.44419    ,  0.0679828  ,  1.27384e-27,  0.0202008  ,  0.0243842  ])
202297  , -1631.58    , array([ 1.44419    ,  0.0679828  ,  1.27384e-27,  0.0201806  ,  0.0244086  ])
202298  , -1631.56    , array([ 1.44419    ,  0.0679828  ,  1.27384e-27,  0.0201806  ,  0.0243842  ])
202299  , -1631.56    , array([ 1.44419    ,  0.0679828  ,  1.27384e-27,  0.0201806  ,  0.0243842  ])
202300  , -1631.56    , array([ 1.44564    ,  0.0679828  ,  1.27384e-27,  0.0201806  ,  0.0243842  ])
202301  , -1631.54    , array([ 1.44419    ,  0.0680508  ,  1.27384e-27,  0.0201806  ,  0.0243842  ])
202302  , -1631.56    , array([ 1.44419    ,  0.0679828  ,  1.27512e-27,  0.0201806  ,  0.0243842  ])
202303  , -1631.56    , array([ 1.44419    ,  0.0679828  ,  1.27384e-27,  0.0202008  ,  0.0243842  ])
202304  , -1631.58    , array([ 1.44419    ,  0.0679828  ,  1.27384e-27,  0.0201806  ,  0.0244086  ])
202305  , -1631.56    , array([ 1.44419    ,  0.0679828  ,  1.27384e-27,  0.0201806  ,  0.0243842  ])
202306  , -1631.56    , array([ 1.44419    ,  0.0679828  ,  1.27384e-27,  0.0201806  ,  0.0243842  ])
202307  , -1631.56    , array([ 1.44564    ,  0.0679828  ,  1.27384e-27,  0.0201806  ,  0.0243842  ])
202308  , -1631.54    , array([ 1.44419    ,  0.0680508  ,  1.27384e-27,  0.0201806  ,  0.0243842  ])
202309  , -1631.56    , array([ 1.44419    ,  0.0679828  ,  1.27512e-27,  0.0201806  ,  0.0243842  ])
202310  , -1631.56    , array([ 1.44419    ,  0.0679828  ,  1.27384e-27,  0.0202008  ,  0.0243842  ])
202311  , -1631.58    , array([ 1.44419    ,  0.0679828  ,  1.27384e-27,  0.0201806  ,  0.0244086  ])
202312  , -1631.56    , array([ 1.44419    ,  0.0679828  ,  1.27384e-27,  0.0201806  ,  0.0243842  ])
202313  , -1631.56    , array([ 1.44419    ,  0.0679828  ,  1.27384e-27,  0.0201806  ,  0.0243842  ])
202314  , -1631.56    , array([ 1.44564    ,  0.0679828  ,  1.27384e-27,  0.0201806  ,  0.0243842  ])
202315  , -1631.54    , array([ 1.44419    ,  0.0680508  ,  1.27384e-27,  0.0201806  ,  0.0243842  ])
202316  , -1631.56    , array([ 1.44419    ,  0.0679828  ,  1.27512e-27,  0.0201806  ,  0.0243842  ])
202317  , -1631.56    , array([ 1.44419    ,  0.0679828  ,  1.27384e-27,  0.0202008  ,  0.0243842  ])
202318  , -1631.58    , array([ 1.44419    ,  0.0679828  ,  1.27384e-27,  0.0201806  ,  0.0244086  ])
202319  , -1631.56    , array([ 1.44419    ,  0.0679828  ,  1.27384e-27,  0.0201806  ,  0.0243842  ])
202320  , -1631.56    , array([ 1.44419    ,  0.0679828  ,  1.27384e-27,  0.0201806  ,  0.0243842  ])
202321  , -1631.56    , array([ 1.44564    ,  0.0679828  ,  1.27384e-27,  0.0201806  ,  0.0243842  ])
202322  , -1631.54    , array([ 1.44419    ,  0.0680508  ,  1.27384e-27,  0.0201806  ,  0.0243842  ])
202323  , -1631.56    , array([ 1.44419    ,  0.0679828  ,  1.27512e-27,  0.0201806  ,  0.0243842  ])
202324  , -1631.56    , array([ 1.44419    ,  0.0679828  ,  1.27384e-27,  0.0202008  ,  0.0243842  ])
202325  , -1631.58    , array([ 1.44419    ,  0.0679828  ,  1.27384e-27,  0.0201806  ,  0.0244086  ])
202326  , -1631.56    , array([ 1.44419    ,  0.0679828  ,  1.27384e-27,  0.0201806  ,  0.0243842  ])
202327  , -1631.56    , array([ 1.44419    ,  0.0679828  ,  1.27384e-27,  0.0201806  ,  0.0243842  ])
202328  , -1631.56    , array([ 1.44564    ,  0.0679828  ,  1.27384e-27,  0.0201806  ,  0.0243842  ])
202329  , -1631.54    , array([ 1.44419    ,  0.0680508  ,  1.27384e-27,  0.0201806  ,  0.0243842  ])
202330  , -1631.56    , array([ 1.44419    ,  0.0679828  ,  1.27512e-27,  0.0201806  ,  0.0243842  ])
202331  , -1631.56    , array([ 1.44419    ,  0.0679828  ,  1.27384e-27,  0.0202008  ,  0.0243842  ])
202332  , -1631.58    , array([ 1.44419    ,  0.0679828  ,  1.27384e-27,  0.0201806  ,  0.0244086  ])
202333  , -1631.56    , array([ 1.44419    ,  0.0679828  ,  1.27384e-27,  0.0201806  ,  0.0243842  ])
202334  , -1631.56    , array([ 1.44419    ,  0.0679828  ,  1.27384e-27,  0.0201806  ,  0.0243842  ])
202335  , -1631.56    , array([ 1.44564    ,  0.0679828  ,  1.27384e-27,  0.0201806  ,  0.0243842  ])
202336  , -1631.54    , array([ 1.44419    ,  0.0680508  ,  1.27384e-27,  0.0201806  ,  0.0243842  ])
202337  , -1631.56    , array([ 1.44419    ,  0.0679828  ,  1.27512e-27,  0.0201806  ,  0.0243842  ])
202338  , -1631.56    , array([ 1.44419    ,  0.0679828  ,  1.27384e-27,  0.0202008  ,  0.0243842  ])
202339  , -1631.58    , array([ 1.44419    ,  0.0679828  ,  1.27384e-27,  0.0201806  ,  0.0244086  ])
202340  , -1631.56    , array([ 1.44419    ,  0.0679828  ,  1.27384e-27,  0.0201806  ,  0.0243842  ])
202341  , -1631.56    , array([ 1.44419    ,  0.0679828  ,  1.27384e-27,  0.0201806  ,  0.0243842  ])
202342  , -1631.56    , array([ 1.44564    ,  0.0679828  ,  1.27384e-27,  0.0201806  ,  0.0243842  ])
202343  , -1631.54    , array([ 1.44419    ,  0.0680508  ,  1.27384e-27,  0.0201806  ,  0.0243842  ])
202344  , -1631.56    , array([ 1.44419    ,  0.0679828  ,  1.27512e-27,  0.0201806  ,  0.0243842  ])
202345  , -1631.56    , array([ 1.44419    ,  0.0679828  ,  1.27384e-27,  0.0202008  ,  0.0243842  ])
202346  , -1631.58    , array([ 1.44419    ,  0.0679828  ,  1.27384e-27,  0.0201806  ,  0.0244086  ])
202347  , -1631.56    , array([ 1.44419    ,  0.0679828  ,  1.27384e-27,  0.0201806  ,  0.0243842  ])
202348  , -1631.56    , array([ 1.44419    ,  0.0679828  ,  1.27384e-27,  0.0201806  ,  0.0243842  ])
202349  , -1631.56    , array([ 1.44564    ,  0.0679828  ,  1.27384e-27,  0.0201806  ,  0.0243842  ])
202350  , -1631.54    , array([ 1.44419    ,  0.0680508  ,  1.27384e-27,  0.0201806  ,  0.0243842  ])
202351  , -1631.56    , array([ 1.44419    ,  0.0679828  ,  1.27512e-27,  0.0201806  ,  0.0243842  ])
202352  , -1631.56    , array([ 1.44419    ,  0.0679828  ,  1.27384e-27,  0.0202008  ,  0.0243842  ])
202353  , -1631.58    , array([ 1.44419    ,  0.0679828  ,  1.27384e-27,  0.0201806  ,  0.0244086  ])
202354  , -1631.56    , array([ 1.44419    ,  0.0679828  ,  1.27384e-27,  0.0201806  ,  0.0243842  ])
202355  , -1631.56    , array([ 1.44419    ,  0.0679828  ,  1.27384e-27,  0.0201806  ,  0.0243842  ])
202356  , -1631.56    , array([ 1.44564    ,  0.0679828  ,  1.27384e-27,  0.0201806  ,  0.0243842  ])
202357  , -1631.54    , array([ 1.44419    ,  0.0680508  ,  1.27384e-27,  0.0201806  ,  0.0243842  ])
202358  , -1631.56    , array([ 1.44419    ,  0.0679828  ,  1.27512e-27,  0.0201806  ,  0.0243842  ])
202359  , -1631.56    , array([ 1.44419    ,  0.0679828  ,  1.27384e-27,  0.0202008  ,  0.0243842  ])
202360  , -1631.58    , array([ 1.44419    ,  0.0679828  ,  1.27384e-27,  0.0201806  ,  0.0244086  ])
202361  , -1631.56    , array([ 1.44419    ,  0.0679828  ,  1.27384e-27,  0.0201806  ,  0.0243842  ])
202362  , -1631.56    , array([ 1.44419    ,  0.0679828  ,  1.27384e-27,  0.0201806  ,  0.0243842  ])
202363  , -1631.56    , array([ 1.44564    ,  0.0679828  ,  1.27384e-27,  0.0201806  ,  0.0243842  ])
202364  , -1631.54    , array([ 1.44419    ,  0.0680508  ,  1.27384e-27,  0.0201806  ,  0.0243842  ])
202365  , -1631.56    , array([ 1.44419    ,  0.0679828  ,  1.27512e-27,  0.0201806  ,  0.0243842  ])
202366  , -1631.56    , array([ 1.44419    ,  0.0679828  ,  1.27384e-27,  0.0202008  ,  0.0243842  ])
202367  , -1631.58    , array([ 1.44419    ,  0.0679828  ,  1.27384e-27,  0.0201806  ,  0.0244086  ])
202368  , -1631.56    , array([ 1.44419    ,  0.0679828  ,  1.27384e-27,  0.0201806  ,  0.0243842  ])
202369  , -1631.56    , array([ 1.44419    ,  0.0679828  ,  1.27384e-27,  0.0201806  ,  0.0243842  ])
202370  , -1631.56    , array([ 1.44564    ,  0.0679828  ,  1.27384e-27,  0.0201806  ,  0.0243842  ])
202371  , -1631.54    , array([ 1.44419    ,  0.0680508  ,  1.27384e-27,  0.0201806  ,  0.0243842  ])
202372  , -1631.56    , array([ 1.44419    ,  0.0679828  ,  1.27512e-27,  0.0201806  ,  0.0243842  ])
202373  , -1631.56    , array([ 1.44419    ,  0.0679828  ,  1.27384e-27,  0.0202008  ,  0.0243842  ])
202374  , -1631.58    , array([ 1.44419    ,  0.0679828  ,  1.27384e-27,  0.0201806  ,  0.0244086  ])
202375  , -1631.56    , array([ 1.44419    ,  0.0679828  ,  1.27384e-27,  0.0201806  ,  0.0243842  ])
202376  , -1631.56    , array([ 1.44419    ,  0.0679828  ,  1.27384e-27,  0.0201806  ,  0.0243842  ])
202377  , -1631.56    , array([ 1.44564    ,  0.0679828  ,  1.27384e-27,  0.0201806  ,  0.0243842  ])
202378  , -1631.54    , array([ 1.44419    ,  0.0680508  ,  1.27384e-27,  0.0201806  ,  0.0243842  ])
202379  , -1631.56    , array([ 1.44419    ,  0.0679828  ,  1.27512e-27,  0.0201806  ,  0.0243842  ])
202380  , -1631.56    , array([ 1.44419    ,  0.0679828  ,  1.27384e-27,  0.0202008  ,  0.0243842  ])
202381  , -1631.58    , array([ 1.44419    ,  0.0679828  ,  1.27384e-27,  0.0201806  ,  0.0244086  ])
202382  , -1631.56    , array([ 1.44419    ,  0.0679828  ,  1.27384e-27,  0.0201806  ,  0.0243842  ])
202383  , -1631.56    , array([ 1.44419    ,  0.0679828  ,  1.27384e-27,  0.0201806  ,  0.0243842  ])
202384  , -1631.56    , array([ 1.44564    ,  0.0679828  ,  1.27384e-27,  0.0201806  ,  0.0243842  ])
202385  , -1631.54    , array([ 1.44419    ,  0.0680508  ,  1.27384e-27,  0.0201806  ,  0.0243842  ])
202386  , -1631.56    , array([ 1.44419    ,  0.0679828  ,  1.27512e-27,  0.0201806  ,  0.0243842  ])
202387  , -1631.56    , array([ 1.44419    ,  0.0679828  ,  1.27384e-27,  0.0202008  ,  0.0243842  ])
202388  , -1631.58    , array([ 1.44419    ,  0.0679828  ,  1.27384e-27,  0.0201806  ,  0.0244086  ])
202389  , -1631.56    , array([ 1.44419    ,  0.0679828  ,  1.27384e-27,  0.0201806  ,  0.0243842  ])
202390  , -1631.56    , array([ 1.44419    ,  0.0679828  ,  1.27384e-27,  0.0201806  ,  0.0243842  ])
202391  , -1631.56    , array([ 1.44564    ,  0.0679828  ,  1.27384e-27,  0.0201806  ,  0.0243842  ])
202392  , -1631.54    , array([ 1.44419    ,  0.0680508  ,  1.27384e-27,  0.0201806  ,  0.0243842  ])
202393  , -1631.56    , array([ 1.44419    ,  0.0679828  ,  1.27512e-27,  0.0201806  ,  0.0243842  ])
202394  , -1631.56    , array([ 1.44419    ,  0.0679828  ,  1.27384e-27,  0.0202008  ,  0.0243842  ])
202395  , -1631.58    , array([ 1.44419    ,  0.0679828  ,  1.27384e-27,  0.0201806  ,  0.0244086  ])
202396  , -1631.56    , array([ 1.44419    ,  0.0679828  ,  1.27384e-27,  0.0201806  ,  0.0243842  ])
202397  , -1631.56    , array([ 1.44419    ,  0.0679828  ,  1.27384e-27,  0.0201806  ,  0.0243842  ])
202398  , -1631.56    , array([ 1.44564    ,  0.0679828  ,  1.27384e-27,  0.0201806  ,  0.0243842  ])
202399  , -1631.54    , array([ 1.44419    ,  0.0680508  ,  1.27384e-27,  0.0201806  ,  0.0243842  ])
202400  , -1631.56    , array([ 1.44419    ,  0.0679828  ,  1.27512e-27,  0.0201806  ,  0.0243842  ])
202401  , -1631.56    , array([ 1.44419    ,  0.0679828  ,  1.27384e-27,  0.0202008  ,  0.0243842  ])
202402  , -1631.58    , array([ 1.44419    ,  0.0679828  ,  1.27384e-27,  0.0201806  ,  0.0244086  ])
202403  , -1631.56    , array([ 1.44419    ,  0.0679828  ,  1.27384e-27,  0.0201806  ,  0.0243842  ])
202404  , -1631.56    , array([ 1.44419    ,  0.0679828  ,  1.27384e-27,  0.0201806  ,  0.0243842  ])
202405  , -1631.56    , array([ 1.44564    ,  0.0679828  ,  1.27384e-27,  0.0201806  ,  0.0243842  ])
202406  , -1631.54    , array([ 1.44419    ,  0.0680508  ,  1.27384e-27,  0.0201806  ,  0.0243842  ])
202407  , -1631.56    , array([ 1.44419    ,  0.0679828  ,  1.27512e-27,  0.0201806  ,  0.0243842  ])
202408  , -1631.56    , array([ 1.44419    ,  0.0679828  ,  1.27384e-27,  0.0202008  ,  0.0243842  ])
202409  , -1631.58    , array([ 1.44419    ,  0.0679828  ,  1.27384e-27,  0.0201806  ,  0.0244086  ])
202410  , -1631.56    , array([ 1.44419    ,  0.0679828  ,  1.27384e-27,  0.0201806  ,  0.0243842  ])
202411  , -1631.56    , array([ 1.44419    ,  0.0679828  ,  1.27384e-27,  0.0201806  ,  0.0243842  ])
202412  , -1631.56    , array([ 1.44564    ,  0.0679828  ,  1.27384e-27,  0.0201806  ,  0.0243842  ])
202413  , -1631.54    , array([ 1.44419    ,  0.0680508  ,  1.27384e-27,  0.0201806  ,  0.0243842  ])
202414  , -1631.56    , array([ 1.44419    ,  0.0679828  ,  1.27512e-27,  0.0201806  ,  0.0243842  ])
202415  , -1631.56    , array([ 1.44419    ,  0.0679828  ,  1.27384e-27,  0.0202008  ,  0.0243842  ])
202416  , -1631.58    , array([ 1.44419    ,  0.0679828  ,  1.27384e-27,  0.0201806  ,  0.0244086  ])
202417  , -1631.56    , array([ 1.44419    ,  0.0679828  ,  1.27384e-27,  0.0201806  ,  0.0243842  ])
202418  , -1631.56    , array([ 1.44419    ,  0.0679828  ,  1.27384e-27,  0.0201806  ,  0.0243842  ])
202419  , -1631.56    , array([ 1.44564    ,  0.0679828  ,  1.27384e-27,  0.0201806  ,  0.0243842  ])
202420  , -1631.54    , array([ 1.44419    ,  0.0680508  ,  1.27384e-27,  0.0201806  ,  0.0243842  ])
202421  , -1631.56    , array([ 1.44419    ,  0.0679828  ,  1.27512e-27,  0.0201806  ,  0.0243842  ])
202422  , -1631.56    , array([ 1.44419    ,  0.0679828  ,  1.27384e-27,  0.0202008  ,  0.0243842  ])
202423  , -1631.58    , array([ 1.44419    ,  0.0679828  ,  1.27384e-27,  0.0201806  ,  0.0244086  ])
202424  , -1631.56    , array([ 1.44419    ,  0.0679828  ,  1.27384e-27,  0.0201806  ,  0.0243842  ])
202425  , -1631.56    , array([ 1.44419    ,  0.0679828  ,  1.27384e-27,  0.0201806  ,  0.0243842  ])
202426  , -1631.56    , array([ 1.44564    ,  0.0679828  ,  1.27384e-27,  0.0201806  ,  0.0243842  ])
202427  , -1631.54    , array([ 1.44419    ,  0.0680508  ,  1.27384e-27,  0.0201806  ,  0.0243842  ])
202428  , -1631.56    , array([ 1.44419    ,  0.0679828  ,  1.27512e-27,  0.0201806  ,  0.0243842  ])
202429  , -1631.56    , array([ 1.44419    ,  0.0679828  ,  1.27384e-27,  0.0202008  ,  0.0243842  ])
202430  , -1631.58    , array([ 1.44419    ,  0.0679828  ,  1.27384e-27,  0.0201806  ,  0.0244086  ])
202431  , -1631.56    , array([ 1.44419    ,  0.0679828  ,  1.27384e-27,  0.0201806  ,  0.0243842  ])
202432  , -1631.56    , array([ 1.44419    ,  0.0679828  ,  1.27384e-27,  0.0201806  ,  0.0243842  ])
202433  , -1631.56    , array([ 1.44564    ,  0.0679828  ,  1.27384e-27,  0.0201806  ,  0.0243842  ])
202434  , -1631.54    , array([ 1.44419    ,  0.0680508  ,  1.27384e-27,  0.0201806  ,  0.0243842  ])
202435  , -1631.56    , array([ 1.44419    ,  0.0679828  ,  1.27512e-27,  0.0201806  ,  0.0243842  ])
202436  , -1631.56    , array([ 1.44419    ,  0.0679828  ,  1.27384e-27,  0.0202008  ,  0.0243842  ])
202437  , -1631.58    , array([ 1.44419    ,  0.0679828  ,  1.27384e-27,  0.0201806  ,  0.0244086  ])
202438  , -1631.56    , array([ 1.44419    ,  0.0679828  ,  1.27384e-27,  0.0201806  ,  0.0243842  ])
202439  , -1631.56    , array([ 1.44419    ,  0.0679828  ,  1.27384e-27,  0.0201806  ,  0.0243842  ])
202440  , -1631.56    , array([ 1.44564    ,  0.0679828  ,  1.27384e-27,  0.0201806  ,  0.0243842  ])
202441  , -1631.54    , array([ 1.44419    ,  0.0680508  ,  1.27384e-27,  0.0201806  ,  0.0243842  ])
202442  , -1631.56    , array([ 1.44419    ,  0.0679828  ,  1.27512e-27,  0.0201806  ,  0.0243842  ])
202443  , -1631.56    , array([ 1.44419    ,  0.0679828  ,  1.27384e-27,  0.0202008  ,  0.0243842  ])
202444  , -1631.58    , array([ 1.44419    ,  0.0679828  ,  1.27384e-27,  0.0201806  ,  0.0244086  ])
202445  , -1631.56    , array([ 1.44419    ,  0.0679828  ,  1.27384e-27,  0.0201806  ,  0.0243842  ])
202446  , -1631.56    , array([ 1.44419    ,  0.0679828  ,  1.27384e-27,  0.0201806  ,  0.0243842  ])
202447  , -1631.56    , array([ 1.44564    ,  0.0679828  ,  1.27384e-27,  0.0201806  ,  0.0243842  ])
202448  , -1631.54    , array([ 1.44419    ,  0.0680508  ,  1.27384e-27,  0.0201806  ,  0.0243842  ])
202449  , -1631.56    , array([ 1.44419    ,  0.0679828  ,  1.27512e-27,  0.0201806  ,  0.0243842  ])
202450  , -1631.56    , array([ 1.44419    ,  0.0679828  ,  1.27384e-27,  0.0202008  ,  0.0243842  ])
202451  , -1631.58    , array([ 1.44419    ,  0.0679828  ,  1.27384e-27,  0.0201806  ,  0.0244086  ])
202452  , -1631.56    , array([ 1.44419    ,  0.0679828  ,  1.27384e-27,  0.0201806  ,  0.0243842  ])
202453  , -1631.56    , array([ 1.44419    ,  0.0679828  ,  1.27384e-27,  0.0201806  ,  0.0243842  ])
202454  , -1631.56    , array([ 1.44564    ,  0.0679828  ,  1.27384e-27,  0.0201806  ,  0.0243842  ])
202455  , -1631.54    , array([ 1.44419    ,  0.0680508  ,  1.27384e-27,  0.0201806  ,  0.0243842  ])
202456  , -1631.56    , array([ 1.44419    ,  0.0679828  ,  1.27512e-27,  0.0201806  ,  0.0243842  ])
202457  , -1631.56    , array([ 1.44419    ,  0.0679828  ,  1.27384e-27,  0.0202008  ,  0.0243842  ])
202458  , -1631.58    , array([ 1.44419    ,  0.0679828  ,  1.27384e-27,  0.0201806  ,  0.0244086  ])
202459  , -1631.56    , array([ 1.44419    ,  0.0679828  ,  1.27384e-27,  0.0201806  ,  0.0243842  ])
202460  , -1631.56    , array([ 1.44419    ,  0.0679828  ,  1.27384e-27,  0.0201806  ,  0.0243842  ])
202461  , -1631.56    , array([ 1.44564    ,  0.0679828  ,  1.27384e-27,  0.0201806  ,  0.0243842  ])
202462  , -1631.54    , array([ 1.44419    ,  0.0680508  ,  1.27384e-27,  0.0201806  ,  0.0243842  ])
202463  , -1631.56    , array([ 1.44419    ,  0.0679828  ,  1.27512e-27,  0.0201806  ,  0.0243842  ])
202464  , -1631.56    , array([ 1.44419    ,  0.0679828  ,  1.27384e-27,  0.0202008  ,  0.0243842  ])
202465  , -1631.58    , array([ 1.44419    ,  0.0679828  ,  1.27384e-27,  0.0201806  ,  0.0244086  ])
202466  , -1631.56    , array([ 1.44419    ,  0.0679828  ,  1.27384e-27,  0.0201806  ,  0.0243842  ])
202467  , -1631.56    , array([ 1.44419    ,  0.0679828  ,  1.27384e-27,  0.0201806  ,  0.0243842  ])
202468  , -1631.56    , array([ 1.44564    ,  0.0679828  ,  1.27384e-27,  0.0201806  ,  0.0243842  ])
202469  , -1631.54    , array([ 1.44419    ,  0.0680508  ,  1.27384e-27,  0.0201806  ,  0.0243842  ])
202470  , -1631.56    , array([ 1.44419    ,  0.0679828  ,  1.27512e-27,  0.0201806  ,  0.0243842  ])
202471  , -1631.56    , array([ 1.44419    ,  0.0679828  ,  1.27384e-27,  0.0202008  ,  0.0243842  ])
202472  , -1631.58    , array([ 1.44419    ,  0.0679828  ,  1.27384e-27,  0.0201806  ,  0.0244086  ])
202473  , -1631.56    , array([ 1.44419    ,  0.0679828  ,  1.27384e-27,  0.0201806  ,  0.0243842  ])
202474  , -1631.56    , array([ 1.44419    ,  0.0679828  ,  1.27384e-27,  0.0201806  ,  0.0243842  ])
202475  , -1631.56    , array([ 1.44564    ,  0.0679828  ,  1.27384e-27,  0.0201806  ,  0.0243842  ])
202476  , -1631.54    , array([ 1.44419    ,  0.0680508  ,  1.27384e-27,  0.0201806  ,  0.0243842  ])
202477  , -1631.56    , array([ 1.44419    ,  0.0679828  ,  1.27512e-27,  0.0201806  ,  0.0243842  ])
202478  , -1631.56    , array([ 1.44419    ,  0.0679828  ,  1.27384e-27,  0.0202008  ,  0.0243842  ])
202479  , -1631.58    , array([ 1.44419    ,  0.0679828  ,  1.27384e-27,  0.0201806  ,  0.0244086  ])
202480  , -1631.56    , array([ 1.44419    ,  0.0679828  ,  1.27384e-27,  0.0201806  ,  0.0243842  ])
202481  , -1631.56    , array([ 1.44419    ,  0.0679828  ,  1.27384e-27,  0.0201806  ,  0.0243842  ])
202482  , -1631.56    , array([ 1.44564    ,  0.0679828  ,  1.27384e-27,  0.0201806  ,  0.0243842  ])
202483  , -1631.54    , array([ 1.44419    ,  0.0680508  ,  1.27384e-27,  0.0201806  ,  0.0243842  ])
202484  , -1631.56    , array([ 1.44419    ,  0.0679828  ,  1.27512e-27,  0.0201806  ,  0.0243842  ])
202485  , -1631.56    , array([ 1.44419    ,  0.0679828  ,  1.27384e-27,  0.0202008  ,  0.0243842  ])
202486  , -1631.58    , array([ 1.44419    ,  0.0679828  ,  1.27384e-27,  0.0201806  ,  0.0244086  ])
202487  , -1631.56    , array([ 1.44419    ,  0.0679828  ,  1.27384e-27,  0.0201806  ,  0.0243842  ])
202488  , -1631.56    , array([ 1.44419    ,  0.0679828  ,  1.27384e-27,  0.0201806  ,  0.0243842  ])
202489  , -1631.56    , array([ 1.44564    ,  0.0679828  ,  1.27384e-27,  0.0201806  ,  0.0243842  ])
202490  , -1631.54    , array([ 1.44419    ,  0.0680508  ,  1.27384e-27,  0.0201806  ,  0.0243842  ])
202491  , -1631.56    , array([ 1.44419    ,  0.0679828  ,  1.27512e-27,  0.0201806  ,  0.0243842  ])
202492  , -1631.56    , array([ 1.44419    ,  0.0679828  ,  1.27384e-27,  0.0202008  ,  0.0243842  ])
202493  , -1631.58    , array([ 1.44419    ,  0.0679828  ,  1.27384e-27,  0.0201806  ,  0.0244086  ])
202494  , -1631.56    , array([ 1.44419    ,  0.0679828  ,  1.27384e-27,  0.0201806  ,  0.0243842  ])
202495  , -1631.56    , array([ 1.44419    ,  0.0679828  ,  1.27384e-27,  0.0201806  ,  0.0243842  ])
202496  , -1631.56    , array([ 1.44564    ,  0.0679828  ,  1.27384e-27,  0.0201806  ,  0.0243842  ])
202497  , -1631.54    , array([ 1.44419    ,  0.0680508  ,  1.27384e-27,  0.0201806  ,  0.0243842  ])
202498  , -1631.56    , array([ 1.44419    ,  0.0679828  ,  1.27512e-27,  0.0201806  ,  0.0243842  ])
202499  , -1631.56    , array([ 1.44419    ,  0.0679828  ,  1.27384e-27,  0.0202008  ,  0.0243842  ])
202500  , -1631.58    , array([ 1.44419    ,  0.0679828  ,  1.27384e-27,  0.0201806  ,  0.0244086  ])
202501  , -1631.56    , array([ 1.44419    ,  0.0679828  ,  1.27384e-27,  0.0201806  ,  0.0243842  ])
202502  , -1631.56    , array([ 1.44419    ,  0.0679828  ,  1.27384e-27,  0.0201806  ,  0.0243842  ])
202503  , -1631.56    , array([ 1.44564    ,  0.0679828  ,  1.27384e-27,  0.0201806  ,  0.0243842  ])
202504  , -1631.54    , array([ 1.44419    ,  0.0680508  ,  1.27384e-27,  0.0201806  ,  0.0243842  ])
202505  , -1631.56    , array([ 1.44419    ,  0.0679828  ,  1.27512e-27,  0.0201806  ,  0.0243842  ])
202506  , -1631.56    , array([ 1.44419    ,  0.0679828  ,  1.27384e-27,  0.0202008  ,  0.0243842  ])
202507  , -1631.58    , array([ 1.44419    ,  0.0679828  ,  1.27384e-27,  0.0201806  ,  0.0244086  ])
202508  , -1631.56    , array([ 1.44419    ,  0.0679828  ,  1.27384e-27,  0.0201806  ,  0.0243842  ])
202509  , -1631.56    , array([ 1.44419    ,  0.0679828  ,  1.27384e-27,  0.0201806  ,  0.0243842  ])
202510  , -1631.56    , array([ 1.44564    ,  0.0679828  ,  1.27384e-27,  0.0201806  ,  0.0243842  ])
202511  , -1631.54    , array([ 1.44419    ,  0.0680508  ,  1.27384e-27,  0.0201806  ,  0.0243842  ])
202512  , -1631.56    , array([ 1.44419    ,  0.0679828  ,  1.27512e-27,  0.0201806  ,  0.0243842  ])
202513  , -1631.56    , array([ 1.44419    ,  0.0679828  ,  1.27384e-27,  0.0202008  ,  0.0243842  ])
202514  , -1631.58    , array([ 1.44419    ,  0.0679828  ,  1.27384e-27,  0.0201806  ,  0.0244086  ])
202515  , -1631.56    , array([ 1.44419    ,  0.0679828  ,  1.27384e-27,  0.0201806  ,  0.0243842  ])
202516  , -1631.56    , array([ 1.44419    ,  0.0679828  ,  1.27384e-27,  0.0201806  ,  0.0243842  ])
202517  , -1631.56    , array([ 1.44564    ,  0.0679828  ,  1.27384e-27,  0.0201806  ,  0.0243842  ])
202518  , -1631.54    , array([ 1.44419    ,  0.0680508  ,  1.27384e-27,  0.0201806  ,  0.0243842  ])
202519  , -1631.56    , array([ 1.44419    ,  0.0679828  ,  1.27512e-27,  0.0201806  ,  0.0243842  ])
202520  , -1631.56    , array([ 1.44419    ,  0.0679828  ,  1.27384e-27,  0.0202008  ,  0.0243842  ])
202521  , -1631.58    , array([ 1.44419    ,  0.0679828  ,  1.27384e-27,  0.0201806  ,  0.0244086  ])
202522  , -1631.56    , array([ 1.44419    ,  0.0679828  ,  1.27384e-27,  0.0201806  ,  0.0243842  ])
202523  , -1631.56    , array([ 1.44419    ,  0.0679828  ,  1.27384e-27,  0.0201806  ,  0.0243842  ])
202524  , -1631.56    , array([ 1.44564    ,  0.0679828  ,  1.27384e-27,  0.0201806  ,  0.0243842  ])
202525  , -1631.54    , array([ 1.44419    ,  0.0680508  ,  1.27384e-27,  0.0201806  ,  0.0243842  ])
202526  , -1631.56    , array([ 1.44419    ,  0.0679828  ,  1.27512e-27,  0.0201806  ,  0.0243842  ])
202527  , -1631.56    , array([ 1.44419    ,  0.0679828  ,  1.27384e-27,  0.0202008  ,  0.0243842  ])
202528  , -1631.58    , array([ 1.44419    ,  0.0679828  ,  1.27384e-27,  0.0201806  ,  0.0244086  ])
202529  , -1631.56    , array([ 1.44419    ,  0.0679828  ,  1.27384e-27,  0.0201806  ,  0.0243842  ])
202530  , -1631.56    , array([ 1.44419    ,  0.0679828  ,  1.27384e-27,  0.0201806  ,  0.0243842  ])
202531  , -1631.56    , array([ 1.44564    ,  0.0679828  ,  1.27384e-27,  0.0201806  ,  0.0243842  ])
202532  , -1631.54    , array([ 1.44419    ,  0.0680508  ,  1.27384e-27,  0.0201806  ,  0.0243842  ])
202533  , -1631.56    , array([ 1.44419    ,  0.0679828  ,  1.27512e-27,  0.0201806  ,  0.0243842  ])
202534  , -1631.56    , array([ 1.44419    ,  0.0679828  ,  1.27384e-27,  0.0202008  ,  0.0243842  ])
202535  , -1631.58    , array([ 1.44419    ,  0.0679828  ,  1.27384e-27,  0.0201806  ,  0.0244086  ])
202536  , -1631.56    , array([ 1.44419    ,  0.0679828  ,  1.27384e-27,  0.0201806  ,  0.0243842  ])
202537  , -1631.56    , array([ 1.44419    ,  0.0679828  ,  1.27384e-27,  0.0201806  ,  0.0243842  ])
202538  , -1631.56    , array([ 1.44564    ,  0.0679828  ,  1.27384e-27,  0.0201806  ,  0.0243842  ])
202539  , -1631.54    , array([ 1.44419    ,  0.0680508  ,  1.27384e-27,  0.0201806  ,  0.0243842  ])
202540  , -1631.56    , array([ 1.44419    ,  0.0679828  ,  1.27512e-27,  0.0201806  ,  0.0243842  ])
202541  , -1631.56    , array([ 1.44419    ,  0.0679828  ,  1.27384e-27,  0.0202008  ,  0.0243842  ])
202542  , -1631.58    , array([ 1.44419    ,  0.0679828  ,  1.27384e-27,  0.0201806  ,  0.0244086  ])
202543  , -1631.67    , array([ 1.43661    ,  0.0676944  ,  1.27384e-27,  0.0202475  ,  0.0242725  ])
202544  , -1631.57    , array([ 1.44315    ,  0.0679432  ,  1.27384e-27,  0.0201898  ,  0.0243689  ])
202545  , -1631.56    , array([ 1.44403    ,  0.0679768  ,  1.27384e-27,  0.020182   ,  0.0243819  ])
202546  , -1631.56    , array([ 1.44417    ,  0.0679819  ,  1.27384e-27,  0.0201808  ,  0.0243838  ])
202547  , -1631.56    , array([ 1.44419    ,  0.0679827  ,  1.27384e-27,  0.0201807  ,  0.0243841  ])
202548  , -1631.56    , array([ 1.44419    ,  0.0679828  ,  1.27384e-27,  0.0201806  ,  0.0243842  ])
202549  , -1631.56    , array([ 1.44419    ,  0.0679828  ,  1.27384e-27,  0.0201806  ,  0.0243842  ])
202550  , -1631.56    , array([ 1.44419    ,  0.0679828  ,  1.27384e-27,  0.0201806  ,  0.0243842  ])
202551  , -1631.56    , array([ 1.44419    ,  0.0679828  ,  1.27384e-27,  0.0201806  ,  0.0243842  ])
202552  , -1631.56    , array([ 1.44419    ,  0.0679828  ,  1.27384e-27,  0.0201806  ,  0.0243842  ])
202553  , -1631.56    , array([ 1.44419    ,  0.0679828  ,  1.27384e-27,  0.0201806  ,  0.0243842  ])
202554  , -1631.56    , array([ 1.44419    ,  0.0679828  ,  1.27384e-27,  0.0201806  ,  0.0243842  ])
