191906  , -79086.6    , array([ 30.16      ,  0.0171401  ,  4.12987e-18,  1.05021e-13,  4.21692e-08])
191907  , -79086.6    , array([ 30.1902    ,  0.0171401  ,  4.12987e-18,  1.05021e-13,  4.21692e-08])
191908  , -79086.6    , array([ 30.16      ,  0.0171573  ,  4.12987e-18,  1.05021e-13,  4.21692e-08])
191909  , -79086.6    , array([ 30.16      ,  0.0171401  ,  4.13401e-18,  1.05021e-13,  4.21692e-08])
191910  , -79086.6    , array([ 30.16      ,  0.0171401  ,  4.12987e-18,  1.05126e-13,  4.21692e-08])
191911  , -79086.5    , array([ 30.16      ,  0.0171401  ,  4.12987e-18,  1.05021e-13,  4.22114e-08])
191912  , -79086.6    , array([ 30.16      ,  0.0171401  ,  4.12987e-18,  1.05021e-13,  4.21692e-08])
191913  , -79077.4    , array([ 30.1517    ,  0.00839659 ,  4.12987e-18,  1.05021e-13,  8.61809e-08])
191914  , -79077.4    , array([ 30.1517    ,  0.00839659 ,  4.12987e-18,  1.05021e-13,  8.61809e-08])
191915  , -79077.4    , array([ 30.1819    ,  0.00839659 ,  4.12987e-18,  1.05021e-13,  8.61809e-08])
191916  , -79077.4    , array([ 30.1517    ,  0.00840499 ,  4.12987e-18,  1.05021e-13,  8.61809e-08])
191917  , -79077.4    , array([ 30.1517    ,  0.00839659 ,  4.13401e-18,  1.05021e-13,  8.61809e-08])
191918  , -79077.4    , array([ 30.1517    ,  0.00839659 ,  4.12987e-18,  1.05126e-13,  8.61809e-08])
191919  , -79077.4    , array([ 30.1517    ,  0.00839659 ,  4.12987e-18,  1.05021e-13,  8.62671e-08])
191927  , -79077.4    , array([ 30.1517    ,  0.00839659 ,  4.12987e-18,  1.05021e-13,  8.61809e-08])
191928  , -79077.4    , array([ 30.1517    ,  0.00839659 ,  4.12987e-18,  1.05021e-13,  8.61809e-08])
191929  , -79077.4    , array([ 30.1819    ,  0.00839659 ,  4.12987e-18,  1.05021e-13,  8.61809e-08])
191930  , -79077.4    , array([ 30.1517    ,  0.00840499 ,  4.12987e-18,  1.05021e-13,  8.61809e-08])
191931  , -79077.4    , array([ 30.1517    ,  0.00839659 ,  4.13401e-18,  1.05021e-13,  8.61809e-08])
191932  , -79077.4    , array([ 30.1517    ,  0.00839659 ,  4.12987e-18,  1.05126e-13,  8.61809e-08])
191933  , -79077.4    , array([ 30.1517    ,  0.00839659 ,  4.12987e-18,  1.05021e-13,  8.62671e-08])
191934  , -79077.4    , array([ 30.1517    ,  0.00839658 ,  4.12987e-18,  1.05021e-13,  8.61809e-08])
191935  , -79077.4    , array([ 30.1517    ,  0.00839658 ,  4.12987e-18,  1.05021e-13,  8.61809e-08])
191936  , -79077.4    , array([ 30.1819    ,  0.00839658 ,  4.12987e-18,  1.05021e-13,  8.61809e-08])
191937  , -79077.4    , array([ 30.1517    ,  0.00840499 ,  4.12987e-18,  1.05021e-13,  8.61809e-08])
191938  , -79077.4    , array([ 30.1517    ,  0.00839658 ,  4.13401e-18,  1.05021e-13,  8.61809e-08])
191939  , -79077.4    , array([ 30.1517    ,  0.00839658 ,  4.12987e-18,  1.05126e-13,  8.61809e-08])
191940  , -79077.4    , array([ 30.1517    ,  0.00839658 ,  4.12987e-18,  1.05021e-13,  8.62672e-08])
191941  , -78879.9    , array([ 30.1351    ,  0.00201503 ,  4.12987e-18,  1.05021e-13,  3.59951e-07])
191942  , -78879.9    , array([ 30.1351    ,  0.00201503 ,  4.12987e-18,  1.05021e-13,  3.59951e-07])
191943  , -78879.9    , array([ 30.1653    ,  0.00201503 ,  4.12987e-18,  1.05021e-13,  3.59951e-07])
191944  , -78880.1    , array([ 30.1351    ,  0.00201704 ,  4.12987e-18,  1.05021e-13,  3.59951e-07])
191945  , -78879.9    , array([ 30.1351    ,  0.00201503 ,  4.13401e-18,  1.05021e-13,  3.59951e-07])
191946  , -78879.9    , array([ 30.1351    ,  0.00201503 ,  4.12987e-18,  1.05126e-13,  3.59951e-07])
191947  , -78879.7    , array([ 30.1351    ,  0.00201503 ,  4.12987e-18,  1.05021e-13,  3.60311e-07])
191948  , -78879.9    , array([ 30.1351    ,  0.00201502 ,  4.12987e-18,  1.05021e-13,  3.59951e-07])
191949  , -78879.9    , array([ 30.1351    ,  0.00201502 ,  4.12987e-18,  1.05021e-13,  3.59951e-07])
191950  , -78879.9    , array([ 30.1653    ,  0.00201502 ,  4.12987e-18,  1.05021e-13,  3.59951e-07])
191951  , -78880.1    , array([ 30.1351    ,  0.00201704 ,  4.12987e-18,  1.05021e-13,  3.59951e-07])
191952  , -78879.9    , array([ 30.1351    ,  0.00201502 ,  4.13401e-18,  1.05021e-13,  3.59951e-07])
191953  , -78879.9    , array([ 30.1351    ,  0.00201502 ,  4.12987e-18,  1.05126e-13,  3.59951e-07])
191954  , -78879.7    , array([ 30.1351    ,  0.00201502 ,  4.12987e-18,  1.05021e-13,  3.60311e-07])
191955  , -78879.9    , array([ 30.1351    ,  0.00201502 ,  4.12987e-18,  1.05021e-13,  3.59952e-07])
191956  , -78879.9    , array([ 30.1351    ,  0.00201502 ,  4.12987e-18,  1.05021e-13,  3.59952e-07])
191957  , -78879.9    , array([ 30.1653    ,  0.00201502 ,  4.12987e-18,  1.05021e-13,  3.59952e-07])
191958  , -78880.1    , array([ 30.1351    ,  0.00201704 ,  4.12987e-18,  1.05021e-13,  3.59952e-07])
191959  , -78879.9    , array([ 30.1351    ,  0.00201502 ,  4.13401e-18,  1.05021e-13,  3.59952e-07])
191960  , -78879.9    , array([ 30.1351    ,  0.00201502 ,  4.12987e-18,  1.05126e-13,  3.59952e-07])
191961  , -78879.7    , array([ 30.1351    ,  0.00201502 ,  4.12987e-18,  1.05021e-13,  3.60312e-07])
191969  , -78879.9    , array([ 30.1351    ,  0.00201502 ,  4.12987e-18,  1.05021e-13,  3.59952e-07])
191970  , -78879.9    , array([ 30.1351    ,  0.00201502 ,  4.12987e-18,  1.05021e-13,  3.59952e-07])
191971  , -78879.9    , array([ 30.1653    ,  0.00201502 ,  4.12987e-18,  1.05021e-13,  3.59952e-07])
191972  , -78880.1    , array([ 30.1351    ,  0.00201704 ,  4.12987e-18,  1.05021e-13,  3.59952e-07])
191973  , -78879.9    , array([ 30.1351    ,  0.00201502 ,  4.13401e-18,  1.05021e-13,  3.59952e-07])
191974  , -78879.9    , array([ 30.1351    ,  0.00201502 ,  4.12987e-18,  1.05126e-13,  3.59952e-07])
191975  , -78879.7    , array([ 30.1351    ,  0.00201502 ,  4.12987e-18,  1.05021e-13,  3.60312e-07])
191976  , -78879.9    , array([ 30.1351    ,  0.00201502 ,  4.12987e-18,  1.05021e-13,  3.59952e-07])
191977  , -78879.9    , array([ 30.1351    ,  0.00201502 ,  4.12987e-18,  1.05021e-13,  3.59952e-07])
191978  , -78879.9    , array([ 30.1653    ,  0.00201502 ,  4.12987e-18,  1.05021e-13,  3.59952e-07])
191979  , -78880.1    , array([ 30.1351    ,  0.00201704 ,  4.12987e-18,  1.05021e-13,  3.59952e-07])
191980  , -78879.9    , array([ 30.1351    ,  0.00201502 ,  4.13401e-18,  1.05021e-13,  3.59952e-07])
191981  , -78879.9    , array([ 30.1351    ,  0.00201502 ,  4.12987e-18,  1.05126e-13,  3.59952e-07])
191982  , -78879.7    , array([ 30.1351    ,  0.00201502 ,  4.12987e-18,  1.05021e-13,  3.60312e-07])
191983  , -78662.3    , array([ 30.131     ,  0.00141034 ,  4.12987e-18,  1.05021e-13,  5.14579e-07])
191984  , -78662.3    , array([ 30.131     ,  0.00141034 ,  4.12987e-18,  1.05021e-13,  5.14579e-07])
191985  , -78662.3    , array([ 30.1611    ,  0.00141034 ,  4.12987e-18,  1.05021e-13,  5.14579e-07])
191986  , -78662.7    , array([ 30.131     ,  0.00141175 ,  4.12987e-18,  1.05021e-13,  5.14579e-07])
191987  , -78662.3    , array([ 30.131     ,  0.00141034 ,  4.13401e-18,  1.05021e-13,  5.14579e-07])
191988  , -78662.3    , array([ 30.131     ,  0.00141034 ,  4.12987e-18,  1.05126e-13,  5.14579e-07])
191989  , -78661.9    , array([ 30.131     ,  0.00141034 ,  4.12987e-18,  1.05021e-13,  5.15093e-07])
191990  , -78662.3    , array([ 30.131     ,  0.00141034 ,  4.12987e-18,  1.05021e-13,  5.14579e-07])
191991  , -78662.3    , array([ 30.131     ,  0.00141034 ,  4.12987e-18,  1.05021e-13,  5.14579e-07])
191992  , -78662.3    , array([ 30.1611    ,  0.00141034 ,  4.12987e-18,  1.05021e-13,  5.14579e-07])
191993  , -78662.7    , array([ 30.131     ,  0.00141175 ,  4.12987e-18,  1.05021e-13,  5.14579e-07])
191994  , -78662.3    , array([ 30.131     ,  0.00141034 ,  4.13401e-18,  1.05021e-13,  5.14579e-07])
191995  , -78662.3    , array([ 30.131     ,  0.00141034 ,  4.12987e-18,  1.05126e-13,  5.14579e-07])
191996  , -78661.9    , array([ 30.131     ,  0.00141034 ,  4.12987e-18,  1.05021e-13,  5.15094e-07])
191997  , -78662.3    , array([ 30.131     ,  0.00141034 ,  4.12987e-18,  1.05021e-13,  5.14579e-07])
191998  , -78662.3    , array([ 30.131     ,  0.00141034 ,  4.12987e-18,  1.05021e-13,  5.14579e-07])
191999  , -78662.3    , array([ 30.1611    ,  0.00141034 ,  4.12987e-18,  1.05021e-13,  5.14579e-07])
192000  , -78662.7    , array([ 30.131     ,  0.00141175 ,  4.12987e-18,  1.05021e-13,  5.14579e-07])
192001  , -78662.3    , array([ 30.131     ,  0.00141034 ,  4.13401e-18,  1.05021e-13,  5.14579e-07])
192002  , -78662.3    , array([ 30.131     ,  0.00141034 ,  4.12987e-18,  1.05126e-13,  5.14579e-07])
192003  , -78661.9    , array([ 30.131     ,  0.00141034 ,  4.12987e-18,  1.05021e-13,  5.15094e-07])
192004  , -78479.9    , array([ 30.1289    ,  0.0011799  ,  4.12987e-18,  1.05021e-13,  6.15256e-07])
192005  , -78479.9    , array([ 30.1289    ,  0.0011799  ,  4.12987e-18,  1.05021e-13,  6.15256e-07])
192006  , -78479.9    , array([ 30.159     ,  0.0011799  ,  4.12987e-18,  1.05021e-13,  6.15256e-07])
192007  , -78480.6    , array([ 30.1289    ,  0.00118109 ,  4.12987e-18,  1.05021e-13,  6.15256e-07])
192008  , -78479.9    , array([ 30.1289    ,  0.0011799  ,  4.13401e-18,  1.05021e-13,  6.15256e-07])
192009  , -78479.9    , array([ 30.1289    ,  0.0011799  ,  4.12987e-18,  1.05126e-13,  6.15256e-07])
192010  , -78479.3    , array([ 30.1289    ,  0.0011799  ,  4.12987e-18,  1.05021e-13,  6.15871e-07])
192011  , -78479.9    , array([ 30.1289    ,  0.0011799  ,  4.12987e-18,  1.05021e-13,  6.15256e-07])
192012  , -78479.9    , array([ 30.1289    ,  0.0011799  ,  4.12987e-18,  1.05021e-13,  6.15256e-07])
192013  , -78479.9    , array([ 30.159     ,  0.0011799  ,  4.12987e-18,  1.05021e-13,  6.15256e-07])
192014  , -78480.6    , array([ 30.1289    ,  0.00118109 ,  4.12987e-18,  1.05021e-13,  6.15256e-07])
192015  , -78479.9    , array([ 30.1289    ,  0.0011799  ,  4.13401e-18,  1.05021e-13,  6.15256e-07])
192016  , -78479.9    , array([ 30.1289    ,  0.0011799  ,  4.12987e-18,  1.05126e-13,  6.15256e-07])
192017  , -78479.3    , array([ 30.1289    ,  0.0011799  ,  4.12987e-18,  1.05021e-13,  6.15871e-07])
192018  , -78479.9    , array([ 30.1289    ,  0.0011799  ,  4.12987e-18,  1.05021e-13,  6.15256e-07])
192019  , -78479.9    , array([ 30.1289    ,  0.0011799  ,  4.12987e-18,  1.05021e-13,  6.15256e-07])
192020  , -78479.9    , array([ 30.159     ,  0.0011799  ,  4.12987e-18,  1.05021e-13,  6.15256e-07])
192021  , -78480.6    , array([ 30.1289    ,  0.00118109 ,  4.12987e-18,  1.05021e-13,  6.15256e-07])
192022  , -78479.9    , array([ 30.1289    ,  0.0011799  ,  4.13401e-18,  1.05021e-13,  6.15256e-07])
192023  , -78479.9    , array([ 30.1289    ,  0.0011799  ,  4.12987e-18,  1.05126e-13,  6.15256e-07])
192024  , -78479.3    , array([ 30.1289    ,  0.0011799  ,  4.12987e-18,  1.05021e-13,  6.15871e-07])
192025  , -78361.6    , array([ 30.1278    ,  0.00107922 ,  4.12987e-18,  1.05021e-13,  6.72756e-07])
192026  , -78361.6    , array([ 30.1278    ,  0.00107922 ,  4.12987e-18,  1.05021e-13,  6.72756e-07])
192027  , -78361.6    , array([ 30.158     ,  0.00107922 ,  4.12987e-18,  1.05021e-13,  6.72756e-07])
192028  , -78362.3    , array([ 30.1278    ,  0.0010803  ,  4.12987e-18,  1.05021e-13,  6.72756e-07])
192029  , -78361.6    , array([ 30.1278    ,  0.00107922 ,  4.13401e-18,  1.05021e-13,  6.72756e-07])
192030  , -78361.6    , array([ 30.1278    ,  0.00107922 ,  4.12987e-18,  1.05126e-13,  6.72756e-07])
192031  , -78360.8    , array([ 30.1278    ,  0.00107922 ,  4.12987e-18,  1.05021e-13,  6.73429e-07])
192032  , -78361.6    , array([ 30.1278    ,  0.00107922 ,  4.12987e-18,  1.05021e-13,  6.72756e-07])
192033  , -78361.6    , array([ 30.1278    ,  0.00107922 ,  4.12987e-18,  1.05021e-13,  6.72756e-07])
192034  , -78361.6    , array([ 30.158     ,  0.00107922 ,  4.12987e-18,  1.05021e-13,  6.72756e-07])
192035  , -78362.3    , array([ 30.1278    ,  0.0010803  ,  4.12987e-18,  1.05021e-13,  6.72756e-07])
192036  , -78361.6    , array([ 30.1278    ,  0.00107922 ,  4.13401e-18,  1.05021e-13,  6.72756e-07])
192037  , -78361.6    , array([ 30.1278    ,  0.00107922 ,  4.12987e-18,  1.05126e-13,  6.72756e-07])
192038  , -78360.8    , array([ 30.1278    ,  0.00107922 ,  4.12987e-18,  1.05021e-13,  6.73429e-07])
192039  , -78361.6    , array([ 30.1278    ,  0.00107922 ,  4.12987e-18,  1.05021e-13,  6.72756e-07])
192040  , -78361.6    , array([ 30.1278    ,  0.00107922 ,  4.12987e-18,  1.05021e-13,  6.72756e-07])
192041  , -78361.6    , array([ 30.158     ,  0.00107922 ,  4.12987e-18,  1.05021e-13,  6.72756e-07])
192042  , -78362.3    , array([ 30.1278    ,  0.0010803  ,  4.12987e-18,  1.05021e-13,  6.72756e-07])
192043  , -78361.6    , array([ 30.1278    ,  0.00107922 ,  4.13401e-18,  1.05021e-13,  6.72756e-07])
192044  , -78361.6    , array([ 30.1278    ,  0.00107922 ,  4.12987e-18,  1.05126e-13,  6.72756e-07])
192045  , -78360.8    , array([ 30.1278    ,  0.00107922 ,  4.12987e-18,  1.05021e-13,  6.73429e-07])
192046  , -78294.1    , array([ 30.1273    ,  0.00103214 ,  4.12987e-18,  1.05021e-13,  7.03491e-07])
192047  , -78294.1    , array([ 30.1273    ,  0.00103214 ,  4.12987e-18,  1.05021e-13,  7.03491e-07])
192048  , -78294.1    , array([ 30.1575    ,  0.00103214 ,  4.12987e-18,  1.05021e-13,  7.03491e-07])
192049  , -78294.8    , array([ 30.1273    ,  0.00103317 ,  4.12987e-18,  1.05021e-13,  7.03491e-07])
192050  , -78294.1    , array([ 30.1273    ,  0.00103214 ,  4.13401e-18,  1.05021e-13,  7.03491e-07])
192051  , -78294.1    , array([ 30.1273    ,  0.00103214 ,  4.12987e-18,  1.05126e-13,  7.03491e-07])
192052  , -78293.3    , array([ 30.1273    ,  0.00103214 ,  4.12987e-18,  1.05021e-13,  7.04194e-07])
192053  , -78294.1    , array([ 30.1273    ,  0.00103214 ,  4.12987e-18,  1.05021e-13,  7.03491e-07])
192054  , -78294.1    , array([ 30.1273    ,  0.00103214 ,  4.12987e-18,  1.05021e-13,  7.03491e-07])
192055  , -78294.1    , array([ 30.1575    ,  0.00103214 ,  4.12987e-18,  1.05021e-13,  7.03491e-07])
192056  , -78294.8    , array([ 30.1273    ,  0.00103317 ,  4.12987e-18,  1.05021e-13,  7.03491e-07])
192057  , -78294.1    , array([ 30.1273    ,  0.00103214 ,  4.13401e-18,  1.05021e-13,  7.03491e-07])
192058  , -78294.1    , array([ 30.1273    ,  0.00103214 ,  4.12987e-18,  1.05126e-13,  7.03491e-07])
192059  , -78293.3    , array([ 30.1273    ,  0.00103214 ,  4.12987e-18,  1.05021e-13,  7.04194e-07])
192060  , -78294.1    , array([ 30.1273    ,  0.00103214 ,  4.12987e-18,  1.05021e-13,  7.03491e-07])
192061  , -78294.1    , array([ 30.1273    ,  0.00103214 ,  4.12987e-18,  1.05021e-13,  7.03491e-07])
192062  , -78294.1    , array([ 30.1575    ,  0.00103214 ,  4.12987e-18,  1.05021e-13,  7.03491e-07])
192063  , -78294.8    , array([ 30.1273    ,  0.00103317 ,  4.12987e-18,  1.05021e-13,  7.03491e-07])
192064  , -78294.1    , array([ 30.1273    ,  0.00103214 ,  4.13401e-18,  1.05021e-13,  7.03491e-07])
192065  , -78294.1    , array([ 30.1273    ,  0.00103214 ,  4.12987e-18,  1.05126e-13,  7.03491e-07])
192066  , -78293.3    , array([ 30.1273    ,  0.00103214 ,  4.12987e-18,  1.05021e-13,  7.04194e-07])
192067  , -78258      , array([ 30.1271    ,  0.00100938 ,  4.12987e-18,  1.05021e-13,  7.19381e-07])
192068  , -78258      , array([ 30.1271    ,  0.00100938 ,  4.12987e-18,  1.05021e-13,  7.19381e-07])
192069  , -78258      , array([ 30.1572    ,  0.00100938 ,  4.12987e-18,  1.05021e-13,  7.19381e-07])
192070  , -78258.8    , array([ 30.1271    ,  0.00101039 ,  4.12987e-18,  1.05021e-13,  7.19381e-07])
192071  , -78258      , array([ 30.1271    ,  0.00100938 ,  4.13401e-18,  1.05021e-13,  7.19381e-07])
192072  , -78258      , array([ 30.1271    ,  0.00100938 ,  4.12987e-18,  1.05126e-13,  7.19381e-07])
192073  , -78257.2    , array([ 30.1271    ,  0.00100938 ,  4.12987e-18,  1.05021e-13,  7.201e-07  ])
192074  , -78258      , array([ 30.1271    ,  0.00100938 ,  4.12987e-18,  1.05021e-13,  7.19381e-07])
192075  , -78258      , array([ 30.1271    ,  0.00100938 ,  4.12987e-18,  1.05021e-13,  7.19381e-07])
192076  , -78258      , array([ 30.1572    ,  0.00100938 ,  4.12987e-18,  1.05021e-13,  7.19381e-07])
192077  , -78258.8    , array([ 30.1271    ,  0.00101039 ,  4.12987e-18,  1.05021e-13,  7.19381e-07])
192078  , -78258      , array([ 30.1271    ,  0.00100938 ,  4.13401e-18,  1.05021e-13,  7.19381e-07])
192079  , -78258      , array([ 30.1271    ,  0.00100938 ,  4.12987e-18,  1.05126e-13,  7.19381e-07])
192080  , -78257.2    , array([ 30.1271    ,  0.00100938 ,  4.12987e-18,  1.05021e-13,  7.201e-07  ])
192081  , -78258      , array([ 30.1271    ,  0.00100938 ,  4.12987e-18,  1.05021e-13,  7.19381e-07])
192082  , -78258      , array([ 30.1271    ,  0.00100938 ,  4.12987e-18,  1.05021e-13,  7.19381e-07])
192083  , -78258      , array([ 30.1572    ,  0.00100938 ,  4.12987e-18,  1.05021e-13,  7.19381e-07])
192084  , -78258.8    , array([ 30.1271    ,  0.00101039 ,  4.12987e-18,  1.05021e-13,  7.19381e-07])
192085  , -78258      , array([ 30.1271    ,  0.00100938 ,  4.13401e-18,  1.05021e-13,  7.19381e-07])
192086  , -78258      , array([ 30.1271    ,  0.00100938 ,  4.12987e-18,  1.05126e-13,  7.19381e-07])
192087  , -78257.2    , array([ 30.1271    ,  0.00100938 ,  4.12987e-18,  1.05021e-13,  7.201e-07  ])
192095  , -78258      , array([ 30.1271    ,  0.00100938 ,  4.12987e-18,  1.05021e-13,  7.19381e-07])
192096  , -78258      , array([ 30.1271    ,  0.00100938 ,  4.12987e-18,  1.05021e-13,  7.19381e-07])
192097  , -78258      , array([ 30.1572    ,  0.00100938 ,  4.12987e-18,  1.05021e-13,  7.19381e-07])
192098  , -78258.8    , array([ 30.1271    ,  0.00101039 ,  4.12987e-18,  1.05021e-13,  7.19381e-07])
192099  , -78258      , array([ 30.1271    ,  0.00100938 ,  4.13401e-18,  1.05021e-13,  7.19381e-07])
192100  , -78258      , array([ 30.1271    ,  0.00100938 ,  4.12987e-18,  1.05126e-13,  7.19381e-07])
192101  , -78257.2    , array([ 30.1271    ,  0.00100938 ,  4.12987e-18,  1.05021e-13,  7.201e-07  ])
192102  , -78258      , array([ 30.1271    ,  0.00100938 ,  4.12987e-18,  1.05021e-13,  7.19381e-07])
192103  , -78258      , array([ 30.1271    ,  0.00100938 ,  4.12987e-18,  1.05021e-13,  7.19381e-07])
192104  , -78258      , array([ 30.1572    ,  0.00100938 ,  4.12987e-18,  1.05021e-13,  7.19381e-07])
192105  , -78258.8    , array([ 30.1271    ,  0.00101039 ,  4.12987e-18,  1.05021e-13,  7.19381e-07])
192106  , -78258      , array([ 30.1271    ,  0.00100938 ,  4.13401e-18,  1.05021e-13,  7.19381e-07])
192107  , -78258      , array([ 30.1271    ,  0.00100938 ,  4.12987e-18,  1.05126e-13,  7.19381e-07])
192108  , -78257.2    , array([ 30.1271    ,  0.00100938 ,  4.12987e-18,  1.05021e-13,  7.201e-07  ])
192109  , -78248.7    , array([ 30.127     ,  0.00100377 ,  4.12987e-18,  1.05021e-13,  7.23409e-07])
192110  , -78248.7    , array([ 30.127     ,  0.00100377 ,  4.12987e-18,  1.05021e-13,  7.23409e-07])
192111  , -78248.7    , array([ 30.1571    ,  0.00100377 ,  4.12987e-18,  1.05021e-13,  7.23409e-07])
192112  , -78249.6    , array([ 30.127     ,  0.00100477 ,  4.12987e-18,  1.05021e-13,  7.23409e-07])
192113  , -78248.7    , array([ 30.127     ,  0.00100377 ,  4.13401e-18,  1.05021e-13,  7.23409e-07])
192114  , -78248.7    , array([ 30.127     ,  0.00100377 ,  4.12987e-18,  1.05126e-13,  7.23409e-07])
192115  , -78247.9    , array([ 30.127     ,  0.00100377 ,  4.12987e-18,  1.05021e-13,  7.24133e-07])
192116  , -78248.7    , array([ 30.127     ,  0.00100377 ,  4.12987e-18,  1.05021e-13,  7.23409e-07])
192117  , -78248.7    , array([ 30.127     ,  0.00100377 ,  4.12987e-18,  1.05021e-13,  7.23409e-07])
192118  , -78248.7    , array([ 30.1571    ,  0.00100377 ,  4.12987e-18,  1.05021e-13,  7.23409e-07])
192119  , -78249.6    , array([ 30.127     ,  0.00100477 ,  4.12987e-18,  1.05021e-13,  7.23409e-07])
192120  , -78248.7    , array([ 30.127     ,  0.00100377 ,  4.13401e-18,  1.05021e-13,  7.23409e-07])
192121  , -78248.7    , array([ 30.127     ,  0.00100377 ,  4.12987e-18,  1.05126e-13,  7.23409e-07])
192122  , -78247.9    , array([ 30.127     ,  0.00100377 ,  4.12987e-18,  1.05021e-13,  7.24133e-07])
192123  , -78248.7    , array([ 30.127     ,  0.00100377 ,  4.12987e-18,  1.05021e-13,  7.23409e-07])
192124  , -78248.7    , array([ 30.127     ,  0.00100377 ,  4.12987e-18,  1.05021e-13,  7.23409e-07])
192125  , -78248.7    , array([ 30.1571    ,  0.00100377 ,  4.12987e-18,  1.05021e-13,  7.23409e-07])
192126  , -78249.6    , array([ 30.127     ,  0.00100477 ,  4.12987e-18,  1.05021e-13,  7.23409e-07])
192127  , -78248.7    , array([ 30.127     ,  0.00100377 ,  4.13401e-18,  1.05021e-13,  7.23409e-07])
192128  , -78248.7    , array([ 30.127     ,  0.00100377 ,  4.12987e-18,  1.05126e-13,  7.23409e-07])
192129  , -78247.9    , array([ 30.127     ,  0.00100377 ,  4.12987e-18,  1.05021e-13,  7.24133e-07])
192130  , -78244.1    , array([ 30.127     ,  0.00100097 ,  4.12987e-18,  1.05021e-13,  7.25432e-07])
192131  , -78244.1    , array([ 30.127     ,  0.00100097 ,  4.12987e-18,  1.05021e-13,  7.25432e-07])
192132  , -78244.1    , array([ 30.1571    ,  0.00100097 ,  4.12987e-18,  1.05021e-13,  7.25432e-07])
192133  , -78244.9    , array([ 30.127     ,  0.00100197 ,  4.12987e-18,  1.05021e-13,  7.25432e-07])
192134  , -78244.1    , array([ 30.127     ,  0.00100097 ,  4.13401e-18,  1.05021e-13,  7.25432e-07])
192135  , -78244.1    , array([ 30.127     ,  0.00100097 ,  4.12987e-18,  1.05126e-13,  7.25432e-07])
192136  , -78243.2    , array([ 30.127     ,  0.00100097 ,  4.12987e-18,  1.05021e-13,  7.26157e-07])
192137  , -78244.1    , array([ 30.127     ,  0.00100097 ,  4.12987e-18,  1.05021e-13,  7.25432e-07])
192138  , -78244.1    , array([ 30.127     ,  0.00100097 ,  4.12987e-18,  1.05021e-13,  7.25432e-07])
192139  , -78244.1    , array([ 30.1571    ,  0.00100097 ,  4.12987e-18,  1.05021e-13,  7.25432e-07])
192140  , -78244.9    , array([ 30.127     ,  0.00100197 ,  4.12987e-18,  1.05021e-13,  7.25432e-07])
192141  , -78244.1    , array([ 30.127     ,  0.00100097 ,  4.13401e-18,  1.05021e-13,  7.25432e-07])
192142  , -78244.1    , array([ 30.127     ,  0.00100097 ,  4.12987e-18,  1.05126e-13,  7.25432e-07])
192143  , -78243.2    , array([ 30.127     ,  0.00100097 ,  4.12987e-18,  1.05021e-13,  7.26157e-07])
192144  , -78244.1    , array([ 30.127     ,  0.00100097 ,  4.12987e-18,  1.05021e-13,  7.25432e-07])
192145  , -78244.1    , array([ 30.127     ,  0.00100097 ,  4.12987e-18,  1.05021e-13,  7.25432e-07])
192146  , -78244.1    , array([ 30.1571    ,  0.00100097 ,  4.12987e-18,  1.05021e-13,  7.25432e-07])
192147  , -78244.9    , array([ 30.127     ,  0.00100197 ,  4.12987e-18,  1.05021e-13,  7.25432e-07])
192148  , -78244.1    , array([ 30.127     ,  0.00100097 ,  4.13401e-18,  1.05021e-13,  7.25432e-07])
192149  , -78244.1    , array([ 30.127     ,  0.00100097 ,  4.12987e-18,  1.05126e-13,  7.25432e-07])
192150  , -78243.2    , array([ 30.127     ,  0.00100097 ,  4.12987e-18,  1.05021e-13,  7.26157e-07])
192154  , -78242.6    , array([ 30.127     ,  0.00100058 ,  4.12987e-18,  1.05021e-13,  7.26445e-07])
192158  , -78244.1    , array([ 30.127     ,  0.00100097 ,  4.12987e-18,  1.05021e-13,  7.25432e-07])
192159  , -78244.1    , array([ 30.127     ,  0.00100097 ,  4.12987e-18,  1.05021e-13,  7.25432e-07])
192160  , -78244.1    , array([ 30.1571    ,  0.00100097 ,  4.12987e-18,  1.05021e-13,  7.25432e-07])
192161  , -78244.9    , array([ 30.127     ,  0.00100197 ,  4.12987e-18,  1.05021e-13,  7.25432e-07])
192162  , -78244.1    , array([ 30.127     ,  0.00100097 ,  4.13401e-18,  1.05021e-13,  7.25432e-07])
192163  , -78244.1    , array([ 30.127     ,  0.00100097 ,  4.12987e-18,  1.05126e-13,  7.25432e-07])
192164  , -78243.2    , array([ 30.127     ,  0.00100097 ,  4.12987e-18,  1.05021e-13,  7.26157e-07])
192165  , -78244.1    , array([ 30.127     ,  0.00100097 ,  4.12987e-18,  1.05021e-13,  7.25432e-07])
192166  , -78244.1    , array([ 30.127     ,  0.00100097 ,  4.12987e-18,  1.05021e-13,  7.25432e-07])
192167  , -78244.1    , array([ 30.1571    ,  0.00100097 ,  4.12987e-18,  1.05021e-13,  7.25432e-07])
192168  , -78244.9    , array([ 30.127     ,  0.00100197 ,  4.12987e-18,  1.05021e-13,  7.25432e-07])
192169  , -78244.1    , array([ 30.127     ,  0.00100097 ,  4.13401e-18,  1.05021e-13,  7.25432e-07])
192170  , -78244.1    , array([ 30.127     ,  0.00100097 ,  4.12987e-18,  1.05126e-13,  7.25432e-07])
192171  , -78243.2    , array([ 30.127     ,  0.00100097 ,  4.12987e-18,  1.05021e-13,  7.26157e-07])
192172  , -78242.9    , array([ 30.127     ,  0.00100028 ,  4.12987e-18,  1.05021e-13,  7.25938e-07])
192173  , -78242.9    , array([ 30.127     ,  0.00100028 ,  4.12987e-18,  1.05021e-13,  7.25938e-07])
192174  , -78242.9    , array([ 30.1571    ,  0.00100028 ,  4.12987e-18,  1.05021e-13,  7.25938e-07])
192175  , -78243.7    , array([ 30.127     ,  0.00100128 ,  4.12987e-18,  1.05021e-13,  7.25938e-07])
192176  , -78242.9    , array([ 30.127     ,  0.00100028 ,  4.13401e-18,  1.05021e-13,  7.25938e-07])
192177  , -78242.9    , array([ 30.127     ,  0.00100028 ,  4.12987e-18,  1.05126e-13,  7.25938e-07])
192178  , -78242.1    , array([ 30.127     ,  0.00100028 ,  4.12987e-18,  1.05021e-13,  7.26664e-07])
192179  , -78242.9    , array([ 30.127     ,  0.00100028 ,  4.12987e-18,  1.05021e-13,  7.25938e-07])
192180  , -78242.9    , array([ 30.127     ,  0.00100028 ,  4.12987e-18,  1.05021e-13,  7.25938e-07])
192181  , -78242.9    , array([ 30.1571    ,  0.00100028 ,  4.12987e-18,  1.05021e-13,  7.25938e-07])
192182  , -78243.7    , array([ 30.127     ,  0.00100128 ,  4.12987e-18,  1.05021e-13,  7.25938e-07])
192183  , -78242.9    , array([ 30.127     ,  0.00100028 ,  4.13401e-18,  1.05021e-13,  7.25938e-07])
192184  , -78242.9    , array([ 30.127     ,  0.00100028 ,  4.12987e-18,  1.05126e-13,  7.25938e-07])
192185  , -78242.1    , array([ 30.127     ,  0.00100028 ,  4.12987e-18,  1.05021e-13,  7.26664e-07])
192186  , -78242.9    , array([ 30.127     ,  0.00100028 ,  4.12987e-18,  1.05021e-13,  7.25938e-07])
192187  , -78242.9    , array([ 30.127     ,  0.00100028 ,  4.12987e-18,  1.05021e-13,  7.25938e-07])
192188  , -78242.9    , array([ 30.1571    ,  0.00100028 ,  4.12987e-18,  1.05021e-13,  7.25938e-07])
192189  , -78243.7    , array([ 30.127     ,  0.00100128 ,  4.12987e-18,  1.05021e-13,  7.25938e-07])
192190  , -78242.9    , array([ 30.127     ,  0.00100028 ,  4.13401e-18,  1.05021e-13,  7.25938e-07])
192191  , -78242.9    , array([ 30.127     ,  0.00100028 ,  4.12987e-18,  1.05126e-13,  7.25938e-07])
192192  , -78242.1    , array([ 30.127     ,  0.00100028 ,  4.12987e-18,  1.05021e-13,  7.26664e-07])
192196  , -78243.2    , array([ 30.127     ,  0.00100093 ,  4.12987e-18,  1.05021e-13,  7.26191e-07])
192200  , -78242.9    , array([ 30.127     ,  0.00100028 ,  4.12987e-18,  1.05021e-13,  7.25938e-07])
192201  , -78242.9    , array([ 30.127     ,  0.00100028 ,  4.12987e-18,  1.05021e-13,  7.25938e-07])
192202  , -78242.9    , array([ 30.1571    ,  0.00100028 ,  4.12987e-18,  1.05021e-13,  7.25938e-07])
192203  , -78243.7    , array([ 30.127     ,  0.00100128 ,  4.12987e-18,  1.05021e-13,  7.25938e-07])
192204  , -78242.9    , array([ 30.127     ,  0.00100028 ,  4.13401e-18,  1.05021e-13,  7.25938e-07])
192205  , -78242.9    , array([ 30.127     ,  0.00100028 ,  4.12987e-18,  1.05126e-13,  7.25938e-07])
192206  , -78242.1    , array([ 30.127     ,  0.00100028 ,  4.12987e-18,  1.05021e-13,  7.26664e-07])
192207  , -78242.9    , array([ 30.127     ,  0.00100028 ,  4.12987e-18,  1.05021e-13,  7.25938e-07])
192208  , -78242.9    , array([ 30.127     ,  0.00100028 ,  4.12987e-18,  1.05021e-13,  7.25938e-07])
192209  , -78242.9    , array([ 30.1571    ,  0.00100028 ,  4.12987e-18,  1.05021e-13,  7.25938e-07])
192210  , -78243.7    , array([ 30.127     ,  0.00100128 ,  4.12987e-18,  1.05021e-13,  7.25938e-07])
192211  , -78242.9    , array([ 30.127     ,  0.00100028 ,  4.13401e-18,  1.05021e-13,  7.25938e-07])
192212  , -78242.9    , array([ 30.127     ,  0.00100028 ,  4.12987e-18,  1.05126e-13,  7.25938e-07])
192213  , -78242.1    , array([ 30.127     ,  0.00100028 ,  4.12987e-18,  1.05021e-13,  7.26664e-07])
192214  , -78242.6    , array([ 30.127     ,  0.0010001  ,  4.12987e-18,  1.05021e-13,  7.26065e-07])
192215  , -78242.6    , array([ 30.127     ,  0.0010001  ,  4.12987e-18,  1.05021e-13,  7.26065e-07])
192216  , -78242.6    , array([ 30.1571    ,  0.0010001  ,  4.12987e-18,  1.05021e-13,  7.26065e-07])
192217  , -78243.4    , array([ 30.127     ,  0.0010011  ,  4.12987e-18,  1.05021e-13,  7.26065e-07])
192218  , -78242.6    , array([ 30.127     ,  0.0010001  ,  4.13401e-18,  1.05021e-13,  7.26065e-07])
192219  , -78242.6    , array([ 30.127     ,  0.0010001  ,  4.12987e-18,  1.05126e-13,  7.26065e-07])
192220  , -78241.8    , array([ 30.127     ,  0.0010001  ,  4.12987e-18,  1.05021e-13,  7.26791e-07])
192221  , -78242.6    , array([ 30.127     ,  0.0010001  ,  4.12987e-18,  1.05021e-13,  7.26065e-07])
192222  , -78242.6    , array([ 30.127     ,  0.0010001  ,  4.12987e-18,  1.05021e-13,  7.26065e-07])
192223  , -78242.6    , array([ 30.1571    ,  0.0010001  ,  4.12987e-18,  1.05021e-13,  7.26065e-07])
192224  , -78243.4    , array([ 30.127     ,  0.0010011  ,  4.12987e-18,  1.05021e-13,  7.26065e-07])
192225  , -78242.6    , array([ 30.127     ,  0.0010001  ,  4.13401e-18,  1.05021e-13,  7.26065e-07])
192226  , -78242.6    , array([ 30.127     ,  0.0010001  ,  4.12987e-18,  1.05126e-13,  7.26065e-07])
192227  , -78241.8    , array([ 30.127     ,  0.0010001  ,  4.12987e-18,  1.05021e-13,  7.26791e-07])
192228  , -78242.6    , array([ 30.127     ,  0.0010001  ,  4.12987e-18,  1.05021e-13,  7.26065e-07])
192229  , -78242.6    , array([ 30.127     ,  0.0010001  ,  4.12987e-18,  1.05021e-13,  7.26065e-07])
192230  , -78242.6    , array([ 30.1571    ,  0.0010001  ,  4.12987e-18,  1.05021e-13,  7.26065e-07])
192231  , -78243.4    , array([ 30.127     ,  0.0010011  ,  4.12987e-18,  1.05021e-13,  7.26065e-07])
192232  , -78242.6    , array([ 30.127     ,  0.0010001  ,  4.13401e-18,  1.05021e-13,  7.26065e-07])
192233  , -78242.6    , array([ 30.127     ,  0.0010001  ,  4.12987e-18,  1.05126e-13,  7.26065e-07])
192234  , -78241.8    , array([ 30.127     ,  0.0010001  ,  4.12987e-18,  1.05021e-13,  7.26791e-07])
192235  , -78242.5    , array([ 30.127     ,  0.00100001 ,  4.12987e-18,  1.05021e-13,  7.26128e-07])
192236  , -78242.5    , array([ 30.127     ,  0.00100001 ,  4.12987e-18,  1.05021e-13,  7.26128e-07])
192237  , -78242.5    , array([ 30.1571    ,  0.00100001 ,  4.12987e-18,  1.05021e-13,  7.26128e-07])
192238  , -78243.3    , array([ 30.127     ,  0.00100102 ,  4.12987e-18,  1.05021e-13,  7.26128e-07])
192239  , -78242.5    , array([ 30.127     ,  0.00100001 ,  4.13401e-18,  1.05021e-13,  7.26128e-07])
192240  , -78242.5    , array([ 30.127     ,  0.00100001 ,  4.12987e-18,  1.05126e-13,  7.26128e-07])
192241  , -78241.6    , array([ 30.127     ,  0.00100001 ,  4.12987e-18,  1.05021e-13,  7.26855e-07])
192242  , -78242.5    , array([ 30.127     ,  0.00100001 ,  4.12987e-18,  1.05021e-13,  7.26128e-07])
192243  , -78242.5    , array([ 30.127     ,  0.00100001 ,  4.12987e-18,  1.05021e-13,  7.26128e-07])
192244  , -78242.5    , array([ 30.1571    ,  0.00100001 ,  4.12987e-18,  1.05021e-13,  7.26128e-07])
192245  , -78243.3    , array([ 30.127     ,  0.00100102 ,  4.12987e-18,  1.05021e-13,  7.26128e-07])
192246  , -78242.5    , array([ 30.127     ,  0.00100001 ,  4.13401e-18,  1.05021e-13,  7.26128e-07])
192247  , -78242.5    , array([ 30.127     ,  0.00100001 ,  4.12987e-18,  1.05126e-13,  7.26128e-07])
192248  , -78241.6    , array([ 30.127     ,  0.00100001 ,  4.12987e-18,  1.05021e-13,  7.26855e-07])
192249  , -78242.5    , array([ 30.127     ,  0.00100001 ,  4.12987e-18,  1.05021e-13,  7.26128e-07])
192250  , -78242.5    , array([ 30.127     ,  0.00100001 ,  4.12987e-18,  1.05021e-13,  7.26128e-07])
192251  , -78242.5    , array([ 30.1571    ,  0.00100001 ,  4.12987e-18,  1.05021e-13,  7.26128e-07])
192252  , -78243.3    , array([ 30.127     ,  0.00100102 ,  4.12987e-18,  1.05021e-13,  7.26128e-07])
192253  , -78242.5    , array([ 30.127     ,  0.00100001 ,  4.13401e-18,  1.05021e-13,  7.26128e-07])
192254  , -78242.5    , array([ 30.127     ,  0.00100001 ,  4.12987e-18,  1.05126e-13,  7.26128e-07])
192255  , -78241.6    , array([ 30.127     ,  0.00100001 ,  4.12987e-18,  1.05021e-13,  7.26855e-07])
192259  , -78243.2    , array([ 30.127     ,  0.00100097 ,  4.12987e-18,  1.05021e-13,  7.2616e-07 ])
192263  , -78242.5    , array([ 30.127     ,  0.00100001 ,  4.12987e-18,  1.05021e-13,  7.26128e-07])
192264  , -78242.5    , array([ 30.127     ,  0.00100001 ,  4.12987e-18,  1.05021e-13,  7.26128e-07])
192265  , -78242.5    , array([ 30.1571    ,  0.00100001 ,  4.12987e-18,  1.05021e-13,  7.26128e-07])
192266  , -78243.3    , array([ 30.127     ,  0.00100102 ,  4.12987e-18,  1.05021e-13,  7.26128e-07])
192267  , -78242.5    , array([ 30.127     ,  0.00100001 ,  4.13401e-18,  1.05021e-13,  7.26128e-07])
192268  , -78242.5    , array([ 30.127     ,  0.00100001 ,  4.12987e-18,  1.05126e-13,  7.26128e-07])
192269  , -78241.6    , array([ 30.127     ,  0.00100001 ,  4.12987e-18,  1.05021e-13,  7.26855e-07])
192270  , -78242.5    , array([ 30.127     ,  0.00100001 ,  4.12987e-18,  1.05021e-13,  7.26128e-07])
192271  , -78242.5    , array([ 30.127     ,  0.00100001 ,  4.12987e-18,  1.05021e-13,  7.26128e-07])
192272  , -78242.5    , array([ 30.1571    ,  0.00100001 ,  4.12987e-18,  1.05021e-13,  7.26128e-07])
192273  , -78243.3    , array([ 30.127     ,  0.00100102 ,  4.12987e-18,  1.05021e-13,  7.26128e-07])
192274  , -78242.5    , array([ 30.127     ,  0.00100001 ,  4.13401e-18,  1.05021e-13,  7.26128e-07])
192275  , -78242.5    , array([ 30.127     ,  0.00100001 ,  4.12987e-18,  1.05126e-13,  7.26128e-07])
192276  , -78241.6    , array([ 30.127     ,  0.00100001 ,  4.12987e-18,  1.05021e-13,  7.26855e-07])
192280  , -78243.3    , array([ 30.127     ,  0.00100099 ,  4.12987e-18,  1.05021e-13,  7.26144e-07])
192284  , -78242.5    , array([ 30.127     ,  0.00100001 ,  4.12987e-18,  1.05021e-13,  7.26128e-07])
192285  , -78242.5    , array([ 30.127     ,  0.00100001 ,  4.12987e-18,  1.05021e-13,  7.26128e-07])
192286  , -78242.5    , array([ 30.1571    ,  0.00100001 ,  4.12987e-18,  1.05021e-13,  7.26128e-07])
192287  , -78243.3    , array([ 30.127     ,  0.00100102 ,  4.12987e-18,  1.05021e-13,  7.26128e-07])
192288  , -78242.5    , array([ 30.127     ,  0.00100001 ,  4.13401e-18,  1.05021e-13,  7.26128e-07])
192289  , -78242.5    , array([ 30.127     ,  0.00100001 ,  4.12987e-18,  1.05126e-13,  7.26128e-07])
192290  , -78241.6    , array([ 30.127     ,  0.00100001 ,  4.12987e-18,  1.05021e-13,  7.26855e-07])
192291  , -78242.5    , array([ 30.127     ,  0.00100001 ,  4.12987e-18,  1.05021e-13,  7.26128e-07])
192292  , -78242.5    , array([ 30.127     ,  0.00100001 ,  4.12987e-18,  1.05021e-13,  7.26128e-07])
192293  , -78242.5    , array([ 30.1571    ,  0.00100001 ,  4.12987e-18,  1.05021e-13,  7.26128e-07])
192294  , -78243.3    , array([ 30.127     ,  0.00100102 ,  4.12987e-18,  1.05021e-13,  7.26128e-07])
192295  , -78242.5    , array([ 30.127     ,  0.00100001 ,  4.13401e-18,  1.05021e-13,  7.26128e-07])
192296  , -78242.5    , array([ 30.127     ,  0.00100001 ,  4.12987e-18,  1.05126e-13,  7.26128e-07])
192297  , -78241.6    , array([ 30.127     ,  0.00100001 ,  4.12987e-18,  1.05021e-13,  7.26855e-07])
192298  , -78242.4    , array([ 30.127     ,  0.001      ,  4.12987e-18,  1.05021e-13,  7.26136e-07])
192299  , -78242.4    , array([ 30.127     ,  0.001      ,  4.12987e-18,  1.05021e-13,  7.26136e-07])
192300  , -78242.4    , array([ 30.1571    ,  0.001      ,  4.12987e-18,  1.05021e-13,  7.26136e-07])
192301  , -78243.3    , array([ 30.127     ,  0.001001   ,  4.12987e-18,  1.05021e-13,  7.26136e-07])
192302  , -78242.4    , array([ 30.127     ,  0.001      ,  4.13401e-18,  1.05021e-13,  7.26136e-07])
192303  , -78242.4    , array([ 30.127     ,  0.001      ,  4.12987e-18,  1.05126e-13,  7.26136e-07])
192304  , -78241.6    , array([ 30.127     ,  0.001      ,  4.12987e-18,  1.05021e-13,  7.26863e-07])
192305  , -78242.4    , array([ 30.127     ,  0.001      ,  4.12987e-18,  1.05021e-13,  7.26136e-07])
192306  , -78242.4    , array([ 30.127     ,  0.001      ,  4.12987e-18,  1.05021e-13,  7.26136e-07])
192307  , -78242.4    , array([ 30.1571    ,  0.001      ,  4.12987e-18,  1.05021e-13,  7.26136e-07])
192308  , -78243.3    , array([ 30.127     ,  0.001001   ,  4.12987e-18,  1.05021e-13,  7.26136e-07])
192309  , -78242.4    , array([ 30.127     ,  0.001      ,  4.13401e-18,  1.05021e-13,  7.26136e-07])
192310  , -78242.4    , array([ 30.127     ,  0.001      ,  4.12987e-18,  1.05126e-13,  7.26136e-07])
192311  , -78241.6    , array([ 30.127     ,  0.001      ,  4.12987e-18,  1.05021e-13,  7.26863e-07])
192312  , -78242.4    , array([ 30.127     ,  0.001      ,  4.12987e-18,  1.05021e-13,  7.26136e-07])
192313  , -78242.4    , array([ 30.127     ,  0.001      ,  4.12987e-18,  1.05021e-13,  7.26136e-07])
192314  , -78242.4    , array([ 30.1571    ,  0.001      ,  4.12987e-18,  1.05021e-13,  7.26136e-07])
192315  , -78243.3    , array([ 30.127     ,  0.001001   ,  4.12987e-18,  1.05021e-13,  7.26136e-07])
192316  , -78242.4    , array([ 30.127     ,  0.001      ,  4.13401e-18,  1.05021e-13,  7.26136e-07])
192317  , -78242.4    , array([ 30.127     ,  0.001      ,  4.12987e-18,  1.05126e-13,  7.26136e-07])
192318  , -78241.6    , array([ 30.127     ,  0.001      ,  4.12987e-18,  1.05021e-13,  7.26863e-07])
192322  , -78243.3    , array([ 30.127     ,  0.001001   ,  4.12987e-18,  1.05021e-13,  7.2614e-07 ])
192326  , -78242.4    , array([ 30.127     ,  0.001      ,  4.12987e-18,  1.05021e-13,  7.26136e-07])
192327  , -78242.4    , array([ 30.127     ,  0.001      ,  4.12987e-18,  1.05021e-13,  7.26136e-07])
192328  , -78242.4    , array([ 30.1571    ,  0.001      ,  4.12987e-18,  1.05021e-13,  7.26136e-07])
192329  , -78243.3    , array([ 30.127     ,  0.001001   ,  4.12987e-18,  1.05021e-13,  7.26136e-07])
192330  , -78242.4    , array([ 30.127     ,  0.001      ,  4.13401e-18,  1.05021e-13,  7.26136e-07])
192331  , -78242.4    , array([ 30.127     ,  0.001      ,  4.12987e-18,  1.05126e-13,  7.26136e-07])
192332  , -78241.6    , array([ 30.127     ,  0.001      ,  4.12987e-18,  1.05021e-13,  7.26863e-07])
192333  , -79077.4    , array([ 30.1517    ,  0.00839659 ,  4.12987e-18,  1.05021e-13,  8.61809e-08])
192334  , -79077.4    , array([ 30.1517    ,  0.00839659 ,  4.12987e-18,  1.05021e-13,  8.61809e-08])
192335  , -79077.4    , array([ 30.1819    ,  0.00839659 ,  4.12987e-18,  1.05021e-13,  8.61809e-08])
192336  , -79077.4    , array([ 30.1517    ,  0.00840499 ,  4.12987e-18,  1.05021e-13,  8.61809e-08])
192337  , -79077.4    , array([ 30.1517    ,  0.00839659 ,  4.13401e-18,  1.05021e-13,  8.61809e-08])
192338  , -79077.4    , array([ 30.1517    ,  0.00839659 ,  4.12987e-18,  1.05126e-13,  8.61809e-08])
192339  , -79077.4    , array([ 30.1517    ,  0.00839659 ,  4.12987e-18,  1.05021e-13,  8.62671e-08])
192340  , -79039.1    , array([ 30.1434    ,  0.00411332 ,  4.12987e-18,  1.05021e-13,  1.76127e-07])
192341  , -79039.1    , array([ 30.1434    ,  0.00411332 ,  4.12987e-18,  1.05021e-13,  1.76127e-07])
192342  , -79039.1    , array([ 30.1736    ,  0.00411332 ,  4.12987e-18,  1.05021e-13,  1.76127e-07])
192343  , -79039.2    , array([ 30.1434    ,  0.00411743 ,  4.12987e-18,  1.05021e-13,  1.76127e-07])
192344  , -79039.1    , array([ 30.1434    ,  0.00411332 ,  4.13401e-18,  1.05021e-13,  1.76127e-07])
192345  , -79039.1    , array([ 30.1434    ,  0.00411332 ,  4.12987e-18,  1.05126e-13,  1.76127e-07])
192346  , -79039.1    , array([ 30.1434    ,  0.00411332 ,  4.12987e-18,  1.05021e-13,  1.76304e-07])
192348  , -78879.9    , array([ 30.1351    ,  0.00201503 ,  4.12987e-18,  1.05021e-13,  3.5995e-07 ])
192349  , -78879.9    , array([ 30.1351    ,  0.00201503 ,  4.12987e-18,  1.05021e-13,  3.5995e-07 ])
192350  , -78879.9    , array([ 30.1653    ,  0.00201503 ,  4.12987e-18,  1.05021e-13,  3.5995e-07 ])
192351  , -78880.1    , array([ 30.1351    ,  0.00201704 ,  4.12987e-18,  1.05021e-13,  3.5995e-07 ])
192352  , -78879.9    , array([ 30.1351    ,  0.00201503 ,  4.13401e-18,  1.05021e-13,  3.5995e-07 ])
192353  , -78879.9    , array([ 30.1351    ,  0.00201503 ,  4.12987e-18,  1.05126e-13,  3.5995e-07 ])
192354  , -78879.7    , array([ 30.1351    ,  0.00201503 ,  4.12987e-18,  1.05021e-13,  3.60311e-07])
192355  , -78662.3    , array([ 30.131     ,  0.00141035 ,  4.12987e-18,  1.05021e-13,  5.14577e-07])
192356  , -78662.3    , array([ 30.131     ,  0.00141035 ,  4.12987e-18,  1.05021e-13,  5.14577e-07])
192357  , -78662.3    , array([ 30.1611    ,  0.00141035 ,  4.12987e-18,  1.05021e-13,  5.14577e-07])
192358  , -78662.7    , array([ 30.131     ,  0.00141176 ,  4.12987e-18,  1.05021e-13,  5.14577e-07])
192359  , -78662.3    , array([ 30.131     ,  0.00141035 ,  4.13401e-18,  1.05021e-13,  5.14577e-07])
192360  , -78662.3    , array([ 30.131     ,  0.00141035 ,  4.12987e-18,  1.05126e-13,  5.14577e-07])
192361  , -78661.9    , array([ 30.131     ,  0.00141035 ,  4.12987e-18,  1.05021e-13,  5.15092e-07])
192362  , -78479.9    , array([ 30.1289    ,  0.00117991 ,  4.12987e-18,  1.05021e-13,  6.15254e-07])
192363  , -78479.9    , array([ 30.1289    ,  0.00117991 ,  4.12987e-18,  1.05021e-13,  6.15254e-07])
192364  , -78479.9    , array([ 30.159     ,  0.00117991 ,  4.12987e-18,  1.05021e-13,  6.15254e-07])
192365  , -78480.6    , array([ 30.1289    ,  0.00118109 ,  4.12987e-18,  1.05021e-13,  6.15254e-07])
192366  , -78479.9    , array([ 30.1289    ,  0.00117991 ,  4.13401e-18,  1.05021e-13,  6.15254e-07])
192367  , -78479.9    , array([ 30.1289    ,  0.00117991 ,  4.12987e-18,  1.05126e-13,  6.15254e-07])
192368  , -78479.3    , array([ 30.1289    ,  0.00117991 ,  4.12987e-18,  1.05021e-13,  6.1587e-07 ])
192369  , -78361.6    , array([ 30.1278    ,  0.00107922 ,  4.12987e-18,  1.05021e-13,  6.72754e-07])
192370  , -78361.6    , array([ 30.1278    ,  0.00107922 ,  4.12987e-18,  1.05021e-13,  6.72754e-07])
192371  , -78361.6    , array([ 30.158     ,  0.00107922 ,  4.12987e-18,  1.05021e-13,  6.72754e-07])
192372  , -78362.3    , array([ 30.1278    ,  0.0010803  ,  4.12987e-18,  1.05021e-13,  6.72754e-07])
192373  , -78361.6    , array([ 30.1278    ,  0.00107922 ,  4.13401e-18,  1.05021e-13,  6.72754e-07])
192374  , -78361.6    , array([ 30.1278    ,  0.00107922 ,  4.12987e-18,  1.05126e-13,  6.72754e-07])
192375  , -78360.8    , array([ 30.1278    ,  0.00107922 ,  4.12987e-18,  1.05021e-13,  6.73427e-07])
192376  , -78294.1    , array([ 30.1273    ,  0.00103214 ,  4.12987e-18,  1.05021e-13,  7.03489e-07])
192377  , -78294.1    , array([ 30.1273    ,  0.00103214 ,  4.12987e-18,  1.05021e-13,  7.03489e-07])
192378  , -78294.1    , array([ 30.1575    ,  0.00103214 ,  4.12987e-18,  1.05021e-13,  7.03489e-07])
192379  , -78294.8    , array([ 30.1273    ,  0.00103318 ,  4.12987e-18,  1.05021e-13,  7.03489e-07])
192380  , -78294.1    , array([ 30.1273    ,  0.00103214 ,  4.13401e-18,  1.05021e-13,  7.03489e-07])
192381  , -78294.1    , array([ 30.1273    ,  0.00103214 ,  4.12987e-18,  1.05126e-13,  7.03489e-07])
192382  , -78293.3    , array([ 30.1273    ,  0.00103214 ,  4.12987e-18,  1.05021e-13,  7.04193e-07])
192383  , -78258      , array([ 30.1271    ,  0.00100938 ,  4.12987e-18,  1.05021e-13,  7.19379e-07])
192384  , -78258      , array([ 30.1271    ,  0.00100938 ,  4.12987e-18,  1.05021e-13,  7.19379e-07])
192385  , -78258      , array([ 30.1572    ,  0.00100938 ,  4.12987e-18,  1.05021e-13,  7.19379e-07])
192386  , -78258.8    , array([ 30.1271    ,  0.00101039 ,  4.12987e-18,  1.05021e-13,  7.19379e-07])
192387  , -78258      , array([ 30.1271    ,  0.00100938 ,  4.13401e-18,  1.05021e-13,  7.19379e-07])
192388  , -78258      , array([ 30.1271    ,  0.00100938 ,  4.12987e-18,  1.05126e-13,  7.19379e-07])
192389  , -78257.2    , array([ 30.1271    ,  0.00100938 ,  4.12987e-18,  1.05021e-13,  7.20099e-07])
192391  , -78248.7    , array([ 30.127     ,  0.00100377 ,  4.12987e-18,  1.05021e-13,  7.23408e-07])
192392  , -78248.7    , array([ 30.127     ,  0.00100377 ,  4.12987e-18,  1.05021e-13,  7.23408e-07])
192393  , -78248.7    , array([ 30.1571    ,  0.00100377 ,  4.12987e-18,  1.05021e-13,  7.23408e-07])
192394  , -78249.6    , array([ 30.127     ,  0.00100477 ,  4.12987e-18,  1.05021e-13,  7.23408e-07])
192395  , -78248.7    , array([ 30.127     ,  0.00100377 ,  4.13401e-18,  1.05021e-13,  7.23408e-07])
192396  , -78248.7    , array([ 30.127     ,  0.00100377 ,  4.12987e-18,  1.05126e-13,  7.23408e-07])
192397  , -78247.9    , array([ 30.127     ,  0.00100377 ,  4.12987e-18,  1.05021e-13,  7.24131e-07])
192398  , -78244.1    , array([ 30.127     ,  0.00100097 ,  4.12987e-18,  1.05021e-13,  7.2543e-07 ])
192399  , -78244.1    , array([ 30.127     ,  0.00100097 ,  4.12987e-18,  1.05021e-13,  7.2543e-07 ])
192400  , -78244.1    , array([ 30.1571    ,  0.00100097 ,  4.12987e-18,  1.05021e-13,  7.2543e-07 ])
192401  , -78244.9    , array([ 30.127     ,  0.00100198 ,  4.12987e-18,  1.05021e-13,  7.2543e-07 ])
192402  , -78244.1    , array([ 30.127     ,  0.00100097 ,  4.13401e-18,  1.05021e-13,  7.2543e-07 ])
192403  , -78244.1    , array([ 30.127     ,  0.00100097 ,  4.12987e-18,  1.05126e-13,  7.2543e-07 ])
192404  , -78243.2    , array([ 30.127     ,  0.00100097 ,  4.12987e-18,  1.05021e-13,  7.26156e-07])
192406  , -78242.9    , array([ 30.127     ,  0.00100028 ,  4.12987e-18,  1.05021e-13,  7.25937e-07])
192407  , -78242.9    , array([ 30.127     ,  0.00100028 ,  4.12987e-18,  1.05021e-13,  7.25937e-07])
192408  , -78242.9    , array([ 30.1571    ,  0.00100028 ,  4.12987e-18,  1.05021e-13,  7.25937e-07])
192409  , -78243.7    , array([ 30.127     ,  0.00100128 ,  4.12987e-18,  1.05021e-13,  7.25937e-07])
192410  , -78242.9    , array([ 30.127     ,  0.00100028 ,  4.13401e-18,  1.05021e-13,  7.25937e-07])
192411  , -78242.9    , array([ 30.127     ,  0.00100028 ,  4.12987e-18,  1.05126e-13,  7.25937e-07])
192412  , -78242.1    , array([ 30.127     ,  0.00100028 ,  4.12987e-18,  1.05021e-13,  7.26663e-07])
