57980   , -63202.2    , array([ 0.0533834  ,  8.25153    ,  9.28914e-25,  3.39232e-22,  0.0142373  ])
57981   , -63172.6    , array([ 0.0534368  ,  8.25153    ,  9.28914e-25,  3.39232e-22,  0.0142373  ])
57982   , -63203      , array([ 0.0533834  ,  8.25979    ,  9.28914e-25,  3.39232e-22,  0.0142373  ])
57983   , -63202.2    , array([ 0.0533834  ,  8.25153    ,  9.29843e-25,  3.39232e-22,  0.0142373  ])
57984   , -63202.2    , array([ 0.0533834  ,  8.25153    ,  9.28914e-25,  3.39571e-22,  0.0142373  ])
57985   , -63225.5    , array([ 0.0533834  ,  8.25153    ,  9.28914e-25,  3.39232e-22,  0.0142515  ])
57986   , -63202.2    , array([ 0.0533834  ,  8.25153    ,  9.28914e-25,  3.39232e-22,  0.0142373  ])
57987   , -54193.7    , array([ 0.118162   ,  8.09647    ,  9.28914e-25,  3.39232e-22,  0.00763416 ])
57988   , -54193.7    , array([ 0.118162   ,  8.09647    ,  9.28914e-25,  3.39232e-22,  0.00763416 ])
57989   , -54201.1    , array([ 0.118281   ,  8.09647    ,  9.28914e-25,  3.39232e-22,  0.00763416 ])
57990   , -54194.3    , array([ 0.118162   ,  8.10457    ,  9.28914e-25,  3.39232e-22,  0.00763416 ])
57991   , -54193.7    , array([ 0.118162   ,  8.09647    ,  9.29843e-25,  3.39232e-22,  0.00763416 ])
57992   , -54193.7    , array([ 0.118162   ,  8.09647    ,  9.28914e-25,  3.39571e-22,  0.00763416 ])
57993   , -54184.6    , array([ 0.118162   ,  8.09647    ,  9.28914e-25,  3.39232e-22,  0.00764179 ])
57994   , -224619     , array([ 24.9186    ,  0.691534   ,  9.28914e-25,  3.39232e-22,  3.4601     ])
57995   , -224619     , array([ 24.9186    ,  0.691534   ,  9.28914e-25,  3.39232e-22,  3.4601     ])
57996   , -224628     , array([ 24.9435    ,  0.691534   ,  9.28914e-25,  3.39232e-22,  3.4601     ])
57997   , -224445     , array([ 24.9186    ,  0.692226   ,  9.28914e-25,  3.39232e-22,  3.4601     ])
57998   , -224619     , array([ 24.9186    ,  0.691534   ,  9.29843e-25,  3.39232e-22,  3.4601     ])
57999   , -224619     , array([ 24.9186    ,  0.691534   ,  9.28914e-25,  3.39571e-22,  3.4601     ])
58000   , -224818     , array([ 24.9186    ,  0.691534   ,  9.28914e-25,  3.39232e-22,  3.46356    ])
58001   , -42731.8    , array([ 0.635355   ,  3.7362     ,  9.28914e-25,  3.39232e-22,  0.0522093  ])
58002   , -42731.8    , array([ 0.635355   ,  3.7362     ,  9.28914e-25,  3.39232e-22,  0.0522093  ])
58003   , -42738      , array([ 0.63599    ,  3.7362     ,  9.28914e-25,  3.39232e-22,  0.0522093  ])
58004   , -42738.1    , array([ 0.635355   ,  3.73994    ,  9.28914e-25,  3.39232e-22,  0.0522093  ])
58005   , -42731.8    , array([ 0.635355   ,  3.7362     ,  9.29843e-25,  3.39232e-22,  0.0522093  ])
58006   , -42731.8    , array([ 0.635355   ,  3.7362     ,  9.28914e-25,  3.39571e-22,  0.0522093  ])
58007   , -42718.8    , array([ 0.635355   ,  3.7362     ,  9.28914e-25,  3.39232e-22,  0.0522615  ])
58008   , -22910.4    , array([ 4.06878    ,  1.59098    ,  9.28914e-25,  3.39232e-22,  0.436012   ])
58009   , -22910.4    , array([ 4.06878    ,  1.59098    ,  9.28914e-25,  3.39232e-22,  0.436012   ])
58010   , -22910.6    , array([ 4.07285    ,  1.59098    ,  9.28914e-25,  3.39232e-22,  0.436012   ])
58011   , -22918.2    , array([ 4.06878    ,  1.59257    ,  9.28914e-25,  3.39232e-22,  0.436012   ])
58012   , -22910.4    , array([ 4.06878    ,  1.59098    ,  9.29843e-25,  3.39232e-22,  0.436012   ])
58013   , -22910.4    , array([ 4.06878    ,  1.59098    ,  9.28914e-25,  3.39571e-22,  0.436012   ])
58014   , -22922      , array([ 4.06878    ,  1.59098    ,  9.28914e-25,  3.39232e-22,  0.436449   ])
58015   , -28555      , array([ 1.72115    ,  2.36292    ,  9.28914e-25,  3.39232e-22,  0.163091   ])
58016   , -28555      , array([ 1.72115    ,  2.36292    ,  9.28914e-25,  3.39232e-22,  0.163091   ])
58017   , -28557.8    , array([ 1.72287    ,  2.36292    ,  9.28914e-25,  3.39232e-22,  0.163091   ])
58018   , -28570.2    , array([ 1.72115    ,  2.36529    ,  9.28914e-25,  3.39232e-22,  0.163091   ])
58019   , -28555      , array([ 1.72115    ,  2.36292    ,  9.29843e-25,  3.39232e-22,  0.163091   ])
58020   , -28555      , array([ 1.72115    ,  2.36292    ,  9.28914e-25,  3.39571e-22,  0.163091   ])
58021   , -28545.4    , array([ 1.72115    ,  2.36292    ,  9.28914e-25,  3.39232e-22,  0.163254   ])
58022   , -22003.5    , array([ 3.34107    ,  1.74185    ,  9.28914e-25,  3.39232e-22,  0.348085   ])
58023   , -22003.5    , array([ 3.34107    ,  1.74185    ,  9.28914e-25,  3.39232e-22,  0.348085   ])
58024   , -22003.8    , array([ 3.34442    ,  1.74185    ,  9.28914e-25,  3.39232e-22,  0.348085   ])
58025   , -22015.8    , array([ 3.34107    ,  1.74359    ,  9.28914e-25,  3.39232e-22,  0.348085   ])
58026   , -22003.5    , array([ 3.34107    ,  1.74185    ,  9.29843e-25,  3.39232e-22,  0.348085   ])
58027   , -22003.5    , array([ 3.34107    ,  1.74185    ,  9.28914e-25,  3.39571e-22,  0.348085   ])
58028   , -22008.1    , array([ 3.34107    ,  1.74185    ,  9.28914e-25,  3.39232e-22,  0.348433   ])
58036   , -21996.5    , array([ 3.34767    ,  1.73932    ,  9.28914e-25,  3.39232e-22,  0.348871   ])
58037   , -21996.5    , array([ 3.34767    ,  1.73932    ,  9.28914e-25,  3.39232e-22,  0.348871   ])
58038   , -21996.8    , array([ 3.35102    ,  1.73932    ,  9.28914e-25,  3.39232e-22,  0.348871   ])
58039   , -22008.8    , array([ 3.34767    ,  1.74106    ,  9.28914e-25,  3.39232e-22,  0.348871   ])
58040   , -21996.5    , array([ 3.34767    ,  1.73932    ,  9.29843e-25,  3.39232e-22,  0.348871   ])
58041   , -21996.5    , array([ 3.34767    ,  1.73932    ,  9.28914e-25,  3.39571e-22,  0.348871   ])
58042   , -22001.2    , array([ 3.34767    ,  1.73932    ,  9.28914e-25,  3.39232e-22,  0.34922    ])
58043   , -21966.8    , array([ 3.37862    ,  1.72758    ,  9.28914e-25,  3.39232e-22,  0.352563   ])
58044   , -21966.8    , array([ 3.37862    ,  1.72758    ,  9.28914e-25,  3.39232e-22,  0.352563   ])
58045   , -21967.1    , array([ 3.382      ,  1.72758    ,  9.28914e-25,  3.39232e-22,  0.352563   ])
58046   , -21978.9    , array([ 3.37862    ,  1.72931    ,  9.28914e-25,  3.39232e-22,  0.352563   ])
58047   , -21966.8    , array([ 3.37862    ,  1.72758    ,  9.29843e-25,  3.39232e-22,  0.352563   ])
58048   , -21966.8    , array([ 3.37862    ,  1.72758    ,  9.28914e-25,  3.39571e-22,  0.352563   ])
58049   , -21971.8    , array([ 3.37862    ,  1.72758    ,  9.28914e-25,  3.39232e-22,  0.352916   ])
58050   , -21893      , array([ 3.36526    ,  1.719      ,  9.28914e-25,  3.39232e-22,  0.351629   ])
58051   , -21893      , array([ 3.36526    ,  1.719      ,  9.28914e-25,  3.39232e-22,  0.351629   ])
58052   , -21893.2    , array([ 3.36863    ,  1.719      ,  9.28914e-25,  3.39232e-22,  0.351629   ])
58053   , -21905      , array([ 3.36526    ,  1.72072    ,  9.28914e-25,  3.39232e-22,  0.351629   ])
58054   , -21893      , array([ 3.36526    ,  1.719      ,  9.29843e-25,  3.39232e-22,  0.351629   ])
58055   , -21893      , array([ 3.36526    ,  1.719      ,  9.28914e-25,  3.39571e-22,  0.351629   ])
58056   , -21897.9    , array([ 3.36526    ,  1.719      ,  9.28914e-25,  3.39232e-22,  0.351981   ])
58057   , -21599.7    , array([ 3.31235    ,  1.6851     ,  9.28914e-25,  3.39232e-22,  0.34792    ])
58058   , -21599.7    , array([ 3.31235    ,  1.6851     ,  9.28914e-25,  3.39232e-22,  0.34792    ])
58059   , -21599.8    , array([ 3.31566    ,  1.6851     ,  9.28914e-25,  3.39232e-22,  0.34792    ])
58060   , -21611.6    , array([ 3.31235    ,  1.68679    ,  9.28914e-25,  3.39232e-22,  0.34792    ])
58061   , -21599.7    , array([ 3.31235    ,  1.6851     ,  9.29843e-25,  3.39232e-22,  0.34792    ])
58062   , -21599.7    , array([ 3.31235    ,  1.6851     ,  9.28914e-25,  3.39571e-22,  0.34792    ])
58063   , -21604.8    , array([ 3.31235    ,  1.6851     ,  9.28914e-25,  3.39232e-22,  0.348268   ])
58064   , -20463.8    , array([ 3.10888    ,  1.55606    ,  9.28914e-25,  3.39232e-22,  0.333468   ])
58065   , -20463.8    , array([ 3.10888    ,  1.55606    ,  9.28914e-25,  3.39232e-22,  0.333468   ])
58066   , -20463.4    , array([ 3.11199    ,  1.55606    ,  9.28914e-25,  3.39232e-22,  0.333468   ])
58067   , -20475.1    , array([ 3.10888    ,  1.55762    ,  9.28914e-25,  3.39232e-22,  0.333468   ])
58068   , -20463.8    , array([ 3.10888    ,  1.55606    ,  9.29843e-25,  3.39232e-22,  0.333468   ])
58069   , -20463.8    , array([ 3.10888    ,  1.55606    ,  9.28914e-25,  3.39571e-22,  0.333468   ])
58070   , -20469.3    , array([ 3.10888    ,  1.55606    ,  9.28914e-25,  3.39232e-22,  0.333801   ])
58071   , -16523.8    , array([ 2.41256    ,  1.13143    ,  9.28914e-25,  3.39232e-22,  0.281419   ])
58072   , -16523.8    , array([ 2.41256    ,  1.13143    ,  9.28914e-25,  3.39232e-22,  0.281419   ])
58073   , -16521.4    , array([ 2.41497    ,  1.13143    ,  9.28914e-25,  3.39232e-22,  0.281419   ])
58074   , -16532.7    , array([ 2.41256    ,  1.13256    ,  9.28914e-25,  3.39232e-22,  0.281419   ])
58075   , -16523.8    , array([ 2.41256    ,  1.13143    ,  9.29843e-25,  3.39232e-22,  0.281419   ])
58076   , -16523.8    , array([ 2.41256    ,  1.13143    ,  9.28914e-25,  3.39571e-22,  0.281419   ])
58077   , -16531.1    , array([ 2.41256    ,  1.13143    ,  9.28914e-25,  3.39232e-22,  0.281701   ])
58078   , -8957.58    , array([ 1.27983    ,  0.448092   ,  9.28914e-25,  3.39232e-22,  0.155929   ])
58079   , -8957.58    , array([ 1.27983    ,  0.448092   ,  9.28914e-25,  3.39232e-22,  0.155929   ])
58080   , -8952.08    , array([ 1.28111    ,  0.448092   ,  9.28914e-25,  3.39232e-22,  0.155929   ])
58081   , -8959.55    , array([ 1.27983    ,  0.44854    ,  9.28914e-25,  3.39232e-22,  0.155929   ])
58082   , -8957.58    , array([ 1.27983    ,  0.448092   ,  9.29843e-25,  3.39232e-22,  0.155929   ])
58083   , -8957.58    , array([ 1.27983    ,  0.448092   ,  9.28914e-25,  3.39571e-22,  0.155929   ])
58084   , -8967.54    , array([ 1.27983    ,  0.448092   ,  9.28914e-25,  3.39232e-22,  0.156085   ])
58085   , -5555.76    , array([ 0.834483   ,  0.233628   ,  9.28914e-25,  3.39232e-22,  0.0858062  ])
58086   , -5555.76    , array([ 0.834483   ,  0.233628   ,  9.28914e-25,  3.39232e-22,  0.0858062  ])
58087   , -5550.27    , array([ 0.835318   ,  0.233628   ,  9.28914e-25,  3.39232e-22,  0.0858062  ])
58088   , -5555.89    , array([ 0.834483   ,  0.233862   ,  9.28914e-25,  3.39232e-22,  0.0858062  ])
58089   , -5555.76    , array([ 0.834483   ,  0.233628   ,  9.29843e-25,  3.39232e-22,  0.0858062  ])
58090   , -5555.76    , array([ 0.834483   ,  0.233628   ,  9.28914e-25,  3.39571e-22,  0.0858062  ])
58091   , -5563.19    , array([ 0.834483   ,  0.233628   ,  9.28914e-25,  3.39232e-22,  0.085892   ])
58092   , -3557.26    , array([ 0.692474   ,  0.141333   ,  9.28914e-25,  3.39232e-22,  0.0521662  ])
58093   , -3557.26    , array([ 0.692474   ,  0.141333   ,  9.28914e-25,  3.39232e-22,  0.0521662  ])
58094   , -3553.44    , array([ 0.693167   ,  0.141333   ,  9.28914e-25,  3.39232e-22,  0.0521662  ])
58095   , -3556.75    , array([ 0.692474   ,  0.141474   ,  9.28914e-25,  3.39232e-22,  0.0521662  ])
58096   , -3557.26    , array([ 0.692474   ,  0.141333   ,  9.29843e-25,  3.39232e-22,  0.0521662  ])
58097   , -3557.26    , array([ 0.692474   ,  0.141333   ,  9.28914e-25,  3.39571e-22,  0.0521662  ])
58098   , -3562.01    , array([ 0.692474   ,  0.141333   ,  9.28914e-25,  3.39232e-22,  0.0522184  ])
58099   , -2405.32    , array([ 0.636662   ,  0.0919577  ,  9.28914e-25,  3.39232e-22,  0.0326028  ])
58100   , -2405.32    , array([ 0.636662   ,  0.0919577  ,  9.28914e-25,  3.39232e-22,  0.0326028  ])
58101   , -2403.19    , array([ 0.637299   ,  0.0919577  ,  9.28914e-25,  3.39232e-22,  0.0326028  ])
58102   , -2405.52    , array([ 0.636662   ,  0.0920497  ,  9.28914e-25,  3.39232e-22,  0.0326028  ])
58103   , -2405.32    , array([ 0.636662   ,  0.0919577  ,  9.29843e-25,  3.39232e-22,  0.0326028  ])
58104   , -2405.32    , array([ 0.636662   ,  0.0919577  ,  9.28914e-25,  3.39571e-22,  0.0326028  ])
58105   , -2407.06    , array([ 0.636662   ,  0.0919577  ,  9.28914e-25,  3.39232e-22,  0.0326354  ])
58106   , -1986.76    , array([ 0.649261   ,  0.0656393  ,  9.28914e-25,  3.39232e-22,  0.0239625  ])
58107   , -1986.76    , array([ 0.649261   ,  0.0656393  ,  9.28914e-25,  3.39232e-22,  0.0239625  ])
58108   , -1985.6     , array([ 0.64991    ,  0.0656393  ,  9.28914e-25,  3.39232e-22,  0.0239625  ])
58109   , -1985.95    , array([ 0.649261   ,  0.065705   ,  9.28914e-25,  3.39232e-22,  0.0239625  ])
58110   , -1986.76    , array([ 0.649261   ,  0.0656393  ,  9.29843e-25,  3.39232e-22,  0.0239625  ])
58111   , -1986.76    , array([ 0.649261   ,  0.0656393  ,  9.28914e-25,  3.39571e-22,  0.0239625  ])
58112   , -1988.37    , array([ 0.649261   ,  0.0656393  ,  9.28914e-25,  3.39232e-22,  0.0239865  ])
58113   , -1839.46    , array([ 0.674602   ,  0.0551848  ,  9.28914e-25,  3.39232e-22,  0.0190571  ])
58114   , -1839.46    , array([ 0.674602   ,  0.0551848  ,  9.28914e-25,  3.39232e-22,  0.0190571  ])
58115   , -1838.82    , array([ 0.675277   ,  0.0551848  ,  9.28914e-25,  3.39232e-22,  0.0190571  ])
58116   , -1840.15    , array([ 0.674602   ,  0.05524    ,  9.28914e-25,  3.39232e-22,  0.0190571  ])
58117   , -1839.46    , array([ 0.674602   ,  0.0551848  ,  9.29843e-25,  3.39232e-22,  0.0190571  ])
58118   , -1839.46    , array([ 0.674602   ,  0.0551848  ,  9.28914e-25,  3.39571e-22,  0.0190571  ])
58119   , -1839.03    , array([ 0.674602   ,  0.0551848  ,  9.28914e-25,  3.39232e-22,  0.0190762  ])
58120   , -1780.61    , array([ 0.732688   ,  0.0489463  ,  9.28914e-25,  3.39232e-22,  0.0174234  ])
58121   , -1780.61    , array([ 0.732688   ,  0.0489463  ,  9.28914e-25,  3.39232e-22,  0.0174234  ])
58122   , -1780.2     , array([ 0.733421   ,  0.0489463  ,  9.28914e-25,  3.39232e-22,  0.0174234  ])
58123   , -1780.4     , array([ 0.732688   ,  0.0489953  ,  9.28914e-25,  3.39232e-22,  0.0174234  ])
58124   , -1780.61    , array([ 0.732688   ,  0.0489463  ,  9.29843e-25,  3.39232e-22,  0.0174234  ])
58125   , -1780.61    , array([ 0.732688   ,  0.0489463  ,  9.28914e-25,  3.39571e-22,  0.0174234  ])
58126   , -1780.84    , array([ 0.732688   ,  0.0489463  ,  9.28914e-25,  3.39232e-22,  0.0174408  ])
58127   , -1750.11    , array([ 0.804575   ,  0.0478666  ,  9.28914e-25,  3.39232e-22,  0.0170804  ])
58128   , -1750.11    , array([ 0.804575   ,  0.0478666  ,  9.28914e-25,  3.39232e-22,  0.0170804  ])
58129   , -1749.83    , array([ 0.80538    ,  0.0478666  ,  9.28914e-25,  3.39232e-22,  0.0170804  ])
58130   , -1749.84    , array([ 0.804575   ,  0.0479144  ,  9.28914e-25,  3.39232e-22,  0.0170804  ])
58131   , -1750.11    , array([ 0.804575   ,  0.0478666  ,  9.29843e-25,  3.39232e-22,  0.0170804  ])
58132   , -1750.11    , array([ 0.804575   ,  0.0478666  ,  9.28914e-25,  3.39571e-22,  0.0170804  ])
58133   , -1750.29    , array([ 0.804575   ,  0.0478666  ,  9.28914e-25,  3.39232e-22,  0.0170975  ])
58134   , -1700.44    , array([ 0.982438   ,  0.0501658  ,  9.28914e-25,  3.39232e-22,  0.0179164  ])
58135   , -1700.44    , array([ 0.982438   ,  0.0501658  ,  9.28914e-25,  3.39232e-22,  0.0179164  ])
58136   , -1700.3     , array([ 0.983421   ,  0.0501658  ,  9.28914e-25,  3.39232e-22,  0.0179164  ])
58137   , -1700.22    , array([ 0.982438   ,  0.050216   ,  9.28914e-25,  3.39232e-22,  0.0179164  ])
58138   , -1700.44    , array([ 0.982438   ,  0.0501658  ,  9.29843e-25,  3.39232e-22,  0.0179164  ])
58139   , -1700.44    , array([ 0.982438   ,  0.0501658  ,  9.28914e-25,  3.39571e-22,  0.0179164  ])
58140   , -1700.47    , array([ 0.982438   ,  0.0501658  ,  9.28914e-25,  3.39232e-22,  0.0179343  ])
58141   , -1645.63    , array([ 1.37724    ,  0.0594413  ,  9.28914e-25,  3.39232e-22,  0.0212871  ])
58142   , -1645.63    , array([ 1.37724    ,  0.0594413  ,  9.28914e-25,  3.39232e-22,  0.0212871  ])
58143   , -1645.64    , array([ 1.37862    ,  0.0594413  ,  9.28914e-25,  3.39232e-22,  0.0212871  ])
58144   , -1645.53    , array([ 1.37724    ,  0.0595008  ,  9.28914e-25,  3.39232e-22,  0.0212871  ])
58145   , -1645.63    , array([ 1.37724    ,  0.0594413  ,  9.29843e-25,  3.39232e-22,  0.0212871  ])
58146   , -1645.63    , array([ 1.37724    ,  0.0594413  ,  9.28914e-25,  3.39571e-22,  0.0212871  ])
58147   , -1645.59    , array([ 1.37724    ,  0.0594413  ,  9.28914e-25,  3.39232e-22,  0.0213084  ])
58148   , -1635.92    , array([ 1.551      ,  0.0656464  ,  9.28914e-25,  3.39232e-22,  0.0235311  ])
58149   , -1635.92    , array([ 1.551      ,  0.0656464  ,  9.28914e-25,  3.39232e-22,  0.0235311  ])
58150   , -1635.96    , array([ 1.55255    ,  0.0656464  ,  9.28914e-25,  3.39232e-22,  0.0235311  ])
58151   , -1635.9     , array([ 1.551      ,  0.0657121  ,  9.28914e-25,  3.39232e-22,  0.0235311  ])
58152   , -1635.92    , array([ 1.551      ,  0.0656464  ,  9.29843e-25,  3.39232e-22,  0.0235311  ])
58153   , -1635.92    , array([ 1.551      ,  0.0656464  ,  9.28914e-25,  3.39571e-22,  0.0235311  ])
58154   , -1635.89    , array([ 1.551      ,  0.0656464  ,  9.28914e-25,  3.39232e-22,  0.0235546  ])
58155   , -1634.28    , array([ 1.51152    ,  0.0662994  ,  9.28914e-25,  3.39232e-22,  0.0237501  ])
58156   , -1634.28    , array([ 1.51152    ,  0.0662994  ,  9.28914e-25,  3.39232e-22,  0.0237501  ])
58157   , -1634.31    , array([ 1.51303    ,  0.0662994  ,  9.28914e-25,  3.39232e-22,  0.0237501  ])
58158   , -1634.27    , array([ 1.51152    ,  0.0663657  ,  9.28914e-25,  3.39232e-22,  0.0237501  ])
58159   , -1634.28    , array([ 1.51152    ,  0.0662994  ,  9.29843e-25,  3.39232e-22,  0.0237501  ])
58160   , -1634.28    , array([ 1.51152    ,  0.0662994  ,  9.28914e-25,  3.39571e-22,  0.0237501  ])
58161   , -1634.25    , array([ 1.51152    ,  0.0662994  ,  9.28914e-25,  3.39232e-22,  0.0237738  ])
58162   , -1632.51    , array([ 1.424      ,  0.0677717  ,  9.28914e-25,  3.39232e-22,  0.0242674  ])
58163   , -1632.51    , array([ 1.424      ,  0.0677717  ,  9.28914e-25,  3.39232e-22,  0.0242674  ])
58164   , -1632.51    , array([ 1.42542    ,  0.0677717  ,  9.28914e-25,  3.39232e-22,  0.0242674  ])
58165   , -1632.51    , array([ 1.424      ,  0.0678395  ,  9.28914e-25,  3.39232e-22,  0.0242674  ])
58166   , -1632.51    , array([ 1.424      ,  0.0677717  ,  9.29843e-25,  3.39232e-22,  0.0242674  ])
58167   , -1632.51    , array([ 1.424      ,  0.0677717  ,  9.28914e-25,  3.39571e-22,  0.0242674  ])
58168   , -1632.52    , array([ 1.424      ,  0.0677717  ,  9.28914e-25,  3.39232e-22,  0.0242917  ])
58169   , -1632.54    , array([ 1.43795    ,  0.067651   ,  9.28914e-25,  3.39232e-22,  0.0242266  ])
58170   , -1632.54    , array([ 1.43795    ,  0.067651   ,  9.28914e-25,  3.39232e-22,  0.0242266  ])
58171   , -1632.54    , array([ 1.43939    ,  0.067651   ,  9.28914e-25,  3.39232e-22,  0.0242266  ])
58172   , -1632.54    , array([ 1.43795    ,  0.0677187  ,  9.28914e-25,  3.39232e-22,  0.0242266  ])
58173   , -1632.54    , array([ 1.43795    ,  0.067651   ,  9.29843e-25,  3.39232e-22,  0.0242266  ])
58174   , -1632.54    , array([ 1.43795    ,  0.067651   ,  9.28914e-25,  3.39571e-22,  0.0242266  ])
58175   , -1632.53    , array([ 1.43795    ,  0.067651   ,  9.28914e-25,  3.39232e-22,  0.0242508  ])
58176   , -1632.51    , array([ 1.42673    ,  0.0677479  ,  9.28914e-25,  3.39232e-22,  0.0242594  ])
58177   , -1632.51    , array([ 1.42673    ,  0.0677479  ,  9.28914e-25,  3.39232e-22,  0.0242594  ])
58178   , -1632.51    , array([ 1.42816    ,  0.0677479  ,  9.28914e-25,  3.39232e-22,  0.0242594  ])
58179   , -1632.51    , array([ 1.42673    ,  0.0678157  ,  9.28914e-25,  3.39232e-22,  0.0242594  ])
58180   , -1632.51    , array([ 1.42673    ,  0.0677479  ,  9.29843e-25,  3.39232e-22,  0.0242594  ])
58181   , -1632.51    , array([ 1.42673    ,  0.0677479  ,  9.28914e-25,  3.39571e-22,  0.0242594  ])
58182   , -1632.51    , array([ 1.42673    ,  0.0677479  ,  9.28914e-25,  3.39232e-22,  0.0242836  ])
58183   , -1632.51    , array([ 1.4272     ,  0.0677432  ,  9.28914e-25,  3.39232e-22,  0.0242577  ])
58184   , -1632.51    , array([ 1.4272     ,  0.0677432  ,  9.28914e-25,  3.39232e-22,  0.0242577  ])
58185   , -1632.51    , array([ 1.42863    ,  0.0677432  ,  9.28914e-25,  3.39232e-22,  0.0242577  ])
58186   , -1632.51    , array([ 1.4272     ,  0.067811   ,  9.28914e-25,  3.39232e-22,  0.0242577  ])
58187   , -1632.51    , array([ 1.4272     ,  0.0677432  ,  9.29843e-25,  3.39232e-22,  0.0242577  ])
58188   , -1632.51    , array([ 1.4272     ,  0.0677432  ,  9.28914e-25,  3.39571e-22,  0.0242577  ])
58189   , -1632.51    , array([ 1.4272     ,  0.0677432  ,  9.28914e-25,  3.39232e-22,  0.024282   ])
58190   , -1632.51    , array([ 1.42681    ,  0.0677472  ,  9.28914e-25,  3.39232e-22,  0.0242591  ])
58191   , -1632.51    , array([ 1.42681    ,  0.0677472  ,  9.28914e-25,  3.39232e-22,  0.0242591  ])
58192   , -1632.51    , array([ 1.42824    ,  0.0677472  ,  9.28914e-25,  3.39232e-22,  0.0242591  ])
58193   , -1632.51    , array([ 1.42681    ,  0.0678149  ,  9.28914e-25,  3.39232e-22,  0.0242591  ])
58194   , -1632.51    , array([ 1.42681    ,  0.0677472  ,  9.29843e-25,  3.39232e-22,  0.0242591  ])
58195   , -1632.51    , array([ 1.42681    ,  0.0677472  ,  9.28914e-25,  3.39571e-22,  0.0242591  ])
58196   , -1632.51    , array([ 1.42681    ,  0.0677472  ,  9.28914e-25,  3.39232e-22,  0.0242834  ])
58197   , -1632.51    , array([ 1.42675    ,  0.0677478  ,  9.28914e-25,  3.39232e-22,  0.0242593  ])
58198   , -1632.51    , array([ 1.42675    ,  0.0677478  ,  9.28914e-25,  3.39232e-22,  0.0242593  ])
58199   , -1632.51    , array([ 1.42817    ,  0.0677478  ,  9.28914e-25,  3.39232e-22,  0.0242593  ])
58200   , -1632.51    , array([ 1.42675    ,  0.0678156  ,  9.28914e-25,  3.39232e-22,  0.0242593  ])
58201   , -1632.51    , array([ 1.42675    ,  0.0677478  ,  9.29843e-25,  3.39232e-22,  0.0242593  ])
58202   , -1632.51    , array([ 1.42675    ,  0.0677478  ,  9.28914e-25,  3.39571e-22,  0.0242593  ])
58203   , -1632.51    , array([ 1.42675    ,  0.0677478  ,  9.28914e-25,  3.39232e-22,  0.0242836  ])
58204   , -1632.51    , array([ 1.42674    ,  0.0677479  ,  9.28914e-25,  3.39232e-22,  0.0242593  ])
58205   , -1632.51    , array([ 1.42674    ,  0.0677479  ,  9.28914e-25,  3.39232e-22,  0.0242593  ])
58206   , -1632.51    , array([ 1.42816    ,  0.0677479  ,  9.28914e-25,  3.39232e-22,  0.0242593  ])
58207   , -1632.51    , array([ 1.42674    ,  0.0678157  ,  9.28914e-25,  3.39232e-22,  0.0242593  ])
58208   , -1632.51    , array([ 1.42674    ,  0.0677479  ,  9.29843e-25,  3.39232e-22,  0.0242593  ])
58209   , -1632.51    , array([ 1.42674    ,  0.0677479  ,  9.28914e-25,  3.39571e-22,  0.0242593  ])
58210   , -1632.51    , array([ 1.42674    ,  0.0677479  ,  9.28914e-25,  3.39232e-22,  0.0242836  ])
58211   , -1632.51    , array([ 1.42673    ,  0.0677479  ,  9.28914e-25,  3.39232e-22,  0.0242594  ])
58212   , -1632.51    , array([ 1.42673    ,  0.0677479  ,  9.28914e-25,  3.39232e-22,  0.0242594  ])
58213   , -1632.51    , array([ 1.42816    ,  0.0677479  ,  9.28914e-25,  3.39232e-22,  0.0242594  ])
58214   , -1632.51    , array([ 1.42673    ,  0.0678157  ,  9.28914e-25,  3.39232e-22,  0.0242594  ])
58215   , -1632.51    , array([ 1.42673    ,  0.0677479  ,  9.29843e-25,  3.39232e-22,  0.0242594  ])
58216   , -1632.51    , array([ 1.42673    ,  0.0677479  ,  9.28914e-25,  3.39571e-22,  0.0242594  ])
58217   , -1632.51    , array([ 1.42673    ,  0.0677479  ,  9.28914e-25,  3.39232e-22,  0.0242836  ])
58218   , -1632.51    , array([ 1.42673    ,  0.0677479  ,  9.28914e-25,  3.39232e-22,  0.0242594  ])
58219   , -1632.51    , array([ 1.42673    ,  0.0677479  ,  9.28914e-25,  3.39232e-22,  0.0242594  ])
58220   , -1632.51    , array([ 1.42816    ,  0.0677479  ,  9.28914e-25,  3.39232e-22,  0.0242594  ])
58221   , -1632.51    , array([ 1.42673    ,  0.0678157  ,  9.28914e-25,  3.39232e-22,  0.0242594  ])
58222   , -1632.51    , array([ 1.42673    ,  0.0677479  ,  9.29843e-25,  3.39232e-22,  0.0242594  ])
58223   , -1632.51    , array([ 1.42673    ,  0.0677479  ,  9.28914e-25,  3.39571e-22,  0.0242594  ])
58224   , -1632.51    , array([ 1.42673    ,  0.0677479  ,  9.28914e-25,  3.39232e-22,  0.0242836  ])
58225   , -1632.51    , array([ 1.42673    ,  0.0677479  ,  9.28914e-25,  3.39232e-22,  0.0242594  ])
58226   , -1632.51    , array([ 1.42673    ,  0.0677479  ,  9.28914e-25,  3.39232e-22,  0.0242594  ])
58227   , -1632.51    , array([ 1.42816    ,  0.0677479  ,  9.28914e-25,  3.39232e-22,  0.0242594  ])
58228   , -1632.51    , array([ 1.42673    ,  0.0678157  ,  9.28914e-25,  3.39232e-22,  0.0242594  ])
58229   , -1632.51    , array([ 1.42673    ,  0.0677479  ,  9.29843e-25,  3.39232e-22,  0.0242594  ])
58230   , -1632.51    , array([ 1.42673    ,  0.0677479  ,  9.28914e-25,  3.39571e-22,  0.0242594  ])
58231   , -1632.51    , array([ 1.42673    ,  0.0677479  ,  9.28914e-25,  3.39232e-22,  0.0242836  ])
58232   , -1632.51    , array([ 1.42673    ,  0.0677479  ,  9.28914e-25,  3.39232e-22,  0.0242594  ])
58233   , -1632.51    , array([ 1.42673    ,  0.0677479  ,  9.28914e-25,  3.39232e-22,  0.0242594  ])
58234   , -1632.51    , array([ 1.42816    ,  0.0677479  ,  9.28914e-25,  3.39232e-22,  0.0242594  ])
58235   , -1632.51    , array([ 1.42673    ,  0.0678157  ,  9.28914e-25,  3.39232e-22,  0.0242594  ])
58236   , -1632.51    , array([ 1.42673    ,  0.0677479  ,  9.29843e-25,  3.39232e-22,  0.0242594  ])
58237   , -1632.51    , array([ 1.42673    ,  0.0677479  ,  9.28914e-25,  3.39571e-22,  0.0242594  ])
58238   , -1632.51    , array([ 1.42673    ,  0.0677479  ,  9.28914e-25,  3.39232e-22,  0.0242836  ])
58239   , -1632.51    , array([ 1.42673    ,  0.0677479  ,  9.28914e-25,  3.39232e-22,  0.0242594  ])
58240   , -1632.51    , array([ 1.42673    ,  0.0677479  ,  9.28914e-25,  3.39232e-22,  0.0242594  ])
58241   , -1632.51    , array([ 1.42816    ,  0.0677479  ,  9.28914e-25,  3.39232e-22,  0.0242594  ])
58242   , -1632.51    , array([ 1.42673    ,  0.0678157  ,  9.28914e-25,  3.39232e-22,  0.0242594  ])
58243   , -1632.51    , array([ 1.42673    ,  0.0677479  ,  9.29843e-25,  3.39232e-22,  0.0242594  ])
58244   , -1632.51    , array([ 1.42673    ,  0.0677479  ,  9.28914e-25,  3.39571e-22,  0.0242594  ])
58245   , -1632.51    , array([ 1.42673    ,  0.0677479  ,  9.28914e-25,  3.39232e-22,  0.0242836  ])
58246   , -1632.51    , array([ 1.42673    ,  0.0677479  ,  9.28914e-25,  3.39232e-22,  0.0242594  ])
58247   , -1632.51    , array([ 1.42673    ,  0.0677479  ,  9.28914e-25,  3.39232e-22,  0.0242594  ])
58248   , -1632.51    , array([ 1.42816    ,  0.0677479  ,  9.28914e-25,  3.39232e-22,  0.0242594  ])
58249   , -1632.51    , array([ 1.42673    ,  0.0678157  ,  9.28914e-25,  3.39232e-22,  0.0242594  ])
58250   , -1632.51    , array([ 1.42673    ,  0.0677479  ,  9.29843e-25,  3.39232e-22,  0.0242594  ])
58251   , -1632.51    , array([ 1.42673    ,  0.0677479  ,  9.28914e-25,  3.39571e-22,  0.0242594  ])
58252   , -1632.51    , array([ 1.42673    ,  0.0677479  ,  9.28914e-25,  3.39232e-22,  0.0242836  ])
58253   , -1632.51    , array([ 1.42673    ,  0.0677479  ,  9.28914e-25,  3.39232e-22,  0.0242594  ])
58254   , -1632.51    , array([ 1.42673    ,  0.0677479  ,  9.28914e-25,  3.39232e-22,  0.0242594  ])
58255   , -1632.51    , array([ 1.42816    ,  0.0677479  ,  9.28914e-25,  3.39232e-22,  0.0242594  ])
58256   , -1632.51    , array([ 1.42673    ,  0.0678157  ,  9.28914e-25,  3.39232e-22,  0.0242594  ])
58257   , -1632.51    , array([ 1.42673    ,  0.0677479  ,  9.29843e-25,  3.39232e-22,  0.0242594  ])
58258   , -1632.51    , array([ 1.42673    ,  0.0677479  ,  9.28914e-25,  3.39571e-22,  0.0242594  ])
58259   , -1632.51    , array([ 1.42673    ,  0.0677479  ,  9.28914e-25,  3.39232e-22,  0.0242836  ])
58260   , -1632.51    , array([ 1.42673    ,  0.0677479  ,  9.28914e-25,  3.39232e-22,  0.0242594  ])
58261   , -1632.51    , array([ 1.42673    ,  0.0677479  ,  9.28914e-25,  3.39232e-22,  0.0242594  ])
58262   , -1632.51    , array([ 1.42816    ,  0.0677479  ,  9.28914e-25,  3.39232e-22,  0.0242594  ])
58263   , -1632.51    , array([ 1.42673    ,  0.0678157  ,  9.28914e-25,  3.39232e-22,  0.0242594  ])
58264   , -1632.51    , array([ 1.42673    ,  0.0677479  ,  9.29843e-25,  3.39232e-22,  0.0242594  ])
58265   , -1632.51    , array([ 1.42673    ,  0.0677479  ,  9.28914e-25,  3.39571e-22,  0.0242594  ])
58266   , -1632.51    , array([ 1.42673    ,  0.0677479  ,  9.28914e-25,  3.39232e-22,  0.0242836  ])
58267   , -1632.51    , array([ 1.42673    ,  0.0677479  ,  9.28914e-25,  3.39232e-22,  0.0242594  ])
58268   , -1632.51    , array([ 1.42673    ,  0.0677479  ,  9.28914e-25,  3.39232e-22,  0.0242594  ])
58269   , -1632.51    , array([ 1.42816    ,  0.0677479  ,  9.28914e-25,  3.39232e-22,  0.0242594  ])
58270   , -1632.51    , array([ 1.42673    ,  0.0678157  ,  9.28914e-25,  3.39232e-22,  0.0242594  ])
58271   , -1632.51    , array([ 1.42673    ,  0.0677479  ,  9.29843e-25,  3.39232e-22,  0.0242594  ])
58272   , -1632.51    , array([ 1.42673    ,  0.0677479  ,  9.28914e-25,  3.39571e-22,  0.0242594  ])
58273   , -1632.51    , array([ 1.42673    ,  0.0677479  ,  9.28914e-25,  3.39232e-22,  0.0242836  ])
58274   , -1632.51    , array([ 1.42673    ,  0.0677479  ,  9.28914e-25,  3.39232e-22,  0.0242594  ])
58275   , -1632.51    , array([ 1.42673    ,  0.0677479  ,  9.28914e-25,  3.39232e-22,  0.0242594  ])
58276   , -1632.51    , array([ 1.42816    ,  0.0677479  ,  9.28914e-25,  3.39232e-22,  0.0242594  ])
58277   , -1632.51    , array([ 1.42673    ,  0.0678157  ,  9.28914e-25,  3.39232e-22,  0.0242594  ])
58278   , -1632.51    , array([ 1.42673    ,  0.0677479  ,  9.29843e-25,  3.39232e-22,  0.0242594  ])
58279   , -1632.51    , array([ 1.42673    ,  0.0677479  ,  9.28914e-25,  3.39571e-22,  0.0242594  ])
58280   , -1632.51    , array([ 1.42673    ,  0.0677479  ,  9.28914e-25,  3.39232e-22,  0.0242836  ])
58281   , -1632.51    , array([ 1.42673    ,  0.0677479  ,  9.28914e-25,  3.39232e-22,  0.0242594  ])
58282   , -1632.51    , array([ 1.42673    ,  0.0677479  ,  9.28914e-25,  3.39232e-22,  0.0242594  ])
58283   , -1632.51    , array([ 1.42816    ,  0.0677479  ,  9.28914e-25,  3.39232e-22,  0.0242594  ])
58284   , -1632.51    , array([ 1.42673    ,  0.0678157  ,  9.28914e-25,  3.39232e-22,  0.0242594  ])
58285   , -1632.51    , array([ 1.42673    ,  0.0677479  ,  9.29843e-25,  3.39232e-22,  0.0242594  ])
58286   , -1632.51    , array([ 1.42673    ,  0.0677479  ,  9.28914e-25,  3.39571e-22,  0.0242594  ])
58287   , -1632.51    , array([ 1.42673    ,  0.0677479  ,  9.28914e-25,  3.39232e-22,  0.0242836  ])
58288   , -1632.51    , array([ 1.42673    ,  0.0677479  ,  9.28914e-25,  3.39232e-22,  0.0242594  ])
58289   , -1632.51    , array([ 1.42673    ,  0.0677479  ,  9.28914e-25,  3.39232e-22,  0.0242594  ])
58290   , -1632.51    , array([ 1.42816    ,  0.0677479  ,  9.28914e-25,  3.39232e-22,  0.0242594  ])
58291   , -1632.51    , array([ 1.42673    ,  0.0678157  ,  9.28914e-25,  3.39232e-22,  0.0242594  ])
58292   , -1632.51    , array([ 1.42673    ,  0.0677479  ,  9.29843e-25,  3.39232e-22,  0.0242594  ])
58293   , -1632.51    , array([ 1.42673    ,  0.0677479  ,  9.28914e-25,  3.39571e-22,  0.0242594  ])
58294   , -1632.51    , array([ 1.42673    ,  0.0677479  ,  9.28914e-25,  3.39232e-22,  0.0242836  ])
58295   , -1632.51    , array([ 1.42673    ,  0.0677479  ,  9.28914e-25,  3.39232e-22,  0.0242594  ])
58296   , -1632.51    , array([ 1.42673    ,  0.0677479  ,  9.28914e-25,  3.39232e-22,  0.0242594  ])
58297   , -1632.51    , array([ 1.42816    ,  0.0677479  ,  9.28914e-25,  3.39232e-22,  0.0242594  ])
58298   , -1632.51    , array([ 1.42673    ,  0.0678157  ,  9.28914e-25,  3.39232e-22,  0.0242594  ])
58299   , -1632.51    , array([ 1.42673    ,  0.0677479  ,  9.29843e-25,  3.39232e-22,  0.0242594  ])
58300   , -1632.51    , array([ 1.42673    ,  0.0677479  ,  9.28914e-25,  3.39571e-22,  0.0242594  ])
58301   , -1632.51    , array([ 1.42673    ,  0.0677479  ,  9.28914e-25,  3.39232e-22,  0.0242836  ])
58302   , -1632.51    , array([ 1.42673    ,  0.0677479  ,  9.28914e-25,  3.39232e-22,  0.0242594  ])
58303   , -1632.51    , array([ 1.42673    ,  0.0677479  ,  9.28914e-25,  3.39232e-22,  0.0242594  ])
58304   , -1632.51    , array([ 1.42816    ,  0.0677479  ,  9.28914e-25,  3.39232e-22,  0.0242594  ])
58305   , -1632.51    , array([ 1.42673    ,  0.0678157  ,  9.28914e-25,  3.39232e-22,  0.0242594  ])
58306   , -1632.51    , array([ 1.42673    ,  0.0677479  ,  9.29843e-25,  3.39232e-22,  0.0242594  ])
58307   , -1632.51    , array([ 1.42673    ,  0.0677479  ,  9.28914e-25,  3.39571e-22,  0.0242594  ])
58308   , -1632.51    , array([ 1.42673    ,  0.0677479  ,  9.28914e-25,  3.39232e-22,  0.0242836  ])
58309   , -1632.51    , array([ 1.42673    ,  0.0677479  ,  9.28914e-25,  3.39232e-22,  0.0242594  ])
58310   , -1632.51    , array([ 1.42673    ,  0.0677479  ,  9.28914e-25,  3.39232e-22,  0.0242594  ])
58311   , -1632.51    , array([ 1.42816    ,  0.0677479  ,  9.28914e-25,  3.39232e-22,  0.0242594  ])
58312   , -1632.51    , array([ 1.42673    ,  0.0678157  ,  9.28914e-25,  3.39232e-22,  0.0242594  ])
58313   , -1632.51    , array([ 1.42673    ,  0.0677479  ,  9.29843e-25,  3.39232e-22,  0.0242594  ])
58314   , -1632.51    , array([ 1.42673    ,  0.0677479  ,  9.28914e-25,  3.39571e-22,  0.0242594  ])
58315   , -1632.51    , array([ 1.42673    ,  0.0677479  ,  9.28914e-25,  3.39232e-22,  0.0242836  ])
58316   , -1632.51    , array([ 1.42673    ,  0.0677479  ,  9.28914e-25,  3.39232e-22,  0.0242594  ])
58317   , -1632.51    , array([ 1.42673    ,  0.0677479  ,  9.28914e-25,  3.39232e-22,  0.0242594  ])
58318   , -1632.51    , array([ 1.42816    ,  0.0677479  ,  9.28914e-25,  3.39232e-22,  0.0242594  ])
58319   , -1632.51    , array([ 1.42673    ,  0.0678157  ,  9.28914e-25,  3.39232e-22,  0.0242594  ])
58320   , -1632.51    , array([ 1.42673    ,  0.0677479  ,  9.29843e-25,  3.39232e-22,  0.0242594  ])
58321   , -1632.51    , array([ 1.42673    ,  0.0677479  ,  9.28914e-25,  3.39571e-22,  0.0242594  ])
58322   , -1632.51    , array([ 1.42673    ,  0.0677479  ,  9.28914e-25,  3.39232e-22,  0.0242836  ])
58323   , -1632.51    , array([ 1.42673    ,  0.0677479  ,  9.28914e-25,  3.39232e-22,  0.0242594  ])
58324   , -1632.51    , array([ 1.42673    ,  0.0677479  ,  9.28914e-25,  3.39232e-22,  0.0242594  ])
58325   , -1632.51    , array([ 1.42816    ,  0.0677479  ,  9.28914e-25,  3.39232e-22,  0.0242594  ])
58326   , -1632.51    , array([ 1.42673    ,  0.0678157  ,  9.28914e-25,  3.39232e-22,  0.0242594  ])
58327   , -1632.51    , array([ 1.42673    ,  0.0677479  ,  9.29843e-25,  3.39232e-22,  0.0242594  ])
58328   , -1632.51    , array([ 1.42673    ,  0.0677479  ,  9.28914e-25,  3.39571e-22,  0.0242594  ])
58329   , -1632.51    , array([ 1.42673    ,  0.0677479  ,  9.28914e-25,  3.39232e-22,  0.0242836  ])
58330   , -1632.51    , array([ 1.42673    ,  0.0677479  ,  9.28914e-25,  3.39232e-22,  0.0242594  ])
58331   , -1632.51    , array([ 1.42673    ,  0.0677479  ,  9.28914e-25,  3.39232e-22,  0.0242594  ])
58332   , -1632.51    , array([ 1.42816    ,  0.0677479  ,  9.28914e-25,  3.39232e-22,  0.0242594  ])
58333   , -1632.51    , array([ 1.42673    ,  0.0678157  ,  9.28914e-25,  3.39232e-22,  0.0242594  ])
58334   , -1632.51    , array([ 1.42673    ,  0.0677479  ,  9.29843e-25,  3.39232e-22,  0.0242594  ])
58335   , -1632.51    , array([ 1.42673    ,  0.0677479  ,  9.28914e-25,  3.39571e-22,  0.0242594  ])
58336   , -1632.51    , array([ 1.42673    ,  0.0677479  ,  9.28914e-25,  3.39232e-22,  0.0242836  ])
58337   , -1632.51    , array([ 1.42673    ,  0.0677479  ,  9.28914e-25,  3.39232e-22,  0.0242594  ])
58338   , -1632.51    , array([ 1.42673    ,  0.0677479  ,  9.28914e-25,  3.39232e-22,  0.0242594  ])
58339   , -1632.51    , array([ 1.42816    ,  0.0677479  ,  9.28914e-25,  3.39232e-22,  0.0242594  ])
58340   , -1632.51    , array([ 1.42673    ,  0.0678157  ,  9.28914e-25,  3.39232e-22,  0.0242594  ])
58341   , -1632.51    , array([ 1.42673    ,  0.0677479  ,  9.29843e-25,  3.39232e-22,  0.0242594  ])
58342   , -1632.51    , array([ 1.42673    ,  0.0677479  ,  9.28914e-25,  3.39571e-22,  0.0242594  ])
58343   , -1632.51    , array([ 1.42673    ,  0.0677479  ,  9.28914e-25,  3.39232e-22,  0.0242836  ])
58344   , -1632.51    , array([ 1.42673    ,  0.0677479  ,  9.28914e-25,  3.39232e-22,  0.0242594  ])
58345   , -1632.51    , array([ 1.42673    ,  0.0677479  ,  9.28914e-25,  3.39232e-22,  0.0242594  ])
58346   , -1632.51    , array([ 1.42816    ,  0.0677479  ,  9.28914e-25,  3.39232e-22,  0.0242594  ])
58347   , -1632.51    , array([ 1.42673    ,  0.0678157  ,  9.28914e-25,  3.39232e-22,  0.0242594  ])
58348   , -1632.51    , array([ 1.42673    ,  0.0677479  ,  9.29843e-25,  3.39232e-22,  0.0242594  ])
58349   , -1632.51    , array([ 1.42673    ,  0.0677479  ,  9.28914e-25,  3.39571e-22,  0.0242594  ])
58350   , -1632.51    , array([ 1.42673    ,  0.0677479  ,  9.28914e-25,  3.39232e-22,  0.0242836  ])
58351   , -1632.51    , array([ 1.42673    ,  0.0677479  ,  9.28914e-25,  3.39232e-22,  0.0242594  ])
58352   , -1632.51    , array([ 1.42673    ,  0.0677479  ,  9.28914e-25,  3.39232e-22,  0.0242594  ])
58353   , -1632.51    , array([ 1.42816    ,  0.0677479  ,  9.28914e-25,  3.39232e-22,  0.0242594  ])
58354   , -1632.51    , array([ 1.42673    ,  0.0678157  ,  9.28914e-25,  3.39232e-22,  0.0242594  ])
58355   , -1632.51    , array([ 1.42673    ,  0.0677479  ,  9.29843e-25,  3.39232e-22,  0.0242594  ])
58356   , -1632.51    , array([ 1.42673    ,  0.0677479  ,  9.28914e-25,  3.39571e-22,  0.0242594  ])
58357   , -1632.51    , array([ 1.42673    ,  0.0677479  ,  9.28914e-25,  3.39232e-22,  0.0242836  ])
58358   , -1632.51    , array([ 1.42673    ,  0.0677479  ,  9.28914e-25,  3.39232e-22,  0.0242594  ])
58359   , -1632.51    , array([ 1.42673    ,  0.0677479  ,  9.28914e-25,  3.39232e-22,  0.0242594  ])
58360   , -1632.51    , array([ 1.42816    ,  0.0677479  ,  9.28914e-25,  3.39232e-22,  0.0242594  ])
58361   , -1632.51    , array([ 1.42673    ,  0.0678157  ,  9.28914e-25,  3.39232e-22,  0.0242594  ])
58362   , -1632.51    , array([ 1.42673    ,  0.0677479  ,  9.29843e-25,  3.39232e-22,  0.0242594  ])
58363   , -1632.51    , array([ 1.42673    ,  0.0677479  ,  9.28914e-25,  3.39571e-22,  0.0242594  ])
58364   , -1632.51    , array([ 1.42673    ,  0.0677479  ,  9.28914e-25,  3.39232e-22,  0.0242836  ])
58365   , -1632.51    , array([ 1.42673    ,  0.0677479  ,  9.28914e-25,  3.39232e-22,  0.0242594  ])
58366   , -1632.51    , array([ 1.42673    ,  0.0677479  ,  9.28914e-25,  3.39232e-22,  0.0242594  ])
58367   , -1632.51    , array([ 1.42816    ,  0.0677479  ,  9.28914e-25,  3.39232e-22,  0.0242594  ])
58368   , -1632.51    , array([ 1.42673    ,  0.0678157  ,  9.28914e-25,  3.39232e-22,  0.0242594  ])
58369   , -1632.51    , array([ 1.42673    ,  0.0677479  ,  9.29843e-25,  3.39232e-22,  0.0242594  ])
58370   , -1632.51    , array([ 1.42673    ,  0.0677479  ,  9.28914e-25,  3.39571e-22,  0.0242594  ])
58371   , -1632.51    , array([ 1.42673    ,  0.0677479  ,  9.28914e-25,  3.39232e-22,  0.0242836  ])
58372   , -1632.51    , array([ 1.42673    ,  0.0677479  ,  9.28914e-25,  3.39232e-22,  0.0242594  ])
58373   , -1632.51    , array([ 1.42673    ,  0.0677479  ,  9.28914e-25,  3.39232e-22,  0.0242594  ])
58374   , -1632.51    , array([ 1.42816    ,  0.0677479  ,  9.28914e-25,  3.39232e-22,  0.0242594  ])
58375   , -1632.51    , array([ 1.42673    ,  0.0678157  ,  9.28914e-25,  3.39232e-22,  0.0242594  ])
58376   , -1632.51    , array([ 1.42673    ,  0.0677479  ,  9.29843e-25,  3.39232e-22,  0.0242594  ])
58377   , -1632.51    , array([ 1.42673    ,  0.0677479  ,  9.28914e-25,  3.39571e-22,  0.0242594  ])
58378   , -1632.51    , array([ 1.42673    ,  0.0677479  ,  9.28914e-25,  3.39232e-22,  0.0242836  ])
58379   , -1632.51    , array([ 1.42673    ,  0.0677479  ,  9.28914e-25,  3.39232e-22,  0.0242594  ])
58380   , -1632.51    , array([ 1.42673    ,  0.0677479  ,  9.28914e-25,  3.39232e-22,  0.0242594  ])
58381   , -1632.51    , array([ 1.42816    ,  0.0677479  ,  9.28914e-25,  3.39232e-22,  0.0242594  ])
58382   , -1632.51    , array([ 1.42673    ,  0.0678157  ,  9.28914e-25,  3.39232e-22,  0.0242594  ])
58383   , -1632.51    , array([ 1.42673    ,  0.0677479  ,  9.29843e-25,  3.39232e-22,  0.0242594  ])
58384   , -1632.51    , array([ 1.42673    ,  0.0677479  ,  9.28914e-25,  3.39571e-22,  0.0242594  ])
58385   , -1632.51    , array([ 1.42673    ,  0.0677479  ,  9.28914e-25,  3.39232e-22,  0.0242836  ])
58386   , -1632.51    , array([ 1.42673    ,  0.0677479  ,  9.28914e-25,  3.39232e-22,  0.0242594  ])
58387   , -1632.51    , array([ 1.42673    ,  0.0677479  ,  9.28914e-25,  3.39232e-22,  0.0242594  ])
58388   , -1632.51    , array([ 1.42816    ,  0.0677479  ,  9.28914e-25,  3.39232e-22,  0.0242594  ])
58389   , -1632.51    , array([ 1.42673    ,  0.0678157  ,  9.28914e-25,  3.39232e-22,  0.0242594  ])
58390   , -1632.51    , array([ 1.42673    ,  0.0677479  ,  9.29843e-25,  3.39232e-22,  0.0242594  ])
58391   , -1632.51    , array([ 1.42673    ,  0.0677479  ,  9.28914e-25,  3.39571e-22,  0.0242594  ])
58392   , -1632.51    , array([ 1.42673    ,  0.0677479  ,  9.28914e-25,  3.39232e-22,  0.0242836  ])
58393   , -1632.51    , array([ 1.42673    ,  0.0677479  ,  9.28914e-25,  3.39232e-22,  0.0242594  ])
58394   , -1632.51    , array([ 1.42673    ,  0.0677479  ,  9.28914e-25,  3.39232e-22,  0.0242594  ])
58395   , -1632.51    , array([ 1.42816    ,  0.0677479  ,  9.28914e-25,  3.39232e-22,  0.0242594  ])
58396   , -1632.51    , array([ 1.42673    ,  0.0678157  ,  9.28914e-25,  3.39232e-22,  0.0242594  ])
58397   , -1632.51    , array([ 1.42673    ,  0.0677479  ,  9.29843e-25,  3.39232e-22,  0.0242594  ])
58398   , -1632.51    , array([ 1.42673    ,  0.0677479  ,  9.28914e-25,  3.39571e-22,  0.0242594  ])
58399   , -1632.51    , array([ 1.42673    ,  0.0677479  ,  9.28914e-25,  3.39232e-22,  0.0242836  ])
58400   , -1632.51    , array([ 1.42673    ,  0.0677479  ,  9.28914e-25,  3.39232e-22,  0.0242594  ])
58401   , -1632.51    , array([ 1.42673    ,  0.0677479  ,  9.28914e-25,  3.39232e-22,  0.0242594  ])
58402   , -1632.51    , array([ 1.42816    ,  0.0677479  ,  9.28914e-25,  3.39232e-22,  0.0242594  ])
58403   , -1632.51    , array([ 1.42673    ,  0.0678157  ,  9.28914e-25,  3.39232e-22,  0.0242594  ])
58404   , -1632.51    , array([ 1.42673    ,  0.0677479  ,  9.29843e-25,  3.39232e-22,  0.0242594  ])
58405   , -1632.51    , array([ 1.42673    ,  0.0677479  ,  9.28914e-25,  3.39571e-22,  0.0242594  ])
58406   , -1632.51    , array([ 1.42673    ,  0.0677479  ,  9.28914e-25,  3.39232e-22,  0.0242836  ])
58407   , -1632.51    , array([ 1.42673    ,  0.0677479  ,  9.28914e-25,  3.39232e-22,  0.0242594  ])
58408   , -1632.51    , array([ 1.42673    ,  0.0677479  ,  9.28914e-25,  3.39232e-22,  0.0242594  ])
58409   , -1632.51    , array([ 1.42816    ,  0.0677479  ,  9.28914e-25,  3.39232e-22,  0.0242594  ])
58410   , -1632.51    , array([ 1.42673    ,  0.0678157  ,  9.28914e-25,  3.39232e-22,  0.0242594  ])
58411   , -1632.51    , array([ 1.42673    ,  0.0677479  ,  9.29843e-25,  3.39232e-22,  0.0242594  ])
58412   , -1632.51    , array([ 1.42673    ,  0.0677479  ,  9.28914e-25,  3.39571e-22,  0.0242594  ])
58413   , -1632.51    , array([ 1.42673    ,  0.0677479  ,  9.28914e-25,  3.39232e-22,  0.0242836  ])
58414   , -1632.51    , array([ 1.42673    ,  0.0677479  ,  9.28914e-25,  3.39232e-22,  0.0242594  ])
58415   , -1632.51    , array([ 1.42673    ,  0.0677479  ,  9.28914e-25,  3.39232e-22,  0.0242594  ])
58416   , -1632.51    , array([ 1.42816    ,  0.0677479  ,  9.28914e-25,  3.39232e-22,  0.0242594  ])
58417   , -1632.51    , array([ 1.42673    ,  0.0678157  ,  9.28914e-25,  3.39232e-22,  0.0242594  ])
58418   , -1632.51    , array([ 1.42673    ,  0.0677479  ,  9.29843e-25,  3.39232e-22,  0.0242594  ])
58419   , -1632.51    , array([ 1.42673    ,  0.0677479  ,  9.28914e-25,  3.39571e-22,  0.0242594  ])
58420   , -1632.51    , array([ 1.42673    ,  0.0677479  ,  9.28914e-25,  3.39232e-22,  0.0242836  ])
58421   , -1632.51    , array([ 1.42673    ,  0.0677479  ,  9.28914e-25,  3.39232e-22,  0.0242594  ])
58422   , -1632.51    , array([ 1.42673    ,  0.0677479  ,  9.28914e-25,  3.39232e-22,  0.0242594  ])
58423   , -1632.51    , array([ 1.42816    ,  0.0677479  ,  9.28914e-25,  3.39232e-22,  0.0242594  ])
58424   , -1632.51    , array([ 1.42673    ,  0.0678157  ,  9.28914e-25,  3.39232e-22,  0.0242594  ])
58425   , -1632.51    , array([ 1.42673    ,  0.0677479  ,  9.29843e-25,  3.39232e-22,  0.0242594  ])
58426   , -1632.51    , array([ 1.42673    ,  0.0677479  ,  9.28914e-25,  3.39571e-22,  0.0242594  ])
58427   , -1632.51    , array([ 1.42673    ,  0.0677479  ,  9.28914e-25,  3.39232e-22,  0.0242836  ])
58428   , -1632.51    , array([ 1.42673    ,  0.0677479  ,  9.28914e-25,  3.39232e-22,  0.0242594  ])
58429   , -1632.51    , array([ 1.42673    ,  0.0677479  ,  9.28914e-25,  3.39232e-22,  0.0242594  ])
58430   , -1632.51    , array([ 1.42816    ,  0.0677479  ,  9.28914e-25,  3.39232e-22,  0.0242594  ])
58431   , -1632.51    , array([ 1.42673    ,  0.0678157  ,  9.28914e-25,  3.39232e-22,  0.0242594  ])
58432   , -1632.51    , array([ 1.42673    ,  0.0677479  ,  9.29843e-25,  3.39232e-22,  0.0242594  ])
58433   , -1632.51    , array([ 1.42673    ,  0.0677479  ,  9.28914e-25,  3.39571e-22,  0.0242594  ])
58434   , -1632.51    , array([ 1.42673    ,  0.0677479  ,  9.28914e-25,  3.39232e-22,  0.0242836  ])
58435   , -1632.51    , array([ 1.42673    ,  0.0677479  ,  9.28914e-25,  3.39232e-22,  0.0242594  ])
58436   , -1632.51    , array([ 1.42673    ,  0.0677479  ,  9.28914e-25,  3.39232e-22,  0.0242594  ])
58437   , -1632.51    , array([ 1.42816    ,  0.0677479  ,  9.28914e-25,  3.39232e-22,  0.0242594  ])
58438   , -1632.51    , array([ 1.42673    ,  0.0678157  ,  9.28914e-25,  3.39232e-22,  0.0242594  ])
58439   , -1632.51    , array([ 1.42673    ,  0.0677479  ,  9.29843e-25,  3.39232e-22,  0.0242594  ])
58440   , -1632.51    , array([ 1.42673    ,  0.0677479  ,  9.28914e-25,  3.39571e-22,  0.0242594  ])
58441   , -1632.51    , array([ 1.42673    ,  0.0677479  ,  9.28914e-25,  3.39232e-22,  0.0242836  ])
58442   , -1632.51    , array([ 1.42673    ,  0.0677479  ,  9.28914e-25,  3.39232e-22,  0.0242594  ])
58443   , -1632.51    , array([ 1.42673    ,  0.0677479  ,  9.28914e-25,  3.39232e-22,  0.0242594  ])
58444   , -1632.51    , array([ 1.42816    ,  0.0677479  ,  9.28914e-25,  3.39232e-22,  0.0242594  ])
58445   , -1632.51    , array([ 1.42673    ,  0.0678157  ,  9.28914e-25,  3.39232e-22,  0.0242594  ])
58446   , -1632.51    , array([ 1.42673    ,  0.0677479  ,  9.29843e-25,  3.39232e-22,  0.0242594  ])
58447   , -1632.51    , array([ 1.42673    ,  0.0677479  ,  9.28914e-25,  3.39571e-22,  0.0242594  ])
58448   , -1632.51    , array([ 1.42673    ,  0.0677479  ,  9.28914e-25,  3.39232e-22,  0.0242836  ])
58449   , -1632.51    , array([ 1.42673    ,  0.0677479  ,  9.28914e-25,  3.39232e-22,  0.0242594  ])
58450   , -1632.51    , array([ 1.42673    ,  0.0677479  ,  9.28914e-25,  3.39232e-22,  0.0242594  ])
58451   , -1632.51    , array([ 1.42816    ,  0.0677479  ,  9.28914e-25,  3.39232e-22,  0.0242594  ])
58452   , -1632.51    , array([ 1.42673    ,  0.0678157  ,  9.28914e-25,  3.39232e-22,  0.0242594  ])
58453   , -1632.51    , array([ 1.42673    ,  0.0677479  ,  9.29843e-25,  3.39232e-22,  0.0242594  ])
58454   , -1632.51    , array([ 1.42673    ,  0.0677479  ,  9.28914e-25,  3.39571e-22,  0.0242594  ])
58455   , -1632.51    , array([ 1.42673    ,  0.0677479  ,  9.28914e-25,  3.39232e-22,  0.0242836  ])
58456   , -1632.51    , array([ 1.42673    ,  0.0677479  ,  9.28914e-25,  3.39232e-22,  0.0242594  ])
58457   , -1632.51    , array([ 1.42673    ,  0.0677479  ,  9.28914e-25,  3.39232e-22,  0.0242594  ])
58458   , -1632.51    , array([ 1.42816    ,  0.0677479  ,  9.28914e-25,  3.39232e-22,  0.0242594  ])
58459   , -1632.51    , array([ 1.42673    ,  0.0678157  ,  9.28914e-25,  3.39232e-22,  0.0242594  ])
58460   , -1632.51    , array([ 1.42673    ,  0.0677479  ,  9.29843e-25,  3.39232e-22,  0.0242594  ])
58461   , -1632.51    , array([ 1.42673    ,  0.0677479  ,  9.28914e-25,  3.39571e-22,  0.0242594  ])
58462   , -1632.51    , array([ 1.42673    ,  0.0677479  ,  9.28914e-25,  3.39232e-22,  0.0242836  ])
58463   , -1632.51    , array([ 1.42673    ,  0.0677479  ,  9.28914e-25,  3.39232e-22,  0.0242594  ])
58464   , -1632.51    , array([ 1.42673    ,  0.0677479  ,  9.28914e-25,  3.39232e-22,  0.0242594  ])
58465   , -1632.51    , array([ 1.42816    ,  0.0677479  ,  9.28914e-25,  3.39232e-22,  0.0242594  ])
58466   , -1632.51    , array([ 1.42673    ,  0.0678157  ,  9.28914e-25,  3.39232e-22,  0.0242594  ])
58467   , -1632.51    , array([ 1.42673    ,  0.0677479  ,  9.29843e-25,  3.39232e-22,  0.0242594  ])
58468   , -1632.51    , array([ 1.42673    ,  0.0677479  ,  9.28914e-25,  3.39571e-22,  0.0242594  ])
58469   , -1632.51    , array([ 1.42673    ,  0.0677479  ,  9.28914e-25,  3.39232e-22,  0.0242836  ])
58470   , -1632.51    , array([ 1.42673    ,  0.0677479  ,  9.28914e-25,  3.39232e-22,  0.0242594  ])
58471   , -1632.51    , array([ 1.42673    ,  0.0677479  ,  9.28914e-25,  3.39232e-22,  0.0242594  ])
58472   , -1632.51    , array([ 1.42816    ,  0.0677479  ,  9.28914e-25,  3.39232e-22,  0.0242594  ])
58473   , -1632.51    , array([ 1.42673    ,  0.0678157  ,  9.28914e-25,  3.39232e-22,  0.0242594  ])
58474   , -1632.51    , array([ 1.42673    ,  0.0677479  ,  9.29843e-25,  3.39232e-22,  0.0242594  ])
58475   , -1632.51    , array([ 1.42673    ,  0.0677479  ,  9.28914e-25,  3.39571e-22,  0.0242594  ])
58476   , -1632.51    , array([ 1.42673    ,  0.0677479  ,  9.28914e-25,  3.39232e-22,  0.0242836  ])
58477   , -1632.51    , array([ 1.42673    ,  0.0677479  ,  9.28914e-25,  3.39232e-22,  0.0242594  ])
58478   , -1632.51    , array([ 1.42673    ,  0.0677479  ,  9.28914e-25,  3.39232e-22,  0.0242594  ])
58479   , -1632.51    , array([ 1.42816    ,  0.0677479  ,  9.28914e-25,  3.39232e-22,  0.0242594  ])
58480   , -1632.51    , array([ 1.42673    ,  0.0678157  ,  9.28914e-25,  3.39232e-22,  0.0242594  ])
58481   , -1632.51    , array([ 1.42673    ,  0.0677479  ,  9.29843e-25,  3.39232e-22,  0.0242594  ])
58482   , -1632.51    , array([ 1.42673    ,  0.0677479  ,  9.28914e-25,  3.39571e-22,  0.0242594  ])
58483   , -1632.51    , array([ 1.42673    ,  0.0677479  ,  9.28914e-25,  3.39232e-22,  0.0242836  ])
58484   , -1632.51    , array([ 1.42673    ,  0.0677479  ,  9.28914e-25,  3.39232e-22,  0.0242594  ])
58485   , -1632.51    , array([ 1.42673    ,  0.0677479  ,  9.28914e-25,  3.39232e-22,  0.0242594  ])
58486   , -1632.51    , array([ 1.42816    ,  0.0677479  ,  9.28914e-25,  3.39232e-22,  0.0242594  ])
58487   , -1632.51    , array([ 1.42673    ,  0.0678157  ,  9.28914e-25,  3.39232e-22,  0.0242594  ])
58488   , -1632.51    , array([ 1.42673    ,  0.0677479  ,  9.29843e-25,  3.39232e-22,  0.0242594  ])
58489   , -1632.51    , array([ 1.42673    ,  0.0677479  ,  9.28914e-25,  3.39571e-22,  0.0242594  ])
58490   , -1632.51    , array([ 1.42673    ,  0.0677479  ,  9.28914e-25,  3.39232e-22,  0.0242836  ])
58491   , -1632.51    , array([ 1.42673    ,  0.0677479  ,  9.28914e-25,  3.39232e-22,  0.0242594  ])
58492   , -1632.51    , array([ 1.42673    ,  0.0677479  ,  9.28914e-25,  3.39232e-22,  0.0242594  ])
58493   , -1632.51    , array([ 1.42816    ,  0.0677479  ,  9.28914e-25,  3.39232e-22,  0.0242594  ])
58494   , -1632.51    , array([ 1.42673    ,  0.0678157  ,  9.28914e-25,  3.39232e-22,  0.0242594  ])
58495   , -1632.51    , array([ 1.42673    ,  0.0677479  ,  9.29843e-25,  3.39232e-22,  0.0242594  ])
58496   , -1632.51    , array([ 1.42673    ,  0.0677479  ,  9.28914e-25,  3.39571e-22,  0.0242594  ])
58497   , -1632.51    , array([ 1.42673    ,  0.0677479  ,  9.28914e-25,  3.39232e-22,  0.0242836  ])
58498   , -1632.51    , array([ 1.42673    ,  0.0677479  ,  9.28914e-25,  3.39232e-22,  0.0242594  ])
58499   , -1632.51    , array([ 1.42673    ,  0.0677479  ,  9.28914e-25,  3.39232e-22,  0.0242594  ])
58500   , -1632.51    , array([ 1.42816    ,  0.0677479  ,  9.28914e-25,  3.39232e-22,  0.0242594  ])
58501   , -1632.51    , array([ 1.42673    ,  0.0678157  ,  9.28914e-25,  3.39232e-22,  0.0242594  ])
58502   , -1632.51    , array([ 1.42673    ,  0.0677479  ,  9.29843e-25,  3.39232e-22,  0.0242594  ])
58503   , -1632.51    , array([ 1.42673    ,  0.0677479  ,  9.28914e-25,  3.39571e-22,  0.0242594  ])
58504   , -1632.51    , array([ 1.42673    ,  0.0677479  ,  9.28914e-25,  3.39232e-22,  0.0242836  ])
58505   , -1632.51    , array([ 1.42673    ,  0.0677479  ,  9.28914e-25,  3.39232e-22,  0.0242594  ])
58506   , -1632.51    , array([ 1.42673    ,  0.0677479  ,  9.28914e-25,  3.39232e-22,  0.0242594  ])
58507   , -1632.51    , array([ 1.42816    ,  0.0677479  ,  9.28914e-25,  3.39232e-22,  0.0242594  ])
58508   , -1632.51    , array([ 1.42673    ,  0.0678157  ,  9.28914e-25,  3.39232e-22,  0.0242594  ])
58509   , -1632.51    , array([ 1.42673    ,  0.0677479  ,  9.29843e-25,  3.39232e-22,  0.0242594  ])
58510   , -1632.51    , array([ 1.42673    ,  0.0677479  ,  9.28914e-25,  3.39571e-22,  0.0242594  ])
58511   , -1632.51    , array([ 1.42673    ,  0.0677479  ,  9.28914e-25,  3.39232e-22,  0.0242836  ])
58512   , -1632.51    , array([ 1.42673    ,  0.0677479  ,  9.28914e-25,  3.39232e-22,  0.0242594  ])
58513   , -1632.51    , array([ 1.42673    ,  0.0677479  ,  9.28914e-25,  3.39232e-22,  0.0242594  ])
58514   , -1632.51    , array([ 1.42816    ,  0.0677479  ,  9.28914e-25,  3.39232e-22,  0.0242594  ])
58515   , -1632.51    , array([ 1.42673    ,  0.0678157  ,  9.28914e-25,  3.39232e-22,  0.0242594  ])
58516   , -1632.51    , array([ 1.42673    ,  0.0677479  ,  9.29843e-25,  3.39232e-22,  0.0242594  ])
58517   , -1632.51    , array([ 1.42673    ,  0.0677479  ,  9.28914e-25,  3.39571e-22,  0.0242594  ])
58518   , -1632.51    , array([ 1.42673    ,  0.0677479  ,  9.28914e-25,  3.39232e-22,  0.0242836  ])
58519   , -1632.51    , array([ 1.42673    ,  0.0677479  ,  9.28914e-25,  3.39232e-22,  0.0242594  ])
58520   , -1632.51    , array([ 1.42673    ,  0.0677479  ,  9.28914e-25,  3.39232e-22,  0.0242594  ])
58521   , -1632.51    , array([ 1.42816    ,  0.0677479  ,  9.28914e-25,  3.39232e-22,  0.0242594  ])
58522   , -1632.51    , array([ 1.42673    ,  0.0678157  ,  9.28914e-25,  3.39232e-22,  0.0242594  ])
58523   , -1632.51    , array([ 1.42673    ,  0.0677479  ,  9.29843e-25,  3.39232e-22,  0.0242594  ])
58524   , -1632.51    , array([ 1.42673    ,  0.0677479  ,  9.28914e-25,  3.39571e-22,  0.0242594  ])
58525   , -1632.51    , array([ 1.42673    ,  0.0677479  ,  9.28914e-25,  3.39232e-22,  0.0242836  ])
58526   , -1632.51    , array([ 1.42673    ,  0.0677479  ,  9.28914e-25,  3.39232e-22,  0.0242594  ])
58527   , -1632.51    , array([ 1.42673    ,  0.0677479  ,  9.28914e-25,  3.39232e-22,  0.0242594  ])
58528   , -1632.51    , array([ 1.42816    ,  0.0677479  ,  9.28914e-25,  3.39232e-22,  0.0242594  ])
58529   , -1632.51    , array([ 1.42673    ,  0.0678157  ,  9.28914e-25,  3.39232e-22,  0.0242594  ])
58530   , -1632.51    , array([ 1.42673    ,  0.0677479  ,  9.29843e-25,  3.39232e-22,  0.0242594  ])
58531   , -1632.51    , array([ 1.42673    ,  0.0677479  ,  9.28914e-25,  3.39571e-22,  0.0242594  ])
58532   , -1632.51    , array([ 1.42673    ,  0.0677479  ,  9.28914e-25,  3.39232e-22,  0.0242836  ])
58533   , -1632.51    , array([ 1.42673    ,  0.0677479  ,  9.28914e-25,  3.39232e-22,  0.0242594  ])
58534   , -1632.51    , array([ 1.42673    ,  0.0677479  ,  9.28914e-25,  3.39232e-22,  0.0242594  ])
58535   , -1632.51    , array([ 1.42816    ,  0.0677479  ,  9.28914e-25,  3.39232e-22,  0.0242594  ])
58536   , -1632.51    , array([ 1.42673    ,  0.0678157  ,  9.28914e-25,  3.39232e-22,  0.0242594  ])
58537   , -1632.51    , array([ 1.42673    ,  0.0677479  ,  9.29843e-25,  3.39232e-22,  0.0242594  ])
58538   , -1632.51    , array([ 1.42673    ,  0.0677479  ,  9.28914e-25,  3.39571e-22,  0.0242594  ])
58539   , -1632.51    , array([ 1.42673    ,  0.0677479  ,  9.28914e-25,  3.39232e-22,  0.0242836  ])
58540   , -1632.51    , array([ 1.42673    ,  0.0677479  ,  9.28914e-25,  3.39232e-22,  0.0242594  ])
58541   , -1632.51    , array([ 1.42673    ,  0.0677479  ,  9.28914e-25,  3.39232e-22,  0.0242594  ])
58542   , -1632.51    , array([ 1.42816    ,  0.0677479  ,  9.28914e-25,  3.39232e-22,  0.0242594  ])
58543   , -1632.51    , array([ 1.42673    ,  0.0678157  ,  9.28914e-25,  3.39232e-22,  0.0242594  ])
58544   , -1632.51    , array([ 1.42673    ,  0.0677479  ,  9.29843e-25,  3.39232e-22,  0.0242594  ])
58545   , -1632.51    , array([ 1.42673    ,  0.0677479  ,  9.28914e-25,  3.39571e-22,  0.0242594  ])
58546   , -1632.51    , array([ 1.42673    ,  0.0677479  ,  9.28914e-25,  3.39232e-22,  0.0242836  ])
58547   , -1632.51    , array([ 1.42673    ,  0.0677479  ,  9.28914e-25,  3.39232e-22,  0.0242594  ])
58548   , -1632.51    , array([ 1.42673    ,  0.0677479  ,  9.28914e-25,  3.39232e-22,  0.0242594  ])
58549   , -1632.51    , array([ 1.42816    ,  0.0677479  ,  9.28914e-25,  3.39232e-22,  0.0242594  ])
58550   , -1632.51    , array([ 1.42673    ,  0.0678157  ,  9.28914e-25,  3.39232e-22,  0.0242594  ])
58551   , -1632.51    , array([ 1.42673    ,  0.0677479  ,  9.29843e-25,  3.39232e-22,  0.0242594  ])
58552   , -1632.51    , array([ 1.42673    ,  0.0677479  ,  9.28914e-25,  3.39571e-22,  0.0242594  ])
58553   , -1632.51    , array([ 1.42673    ,  0.0677479  ,  9.28914e-25,  3.39232e-22,  0.0242836  ])
58554   , -1632.51    , array([ 1.42673    ,  0.0677479  ,  9.28914e-25,  3.39232e-22,  0.0242594  ])
58555   , -1632.51    , array([ 1.42673    ,  0.0677479  ,  9.28914e-25,  3.39232e-22,  0.0242594  ])
58556   , -1632.51    , array([ 1.42816    ,  0.0677479  ,  9.28914e-25,  3.39232e-22,  0.0242594  ])
58557   , -1632.51    , array([ 1.42673    ,  0.0678157  ,  9.28914e-25,  3.39232e-22,  0.0242594  ])
58558   , -1632.51    , array([ 1.42673    ,  0.0677479  ,  9.29843e-25,  3.39232e-22,  0.0242594  ])
58559   , -1632.51    , array([ 1.42673    ,  0.0677479  ,  9.28914e-25,  3.39571e-22,  0.0242594  ])
58560   , -1632.51    , array([ 1.42673    ,  0.0677479  ,  9.28914e-25,  3.39232e-22,  0.0242836  ])
58561   , -1632.51    , array([ 1.42673    ,  0.0677479  ,  9.28914e-25,  3.39232e-22,  0.0242594  ])
58562   , -1632.51    , array([ 1.42673    ,  0.0677479  ,  9.28914e-25,  3.39232e-22,  0.0242594  ])
58563   , -1632.51    , array([ 1.42816    ,  0.0677479  ,  9.28914e-25,  3.39232e-22,  0.0242594  ])
58564   , -1632.51    , array([ 1.42673    ,  0.0678157  ,  9.28914e-25,  3.39232e-22,  0.0242594  ])
58565   , -1632.51    , array([ 1.42673    ,  0.0677479  ,  9.29843e-25,  3.39232e-22,  0.0242594  ])
58566   , -1632.51    , array([ 1.42673    ,  0.0677479  ,  9.28914e-25,  3.39571e-22,  0.0242594  ])
58567   , -1632.51    , array([ 1.42673    ,  0.0677479  ,  9.28914e-25,  3.39232e-22,  0.0242836  ])
58568   , -1632.51    , array([ 1.42673    ,  0.0677479  ,  9.28914e-25,  3.39232e-22,  0.0242594  ])
58569   , -1632.51    , array([ 1.42673    ,  0.0677479  ,  9.28914e-25,  3.39232e-22,  0.0242594  ])
58570   , -1632.51    , array([ 1.42816    ,  0.0677479  ,  9.28914e-25,  3.39232e-22,  0.0242594  ])
58571   , -1632.51    , array([ 1.42673    ,  0.0678157  ,  9.28914e-25,  3.39232e-22,  0.0242594  ])
58572   , -1632.51    , array([ 1.42673    ,  0.0677479  ,  9.29843e-25,  3.39232e-22,  0.0242594  ])
58573   , -1632.51    , array([ 1.42673    ,  0.0677479  ,  9.28914e-25,  3.39571e-22,  0.0242594  ])
58574   , -1632.51    , array([ 1.42673    ,  0.0677479  ,  9.28914e-25,  3.39232e-22,  0.0242836  ])
58575   , -1632.51    , array([ 1.42673    ,  0.0677479  ,  9.28914e-25,  3.39232e-22,  0.0242594  ])
58576   , -1632.51    , array([ 1.42673    ,  0.0677479  ,  9.28914e-25,  3.39232e-22,  0.0242594  ])
58577   , -1632.51    , array([ 1.42816    ,  0.0677479  ,  9.28914e-25,  3.39232e-22,  0.0242594  ])
58578   , -1632.51    , array([ 1.42673    ,  0.0678157  ,  9.28914e-25,  3.39232e-22,  0.0242594  ])
58579   , -1632.51    , array([ 1.42673    ,  0.0677479  ,  9.29843e-25,  3.39232e-22,  0.0242594  ])
58580   , -1632.51    , array([ 1.42673    ,  0.0677479  ,  9.28914e-25,  3.39571e-22,  0.0242594  ])
58581   , -1632.51    , array([ 1.42673    ,  0.0677479  ,  9.28914e-25,  3.39232e-22,  0.0242836  ])
58582   , -1632.51    , array([ 1.42673    ,  0.0677479  ,  9.28914e-25,  3.39232e-22,  0.0242594  ])
58583   , -1632.51    , array([ 1.42673    ,  0.0677479  ,  9.28914e-25,  3.39232e-22,  0.0242594  ])
58584   , -1632.51    , array([ 1.42816    ,  0.0677479  ,  9.28914e-25,  3.39232e-22,  0.0242594  ])
58585   , -1632.51    , array([ 1.42673    ,  0.0678157  ,  9.28914e-25,  3.39232e-22,  0.0242594  ])
58586   , -1632.51    , array([ 1.42673    ,  0.0677479  ,  9.29843e-25,  3.39232e-22,  0.0242594  ])
58587   , -1632.51    , array([ 1.42673    ,  0.0677479  ,  9.28914e-25,  3.39571e-22,  0.0242594  ])
58588   , -1632.51    , array([ 1.42673    ,  0.0677479  ,  9.28914e-25,  3.39232e-22,  0.0242836  ])
58589   , -1632.51    , array([ 1.42673    ,  0.0677479  ,  9.28914e-25,  3.39232e-22,  0.0242594  ])
58590   , -1632.51    , array([ 1.42673    ,  0.0677479  ,  9.28914e-25,  3.39232e-22,  0.0242594  ])
58591   , -1632.51    , array([ 1.42816    ,  0.0677479  ,  9.28914e-25,  3.39232e-22,  0.0242594  ])
58592   , -1632.51    , array([ 1.42673    ,  0.0678157  ,  9.28914e-25,  3.39232e-22,  0.0242594  ])
58593   , -1632.51    , array([ 1.42673    ,  0.0677479  ,  9.29843e-25,  3.39232e-22,  0.0242594  ])
58594   , -1632.51    , array([ 1.42673    ,  0.0677479  ,  9.28914e-25,  3.39571e-22,  0.0242594  ])
58595   , -1632.51    , array([ 1.42673    ,  0.0677479  ,  9.28914e-25,  3.39232e-22,  0.0242836  ])
58596   , -1632.51    , array([ 1.42673    ,  0.0677479  ,  9.28914e-25,  3.39232e-22,  0.0242594  ])
58597   , -1632.51    , array([ 1.42673    ,  0.0677479  ,  9.28914e-25,  3.39232e-22,  0.0242594  ])
58598   , -1632.51    , array([ 1.42816    ,  0.0677479  ,  9.28914e-25,  3.39232e-22,  0.0242594  ])
58599   , -1632.51    , array([ 1.42673    ,  0.0678157  ,  9.28914e-25,  3.39232e-22,  0.0242594  ])
58600   , -1632.51    , array([ 1.42673    ,  0.0677479  ,  9.29843e-25,  3.39232e-22,  0.0242594  ])
58601   , -1632.51    , array([ 1.42673    ,  0.0677479  ,  9.28914e-25,  3.39571e-22,  0.0242594  ])
58602   , -1632.51    , array([ 1.42673    ,  0.0677479  ,  9.28914e-25,  3.39232e-22,  0.0242836  ])
58603   , -1632.51    , array([ 1.42673    ,  0.0677479  ,  9.28914e-25,  3.39232e-22,  0.0242594  ])
58604   , -1632.51    , array([ 1.42673    ,  0.0677479  ,  9.28914e-25,  3.39232e-22,  0.0242594  ])
58605   , -1632.51    , array([ 1.42816    ,  0.0677479  ,  9.28914e-25,  3.39232e-22,  0.0242594  ])
58606   , -1632.51    , array([ 1.42673    ,  0.0678157  ,  9.28914e-25,  3.39232e-22,  0.0242594  ])
58607   , -1632.51    , array([ 1.42673    ,  0.0677479  ,  9.29843e-25,  3.39232e-22,  0.0242594  ])
58608   , -1632.51    , array([ 1.42673    ,  0.0677479  ,  9.28914e-25,  3.39571e-22,  0.0242594  ])
58609   , -1632.51    , array([ 1.42673    ,  0.0677479  ,  9.28914e-25,  3.39232e-22,  0.0242836  ])
58610   , -1632.51    , array([ 1.42673    ,  0.0677479  ,  9.28914e-25,  3.39232e-22,  0.0242594  ])
58611   , -1632.51    , array([ 1.42673    ,  0.0677479  ,  9.28914e-25,  3.39232e-22,  0.0242594  ])
58612   , -1632.51    , array([ 1.42816    ,  0.0677479  ,  9.28914e-25,  3.39232e-22,  0.0242594  ])
58613   , -1632.51    , array([ 1.42673    ,  0.0678157  ,  9.28914e-25,  3.39232e-22,  0.0242594  ])
58614   , -1632.51    , array([ 1.42673    ,  0.0677479  ,  9.29843e-25,  3.39232e-22,  0.0242594  ])
58615   , -1632.51    , array([ 1.42673    ,  0.0677479  ,  9.28914e-25,  3.39571e-22,  0.0242594  ])
58616   , -1632.51    , array([ 1.42673    ,  0.0677479  ,  9.28914e-25,  3.39232e-22,  0.0242836  ])
58617   , -1632.51    , array([ 1.42673    ,  0.0677479  ,  9.28914e-25,  3.39232e-22,  0.0242594  ])
58618   , -1632.51    , array([ 1.42673    ,  0.0677479  ,  9.28914e-25,  3.39232e-22,  0.0242594  ])
58619   , -1632.51    , array([ 1.42816    ,  0.0677479  ,  9.28914e-25,  3.39232e-22,  0.0242594  ])
58620   , -1632.51    , array([ 1.42673    ,  0.0678157  ,  9.28914e-25,  3.39232e-22,  0.0242594  ])
58621   , -1632.51    , array([ 1.42673    ,  0.0677479  ,  9.29843e-25,  3.39232e-22,  0.0242594  ])
58622   , -1632.51    , array([ 1.42673    ,  0.0677479  ,  9.28914e-25,  3.39571e-22,  0.0242594  ])
58623   , -1632.51    , array([ 1.42673    ,  0.0677479  ,  9.28914e-25,  3.39232e-22,  0.0242836  ])
58624   , -1632.51    , array([ 1.42673    ,  0.0677479  ,  9.28914e-25,  3.39232e-22,  0.0242594  ])
58625   , -1632.51    , array([ 1.42673    ,  0.0677479  ,  9.28914e-25,  3.39232e-22,  0.0242594  ])
58626   , -1632.51    , array([ 1.42816    ,  0.0677479  ,  9.28914e-25,  3.39232e-22,  0.0242594  ])
58627   , -1632.51    , array([ 1.42673    ,  0.0678157  ,  9.28914e-25,  3.39232e-22,  0.0242594  ])
58628   , -1632.51    , array([ 1.42673    ,  0.0677479  ,  9.29843e-25,  3.39232e-22,  0.0242594  ])
58629   , -1632.51    , array([ 1.42673    ,  0.0677479  ,  9.28914e-25,  3.39571e-22,  0.0242594  ])
58630   , -1632.51    , array([ 1.42673    ,  0.0677479  ,  9.28914e-25,  3.39232e-22,  0.0242836  ])
58631   , -1632.51    , array([ 1.42673    ,  0.0677479  ,  9.28914e-25,  3.39232e-22,  0.0242594  ])
58632   , -1632.51    , array([ 1.42673    ,  0.0677479  ,  9.28914e-25,  3.39232e-22,  0.0242594  ])
58633   , -1632.51    , array([ 1.42816    ,  0.0677479  ,  9.28914e-25,  3.39232e-22,  0.0242594  ])
58634   , -1632.51    , array([ 1.42673    ,  0.0678157  ,  9.28914e-25,  3.39232e-22,  0.0242594  ])
58635   , -1632.51    , array([ 1.42673    ,  0.0677479  ,  9.29843e-25,  3.39232e-22,  0.0242594  ])
58636   , -1632.51    , array([ 1.42673    ,  0.0677479  ,  9.28914e-25,  3.39571e-22,  0.0242594  ])
58637   , -1632.51    , array([ 1.42673    ,  0.0677479  ,  9.28914e-25,  3.39232e-22,  0.0242836  ])
58638   , -1632.51    , array([ 1.42673    ,  0.0677479  ,  9.28914e-25,  3.39232e-22,  0.0242594  ])
58639   , -1632.51    , array([ 1.42673    ,  0.0677479  ,  9.28914e-25,  3.39232e-22,  0.0242594  ])
58640   , -1632.51    , array([ 1.42816    ,  0.0677479  ,  9.28914e-25,  3.39232e-22,  0.0242594  ])
58641   , -1632.51    , array([ 1.42673    ,  0.0678157  ,  9.28914e-25,  3.39232e-22,  0.0242594  ])
58642   , -1632.51    , array([ 1.42673    ,  0.0677479  ,  9.29843e-25,  3.39232e-22,  0.0242594  ])
58643   , -1632.51    , array([ 1.42673    ,  0.0677479  ,  9.28914e-25,  3.39571e-22,  0.0242594  ])
58644   , -1632.51    , array([ 1.42673    ,  0.0677479  ,  9.28914e-25,  3.39232e-22,  0.0242836  ])
58645   , -1632.51    , array([ 1.42673    ,  0.0677479  ,  9.28914e-25,  3.39232e-22,  0.0242594  ])
58646   , -1632.51    , array([ 1.42673    ,  0.0677479  ,  9.28914e-25,  3.39232e-22,  0.0242594  ])
58647   , -1632.51    , array([ 1.42816    ,  0.0677479  ,  9.28914e-25,  3.39232e-22,  0.0242594  ])
58648   , -1632.51    , array([ 1.42673    ,  0.0678157  ,  9.28914e-25,  3.39232e-22,  0.0242594  ])
58649   , -1632.51    , array([ 1.42673    ,  0.0677479  ,  9.29843e-25,  3.39232e-22,  0.0242594  ])
58650   , -1632.51    , array([ 1.42673    ,  0.0677479  ,  9.28914e-25,  3.39571e-22,  0.0242594  ])
58651   , -1632.51    , array([ 1.42673    ,  0.0677479  ,  9.28914e-25,  3.39232e-22,  0.0242836  ])
58652   , -1632.51    , array([ 1.42673    ,  0.0677479  ,  9.28914e-25,  3.39232e-22,  0.0242594  ])
58653   , -1632.51    , array([ 1.42673    ,  0.0677479  ,  9.28914e-25,  3.39232e-22,  0.0242594  ])
58654   , -1632.51    , array([ 1.42816    ,  0.0677479  ,  9.28914e-25,  3.39232e-22,  0.0242594  ])
58655   , -1632.51    , array([ 1.42673    ,  0.0678157  ,  9.28914e-25,  3.39232e-22,  0.0242594  ])
58656   , -1632.51    , array([ 1.42673    ,  0.0677479  ,  9.29843e-25,  3.39232e-22,  0.0242594  ])
58657   , -1632.51    , array([ 1.42673    ,  0.0677479  ,  9.28914e-25,  3.39571e-22,  0.0242594  ])
58658   , -1632.51    , array([ 1.42673    ,  0.0677479  ,  9.28914e-25,  3.39232e-22,  0.0242836  ])
58659   , -1632.51    , array([ 1.42673    ,  0.0677479  ,  9.28914e-25,  3.39232e-22,  0.0242594  ])
58660   , -1632.51    , array([ 1.42673    ,  0.0677479  ,  9.28914e-25,  3.39232e-22,  0.0242594  ])
58661   , -1632.51    , array([ 1.42816    ,  0.0677479  ,  9.28914e-25,  3.39232e-22,  0.0242594  ])
58662   , -1632.51    , array([ 1.42673    ,  0.0678157  ,  9.28914e-25,  3.39232e-22,  0.0242594  ])
58663   , -1632.51    , array([ 1.42673    ,  0.0677479  ,  9.29843e-25,  3.39232e-22,  0.0242594  ])
58664   , -1632.51    , array([ 1.42673    ,  0.0677479  ,  9.28914e-25,  3.39571e-22,  0.0242594  ])
58665   , -1632.51    , array([ 1.42673    ,  0.0677479  ,  9.28914e-25,  3.39232e-22,  0.0242836  ])
58666   , -1632.51    , array([ 1.42673    ,  0.0677479  ,  9.28914e-25,  3.39232e-22,  0.0242594  ])
58667   , -1632.51    , array([ 1.42673    ,  0.0677479  ,  9.28914e-25,  3.39232e-22,  0.0242594  ])
58668   , -1632.51    , array([ 1.42816    ,  0.0677479  ,  9.28914e-25,  3.39232e-22,  0.0242594  ])
58669   , -1632.51    , array([ 1.42673    ,  0.0678157  ,  9.28914e-25,  3.39232e-22,  0.0242594  ])
58670   , -1632.51    , array([ 1.42673    ,  0.0677479  ,  9.29843e-25,  3.39232e-22,  0.0242594  ])
58671   , -1632.51    , array([ 1.42673    ,  0.0677479  ,  9.28914e-25,  3.39571e-22,  0.0242594  ])
58672   , -1632.51    , array([ 1.42673    ,  0.0677479  ,  9.28914e-25,  3.39232e-22,  0.0242836  ])
58673   , -1632.51    , array([ 1.42673    ,  0.0677479  ,  9.28914e-25,  3.39232e-22,  0.0242594  ])
58674   , -1632.51    , array([ 1.42673    ,  0.0677479  ,  9.28914e-25,  3.39232e-22,  0.0242594  ])
58675   , -1632.51    , array([ 1.42816    ,  0.0677479  ,  9.28914e-25,  3.39232e-22,  0.0242594  ])
58676   , -1632.51    , array([ 1.42673    ,  0.0678157  ,  9.28914e-25,  3.39232e-22,  0.0242594  ])
58677   , -1632.51    , array([ 1.42673    ,  0.0677479  ,  9.29843e-25,  3.39232e-22,  0.0242594  ])
58678   , -1632.51    , array([ 1.42673    ,  0.0677479  ,  9.28914e-25,  3.39571e-22,  0.0242594  ])
58679   , -1632.51    , array([ 1.42673    ,  0.0677479  ,  9.28914e-25,  3.39232e-22,  0.0242836  ])
58680   , -1632.51    , array([ 1.42673    ,  0.0677479  ,  9.28914e-25,  3.39232e-22,  0.0242594  ])
58681   , -1632.51    , array([ 1.42673    ,  0.0677479  ,  9.28914e-25,  3.39232e-22,  0.0242594  ])
58682   , -1632.51    , array([ 1.42816    ,  0.0677479  ,  9.28914e-25,  3.39232e-22,  0.0242594  ])
58683   , -1632.51    , array([ 1.42673    ,  0.0678157  ,  9.28914e-25,  3.39232e-22,  0.0242594  ])
58684   , -1632.51    , array([ 1.42673    ,  0.0677479  ,  9.29843e-25,  3.39232e-22,  0.0242594  ])
58685   , -1632.51    , array([ 1.42673    ,  0.0677479  ,  9.28914e-25,  3.39571e-22,  0.0242594  ])
58686   , -1632.51    , array([ 1.42673    ,  0.0677479  ,  9.28914e-25,  3.39232e-22,  0.0242836  ])
58687   , -1632.51    , array([ 1.42673    ,  0.0677479  ,  9.28914e-25,  3.39232e-22,  0.0242594  ])
58688   , -1632.51    , array([ 1.42673    ,  0.0677479  ,  9.28914e-25,  3.39232e-22,  0.0242594  ])
58689   , -1632.51    , array([ 1.42816    ,  0.0677479  ,  9.28914e-25,  3.39232e-22,  0.0242594  ])
58690   , -1632.51    , array([ 1.42673    ,  0.0678157  ,  9.28914e-25,  3.39232e-22,  0.0242594  ])
58691   , -1632.51    , array([ 1.42673    ,  0.0677479  ,  9.29843e-25,  3.39232e-22,  0.0242594  ])
58692   , -1632.51    , array([ 1.42673    ,  0.0677479  ,  9.28914e-25,  3.39571e-22,  0.0242594  ])
58693   , -1632.51    , array([ 1.42673    ,  0.0677479  ,  9.28914e-25,  3.39232e-22,  0.0242836  ])
58694   , -1632.51    , array([ 1.4272     ,  0.0677432  ,  9.28914e-25,  3.39232e-22,  0.0242577  ])
58695   , -1632.51    , array([ 1.42692    ,  0.067746   ,  9.28914e-25,  3.39232e-22,  0.0242587  ])
58696   , -1632.51    , array([ 1.4268     ,  0.0677473  ,  9.28914e-25,  3.39232e-22,  0.0242591  ])
58697   , -1632.51    , array([ 1.42676    ,  0.0677477  ,  9.28914e-25,  3.39232e-22,  0.0242593  ])
58698   , -1632.51    , array([ 1.42674    ,  0.0677478  ,  9.28914e-25,  3.39232e-22,  0.0242593  ])
58699   , -1632.51    , array([ 1.42674    ,  0.0677479  ,  9.28914e-25,  3.39232e-22,  0.0242593  ])
58700   , -1632.51    , array([ 1.42674    ,  0.0677479  ,  9.28914e-25,  3.39232e-22,  0.0242594  ])
58701   , -1632.51    , array([ 1.42673    ,  0.0677479  ,  9.28914e-25,  3.39232e-22,  0.0242594  ])
58702   , -1632.51    , array([ 1.42673    ,  0.0677479  ,  9.28914e-25,  3.39232e-22,  0.0242594  ])
58703   , -1632.51    , array([ 1.42673    ,  0.0677479  ,  9.28914e-25,  3.39232e-22,  0.0242594  ])
58704   , -1632.51    , array([ 1.42673    ,  0.0677479  ,  9.28914e-25,  3.39232e-22,  0.0242594  ])
58705   , -1632.51    , array([ 1.42673    ,  0.0677479  ,  9.28914e-25,  3.39232e-22,  0.0242594  ])
