21580   , -79089.3    , array([ 0.00354827 ,  0.238578   ,  5.07459e-32,  1.92333e-19,  5.19241e-10])
21581   , -79089.3    , array([ 0.00355182 ,  0.238578   ,  5.07459e-32,  1.92333e-19,  5.19241e-10])
21582   , -79089.3    , array([ 0.00354827 ,  0.238817   ,  5.07459e-32,  1.92333e-19,  5.19241e-10])
21583   , -79089.3    , array([ 0.00354827 ,  0.238578   ,  5.07967e-32,  1.92333e-19,  5.19241e-10])
21584   , -79089.3    , array([ 0.00354827 ,  0.238578   ,  5.07459e-32,  1.92526e-19,  5.19241e-10])
21585   , -79089.3    , array([ 0.00354827 ,  0.238578   ,  5.07459e-32,  1.92333e-19,  5.19761e-10])
21586   , -79089.3    , array([ 0.00354827 ,  0.238578   ,  5.07459e-32,  1.92333e-19,  5.19241e-10])
21587   , -79089.3    , array([ 0.00315709 ,  0.237969   ,  5.07459e-32,  1.92333e-19,  5.85146e-10])
21588   , -79089.3    , array([ 0.00315709 ,  0.237969   ,  5.07459e-32,  1.92333e-19,  5.85146e-10])
21589   , -79089.3    , array([ 0.00316025 ,  0.237969   ,  5.07459e-32,  1.92333e-19,  5.85146e-10])
21590   , -79089.3    , array([ 0.00315709 ,  0.238207   ,  5.07459e-32,  1.92333e-19,  5.85146e-10])
21591   , -79089.3    , array([ 0.00315709 ,  0.237969   ,  5.07967e-32,  1.92333e-19,  5.85146e-10])
21592   , -79089.3    , array([ 0.00315709 ,  0.237969   ,  5.07459e-32,  1.92526e-19,  5.85146e-10])
21593   , -79089.3    , array([ 0.00315709 ,  0.237969   ,  5.07459e-32,  1.92333e-19,  5.85731e-10])
21594   , -79089.1    , array([ 0.00197866 ,  0.235548   ,  5.07459e-32,  1.92333e-19,  9.4372e-10 ])
21595   , -79089.1    , array([ 0.00197866 ,  0.235548   ,  5.07459e-32,  1.92333e-19,  9.4372e-10 ])
21596   , -79089.1    , array([ 0.00198064 ,  0.235548   ,  5.07459e-32,  1.92333e-19,  9.4372e-10 ])
21597   , -79089.1    , array([ 0.00197866 ,  0.235784   ,  5.07459e-32,  1.92333e-19,  9.4372e-10 ])
21598   , -79089.1    , array([ 0.00197866 ,  0.235548   ,  5.07967e-32,  1.92333e-19,  9.4372e-10 ])
21599   , -79089.1    , array([ 0.00197866 ,  0.235548   ,  5.07459e-32,  1.92526e-19,  9.4372e-10 ])
21600   , -79089.1    , array([ 0.00197866 ,  0.235548   ,  5.07459e-32,  1.92333e-19,  9.44664e-10])
21608   , -79089.1    , array([ 0.00197866 ,  0.235548   ,  5.07459e-32,  1.92333e-19,  9.4372e-10 ])
21609   , -79089.1    , array([ 0.00197866 ,  0.235548   ,  5.07459e-32,  1.92333e-19,  9.4372e-10 ])
21610   , -79089.1    , array([ 0.00198064 ,  0.235548   ,  5.07459e-32,  1.92333e-19,  9.4372e-10 ])
21611   , -79089.1    , array([ 0.00197866 ,  0.235784   ,  5.07459e-32,  1.92333e-19,  9.4372e-10 ])
21612   , -79089.1    , array([ 0.00197866 ,  0.235548   ,  5.07967e-32,  1.92333e-19,  9.4372e-10 ])
21613   , -79089.1    , array([ 0.00197866 ,  0.235548   ,  5.07459e-32,  1.92526e-19,  9.4372e-10 ])
21614   , -79089.1    , array([ 0.00197866 ,  0.235548   ,  5.07459e-32,  1.92333e-19,  9.44664e-10])
21615   , -79089      , array([ 0.00190029 ,  0.23534    ,  5.07459e-32,  1.92333e-19,  9.83549e-10])
21616   , -79089      , array([ 0.00190029 ,  0.23534    ,  5.07459e-32,  1.92333e-19,  9.83549e-10])
21617   , -79089      , array([ 0.0019022  ,  0.23534    ,  5.07459e-32,  1.92333e-19,  9.83549e-10])
21618   , -79089      , array([ 0.00190029 ,  0.235576   ,  5.07459e-32,  1.92333e-19,  9.83549e-10])
21619   , -79089      , array([ 0.00190029 ,  0.23534    ,  5.07967e-32,  1.92333e-19,  9.83549e-10])
21620   , -79089      , array([ 0.00190029 ,  0.23534    ,  5.07459e-32,  1.92526e-19,  9.83549e-10])
21621   , -79089      , array([ 0.00190029 ,  0.23534    ,  5.07459e-32,  1.92333e-19,  9.84533e-10])
21629   , -79089      , array([ 0.00190029 ,  0.23534    ,  5.07459e-32,  1.92333e-19,  9.83549e-10])
21630   , -79089      , array([ 0.00190029 ,  0.23534    ,  5.07459e-32,  1.92333e-19,  9.83549e-10])
21631   , -79089      , array([ 0.0019022  ,  0.23534    ,  5.07459e-32,  1.92333e-19,  9.83549e-10])
21632   , -79089      , array([ 0.00190029 ,  0.235576   ,  5.07459e-32,  1.92333e-19,  9.83549e-10])
21633   , -79089      , array([ 0.00190029 ,  0.23534    ,  5.07967e-32,  1.92333e-19,  9.83549e-10])
21634   , -79089      , array([ 0.00190029 ,  0.23534    ,  5.07459e-32,  1.92526e-19,  9.83549e-10])
21635   , -79089      , array([ 0.00190029 ,  0.23534    ,  5.07459e-32,  1.92333e-19,  9.84533e-10])
21636   , -79089      , array([ 0.00185777 ,  0.235224   ,  5.07459e-32,  1.92333e-19,  1.00658e-09])
21637   , -79089      , array([ 0.00185777 ,  0.235224   ,  5.07459e-32,  1.92333e-19,  1.00658e-09])
21638   , -79089      , array([ 0.00185963 ,  0.235224   ,  5.07459e-32,  1.92333e-19,  1.00658e-09])
21639   , -79089      , array([ 0.00185777 ,  0.235459   ,  5.07459e-32,  1.92333e-19,  1.00658e-09])
21640   , -79089      , array([ 0.00185777 ,  0.235224   ,  5.07967e-32,  1.92333e-19,  1.00658e-09])
21641   , -79089      , array([ 0.00185777 ,  0.235224   ,  5.07459e-32,  1.92526e-19,  1.00658e-09])
21642   , -79089      , array([ 0.00185777 ,  0.235224   ,  5.07459e-32,  1.92333e-19,  1.00759e-09])
21643   , -79088.4    , array([ 0.00118953 ,  0.23294    ,  5.07459e-32,  1.92333e-19,  1.58823e-09])
21644   , -79088.4    , array([ 0.00118953 ,  0.23294    ,  5.07459e-32,  1.92333e-19,  1.58823e-09])
21645   , -79088.4    , array([ 0.00119072 ,  0.23294    ,  5.07459e-32,  1.92333e-19,  1.58823e-09])
21646   , -79088.4    , array([ 0.00118953 ,  0.233173   ,  5.07459e-32,  1.92333e-19,  1.58823e-09])
21647   , -79088.4    , array([ 0.00118953 ,  0.23294    ,  5.07967e-32,  1.92333e-19,  1.58823e-09])
21648   , -79088.4    , array([ 0.00118953 ,  0.23294    ,  5.07459e-32,  1.92526e-19,  1.58823e-09])
21649   , -79088.4    , array([ 0.00118953 ,  0.23294    ,  5.07459e-32,  1.92333e-19,  1.58982e-09])
21650   , -79088.4    , array([ 0.00118953 ,  0.23294    ,  5.07459e-32,  1.92333e-19,  1.58823e-09])
21651   , -79088.4    , array([ 0.00118953 ,  0.23294    ,  5.07459e-32,  1.92333e-19,  1.58823e-09])
21652   , -79088.4    , array([ 0.00119072 ,  0.23294    ,  5.07459e-32,  1.92333e-19,  1.58823e-09])
21653   , -79088.4    , array([ 0.00118953 ,  0.233173   ,  5.07459e-32,  1.92333e-19,  1.58823e-09])
21654   , -79088.4    , array([ 0.00118953 ,  0.23294    ,  5.07967e-32,  1.92333e-19,  1.58823e-09])
21655   , -79088.4    , array([ 0.00118953 ,  0.23294    ,  5.07459e-32,  1.92526e-19,  1.58823e-09])
21656   , -79088.4    , array([ 0.00118953 ,  0.23294    ,  5.07459e-32,  1.92333e-19,  1.58982e-09])
21657   , -79088.4    , array([ 0.00118953 ,  0.23294    ,  5.07459e-32,  1.92333e-19,  1.58823e-09])
21658   , -79088.4    , array([ 0.00118953 ,  0.23294    ,  5.07459e-32,  1.92333e-19,  1.58823e-09])
21659   , -79088.4    , array([ 0.00119072 ,  0.23294    ,  5.07459e-32,  1.92333e-19,  1.58823e-09])
21660   , -79088.4    , array([ 0.00118953 ,  0.233173   ,  5.07459e-32,  1.92333e-19,  1.58823e-09])
21661   , -79088.4    , array([ 0.00118953 ,  0.23294    ,  5.07967e-32,  1.92333e-19,  1.58823e-09])
21662   , -79088.4    , array([ 0.00118953 ,  0.23294    ,  5.07459e-32,  1.92526e-19,  1.58823e-09])
21663   , -79088.4    , array([ 0.00118953 ,  0.23294    ,  5.07459e-32,  1.92333e-19,  1.58982e-09])
21671   , -79088.4    , array([ 0.00118953 ,  0.23294    ,  5.07459e-32,  1.92333e-19,  1.58823e-09])
21672   , -79088.4    , array([ 0.00118953 ,  0.23294    ,  5.07459e-32,  1.92333e-19,  1.58823e-09])
21673   , -79088.4    , array([ 0.00119072 ,  0.23294    ,  5.07459e-32,  1.92333e-19,  1.58823e-09])
21674   , -79088.4    , array([ 0.00118953 ,  0.233173   ,  5.07459e-32,  1.92333e-19,  1.58823e-09])
21675   , -79088.4    , array([ 0.00118953 ,  0.23294    ,  5.07967e-32,  1.92333e-19,  1.58823e-09])
21676   , -79088.4    , array([ 0.00118953 ,  0.23294    ,  5.07459e-32,  1.92526e-19,  1.58823e-09])
21677   , -79088.4    , array([ 0.00118953 ,  0.23294    ,  5.07459e-32,  1.92333e-19,  1.58982e-09])
21678   , -79088.4    , array([ 0.00118953 ,  0.23294    ,  5.07459e-32,  1.92333e-19,  1.58823e-09])
21679   , -79088.4    , array([ 0.00118953 ,  0.23294    ,  5.07459e-32,  1.92333e-19,  1.58823e-09])
21680   , -79088.4    , array([ 0.00119072 ,  0.23294    ,  5.07459e-32,  1.92333e-19,  1.58823e-09])
21681   , -79088.4    , array([ 0.00118953 ,  0.233173   ,  5.07459e-32,  1.92333e-19,  1.58823e-09])
21682   , -79088.4    , array([ 0.00118953 ,  0.23294    ,  5.07967e-32,  1.92333e-19,  1.58823e-09])
21683   , -79088.4    , array([ 0.00118953 ,  0.23294    ,  5.07459e-32,  1.92526e-19,  1.58823e-09])
21684   , -79088.4    , array([ 0.00118953 ,  0.23294    ,  5.07459e-32,  1.92333e-19,  1.58982e-09])
21685   , -79088.1    , array([ 0.00106408 ,  0.232373   ,  5.07459e-32,  1.92333e-19,  1.78004e-09])
21686   , -79088.1    , array([ 0.00106408 ,  0.232373   ,  5.07459e-32,  1.92333e-19,  1.78004e-09])
21687   , -79088.1    , array([ 0.00106514 ,  0.232373   ,  5.07459e-32,  1.92333e-19,  1.78004e-09])
21688   , -79088.1    , array([ 0.00106408 ,  0.232605   ,  5.07459e-32,  1.92333e-19,  1.78004e-09])
21689   , -79088.1    , array([ 0.00106408 ,  0.232373   ,  5.07967e-32,  1.92333e-19,  1.78004e-09])
21690   , -79088.1    , array([ 0.00106408 ,  0.232373   ,  5.07459e-32,  1.92526e-19,  1.78004e-09])
21691   , -79088.1    , array([ 0.00106408 ,  0.232373   ,  5.07459e-32,  1.92333e-19,  1.78182e-09])
21692   , -79088.1    , array([ 0.00106408 ,  0.232373   ,  5.07459e-32,  1.92333e-19,  1.78004e-09])
21693   , -79088.1    , array([ 0.00106408 ,  0.232373   ,  5.07459e-32,  1.92333e-19,  1.78004e-09])
21694   , -79088.1    , array([ 0.00106514 ,  0.232373   ,  5.07459e-32,  1.92333e-19,  1.78004e-09])
21695   , -79088.1    , array([ 0.00106408 ,  0.232605   ,  5.07459e-32,  1.92333e-19,  1.78004e-09])
21696   , -79088.1    , array([ 0.00106408 ,  0.232373   ,  5.07967e-32,  1.92333e-19,  1.78004e-09])
21697   , -79088.1    , array([ 0.00106408 ,  0.232373   ,  5.07459e-32,  1.92526e-19,  1.78004e-09])
21698   , -79088.1    , array([ 0.00106408 ,  0.232373   ,  5.07459e-32,  1.92333e-19,  1.78182e-09])
21699   , -79088.1    , array([ 0.00106408 ,  0.232373   ,  5.07459e-32,  1.92333e-19,  1.78004e-09])
21700   , -79088.1    , array([ 0.00106408 ,  0.232373   ,  5.07459e-32,  1.92333e-19,  1.78004e-09])
21701   , -79088.1    , array([ 0.00106514 ,  0.232373   ,  5.07459e-32,  1.92333e-19,  1.78004e-09])
21702   , -79088.1    , array([ 0.00106408 ,  0.232605   ,  5.07459e-32,  1.92333e-19,  1.78004e-09])
21703   , -79088.1    , array([ 0.00106408 ,  0.232373   ,  5.07967e-32,  1.92333e-19,  1.78004e-09])
21704   , -79088.1    , array([ 0.00106408 ,  0.232373   ,  5.07459e-32,  1.92526e-19,  1.78004e-09])
21705   , -79088.1    , array([ 0.00106408 ,  0.232373   ,  5.07459e-32,  1.92333e-19,  1.78182e-09])
21706   , -79087.9    , array([ 0.0010064  ,  0.23209    ,  5.07459e-32,  1.92333e-19,  1.88447e-09])
21707   , -79087.9    , array([ 0.0010064  ,  0.23209    ,  5.07459e-32,  1.92333e-19,  1.88447e-09])
21708   , -79087.9    , array([ 0.00100741 ,  0.23209    ,  5.07459e-32,  1.92333e-19,  1.88447e-09])
21709   , -79087.9    , array([ 0.0010064  ,  0.232322   ,  5.07459e-32,  1.92333e-19,  1.88447e-09])
21710   , -79087.9    , array([ 0.0010064  ,  0.23209    ,  5.07967e-32,  1.92333e-19,  1.88447e-09])
21711   , -79087.9    , array([ 0.0010064  ,  0.23209    ,  5.07459e-32,  1.92526e-19,  1.88447e-09])
21712   , -79087.9    , array([ 0.0010064  ,  0.23209    ,  5.07459e-32,  1.92333e-19,  1.88635e-09])
21713   , -79087.9    , array([ 0.0010064  ,  0.23209    ,  5.07459e-32,  1.92333e-19,  1.88447e-09])
21714   , -79087.9    , array([ 0.0010064  ,  0.23209    ,  5.07459e-32,  1.92333e-19,  1.88447e-09])
21715   , -79087.9    , array([ 0.00100741 ,  0.23209    ,  5.07459e-32,  1.92333e-19,  1.88447e-09])
21716   , -79087.9    , array([ 0.0010064  ,  0.232322   ,  5.07459e-32,  1.92333e-19,  1.88447e-09])
21717   , -79087.9    , array([ 0.0010064  ,  0.23209    ,  5.07967e-32,  1.92333e-19,  1.88447e-09])
21718   , -79087.9    , array([ 0.0010064  ,  0.23209    ,  5.07459e-32,  1.92526e-19,  1.88447e-09])
21719   , -79087.9    , array([ 0.0010064  ,  0.23209    ,  5.07459e-32,  1.92333e-19,  1.88635e-09])
21720   , -79087.9    , array([ 0.0010064  ,  0.23209    ,  5.07459e-32,  1.92333e-19,  1.88447e-09])
21721   , -79087.9    , array([ 0.0010064  ,  0.23209    ,  5.07459e-32,  1.92333e-19,  1.88447e-09])
21722   , -79087.9    , array([ 0.00100741 ,  0.23209    ,  5.07459e-32,  1.92333e-19,  1.88447e-09])
21723   , -79087.9    , array([ 0.0010064  ,  0.232322   ,  5.07459e-32,  1.92333e-19,  1.88447e-09])
21724   , -79087.9    , array([ 0.0010064  ,  0.23209    ,  5.07967e-32,  1.92333e-19,  1.88447e-09])
21725   , -79087.9    , array([ 0.0010064  ,  0.23209    ,  5.07459e-32,  1.92526e-19,  1.88447e-09])
21726   , -79087.9    , array([ 0.0010064  ,  0.23209    ,  5.07459e-32,  1.92333e-19,  1.88635e-09])
21727   , -79087.9    , array([ 0.0010064  ,  0.23209    ,  5.07459e-32,  1.92333e-19,  1.88447e-09])
21728   , -79087.9    , array([ 0.0010064  ,  0.23209    ,  5.07459e-32,  1.92333e-19,  1.88447e-09])
21729   , -79087.9    , array([ 0.00100741 ,  0.23209    ,  5.07459e-32,  1.92333e-19,  1.88447e-09])
21730   , -79087.9    , array([ 0.0010064  ,  0.232322   ,  5.07459e-32,  1.92333e-19,  1.88447e-09])
21731   , -79087.9    , array([ 0.0010064  ,  0.23209    ,  5.07967e-32,  1.92333e-19,  1.88447e-09])
21732   , -79087.9    , array([ 0.0010064  ,  0.23209    ,  5.07459e-32,  1.92526e-19,  1.88447e-09])
21733   , -79087.9    , array([ 0.0010064  ,  0.23209    ,  5.07459e-32,  1.92333e-19,  1.88635e-09])
21734   , -79087.9    , array([ 0.0010064  ,  0.23209    ,  5.07459e-32,  1.92333e-19,  1.88447e-09])
21735   , -79087.9    , array([ 0.0010064  ,  0.23209    ,  5.07459e-32,  1.92333e-19,  1.88447e-09])
21736   , -79087.9    , array([ 0.00100741 ,  0.23209    ,  5.07459e-32,  1.92333e-19,  1.88447e-09])
21737   , -79087.9    , array([ 0.0010064  ,  0.232322   ,  5.07459e-32,  1.92333e-19,  1.88447e-09])
21738   , -79087.9    , array([ 0.0010064  ,  0.23209    ,  5.07967e-32,  1.92333e-19,  1.88447e-09])
21739   , -79087.9    , array([ 0.0010064  ,  0.23209    ,  5.07459e-32,  1.92526e-19,  1.88447e-09])
21740   , -79087.9    , array([ 0.0010064  ,  0.23209    ,  5.07459e-32,  1.92333e-19,  1.88635e-09])
21741   , -79087.9    , array([ 0.0010064  ,  0.23209    ,  5.07459e-32,  1.92333e-19,  1.88447e-09])
21742   , -79087.9    , array([ 0.0010064  ,  0.23209    ,  5.07459e-32,  1.92333e-19,  1.88447e-09])
21743   , -79087.9    , array([ 0.00100741 ,  0.23209    ,  5.07459e-32,  1.92333e-19,  1.88447e-09])
21744   , -79087.9    , array([ 0.0010064  ,  0.232322   ,  5.07459e-32,  1.92333e-19,  1.88447e-09])
21745   , -79087.9    , array([ 0.0010064  ,  0.23209    ,  5.07967e-32,  1.92333e-19,  1.88447e-09])
21746   , -79087.9    , array([ 0.0010064  ,  0.23209    ,  5.07459e-32,  1.92526e-19,  1.88447e-09])
21747   , -79087.9    , array([ 0.0010064  ,  0.23209    ,  5.07459e-32,  1.92333e-19,  1.88635e-09])
21748   , -79087.9    , array([ 0.0010064  ,  0.23209    ,  5.07459e-32,  1.92333e-19,  1.88447e-09])
21749   , -79087.9    , array([ 0.0010064  ,  0.23209    ,  5.07459e-32,  1.92333e-19,  1.88447e-09])
21750   , -79087.9    , array([ 0.00100741 ,  0.23209    ,  5.07459e-32,  1.92333e-19,  1.88447e-09])
21751   , -79087.9    , array([ 0.0010064  ,  0.232322   ,  5.07459e-32,  1.92333e-19,  1.88447e-09])
21752   , -79087.9    , array([ 0.0010064  ,  0.23209    ,  5.07967e-32,  1.92333e-19,  1.88447e-09])
21753   , -79087.9    , array([ 0.0010064  ,  0.23209    ,  5.07459e-32,  1.92526e-19,  1.88447e-09])
21754   , -79087.9    , array([ 0.0010064  ,  0.23209    ,  5.07459e-32,  1.92333e-19,  1.88635e-09])
21755   , -79087.9    , array([ 0.0010064  ,  0.23209    ,  5.07459e-32,  1.92333e-19,  1.88447e-09])
21756   , -79087.9    , array([ 0.0010064  ,  0.23209    ,  5.07459e-32,  1.92333e-19,  1.88447e-09])
21757   , -79087.9    , array([ 0.00100741 ,  0.23209    ,  5.07459e-32,  1.92333e-19,  1.88447e-09])
21758   , -79087.9    , array([ 0.0010064  ,  0.232322   ,  5.07459e-32,  1.92333e-19,  1.88447e-09])
21759   , -79087.9    , array([ 0.0010064  ,  0.23209    ,  5.07967e-32,  1.92333e-19,  1.88447e-09])
21760   , -79087.9    , array([ 0.0010064  ,  0.23209    ,  5.07459e-32,  1.92526e-19,  1.88447e-09])
21761   , -79087.9    , array([ 0.0010064  ,  0.23209    ,  5.07459e-32,  1.92333e-19,  1.88635e-09])
21762   , -79087.9    , array([ 0.0010064  ,  0.23209    ,  5.07459e-32,  1.92333e-19,  1.88447e-09])
21763   , -79087.9    , array([ 0.0010064  ,  0.23209    ,  5.07459e-32,  1.92333e-19,  1.88447e-09])
21764   , -79087.9    , array([ 0.00100741 ,  0.23209    ,  5.07459e-32,  1.92333e-19,  1.88447e-09])
21765   , -79087.9    , array([ 0.0010064  ,  0.232322   ,  5.07459e-32,  1.92333e-19,  1.88447e-09])
21766   , -79087.9    , array([ 0.0010064  ,  0.23209    ,  5.07967e-32,  1.92333e-19,  1.88447e-09])
21767   , -79087.9    , array([ 0.0010064  ,  0.23209    ,  5.07459e-32,  1.92526e-19,  1.88447e-09])
21768   , -79087.9    , array([ 0.0010064  ,  0.23209    ,  5.07459e-32,  1.92333e-19,  1.88635e-09])
21769   , -79087.9    , array([ 0.0010064  ,  0.23209    ,  5.07459e-32,  1.92333e-19,  1.88447e-09])
21770   , -79087.9    , array([ 0.0010064  ,  0.23209    ,  5.07459e-32,  1.92333e-19,  1.88447e-09])
21771   , -79087.9    , array([ 0.00100741 ,  0.23209    ,  5.07459e-32,  1.92333e-19,  1.88447e-09])
21772   , -79087.9    , array([ 0.0010064  ,  0.232322   ,  5.07459e-32,  1.92333e-19,  1.88447e-09])
21773   , -79087.9    , array([ 0.0010064  ,  0.23209    ,  5.07967e-32,  1.92333e-19,  1.88447e-09])
21774   , -79087.9    , array([ 0.0010064  ,  0.23209    ,  5.07459e-32,  1.92526e-19,  1.88447e-09])
21775   , -79087.9    , array([ 0.0010064  ,  0.23209    ,  5.07459e-32,  1.92333e-19,  1.88635e-09])
21776   , -79087.9    , array([ 0.0010064  ,  0.23209    ,  5.07459e-32,  1.92333e-19,  1.88447e-09])
21777   , -79087.9    , array([ 0.0010064  ,  0.23209    ,  5.07459e-32,  1.92333e-19,  1.88447e-09])
21778   , -79087.9    , array([ 0.00100741 ,  0.23209    ,  5.07459e-32,  1.92333e-19,  1.88447e-09])
21779   , -79087.9    , array([ 0.0010064  ,  0.232322   ,  5.07459e-32,  1.92333e-19,  1.88447e-09])
21780   , -79087.9    , array([ 0.0010064  ,  0.23209    ,  5.07967e-32,  1.92333e-19,  1.88447e-09])
21781   , -79087.9    , array([ 0.0010064  ,  0.23209    ,  5.07459e-32,  1.92526e-19,  1.88447e-09])
21782   , -79087.9    , array([ 0.0010064  ,  0.23209    ,  5.07459e-32,  1.92333e-19,  1.88635e-09])
21783   , -79087.9    , array([ 0.0010064  ,  0.23209    ,  5.07459e-32,  1.92333e-19,  1.88447e-09])
21784   , -79087.9    , array([ 0.0010064  ,  0.23209    ,  5.07459e-32,  1.92333e-19,  1.88447e-09])
21785   , -79087.9    , array([ 0.00100741 ,  0.23209    ,  5.07459e-32,  1.92333e-19,  1.88447e-09])
21786   , -79087.9    , array([ 0.0010064  ,  0.232322   ,  5.07459e-32,  1.92333e-19,  1.88447e-09])
21787   , -79087.9    , array([ 0.0010064  ,  0.23209    ,  5.07967e-32,  1.92333e-19,  1.88447e-09])
21788   , -79087.9    , array([ 0.0010064  ,  0.23209    ,  5.07459e-32,  1.92526e-19,  1.88447e-09])
21789   , -79087.9    , array([ 0.0010064  ,  0.23209    ,  5.07459e-32,  1.92333e-19,  1.88635e-09])
21790   , -79087.9    , array([ 0.0010064  ,  0.23209    ,  5.07459e-32,  1.92333e-19,  1.88447e-09])
21791   , -79087.9    , array([ 0.0010064  ,  0.23209    ,  5.07459e-32,  1.92333e-19,  1.88447e-09])
21792   , -79087.9    , array([ 0.00100741 ,  0.23209    ,  5.07459e-32,  1.92333e-19,  1.88447e-09])
21793   , -79087.9    , array([ 0.0010064  ,  0.232322   ,  5.07459e-32,  1.92333e-19,  1.88447e-09])
21794   , -79087.9    , array([ 0.0010064  ,  0.23209    ,  5.07967e-32,  1.92333e-19,  1.88447e-09])
21795   , -79087.9    , array([ 0.0010064  ,  0.23209    ,  5.07459e-32,  1.92526e-19,  1.88447e-09])
21796   , -79087.9    , array([ 0.0010064  ,  0.23209    ,  5.07459e-32,  1.92333e-19,  1.88635e-09])
21797   , -79087.9    , array([ 0.0010064  ,  0.23209    ,  5.07459e-32,  1.92333e-19,  1.88447e-09])
21798   , -79087.9    , array([ 0.0010064  ,  0.23209    ,  5.07459e-32,  1.92333e-19,  1.88447e-09])
21799   , -79087.9    , array([ 0.00100741 ,  0.23209    ,  5.07459e-32,  1.92333e-19,  1.88447e-09])
21800   , -79087.9    , array([ 0.0010064  ,  0.232322   ,  5.07459e-32,  1.92333e-19,  1.88447e-09])
21801   , -79087.9    , array([ 0.0010064  ,  0.23209    ,  5.07967e-32,  1.92333e-19,  1.88447e-09])
21802   , -79087.9    , array([ 0.0010064  ,  0.23209    ,  5.07459e-32,  1.92526e-19,  1.88447e-09])
21803   , -79087.9    , array([ 0.0010064  ,  0.23209    ,  5.07459e-32,  1.92333e-19,  1.88635e-09])
21804   , -79087.9    , array([ 0.0010064  ,  0.23209    ,  5.07459e-32,  1.92333e-19,  1.88447e-09])
21805   , -79087.9    , array([ 0.0010064  ,  0.23209    ,  5.07459e-32,  1.92333e-19,  1.88447e-09])
21806   , -79087.9    , array([ 0.00100741 ,  0.23209    ,  5.07459e-32,  1.92333e-19,  1.88447e-09])
21807   , -79087.9    , array([ 0.0010064  ,  0.232322   ,  5.07459e-32,  1.92333e-19,  1.88447e-09])
21808   , -79087.9    , array([ 0.0010064  ,  0.23209    ,  5.07967e-32,  1.92333e-19,  1.88447e-09])
21809   , -79087.9    , array([ 0.0010064  ,  0.23209    ,  5.07459e-32,  1.92526e-19,  1.88447e-09])
21810   , -79087.9    , array([ 0.0010064  ,  0.23209    ,  5.07459e-32,  1.92333e-19,  1.88635e-09])
21811   , -79087.9    , array([ 0.0010064  ,  0.23209    ,  5.07459e-32,  1.92333e-19,  1.88447e-09])
21812   , -79087.9    , array([ 0.0010064  ,  0.23209    ,  5.07459e-32,  1.92333e-19,  1.88447e-09])
21813   , -79087.9    , array([ 0.00100741 ,  0.23209    ,  5.07459e-32,  1.92333e-19,  1.88447e-09])
21814   , -79087.9    , array([ 0.0010064  ,  0.232322   ,  5.07459e-32,  1.92333e-19,  1.88447e-09])
21815   , -79087.9    , array([ 0.0010064  ,  0.23209    ,  5.07967e-32,  1.92333e-19,  1.88447e-09])
21816   , -79087.9    , array([ 0.0010064  ,  0.23209    ,  5.07459e-32,  1.92526e-19,  1.88447e-09])
21817   , -79087.9    , array([ 0.0010064  ,  0.23209    ,  5.07459e-32,  1.92333e-19,  1.88635e-09])
21818   , -79087.9    , array([ 0.0010064  ,  0.23209    ,  5.07459e-32,  1.92333e-19,  1.88447e-09])
21819   , -79087.9    , array([ 0.0010064  ,  0.23209    ,  5.07459e-32,  1.92333e-19,  1.88447e-09])
21820   , -79087.9    , array([ 0.00100741 ,  0.23209    ,  5.07459e-32,  1.92333e-19,  1.88447e-09])
21821   , -79087.9    , array([ 0.0010064  ,  0.232322   ,  5.07459e-32,  1.92333e-19,  1.88447e-09])
21822   , -79087.9    , array([ 0.0010064  ,  0.23209    ,  5.07967e-32,  1.92333e-19,  1.88447e-09])
21823   , -79087.9    , array([ 0.0010064  ,  0.23209    ,  5.07459e-32,  1.92526e-19,  1.88447e-09])
21824   , -79087.9    , array([ 0.0010064  ,  0.23209    ,  5.07459e-32,  1.92333e-19,  1.88635e-09])
21825   , -79087.9    , array([ 0.0010064  ,  0.23209    ,  5.07459e-32,  1.92333e-19,  1.88447e-09])
21826   , -79087.9    , array([ 0.0010064  ,  0.23209    ,  5.07459e-32,  1.92333e-19,  1.88447e-09])
21827   , -79087.9    , array([ 0.00100741 ,  0.23209    ,  5.07459e-32,  1.92333e-19,  1.88447e-09])
21828   , -79087.9    , array([ 0.0010064  ,  0.232322   ,  5.07459e-32,  1.92333e-19,  1.88447e-09])
21829   , -79087.9    , array([ 0.0010064  ,  0.23209    ,  5.07967e-32,  1.92333e-19,  1.88447e-09])
21830   , -79087.9    , array([ 0.0010064  ,  0.23209    ,  5.07459e-32,  1.92526e-19,  1.88447e-09])
21831   , -79087.9    , array([ 0.0010064  ,  0.23209    ,  5.07459e-32,  1.92333e-19,  1.88635e-09])
21832   , -79087.9    , array([ 0.0010064  ,  0.23209    ,  5.07459e-32,  1.92333e-19,  1.88447e-09])
21833   , -79087.9    , array([ 0.0010064  ,  0.23209    ,  5.07459e-32,  1.92333e-19,  1.88447e-09])
21834   , -79087.9    , array([ 0.00100741 ,  0.23209    ,  5.07459e-32,  1.92333e-19,  1.88447e-09])
21835   , -79087.9    , array([ 0.0010064  ,  0.232322   ,  5.07459e-32,  1.92333e-19,  1.88447e-09])
21836   , -79087.9    , array([ 0.0010064  ,  0.23209    ,  5.07967e-32,  1.92333e-19,  1.88447e-09])
21837   , -79087.9    , array([ 0.0010064  ,  0.23209    ,  5.07459e-32,  1.92526e-19,  1.88447e-09])
21838   , -79087.9    , array([ 0.0010064  ,  0.23209    ,  5.07459e-32,  1.92333e-19,  1.88635e-09])
21839   , -79089.3    , array([ 0.00315709 ,  0.237969   ,  5.07459e-32,  1.92333e-19,  5.85146e-10])
21840   , -79089.3    , array([ 0.00315709 ,  0.237969   ,  5.07459e-32,  1.92333e-19,  5.85146e-10])
21841   , -79089.3    , array([ 0.00316025 ,  0.237969   ,  5.07459e-32,  1.92333e-19,  5.85146e-10])
21842   , -79089.3    , array([ 0.00315709 ,  0.238207   ,  5.07459e-32,  1.92333e-19,  5.85146e-10])
21843   , -79089.3    , array([ 0.00315709 ,  0.237969   ,  5.07967e-32,  1.92333e-19,  5.85146e-10])
21844   , -79089.3    , array([ 0.00315709 ,  0.237969   ,  5.07459e-32,  1.92526e-19,  5.85146e-10])
21845   , -79089.3    , array([ 0.00315709 ,  0.237969   ,  5.07459e-32,  1.92333e-19,  5.85731e-10])
21846   , -79089.3    , array([ 0.00280904 ,  0.237361   ,  5.07459e-32,  1.92333e-19,  6.59415e-10])
21847   , -79089.3    , array([ 0.00280904 ,  0.237361   ,  5.07459e-32,  1.92333e-19,  6.59415e-10])
21848   , -79089.3    , array([ 0.00281185 ,  0.237361   ,  5.07459e-32,  1.92333e-19,  6.59415e-10])
21849   , -79089.3    , array([ 0.00280904 ,  0.237599   ,  5.07459e-32,  1.92333e-19,  6.59415e-10])
21850   , -79089.3    , array([ 0.00280904 ,  0.237361   ,  5.07967e-32,  1.92333e-19,  6.59415e-10])
21851   , -79089.3    , array([ 0.00280904 ,  0.237361   ,  5.07459e-32,  1.92526e-19,  6.59415e-10])
21852   , -79089.3    , array([ 0.00280904 ,  0.237361   ,  5.07459e-32,  1.92333e-19,  6.60075e-10])
21853   , -79089.1    , array([ 0.00222382 ,  0.236151   ,  5.07459e-32,  1.92333e-19,  8.3743e-10 ])
21854   , -79089.1    , array([ 0.00222382 ,  0.236151   ,  5.07459e-32,  1.92333e-19,  8.3743e-10 ])
21855   , -79089.1    , array([ 0.00222604 ,  0.236151   ,  5.07459e-32,  1.92333e-19,  8.3743e-10 ])
21856   , -79089.1    , array([ 0.00222382 ,  0.236387   ,  5.07459e-32,  1.92333e-19,  8.3743e-10 ])
21857   , -79089.1    , array([ 0.00222382 ,  0.236151   ,  5.07967e-32,  1.92333e-19,  8.3743e-10 ])
21858   , -79089.1    , array([ 0.00222382 ,  0.236151   ,  5.07459e-32,  1.92526e-19,  8.3743e-10 ])
21859   , -79089.1    , array([ 0.00222382 ,  0.236151   ,  5.07459e-32,  1.92333e-19,  8.38268e-10])
21860   , -79088.7    , array([ 0.00139374 ,  0.233749   ,  5.07459e-32,  1.92333e-19,  1.3506e-09 ])
21861   , -79088.7    , array([ 0.00139374 ,  0.233749   ,  5.07459e-32,  1.92333e-19,  1.3506e-09 ])
21862   , -79088.7    , array([ 0.00139514 ,  0.233749   ,  5.07459e-32,  1.92333e-19,  1.3506e-09 ])
21863   , -79088.7    , array([ 0.00139374 ,  0.233983   ,  5.07459e-32,  1.92333e-19,  1.3506e-09 ])
21864   , -79088.7    , array([ 0.00139374 ,  0.233749   ,  5.07967e-32,  1.92333e-19,  1.3506e-09 ])
21865   , -79088.7    , array([ 0.00139374 ,  0.233749   ,  5.07459e-32,  1.92526e-19,  1.3506e-09 ])
21866   , -79088.7    , array([ 0.00139374 ,  0.233749   ,  5.07459e-32,  1.92333e-19,  1.35195e-09])
21869   , -79088.2    , array([ 0.00110338 ,  0.232557   ,  5.07459e-32,  1.92333e-19,  1.71521e-09])
21870   , -79088.2    , array([ 0.00110338 ,  0.232557   ,  5.07459e-32,  1.92333e-19,  1.71521e-09])
21871   , -79088.2    , array([ 0.00110448 ,  0.232557   ,  5.07459e-32,  1.92333e-19,  1.71521e-09])
21872   , -79088.2    , array([ 0.00110338 ,  0.23279    ,  5.07459e-32,  1.92333e-19,  1.71521e-09])
21873   , -79088.2    , array([ 0.00110338 ,  0.232557   ,  5.07967e-32,  1.92333e-19,  1.71521e-09])
21874   , -79088.2    , array([ 0.00110338 ,  0.232557   ,  5.07459e-32,  1.92526e-19,  1.71521e-09])
21875   , -79088.2    , array([ 0.00110338 ,  0.232557   ,  5.07459e-32,  1.92333e-19,  1.71693e-09])
21877   , -79088      , array([ 0.00104078 ,  0.23226    ,  5.07459e-32,  1.92333e-19,  1.82081e-09])
21878   , -79088      , array([ 0.00104078 ,  0.23226    ,  5.07459e-32,  1.92333e-19,  1.82081e-09])
21879   , -79088      , array([ 0.00104182 ,  0.23226    ,  5.07459e-32,  1.92333e-19,  1.82081e-09])
21880   , -79088      , array([ 0.00104078 ,  0.232493   ,  5.07459e-32,  1.92333e-19,  1.82081e-09])
21881   , -79088      , array([ 0.00104078 ,  0.23226    ,  5.07967e-32,  1.92333e-19,  1.82081e-09])
21882   , -79088      , array([ 0.00104078 ,  0.23226    ,  5.07459e-32,  1.92526e-19,  1.82081e-09])
21883   , -79088      , array([ 0.00104078 ,  0.23226    ,  5.07459e-32,  1.92333e-19,  1.82263e-09])
21884   , -79088      , array([ 0.00101083 ,  0.232112   ,  5.07459e-32,  1.92333e-19,  1.87602e-09])
21885   , -79088      , array([ 0.00101083 ,  0.232112   ,  5.07459e-32,  1.92333e-19,  1.87602e-09])
21886   , -79088      , array([ 0.00101184 ,  0.232112   ,  5.07459e-32,  1.92333e-19,  1.87602e-09])
21887   , -79088      , array([ 0.00101083 ,  0.232344   ,  5.07459e-32,  1.92333e-19,  1.87602e-09])
21888   , -79088      , array([ 0.00101083 ,  0.232112   ,  5.07967e-32,  1.92333e-19,  1.87602e-09])
21889   , -79088      , array([ 0.00101083 ,  0.232112   ,  5.07459e-32,  1.92526e-19,  1.87602e-09])
21890   , -79088      , array([ 0.00101083 ,  0.232112   ,  5.07459e-32,  1.92333e-19,  1.8779e-09 ])
21892   , -79087.9    , array([ 0.00100348 ,  0.232075   ,  5.07459e-32,  1.92333e-19,  1.89009e-09])
21893   , -79087.9    , array([ 0.00100348 ,  0.232075   ,  5.07459e-32,  1.92333e-19,  1.89009e-09])
21894   , -79087.9    , array([ 0.00100448 ,  0.232075   ,  5.07459e-32,  1.92333e-19,  1.89009e-09])
21895   , -79087.9    , array([ 0.00100348 ,  0.232307   ,  5.07459e-32,  1.92333e-19,  1.89009e-09])
21896   , -79087.9    , array([ 0.00100348 ,  0.232075   ,  5.07967e-32,  1.92333e-19,  1.89009e-09])
21897   , -79087.9    , array([ 0.00100348 ,  0.232075   ,  5.07459e-32,  1.92526e-19,  1.89009e-09])
21898   , -79087.9    , array([ 0.00100348 ,  0.232075   ,  5.07459e-32,  1.92333e-19,  1.89198e-09])
21900   , -79087.9    , array([ 0.00100165 ,  0.232066   ,  5.07459e-32,  1.92333e-19,  1.89362e-09])
21901   , -79087.9    , array([ 0.00100165 ,  0.232066   ,  5.07459e-32,  1.92333e-19,  1.89362e-09])
21902   , -79087.9    , array([ 0.00100265 ,  0.232066   ,  5.07459e-32,  1.92333e-19,  1.89362e-09])
21903   , -79087.9    , array([ 0.00100165 ,  0.232298   ,  5.07459e-32,  1.92333e-19,  1.89362e-09])
21904   , -79087.9    , array([ 0.00100165 ,  0.232066   ,  5.07967e-32,  1.92333e-19,  1.89362e-09])
21905   , -79087.9    , array([ 0.00100165 ,  0.232066   ,  5.07459e-32,  1.92526e-19,  1.89362e-09])
21906   , -79087.9    , array([ 0.00100165 ,  0.232066   ,  5.07459e-32,  1.92333e-19,  1.89551e-09])
21907   , -79087.9    , array([ 0.00100073 ,  0.232061   ,  5.07459e-32,  1.92333e-19,  1.89539e-09])
21908   , -79087.9    , array([ 0.00100073 ,  0.232061   ,  5.07459e-32,  1.92333e-19,  1.89539e-09])
21909   , -79087.9    , array([ 0.00100173 ,  0.232061   ,  5.07459e-32,  1.92333e-19,  1.89539e-09])
21910   , -79087.9    , array([ 0.00100073 ,  0.232293   ,  5.07459e-32,  1.92333e-19,  1.89539e-09])
21911   , -79087.9    , array([ 0.00100073 ,  0.232061   ,  5.07967e-32,  1.92333e-19,  1.89539e-09])
21912   , -79087.9    , array([ 0.00100073 ,  0.232061   ,  5.07459e-32,  1.92526e-19,  1.89539e-09])
21913   , -79087.9    , array([ 0.00100073 ,  0.232061   ,  5.07459e-32,  1.92333e-19,  1.89728e-09])
21914   , -79087.9    , array([ 0.00100028 ,  0.232059   ,  5.07459e-32,  1.92333e-19,  1.89627e-09])
21915   , -79087.9    , array([ 0.00100028 ,  0.232059   ,  5.07459e-32,  1.92333e-19,  1.89627e-09])
21916   , -79087.9    , array([ 0.00100128 ,  0.232059   ,  5.07459e-32,  1.92333e-19,  1.89627e-09])
21917   , -79087.9    , array([ 0.00100028 ,  0.232291   ,  5.07459e-32,  1.92333e-19,  1.89627e-09])
21918   , -79087.9    , array([ 0.00100028 ,  0.232059   ,  5.07967e-32,  1.92333e-19,  1.89627e-09])
21919   , -79087.9    , array([ 0.00100028 ,  0.232059   ,  5.07459e-32,  1.92526e-19,  1.89627e-09])
21920   , -79087.9    , array([ 0.00100028 ,  0.232059   ,  5.07459e-32,  1.92333e-19,  1.89817e-09])
