237526  , -79089.4    , array([ 0.757403   ,  0.888551   ,  1.48511e-71,  9.0377e-58 ,  1.23021e-09])
237527  , -79089.4    , array([ 0.758161   ,  0.888551   ,  1.48511e-71,  9.0377e-58 ,  1.23021e-09])
237528  , -79089.4    , array([ 0.757403   ,  0.88944    ,  1.48511e-71,  9.0377e-58 ,  1.23021e-09])
237529  , -79089.4    , array([ 0.757403   ,  0.888551   ,  1.4866e-71 ,  9.0377e-58 ,  1.23021e-09])
237530  , -79089.4    , array([ 0.757403   ,  0.888551   ,  1.48511e-71,  9.04674e-58,  1.23021e-09])
237531  , -79089.4    , array([ 0.757403   ,  0.888551   ,  1.48511e-71,  9.0377e-58 ,  1.23144e-09])
237532  , -79089.4    , array([ 0.757403   ,  0.888551   ,  1.48511e-71,  9.0377e-58 ,  1.23021e-09])
237533  , -79089.4    , array([ 0.756422   ,  0.887108   ,  1.48511e-71,  9.0377e-58 ,  1.23384e-09])
237534  , -79089.4    , array([ 0.756422   ,  0.887108   ,  1.48511e-71,  9.0377e-58 ,  1.23384e-09])
237535  , -79089.4    , array([ 0.757179   ,  0.887108   ,  1.48511e-71,  9.0377e-58 ,  1.23384e-09])
237536  , -79089.4    , array([ 0.756422   ,  0.887995   ,  1.48511e-71,  9.0377e-58 ,  1.23384e-09])
237537  , -79089.4    , array([ 0.756422   ,  0.887108   ,  1.4866e-71 ,  9.0377e-58 ,  1.23384e-09])
237538  , -79089.4    , array([ 0.756422   ,  0.887108   ,  1.48511e-71,  9.04674e-58,  1.23384e-09])
237539  , -79089.4    , array([ 0.756422   ,  0.887108   ,  1.48511e-71,  9.0377e-58 ,  1.23507e-09])
237540  , -79089.4    , array([ 0.752509   ,  0.881357   ,  1.48511e-71,  9.0377e-58 ,  1.24846e-09])
237541  , -79089.4    , array([ 0.752509   ,  0.881357   ,  1.48511e-71,  9.0377e-58 ,  1.24846e-09])
237542  , -79089.4    , array([ 0.753262   ,  0.881357   ,  1.48511e-71,  9.0377e-58 ,  1.24846e-09])
237543  , -79089.4    , array([ 0.752509   ,  0.882239   ,  1.48511e-71,  9.0377e-58 ,  1.24846e-09])
237544  , -79089.4    , array([ 0.752509   ,  0.881357   ,  1.4866e-71 ,  9.0377e-58 ,  1.24846e-09])
237545  , -79089.4    , array([ 0.752509   ,  0.881357   ,  1.48511e-71,  9.04674e-58,  1.24846e-09])
237546  , -79089.4    , array([ 0.752509   ,  0.881357   ,  1.48511e-71,  9.0377e-58 ,  1.24971e-09])
237547  , -79089.4    , array([ 0.737059   ,  0.858724   ,  1.48511e-71,  9.0377e-58 ,  1.30872e-09])
237548  , -79089.4    , array([ 0.737059   ,  0.858724   ,  1.48511e-71,  9.0377e-58 ,  1.30872e-09])
237549  , -79089.4    , array([ 0.737796   ,  0.858724   ,  1.48511e-71,  9.0377e-58 ,  1.30872e-09])
237550  , -79089.4    , array([ 0.737059   ,  0.859584   ,  1.48511e-71,  9.0377e-58 ,  1.30872e-09])
237551  , -79089.4    , array([ 0.737059   ,  0.858724   ,  1.4866e-71 ,  9.0377e-58 ,  1.30872e-09])
237552  , -79089.4    , array([ 0.737059   ,  0.858724   ,  1.48511e-71,  9.04674e-58,  1.30872e-09])
237553  , -79089.4    , array([ 0.737059   ,  0.858724   ,  1.48511e-71,  9.0377e-58 ,  1.31003e-09])
237554  , -79089.4    , array([ 0.678366   ,  0.773859   ,  1.48511e-71,  9.0377e-58 ,  1.58027e-09])
237555  , -79089.4    , array([ 0.678366   ,  0.773859   ,  1.48511e-71,  9.0377e-58 ,  1.58027e-09])
237556  , -79089.4    , array([ 0.679045   ,  0.773859   ,  1.48511e-71,  9.0377e-58 ,  1.58027e-09])
237557  , -79089.4    , array([ 0.678366   ,  0.774633   ,  1.48511e-71,  9.0377e-58 ,  1.58027e-09])
237558  , -79089.4    , array([ 0.678366   ,  0.773859   ,  1.4866e-71 ,  9.0377e-58 ,  1.58027e-09])
237559  , -79089.4    , array([ 0.678366   ,  0.773859   ,  1.48511e-71,  9.04674e-58,  1.58027e-09])
237560  , -79089.4    , array([ 0.678366   ,  0.773859   ,  1.48511e-71,  9.0377e-58 ,  1.58185e-09])
237561  , -79089.4    , array([ 0.486756   ,  0.51038    ,  1.48511e-71,  9.0377e-58 ,  3.35946e-09])
237562  , -79089.4    , array([ 0.486756   ,  0.51038    ,  1.48511e-71,  9.0377e-58 ,  3.35946e-09])
237563  , -79089.4    , array([ 0.487243   ,  0.51038    ,  1.48511e-71,  9.0377e-58 ,  3.35946e-09])
237564  , -79089.4    , array([ 0.486756   ,  0.510891   ,  1.48511e-71,  9.0377e-58 ,  3.35946e-09])
237565  , -79089.4    , array([ 0.486756   ,  0.51038    ,  1.4866e-71 ,  9.0377e-58 ,  3.35946e-09])
237566  , -79089.4    , array([ 0.486756   ,  0.51038    ,  1.48511e-71,  9.04674e-58,  3.35946e-09])
237567  , -79089.4    , array([ 0.486756   ,  0.51038    ,  1.48511e-71,  9.0377e-58 ,  3.36282e-09])
237568  , -79088.2    , array([ 0.129033   ,  0.0965652  ,  1.48511e-71,  9.0377e-58 ,  6.86156e-08])
237569  , -79088.2    , array([ 0.129033   ,  0.0965652  ,  1.48511e-71,  9.0377e-58 ,  6.86156e-08])
237570  , -79088.2    , array([ 0.129162   ,  0.0965652  ,  1.48511e-71,  9.0377e-58 ,  6.86156e-08])
237571  , -79088.2    , array([ 0.129033   ,  0.0966619  ,  1.48511e-71,  9.0377e-58 ,  6.86156e-08])
237572  , -79088.2    , array([ 0.129033   ,  0.0965652  ,  1.4866e-71 ,  9.0377e-58 ,  6.86156e-08])
237573  , -79088.2    , array([ 0.129033   ,  0.0965652  ,  1.48511e-71,  9.04674e-58,  6.86156e-08])
237574  , -79088.2    , array([ 0.129033   ,  0.0965652  ,  1.48511e-71,  9.0377e-58 ,  6.86843e-08])
237582  , -79088.2    , array([ 0.129033   ,  0.0965652  ,  1.48511e-71,  9.0377e-58 ,  6.86157e-08])
237583  , -79088.2    , array([ 0.129033   ,  0.0965652  ,  1.48511e-71,  9.0377e-58 ,  6.86157e-08])
237584  , -79088.2    , array([ 0.129162   ,  0.0965652  ,  1.48511e-71,  9.0377e-58 ,  6.86157e-08])
237585  , -79088.2    , array([ 0.129033   ,  0.0966618  ,  1.48511e-71,  9.0377e-58 ,  6.86157e-08])
237586  , -79088.2    , array([ 0.129033   ,  0.0965652  ,  1.4866e-71 ,  9.0377e-58 ,  6.86157e-08])
237587  , -79088.2    , array([ 0.129033   ,  0.0965652  ,  1.48511e-71,  9.04674e-58,  6.86157e-08])
237588  , -79088.2    , array([ 0.129033   ,  0.0965652  ,  1.48511e-71,  9.0377e-58 ,  6.86843e-08])
237589  , -79088.2    , array([ 0.129033   ,  0.0965652  ,  1.48511e-71,  9.0377e-58 ,  6.86157e-08])
237590  , -79088.2    , array([ 0.129033   ,  0.0965652  ,  1.48511e-71,  9.0377e-58 ,  6.86157e-08])
237591  , -79088.2    , array([ 0.129162   ,  0.0965652  ,  1.48511e-71,  9.0377e-58 ,  6.86157e-08])
237592  , -79088.2    , array([ 0.129033   ,  0.0966618  ,  1.48511e-71,  9.0377e-58 ,  6.86157e-08])
237593  , -79088.2    , array([ 0.129033   ,  0.0965652  ,  1.4866e-71 ,  9.0377e-58 ,  6.86157e-08])
237594  , -79088.2    , array([ 0.129033   ,  0.0965652  ,  1.48511e-71,  9.04674e-58,  6.86157e-08])
237595  , -79088.2    , array([ 0.129033   ,  0.0965652  ,  1.48511e-71,  9.0377e-58 ,  6.86843e-08])
237596  , -68094.5    , array([ 0.00906738 ,  0.00345681 ,  1.48511e-71,  9.0377e-58 ,  2.8624e-05 ])
237597  , -68094.5    , array([ 0.00906738 ,  0.00345681 ,  1.48511e-71,  9.0377e-58 ,  2.8624e-05 ])
237598  , -68096.4    , array([ 0.00907645 ,  0.00345681 ,  1.48511e-71,  9.0377e-58 ,  2.8624e-05 ])
237599  , -68102.4    , array([ 0.00906738 ,  0.00346027 ,  1.48511e-71,  9.0377e-58 ,  2.8624e-05 ])
237600  , -68094.5    , array([ 0.00906738 ,  0.00345681 ,  1.4866e-71 ,  9.0377e-58 ,  2.8624e-05 ])
237601  , -68094.5    , array([ 0.00906738 ,  0.00345681 ,  1.48511e-71,  9.04674e-58,  2.8624e-05 ])
237602  , -68084.6    , array([ 0.00906738 ,  0.00345681 ,  1.48511e-71,  9.0377e-58 ,  2.86526e-05])
237603  , -68080.6    , array([ 0.00906372 ,  0.00345506 ,  1.48511e-71,  9.0377e-58 ,  2.86502e-05])
237604  , -68080.6    , array([ 0.00906372 ,  0.00345506 ,  1.48511e-71,  9.0377e-58 ,  2.86502e-05])
237605  , -68082.6    , array([ 0.00907279 ,  0.00345506 ,  1.48511e-71,  9.0377e-58 ,  2.86502e-05])
237606  , -68088.6    , array([ 0.00906372 ,  0.00345852 ,  1.48511e-71,  9.0377e-58 ,  2.86502e-05])
237607  , -68080.6    , array([ 0.00906372 ,  0.00345506 ,  1.4866e-71 ,  9.0377e-58 ,  2.86502e-05])
237608  , -68080.6    , array([ 0.00906372 ,  0.00345506 ,  1.48511e-71,  9.04674e-58,  2.86502e-05])
237609  , -68070.8    , array([ 0.00906372 ,  0.00345506 ,  1.48511e-71,  9.0377e-58 ,  2.86789e-05])
237610  , -68066.8    , array([ 0.00906007 ,  0.00345331 ,  1.48511e-71,  9.0377e-58 ,  2.86765e-05])
237611  , -68066.8    , array([ 0.00906007 ,  0.00345331 ,  1.48511e-71,  9.0377e-58 ,  2.86765e-05])
237612  , -68068.7    , array([ 0.00906913 ,  0.00345331 ,  1.48511e-71,  9.0377e-58 ,  2.86765e-05])
237613  , -68074.7    , array([ 0.00906007 ,  0.00345677 ,  1.48511e-71,  9.0377e-58 ,  2.86765e-05])
237614  , -68066.8    , array([ 0.00906007 ,  0.00345331 ,  1.4866e-71 ,  9.0377e-58 ,  2.86765e-05])
237615  , -68066.8    , array([ 0.00906007 ,  0.00345331 ,  1.48511e-71,  9.04674e-58,  2.86765e-05])
237616  , -68056.9    , array([ 0.00906007 ,  0.00345331 ,  1.48511e-71,  9.0377e-58 ,  2.87052e-05])
237624  , -68063.3    , array([ 0.00905915 ,  0.00345288 ,  1.48511e-71,  9.0377e-58 ,  2.86831e-05])
237625  , -68063.3    , array([ 0.00905915 ,  0.00345288 ,  1.48511e-71,  9.0377e-58 ,  2.86831e-05])
237626  , -68065.2    , array([ 0.00906822 ,  0.00345288 ,  1.48511e-71,  9.0377e-58 ,  2.86831e-05])
237627  , -68071.3    , array([ 0.00905915 ,  0.00345633 ,  1.48511e-71,  9.0377e-58 ,  2.86831e-05])
237628  , -68063.3    , array([ 0.00905915 ,  0.00345288 ,  1.4866e-71 ,  9.0377e-58 ,  2.86831e-05])
237629  , -68063.3    , array([ 0.00905915 ,  0.00345288 ,  1.48511e-71,  9.04674e-58,  2.86831e-05])
237630  , -68053.4    , array([ 0.00905915 ,  0.00345288 ,  1.48511e-71,  9.0377e-58 ,  2.87118e-05])
237631  , -68059.8    , array([ 0.00905824 ,  0.00345244 ,  1.48511e-71,  9.0377e-58 ,  2.86897e-05])
237632  , -68059.8    , array([ 0.00905824 ,  0.00345244 ,  1.48511e-71,  9.0377e-58 ,  2.86897e-05])
237633  , -68061.8    , array([ 0.0090673  ,  0.00345244 ,  1.48511e-71,  9.0377e-58 ,  2.86897e-05])
237634  , -68067.8    , array([ 0.00905824 ,  0.00345589 ,  1.48511e-71,  9.0377e-58 ,  2.86897e-05])
237635  , -68059.8    , array([ 0.00905824 ,  0.00345244 ,  1.4866e-71 ,  9.0377e-58 ,  2.86897e-05])
237636  , -68059.8    , array([ 0.00905824 ,  0.00345244 ,  1.48511e-71,  9.04674e-58,  2.86897e-05])
237637  , -68049.9    , array([ 0.00905824 ,  0.00345244 ,  1.48511e-71,  9.0377e-58 ,  2.87184e-05])
237638  , -22815.9    , array([ 0.0046652  ,  0.00150229 ,  1.48511e-71,  9.0377e-58 ,  0.00012957 ])
237639  , -22815.9    , array([ 0.0046652  ,  0.00150229 ,  1.48511e-71,  9.0377e-58 ,  0.00012957 ])
237640  , -22817.3    , array([ 0.00466987 ,  0.00150229 ,  1.48511e-71,  9.0377e-58 ,  0.00012957 ])
237641  , -22837.9    , array([ 0.0046652  ,  0.0015038  ,  1.48511e-71,  9.0377e-58 ,  0.00012957 ])
237642  , -22815.9    , array([ 0.0046652  ,  0.00150229 ,  1.4866e-71 ,  9.0377e-58 ,  0.00012957 ])
237643  , -22815.9    , array([ 0.0046652  ,  0.00150229 ,  1.48511e-71,  9.04674e-58,  0.00012957 ])
237644  , -22792.4    , array([ 0.0046652  ,  0.00150229 ,  1.48511e-71,  9.0377e-58 ,  0.000129699])
237645  , -22810.9    , array([ 0.00466492 ,  0.00150218 ,  1.48511e-71,  9.0377e-58 ,  0.000129588])
237646  , -22810.9    , array([ 0.00466492 ,  0.00150218 ,  1.48511e-71,  9.0377e-58 ,  0.000129588])
237647  , -22812.3    , array([ 0.00466958 ,  0.00150218 ,  1.48511e-71,  9.0377e-58 ,  0.000129588])
237648  , -22832.9    , array([ 0.00466492 ,  0.00150368 ,  1.48511e-71,  9.0377e-58 ,  0.000129588])
237649  , -22810.9    , array([ 0.00466492 ,  0.00150218 ,  1.4866e-71 ,  9.0377e-58 ,  0.000129588])
237650  , -22810.9    , array([ 0.00466492 ,  0.00150218 ,  1.48511e-71,  9.04674e-58,  0.000129588])
237651  , -22787.5    , array([ 0.00466492 ,  0.00150218 ,  1.48511e-71,  9.0377e-58 ,  0.000129717])
237652  , -22618      , array([ 0.00465398 ,  0.00149776 ,  1.48511e-71,  9.0377e-58 ,  0.00013028 ])
237653  , -22618      , array([ 0.00465398 ,  0.00149776 ,  1.48511e-71,  9.0377e-58 ,  0.00013028 ])
237654  , -22619.4    , array([ 0.00465864 ,  0.00149776 ,  1.48511e-71,  9.0377e-58 ,  0.00013028 ])
237655  , -22640      , array([ 0.00465398 ,  0.00149926 ,  1.48511e-71,  9.0377e-58 ,  0.00013028 ])
237656  , -22618      , array([ 0.00465398 ,  0.00149776 ,  1.4866e-71 ,  9.0377e-58 ,  0.00013028 ])
237657  , -22618      , array([ 0.00465398 ,  0.00149776 ,  1.48511e-71,  9.04674e-58,  0.00013028 ])
237658  , -22594.7    , array([ 0.00465398 ,  0.00149776 ,  1.48511e-71,  9.0377e-58 ,  0.000130411])
237666  , -22616.8    , array([ 0.00465392 ,  0.00149774 ,  1.48511e-71,  9.0377e-58 ,  0.000130285])
237667  , -22616.8    , array([ 0.00465392 ,  0.00149774 ,  1.48511e-71,  9.0377e-58 ,  0.000130285])
237668  , -22618.2    , array([ 0.00465857 ,  0.00149774 ,  1.48511e-71,  9.0377e-58 ,  0.000130285])
237669  , -22638.8    , array([ 0.00465392 ,  0.00149924 ,  1.48511e-71,  9.0377e-58 ,  0.000130285])
237670  , -22616.8    , array([ 0.00465392 ,  0.00149774 ,  1.4866e-71 ,  9.0377e-58 ,  0.000130285])
237671  , -22616.8    , array([ 0.00465392 ,  0.00149774 ,  1.48511e-71,  9.04674e-58,  0.000130285])
237672  , -22593.4    , array([ 0.00465392 ,  0.00149774 ,  1.48511e-71,  9.0377e-58 ,  0.000130415])
237673  , -22569.5    , array([ 0.00465123 ,  0.00149665 ,  1.48511e-71,  9.0377e-58 ,  0.000130456])
237674  , -22569.5    , array([ 0.00465123 ,  0.00149665 ,  1.48511e-71,  9.0377e-58 ,  0.000130456])
237675  , -22570.8    , array([ 0.00465588 ,  0.00149665 ,  1.48511e-71,  9.0377e-58 ,  0.000130456])
237676  , -22591.5    , array([ 0.00465123 ,  0.00149815 ,  1.48511e-71,  9.0377e-58 ,  0.000130456])
237677  , -22569.5    , array([ 0.00465123 ,  0.00149665 ,  1.4866e-71 ,  9.0377e-58 ,  0.000130456])
237678  , -22569.5    , array([ 0.00465123 ,  0.00149665 ,  1.48511e-71,  9.04674e-58,  0.000130456])
237679  , -22546.1    , array([ 0.00465123 ,  0.00149665 ,  1.48511e-71,  9.0377e-58 ,  0.000130586])
237680  , -11212.4    , array([ 0.0039438  ,  0.00121693 ,  1.48511e-71,  9.0377e-58 ,  0.000189789])
237681  , -11212.4    , array([ 0.0039438  ,  0.00121693 ,  1.48511e-71,  9.0377e-58 ,  0.000189789])
237682  , -11210.2    , array([ 0.00394774 ,  0.00121693 ,  1.48511e-71,  9.0377e-58 ,  0.000189789])
237683  , -11228.9    , array([ 0.0039438  ,  0.00121815 ,  1.48511e-71,  9.0377e-58 ,  0.000189789])
237684  , -11212.4    , array([ 0.0039438  ,  0.00121693 ,  1.4866e-71 ,  9.0377e-58 ,  0.000189789])
237685  , -11212.4    , array([ 0.0039438  ,  0.00121693 ,  1.48511e-71,  9.04674e-58,  0.000189789])
237686  , -11198      , array([ 0.0039438  ,  0.00121693 ,  1.48511e-71,  9.0377e-58 ,  0.000189979])
237687  , -7391.16    , array([ 0.0035369  ,  0.00106161 ,  1.48511e-71,  9.0377e-58 ,  0.000243067])
237688  , -7391.16    , array([ 0.0035369  ,  0.00106161 ,  1.48511e-71,  9.0377e-58 ,  0.000243067])
237689  , -7385.86    , array([ 0.00354044 ,  0.00106161 ,  1.48511e-71,  9.0377e-58 ,  0.000243067])
237690  , -7401.03    , array([ 0.0035369  ,  0.00106267 ,  1.48511e-71,  9.0377e-58 ,  0.000243067])
237691  , -7391.16    , array([ 0.0035369  ,  0.00106161 ,  1.4866e-71 ,  9.0377e-58 ,  0.000243067])
237692  , -7391.16    , array([ 0.0035369  ,  0.00106161 ,  1.48511e-71,  9.04674e-58,  0.000243067])
237693  , -7386.6     , array([ 0.0035369  ,  0.00106161 ,  1.48511e-71,  9.0377e-58 ,  0.00024331 ])
237694  , -6989.77    , array([ 0.00340835 ,  0.00101345 ,  1.48511e-71,  9.0377e-58 ,  0.000264399])
237695  , -6989.77    , array([ 0.00340835 ,  0.00101345 ,  1.48511e-71,  9.0377e-58 ,  0.000264399])
237696  , -6983.3     , array([ 0.00341176 ,  0.00101345 ,  1.48511e-71,  9.0377e-58 ,  0.000264399])
237697  , -6996.92    , array([ 0.00340835 ,  0.00101446 ,  1.48511e-71,  9.0377e-58 ,  0.000264399])
237698  , -6989.77    , array([ 0.00340835 ,  0.00101345 ,  1.4866e-71 ,  9.0377e-58 ,  0.000264399])
237699  , -6989.77    , array([ 0.00340835 ,  0.00101345 ,  1.48511e-71,  9.04674e-58,  0.000264399])
237700  , -6989.08    , array([ 0.00340835 ,  0.00101345 ,  1.48511e-71,  9.0377e-58 ,  0.000264663])
237704  , -6973.84    , array([ 0.00337201 ,  0.00100091 ,  1.48511e-71,  9.0377e-58 ,  0.000270918])
237708  , -6978.44    , array([ 0.00339725 ,  0.00100931 ,  1.48511e-71,  9.0377e-58 ,  0.000266365])
237709  , -6978.44    , array([ 0.00339725 ,  0.00100931 ,  1.48511e-71,  9.0377e-58 ,  0.000266365])
237710  , -6971.87    , array([ 0.00340065 ,  0.00100931 ,  1.48511e-71,  9.0377e-58 ,  0.000266365])
237711  , -6985.34    , array([ 0.00339725 ,  0.00101032 ,  1.48511e-71,  9.0377e-58 ,  0.000266365])
237712  , -6978.44    , array([ 0.00339725 ,  0.00100931 ,  1.4866e-71 ,  9.0377e-58 ,  0.000266365])
237713  , -6978.44    , array([ 0.00339725 ,  0.00100931 ,  1.48511e-71,  9.04674e-58,  0.000266365])
237714  , -6978.1     , array([ 0.00339725 ,  0.00100931 ,  1.48511e-71,  9.0377e-58 ,  0.000266632])
237715  , -6968.87    , array([ 0.00338057 ,  0.0010031  ,  1.48511e-71,  9.0377e-58 ,  0.000269361])
237716  , -6968.87    , array([ 0.00338057 ,  0.0010031  ,  1.48511e-71,  9.0377e-58 ,  0.000269361])
237717  , -6962.15    , array([ 0.00338395 ,  0.0010031  ,  1.48511e-71,  9.0377e-58 ,  0.000269361])
237718  , -6975.4     , array([ 0.00338057 ,  0.0010041  ,  1.48511e-71,  9.0377e-58 ,  0.000269361])
237719  , -6968.87    , array([ 0.00338057 ,  0.0010031  ,  1.4866e-71 ,  9.0377e-58 ,  0.000269361])
237720  , -6968.87    , array([ 0.00338057 ,  0.0010031  ,  1.48511e-71,  9.04674e-58,  0.000269361])
237721  , -6969.07    , array([ 0.00338057 ,  0.0010031  ,  1.48511e-71,  9.0377e-58 ,  0.000269631])
237722  , -6967.7     , array([ 0.00337491 ,  0.00100099 ,  1.48511e-71,  9.0377e-58 ,  0.000270388])
237723  , -6967.7     , array([ 0.00337491 ,  0.00100099 ,  1.48511e-71,  9.0377e-58 ,  0.000270388])
237724  , -6960.92    , array([ 0.00337829 ,  0.00100099 ,  1.48511e-71,  9.0377e-58 ,  0.000270388])
237725  , -6974.1     , array([ 0.00337491 ,  0.001002   ,  1.48511e-71,  9.0377e-58 ,  0.000270388])
237726  , -6967.7     , array([ 0.00337491 ,  0.00100099 ,  1.4866e-71 ,  9.0377e-58 ,  0.000270388])
237727  , -6967.7     , array([ 0.00337491 ,  0.00100099 ,  1.48511e-71,  9.04674e-58,  0.000270388])
237728  , -6968.08    , array([ 0.00337491 ,  0.00100099 ,  1.48511e-71,  9.0377e-58 ,  0.000270658])
237729  , -6967.54    , array([ 0.00337299 ,  0.00100028 ,  1.48511e-71,  9.0377e-58 ,  0.000270738])
237730  , -6967.54    , array([ 0.00337299 ,  0.00100028 ,  1.48511e-71,  9.0377e-58 ,  0.000270738])
237731  , -6960.74    , array([ 0.00337637 ,  0.00100028 ,  1.48511e-71,  9.0377e-58 ,  0.000270738])
237732  , -6973.9     , array([ 0.00337299 ,  0.00100128 ,  1.48511e-71,  9.0377e-58 ,  0.000270738])
237733  , -6967.54    , array([ 0.00337299 ,  0.00100028 ,  1.4866e-71 ,  9.0377e-58 ,  0.000270738])
237734  , -6967.54    , array([ 0.00337299 ,  0.00100028 ,  1.48511e-71,  9.04674e-58,  0.000270738])
237735  , -6967.99    , array([ 0.00337299 ,  0.00100028 ,  1.48511e-71,  9.0377e-58 ,  0.000271009])
237736  , -6967.52    , array([ 0.00337234 ,  0.00100004 ,  1.48511e-71,  9.0377e-58 ,  0.000270857])
237737  , -6967.52    , array([ 0.00337234 ,  0.00100004 ,  1.48511e-71,  9.0377e-58 ,  0.000270857])
237738  , -6960.71    , array([ 0.00337572 ,  0.00100004 ,  1.48511e-71,  9.0377e-58 ,  0.000270857])
237739  , -6973.85    , array([ 0.00337234 ,  0.00100104 ,  1.48511e-71,  9.0377e-58 ,  0.000270857])
237740  , -6967.52    , array([ 0.00337234 ,  0.00100004 ,  1.4866e-71 ,  9.0377e-58 ,  0.000270857])
237741  , -6967.52    , array([ 0.00337234 ,  0.00100004 ,  1.48511e-71,  9.04674e-58,  0.000270857])
237742  , -6967.98    , array([ 0.00337234 ,  0.00100004 ,  1.48511e-71,  9.0377e-58 ,  0.000271128])
237746  , -6973.84    , array([ 0.00337212 ,  0.00100096 ,  1.48511e-71,  9.0377e-58 ,  0.000270897])
237750  , -6967.52    , array([ 0.00337234 ,  0.00100004 ,  1.48511e-71,  9.0377e-58 ,  0.000270857])
237751  , -6967.52    , array([ 0.00337234 ,  0.00100004 ,  1.48511e-71,  9.0377e-58 ,  0.000270857])
237752  , -6960.71    , array([ 0.00337572 ,  0.00100004 ,  1.48511e-71,  9.0377e-58 ,  0.000270857])
237753  , -6973.85    , array([ 0.00337234 ,  0.00100104 ,  1.48511e-71,  9.0377e-58 ,  0.000270857])
237754  , -6967.52    , array([ 0.00337234 ,  0.00100004 ,  1.4866e-71 ,  9.0377e-58 ,  0.000270857])
237755  , -6967.52    , array([ 0.00337234 ,  0.00100004 ,  1.48511e-71,  9.04674e-58,  0.000270857])
237756  , -6967.98    , array([ 0.00337234 ,  0.00100004 ,  1.48511e-71,  9.0377e-58 ,  0.000271128])
237757  , -6967.52    , array([ 0.00337234 ,  0.00100004 ,  1.48511e-71,  9.0377e-58 ,  0.000270857])
237758  , -6967.52    , array([ 0.00337234 ,  0.00100004 ,  1.48511e-71,  9.0377e-58 ,  0.000270857])
237759  , -6960.71    , array([ 0.00337572 ,  0.00100004 ,  1.48511e-71,  9.0377e-58 ,  0.000270857])
237760  , -6973.85    , array([ 0.00337234 ,  0.00100104 ,  1.48511e-71,  9.0377e-58 ,  0.000270857])
237761  , -6967.52    , array([ 0.00337234 ,  0.00100004 ,  1.4866e-71 ,  9.0377e-58 ,  0.000270857])
237762  , -6967.52    , array([ 0.00337234 ,  0.00100004 ,  1.48511e-71,  9.04674e-58,  0.000270857])
237763  , -6967.98    , array([ 0.00337234 ,  0.00100004 ,  1.48511e-71,  9.0377e-58 ,  0.000271128])
237764  , -79089.4    , array([ 0.756422   ,  0.887108   ,  1.48511e-71,  9.0377e-58 ,  1.23384e-09])
237765  , -79089.4    , array([ 0.756422   ,  0.887108   ,  1.48511e-71,  9.0377e-58 ,  1.23384e-09])
237766  , -79089.4    , array([ 0.757179   ,  0.887108   ,  1.48511e-71,  9.0377e-58 ,  1.23384e-09])
237767  , -79089.4    , array([ 0.756422   ,  0.887995   ,  1.48511e-71,  9.0377e-58 ,  1.23384e-09])
237768  , -79089.4    , array([ 0.756422   ,  0.887108   ,  1.4866e-71 ,  9.0377e-58 ,  1.23384e-09])
237769  , -79089.4    , array([ 0.756422   ,  0.887108   ,  1.48511e-71,  9.04674e-58,  1.23384e-09])
237770  , -79089.4    , array([ 0.756422   ,  0.887108   ,  1.48511e-71,  9.0377e-58 ,  1.23507e-09])
237771  , -79089.4    , array([ 0.755442   ,  0.885666   ,  1.48511e-71,  9.0377e-58 ,  1.23748e-09])
237772  , -79089.4    , array([ 0.755442   ,  0.885666   ,  1.48511e-71,  9.0377e-58 ,  1.23748e-09])
237773  , -79089.4    , array([ 0.756198   ,  0.885666   ,  1.48511e-71,  9.0377e-58 ,  1.23748e-09])
237774  , -79089.4    , array([ 0.755442   ,  0.886553   ,  1.48511e-71,  9.0377e-58 ,  1.23748e-09])
237775  , -79089.4    , array([ 0.755442   ,  0.885666   ,  1.4866e-71 ,  9.0377e-58 ,  1.23748e-09])
237776  , -79089.4    , array([ 0.755442   ,  0.885666   ,  1.48511e-71,  9.04674e-58,  1.23748e-09])
237777  , -79089.4    , array([ 0.755442   ,  0.885666   ,  1.48511e-71,  9.0377e-58 ,  1.23871e-09])
237778  , -79089.4    , array([ 0.753486   ,  0.882791   ,  1.48511e-71,  9.0377e-58 ,  1.24479e-09])
237779  , -79089.4    , array([ 0.753486   ,  0.882791   ,  1.48511e-71,  9.0377e-58 ,  1.24479e-09])
237780  , -79089.4    , array([ 0.754239   ,  0.882791   ,  1.48511e-71,  9.0377e-58 ,  1.24479e-09])
237781  , -79089.4    , array([ 0.753486   ,  0.883674   ,  1.48511e-71,  9.0377e-58 ,  1.24479e-09])
237782  , -79089.4    , array([ 0.753486   ,  0.882791   ,  1.4866e-71 ,  9.0377e-58 ,  1.24479e-09])
237783  , -79089.4    , array([ 0.753486   ,  0.882791   ,  1.48511e-71,  9.04674e-58,  1.24479e-09])
237784  , -79089.4    , array([ 0.753486   ,  0.882791   ,  1.48511e-71,  9.0377e-58 ,  1.24603e-09])
237785  , -79089.4    , array([ 0.749588   ,  0.877068   ,  1.48511e-71,  9.0377e-58 ,  1.25954e-09])
237786  , -79089.4    , array([ 0.749588   ,  0.877068   ,  1.48511e-71,  9.0377e-58 ,  1.25954e-09])
237787  , -79089.4    , array([ 0.750338   ,  0.877068   ,  1.48511e-71,  9.0377e-58 ,  1.25954e-09])
237788  , -79089.4    , array([ 0.749588   ,  0.877946   ,  1.48511e-71,  9.0377e-58 ,  1.25954e-09])
237789  , -79089.4    , array([ 0.749588   ,  0.877068   ,  1.4866e-71 ,  9.0377e-58 ,  1.25954e-09])
237790  , -79089.4    , array([ 0.749588   ,  0.877068   ,  1.48511e-71,  9.04674e-58,  1.25954e-09])
237791  , -79089.4    , array([ 0.749588   ,  0.877068   ,  1.48511e-71,  9.0377e-58 ,  1.26081e-09])
237792  , -79089.4    , array([ 0.741853   ,  0.865734   ,  1.48511e-71,  9.0377e-58 ,  1.28958e-09])
237793  , -79089.4    , array([ 0.741853   ,  0.865734   ,  1.48511e-71,  9.0377e-58 ,  1.28958e-09])
237794  , -79089.4    , array([ 0.742595   ,  0.865734   ,  1.48511e-71,  9.0377e-58 ,  1.28958e-09])
237795  , -79089.4    , array([ 0.741853   ,  0.8666     ,  1.48511e-71,  9.0377e-58 ,  1.28958e-09])
237796  , -79089.4    , array([ 0.741853   ,  0.865734   ,  1.4866e-71 ,  9.0377e-58 ,  1.28958e-09])
237797  , -79089.4    , array([ 0.741853   ,  0.865734   ,  1.48511e-71,  9.04674e-58,  1.28958e-09])
237798  , -79089.4    , array([ 0.741853   ,  0.865734   ,  1.48511e-71,  9.0377e-58 ,  1.29087e-09])
237799  , -79089.4    , array([ 0.726621   ,  0.843503   ,  1.48511e-71,  9.0377e-58 ,  1.35182e-09])
237800  , -79089.4    , array([ 0.726621   ,  0.843503   ,  1.48511e-71,  9.0377e-58 ,  1.35182e-09])
237801  , -79089.4    , array([ 0.727348   ,  0.843503   ,  1.48511e-71,  9.0377e-58 ,  1.35182e-09])
237802  , -79089.4    , array([ 0.726621   ,  0.844347   ,  1.48511e-71,  9.0377e-58 ,  1.35182e-09])
237803  , -79089.4    , array([ 0.726621   ,  0.843503   ,  1.4866e-71 ,  9.0377e-58 ,  1.35182e-09])
237804  , -79089.4    , array([ 0.726621   ,  0.843503   ,  1.48511e-71,  9.04674e-58,  1.35182e-09])
237805  , -79089.4    , array([ 0.726621   ,  0.843503   ,  1.48511e-71,  9.0377e-58 ,  1.35318e-09])
237806  , -79089.4    , array([ 0.697091   ,  0.800738   ,  1.48511e-71,  9.0377e-58 ,  1.48547e-09])
237807  , -79089.4    , array([ 0.697091   ,  0.800738   ,  1.48511e-71,  9.0377e-58 ,  1.48547e-09])
237808  , -79089.4    , array([ 0.697788   ,  0.800738   ,  1.48511e-71,  9.0377e-58 ,  1.48547e-09])
237809  , -79089.4    , array([ 0.697091   ,  0.801539   ,  1.48511e-71,  9.0377e-58 ,  1.48547e-09])
237810  , -79089.4    , array([ 0.697091   ,  0.800738   ,  1.4866e-71 ,  9.0377e-58 ,  1.48547e-09])
237811  , -79089.4    , array([ 0.697091   ,  0.800738   ,  1.48511e-71,  9.04674e-58,  1.48547e-09])
237812  , -79089.4    , array([ 0.697091   ,  0.800738   ,  1.48511e-71,  9.0377e-58 ,  1.48695e-09])
237813  , -79089.4    , array([ 0.64158    ,  0.721603   ,  1.48511e-71,  9.0377e-58 ,  1.79369e-09])
237814  , -79089.4    , array([ 0.64158    ,  0.721603   ,  1.48511e-71,  9.0377e-58 ,  1.79369e-09])
237815  , -79089.4    , array([ 0.642222   ,  0.721603   ,  1.48511e-71,  9.0377e-58 ,  1.79369e-09])
237816  , -79089.4    , array([ 0.64158    ,  0.722325   ,  1.48511e-71,  9.0377e-58 ,  1.79369e-09])
237817  , -79089.4    , array([ 0.64158    ,  0.721603   ,  1.4866e-71 ,  9.0377e-58 ,  1.79369e-09])
237818  , -79089.4    , array([ 0.64158    ,  0.721603   ,  1.48511e-71,  9.04674e-58,  1.79369e-09])
237819  , -79089.4    , array([ 0.64158    ,  0.721603   ,  1.48511e-71,  9.0377e-58 ,  1.79548e-09])
237820  , -79089.4    , array([ 0.543469   ,  0.586022   ,  1.48511e-71,  9.0377e-58 ,  2.61527e-09])
237821  , -79089.4    , array([ 0.543469   ,  0.586022   ,  1.48511e-71,  9.0377e-58 ,  2.61527e-09])
237822  , -79089.4    , array([ 0.544013   ,  0.586022   ,  1.48511e-71,  9.0377e-58 ,  2.61527e-09])
237823  , -79089.4    , array([ 0.543469   ,  0.586609   ,  1.48511e-71,  9.0377e-58 ,  2.61527e-09])
237824  , -79089.4    , array([ 0.543469   ,  0.586022   ,  1.4866e-71 ,  9.0377e-58 ,  2.61527e-09])
237825  , -79089.4    , array([ 0.543469   ,  0.586022   ,  1.48511e-71,  9.04674e-58,  2.61527e-09])
237826  , -79089.4    , array([ 0.543469   ,  0.586022   ,  1.48511e-71,  9.0377e-58 ,  2.61789e-09])
237827  , -79089.4    , array([ 0.389962   ,  0.386497   ,  1.48511e-71,  9.0377e-58 ,  5.55975e-09])
237828  , -79089.4    , array([ 0.389962   ,  0.386497   ,  1.48511e-71,  9.0377e-58 ,  5.55975e-09])
237829  , -79089.4    , array([ 0.390352   ,  0.386497   ,  1.48511e-71,  9.0377e-58 ,  5.55975e-09])
237830  , -79089.4    , array([ 0.389962   ,  0.386884   ,  1.48511e-71,  9.0377e-58 ,  5.55975e-09])
237831  , -79089.4    , array([ 0.389962   ,  0.386497   ,  1.4866e-71 ,  9.0377e-58 ,  5.55975e-09])
237832  , -79089.4    , array([ 0.389962   ,  0.386497   ,  1.48511e-71,  9.04674e-58,  5.55975e-09])
237833  , -79089.4    , array([ 0.389962   ,  0.386497   ,  1.48511e-71,  9.0377e-58 ,  5.56531e-09])
237834  , -79089.2    , array([ 0.200779   ,  0.168116   ,  1.48511e-71,  9.0377e-58 ,  2.51265e-08])
237835  , -79089.2    , array([ 0.200779   ,  0.168116   ,  1.48511e-71,  9.0377e-58 ,  2.51265e-08])
237836  , -79089.2    , array([ 0.200979   ,  0.168116   ,  1.48511e-71,  9.0377e-58 ,  2.51265e-08])
237837  , -79089.2    , array([ 0.200779   ,  0.168284   ,  1.48511e-71,  9.0377e-58 ,  2.51265e-08])
237838  , -79089.2    , array([ 0.200779   ,  0.168116   ,  1.4866e-71 ,  9.0377e-58 ,  2.51265e-08])
237839  , -79089.2    , array([ 0.200779   ,  0.168116   ,  1.48511e-71,  9.04674e-58,  2.51265e-08])
237840  , -79089.2    , array([ 0.200779   ,  0.168116   ,  1.48511e-71,  9.0377e-58 ,  2.51516e-08])
237841  , -79089.4    , array([ 0.768046   ,  0.904722   ,  1.48511e-71,  9.0377e-58 ,  1.19119e-09])
237842  , -79089.4    , array([ 0.471831   ,  0.491      ,  1.48511e-71,  9.0377e-58 ,  3.60459e-09])
237843  , -79089.4    , array([ 0.377236   ,  0.370841   ,  1.48511e-71,  9.0377e-58 ,  5.99358e-09])
237844  , -79089.4    , array([ 0.342213   ,  0.328174   ,  1.48511e-71,  9.0377e-58 ,  7.47921e-09])
237845  , -79089.3    , array([ 0.262124   ,  0.234886   ,  1.48511e-71,  9.0377e-58 ,  1.37086e-08])
237846  , -79089.3    , array([ 0.22941    ,  0.198716   ,  1.48511e-71,  9.0377e-58 ,  1.85593e-08])
237847  , -79089.2    , array([ 0.214617   ,  0.182777   ,  1.48511e-71,  9.0377e-58 ,  2.15947e-08])
237848  , -79089.2    , array([ 0.207583   ,  0.175293   ,  1.48511e-71,  9.0377e-58 ,  2.32938e-08])
237849  , -79089.2    , array([ 0.204152   ,  0.171667   ,  1.48511e-71,  9.0377e-58 ,  2.41928e-08])
237850  , -79089.2    , array([ 0.202458   ,  0.169883   ,  1.48511e-71,  9.0377e-58 ,  2.46552e-08])
237851  , -79089.2    , array([ 0.201617   ,  0.168997   ,  1.48511e-71,  9.0377e-58 ,  2.48897e-08])
237852  , -79089.2    , array([ 0.201197   ,  0.168556   ,  1.48511e-71,  9.0377e-58 ,  2.50078e-08])
