269445  , -841662     , array([ 0.00271994 ,  0.00311618 ,  1.48291e-79,  7.28989e-17,  0.106311   ])
269446  , -847020     , array([ 0.00272267 ,  0.00311618 ,  1.48291e-79,  7.28989e-17,  0.106311   ])
269447  , -841717     , array([ 0.00271994 ,  0.0031193  ,  1.48291e-79,  7.28989e-17,  0.106311   ])
269448  , -841662     , array([ 0.00271994 ,  0.00311618 ,  1.48439e-79,  7.28989e-17,  0.106311   ])
269449  , -841662     , array([ 0.00271994 ,  0.00311618 ,  1.48291e-79,  7.29718e-17,  0.106311   ])
269450  , -824747     , array([ 0.00271994 ,  0.00311618 ,  1.48291e-79,  7.28989e-17,  0.106417   ])
269451  , -841662     , array([ 0.00271994 ,  0.00311618 ,  1.48291e-79,  7.28989e-17,  0.106311   ])
269452  , -2.02734e+06, array([ 0.00200496 ,  0.00310648 ,  1.48291e-79,  7.28989e-17,  0.278443   ])
269453  , -2.02734e+06, array([ 0.00200496 ,  0.00310648 ,  1.48291e-79,  7.28989e-17,  0.278443   ])
269454  , -2.02723e+06, array([ 0.00200697 ,  0.00310648 ,  1.48291e-79,  7.28989e-17,  0.278443   ])
269455  , -2.02734e+06, array([ 0.00200496 ,  0.00310959 ,  1.48291e-79,  7.28989e-17,  0.278443   ])
269456  , -2.02734e+06, array([ 0.00200496 ,  0.00310648 ,  1.48439e-79,  7.28989e-17,  0.278443   ])
269457  , -2.02731e+06, array([ 0.00200496 ,  0.00310648 ,  1.48291e-79,  7.29718e-17,  0.278443   ])
269458  , -2.02736e+06, array([ 0.00200496 ,  0.00310648 ,  1.48291e-79,  7.28989e-17,  0.278721   ])
269459  , -972376     , array([ 0.00248609 ,  0.00311332 ,  1.48291e-79,  7.28989e-17,  0.1412     ])
269460  , -972376     , array([ 0.00248609 ,  0.00311332 ,  1.48291e-79,  7.28989e-17,  0.1412     ])
269461  , -972703     , array([ 0.00248858 ,  0.00311332 ,  1.48291e-79,  7.28989e-17,  0.1412     ])
269462  , -972520     , array([ 0.00248609 ,  0.00311643 ,  1.48291e-79,  7.28989e-17,  0.1412     ])
269463  , -972376     , array([ 0.00248609 ,  0.00311332 ,  1.48439e-79,  7.28989e-17,  0.1412     ])
269464  , -972373     , array([ 0.00248609 ,  0.00311332 ,  1.48291e-79,  7.29718e-17,  0.1412     ])
269465  , -1.00548e+06, array([ 0.00248609 ,  0.00311332 ,  1.48291e-79,  7.28989e-17,  0.141342   ])
269466  , -829414     , array([ 0.00259549 ,  0.00311469 ,  1.48291e-79,  7.28989e-17,  0.123251   ])
269467  , -829414     , array([ 0.00259549 ,  0.00311469 ,  1.48291e-79,  7.28989e-17,  0.123251   ])
269468  , -838251     , array([ 0.00259809 ,  0.00311469 ,  1.48291e-79,  7.28989e-17,  0.123251   ])
269469  , -829550     , array([ 0.00259549 ,  0.00311781 ,  1.48291e-79,  7.28989e-17,  0.123251   ])
269470  , -829414     , array([ 0.00259549 ,  0.00311469 ,  1.48439e-79,  7.28989e-17,  0.123251   ])
269471  , -829414     , array([ 0.00259549 ,  0.00311469 ,  1.48291e-79,  7.29718e-17,  0.123251   ])
269472  , -826792     , array([ 0.00259549 ,  0.00311469 ,  1.48291e-79,  7.28989e-17,  0.123375   ])
269473  , -942380     , array([ 0.00258872 ,  0.00311457 ,  1.48291e-79,  7.28989e-17,  0.12333    ])
269474  , -942380     , array([ 0.00258872 ,  0.00311457 ,  1.48291e-79,  7.28989e-17,  0.12333    ])
269475  , -829096     , array([ 0.00259131 ,  0.00311457 ,  1.48291e-79,  7.28989e-17,  0.12333    ])
269476  , -942565     , array([ 0.00258872 ,  0.00311768 ,  1.48291e-79,  7.28989e-17,  0.12333    ])
269477  , -942380     , array([ 0.00258872 ,  0.00311457 ,  1.48439e-79,  7.28989e-17,  0.12333    ])
269478  , -942380     , array([ 0.00258872 ,  0.00311457 ,  1.48291e-79,  7.29718e-17,  0.12333    ])
269479  , -927812     , array([ 0.00258872 ,  0.00311457 ,  1.48291e-79,  7.28989e-17,  0.123453   ])
269480  , -827509     , array([ 0.0025948  ,  0.00311468 ,  1.48291e-79,  7.28989e-17,  0.123259   ])
269481  , -827509     , array([ 0.0025948  ,  0.00311468 ,  1.48291e-79,  7.28989e-17,  0.123259   ])
269482  , -836272     , array([ 0.00259739 ,  0.00311468 ,  1.48291e-79,  7.28989e-17,  0.123259   ])
269483  , -827656     , array([ 0.0025948  ,  0.00311779 ,  1.48291e-79,  7.28989e-17,  0.123259   ])
269484  , -827509     , array([ 0.0025948  ,  0.00311468 ,  1.48439e-79,  7.28989e-17,  0.123259   ])
269485  , -827509     , array([ 0.0025948  ,  0.00311468 ,  1.48291e-79,  7.29718e-17,  0.123259   ])
269486  , -826659     , array([ 0.0025948  ,  0.00311468 ,  1.48291e-79,  7.28989e-17,  0.123383   ])
269487  , -826133     , array([ 0.00259079 ,  0.0031146  ,  1.48291e-79,  7.28989e-17,  0.123306   ])
269488  , -826133     , array([ 0.00259079 ,  0.0031146  ,  1.48291e-79,  7.28989e-17,  0.123306   ])
269489  , -826763     , array([ 0.00259338 ,  0.0031146  ,  1.48291e-79,  7.28989e-17,  0.123306   ])
269490  , -826318     , array([ 0.00259079 ,  0.00311772 ,  1.48291e-79,  7.28989e-17,  0.123306   ])
269491  , -826133     , array([ 0.00259079 ,  0.0031146  ,  1.48439e-79,  7.28989e-17,  0.123306   ])
269492  , -826133     , array([ 0.00259079 ,  0.0031146  ,  1.48291e-79,  7.29718e-17,  0.123306   ])
269493  , -942133     , array([ 0.00259079 ,  0.0031146  ,  1.48291e-79,  7.28989e-17,  0.123429   ])
269494  , -827051     , array([ 0.00259381 ,  0.00311466 ,  1.48291e-79,  7.28989e-17,  0.123271   ])
269495  , -827051     , array([ 0.00259381 ,  0.00311466 ,  1.48291e-79,  7.28989e-17,  0.123271   ])
269496  , -829774     , array([ 0.00259641 ,  0.00311466 ,  1.48291e-79,  7.28989e-17,  0.123271   ])
269497  , -827191     , array([ 0.00259381 ,  0.00311778 ,  1.48291e-79,  7.28989e-17,  0.123271   ])
269498  , -827051     , array([ 0.00259381 ,  0.00311466 ,  1.48439e-79,  7.28989e-17,  0.123271   ])
269499  , -827051     , array([ 0.00259381 ,  0.00311466 ,  1.48291e-79,  7.29718e-17,  0.123271   ])
269500  , -826116     , array([ 0.00259381 ,  0.00311466 ,  1.48291e-79,  7.28989e-17,  0.123394   ])
269501  , -823336     , array([ 0.00259389 ,  0.00301215 ,  1.48291e-79,  7.28997e-17,  0.123293   ])
269502  , -823336     , array([ 0.00259389 ,  0.00301215 ,  1.48291e-79,  7.28997e-17,  0.123293   ])
269503  , -820318     , array([ 0.00259648 ,  0.00301215 ,  1.48291e-79,  7.28997e-17,  0.123293   ])
269504  , -819400     , array([ 0.00259389 ,  0.00301517 ,  1.48291e-79,  7.28997e-17,  0.123293   ])
269505  , -823336     , array([ 0.00259389 ,  0.00301215 ,  1.48439e-79,  7.28997e-17,  0.123293   ])
269506  , -823336     , array([ 0.00259389 ,  0.00301215 ,  1.48291e-79,  7.29726e-17,  0.123293   ])
269507  , -820394     , array([ 0.00259389 ,  0.00301215 ,  1.48291e-79,  7.28997e-17,  0.123417   ])
269508  , -826888     , array([ 0.00259382 ,  0.003111   ,  1.48291e-79,  7.28989e-17,  0.123272   ])
269509  , -826888     , array([ 0.00259382 ,  0.003111   ,  1.48291e-79,  7.28989e-17,  0.123272   ])
269510  , -829589     , array([ 0.00259641 ,  0.003111   ,  1.48291e-79,  7.28989e-17,  0.123272   ])
269511  , -827022     , array([ 0.00259382 ,  0.00311411 ,  1.48291e-79,  7.28989e-17,  0.123272   ])
269512  , -826888     , array([ 0.00259382 ,  0.003111   ,  1.48439e-79,  7.28989e-17,  0.123272   ])
269513  , -826888     , array([ 0.00259382 ,  0.003111   ,  1.48291e-79,  7.29719e-17,  0.123272   ])
269514  , -828690     , array([ 0.00259382 ,  0.003111   ,  1.48291e-79,  7.28989e-17,  0.123395   ])
269515  , -826627     , array([ 0.00259381 ,  0.00310372 ,  1.48291e-79,  7.28529e-17,  0.123271   ])
269516  , -826627     , array([ 0.00259381 ,  0.00310372 ,  1.48291e-79,  7.28529e-17,  0.123271   ])
269517  , -829280     , array([ 0.0025964  ,  0.00310372 ,  1.48291e-79,  7.28529e-17,  0.123271   ])
269518  , -826721     , array([ 0.00259381 ,  0.00310683 ,  1.48291e-79,  7.28529e-17,  0.123271   ])
269519  , -826627     , array([ 0.00259381 ,  0.00310372 ,  1.48439e-79,  7.28529e-17,  0.123271   ])
269520  , -826627     , array([ 0.00259381 ,  0.00310372 ,  1.48291e-79,  7.29258e-17,  0.123271   ])
269521  , -827075     , array([ 0.00259381 ,  0.00310372 ,  1.48291e-79,  7.28529e-17,  0.123394   ])
269522  , -883113     , array([ 0.0025937  ,  0.00310055 ,  1.48291e-79,  8.28663e-14,  0.123271   ])
269523  , -883113     , array([ 0.0025937  ,  0.00310055 ,  1.48291e-79,  8.28663e-14,  0.123271   ])
269524  , -884934     , array([ 0.0025963  ,  0.00310055 ,  1.48291e-79,  8.28663e-14,  0.123271   ])
269525  , -883118     , array([ 0.0025937  ,  0.00310365 ,  1.48291e-79,  8.28663e-14,  0.123271   ])
269526  , -883113     , array([ 0.0025937  ,  0.00310055 ,  1.48439e-79,  8.28663e-14,  0.123271   ])
269527  , -883093     , array([ 0.0025937  ,  0.00310055 ,  1.48291e-79,  8.29492e-14,  0.123271   ])
269528  , -865283     , array([ 0.0025937  ,  0.00310055 ,  1.48291e-79,  8.28663e-14,  0.123395   ])
269529  , -826626     , array([ 0.00259381 ,  0.00310372 ,  1.48291e-79,  7.32855e-17,  0.123271   ])
269530  , -826626     , array([ 0.00259381 ,  0.00310372 ,  1.48291e-79,  7.32855e-17,  0.123271   ])
269531  , -829280     , array([ 0.0025964  ,  0.00310372 ,  1.48291e-79,  7.32855e-17,  0.123271   ])
269532  , -826720     , array([ 0.00259381 ,  0.00310683 ,  1.48291e-79,  7.32855e-17,  0.123271   ])
269533  , -826626     , array([ 0.00259381 ,  0.00310372 ,  1.48439e-79,  7.32855e-17,  0.123271   ])
269534  , -826626     , array([ 0.00259381 ,  0.00310372 ,  1.48291e-79,  7.33588e-17,  0.123271   ])
269535  , -827075     , array([ 0.00259381 ,  0.00310372 ,  1.48291e-79,  7.32855e-17,  0.123394   ])
269536  , -826626     , array([ 0.00259381 ,  0.00310372 ,  1.48291e-79,  7.37216e-17,  0.123271   ])
269537  , -826626     , array([ 0.00259381 ,  0.00310372 ,  1.48291e-79,  7.37216e-17,  0.123271   ])
269538  , -829279     , array([ 0.0025964  ,  0.00310372 ,  1.48291e-79,  7.37216e-17,  0.123271   ])
269539  , -826720     , array([ 0.00259381 ,  0.00310682 ,  1.48291e-79,  7.37216e-17,  0.123271   ])
269540  , -826626     , array([ 0.00259381 ,  0.00310372 ,  1.48439e-79,  7.37216e-17,  0.123271   ])
269541  , -826626     , array([ 0.00259381 ,  0.00310372 ,  1.48291e-79,  7.37953e-17,  0.123271   ])
269542  , -827075     , array([ 0.00259381 ,  0.00310372 ,  1.48291e-79,  7.37216e-17,  0.123394   ])
269543  , -852365     , array([ 0.00259376 ,  0.00310213 ,  1.48291e-79,  2.47165e-15,  0.123271   ])
269544  , -852365     , array([ 0.00259376 ,  0.00310213 ,  1.48291e-79,  2.47165e-15,  0.123271   ])
269545  , -855088     , array([ 0.00259635 ,  0.00310213 ,  1.48291e-79,  2.47165e-15,  0.123271   ])
269546  , -852857     , array([ 0.00259376 ,  0.00310524 ,  1.48291e-79,  2.47165e-15,  0.123271   ])
269547  , -852365     , array([ 0.00259376 ,  0.00310213 ,  1.48439e-79,  2.47165e-15,  0.123271   ])
269548  , -852362     , array([ 0.00259376 ,  0.00310213 ,  1.48291e-79,  2.47412e-15,  0.123271   ])
269549  , -853435     , array([ 0.00259376 ,  0.00310213 ,  1.48291e-79,  2.47165e-15,  0.123394   ])
269550  , -826626     , array([ 0.00259381 ,  0.00310371 ,  1.48291e-79,  7.4111e-17 ,  0.123271   ])
269551  , -826626     , array([ 0.00259381 ,  0.00310371 ,  1.48291e-79,  7.4111e-17 ,  0.123271   ])
269552  , -829279     , array([ 0.0025964  ,  0.00310371 ,  1.48291e-79,  7.4111e-17 ,  0.123271   ])
269553  , -826720     , array([ 0.00259381 ,  0.00310682 ,  1.48291e-79,  7.4111e-17 ,  0.123271   ])
269554  , -826626     , array([ 0.00259381 ,  0.00310371 ,  1.48439e-79,  7.4111e-17 ,  0.123271   ])
269555  , -826626     , array([ 0.00259381 ,  0.00310371 ,  1.48291e-79,  7.41852e-17,  0.123271   ])
269556  , -827074     , array([ 0.00259381 ,  0.00310371 ,  1.48291e-79,  7.4111e-17 ,  0.123394   ])
269557  , -826626     , array([ 0.00259381 ,  0.00310371 ,  1.48291e-79,  7.45026e-17,  0.123271   ])
269558  , -826626     , array([ 0.00259381 ,  0.00310371 ,  1.48291e-79,  7.45026e-17,  0.123271   ])
269559  , -829278     , array([ 0.0025964  ,  0.00310371 ,  1.48291e-79,  7.45026e-17,  0.123271   ])
269560  , -826719     , array([ 0.00259381 ,  0.00310682 ,  1.48291e-79,  7.45026e-17,  0.123271   ])
269561  , -826626     , array([ 0.00259381 ,  0.00310371 ,  1.48439e-79,  7.45026e-17,  0.123271   ])
269562  , -826626     , array([ 0.00259381 ,  0.00310371 ,  1.48291e-79,  7.45771e-17,  0.123271   ])
269563  , -827074     , array([ 0.00259381 ,  0.00310371 ,  1.48291e-79,  7.45026e-17,  0.123394   ])
269564  , -827623     , array([ 0.00259378 ,  0.00310292 ,  1.48291e-79,  4.2912e-16 ,  0.123271   ])
269565  , -827623     , array([ 0.00259378 ,  0.00310292 ,  1.48291e-79,  4.2912e-16 ,  0.123271   ])
269566  , -829036     , array([ 0.00259638 ,  0.00310292 ,  1.48291e-79,  4.2912e-16 ,  0.123271   ])
269567  , -826488     , array([ 0.00259378 ,  0.00310603 ,  1.48291e-79,  4.2912e-16 ,  0.123271   ])
269568  , -827623     , array([ 0.00259378 ,  0.00310292 ,  1.48439e-79,  4.2912e-16 ,  0.123271   ])
269569  , -827622     , array([ 0.00259378 ,  0.00310292 ,  1.48291e-79,  4.29549e-16,  0.123271   ])
269570  , -826821     , array([ 0.00259378 ,  0.00310292 ,  1.48291e-79,  4.2912e-16 ,  0.123394   ])
269571  , -826624     , array([ 0.00259381 ,  0.0031037  ,  1.48291e-79,  7.71434e-17,  0.123271   ])
269572  , -826624     , array([ 0.00259381 ,  0.0031037  ,  1.48291e-79,  7.71434e-17,  0.123271   ])
269573  , -829276     , array([ 0.0025964  ,  0.0031037  ,  1.48291e-79,  7.71434e-17,  0.123271   ])
269574  , -826717     , array([ 0.00259381 ,  0.0031068  ,  1.48291e-79,  7.71434e-17,  0.123271   ])
269575  , -826624     , array([ 0.00259381 ,  0.0031037  ,  1.48439e-79,  7.71434e-17,  0.123271   ])
269576  , -826624     , array([ 0.00259381 ,  0.0031037  ,  1.48291e-79,  7.72206e-17,  0.123271   ])
269577  , -827071     , array([ 0.00259381 ,  0.0031037  ,  1.48291e-79,  7.71434e-17,  0.123394   ])
269578  , -826622     , array([ 0.00259381 ,  0.00310368 ,  1.48291e-79,  7.98191e-17,  0.123271   ])
269579  , -826622     , array([ 0.00259381 ,  0.00310368 ,  1.48291e-79,  7.98191e-17,  0.123271   ])
269580  , -829273     , array([ 0.0025964  ,  0.00310368 ,  1.48291e-79,  7.98191e-17,  0.123271   ])
269581  , -826715     , array([ 0.00259381 ,  0.00310679 ,  1.48291e-79,  7.98191e-17,  0.123271   ])
269582  , -826622     , array([ 0.00259381 ,  0.00310368 ,  1.48439e-79,  7.98191e-17,  0.123271   ])
269583  , -826622     , array([ 0.00259381 ,  0.00310368 ,  1.48291e-79,  7.98989e-17,  0.123271   ])
269584  , -827068     , array([ 0.00259381 ,  0.00310368 ,  1.48291e-79,  7.98191e-17,  0.123394   ])
269585  , -826558     , array([ 0.0025938  ,  0.0031033  ,  1.48291e-79,  1.85073e-16,  0.123271   ])
269586  , -826558     , array([ 0.0025938  ,  0.0031033  ,  1.48291e-79,  1.85073e-16,  0.123271   ])
269587  , -829188     , array([ 0.00259639 ,  0.0031033  ,  1.48291e-79,  1.85073e-16,  0.123271   ])
269588  , -826635     , array([ 0.0025938  ,  0.00310641 ,  1.48291e-79,  1.85073e-16,  0.123271   ])
269589  , -826558     , array([ 0.0025938  ,  0.0031033  ,  1.48439e-79,  1.85073e-16,  0.123271   ])
269590  , -826558     , array([ 0.0025938  ,  0.0031033  ,  1.48291e-79,  1.85258e-16,  0.123271   ])
269591  , -826980     , array([ 0.0025938  ,  0.0031033  ,  1.48291e-79,  1.85073e-16,  0.123394   ])
269592  , -826556     , array([ 0.0025938  ,  0.0031033  ,  1.48291e-79,  1.87665e-16,  0.123271   ])
269593  , -826556     , array([ 0.0025938  ,  0.0031033  ,  1.48291e-79,  1.87665e-16,  0.123271   ])
269594  , -829186     , array([ 0.00259639 ,  0.0031033  ,  1.48291e-79,  1.87665e-16,  0.123271   ])
269595  , -826634     , array([ 0.0025938  ,  0.0031064  ,  1.48291e-79,  1.87665e-16,  0.123271   ])
269596  , -826556     , array([ 0.0025938  ,  0.0031033  ,  1.48439e-79,  1.87665e-16,  0.123271   ])
269597  , -826556     , array([ 0.0025938  ,  0.0031033  ,  1.48291e-79,  1.87852e-16,  0.123271   ])
269598  , -826978     , array([ 0.0025938  ,  0.0031033  ,  1.48291e-79,  1.87665e-16,  0.123394   ])
269599  , -826555     , array([ 0.00259379 ,  0.00310329 ,  1.48291e-79,  1.90229e-16,  0.123271   ])
269600  , -826555     , array([ 0.00259379 ,  0.00310329 ,  1.48291e-79,  1.90229e-16,  0.123271   ])
269601  , -829185     , array([ 0.00259639 ,  0.00310329 ,  1.48291e-79,  1.90229e-16,  0.123271   ])
269602  , -826632     , array([ 0.00259379 ,  0.00310639 ,  1.48291e-79,  1.90229e-16,  0.123271   ])
269603  , -826555     , array([ 0.00259379 ,  0.00310329 ,  1.48439e-79,  1.90229e-16,  0.123271   ])
269604  , -826555     , array([ 0.00259379 ,  0.00310329 ,  1.48291e-79,  1.9042e-16 ,  0.123271   ])
269605  , -826976     , array([ 0.00259379 ,  0.00310329 ,  1.48291e-79,  1.90229e-16,  0.123394   ])
269606  , -827722     , array([ 0.00259379 ,  0.00310311 ,  1.48291e-79,  2.85712e-16,  0.123271   ])
269607  , -827722     , array([ 0.00259379 ,  0.00310311 ,  1.48291e-79,  2.85712e-16,  0.123271   ])
269608  , -829121     , array([ 0.00259638 ,  0.00310311 ,  1.48291e-79,  2.85712e-16,  0.123271   ])
269609  , -826571     , array([ 0.00259379 ,  0.00310621 ,  1.48291e-79,  2.85712e-16,  0.123271   ])
269610  , -827722     , array([ 0.00259379 ,  0.00310311 ,  1.48439e-79,  2.85712e-16,  0.123271   ])
269611  , -827722     , array([ 0.00259379 ,  0.00310311 ,  1.48291e-79,  2.85997e-16,  0.123271   ])
269612  , -826910     , array([ 0.00259379 ,  0.00310311 ,  1.48291e-79,  2.85712e-16,  0.123394   ])
269613  , -826555     , array([ 0.00259379 ,  0.00310329 ,  1.48291e-79,  1.90831e-16,  0.123271   ])
269614  , -826555     , array([ 0.00259379 ,  0.00310329 ,  1.48291e-79,  1.90831e-16,  0.123271   ])
269615  , -829184     , array([ 0.00259639 ,  0.00310329 ,  1.48291e-79,  1.90831e-16,  0.123271   ])
269616  , -826631     , array([ 0.00259379 ,  0.00310639 ,  1.48291e-79,  1.90831e-16,  0.123271   ])
269617  , -826555     , array([ 0.00259379 ,  0.00310329 ,  1.48439e-79,  1.90831e-16,  0.123271   ])
269618  , -826555     , array([ 0.00259379 ,  0.00310329 ,  1.48291e-79,  1.91022e-16,  0.123271   ])
269619  , -826976     , array([ 0.00259379 ,  0.00310329 ,  1.48291e-79,  1.90831e-16,  0.123394   ])
269620  , -826554     , array([ 0.00259379 ,  0.00310329 ,  1.48291e-79,  1.91426e-16,  0.123271   ])
269621  , -826554     , array([ 0.00259379 ,  0.00310329 ,  1.48291e-79,  1.91426e-16,  0.123271   ])
269622  , -829184     , array([ 0.00259639 ,  0.00310329 ,  1.48291e-79,  1.91426e-16,  0.123271   ])
269623  , -826631     , array([ 0.00259379 ,  0.00310639 ,  1.48291e-79,  1.91426e-16,  0.123271   ])
269624  , -826554     , array([ 0.00259379 ,  0.00310329 ,  1.48439e-79,  1.91426e-16,  0.123271   ])
269625  , -826554     , array([ 0.00259379 ,  0.00310329 ,  1.48291e-79,  1.91617e-16,  0.123271   ])
269626  , -826976     , array([ 0.00259379 ,  0.00310329 ,  1.48291e-79,  1.91426e-16,  0.123394   ])
269627  , -826532     , array([ 0.00259379 ,  0.0031032  ,  1.48291e-79,  2.33865e-16,  0.123271   ])
269628  , -826532     , array([ 0.00259379 ,  0.0031032  ,  1.48291e-79,  2.33865e-16,  0.123271   ])
269629  , -829155     , array([ 0.00259639 ,  0.0031032  ,  1.48291e-79,  2.33865e-16,  0.123271   ])
269630  , -826603     , array([ 0.00259379 ,  0.0031063  ,  1.48291e-79,  2.33865e-16,  0.123271   ])
269631  , -826532     , array([ 0.00259379 ,  0.0031032  ,  1.48439e-79,  2.33865e-16,  0.123271   ])
269632  , -826532     , array([ 0.00259379 ,  0.0031032  ,  1.48291e-79,  2.34098e-16,  0.123271   ])
269633  , -826945     , array([ 0.00259379 ,  0.0031032  ,  1.48291e-79,  2.33865e-16,  0.123394   ])
269634  , -826532     , array([ 0.00259379 ,  0.0031032  ,  1.48291e-79,  2.3407e-16 ,  0.123271   ])
269635  , -826532     , array([ 0.00259379 ,  0.0031032  ,  1.48291e-79,  2.3407e-16 ,  0.123271   ])
269636  , -829154     , array([ 0.00259639 ,  0.0031032  ,  1.48291e-79,  2.3407e-16 ,  0.123271   ])
269637  , -826603     , array([ 0.00259379 ,  0.0031063  ,  1.48291e-79,  2.3407e-16 ,  0.123271   ])
269638  , -826532     , array([ 0.00259379 ,  0.0031032  ,  1.48439e-79,  2.3407e-16 ,  0.123271   ])
269639  , -826532     , array([ 0.00259379 ,  0.0031032  ,  1.48291e-79,  2.34304e-16,  0.123271   ])
269640  , -826945     , array([ 0.00259379 ,  0.0031032  ,  1.48291e-79,  2.3407e-16 ,  0.123394   ])
269641  , -826532     , array([ 0.00259379 ,  0.0031032  ,  1.48291e-79,  2.34274e-16,  0.123271   ])
269642  , -826532     , array([ 0.00259379 ,  0.0031032  ,  1.48291e-79,  2.34274e-16,  0.123271   ])
269643  , -829154     , array([ 0.00259639 ,  0.0031032  ,  1.48291e-79,  2.34274e-16,  0.123271   ])
269644  , -826603     , array([ 0.00259379 ,  0.0031063  ,  1.48291e-79,  2.34274e-16,  0.123271   ])
269645  , -826532     , array([ 0.00259379 ,  0.0031032  ,  1.48439e-79,  2.34274e-16,  0.123271   ])
269646  , -826532     , array([ 0.00259379 ,  0.0031032  ,  1.48291e-79,  2.34509e-16,  0.123271   ])
269647  , -826945     , array([ 0.00259379 ,  0.0031032  ,  1.48291e-79,  2.34274e-16,  0.123394   ])
269648  , -827852     , array([ 0.00259379 ,  0.00310315 ,  1.48291e-79,  2.58718e-16,  0.123271   ])
269649  , -827852     , array([ 0.00259379 ,  0.00310315 ,  1.48291e-79,  2.58718e-16,  0.123271   ])
269650  , -829138     , array([ 0.00259639 ,  0.00310315 ,  1.48291e-79,  2.58718e-16,  0.123271   ])
269651  , -826587     , array([ 0.00259379 ,  0.00310626 ,  1.48291e-79,  2.58718e-16,  0.123271   ])
269652  , -827852     , array([ 0.00259379 ,  0.00310315 ,  1.48439e-79,  2.58718e-16,  0.123271   ])
269653  , -827848     , array([ 0.00259379 ,  0.00310315 ,  1.48291e-79,  2.58977e-16,  0.123271   ])
269654  , -826928     , array([ 0.00259379 ,  0.00310315 ,  1.48291e-79,  2.58718e-16,  0.123394   ])
269655  , -826532     , array([ 0.00259379 ,  0.0031032  ,  1.48291e-79,  2.34316e-16,  0.123271   ])
269656  , -826532     , array([ 0.00259379 ,  0.0031032  ,  1.48291e-79,  2.34316e-16,  0.123271   ])
269657  , -829154     , array([ 0.00259639 ,  0.0031032  ,  1.48291e-79,  2.34316e-16,  0.123271   ])
269658  , -826603     , array([ 0.00259379 ,  0.0031063  ,  1.48291e-79,  2.34316e-16,  0.123271   ])
269659  , -826532     , array([ 0.00259379 ,  0.0031032  ,  1.48439e-79,  2.34316e-16,  0.123271   ])
269660  , -826532     , array([ 0.00259379 ,  0.0031032  ,  1.48291e-79,  2.34551e-16,  0.123271   ])
269661  , -826945     , array([ 0.00259379 ,  0.0031032  ,  1.48291e-79,  2.34316e-16,  0.123394   ])
269662  , -826532     , array([ 0.00259379 ,  0.0031032  ,  1.48291e-79,  2.34358e-16,  0.123271   ])
269663  , -826532     , array([ 0.00259379 ,  0.0031032  ,  1.48291e-79,  2.34358e-16,  0.123271   ])
269664  , -829154     , array([ 0.00259639 ,  0.0031032  ,  1.48291e-79,  2.34358e-16,  0.123271   ])
269665  , -826603     , array([ 0.00259379 ,  0.0031063  ,  1.48291e-79,  2.34358e-16,  0.123271   ])
269666  , -826532     , array([ 0.00259379 ,  0.0031032  ,  1.48439e-79,  2.34358e-16,  0.123271   ])
269667  , -826532     , array([ 0.00259379 ,  0.0031032  ,  1.48291e-79,  2.34593e-16,  0.123271   ])
269668  , -826945     , array([ 0.00259379 ,  0.0031032  ,  1.48291e-79,  2.34358e-16,  0.123394   ])
269669  , -826526     , array([ 0.00259379 ,  0.00310317 ,  1.48291e-79,  2.46237e-16,  0.123271   ])
269670  , -826526     , array([ 0.00259379 ,  0.00310317 ,  1.48291e-79,  2.46237e-16,  0.123271   ])
269671  , -829146     , array([ 0.00259639 ,  0.00310317 ,  1.48291e-79,  2.46237e-16,  0.123271   ])
269672  , -826595     , array([ 0.00259379 ,  0.00310628 ,  1.48291e-79,  2.46237e-16,  0.123271   ])
269673  , -826526     , array([ 0.00259379 ,  0.00310317 ,  1.48439e-79,  2.46237e-16,  0.123271   ])
269674  , -826526     , array([ 0.00259379 ,  0.00310317 ,  1.48291e-79,  2.46483e-16,  0.123271   ])
269675  , -826936     , array([ 0.00259379 ,  0.00310317 ,  1.48291e-79,  2.46237e-16,  0.123394   ])
269676  , -826526     , array([ 0.00259379 ,  0.00310317 ,  1.48291e-79,  2.46249e-16,  0.123271   ])
269677  , -826526     , array([ 0.00259379 ,  0.00310317 ,  1.48291e-79,  2.46249e-16,  0.123271   ])
269678  , -829146     , array([ 0.00259639 ,  0.00310317 ,  1.48291e-79,  2.46249e-16,  0.123271   ])
269679  , -826595     , array([ 0.00259379 ,  0.00310628 ,  1.48291e-79,  2.46249e-16,  0.123271   ])
269680  , -826526     , array([ 0.00259379 ,  0.00310317 ,  1.48439e-79,  2.46249e-16,  0.123271   ])
269681  , -826526     , array([ 0.00259379 ,  0.00310317 ,  1.48291e-79,  2.46495e-16,  0.123271   ])
269682  , -826936     , array([ 0.00259379 ,  0.00310317 ,  1.48291e-79,  2.46249e-16,  0.123394   ])
269683  , -826526     , array([ 0.00259379 ,  0.00310317 ,  1.48291e-79,  2.46261e-16,  0.123271   ])
269684  , -826526     , array([ 0.00259379 ,  0.00310317 ,  1.48291e-79,  2.46261e-16,  0.123271   ])
269685  , -829146     , array([ 0.00259639 ,  0.00310317 ,  1.48291e-79,  2.46261e-16,  0.123271   ])
269686  , -826595     , array([ 0.00259379 ,  0.00310628 ,  1.48291e-79,  2.46261e-16,  0.123271   ])
269687  , -826526     , array([ 0.00259379 ,  0.00310317 ,  1.48439e-79,  2.46261e-16,  0.123271   ])
269688  , -826526     , array([ 0.00259379 ,  0.00310317 ,  1.48291e-79,  2.46507e-16,  0.123271   ])
269689  , -826936     , array([ 0.00259379 ,  0.00310317 ,  1.48291e-79,  2.46261e-16,  0.123394   ])
269690  , -826523     , array([ 0.00259379 ,  0.00310316 ,  1.48291e-79,  2.52412e-16,  0.123271   ])
269691  , -826523     , array([ 0.00259379 ,  0.00310316 ,  1.48291e-79,  2.52412e-16,  0.123271   ])
269692  , -829142     , array([ 0.00259639 ,  0.00310316 ,  1.48291e-79,  2.52412e-16,  0.123271   ])
269693  , -826591     , array([ 0.00259379 ,  0.00310627 ,  1.48291e-79,  2.52412e-16,  0.123271   ])
269694  , -826523     , array([ 0.00259379 ,  0.00310316 ,  1.48439e-79,  2.52412e-16,  0.123271   ])
269695  , -826523     , array([ 0.00259379 ,  0.00310316 ,  1.48291e-79,  2.52665e-16,  0.123271   ])
269696  , -826932     , array([ 0.00259379 ,  0.00310316 ,  1.48291e-79,  2.52412e-16,  0.123394   ])
269697  , -826523     , array([ 0.00259379 ,  0.00310316 ,  1.48291e-79,  2.52416e-16,  0.123271   ])
269698  , -826523     , array([ 0.00259379 ,  0.00310316 ,  1.48291e-79,  2.52416e-16,  0.123271   ])
269699  , -829142     , array([ 0.00259639 ,  0.00310316 ,  1.48291e-79,  2.52416e-16,  0.123271   ])
269700  , -826591     , array([ 0.00259379 ,  0.00310627 ,  1.48291e-79,  2.52416e-16,  0.123271   ])
269701  , -826523     , array([ 0.00259379 ,  0.00310316 ,  1.48439e-79,  2.52416e-16,  0.123271   ])
269702  , -826523     , array([ 0.00259379 ,  0.00310316 ,  1.48291e-79,  2.52668e-16,  0.123271   ])
269703  , -826932     , array([ 0.00259379 ,  0.00310316 ,  1.48291e-79,  2.52416e-16,  0.123394   ])
269704  , -826523     , array([ 0.00259379 ,  0.00310316 ,  1.48291e-79,  2.52419e-16,  0.123271   ])
269705  , -826523     , array([ 0.00259379 ,  0.00310316 ,  1.48291e-79,  2.52419e-16,  0.123271   ])
269706  , -829142     , array([ 0.00259639 ,  0.00310316 ,  1.48291e-79,  2.52419e-16,  0.123271   ])
269707  , -826591     , array([ 0.00259379 ,  0.00310627 ,  1.48291e-79,  2.52419e-16,  0.123271   ])
269708  , -826523     , array([ 0.00259379 ,  0.00310316 ,  1.48439e-79,  2.52419e-16,  0.123271   ])
269709  , -826523     , array([ 0.00259379 ,  0.00310316 ,  1.48291e-79,  2.52671e-16,  0.123271   ])
269710  , -826932     , array([ 0.00259379 ,  0.00310316 ,  1.48291e-79,  2.52419e-16,  0.123394   ])
269711  , -826522     , array([ 0.00259379 ,  0.00310316 ,  1.48291e-79,  2.55549e-16,  0.123271   ])
269712  , -826522     , array([ 0.00259379 ,  0.00310316 ,  1.48291e-79,  2.55549e-16,  0.123271   ])
269713  , -829140     , array([ 0.00259639 ,  0.00310316 ,  1.48291e-79,  2.55549e-16,  0.123271   ])
269714  , -826589     , array([ 0.00259379 ,  0.00310626 ,  1.48291e-79,  2.55549e-16,  0.123271   ])
269715  , -826522     , array([ 0.00259379 ,  0.00310316 ,  1.48439e-79,  2.55549e-16,  0.123271   ])
269716  , -826522     , array([ 0.00259379 ,  0.00310316 ,  1.48291e-79,  2.55805e-16,  0.123271   ])
269717  , -826930     , array([ 0.00259379 ,  0.00310316 ,  1.48291e-79,  2.55549e-16,  0.123394   ])
269718  , -826522     , array([ 0.00259379 ,  0.00310316 ,  1.48291e-79,  2.5555e-16 ,  0.123271   ])
269719  , -826522     , array([ 0.00259379 ,  0.00310316 ,  1.48291e-79,  2.5555e-16 ,  0.123271   ])
269720  , -829140     , array([ 0.00259639 ,  0.00310316 ,  1.48291e-79,  2.5555e-16 ,  0.123271   ])
269721  , -826589     , array([ 0.00259379 ,  0.00310626 ,  1.48291e-79,  2.5555e-16 ,  0.123271   ])
269722  , -826522     , array([ 0.00259379 ,  0.00310316 ,  1.48439e-79,  2.5555e-16 ,  0.123271   ])
269723  , -826522     , array([ 0.00259379 ,  0.00310316 ,  1.48291e-79,  2.55805e-16,  0.123271   ])
269724  , -826930     , array([ 0.00259379 ,  0.00310316 ,  1.48291e-79,  2.5555e-16 ,  0.123394   ])
269725  , -826522     , array([ 0.00259379 ,  0.00310316 ,  1.48291e-79,  2.5555e-16 ,  0.123271   ])
269726  , -826522     , array([ 0.00259379 ,  0.00310316 ,  1.48291e-79,  2.5555e-16 ,  0.123271   ])
269727  , -829140     , array([ 0.00259639 ,  0.00310316 ,  1.48291e-79,  2.5555e-16 ,  0.123271   ])
269728  , -826589     , array([ 0.00259379 ,  0.00310626 ,  1.48291e-79,  2.5555e-16 ,  0.123271   ])
269729  , -826522     , array([ 0.00259379 ,  0.00310316 ,  1.48439e-79,  2.5555e-16 ,  0.123271   ])
269730  , -826522     , array([ 0.00259379 ,  0.00310316 ,  1.48291e-79,  2.55806e-16,  0.123271   ])
269731  , -826930     , array([ 0.00259379 ,  0.00310316 ,  1.48291e-79,  2.5555e-16 ,  0.123394   ])
269732  , -826521     , array([ 0.00259379 ,  0.00310315 ,  1.48291e-79,  2.57129e-16,  0.123271   ])
269733  , -826521     , array([ 0.00259379 ,  0.00310315 ,  1.48291e-79,  2.57129e-16,  0.123271   ])
269734  , -829139     , array([ 0.00259639 ,  0.00310315 ,  1.48291e-79,  2.57129e-16,  0.123271   ])
269735  , -826588     , array([ 0.00259379 ,  0.00310626 ,  1.48291e-79,  2.57129e-16,  0.123271   ])
269736  , -826521     , array([ 0.00259379 ,  0.00310315 ,  1.48439e-79,  2.57129e-16,  0.123271   ])
269737  , -826521     , array([ 0.00259379 ,  0.00310315 ,  1.48291e-79,  2.57387e-16,  0.123271   ])
269738  , -826929     , array([ 0.00259379 ,  0.00310315 ,  1.48291e-79,  2.57129e-16,  0.123394   ])
269739  , -826521     , array([ 0.00259379 ,  0.00310315 ,  1.48291e-79,  2.57129e-16,  0.123271   ])
269740  , -826521     , array([ 0.00259379 ,  0.00310315 ,  1.48291e-79,  2.57129e-16,  0.123271   ])
269741  , -829139     , array([ 0.00259639 ,  0.00310315 ,  1.48291e-79,  2.57129e-16,  0.123271   ])
269742  , -826588     , array([ 0.00259379 ,  0.00310626 ,  1.48291e-79,  2.57129e-16,  0.123271   ])
269743  , -826521     , array([ 0.00259379 ,  0.00310315 ,  1.48439e-79,  2.57129e-16,  0.123271   ])
269744  , -826521     , array([ 0.00259379 ,  0.00310315 ,  1.48291e-79,  2.57387e-16,  0.123271   ])
269745  , -826929     , array([ 0.00259379 ,  0.00310315 ,  1.48291e-79,  2.57129e-16,  0.123394   ])
269746  , -826521     , array([ 0.00259379 ,  0.00310315 ,  1.48291e-79,  2.5713e-16 ,  0.123271   ])
269747  , -826521     , array([ 0.00259379 ,  0.00310315 ,  1.48291e-79,  2.5713e-16 ,  0.123271   ])
269748  , -829139     , array([ 0.00259639 ,  0.00310315 ,  1.48291e-79,  2.5713e-16 ,  0.123271   ])
269749  , -826588     , array([ 0.00259379 ,  0.00310626 ,  1.48291e-79,  2.5713e-16 ,  0.123271   ])
269750  , -826521     , array([ 0.00259379 ,  0.00310315 ,  1.48439e-79,  2.5713e-16 ,  0.123271   ])
269751  , -826521     , array([ 0.00259379 ,  0.00310315 ,  1.48291e-79,  2.57387e-16,  0.123271   ])
269752  , -826929     , array([ 0.00259379 ,  0.00310315 ,  1.48291e-79,  2.5713e-16 ,  0.123394   ])
269753  , -826521     , array([ 0.00259379 ,  0.00310315 ,  1.48291e-79,  2.57129e-16,  0.123271   ])
269754  , -826521     , array([ 0.00259379 ,  0.00310315 ,  1.48291e-79,  2.57129e-16,  0.123271   ])
269755  , -829139     , array([ 0.00259639 ,  0.00310315 ,  1.48291e-79,  2.57129e-16,  0.123271   ])
269756  , -826588     , array([ 0.00259379 ,  0.00310626 ,  1.48291e-79,  2.57129e-16,  0.123271   ])
269757  , -826521     , array([ 0.00259379 ,  0.00310315 ,  1.48439e-79,  2.57129e-16,  0.123271   ])
269758  , -826521     , array([ 0.00259379 ,  0.00310315 ,  1.48291e-79,  2.57387e-16,  0.123271   ])
269759  , -826929     , array([ 0.00259379 ,  0.00310315 ,  1.48291e-79,  2.57129e-16,  0.123394   ])
269760  , -826521     , array([ 0.00259379 ,  0.00310315 ,  1.48291e-79,  2.57129e-16,  0.123271   ])
269761  , -826521     , array([ 0.00259379 ,  0.00310315 ,  1.48291e-79,  2.57129e-16,  0.123271   ])
269762  , -829139     , array([ 0.00259639 ,  0.00310315 ,  1.48291e-79,  2.57129e-16,  0.123271   ])
269763  , -826588     , array([ 0.00259379 ,  0.00310626 ,  1.48291e-79,  2.57129e-16,  0.123271   ])
269764  , -826521     , array([ 0.00259379 ,  0.00310315 ,  1.48439e-79,  2.57129e-16,  0.123271   ])
269765  , -826521     , array([ 0.00259379 ,  0.00310315 ,  1.48291e-79,  2.57387e-16,  0.123271   ])
269766  , -826929     , array([ 0.00259379 ,  0.00310315 ,  1.48291e-79,  2.57129e-16,  0.123394   ])
269767  , -826521     , array([ 0.00259379 ,  0.00310315 ,  1.48291e-79,  2.57129e-16,  0.123271   ])
269768  , -826521     , array([ 0.00259379 ,  0.00310315 ,  1.48291e-79,  2.57129e-16,  0.123271   ])
269769  , -829139     , array([ 0.00259639 ,  0.00310315 ,  1.48291e-79,  2.57129e-16,  0.123271   ])
269770  , -826588     , array([ 0.00259379 ,  0.00310626 ,  1.48291e-79,  2.57129e-16,  0.123271   ])
269771  , -826521     , array([ 0.00259379 ,  0.00310315 ,  1.48439e-79,  2.57129e-16,  0.123271   ])
269772  , -826521     , array([ 0.00259379 ,  0.00310315 ,  1.48291e-79,  2.57387e-16,  0.123271   ])
269773  , -826929     , array([ 0.00259379 ,  0.00310315 ,  1.48291e-79,  2.57129e-16,  0.123394   ])
269774  , -826521     , array([ 0.00259379 ,  0.00310315 ,  1.48291e-79,  2.57129e-16,  0.123271   ])
269775  , -826521     , array([ 0.00259379 ,  0.00310315 ,  1.48291e-79,  2.57129e-16,  0.123271   ])
269776  , -829139     , array([ 0.00259639 ,  0.00310315 ,  1.48291e-79,  2.57129e-16,  0.123271   ])
269777  , -826588     , array([ 0.00259379 ,  0.00310626 ,  1.48291e-79,  2.57129e-16,  0.123271   ])
269778  , -826521     , array([ 0.00259379 ,  0.00310315 ,  1.48439e-79,  2.57129e-16,  0.123271   ])
269779  , -826521     , array([ 0.00259379 ,  0.00310315 ,  1.48291e-79,  2.57387e-16,  0.123271   ])
269780  , -826929     , array([ 0.00259379 ,  0.00310315 ,  1.48291e-79,  2.57129e-16,  0.123394   ])
269781  , -883113     , array([ 0.0025937  ,  0.00310055 ,  1.48291e-79,  8.28663e-14,  0.123271   ])
269782  , -852383     , array([ 0.00259376 ,  0.00310213 ,  1.48291e-79,  2.45704e-15,  0.123271   ])
269783  , -827625     , array([ 0.00259378 ,  0.00310293 ,  1.48291e-79,  4.23087e-16,  0.123271   ])
269784  , -826556     , array([ 0.00259379 ,  0.00310329 ,  1.48291e-79,  1.88881e-16,  0.123271   ])
269785  , -826556     , array([ 0.00259379 ,  0.00310329 ,  1.48291e-79,  1.88881e-16,  0.123271   ])
269786  , -829185     , array([ 0.00259639 ,  0.00310329 ,  1.48291e-79,  1.88881e-16,  0.123271   ])
269787  , -826633     , array([ 0.00259379 ,  0.0031064  ,  1.48291e-79,  1.88881e-16,  0.123271   ])
269788  , -826556     , array([ 0.00259379 ,  0.00310329 ,  1.48439e-79,  1.88881e-16,  0.123271   ])
269789  , -826556     , array([ 0.00259379 ,  0.00310329 ,  1.48291e-79,  1.8907e-16 ,  0.123271   ])
269790  , -826977     , array([ 0.00259379 ,  0.00310329 ,  1.48291e-79,  1.88881e-16,  0.123394   ])
269791  , -827727     , array([ 0.00259379 ,  0.00310311 ,  1.48291e-79,  2.82689e-16,  0.123271   ])
269792  , -826534     , array([ 0.00259379 ,  0.0031032  ,  1.48291e-79,  2.31073e-16,  0.123271   ])
269793  , -826534     , array([ 0.00259379 ,  0.0031032  ,  1.48291e-79,  2.31073e-16,  0.123271   ])
269794  , -829156     , array([ 0.00259639 ,  0.0031032  ,  1.48291e-79,  2.31073e-16,  0.123271   ])
269795  , -826605     , array([ 0.00259379 ,  0.00310631 ,  1.48291e-79,  2.31073e-16,  0.123271   ])
269796  , -826534     , array([ 0.00259379 ,  0.0031032  ,  1.48439e-79,  2.31073e-16,  0.123271   ])
269797  , -826534     , array([ 0.00259379 ,  0.0031032  ,  1.48291e-79,  2.31304e-16,  0.123271   ])
269798  , -826947     , array([ 0.00259379 ,  0.0031032  ,  1.48291e-79,  2.31073e-16,  0.123394   ])
269799  , -826522     , array([ 0.00259379 ,  0.00310316 ,  1.48291e-79,  2.55581e-16,  0.123271   ])
269800  , -826522     , array([ 0.00259379 ,  0.00310316 ,  1.48291e-79,  2.55581e-16,  0.123271   ])
269801  , -829140     , array([ 0.00259639 ,  0.00310316 ,  1.48291e-79,  2.55581e-16,  0.123271   ])
269802  , -826589     , array([ 0.00259379 ,  0.00310626 ,  1.48291e-79,  2.55581e-16,  0.123271   ])
269803  , -826522     , array([ 0.00259379 ,  0.00310316 ,  1.48439e-79,  2.55581e-16,  0.123271   ])
269804  , -826522     , array([ 0.00259379 ,  0.00310316 ,  1.48291e-79,  2.55837e-16,  0.123271   ])
269805  , -826930     , array([ 0.00259379 ,  0.00310316 ,  1.48291e-79,  2.55581e-16,  0.123394   ])
269806  , -827755     , array([ 0.00259379 ,  0.00310313 ,  1.48291e-79,  2.68794e-16,  0.123271   ])
269807  , -827785     , array([ 0.00259379 ,  0.00310314 ,  1.48291e-79,  2.62104e-16,  0.123271   ])
269808  , -827844     , array([ 0.00259379 ,  0.00310315 ,  1.48291e-79,  2.58822e-16,  0.123271   ])
269809  , -826521     , array([ 0.00259379 ,  0.00310315 ,  1.48291e-79,  2.57197e-16,  0.123271   ])
269810  , -826521     , array([ 0.00259379 ,  0.00310315 ,  1.48291e-79,  2.57197e-16,  0.123271   ])
269811  , -829139     , array([ 0.00259639 ,  0.00310315 ,  1.48291e-79,  2.57197e-16,  0.123271   ])
269812  , -826588     , array([ 0.00259379 ,  0.00310626 ,  1.48291e-79,  2.57197e-16,  0.123271   ])
269813  , -826521     , array([ 0.00259379 ,  0.00310315 ,  1.48439e-79,  2.57197e-16,  0.123271   ])
269814  , -826521     , array([ 0.00259379 ,  0.00310315 ,  1.48291e-79,  2.57454e-16,  0.123271   ])
269815  , -826929     , array([ 0.00259379 ,  0.00310315 ,  1.48291e-79,  2.57197e-16,  0.123394   ])
269816  , -826520     , array([ 0.00259379 ,  0.00310315 ,  1.48291e-79,  2.58008e-16,  0.123271   ])
269817  , -826520     , array([ 0.00259379 ,  0.00310315 ,  1.48291e-79,  2.58008e-16,  0.123271   ])
269818  , -829139     , array([ 0.00259639 ,  0.00310315 ,  1.48291e-79,  2.58008e-16,  0.123271   ])
269819  , -826588     , array([ 0.00259379 ,  0.00310626 ,  1.48291e-79,  2.58008e-16,  0.123271   ])
269820  , -826520     , array([ 0.00259379 ,  0.00310315 ,  1.48439e-79,  2.58008e-16,  0.123271   ])
269821  , -826520     , array([ 0.00259379 ,  0.00310315 ,  1.48291e-79,  2.58266e-16,  0.123271   ])
269822  , -826928     , array([ 0.00259379 ,  0.00310315 ,  1.48291e-79,  2.58008e-16,  0.123394   ])
