223264  , -79089.4    , array([ 15.0705    ,  19.1763    ,  6.7477e-80 ,  4.89555e-34,  2.09174e-43])
223265  , -79089.4    , array([ 15.0705    ,  19.1763    ,  6.7477e-80 ,  4.89555e-34,  2.09174e-43])
223266  , -79089.4    , array([ 16.0705    ,  19.1763    ,  6.7477e-80 ,  4.89555e-34,  2.09174e-43])
223267  , -79089.4    , array([ 17.6886    ,  19.1763    ,  6.7477e-80 ,  4.89555e-34,  2.09174e-43])
223268  , -79089.4    , array([ 16.0705    ,  19.1763    ,  6.7477e-80 ,  4.89555e-34,  2.09174e-43])
223269  , -79089.4    , array([ 16.6886    ,  19.1763    ,  6.7477e-80 ,  4.89555e-34,  2.09174e-43])
223270  , -79089.4    , array([ 17.0705    ,  19.1763    ,  6.7477e-80 ,  4.89555e-34,  2.09174e-43])
223271  , -79089.4    , array([ 17.3066    ,  19.1763    ,  6.7477e-80 ,  4.89555e-34,  2.09174e-43])
223272  , -79089.4    , array([ 17.4525    ,  19.1763    ,  6.7477e-80 ,  4.89555e-34,  2.09174e-43])
223273  , -79089.4    , array([ 17.5427    ,  19.1763    ,  6.7477e-80 ,  4.89555e-34,  2.09174e-43])
223274  , -79089.4    , array([ 17.5984    ,  19.1763    ,  6.7477e-80 ,  4.89555e-34,  2.09174e-43])
223275  , -79089.4    , array([ 17.6328    ,  19.1763    ,  6.7477e-80 ,  4.89555e-34,  2.09174e-43])
223276  , -79089.4    , array([ 17.6584    ,  19.1763    ,  6.7477e-80 ,  4.89555e-34,  2.09174e-43])
223277  , -79089.4    , array([ 17.6584    ,  19.1763    ,  6.7477e-80 ,  4.89555e-34,  2.09174e-43])
223278  , -79089.4    , array([ 17.6584    ,  20.1763    ,  6.7477e-80 ,  4.89555e-34,  2.09174e-43])
223279  , -79089.4    , array([ 17.6584    ,  21.7943    ,  6.7477e-80 ,  4.89555e-34,  2.09174e-43])
223280  , -79089.4    , array([ 17.6584    ,  20.1763    ,  6.7477e-80 ,  4.89555e-34,  2.09174e-43])
223281  , -79089.4    , array([ 17.6584    ,  20.7943    ,  6.7477e-80 ,  4.89555e-34,  2.09174e-43])
223282  , -79089.4    , array([ 17.6584    ,  21.1763    ,  6.7477e-80 ,  4.89555e-34,  2.09174e-43])
223283  , -79089.4    , array([ 17.6584    ,  21.4124    ,  6.7477e-80 ,  4.89555e-34,  2.09174e-43])
223284  , -79089.4    , array([ 17.6584    ,  21.5583    ,  6.7477e-80 ,  4.89555e-34,  2.09174e-43])
223285  , -79089.4    , array([ 17.6584    ,  21.6484    ,  6.7477e-80 ,  4.89555e-34,  2.09174e-43])
223286  , -79089.4    , array([ 17.6584    ,  21.7042    ,  6.7477e-80 ,  4.89555e-34,  2.09174e-43])
223287  , -79089.4    , array([ 17.6584    ,  21.7386    ,  6.7477e-80 ,  4.89555e-34,  2.09174e-43])
223288  , -79089.4    , array([ 17.6584    ,  21.7642    ,  6.7477e-80 ,  4.89555e-34,  2.09174e-43])
223289  , -79089.4    , array([ 17.6584    ,  21.7642    ,  6.7477e-80 ,  4.89555e-34,  2.09174e-43])
223290  , -79089.4    , array([ 17.6584    ,  21.7642    ,  1          ,  4.89555e-34,  2.09174e-43])
223291  , -79089.4    , array([ 17.6584    ,  21.7642    ,  2.61803    ,  4.89555e-34,  2.09174e-43])
223292  , -79089.4    , array([ 17.6584    ,  21.7642    ,  1          ,  4.89555e-34,  2.09174e-43])
223293  , -79089.4    , array([ 17.6584    ,  21.7642    ,  1.61803    ,  4.89555e-34,  2.09174e-43])
223294  , -79089.4    , array([ 17.6584    ,  21.7642    ,  2          ,  4.89555e-34,  2.09174e-43])
223295  , -79089.4    , array([ 17.6584    ,  21.7642    ,  2.23607    ,  4.89555e-34,  2.09174e-43])
223296  , -79089.4    , array([ 17.6584    ,  21.7642    ,  2.38197    ,  4.89555e-34,  2.09174e-43])
223297  , -79089.4    , array([ 17.6584    ,  21.7642    ,  2.47214    ,  4.89555e-34,  2.09174e-43])
223298  , -79089.4    , array([ 17.6584    ,  21.7642    ,  2.52786    ,  4.89555e-34,  2.09174e-43])
223299  , -79089.4    , array([ 17.6584    ,  21.7642    ,  2.56231    ,  4.89555e-34,  2.09174e-43])
223300  , -79089.4    , array([ 17.6584    ,  21.7642    ,  2.58793    ,  4.89555e-34,  2.09174e-43])
223301  , -79089.4    , array([ 17.6584    ,  21.7642    ,  2.58793    ,  4.89555e-34,  2.09174e-43])
223302  , -79089.4    , array([ 17.6584    ,  21.7642    ,  2.58793    ,  1          ,  2.09174e-43])
223303  , -79089.4    , array([ 17.6584    ,  21.7642    ,  2.58793    ,  2.61803    ,  2.09174e-43])
223304  , -79089.4    , array([ 17.6584    ,  21.7642    ,  2.58793    ,  1          ,  2.09174e-43])
223305  , -79089.4    , array([ 17.6584    ,  21.7642    ,  2.58793    ,  1.61803    ,  2.09174e-43])
223306  , -79089.4    , array([ 17.6584    ,  21.7642    ,  2.58793    ,  2          ,  2.09174e-43])
223307  , -79089.4    , array([ 17.6584    ,  21.7642    ,  2.58793    ,  2.23607    ,  2.09174e-43])
223308  , -79089.4    , array([ 17.6584    ,  21.7642    ,  2.58793    ,  2.38197    ,  2.09174e-43])
223309  , -79089.4    , array([ 17.6584    ,  21.7642    ,  2.58793    ,  2.47214    ,  2.09174e-43])
223310  , -79089.4    , array([ 17.6584    ,  21.7642    ,  2.58793    ,  2.52786    ,  2.09174e-43])
223311  , -79089.4    , array([ 17.6584    ,  21.7642    ,  2.58793    ,  2.56231    ,  2.09174e-43])
223312  , -79089.4    , array([ 17.6584    ,  21.7642    ,  2.58793    ,  2.58793    ,  2.09174e-43])
223313  , -79089.4    , array([ 17.6584    ,  21.7642    ,  2.58793    ,  2.58793    ,  2.09174e-43])
223314  , -115959     , array([ 17.6584    ,  21.7642    ,  2.58793    ,  2.58793    ,  1          ])
223316  , -79089.4    , array([ 17.6584    ,  21.7642    ,  2.58793    ,  2.58793    ,  2.09174e-43])
223318  , -98192.6    , array([ 17.6584    ,  21.7642    ,  2.58793    ,  2.58793    ,  0.381966   ])
223319  , -86966.1    , array([ 17.6584    ,  21.7642    ,  2.58793    ,  2.58793    ,  0.190828   ])
223322  , -79085.7    , array([ 17.6584    ,  21.7642    ,  2.58793    ,  2.58793    ,  0.07289    ])
223323  , -77719.8    , array([ 17.6584    ,  21.7642    ,  2.58793    ,  2.58793    ,  0.0365177  ])
223324  , -77714.7    , array([ 17.6584    ,  21.7642    ,  2.58793    ,  2.58793    ,  0.0361525  ])
223325  , -77685.3    , array([ 17.6584    ,  21.7642    ,  2.58793    ,  2.58793    ,  0.0252846  ])
223326  , -77915.3    , array([ 17.6584    ,  21.7642    ,  2.58793    ,  2.58793    ,  0.0156267  ])
223327  , -77666      , array([ 17.6584    ,  21.7642    ,  2.58793    ,  2.58793    ,  0.0293881  ])
223328  , -77666.1    , array([ 17.6584    ,  21.7642    ,  2.58793    ,  2.58793    ,  0.029682   ])
223329  , -77666.1    , array([ 17.6584    ,  21.7642    ,  2.58793    ,  2.58793    ,  0.0290942  ])
223330  , -79787.2    , array([ 20.2464    ,  24.3522    ,  5.17586    ,  5.17586    ,  0.0587762  ])
223331  , -77666      , array([ 17.6584    ,  21.7642    ,  2.58793    ,  2.58793    ,  0.0293881  ])
223332  , -77731.3    , array([ 18.6584    ,  21.7642    ,  2.58793    ,  2.58793    ,  0.0293881  ])
223333  , -77543.5    , array([ 16.0404    ,  21.7642    ,  2.58793    ,  2.58793    ,  0.0293881  ])
223334  , -77284.6    , array([ 13.4224    ,  21.7642    ,  2.58793    ,  2.58793    ,  0.0293881  ])
223335  , -76566.6    , array([ 9.18631    ,  21.7642    ,  2.58793    ,  2.58793    ,  0.0293881  ])
223336  , -70717      , array([ 2.33221    ,  21.7642    ,  2.58793    ,  2.58793    ,  0.0293881  ])
223338  , -70717      , array([ 2.33221    ,  21.7642    ,  2.58793    ,  2.58793    ,  0.0293881  ])
223340  , -74714.4    , array([ 4.95024    ,  21.7642    ,  2.58793    ,  2.58793    ,  0.0293881  ])
223341  , -73359.4    , array([ 3.641      ,  21.7642    ,  2.58793    ,  2.58793    ,  0.0293881  ])
223342  , -59373.5    , array([ 0.714175   ,  21.7642    ,  2.58793    ,  2.58793    ,  0.0293881  ])
223344  , -66067.8    , array([ 1.33221    ,  21.7642    ,  2.58793    ,  2.58793    ,  0.0293881  ])
223345  , -51847.8    , array([ 0.332209   ,  21.7642    ,  2.58793    ,  2.58793    ,  0.0293881  ])
223346  , -61692.3    , array([ 0.0961412  ,  21.7642    ,  2.58793    ,  2.58793    ,  0.0293881  ])
223347  , -55539      , array([ 0.505472   ,  21.7642    ,  2.58793    ,  2.58793    ,  0.0293881  ])
223348  , -51847.8    , array([ 0.332209   ,  21.7642    ,  2.58793    ,  2.58793    ,  0.0293881  ])
223349  , -51877.9    , array([ 0.332209   ,  22.7642    ,  2.58793    ,  2.58793    ,  0.0293881  ])
223350  , -51792.7    , array([ 0.332209   ,  20.1462    ,  2.58793    ,  2.58793    ,  0.0293881  ])
223351  , -51682.2    , array([ 0.332209   ,  17.5282    ,  2.58793    ,  2.58793    ,  0.0293881  ])
223352  , -51412.6    , array([ 0.332209   ,  13.2921    ,  2.58793    ,  2.58793    ,  0.0293881  ])
223353  , -50246.2    , array([ 0.332209   ,  6.438      ,  2.58793    ,  2.58793    ,  0.0293881  ])
223355  , -50246.2    , array([ 0.332209   ,  6.438      ,  2.58793    ,  2.58793    ,  0.0293881  ])
223356  , -46180      , array([ 0.332209   ,  2.20193    ,  2.58793    ,  2.58793    ,  0.0293881  ])
223358  , -49168.3    , array([ 0.332209   ,  4.31988    ,  2.58793    ,  2.58793    ,  0.0293881  ])
223359  , -41606.4    , array([ 0.332209   ,  1.20193    ,  2.58793    ,  2.58793    ,  0.0293881  ])
223360  , -32900.2    , array([ 0.332209   ,  0.583899   ,  2.58793    ,  2.58793    ,  0.0293881  ])
223361  , -14767      , array([ 0.332209   ,  0.201933   ,  2.58793    ,  2.58793    ,  0.0293881  ])
223363  , -14767      , array([ 0.332209   ,  0.201933   ,  2.58793    ,  2.58793    ,  0.0293881  ])
223364  , -14900.6    , array([ 0.332209   ,  0.201933   ,  3.58793    ,  2.58793    ,  0.0293881  ])
223365  , -14612.7    , array([ 0.332209   ,  0.201933   ,  0.969895   ,  2.58793    ,  0.0293881  ])
223367  , -14612.7    , array([ 0.332209   ,  0.201933   ,  0.969895   ,  2.58793    ,  0.0293881  ])
223368  , -14563.9    , array([ 0.332209   ,  0.201933   ,  0.0352807  ,  2.58793    ,  0.0293881  ])
223370  , -14584.3    , array([ 0.332209   ,  0.201933   ,  0.502588   ,  2.58793    ,  0.0293881  ])
223372  , -14570.7    , array([ 0.332209   ,  0.201933   ,  0.213776   ,  2.58793    ,  0.0293881  ])
223374  , -14566.3    , array([ 0.332209   ,  0.201933   ,  0.10346    ,  2.58793    ,  0.0293881  ])
223375  , -14562.8    , array([ 0.332209   ,  0.201933   ,  0.00309087 ,  2.58793    ,  0.0293881  ])
223377  , -14562.8    , array([ 0.332209   ,  0.201933   ,  0.00309087 ,  2.58793    ,  0.0293881  ])
223378  , -15263.5    , array([ 0.332209   ,  0.201933   ,  0.00309087 ,  3.58793    ,  0.0293881  ])
223379  , -13448.6    , array([ 0.332209   ,  0.201933   ,  0.00309087 ,  0.969895   ,  0.0293881  ])
223381  , -13448.6    , array([ 0.332209   ,  0.201933   ,  0.00309087 ,  0.969895   ,  0.0293881  ])
223386  , -13870.6    , array([ 0.332209   ,  0.201933   ,  0.00309087 ,  1.58793    ,  0.0293881  ])
223387  , -13659      , array([ 0.332209   ,  0.201933   ,  0.00309087 ,  1.2789     ,  0.0293881  ])
223388  , -13046      , array([ 0.332209   ,  0.201933   ,  0.00309087 ,  0.372434   ,  0.0293881  ])
223389  , -12800.3    , array([ 0.332209   ,  0.201933   ,  0.00309087 ,  0.003182   ,  0.0293881  ])
223391  , -12893.9    , array([ 0.332209   ,  0.201933   ,  0.00309087 ,  0.144224   ,  0.0293881  ])
223393  , -12836      , array([ 0.332209   ,  0.201933   ,  0.00309087 ,  0.0570551  ,  0.0293881  ])
223395  , -12817.4    , array([ 0.332209   ,  0.201933   ,  0.00309087 ,  0.0290295  ,  0.0293881  ])
223396  , -12800.3    , array([ 0.332209   ,  0.201933   ,  0.00309087 ,  0.003182   ,  0.0293881  ])
223397  , -249266     , array([ 0.332209   ,  0.201933   ,  0.00309087 ,  0.003182   ,  1.02939    ])
223399  , -12800.3    , array([ 0.332209   ,  0.201933   ,  0.00309087 ,  0.003182   ,  0.0293881  ])
223401  , -107592     , array([ 0.332209   ,  0.201933   ,  0.00309087 ,  0.003182   ,  0.411354   ])
223402  , -53525      , array([ 0.332209   ,  0.201933   ,  0.00309087 ,  0.003182   ,  0.219605   ])
223405  , -20818.4    , array([ 0.332209   ,  0.201933   ,  0.00309087 ,  0.003182   ,  0.102045   ])
223406  , -58169.1    , array([ 0.332209   ,  0.201933   ,  0.00309087 ,  0.003182   ,  0.00318749 ])
223407  , -11200.1    , array([ 0.332209   ,  0.201933   ,  0.00309087 ,  0.003182   ,  0.0571404  ])
223408  , -10585.3    , array([ 0.332209   ,  0.201933   ,  0.00309087 ,  0.003182   ,  0.0509695  ])
223409  , -10393      , array([ 0.332209   ,  0.201933   ,  0.00309087 ,  0.003182   ,  0.0472203  ])
223410  , -10522.4    , array([ 0.332209   ,  0.201933   ,  0.00309087 ,  0.003182   ,  0.040409   ])
223411  , -10359.8    , array([ 0.332209   ,  0.201933   ,  0.00309087 ,  0.003182   ,  0.0452419  ])
223412  , -10359.4    , array([ 0.332209   ,  0.201933   ,  0.00309087 ,  0.003182   ,  0.0450834  ])
223413  , -10359.4    , array([ 0.332209   ,  0.201933   ,  0.00309087 ,  0.003182   ,  0.0449264  ])
223414  , -10382.9    , array([ 0.332209   ,  0.201933   ,  0.00309087 ,  0.003182   ,  0.0432009  ])
223415  , -10359.7    , array([ 0.332209   ,  0.201933   ,  0.00309087 ,  0.003182   ,  0.0447711  ])
223417  , -10359.4    , array([ 0.332209   ,  0.201933   ,  0.00309087 ,  0.003182   ,  0.0449264  ])
223418  , -5092.72    , array([ 1.33221    ,  0.201933   ,  0.00309087 ,  0.003182   ,  0.0449264  ])
223419  , -5497.44    , array([ 2.95024    ,  0.201933   ,  0.00309087 ,  0.003182   ,  0.0449264  ])
223420  , -5092.72    , array([ 1.33221    ,  0.201933   ,  0.00309087 ,  0.003182   ,  0.0449264  ])
223421  , -5228.56    , array([ 1.95024    ,  0.201933   ,  0.00309087 ,  0.003182   ,  0.0449264  ])
223422  , -5221.24    , array([ 0.950243   ,  0.201933   ,  0.00309087 ,  0.003182   ,  0.0449264  ])
223423  , -5104.18    , array([ 1.44366    ,  0.201933   ,  0.00309087 ,  0.003182   ,  0.0449264  ])
223424  , -5092.28    , array([ 1.32221    ,  0.201933   ,  0.00309087 ,  0.003182   ,  0.0449264  ])
223425  , -5091.74    , array([ 1.28263    ,  0.201933   ,  0.00309087 ,  0.003182   ,  0.0449264  ])
223426  , -5106.4     , array([ 1.15567    ,  0.201933   ,  0.00309087 ,  0.003182   ,  0.0449264  ])
223427  , -5091.69    , array([ 1.29213    ,  0.201933   ,  0.00309087 ,  0.003182   ,  0.0449264  ])
223428  , -5091.76    , array([ 1.30173    ,  0.201933   ,  0.00309087 ,  0.003182   ,  0.0449264  ])
223429  , -5091.69    , array([ 1.29213    ,  0.201933   ,  0.00309087 ,  0.003182   ,  0.0449264  ])
223430  , -38402.4    , array([ 1.29213    ,  1.20193    ,  0.00309087 ,  0.003182   ,  0.0449264  ])
223432  , -5091.69    , array([ 1.29213    ,  0.201933   ,  0.00309087 ,  0.003182   ,  0.0449264  ])
223434  , -24615.7    , array([ 1.29213    ,  0.583899   ,  0.00309087 ,  0.003182   ,  0.0449264  ])
223435  , -16355.2    , array([ 1.29213    ,  0.392758   ,  0.00309087 ,  0.003182   ,  0.0449264  ])
223437  , -2173       , array([ 1.29213    ,  0.111763   ,  0.00309087 ,  0.003182   ,  0.0449264  ])
223438  , -12047.4    , array([ 1.29213    ,  0.0560347  ,  0.00309087 ,  0.003182   ,  0.0449264  ])
223439  , -2371.84    , array([ 1.29213    ,  0.14558    ,  0.00309087 ,  0.003182   ,  0.0449264  ])
223440  , -2018.51    , array([ 1.29213    ,  0.122417   ,  0.00309087 ,  0.003182   ,  0.0449264  ])
223441  , -2017.67    , array([ 1.29213    ,  0.12533    ,  0.00309087 ,  0.003182   ,  0.0449264  ])
223442  , -2016.1     , array([ 1.29213    ,  0.124012   ,  0.00309087 ,  0.003182   ,  0.0449264  ])
223443  , -2016.68    , array([ 1.29213    ,  0.123232   ,  0.00309087 ,  0.003182   ,  0.0449264  ])
223444  , -2016.1     , array([ 1.29213    ,  0.124012   ,  0.00309087 ,  0.003182   ,  0.0449264  ])
223445  , -1775.21    , array([ 1.29213    ,  0.124012   ,  1.00309    ,  0.003182   ,  0.0449264  ])
223446  , -1605.9     , array([ 1.29213    ,  0.124012   ,  2.62112    ,  0.003182   ,  0.0449264  ])
223447  , -1600.39    , array([ 1.29213    ,  0.124012   ,  2.8175     ,  0.003182   ,  0.0449264  ])
223448  , -1597.51    , array([ 1.29213    ,  0.124012   ,  3.13524    ,  0.003182   ,  0.0449264  ])
223449  , -1597.48    , array([ 1.29213    ,  0.124012   ,  3.09894    ,  0.003182   ,  0.0449264  ])
223450  , -1597.48    , array([ 1.29213    ,  0.124012   ,  3.09894    ,  0.003182   ,  0.0449264  ])
223451  , -1597.91    , array([ 1.29213    ,  0.124012   ,  2.99144    ,  0.003182   ,  0.0449264  ])
223452  , -1597.54    , array([ 1.29213    ,  0.124012   ,  3.05788    ,  0.003182   ,  0.0449264  ])
223453  , -1597.48    , array([ 1.29213    ,  0.124012   ,  3.09894    ,  0.003182   ,  0.0449264  ])
223454  , -1756.37    , array([ 1.29213    ,  0.124012   ,  3.09894    ,  1.00318    ,  0.0449264  ])
223456  , -1597.48    , array([ 1.29213    ,  0.124012   ,  3.09894    ,  0.003182   ,  0.0449264  ])
223458  , -1640.76    , array([ 1.29213    ,  0.124012   ,  3.09894    ,  0.385148   ,  0.0449264  ])
223459  , -1616.18    , array([ 1.29213    ,  0.124012   ,  3.09894    ,  0.194165   ,  0.0449264  ])
223462  , -1603.9     , array([ 1.29213    ,  0.124012   ,  3.09894    ,  0.0761309  ,  0.0449264  ])
223464  , -1599.82    , array([ 1.29213    ,  0.124012   ,  3.09894    ,  0.031046   ,  0.0449264  ])
223466  , -1598.36    , array([ 1.29213    ,  0.124012   ,  3.09894    ,  0.0138251  ,  0.0449264  ])
223468  , -1597.81    , array([ 1.29213    ,  0.124012   ,  3.09894    ,  0.00724731 ,  0.0449264  ])
223469  , -1597.32    , array([ 1.29213    ,  0.124012   ,  3.09894    ,  0.00126263 ,  0.0449264  ])
223470  , -1597.22    , array([ 1.29213    ,  0.124012   ,  3.09894    ,  7.63855e-05,  0.0449264  ])
223472  , -1597.26    , array([ 1.29213    ,  0.124012   ,  3.09894    ,  0.000529489,  0.0449264  ])
223474  , -1597.24    , array([ 1.29213    ,  0.124012   ,  3.09894    ,  0.000249456,  0.0449264  ])
223476  , -1597.23    , array([ 1.29213    ,  0.124012   ,  3.09894    ,  0.000142492,  0.0449264  ])
223477  , -1597.22    , array([ 1.29213    ,  0.124012   ,  3.09894    ,  3.55292e-05,  0.0449264  ])
223478  , -1597.22    , array([ 1.29213    ,  0.124012   ,  3.09894    ,  4.06443e-06,  0.0449264  ])
223479  , -1597.22    , array([ 1.29213    ,  0.124012   ,  3.09894    ,  4.06443e-06,  0.0449264  ])
223480  , -72102.8    , array([ 1.29213    ,  0.124012   ,  3.09894    ,  4.06443e-06,  1.04493    ])
223482  , -1597.22    , array([ 1.29213    ,  0.124012   ,  3.09894    ,  4.06443e-06,  0.0449264  ])
223484  , -54569.4    , array([ 1.29213    ,  0.124012   ,  3.09894    ,  4.06443e-06,  0.426892   ])
223485  , -30592      , array([ 1.29213    ,  0.124012   ,  3.09894    ,  4.06443e-06,  0.235481   ])
223488  , -10767.7    , array([ 1.29213    ,  0.124012   ,  3.09894    ,  4.06443e-06,  0.117712   ])
223489  , -25646.1    , array([ 1.29213    ,  0.124012   ,  3.09894    ,  4.06443e-06,  0.0104846  ])
223490  , -3486.02    , array([ 1.29213    ,  0.124012   ,  3.09894    ,  4.06443e-06,  0.0731237  ])
223491  , -3162.34    , array([ 1.29213    ,  0.124012   ,  3.09894    ,  4.06443e-06,  0.0337172  ])
223492  , -1580.14    , array([ 1.29213    ,  0.124012   ,  3.09894    ,  4.06443e-06,  0.0526372  ])
223493  , -1512.29    , array([ 1.29213    ,  0.124012   ,  3.09894    ,  4.06443e-06,  0.0489342  ])
223494  , -1512.37    , array([ 1.29213    ,  0.124012   ,  3.09894    ,  4.06443e-06,  0.0489978  ])
223495  , -1512.25    , array([ 1.29213    ,  0.124012   ,  3.09894    ,  4.06443e-06,  0.048838   ])
223496  , -1512.25    , array([ 1.29213    ,  0.124012   ,  3.09894    ,  4.06443e-06,  0.0488771  ])
223497  , -1512.26    , array([ 1.29213    ,  0.124012   ,  3.09894    ,  4.06443e-06,  0.0487989  ])
223499  , -1512.25    , array([ 1.29213    ,  0.124012   ,  3.09894    ,  4.06443e-06,  0.048838   ])
223500  , -1732.43    , array([ 2.29213    ,  0.124012   ,  3.09894    ,  4.06443e-06,  0.048838   ])
223502  , -1512.25    , array([ 1.29213    ,  0.124012   ,  3.09894    ,  4.06443e-06,  0.048838   ])
223503  , -2059.82    , array([ 0.674096   ,  0.124012   ,  3.09894    ,  4.06443e-06,  0.048838   ])
223504  , -1576.39    , array([ 1.6741     ,  0.124012   ,  3.09894    ,  4.06443e-06,  0.048838   ])
223505  , -1523.11    , array([ 1.40345    ,  0.124012   ,  3.09894    ,  4.06443e-06,  0.048838   ])
223506  , -1516.09    , array([ 1.16032    ,  0.124012   ,  3.09894    ,  4.06443e-06,  0.048838   ])
223507  , -1511.11    , array([ 1.25417    ,  0.124012   ,  3.09894    ,  4.06443e-06,  0.048838   ])
223508  , -1511.07    , array([ 1.24927    ,  0.124012   ,  3.09894    ,  4.06443e-06,  0.048838   ])
223509  , -1511.07    , array([ 1.24596    ,  0.124012   ,  3.09894    ,  4.06443e-06,  0.048838   ])
223510  , -1511.07    , array([ 1.24642    ,  0.124012   ,  3.09894    ,  4.06443e-06,  0.048838   ])
223511  , -1511.07    , array([ 1.24688    ,  0.124012   ,  3.09894    ,  4.06443e-06,  0.048838   ])
223512  , -1511.07    , array([ 1.24642    ,  0.124012   ,  3.09894    ,  4.06443e-06,  0.048838   ])
223513  , -37788.6    , array([ 1.24642    ,  1.12401    ,  3.09894    ,  4.06443e-06,  0.048838   ])
223515  , -1511.07    , array([ 1.24642    ,  0.124012   ,  3.09894    ,  4.06443e-06,  0.048838   ])
223517  , -21941.4    , array([ 1.24642    ,  0.505978   ,  3.09894    ,  4.06443e-06,  0.048838   ])
223518  , -12099.8    , array([ 1.24642    ,  0.314829   ,  3.09894    ,  4.06443e-06,  0.048838   ])
223520  , -30786.7    , array([ 1.24642    ,  0.0338416  ,  3.09894    ,  4.06443e-06,  0.048838   ])
223521  , -4546.27    , array([ 1.24642    ,  0.196897   ,  3.09894    ,  4.06443e-06,  0.048838   ])
223522  , -3028.79    , array([ 1.24642    ,  0.0895697  ,  3.09894    ,  4.06443e-06,  0.048838   ])
223523  , -1635.2     , array([ 1.24642    ,  0.134381   ,  3.09894    ,  4.06443e-06,  0.048838   ])
223524  , -1512.44    , array([ 1.24642    ,  0.12441    ,  3.09894    ,  4.06443e-06,  0.048838   ])
223525  , -1508.65    , array([ 1.24642    ,  0.122192   ,  3.09894    ,  4.06443e-06,  0.048838   ])
223526  , -1689.3     , array([ 1.24642    ,  0.109731   ,  3.09894    ,  4.06443e-06,  0.048838   ])
223527  , -1508.6     , array([ 1.24642    ,  0.122409   ,  3.09894    ,  4.06443e-06,  0.048838   ])
223528  , -1508.6     , array([ 1.24642    ,  0.122425   ,  3.09894    ,  4.06443e-06,  0.048838   ])
223529  , -1508.6     , array([ 1.24642    ,  0.122441   ,  3.09894    ,  4.06443e-06,  0.048838   ])
223530  , -1508.6     , array([ 1.24642    ,  0.122425   ,  3.09894    ,  4.06443e-06,  0.048838   ])
223531  , -1462.46    , array([ 1.24642    ,  0.122425   ,  4.09894    ,  4.06443e-06,  0.048838   ])
223532  , -1541.37    , array([ 1.24642    ,  0.122425   ,  5.71697    ,  4.06443e-06,  0.048838   ])
223533  , -1462.46    , array([ 1.24642    ,  0.122425   ,  4.09894    ,  4.06443e-06,  0.048838   ])
223534  , -1471.98    , array([ 1.24642    ,  0.122425   ,  4.71697    ,  4.06443e-06,  0.048838   ])
223535  , -1470.63    , array([ 1.24642    ,  0.122425   ,  3.71697    ,  4.06443e-06,  0.048838   ])
223536  , -1462.14    , array([ 1.24642    ,  0.122425   ,  4.19867    ,  4.06443e-06,  0.048838   ])
223537  , -1462.14    , array([ 1.24642    ,  0.122425   ,  4.18767    ,  4.06443e-06,  0.048838   ])
223538  , -1462.15    , array([ 1.24642    ,  0.122425   ,  4.17678    ,  4.06443e-06,  0.048838   ])
223539  , -1462.14    , array([ 1.24642    ,  0.122425   ,  4.18767    ,  4.06443e-06,  0.048838   ])
223540  , -1523.06    , array([ 1.24642    ,  0.122425   ,  4.18767    ,  1          ,  0.048838   ])
223542  , -1462.14    , array([ 1.24642    ,  0.122425   ,  4.18767    ,  4.06443e-06,  0.048838   ])
223544  , -1463.21    , array([ 1.24642    ,  0.122425   ,  4.18767    ,  0.38197    ,  0.048838   ])
223545  , -1458.9     , array([ 1.24642    ,  0.122425   ,  4.18767    ,  0.190987   ,  0.048838   ])
223546  , -1458.87    , array([ 1.24642    ,  0.122425   ,  4.18767    ,  0.177466   ,  0.048838   ])
223547  , -1458.87    , array([ 1.24642    ,  0.122425   ,  4.18767    ,  0.175396   ,  0.048838   ])
223548  , -1458.87    , array([ 1.24642    ,  0.122425   ,  4.18767    ,  0.173642   ,  0.048838   ])
223549  , -1458.87    , array([ 1.24642    ,  0.122425   ,  4.18767    ,  0.175396   ,  0.048838   ])
223550  , -46373.6    , array([ 1.24642    ,  0.122425   ,  4.18767    ,  0.175396   ,  1.04884    ])
223552  , -1458.87    , array([ 1.24642    ,  0.122425   ,  4.18767    ,  0.175396   ,  0.048838   ])
223554  , -39216.4    , array([ 1.24642    ,  0.122425   ,  4.18767    ,  0.175396   ,  0.430804   ])
223555  , -24432.6    , array([ 1.24642    ,  0.122425   ,  4.18767    ,  0.175396   ,  0.239516   ])
223558  , -9353.26    , array([ 1.24642    ,  0.122425   ,  4.18767    ,  0.175396   ,  0.12167    ])
223559  , -17761.6    , array([ 1.24642    ,  0.122425   ,  4.18767    ,  0.175396   ,  0.0143961  ])
223560  , -3108.2     , array([ 1.24642    ,  0.122425   ,  4.18767    ,  0.175396   ,  0.0752602  ])
223561  , -2822.43    , array([ 1.24642    ,  0.122425   ,  4.18767    ,  0.175396   ,  0.0356824  ])
223562  , -1498.85    , array([ 1.24642    ,  0.122425   ,  4.18767    ,  0.175396   ,  0.0546109  ])
223563  , -1442.06    , array([ 1.24642    ,  0.122425   ,  4.18767    ,  0.175396   ,  0.0511317  ])
223564  , -1441.64    , array([ 1.24642    ,  0.122425   ,  4.18767    ,  0.175396   ,  0.0508793  ])
223565  , -1441.62    , array([ 1.24642    ,  0.122425   ,  4.18767    ,  0.175396   ,  0.050816   ])
223566  , -1441.62    , array([ 1.24642    ,  0.122425   ,  4.18767    ,  0.175396   ,  0.0507962  ])
223567  , -1441.62    , array([ 1.24642    ,  0.122425   ,  4.18767    ,  0.175396   ,  0.0508358  ])
223568  , -1426.16    , array([ 1.20071    ,  0.120838   ,  5.2764     ,  0.350788   ,  0.052794   ])
223569  , -1441.62    , array([ 1.24642    ,  0.122425   ,  4.18767    ,  0.175396   ,  0.050816   ])
223570  , -1426.16    , array([ 1.20071    ,  0.120838   ,  5.2764     ,  0.350788   ,  0.052794   ])
223571  , -1518.24    , array([ 1.12675    ,  0.11827    ,  7.038      ,  0.634579   ,  0.0559945  ])
223572  , -1426.16    , array([ 1.20071    ,  0.120838   ,  5.2764     ,  0.350788   ,  0.052794   ])
223573  , -1444.33    , array([ 1.17246    ,  0.119857   ,  5.94927    ,  0.459187   ,  0.0540165  ])
223574  , -1425.52    , array([ 1.21817    ,  0.121444   ,  4.86054    ,  0.283794   ,  0.0520385  ])
223575  , -1424.8     , array([ 1.21082    ,  0.121189   ,  5.03563    ,  0.312002   ,  0.0523566  ])
223576  , -1424.8     , array([ 1.21046    ,  0.121176   ,  5.04411    ,  0.313368   ,  0.052372   ])
223577  , -1424.8     , array([ 1.21117    ,  0.121201   ,  5.02715    ,  0.310636   ,  0.0523412  ])
223578  , -1424.8     , array([ 1.21082    ,  0.121189   ,  5.03563    ,  0.312002   ,  0.0523566  ])
223579  , -1808.23    , array([ 2.21082    ,  0.121189   ,  5.03563    ,  0.312002   ,  0.0523566  ])
223581  , -1424.8     , array([ 1.21082    ,  0.121189   ,  5.03563    ,  0.312002   ,  0.0523566  ])
223582  , -1929.69    , array([ 0.592784   ,  0.121189   ,  5.03563    ,  0.312002   ,  0.0523566  ])
223583  , -1565.66    , array([ 1.59278    ,  0.121189   ,  5.03563    ,  0.312002   ,  0.0523566  ])
223584  , -1435.03    , array([ 1.24629    ,  0.121189   ,  5.03563    ,  0.312002   ,  0.0523566  ])
223585  , -1399.72    , array([ 0.97475    ,  0.121189   ,  5.03563    ,  0.312002   ,  0.0523566  ])
223586  , -1396.39    , array([ 1.01362    ,  0.121189   ,  5.03563    ,  0.312002   ,  0.0523566  ])
223587  , -1396.25    , array([ 1.0382     ,  0.121189   ,  5.03563    ,  0.312002   ,  0.0523566  ])
223588  , -1396.14    , array([ 1.02825    ,  0.121189   ,  5.03563    ,  0.312002   ,  0.0523566  ])
223589  , -1396.14    , array([ 1.03007    ,  0.121189   ,  5.03563    ,  0.312002   ,  0.0523566  ])
223590  , -1396.14    , array([ 1.02642    ,  0.121189   ,  5.03563    ,  0.312002   ,  0.0523566  ])
223591  , -1396.14    , array([ 1.02825    ,  0.121189   ,  5.03563    ,  0.312002   ,  0.0523566  ])
223592  , -37167.8    , array([ 1.02825    ,  1.12119    ,  5.03563    ,  0.312002   ,  0.0523566  ])
223594  , -1396.14    , array([ 1.02825    ,  0.121189   ,  5.03563    ,  0.312002   ,  0.0523566  ])
223596  , -21739.4    , array([ 1.02825    ,  0.503155   ,  5.03563    ,  0.312002   ,  0.0523566  ])
223597  , -11987.8    , array([ 1.02825    ,  0.312007   ,  5.03563    ,  0.312002   ,  0.0523566  ])
223599  , -34507.7    , array([ 1.02825    ,  0.0310189  ,  5.03563    ,  0.312002   ,  0.0523566  ])
223600  , -4410.32    , array([ 1.02825    ,  0.194075   ,  5.03563    ,  0.312002   ,  0.0523566  ])
223601  , -3110.07    , array([ 1.02825    ,  0.0867469  ,  5.03563    ,  0.312002   ,  0.0523566  ])
223602  , -1536.69    , array([ 1.02825    ,  0.133276   ,  5.03563    ,  0.312002   ,  0.0523566  ])
223603  , -1400.1     , array([ 1.02825    ,  0.122826   ,  5.03563    ,  0.312002   ,  0.0523566  ])
223604  , -1396       , array([ 1.02825    ,  0.120633   ,  5.03563    ,  0.312002   ,  0.0523566  ])
223605  , -1395.98    , array([ 1.02825    ,  0.120788   ,  5.03563    ,  0.312002   ,  0.0523566  ])
223606  , -1395.98    , array([ 1.02825    ,  0.120792   ,  5.03563    ,  0.312002   ,  0.0523566  ])
223607  , -1395.98    , array([ 1.02825    ,  0.120796   ,  5.03563    ,  0.312002   ,  0.0523566  ])
223608  , -1395.98    , array([ 1.02825    ,  0.120792   ,  5.03563    ,  0.312002   ,  0.0523566  ])
223609  , -36133.2    , array([ 1.02825    ,  0.120792   ,  5.03563    ,  0.312002   ,  1.05236    ])
223611  , -1395.98    , array([ 1.02825    ,  0.120792   ,  5.03563    ,  0.312002   ,  0.0523566  ])
223613  , -31532.2    , array([ 1.02825    ,  0.120792   ,  5.03563    ,  0.312002   ,  0.434323   ])
223614  , -20721.5    , array([ 1.02825    ,  0.120792   ,  5.03563    ,  0.312002   ,  0.243096   ])
223617  , -8478.21    , array([ 1.02825    ,  0.120792   ,  5.03563    ,  0.312002   ,  0.125213   ])
223618  , -12747.3    , array([ 1.02825    ,  0.120792   ,  5.03563    ,  0.312002   ,  0.0179148  ])
223619  , -2855.86    , array([ 1.02825    ,  0.120792   ,  5.03563    ,  0.312002   ,  0.076565   ])
223620  , -2211.18    , array([ 1.02825    ,  0.120792   ,  5.03563    ,  0.312002   ,  0.039201   ])
223621  , -1432.5     , array([ 1.02825    ,  0.120792   ,  5.03563    ,  0.312002   ,  0.0552467  ])
223622  , -1396.23    , array([ 1.02825    ,  0.120792   ,  5.03563    ,  0.312002   ,  0.0524425  ])
223623  , -1395.49    , array([ 1.02825    ,  0.120792   ,  5.03563    ,  0.312002   ,  0.0519627  ])
223624  , -1395.48    , array([ 1.02825    ,  0.120792   ,  5.03563    ,  0.312002   ,  0.0519907  ])
223625  , -1395.48    , array([ 1.02825    ,  0.120792   ,  5.03563    ,  0.312002   ,  0.0519943  ])
223626  , -1395.48    , array([ 1.02825    ,  0.120792   ,  5.03563    ,  0.312002   ,  0.051987   ])
223627  , -1395.48    , array([ 1.02825    ,  0.120792   ,  5.03563    ,  0.312002   ,  0.0519907  ])
223628  , -1424.83    , array([ 1.02825    ,  0.120792   ,  5.03563    ,  1.312      ,  0.0519907  ])
223630  , -1395.48    , array([ 1.02825    ,  0.120792   ,  5.03563    ,  0.312002   ,  0.0519907  ])
223632  , -1382.69    , array([ 1.02825    ,  0.120792   ,  5.03563    ,  0.693968   ,  0.0519907  ])
223633  , -1384.99    , array([ 1.02825    ,  0.120792   ,  5.03563    ,  0.502985   ,  0.0519907  ])
223634  , -1382.52    , array([ 1.02825    ,  0.120792   ,  5.03563    ,  0.652335   ,  0.0519907  ])
223635  , -1382.52    , array([ 1.02825    ,  0.120792   ,  5.03563    ,  0.655738   ,  0.0519907  ])
223636  , -1382.52    , array([ 1.02825    ,  0.120792   ,  5.03563    ,  0.659176   ,  0.0519907  ])
223637  , -1382.52    , array([ 1.02825    ,  0.120792   ,  5.03563    ,  0.655738   ,  0.0519907  ])
223638  , -1380.79    , array([ 0.992647   ,  0.119556   ,  5.8836     ,  0.792344   ,  0.0535313  ])
223639  , -1445.47    , array([ 0.935042   ,  0.117557   ,  7.25564    ,  1.01338    ,  0.056024   ])
223640  , -1380.79    , array([ 0.992647   ,  0.119556   ,  5.8836     ,  0.792344   ,  0.0535313  ])
223641  , -1395.76    , array([ 0.970644   ,  0.118793   ,  6.40767    ,  0.876771   ,  0.0544834  ])
223642  , -1377.65    , array([ 1.00625    ,  0.120028   ,  5.55971    ,  0.740165   ,  0.0529428  ])
223643  , -1377.58    , array([ 1.0086     ,  0.12011    ,  5.50364    ,  0.731133   ,  0.0528409  ])
223644  , -1377.58    , array([ 1.0084     ,  0.120103   ,  5.50832    ,  0.731887   ,  0.0528495  ])
223645  , -1377.59    , array([ 1.0088     ,  0.120117   ,  5.49896    ,  0.730379   ,  0.0528324  ])
223646  , -1443.18    , array([ 0.770779   ,  0.117796   ,  6.81961    ,  1.28687    ,  0.0548659  ])
223647  , -1377.58    , array([ 1.0086     ,  0.12011    ,  5.50364    ,  0.731133   ,  0.0528409  ])
223648  , -1778.31    , array([ 2.0086     ,  0.12011    ,  5.50364    ,  0.731133   ,  0.0528409  ])
223650  , -1377.58    , array([ 1.0086     ,  0.12011    ,  5.50364    ,  0.731133   ,  0.0528409  ])
223651  , -3338.94    , array([ 0.390565   ,  0.12011    ,  5.50364    ,  0.731133   ,  0.0528409  ])
223652  , -1501.27    , array([ 1.39057    ,  0.12011    ,  5.50364    ,  0.731133   ,  0.0528409  ])
223653  , -1407.93    , array([ 1.15329    ,  0.12011    ,  5.50364    ,  0.731133   ,  0.0528409  ])
223654  , -1397.24    , array([ 0.862914   ,  0.12011    ,  5.50364    ,  0.731133   ,  0.0528409  ])
223655  , -1376.59    , array([ 0.992592   ,  0.12011    ,  5.50364    ,  0.731133   ,  0.0528409  ])
223656  , -1376.25    , array([ 0.980171   ,  0.12011    ,  5.50364    ,  0.731133   ,  0.0528409  ])
223657  , -1376.23    , array([ 0.97519    ,  0.12011    ,  5.50364    ,  0.731133   ,  0.0528409  ])
223658  , -1376.23    , array([ 0.975816   ,  0.12011    ,  5.50364    ,  0.731133   ,  0.0528409  ])
223659  , -1376.23    , array([ 0.976144   ,  0.12011    ,  5.50364    ,  0.731133   ,  0.0528409  ])
223660  , -1376.23    , array([ 0.975816   ,  0.12011    ,  5.50364    ,  0.731133   ,  0.0528409  ])
223661  , -37618.1    , array([ 0.975816   ,  1.12011    ,  5.50364    ,  0.731133   ,  0.0528409  ])
223663  , -1376.23    , array([ 0.975816   ,  0.12011    ,  5.50364    ,  0.731133   ,  0.0528409  ])
223665  , -22324.8    , array([ 0.975816   ,  0.502076   ,  5.50364    ,  0.731133   ,  0.0528409  ])
223666  , -12512.2    , array([ 0.975816   ,  0.310924   ,  5.50364    ,  0.731133   ,  0.0528409  ])
223668  , -33601.8    , array([ 0.975816   ,  0.0299402  ,  5.50364    ,  0.731133   ,  0.0528409  ])
223669  , -4723.94    , array([ 0.975816   ,  0.192994   ,  5.50364    ,  0.731133   ,  0.0528409  ])
223670  , -2817.54    , array([ 0.975816   ,  0.0856683  ,  5.50364    ,  0.731133   ,  0.0528409  ])
223671  , -1500.16    , array([ 0.975816   ,  0.128472   ,  5.50364    ,  0.731133   ,  0.0528409  ])
223672  , -1367.78    , array([ 0.975816   ,  0.118694   ,  5.50364    ,  0.731133   ,  0.0528409  ])
223673  , -1362.94    , array([ 0.975816   ,  0.11611    ,  5.50364    ,  0.731133   ,  0.0528409  ])
223674  , -1362.77    , array([ 0.975816   ,  0.116487   ,  5.50364    ,  0.731133   ,  0.0528409  ])
223675  , -1362.77    , array([ 0.975816   ,  0.116523   ,  5.50364    ,  0.731133   ,  0.0528409  ])
223676  , -1362.77    , array([ 0.975816   ,  0.116559   ,  5.50364    ,  0.731133   ,  0.0528409  ])
223677  , -1362.77    , array([ 0.975816   ,  0.116523   ,  5.50364    ,  0.731133   ,  0.0528409  ])
223678  , -27140.5    , array([ 0.975816   ,  0.116523   ,  5.50364    ,  0.731133   ,  1.05284    ])
223680  , -1362.77    , array([ 0.975816   ,  0.116523   ,  5.50364    ,  0.731133   ,  0.0528409  ])
223682  , -23316.2    , array([ 0.975816   ,  0.116523   ,  5.50364    ,  0.731133   ,  0.434807   ])
223683  , -16228.1    , array([ 0.975816   ,  0.116523   ,  5.50364    ,  0.731133   ,  0.243646   ])
223686  , -7186.07    , array([ 0.975816   ,  0.116523   ,  5.50364    ,  0.731133   ,  0.125722   ])
223687  , -11751.3    , array([ 0.975816   ,  0.116523   ,  5.50364    ,  0.731133   ,  0.0183991  ])
223688  , -2680.21    , array([ 0.975816   ,  0.116523   ,  5.50364    ,  0.731133   ,  0.0780435  ])
223689  , -2100.16    , array([ 0.975816   ,  0.116523   ,  5.50364    ,  0.731133   ,  0.0396853  ])
223690  , -1401.26    , array([ 0.975816   ,  0.116523   ,  5.50364    ,  0.731133   ,  0.0561871  ])
223691  , -1363.4     , array([ 0.975816   ,  0.116523   ,  5.50364    ,  0.731133   ,  0.053109   ])
223692  , -1362.59    , array([ 0.975816   ,  0.116523   ,  5.50364    ,  0.731133   ,  0.052578   ])
223693  , -1362.59    , array([ 0.975816   ,  0.116523   ,  5.50364    ,  0.731133   ,  0.052607   ])
223694  , -1362.59    , array([ 0.975816   ,  0.116523   ,  5.50364    ,  0.731133   ,  0.0526094  ])
223695  , -1362.59    , array([ 0.975816   ,  0.116523   ,  5.50364    ,  0.731133   ,  0.0526047  ])
223696  , -1362.59    , array([ 0.975816   ,  0.116523   ,  5.50364    ,  0.731133   ,  0.052607   ])
223697  , -1404.54    , array([ 0.975816   ,  0.116523   ,  5.50364    ,  1.73113    ,  0.052607   ])
223699  , -1362.59    , array([ 0.975816   ,  0.116523   ,  5.50364    ,  0.731133   ,  0.052607   ])
223700  , -1443.41    , array([ 0.975816   ,  0.116523   ,  5.50364    ,  0.113099   ,  0.052607   ])
223701  , -1356.41    , array([ 0.975816   ,  0.116523   ,  5.50364    ,  1.1131     ,  0.052607   ])
223702  , -1355.14    , array([ 0.975816   ,  0.116523   ,  5.50364    ,  0.992711   ,  0.052607   ])
223703  , -1355.13    , array([ 0.975816   ,  0.116523   ,  5.50364    ,  1.00118    ,  0.052607   ])
223704  , -1355.13    , array([ 0.975816   ,  0.116523   ,  5.50364    ,  0.99848    ,  0.052607   ])
223705  , -1355.13    , array([ 0.975816   ,  0.116523   ,  5.50364    ,  0.995806   ,  0.052607   ])
223706  , -1355.13    , array([ 0.975816   ,  0.116523   ,  5.50364    ,  0.99848    ,  0.052607   ])
223707  , -1370.74    , array([ 0.940214   ,  0.115287   ,  6.3516     ,  1.13509    ,  0.0541476  ])
223708  , -1396.91    , array([ 1.03342    ,  0.118523   ,  4.1316     ,  0.777448   ,  0.0501143  ])
223709  , -1355.13    , array([ 0.975816   ,  0.116523   ,  5.50364    ,  0.99848    ,  0.052607   ])
223710  , -1361.27    , array([ 0.997819   ,  0.117287   ,  4.97957    ,  0.914053   ,  0.0516549  ])
223711  , -1357.38    , array([ 0.962218   ,  0.116051   ,  5.82753    ,  1.05066    ,  0.0531955  ])
223712  , -1355.13    , array([ 0.975649   ,  0.116517   ,  5.50762    ,  0.999121   ,  0.0526142  ])
223713  , -1355.13    , array([ 0.975664   ,  0.116518   ,  5.50727    ,  0.999066   ,  0.0526136  ])
223714  , -1355.13    , array([ 0.975665   ,  0.116518   ,  5.50724    ,  0.99906    ,  0.0526136  ])
223715  , -1355.13    , array([ 0.975662   ,  0.116517   ,  5.50731    ,  0.999072   ,  0.0526137  ])
223716  , -1339.35    , array([ 0.942728   ,  0.112925   ,  5.51091    ,  1.267      ,  0.0523863  ])
223717  , -1355.13    , array([ 0.975664   ,  0.116518   ,  5.50727    ,  0.999066   ,  0.0526136  ])
223718  , -1339.35    , array([ 0.942728   ,  0.112925   ,  5.51091    ,  1.267      ,  0.0523863  ])
223719  , -1330.64    , array([ 0.889437   ,  0.107112   ,  5.51679    ,  1.70052    ,  0.0520185  ])
223720  , -1330.47    , array([ 0.893768   ,  0.107584   ,  5.51632    ,  1.66529    ,  0.0520484  ])
223721  , -1330.47    , array([ 0.893768   ,  0.107584   ,  5.51632    ,  1.66529    ,  0.0520484  ])
223722  , -1331.59    , array([ 0.912469   ,  0.109624   ,  5.51425    ,  1.51315    ,  0.0521774  ])
223723  , -1330.54    , array([ 0.900911   ,  0.108364   ,  5.51553    ,  1.60718    ,  0.0520977  ])
223724  , -1330.44    , array([ 0.896087   ,  0.107837   ,  5.51606    ,  1.64642    ,  0.0520644  ])
223725  , -1330.44    , array([ 0.896883   ,  0.107924   ,  5.51597    ,  1.63995    ,  0.0520699  ])
223726  , -1330.44    , array([ 0.895292   ,  0.107751   ,  5.51615    ,  1.65289    ,  0.0520589  ])
223727  , -1330.44    , array([ 0.896087   ,  0.107837   ,  5.51606    ,  1.64642    ,  0.0520644  ])
223728  , -1673.64    , array([ 1.89609    ,  0.107837   ,  5.51606    ,  1.64642    ,  0.0520644  ])
223730  , -1330.44    , array([ 0.896087   ,  0.107837   ,  5.51606    ,  1.64642    ,  0.0520644  ])
223731  , -5567.65    , array([ 0.278053   ,  0.107837   ,  5.51606    ,  1.64642    ,  0.0520644  ])
223732  , -1403.62    , array([ 1.27805    ,  0.107837   ,  5.51606    ,  1.64642    ,  0.0520644  ])
223733  , -1336.7     , array([ 1.07348    ,  0.107837   ,  5.51606    ,  1.64642    ,  0.0520644  ])
223734  , -1323.56    , array([ 0.961708   ,  0.107837   ,  5.51606    ,  1.64642    ,  0.0520644  ])
223735  , -1323.61    , array([ 0.97072    ,  0.107837   ,  5.51606    ,  1.64642    ,  0.0520644  ])
223736  , -1323.55    , array([ 0.964321   ,  0.107837   ,  5.51606    ,  1.64642    ,  0.0520644  ])
223737  , -1323.55    , array([ 0.963639   ,  0.107837   ,  5.51606    ,  1.64642    ,  0.0520644  ])
223738  , -1323.55    , array([ 0.965004   ,  0.107837   ,  5.51606    ,  1.64642    ,  0.0520644  ])
223739  , -1323.55    , array([ 0.964321   ,  0.107837   ,  5.51606    ,  1.64642    ,  0.0520644  ])
223740  , -1347.07    , array([ 0.92872    ,  0.106601   ,  6.36403    ,  1.78303    ,  0.053605   ])
223741  , -1350.8     , array([ 1.02193    ,  0.109837   ,  4.14402    ,  1.42539    ,  0.0495716  ])
223742  , -1323.55    , array([ 0.964321   ,  0.107837   ,  5.51606    ,  1.64642    ,  0.0520644  ])
223743  , -1324.38    , array([ 0.986324   ,  0.108601   ,  4.99199    ,  1.56199    ,  0.0511122  ])
223744  , -1328.93    , array([ 0.950723   ,  0.107365   ,  5.83995    ,  1.6986     ,  0.0526528  ])
223745  , -1322.46    , array([ 0.973782   ,  0.108166   ,  5.29072    ,  1.61012    ,  0.051655   ])
223746  , -1322.46    , array([ 0.973877   ,  0.108169   ,  5.28847    ,  1.60976    ,  0.0516509  ])
223747  , -1322.46    , array([ 0.973687   ,  0.108163   ,  5.29298    ,  1.61048    ,  0.0516591  ])
223748  , -1322.46    , array([ 0.973782   ,  0.108166   ,  5.29072    ,  1.61012    ,  0.051655   ])
223749  , -18633.3    , array([ 0.973782   ,  0.108166   ,  5.29072    ,  1.61012    ,  1.05165    ])
223751  , -1322.46    , array([ 0.973782   ,  0.108166   ,  5.29072    ,  1.61012    ,  0.051655   ])
223753  , -15684.7    , array([ 0.973782   ,  0.108166   ,  5.29072    ,  1.61012    ,  0.433621   ])
223754  , -11691.2    , array([ 0.973782   ,  0.108166   ,  5.29072    ,  1.61012    ,  0.242522   ])
223757  , -5866.89    , array([ 0.973782   ,  0.108166   ,  5.29072    ,  1.61012    ,  0.12456    ])
223758  , -11868      , array([ 0.973782   ,  0.108166   ,  5.29072    ,  1.61012    ,  0.0172131  ])
223759  , -2593.72    , array([ 0.973782   ,  0.108166   ,  5.29072    ,  1.61012    ,  0.0795021  ])
223760  , -2033.75    , array([ 0.973782   ,  0.108166   ,  5.29072    ,  1.61012    ,  0.0384994  ])
223761  , -1374.71    , array([ 0.973782   ,  0.108166   ,  5.29072    ,  1.61012    ,  0.056193   ])
223762  , -1323.69    , array([ 0.973782   ,  0.108166   ,  5.29072    ,  1.61012    ,  0.0523707  ])
223763  , -1322.45    , array([ 0.973782   ,  0.108166   ,  5.29072    ,  1.61012    ,  0.0516771  ])
223764  , -1322.45    , array([ 0.973782   ,  0.108166   ,  5.29072    ,  1.61012    ,  0.0517104  ])
223765  , -1322.45    , array([ 0.973782   ,  0.108166   ,  5.29072    ,  1.61012    ,  0.0517097  ])
223766  , -1322.45    , array([ 0.973782   ,  0.108166   ,  5.29072    ,  1.61012    ,  0.0517091  ])
223767  , -1322.45    , array([ 0.973782   ,  0.108166   ,  5.29072    ,  1.61012    ,  0.0517097  ])
223768  , -1379.52    , array([ 0.973782   ,  0.108166   ,  5.29072    ,  2.61012    ,  0.0517097  ])
223770  , -1322.45    , array([ 0.973782   ,  0.108166   ,  5.29072    ,  1.61012    ,  0.0517097  ])
223771  , -1373.5     , array([ 0.973782   ,  0.108166   ,  5.29072    ,  0.992085   ,  0.0517097  ])
223772  , -1325.97    , array([ 0.973782   ,  0.108166   ,  5.29072    ,  1.99209    ,  0.0517097  ])
223773  , -1320.88    , array([ 0.973782   ,  0.108166   ,  5.29072    ,  1.75094    ,  0.0517097  ])
223774  , -1320.88    , array([ 0.973782   ,  0.108166   ,  5.29072    ,  1.74653    ,  0.0517097  ])
223775  , -1320.88    , array([ 0.973782   ,  0.108166   ,  5.29072    ,  1.74486    ,  0.0517097  ])
223776  , -1320.88    , array([ 0.973782   ,  0.108166   ,  5.29072    ,  1.74351    ,  0.0517097  ])
223777  , -1320.88    , array([ 0.973782   ,  0.108166   ,  5.29072    ,  1.74486    ,  0.0517097  ])
223778  , -1328.17    , array([ 0.894206   ,  0.0994856  ,  5.29951    ,  2.39222    ,  0.0511604  ])
223779  , -1403.82    , array([ 1.10254    ,  0.122211   ,  5.27651    ,  0.69742    ,  0.0525984  ])
223780  , -1320.88    , array([ 0.973782   ,  0.108166   ,  5.29072    ,  1.74486    ,  0.0517097  ])
223781  , -1341.62    , array([ 1.02296    ,  0.11353    ,  5.28529    ,  1.34477    ,  0.0520491  ])
223782  , -1316.83    , array([ 0.943387   ,  0.10485    ,  5.29408    ,  1.99213    ,  0.0514999  ])
223783  , -1316.85    , array([ 0.940208   ,  0.104504   ,  5.29443    ,  2.01799    ,  0.051478   ])
223784  , -1316.83    , array([ 0.942685   ,  0.104774   ,  5.29416    ,  1.99784    ,  0.0514951  ])
223785  , -1316.83    , array([ 0.942374   ,  0.10474    ,  5.29419    ,  2.00037    ,  0.0514929  ])
223786  , -1316.83    , array([ 0.942996   ,  0.104808   ,  5.29412    ,  1.99531    ,  0.0514972  ])
223787  , -1348.29    , array([ 0.909706   ,  0.0930298  ,  5.08104    ,  2.99661    ,  0.0503765  ])
223788  , -1316.83    , array([ 0.942685   ,  0.104774   ,  5.29416    ,  1.99784    ,  0.0514951  ])
223789  , -1659.19    , array([ 1.94268    ,  0.104774   ,  5.29416    ,  1.99784    ,  0.0514951  ])
223791  , -1316.83    , array([ 0.942685   ,  0.104774   ,  5.29416    ,  1.99784    ,  0.0514951  ])
223792  , -4305.38    , array([ 0.324651   ,  0.104774   ,  5.29416    ,  1.99784    ,  0.0514951  ])
223793  , -1402.54    , array([ 1.32465    ,  0.104774   ,  5.29416    ,  1.99784    ,  0.0514951  ])
223794  , -1332.45    , array([ 1.11149    ,  0.104774   ,  5.29416    ,  1.99784    ,  0.0514951  ])
223795  , -1316.01    , array([ 0.952281   ,  0.104774   ,  5.29416    ,  1.99784    ,  0.0514951  ])
223796  , -1315.12    , array([ 0.98567    ,  0.104774   ,  5.29416    ,  1.99784    ,  0.0514951  ])
223797  , -1318.41    , array([ 1.03373    ,  0.104774   ,  5.29416    ,  1.99784    ,  0.0514951  ])
223798  , -1315.07    , array([ 0.978761   ,  0.104774   ,  5.29416    ,  1.99784    ,  0.0514951  ])
223799  , -1315.07    , array([ 0.979397   ,  0.104774   ,  5.29416    ,  1.99784    ,  0.0514951  ])
223800  , -1315.07    , array([ 0.979764   ,  0.104774   ,  5.29416    ,  1.99784    ,  0.0514951  ])
223801  , -1315.07    , array([ 0.979397   ,  0.104774   ,  5.29416    ,  1.99784    ,  0.0514951  ])
223802  , -1335.25    , array([ 0.943795   ,  0.103538   ,  6.14212    ,  2.13445    ,  0.0530356  ])
223803  , -1347.76    , array([ 1.037      ,  0.106773   ,  3.92212    ,  1.77681    ,  0.0490023  ])
223804  , -1315.07    , array([ 0.979397   ,  0.104774   ,  5.29416    ,  1.99784    ,  0.0514951  ])
223805  , -1317.97    , array([ 1.0014     ,  0.105538   ,  4.77009    ,  1.91341    ,  0.0505429  ])
223806  , -1319.17    , array([ 0.965798   ,  0.104302   ,  5.61805    ,  2.05002    ,  0.0520835  ])
223807  , -1314.68    , array([ 0.984985   ,  0.104968   ,  5.16107    ,  1.9764     ,  0.0512533  ])
223808  , -1314.68    , array([ 0.98504    ,  0.10497    ,  5.15974    ,  1.97619    ,  0.0512508  ])
223809  , -1314.68    , array([ 0.984929   ,  0.104966   ,  5.1624     ,  1.97661    ,  0.0512557  ])
223810  , -1314.68    , array([ 0.984985   ,  0.104968   ,  5.16107    ,  1.9764     ,  0.0512533  ])
223811  , -16303      , array([ 0.984985   ,  0.104968   ,  5.16107    ,  1.9764     ,  1.05125    ])
223813  , -1314.68    , array([ 0.984985   ,  0.104968   ,  5.16107    ,  1.9764     ,  0.0512533  ])
223815  , -13703.1    , array([ 0.984985   ,  0.104968   ,  5.16107    ,  1.9764     ,  0.433219   ])
223816  , -10446.7    , array([ 0.984985   ,  0.104968   ,  5.16107    ,  1.9764     ,  0.242136   ])
223819  , -5498.92    , array([ 0.984985   ,  0.104968   ,  5.16107    ,  1.9764     ,  0.124164   ])
223820  , -11847.6    , array([ 0.984985   ,  0.104968   ,  5.16107    ,  1.9764     ,  0.0168114  ])
223821  , -2521.94    , array([ 0.984985   ,  0.104968   ,  5.16107    ,  1.9764     ,  0.0791027  ])
223822  , -1997.22    , array([ 0.984985   ,  0.104968   ,  5.16107    ,  1.9764     ,  0.0380976  ])
223823  , -1368.37    , array([ 0.984985   ,  0.104968   ,  5.16107    ,  1.9764     ,  0.0558452  ])
223824  , -1316.08    , array([ 0.984985   ,  0.104968   ,  5.16107    ,  1.9764     ,  0.0519172  ])
223825  , -1314.68    , array([ 0.984985   ,  0.104968   ,  5.16107    ,  1.9764     ,  0.0511558  ])
223826  , -1314.68    , array([ 0.984985   ,  0.104968   ,  5.16107    ,  1.9764     ,  0.0512015  ])
223827  , -1314.68    , array([ 0.984985   ,  0.104968   ,  5.16107    ,  1.9764     ,  0.051202   ])
223828  , -1314.68    , array([ 0.984985   ,  0.104968   ,  5.16107    ,  1.9764     ,  0.051201   ])
223829  , -1314.68    , array([ 0.984985   ,  0.104968   ,  5.16107    ,  1.9764     ,  0.0512015  ])
223830  , -1376.53    , array([ 0.984985   ,  0.104968   ,  5.16107    ,  2.9764     ,  0.0512015  ])
223831  , -1592.58    , array([ 0.984985   ,  0.104968   ,  5.16107    ,  0.358366   ,  0.0512015  ])
223832  , -1314.68    , array([ 0.984985   ,  0.104968   ,  5.16107    ,  1.9764     ,  0.0512015  ])
223833  , -1355.78    , array([ 0.984985   ,  0.104968   ,  5.16107    ,  1.35837    ,  0.0512015  ])
223834  , -1321.39    , array([ 0.984985   ,  0.104968   ,  5.16107    ,  2.35837    ,  0.0512015  ])
223835  , -1314.2     , array([ 0.984985   ,  0.104968   ,  5.16107    ,  2.06282    ,  0.0512015  ])
223836  , -1314.19    , array([ 0.984985   ,  0.104968   ,  5.16107    ,  2.05481    ,  0.0512015  ])
223837  , -1314.19    , array([ 0.984985   ,  0.104968   ,  5.16107    ,  2.05377    ,  0.0512015  ])
223838  , -1314.19    , array([ 0.984985   ,  0.104968   ,  5.16107    ,  2.05299    ,  0.0512015  ])
223839  , -1314.19    , array([ 0.984985   ,  0.104968   ,  5.16107    ,  2.05377    ,  0.0512015  ])
223840  , -1332.67    , array([ 0.905408   ,  0.0962875  ,  5.16985    ,  2.70112    ,  0.0506523  ])
223841  , -1386.71    , array([ 1.11374    ,  0.119012   ,  5.14686    ,  1.00633    ,  0.0520902  ])
223842  , -1314.19    , array([ 0.984985   ,  0.104968   ,  5.16107    ,  2.05377    ,  0.0512015  ])
223843  , -1330.33    , array([ 1.03417    ,  0.110332   ,  5.15564    ,  1.65368    ,  0.051541   ])
223844  , -1313.74    , array([ 0.954589   ,  0.101652   ,  5.16442    ,  2.30104    ,  0.0509917  ])
223845  , -1312.93    , array([ 0.967887   ,  0.103103   ,  5.16296    ,  2.19286    ,  0.0510835  ])
223846  , -1312.93    , array([ 0.968105   ,  0.103126   ,  5.16293    ,  2.19109    ,  0.051085   ])
223847  , -1312.93    , array([ 0.967716   ,  0.103084   ,  5.16298    ,  2.19425    ,  0.0510823  ])
223848  , -1311.19    , array([ 0.993089   ,  0.101432   ,  5.03176    ,  2.38788    ,  0.050672   ])
223849  , -1312.93    , array([ 0.967887   ,  0.103103   ,  5.16296    ,  2.19286    ,  0.0510835  ])
223850  , -1311.19    , array([ 0.993089   ,  0.101432   ,  5.03176    ,  2.38788    ,  0.050672   ])
223851  , -1312.4     , array([ 1.03387    ,  0.0987278  ,  4.81947    ,  2.70342    ,  0.0500061  ])
223852  , -1311.19    , array([ 0.993089   ,  0.101432   ,  5.03176    ,  2.38788    ,  0.050672   ])
223853  , -1311.1     , array([ 1.00866    ,  0.100399   ,  4.95067    ,  2.5084     ,  0.0504176  ])
223854  , -1311.39    , array([ 1.01829    ,  0.0997606  ,  4.90056    ,  2.5829     ,  0.0502604  ])
223855  , -1311.05    , array([ 1.00294    ,  0.100778   ,  4.98045    ,  2.46413    ,  0.050511   ])
223856  , -1311.05    , array([ 1.00259    ,  0.100801   ,  4.98228    ,  2.46142    ,  0.0505168  ])
223857  , -1311.05    , array([ 1.00329    ,  0.100755   ,  4.97863    ,  2.46685    ,  0.0505053  ])
223858  , -1311.05    , array([ 1.00294    ,  0.100778   ,  4.98045    ,  2.46413    ,  0.050511   ])
223859  , -1346.78    , array([ 0.923368   ,  0.092098   ,  4.98924    ,  3.11149    ,  0.0499618  ])
223860  , -1369.79    , array([ 1.1317     ,  0.114823   ,  4.96624    ,  1.41669    ,  0.0513997  ])
223861  , -1311.05    , array([ 1.00294    ,  0.100778   ,  4.98045    ,  2.46413    ,  0.050511   ])
223862  , -1320.59    , array([ 1.05212    ,  0.106143   ,  4.97502    ,  2.06405    ,  0.0508505  ])
223863  , -1316.04    , array([ 0.972548   ,  0.0974627  ,  4.98381    ,  2.7114     ,  0.0503013  ])
223864  , -1311.05    , array([ 1.00598    ,  0.101109   ,  4.98012    ,  2.43945    ,  0.050532   ])
223865  , -1311.04    , array([ 1.00444    ,  0.100942   ,  4.98029    ,  2.45195    ,  0.0505214  ])
223866  , -1311.04    , array([ 1.00443    ,  0.10094    ,  4.98029    ,  2.45208    ,  0.0505213  ])
223867  , -1311.04    , array([ 1.00446    ,  0.100943   ,  4.98029    ,  2.45183    ,  0.0505215  ])
223868  , -1311.04    , array([ 1.00444    ,  0.100942   ,  4.98029    ,  2.45195    ,  0.0505214  ])
223869  , -1325.82    , array([ 0.968839   ,  0.0997056  ,  5.82825    ,  2.58856    ,  0.052062   ])
223870  , -1352.41    , array([ 1.06205    ,  0.102941   ,  3.60825    ,  2.23092    ,  0.0480287  ])
223871  , -1311.04    , array([ 1.00444    ,  0.100942   ,  4.98029    ,  2.45195    ,  0.0505214  ])
223872  , -1317.27    , array([ 1.02644    ,  0.101705   ,  4.45622    ,  2.36753    ,  0.0495692  ])
223873  , -1313.08    , array([ 0.990842   ,  0.100469   ,  5.30418    ,  2.50413    ,  0.0511098  ])
223874  , -1311.04    , array([ 1.00379    ,  0.100919   ,  4.9957     ,  2.45444    ,  0.0505494  ])
223875  , -1311.04    , array([ 1.00381    ,  0.10092    ,  4.99535    ,  2.45438    ,  0.0505487  ])
223876  , -1311.04    , array([ 1.00382    ,  0.10092    ,  4.9952     ,  2.45435    ,  0.0505485  ])
223877  , -1311.04    , array([ 1.0038     ,  0.100919   ,  4.9955     ,  2.4544     ,  0.050549   ])
223878  , -1311.04    , array([ 1.00381    ,  0.10092    ,  4.99535    ,  2.45438    ,  0.0505487  ])
223879  , -13886.3    , array([ 1.00381    ,  0.10092    ,  4.99535    ,  2.45438    ,  1.05055    ])
223881  , -1311.04    , array([ 1.00381    ,  0.10092    ,  4.99535    ,  2.45438    ,  0.0505487  ])
223883  , -11695.1    , array([ 1.00381    ,  0.10092    ,  4.99535    ,  2.45438    ,  0.432515   ])
223884  , -9152.79    , array([ 1.00381    ,  0.10092    ,  4.99535    ,  2.45438    ,  0.241448   ])
223887  , -5105.1     , array([ 1.00381    ,  0.10092    ,  4.99535    ,  2.45438    ,  0.123466   ])
223888  , -12040      , array([ 1.00381    ,  0.10092    ,  4.99535    ,  2.45438    ,  0.0161069  ])
223889  , -2447.45    , array([ 1.00381    ,  0.10092    ,  4.99535    ,  2.45438    ,  0.0784005  ])
223890  , -1972.61    , array([ 1.00381    ,  0.10092    ,  4.99535    ,  2.45438    ,  0.0373931  ])
223891  , -1367.31    , array([ 1.00381    ,  0.10092    ,  4.99535    ,  2.45438    ,  0.0552904  ])
223892  , -1312.63    , array([ 1.00381    ,  0.10092    ,  4.99535    ,  2.45438    ,  0.0512111  ])
223893  , -1311.01    , array([ 1.00381    ,  0.10092    ,  4.99535    ,  2.45438    ,  0.0503625  ])
223894  , -1311       , array([ 1.00381    ,  0.10092    ,  4.99535    ,  2.45438    ,  0.050423   ])
223895  , -1311       , array([ 1.00381    ,  0.10092    ,  4.99535    ,  2.45438    ,  0.0504242  ])
223896  , -1311       , array([ 1.00381    ,  0.10092    ,  4.99535    ,  2.45438    ,  0.0504217  ])
223897  , -1311       , array([ 1.00381    ,  0.10092    ,  4.99535    ,  2.45438    ,  0.050423   ])
223898  , -1377.8     , array([ 1.00381    ,  0.10092    ,  4.99535    ,  3.45438    ,  0.050423   ])
223899  , -1539.02    , array([ 1.00381    ,  0.10092    ,  4.99535    ,  0.836345   ,  0.050423   ])
223900  , -1311       , array([ 1.00381    ,  0.10092    ,  4.99535    ,  2.45438    ,  0.050423   ])
223901  , -1340.96    , array([ 1.00381    ,  0.10092    ,  4.99535    ,  1.83635    ,  0.050423   ])
223902  , -1321.21    , array([ 1.00381    ,  0.10092    ,  4.99535    ,  2.83635    ,  0.050423   ])
223903  , -1311       , array([ 1.00381    ,  0.10092    ,  4.99535    ,  2.46756    ,  0.050423   ])
223904  , -1311       , array([ 1.00381    ,  0.10092    ,  4.99535    ,  2.4563     ,  0.050423   ])
223905  , -1311       , array([ 1.00381    ,  0.10092    ,  4.99535    ,  2.45646    ,  0.050423   ])
223906  , -1311       , array([ 1.00381    ,  0.10092    ,  4.99535    ,  2.45644    ,  0.050423   ])
223907  , -1311       , array([ 1.00381    ,  0.10092    ,  4.99535    ,  2.45648    ,  0.050423   ])
223908  , -1311       , array([ 1.00381    ,  0.10092    ,  4.99535    ,  2.45646    ,  0.050423   ])
223909  , -1312.57    , array([ 1.03887    ,  0.0985951  ,  4.81284    ,  2.72773    ,  0.0498505  ])
223910  , -1316.15    , array([ 0.947086   ,  0.104681   ,  5.29064    ,  2.01752    ,  0.0513492  ])
223911  , -1311       , array([ 1.00381    ,  0.10092    ,  4.99535    ,  2.45646    ,  0.050423   ])
223912  , -1311.75    , array([ 0.982143   ,  0.102356   ,  5.10814    ,  2.2888     ,  0.0507768  ])
223913  , -1311.21    , array([ 1.0172     ,  0.100032   ,  4.92564    ,  2.56007    ,  0.0502043  ])
223914  , -1310.99    , array([ 1.00499    ,  0.100841   ,  4.98917    ,  2.46563    ,  0.0504036  ])
223915  , -1310.99    , array([ 1.00482    ,  0.100853   ,  4.99009    ,  2.46427    ,  0.0504065  ])
223916  , -1310.99    , array([ 1.00481    ,  0.100853   ,  4.99014    ,  2.4642     ,  0.0504066  ])
223917  , -1310.99    , array([ 1.0048     ,  0.100854   ,  4.99019    ,  2.46412    ,  0.0504068  ])
