17253   , -2307.63    , array([ 0.0572284  ,  0.282343   ,  9.4399e-05 ,  1.68106e-72])
17254   , -2307.66    , array([ 0.0572857  ,  0.282343   ,  9.4399e-05 ,  1.68106e-72])
17255   , -2307.63    , array([ 0.0572284  ,  0.282625   ,  9.4399e-05 ,  1.68106e-72])
17256   , -2307.6     , array([ 0.0572284  ,  0.282343   ,  9.44935e-05,  1.68106e-72])
17257   , -2307.63    , array([ 0.0572284  ,  0.282343   ,  9.4399e-05 ,  1.68274e-72])
17258   , -2307.63    , array([ 0.0572284  ,  0.282343   ,  9.4399e-05 ,  1.68106e-72])
17259   , -2220.52    , array([ 0.0274543  ,  0.282343   ,  0.000188814,  1.68106e-72])
17260   , -2220.52    , array([ 0.0274543  ,  0.282343   ,  0.000188814,  1.68106e-72])
17261   , -2220.63    , array([ 0.0274818  ,  0.282343   ,  0.000188814,  1.68106e-72])
17262   , -2220.52    , array([ 0.0274543  ,  0.282625   ,  0.000188814,  1.68106e-72])
17263   , -2220.41    , array([ 0.0274543  ,  0.282343   ,  0.000189003,  1.68106e-72])
17264   , -2220.52    , array([ 0.0274543  ,  0.282343   ,  0.000188814,  1.68274e-72])
17265   , -8573.18    , array([ 0.00145414 ,  0.282343   ,  0.00302205 ,  1.68106e-72])
17266   , -8573.18    , array([ 0.00145414 ,  0.282343   ,  0.00302205 ,  1.68106e-72])
17267   , -8572.67    , array([ 0.0014556  ,  0.282343   ,  0.00302205 ,  1.68106e-72])
17268   , -8573.18    , array([ 0.00145414 ,  0.282625   ,  0.00302205 ,  1.68106e-72])
17269   , -8573.15    , array([ 0.00145414 ,  0.282343   ,  0.00302507 ,  1.68106e-72])
17270   , -8573.18    , array([ 0.00145414 ,  0.282343   ,  0.00302205 ,  1.68274e-72])
17271   , -2210.18    , array([ 0.0261658  ,  0.282343   ,  0.000197577,  1.68106e-72])
17272   , -2210.18    , array([ 0.0261658  ,  0.282343   ,  0.000197577,  1.68106e-72])
17273   , -2210.3     , array([ 0.026192   ,  0.282343   ,  0.000197577,  1.68106e-72])
17274   , -2210.18    , array([ 0.0261658  ,  0.282625   ,  0.000197577,  1.68106e-72])
17275   , -2210.07    , array([ 0.0261658  ,  0.282343   ,  0.000197775,  1.68106e-72])
17276   , -2210.18    , array([ 0.0261658  ,  0.282343   ,  0.000197577,  1.68274e-72])
17277   , -2198.65    , array([ 0.0248945  ,  0.282343   ,  0.000207087,  1.68106e-72])
17278   , -2198.65    , array([ 0.0248945  ,  0.282343   ,  0.000207087,  1.68106e-72])
17279   , -2198.77    , array([ 0.0249194  ,  0.282343   ,  0.000207087,  1.68106e-72])
17280   , -2198.65    , array([ 0.0248945  ,  0.282625   ,  0.000207087,  1.68106e-72])
17281   , -2198.53    , array([ 0.0248945  ,  0.282343   ,  0.000207294,  1.68106e-72])
17282   , -2198.65    , array([ 0.0248945  ,  0.282343   ,  0.000207087,  1.68274e-72])
17283   , -1888.94    , array([ 0.00601665 ,  0.282343   ,  0.000791091,  1.68106e-72])
17284   , -1888.94    , array([ 0.00601665 ,  0.282343   ,  0.000791091,  1.68106e-72])
17285   , -1888.48    , array([ 0.00602267 ,  0.282343   ,  0.000791091,  1.68106e-72])
17286   , -1888.94    , array([ 0.00601665 ,  0.282625   ,  0.000791091,  1.68106e-72])
17287   , -1889.39    , array([ 0.00601665 ,  0.282343   ,  0.000791883,  1.68106e-72])
17288   , -1888.94    , array([ 0.00601665 ,  0.282343   ,  0.000791091,  1.68274e-72])
17289   , -2108.07    , array([ 0.0183712  ,  0.282343   ,  0.000275866,  1.68106e-72])
17290   , -2108.07    , array([ 0.0183712  ,  0.282343   ,  0.000275866,  1.68106e-72])
17291   , -2108.26    , array([ 0.0183896  ,  0.282343   ,  0.000275866,  1.68106e-72])
17292   , -2108.07    , array([ 0.0183712  ,  0.282625   ,  0.000275866,  1.68106e-72])
17293   , -2107.89    , array([ 0.0183712  ,  0.282343   ,  0.000276142,  1.68106e-72])
17294   , -2108.07    , array([ 0.0183712  ,  0.282343   ,  0.000275866,  1.68274e-72])
17295   , -1794.58    , array([ 0.00815211 ,  0.282343   ,  0.00059392 ,  1.68106e-72])
17296   , -1794.58    , array([ 0.00815211 ,  0.282343   ,  0.00059392 ,  1.68106e-72])
17297   , -1794.64    , array([ 0.00816027 ,  0.282343   ,  0.00059392 ,  1.68106e-72])
17298   , -1794.58    , array([ 0.00815211 ,  0.282625   ,  0.00059392 ,  1.68106e-72])
17299   , -1794.52    , array([ 0.00815211 ,  0.282343   ,  0.000594514,  1.68106e-72])
17300   , -1794.58    , array([ 0.00815211 ,  0.282343   ,  0.00059392 ,  1.68274e-72])
17301   , -1791.4     , array([ 0.007717   ,  0.282343   ,  0.000625475,  1.68106e-72])
17302   , -1791.4     , array([ 0.007717   ,  0.282343   ,  0.000625475,  1.68106e-72])
17303   , -1791.4     , array([ 0.00772473 ,  0.282343   ,  0.000625475,  1.68106e-72])
17304   , -1791.4     , array([ 0.007717   ,  0.282625   ,  0.000625475,  1.68106e-72])
17305   , -1791.4     , array([ 0.007717   ,  0.282343   ,  0.000626101,  1.68106e-72])
17306   , -1791.4     , array([ 0.007717   ,  0.282343   ,  0.000625475,  1.68274e-72])
17307   , -1576.03    , array([ 0.13284    ,  0.282343   ,  0.0210446  ,  1.68106e-72])
17308   , -1576.03    , array([ 0.13284    ,  0.282343   ,  0.0210446  ,  1.68106e-72])
17309   , -1575.83    , array([ 0.132973   ,  0.282343   ,  0.0210446  ,  1.68106e-72])
17310   , -1576.03    , array([ 0.13284    ,  0.282625   ,  0.0210446  ,  1.68106e-72])
17311   , -1575.92    , array([ 0.13284    ,  0.282343   ,  0.0210657  ,  1.68106e-72])
17312   , -1576.03    , array([ 0.13284    ,  0.282343   ,  0.0210446  ,  1.68274e-72])
17319   , -1576       , array([ 0.132849   ,  0.282343   ,  0.0210464  ,  1.68106e-72])
17320   , -1576       , array([ 0.132849   ,  0.282343   ,  0.0210464  ,  1.68106e-72])
17321   , -1575.81    , array([ 0.132982   ,  0.282343   ,  0.0210464  ,  1.68106e-72])
17322   , -1576       , array([ 0.132849   ,  0.282625   ,  0.0210464  ,  1.68106e-72])
17323   , -1575.9     , array([ 0.132849   ,  0.282343   ,  0.0210675  ,  1.68106e-72])
17324   , -1576       , array([ 0.132849   ,  0.282343   ,  0.0210464  ,  1.68274e-72])
17325   , -1575.98    , array([ 0.132858   ,  0.282343   ,  0.0210482  ,  1.68106e-72])
17326   , -1575.98    , array([ 0.132858   ,  0.282343   ,  0.0210482  ,  1.68106e-72])
17327   , -1575.79    , array([ 0.132991   ,  0.282343   ,  0.0210482  ,  1.68106e-72])
17328   , -1575.98    , array([ 0.132858   ,  0.282625   ,  0.0210482  ,  1.68106e-72])
17329   , -1575.88    , array([ 0.132858   ,  0.282343   ,  0.0210693  ,  1.68106e-72])
17330   , -1575.98    , array([ 0.132858   ,  0.282343   ,  0.0210482  ,  1.68274e-72])
17337   , -1575.97    , array([ 0.132861   ,  0.282343   ,  0.0210487  ,  1.68106e-72])
17338   , -1575.97    , array([ 0.132861   ,  0.282343   ,  0.0210487  ,  1.68106e-72])
17339   , -1575.78    , array([ 0.132993   ,  0.282343   ,  0.0210487  ,  1.68106e-72])
17340   , -1575.97    , array([ 0.132861   ,  0.282625   ,  0.0210487  ,  1.68106e-72])
17341   , -1575.87    , array([ 0.132861   ,  0.282343   ,  0.0210698  ,  1.68106e-72])
17342   , -1575.97    , array([ 0.132861   ,  0.282343   ,  0.0210487  ,  1.68274e-72])
17343   , -1575.97    , array([ 0.132863   ,  0.282343   ,  0.0210492  ,  1.68106e-72])
17344   , -1575.97    , array([ 0.132863   ,  0.282343   ,  0.0210492  ,  1.68106e-72])
17345   , -1575.78    , array([ 0.132996   ,  0.282343   ,  0.0210492  ,  1.68106e-72])
17346   , -1575.97    , array([ 0.132863   ,  0.282625   ,  0.0210492  ,  1.68106e-72])
17347   , -1575.86    , array([ 0.132863   ,  0.282343   ,  0.0210702  ,  1.68106e-72])
17348   , -1575.97    , array([ 0.132863   ,  0.282343   ,  0.0210492  ,  1.68274e-72])
17349   , -6772.62    , array([ 2.28697    ,  0.282343   ,  0.708171   ,  1.68106e-72])
17350   , -6772.62    , array([ 2.28697    ,  0.282343   ,  0.708171   ,  1.68106e-72])
17351   , -6779.39    , array([ 2.28926    ,  0.282343   ,  0.708171   ,  1.68106e-72])
17352   , -6772.62    , array([ 2.28697    ,  0.282625   ,  0.708171   ,  1.68106e-72])
17353   , -6773.22    , array([ 2.28697    ,  0.282343   ,  0.708879   ,  1.68106e-72])
17354   , -6772.62    , array([ 2.28697    ,  0.282343   ,  0.708171   ,  1.68274e-72])
17355   , -1343.17    , array([ 0.242708   ,  0.282343   ,  0.0443139  ,  1.68106e-72])
17356   , -1343.17    , array([ 0.242708   ,  0.282343   ,  0.0443139  ,  1.68106e-72])
17357   , -1343.32    , array([ 0.24295    ,  0.282343   ,  0.0443139  ,  1.68106e-72])
17358   , -1343.17    , array([ 0.242708   ,  0.282625   ,  0.0443139  ,  1.68106e-72])
17359   , -1342.72    , array([ 0.242708   ,  0.282343   ,  0.0443583  ,  1.68106e-72])
17360   , -1343.17    , array([ 0.242708   ,  0.282343   ,  0.0443139  ,  1.68274e-72])
17361   , -1218.83    , array([ 0.359144   ,  0.282343   ,  0.0719126  ,  1.68106e-72])
17362   , -1218.83    , array([ 0.359144   ,  0.282343   ,  0.0719126  ,  1.68106e-72])
17363   , -1219.44    , array([ 0.359504   ,  0.282343   ,  0.0719126  ,  1.68106e-72])
17364   , -1218.83    , array([ 0.359144   ,  0.282625   ,  0.0719126  ,  1.68106e-72])
17365   , -1218.21    , array([ 0.359144   ,  0.282343   ,  0.0719846  ,  1.68106e-72])
17366   , -1218.83    , array([ 0.359144   ,  0.282343   ,  0.0719126  ,  1.68274e-72])
17367   , -1207.52    , array([ 0.411272   ,  0.282343   ,  0.0850211  ,  1.68106e-72])
17368   , -1207.52    , array([ 0.411272   ,  0.282343   ,  0.0850211  ,  1.68106e-72])
17369   , -1208.34    , array([ 0.411683   ,  0.282343   ,  0.0850211  ,  1.68106e-72])
17370   , -1207.52    , array([ 0.411272   ,  0.282625   ,  0.0850211  ,  1.68106e-72])
17371   , -1206.87    , array([ 0.411272   ,  0.282343   ,  0.0851062  ,  1.68106e-72])
17372   , -1207.52    , array([ 0.411272   ,  0.282343   ,  0.0850211  ,  1.68274e-72])
17373   , -1207.47    , array([ 0.407057   ,  0.282343   ,  0.0839459  ,  1.68106e-72])
17374   , -1207.47    , array([ 0.407057   ,  0.282343   ,  0.0839459  ,  1.68106e-72])
17375   , -1208.27    , array([ 0.407464   ,  0.282343   ,  0.0839459  ,  1.68106e-72])
17376   , -1207.47    , array([ 0.407057   ,  0.282625   ,  0.0839459  ,  1.68106e-72])
17377   , -1206.82    , array([ 0.407057   ,  0.282343   ,  0.0840299  ,  1.68106e-72])
17378   , -1207.47    , array([ 0.407057   ,  0.282343   ,  0.0839459  ,  1.68274e-72])
17385   , -1207.46    , array([ 0.407187   ,  0.282343   ,  0.0839791  ,  1.68106e-72])
17386   , -1207.46    , array([ 0.407187   ,  0.282343   ,  0.0839791  ,  1.68106e-72])
17387   , -1208.27    , array([ 0.407594   ,  0.282343   ,  0.0839791  ,  1.68106e-72])
17388   , -1207.46    , array([ 0.407187   ,  0.282625   ,  0.0839791  ,  1.68106e-72])
17389   , -1206.81    , array([ 0.407187   ,  0.282343   ,  0.0840632  ,  1.68106e-72])
17390   , -1207.46    , array([ 0.407187   ,  0.282343   ,  0.0839791  ,  1.68274e-72])
17391   , -1207.46    , array([ 0.407291   ,  0.282343   ,  0.0840058  ,  1.68106e-72])
17392   , -1207.46    , array([ 0.407291   ,  0.282343   ,  0.0840058  ,  1.68106e-72])
17393   , -1208.27    , array([ 0.407698   ,  0.282343   ,  0.0840058  ,  1.68106e-72])
17394   , -1207.46    , array([ 0.407291   ,  0.282625   ,  0.0840058  ,  1.68106e-72])
17395   , -1206.81    , array([ 0.407291   ,  0.282343   ,  0.0840898  ,  1.68106e-72])
17396   , -1207.46    , array([ 0.407291   ,  0.282343   ,  0.0840058  ,  1.68274e-72])
17397   , -1207.45    , array([ 0.407292   ,  0.282343   ,  0.0840072  ,  1.68106e-72])
17398   , -1207.45    , array([ 0.407292   ,  0.282343   ,  0.0840072  ,  1.68106e-72])
17399   , -1208.26    , array([ 0.407699   ,  0.282343   ,  0.0840072  ,  1.68106e-72])
17400   , -1207.45    , array([ 0.407292   ,  0.282625   ,  0.0840072  ,  1.68106e-72])
17401   , -1206.8     , array([ 0.407292   ,  0.282343   ,  0.0840912  ,  1.68106e-72])
17402   , -1207.45    , array([ 0.407292   ,  0.282343   ,  0.0840072  ,  1.68274e-72])
17403   , -1207.42    , array([ 0.407296   ,  0.282343   ,  0.0840128  ,  1.68106e-72])
17404   , -1207.42    , array([ 0.407296   ,  0.282343   ,  0.0840128  ,  1.68106e-72])
17405   , -1208.22    , array([ 0.407703   ,  0.282343   ,  0.0840128  ,  1.68106e-72])
17406   , -1207.42    , array([ 0.407296   ,  0.282625   ,  0.0840128  ,  1.68106e-72])
17407   , -1206.77    , array([ 0.407296   ,  0.282343   ,  0.0840969  ,  1.68106e-72])
17408   , -1207.42    , array([ 0.407296   ,  0.282343   ,  0.0840128  ,  1.68274e-72])
17409   , -1207.28    , array([ 0.407313   ,  0.282343   ,  0.0840353  ,  1.68106e-72])
17410   , -1207.28    , array([ 0.407313   ,  0.282343   ,  0.0840353  ,  1.68106e-72])
17411   , -1208.08    , array([ 0.40772    ,  0.282343   ,  0.0840353  ,  1.68106e-72])
17412   , -1207.28    , array([ 0.407313   ,  0.282625   ,  0.0840353  ,  1.68106e-72])
17413   , -1206.63    , array([ 0.407313   ,  0.282343   ,  0.0841193  ,  1.68106e-72])
17414   , -1207.28    , array([ 0.407313   ,  0.282343   ,  0.0840353  ,  1.68274e-72])
17415   , -1206.72    , array([ 0.407381   ,  0.282343   ,  0.0841251  ,  1.68106e-72])
17416   , -1206.72    , array([ 0.407381   ,  0.282343   ,  0.0841251  ,  1.68106e-72])
17417   , -1207.52    , array([ 0.407789   ,  0.282343   ,  0.0841251  ,  1.68106e-72])
17418   , -1206.72    , array([ 0.407381   ,  0.282625   ,  0.0841251  ,  1.68106e-72])
17419   , -1206.06    , array([ 0.407381   ,  0.282343   ,  0.0842093  ,  1.68106e-72])
17420   , -1206.72    , array([ 0.407381   ,  0.282343   ,  0.0841251  ,  1.68274e-72])
17421   , -1204.47    , array([ 0.407654   ,  0.282343   ,  0.0844857  ,  1.68106e-72])
17422   , -1204.47    , array([ 0.407654   ,  0.282343   ,  0.0844857  ,  1.68106e-72])
17423   , -1205.27    , array([ 0.408062   ,  0.282343   ,  0.0844857  ,  1.68106e-72])
17424   , -1204.47    , array([ 0.407654   ,  0.282625   ,  0.0844857  ,  1.68106e-72])
17425   , -1203.82    , array([ 0.407654   ,  0.282343   ,  0.0845702  ,  1.68106e-72])
17426   , -1204.47    , array([ 0.407654   ,  0.282343   ,  0.0844857  ,  1.68274e-72])
17427   , -1195.46    , array([ 0.408747   ,  0.282343   ,  0.0859432  ,  1.68106e-72])
17428   , -1195.46    , array([ 0.408747   ,  0.282343   ,  0.0859432  ,  1.68106e-72])
17429   , -1196.27    , array([ 0.409156   ,  0.282343   ,  0.0859432  ,  1.68106e-72])
17430   , -1195.46    , array([ 0.408747   ,  0.282625   ,  0.0859432  ,  1.68106e-72])
17431   , -1194.81    , array([ 0.408747   ,  0.282343   ,  0.0860292  ,  1.68106e-72])
17432   , -1195.46    , array([ 0.408747   ,  0.282343   ,  0.0859432  ,  1.68274e-72])
17433   , -1159.34    , array([ 0.413149   ,  0.282343   ,  0.0920292  ,  1.68106e-72])
17434   , -1159.34    , array([ 0.413149   ,  0.282343   ,  0.0920292  ,  1.68106e-72])
17435   , -1160.17    , array([ 0.413563   ,  0.282343   ,  0.0920292  ,  1.68106e-72])
17436   , -1159.34    , array([ 0.413149   ,  0.282625   ,  0.0920292  ,  1.68106e-72])
17437   , -1158.68    , array([ 0.413149   ,  0.282343   ,  0.0921213  ,  1.68106e-72])
17438   , -1159.34    , array([ 0.413149   ,  0.282343   ,  0.0920292  ,  1.68274e-72])
17439   , -1015.9     , array([ 0.431237   ,  0.282343   ,  0.120999   ,  1.68106e-72])
17440   , -1015.9     , array([ 0.431237   ,  0.282343   ,  0.120999   ,  1.68106e-72])
17441   , -1016.82    , array([ 0.431669   ,  0.282343   ,  0.120999   ,  1.68106e-72])
17442   , -1015.9     , array([ 0.431237   ,  0.282625   ,  0.120999   ,  1.68106e-72])
17443   , -1015.24    , array([ 0.431237   ,  0.282343   ,  0.12112    ,  1.68106e-72])
17444   , -1015.9     , array([ 0.431237   ,  0.282343   ,  0.120999   ,  1.68274e-72])
17445   , -727.176    , array([ 0.511863   ,  0.282343   ,  0.361585   ,  1.68106e-72])
17446   , -727.176    , array([ 0.511863   ,  0.282343   ,  0.361585   ,  1.68106e-72])
17447   , -728.422    , array([ 0.512375   ,  0.282343   ,  0.361585   ,  1.68106e-72])
17448   , -727.176    , array([ 0.511863   ,  0.282625   ,  0.361585   ,  1.68106e-72])
17449   , -727.145    , array([ 0.511863   ,  0.282343   ,  0.361947   ,  1.68106e-72])
17450   , -727.176    , array([ 0.511863   ,  0.282343   ,  0.361585   ,  1.68274e-72])
17451   , -429.167    , array([ 0.315429   ,  0.282343   ,  0.347814   ,  1.68106e-72])
17452   , -429.167    , array([ 0.315429   ,  0.282343   ,  0.347814   ,  1.68106e-72])
17453   , -429.338    , array([ 0.315744   ,  0.282343   ,  0.347814   ,  1.68106e-72])
17454   , -429.167    , array([ 0.315429   ,  0.282625   ,  0.347814   ,  1.68106e-72])
17455   , -429.142    , array([ 0.315429   ,  0.282343   ,  0.348162   ,  1.68106e-72])
17456   , -429.167    , array([ 0.315429   ,  0.282343   ,  0.347814   ,  1.68274e-72])
17457   , -418.703    , array([ 0.292524   ,  0.282343   ,  0.365892   ,  1.68106e-72])
17458   , -418.703    , array([ 0.292524   ,  0.282343   ,  0.365892   ,  1.68106e-72])
17459   , -418.822    , array([ 0.292817   ,  0.282343   ,  0.365892   ,  1.68106e-72])
17460   , -418.703    , array([ 0.292524   ,  0.282625   ,  0.365892   ,  1.68106e-72])
17461   , -418.747    , array([ 0.292524   ,  0.282343   ,  0.366258   ,  1.68106e-72])
17462   , -418.703    , array([ 0.292524   ,  0.282343   ,  0.365892   ,  1.68274e-72])
17463   , -408.237    , array([ 0.250017   ,  0.282343   ,  0.345067   ,  1.68106e-72])
17464   , -408.237    , array([ 0.250017   ,  0.282343   ,  0.345067   ,  1.68106e-72])
17465   , -408.286    , array([ 0.250267   ,  0.282343   ,  0.345067   ,  1.68106e-72])
17466   , -408.237    , array([ 0.250017   ,  0.282625   ,  0.345067   ,  1.68106e-72])
17467   , -408.136    , array([ 0.250017   ,  0.282343   ,  0.345412   ,  1.68106e-72])
17468   , -408.237    , array([ 0.250017   ,  0.282343   ,  0.345067   ,  1.68274e-72])
17469   , -402.971    , array([ 0.214643   ,  0.282343   ,  0.366316   ,  1.68106e-72])
17470   , -402.971    , array([ 0.214643   ,  0.282343   ,  0.366316   ,  1.68106e-72])
17471   , -402.966    , array([ 0.214857   ,  0.282343   ,  0.366316   ,  1.68106e-72])
17472   , -402.971    , array([ 0.214643   ,  0.282625   ,  0.366316   ,  1.68106e-72])
17473   , -403.109    , array([ 0.214643   ,  0.282343   ,  0.366682   ,  1.68106e-72])
17474   , -402.971    , array([ 0.214643   ,  0.282343   ,  0.366316   ,  1.68274e-72])
17475   , -400.796    , array([ 0.216658   ,  0.282343   ,  0.353431   ,  1.68106e-72])
17476   , -400.796    , array([ 0.216658   ,  0.282343   ,  0.353431   ,  1.68106e-72])
17477   , -400.823    , array([ 0.216875   ,  0.282343   ,  0.353431   ,  1.68106e-72])
17478   , -400.796    , array([ 0.216658   ,  0.282625   ,  0.353431   ,  1.68106e-72])
17479   , -400.793    , array([ 0.216658   ,  0.282343   ,  0.353785   ,  1.68106e-72])
17480   , -400.796    , array([ 0.216658   ,  0.282343   ,  0.353431   ,  1.68274e-72])
17481   , -399.146    , array([ 0.20154    ,  0.282343   ,  0.348423   ,  1.68106e-72])
17482   , -399.146    , array([ 0.20154    ,  0.282343   ,  0.348423   ,  1.68106e-72])
17483   , -399.165    , array([ 0.201742   ,  0.282343   ,  0.348423   ,  1.68106e-72])
17484   , -399.146    , array([ 0.20154    ,  0.282625   ,  0.348423   ,  1.68106e-72])
17485   , -399.148    , array([ 0.20154    ,  0.282343   ,  0.348771   ,  1.68106e-72])
17486   , -399.146    , array([ 0.20154    ,  0.282343   ,  0.348423   ,  1.68274e-72])
17487   , -397.28     , array([ 0.170909   ,  0.282343   ,  0.336043   ,  1.68106e-72])
17488   , -397.28     , array([ 0.170909   ,  0.282343   ,  0.336043   ,  1.68106e-72])
17489   , -397.263    , array([ 0.17108    ,  0.282343   ,  0.336043   ,  1.68106e-72])
17490   , -397.28     , array([ 0.170909   ,  0.282625   ,  0.336043   ,  1.68106e-72])
17491   , -397.36     , array([ 0.170909   ,  0.282343   ,  0.336379   ,  1.68106e-72])
17492   , -397.28     , array([ 0.170909   ,  0.282343   ,  0.336043   ,  1.68274e-72])
17493   , -396.075    , array([ 0.157066   ,  0.282343   ,  0.322903   ,  1.68106e-72])
17494   , -396.075    , array([ 0.157066   ,  0.282343   ,  0.322903   ,  1.68106e-72])
17495   , -396.067    , array([ 0.157223   ,  0.282343   ,  0.322903   ,  1.68106e-72])
17496   , -396.075    , array([ 0.157066   ,  0.282625   ,  0.322903   ,  1.68106e-72])
17497   , -396.118    , array([ 0.157066   ,  0.282343   ,  0.323226   ,  1.68106e-72])
17498   , -396.075    , array([ 0.157066   ,  0.282343   ,  0.322903   ,  1.68274e-72])
17499   , -395.211    , array([ 0.13133    ,  0.282343   ,  0.299254   ,  1.68106e-72])
17500   , -395.211    , array([ 0.13133    ,  0.282343   ,  0.299254   ,  1.68106e-72])
17501   , -395.179    , array([ 0.131462   ,  0.282343   ,  0.299254   ,  1.68106e-72])
17502   , -395.211    , array([ 0.13133    ,  0.282625   ,  0.299254   ,  1.68106e-72])
17503   , -395.292    , array([ 0.13133    ,  0.282343   ,  0.299554   ,  1.68106e-72])
17504   , -395.211    , array([ 0.13133    ,  0.282343   ,  0.299254   ,  1.68274e-72])
17505   , -394.357    , array([ 0.117096   ,  0.282343   ,  0.27994    ,  1.68106e-72])
17506   , -394.357    , array([ 0.117096   ,  0.282343   ,  0.27994    ,  1.68106e-72])
17507   , -394.357    , array([ 0.117213   ,  0.282343   ,  0.27994    ,  1.68106e-72])
17508   , -394.357    , array([ 0.117096   ,  0.282625   ,  0.27994    ,  1.68106e-72])
17509   , -394.369    , array([ 0.117096   ,  0.282343   ,  0.28022    ,  1.68106e-72])
17510   , -394.357    , array([ 0.117096   ,  0.282343   ,  0.27994    ,  1.68274e-72])
17511   , -394.923    , array([ 0.0901177  ,  0.282343   ,  0.245452   ,  1.68106e-72])
17512   , -394.923    , array([ 0.0901177  ,  0.282343   ,  0.245452   ,  1.68106e-72])
17513   , -394.83     , array([ 0.0902079  ,  0.282343   ,  0.245452   ,  1.68106e-72])
17514   , -394.923    , array([ 0.0901177  ,  0.282625   ,  0.245452   ,  1.68106e-72])
17515   , -395.093    , array([ 0.0901177  ,  0.282343   ,  0.245698   ,  1.68106e-72])
17516   , -394.923    , array([ 0.0901177  ,  0.282343   ,  0.245452   ,  1.68274e-72])
17517   , -394.146    , array([ 0.107366   ,  0.282343   ,  0.26801    ,  1.68106e-72])
17518   , -394.146    , array([ 0.107366   ,  0.282343   ,  0.26801    ,  1.68106e-72])
17519   , -394.132    , array([ 0.107474   ,  0.282343   ,  0.26801    ,  1.68106e-72])
17520   , -394.146    , array([ 0.107366   ,  0.282625   ,  0.26801    ,  1.68106e-72])
17521   , -394.184    , array([ 0.107366   ,  0.282343   ,  0.268278   ,  1.68106e-72])
17522   , -394.146    , array([ 0.107366   ,  0.282343   ,  0.26801    ,  1.68274e-72])
17523   , -394.039    , array([ 0.100207   ,  0.282343   ,  0.258331   ,  1.68106e-72])
17524   , -394.039    , array([ 0.100207   ,  0.282343   ,  0.258331   ,  1.68106e-72])
17525   , -394.015    , array([ 0.100307   ,  0.282343   ,  0.258331   ,  1.68106e-72])
17526   , -394.039    , array([ 0.100207   ,  0.282625   ,  0.258331   ,  1.68106e-72])
17527   , -394.094    , array([ 0.100207   ,  0.282343   ,  0.25859    ,  1.68106e-72])
17528   , -394.039    , array([ 0.100207   ,  0.282343   ,  0.258331   ,  1.68274e-72])
17529   , -393.984    , array([ 0.0968459  ,  0.282343   ,  0.253458   ,  1.68106e-72])
17530   , -393.984    , array([ 0.0968459  ,  0.282343   ,  0.253458   ,  1.68106e-72])
17531   , -393.957    , array([ 0.0969428  ,  0.282343   ,  0.253458   ,  1.68106e-72])
17532   , -393.984    , array([ 0.0968459  ,  0.282625   ,  0.253458   ,  1.68106e-72])
17533   , -394.044    , array([ 0.0968459  ,  0.282343   ,  0.253711   ,  1.68106e-72])
17534   , -393.984    , array([ 0.0968459  ,  0.282343   ,  0.253458   ,  1.68274e-72])
17535   , -394.082    , array([ 0.0844923  ,  0.282343   ,  0.234867   ,  1.68106e-72])
17536   , -394.082    , array([ 0.0844923  ,  0.282343   ,  0.234867   ,  1.68106e-72])
17537   , -394.022    , array([ 0.0845769  ,  0.282343   ,  0.234867   ,  1.68106e-72])
17538   , -394.082    , array([ 0.0844923  ,  0.282625   ,  0.234867   ,  1.68106e-72])
17539   , -394.194    , array([ 0.0844923  ,  0.282343   ,  0.235102   ,  1.68106e-72])
17540   , -394.082    , array([ 0.0844923  ,  0.282343   ,  0.234867   ,  1.68274e-72])
17541   , -393.955    , array([ 0.0938241  ,  0.282343   ,  0.249012   ,  1.68106e-72])
17542   , -393.955    , array([ 0.0938241  ,  0.282343   ,  0.249012   ,  1.68106e-72])
17543   , -393.923    , array([ 0.093918   ,  0.282343   ,  0.249012   ,  1.68106e-72])
17544   , -393.955    , array([ 0.0938241  ,  0.282625   ,  0.249012   ,  1.68106e-72])
17545   , -394.022    , array([ 0.0938241  ,  0.282343   ,  0.249261   ,  1.68106e-72])
17546   , -393.955    , array([ 0.0938241  ,  0.282343   ,  0.249012   ,  1.68274e-72])
17547   , -393.915    , array([ 0.0914896  ,  0.282343   ,  0.245403   ,  1.68106e-72])
17548   , -393.915    , array([ 0.0914896  ,  0.282343   ,  0.245403   ,  1.68106e-72])
17549   , -393.882    , array([ 0.0915811  ,  0.282343   ,  0.245403   ,  1.68106e-72])
17550   , -393.915    , array([ 0.0914896  ,  0.282625   ,  0.245403   ,  1.68106e-72])
17551   , -393.984    , array([ 0.0914896  ,  0.282343   ,  0.245648   ,  1.68106e-72])
17552   , -393.915    , array([ 0.0914896  ,  0.282343   ,  0.245403   ,  1.68274e-72])
17553   , -393.892    , array([ 0.0827179  ,  0.282343   ,  0.23148    ,  1.68106e-72])
17554   , -393.892    , array([ 0.0827179  ,  0.282343   ,  0.23148    ,  1.68106e-72])
17555   , -393.842    , array([ 0.0828006  ,  0.282343   ,  0.23148    ,  1.68106e-72])
17556   , -393.892    , array([ 0.0827179  ,  0.282625   ,  0.23148    ,  1.68106e-72])
17557   , -393.985    , array([ 0.0827179  ,  0.282343   ,  0.231711   ,  1.68106e-72])
17558   , -393.892    , array([ 0.0827179  ,  0.282343   ,  0.23148    ,  1.68274e-72])
17559   , -393.872    , array([ 0.0812196  ,  0.282343   ,  0.228928   ,  1.68106e-72])
17560   , -393.872    , array([ 0.0812196  ,  0.282343   ,  0.228928   ,  1.68106e-72])
17561   , -393.821    , array([ 0.0813009  ,  0.282343   ,  0.228928   ,  1.68106e-72])
17562   , -393.872    , array([ 0.0812196  ,  0.282625   ,  0.228928   ,  1.68106e-72])
17563   , -393.967    , array([ 0.0812196  ,  0.282343   ,  0.229157   ,  1.68106e-72])
17564   , -393.872    , array([ 0.0812196  ,  0.282343   ,  0.228928   ,  1.68274e-72])
17565   , -393.868    , array([ 0.0754931  ,  0.282343   ,  0.218999   ,  1.68106e-72])
17566   , -393.868    , array([ 0.0754931  ,  0.282343   ,  0.218999   ,  1.68106e-72])
17567   , -393.807    , array([ 0.0755686  ,  0.282343   ,  0.218999   ,  1.68106e-72])
17568   , -393.868    , array([ 0.0754931  ,  0.282625   ,  0.218999   ,  1.68106e-72])
17569   , -393.977    , array([ 0.0754931  ,  0.282343   ,  0.219218   ,  1.68106e-72])
17570   , -393.868    , array([ 0.0754931  ,  0.282343   ,  0.218999   ,  1.68274e-72])
17571   , -393.858    , array([ 0.0750676  ,  0.282343   ,  0.218217   ,  1.68106e-72])
17572   , -393.858    , array([ 0.0750676  ,  0.282343   ,  0.218217   ,  1.68106e-72])
17573   , -393.797    , array([ 0.0751427  ,  0.282343   ,  0.218217   ,  1.68106e-72])
17574   , -393.858    , array([ 0.0750676  ,  0.282625   ,  0.218217   ,  1.68106e-72])
17575   , -393.967    , array([ 0.0750676  ,  0.282343   ,  0.218436   ,  1.68106e-72])
17576   , -393.858    , array([ 0.0750676  ,  0.282343   ,  0.218217   ,  1.68274e-72])
17577   , -393.823    , array([ 0.0733895  ,  0.282343   ,  0.215117   ,  1.68106e-72])
17578   , -393.823    , array([ 0.0733895  ,  0.282343   ,  0.215117   ,  1.68106e-72])
17579   , -393.762    , array([ 0.0734629  ,  0.282343   ,  0.215117   ,  1.68106e-72])
17580   , -393.823    , array([ 0.0733895  ,  0.282625   ,  0.215117   ,  1.68106e-72])
17581   , -393.931    , array([ 0.0733895  ,  0.282343   ,  0.215332   ,  1.68106e-72])
17582   , -393.823    , array([ 0.0733895  ,  0.282343   ,  0.215117   ,  1.68274e-72])
17583   , -393.784    , array([ 0.0670438  ,  0.282343   ,  0.203149   ,  1.68106e-72])
17584   , -393.784    , array([ 0.0670438  ,  0.282343   ,  0.203149   ,  1.68106e-72])
17585   , -393.715    , array([ 0.0671108  ,  0.282343   ,  0.203149   ,  1.68106e-72])
17586   , -393.784    , array([ 0.0670438  ,  0.282625   ,  0.203149   ,  1.68106e-72])
17587   , -393.903    , array([ 0.0670438  ,  0.282343   ,  0.203352   ,  1.68106e-72])
17588   , -393.784    , array([ 0.0670438  ,  0.282343   ,  0.203149   ,  1.68274e-72])
17589   , -393.751    , array([ 0.0658504  ,  0.282343   ,  0.200772   ,  1.68106e-72])
17590   , -393.751    , array([ 0.0658504  ,  0.282343   ,  0.200772   ,  1.68106e-72])
17591   , -393.683    , array([ 0.0659163  ,  0.282343   ,  0.200772   ,  1.68106e-72])
17592   , -393.751    , array([ 0.0658504  ,  0.282625   ,  0.200772   ,  1.68106e-72])
17593   , -393.868    , array([ 0.0658504  ,  0.282343   ,  0.200973   ,  1.68106e-72])
17594   , -393.751    , array([ 0.0658504  ,  0.282343   ,  0.200772   ,  1.68274e-72])
17595   , -393.678    , array([ 0.0612856  ,  0.282343   ,  0.191537   ,  1.68106e-72])
17596   , -393.678    , array([ 0.0612856  ,  0.282343   ,  0.191537   ,  1.68106e-72])
17597   , -393.609    , array([ 0.061347   ,  0.282343   ,  0.191537   ,  1.68106e-72])
17598   , -393.678    , array([ 0.0612856  ,  0.282625   ,  0.191537   ,  1.68106e-72])
17599   , -393.797    , array([ 0.0612856  ,  0.282343   ,  0.191729   ,  1.68106e-72])
17600   , -393.678    , array([ 0.0612856  ,  0.282343   ,  0.191537   ,  1.68274e-72])
17601   , -393.64     , array([ 0.0600221  ,  0.282343   ,  0.188881   ,  1.68106e-72])
17602   , -393.64     , array([ 0.0600221  ,  0.282343   ,  0.188881   ,  1.68106e-72])
17603   , -393.572    , array([ 0.0600822  ,  0.282343   ,  0.188881   ,  1.68106e-72])
17604   , -393.64     , array([ 0.0600221  ,  0.282625   ,  0.188881   ,  1.68106e-72])
17605   , -393.756    , array([ 0.0600221  ,  0.282343   ,  0.189069   ,  1.68106e-72])
17606   , -393.64     , array([ 0.0600221  ,  0.282343   ,  0.188881   ,  1.68274e-72])
17607   , -393.556    , array([ 0.0552233  ,  0.282343   ,  0.178617   ,  1.68106e-72])
17608   , -393.556    , array([ 0.0552233  ,  0.282343   ,  0.178617   ,  1.68106e-72])
17609   , -393.488    , array([ 0.0552786  ,  0.282343   ,  0.178617   ,  1.68106e-72])
17610   , -393.556    , array([ 0.0552233  ,  0.282625   ,  0.178617   ,  1.68106e-72])
17611   , -393.671    , array([ 0.0552233  ,  0.282343   ,  0.178796   ,  1.68106e-72])
17612   , -393.556    , array([ 0.0552233  ,  0.282343   ,  0.178617   ,  1.68274e-72])
17613   , -394.759    , array([ 0.03957    ,  0.282343   ,  0.142847   ,  1.68106e-72])
17614   , -394.759    , array([ 0.03957    ,  0.282343   ,  0.142847   ,  1.68106e-72])
17615   , -394.581    , array([ 0.0396096  ,  0.282343   ,  0.142847   ,  1.68106e-72])
17616   , -394.759    , array([ 0.03957    ,  0.282625   ,  0.142847   ,  1.68106e-72])
17617   , -395.026    , array([ 0.03957    ,  0.282343   ,  0.14299    ,  1.68106e-72])
17618   , -394.759    , array([ 0.03957    ,  0.282343   ,  0.142847   ,  1.68274e-72])
17619   , -393.562    , array([ 0.0520108  ,  0.282343   ,  0.171582   ,  1.68106e-72])
17620   , -393.562    , array([ 0.0520108  ,  0.282343   ,  0.171582   ,  1.68106e-72])
17621   , -393.489    , array([ 0.0520628  ,  0.282343   ,  0.171582   ,  1.68106e-72])
17622   , -393.562    , array([ 0.0520108  ,  0.282625   ,  0.171582   ,  1.68106e-72])
17623   , -393.685    , array([ 0.0520108  ,  0.282343   ,  0.171754   ,  1.68106e-72])
17624   , -393.562    , array([ 0.0520108  ,  0.282343   ,  0.171582   ,  1.68274e-72])
17625   , -393.537    , array([ 0.050901   ,  0.282343   ,  0.169057   ,  1.68106e-72])
17626   , -393.537    , array([ 0.050901   ,  0.282343   ,  0.169057   ,  1.68106e-72])
17627   , -393.464    , array([ 0.0509519  ,  0.282343   ,  0.169057   ,  1.68106e-72])
17628   , -393.537    , array([ 0.050901   ,  0.282625   ,  0.169057   ,  1.68106e-72])
17629   , -393.658    , array([ 0.050901   ,  0.282343   ,  0.169226   ,  1.68106e-72])
17630   , -393.537    , array([ 0.050901   ,  0.282343   ,  0.169057   ,  1.68274e-72])
17631   , -393.501    , array([ 0.0466937  ,  0.282343   ,  0.159323   ,  1.68106e-72])
17632   , -393.501    , array([ 0.0466937  ,  0.282343   ,  0.159323   ,  1.68106e-72])
17633   , -393.426    , array([ 0.0467404  ,  0.282343   ,  0.159323   ,  1.68106e-72])
17634   , -393.501    , array([ 0.0466937  ,  0.282625   ,  0.159323   ,  1.68106e-72])
17635   , -393.627    , array([ 0.0466937  ,  0.282343   ,  0.159483   ,  1.68106e-72])
17636   , -393.501    , array([ 0.0466937  ,  0.282343   ,  0.159323   ,  1.68274e-72])
17637   , -395.063    , array([ 0.0330665  ,  0.282343   ,  0.125679   ,  1.68106e-72])
17638   , -395.063    , array([ 0.0330665  ,  0.282343   ,  0.125679   ,  1.68106e-72])
17639   , -394.853    , array([ 0.0330996  ,  0.282343   ,  0.125679   ,  1.68106e-72])
17640   , -395.063    , array([ 0.0330665  ,  0.282625   ,  0.125679   ,  1.68106e-72])
17641   , -395.371    , array([ 0.0330665  ,  0.282343   ,  0.125805   ,  1.68106e-72])
17642   , -395.063    , array([ 0.0330665  ,  0.282343   ,  0.125679   ,  1.68274e-72])
17643   , -393.539    , array([ 0.0440422  ,  0.282343   ,  0.153048   ,  1.68106e-72])
17644   , -393.539    , array([ 0.0440422  ,  0.282343   ,  0.153048   ,  1.68106e-72])
17645   , -393.455    , array([ 0.0440863  ,  0.282343   ,  0.153048   ,  1.68106e-72])
17646   , -393.539    , array([ 0.0440422  ,  0.282625   ,  0.153048   ,  1.68106e-72])
17647   , -393.676    , array([ 0.0440422  ,  0.282343   ,  0.153201   ,  1.68106e-72])
17648   , -393.539    , array([ 0.0440422  ,  0.282343   ,  0.153048   ,  1.68274e-72])
17649   , -393.534    , array([ 0.0438781  ,  0.282343   ,  0.152645   ,  1.68106e-72])
17650   , -393.534    , array([ 0.0438781  ,  0.282343   ,  0.152645   ,  1.68106e-72])
17651   , -393.451    , array([ 0.043922   ,  0.282343   ,  0.152645   ,  1.68106e-72])
17652   , -393.534    , array([ 0.0438781  ,  0.282625   ,  0.152645   ,  1.68106e-72])
17653   , -393.67     , array([ 0.0438781  ,  0.282343   ,  0.152797   ,  1.68106e-72])
17654   , -393.534    , array([ 0.0438781  ,  0.282343   ,  0.152645   ,  1.68274e-72])
17655   , -393.516    , array([ 0.0432279  ,  0.282343   ,  0.151042   ,  1.68106e-72])
17656   , -393.516    , array([ 0.0432279  ,  0.282343   ,  0.151042   ,  1.68106e-72])
17657   , -393.433    , array([ 0.0432711  ,  0.282343   ,  0.151042   ,  1.68106e-72])
17658   , -393.516    , array([ 0.0432279  ,  0.282625   ,  0.151042   ,  1.68106e-72])
17659   , -393.651    , array([ 0.0432279  ,  0.282343   ,  0.151193   ,  1.68106e-72])
17660   , -393.516    , array([ 0.0432279  ,  0.282343   ,  0.151042   ,  1.68274e-72])
17661   , -393.474    , array([ 0.0407218  ,  0.282343   ,  0.144797   ,  1.68106e-72])
17662   , -393.474    , array([ 0.0407218  ,  0.282343   ,  0.144797   ,  1.68106e-72])
17663   , -393.392    , array([ 0.0407625  ,  0.282343   ,  0.144797   ,  1.68106e-72])
17664   , -393.474    , array([ 0.0407218  ,  0.282625   ,  0.144797   ,  1.68106e-72])
17665   , -393.608    , array([ 0.0407218  ,  0.282343   ,  0.144941   ,  1.68106e-72])
17666   , -393.474    , array([ 0.0407218  ,  0.282343   ,  0.144797   ,  1.68274e-72])
17667   , -393.845    , array([ 0.0320684  ,  0.282343   ,  0.122293   ,  1.68106e-72])
17668   , -393.845    , array([ 0.0320684  ,  0.282343   ,  0.122293   ,  1.68106e-72])
17669   , -393.712    , array([ 0.0321004  ,  0.282343   ,  0.122293   ,  1.68106e-72])
17670   , -393.845    , array([ 0.0320684  ,  0.282625   ,  0.122293   ,  1.68106e-72])
17671   , -394.046    , array([ 0.0320684  ,  0.282343   ,  0.122416   ,  1.68106e-72])
17672   , -393.845    , array([ 0.0320684  ,  0.282343   ,  0.122293   ,  1.68274e-72])
17673   , -393.474    , array([ 0.0388917  ,  0.282343   ,  0.140165   ,  1.68106e-72])
17674   , -393.474    , array([ 0.0388917  ,  0.282343   ,  0.140165   ,  1.68106e-72])
17675   , -393.388    , array([ 0.0389306  ,  0.282343   ,  0.140165   ,  1.68106e-72])
17676   , -393.474    , array([ 0.0388917  ,  0.282625   ,  0.140165   ,  1.68106e-72])
17677   , -393.611    , array([ 0.0388917  ,  0.282343   ,  0.140305   ,  1.68106e-72])
17678   , -393.474    , array([ 0.0388917  ,  0.282343   ,  0.140165   ,  1.68274e-72])
17679   , -393.635    , array([ 0.0342422  ,  0.282343   ,  0.128098   ,  1.68106e-72])
17680   , -393.635    , array([ 0.0342422  ,  0.282343   ,  0.128098   ,  1.68106e-72])
17681   , -393.525    , array([ 0.0342765  ,  0.282343   ,  0.128098   ,  1.68106e-72])
17682   , -393.635    , array([ 0.0342422  ,  0.282625   ,  0.128098   ,  1.68106e-72])
17683   , -393.806    , array([ 0.0342422  ,  0.282343   ,  0.128227   ,  1.68106e-72])
17684   , -393.635    , array([ 0.0342422  ,  0.282343   ,  0.128098   ,  1.68274e-72])
17685   , -393.485    , array([ 0.0379612  ,  0.282343   ,  0.137785   ,  1.68106e-72])
17686   , -393.485    , array([ 0.0379612  ,  0.282343   ,  0.137785   ,  1.68106e-72])
17687   , -393.396    , array([ 0.0379992  ,  0.282343   ,  0.137785   ,  1.68106e-72])
17688   , -393.485    , array([ 0.0379612  ,  0.282625   ,  0.137785   ,  1.68106e-72])
17689   , -393.626    , array([ 0.0379612  ,  0.282343   ,  0.137923   ,  1.68106e-72])
17690   , -393.485    , array([ 0.0379612  ,  0.282343   ,  0.137785   ,  1.68274e-72])
17691   , -393.475    , array([ 0.0387024  ,  0.282343   ,  0.139682   ,  1.68106e-72])
17692   , -393.475    , array([ 0.0387024  ,  0.282343   ,  0.139682   ,  1.68106e-72])
17693   , -393.389    , array([ 0.0387411  ,  0.282343   ,  0.139682   ,  1.68106e-72])
17694   , -393.475    , array([ 0.0387024  ,  0.282625   ,  0.139682   ,  1.68106e-72])
17695   , -393.613    , array([ 0.0387024  ,  0.282343   ,  0.139822   ,  1.68106e-72])
17696   , -393.475    , array([ 0.0387024  ,  0.282343   ,  0.139682   ,  1.68274e-72])
17697   , -393.474    , array([ 0.038853   ,  0.282343   ,  0.140066   ,  1.68106e-72])
17698   , -393.474    , array([ 0.038853   ,  0.282343   ,  0.140066   ,  1.68106e-72])
17699   , -393.388    , array([ 0.0388919  ,  0.282343   ,  0.140066   ,  1.68106e-72])
17700   , -393.474    , array([ 0.038853   ,  0.282625   ,  0.140066   ,  1.68106e-72])
17701   , -393.612    , array([ 0.038853   ,  0.282343   ,  0.140206   ,  1.68106e-72])
17702   , -393.474    , array([ 0.038853   ,  0.282343   ,  0.140066   ,  1.68274e-72])
17703   , -393.474    , array([ 0.0388838  ,  0.282343   ,  0.140145   ,  1.68106e-72])
17704   , -393.474    , array([ 0.0388838  ,  0.282343   ,  0.140145   ,  1.68106e-72])
17705   , -393.388    , array([ 0.0389227  ,  0.282343   ,  0.140145   ,  1.68106e-72])
17706   , -393.474    , array([ 0.0388838  ,  0.282625   ,  0.140145   ,  1.68106e-72])
17707   , -393.611    , array([ 0.0388838  ,  0.282343   ,  0.140285   ,  1.68106e-72])
17708   , -393.474    , array([ 0.0388838  ,  0.282343   ,  0.140145   ,  1.68274e-72])
17709   , -393.474    , array([ 0.0388901  ,  0.282343   ,  0.140161   ,  1.68106e-72])
17710   , -393.474    , array([ 0.0388901  ,  0.282343   ,  0.140161   ,  1.68106e-72])
17711   , -393.388    , array([ 0.038929   ,  0.282343   ,  0.140161   ,  1.68106e-72])
17712   , -393.474    , array([ 0.0388901  ,  0.282625   ,  0.140161   ,  1.68106e-72])
17713   , -393.611    , array([ 0.0388901  ,  0.282343   ,  0.140301   ,  1.68106e-72])
17714   , -393.474    , array([ 0.0388901  ,  0.282343   ,  0.140161   ,  1.68274e-72])
17715   , -393.474    , array([ 0.0388914  ,  0.282343   ,  0.140164   ,  1.68106e-72])
17716   , -393.474    , array([ 0.0388914  ,  0.282343   ,  0.140164   ,  1.68106e-72])
17717   , -393.388    , array([ 0.0389303  ,  0.282343   ,  0.140164   ,  1.68106e-72])
17718   , -393.474    , array([ 0.0388914  ,  0.282625   ,  0.140164   ,  1.68106e-72])
17719   , -393.611    , array([ 0.0388914  ,  0.282343   ,  0.140304   ,  1.68106e-72])
17720   , -393.474    , array([ 0.0388914  ,  0.282343   ,  0.140164   ,  1.68274e-72])
17721   , -393.474    , array([ 0.0388917  ,  0.282343   ,  0.140165   ,  1.68106e-72])
17722   , -393.474    , array([ 0.0388917  ,  0.282343   ,  0.140165   ,  1.68106e-72])
17723   , -393.388    , array([ 0.0389306  ,  0.282343   ,  0.140165   ,  1.68106e-72])
17724   , -393.474    , array([ 0.0388917  ,  0.282625   ,  0.140165   ,  1.68106e-72])
17725   , -393.611    , array([ 0.0388917  ,  0.282343   ,  0.140305   ,  1.68106e-72])
17726   , -393.474    , array([ 0.0388917  ,  0.282343   ,  0.140165   ,  1.68274e-72])
17727   , -393.474    , array([ 0.0388917  ,  0.282343   ,  0.140165   ,  1.68106e-72])
17728   , -393.474    , array([ 0.0388917  ,  0.282343   ,  0.140165   ,  1.68106e-72])
17729   , -393.388    , array([ 0.0389306  ,  0.282343   ,  0.140165   ,  1.68106e-72])
17730   , -393.474    , array([ 0.0388917  ,  0.282625   ,  0.140165   ,  1.68106e-72])
17731   , -393.611    , array([ 0.0388917  ,  0.282343   ,  0.140305   ,  1.68106e-72])
17732   , -393.474    , array([ 0.0388917  ,  0.282343   ,  0.140165   ,  1.68274e-72])
17733   , -393.474    , array([ 0.0388917  ,  0.282343   ,  0.140165   ,  1.68106e-72])
17734   , -393.474    , array([ 0.0388917  ,  0.282343   ,  0.140165   ,  1.68106e-72])
17735   , -393.388    , array([ 0.0389306  ,  0.282343   ,  0.140165   ,  1.68106e-72])
17736   , -393.474    , array([ 0.0388917  ,  0.282625   ,  0.140165   ,  1.68106e-72])
17737   , -393.611    , array([ 0.0388917  ,  0.282343   ,  0.140305   ,  1.68106e-72])
17738   , -393.474    , array([ 0.0388917  ,  0.282343   ,  0.140165   ,  1.68274e-72])
17739   , -393.474    , array([ 0.0388917  ,  0.282343   ,  0.140165   ,  1.68106e-72])
17740   , -393.474    , array([ 0.0388917  ,  0.282343   ,  0.140165   ,  1.68106e-72])
17741   , -393.388    , array([ 0.0389306  ,  0.282343   ,  0.140165   ,  1.68106e-72])
17742   , -393.474    , array([ 0.0388917  ,  0.282625   ,  0.140165   ,  1.68106e-72])
17743   , -393.611    , array([ 0.0388917  ,  0.282343   ,  0.140305   ,  1.68106e-72])
17744   , -393.474    , array([ 0.0388917  ,  0.282343   ,  0.140165   ,  1.68274e-72])
17745   , -393.474    , array([ 0.0388917  ,  0.282343   ,  0.140165   ,  1.68106e-72])
17746   , -393.474    , array([ 0.0388917  ,  0.282343   ,  0.140165   ,  1.68106e-72])
17747   , -393.388    , array([ 0.0389306  ,  0.282343   ,  0.140165   ,  1.68106e-72])
17748   , -393.474    , array([ 0.0388917  ,  0.282625   ,  0.140165   ,  1.68106e-72])
17749   , -393.611    , array([ 0.0388917  ,  0.282343   ,  0.140305   ,  1.68106e-72])
17750   , -393.474    , array([ 0.0388917  ,  0.282343   ,  0.140165   ,  1.68274e-72])
17751   , -393.474    , array([ 0.0388917  ,  0.282343   ,  0.140165   ,  1.68106e-72])
17752   , -393.474    , array([ 0.0388917  ,  0.282343   ,  0.140165   ,  1.68106e-72])
17753   , -393.388    , array([ 0.0389306  ,  0.282343   ,  0.140165   ,  1.68106e-72])
17754   , -393.474    , array([ 0.0388917  ,  0.282625   ,  0.140165   ,  1.68106e-72])
17755   , -393.611    , array([ 0.0388917  ,  0.282343   ,  0.140305   ,  1.68106e-72])
17756   , -393.474    , array([ 0.0388917  ,  0.282343   ,  0.140165   ,  1.68274e-72])
17757   , -393.474    , array([ 0.0388917  ,  0.282343   ,  0.140165   ,  1.68106e-72])
17758   , -393.474    , array([ 0.0388917  ,  0.282343   ,  0.140165   ,  1.68106e-72])
17759   , -393.388    , array([ 0.0389306  ,  0.282343   ,  0.140165   ,  1.68106e-72])
17760   , -393.474    , array([ 0.0388917  ,  0.282625   ,  0.140165   ,  1.68106e-72])
17761   , -393.611    , array([ 0.0388917  ,  0.282343   ,  0.140305   ,  1.68106e-72])
17762   , -393.474    , array([ 0.0388917  ,  0.282343   ,  0.140165   ,  1.68274e-72])
17763   , -393.474    , array([ 0.0388917  ,  0.282343   ,  0.140165   ,  1.68106e-72])
17764   , -393.474    , array([ 0.0388917  ,  0.282343   ,  0.140165   ,  1.68106e-72])
17765   , -393.388    , array([ 0.0389306  ,  0.282343   ,  0.140165   ,  1.68106e-72])
17766   , -393.474    , array([ 0.0388917  ,  0.282625   ,  0.140165   ,  1.68106e-72])
17767   , -393.611    , array([ 0.0388917  ,  0.282343   ,  0.140305   ,  1.68106e-72])
17768   , -393.474    , array([ 0.0388917  ,  0.282343   ,  0.140165   ,  1.68274e-72])
17769   , -393.474    , array([ 0.0388917  ,  0.282343   ,  0.140165   ,  1.68106e-72])
17770   , -393.474    , array([ 0.0388917  ,  0.282343   ,  0.140165   ,  1.68106e-72])
17771   , -393.388    , array([ 0.0389306  ,  0.282343   ,  0.140165   ,  1.68106e-72])
17772   , -393.474    , array([ 0.0388917  ,  0.282625   ,  0.140165   ,  1.68106e-72])
17773   , -393.611    , array([ 0.0388917  ,  0.282343   ,  0.140305   ,  1.68106e-72])
17774   , -393.474    , array([ 0.0388917  ,  0.282343   ,  0.140165   ,  1.68274e-72])
17775   , -393.474    , array([ 0.0388917  ,  0.282343   ,  0.140165   ,  1.68106e-72])
17776   , -393.474    , array([ 0.0388917  ,  0.282343   ,  0.140165   ,  1.68106e-72])
17777   , -393.388    , array([ 0.0389306  ,  0.282343   ,  0.140165   ,  1.68106e-72])
17778   , -393.474    , array([ 0.0388917  ,  0.282625   ,  0.140165   ,  1.68106e-72])
17779   , -393.611    , array([ 0.0388917  ,  0.282343   ,  0.140305   ,  1.68106e-72])
17780   , -393.474    , array([ 0.0388917  ,  0.282343   ,  0.140165   ,  1.68274e-72])
17781   , -393.474    , array([ 0.0388917  ,  0.282343   ,  0.140165   ,  1.68106e-72])
17782   , -393.474    , array([ 0.0388917  ,  0.282343   ,  0.140165   ,  1.68106e-72])
17783   , -393.388    , array([ 0.0389306  ,  0.282343   ,  0.140165   ,  1.68106e-72])
17784   , -393.474    , array([ 0.0388917  ,  0.282625   ,  0.140165   ,  1.68106e-72])
17785   , -393.611    , array([ 0.0388917  ,  0.282343   ,  0.140305   ,  1.68106e-72])
17786   , -393.474    , array([ 0.0388917  ,  0.282343   ,  0.140165   ,  1.68274e-72])
17787   , -393.474    , array([ 0.0388917  ,  0.282343   ,  0.140165   ,  1.68106e-72])
17788   , -393.474    , array([ 0.0388917  ,  0.282343   ,  0.140165   ,  1.68106e-72])
17789   , -393.388    , array([ 0.0389306  ,  0.282343   ,  0.140165   ,  1.68106e-72])
17790   , -393.474    , array([ 0.0388917  ,  0.282625   ,  0.140165   ,  1.68106e-72])
17791   , -393.611    , array([ 0.0388917  ,  0.282343   ,  0.140305   ,  1.68106e-72])
17792   , -393.474    , array([ 0.0388917  ,  0.282343   ,  0.140165   ,  1.68274e-72])
17793   , -393.474    , array([ 0.0388917  ,  0.282343   ,  0.140165   ,  1.68106e-72])
17794   , -393.474    , array([ 0.0388917  ,  0.282343   ,  0.140165   ,  1.68106e-72])
17795   , -393.388    , array([ 0.0389306  ,  0.282343   ,  0.140165   ,  1.68106e-72])
17796   , -393.474    , array([ 0.0388917  ,  0.282625   ,  0.140165   ,  1.68106e-72])
17797   , -393.611    , array([ 0.0388917  ,  0.282343   ,  0.140305   ,  1.68106e-72])
17798   , -393.474    , array([ 0.0388917  ,  0.282343   ,  0.140165   ,  1.68274e-72])
17799   , -393.474    , array([ 0.0388917  ,  0.282343   ,  0.140165   ,  1.68106e-72])
17800   , -393.474    , array([ 0.0388917  ,  0.282343   ,  0.140165   ,  1.68106e-72])
17801   , -393.388    , array([ 0.0389306  ,  0.282343   ,  0.140165   ,  1.68106e-72])
17802   , -393.474    , array([ 0.0388917  ,  0.282625   ,  0.140165   ,  1.68106e-72])
17803   , -393.611    , array([ 0.0388917  ,  0.282343   ,  0.140305   ,  1.68106e-72])
17804   , -393.474    , array([ 0.0388917  ,  0.282343   ,  0.140165   ,  1.68274e-72])
17805   , -393.474    , array([ 0.0388917  ,  0.282343   ,  0.140165   ,  1.68106e-72])
17806   , -393.474    , array([ 0.0388917  ,  0.282343   ,  0.140165   ,  1.68106e-72])
17807   , -393.388    , array([ 0.0389306  ,  0.282343   ,  0.140165   ,  1.68106e-72])
17808   , -393.474    , array([ 0.0388917  ,  0.282625   ,  0.140165   ,  1.68106e-72])
17809   , -393.611    , array([ 0.0388917  ,  0.282343   ,  0.140305   ,  1.68106e-72])
17810   , -393.474    , array([ 0.0388917  ,  0.282343   ,  0.140165   ,  1.68274e-72])
17811   , -393.474    , array([ 0.0388917  ,  0.282343   ,  0.140165   ,  1.68106e-72])
17812   , -393.474    , array([ 0.0388917  ,  0.282343   ,  0.140165   ,  1.68106e-72])
17813   , -393.388    , array([ 0.0389306  ,  0.282343   ,  0.140165   ,  1.68106e-72])
17814   , -393.474    , array([ 0.0388917  ,  0.282625   ,  0.140165   ,  1.68106e-72])
17815   , -393.611    , array([ 0.0388917  ,  0.282343   ,  0.140305   ,  1.68106e-72])
17816   , -393.474    , array([ 0.0388917  ,  0.282343   ,  0.140165   ,  1.68274e-72])
17817   , -393.474    , array([ 0.0388917  ,  0.282343   ,  0.140165   ,  1.68106e-72])
17818   , -393.474    , array([ 0.0388917  ,  0.282343   ,  0.140165   ,  1.68106e-72])
17819   , -393.388    , array([ 0.0389306  ,  0.282343   ,  0.140165   ,  1.68106e-72])
17820   , -393.474    , array([ 0.0388917  ,  0.282625   ,  0.140165   ,  1.68106e-72])
17821   , -393.611    , array([ 0.0388917  ,  0.282343   ,  0.140305   ,  1.68106e-72])
17822   , -393.474    , array([ 0.0388917  ,  0.282343   ,  0.140165   ,  1.68274e-72])
17823   , -393.534    , array([ 0.0438781  ,  0.282343   ,  0.152645   ,  1.68106e-72])
17824   , -393.534    , array([ 0.0438781  ,  0.282343   ,  0.152645   ,  1.68106e-72])
17825   , -393.451    , array([ 0.043922   ,  0.282343   ,  0.152645   ,  1.68106e-72])
17826   , -393.534    , array([ 0.0438781  ,  0.282625   ,  0.152645   ,  1.68106e-72])
17827   , -393.67     , array([ 0.0438781  ,  0.282343   ,  0.152797   ,  1.68106e-72])
17828   , -393.534    , array([ 0.0438781  ,  0.282343   ,  0.152645   ,  1.68274e-72])
17829   , -393.53     , array([ 0.0437147  ,  0.282343   ,  0.152242   ,  1.68106e-72])
17830   , -393.53     , array([ 0.0437147  ,  0.282343   ,  0.152242   ,  1.68106e-72])
17831   , -393.446    , array([ 0.0437584  ,  0.282343   ,  0.152242   ,  1.68106e-72])
17832   , -393.53     , array([ 0.0437147  ,  0.282625   ,  0.152242   ,  1.68106e-72])
17833   , -393.665    , array([ 0.0437147  ,  0.282343   ,  0.152395   ,  1.68106e-72])
17834   , -393.53     , array([ 0.0437147  ,  0.282343   ,  0.152242   ,  1.68274e-72])
17835   , -393.521    , array([ 0.0433895  ,  0.282343   ,  0.151441   ,  1.68106e-72])
17836   , -393.521    , array([ 0.0433895  ,  0.282343   ,  0.151441   ,  1.68106e-72])
17837   , -393.437    , array([ 0.0434329  ,  0.282343   ,  0.151441   ,  1.68106e-72])
17838   , -393.521    , array([ 0.0433895  ,  0.282625   ,  0.151441   ,  1.68106e-72])
17839   , -393.656    , array([ 0.0433895  ,  0.282343   ,  0.151592   ,  1.68106e-72])
17840   , -393.521    , array([ 0.0433895  ,  0.282343   ,  0.151441   ,  1.68274e-72])
17841   , -393.505    , array([ 0.0427465  ,  0.282343   ,  0.149851   ,  1.68106e-72])
17842   , -393.505    , array([ 0.0427465  ,  0.282343   ,  0.149851   ,  1.68106e-72])
17843   , -393.422    , array([ 0.0427893  ,  0.282343   ,  0.149851   ,  1.68106e-72])
17844   , -393.505    , array([ 0.0427465  ,  0.282625   ,  0.149851   ,  1.68106e-72])
17845   , -393.639    , array([ 0.0427465  ,  0.282343   ,  0.15       ,  1.68106e-72])
17846   , -393.505    , array([ 0.0427465  ,  0.282343   ,  0.149851   ,  1.68274e-72])
17847   , -393.482    , array([ 0.0414889  ,  0.282343   ,  0.14672    ,  1.68106e-72])
17848   , -393.482    , array([ 0.0414889  ,  0.282343   ,  0.14672    ,  1.68106e-72])
17849   , -393.4      , array([ 0.0415304  ,  0.282343   ,  0.14672    ,  1.68106e-72])
17850   , -393.482    , array([ 0.0414889  ,  0.282625   ,  0.14672    ,  1.68106e-72])
17851   , -393.616    , array([ 0.0414889  ,  0.282343   ,  0.146867   ,  1.68106e-72])
17852   , -393.482    , array([ 0.0414889  ,  0.282343   ,  0.14672    ,  1.68274e-72])
17853   , -393.472    , array([ 0.0390836  ,  0.282343   ,  0.140653   ,  1.68106e-72])
17854   , -393.472    , array([ 0.0390836  ,  0.282343   ,  0.140653   ,  1.68106e-72])
17855   , -393.387    , array([ 0.0391227  ,  0.282343   ,  0.140653   ,  1.68106e-72])
17856   , -393.472    , array([ 0.0390836  ,  0.282625   ,  0.140653   ,  1.68106e-72])
17857   , -393.609    , array([ 0.0390836  ,  0.282343   ,  0.140794   ,  1.68106e-72])
17858   , -393.472    , array([ 0.0390836  ,  0.282343   ,  0.140653   ,  1.68274e-72])
17859   , -393.606    , array([ 0.0346832  ,  0.282343   ,  0.129263   ,  1.68106e-72])
17860   , -393.505    , array([ 0.0370093  ,  0.282343   ,  0.135334   ,  1.68106e-72])
17861   , -393.481    , array([ 0.0382288  ,  0.282343   ,  0.138471   ,  1.68106e-72])
17862   , -393.475    , array([ 0.03872    ,  0.282343   ,  0.139727   ,  1.68106e-72])
17863   , -393.473    , array([ 0.0389294  ,  0.282343   ,  0.140261   ,  1.68106e-72])
17864   , -393.473    , array([ 0.0390181  ,  0.282343   ,  0.140487   ,  1.68106e-72])
17865   , -393.473    , array([ 0.0390557  ,  0.282343   ,  0.140583   ,  1.68106e-72])
17866   , -393.472    , array([ 0.0390718  ,  0.282343   ,  0.140623   ,  1.68106e-72])
17867   , -393.472    , array([ 0.0390786  ,  0.282343   ,  0.140641   ,  1.68106e-72])
17868   , -393.472    , array([ 0.0390815  ,  0.282343   ,  0.140648   ,  1.68106e-72])
17869   , -393.472    , array([ 0.0390827  ,  0.282343   ,  0.140651   ,  1.68106e-72])
17870   , -393.472    , array([ 0.0390832  ,  0.282343   ,  0.140652   ,  1.68106e-72])
