19393   , -3721.19    , array([ 0.00531345 ,  7.35771    ,  0.00227467 ,  5.27658e-56])
19394   , -3718.11    , array([ 0.00531876 ,  7.35771    ,  0.00227467 ,  5.27658e-56])
19395   , -3721.19    , array([ 0.00531345 ,  7.36508    ,  0.00227467 ,  5.27658e-56])
19396   , -3724.12    , array([ 0.00531345 ,  7.35771    ,  0.00227695 ,  5.27658e-56])
19397   , -3721.19    , array([ 0.00531345 ,  7.35771    ,  0.00227467 ,  5.28186e-56])
19398   , -3721.19    , array([ 0.00531345 ,  7.35771    ,  0.00227467 ,  5.27658e-56])
19399   , -1804.52    , array([ 0.0110267  ,  7.35771    ,  0.00113193 ,  5.27658e-56])
19400   , -1804.52    , array([ 0.0110267  ,  7.35771    ,  0.00113193 ,  5.27658e-56])
19401   , -1804.34    , array([ 0.0110377  ,  7.35771    ,  0.00113193 ,  5.27658e-56])
19402   , -1804.52    , array([ 0.0110267  ,  7.36508    ,  0.00113193 ,  5.27658e-56])
19403   , -1804.68    , array([ 0.0110267  ,  7.35771    ,  0.00113306 ,  5.27658e-56])
19404   , -1804.52    , array([ 0.0110267  ,  7.35771    ,  0.00113193 ,  5.28186e-56])
19405   , -7011.79    , array([ 2.9525     ,  7.35771    ,  0.351658   ,  5.27658e-56])
19406   , -7011.79    , array([ 2.9525     ,  7.35771    ,  0.351658   ,  5.27658e-56])
19407   , -7016.34    , array([ 2.95545    ,  7.35771    ,  0.351658   ,  5.27658e-56])
19408   , -7011.79    , array([ 2.9525     ,  7.36508    ,  0.351658   ,  5.27658e-56])
19409   , -7014.47    , array([ 2.9525     ,  7.35771    ,  0.352009   ,  5.27658e-56])
19410   , -7011.79    , array([ 2.9525     ,  7.35771    ,  0.351658   ,  5.28186e-56])
19411   , -1739.74    , array([ 0.0526877  ,  7.35771    ,  0.00563826 ,  5.27658e-56])
19412   , -1739.74    , array([ 0.0526877  ,  7.35771    ,  0.00563826 ,  5.27658e-56])
19413   , -1739.63    , array([ 0.0527404  ,  7.35771    ,  0.00563826 ,  5.27658e-56])
19414   , -1739.74    , array([ 0.0526877  ,  7.36508    ,  0.00563826 ,  5.27658e-56])
19415   , -1739.76    , array([ 0.0526877  ,  7.35771    ,  0.0056439  ,  5.27658e-56])
19416   , -1739.74    , array([ 0.0526877  ,  7.35771    ,  0.00563826 ,  5.28186e-56])
19417   , -1551.7     , array([ 0.360656   ,  7.35771    ,  0.0406203  ,  5.27658e-56])
19418   , -1551.7     , array([ 0.360656   ,  7.35771    ,  0.0406203  ,  5.27658e-56])
19419   , -1552.31    , array([ 0.361017   ,  7.35771    ,  0.0406203  ,  5.27658e-56])
19420   , -1551.7     , array([ 0.360656   ,  7.36508    ,  0.0406203  ,  5.27658e-56])
19421   , -1551.18    , array([ 0.360656   ,  7.35771    ,  0.0406609  ,  5.27658e-56])
19422   , -1551.7     , array([ 0.360656   ,  7.35771    ,  0.0406203  ,  5.28186e-56])
19423   , -1632.15    , array([ 0.136041   ,  7.35771    ,  0.01493    ,  5.27658e-56])
19424   , -1632.15    , array([ 0.136041   ,  7.35771    ,  0.01493    ,  5.27658e-56])
19425   , -1632.24    , array([ 0.136177   ,  7.35771    ,  0.01493    ,  5.27658e-56])
19426   , -1632.15    , array([ 0.136041   ,  7.36508    ,  0.01493    ,  5.27658e-56])
19427   , -1631.93    , array([ 0.136041   ,  7.35771    ,  0.0149449  ,  5.27658e-56])
19428   , -1632.15    , array([ 0.136041   ,  7.35771    ,  0.01493    ,  5.28186e-56])
19429   , -1546.22    , array([ 0.306406   ,  7.35771    ,  0.034361   ,  5.27658e-56])
19430   , -1546.22    , array([ 0.306406   ,  7.35771    ,  0.034361   ,  5.27658e-56])
19431   , -1546.71    , array([ 0.306713   ,  7.35771    ,  0.034361   ,  5.27658e-56])
19432   , -1546.22    , array([ 0.306406   ,  7.36508    ,  0.034361   ,  5.27658e-56])
19433   , -1545.74    , array([ 0.306406   ,  7.35771    ,  0.0343953  ,  5.27658e-56])
19434   , -1546.22    , array([ 0.306406   ,  7.35771    ,  0.034361   ,  5.28186e-56])
19441   , -1546.22    , array([ 0.306417   ,  7.35771    ,  0.0343622  ,  5.27658e-56])
19442   , -1546.22    , array([ 0.306417   ,  7.35771    ,  0.0343622  ,  5.27658e-56])
19443   , -1546.71    , array([ 0.306724   ,  7.35771    ,  0.0343622  ,  5.27658e-56])
19444   , -1546.22    , array([ 0.306417   ,  7.36508    ,  0.0343622  ,  5.27658e-56])
19445   , -1545.74    , array([ 0.306417   ,  7.35771    ,  0.0343966  ,  5.27658e-56])
19446   , -1546.22    , array([ 0.306417   ,  7.35771    ,  0.0343622  ,  5.28186e-56])
19447   , -1546.22    , array([ 0.306442   ,  7.35771    ,  0.0343651  ,  5.27658e-56])
19448   , -1546.22    , array([ 0.306442   ,  7.35771    ,  0.0343651  ,  5.27658e-56])
19449   , -1546.71    , array([ 0.306749   ,  7.35771    ,  0.0343651  ,  5.27658e-56])
19450   , -1546.22    , array([ 0.306442   ,  7.36508    ,  0.0343651  ,  5.27658e-56])
19451   , -1545.74    , array([ 0.306442   ,  7.35771    ,  0.0343995  ,  5.27658e-56])
19452   , -1546.22    , array([ 0.306442   ,  7.35771    ,  0.0343651  ,  5.28186e-56])
19459   , -1546.22    , array([ 0.306445   ,  7.35771    ,  0.0343654  ,  5.27658e-56])
19460   , -1546.22    , array([ 0.306445   ,  7.35771    ,  0.0343654  ,  5.27658e-56])
19461   , -1546.71    , array([ 0.306751   ,  7.35771    ,  0.0343654  ,  5.27658e-56])
19462   , -1546.22    , array([ 0.306445   ,  7.36508    ,  0.0343654  ,  5.27658e-56])
19463   , -1545.73    , array([ 0.306445   ,  7.35771    ,  0.0343998  ,  5.27658e-56])
19464   , -1546.22    , array([ 0.306445   ,  7.35771    ,  0.0343654  ,  5.28186e-56])
19465   , -1546.22    , array([ 0.306451   ,  7.35771    ,  0.0343661  ,  5.27658e-56])
19466   , -1546.22    , array([ 0.306451   ,  7.35771    ,  0.0343661  ,  5.27658e-56])
19467   , -1546.71    , array([ 0.306758   ,  7.35771    ,  0.0343661  ,  5.27658e-56])
19468   , -1546.22    , array([ 0.306451   ,  7.36508    ,  0.0343661  ,  5.27658e-56])
19469   , -1545.73    , array([ 0.306451   ,  7.35771    ,  0.0344005  ,  5.27658e-56])
19470   , -1546.22    , array([ 0.306451   ,  7.35771    ,  0.0343661  ,  5.28186e-56])
19477   , -1546.22    , array([ 0.306452   ,  7.35771    ,  0.0343662  ,  5.27658e-56])
19478   , -1546.22    , array([ 0.306452   ,  7.35771    ,  0.0343662  ,  5.27658e-56])
19479   , -1546.71    , array([ 0.306758   ,  7.35771    ,  0.0343662  ,  5.27658e-56])
19480   , -1546.22    , array([ 0.306452   ,  7.36508    ,  0.0343662  ,  5.27658e-56])
19481   , -1545.73    , array([ 0.306452   ,  7.35771    ,  0.0344006  ,  5.27658e-56])
19482   , -1546.22    , array([ 0.306452   ,  7.35771    ,  0.0343662  ,  5.28186e-56])
19483   , -1546.22    , array([ 0.306453   ,  7.35771    ,  0.0343664  ,  5.27658e-56])
19484   , -1546.22    , array([ 0.306453   ,  7.35771    ,  0.0343664  ,  5.27658e-56])
19485   , -1546.71    , array([ 0.30676    ,  7.35771    ,  0.0343664  ,  5.27658e-56])
19486   , -1546.22    , array([ 0.306453   ,  7.36508    ,  0.0343664  ,  5.27658e-56])
19487   , -1545.73    , array([ 0.306453   ,  7.35771    ,  0.0344008  ,  5.27658e-56])
19488   , -1546.22    , array([ 0.306453   ,  7.35771    ,  0.0343664  ,  5.28186e-56])
19495   , -1546.22    , array([ 0.306453   ,  7.35771    ,  0.0343664  ,  5.27658e-56])
19496   , -1546.22    , array([ 0.306453   ,  7.35771    ,  0.0343664  ,  5.27658e-56])
19497   , -1546.71    , array([ 0.30676    ,  7.35771    ,  0.0343664  ,  5.27658e-56])
19498   , -1546.22    , array([ 0.306453   ,  7.36508    ,  0.0343664  ,  5.27658e-56])
19499   , -1545.73    , array([ 0.306453   ,  7.35771    ,  0.0344008  ,  5.27658e-56])
19500   , -1546.22    , array([ 0.306453   ,  7.35771    ,  0.0343664  ,  5.28186e-56])
19501   , -1546.22    , array([ 0.306454   ,  7.35771    ,  0.0343665  ,  5.27658e-56])
19502   , -1546.22    , array([ 0.306454   ,  7.35771    ,  0.0343665  ,  5.27658e-56])
19503   , -1546.71    , array([ 0.30676    ,  7.35771    ,  0.0343665  ,  5.27658e-56])
19504   , -1546.22    , array([ 0.306454   ,  7.36508    ,  0.0343665  ,  5.27658e-56])
19505   , -1545.73    , array([ 0.306454   ,  7.35771    ,  0.0344008  ,  5.27658e-56])
19506   , -1546.22    , array([ 0.306454   ,  7.35771    ,  0.0343665  ,  5.28186e-56])
19507   , -9638.63    , array([ 4.02006    ,  7.35771    ,  0.491999   ,  5.27658e-56])
19508   , -9638.63    , array([ 4.02006    ,  7.35771    ,  0.491999   ,  5.27658e-56])
19509   , -9644.28    , array([ 4.02408    ,  7.35771    ,  0.491999   ,  5.27658e-56])
19510   , -9638.63    , array([ 4.02006    ,  7.36508    ,  0.491999   ,  5.27658e-56])
19511   , -9642.2     , array([ 4.02006    ,  7.35771    ,  0.492491   ,  5.27658e-56])
19512   , -9638.63    , array([ 4.02006    ,  7.35771    ,  0.491999   ,  5.28186e-56])
19513   , -1546.07    , array([ 0.318299   ,  7.35771    ,  0.0357408  ,  5.27658e-56])
19514   , -1546.07    , array([ 0.318299   ,  7.35771    ,  0.0357408  ,  5.27658e-56])
19515   , -1546.59    , array([ 0.318618   ,  7.35771    ,  0.0357408  ,  5.27658e-56])
19516   , -1546.07    , array([ 0.318299   ,  7.36508    ,  0.0357408  ,  5.27658e-56])
19517   , -1545.58    , array([ 0.318299   ,  7.35771    ,  0.0357766  ,  5.27658e-56])
19518   , -1546.07    , array([ 0.318299   ,  7.35771    ,  0.0357408  ,  5.28186e-56])
19519   , -1545.77    , array([ 0.318271   ,  7.35771    ,  0.0357595  ,  5.27658e-56])
19520   , -1545.77    , array([ 0.318271   ,  7.35771    ,  0.0357595  ,  5.27658e-56])
19521   , -1546.28    , array([ 0.318589   ,  7.35771    ,  0.0357595  ,  5.27658e-56])
19522   , -1545.77    , array([ 0.318271   ,  7.36508    ,  0.0357595  ,  5.27658e-56])
19523   , -1545.27    , array([ 0.318271   ,  7.35771    ,  0.0357953  ,  5.27658e-56])
19524   , -1545.77    , array([ 0.318271   ,  7.35771    ,  0.0357595  ,  5.28186e-56])
19525   , -1544.55    , array([ 0.318157   ,  7.35771    ,  0.0358343  ,  5.27658e-56])
19526   , -1544.55    , array([ 0.318157   ,  7.35771    ,  0.0358343  ,  5.27658e-56])
19527   , -1545.07    , array([ 0.318476   ,  7.35771    ,  0.0358343  ,  5.27658e-56])
19528   , -1544.55    , array([ 0.318157   ,  7.36508    ,  0.0358343  ,  5.27658e-56])
19529   , -1544.05    , array([ 0.318157   ,  7.35771    ,  0.0358701  ,  5.27658e-56])
19530   , -1544.55    , array([ 0.318157   ,  7.35771    ,  0.0358343  ,  5.28186e-56])
19531   , -1539.67    , array([ 0.317704   ,  7.35771    ,  0.0361349  ,  5.27658e-56])
19532   , -1539.67    , array([ 0.317704   ,  7.35771    ,  0.0361349  ,  5.27658e-56])
19533   , -1540.19    , array([ 0.318022   ,  7.35771    ,  0.0361349  ,  5.27658e-56])
19534   , -1539.67    , array([ 0.317704   ,  7.36508    ,  0.0361349  ,  5.27658e-56])
19535   , -1539.17    , array([ 0.317704   ,  7.35771    ,  0.036171   ,  5.27658e-56])
19536   , -1539.67    , array([ 0.317704   ,  7.35771    ,  0.0361349  ,  5.28186e-56])
19537   , -1520.04    , array([ 0.315898   ,  7.35771    ,  0.0373627  ,  5.27658e-56])
19538   , -1520.04    , array([ 0.315898   ,  7.35771    ,  0.0373627  ,  5.27658e-56])
19539   , -1520.55    , array([ 0.316214   ,  7.35771    ,  0.0373627  ,  5.27658e-56])
19540   , -1520.04    , array([ 0.315898   ,  7.36508    ,  0.0373627  ,  5.27658e-56])
19541   , -1519.53    , array([ 0.315898   ,  7.35771    ,  0.0374001  ,  5.27658e-56])
19542   , -1520.04    , array([ 0.315898   ,  7.35771    ,  0.0373627  ,  5.28186e-56])
19543   , -1439.96    , array([ 0.308774   ,  7.35771    ,  0.0427058  ,  5.27658e-56])
19544   , -1439.96    , array([ 0.308774   ,  7.35771    ,  0.0427058  ,  5.27658e-56])
19545   , -1440.44    , array([ 0.309082   ,  7.35771    ,  0.0427058  ,  5.27658e-56])
19546   , -1439.96    , array([ 0.308774   ,  7.36508    ,  0.0427058  ,  5.27658e-56])
19547   , -1439.43    , array([ 0.308774   ,  7.35771    ,  0.0427486  ,  5.27658e-56])
19548   , -1439.96    , array([ 0.308774   ,  7.35771    ,  0.0427058  ,  5.28186e-56])
19549   , -1116.14    , array([ 0.281848   ,  7.35771    ,  0.0728924  ,  5.27658e-56])
19550   , -1116.14    , array([ 0.281848   ,  7.35771    ,  0.0728924  ,  5.27658e-56])
19551   , -1116.29    , array([ 0.28213    ,  7.35771    ,  0.0728924  ,  5.27658e-56])
19552   , -1116.14    , array([ 0.281848   ,  7.36508    ,  0.0728924  ,  5.27658e-56])
19553   , -1115.59    , array([ 0.281848   ,  7.35771    ,  0.0729653  ,  5.27658e-56])
19554   , -1116.14    , array([ 0.281848   ,  7.35771    ,  0.0728924  ,  5.28186e-56])
19555   , -1201.6     , array([ 0.195666   ,  7.35771    ,  0.618674   ,  5.27658e-56])
19556   , -1201.6     , array([ 0.195666   ,  7.35771    ,  0.618674   ,  5.27658e-56])
19557   , -1200.14    , array([ 0.195862   ,  7.35771    ,  0.618674   ,  5.27658e-56])
19558   , -1201.6     , array([ 0.195666   ,  7.36508    ,  0.618674   ,  5.27658e-56])
19559   , -1204       , array([ 0.195666   ,  7.35771    ,  0.619293   ,  5.27658e-56])
19560   , -1201.6     , array([ 0.195666   ,  7.35771    ,  0.618674   ,  5.28186e-56])
19561   , -580.506    , array([ 0.231249   ,  7.35771    ,  0.232406   ,  5.27658e-56])
19562   , -580.506    , array([ 0.231249   ,  7.35771    ,  0.232406   ,  5.27658e-56])
19563   , -580.215    , array([ 0.23148    ,  7.35771    ,  0.232406   ,  5.27658e-56])
19564   , -580.506    , array([ 0.231249   ,  7.36508    ,  0.232406   ,  5.27658e-56])
19565   , -579.901    , array([ 0.231249   ,  7.35771    ,  0.232639   ,  5.27658e-56])
19566   , -580.506    , array([ 0.231249   ,  7.35771    ,  0.232406   ,  5.28186e-56])
19567   , -521.692    , array([ 0.207103   ,  7.35771    ,  0.443495   ,  5.27658e-56])
19568   , -521.692    , array([ 0.207103   ,  7.35771    ,  0.443495   ,  5.27658e-56])
19569   , -521.271    , array([ 0.20731    ,  7.35771    ,  0.443495   ,  5.27658e-56])
19570   , -521.692    , array([ 0.207103   ,  7.36508    ,  0.443495   ,  5.27658e-56])
19571   , -522.781    , array([ 0.207103   ,  7.35771    ,  0.443939   ,  5.27658e-56])
19572   , -521.692    , array([ 0.207103   ,  7.35771    ,  0.443495   ,  5.28186e-56])
19573   , -464.26     , array([ 0.223137   ,  7.35771    ,  0.286497   ,  5.27658e-56])
19574   , -464.26     , array([ 0.223137   ,  7.35771    ,  0.286497   ,  5.27658e-56])
19575   , -464.233    , array([ 0.22336    ,  7.35771    ,  0.286497   ,  5.27658e-56])
19576   , -464.26     , array([ 0.223137   ,  7.36508    ,  0.286497   ,  5.27658e-56])
19577   , -463.751    , array([ 0.223137   ,  7.35771    ,  0.286784   ,  5.27658e-56])
19578   , -464.26     , array([ 0.223137   ,  7.35771    ,  0.286497   ,  5.28186e-56])
19585   , -464.252    , array([ 0.223137   ,  7.35771    ,  0.286502   ,  5.27658e-56])
19586   , -464.252    , array([ 0.223137   ,  7.35771    ,  0.286502   ,  5.27658e-56])
19587   , -464.225    , array([ 0.22336    ,  7.35771    ,  0.286502   ,  5.27658e-56])
19588   , -464.252    , array([ 0.223137   ,  7.36508    ,  0.286502   ,  5.27658e-56])
19589   , -463.743    , array([ 0.223137   ,  7.35771    ,  0.286788   ,  5.27658e-56])
19590   , -464.252    , array([ 0.223137   ,  7.35771    ,  0.286502   ,  5.28186e-56])
19591   , -464.169    , array([ 0.223135   ,  7.35771    ,  0.286548   ,  5.27658e-56])
19592   , -464.169    , array([ 0.223135   ,  7.35771    ,  0.286548   ,  5.27658e-56])
19593   , -464.143    , array([ 0.223358   ,  7.35771    ,  0.286548   ,  5.27658e-56])
19594   , -464.169    , array([ 0.223135   ,  7.36508    ,  0.286548   ,  5.27658e-56])
19595   , -463.661    , array([ 0.223135   ,  7.35771    ,  0.286835   ,  5.27658e-56])
19596   , -464.169    , array([ 0.223135   ,  7.35771    ,  0.286548   ,  5.28186e-56])
19597   , -2336.64    , array([ 0.200791   ,  7.35771    ,  2.46461    ,  5.27658e-56])
19598   , -2336.64    , array([ 0.200791   ,  7.35771    ,  2.46461    ,  5.27658e-56])
19599   , -2336.64    , array([ 0.200991   ,  7.35771    ,  2.46461    ,  5.27658e-56])
19600   , -2336.64    , array([ 0.200791   ,  7.36508    ,  2.46461    ,  5.27658e-56])
19601   , -2336.64    , array([ 0.200791   ,  7.35771    ,  2.46708    ,  5.27658e-56])
19602   , -2336.64    , array([ 0.200791   ,  7.35771    ,  2.46461    ,  5.28186e-56])
19603   , -405.88     , array([ 0.221369   ,  7.35771    ,  0.336956   ,  5.27658e-56])
19604   , -405.88     , array([ 0.221369   ,  7.35771    ,  0.336956   ,  5.27658e-56])
19605   , -405.927    , array([ 0.221591   ,  7.35771    ,  0.336956   ,  5.27658e-56])
19606   , -405.88     , array([ 0.221369   ,  7.36508    ,  0.336956   ,  5.27658e-56])
19607   , -405.715    , array([ 0.221369   ,  7.35771    ,  0.337293   ,  5.27658e-56])
19608   , -405.88     , array([ 0.221369   ,  7.35771    ,  0.336956   ,  5.28186e-56])
19609   , -403.718    , array([ 0.212072   ,  7.35771    ,  0.367825   ,  5.27658e-56])
19610   , -403.718    , array([ 0.212072   ,  7.35771    ,  0.367825   ,  5.27658e-56])
19611   , -403.702    , array([ 0.212284   ,  7.35771    ,  0.367825   ,  5.27658e-56])
19612   , -403.718    , array([ 0.212072   ,  7.36508    ,  0.367825   ,  5.27658e-56])
19613   , -403.885    , array([ 0.212072   ,  7.35771    ,  0.368193   ,  5.27658e-56])
19614   , -403.718    , array([ 0.212072   ,  7.35771    ,  0.367825   ,  5.28186e-56])
19615   , -400.797    , array([ 0.216506   ,  7.35771    ,  0.352599   ,  5.27658e-56])
19616   , -400.797    , array([ 0.216506   ,  7.35771    ,  0.352599   ,  5.27658e-56])
19617   , -400.826    , array([ 0.216723   ,  7.35771    ,  0.352599   ,  5.27658e-56])
19618   , -400.797    , array([ 0.216506   ,  7.36508    ,  0.352599   ,  5.27658e-56])
19619   , -400.786    , array([ 0.216506   ,  7.35771    ,  0.352952   ,  5.27658e-56])
19620   , -400.797    , array([ 0.216506   ,  7.35771    ,  0.352599   ,  5.28186e-56])
19621   , -400.437    , array([ 0.213297   ,  7.35771    ,  0.354567   ,  5.27658e-56])
19622   , -400.437    , array([ 0.213297   ,  7.35771    ,  0.354567   ,  5.27658e-56])
19623   , -400.458    , array([ 0.21351    ,  7.35771    ,  0.354567   ,  5.27658e-56])
19624   , -400.437    , array([ 0.213297   ,  7.36508    ,  0.354567   ,  5.27658e-56])
19625   , -400.457    , array([ 0.213297   ,  7.35771    ,  0.354921   ,  5.27658e-56])
19626   , -400.437    , array([ 0.213297   ,  7.35771    ,  0.354567   ,  5.28186e-56])
19627   , -399.905    , array([ 0.206858   ,  7.35771    ,  0.354313   ,  5.27658e-56])
19628   , -399.905    , array([ 0.206858   ,  7.35771    ,  0.354313   ,  5.27658e-56])
19629   , -399.917    , array([ 0.207065   ,  7.35771    ,  0.354313   ,  5.27658e-56])
19630   , -399.905    , array([ 0.206858   ,  7.36508    ,  0.354313   ,  5.27658e-56])
19631   , -399.948    , array([ 0.206858   ,  7.35771    ,  0.354667   ,  5.27658e-56])
19632   , -399.905    , array([ 0.206858   ,  7.35771    ,  0.354313   ,  5.28186e-56])
19633   , -399.071    , array([ 0.195968   ,  7.35771    ,  0.350918   ,  5.27658e-56])
19634   , -399.071    , array([ 0.195968   ,  7.35771    ,  0.350918   ,  5.27658e-56])
19635   , -399.072    , array([ 0.196164   ,  7.35771    ,  0.350918   ,  5.27658e-56])
19636   , -399.071    , array([ 0.195968   ,  7.36508    ,  0.350918   ,  5.27658e-56])
19637   , -399.136    , array([ 0.195968   ,  7.35771    ,  0.35127    ,  5.27658e-56])
19638   , -399.071    , array([ 0.195968   ,  7.35771    ,  0.350918   ,  5.28186e-56])
19639   , -397.866    , array([ 0.17958    ,  7.35771    ,  0.342029   ,  5.27658e-56])
19640   , -397.866    , array([ 0.17958    ,  7.35771    ,  0.342029   ,  5.27658e-56])
19641   , -397.854    , array([ 0.17976    ,  7.35771    ,  0.342029   ,  5.27658e-56])
19642   , -397.866    , array([ 0.17958    ,  7.36508    ,  0.342029   ,  5.27658e-56])
19643   , -397.943    , array([ 0.17958    ,  7.35771    ,  0.342371   ,  5.27658e-56])
19644   , -397.866    , array([ 0.17958    ,  7.35771    ,  0.342029   ,  5.28186e-56])
19645   , -396.288    , array([ 0.158921   ,  7.35771    ,  0.325236   ,  5.27658e-56])
19646   , -396.288    , array([ 0.158921   ,  7.35771    ,  0.325236   ,  5.27658e-56])
19647   , -396.275    , array([ 0.15908    ,  7.35771    ,  0.325236   ,  5.27658e-56])
19648   , -396.288    , array([ 0.158921   ,  7.36508    ,  0.325236   ,  5.27658e-56])
19649   , -396.346    , array([ 0.158921   ,  7.35771    ,  0.325561   ,  5.27658e-56])
19650   , -396.288    , array([ 0.158921   ,  7.35771    ,  0.325236   ,  5.28186e-56])
19651   , -395.174    , array([ 0.139865   ,  7.35771    ,  0.305951   ,  5.27658e-56])
19652   , -395.174    , array([ 0.139865   ,  7.35771    ,  0.305951   ,  5.27658e-56])
19653   , -395.171    , array([ 0.140005   ,  7.35771    ,  0.305951   ,  5.27658e-56])
19654   , -395.174    , array([ 0.139865   ,  7.36508    ,  0.305951   ,  5.27658e-56])
19655   , -395.197    , array([ 0.139865   ,  7.35771    ,  0.306257   ,  5.27658e-56])
19656   , -395.174    , array([ 0.139865   ,  7.35771    ,  0.305951   ,  5.28186e-56])
19657   , -395.643    , array([ 0.109817   ,  7.35771    ,  0.27527    ,  5.27658e-56])
19658   , -395.643    , array([ 0.109817   ,  7.35771    ,  0.27527    ,  5.27658e-56])
19659   , -395.557    , array([ 0.109926   ,  7.35771    ,  0.27527    ,  5.27658e-56])
19660   , -395.643    , array([ 0.109817   ,  7.36508    ,  0.27527    ,  5.27658e-56])
19661   , -395.813    , array([ 0.109817   ,  7.35771    ,  0.275545   ,  5.27658e-56])
19662   , -395.643    , array([ 0.109817   ,  7.35771    ,  0.27527    ,  5.28186e-56])
19663   , -394.832    , array([ 0.12691    ,  7.35771    ,  0.29323    ,  5.27658e-56])
19664   , -394.832    , array([ 0.12691    ,  7.35771    ,  0.29323    ,  5.27658e-56])
19665   , -394.811    , array([ 0.127037   ,  7.35771    ,  0.29323    ,  5.27658e-56])
19666   , -394.832    , array([ 0.12691    ,  7.36508    ,  0.29323    ,  5.27658e-56])
19667   , -394.887    , array([ 0.12691    ,  7.35771    ,  0.293524   ,  5.27658e-56])
19668   , -394.832    , array([ 0.12691    ,  7.35771    ,  0.29323    ,  5.28186e-56])
19669   , -394.501    , array([ 0.116479   ,  7.35771    ,  0.280647   ,  5.27658e-56])
19670   , -394.501    , array([ 0.116479   ,  7.35771    ,  0.280647   ,  5.27658e-56])
19671   , -394.477    , array([ 0.116595   ,  7.35771    ,  0.280647   ,  5.27658e-56])
19672   , -394.501    , array([ 0.116479   ,  7.36508    ,  0.280647   ,  5.27658e-56])
19673   , -394.558    , array([ 0.116479   ,  7.35771    ,  0.280928   ,  5.27658e-56])
19674   , -394.501    , array([ 0.116479   ,  7.35771    ,  0.280647   ,  5.28186e-56])
19675   , -394.195    , array([ 0.107658   ,  7.35771    ,  0.268697   ,  5.27658e-56])
19676   , -394.195    , array([ 0.107658   ,  7.35771    ,  0.268697   ,  5.27658e-56])
19677   , -394.175    , array([ 0.107766   ,  7.35771    ,  0.268697   ,  5.27658e-56])
19678   , -394.195    , array([ 0.107658   ,  7.36508    ,  0.268697   ,  5.27658e-56])
19679   , -394.243    , array([ 0.107658   ,  7.35771    ,  0.268966   ,  5.27658e-56])
19680   , -394.195    , array([ 0.107658   ,  7.35771    ,  0.268697   ,  5.28186e-56])
19681   , -393.995    , array([ 0.0986296  ,  7.35771    ,  0.255974   ,  5.27658e-56])
19682   , -393.995    , array([ 0.0986296  ,  7.35771    ,  0.255974   ,  5.27658e-56])
19683   , -393.971    , array([ 0.0987283  ,  7.35771    ,  0.255974   ,  5.27658e-56])
19684   , -393.995    , array([ 0.0986296  ,  7.36508    ,  0.255974   ,  5.27658e-56])
19685   , -394.049    , array([ 0.0986296  ,  7.35771    ,  0.25623    ,  5.27658e-56])
19686   , -393.995    , array([ 0.0986296  ,  7.35771    ,  0.255974   ,  5.28186e-56])
19687   , -393.854    , array([ 0.0936925  ,  7.35771    ,  0.248336   ,  5.27658e-56])
19688   , -393.854    , array([ 0.0936925  ,  7.35771    ,  0.248336   ,  5.27658e-56])
19689   , -393.834    , array([ 0.0937863  ,  7.35771    ,  0.248336   ,  5.27658e-56])
19690   , -393.854    , array([ 0.0936925  ,  7.36508    ,  0.248336   ,  5.27658e-56])
19691   , -393.901    , array([ 0.0936925  ,  7.35771    ,  0.248584   ,  5.27658e-56])
19692   , -393.854    , array([ 0.0936925  ,  7.35771    ,  0.248336   ,  5.28186e-56])
19693   , -393.696    , array([ 0.0762948  ,  7.35771    ,  0.219995   ,  5.27658e-56])
19694   , -393.696    , array([ 0.0762948  ,  7.35771    ,  0.219995   ,  5.27658e-56])
19695   , -393.652    , array([ 0.0763712  ,  7.35771    ,  0.219995   ,  5.27658e-56])
19696   , -393.696    , array([ 0.0762948  ,  7.36508    ,  0.219995   ,  5.27658e-56])
19697   , -393.779    , array([ 0.0762948  ,  7.35771    ,  0.220215   ,  5.27658e-56])
19698   , -393.696    , array([ 0.0762948  ,  7.35771    ,  0.219995   ,  5.28186e-56])
19699   , -393.583    , array([ 0.0711343  ,  7.35771    ,  0.21041    ,  5.27658e-56])
19700   , -393.583    , array([ 0.0711343  ,  7.35771    ,  0.21041    ,  5.27658e-56])
19701   , -393.541    , array([ 0.0712055  ,  7.35771    ,  0.21041    ,  5.27658e-56])
19702   , -393.583    , array([ 0.0711343  ,  7.36508    ,  0.21041    ,  5.27658e-56])
19703   , -393.662    , array([ 0.0711343  ,  7.35771    ,  0.210621   ,  5.27658e-56])
19704   , -393.583    , array([ 0.0711343  ,  7.35771    ,  0.21041    ,  5.28186e-56])
19705   , -394.067    , array([ 0.0537544  ,  7.35771    ,  0.176068   ,  5.27658e-56])
19706   , -394.067    , array([ 0.0537544  ,  7.35771    ,  0.176068   ,  5.27658e-56])
19707   , -393.957    , array([ 0.0538082  ,  7.35771    ,  0.176068   ,  5.27658e-56])
19708   , -394.067    , array([ 0.0537544  ,  7.36508    ,  0.176068   ,  5.27658e-56])
19709   , -394.245    , array([ 0.0537544  ,  7.35771    ,  0.176245   ,  5.27658e-56])
19710   , -394.067    , array([ 0.0537544  ,  7.35771    ,  0.176068   ,  5.28186e-56])
19711   , -393.544    , array([ 0.0671336  ,  7.35771    ,  0.202804   ,  5.27658e-56])
19712   , -393.544    , array([ 0.0671336  ,  7.35771    ,  0.202804   ,  5.27658e-56])
19713   , -393.498    , array([ 0.0672008  ,  7.35771    ,  0.202804   ,  5.27658e-56])
19714   , -393.544    , array([ 0.0671336  ,  7.36508    ,  0.202804   ,  5.27658e-56])
19715   , -393.627    , array([ 0.0671336  ,  7.35771    ,  0.203007   ,  5.27658e-56])
19716   , -393.544    , array([ 0.0671336  ,  7.35771    ,  0.202804   ,  5.28186e-56])
19717   , -393.483    , array([ 0.0650282  ,  7.35771    ,  0.198577   ,  5.27658e-56])
19718   , -393.483    , array([ 0.0650282  ,  7.35771    ,  0.198577   ,  5.27658e-56])
19719   , -393.441    , array([ 0.0650932  ,  7.35771    ,  0.198577   ,  5.27658e-56])
19720   , -393.483    , array([ 0.0650282  ,  7.36508    ,  0.198577   ,  5.27658e-56])
19721   , -393.561    , array([ 0.0650282  ,  7.35771    ,  0.198776   ,  5.27658e-56])
19722   , -393.483    , array([ 0.0650282  ,  7.35771    ,  0.198577   ,  5.28186e-56])
19723   , -393.367    , array([ 0.0572462  ,  7.35771    ,  0.182532   ,  5.27658e-56])
19724   , -393.367    , array([ 0.0572462  ,  7.35771    ,  0.182532   ,  5.27658e-56])
19725   , -393.326    , array([ 0.0573035  ,  7.35771    ,  0.182532   ,  5.27658e-56])
19726   , -393.367    , array([ 0.0572462  ,  7.36508    ,  0.182532   ,  5.27658e-56])
19727   , -393.443    , array([ 0.0572462  ,  7.35771    ,  0.182715   ,  5.27658e-56])
19728   , -393.367    , array([ 0.0572462  ,  7.35771    ,  0.182532   ,  5.28186e-56])
19729   , -398.024    , array([ 0.0343818  ,  7.35771    ,  0.13031    ,  5.27658e-56])
19730   , -398.024    , array([ 0.0343818  ,  7.35771    ,  0.13031    ,  5.27658e-56])
19731   , -397.697    , array([ 0.0344162  ,  7.35771    ,  0.13031    ,  5.27658e-56])
19732   , -398.024    , array([ 0.0343818  ,  7.36508    ,  0.13031    ,  5.27658e-56])
19733   , -398.493    , array([ 0.0343818  ,  7.35771    ,  0.130441   ,  5.27658e-56])
19734   , -398.024    , array([ 0.0343818  ,  7.35771    ,  0.13031    ,  5.28186e-56])
19735   , -393.399    , array([ 0.0523346  ,  7.35771    ,  0.172024   ,  5.27658e-56])
19736   , -393.399    , array([ 0.0523346  ,  7.35771    ,  0.172024   ,  5.27658e-56])
19737   , -393.345    , array([ 0.052387   ,  7.35771    ,  0.172024   ,  5.27658e-56])
19738   , -393.399    , array([ 0.0523346  ,  7.36508    ,  0.172024   ,  5.27658e-56])
19739   , -393.495    , array([ 0.0523346  ,  7.35771    ,  0.172196   ,  5.27658e-56])
19740   , -393.399    , array([ 0.0523346  ,  7.35771    ,  0.172024   ,  5.28186e-56])
19741   , -393.365    , array([ 0.0509566  ,  7.35771    ,  0.168887   ,  5.27658e-56])
19742   , -393.365    , array([ 0.0509566  ,  7.35771    ,  0.168887   ,  5.27658e-56])
19743   , -393.312    , array([ 0.0510076  ,  7.35771    ,  0.168887   ,  5.27658e-56])
19744   , -393.365    , array([ 0.0509566  ,  7.36508    ,  0.168887   ,  5.27658e-56])
19745   , -393.457    , array([ 0.0509566  ,  7.35771    ,  0.169056   ,  5.27658e-56])
19746   , -393.365    , array([ 0.0509566  ,  7.35771    ,  0.168887   ,  5.28186e-56])
19747   , -393.306    , array([ 0.0457979  ,  7.35771    ,  0.156903   ,  5.27658e-56])
19748   , -393.306    , array([ 0.0457979  ,  7.35771    ,  0.156903   ,  5.27658e-56])
19749   , -393.253    , array([ 0.0458437  ,  7.35771    ,  0.156903   ,  5.27658e-56])
19750   , -393.306    , array([ 0.0457979  ,  7.36508    ,  0.156903   ,  5.27658e-56])
19751   , -393.399    , array([ 0.0457979  ,  7.35771    ,  0.15706    ,  5.27658e-56])
19752   , -393.306    , array([ 0.0457979  ,  7.35771    ,  0.156903   ,  5.28186e-56])
19753   , -395.565    , array([ 0.0298832  ,  7.35771    ,  0.116888   ,  5.27658e-56])
19754   , -395.565    , array([ 0.0298832  ,  7.35771    ,  0.116888   ,  5.27658e-56])
19755   , -395.32     , array([ 0.0299131  ,  7.35771    ,  0.116888   ,  5.27658e-56])
19756   , -395.565    , array([ 0.0298832  ,  7.36508    ,  0.116888   ,  5.27658e-56])
19757   , -395.918    , array([ 0.0298832  ,  7.35771    ,  0.117005   ,  5.27658e-56])
19758   , -395.565    , array([ 0.0298832  ,  7.35771    ,  0.116888   ,  5.28186e-56])
19759   , -393.338    , array([ 0.0424938  ,  7.35771    ,  0.149007   ,  5.27658e-56])
19760   , -393.338    , array([ 0.0424938  ,  7.35771    ,  0.149007   ,  5.27658e-56])
19761   , -393.275    , array([ 0.0425363  ,  7.35771    ,  0.149007   ,  5.27658e-56])
19762   , -393.338    , array([ 0.0424938  ,  7.36508    ,  0.149007   ,  5.27658e-56])
19763   , -393.445    , array([ 0.0424938  ,  7.35771    ,  0.149156   ,  5.27658e-56])
19764   , -393.338    , array([ 0.0424938  ,  7.35771    ,  0.149007   ,  5.28186e-56])
19765   , -393.307    , array([ 0.0451088  ,  7.35771    ,  0.155271   ,  5.27658e-56])
19766   , -393.307    , array([ 0.0451088  ,  7.35771    ,  0.155271   ,  5.27658e-56])
19767   , -393.253    , array([ 0.0451539  ,  7.35771    ,  0.155271   ,  5.27658e-56])
19768   , -393.307    , array([ 0.0451088  ,  7.36508    ,  0.155271   ,  5.27658e-56])
19769   , -393.402    , array([ 0.0451088  ,  7.35771    ,  0.155426   ,  5.27658e-56])
19770   , -393.307    , array([ 0.0451088  ,  7.35771    ,  0.155271   ,  5.28186e-56])
19771   , -393.306    , array([ 0.0456526  ,  7.35771    ,  0.15656    ,  5.27658e-56])
19772   , -393.306    , array([ 0.0456526  ,  7.35771    ,  0.15656    ,  5.27658e-56])
19773   , -393.253    , array([ 0.0456983  ,  7.35771    ,  0.15656    ,  5.27658e-56])
19774   , -393.306    , array([ 0.0456526  ,  7.36508    ,  0.15656    ,  5.27658e-56])
19775   , -393.399    , array([ 0.0456526  ,  7.35771    ,  0.156716   ,  5.27658e-56])
19776   , -393.306    , array([ 0.0456526  ,  7.35771    ,  0.15656    ,  5.28186e-56])
19777   , -393.306    , array([ 0.0457672  ,  7.35771    ,  0.156831   ,  5.27658e-56])
19778   , -393.306    , array([ 0.0457672  ,  7.35771    ,  0.156831   ,  5.27658e-56])
19779   , -393.253    , array([ 0.045813   ,  7.35771    ,  0.156831   ,  5.27658e-56])
19780   , -393.306    , array([ 0.0457672  ,  7.36508    ,  0.156831   ,  5.27658e-56])
19781   , -393.399    , array([ 0.0457672  ,  7.35771    ,  0.156987   ,  5.27658e-56])
19782   , -393.306    , array([ 0.0457672  ,  7.35771    ,  0.156831   ,  5.28186e-56])
19783   , -393.306    , array([ 0.0457914  ,  7.35771    ,  0.156888   ,  5.27658e-56])
19784   , -393.306    , array([ 0.0457914  ,  7.35771    ,  0.156888   ,  5.27658e-56])
19785   , -393.253    , array([ 0.0458372  ,  7.35771    ,  0.156888   ,  5.27658e-56])
19786   , -393.306    , array([ 0.0457914  ,  7.36508    ,  0.156888   ,  5.27658e-56])
19787   , -393.399    , array([ 0.0457914  ,  7.35771    ,  0.157045   ,  5.27658e-56])
19788   , -393.306    , array([ 0.0457914  ,  7.35771    ,  0.156888   ,  5.28186e-56])
19789   , -393.306    , array([ 0.0457755  ,  7.35771    ,  0.15685    ,  5.27658e-56])
19790   , -393.306    , array([ 0.0457755  ,  7.35771    ,  0.15685    ,  5.27658e-56])
19791   , -393.253    , array([ 0.0458213  ,  7.35771    ,  0.15685    ,  5.27658e-56])
19792   , -393.306    , array([ 0.0457755  ,  7.36508    ,  0.15685    ,  5.27658e-56])
19793   , -393.399    , array([ 0.0457755  ,  7.35771    ,  0.157007   ,  5.27658e-56])
19794   , -393.306    , array([ 0.0457755  ,  7.35771    ,  0.15685    ,  5.28186e-56])
19795   , -393.306    , array([ 0.0457881  ,  7.35771    ,  0.15688    ,  5.27658e-56])
19796   , -393.306    , array([ 0.0457881  ,  7.35771    ,  0.15688    ,  5.27658e-56])
19797   , -393.253    , array([ 0.0458339  ,  7.35771    ,  0.15688    ,  5.27658e-56])
19798   , -393.306    , array([ 0.0457881  ,  7.36508    ,  0.15688    ,  5.27658e-56])
19799   , -393.399    , array([ 0.0457881  ,  7.35771    ,  0.157037   ,  5.27658e-56])
19800   , -393.306    , array([ 0.0457881  ,  7.35771    ,  0.15688    ,  5.28186e-56])
19801   , -393.306    , array([ 0.0457797  ,  7.35771    ,  0.15686    ,  5.27658e-56])
19802   , -393.306    , array([ 0.0457797  ,  7.35771    ,  0.15686    ,  5.27658e-56])
19803   , -393.253    , array([ 0.0458255  ,  7.35771    ,  0.15686    ,  5.27658e-56])
19804   , -393.306    , array([ 0.0457797  ,  7.36508    ,  0.15686    ,  5.27658e-56])
19805   , -393.399    , array([ 0.0457797  ,  7.35771    ,  0.157017   ,  5.27658e-56])
19806   , -393.306    , array([ 0.0457797  ,  7.35771    ,  0.15686    ,  5.28186e-56])
19807   , -393.306    , array([ 0.0457863  ,  7.35771    ,  0.156876   ,  5.27658e-56])
19808   , -393.306    , array([ 0.0457863  ,  7.35771    ,  0.156876   ,  5.27658e-56])
19809   , -393.253    , array([ 0.0458321  ,  7.35771    ,  0.156876   ,  5.27658e-56])
19810   , -393.306    , array([ 0.0457863  ,  7.36508    ,  0.156876   ,  5.27658e-56])
19811   , -393.399    , array([ 0.0457863  ,  7.35771    ,  0.157033   ,  5.27658e-56])
19812   , -393.306    , array([ 0.0457863  ,  7.35771    ,  0.156876   ,  5.28186e-56])
19813   , -393.306    , array([ 0.045782   ,  7.35771    ,  0.156865   ,  5.27658e-56])
19814   , -393.306    , array([ 0.045782   ,  7.35771    ,  0.156865   ,  5.27658e-56])
19815   , -393.253    , array([ 0.0458278  ,  7.35771    ,  0.156865   ,  5.27658e-56])
19816   , -393.306    , array([ 0.045782   ,  7.36508    ,  0.156865   ,  5.27658e-56])
19817   , -393.399    , array([ 0.045782   ,  7.35771    ,  0.157022   ,  5.27658e-56])
19818   , -393.306    , array([ 0.045782   ,  7.35771    ,  0.156865   ,  5.28186e-56])
19819   , -393.306    , array([ 0.0457854  ,  7.35771    ,  0.156873   ,  5.27658e-56])
19820   , -393.306    , array([ 0.0457854  ,  7.35771    ,  0.156873   ,  5.27658e-56])
19821   , -393.253    , array([ 0.0458312  ,  7.35771    ,  0.156873   ,  5.27658e-56])
19822   , -393.306    , array([ 0.0457854  ,  7.36508    ,  0.156873   ,  5.27658e-56])
19823   , -393.399    , array([ 0.0457854  ,  7.35771    ,  0.15703    ,  5.27658e-56])
19824   , -393.306    , array([ 0.0457854  ,  7.35771    ,  0.156873   ,  5.28186e-56])
19825   , -393.306    , array([ 0.0457831  ,  7.35771    ,  0.156868   ,  5.27658e-56])
19826   , -393.306    , array([ 0.0457831  ,  7.35771    ,  0.156868   ,  5.27658e-56])
19827   , -393.253    , array([ 0.0458289  ,  7.35771    ,  0.156868   ,  5.27658e-56])
19828   , -393.306    , array([ 0.0457831  ,  7.36508    ,  0.156868   ,  5.27658e-56])
19829   , -393.399    , array([ 0.0457831  ,  7.35771    ,  0.157025   ,  5.27658e-56])
19830   , -393.306    , array([ 0.0457831  ,  7.35771    ,  0.156868   ,  5.28186e-56])
19831   , -393.306    , array([ 0.0457849  ,  7.35771    ,  0.156872   ,  5.27658e-56])
19832   , -393.306    , array([ 0.0457849  ,  7.35771    ,  0.156872   ,  5.27658e-56])
19833   , -393.253    , array([ 0.0458307  ,  7.35771    ,  0.156872   ,  5.27658e-56])
19834   , -393.306    , array([ 0.0457849  ,  7.36508    ,  0.156872   ,  5.27658e-56])
19835   , -393.399    , array([ 0.0457849  ,  7.35771    ,  0.157029   ,  5.27658e-56])
19836   , -393.306    , array([ 0.0457849  ,  7.35771    ,  0.156872   ,  5.28186e-56])
19837   , -393.306    , array([ 0.0457837  ,  7.35771    ,  0.15687    ,  5.27658e-56])
19838   , -393.306    , array([ 0.0457837  ,  7.35771    ,  0.15687    ,  5.27658e-56])
19839   , -393.253    , array([ 0.0458295  ,  7.35771    ,  0.15687    ,  5.27658e-56])
19840   , -393.306    , array([ 0.0457837  ,  7.36508    ,  0.15687    ,  5.27658e-56])
19841   , -393.399    , array([ 0.0457837  ,  7.35771    ,  0.157027   ,  5.27658e-56])
19842   , -393.306    , array([ 0.0457837  ,  7.35771    ,  0.15687    ,  5.28186e-56])
19843   , -393.306    , array([ 0.0457847  ,  7.35771    ,  0.156872   ,  5.27658e-56])
19844   , -393.306    , array([ 0.0457847  ,  7.35771    ,  0.156872   ,  5.27658e-56])
19845   , -393.253    , array([ 0.0458305  ,  7.35771    ,  0.156872   ,  5.27658e-56])
19846   , -393.306    , array([ 0.0457847  ,  7.36508    ,  0.156872   ,  5.27658e-56])
19847   , -393.399    , array([ 0.0457847  ,  7.35771    ,  0.157029   ,  5.27658e-56])
19848   , -393.306    , array([ 0.0457847  ,  7.35771    ,  0.156872   ,  5.28186e-56])
19849   , -393.306    , array([ 0.045784   ,  7.35771    ,  0.15687    ,  5.27658e-56])
19850   , -393.306    , array([ 0.045784   ,  7.35771    ,  0.15687    ,  5.27658e-56])
19851   , -393.253    , array([ 0.0458299  ,  7.35771    ,  0.15687    ,  5.27658e-56])
19852   , -393.306    , array([ 0.045784   ,  7.36508    ,  0.15687    ,  5.27658e-56])
19853   , -393.399    , array([ 0.045784   ,  7.35771    ,  0.157027   ,  5.27658e-56])
19854   , -393.306    , array([ 0.045784   ,  7.35771    ,  0.15687    ,  5.28186e-56])
19855   , -393.306    , array([ 0.0457845  ,  7.35771    ,  0.156871   ,  5.27658e-56])
19856   , -393.306    , array([ 0.0457845  ,  7.35771    ,  0.156871   ,  5.27658e-56])
19857   , -393.253    , array([ 0.0458303  ,  7.35771    ,  0.156871   ,  5.27658e-56])
19858   , -393.306    , array([ 0.0457845  ,  7.36508    ,  0.156871   ,  5.27658e-56])
19859   , -393.399    , array([ 0.0457845  ,  7.35771    ,  0.157028   ,  5.27658e-56])
19860   , -393.306    , array([ 0.0457845  ,  7.35771    ,  0.156871   ,  5.28186e-56])
19861   , -393.306    , array([ 0.0457842  ,  7.35771    ,  0.156871   ,  5.27658e-56])
19862   , -393.306    , array([ 0.0457842  ,  7.35771    ,  0.156871   ,  5.27658e-56])
19863   , -393.253    , array([ 0.04583    ,  7.35771    ,  0.156871   ,  5.27658e-56])
19864   , -393.306    , array([ 0.0457842  ,  7.36508    ,  0.156871   ,  5.27658e-56])
19865   , -393.399    , array([ 0.0457842  ,  7.35771    ,  0.157028   ,  5.27658e-56])
19866   , -393.306    , array([ 0.0457842  ,  7.35771    ,  0.156871   ,  5.28186e-56])
19867   , -393.306    , array([ 0.0457845  ,  7.35771    ,  0.156871   ,  5.27658e-56])
19868   , -393.306    , array([ 0.0457845  ,  7.35771    ,  0.156871   ,  5.27658e-56])
19869   , -393.253    , array([ 0.0458303  ,  7.35771    ,  0.156871   ,  5.27658e-56])
19870   , -393.306    , array([ 0.0457845  ,  7.36508    ,  0.156871   ,  5.27658e-56])
19871   , -393.399    , array([ 0.0457845  ,  7.35771    ,  0.157028   ,  5.27658e-56])
19872   , -393.306    , array([ 0.0457845  ,  7.35771    ,  0.156871   ,  5.28186e-56])
19873   , -393.306    , array([ 0.0457843  ,  7.35771    ,  0.156871   ,  5.27658e-56])
19874   , -393.306    , array([ 0.0457843  ,  7.35771    ,  0.156871   ,  5.27658e-56])
19875   , -393.253    , array([ 0.0458301  ,  7.35771    ,  0.156871   ,  5.27658e-56])
19876   , -393.306    , array([ 0.0457843  ,  7.36508    ,  0.156871   ,  5.27658e-56])
19877   , -393.399    , array([ 0.0457843  ,  7.35771    ,  0.157028   ,  5.27658e-56])
19878   , -393.306    , array([ 0.0457843  ,  7.35771    ,  0.156871   ,  5.28186e-56])
19879   , -393.306    , array([ 0.0457844  ,  7.35771    ,  0.156871   ,  5.27658e-56])
19880   , -393.306    , array([ 0.0457844  ,  7.35771    ,  0.156871   ,  5.27658e-56])
19881   , -393.253    , array([ 0.0458302  ,  7.35771    ,  0.156871   ,  5.27658e-56])
19882   , -393.306    , array([ 0.0457844  ,  7.36508    ,  0.156871   ,  5.27658e-56])
19883   , -393.399    , array([ 0.0457844  ,  7.35771    ,  0.157028   ,  5.27658e-56])
19884   , -393.306    , array([ 0.0457844  ,  7.35771    ,  0.156871   ,  5.28186e-56])
19885   , -393.306    , array([ 0.0457845  ,  7.35771    ,  0.156871   ,  5.27658e-56])
19886   , -393.306    , array([ 0.0457845  ,  7.35771    ,  0.156871   ,  5.27658e-56])
19887   , -393.253    , array([ 0.0458303  ,  7.35771    ,  0.156871   ,  5.27658e-56])
19888   , -393.306    , array([ 0.0457845  ,  7.36508    ,  0.156871   ,  5.27658e-56])
19889   , -393.399    , array([ 0.0457845  ,  7.35771    ,  0.157028   ,  5.27658e-56])
19890   , -393.306    , array([ 0.0457845  ,  7.35771    ,  0.156871   ,  5.28186e-56])
19891   , -393.306    , array([ 0.0457845  ,  7.35771    ,  0.156871   ,  5.27658e-56])
19892   , -393.306    , array([ 0.0457845  ,  7.35771    ,  0.156871   ,  5.27658e-56])
19893   , -393.253    , array([ 0.0458303  ,  7.35771    ,  0.156871   ,  5.27658e-56])
19894   , -393.306    , array([ 0.0457845  ,  7.36508    ,  0.156871   ,  5.27658e-56])
19895   , -393.399    , array([ 0.0457845  ,  7.35771    ,  0.157028   ,  5.27658e-56])
19896   , -393.306    , array([ 0.0457845  ,  7.35771    ,  0.156871   ,  5.28186e-56])
19897   , -393.306    , array([ 0.0457845  ,  7.35771    ,  0.156871   ,  5.27658e-56])
19898   , -393.306    , array([ 0.0457845  ,  7.35771    ,  0.156871   ,  5.27658e-56])
19899   , -393.253    , array([ 0.0458303  ,  7.35771    ,  0.156871   ,  5.27658e-56])
19900   , -393.306    , array([ 0.0457845  ,  7.36508    ,  0.156871   ,  5.27658e-56])
19901   , -393.399    , array([ 0.0457845  ,  7.35771    ,  0.157028   ,  5.27658e-56])
19902   , -393.306    , array([ 0.0457845  ,  7.35771    ,  0.156871   ,  5.28186e-56])
19903   , -393.306    , array([ 0.0457845  ,  7.35771    ,  0.156871   ,  5.27658e-56])
19904   , -393.306    , array([ 0.0457845  ,  7.35771    ,  0.156871   ,  5.27658e-56])
19905   , -393.253    , array([ 0.0458303  ,  7.35771    ,  0.156871   ,  5.27658e-56])
19906   , -393.306    , array([ 0.0457845  ,  7.36508    ,  0.156871   ,  5.27658e-56])
19907   , -393.399    , array([ 0.0457845  ,  7.35771    ,  0.157028   ,  5.27658e-56])
19908   , -393.306    , array([ 0.0457845  ,  7.35771    ,  0.156871   ,  5.28186e-56])
19909   , -393.306    , array([ 0.0457845  ,  7.35771    ,  0.156871   ,  5.27658e-56])
19910   , -393.306    , array([ 0.0457845  ,  7.35771    ,  0.156871   ,  5.27658e-56])
19911   , -393.253    , array([ 0.0458303  ,  7.35771    ,  0.156871   ,  5.27658e-56])
19912   , -393.306    , array([ 0.0457845  ,  7.36508    ,  0.156871   ,  5.27658e-56])
19913   , -393.399    , array([ 0.0457845  ,  7.35771    ,  0.157028   ,  5.27658e-56])
19914   , -393.306    , array([ 0.0457845  ,  7.35771    ,  0.156871   ,  5.28186e-56])
19915   , -393.306    , array([ 0.0457845  ,  7.35771    ,  0.156871   ,  5.27658e-56])
19916   , -393.306    , array([ 0.0457845  ,  7.35771    ,  0.156871   ,  5.27658e-56])
19917   , -393.253    , array([ 0.0458303  ,  7.35771    ,  0.156871   ,  5.27658e-56])
19918   , -393.306    , array([ 0.0457845  ,  7.36508    ,  0.156871   ,  5.27658e-56])
19919   , -393.399    , array([ 0.0457845  ,  7.35771    ,  0.157028   ,  5.27658e-56])
19920   , -393.306    , array([ 0.0457845  ,  7.35771    ,  0.156871   ,  5.28186e-56])
19921   , -393.306    , array([ 0.0457845  ,  7.35771    ,  0.156871   ,  5.27658e-56])
19922   , -393.306    , array([ 0.0457845  ,  7.35771    ,  0.156871   ,  5.27658e-56])
19923   , -393.253    , array([ 0.0458303  ,  7.35771    ,  0.156871   ,  5.27658e-56])
19924   , -393.306    , array([ 0.0457845  ,  7.36508    ,  0.156871   ,  5.27658e-56])
19925   , -393.399    , array([ 0.0457845  ,  7.35771    ,  0.157028   ,  5.27658e-56])
19926   , -393.306    , array([ 0.0457845  ,  7.35771    ,  0.156871   ,  5.28186e-56])
19927   , -393.306    , array([ 0.0457845  ,  7.35771    ,  0.156871   ,  5.27658e-56])
19928   , -393.306    , array([ 0.0457845  ,  7.35771    ,  0.156871   ,  5.27658e-56])
19929   , -393.253    , array([ 0.0458303  ,  7.35771    ,  0.156871   ,  5.27658e-56])
19930   , -393.306    , array([ 0.0457845  ,  7.36508    ,  0.156871   ,  5.27658e-56])
19931   , -393.399    , array([ 0.0457845  ,  7.35771    ,  0.157028   ,  5.27658e-56])
19932   , -393.306    , array([ 0.0457845  ,  7.35771    ,  0.156871   ,  5.28186e-56])
19933   , -393.306    , array([ 0.0457845  ,  7.35771    ,  0.156871   ,  5.27658e-56])
19934   , -393.306    , array([ 0.0457845  ,  7.35771    ,  0.156871   ,  5.27658e-56])
19935   , -393.253    , array([ 0.0458303  ,  7.35771    ,  0.156871   ,  5.27658e-56])
19936   , -393.306    , array([ 0.0457845  ,  7.36508    ,  0.156871   ,  5.27658e-56])
19937   , -393.399    , array([ 0.0457845  ,  7.35771    ,  0.157028   ,  5.27658e-56])
19938   , -393.306    , array([ 0.0457845  ,  7.35771    ,  0.156871   ,  5.28186e-56])
19939   , -393.306    , array([ 0.0457845  ,  7.35771    ,  0.156871   ,  5.27658e-56])
19940   , -393.306    , array([ 0.0457845  ,  7.35771    ,  0.156871   ,  5.27658e-56])
19941   , -393.253    , array([ 0.0458303  ,  7.35771    ,  0.156871   ,  5.27658e-56])
19942   , -393.306    , array([ 0.0457845  ,  7.36508    ,  0.156871   ,  5.27658e-56])
19943   , -393.399    , array([ 0.0457845  ,  7.35771    ,  0.157028   ,  5.27658e-56])
19944   , -393.306    , array([ 0.0457845  ,  7.35771    ,  0.156871   ,  5.28186e-56])
19945   , -393.306    , array([ 0.0457845  ,  7.35771    ,  0.156871   ,  5.27658e-56])
19946   , -393.306    , array([ 0.0457845  ,  7.35771    ,  0.156871   ,  5.27658e-56])
19947   , -393.253    , array([ 0.0458303  ,  7.35771    ,  0.156871   ,  5.27658e-56])
19948   , -393.306    , array([ 0.0457845  ,  7.36508    ,  0.156871   ,  5.27658e-56])
19949   , -393.399    , array([ 0.0457845  ,  7.35771    ,  0.157028   ,  5.27658e-56])
19950   , -393.306    , array([ 0.0457845  ,  7.35771    ,  0.156871   ,  5.28186e-56])
19951   , -393.306    , array([ 0.0457845  ,  7.35771    ,  0.156871   ,  5.27658e-56])
19952   , -393.306    , array([ 0.0457845  ,  7.35771    ,  0.156871   ,  5.27658e-56])
19953   , -393.253    , array([ 0.0458303  ,  7.35771    ,  0.156871   ,  5.27658e-56])
19954   , -393.306    , array([ 0.0457845  ,  7.36508    ,  0.156871   ,  5.27658e-56])
19955   , -393.399    , array([ 0.0457845  ,  7.35771    ,  0.157028   ,  5.27658e-56])
19956   , -393.306    , array([ 0.0457845  ,  7.35771    ,  0.156871   ,  5.28186e-56])
19957   , -393.306    , array([ 0.0457845  ,  7.35771    ,  0.156871   ,  5.27658e-56])
19958   , -393.306    , array([ 0.0457845  ,  7.35771    ,  0.156871   ,  5.27658e-56])
19959   , -393.253    , array([ 0.0458303  ,  7.35771    ,  0.156871   ,  5.27658e-56])
19960   , -393.306    , array([ 0.0457845  ,  7.36508    ,  0.156871   ,  5.27658e-56])
19961   , -393.399    , array([ 0.0457845  ,  7.35771    ,  0.157028   ,  5.27658e-56])
19962   , -393.306    , array([ 0.0457845  ,  7.35771    ,  0.156871   ,  5.28186e-56])
19963   , -393.306    , array([ 0.0457845  ,  7.35771    ,  0.156871   ,  5.27658e-56])
19964   , -393.306    , array([ 0.0457845  ,  7.35771    ,  0.156871   ,  5.27658e-56])
19965   , -393.253    , array([ 0.0458303  ,  7.35771    ,  0.156871   ,  5.27658e-56])
19966   , -393.306    , array([ 0.0457845  ,  7.36508    ,  0.156871   ,  5.27658e-56])
19967   , -393.399    , array([ 0.0457845  ,  7.35771    ,  0.157028   ,  5.27658e-56])
19968   , -393.306    , array([ 0.0457845  ,  7.35771    ,  0.156871   ,  5.28186e-56])
19969   , -393.306    , array([ 0.0457845  ,  7.35771    ,  0.156871   ,  5.27658e-56])
19970   , -393.306    , array([ 0.0457845  ,  7.35771    ,  0.156871   ,  5.27658e-56])
19971   , -393.253    , array([ 0.0458303  ,  7.35771    ,  0.156871   ,  5.27658e-56])
19972   , -393.306    , array([ 0.0457845  ,  7.36508    ,  0.156871   ,  5.27658e-56])
19973   , -393.399    , array([ 0.0457845  ,  7.35771    ,  0.157028   ,  5.27658e-56])
19974   , -393.306    , array([ 0.0457845  ,  7.35771    ,  0.156871   ,  5.28186e-56])
19975   , -393.306    , array([ 0.0457845  ,  7.35771    ,  0.156871   ,  5.27658e-56])
19976   , -393.306    , array([ 0.0457845  ,  7.35771    ,  0.156871   ,  5.27658e-56])
19977   , -393.253    , array([ 0.0458303  ,  7.35771    ,  0.156871   ,  5.27658e-56])
19978   , -393.306    , array([ 0.0457845  ,  7.36508    ,  0.156871   ,  5.27658e-56])
19979   , -393.399    , array([ 0.0457845  ,  7.35771    ,  0.157028   ,  5.27658e-56])
19980   , -393.306    , array([ 0.0457845  ,  7.35771    ,  0.156871   ,  5.28186e-56])
19981   , -393.306    , array([ 0.0457845  ,  7.35771    ,  0.156871   ,  5.27658e-56])
19982   , -393.306    , array([ 0.0457845  ,  7.35771    ,  0.156871   ,  5.27658e-56])
19983   , -393.253    , array([ 0.0458303  ,  7.35771    ,  0.156871   ,  5.27658e-56])
19984   , -393.306    , array([ 0.0457845  ,  7.36508    ,  0.156871   ,  5.27658e-56])
19985   , -393.399    , array([ 0.0457845  ,  7.35771    ,  0.157028   ,  5.27658e-56])
19986   , -393.306    , array([ 0.0457845  ,  7.35771    ,  0.156871   ,  5.28186e-56])
19987   , -393.365    , array([ 0.0509566  ,  7.35771    ,  0.168887   ,  5.27658e-56])
19988   , -393.365    , array([ 0.0509566  ,  7.35771    ,  0.168887   ,  5.27658e-56])
19989   , -393.312    , array([ 0.0510076  ,  7.35771    ,  0.168887   ,  5.27658e-56])
19990   , -393.365    , array([ 0.0509566  ,  7.36508    ,  0.168887   ,  5.27658e-56])
19991   , -393.457    , array([ 0.0509566  ,  7.35771    ,  0.169056   ,  5.27658e-56])
19992   , -393.365    , array([ 0.0509566  ,  7.35771    ,  0.168887   ,  5.28186e-56])
19993   , -393.339    , array([ 0.0496149  ,  7.35771    ,  0.165808   ,  5.27658e-56])
19994   , -393.339    , array([ 0.0496149  ,  7.35771    ,  0.165808   ,  5.27658e-56])
19995   , -393.288    , array([ 0.0496645  ,  7.35771    ,  0.165808   ,  5.27658e-56])
19996   , -393.339    , array([ 0.0496149  ,  7.36508    ,  0.165808   ,  5.27658e-56])
19997   , -393.429    , array([ 0.0496149  ,  7.35771    ,  0.165974   ,  5.27658e-56])
19998   , -393.339    , array([ 0.0496149  ,  7.35771    ,  0.165808   ,  5.28186e-56])
19999   , -393.31     , array([ 0.0470364  ,  7.35771    ,  0.159817   ,  5.27658e-56])
20000   , -393.31     , array([ 0.0470364  ,  7.35771    ,  0.159817   ,  5.27658e-56])
20001   , -393.258    , array([ 0.0470835  ,  7.35771    ,  0.159817   ,  5.27658e-56])
20002   , -393.31     , array([ 0.0470364  ,  7.36508    ,  0.159817   ,  5.27658e-56])
20003   , -393.4      , array([ 0.0470364  ,  7.35771    ,  0.159977   ,  5.27658e-56])
20004   , -393.31     , array([ 0.0470364  ,  7.35771    ,  0.159817   ,  5.28186e-56])
20005   , -393.343    , array([ 0.0422746  ,  7.35771    ,  0.148476   ,  5.27658e-56])
20006   , -393.31     , array([ 0.0446598  ,  7.35771    ,  0.154204   ,  5.27658e-56])
20007   , -393.31     , array([ 0.0446598  ,  7.35771    ,  0.154204   ,  5.27658e-56])
20008   , -393.254    , array([ 0.0447045  ,  7.35771    ,  0.154204   ,  5.27658e-56])
20009   , -393.31     , array([ 0.0446598  ,  7.36508    ,  0.154204   ,  5.27658e-56])
20010   , -393.405    , array([ 0.0446598  ,  7.35771    ,  0.154358   ,  5.27658e-56])
20011   , -393.31     , array([ 0.0446598  ,  7.35771    ,  0.154204   ,  5.28186e-56])
20012   , -393.324    , array([ 0.0433017  ,  7.35771    ,  0.150955   ,  5.27658e-56])
20013   , -393.314    , array([ 0.0441256  ,  7.35771    ,  0.152929   ,  5.27658e-56])
20014   , -393.311    , array([ 0.0444322  ,  7.35771    ,  0.153662   ,  5.27658e-56])
20015   , -393.31     , array([ 0.044564   ,  7.35771    ,  0.153976   ,  5.27658e-56])
20016   , -393.31     , array([ 0.0446194  ,  7.35771    ,  0.154108   ,  5.27658e-56])
20017   , -393.31     , array([ 0.0446427  ,  7.35771    ,  0.154163   ,  5.27658e-56])
20018   , -393.31     , array([ 0.0446526  ,  7.35771    ,  0.154187   ,  5.27658e-56])
20019   , -393.31     , array([ 0.0446568  ,  7.35771    ,  0.154197   ,  5.27658e-56])
20020   , -393.31     , array([ 0.0446585  ,  7.35771    ,  0.154201   ,  5.27658e-56])
20021   , -393.31     , array([ 0.0446592  ,  7.35771    ,  0.154202   ,  5.27658e-56])
