302845  , -79089      , array([ 2.26821    ,  0.0329593  ,  2.19723e-29,  1.14492e-10,  1.2914e-08 ])
302846  , -79089      , array([ 2.27048    ,  0.0329593  ,  2.19723e-29,  1.14492e-10,  1.2914e-08 ])
302847  , -79089      , array([ 2.26821    ,  0.0329923  ,  2.19723e-29,  1.14492e-10,  1.2914e-08 ])
302848  , -79089      , array([ 2.26821    ,  0.0329593  ,  2.19943e-29,  1.14492e-10,  1.2914e-08 ])
302849  , -79089      , array([ 2.26821    ,  0.0329593  ,  2.19723e-29,  1.14606e-10,  1.2914e-08 ])
302850  , -79089      , array([ 2.26821    ,  0.0329593  ,  2.19723e-29,  1.14492e-10,  1.29269e-08])
302851  , -79089      , array([ 2.26821    ,  0.0329593  ,  2.19723e-29,  1.14492e-10,  1.2914e-08 ])
302852  , -79088.3    , array([ 2.25792    ,  0.0208038  ,  2.19723e-29,  1.14492e-10,  2.05668e-08])
302853  , -79088.3    , array([ 2.25792    ,  0.0208038  ,  2.19723e-29,  1.14492e-10,  2.05668e-08])
302854  , -79088.3    , array([ 2.26018    ,  0.0208038  ,  2.19723e-29,  1.14492e-10,  2.05668e-08])
302855  , -79088.3    , array([ 2.25792    ,  0.0208246  ,  2.19723e-29,  1.14492e-10,  2.05668e-08])
302856  , -79088.3    , array([ 2.25792    ,  0.0208038  ,  2.19943e-29,  1.14492e-10,  2.05668e-08])
302857  , -79088.3    , array([ 2.25792    ,  0.0208038  ,  2.19723e-29,  1.14606e-10,  2.05668e-08])
302858  , -79088.3    , array([ 2.25792    ,  0.0208038  ,  2.19723e-29,  1.14492e-10,  2.05873e-08])
302859  , -79042.3    , array([ 2.21725    ,  0.00330217 ,  2.19723e-29,  1.14492e-10,  1.32307e-07])
302860  , -79042.3    , array([ 2.21725    ,  0.00330217 ,  2.19723e-29,  1.14492e-10,  1.32307e-07])
302861  , -79042.3    , array([ 2.21947    ,  0.00330217 ,  2.19723e-29,  1.14492e-10,  1.32307e-07])
302862  , -79042.4    , array([ 2.21725    ,  0.00330547 ,  2.19723e-29,  1.14492e-10,  1.32307e-07])
302863  , -79042.3    , array([ 2.21725    ,  0.00330217 ,  2.19943e-29,  1.14492e-10,  1.32307e-07])
302864  , -79042.3    , array([ 2.21725    ,  0.00330217 ,  2.19723e-29,  1.14606e-10,  1.32307e-07])
302865  , -79042.3    , array([ 2.21725    ,  0.00330217 ,  2.19723e-29,  1.14492e-10,  1.3244e-07 ])
302873  , -79042.3    , array([ 2.21725    ,  0.00330214 ,  2.19723e-29,  1.14492e-10,  1.32308e-07])
302874  , -79042.3    , array([ 2.21725    ,  0.00330214 ,  2.19723e-29,  1.14492e-10,  1.32308e-07])
302875  , -79042.3    , array([ 2.21947    ,  0.00330214 ,  2.19723e-29,  1.14492e-10,  1.32308e-07])
302876  , -79042.4    , array([ 2.21725    ,  0.00330545 ,  2.19723e-29,  1.14492e-10,  1.32308e-07])
302877  , -79042.3    , array([ 2.21725    ,  0.00330214 ,  2.19943e-29,  1.14492e-10,  1.32308e-07])
302878  , -79042.3    , array([ 2.21725    ,  0.00330214 ,  2.19723e-29,  1.14606e-10,  1.32308e-07])
302879  , -79042.3    , array([ 2.21725    ,  0.00330214 ,  2.19723e-29,  1.14492e-10,  1.32441e-07])
302880  , -79042.3    , array([ 2.21725    ,  0.00330211 ,  2.19723e-29,  1.14492e-10,  1.3231e-07 ])
302881  , -79042.3    , array([ 2.21725    ,  0.00330211 ,  2.19723e-29,  1.14492e-10,  1.3231e-07 ])
302882  , -79042.3    , array([ 2.21947    ,  0.00330211 ,  2.19723e-29,  1.14492e-10,  1.3231e-07 ])
302883  , -79042.4    , array([ 2.21725    ,  0.00330542 ,  2.19723e-29,  1.14492e-10,  1.3231e-07 ])
302884  , -79042.3    , array([ 2.21725    ,  0.00330211 ,  2.19943e-29,  1.14492e-10,  1.3231e-07 ])
302885  , -79042.3    , array([ 2.21725    ,  0.00330211 ,  2.19723e-29,  1.14606e-10,  1.3231e-07 ])
302886  , -79042.3    , array([ 2.21725    ,  0.00330211 ,  2.19723e-29,  1.14492e-10,  1.32442e-07])
302894  , -79042.3    , array([ 2.21725    ,  0.00330211 ,  2.19723e-29,  1.14492e-10,  1.3231e-07 ])
302895  , -79042.3    , array([ 2.21725    ,  0.00330211 ,  2.19723e-29,  1.14492e-10,  1.3231e-07 ])
302896  , -79042.3    , array([ 2.21947    ,  0.00330211 ,  2.19723e-29,  1.14492e-10,  1.3231e-07 ])
302897  , -79042.4    , array([ 2.21725    ,  0.00330541 ,  2.19723e-29,  1.14492e-10,  1.3231e-07 ])
302898  , -79042.3    , array([ 2.21725    ,  0.00330211 ,  2.19943e-29,  1.14492e-10,  1.3231e-07 ])
302899  , -79042.3    , array([ 2.21725    ,  0.00330211 ,  2.19723e-29,  1.14606e-10,  1.3231e-07 ])
302900  , -79042.3    , array([ 2.21725    ,  0.00330211 ,  2.19723e-29,  1.14492e-10,  1.32442e-07])
302901  , -79042.3    , array([ 2.21725    ,  0.0033021  ,  2.19723e-29,  1.14492e-10,  1.3231e-07 ])
302902  , -79042.3    , array([ 2.21725    ,  0.0033021  ,  2.19723e-29,  1.14492e-10,  1.3231e-07 ])
302903  , -79042.3    , array([ 2.21947    ,  0.0033021  ,  2.19723e-29,  1.14492e-10,  1.3231e-07 ])
302904  , -79042.4    , array([ 2.21725    ,  0.0033054  ,  2.19723e-29,  1.14492e-10,  1.3231e-07 ])
302905  , -79042.3    , array([ 2.21725    ,  0.0033021  ,  2.19943e-29,  1.14492e-10,  1.3231e-07 ])
302906  , -79042.3    , array([ 2.21725    ,  0.0033021  ,  2.19723e-29,  1.14606e-10,  1.3231e-07 ])
302907  , -79042.3    , array([ 2.21725    ,  0.0033021  ,  2.19723e-29,  1.14492e-10,  1.32443e-07])
302915  , -79042.3    , array([ 2.21725    ,  0.0033021  ,  2.19723e-29,  1.14492e-10,  1.3231e-07 ])
302916  , -79042.3    , array([ 2.21725    ,  0.0033021  ,  2.19723e-29,  1.14492e-10,  1.3231e-07 ])
302917  , -79042.3    , array([ 2.21947    ,  0.0033021  ,  2.19723e-29,  1.14492e-10,  1.3231e-07 ])
302918  , -79042.4    , array([ 2.21725    ,  0.0033054  ,  2.19723e-29,  1.14492e-10,  1.3231e-07 ])
302919  , -79042.3    , array([ 2.21725    ,  0.0033021  ,  2.19943e-29,  1.14492e-10,  1.3231e-07 ])
302920  , -79042.3    , array([ 2.21725    ,  0.0033021  ,  2.19723e-29,  1.14606e-10,  1.3231e-07 ])
302921  , -79042.3    , array([ 2.21725    ,  0.0033021  ,  2.19723e-29,  1.14492e-10,  1.32443e-07])
302922  , -79042.3    , array([ 2.21725    ,  0.0033021  ,  2.19723e-29,  1.14492e-10,  1.3231e-07 ])
302923  , -79042.3    , array([ 2.21725    ,  0.0033021  ,  2.19723e-29,  1.14492e-10,  1.3231e-07 ])
302924  , -79042.3    , array([ 2.21947    ,  0.0033021  ,  2.19723e-29,  1.14492e-10,  1.3231e-07 ])
302925  , -79042.4    , array([ 2.21725    ,  0.0033054  ,  2.19723e-29,  1.14492e-10,  1.3231e-07 ])
302926  , -79042.3    , array([ 2.21725    ,  0.0033021  ,  2.19943e-29,  1.14492e-10,  1.3231e-07 ])
302927  , -79042.3    , array([ 2.21725    ,  0.0033021  ,  2.19723e-29,  1.14606e-10,  1.3231e-07 ])
302928  , -79042.3    , array([ 2.21725    ,  0.0033021  ,  2.19723e-29,  1.14492e-10,  1.32443e-07])
302929  , -78790.4    , array([ 2.19719    ,  0.00131559 ,  2.19723e-29,  1.14492e-10,  3.35584e-07])
302930  , -78790.4    , array([ 2.19719    ,  0.00131559 ,  2.19723e-29,  1.14492e-10,  3.35584e-07])
302931  , -78790.4    , array([ 2.19938    ,  0.00131559 ,  2.19723e-29,  1.14492e-10,  3.35584e-07])
302932  , -78790.7    , array([ 2.19719    ,  0.0013169  ,  2.19723e-29,  1.14492e-10,  3.35584e-07])
302933  , -78790.4    , array([ 2.19719    ,  0.00131559 ,  2.19943e-29,  1.14492e-10,  3.35584e-07])
302934  , -78790.4    , array([ 2.19719    ,  0.00131559 ,  2.19723e-29,  1.14606e-10,  3.35584e-07])
302935  , -78790.1    , array([ 2.19719    ,  0.00131559 ,  2.19723e-29,  1.14492e-10,  3.35919e-07])
302936  , -78790.4    , array([ 2.19719    ,  0.00131559 ,  2.19723e-29,  1.14492e-10,  3.35584e-07])
302937  , -78790.4    , array([ 2.19719    ,  0.00131559 ,  2.19723e-29,  1.14492e-10,  3.35584e-07])
302938  , -78790.4    , array([ 2.19938    ,  0.00131559 ,  2.19723e-29,  1.14492e-10,  3.35584e-07])
302939  , -78790.7    , array([ 2.19719    ,  0.0013169  ,  2.19723e-29,  1.14492e-10,  3.35584e-07])
302940  , -78790.4    , array([ 2.19719    ,  0.00131559 ,  2.19943e-29,  1.14492e-10,  3.35584e-07])
302941  , -78790.4    , array([ 2.19719    ,  0.00131559 ,  2.19723e-29,  1.14606e-10,  3.35584e-07])
302942  , -78790.1    , array([ 2.19719    ,  0.00131559 ,  2.19723e-29,  1.14492e-10,  3.3592e-07 ])
302943  , -78790.4    , array([ 2.19719    ,  0.00131559 ,  2.19723e-29,  1.14492e-10,  3.35584e-07])
302944  , -78790.4    , array([ 2.19719    ,  0.00131559 ,  2.19723e-29,  1.14492e-10,  3.35584e-07])
302945  , -78790.4    , array([ 2.19938    ,  0.00131559 ,  2.19723e-29,  1.14492e-10,  3.35584e-07])
302946  , -78790.7    , array([ 2.19719    ,  0.0013169  ,  2.19723e-29,  1.14492e-10,  3.35584e-07])
302947  , -78790.4    , array([ 2.19719    ,  0.00131559 ,  2.19943e-29,  1.14492e-10,  3.35584e-07])
302948  , -78790.4    , array([ 2.19719    ,  0.00131559 ,  2.19723e-29,  1.14606e-10,  3.35584e-07])
302949  , -78790.1    , array([ 2.19719    ,  0.00131559 ,  2.19723e-29,  1.14492e-10,  3.3592e-07 ])
302957  , -78790.4    , array([ 2.19719    ,  0.00131559 ,  2.19723e-29,  1.14492e-10,  3.35584e-07])
302958  , -78790.4    , array([ 2.19719    ,  0.00131559 ,  2.19723e-29,  1.14492e-10,  3.35584e-07])
302959  , -78790.4    , array([ 2.19938    ,  0.00131559 ,  2.19723e-29,  1.14492e-10,  3.35584e-07])
302960  , -78790.7    , array([ 2.19719    ,  0.0013169  ,  2.19723e-29,  1.14492e-10,  3.35584e-07])
302961  , -78790.4    , array([ 2.19719    ,  0.00131559 ,  2.19943e-29,  1.14492e-10,  3.35584e-07])
302962  , -78790.4    , array([ 2.19719    ,  0.00131559 ,  2.19723e-29,  1.14606e-10,  3.35584e-07])
302963  , -78790.1    , array([ 2.19719    ,  0.00131559 ,  2.19723e-29,  1.14492e-10,  3.3592e-07 ])
302964  , -78790.4    , array([ 2.19719    ,  0.00131559 ,  2.19723e-29,  1.14492e-10,  3.35584e-07])
302965  , -78790.4    , array([ 2.19719    ,  0.00131559 ,  2.19723e-29,  1.14492e-10,  3.35584e-07])
302966  , -78790.4    , array([ 2.19938    ,  0.00131559 ,  2.19723e-29,  1.14492e-10,  3.35584e-07])
302967  , -78790.7    , array([ 2.19719    ,  0.0013169  ,  2.19723e-29,  1.14492e-10,  3.35584e-07])
302968  , -78790.4    , array([ 2.19719    ,  0.00131559 ,  2.19943e-29,  1.14492e-10,  3.35584e-07])
302969  , -78790.4    , array([ 2.19719    ,  0.00131559 ,  2.19723e-29,  1.14606e-10,  3.35584e-07])
302970  , -78790.1    , array([ 2.19719    ,  0.00131559 ,  2.19723e-29,  1.14492e-10,  3.3592e-07 ])
302971  , -78615.1    , array([ 2.1922     ,  0.00104521 ,  2.19723e-29,  1.14492e-10,  4.235e-07  ])
302972  , -78615.1    , array([ 2.1922     ,  0.00104521 ,  2.19723e-29,  1.14492e-10,  4.235e-07  ])
302973  , -78615.1    , array([ 2.19439    ,  0.00104521 ,  2.19723e-29,  1.14492e-10,  4.235e-07  ])
302974  , -78615.6    , array([ 2.1922     ,  0.00104625 ,  2.19723e-29,  1.14492e-10,  4.235e-07  ])
302975  , -78615.1    , array([ 2.1922     ,  0.00104521 ,  2.19943e-29,  1.14492e-10,  4.235e-07  ])
302976  , -78615.1    , array([ 2.1922     ,  0.00104521 ,  2.19723e-29,  1.14606e-10,  4.235e-07  ])
302977  , -78614.7    , array([ 2.1922     ,  0.00104521 ,  2.19723e-29,  1.14492e-10,  4.23923e-07])
302978  , -78615.1    , array([ 2.1922     ,  0.00104521 ,  2.19723e-29,  1.14492e-10,  4.235e-07  ])
302979  , -78615.1    , array([ 2.1922     ,  0.00104521 ,  2.19723e-29,  1.14492e-10,  4.235e-07  ])
302980  , -78615.1    , array([ 2.19439    ,  0.00104521 ,  2.19723e-29,  1.14492e-10,  4.235e-07  ])
302981  , -78615.6    , array([ 2.1922     ,  0.00104625 ,  2.19723e-29,  1.14492e-10,  4.235e-07  ])
302982  , -78615.1    , array([ 2.1922     ,  0.00104521 ,  2.19943e-29,  1.14492e-10,  4.235e-07  ])
302983  , -78615.1    , array([ 2.1922     ,  0.00104521 ,  2.19723e-29,  1.14606e-10,  4.235e-07  ])
302984  , -78614.7    , array([ 2.1922     ,  0.00104521 ,  2.19723e-29,  1.14492e-10,  4.23923e-07])
302985  , -78615.1    , array([ 2.1922     ,  0.00104521 ,  2.19723e-29,  1.14492e-10,  4.235e-07  ])
302986  , -78615.1    , array([ 2.1922     ,  0.00104521 ,  2.19723e-29,  1.14492e-10,  4.235e-07  ])
302987  , -78615.1    , array([ 2.19439    ,  0.00104521 ,  2.19723e-29,  1.14492e-10,  4.235e-07  ])
302988  , -78615.6    , array([ 2.1922     ,  0.00104625 ,  2.19723e-29,  1.14492e-10,  4.235e-07  ])
302989  , -78615.1    , array([ 2.1922     ,  0.00104521 ,  2.19943e-29,  1.14492e-10,  4.235e-07  ])
302990  , -78615.1    , array([ 2.1922     ,  0.00104521 ,  2.19723e-29,  1.14606e-10,  4.235e-07  ])
302991  , -78614.7    , array([ 2.1922     ,  0.00104521 ,  2.19723e-29,  1.14492e-10,  4.23924e-07])
302999  , -78615.1    , array([ 2.1922     ,  0.00104521 ,  2.19723e-29,  1.14492e-10,  4.235e-07  ])
303000  , -78615.1    , array([ 2.1922     ,  0.00104521 ,  2.19723e-29,  1.14492e-10,  4.235e-07  ])
303001  , -78615.1    , array([ 2.19439    ,  0.00104521 ,  2.19723e-29,  1.14492e-10,  4.235e-07  ])
303002  , -78615.6    , array([ 2.1922     ,  0.00104625 ,  2.19723e-29,  1.14492e-10,  4.235e-07  ])
303003  , -78615.1    , array([ 2.1922     ,  0.00104521 ,  2.19943e-29,  1.14492e-10,  4.235e-07  ])
303004  , -78615.1    , array([ 2.1922     ,  0.00104521 ,  2.19723e-29,  1.14606e-10,  4.235e-07  ])
303005  , -78614.7    , array([ 2.1922     ,  0.00104521 ,  2.19723e-29,  1.14492e-10,  4.23924e-07])
303006  , -78615.1    , array([ 2.1922     ,  0.00104521 ,  2.19723e-29,  1.14492e-10,  4.235e-07  ])
303007  , -78615.1    , array([ 2.1922     ,  0.00104521 ,  2.19723e-29,  1.14492e-10,  4.235e-07  ])
303008  , -78615.1    , array([ 2.19439    ,  0.00104521 ,  2.19723e-29,  1.14492e-10,  4.235e-07  ])
303009  , -78615.6    , array([ 2.1922     ,  0.00104625 ,  2.19723e-29,  1.14492e-10,  4.235e-07  ])
303010  , -78615.1    , array([ 2.1922     ,  0.00104521 ,  2.19943e-29,  1.14492e-10,  4.235e-07  ])
303011  , -78615.1    , array([ 2.1922     ,  0.00104521 ,  2.19723e-29,  1.14606e-10,  4.235e-07  ])
303012  , -78614.7    , array([ 2.1922     ,  0.00104521 ,  2.19723e-29,  1.14492e-10,  4.23924e-07])
303020  , -78615.1    , array([ 2.1922     ,  0.00104521 ,  2.19723e-29,  1.14492e-10,  4.235e-07  ])
303021  , -78615.1    , array([ 2.1922     ,  0.00104521 ,  2.19723e-29,  1.14492e-10,  4.235e-07  ])
303022  , -78615.1    , array([ 2.19439    ,  0.00104521 ,  2.19723e-29,  1.14492e-10,  4.235e-07  ])
303023  , -78615.6    , array([ 2.1922     ,  0.00104625 ,  2.19723e-29,  1.14492e-10,  4.235e-07  ])
303024  , -78615.1    , array([ 2.1922     ,  0.00104521 ,  2.19943e-29,  1.14492e-10,  4.235e-07  ])
303025  , -78615.1    , array([ 2.1922     ,  0.00104521 ,  2.19723e-29,  1.14606e-10,  4.235e-07  ])
303026  , -78614.7    , array([ 2.1922     ,  0.00104521 ,  2.19723e-29,  1.14492e-10,  4.23924e-07])
303027  , -78615.1    , array([ 2.1922     ,  0.00104521 ,  2.19723e-29,  1.14492e-10,  4.235e-07  ])
303028  , -78615.1    , array([ 2.1922     ,  0.00104521 ,  2.19723e-29,  1.14492e-10,  4.235e-07  ])
303029  , -78615.1    , array([ 2.19439    ,  0.00104521 ,  2.19723e-29,  1.14492e-10,  4.235e-07  ])
303030  , -78615.6    , array([ 2.1922     ,  0.00104625 ,  2.19723e-29,  1.14492e-10,  4.235e-07  ])
303031  , -78615.1    , array([ 2.1922     ,  0.00104521 ,  2.19943e-29,  1.14492e-10,  4.235e-07  ])
303032  , -78615.1    , array([ 2.1922     ,  0.00104521 ,  2.19723e-29,  1.14606e-10,  4.235e-07  ])
303033  , -78614.7    , array([ 2.1922     ,  0.00104521 ,  2.19723e-29,  1.14492e-10,  4.23924e-07])
303034  , -78587      , array([ 2.19158    ,  0.00101558 ,  2.19723e-29,  1.14492e-10,  4.35998e-07])
303035  , -78587      , array([ 2.19158    ,  0.00101558 ,  2.19723e-29,  1.14492e-10,  4.35998e-07])
303036  , -78587      , array([ 2.19377    ,  0.00101558 ,  2.19723e-29,  1.14492e-10,  4.35998e-07])
303037  , -78587.5    , array([ 2.19158    ,  0.00101659 ,  2.19723e-29,  1.14492e-10,  4.35998e-07])
303038  , -78587      , array([ 2.19158    ,  0.00101558 ,  2.19943e-29,  1.14492e-10,  4.35998e-07])
303039  , -78587      , array([ 2.19158    ,  0.00101558 ,  2.19723e-29,  1.14606e-10,  4.35998e-07])
303040  , -78586.5    , array([ 2.19158    ,  0.00101558 ,  2.19723e-29,  1.14492e-10,  4.36434e-07])
303041  , -78587      , array([ 2.19158    ,  0.00101558 ,  2.19723e-29,  1.14492e-10,  4.35998e-07])
303042  , -78587      , array([ 2.19158    ,  0.00101558 ,  2.19723e-29,  1.14492e-10,  4.35998e-07])
303043  , -78587      , array([ 2.19377    ,  0.00101558 ,  2.19723e-29,  1.14492e-10,  4.35998e-07])
303044  , -78587.5    , array([ 2.19158    ,  0.00101659 ,  2.19723e-29,  1.14492e-10,  4.35998e-07])
303045  , -78587      , array([ 2.19158    ,  0.00101558 ,  2.19943e-29,  1.14492e-10,  4.35998e-07])
303046  , -78587      , array([ 2.19158    ,  0.00101558 ,  2.19723e-29,  1.14606e-10,  4.35998e-07])
303047  , -78586.5    , array([ 2.19158    ,  0.00101558 ,  2.19723e-29,  1.14492e-10,  4.36434e-07])
303048  , -78587      , array([ 2.19158    ,  0.00101558 ,  2.19723e-29,  1.14492e-10,  4.35998e-07])
303049  , -78587      , array([ 2.19158    ,  0.00101558 ,  2.19723e-29,  1.14492e-10,  4.35998e-07])
303050  , -78587      , array([ 2.19377    ,  0.00101558 ,  2.19723e-29,  1.14492e-10,  4.35998e-07])
303051  , -78587.5    , array([ 2.19158    ,  0.00101659 ,  2.19723e-29,  1.14492e-10,  4.35998e-07])
303052  , -78587      , array([ 2.19158    ,  0.00101558 ,  2.19943e-29,  1.14492e-10,  4.35998e-07])
303053  , -78587      , array([ 2.19158    ,  0.00101558 ,  2.19723e-29,  1.14606e-10,  4.35998e-07])
303054  , -78586.5    , array([ 2.19158    ,  0.00101558 ,  2.19723e-29,  1.14492e-10,  4.36434e-07])
303055  , -78572.4    , array([ 2.19126    ,  0.00100108 ,  2.19723e-29,  1.14492e-10,  4.42385e-07])
303056  , -78572.4    , array([ 2.19126    ,  0.00100108 ,  2.19723e-29,  1.14492e-10,  4.42385e-07])
303057  , -78572.4    , array([ 2.19346    ,  0.00100108 ,  2.19723e-29,  1.14492e-10,  4.42385e-07])
303058  , -78572.9    , array([ 2.19126    ,  0.00100208 ,  2.19723e-29,  1.14492e-10,  4.42385e-07])
303059  , -78572.4    , array([ 2.19126    ,  0.00100108 ,  2.19943e-29,  1.14492e-10,  4.42385e-07])
303060  , -78572.4    , array([ 2.19126    ,  0.00100108 ,  2.19723e-29,  1.14606e-10,  4.42385e-07])
303061  , -78571.8    , array([ 2.19126    ,  0.00100108 ,  2.19723e-29,  1.14492e-10,  4.42828e-07])
303062  , -78572.4    , array([ 2.19126    ,  0.00100108 ,  2.19723e-29,  1.14492e-10,  4.42385e-07])
303063  , -78572.4    , array([ 2.19126    ,  0.00100108 ,  2.19723e-29,  1.14492e-10,  4.42385e-07])
303064  , -78572.4    , array([ 2.19346    ,  0.00100108 ,  2.19723e-29,  1.14492e-10,  4.42385e-07])
303065  , -78572.9    , array([ 2.19126    ,  0.00100208 ,  2.19723e-29,  1.14492e-10,  4.42385e-07])
303066  , -78572.4    , array([ 2.19126    ,  0.00100108 ,  2.19943e-29,  1.14492e-10,  4.42385e-07])
303067  , -78572.4    , array([ 2.19126    ,  0.00100108 ,  2.19723e-29,  1.14606e-10,  4.42385e-07])
303068  , -78571.8    , array([ 2.19126    ,  0.00100108 ,  2.19723e-29,  1.14492e-10,  4.42828e-07])
303069  , -78572.4    , array([ 2.19126    ,  0.00100108 ,  2.19723e-29,  1.14492e-10,  4.42385e-07])
303070  , -78572.4    , array([ 2.19126    ,  0.00100108 ,  2.19723e-29,  1.14492e-10,  4.42385e-07])
303071  , -78572.4    , array([ 2.19346    ,  0.00100108 ,  2.19723e-29,  1.14492e-10,  4.42385e-07])
303072  , -78572.9    , array([ 2.19126    ,  0.00100208 ,  2.19723e-29,  1.14492e-10,  4.42385e-07])
303073  , -78572.4    , array([ 2.19126    ,  0.00100108 ,  2.19943e-29,  1.14492e-10,  4.42385e-07])
303074  , -78572.4    , array([ 2.19126    ,  0.00100108 ,  2.19723e-29,  1.14606e-10,  4.42385e-07])
303075  , -78571.8    , array([ 2.19126    ,  0.00100108 ,  2.19723e-29,  1.14492e-10,  4.42828e-07])
303083  , -78572.4    , array([ 2.19126    ,  0.00100108 ,  2.19723e-29,  1.14492e-10,  4.42385e-07])
303084  , -78572.4    , array([ 2.19126    ,  0.00100108 ,  2.19723e-29,  1.14492e-10,  4.42385e-07])
303085  , -78572.4    , array([ 2.19346    ,  0.00100108 ,  2.19723e-29,  1.14492e-10,  4.42385e-07])
303086  , -78572.9    , array([ 2.19126    ,  0.00100208 ,  2.19723e-29,  1.14492e-10,  4.42385e-07])
303087  , -78572.4    , array([ 2.19126    ,  0.00100108 ,  2.19943e-29,  1.14492e-10,  4.42385e-07])
303088  , -78572.4    , array([ 2.19126    ,  0.00100108 ,  2.19723e-29,  1.14606e-10,  4.42385e-07])
303089  , -78571.8    , array([ 2.19126    ,  0.00100108 ,  2.19723e-29,  1.14492e-10,  4.42828e-07])
303090  , -78572.4    , array([ 2.19126    ,  0.00100108 ,  2.19723e-29,  1.14492e-10,  4.42385e-07])
303091  , -78572.4    , array([ 2.19126    ,  0.00100108 ,  2.19723e-29,  1.14492e-10,  4.42385e-07])
303092  , -78572.4    , array([ 2.19346    ,  0.00100108 ,  2.19723e-29,  1.14492e-10,  4.42385e-07])
303093  , -78572.9    , array([ 2.19126    ,  0.00100208 ,  2.19723e-29,  1.14492e-10,  4.42385e-07])
303094  , -78572.4    , array([ 2.19126    ,  0.00100108 ,  2.19943e-29,  1.14492e-10,  4.42385e-07])
303095  , -78572.4    , array([ 2.19126    ,  0.00100108 ,  2.19723e-29,  1.14606e-10,  4.42385e-07])
303096  , -78571.8    , array([ 2.19126    ,  0.00100108 ,  2.19723e-29,  1.14492e-10,  4.42828e-07])
303104  , -78572.4    , array([ 2.19126    ,  0.00100108 ,  2.19723e-29,  1.14492e-10,  4.42385e-07])
303105  , -78572.4    , array([ 2.19126    ,  0.00100108 ,  2.19723e-29,  1.14492e-10,  4.42385e-07])
303106  , -78572.4    , array([ 2.19346    ,  0.00100108 ,  2.19723e-29,  1.14492e-10,  4.42385e-07])
303107  , -78572.9    , array([ 2.19126    ,  0.00100208 ,  2.19723e-29,  1.14492e-10,  4.42385e-07])
303108  , -78572.4    , array([ 2.19126    ,  0.00100108 ,  2.19943e-29,  1.14492e-10,  4.42385e-07])
303109  , -78572.4    , array([ 2.19126    ,  0.00100108 ,  2.19723e-29,  1.14606e-10,  4.42385e-07])
303110  , -78571.8    , array([ 2.19126    ,  0.00100108 ,  2.19723e-29,  1.14492e-10,  4.42828e-07])
303118  , -78572.4    , array([ 2.19126    ,  0.00100108 ,  2.19723e-29,  1.14492e-10,  4.42385e-07])
303119  , -78572.4    , array([ 2.19126    ,  0.00100108 ,  2.19723e-29,  1.14492e-10,  4.42385e-07])
303120  , -78572.4    , array([ 2.19346    ,  0.00100108 ,  2.19723e-29,  1.14492e-10,  4.42385e-07])
303121  , -78572.9    , array([ 2.19126    ,  0.00100208 ,  2.19723e-29,  1.14492e-10,  4.42385e-07])
303122  , -78572.4    , array([ 2.19126    ,  0.00100108 ,  2.19943e-29,  1.14492e-10,  4.42385e-07])
303123  , -78572.4    , array([ 2.19126    ,  0.00100108 ,  2.19723e-29,  1.14606e-10,  4.42385e-07])
303124  , -78571.8    , array([ 2.19126    ,  0.00100108 ,  2.19723e-29,  1.14492e-10,  4.42828e-07])
303125  , -78572.4    , array([ 2.19126    ,  0.00100108 ,  2.19723e-29,  1.14492e-10,  4.42385e-07])
303126  , -78572.4    , array([ 2.19126    ,  0.00100108 ,  2.19723e-29,  1.14492e-10,  4.42385e-07])
303127  , -78572.4    , array([ 2.19346    ,  0.00100108 ,  2.19723e-29,  1.14492e-10,  4.42385e-07])
303128  , -78572.9    , array([ 2.19126    ,  0.00100208 ,  2.19723e-29,  1.14492e-10,  4.42385e-07])
303129  , -78572.4    , array([ 2.19126    ,  0.00100108 ,  2.19943e-29,  1.14492e-10,  4.42385e-07])
303130  , -78572.4    , array([ 2.19126    ,  0.00100108 ,  2.19723e-29,  1.14606e-10,  4.42385e-07])
303131  , -78571.8    , array([ 2.19126    ,  0.00100108 ,  2.19723e-29,  1.14492e-10,  4.42828e-07])
303135  , -78571.6    , array([ 2.19124    ,  0.00100089 ,  2.19723e-29,  1.14492e-10,  4.42916e-07])
303139  , -78572.4    , array([ 2.19126    ,  0.00100108 ,  2.19723e-29,  1.14492e-10,  4.42385e-07])
303140  , -78572.4    , array([ 2.19126    ,  0.00100108 ,  2.19723e-29,  1.14492e-10,  4.42385e-07])
303141  , -78572.4    , array([ 2.19346    ,  0.00100108 ,  2.19723e-29,  1.14492e-10,  4.42385e-07])
303142  , -78572.9    , array([ 2.19126    ,  0.00100208 ,  2.19723e-29,  1.14492e-10,  4.42385e-07])
303143  , -78572.4    , array([ 2.19126    ,  0.00100108 ,  2.19943e-29,  1.14492e-10,  4.42385e-07])
303144  , -78572.4    , array([ 2.19126    ,  0.00100108 ,  2.19723e-29,  1.14606e-10,  4.42385e-07])
303145  , -78571.8    , array([ 2.19126    ,  0.00100108 ,  2.19723e-29,  1.14492e-10,  4.42828e-07])
303146  , -78571.5    , array([ 2.19125    ,  0.00100029 ,  2.19723e-29,  1.14492e-10,  4.42735e-07])
303147  , -78571.5    , array([ 2.19125    ,  0.00100029 ,  2.19723e-29,  1.14492e-10,  4.42735e-07])
303148  , -78571.5    , array([ 2.19344    ,  0.00100029 ,  2.19723e-29,  1.14492e-10,  4.42735e-07])
303149  , -78572.1    , array([ 2.19125    ,  0.00100129 ,  2.19723e-29,  1.14492e-10,  4.42735e-07])
303150  , -78571.5    , array([ 2.19125    ,  0.00100029 ,  2.19943e-29,  1.14492e-10,  4.42735e-07])
303151  , -78571.5    , array([ 2.19125    ,  0.00100029 ,  2.19723e-29,  1.14606e-10,  4.42735e-07])
303152  , -78571      , array([ 2.19125    ,  0.00100029 ,  2.19723e-29,  1.14492e-10,  4.43178e-07])
303153  , -78571.5    , array([ 2.19125    ,  0.00100029 ,  2.19723e-29,  1.14492e-10,  4.42735e-07])
303154  , -78571.5    , array([ 2.19125    ,  0.00100029 ,  2.19723e-29,  1.14492e-10,  4.42735e-07])
303155  , -78571.5    , array([ 2.19344    ,  0.00100029 ,  2.19723e-29,  1.14492e-10,  4.42735e-07])
303156  , -78572.1    , array([ 2.19125    ,  0.00100129 ,  2.19723e-29,  1.14492e-10,  4.42735e-07])
303157  , -78571.5    , array([ 2.19125    ,  0.00100029 ,  2.19943e-29,  1.14492e-10,  4.42735e-07])
303158  , -78571.5    , array([ 2.19125    ,  0.00100029 ,  2.19723e-29,  1.14606e-10,  4.42735e-07])
303159  , -78571      , array([ 2.19125    ,  0.00100029 ,  2.19723e-29,  1.14492e-10,  4.43178e-07])
303160  , -78571.3    , array([ 2.19124    ,  0.00100003 ,  2.19723e-29,  1.14492e-10,  4.42855e-07])
303161  , -78571.3    , array([ 2.19124    ,  0.00100003 ,  2.19723e-29,  1.14492e-10,  4.42855e-07])
303162  , -78571.3    , array([ 2.19343    ,  0.00100003 ,  2.19723e-29,  1.14492e-10,  4.42855e-07])
303163  , -78571.8    , array([ 2.19124    ,  0.00100103 ,  2.19723e-29,  1.14492e-10,  4.42855e-07])
303164  , -78571.3    , array([ 2.19124    ,  0.00100003 ,  2.19943e-29,  1.14492e-10,  4.42855e-07])
303165  , -78571.3    , array([ 2.19124    ,  0.00100003 ,  2.19723e-29,  1.14606e-10,  4.42855e-07])
303166  , -78570.8    , array([ 2.19124    ,  0.00100003 ,  2.19723e-29,  1.14492e-10,  4.43298e-07])
303167  , -78571.3    , array([ 2.19124    ,  0.00100003 ,  2.19723e-29,  1.14492e-10,  4.42855e-07])
303168  , -78571.3    , array([ 2.19124    ,  0.00100003 ,  2.19723e-29,  1.14492e-10,  4.42855e-07])
303169  , -78571.3    , array([ 2.19343    ,  0.00100003 ,  2.19723e-29,  1.14492e-10,  4.42855e-07])
303170  , -78571.8    , array([ 2.19124    ,  0.00100103 ,  2.19723e-29,  1.14492e-10,  4.42855e-07])
303171  , -78571.3    , array([ 2.19124    ,  0.00100003 ,  2.19943e-29,  1.14492e-10,  4.42855e-07])
303172  , -78571.3    , array([ 2.19124    ,  0.00100003 ,  2.19723e-29,  1.14606e-10,  4.42855e-07])
303173  , -78570.8    , array([ 2.19124    ,  0.00100003 ,  2.19723e-29,  1.14492e-10,  4.43298e-07])
303174  , -78571.3    , array([ 2.19124    ,  0.00100003 ,  2.19723e-29,  1.14492e-10,  4.42855e-07])
303175  , -78571.3    , array([ 2.19124    ,  0.00100003 ,  2.19723e-29,  1.14492e-10,  4.42855e-07])
303176  , -78571.3    , array([ 2.19343    ,  0.00100003 ,  2.19723e-29,  1.14492e-10,  4.42855e-07])
303177  , -78571.8    , array([ 2.19124    ,  0.00100103 ,  2.19723e-29,  1.14492e-10,  4.42855e-07])
303178  , -78571.3    , array([ 2.19124    ,  0.00100003 ,  2.19943e-29,  1.14492e-10,  4.42855e-07])
303179  , -78571.3    , array([ 2.19124    ,  0.00100003 ,  2.19723e-29,  1.14606e-10,  4.42855e-07])
303180  , -78570.8    , array([ 2.19124    ,  0.00100003 ,  2.19723e-29,  1.14492e-10,  4.43298e-07])
303184  , -78571.7    , array([ 2.19124    ,  0.00100096 ,  2.19723e-29,  1.14492e-10,  4.42885e-07])
303188  , -78571.3    , array([ 2.19124    ,  0.00100003 ,  2.19723e-29,  1.14492e-10,  4.42855e-07])
303189  , -78571.3    , array([ 2.19124    ,  0.00100003 ,  2.19723e-29,  1.14492e-10,  4.42855e-07])
303190  , -78571.3    , array([ 2.19343    ,  0.00100003 ,  2.19723e-29,  1.14492e-10,  4.42855e-07])
303191  , -78571.8    , array([ 2.19124    ,  0.00100103 ,  2.19723e-29,  1.14492e-10,  4.42855e-07])
303192  , -78571.3    , array([ 2.19124    ,  0.00100003 ,  2.19943e-29,  1.14492e-10,  4.42855e-07])
303193  , -78571.3    , array([ 2.19124    ,  0.00100003 ,  2.19723e-29,  1.14606e-10,  4.42855e-07])
303194  , -78570.8    , array([ 2.19124    ,  0.00100003 ,  2.19723e-29,  1.14492e-10,  4.43298e-07])
303195  , -78571.3    , array([ 2.19124    ,  0.00100003 ,  2.19723e-29,  1.14492e-10,  4.42855e-07])
303196  , -78571.3    , array([ 2.19124    ,  0.00100003 ,  2.19723e-29,  1.14492e-10,  4.42855e-07])
303197  , -78571.3    , array([ 2.19343    ,  0.00100003 ,  2.19723e-29,  1.14492e-10,  4.42855e-07])
303198  , -78571.8    , array([ 2.19124    ,  0.00100103 ,  2.19723e-29,  1.14492e-10,  4.42855e-07])
303199  , -78571.3    , array([ 2.19124    ,  0.00100003 ,  2.19943e-29,  1.14492e-10,  4.42855e-07])
303200  , -78571.3    , array([ 2.19124    ,  0.00100003 ,  2.19723e-29,  1.14606e-10,  4.42855e-07])
303201  , -78570.8    , array([ 2.19124    ,  0.00100003 ,  2.19723e-29,  1.14492e-10,  4.43298e-07])
303205  , -78571.7    , array([ 2.19124    ,  0.00100099 ,  2.19723e-29,  1.14492e-10,  4.4287e-07 ])
303209  , -78571.3    , array([ 2.19124    ,  0.00100003 ,  2.19723e-29,  1.14492e-10,  4.42855e-07])
303210  , -78571.3    , array([ 2.19124    ,  0.00100003 ,  2.19723e-29,  1.14492e-10,  4.42855e-07])
303211  , -78571.3    , array([ 2.19343    ,  0.00100003 ,  2.19723e-29,  1.14492e-10,  4.42855e-07])
303212  , -78571.8    , array([ 2.19124    ,  0.00100103 ,  2.19723e-29,  1.14492e-10,  4.42855e-07])
303213  , -78571.3    , array([ 2.19124    ,  0.00100003 ,  2.19943e-29,  1.14492e-10,  4.42855e-07])
303214  , -78571.3    , array([ 2.19124    ,  0.00100003 ,  2.19723e-29,  1.14606e-10,  4.42855e-07])
303215  , -78570.8    , array([ 2.19124    ,  0.00100003 ,  2.19723e-29,  1.14492e-10,  4.43298e-07])
303216  , -78571.3    , array([ 2.19124    ,  0.00100003 ,  2.19723e-29,  1.14492e-10,  4.42855e-07])
303217  , -78571.3    , array([ 2.19124    ,  0.00100003 ,  2.19723e-29,  1.14492e-10,  4.42855e-07])
303218  , -78571.3    , array([ 2.19343    ,  0.00100003 ,  2.19723e-29,  1.14492e-10,  4.42855e-07])
303219  , -78571.8    , array([ 2.19124    ,  0.00100103 ,  2.19723e-29,  1.14492e-10,  4.42855e-07])
303220  , -78571.3    , array([ 2.19124    ,  0.00100003 ,  2.19943e-29,  1.14492e-10,  4.42855e-07])
303221  , -78571.3    , array([ 2.19124    ,  0.00100003 ,  2.19723e-29,  1.14606e-10,  4.42855e-07])
303222  , -78570.8    , array([ 2.19124    ,  0.00100003 ,  2.19723e-29,  1.14492e-10,  4.43298e-07])
303223  , -78571.3    , array([ 2.19124    ,  0.00100001 ,  2.19723e-29,  1.14492e-10,  4.42862e-07])
303224  , -78571.3    , array([ 2.19124    ,  0.00100001 ,  2.19723e-29,  1.14492e-10,  4.42862e-07])
303225  , -78571.3    , array([ 2.19343    ,  0.00100001 ,  2.19723e-29,  1.14492e-10,  4.42862e-07])
303226  , -78571.8    , array([ 2.19124    ,  0.00100101 ,  2.19723e-29,  1.14492e-10,  4.42862e-07])
303227  , -78571.3    , array([ 2.19124    ,  0.00100001 ,  2.19943e-29,  1.14492e-10,  4.42862e-07])
303228  , -78571.3    , array([ 2.19124    ,  0.00100001 ,  2.19723e-29,  1.14606e-10,  4.42862e-07])
303229  , -78570.7    , array([ 2.19124    ,  0.00100001 ,  2.19723e-29,  1.14492e-10,  4.43305e-07])
303230  , -78571.3    , array([ 2.19124    ,  0.00100001 ,  2.19723e-29,  1.14492e-10,  4.42862e-07])
303231  , -78571.3    , array([ 2.19124    ,  0.00100001 ,  2.19723e-29,  1.14492e-10,  4.42862e-07])
303232  , -78571.3    , array([ 2.19343    ,  0.00100001 ,  2.19723e-29,  1.14492e-10,  4.42862e-07])
303233  , -78571.8    , array([ 2.19124    ,  0.00100101 ,  2.19723e-29,  1.14492e-10,  4.42862e-07])
303234  , -78571.3    , array([ 2.19124    ,  0.00100001 ,  2.19943e-29,  1.14492e-10,  4.42862e-07])
303235  , -78571.3    , array([ 2.19124    ,  0.00100001 ,  2.19723e-29,  1.14606e-10,  4.42862e-07])
303236  , -78570.7    , array([ 2.19124    ,  0.00100001 ,  2.19723e-29,  1.14492e-10,  4.43305e-07])
303237  , -78571.3    , array([ 2.19124    ,  0.00100001 ,  2.19723e-29,  1.14492e-10,  4.42862e-07])
303238  , -78571.3    , array([ 2.19124    ,  0.00100001 ,  2.19723e-29,  1.14492e-10,  4.42862e-07])
303239  , -78571.3    , array([ 2.19343    ,  0.00100001 ,  2.19723e-29,  1.14492e-10,  4.42862e-07])
303240  , -78571.8    , array([ 2.19124    ,  0.00100101 ,  2.19723e-29,  1.14492e-10,  4.42862e-07])
303241  , -78571.3    , array([ 2.19124    ,  0.00100001 ,  2.19943e-29,  1.14492e-10,  4.42862e-07])
303242  , -78571.3    , array([ 2.19124    ,  0.00100001 ,  2.19723e-29,  1.14606e-10,  4.42862e-07])
303243  , -78570.7    , array([ 2.19124    ,  0.00100001 ,  2.19723e-29,  1.14492e-10,  4.43305e-07])
303244  , -78571.2    , array([ 2.19124    ,  0.001      ,  2.19723e-29,  1.14492e-10,  4.42866e-07])
303245  , -78571.2    , array([ 2.19124    ,  0.001      ,  2.19723e-29,  1.14492e-10,  4.42866e-07])
303246  , -78571.2    , array([ 2.19343    ,  0.001      ,  2.19723e-29,  1.14492e-10,  4.42866e-07])
303247  , -78571.8    , array([ 2.19124    ,  0.001001   ,  2.19723e-29,  1.14492e-10,  4.42866e-07])
303248  , -78571.2    , array([ 2.19124    ,  0.001      ,  2.19943e-29,  1.14492e-10,  4.42866e-07])
303249  , -78571.2    , array([ 2.19124    ,  0.001      ,  2.19723e-29,  1.14606e-10,  4.42866e-07])
303250  , -78570.7    , array([ 2.19124    ,  0.001      ,  2.19723e-29,  1.14492e-10,  4.43309e-07])
303251  , -78571.2    , array([ 2.19124    ,  0.001      ,  2.19723e-29,  1.14492e-10,  4.42866e-07])
303252  , -78571.2    , array([ 2.19124    ,  0.001      ,  2.19723e-29,  1.14492e-10,  4.42866e-07])
303253  , -78571.2    , array([ 2.19343    ,  0.001      ,  2.19723e-29,  1.14492e-10,  4.42866e-07])
303254  , -78571.8    , array([ 2.19124    ,  0.001001   ,  2.19723e-29,  1.14492e-10,  4.42866e-07])
303255  , -78571.2    , array([ 2.19124    ,  0.001      ,  2.19943e-29,  1.14492e-10,  4.42866e-07])
303256  , -78571.2    , array([ 2.19124    ,  0.001      ,  2.19723e-29,  1.14606e-10,  4.42866e-07])
303257  , -78570.7    , array([ 2.19124    ,  0.001      ,  2.19723e-29,  1.14492e-10,  4.43309e-07])
303258  , -79088.3    , array([ 2.25792    ,  0.0208038  ,  2.19723e-29,  1.14492e-10,  2.05668e-08])
303259  , -79088.3    , array([ 2.25792    ,  0.0208038  ,  2.19723e-29,  1.14492e-10,  2.05668e-08])
303260  , -79088.3    , array([ 2.26018    ,  0.0208038  ,  2.19723e-29,  1.14492e-10,  2.05668e-08])
303261  , -79088.3    , array([ 2.25792    ,  0.0208246  ,  2.19723e-29,  1.14492e-10,  2.05668e-08])
303262  , -79088.3    , array([ 2.25792    ,  0.0208038  ,  2.19943e-29,  1.14492e-10,  2.05668e-08])
303263  , -79088.3    , array([ 2.25792    ,  0.0208038  ,  2.19723e-29,  1.14606e-10,  2.05668e-08])
303264  , -79088.3    , array([ 2.25792    ,  0.0208038  ,  2.19723e-29,  1.14492e-10,  2.05873e-08])
303265  , -79086.5    , array([ 2.24768    ,  0.0131313  ,  2.19723e-29,  1.14492e-10,  3.27545e-08])
303266  , -79086.5    , array([ 2.24768    ,  0.0131313  ,  2.19723e-29,  1.14492e-10,  3.27545e-08])
303267  , -79086.5    , array([ 2.24993    ,  0.0131313  ,  2.19723e-29,  1.14492e-10,  3.27545e-08])
303268  , -79086.5    , array([ 2.24768    ,  0.0131444  ,  2.19723e-29,  1.14492e-10,  3.27545e-08])
303269  , -79086.5    , array([ 2.24768    ,  0.0131313  ,  2.19943e-29,  1.14492e-10,  3.27545e-08])
303270  , -79086.5    , array([ 2.24768    ,  0.0131313  ,  2.19723e-29,  1.14606e-10,  3.27545e-08])
303271  , -79086.5    , array([ 2.24768    ,  0.0131313  ,  2.19723e-29,  1.14492e-10,  3.27872e-08])
303272  , -79070.8    , array([ 2.22735    ,  0.00523161 ,  2.19723e-29,  1.14492e-10,  8.30767e-08])
303273  , -79070.8    , array([ 2.22735    ,  0.00523161 ,  2.19723e-29,  1.14492e-10,  8.30767e-08])
303274  , -79070.8    , array([ 2.22958    ,  0.00523161 ,  2.19723e-29,  1.14492e-10,  8.30767e-08])
303275  , -79070.8    , array([ 2.22735    ,  0.00523684 ,  2.19723e-29,  1.14492e-10,  8.30767e-08])
303276  , -79070.8    , array([ 2.22735    ,  0.00523161 ,  2.19943e-29,  1.14492e-10,  8.30767e-08])
303277  , -79070.8    , array([ 2.22735    ,  0.00523161 ,  2.19723e-29,  1.14606e-10,  8.30767e-08])
303278  , -79070.7    , array([ 2.22735    ,  0.00523161 ,  2.19723e-29,  1.14492e-10,  8.31598e-08])
303280  , -78970.7    , array([ 2.20719    ,  0.00208432 ,  2.19723e-29,  1.14492e-10,  2.10711e-07])
303281  , -78970.7    , array([ 2.20719    ,  0.00208432 ,  2.19723e-29,  1.14492e-10,  2.10711e-07])
303282  , -78970.7    , array([ 2.2094     ,  0.00208432 ,  2.19723e-29,  1.14492e-10,  2.10711e-07])
303283  , -78970.8    , array([ 2.20719    ,  0.0020864  ,  2.19723e-29,  1.14492e-10,  2.10711e-07])
303284  , -78970.7    , array([ 2.20719    ,  0.00208432 ,  2.19943e-29,  1.14492e-10,  2.10711e-07])
303285  , -78970.7    , array([ 2.20719    ,  0.00208432 ,  2.19723e-29,  1.14606e-10,  2.10711e-07])
303286  , -78970.6    , array([ 2.20719    ,  0.00208432 ,  2.19723e-29,  1.14492e-10,  2.10922e-07])
303287  , -78790.4    , array([ 2.19719    ,  0.00131561 ,  2.19723e-29,  1.14492e-10,  3.35577e-07])
303288  , -78790.4    , array([ 2.19719    ,  0.00131561 ,  2.19723e-29,  1.14492e-10,  3.35577e-07])
303289  , -78790.4    , array([ 2.19938    ,  0.00131561 ,  2.19723e-29,  1.14492e-10,  3.35577e-07])
303290  , -78790.7    , array([ 2.19719    ,  0.00131693 ,  2.19723e-29,  1.14492e-10,  3.35577e-07])
303291  , -78790.4    , array([ 2.19719    ,  0.00131561 ,  2.19943e-29,  1.14492e-10,  3.35577e-07])
303292  , -78790.4    , array([ 2.19719    ,  0.00131561 ,  2.19723e-29,  1.14606e-10,  3.35577e-07])
303293  , -78790.1    , array([ 2.19719    ,  0.00131561 ,  2.19723e-29,  1.14492e-10,  3.35913e-07])
303294  , -78615.2    , array([ 2.1922     ,  0.00104523 ,  2.19723e-29,  1.14492e-10,  4.23491e-07])
303295  , -78615.2    , array([ 2.1922     ,  0.00104523 ,  2.19723e-29,  1.14492e-10,  4.23491e-07])
303296  , -78615.2    , array([ 2.19439    ,  0.00104523 ,  2.19723e-29,  1.14492e-10,  4.23491e-07])
303297  , -78615.6    , array([ 2.1922     ,  0.00104627 ,  2.19723e-29,  1.14492e-10,  4.23491e-07])
303298  , -78615.2    , array([ 2.1922     ,  0.00104523 ,  2.19943e-29,  1.14492e-10,  4.23491e-07])
303299  , -78615.2    , array([ 2.1922     ,  0.00104523 ,  2.19723e-29,  1.14606e-10,  4.23491e-07])
303300  , -78614.7    , array([ 2.1922     ,  0.00104523 ,  2.19723e-29,  1.14492e-10,  4.23915e-07])
303303  , -78587      , array([ 2.19158    ,  0.00101559 ,  2.19723e-29,  1.14492e-10,  4.3599e-07 ])
303304  , -78587      , array([ 2.19158    ,  0.00101559 ,  2.19723e-29,  1.14492e-10,  4.3599e-07 ])
303305  , -78587      , array([ 2.19377    ,  0.00101559 ,  2.19723e-29,  1.14492e-10,  4.3599e-07 ])
303306  , -78587.5    , array([ 2.19158    ,  0.00101661 ,  2.19723e-29,  1.14492e-10,  4.3599e-07 ])
303307  , -78587      , array([ 2.19158    ,  0.00101559 ,  2.19943e-29,  1.14492e-10,  4.3599e-07 ])
303308  , -78587      , array([ 2.19158    ,  0.00101559 ,  2.19723e-29,  1.14606e-10,  4.3599e-07 ])
303309  , -78586.5    , array([ 2.19158    ,  0.00101559 ,  2.19723e-29,  1.14492e-10,  4.36426e-07])
303310  , -78572.4    , array([ 2.19126    ,  0.0010011  ,  2.19723e-29,  1.14492e-10,  4.42376e-07])
303311  , -78572.4    , array([ 2.19126    ,  0.0010011  ,  2.19723e-29,  1.14492e-10,  4.42376e-07])
303312  , -78572.4    , array([ 2.19346    ,  0.0010011  ,  2.19723e-29,  1.14492e-10,  4.42376e-07])
303313  , -78572.9    , array([ 2.19126    ,  0.0010021  ,  2.19723e-29,  1.14492e-10,  4.42376e-07])
303314  , -78572.4    , array([ 2.19126    ,  0.0010011  ,  2.19943e-29,  1.14492e-10,  4.42376e-07])
303315  , -78572.4    , array([ 2.19126    ,  0.0010011  ,  2.19723e-29,  1.14606e-10,  4.42376e-07])
303316  , -78571.9    , array([ 2.19126    ,  0.0010011  ,  2.19723e-29,  1.14492e-10,  4.42819e-07])
303320  , -78571.4    , array([ 2.19125    ,  0.0010002  ,  2.19723e-29,  1.14492e-10,  4.42779e-07])
303321  , -78571.4    , array([ 2.19125    ,  0.0010002  ,  2.19723e-29,  1.14492e-10,  4.42779e-07])
303322  , -78571.4    , array([ 2.19344    ,  0.0010002  ,  2.19723e-29,  1.14492e-10,  4.42779e-07])
303323  , -78572      , array([ 2.19125    ,  0.0010012  ,  2.19723e-29,  1.14492e-10,  4.42779e-07])
303324  , -78571.4    , array([ 2.19125    ,  0.0010002  ,  2.19943e-29,  1.14492e-10,  4.42779e-07])
303325  , -78571.4    , array([ 2.19125    ,  0.0010002  ,  2.19723e-29,  1.14606e-10,  4.42779e-07])
303326  , -78570.9    , array([ 2.19125    ,  0.0010002  ,  2.19723e-29,  1.14492e-10,  4.43222e-07])
