13572   , -2336.74    , array([ 0.954696   ,  0.326736   ,  2.84091e-23,  1.65266e-06])
13573   , -2336.74    , array([ 0.955652   ,  0.326736   ,  2.84091e-23,  1.65266e-06])
13574   , -2336.74    , array([ 0.954696   ,  0.327063   ,  2.84091e-23,  1.65266e-06])
13575   , -2336.74    , array([ 0.954696   ,  0.326736   ,  2.84375e-23,  1.65266e-06])
13576   , -2336.74    , array([ 0.954696   ,  0.326736   ,  2.84091e-23,  1.65431e-06])
13577   , -2336.74    , array([ 0.954696   ,  0.326736   ,  2.84091e-23,  1.65266e-06])
13578   , -2336.72    , array([ 0.954696   ,  0.296495   ,  2.84091e-23,  1.76445e-06])
13579   , -2336.72    , array([ 0.954696   ,  0.296495   ,  2.84091e-23,  1.76445e-06])
13580   , -2336.72    , array([ 0.955652   ,  0.296495   ,  2.84091e-23,  1.76445e-06])
13581   , -2336.72    , array([ 0.954696   ,  0.296791   ,  2.84091e-23,  1.76445e-06])
13582   , -2336.72    , array([ 0.954696   ,  0.296495   ,  2.84375e-23,  1.76445e-06])
13583   , -2336.72    , array([ 0.954696   ,  0.296495   ,  2.84091e-23,  1.76622e-06])
13584   , -2336.63    , array([ 0.954696   ,  0.201047   ,  2.84091e-23,  2.29254e-06])
13585   , -2336.63    , array([ 0.954696   ,  0.201047   ,  2.84091e-23,  2.29254e-06])
13586   , -2336.63    , array([ 0.955652   ,  0.201047   ,  2.84091e-23,  2.29254e-06])
13587   , -2336.63    , array([ 0.954696   ,  0.201248   ,  2.84091e-23,  2.29254e-06])
13588   , -2336.63    , array([ 0.954696   ,  0.201047   ,  2.84375e-23,  2.29254e-06])
13589   , -2336.63    , array([ 0.954696   ,  0.201047   ,  2.84091e-23,  2.29483e-06])
13590   , -2333.98    , array([ 0.954696   ,  0.0425026  ,  2.84091e-23,  6.53348e-06])
13591   , -2333.98    , array([ 0.954696   ,  0.0425026  ,  2.84091e-23,  6.53348e-06])
13592   , -2333.98    , array([ 0.955652   ,  0.0425026  ,  2.84091e-23,  6.53348e-06])
13593   , -2333.99    , array([ 0.954696   ,  0.0425451  ,  2.84091e-23,  6.53348e-06])
13594   , -2333.98    , array([ 0.954696   ,  0.0425026  ,  2.84375e-23,  6.53348e-06])
13595   , -2333.98    , array([ 0.954696   ,  0.0425026  ,  2.84091e-23,  6.54001e-06])
13602   , -2333.98    , array([ 0.954696   ,  0.0425025  ,  2.84091e-23,  6.53348e-06])
13603   , -2333.98    , array([ 0.954696   ,  0.0425025  ,  2.84091e-23,  6.53348e-06])
13604   , -2333.98    , array([ 0.955652   ,  0.0425025  ,  2.84091e-23,  6.53348e-06])
13605   , -2333.99    , array([ 0.954696   ,  0.0425451  ,  2.84091e-23,  6.53348e-06])
13606   , -2333.98    , array([ 0.954696   ,  0.0425025  ,  2.84375e-23,  6.53348e-06])
13607   , -2333.98    , array([ 0.954696   ,  0.0425025  ,  2.84091e-23,  6.54002e-06])
13608   , -2333.98    , array([ 0.954696   ,  0.0425025  ,  2.84091e-23,  6.53348e-06])
13609   , -2333.98    , array([ 0.954696   ,  0.0425025  ,  2.84091e-23,  6.53348e-06])
13610   , -2333.98    , array([ 0.955652   ,  0.0425025  ,  2.84091e-23,  6.53348e-06])
13611   , -2333.99    , array([ 0.954696   ,  0.042545   ,  2.84091e-23,  6.53348e-06])
13612   , -2333.98    , array([ 0.954696   ,  0.0425025  ,  2.84375e-23,  6.53348e-06])
13613   , -2333.98    , array([ 0.954696   ,  0.0425025  ,  2.84091e-23,  6.54002e-06])
13614   , -1974.56    , array([ 0.954696   ,  0.00189955 ,  2.84091e-23,  5.3064e-05 ])
13615   , -1974.56    , array([ 0.954696   ,  0.00189955 ,  2.84091e-23,  5.3064e-05 ])
13616   , -1974.56    , array([ 0.955652   ,  0.00189955 ,  2.84091e-23,  5.3064e-05 ])
13617   , -1974.79    , array([ 0.954696   ,  0.00190145 ,  2.84091e-23,  5.3064e-05 ])
13618   , -1974.56    , array([ 0.954696   ,  0.00189955 ,  2.84375e-23,  5.3064e-05 ])
13619   , -1974.33    , array([ 0.954696   ,  0.00189955 ,  2.84091e-23,  5.31171e-05])
13620   , -1974.56    , array([ 0.954696   ,  0.00189954 ,  2.84091e-23,  5.30643e-05])
13621   , -1974.56    , array([ 0.954696   ,  0.00189954 ,  2.84091e-23,  5.30643e-05])
13622   , -1974.56    , array([ 0.955652   ,  0.00189954 ,  2.84091e-23,  5.30643e-05])
13623   , -1974.79    , array([ 0.954696   ,  0.00190144 ,  2.84091e-23,  5.30643e-05])
13624   , -1974.56    , array([ 0.954696   ,  0.00189954 ,  2.84375e-23,  5.30643e-05])
13625   , -1974.32    , array([ 0.954696   ,  0.00189954 ,  2.84091e-23,  5.31174e-05])
13626   , -1974.55    , array([ 0.954696   ,  0.00189953 ,  2.84091e-23,  5.30645e-05])
13627   , -1974.55    , array([ 0.954696   ,  0.00189953 ,  2.84091e-23,  5.30645e-05])
13628   , -1974.55    , array([ 0.955652   ,  0.00189953 ,  2.84091e-23,  5.30645e-05])
13629   , -1974.78    , array([ 0.954696   ,  0.00190143 ,  2.84091e-23,  5.30645e-05])
13630   , -1974.55    , array([ 0.954696   ,  0.00189953 ,  2.84375e-23,  5.30645e-05])
13631   , -1974.32    , array([ 0.954696   ,  0.00189953 ,  2.84091e-23,  5.31176e-05])
13638   , -1974.55    , array([ 0.954696   ,  0.00189953 ,  2.84091e-23,  5.30645e-05])
13639   , -1974.55    , array([ 0.954696   ,  0.00189953 ,  2.84091e-23,  5.30645e-05])
13640   , -1974.55    , array([ 0.955652   ,  0.00189953 ,  2.84091e-23,  5.30645e-05])
13641   , -1974.78    , array([ 0.954696   ,  0.00190143 ,  2.84091e-23,  5.30645e-05])
13642   , -1974.55    , array([ 0.954696   ,  0.00189953 ,  2.84375e-23,  5.30645e-05])
13643   , -1974.32    , array([ 0.954696   ,  0.00189953 ,  2.84091e-23,  5.31176e-05])
13644   , -1974.55    , array([ 0.954696   ,  0.00189952 ,  2.84091e-23,  5.30646e-05])
13645   , -1974.55    , array([ 0.954696   ,  0.00189952 ,  2.84091e-23,  5.30646e-05])
13646   , -1974.55    , array([ 0.955652   ,  0.00189952 ,  2.84091e-23,  5.30646e-05])
13647   , -1974.78    , array([ 0.954696   ,  0.00190143 ,  2.84091e-23,  5.30646e-05])
13648   , -1974.55    , array([ 0.954696   ,  0.00189952 ,  2.84375e-23,  5.30646e-05])
13649   , -1974.32    , array([ 0.954696   ,  0.00189952 ,  2.84091e-23,  5.31177e-05])
13656   , -1974.55    , array([ 0.954696   ,  0.00189952 ,  2.84091e-23,  5.30646e-05])
13657   , -1974.55    , array([ 0.954696   ,  0.00189952 ,  2.84091e-23,  5.30646e-05])
13658   , -1974.55    , array([ 0.955652   ,  0.00189952 ,  2.84091e-23,  5.30646e-05])
13659   , -1974.78    , array([ 0.954696   ,  0.00190142 ,  2.84091e-23,  5.30646e-05])
13660   , -1974.55    , array([ 0.954696   ,  0.00189952 ,  2.84375e-23,  5.30646e-05])
13661   , -1974.32    , array([ 0.954696   ,  0.00189952 ,  2.84091e-23,  5.31177e-05])
13662   , -1974.55    , array([ 0.954696   ,  0.00189952 ,  2.84091e-23,  5.30646e-05])
13663   , -1974.55    , array([ 0.954696   ,  0.00189952 ,  2.84091e-23,  5.30646e-05])
13664   , -1974.55    , array([ 0.955652   ,  0.00189952 ,  2.84091e-23,  5.30646e-05])
13665   , -1974.78    , array([ 0.954696   ,  0.00190142 ,  2.84091e-23,  5.30646e-05])
13666   , -1974.55    , array([ 0.954696   ,  0.00189952 ,  2.84375e-23,  5.30646e-05])
13667   , -1974.32    , array([ 0.954696   ,  0.00189952 ,  2.84091e-23,  5.31177e-05])
13668   , -1834.71    , array([ 0.954696   ,  0.00128803 ,  2.84091e-23,  6.89464e-05])
13669   , -1834.71    , array([ 0.954696   ,  0.00128803 ,  2.84091e-23,  6.89464e-05])
13670   , -1834.71    , array([ 0.955652   ,  0.00128803 ,  2.84091e-23,  6.89464e-05])
13671   , -1834.88    , array([ 0.954696   ,  0.00128932 ,  2.84091e-23,  6.89464e-05])
13672   , -1834.71    , array([ 0.954696   ,  0.00128803 ,  2.84375e-23,  6.89464e-05])
13673   , -1834.55    , array([ 0.954696   ,  0.00128803 ,  2.84091e-23,  6.90153e-05])
13680   , -1834.71    , array([ 0.954696   ,  0.00128803 ,  2.84091e-23,  6.89464e-05])
13681   , -1834.71    , array([ 0.954696   ,  0.00128803 ,  2.84091e-23,  6.89464e-05])
13682   , -1834.71    , array([ 0.955652   ,  0.00128803 ,  2.84091e-23,  6.89464e-05])
13683   , -1834.88    , array([ 0.954696   ,  0.00128932 ,  2.84091e-23,  6.89464e-05])
13684   , -1834.71    , array([ 0.954696   ,  0.00128803 ,  2.84375e-23,  6.89464e-05])
13685   , -1834.55    , array([ 0.954696   ,  0.00128803 ,  2.84091e-23,  6.90153e-05])
13686   , -1800.99    , array([ 0.954696   ,  0.00108751 ,  2.84091e-23,  7.72755e-05])
13687   , -1800.99    , array([ 0.954696   ,  0.00108751 ,  2.84091e-23,  7.72755e-05])
13688   , -1800.99    , array([ 0.955652   ,  0.00108751 ,  2.84091e-23,  7.72755e-05])
13689   , -1801.05    , array([ 0.954696   ,  0.00108859 ,  2.84091e-23,  7.72755e-05])
13690   , -1800.99    , array([ 0.954696   ,  0.00108751 ,  2.84375e-23,  7.72755e-05])
13691   , -1800.93    , array([ 0.954696   ,  0.00108751 ,  2.84091e-23,  7.73528e-05])
13692   , -1797.81    , array([ 0.954696   ,  0.0010267  ,  2.84091e-23,  8.03308e-05])
13693   , -1797.81    , array([ 0.954696   ,  0.0010267  ,  2.84091e-23,  8.03308e-05])
13694   , -1797.81    , array([ 0.955652   ,  0.0010267  ,  2.84091e-23,  8.03308e-05])
13695   , -1797.81    , array([ 0.954696   ,  0.00102773 ,  2.84091e-23,  8.03308e-05])
13696   , -1797.81    , array([ 0.954696   ,  0.0010267  ,  2.84375e-23,  8.03308e-05])
13697   , -1797.8     , array([ 0.954696   ,  0.0010267  ,  2.84091e-23,  8.04112e-05])
13698   , -1797.78    , array([ 0.954696   ,  0.00102126 ,  2.84091e-23,  8.06191e-05])
13699   , -1797.78    , array([ 0.954696   ,  0.00102126 ,  2.84091e-23,  8.06191e-05])
13700   , -1797.78    , array([ 0.955652   ,  0.00102126 ,  2.84091e-23,  8.06191e-05])
13701   , -1797.78    , array([ 0.954696   ,  0.00102228 ,  2.84091e-23,  8.06191e-05])
13702   , -1797.78    , array([ 0.954696   ,  0.00102126 ,  2.84375e-23,  8.06191e-05])
13703   , -1797.78    , array([ 0.954696   ,  0.00102126 ,  2.84091e-23,  8.06998e-05])
13704   , -2261.37    , array([ 0.954696   ,  0.00655807 ,  2.84091e-23,  2.76151e-05])
13705   , -2261.37    , array([ 0.954696   ,  0.00655807 ,  2.84091e-23,  2.76151e-05])
13706   , -2261.37    , array([ 0.955652   ,  0.00655807 ,  2.84091e-23,  2.76151e-05])
13707   , -2261.44    , array([ 0.954696   ,  0.00656463 ,  2.84091e-23,  2.76151e-05])
13708   , -2261.37    , array([ 0.954696   ,  0.00655807 ,  2.84375e-23,  2.76151e-05])
13709   , -2261.3     , array([ 0.954696   ,  0.00655807 ,  2.84091e-23,  2.76427e-05])
13710   , -1797.78    , array([ 0.954696   ,  0.00102139 ,  2.84091e-23,  8.06132e-05])
13711   , -1797.78    , array([ 0.954696   ,  0.00102139 ,  2.84091e-23,  8.06132e-05])
13712   , -1797.78    , array([ 0.955652   ,  0.00102139 ,  2.84091e-23,  8.06132e-05])
13713   , -1797.78    , array([ 0.954696   ,  0.00102241 ,  2.84091e-23,  8.06132e-05])
13714   , -1797.78    , array([ 0.954696   ,  0.00102139 ,  2.84375e-23,  8.06132e-05])
13715   , -1797.78    , array([ 0.954696   ,  0.00102139 ,  2.84091e-23,  8.06939e-05])
13716   , -1797.78    , array([ 0.954696   ,  0.00102131 ,  2.84091e-23,  8.06165e-05])
13717   , -1797.78    , array([ 0.954696   ,  0.00102131 ,  2.84091e-23,  8.06165e-05])
13718   , -1797.78    , array([ 0.955652   ,  0.00102131 ,  2.84091e-23,  8.06165e-05])
13719   , -1797.78    , array([ 0.954696   ,  0.00102234 ,  2.84091e-23,  8.06165e-05])
13720   , -1797.78    , array([ 0.954696   ,  0.00102131 ,  2.84375e-23,  8.06165e-05])
13721   , -1797.78    , array([ 0.954696   ,  0.00102131 ,  2.84091e-23,  8.06972e-05])
13722   , -1797.78    , array([ 0.954696   ,  0.00102138 ,  2.84091e-23,  8.06214e-05])
13723   , -1797.78    , array([ 0.954696   ,  0.00102138 ,  2.84091e-23,  8.06214e-05])
13724   , -1797.78    , array([ 0.955652   ,  0.00102138 ,  2.84091e-23,  8.06214e-05])
13725   , -1797.78    , array([ 0.954696   ,  0.0010224  ,  2.84091e-23,  8.06214e-05])
13726   , -1797.78    , array([ 0.954696   ,  0.00102138 ,  2.84375e-23,  8.06214e-05])
13727   , -1797.78    , array([ 0.954696   ,  0.00102138 ,  2.84091e-23,  8.0702e-05 ])
13728   , -1797.78    , array([ 0.954696   ,  0.00102162 ,  2.84091e-23,  8.06409e-05])
13729   , -1797.78    , array([ 0.954696   ,  0.00102162 ,  2.84091e-23,  8.06409e-05])
13730   , -1797.78    , array([ 0.955652   ,  0.00102162 ,  2.84091e-23,  8.06409e-05])
13731   , -1797.78    , array([ 0.954696   ,  0.00102264 ,  2.84091e-23,  8.06409e-05])
13732   , -1797.78    , array([ 0.954696   ,  0.00102162 ,  2.84375e-23,  8.06409e-05])
13733   , -1797.78    , array([ 0.954696   ,  0.00102162 ,  2.84091e-23,  8.07215e-05])
13734   , -1797.78    , array([ 0.954696   ,  0.00102261 ,  2.84091e-23,  8.07189e-05])
13735   , -1797.78    , array([ 0.954696   ,  0.00102261 ,  2.84091e-23,  8.07189e-05])
13736   , -1797.78    , array([ 0.955652   ,  0.00102261 ,  2.84091e-23,  8.07189e-05])
13737   , -1797.78    , array([ 0.954696   ,  0.00102363 ,  2.84091e-23,  8.07189e-05])
13738   , -1797.78    , array([ 0.954696   ,  0.00102261 ,  2.84375e-23,  8.07189e-05])
13739   , -1797.78    , array([ 0.954696   ,  0.00102261 ,  2.84091e-23,  8.07996e-05])
13740   , -1797.78    , array([ 0.954696   ,  0.00102656 ,  2.84091e-23,  8.10316e-05])
13741   , -1797.78    , array([ 0.954696   ,  0.00102656 ,  2.84091e-23,  8.10316e-05])
13742   , -1797.78    , array([ 0.955652   ,  0.00102656 ,  2.84091e-23,  8.10316e-05])
13743   , -1797.78    , array([ 0.954696   ,  0.00102759 ,  2.84091e-23,  8.10316e-05])
13744   , -1797.78    , array([ 0.954696   ,  0.00102656 ,  2.84375e-23,  8.10316e-05])
13745   , -1797.78    , array([ 0.954696   ,  0.00102656 ,  2.84091e-23,  8.11127e-05])
13746   , -1797.76    , array([ 0.954696   ,  0.00104254 ,  2.84091e-23,  8.22947e-05])
13747   , -1797.76    , array([ 0.954696   ,  0.00104254 ,  2.84091e-23,  8.22947e-05])
13748   , -1797.76    , array([ 0.955652   ,  0.00104254 ,  2.84091e-23,  8.22947e-05])
13749   , -1797.76    , array([ 0.954696   ,  0.00104358 ,  2.84091e-23,  8.22947e-05])
13750   , -1797.76    , array([ 0.954696   ,  0.00104254 ,  2.84375e-23,  8.22947e-05])
13751   , -1797.76    , array([ 0.954696   ,  0.00104254 ,  2.84091e-23,  8.23771e-05])
13752   , -1797.7     , array([ 0.954696   ,  0.00110897 ,  2.84091e-23,  8.75473e-05])
13753   , -1797.7     , array([ 0.954696   ,  0.00110897 ,  2.84091e-23,  8.75473e-05])
13754   , -1797.7     , array([ 0.955652   ,  0.00110897 ,  2.84091e-23,  8.75473e-05])
13755   , -1797.7     , array([ 0.954696   ,  0.00111008 ,  2.84091e-23,  8.75473e-05])
13756   , -1797.7     , array([ 0.954696   ,  0.00110897 ,  2.84375e-23,  8.75473e-05])
13757   , -1797.7     , array([ 0.954696   ,  0.00110897 ,  2.84091e-23,  8.76349e-05])
13758   , -1797.41    , array([ 0.954696   ,  0.0014198  ,  2.84091e-23,  0.000112131])
13759   , -1797.41    , array([ 0.954696   ,  0.0014198  ,  2.84091e-23,  0.000112131])
13760   , -1797.41    , array([ 0.955652   ,  0.0014198  ,  2.84091e-23,  0.000112131])
13761   , -1797.41    , array([ 0.954696   ,  0.00142123 ,  2.84091e-23,  0.000112131])
13762   , -1797.41    , array([ 0.954696   ,  0.0014198  ,  2.84375e-23,  0.000112131])
13763   , -1797.41    , array([ 0.954696   ,  0.0014198  ,  2.84091e-23,  0.000112243])
13764   , -1795.19    , array([ 0.954696   ,  0.00381473 ,  2.84091e-23,  0.000301756])
13765   , -1795.19    , array([ 0.954696   ,  0.00381473 ,  2.84091e-23,  0.000301756])
13766   , -1795.19    , array([ 0.955652   ,  0.00381473 ,  2.84091e-23,  0.000301756])
13767   , -1795.19    , array([ 0.954696   ,  0.00381855 ,  2.84091e-23,  0.000301756])
13768   , -1795.19    , array([ 0.954696   ,  0.00381473 ,  2.84375e-23,  0.000301756])
13769   , -1795.19    , array([ 0.954696   ,  0.00381473 ,  2.84091e-23,  0.000302057])
13770   , -1696.35    , array([ 0.954696   ,  0.198794   ,  2.84091e-23,  0.0158262  ])
13771   , -1696.35    , array([ 0.954696   ,  0.198794   ,  2.84091e-23,  0.0158262  ])
13772   , -1696.35    , array([ 0.955652   ,  0.198794   ,  2.84091e-23,  0.0158262  ])
13773   , -1696.67    , array([ 0.954696   ,  0.198993   ,  2.84091e-23,  0.0158262  ])
13774   , -1696.35    , array([ 0.954696   ,  0.198794   ,  2.84375e-23,  0.0158262  ])
13775   , -1696       , array([ 0.954696   ,  0.198794   ,  2.84091e-23,  0.015842   ])
13782   , -1696.35    , array([ 0.954696   ,  0.198796   ,  2.84091e-23,  0.0158263  ])
13783   , -1696.35    , array([ 0.954696   ,  0.198796   ,  2.84091e-23,  0.0158263  ])
13784   , -1696.35    , array([ 0.955652   ,  0.198796   ,  2.84091e-23,  0.0158263  ])
13785   , -1696.67    , array([ 0.954696   ,  0.198995   ,  2.84091e-23,  0.0158263  ])
13786   , -1696.35    , array([ 0.954696   ,  0.198796   ,  2.84375e-23,  0.0158263  ])
13787   , -1696       , array([ 0.954696   ,  0.198796   ,  2.84091e-23,  0.0158422  ])
13788   , -1696.35    , array([ 0.954696   ,  0.198805   ,  2.84091e-23,  0.015827   ])
13789   , -1696.35    , array([ 0.954696   ,  0.198805   ,  2.84091e-23,  0.015827   ])
13790   , -1696.35    , array([ 0.955652   ,  0.198805   ,  2.84091e-23,  0.015827   ])
13791   , -1696.67    , array([ 0.954696   ,  0.199003   ,  2.84091e-23,  0.015827   ])
13792   , -1696.35    , array([ 0.954696   ,  0.198805   ,  2.84375e-23,  0.015827   ])
13793   , -1696       , array([ 0.954696   ,  0.198805   ,  2.84091e-23,  0.0158428  ])
13800   , -1696.35    , array([ 0.954696   ,  0.198805   ,  2.84091e-23,  0.015827   ])
13801   , -1696.35    , array([ 0.954696   ,  0.198805   ,  2.84091e-23,  0.015827   ])
13802   , -1696.35    , array([ 0.955652   ,  0.198805   ,  2.84091e-23,  0.015827   ])
13803   , -1696.67    , array([ 0.954696   ,  0.199004   ,  2.84091e-23,  0.015827   ])
13804   , -1696.35    , array([ 0.954696   ,  0.198805   ,  2.84375e-23,  0.015827   ])
13805   , -1696       , array([ 0.954696   ,  0.198805   ,  2.84091e-23,  0.0158429  ])
13806   , -1696.35    , array([ 0.954696   ,  0.198807   ,  2.84091e-23,  0.0158272  ])
13807   , -1696.35    , array([ 0.954696   ,  0.198807   ,  2.84091e-23,  0.0158272  ])
13808   , -1696.35    , array([ 0.955652   ,  0.198807   ,  2.84091e-23,  0.0158272  ])
13809   , -1696.67    , array([ 0.954696   ,  0.199006   ,  2.84091e-23,  0.0158272  ])
13810   , -1696.35    , array([ 0.954696   ,  0.198807   ,  2.84375e-23,  0.0158272  ])
13811   , -1696       , array([ 0.954696   ,  0.198807   ,  2.84091e-23,  0.015843   ])
13812   , -18331.5    , array([ 0.954696   ,  10.3601    ,  2.84091e-23,  0.830072   ])
13813   , -18331.5    , array([ 0.954696   ,  10.3601    ,  2.84091e-23,  0.830072   ])
13814   , -18331.5    , array([ 0.955652   ,  10.3601    ,  2.84091e-23,  0.830072   ])
13815   , -18338.3    , array([ 0.954696   ,  10.3705    ,  2.84091e-23,  0.830072   ])
13816   , -18331.5    , array([ 0.954696   ,  10.3601    ,  2.84375e-23,  0.830072   ])
13817   , -18338.6    , array([ 0.954696   ,  10.3601    ,  2.84091e-23,  0.830902   ])
13818   , -1695.73    , array([ 0.954696   ,  0.27106    ,  2.84091e-23,  0.0215901  ])
13819   , -1695.73    , array([ 0.954696   ,  0.27106    ,  2.84091e-23,  0.0215901  ])
13820   , -1695.73    , array([ 0.955652   ,  0.27106    ,  2.84091e-23,  0.0215901  ])
13821   , -1696.16    , array([ 0.954696   ,  0.271331   ,  2.84091e-23,  0.0215901  ])
13822   , -1695.73    , array([ 0.954696   ,  0.27106    ,  2.84375e-23,  0.0215901  ])
13823   , -1695.32    , array([ 0.954696   ,  0.27106    ,  2.84091e-23,  0.0216117  ])
13824   , -1694       , array([ 0.954696   ,  0.229745   ,  2.84091e-23,  0.0182945  ])
13825   , -1694       , array([ 0.954696   ,  0.229745   ,  2.84091e-23,  0.0182945  ])
13826   , -1694       , array([ 0.955652   ,  0.229745   ,  2.84091e-23,  0.0182945  ])
13827   , -1694.37    , array([ 0.954696   ,  0.229975   ,  2.84091e-23,  0.0182945  ])
13828   , -1694       , array([ 0.954696   ,  0.229745   ,  2.84375e-23,  0.0182945  ])
13829   , -1693.63    , array([ 0.954696   ,  0.229745   ,  2.84091e-23,  0.0183128  ])
13830   , -1693.91    , array([ 0.954696   ,  0.237225   ,  2.84091e-23,  0.018891   ])
13831   , -1693.91    , array([ 0.954696   ,  0.237225   ,  2.84091e-23,  0.018891   ])
13832   , -1693.91    , array([ 0.955652   ,  0.237225   ,  2.84091e-23,  0.018891   ])
13833   , -1694.29    , array([ 0.954696   ,  0.237462   ,  2.84091e-23,  0.018891   ])
13834   , -1693.91    , array([ 0.954696   ,  0.237225   ,  2.84375e-23,  0.018891   ])
13835   , -1693.53    , array([ 0.954696   ,  0.237225   ,  2.84091e-23,  0.0189099  ])
13842   , -1693.91    , array([ 0.954696   ,  0.237236   ,  2.84091e-23,  0.018892   ])
13843   , -1693.91    , array([ 0.954696   ,  0.237236   ,  2.84091e-23,  0.018892   ])
13844   , -1693.91    , array([ 0.955652   ,  0.237236   ,  2.84091e-23,  0.018892   ])
13845   , -1694.29    , array([ 0.954696   ,  0.237474   ,  2.84091e-23,  0.018892   ])
13846   , -1693.91    , array([ 0.954696   ,  0.237236   ,  2.84375e-23,  0.018892   ])
13847   , -1693.53    , array([ 0.954696   ,  0.237236   ,  2.84091e-23,  0.0189109  ])
13848   , -1693.91    , array([ 0.954696   ,  0.237239   ,  2.84091e-23,  0.0188922  ])
13849   , -1693.91    , array([ 0.954696   ,  0.237239   ,  2.84091e-23,  0.0188922  ])
13850   , -1693.91    , array([ 0.955652   ,  0.237239   ,  2.84091e-23,  0.0188922  ])
13851   , -1694.29    , array([ 0.954696   ,  0.237476   ,  2.84091e-23,  0.0188922  ])
13852   , -1693.91    , array([ 0.954696   ,  0.237239   ,  2.84375e-23,  0.0188922  ])
13853   , -1693.53    , array([ 0.954696   ,  0.237239   ,  2.84091e-23,  0.0189111  ])
13860   , -1693.91    , array([ 0.954696   ,  0.237242   ,  2.84091e-23,  0.0188924  ])
13861   , -1693.91    , array([ 0.954696   ,  0.237242   ,  2.84091e-23,  0.0188924  ])
13862   , -1693.91    , array([ 0.955652   ,  0.237242   ,  2.84091e-23,  0.0188924  ])
13863   , -1694.29    , array([ 0.954696   ,  0.237479   ,  2.84091e-23,  0.0188924  ])
13864   , -1693.91    , array([ 0.954696   ,  0.237242   ,  2.84375e-23,  0.0188924  ])
13865   , -1693.53    , array([ 0.954696   ,  0.237242   ,  2.84091e-23,  0.0189113  ])
13866   , -1693.91    , array([ 0.954696   ,  0.237243   ,  2.84091e-23,  0.0188925  ])
13867   , -1693.91    , array([ 0.954696   ,  0.237243   ,  2.84091e-23,  0.0188925  ])
13868   , -1693.91    , array([ 0.955652   ,  0.237243   ,  2.84091e-23,  0.0188925  ])
13869   , -1694.29    , array([ 0.954696   ,  0.23748    ,  2.84091e-23,  0.0188925  ])
13870   , -1693.91    , array([ 0.954696   ,  0.237243   ,  2.84375e-23,  0.0188925  ])
13871   , -1693.53    , array([ 0.954696   ,  0.237243   ,  2.84091e-23,  0.0189114  ])
13878   , -1693.91    , array([ 0.954696   ,  0.237243   ,  2.84091e-23,  0.0188925  ])
13879   , -1693.91    , array([ 0.954696   ,  0.237243   ,  2.84091e-23,  0.0188925  ])
13880   , -1693.91    , array([ 0.955652   ,  0.237243   ,  2.84091e-23,  0.0188925  ])
13881   , -1694.29    , array([ 0.954696   ,  0.237481   ,  2.84091e-23,  0.0188925  ])
13882   , -1693.91    , array([ 0.954696   ,  0.237243   ,  2.84375e-23,  0.0188925  ])
13883   , -1693.53    , array([ 0.954696   ,  0.237243   ,  2.84091e-23,  0.0189114  ])
13884   , -1693.91    , array([ 0.954696   ,  0.237243   ,  2.84091e-23,  0.0188925  ])
13885   , -1693.91    , array([ 0.954696   ,  0.237243   ,  2.84091e-23,  0.0188925  ])
13886   , -1693.91    , array([ 0.955652   ,  0.237243   ,  2.84091e-23,  0.0188925  ])
13887   , -1694.29    , array([ 0.954696   ,  0.237481   ,  2.84091e-23,  0.0188925  ])
13888   , -1693.91    , array([ 0.954696   ,  0.237243   ,  2.84375e-23,  0.0188925  ])
13889   , -1693.53    , array([ 0.954696   ,  0.237243   ,  2.84091e-23,  0.0189114  ])
13896   , -1693.91    , array([ 0.954696   ,  0.237244   ,  2.84091e-23,  0.0188926  ])
13897   , -1693.91    , array([ 0.954696   ,  0.237244   ,  2.84091e-23,  0.0188926  ])
13898   , -1693.91    , array([ 0.955652   ,  0.237244   ,  2.84091e-23,  0.0188926  ])
13899   , -1694.29    , array([ 0.954696   ,  0.237481   ,  2.84091e-23,  0.0188926  ])
13900   , -1693.91    , array([ 0.954696   ,  0.237244   ,  2.84375e-23,  0.0188926  ])
13901   , -1693.53    , array([ 0.954696   ,  0.237244   ,  2.84091e-23,  0.0189115  ])
13902   , -1693.91    , array([ 0.954696   ,  0.237244   ,  2.84091e-23,  0.0188926  ])
13903   , -1693.91    , array([ 0.954696   ,  0.237244   ,  2.84091e-23,  0.0188926  ])
13904   , -1693.91    , array([ 0.955652   ,  0.237244   ,  2.84091e-23,  0.0188926  ])
13905   , -1694.29    , array([ 0.954696   ,  0.237481   ,  2.84091e-23,  0.0188926  ])
13906   , -1693.91    , array([ 0.954696   ,  0.237244   ,  2.84375e-23,  0.0188926  ])
13907   , -1693.53    , array([ 0.954696   ,  0.237244   ,  2.84091e-23,  0.0189115  ])
13914   , -1693.91    , array([ 0.954696   ,  0.237244   ,  2.84091e-23,  0.0188926  ])
13915   , -1693.91    , array([ 0.954696   ,  0.237244   ,  2.84091e-23,  0.0188926  ])
13916   , -1693.91    , array([ 0.955652   ,  0.237244   ,  2.84091e-23,  0.0188926  ])
13917   , -1694.29    , array([ 0.954696   ,  0.237481   ,  2.84091e-23,  0.0188926  ])
13918   , -1693.91    , array([ 0.954696   ,  0.237244   ,  2.84375e-23,  0.0188926  ])
13919   , -1693.53    , array([ 0.954696   ,  0.237244   ,  2.84091e-23,  0.0189115  ])
13920   , -1693.91    , array([ 0.954696   ,  0.237244   ,  2.84091e-23,  0.0188926  ])
13921   , -1693.91    , array([ 0.954696   ,  0.237244   ,  2.84091e-23,  0.0188926  ])
13922   , -1693.91    , array([ 0.955652   ,  0.237244   ,  2.84091e-23,  0.0188926  ])
13923   , -1694.29    , array([ 0.954696   ,  0.237481   ,  2.84091e-23,  0.0188926  ])
13924   , -1693.91    , array([ 0.954696   ,  0.237244   ,  2.84375e-23,  0.0188926  ])
13925   , -1693.53    , array([ 0.954696   ,  0.237244   ,  2.84091e-23,  0.0189115  ])
13932   , -1693.91    , array([ 0.954696   ,  0.237244   ,  2.84091e-23,  0.0188926  ])
13933   , -1693.91    , array([ 0.954696   ,  0.237244   ,  2.84091e-23,  0.0188926  ])
13934   , -1693.91    , array([ 0.955652   ,  0.237244   ,  2.84091e-23,  0.0188926  ])
13935   , -1694.29    , array([ 0.954696   ,  0.237481   ,  2.84091e-23,  0.0188926  ])
13936   , -1693.91    , array([ 0.954696   ,  0.237244   ,  2.84375e-23,  0.0188926  ])
13937   , -1693.53    , array([ 0.954696   ,  0.237244   ,  2.84091e-23,  0.0189115  ])
13938   , -1693.91    , array([ 0.954696   ,  0.237244   ,  2.84091e-23,  0.0188926  ])
13939   , -1693.91    , array([ 0.954696   ,  0.237244   ,  2.84091e-23,  0.0188926  ])
13940   , -1693.91    , array([ 0.955652   ,  0.237244   ,  2.84091e-23,  0.0188926  ])
13941   , -1694.29    , array([ 0.954696   ,  0.237481   ,  2.84091e-23,  0.0188926  ])
13942   , -1693.91    , array([ 0.954696   ,  0.237244   ,  2.84375e-23,  0.0188926  ])
13943   , -1693.53    , array([ 0.954696   ,  0.237244   ,  2.84091e-23,  0.0189115  ])
13944   , -31622      , array([ 0.954696   ,  23.8728    ,  2.84091e-23,  1.92732    ])
13945   , -31622      , array([ 0.954696   ,  23.8728    ,  2.84091e-23,  1.92732    ])
13946   , -31622      , array([ 0.955652   ,  23.8728    ,  2.84091e-23,  1.92732    ])
13947   , -31631.8    , array([ 0.954696   ,  23.8967    ,  2.84091e-23,  1.92732    ])
13948   , -31622      , array([ 0.954696   ,  23.8728    ,  2.84375e-23,  1.92732    ])
13949   , -31629.7    , array([ 0.954696   ,  23.8728    ,  2.84091e-23,  1.92925    ])
13950   , -1693.91    , array([ 0.954696   ,  0.237302   ,  2.84091e-23,  0.0188972  ])
13951   , -1693.91    , array([ 0.954696   ,  0.237302   ,  2.84091e-23,  0.0188972  ])
13952   , -1693.91    , array([ 0.955652   ,  0.237302   ,  2.84091e-23,  0.0188972  ])
13953   , -1694.29    , array([ 0.954696   ,  0.237539   ,  2.84091e-23,  0.0188972  ])
13954   , -1693.91    , array([ 0.954696   ,  0.237302   ,  2.84375e-23,  0.0188972  ])
13955   , -1693.53    , array([ 0.954696   ,  0.237302   ,  2.84091e-23,  0.0189161  ])
13956   , -1693.91    , array([ 0.954696   ,  0.237302   ,  2.84091e-23,  0.0188972  ])
13957   , -1693.91    , array([ 0.954696   ,  0.237302   ,  2.84091e-23,  0.0188972  ])
13958   , -1693.91    , array([ 0.955652   ,  0.237302   ,  2.84091e-23,  0.0188972  ])
13959   , -1694.29    , array([ 0.954696   ,  0.237539   ,  2.84091e-23,  0.0188972  ])
13960   , -1693.91    , array([ 0.954696   ,  0.237302   ,  2.84375e-23,  0.0188972  ])
13961   , -1693.53    , array([ 0.954696   ,  0.237302   ,  2.84091e-23,  0.0189161  ])
13962   , -1693.91    , array([ 0.954696   ,  0.237303   ,  2.84091e-23,  0.0188974  ])
13963   , -1693.91    , array([ 0.954696   ,  0.237303   ,  2.84091e-23,  0.0188974  ])
13964   , -1693.91    , array([ 0.955652   ,  0.237303   ,  2.84091e-23,  0.0188974  ])
13965   , -1694.29    , array([ 0.954696   ,  0.23754    ,  2.84091e-23,  0.0188974  ])
13966   , -1693.91    , array([ 0.954696   ,  0.237303   ,  2.84375e-23,  0.0188974  ])
13967   , -1693.53    , array([ 0.954696   ,  0.237303   ,  2.84091e-23,  0.0189163  ])
13968   , -1693.91    , array([ 0.954696   ,  0.237307   ,  2.84091e-23,  0.0188979  ])
13969   , -1693.91    , array([ 0.954696   ,  0.237307   ,  2.84091e-23,  0.0188979  ])
13970   , -1693.91    , array([ 0.955652   ,  0.237307   ,  2.84091e-23,  0.0188979  ])
13971   , -1694.29    , array([ 0.954696   ,  0.237544   ,  2.84091e-23,  0.0188979  ])
13972   , -1693.91    , array([ 0.954696   ,  0.237307   ,  2.84375e-23,  0.0188979  ])
13973   , -1693.53    , array([ 0.954696   ,  0.237307   ,  2.84091e-23,  0.0189168  ])
13974   , -1693.89    , array([ 0.954696   ,  0.237322   ,  2.84091e-23,  0.0189001  ])
13975   , -1693.89    , array([ 0.954696   ,  0.237322   ,  2.84091e-23,  0.0189001  ])
13976   , -1693.89    , array([ 0.955652   ,  0.237322   ,  2.84091e-23,  0.0189001  ])
13977   , -1694.27    , array([ 0.954696   ,  0.237559   ,  2.84091e-23,  0.0189001  ])
13978   , -1693.89    , array([ 0.954696   ,  0.237322   ,  2.84375e-23,  0.0189001  ])
13979   , -1693.51    , array([ 0.954696   ,  0.237322   ,  2.84091e-23,  0.018919   ])
13980   , -1693.81    , array([ 0.954696   ,  0.237383   ,  2.84091e-23,  0.018909   ])
13981   , -1693.81    , array([ 0.954696   ,  0.237383   ,  2.84091e-23,  0.018909   ])
13982   , -1693.81    , array([ 0.955652   ,  0.237383   ,  2.84091e-23,  0.018909   ])
13983   , -1694.19    , array([ 0.954696   ,  0.237621   ,  2.84091e-23,  0.018909   ])
13984   , -1693.81    , array([ 0.954696   ,  0.237383   ,  2.84375e-23,  0.018909   ])
13985   , -1693.43    , array([ 0.954696   ,  0.237383   ,  2.84091e-23,  0.0189279  ])
13986   , -1693.49    , array([ 0.954696   ,  0.237629   ,  2.84091e-23,  0.0189445  ])
13987   , -1693.49    , array([ 0.954696   ,  0.237629   ,  2.84091e-23,  0.0189445  ])
13988   , -1693.49    , array([ 0.955652   ,  0.237629   ,  2.84091e-23,  0.0189445  ])
13989   , -1693.87    , array([ 0.954696   ,  0.237866   ,  2.84091e-23,  0.0189445  ])
13990   , -1693.49    , array([ 0.954696   ,  0.237629   ,  2.84375e-23,  0.0189445  ])
13991   , -1693.11    , array([ 0.954696   ,  0.237629   ,  2.84091e-23,  0.0189635  ])
13992   , -1692.21    , array([ 0.954696   ,  0.238612   ,  2.84091e-23,  0.0190872  ])
13993   , -1692.21    , array([ 0.954696   ,  0.238612   ,  2.84091e-23,  0.0190872  ])
13994   , -1692.21    , array([ 0.955652   ,  0.238612   ,  2.84091e-23,  0.0190872  ])
13995   , -1692.59    , array([ 0.954696   ,  0.238851   ,  2.84091e-23,  0.0190872  ])
13996   , -1692.21    , array([ 0.954696   ,  0.238612   ,  2.84375e-23,  0.0190872  ])
13997   , -1691.82    , array([ 0.954696   ,  0.238612   ,  2.84091e-23,  0.0191063  ])
13998   , -1687.05    , array([ 0.954696   ,  0.242589   ,  2.84091e-23,  0.0196687  ])
13999   , -1687.05    , array([ 0.954696   ,  0.242589   ,  2.84091e-23,  0.0196687  ])
14000   , -1687.05    , array([ 0.955652   ,  0.242589   ,  2.84091e-23,  0.0196687  ])
14001   , -1687.43    , array([ 0.954696   ,  0.242831   ,  2.84091e-23,  0.0196687  ])
14002   , -1687.05    , array([ 0.954696   ,  0.242589   ,  2.84375e-23,  0.0196687  ])
14003   , -1686.66    , array([ 0.954696   ,  0.242589   ,  2.84091e-23,  0.0196883  ])
14004   , -1665.91    , array([ 0.954696   ,  0.259167   ,  2.84091e-23,  0.0221773  ])
14005   , -1665.91    , array([ 0.954696   ,  0.259167   ,  2.84091e-23,  0.0221773  ])
14006   , -1665.91    , array([ 0.955652   ,  0.259167   ,  2.84091e-23,  0.0221773  ])
14007   , -1666.32    , array([ 0.954696   ,  0.259426   ,  2.84091e-23,  0.0221773  ])
14008   , -1665.91    , array([ 0.954696   ,  0.259167   ,  2.84375e-23,  0.0221773  ])
14009   , -1665.51    , array([ 0.954696   ,  0.259167   ,  2.84091e-23,  0.0221995  ])
14010   , -1576.32    , array([ 0.954696   ,  0.337611   ,  2.84091e-23,  0.0358461  ])
14011   , -1576.32    , array([ 0.954696   ,  0.337611   ,  2.84091e-23,  0.0358461  ])
14012   , -1576.32    , array([ 0.955652   ,  0.337611   ,  2.84091e-23,  0.0358461  ])
14013   , -1576.88    , array([ 0.954696   ,  0.337949   ,  2.84091e-23,  0.0358461  ])
14014   , -1576.32    , array([ 0.954696   ,  0.337611   ,  2.84375e-23,  0.0358461  ])
14015   , -1575.83    , array([ 0.954696   ,  0.337611   ,  2.84091e-23,  0.0358819  ])
14016   , -2252.05    , array([ 0.954696   ,  0.972222   ,  2.84091e-23,  0.244667   ])
14017   , -2252.05    , array([ 0.954696   ,  0.972222   ,  2.84091e-23,  0.244667   ])
14018   , -2252.05    , array([ 0.955652   ,  0.972222   ,  2.84091e-23,  0.244667   ])
14019   , -2255.04    , array([ 0.954696   ,  0.973195   ,  2.84091e-23,  0.244667   ])
14020   , -2252.05    , array([ 0.954696   ,  0.972222   ,  2.84375e-23,  0.244667   ])
14021   , -2252.01    , array([ 0.954696   ,  0.972222   ,  2.84091e-23,  0.244912   ])
14022   , -1494.03    , array([ 0.954696   ,  0.454379   ,  2.84091e-23,  0.0614746  ])
14023   , -1494.03    , array([ 0.954696   ,  0.454379   ,  2.84091e-23,  0.0614746  ])
14024   , -1494.03    , array([ 0.955652   ,  0.454379   ,  2.84091e-23,  0.0614746  ])
14025   , -1494.91    , array([ 0.954696   ,  0.454834   ,  2.84091e-23,  0.0614746  ])
14026   , -1494.03    , array([ 0.954696   ,  0.454379   ,  2.84375e-23,  0.0614746  ])
14027   , -1493.46    , array([ 0.954696   ,  0.454379   ,  2.84091e-23,  0.0615361  ])
14028   , -2240.2     , array([ 0.954696   ,  0.97309    ,  2.84091e-23,  0.399711   ])
14029   , -2240.2     , array([ 0.954696   ,  0.97309    ,  2.84091e-23,  0.399711   ])
14030   , -2240.2     , array([ 0.955652   ,  0.97309    ,  2.84091e-23,  0.399711   ])
14031   , -2243.7     , array([ 0.954696   ,  0.974064   ,  2.84091e-23,  0.399711   ])
14032   , -2240.2     , array([ 0.954696   ,  0.97309    ,  2.84375e-23,  0.399711   ])
14033   , -2240.18    , array([ 0.954696   ,  0.97309    ,  2.84091e-23,  0.400111   ])
14034   , -1424.96    , array([ 0.954696   ,  0.540317   ,  2.84091e-23,  0.0941102  ])
14035   , -1424.96    , array([ 0.954696   ,  0.540317   ,  2.84091e-23,  0.0941102  ])
14036   , -1424.96    , array([ 0.955652   ,  0.540317   ,  2.84091e-23,  0.0941102  ])
14037   , -1426.19    , array([ 0.954696   ,  0.540858   ,  2.84091e-23,  0.0941102  ])
14038   , -1424.96    , array([ 0.954696   ,  0.540317   ,  2.84375e-23,  0.0941102  ])
14039   , -1424.37    , array([ 0.954696   ,  0.540317   ,  2.84091e-23,  0.0942044  ])
14040   , -1286.85    , array([ 0.954696   ,  0.558391   ,  2.84091e-23,  0.127843   ])
14041   , -1286.85    , array([ 0.954696   ,  0.558391   ,  2.84091e-23,  0.127843   ])
14042   , -1286.85    , array([ 0.955652   ,  0.558391   ,  2.84091e-23,  0.127843   ])
14043   , -1288.28    , array([ 0.954696   ,  0.55895    ,  2.84091e-23,  0.127843   ])
14044   , -1286.85    , array([ 0.954696   ,  0.558391   ,  2.84375e-23,  0.127843   ])
14045   , -1286.26    , array([ 0.954696   ,  0.558391   ,  2.84091e-23,  0.127971   ])
14046   , -1075.66    , array([ 0.954696   ,  0.636936   ,  2.84091e-23,  0.435347   ])
14047   , -1075.66    , array([ 0.954696   ,  0.636936   ,  2.84091e-23,  0.435347   ])
14048   , -1075.66    , array([ 0.955652   ,  0.636936   ,  2.84091e-23,  0.435347   ])
14049   , -1077.58    , array([ 0.954696   ,  0.637573   ,  2.84091e-23,  0.435347   ])
14050   , -1075.66    , array([ 0.954696   ,  0.636936   ,  2.84375e-23,  0.435347   ])
14051   , -1075.72    , array([ 0.954696   ,  0.636936   ,  2.84091e-23,  0.435783   ])
14052   , -591.859    , array([ 0.954696   ,  0.442501   ,  2.84091e-23,  0.410861   ])
14053   , -591.859    , array([ 0.954696   ,  0.442501   ,  2.84091e-23,  0.410861   ])
14054   , -591.859    , array([ 0.955652   ,  0.442501   ,  2.84091e-23,  0.410861   ])
14055   , -592.624    , array([ 0.954696   ,  0.442944   ,  2.84091e-23,  0.410861   ])
14056   , -591.859    , array([ 0.954696   ,  0.442501   ,  2.84375e-23,  0.410861   ])
14057   , -592.047    , array([ 0.954696   ,  0.442501   ,  2.84091e-23,  0.411272   ])
14058   , -583.101    , array([ 0.954696   ,  0.319226   ,  2.84091e-23,  0.200817   ])
14059   , -583.101    , array([ 0.954696   ,  0.319226   ,  2.84091e-23,  0.200817   ])
14060   , -583.101    , array([ 0.955652   ,  0.319226   ,  2.84091e-23,  0.200817   ])
14061   , -583.141    , array([ 0.954696   ,  0.319546   ,  2.84091e-23,  0.200817   ])
14062   , -583.101    , array([ 0.954696   ,  0.319226   ,  2.84375e-23,  0.200817   ])
14063   , -582.664    , array([ 0.954696   ,  0.319226   ,  2.84091e-23,  0.201018   ])
14064   , -565.734    , array([ 0.954696   ,  0.319451   ,  2.84091e-23,  0.209114   ])
14065   , -565.734    , array([ 0.954696   ,  0.319451   ,  2.84091e-23,  0.209114   ])
14066   , -565.734    , array([ 0.955652   ,  0.319451   ,  2.84091e-23,  0.209114   ])
14067   , -565.775    , array([ 0.954696   ,  0.319771   ,  2.84091e-23,  0.209114   ])
14068   , -565.734    , array([ 0.954696   ,  0.319451   ,  2.84375e-23,  0.209114   ])
14069   , -565.313    , array([ 0.954696   ,  0.319451   ,  2.84091e-23,  0.209324   ])
14070   , -503.723    , array([ 0.954696   ,  0.320353   ,  2.84091e-23,  0.245877   ])
14071   , -503.723    , array([ 0.954696   ,  0.320353   ,  2.84091e-23,  0.245877   ])
14072   , -503.723    , array([ 0.955652   ,  0.320353   ,  2.84091e-23,  0.245877   ])
14073   , -503.793    , array([ 0.954696   ,  0.320673   ,  2.84091e-23,  0.245877   ])
14074   , -503.723    , array([ 0.954696   ,  0.320353   ,  2.84375e-23,  0.245877   ])
14075   , -503.381    , array([ 0.954696   ,  0.320353   ,  2.84091e-23,  0.246123   ])
14076   , -433.023    , array([ 0.954696   ,  0.308769   ,  2.84091e-23,  0.390032   ])
14077   , -433.023    , array([ 0.954696   ,  0.308769   ,  2.84091e-23,  0.390032   ])
14078   , -433.023    , array([ 0.955652   ,  0.308769   ,  2.84091e-23,  0.390032   ])
14079   , -433.186    , array([ 0.954696   ,  0.309078   ,  2.84091e-23,  0.390032   ])
14080   , -433.023    , array([ 0.954696   ,  0.308769   ,  2.84375e-23,  0.390032   ])
14081   , -433.193    , array([ 0.954696   ,  0.308769   ,  2.84091e-23,  0.390423   ])
14082   , -421.332    , array([ 0.954696   ,  0.295983   ,  2.84091e-23,  0.341198   ])
14083   , -421.332    , array([ 0.954696   ,  0.295983   ,  2.84091e-23,  0.341198   ])
14084   , -421.332    , array([ 0.955652   ,  0.295983   ,  2.84091e-23,  0.341198   ])
14085   , -421.442    , array([ 0.954696   ,  0.296279   ,  2.84091e-23,  0.341198   ])
14086   , -421.332    , array([ 0.954696   ,  0.295983   ,  2.84375e-23,  0.341198   ])
14087   , -421.259    , array([ 0.954696   ,  0.295983   ,  2.84091e-23,  0.341539   ])
14088   , -413.69     , array([ 0.954696   ,  0.278844   ,  2.84091e-23,  0.35302    ])
14089   , -413.69     , array([ 0.954696   ,  0.278844   ,  2.84091e-23,  0.35302    ])
14090   , -413.69     , array([ 0.955652   ,  0.278844   ,  2.84091e-23,  0.35302    ])
14091   , -413.776    , array([ 0.954696   ,  0.279123   ,  2.84091e-23,  0.35302    ])
14092   , -413.69     , array([ 0.954696   ,  0.278844   ,  2.84375e-23,  0.35302    ])
14093   , -413.658    , array([ 0.954696   ,  0.278844   ,  2.84091e-23,  0.353373   ])
14094   , -405.505    , array([ 0.954696   ,  0.23718    ,  2.84091e-23,  0.371123   ])
14095   , -405.505    , array([ 0.954696   ,  0.23718    ,  2.84091e-23,  0.371123   ])
14096   , -405.505    , array([ 0.955652   ,  0.23718    ,  2.84091e-23,  0.371123   ])
14097   , -405.531    , array([ 0.954696   ,  0.237417   ,  2.84091e-23,  0.371123   ])
14098   , -405.505    , array([ 0.954696   ,  0.23718    ,  2.84375e-23,  0.371123   ])
14099   , -405.612    , array([ 0.954696   ,  0.23718    ,  2.84091e-23,  0.371495   ])
14100   , -401.714    , array([ 0.954696   ,  0.223199   ,  2.84091e-23,  0.358298   ])
14101   , -401.714    , array([ 0.954696   ,  0.223199   ,  2.84091e-23,  0.358298   ])
14102   , -401.714    , array([ 0.955652   ,  0.223199   ,  2.84091e-23,  0.358298   ])
14103   , -401.74     , array([ 0.954696   ,  0.223422   ,  2.84091e-23,  0.358298   ])
14104   , -401.714    , array([ 0.954696   ,  0.223199   ,  2.84375e-23,  0.358298   ])
14105   , -401.74     , array([ 0.954696   ,  0.223199   ,  2.84091e-23,  0.358656   ])
14106   , -398.425    , array([ 0.954696   ,  0.190941   ,  2.84091e-23,  0.346948   ])
14107   , -398.425    , array([ 0.954696   ,  0.190941   ,  2.84091e-23,  0.346948   ])
14108   , -398.425    , array([ 0.955652   ,  0.190941   ,  2.84091e-23,  0.346948   ])
14109   , -398.428    , array([ 0.954696   ,  0.191132   ,  2.84091e-23,  0.346948   ])
14110   , -398.425    , array([ 0.954696   ,  0.190941   ,  2.84375e-23,  0.346948   ])
14111   , -398.474    , array([ 0.954696   ,  0.190941   ,  2.84091e-23,  0.347295   ])
14112   , -396.612    , array([ 0.954696   ,  0.167781   ,  2.84091e-23,  0.330747   ])
14113   , -396.612    , array([ 0.954696   ,  0.167781   ,  2.84091e-23,  0.330747   ])
14114   , -396.612    , array([ 0.955652   ,  0.167781   ,  2.84091e-23,  0.330747   ])
14115   , -396.611    , array([ 0.954696   ,  0.167949   ,  2.84091e-23,  0.330747   ])
14116   , -396.612    , array([ 0.954696   ,  0.167781   ,  2.84375e-23,  0.330747   ])
14117   , -396.643    , array([ 0.954696   ,  0.167781   ,  2.84091e-23,  0.331078   ])
14118   , -395.483    , array([ 0.954696   ,  0.143458   ,  2.84091e-23,  0.310899   ])
14119   , -395.483    , array([ 0.954696   ,  0.143458   ,  2.84091e-23,  0.310899   ])
14120   , -395.483    , array([ 0.955652   ,  0.143458   ,  2.84091e-23,  0.310899   ])
14121   , -395.467    , array([ 0.954696   ,  0.143601   ,  2.84091e-23,  0.310899   ])
14122   , -395.483    , array([ 0.954696   ,  0.143458   ,  2.84375e-23,  0.310899   ])
14123   , -395.537    , array([ 0.954696   ,  0.143458   ,  2.84091e-23,  0.31121    ])
14124   , -394.502    , array([ 0.954696   ,  0.120754   ,  2.84091e-23,  0.283264   ])
14125   , -394.502    , array([ 0.954696   ,  0.120754   ,  2.84091e-23,  0.283264   ])
14126   , -394.502    , array([ 0.955652   ,  0.120754   ,  2.84091e-23,  0.283264   ])
14127   , -394.52     , array([ 0.954696   ,  0.120875   ,  2.84091e-23,  0.283264   ])
14128   , -394.502    , array([ 0.954696   ,  0.120754   ,  2.84375e-23,  0.283264   ])
14129   , -394.481    , array([ 0.954696   ,  0.120754   ,  2.84091e-23,  0.283547   ])
14130   , -395.373    , array([ 0.954696   ,  0.0935853  ,  2.84091e-23,  0.251532   ])
14131   , -395.373    , array([ 0.954696   ,  0.0935853  ,  2.84091e-23,  0.251532   ])
14132   , -395.373    , array([ 0.955652   ,  0.0935853  ,  2.84091e-23,  0.251532   ])
14133   , -395.268    , array([ 0.954696   ,  0.0936789  ,  2.84091e-23,  0.251532   ])
14134   , -395.373    , array([ 0.954696   ,  0.0935853  ,  2.84375e-23,  0.251532   ])
14135   , -395.563    , array([ 0.954696   ,  0.0935853  ,  2.84091e-23,  0.251784   ])
14136   , -394.183    , array([ 0.954696   ,  0.11024    ,  2.84091e-23,  0.271488   ])
14137   , -394.183    , array([ 0.954696   ,  0.11024    ,  2.84091e-23,  0.271488   ])
14138   , -394.183    , array([ 0.955652   ,  0.11024    ,  2.84091e-23,  0.271488   ])
14139   , -394.176    , array([ 0.954696   ,  0.110351   ,  2.84091e-23,  0.271488   ])
14140   , -394.183    , array([ 0.954696   ,  0.11024    ,  2.84375e-23,  0.271488   ])
14141   , -394.207    , array([ 0.954696   ,  0.11024    ,  2.84091e-23,  0.271759   ])
14142   , -394.152    , array([ 0.954696   ,  0.0987851  ,  2.84091e-23,  0.256847   ])
14143   , -394.152    , array([ 0.954696   ,  0.0987851  ,  2.84091e-23,  0.256847   ])
14144   , -394.152    , array([ 0.955652   ,  0.0987851  ,  2.84091e-23,  0.256847   ])
14145   , -394.114    , array([ 0.954696   ,  0.0988839  ,  2.84091e-23,  0.256847   ])
14146   , -394.152    , array([ 0.954696   ,  0.0987851  ,  2.84375e-23,  0.256847   ])
14147   , -394.231    , array([ 0.954696   ,  0.0987851  ,  2.84091e-23,  0.257104   ])
14148   , -394.139    , array([ 0.954696   ,  0.0977332  ,  2.84091e-23,  0.255317   ])
14149   , -394.139    , array([ 0.954696   ,  0.0977332  ,  2.84091e-23,  0.255317   ])
14150   , -394.139    , array([ 0.955652   ,  0.0977332  ,  2.84091e-23,  0.255317   ])
14151   , -394.1      , array([ 0.954696   ,  0.097831   ,  2.84091e-23,  0.255317   ])
14152   , -394.139    , array([ 0.954696   ,  0.0977332  ,  2.84375e-23,  0.255317   ])
14153   , -394.22     , array([ 0.954696   ,  0.0977332  ,  2.84091e-23,  0.255573   ])
14154   , -394.12     , array([ 0.954696   ,  0.0936365  ,  2.84091e-23,  0.24929    ])
14155   , -394.12     , array([ 0.954696   ,  0.0936365  ,  2.84091e-23,  0.24929    ])
14156   , -394.12     , array([ 0.955652   ,  0.0936365  ,  2.84091e-23,  0.24929    ])
14157   , -394.073    , array([ 0.954696   ,  0.0937302  ,  2.84091e-23,  0.24929    ])
14158   , -394.12     , array([ 0.954696   ,  0.0936365  ,  2.84375e-23,  0.24929    ])
14159   , -394.211    , array([ 0.954696   ,  0.0936365  ,  2.84091e-23,  0.24954    ])
14160   , -394.097    , array([ 0.954696   ,  0.0928594  ,  2.84091e-23,  0.248061   ])
14161   , -394.097    , array([ 0.954696   ,  0.0928594  ,  2.84091e-23,  0.248061   ])
14162   , -394.097    , array([ 0.955652   ,  0.0928594  ,  2.84091e-23,  0.248061   ])
14163   , -394.051    , array([ 0.954696   ,  0.0929523  ,  2.84091e-23,  0.248061   ])
14164   , -394.097    , array([ 0.954696   ,  0.0928594  ,  2.84375e-23,  0.248061   ])
14165   , -394.188    , array([ 0.954696   ,  0.0928594  ,  2.84091e-23,  0.248309   ])
14166   , -394.023    , array([ 0.954696   ,  0.0898149  ,  2.84091e-23,  0.243206   ])
14167   , -394.023    , array([ 0.954696   ,  0.0898149  ,  2.84091e-23,  0.243206   ])
14168   , -394.023    , array([ 0.955652   ,  0.0898149  ,  2.84091e-23,  0.243206   ])
14169   , -393.976    , array([ 0.954696   ,  0.0899047  ,  2.84091e-23,  0.243206   ])
14170   , -394.023    , array([ 0.954696   ,  0.0898149  ,  2.84375e-23,  0.243206   ])
14171   , -394.113    , array([ 0.954696   ,  0.0898149  ,  2.84091e-23,  0.243449   ])
14172   , -393.987    , array([ 0.954696   ,  0.0786027  ,  2.84091e-23,  0.224717   ])
14173   , -393.987    , array([ 0.954696   ,  0.0786027  ,  2.84091e-23,  0.224717   ])
14174   , -393.987    , array([ 0.955652   ,  0.0786027  ,  2.84091e-23,  0.224717   ])
14175   , -393.923    , array([ 0.954696   ,  0.0786813  ,  2.84091e-23,  0.224717   ])
14176   , -393.987    , array([ 0.954696   ,  0.0786027  ,  2.84375e-23,  0.224717   ])
14177   , -394.102    , array([ 0.954696   ,  0.0786027  ,  2.84091e-23,  0.224942   ])
14178   , -393.916    , array([ 0.954696   ,  0.0762898  ,  2.84091e-23,  0.220515   ])
14179   , -393.916    , array([ 0.954696   ,  0.0762898  ,  2.84091e-23,  0.220515   ])
14180   , -393.916    , array([ 0.955652   ,  0.0762898  ,  2.84091e-23,  0.220515   ])
14181   , -393.853    , array([ 0.954696   ,  0.0763661  ,  2.84091e-23,  0.220515   ])
14182   , -393.916    , array([ 0.954696   ,  0.0762898  ,  2.84375e-23,  0.220515   ])
14183   , -394.029    , array([ 0.954696   ,  0.0762898  ,  2.84091e-23,  0.220735   ])
14184   , -393.821    , array([ 0.954696   ,  0.067699   ,  2.84091e-23,  0.204478   ])
14185   , -393.821    , array([ 0.954696   ,  0.067699   ,  2.84091e-23,  0.204478   ])
14186   , -393.821    , array([ 0.955652   ,  0.067699   ,  2.84091e-23,  0.204478   ])
14187   , -393.75     , array([ 0.954696   ,  0.0677668  ,  2.84091e-23,  0.204478   ])
14188   , -393.821    , array([ 0.954696   ,  0.067699   ,  2.84375e-23,  0.204478   ])
14189   , -393.943    , array([ 0.954696   ,  0.067699   ,  2.84091e-23,  0.204682   ])
14190   , -393.724    , array([ 0.954696   ,  0.0656696  ,  2.84091e-23,  0.200369   ])
14191   , -393.724    , array([ 0.954696   ,  0.0656696  ,  2.84091e-23,  0.200369   ])
14192   , -393.724    , array([ 0.955652   ,  0.0656696  ,  2.84091e-23,  0.200369   ])
14193   , -393.658    , array([ 0.954696   ,  0.0657353  ,  2.84091e-23,  0.200369   ])
14194   , -393.724    , array([ 0.954696   ,  0.0656696  ,  2.84375e-23,  0.200369   ])
14195   , -393.839    , array([ 0.954696   ,  0.0656696  ,  2.84091e-23,  0.20057    ])
14196   , -393.514    , array([ 0.954696   ,  0.0581424  ,  2.84091e-23,  0.184745   ])
14197   , -393.514    , array([ 0.954696   ,  0.0581424  ,  2.84091e-23,  0.184745   ])
14198   , -393.514    , array([ 0.955652   ,  0.0581424  ,  2.84091e-23,  0.184745   ])
14199   , -393.456    , array([ 0.954696   ,  0.0582006  ,  2.84091e-23,  0.184745   ])
14200   , -393.514    , array([ 0.954696   ,  0.0581424  ,  2.84375e-23,  0.184745   ])
14201   , -393.616    , array([ 0.954696   ,  0.0581424  ,  2.84091e-23,  0.18493    ])
14202   , -393.508    , array([ 0.954696   ,  0.0543233  ,  2.84091e-23,  0.176585   ])
14203   , -393.508    , array([ 0.954696   ,  0.0543233  ,  2.84091e-23,  0.176585   ])
14204   , -393.508    , array([ 0.955652   ,  0.0543233  ,  2.84091e-23,  0.176585   ])
14205   , -393.444    , array([ 0.954696   ,  0.0543777  ,  2.84091e-23,  0.176585   ])
14206   , -393.508    , array([ 0.954696   ,  0.0543233  ,  2.84375e-23,  0.176585   ])
14207   , -393.617    , array([ 0.954696   ,  0.0543233  ,  2.84091e-23,  0.176762   ])
14208   , -394.607    , array([ 0.954696   ,  0.0413961  ,  2.84091e-23,  0.147394   ])
14209   , -394.607    , array([ 0.954696   ,  0.0413961  ,  2.84091e-23,  0.147394   ])
14210   , -394.607    , array([ 0.955652   ,  0.0413961  ,  2.84091e-23,  0.147394   ])
14211   , -394.442    , array([ 0.954696   ,  0.0414375  ,  2.84091e-23,  0.147394   ])
14212   , -394.607    , array([ 0.954696   ,  0.0413961  ,  2.84375e-23,  0.147394   ])
14213   , -394.858    , array([ 0.954696   ,  0.0413961  ,  2.84091e-23,  0.147542   ])
14214   , -393.543    , array([ 0.954696   ,  0.051951   ,  2.84091e-23,  0.17142    ])
14215   , -393.543    , array([ 0.954696   ,  0.051951   ,  2.84091e-23,  0.17142    ])
14216   , -393.543    , array([ 0.955652   ,  0.051951   ,  2.84091e-23,  0.17142    ])
14217   , -393.471    , array([ 0.954696   ,  0.052003   ,  2.84091e-23,  0.17142    ])
14218   , -393.543    , array([ 0.954696   ,  0.051951   ,  2.84375e-23,  0.17142    ])
14219   , -393.663    , array([ 0.954696   ,  0.051951   ,  2.84091e-23,  0.171591   ])
14220   , -393.512    , array([ 0.954696   ,  0.053861   ,  2.84091e-23,  0.175585   ])
14221   , -393.512    , array([ 0.954696   ,  0.053861   ,  2.84091e-23,  0.175585   ])
14222   , -393.512    , array([ 0.955652   ,  0.053861   ,  2.84091e-23,  0.175585   ])
14223   , -393.446    , array([ 0.954696   ,  0.0539149  ,  2.84091e-23,  0.175585   ])
14224   , -393.512    , array([ 0.954696   ,  0.053861   ,  2.84375e-23,  0.175585   ])
14225   , -393.623    , array([ 0.954696   ,  0.053861   ,  2.84091e-23,  0.17576    ])
14226   , -393.508    , array([ 0.954696   ,  0.0542319  ,  2.84091e-23,  0.176388   ])
14227   , -393.508    , array([ 0.954696   ,  0.0542319  ,  2.84091e-23,  0.176388   ])
14228   , -393.508    , array([ 0.955652   ,  0.0542319  ,  2.84091e-23,  0.176388   ])
14229   , -393.444    , array([ 0.954696   ,  0.0542862  ,  2.84091e-23,  0.176388   ])
14230   , -393.508    , array([ 0.954696   ,  0.0542319  ,  2.84375e-23,  0.176388   ])
14231   , -393.618    , array([ 0.954696   ,  0.0542319  ,  2.84091e-23,  0.176564   ])
14232   , -393.508    , array([ 0.954696   ,  0.0543052  ,  2.84091e-23,  0.176546   ])
14233   , -393.508    , array([ 0.954696   ,  0.0543052  ,  2.84091e-23,  0.176546   ])
14234   , -393.508    , array([ 0.955652   ,  0.0543052  ,  2.84091e-23,  0.176546   ])
14235   , -393.444    , array([ 0.954696   ,  0.0543595  ,  2.84091e-23,  0.176546   ])
14236   , -393.508    , array([ 0.954696   ,  0.0543052  ,  2.84375e-23,  0.176546   ])
14237   , -393.617    , array([ 0.954696   ,  0.0543052  ,  2.84091e-23,  0.176723   ])
14238   , -393.508    , array([ 0.954696   ,  0.0543197  ,  2.84091e-23,  0.176578   ])
14239   , -393.508    , array([ 0.954696   ,  0.0543197  ,  2.84091e-23,  0.176578   ])
14240   , -393.508    , array([ 0.955652   ,  0.0543197  ,  2.84091e-23,  0.176578   ])
14241   , -393.444    , array([ 0.954696   ,  0.0543741  ,  2.84091e-23,  0.176578   ])
14242   , -393.508    , array([ 0.954696   ,  0.0543197  ,  2.84375e-23,  0.176578   ])
14243   , -393.617    , array([ 0.954696   ,  0.0543197  ,  2.84091e-23,  0.176754   ])
14244   , -393.508    , array([ 0.954696   ,  0.0543226  ,  2.84091e-23,  0.176584   ])
14245   , -393.508    , array([ 0.954696   ,  0.0543226  ,  2.84091e-23,  0.176584   ])
14246   , -393.508    , array([ 0.955652   ,  0.0543226  ,  2.84091e-23,  0.176584   ])
14247   , -393.444    , array([ 0.954696   ,  0.054377   ,  2.84091e-23,  0.176584   ])
14248   , -393.508    , array([ 0.954696   ,  0.0543226  ,  2.84375e-23,  0.176584   ])
14249   , -393.617    , array([ 0.954696   ,  0.0543226  ,  2.84091e-23,  0.176761   ])
14250   , -393.508    , array([ 0.954696   ,  0.0543232  ,  2.84091e-23,  0.176585   ])
14251   , -393.508    , array([ 0.954696   ,  0.0543232  ,  2.84091e-23,  0.176585   ])
14252   , -393.508    , array([ 0.955652   ,  0.0543232  ,  2.84091e-23,  0.176585   ])
14253   , -393.444    , array([ 0.954696   ,  0.0543775  ,  2.84091e-23,  0.176585   ])
14254   , -393.508    , array([ 0.954696   ,  0.0543232  ,  2.84375e-23,  0.176585   ])
14255   , -393.617    , array([ 0.954696   ,  0.0543232  ,  2.84091e-23,  0.176762   ])
14256   , -393.508    , array([ 0.954696   ,  0.0543233  ,  2.84091e-23,  0.176585   ])
14257   , -393.508    , array([ 0.954696   ,  0.0543233  ,  2.84091e-23,  0.176585   ])
14258   , -393.508    , array([ 0.955652   ,  0.0543233  ,  2.84091e-23,  0.176585   ])
14259   , -393.444    , array([ 0.954696   ,  0.0543776  ,  2.84091e-23,  0.176585   ])
14260   , -393.508    , array([ 0.954696   ,  0.0543233  ,  2.84375e-23,  0.176585   ])
14261   , -393.617    , array([ 0.954696   ,  0.0543233  ,  2.84091e-23,  0.176762   ])
14262   , -393.508    , array([ 0.954696   ,  0.0543233  ,  2.84091e-23,  0.176585   ])
14263   , -393.508    , array([ 0.954696   ,  0.0543233  ,  2.84091e-23,  0.176585   ])
14264   , -393.508    , array([ 0.955652   ,  0.0543233  ,  2.84091e-23,  0.176585   ])
14265   , -393.444    , array([ 0.954696   ,  0.0543777  ,  2.84091e-23,  0.176585   ])
14266   , -393.508    , array([ 0.954696   ,  0.0543233  ,  2.84375e-23,  0.176585   ])
14267   , -393.617    , array([ 0.954696   ,  0.0543233  ,  2.84091e-23,  0.176762   ])
14268   , -393.508    , array([ 0.954696   ,  0.0543233  ,  2.84091e-23,  0.176585   ])
14269   , -393.508    , array([ 0.954696   ,  0.0543233  ,  2.84091e-23,  0.176585   ])
14270   , -393.508    , array([ 0.955652   ,  0.0543233  ,  2.84091e-23,  0.176585   ])
14271   , -393.444    , array([ 0.954696   ,  0.0543777  ,  2.84091e-23,  0.176585   ])
14272   , -393.508    , array([ 0.954696   ,  0.0543233  ,  2.84375e-23,  0.176585   ])
14273   , -393.617    , array([ 0.954696   ,  0.0543233  ,  2.84091e-23,  0.176762   ])
14274   , -393.508    , array([ 0.954696   ,  0.0543233  ,  2.84091e-23,  0.176585   ])
14275   , -393.508    , array([ 0.954696   ,  0.0543233  ,  2.84091e-23,  0.176585   ])
14276   , -393.508    , array([ 0.955652   ,  0.0543233  ,  2.84091e-23,  0.176585   ])
14277   , -393.444    , array([ 0.954696   ,  0.0543777  ,  2.84091e-23,  0.176585   ])
14278   , -393.508    , array([ 0.954696   ,  0.0543233  ,  2.84375e-23,  0.176585   ])
14279   , -393.617    , array([ 0.954696   ,  0.0543233  ,  2.84091e-23,  0.176762   ])
14280   , -393.508    , array([ 0.954696   ,  0.0543233  ,  2.84091e-23,  0.176585   ])
14281   , -393.508    , array([ 0.954696   ,  0.0543233  ,  2.84091e-23,  0.176585   ])
14282   , -393.508    , array([ 0.955652   ,  0.0543233  ,  2.84091e-23,  0.176585   ])
14283   , -393.444    , array([ 0.954696   ,  0.0543777  ,  2.84091e-23,  0.176585   ])
14284   , -393.508    , array([ 0.954696   ,  0.0543233  ,  2.84375e-23,  0.176585   ])
14285   , -393.617    , array([ 0.954696   ,  0.0543233  ,  2.84091e-23,  0.176762   ])
14286   , -393.508    , array([ 0.954696   ,  0.0543233  ,  2.84091e-23,  0.176585   ])
14287   , -393.508    , array([ 0.954696   ,  0.0543233  ,  2.84091e-23,  0.176585   ])
14288   , -393.508    , array([ 0.955652   ,  0.0543233  ,  2.84091e-23,  0.176585   ])
14289   , -393.444    , array([ 0.954696   ,  0.0543777  ,  2.84091e-23,  0.176585   ])
14290   , -393.508    , array([ 0.954696   ,  0.0543233  ,  2.84375e-23,  0.176585   ])
14291   , -393.617    , array([ 0.954696   ,  0.0543233  ,  2.84091e-23,  0.176762   ])
14292   , -393.508    , array([ 0.954696   ,  0.0543233  ,  2.84091e-23,  0.176585   ])
14293   , -393.508    , array([ 0.954696   ,  0.0543233  ,  2.84091e-23,  0.176585   ])
14294   , -393.508    , array([ 0.955652   ,  0.0543233  ,  2.84091e-23,  0.176585   ])
14295   , -393.444    , array([ 0.954696   ,  0.0543777  ,  2.84091e-23,  0.176585   ])
14296   , -393.508    , array([ 0.954696   ,  0.0543233  ,  2.84375e-23,  0.176585   ])
14297   , -393.617    , array([ 0.954696   ,  0.0543233  ,  2.84091e-23,  0.176762   ])
14298   , -393.508    , array([ 0.954696   ,  0.0543233  ,  2.84091e-23,  0.176585   ])
14299   , -393.508    , array([ 0.954696   ,  0.0543233  ,  2.84091e-23,  0.176585   ])
14300   , -393.508    , array([ 0.955652   ,  0.0543233  ,  2.84091e-23,  0.176585   ])
14301   , -393.444    , array([ 0.954696   ,  0.0543777  ,  2.84091e-23,  0.176585   ])
14302   , -393.508    , array([ 0.954696   ,  0.0543233  ,  2.84375e-23,  0.176585   ])
14303   , -393.617    , array([ 0.954696   ,  0.0543233  ,  2.84091e-23,  0.176762   ])
14304   , -393.508    , array([ 0.954696   ,  0.0543233  ,  2.84091e-23,  0.176585   ])
14305   , -393.508    , array([ 0.954696   ,  0.0543233  ,  2.84091e-23,  0.176585   ])
14306   , -393.508    , array([ 0.955652   ,  0.0543233  ,  2.84091e-23,  0.176585   ])
14307   , -393.444    , array([ 0.954696   ,  0.0543777  ,  2.84091e-23,  0.176585   ])
14308   , -393.508    , array([ 0.954696   ,  0.0543233  ,  2.84375e-23,  0.176585   ])
14309   , -393.617    , array([ 0.954696   ,  0.0543233  ,  2.84091e-23,  0.176762   ])
14310   , -393.508    , array([ 0.954696   ,  0.0543233  ,  2.84091e-23,  0.176585   ])
14311   , -393.508    , array([ 0.954696   ,  0.0543233  ,  2.84091e-23,  0.176585   ])
14312   , -393.508    , array([ 0.955652   ,  0.0543233  ,  2.84091e-23,  0.176585   ])
14313   , -393.444    , array([ 0.954696   ,  0.0543777  ,  2.84091e-23,  0.176585   ])
14314   , -393.508    , array([ 0.954696   ,  0.0543233  ,  2.84375e-23,  0.176585   ])
14315   , -393.617    , array([ 0.954696   ,  0.0543233  ,  2.84091e-23,  0.176762   ])
14316   , -393.508    , array([ 0.954696   ,  0.0543233  ,  2.84091e-23,  0.176585   ])
14317   , -393.508    , array([ 0.954696   ,  0.0543233  ,  2.84091e-23,  0.176585   ])
14318   , -393.508    , array([ 0.955652   ,  0.0543233  ,  2.84091e-23,  0.176585   ])
14319   , -393.444    , array([ 0.954696   ,  0.0543777  ,  2.84091e-23,  0.176585   ])
14320   , -393.508    , array([ 0.954696   ,  0.0543233  ,  2.84375e-23,  0.176585   ])
14321   , -393.617    , array([ 0.954696   ,  0.0543233  ,  2.84091e-23,  0.176762   ])
14322   , -393.508    , array([ 0.954696   ,  0.0543233  ,  2.84091e-23,  0.176585   ])
14323   , -393.508    , array([ 0.954696   ,  0.0543233  ,  2.84091e-23,  0.176585   ])
14324   , -393.508    , array([ 0.955652   ,  0.0543233  ,  2.84091e-23,  0.176585   ])
14325   , -393.444    , array([ 0.954696   ,  0.0543777  ,  2.84091e-23,  0.176585   ])
14326   , -393.508    , array([ 0.954696   ,  0.0543233  ,  2.84375e-23,  0.176585   ])
14327   , -393.617    , array([ 0.954696   ,  0.0543233  ,  2.84091e-23,  0.176762   ])
14328   , -393.508    , array([ 0.954696   ,  0.0543233  ,  2.84091e-23,  0.176585   ])
14329   , -393.508    , array([ 0.954696   ,  0.0543233  ,  2.84091e-23,  0.176585   ])
14330   , -393.508    , array([ 0.955652   ,  0.0543233  ,  2.84091e-23,  0.176585   ])
14331   , -393.444    , array([ 0.954696   ,  0.0543777  ,  2.84091e-23,  0.176585   ])
14332   , -393.508    , array([ 0.954696   ,  0.0543233  ,  2.84375e-23,  0.176585   ])
14333   , -393.617    , array([ 0.954696   ,  0.0543233  ,  2.84091e-23,  0.176762   ])
14334   , -393.508    , array([ 0.954696   ,  0.0543233  ,  2.84091e-23,  0.176585   ])
14335   , -393.508    , array([ 0.954696   ,  0.0543233  ,  2.84091e-23,  0.176585   ])
14336   , -393.508    , array([ 0.955652   ,  0.0543233  ,  2.84091e-23,  0.176585   ])
14337   , -393.444    , array([ 0.954696   ,  0.0543777  ,  2.84091e-23,  0.176585   ])
14338   , -393.508    , array([ 0.954696   ,  0.0543233  ,  2.84375e-23,  0.176585   ])
14339   , -393.617    , array([ 0.954696   ,  0.0543233  ,  2.84091e-23,  0.176762   ])
14340   , -393.508    , array([ 0.954696   ,  0.0543233  ,  2.84091e-23,  0.176585   ])
14341   , -393.508    , array([ 0.954696   ,  0.0543233  ,  2.84091e-23,  0.176585   ])
14342   , -393.508    , array([ 0.955652   ,  0.0543233  ,  2.84091e-23,  0.176585   ])
14343   , -393.444    , array([ 0.954696   ,  0.0543777  ,  2.84091e-23,  0.176585   ])
14344   , -393.508    , array([ 0.954696   ,  0.0543233  ,  2.84375e-23,  0.176585   ])
14345   , -393.617    , array([ 0.954696   ,  0.0543233  ,  2.84091e-23,  0.176762   ])
14346   , -393.508    , array([ 0.954696   ,  0.0543233  ,  2.84091e-23,  0.176585   ])
14347   , -393.508    , array([ 0.954696   ,  0.0543233  ,  2.84091e-23,  0.176585   ])
14348   , -393.508    , array([ 0.955652   ,  0.0543233  ,  2.84091e-23,  0.176585   ])
14349   , -393.444    , array([ 0.954696   ,  0.0543777  ,  2.84091e-23,  0.176585   ])
14350   , -393.508    , array([ 0.954696   ,  0.0543233  ,  2.84375e-23,  0.176585   ])
14351   , -393.617    , array([ 0.954696   ,  0.0543233  ,  2.84091e-23,  0.176762   ])
14352   , -393.508    , array([ 0.954696   ,  0.0543233  ,  2.84091e-23,  0.176585   ])
14353   , -393.508    , array([ 0.954696   ,  0.0543233  ,  2.84091e-23,  0.176585   ])
14354   , -393.508    , array([ 0.955652   ,  0.0543233  ,  2.84091e-23,  0.176585   ])
14355   , -393.444    , array([ 0.954696   ,  0.0543777  ,  2.84091e-23,  0.176585   ])
14356   , -393.508    , array([ 0.954696   ,  0.0543233  ,  2.84375e-23,  0.176585   ])
14357   , -393.617    , array([ 0.954696   ,  0.0543233  ,  2.84091e-23,  0.176762   ])
14358   , -393.577    , array([ 0.954696   ,  0.0507551  ,  2.84091e-23,  0.168786   ])
14359   , -393.528    , array([ 0.954696   ,  0.0526976  ,  2.84091e-23,  0.173054   ])
14360   , -393.514    , array([ 0.954696   ,  0.0536766  ,  2.84091e-23,  0.175185   ])
14361   , -393.51     , array([ 0.954696   ,  0.0540569  ,  2.84091e-23,  0.176009   ])
14362   , -393.509    , array([ 0.954696   ,  0.0542138  ,  2.84091e-23,  0.176349   ])
14363   , -393.508    , array([ 0.954696   ,  0.0542782  ,  2.84091e-23,  0.176488   ])
14364   , -393.508    , array([ 0.954696   ,  0.0543047  ,  2.84091e-23,  0.176545   ])
14365   , -393.508    , array([ 0.954696   ,  0.0543157  ,  2.84091e-23,  0.176569   ])
14366   , -393.508    , array([ 0.954696   ,  0.0543202  ,  2.84091e-23,  0.176579   ])
14367   , -393.508    , array([ 0.954696   ,  0.054322   ,  2.84091e-23,  0.176583   ])
14368   , -393.508    , array([ 0.954696   ,  0.0543228  ,  2.84091e-23,  0.176584   ])
14369   , -393.508    , array([ 0.954696   ,  0.0543231  ,  2.84091e-23,  0.176585   ])
