328405  , -26092.4    , array([ 0.0571251  ,  0.0836381  ,  2.09586e-95,  0.139656   ,  0.0113471  ])
328406  , -26069.5    , array([ 0.0571823  ,  0.0836381  ,  2.09586e-95,  0.139656   ,  0.0113471  ])
328407  , -26107.7    , array([ 0.0571251  ,  0.0837218  ,  2.09586e-95,  0.139656   ,  0.0113471  ])
328408  , -26092.4    , array([ 0.0571251  ,  0.0836381  ,  2.09796e-95,  0.139656   ,  0.0113471  ])
328409  , -26092.4    , array([ 0.0571251  ,  0.0836381  ,  2.09586e-95,  0.139795   ,  0.0113471  ])
328410  , -26097.8    , array([ 0.0571251  ,  0.0836381  ,  2.09586e-95,  0.139656   ,  0.0113584  ])
328411  , -26092.4    , array([ 0.0571251  ,  0.0836381  ,  2.09586e-95,  0.139656   ,  0.0113471  ])
328412  , -8694.24    , array([ 0.130099   ,  0.0481878  ,  2.09586e-95,  0.139474   ,  0.00932201 ])
328413  , -8694.24    , array([ 0.130099   ,  0.0481878  ,  2.09586e-95,  0.139474   ,  0.00932201 ])
328414  , -8689.25    , array([ 0.13023    ,  0.0481878  ,  2.09586e-95,  0.139474   ,  0.00932201 ])
328415  , -8707.07    , array([ 0.130099   ,  0.048236   ,  2.09586e-95,  0.139474   ,  0.00932201 ])
328416  , -8694.24    , array([ 0.130099   ,  0.0481878  ,  2.09796e-95,  0.139474   ,  0.00932201 ])
328417  , -8694.26    , array([ 0.130099   ,  0.0481878  ,  2.09586e-95,  0.139614   ,  0.00932201 ])
328418  , -8685.73    , array([ 0.130099   ,  0.0481878  ,  2.09586e-95,  0.139474   ,  0.00933134 ])
328419  , -106634     , array([ 0.250799   ,  0.00862146 ,  2.09586e-95,  0.139025   ,  0.0294928  ])
328420  , -106634     , array([ 0.250799   ,  0.00862146 ,  2.09586e-95,  0.139025   ,  0.0294928  ])
328421  , -106629     , array([ 0.25105    ,  0.00862146 ,  2.09586e-95,  0.139025   ,  0.0294928  ])
328422  , -106517     , array([ 0.250799   ,  0.00863009 ,  2.09586e-95,  0.139025   ,  0.0294928  ])
328423  , -106634     , array([ 0.250799   ,  0.00862146 ,  2.09796e-95,  0.139025   ,  0.0294928  ])
328424  , -106631     , array([ 0.250799   ,  0.00862146 ,  2.09586e-95,  0.139164   ,  0.0294928  ])
328425  , -106747     , array([ 0.250799   ,  0.00862146 ,  2.09586e-95,  0.139025   ,  0.0295223  ])
328426  , -4884.08    , array([ 0.147242   ,  0.0348331  ,  2.09586e-95,  0.139389   ,  0.0115836  ])
328427  , -4884.08    , array([ 0.147242   ,  0.0348331  ,  2.09586e-95,  0.139389   ,  0.0115836  ])
328428  , -4878.24    , array([ 0.14739    ,  0.0348331  ,  2.09586e-95,  0.139389   ,  0.0115836  ])
328429  , -4885.71    , array([ 0.147242   ,  0.034868   ,  2.09586e-95,  0.139389   ,  0.0115836  ])
328430  , -4884.08    , array([ 0.147242   ,  0.0348331  ,  2.09796e-95,  0.139389   ,  0.0115836  ])
328431  , -4884.08    , array([ 0.147242   ,  0.0348331  ,  2.09586e-95,  0.139529   ,  0.0115836  ])
328432  , -4887.42    , array([ 0.147242   ,  0.0348331  ,  2.09586e-95,  0.139389   ,  0.0115952  ])
328440  , -4883.97    , array([ 0.147274   ,  0.0348413  ,  2.09586e-95,  0.139391   ,  0.0115863  ])
328441  , -4883.97    , array([ 0.147274   ,  0.0348413  ,  2.09586e-95,  0.139391   ,  0.0115863  ])
328442  , -4878.13    , array([ 0.147422   ,  0.0348413  ,  2.09586e-95,  0.139391   ,  0.0115863  ])
328443  , -4885.6     , array([ 0.147274   ,  0.0348761  ,  2.09586e-95,  0.139391   ,  0.0115863  ])
328444  , -4883.97    , array([ 0.147274   ,  0.0348413  ,  2.09796e-95,  0.139391   ,  0.0115863  ])
328445  , -4883.97    , array([ 0.147274   ,  0.0348413  ,  2.09586e-95,  0.13953    ,  0.0115863  ])
328446  , -4887.32    , array([ 0.147274   ,  0.0348413  ,  2.09586e-95,  0.139391   ,  0.0115979  ])
328447  , -4883.86    , array([ 0.147307   ,  0.0348494  ,  2.09586e-95,  0.139393   ,  0.0115891  ])
328448  , -4883.86    , array([ 0.147307   ,  0.0348494  ,  2.09586e-95,  0.139393   ,  0.0115891  ])
328449  , -4878.02    , array([ 0.147454   ,  0.0348494  ,  2.09586e-95,  0.139393   ,  0.0115891  ])
328450  , -4885.49    , array([ 0.147307   ,  0.0348843  ,  2.09586e-95,  0.139393   ,  0.0115891  ])
328451  , -4883.86    , array([ 0.147307   ,  0.0348494  ,  2.09796e-95,  0.139393   ,  0.0115891  ])
328452  , -4883.86    , array([ 0.147307   ,  0.0348494  ,  2.09586e-95,  0.139532   ,  0.0115891  ])
328453  , -4887.21    , array([ 0.147307   ,  0.0348494  ,  2.09586e-95,  0.139393   ,  0.0116007  ])
328461  , -4883.84    , array([ 0.147315   ,  0.0348514  ,  2.09586e-95,  0.139393   ,  0.0115898  ])
328462  , -4883.84    , array([ 0.147315   ,  0.0348514  ,  2.09586e-95,  0.139393   ,  0.0115898  ])
328463  , -4878       , array([ 0.147462   ,  0.0348514  ,  2.09586e-95,  0.139393   ,  0.0115898  ])
328464  , -4885.47    , array([ 0.147315   ,  0.0348863  ,  2.09586e-95,  0.139393   ,  0.0115898  ])
328465  , -4883.84    , array([ 0.147315   ,  0.0348514  ,  2.09796e-95,  0.139393   ,  0.0115898  ])
328466  , -4883.84    , array([ 0.147315   ,  0.0348514  ,  2.09586e-95,  0.139532   ,  0.0115898  ])
328467  , -4887.18    , array([ 0.147315   ,  0.0348514  ,  2.09586e-95,  0.139393   ,  0.0116014  ])
328468  , -4883.81    , array([ 0.147323   ,  0.0348535  ,  2.09586e-95,  0.139393   ,  0.0115904  ])
328469  , -4883.81    , array([ 0.147323   ,  0.0348535  ,  2.09586e-95,  0.139393   ,  0.0115904  ])
328470  , -4877.97    , array([ 0.14747    ,  0.0348535  ,  2.09586e-95,  0.139393   ,  0.0115904  ])
328471  , -4885.44    , array([ 0.147323   ,  0.0348883  ,  2.09586e-95,  0.139393   ,  0.0115904  ])
328472  , -4883.81    , array([ 0.147323   ,  0.0348535  ,  2.09796e-95,  0.139393   ,  0.0115904  ])
328473  , -4883.81    , array([ 0.147323   ,  0.0348535  ,  2.09586e-95,  0.139533   ,  0.0115904  ])
328474  , -4887.16    , array([ 0.147323   ,  0.0348535  ,  2.09586e-95,  0.139393   ,  0.011602   ])
328475  , -42227      , array([ 10.2212    ,  3.28847    ,  2.09586e-95,  0.173675   ,  1.15822    ])
328476  , -42227      , array([ 10.2212    ,  3.28847    ,  2.09586e-95,  0.173675   ,  1.15822    ])
328477  , -42233.5    , array([ 10.2315    ,  3.28847    ,  2.09586e-95,  0.173675   ,  1.15822    ])
328478  , -42237.6    , array([ 10.2212    ,  3.29176    ,  2.09586e-95,  0.173675   ,  1.15822    ])
328479  , -42227      , array([ 10.2212    ,  3.28847    ,  2.09796e-95,  0.173675   ,  1.15822    ])
328480  , -42226.1    , array([ 10.2212    ,  3.28847    ,  2.09586e-95,  0.173849   ,  1.15822    ])
328481  , -42236      , array([ 10.2212    ,  3.28847    ,  2.09586e-95,  0.173675   ,  1.15938    ])
328482  , -4692.63    , array([ 0.206807   ,  0.0501443  ,  2.09586e-95,  0.141867   ,  0.0167522  ])
328483  , -4692.63    , array([ 0.206807   ,  0.0501443  ,  2.09586e-95,  0.141867   ,  0.0167522  ])
328484  , -4686.76    , array([ 0.207013   ,  0.0501443  ,  2.09586e-95,  0.141867   ,  0.0167522  ])
328485  , -4694.31    , array([ 0.206807   ,  0.0501945  ,  2.09586e-95,  0.141867   ,  0.0167522  ])
328486  , -4692.63    , array([ 0.206807   ,  0.0501443  ,  2.09796e-95,  0.141867   ,  0.0167522  ])
328487  , -4692.63    , array([ 0.206807   ,  0.0501443  ,  2.09586e-95,  0.142009   ,  0.0167522  ])
328488  , -4695.84    , array([ 0.206807   ,  0.0501443  ,  2.09586e-95,  0.141867   ,  0.0167689  ])
328489  , -4479.13    , array([ 0.288582   ,  0.0716837  ,  2.09586e-95,  0.14434    ,  0.0240564  ])
328490  , -4479.13    , array([ 0.288582   ,  0.0716837  ,  2.09586e-95,  0.14434    ,  0.0240564  ])
328491  , -4473.34    , array([ 0.288871   ,  0.0716837  ,  2.09586e-95,  0.14434    ,  0.0240564  ])
328492  , -4480.88    , array([ 0.288582   ,  0.0717554  ,  2.09586e-95,  0.14434    ,  0.0240564  ])
328493  , -4479.13    , array([ 0.288582   ,  0.0716837  ,  2.09796e-95,  0.14434    ,  0.0240564  ])
328494  , -4479.13    , array([ 0.288582   ,  0.0716837  ,  2.09586e-95,  0.144484   ,  0.0240564  ])
328495  , -4482.2     , array([ 0.288582   ,  0.0716837  ,  2.09586e-95,  0.14434    ,  0.0240804  ])
328496  , -8340.49    , array([ 1.71746    ,  0.48552    ,  2.09586e-95,  0.15833    ,  0.166921   ])
328497  , -8340.49    , array([ 1.71746    ,  0.48552    ,  2.09586e-95,  0.15833    ,  0.166921   ])
328498  , -8337.87    , array([ 1.71918    ,  0.48552    ,  2.09586e-95,  0.15833    ,  0.166921   ])
328499  , -8343.9     , array([ 1.71746    ,  0.486006   ,  2.09586e-95,  0.15833    ,  0.166921   ])
328500  , -8340.49    , array([ 1.71746    ,  0.48552    ,  2.09796e-95,  0.15833    ,  0.166921   ])
328501  , -8340.34    , array([ 1.71746    ,  0.48552    ,  2.09586e-95,  0.158488   ,  0.166921   ])
328502  , -8347.34    , array([ 1.71746    ,  0.48552    ,  2.09586e-95,  0.15833    ,  0.167088   ])
328503  , -4290.63    , array([ 0.423297   ,  0.108109   ,  2.09586e-95,  0.147237   ,  0.036469   ])
328504  , -4290.63    , array([ 0.423297   ,  0.108109   ,  2.09586e-95,  0.147237   ,  0.036469   ])
328505  , -4285.08    , array([ 0.423721   ,  0.108109   ,  2.09586e-95,  0.147237   ,  0.036469   ])
328506  , -4292.52    , array([ 0.423297   ,  0.108217   ,  2.09586e-95,  0.147237   ,  0.036469   ])
328507  , -4290.63    , array([ 0.423297   ,  0.108109   ,  2.09796e-95,  0.147237   ,  0.036469   ])
328508  , -4290.62    , array([ 0.423297   ,  0.108109   ,  2.09586e-95,  0.147384   ,  0.036469   ])
328509  , -4293.67    , array([ 0.423297   ,  0.108109   ,  2.09586e-95,  0.147237   ,  0.0365055  ])
328517  , -4290.63    , array([ 0.423298   ,  0.108109   ,  2.09586e-95,  0.14724    ,  0.0364691  ])
328518  , -4290.63    , array([ 0.423298   ,  0.108109   ,  2.09586e-95,  0.14724    ,  0.0364691  ])
328519  , -4285.08    , array([ 0.423722   ,  0.108109   ,  2.09586e-95,  0.14724    ,  0.0364691  ])
328520  , -4292.51    , array([ 0.423298   ,  0.108217   ,  2.09586e-95,  0.14724    ,  0.0364691  ])
328521  , -4290.63    , array([ 0.423298   ,  0.108109   ,  2.09796e-95,  0.14724    ,  0.0364691  ])
328522  , -4290.62    , array([ 0.423298   ,  0.108109   ,  2.09586e-95,  0.147387   ,  0.0364691  ])
328523  , -4293.67    , array([ 0.423298   ,  0.108109   ,  2.09586e-95,  0.14724    ,  0.0365056  ])
328524  , -4290.63    , array([ 0.4233     ,  0.108109   ,  2.09586e-95,  0.147247   ,  0.0364692  ])
328525  , -4290.63    , array([ 0.4233     ,  0.108109   ,  2.09586e-95,  0.147247   ,  0.0364692  ])
328526  , -4285.07    , array([ 0.423723   ,  0.108109   ,  2.09586e-95,  0.147247   ,  0.0364692  ])
328527  , -4292.51    , array([ 0.4233     ,  0.108217   ,  2.09586e-95,  0.147247   ,  0.0364692  ])
328528  , -4290.63    , array([ 0.4233     ,  0.108109   ,  2.09796e-95,  0.147247   ,  0.0364692  ])
328529  , -4290.62    , array([ 0.4233     ,  0.108109   ,  2.09586e-95,  0.147394   ,  0.0364692  ])
328530  , -4293.66    , array([ 0.4233     ,  0.108109   ,  2.09586e-95,  0.147247   ,  0.0365057  ])
328538  , -4290.63    , array([ 0.4233     ,  0.108109   ,  2.09586e-95,  0.147248   ,  0.0364693  ])
328539  , -4290.63    , array([ 0.4233     ,  0.108109   ,  2.09586e-95,  0.147248   ,  0.0364693  ])
328540  , -4285.07    , array([ 0.423724   ,  0.108109   ,  2.09586e-95,  0.147248   ,  0.0364693  ])
328541  , -4292.51    , array([ 0.4233     ,  0.108217   ,  2.09586e-95,  0.147248   ,  0.0364693  ])
328542  , -4290.63    , array([ 0.4233     ,  0.108109   ,  2.09796e-95,  0.147248   ,  0.0364693  ])
328543  , -4290.62    , array([ 0.4233     ,  0.108109   ,  2.09586e-95,  0.147395   ,  0.0364693  ])
328544  , -4293.66    , array([ 0.4233     ,  0.108109   ,  2.09586e-95,  0.147248   ,  0.0365057  ])
328545  , -4290.63    , array([ 0.423301   ,  0.108109   ,  2.09586e-95,  0.14725    ,  0.0364693  ])
328546  , -4290.63    , array([ 0.423301   ,  0.108109   ,  2.09586e-95,  0.14725    ,  0.0364693  ])
328547  , -4285.07    , array([ 0.423724   ,  0.108109   ,  2.09586e-95,  0.14725    ,  0.0364693  ])
328548  , -4292.51    , array([ 0.423301   ,  0.108218   ,  2.09586e-95,  0.14725    ,  0.0364693  ])
328549  , -4290.63    , array([ 0.423301   ,  0.108109   ,  2.09796e-95,  0.14725    ,  0.0364693  ])
328550  , -4290.62    , array([ 0.423301   ,  0.108109   ,  2.09586e-95,  0.147397   ,  0.0364693  ])
328551  , -4293.66    , array([ 0.423301   ,  0.108109   ,  2.09586e-95,  0.14725    ,  0.0365058  ])
328552  , -4306.56    , array([ 0.546893   ,  0.135035   ,  2.09586e-95,  2.55776    ,  0.0464377  ])
328553  , -4306.56    , array([ 0.546893   ,  0.135035   ,  2.09586e-95,  2.55776    ,  0.0464377  ])
328554  , -4301.94    , array([ 0.54744    ,  0.135035   ,  2.09586e-95,  2.55776    ,  0.0464377  ])
328555  , -4312.15    , array([ 0.546893   ,  0.13517    ,  2.09586e-95,  2.55776    ,  0.0464377  ])
328556  , -4306.56    , array([ 0.546893   ,  0.135035   ,  2.09796e-95,  2.55776    ,  0.0464377  ])
328557  , -4307.24    , array([ 0.546893   ,  0.135035   ,  2.09586e-95,  2.56032    ,  0.0464377  ])
328558  , -4305.98    , array([ 0.546893   ,  0.135035   ,  2.09586e-95,  2.55776    ,  0.0464841  ])
328559  , -4127.99    , array([ 0.487815   ,  0.122277   ,  2.09586e-95,  0.715472   ,  0.0416907  ])
328560  , -4127.99    , array([ 0.487815   ,  0.122277   ,  2.09586e-95,  0.715472   ,  0.0416907  ])
328561  , -4122.84    , array([ 0.488303   ,  0.122277   ,  2.09586e-95,  0.715472   ,  0.0416907  ])
328562  , -4130.69    , array([ 0.487815   ,  0.1224     ,  2.09586e-95,  0.715472   ,  0.0416907  ])
328563  , -4127.99    , array([ 0.487815   ,  0.122277   ,  2.09796e-95,  0.715472   ,  0.0416907  ])
328564  , -4128       , array([ 0.487815   ,  0.122277   ,  2.09586e-95,  0.716188   ,  0.0416907  ])
328565  , -4130.05    , array([ 0.487815   ,  0.122277   ,  2.09586e-95,  0.715472   ,  0.0417324  ])
328566  , -3830.52    , array([ 0.505937   ,  0.117504   ,  2.09586e-95,  1.34924    ,  0.0409924  ])
328567  , -3830.52    , array([ 0.505937   ,  0.117504   ,  2.09586e-95,  1.34924    ,  0.0409924  ])
328568  , -3825.9     , array([ 0.506444   ,  0.117504   ,  2.09586e-95,  1.34924    ,  0.0409924  ])
328569  , -3833.61    , array([ 0.505937   ,  0.117622   ,  2.09586e-95,  1.34924    ,  0.0409924  ])
328570  , -3830.52    , array([ 0.505937   ,  0.117504   ,  2.09796e-95,  1.34924    ,  0.0409924  ])
328571  , -3830.61    , array([ 0.505937   ,  0.117504   ,  2.09586e-95,  1.35059    ,  0.0409924  ])
328572  , -3831.73    , array([ 0.505937   ,  0.117504   ,  2.09586e-95,  1.34924    ,  0.0410334  ])
328573  , -3327.97    , array([ 0.565531   ,  0.114925   ,  2.09586e-95,  0.892008   ,  0.0416243  ])
328574  , -3327.97    , array([ 0.565531   ,  0.114925   ,  2.09586e-95,  0.892008   ,  0.0416243  ])
328575  , -3324.09    , array([ 0.566097   ,  0.114925   ,  2.09586e-95,  0.892008   ,  0.0416243  ])
328576  , -3329.42    , array([ 0.565531   ,  0.11504    ,  2.09586e-95,  0.892008   ,  0.0416243  ])
328577  , -3327.97    , array([ 0.565531   ,  0.114925   ,  2.09796e-95,  0.892008   ,  0.0416243  ])
328578  , -3327.92    , array([ 0.565531   ,  0.114925   ,  2.09586e-95,  0.892901   ,  0.0416243  ])
328579  , -3330.13    , array([ 0.565531   ,  0.114925   ,  2.09586e-95,  0.892008   ,  0.041666   ])
328580  , -2560.96    , array([ 0.543512   ,  0.0811896  ,  2.09586e-95,  1.46743    ,  0.0309355  ])
328581  , -2560.96    , array([ 0.543512   ,  0.0811896  ,  2.09586e-95,  1.46743    ,  0.0309355  ])
328582  , -2558.36    , array([ 0.544056   ,  0.0811896  ,  2.09586e-95,  1.46743    ,  0.0309355  ])
328583  , -2561.2     , array([ 0.543512   ,  0.0812708  ,  2.09586e-95,  1.46743    ,  0.0309355  ])
328584  , -2560.96    , array([ 0.543512   ,  0.0811896  ,  2.09796e-95,  1.46743    ,  0.0309355  ])
328585  , -2560.88    , array([ 0.543512   ,  0.0811896  ,  2.09586e-95,  1.4689     ,  0.0309355  ])
328586  , -2562.79    , array([ 0.543512   ,  0.0811896  ,  2.09586e-95,  1.46743    ,  0.0309664  ])
328594  , -2560.95    , array([ 0.543514   ,  0.0811896  ,  2.09586e-95,  1.46744    ,  0.0309355  ])
328595  , -2560.95    , array([ 0.543514   ,  0.0811896  ,  2.09586e-95,  1.46744    ,  0.0309355  ])
328596  , -2558.35    , array([ 0.544058   ,  0.0811896  ,  2.09586e-95,  1.46744    ,  0.0309355  ])
328597  , -2561.19    , array([ 0.543514   ,  0.0812708  ,  2.09586e-95,  1.46744    ,  0.0309355  ])
328598  , -2560.95    , array([ 0.543514   ,  0.0811896  ,  2.09796e-95,  1.46744    ,  0.0309355  ])
328599  , -2560.88    , array([ 0.543514   ,  0.0811896  ,  2.09586e-95,  1.46891    ,  0.0309355  ])
328600  , -2562.79    , array([ 0.543514   ,  0.0811896  ,  2.09586e-95,  1.46744    ,  0.0309665  ])
328601  , -2560.94    , array([ 0.543519   ,  0.0811899  ,  2.09586e-95,  1.46747    ,  0.0309357  ])
328602  , -2560.94    , array([ 0.543519   ,  0.0811899  ,  2.09586e-95,  1.46747    ,  0.0309357  ])
328603  , -2558.34    , array([ 0.544062   ,  0.0811899  ,  2.09586e-95,  1.46747    ,  0.0309357  ])
328604  , -2561.18    , array([ 0.543519   ,  0.0812711  ,  2.09586e-95,  1.46747    ,  0.0309357  ])
328605  , -2560.94    , array([ 0.543519   ,  0.0811899  ,  2.09796e-95,  1.46747    ,  0.0309357  ])
328606  , -2560.87    , array([ 0.543519   ,  0.0811899  ,  2.09586e-95,  1.46894    ,  0.0309357  ])
328607  , -2562.77    , array([ 0.543519   ,  0.0811899  ,  2.09586e-95,  1.46747    ,  0.0309666  ])
328608  , -2096.84    , array([ 0.859921   ,  0.0947836  ,  2.09586e-95,  4.04614    ,  0.0401147  ])
328609  , -2096.84    , array([ 0.859921   ,  0.0947836  ,  2.09586e-95,  4.04614    ,  0.0401147  ])
328610  , -2095.58    , array([ 0.860781   ,  0.0947836  ,  2.09586e-95,  4.04614    ,  0.0401147  ])
328611  , -2098.9     , array([ 0.859921   ,  0.0948784  ,  2.09586e-95,  4.04614    ,  0.0401147  ])
328612  , -2096.84    , array([ 0.859921   ,  0.0947836  ,  2.09796e-95,  4.04614    ,  0.0401147  ])
328613  , -2097.25    , array([ 0.859921   ,  0.0947836  ,  2.09586e-95,  4.05019    ,  0.0401147  ])
328614  , -2096.61    , array([ 0.859921   ,  0.0947836  ,  2.09586e-95,  4.04614    ,  0.0401548  ])
328615  , -1826.13    , array([ 1.03185    ,  0.0737521  ,  2.09586e-95,  2.27783    ,  0.0327323  ])
328616  , -1826.13    , array([ 1.03185    ,  0.0737521  ,  2.09586e-95,  2.27783    ,  0.0327323  ])
328617  , -1825.58    , array([ 1.03288    ,  0.0737521  ,  2.09586e-95,  2.27783    ,  0.0327323  ])
328618  , -1823.45    , array([ 1.03185    ,  0.0738258  ,  2.09586e-95,  2.27783    ,  0.0327323  ])
328619  , -1826.13    , array([ 1.03185    ,  0.0737521  ,  2.09796e-95,  2.27783    ,  0.0327323  ])
328620  , -1825.77    , array([ 1.03185    ,  0.0737521  ,  2.09586e-95,  2.28011    ,  0.0327323  ])
328621  , -1829.02    , array([ 1.03185    ,  0.0737521  ,  2.09586e-95,  2.27783    ,  0.0327651  ])
328622  , -1675.1     , array([ 0.920333   ,  0.0586207  ,  2.09586e-95,  4.02889    ,  0.0257216  ])
328623  , -1675.1     , array([ 0.920333   ,  0.0586207  ,  2.09586e-95,  4.02889    ,  0.0257216  ])
328624  , -1674.63    , array([ 0.921254   ,  0.0586207  ,  2.09586e-95,  4.02889    ,  0.0257216  ])
328625  , -1673.75    , array([ 0.920333   ,  0.0586793  ,  2.09586e-95,  4.02889    ,  0.0257216  ])
328626  , -1675.1     , array([ 0.920333   ,  0.0586207  ,  2.09796e-95,  4.02889    ,  0.0257216  ])
328627  , -1674.89    , array([ 0.920333   ,  0.0586207  ,  2.09586e-95,  4.03292    ,  0.0257216  ])
328628  , -1676.46    , array([ 0.920333   ,  0.0586207  ,  2.09586e-95,  4.02889    ,  0.0257473  ])
328629  , -1693.54    , array([ 1.08164    ,  0.0551544  ,  2.09586e-95,  8.58741    ,  0.0249194  ])
328630  , -1693.54    , array([ 1.08164    ,  0.0551544  ,  2.09586e-95,  8.58741    ,  0.0249194  ])
328631  , -1693.34    , array([ 1.08272    ,  0.0551544  ,  2.09586e-95,  8.58741    ,  0.0249194  ])
328632  , -1695.38    , array([ 1.08164    ,  0.0552096  ,  2.09586e-95,  8.58741    ,  0.0249194  ])
328633  , -1693.54    , array([ 1.08164    ,  0.0551544  ,  2.09796e-95,  8.58741    ,  0.0249194  ])
328634  , -1694.2     , array([ 1.08164    ,  0.0551544  ,  2.09586e-95,  8.59601    ,  0.0249194  ])
328635  , -1692.46    , array([ 1.08164    ,  0.0551544  ,  2.09586e-95,  8.58741    ,  0.0249443  ])
328636  , -1614.69    , array([ 0.996924   ,  0.0568785  ,  2.09586e-95,  5.85967    ,  0.0253213  ])
328637  , -1614.69    , array([ 0.996924   ,  0.0568785  ,  2.09586e-95,  5.85967    ,  0.0253213  ])
328638  , -1614.36    , array([ 0.997921   ,  0.0568785  ,  2.09586e-95,  5.85967    ,  0.0253213  ])
328639  , -1614.66    , array([ 0.996924   ,  0.0569354  ,  2.09586e-95,  5.85967    ,  0.0253213  ])
328640  , -1614.69    , array([ 0.996924   ,  0.0568785  ,  2.09796e-95,  5.85967    ,  0.0253213  ])
328641  , -1614.73    , array([ 0.996924   ,  0.0568785  ,  2.09586e-95,  5.86553    ,  0.0253213  ])
328642  , -1614.9     , array([ 0.996924   ,  0.0568785  ,  2.09586e-95,  5.85967    ,  0.0253467  ])
328643  , -1586.61    , array([ 1.13673    ,  0.0580715  ,  2.09586e-95,  5.88738    ,  0.0261242  ])
328644  , -1586.61    , array([ 1.13673    ,  0.0580715  ,  2.09586e-95,  5.88738    ,  0.0261242  ])
328645  , -1586.42    , array([ 1.13787    ,  0.0580715  ,  2.09586e-95,  5.88738    ,  0.0261242  ])
328646  , -1586.54    , array([ 1.13673    ,  0.0581296  ,  2.09586e-95,  5.88738    ,  0.0261242  ])
328647  , -1586.61    , array([ 1.13673    ,  0.0580715  ,  2.09796e-95,  5.88738    ,  0.0261242  ])
328648  , -1586.65    , array([ 1.13673    ,  0.0580715  ,  2.09586e-95,  5.89327    ,  0.0261242  ])
328649  , -1586.83    , array([ 1.13673    ,  0.0580715  ,  2.09586e-95,  5.88738    ,  0.0261503  ])
328650  , -1568.73    , array([ 1.32676    ,  0.0590307  ,  2.09586e-95,  5.45224    ,  0.0266236  ])
328651  , -1568.73    , array([ 1.32676    ,  0.0590307  ,  2.09586e-95,  5.45224    ,  0.0266236  ])
328652  , -1568.67    , array([ 1.32809    ,  0.0590307  ,  2.09586e-95,  5.45224    ,  0.0266236  ])
328653  , -1568.31    , array([ 1.32676    ,  0.0590898  ,  2.09586e-95,  5.45224    ,  0.0266236  ])
328654  , -1568.73    , array([ 1.32676    ,  0.0590307  ,  2.09796e-95,  5.45224    ,  0.0266236  ])
328655  , -1568.7     , array([ 1.32676    ,  0.0590307  ,  2.09586e-95,  5.45769    ,  0.0266236  ])
328656  , -1569.18    , array([ 1.32676    ,  0.0590307  ,  2.09586e-95,  5.45224    ,  0.0266502  ])
328657  , -1564.12    , array([ 1.40513    ,  0.0580619  ,  2.09586e-95,  5.61767    ,  0.0260861  ])
328658  , -1564.12    , array([ 1.40513    ,  0.0580619  ,  2.09586e-95,  5.61767    ,  0.0260861  ])
328659  , -1564.1     , array([ 1.40654    ,  0.0580619  ,  2.09586e-95,  5.61767    ,  0.0260861  ])
328660  , -1563.86    , array([ 1.40513    ,  0.05812    ,  2.09586e-95,  5.61767    ,  0.0260861  ])
328661  , -1564.12    , array([ 1.40513    ,  0.0580619  ,  2.09796e-95,  5.61767    ,  0.0260861  ])
328662  , -1564.12    , array([ 1.40513    ,  0.0580619  ,  2.09586e-95,  5.62329    ,  0.0260861  ])
328663  , -1564.42    , array([ 1.40513    ,  0.0580619  ,  2.09586e-95,  5.61767    ,  0.0261122  ])
328664  , -1560.67    , array([ 1.45989    ,  0.0569401  ,  2.09586e-95,  5.46092    ,  0.0252152  ])
328665  , -1560.67    , array([ 1.45989    ,  0.0569401  ,  2.09586e-95,  5.46092    ,  0.0252152  ])
328666  , -1560.68    , array([ 1.46135    ,  0.0569401  ,  2.09586e-95,  5.46092    ,  0.0252152  ])
328667  , -1560.46    , array([ 1.45989    ,  0.0569971  ,  2.09586e-95,  5.46092    ,  0.0252152  ])
328668  , -1560.67    , array([ 1.45989    ,  0.0569401  ,  2.09796e-95,  5.46092    ,  0.0252152  ])
328669  , -1560.67    , array([ 1.45989    ,  0.0569401  ,  2.09586e-95,  5.46638    ,  0.0252152  ])
328670  , -1560.88    , array([ 1.45989    ,  0.0569401  ,  2.09586e-95,  5.46092    ,  0.0252404  ])
328671  , -1558.01    , array([ 1.48938    ,  0.0568245  ,  2.09586e-95,  5.08148    ,  0.02461    ])
328672  , -1558.01    , array([ 1.48938    ,  0.0568245  ,  2.09586e-95,  5.08148    ,  0.02461    ])
328673  , -1558.03    , array([ 1.49087    ,  0.0568245  ,  2.09586e-95,  5.08148    ,  0.02461    ])
328674  , -1557.91    , array([ 1.48938    ,  0.0568814  ,  2.09586e-95,  5.08148    ,  0.02461    ])
328675  , -1558.01    , array([ 1.48938    ,  0.0568245  ,  2.09796e-95,  5.08148    ,  0.02461    ])
328676  , -1558.01    , array([ 1.48938    ,  0.0568245  ,  2.09586e-95,  5.08656    ,  0.02461    ])
328677  , -1558.08    , array([ 1.48938    ,  0.0568245  ,  2.09586e-95,  5.08148    ,  0.0246346  ])
328678  , -1556.27    , array([ 1.48274    ,  0.0577913  ,  2.09586e-95,  4.64867    ,  0.024559   ])
328679  , -1556.27    , array([ 1.48274    ,  0.0577913  ,  2.09586e-95,  4.64867    ,  0.024559   ])
328680  , -1556.28    , array([ 1.48422    ,  0.0577913  ,  2.09586e-95,  4.64867    ,  0.024559   ])
328681  , -1556.27    , array([ 1.48274    ,  0.0578491  ,  2.09586e-95,  4.64867    ,  0.024559   ])
328682  , -1556.27    , array([ 1.48274    ,  0.0577913  ,  2.09796e-95,  4.64867    ,  0.024559   ])
328683  , -1556.28    , array([ 1.48274    ,  0.0577913  ,  2.09586e-95,  4.65332    ,  0.024559   ])
328684  , -1556.24    , array([ 1.48274    ,  0.0577913  ,  2.09586e-95,  4.64867    ,  0.0245836  ])
328685  , -1555.15    , array([ 1.45343    ,  0.0590364  ,  2.09586e-95,  4.34298    ,  0.0248504  ])
328686  , -1555.15    , array([ 1.45343    ,  0.0590364  ,  2.09586e-95,  4.34298    ,  0.0248504  ])
328687  , -1555.16    , array([ 1.45488    ,  0.0590364  ,  2.09586e-95,  4.34298    ,  0.0248504  ])
328688  , -1555.18    , array([ 1.45343    ,  0.0590955  ,  2.09586e-95,  4.34298    ,  0.0248504  ])
328689  , -1555.15    , array([ 1.45343    ,  0.0590364  ,  2.09796e-95,  4.34298    ,  0.0248504  ])
328690  , -1555.16    , array([ 1.45343    ,  0.0590364  ,  2.09586e-95,  4.34732    ,  0.0248504  ])
328691  , -1555.12    , array([ 1.45343    ,  0.0590364  ,  2.09586e-95,  4.34298    ,  0.0248753  ])
328692  , -1554.88    , array([ 1.43681    ,  0.0594927  ,  2.09586e-95,  4.27084    ,  0.0250338  ])
328693  , -1554.88    , array([ 1.43681    ,  0.0594927  ,  2.09586e-95,  4.27084    ,  0.0250338  ])
328694  , -1554.88    , array([ 1.43824    ,  0.0594927  ,  2.09586e-95,  4.27084    ,  0.0250338  ])
328695  , -1554.88    , array([ 1.43681    ,  0.0595522  ,  2.09586e-95,  4.27084    ,  0.0250338  ])
328696  , -1554.88    , array([ 1.43681    ,  0.0594927  ,  2.09796e-95,  4.27084    ,  0.0250338  ])
328697  , -1554.88    , array([ 1.43681    ,  0.0594927  ,  2.09586e-95,  4.27511    ,  0.0250338  ])
328698  , -1554.88    , array([ 1.43681    ,  0.0594927  ,  2.09586e-95,  4.27084    ,  0.0250589  ])
328699  , -1554.88    , array([ 1.43686    ,  0.0594782  ,  2.09586e-95,  4.27295    ,  0.025032   ])
328700  , -1554.88    , array([ 1.43686    ,  0.0594782  ,  2.09586e-95,  4.27295    ,  0.025032   ])
328701  , -1554.88    , array([ 1.43829    ,  0.0594782  ,  2.09586e-95,  4.27295    ,  0.025032   ])
328702  , -1554.89    , array([ 1.43686    ,  0.0595377  ,  2.09586e-95,  4.27295    ,  0.025032   ])
328703  , -1554.88    , array([ 1.43686    ,  0.0594782  ,  2.09796e-95,  4.27295    ,  0.025032   ])
328704  , -1554.88    , array([ 1.43686    ,  0.0594782  ,  2.09586e-95,  4.27723    ,  0.025032   ])
328705  , -1554.88    , array([ 1.43686    ,  0.0594782  ,  2.09586e-95,  4.27295    ,  0.0250571  ])
328706  , -1554.88    , array([ 1.43681    ,  0.0594924  ,  2.09586e-95,  4.27088    ,  0.0250338  ])
328707  , -1554.88    , array([ 1.43681    ,  0.0594924  ,  2.09586e-95,  4.27088    ,  0.0250338  ])
328708  , -1554.88    , array([ 1.43825    ,  0.0594924  ,  2.09586e-95,  4.27088    ,  0.0250338  ])
328709  , -1554.88    , array([ 1.43681    ,  0.059552   ,  2.09586e-95,  4.27088    ,  0.0250338  ])
328710  , -1554.88    , array([ 1.43681    ,  0.0594924  ,  2.09796e-95,  4.27088    ,  0.0250338  ])
328711  , -1554.88    , array([ 1.43681    ,  0.0594924  ,  2.09586e-95,  4.27515    ,  0.0250338  ])
328712  , -1554.88    , array([ 1.43681    ,  0.0594924  ,  2.09586e-95,  4.27088    ,  0.0250588  ])
328713  , -1554.88    , array([ 1.43681    ,  0.0594927  ,  2.09586e-95,  4.27084    ,  0.0250338  ])
328714  , -1554.88    , array([ 1.43681    ,  0.0594927  ,  2.09586e-95,  4.27084    ,  0.0250338  ])
328715  , -1554.88    , array([ 1.43824    ,  0.0594927  ,  2.09586e-95,  4.27084    ,  0.0250338  ])
328716  , -1554.88    , array([ 1.43681    ,  0.0595522  ,  2.09586e-95,  4.27084    ,  0.0250338  ])
328717  , -1554.88    , array([ 1.43681    ,  0.0594927  ,  2.09796e-95,  4.27084    ,  0.0250338  ])
328718  , -1554.88    , array([ 1.43681    ,  0.0594927  ,  2.09586e-95,  4.27511    ,  0.0250338  ])
328719  , -1554.88    , array([ 1.43681    ,  0.0594927  ,  2.09586e-95,  4.27084    ,  0.0250589  ])
328720  , -1554.88    , array([ 1.43681    ,  0.0594927  ,  2.09586e-95,  4.27084    ,  0.0250338  ])
328721  , -1554.88    , array([ 1.43681    ,  0.0594927  ,  2.09586e-95,  4.27084    ,  0.0250338  ])
328722  , -1554.88    , array([ 1.43824    ,  0.0594927  ,  2.09586e-95,  4.27084    ,  0.0250338  ])
328723  , -1554.88    , array([ 1.43681    ,  0.0595522  ,  2.09586e-95,  4.27084    ,  0.0250338  ])
328724  , -1554.88    , array([ 1.43681    ,  0.0594927  ,  2.09796e-95,  4.27084    ,  0.0250338  ])
328725  , -1554.88    , array([ 1.43681    ,  0.0594927  ,  2.09586e-95,  4.27511    ,  0.0250338  ])
328726  , -1554.88    , array([ 1.43681    ,  0.0594927  ,  2.09586e-95,  4.27084    ,  0.0250589  ])
328727  , -1554.88    , array([ 1.43681    ,  0.0594927  ,  2.09586e-95,  4.27084    ,  0.0250338  ])
328728  , -1554.88    , array([ 1.43681    ,  0.0594927  ,  2.09586e-95,  4.27084    ,  0.0250338  ])
328729  , -1554.88    , array([ 1.43824    ,  0.0594927  ,  2.09586e-95,  4.27084    ,  0.0250338  ])
328730  , -1554.88    , array([ 1.43681    ,  0.0595522  ,  2.09586e-95,  4.27084    ,  0.0250338  ])
328731  , -1554.88    , array([ 1.43681    ,  0.0594927  ,  2.09796e-95,  4.27084    ,  0.0250338  ])
328732  , -1554.88    , array([ 1.43681    ,  0.0594927  ,  2.09586e-95,  4.27511    ,  0.0250338  ])
328733  , -1554.88    , array([ 1.43681    ,  0.0594927  ,  2.09586e-95,  4.27084    ,  0.0250589  ])
328734  , -1554.88    , array([ 1.43681    ,  0.0594927  ,  2.09586e-95,  4.27084    ,  0.0250338  ])
328735  , -1554.88    , array([ 1.43681    ,  0.0594927  ,  2.09586e-95,  4.27084    ,  0.0250338  ])
328736  , -1554.88    , array([ 1.43824    ,  0.0594927  ,  2.09586e-95,  4.27084    ,  0.0250338  ])
328737  , -1554.88    , array([ 1.43681    ,  0.0595522  ,  2.09586e-95,  4.27084    ,  0.0250338  ])
328738  , -1554.88    , array([ 1.43681    ,  0.0594927  ,  2.09796e-95,  4.27084    ,  0.0250338  ])
328739  , -1554.88    , array([ 1.43681    ,  0.0594927  ,  2.09586e-95,  4.27511    ,  0.0250338  ])
328740  , -1554.88    , array([ 1.43681    ,  0.0594927  ,  2.09586e-95,  4.27084    ,  0.0250589  ])
328741  , -1554.88    , array([ 1.43681    ,  0.0594927  ,  2.09586e-95,  4.27084    ,  0.0250338  ])
328742  , -1554.88    , array([ 1.43681    ,  0.0594927  ,  2.09586e-95,  4.27084    ,  0.0250338  ])
328743  , -1554.88    , array([ 1.43824    ,  0.0594927  ,  2.09586e-95,  4.27084    ,  0.0250338  ])
328744  , -1554.88    , array([ 1.43681    ,  0.0595522  ,  2.09586e-95,  4.27084    ,  0.0250338  ])
328745  , -1554.88    , array([ 1.43681    ,  0.0594927  ,  2.09796e-95,  4.27084    ,  0.0250338  ])
328746  , -1554.88    , array([ 1.43681    ,  0.0594927  ,  2.09586e-95,  4.27511    ,  0.0250338  ])
328747  , -1554.88    , array([ 1.43681    ,  0.0594927  ,  2.09586e-95,  4.27084    ,  0.0250589  ])
328748  , -1554.88    , array([ 1.43681    ,  0.0594927  ,  2.09586e-95,  4.27084    ,  0.0250338  ])
328749  , -1554.88    , array([ 1.43681    ,  0.0594927  ,  2.09586e-95,  4.27084    ,  0.0250338  ])
328750  , -1554.88    , array([ 1.43824    ,  0.0594927  ,  2.09586e-95,  4.27084    ,  0.0250338  ])
328751  , -1554.88    , array([ 1.43681    ,  0.0595522  ,  2.09586e-95,  4.27084    ,  0.0250338  ])
328752  , -1554.88    , array([ 1.43681    ,  0.0594927  ,  2.09796e-95,  4.27084    ,  0.0250338  ])
328753  , -1554.88    , array([ 1.43681    ,  0.0594927  ,  2.09586e-95,  4.27511    ,  0.0250338  ])
328754  , -1554.88    , array([ 1.43681    ,  0.0594927  ,  2.09586e-95,  4.27084    ,  0.0250589  ])
328755  , -1554.88    , array([ 1.43681    ,  0.0594927  ,  2.09586e-95,  4.27084    ,  0.0250338  ])
328756  , -1554.88    , array([ 1.43681    ,  0.0594927  ,  2.09586e-95,  4.27084    ,  0.0250338  ])
328757  , -1554.88    , array([ 1.43824    ,  0.0594927  ,  2.09586e-95,  4.27084    ,  0.0250338  ])
328758  , -1554.88    , array([ 1.43681    ,  0.0595522  ,  2.09586e-95,  4.27084    ,  0.0250338  ])
328759  , -1554.88    , array([ 1.43681    ,  0.0594927  ,  2.09796e-95,  4.27084    ,  0.0250338  ])
328760  , -1554.88    , array([ 1.43681    ,  0.0594927  ,  2.09586e-95,  4.27511    ,  0.0250338  ])
328761  , -1554.88    , array([ 1.43681    ,  0.0594927  ,  2.09586e-95,  4.27084    ,  0.0250589  ])
328762  , -1554.88    , array([ 1.43681    ,  0.0594927  ,  2.09586e-95,  4.27084    ,  0.0250338  ])
328763  , -1554.88    , array([ 1.43681    ,  0.0594927  ,  2.09586e-95,  4.27084    ,  0.0250338  ])
328764  , -1554.88    , array([ 1.43824    ,  0.0594927  ,  2.09586e-95,  4.27084    ,  0.0250338  ])
328765  , -1554.88    , array([ 1.43681    ,  0.0595522  ,  2.09586e-95,  4.27084    ,  0.0250338  ])
328766  , -1554.88    , array([ 1.43681    ,  0.0594927  ,  2.09796e-95,  4.27084    ,  0.0250338  ])
328767  , -1554.88    , array([ 1.43681    ,  0.0594927  ,  2.09586e-95,  4.27511    ,  0.0250338  ])
328768  , -1554.88    , array([ 1.43681    ,  0.0594927  ,  2.09586e-95,  4.27084    ,  0.0250589  ])
328769  , -1554.88    , array([ 1.43681    ,  0.0594927  ,  2.09586e-95,  4.27084    ,  0.0250338  ])
328770  , -1554.88    , array([ 1.43681    ,  0.0594927  ,  2.09586e-95,  4.27084    ,  0.0250338  ])
328771  , -1554.88    , array([ 1.43824    ,  0.0594927  ,  2.09586e-95,  4.27084    ,  0.0250338  ])
328772  , -1554.88    , array([ 1.43681    ,  0.0595522  ,  2.09586e-95,  4.27084    ,  0.0250338  ])
328773  , -1554.88    , array([ 1.43681    ,  0.0594927  ,  2.09796e-95,  4.27084    ,  0.0250338  ])
328774  , -1554.88    , array([ 1.43681    ,  0.0594927  ,  2.09586e-95,  4.27511    ,  0.0250338  ])
328775  , -1554.88    , array([ 1.43681    ,  0.0594927  ,  2.09586e-95,  4.27084    ,  0.0250589  ])
328776  , -1554.88    , array([ 1.43681    ,  0.0594927  ,  2.09586e-95,  4.27084    ,  0.0250338  ])
328777  , -1554.88    , array([ 1.43681    ,  0.0594927  ,  2.09586e-95,  4.27084    ,  0.0250338  ])
328778  , -1554.88    , array([ 1.43824    ,  0.0594927  ,  2.09586e-95,  4.27084    ,  0.0250338  ])
328779  , -1554.88    , array([ 1.43681    ,  0.0595522  ,  2.09586e-95,  4.27084    ,  0.0250338  ])
328780  , -1554.88    , array([ 1.43681    ,  0.0594927  ,  2.09796e-95,  4.27084    ,  0.0250338  ])
328781  , -1554.88    , array([ 1.43681    ,  0.0594927  ,  2.09586e-95,  4.27511    ,  0.0250338  ])
328782  , -1554.88    , array([ 1.43681    ,  0.0594927  ,  2.09586e-95,  4.27084    ,  0.0250589  ])
328783  , -1554.88    , array([ 1.43681    ,  0.0594927  ,  2.09586e-95,  4.27084    ,  0.0250338  ])
328784  , -1554.88    , array([ 1.43681    ,  0.0594927  ,  2.09586e-95,  4.27084    ,  0.0250338  ])
328785  , -1554.88    , array([ 1.43824    ,  0.0594927  ,  2.09586e-95,  4.27084    ,  0.0250338  ])
328786  , -1554.88    , array([ 1.43681    ,  0.0595522  ,  2.09586e-95,  4.27084    ,  0.0250338  ])
328787  , -1554.88    , array([ 1.43681    ,  0.0594927  ,  2.09796e-95,  4.27084    ,  0.0250338  ])
328788  , -1554.88    , array([ 1.43681    ,  0.0594927  ,  2.09586e-95,  4.27511    ,  0.0250338  ])
328789  , -1554.88    , array([ 1.43681    ,  0.0594927  ,  2.09586e-95,  4.27084    ,  0.0250589  ])
328790  , -1554.88    , array([ 1.43681    ,  0.0594927  ,  2.09586e-95,  4.27084    ,  0.0250338  ])
328791  , -1554.88    , array([ 1.43681    ,  0.0594927  ,  2.09586e-95,  4.27084    ,  0.0250338  ])
328792  , -1554.88    , array([ 1.43824    ,  0.0594927  ,  2.09586e-95,  4.27084    ,  0.0250338  ])
328793  , -1554.88    , array([ 1.43681    ,  0.0595522  ,  2.09586e-95,  4.27084    ,  0.0250338  ])
328794  , -1554.88    , array([ 1.43681    ,  0.0594927  ,  2.09796e-95,  4.27084    ,  0.0250338  ])
328795  , -1554.88    , array([ 1.43681    ,  0.0594927  ,  2.09586e-95,  4.27511    ,  0.0250338  ])
328796  , -1554.88    , array([ 1.43681    ,  0.0594927  ,  2.09586e-95,  4.27084    ,  0.0250589  ])
328797  , -1554.88    , array([ 1.43681    ,  0.0594927  ,  2.09586e-95,  4.27084    ,  0.0250338  ])
328798  , -1554.88    , array([ 1.43681    ,  0.0594927  ,  2.09586e-95,  4.27084    ,  0.0250338  ])
328799  , -1554.88    , array([ 1.43824    ,  0.0594927  ,  2.09586e-95,  4.27084    ,  0.0250338  ])
328800  , -1554.88    , array([ 1.43681    ,  0.0595522  ,  2.09586e-95,  4.27084    ,  0.0250338  ])
328801  , -1554.88    , array([ 1.43681    ,  0.0594927  ,  2.09796e-95,  4.27084    ,  0.0250338  ])
328802  , -1554.88    , array([ 1.43681    ,  0.0594927  ,  2.09586e-95,  4.27511    ,  0.0250338  ])
328803  , -1554.88    , array([ 1.43681    ,  0.0594927  ,  2.09586e-95,  4.27084    ,  0.0250589  ])
328804  , -1554.88    , array([ 1.43681    ,  0.0594927  ,  2.09586e-95,  4.27084    ,  0.0250338  ])
328805  , -1554.88    , array([ 1.43681    ,  0.0594927  ,  2.09586e-95,  4.27084    ,  0.0250338  ])
328806  , -1554.88    , array([ 1.43824    ,  0.0594927  ,  2.09586e-95,  4.27084    ,  0.0250338  ])
328807  , -1554.88    , array([ 1.43681    ,  0.0595522  ,  2.09586e-95,  4.27084    ,  0.0250338  ])
328808  , -1554.88    , array([ 1.43681    ,  0.0594927  ,  2.09796e-95,  4.27084    ,  0.0250338  ])
328809  , -1554.88    , array([ 1.43681    ,  0.0594927  ,  2.09586e-95,  4.27511    ,  0.0250338  ])
328810  , -1554.88    , array([ 1.43681    ,  0.0594927  ,  2.09586e-95,  4.27084    ,  0.0250589  ])
328811  , -1554.88    , array([ 1.43681    ,  0.0594927  ,  2.09586e-95,  4.27084    ,  0.0250338  ])
328812  , -1554.88    , array([ 1.43681    ,  0.0594927  ,  2.09586e-95,  4.27084    ,  0.0250338  ])
328813  , -1554.88    , array([ 1.43824    ,  0.0594927  ,  2.09586e-95,  4.27084    ,  0.0250338  ])
328814  , -1554.88    , array([ 1.43681    ,  0.0595522  ,  2.09586e-95,  4.27084    ,  0.0250338  ])
328815  , -1554.88    , array([ 1.43681    ,  0.0594927  ,  2.09796e-95,  4.27084    ,  0.0250338  ])
328816  , -1554.88    , array([ 1.43681    ,  0.0594927  ,  2.09586e-95,  4.27511    ,  0.0250338  ])
328817  , -1554.88    , array([ 1.43681    ,  0.0594927  ,  2.09586e-95,  4.27084    ,  0.0250589  ])
328818  , -1554.88    , array([ 1.43681    ,  0.0594927  ,  2.09586e-95,  4.27084    ,  0.0250338  ])
328819  , -1554.88    , array([ 1.43681    ,  0.0594927  ,  2.09586e-95,  4.27084    ,  0.0250338  ])
328820  , -1554.88    , array([ 1.43824    ,  0.0594927  ,  2.09586e-95,  4.27084    ,  0.0250338  ])
328821  , -1554.88    , array([ 1.43681    ,  0.0595522  ,  2.09586e-95,  4.27084    ,  0.0250338  ])
328822  , -1554.88    , array([ 1.43681    ,  0.0594927  ,  2.09796e-95,  4.27084    ,  0.0250338  ])
328823  , -1554.88    , array([ 1.43681    ,  0.0594927  ,  2.09586e-95,  4.27511    ,  0.0250338  ])
328824  , -1554.88    , array([ 1.43681    ,  0.0594927  ,  2.09586e-95,  4.27084    ,  0.0250589  ])
328825  , -1554.88    , array([ 1.43681    ,  0.0594927  ,  2.09586e-95,  4.27084    ,  0.0250338  ])
328826  , -1554.88    , array([ 1.43681    ,  0.0594927  ,  2.09586e-95,  4.27084    ,  0.0250338  ])
328827  , -1554.88    , array([ 1.43824    ,  0.0594927  ,  2.09586e-95,  4.27084    ,  0.0250338  ])
328828  , -1554.88    , array([ 1.43681    ,  0.0595522  ,  2.09586e-95,  4.27084    ,  0.0250338  ])
328829  , -1554.88    , array([ 1.43681    ,  0.0594927  ,  2.09796e-95,  4.27084    ,  0.0250338  ])
328830  , -1554.88    , array([ 1.43681    ,  0.0594927  ,  2.09586e-95,  4.27511    ,  0.0250338  ])
328831  , -1554.88    , array([ 1.43681    ,  0.0594927  ,  2.09586e-95,  4.27084    ,  0.0250589  ])
328832  , -1554.88    , array([ 1.43681    ,  0.0594927  ,  2.09586e-95,  4.27084    ,  0.0250338  ])
328833  , -1554.88    , array([ 1.43681    ,  0.0594927  ,  2.09586e-95,  4.27084    ,  0.0250338  ])
328834  , -1554.88    , array([ 1.43824    ,  0.0594927  ,  2.09586e-95,  4.27084    ,  0.0250338  ])
328835  , -1554.88    , array([ 1.43681    ,  0.0595522  ,  2.09586e-95,  4.27084    ,  0.0250338  ])
328836  , -1554.88    , array([ 1.43681    ,  0.0594927  ,  2.09796e-95,  4.27084    ,  0.0250338  ])
328837  , -1554.88    , array([ 1.43681    ,  0.0594927  ,  2.09586e-95,  4.27511    ,  0.0250338  ])
328838  , -1554.88    , array([ 1.43681    ,  0.0594927  ,  2.09586e-95,  4.27084    ,  0.0250589  ])
328839  , -1554.88    , array([ 1.43681    ,  0.0594927  ,  2.09586e-95,  4.27084    ,  0.0250338  ])
328840  , -1554.88    , array([ 1.43681    ,  0.0594927  ,  2.09586e-95,  4.27084    ,  0.0250338  ])
328841  , -1554.88    , array([ 1.43824    ,  0.0594927  ,  2.09586e-95,  4.27084    ,  0.0250338  ])
328842  , -1554.88    , array([ 1.43681    ,  0.0595522  ,  2.09586e-95,  4.27084    ,  0.0250338  ])
328843  , -1554.88    , array([ 1.43681    ,  0.0594927  ,  2.09796e-95,  4.27084    ,  0.0250338  ])
328844  , -1554.88    , array([ 1.43681    ,  0.0594927  ,  2.09586e-95,  4.27511    ,  0.0250338  ])
328845  , -1554.88    , array([ 1.43681    ,  0.0594927  ,  2.09586e-95,  4.27084    ,  0.0250589  ])
328846  , -1554.88    , array([ 1.43681    ,  0.0594927  ,  2.09586e-95,  4.27084    ,  0.0250338  ])
328847  , -1554.88    , array([ 1.43681    ,  0.0594927  ,  2.09586e-95,  4.27084    ,  0.0250338  ])
328848  , -1554.88    , array([ 1.43824    ,  0.0594927  ,  2.09586e-95,  4.27084    ,  0.0250338  ])
328849  , -1554.88    , array([ 1.43681    ,  0.0595522  ,  2.09586e-95,  4.27084    ,  0.0250338  ])
328850  , -1554.88    , array([ 1.43681    ,  0.0594927  ,  2.09796e-95,  4.27084    ,  0.0250338  ])
328851  , -1554.88    , array([ 1.43681    ,  0.0594927  ,  2.09586e-95,  4.27511    ,  0.0250338  ])
328852  , -1554.88    , array([ 1.43681    ,  0.0594927  ,  2.09586e-95,  4.27084    ,  0.0250589  ])
328853  , -1554.88    , array([ 1.43681    ,  0.0594927  ,  2.09586e-95,  4.27084    ,  0.0250338  ])
328854  , -1554.88    , array([ 1.43681    ,  0.0594927  ,  2.09586e-95,  4.27084    ,  0.0250338  ])
328855  , -1554.88    , array([ 1.43824    ,  0.0594927  ,  2.09586e-95,  4.27084    ,  0.0250338  ])
328856  , -1554.88    , array([ 1.43681    ,  0.0595522  ,  2.09586e-95,  4.27084    ,  0.0250338  ])
328857  , -1554.88    , array([ 1.43681    ,  0.0594927  ,  2.09796e-95,  4.27084    ,  0.0250338  ])
328858  , -1554.88    , array([ 1.43681    ,  0.0594927  ,  2.09586e-95,  4.27511    ,  0.0250338  ])
328859  , -1554.88    , array([ 1.43681    ,  0.0594927  ,  2.09586e-95,  4.27084    ,  0.0250589  ])
328860  , -1554.88    , array([ 1.43681    ,  0.0594927  ,  2.09586e-95,  4.27084    ,  0.0250338  ])
328861  , -1554.88    , array([ 1.43681    ,  0.0594927  ,  2.09586e-95,  4.27084    ,  0.0250338  ])
328862  , -1554.88    , array([ 1.43824    ,  0.0594927  ,  2.09586e-95,  4.27084    ,  0.0250338  ])
328863  , -1554.88    , array([ 1.43681    ,  0.0595522  ,  2.09586e-95,  4.27084    ,  0.0250338  ])
328864  , -1554.88    , array([ 1.43681    ,  0.0594927  ,  2.09796e-95,  4.27084    ,  0.0250338  ])
328865  , -1554.88    , array([ 1.43681    ,  0.0594927  ,  2.09586e-95,  4.27511    ,  0.0250338  ])
328866  , -1554.88    , array([ 1.43681    ,  0.0594927  ,  2.09586e-95,  4.27084    ,  0.0250589  ])
328867  , -1554.88    , array([ 1.43681    ,  0.0594927  ,  2.09586e-95,  4.27084    ,  0.0250338  ])
328868  , -1554.88    , array([ 1.43681    ,  0.0594927  ,  2.09586e-95,  4.27084    ,  0.0250338  ])
328869  , -1554.88    , array([ 1.43824    ,  0.0594927  ,  2.09586e-95,  4.27084    ,  0.0250338  ])
328870  , -1554.88    , array([ 1.43681    ,  0.0595522  ,  2.09586e-95,  4.27084    ,  0.0250338  ])
328871  , -1554.88    , array([ 1.43681    ,  0.0594927  ,  2.09796e-95,  4.27084    ,  0.0250338  ])
328872  , -1554.88    , array([ 1.43681    ,  0.0594927  ,  2.09586e-95,  4.27511    ,  0.0250338  ])
328873  , -1554.88    , array([ 1.43681    ,  0.0594927  ,  2.09586e-95,  4.27084    ,  0.0250589  ])
328874  , -1554.88    , array([ 1.43681    ,  0.0594927  ,  2.09586e-95,  4.27084    ,  0.0250338  ])
328875  , -1554.88    , array([ 1.43681    ,  0.0594927  ,  2.09586e-95,  4.27084    ,  0.0250338  ])
328876  , -1554.88    , array([ 1.43824    ,  0.0594927  ,  2.09586e-95,  4.27084    ,  0.0250338  ])
328877  , -1554.88    , array([ 1.43681    ,  0.0595522  ,  2.09586e-95,  4.27084    ,  0.0250338  ])
328878  , -1554.88    , array([ 1.43681    ,  0.0594927  ,  2.09796e-95,  4.27084    ,  0.0250338  ])
328879  , -1554.88    , array([ 1.43681    ,  0.0594927  ,  2.09586e-95,  4.27511    ,  0.0250338  ])
328880  , -1554.88    , array([ 1.43681    ,  0.0594927  ,  2.09586e-95,  4.27084    ,  0.0250589  ])
328881  , -1554.88    , array([ 1.43681    ,  0.0594927  ,  2.09586e-95,  4.27084    ,  0.0250338  ])
328882  , -1554.88    , array([ 1.43681    ,  0.0594927  ,  2.09586e-95,  4.27084    ,  0.0250338  ])
328883  , -1554.88    , array([ 1.43824    ,  0.0594927  ,  2.09586e-95,  4.27084    ,  0.0250338  ])
328884  , -1554.88    , array([ 1.43681    ,  0.0595522  ,  2.09586e-95,  4.27084    ,  0.0250338  ])
328885  , -1554.88    , array([ 1.43681    ,  0.0594927  ,  2.09796e-95,  4.27084    ,  0.0250338  ])
328886  , -1554.88    , array([ 1.43681    ,  0.0594927  ,  2.09586e-95,  4.27511    ,  0.0250338  ])
328887  , -1554.88    , array([ 1.43681    ,  0.0594927  ,  2.09586e-95,  4.27084    ,  0.0250589  ])
328888  , -1554.88    , array([ 1.43681    ,  0.0594927  ,  2.09586e-95,  4.27084    ,  0.0250338  ])
328889  , -1554.88    , array([ 1.43681    ,  0.0594927  ,  2.09586e-95,  4.27084    ,  0.0250338  ])
328890  , -1554.88    , array([ 1.43824    ,  0.0594927  ,  2.09586e-95,  4.27084    ,  0.0250338  ])
328891  , -1554.88    , array([ 1.43681    ,  0.0595522  ,  2.09586e-95,  4.27084    ,  0.0250338  ])
328892  , -1554.88    , array([ 1.43681    ,  0.0594927  ,  2.09796e-95,  4.27084    ,  0.0250338  ])
328893  , -1554.88    , array([ 1.43681    ,  0.0594927  ,  2.09586e-95,  4.27511    ,  0.0250338  ])
328894  , -1554.88    , array([ 1.43681    ,  0.0594927  ,  2.09586e-95,  4.27084    ,  0.0250589  ])
328895  , -1554.88    , array([ 1.43681    ,  0.0594927  ,  2.09586e-95,  4.27084    ,  0.0250338  ])
328896  , -1554.88    , array([ 1.43681    ,  0.0594927  ,  2.09586e-95,  4.27084    ,  0.0250338  ])
328897  , -1554.88    , array([ 1.43824    ,  0.0594927  ,  2.09586e-95,  4.27084    ,  0.0250338  ])
328898  , -1554.88    , array([ 1.43681    ,  0.0595522  ,  2.09586e-95,  4.27084    ,  0.0250338  ])
328899  , -1554.88    , array([ 1.43681    ,  0.0594927  ,  2.09796e-95,  4.27084    ,  0.0250338  ])
328900  , -1554.88    , array([ 1.43681    ,  0.0594927  ,  2.09586e-95,  4.27511    ,  0.0250338  ])
328901  , -1554.88    , array([ 1.43681    ,  0.0594927  ,  2.09586e-95,  4.27084    ,  0.0250589  ])
328902  , -1554.88    , array([ 1.43681    ,  0.0594927  ,  2.09586e-95,  4.27084    ,  0.0250338  ])
328903  , -1554.88    , array([ 1.43681    ,  0.0594927  ,  2.09586e-95,  4.27084    ,  0.0250338  ])
328904  , -1554.88    , array([ 1.43824    ,  0.0594927  ,  2.09586e-95,  4.27084    ,  0.0250338  ])
328905  , -1554.88    , array([ 1.43681    ,  0.0595522  ,  2.09586e-95,  4.27084    ,  0.0250338  ])
328906  , -1554.88    , array([ 1.43681    ,  0.0594927  ,  2.09796e-95,  4.27084    ,  0.0250338  ])
328907  , -1554.88    , array([ 1.43681    ,  0.0594927  ,  2.09586e-95,  4.27511    ,  0.0250338  ])
328908  , -1554.88    , array([ 1.43681    ,  0.0594927  ,  2.09586e-95,  4.27084    ,  0.0250589  ])
328909  , -1554.88    , array([ 1.43681    ,  0.0594927  ,  2.09586e-95,  4.27084    ,  0.0250338  ])
328910  , -1554.88    , array([ 1.43681    ,  0.0594927  ,  2.09586e-95,  4.27084    ,  0.0250338  ])
328911  , -1554.88    , array([ 1.43824    ,  0.0594927  ,  2.09586e-95,  4.27084    ,  0.0250338  ])
328912  , -1554.88    , array([ 1.43681    ,  0.0595522  ,  2.09586e-95,  4.27084    ,  0.0250338  ])
328913  , -1554.88    , array([ 1.43681    ,  0.0594927  ,  2.09796e-95,  4.27084    ,  0.0250338  ])
328914  , -1554.88    , array([ 1.43681    ,  0.0594927  ,  2.09586e-95,  4.27511    ,  0.0250338  ])
328915  , -1554.88    , array([ 1.43681    ,  0.0594927  ,  2.09586e-95,  4.27084    ,  0.0250589  ])
328916  , -1554.88    , array([ 1.43681    ,  0.0594927  ,  2.09586e-95,  4.27084    ,  0.0250338  ])
328917  , -1554.88    , array([ 1.43681    ,  0.0594927  ,  2.09586e-95,  4.27084    ,  0.0250338  ])
328918  , -1554.88    , array([ 1.43824    ,  0.0594927  ,  2.09586e-95,  4.27084    ,  0.0250338  ])
328919  , -1554.88    , array([ 1.43681    ,  0.0595522  ,  2.09586e-95,  4.27084    ,  0.0250338  ])
328920  , -1554.88    , array([ 1.43681    ,  0.0594927  ,  2.09796e-95,  4.27084    ,  0.0250338  ])
328921  , -1554.88    , array([ 1.43681    ,  0.0594927  ,  2.09586e-95,  4.27511    ,  0.0250338  ])
328922  , -1554.88    , array([ 1.43681    ,  0.0594927  ,  2.09586e-95,  4.27084    ,  0.0250589  ])
328923  , -1554.88    , array([ 1.43681    ,  0.0594927  ,  2.09586e-95,  4.27084    ,  0.0250338  ])
328924  , -1554.88    , array([ 1.43681    ,  0.0594927  ,  2.09586e-95,  4.27084    ,  0.0250338  ])
328925  , -1554.88    , array([ 1.43824    ,  0.0594927  ,  2.09586e-95,  4.27084    ,  0.0250338  ])
328926  , -1554.88    , array([ 1.43681    ,  0.0595522  ,  2.09586e-95,  4.27084    ,  0.0250338  ])
328927  , -1554.88    , array([ 1.43681    ,  0.0594927  ,  2.09796e-95,  4.27084    ,  0.0250338  ])
328928  , -1554.88    , array([ 1.43681    ,  0.0594927  ,  2.09586e-95,  4.27511    ,  0.0250338  ])
328929  , -1554.88    , array([ 1.43681    ,  0.0594927  ,  2.09586e-95,  4.27084    ,  0.0250589  ])
328930  , -1554.88    , array([ 1.43681    ,  0.0594927  ,  2.09586e-95,  4.27084    ,  0.0250338  ])
328931  , -1554.88    , array([ 1.43681    ,  0.0594927  ,  2.09586e-95,  4.27084    ,  0.0250338  ])
328932  , -1554.88    , array([ 1.43824    ,  0.0594927  ,  2.09586e-95,  4.27084    ,  0.0250338  ])
328933  , -1554.88    , array([ 1.43681    ,  0.0595522  ,  2.09586e-95,  4.27084    ,  0.0250338  ])
328934  , -1554.88    , array([ 1.43681    ,  0.0594927  ,  2.09796e-95,  4.27084    ,  0.0250338  ])
328935  , -1554.88    , array([ 1.43681    ,  0.0594927  ,  2.09586e-95,  4.27511    ,  0.0250338  ])
328936  , -1554.88    , array([ 1.43681    ,  0.0594927  ,  2.09586e-95,  4.27084    ,  0.0250589  ])
328937  , -1554.88    , array([ 1.43681    ,  0.0594927  ,  2.09586e-95,  4.27084    ,  0.0250338  ])
328938  , -1554.88    , array([ 1.43681    ,  0.0594927  ,  2.09586e-95,  4.27084    ,  0.0250338  ])
328939  , -1554.88    , array([ 1.43824    ,  0.0594927  ,  2.09586e-95,  4.27084    ,  0.0250338  ])
328940  , -1554.88    , array([ 1.43681    ,  0.0595522  ,  2.09586e-95,  4.27084    ,  0.0250338  ])
328941  , -1554.88    , array([ 1.43681    ,  0.0594927  ,  2.09796e-95,  4.27084    ,  0.0250338  ])
328942  , -1554.88    , array([ 1.43681    ,  0.0594927  ,  2.09586e-95,  4.27511    ,  0.0250338  ])
328943  , -1554.88    , array([ 1.43681    ,  0.0594927  ,  2.09586e-95,  4.27084    ,  0.0250589  ])
328944  , -1554.88    , array([ 1.43681    ,  0.0594927  ,  2.09586e-95,  4.27084    ,  0.0250338  ])
328945  , -1554.88    , array([ 1.43681    ,  0.0594927  ,  2.09586e-95,  4.27084    ,  0.0250338  ])
328946  , -1554.88    , array([ 1.43824    ,  0.0594927  ,  2.09586e-95,  4.27084    ,  0.0250338  ])
328947  , -1554.88    , array([ 1.43681    ,  0.0595522  ,  2.09586e-95,  4.27084    ,  0.0250338  ])
328948  , -1554.88    , array([ 1.43681    ,  0.0594927  ,  2.09796e-95,  4.27084    ,  0.0250338  ])
328949  , -1554.88    , array([ 1.43681    ,  0.0594927  ,  2.09586e-95,  4.27511    ,  0.0250338  ])
328950  , -1554.88    , array([ 1.43681    ,  0.0594927  ,  2.09586e-95,  4.27084    ,  0.0250589  ])
328951  , -1554.88    , array([ 1.43681    ,  0.0594927  ,  2.09586e-95,  4.27084    ,  0.0250338  ])
328952  , -1554.88    , array([ 1.43681    ,  0.0594927  ,  2.09586e-95,  4.27084    ,  0.0250338  ])
328953  , -1554.88    , array([ 1.43824    ,  0.0594927  ,  2.09586e-95,  4.27084    ,  0.0250338  ])
328954  , -1554.88    , array([ 1.43681    ,  0.0595522  ,  2.09586e-95,  4.27084    ,  0.0250338  ])
328955  , -1554.88    , array([ 1.43681    ,  0.0594927  ,  2.09796e-95,  4.27084    ,  0.0250338  ])
328956  , -1554.88    , array([ 1.43681    ,  0.0594927  ,  2.09586e-95,  4.27511    ,  0.0250338  ])
328957  , -1554.88    , array([ 1.43681    ,  0.0594927  ,  2.09586e-95,  4.27084    ,  0.0250589  ])
328958  , -1554.88    , array([ 1.43681    ,  0.0594927  ,  2.09586e-95,  4.27084    ,  0.0250338  ])
328959  , -1554.88    , array([ 1.43681    ,  0.0594927  ,  2.09586e-95,  4.27084    ,  0.0250338  ])
328960  , -1554.88    , array([ 1.43824    ,  0.0594927  ,  2.09586e-95,  4.27084    ,  0.0250338  ])
328961  , -1554.88    , array([ 1.43681    ,  0.0595522  ,  2.09586e-95,  4.27084    ,  0.0250338  ])
328962  , -1554.88    , array([ 1.43681    ,  0.0594927  ,  2.09796e-95,  4.27084    ,  0.0250338  ])
328963  , -1554.88    , array([ 1.43681    ,  0.0594927  ,  2.09586e-95,  4.27511    ,  0.0250338  ])
328964  , -1554.88    , array([ 1.43681    ,  0.0594927  ,  2.09586e-95,  4.27084    ,  0.0250589  ])
328965  , -1554.88    , array([ 1.43681    ,  0.0594927  ,  2.09586e-95,  4.27084    ,  0.0250338  ])
328966  , -1554.88    , array([ 1.43681    ,  0.0594927  ,  2.09586e-95,  4.27084    ,  0.0250338  ])
328967  , -1554.88    , array([ 1.43824    ,  0.0594927  ,  2.09586e-95,  4.27084    ,  0.0250338  ])
328968  , -1554.88    , array([ 1.43681    ,  0.0595522  ,  2.09586e-95,  4.27084    ,  0.0250338  ])
328969  , -1554.88    , array([ 1.43681    ,  0.0594927  ,  2.09796e-95,  4.27084    ,  0.0250338  ])
328970  , -1554.88    , array([ 1.43681    ,  0.0594927  ,  2.09586e-95,  4.27511    ,  0.0250338  ])
328971  , -1554.88    , array([ 1.43681    ,  0.0594927  ,  2.09586e-95,  4.27084    ,  0.0250589  ])
328972  , -1554.88    , array([ 1.43681    ,  0.0594927  ,  2.09586e-95,  4.27084    ,  0.0250338  ])
328973  , -1554.88    , array([ 1.43681    ,  0.0594927  ,  2.09586e-95,  4.27084    ,  0.0250338  ])
328974  , -1554.88    , array([ 1.43824    ,  0.0594927  ,  2.09586e-95,  4.27084    ,  0.0250338  ])
328975  , -1554.88    , array([ 1.43681    ,  0.0595522  ,  2.09586e-95,  4.27084    ,  0.0250338  ])
328976  , -1554.88    , array([ 1.43681    ,  0.0594927  ,  2.09796e-95,  4.27084    ,  0.0250338  ])
328977  , -1554.88    , array([ 1.43681    ,  0.0594927  ,  2.09586e-95,  4.27511    ,  0.0250338  ])
328978  , -1554.88    , array([ 1.43681    ,  0.0594927  ,  2.09586e-95,  4.27084    ,  0.0250589  ])
328979  , -1554.88    , array([ 1.43681    ,  0.0594927  ,  2.09586e-95,  4.27084    ,  0.0250338  ])
328980  , -1554.88    , array([ 1.43681    ,  0.0594927  ,  2.09586e-95,  4.27084    ,  0.0250338  ])
328981  , -1554.88    , array([ 1.43824    ,  0.0594927  ,  2.09586e-95,  4.27084    ,  0.0250338  ])
328982  , -1554.88    , array([ 1.43681    ,  0.0595522  ,  2.09586e-95,  4.27084    ,  0.0250338  ])
328983  , -1554.88    , array([ 1.43681    ,  0.0594927  ,  2.09796e-95,  4.27084    ,  0.0250338  ])
328984  , -1554.88    , array([ 1.43681    ,  0.0594927  ,  2.09586e-95,  4.27511    ,  0.0250338  ])
328985  , -1554.88    , array([ 1.43681    ,  0.0594927  ,  2.09586e-95,  4.27084    ,  0.0250589  ])
328986  , -1554.88    , array([ 1.43681    ,  0.0594927  ,  2.09586e-95,  4.27084    ,  0.0250338  ])
328987  , -1554.88    , array([ 1.43681    ,  0.0594927  ,  2.09586e-95,  4.27084    ,  0.0250338  ])
328988  , -1554.88    , array([ 1.43824    ,  0.0594927  ,  2.09586e-95,  4.27084    ,  0.0250338  ])
328989  , -1554.88    , array([ 1.43681    ,  0.0595522  ,  2.09586e-95,  4.27084    ,  0.0250338  ])
328990  , -1554.88    , array([ 1.43681    ,  0.0594927  ,  2.09796e-95,  4.27084    ,  0.0250338  ])
328991  , -1554.88    , array([ 1.43681    ,  0.0594927  ,  2.09586e-95,  4.27511    ,  0.0250338  ])
328992  , -1554.88    , array([ 1.43681    ,  0.0594927  ,  2.09586e-95,  4.27084    ,  0.0250589  ])
328993  , -1554.88    , array([ 1.43681    ,  0.0594927  ,  2.09586e-95,  4.27084    ,  0.0250338  ])
328994  , -1554.88    , array([ 1.43681    ,  0.0594927  ,  2.09586e-95,  4.27084    ,  0.0250338  ])
328995  , -1554.88    , array([ 1.43824    ,  0.0594927  ,  2.09586e-95,  4.27084    ,  0.0250338  ])
328996  , -1554.88    , array([ 1.43681    ,  0.0595522  ,  2.09586e-95,  4.27084    ,  0.0250338  ])
328997  , -1554.88    , array([ 1.43681    ,  0.0594927  ,  2.09796e-95,  4.27084    ,  0.0250338  ])
328998  , -1554.88    , array([ 1.43681    ,  0.0594927  ,  2.09586e-95,  4.27511    ,  0.0250338  ])
328999  , -1554.88    , array([ 1.43681    ,  0.0594927  ,  2.09586e-95,  4.27084    ,  0.0250589  ])
329000  , -1554.88    , array([ 1.43681    ,  0.0594927  ,  2.09586e-95,  4.27084    ,  0.0250338  ])
329001  , -1554.88    , array([ 1.43681    ,  0.0594927  ,  2.09586e-95,  4.27084    ,  0.0250338  ])
329002  , -1554.88    , array([ 1.43824    ,  0.0594927  ,  2.09586e-95,  4.27084    ,  0.0250338  ])
329003  , -1554.88    , array([ 1.43681    ,  0.0595522  ,  2.09586e-95,  4.27084    ,  0.0250338  ])
329004  , -1554.88    , array([ 1.43681    ,  0.0594927  ,  2.09796e-95,  4.27084    ,  0.0250338  ])
329005  , -1554.88    , array([ 1.43681    ,  0.0594927  ,  2.09586e-95,  4.27511    ,  0.0250338  ])
329006  , -1554.88    , array([ 1.43681    ,  0.0594927  ,  2.09586e-95,  4.27084    ,  0.0250589  ])
329007  , -1554.88    , array([ 1.43681    ,  0.0594927  ,  2.09586e-95,  4.27084    ,  0.0250338  ])
329008  , -1554.88    , array([ 1.43681    ,  0.0594927  ,  2.09586e-95,  4.27084    ,  0.0250338  ])
329009  , -1554.88    , array([ 1.43824    ,  0.0594927  ,  2.09586e-95,  4.27084    ,  0.0250338  ])
329010  , -1554.88    , array([ 1.43681    ,  0.0595522  ,  2.09586e-95,  4.27084    ,  0.0250338  ])
329011  , -1554.88    , array([ 1.43681    ,  0.0594927  ,  2.09796e-95,  4.27084    ,  0.0250338  ])
329012  , -1554.88    , array([ 1.43681    ,  0.0594927  ,  2.09586e-95,  4.27511    ,  0.0250338  ])
329013  , -1554.88    , array([ 1.43681    ,  0.0594927  ,  2.09586e-95,  4.27084    ,  0.0250589  ])
329014  , -1554.88    , array([ 1.43681    ,  0.0594927  ,  2.09586e-95,  4.27084    ,  0.0250338  ])
329015  , -1554.88    , array([ 1.43681    ,  0.0594927  ,  2.09586e-95,  4.27084    ,  0.0250338  ])
329016  , -1554.88    , array([ 1.43824    ,  0.0594927  ,  2.09586e-95,  4.27084    ,  0.0250338  ])
329017  , -1554.88    , array([ 1.43681    ,  0.0595522  ,  2.09586e-95,  4.27084    ,  0.0250338  ])
329018  , -1554.88    , array([ 1.43681    ,  0.0594927  ,  2.09796e-95,  4.27084    ,  0.0250338  ])
329019  , -1554.88    , array([ 1.43681    ,  0.0594927  ,  2.09586e-95,  4.27511    ,  0.0250338  ])
329020  , -1554.88    , array([ 1.43681    ,  0.0594927  ,  2.09586e-95,  4.27084    ,  0.0250589  ])
329021  , -1554.88    , array([ 1.43681    ,  0.0594927  ,  2.09586e-95,  4.27084    ,  0.0250338  ])
329022  , -1554.88    , array([ 1.43681    ,  0.0594927  ,  2.09586e-95,  4.27084    ,  0.0250338  ])
329023  , -1554.88    , array([ 1.43824    ,  0.0594927  ,  2.09586e-95,  4.27084    ,  0.0250338  ])
329024  , -1554.88    , array([ 1.43681    ,  0.0595522  ,  2.09586e-95,  4.27084    ,  0.0250338  ])
329025  , -1554.88    , array([ 1.43681    ,  0.0594927  ,  2.09796e-95,  4.27084    ,  0.0250338  ])
329026  , -1554.88    , array([ 1.43681    ,  0.0594927  ,  2.09586e-95,  4.27511    ,  0.0250338  ])
329027  , -1554.88    , array([ 1.43681    ,  0.0594927  ,  2.09586e-95,  4.27084    ,  0.0250589  ])
329028  , -1554.88    , array([ 1.43681    ,  0.0594927  ,  2.09586e-95,  4.27084    ,  0.0250338  ])
329029  , -1554.88    , array([ 1.43681    ,  0.0594927  ,  2.09586e-95,  4.27084    ,  0.0250338  ])
329030  , -1554.88    , array([ 1.43824    ,  0.0594927  ,  2.09586e-95,  4.27084    ,  0.0250338  ])
329031  , -1554.88    , array([ 1.43681    ,  0.0595522  ,  2.09586e-95,  4.27084    ,  0.0250338  ])
329032  , -1554.88    , array([ 1.43681    ,  0.0594927  ,  2.09796e-95,  4.27084    ,  0.0250338  ])
329033  , -1554.88    , array([ 1.43681    ,  0.0594927  ,  2.09586e-95,  4.27511    ,  0.0250338  ])
329034  , -1554.88    , array([ 1.43681    ,  0.0594927  ,  2.09586e-95,  4.27084    ,  0.0250589  ])
329035  , -1554.88    , array([ 1.43681    ,  0.0594927  ,  2.09586e-95,  4.27084    ,  0.0250338  ])
329036  , -1554.88    , array([ 1.43681    ,  0.0594927  ,  2.09586e-95,  4.27084    ,  0.0250338  ])
329037  , -1554.88    , array([ 1.43824    ,  0.0594927  ,  2.09586e-95,  4.27084    ,  0.0250338  ])
329038  , -1554.88    , array([ 1.43681    ,  0.0595522  ,  2.09586e-95,  4.27084    ,  0.0250338  ])
329039  , -1554.88    , array([ 1.43681    ,  0.0594927  ,  2.09796e-95,  4.27084    ,  0.0250338  ])
329040  , -1554.88    , array([ 1.43681    ,  0.0594927  ,  2.09586e-95,  4.27511    ,  0.0250338  ])
329041  , -1554.88    , array([ 1.43681    ,  0.0594927  ,  2.09586e-95,  4.27084    ,  0.0250589  ])
329042  , -1554.88    , array([ 1.43681    ,  0.0594927  ,  2.09586e-95,  4.27084    ,  0.0250338  ])
329043  , -1554.88    , array([ 1.43681    ,  0.0594927  ,  2.09586e-95,  4.27084    ,  0.0250338  ])
329044  , -1554.88    , array([ 1.43824    ,  0.0594927  ,  2.09586e-95,  4.27084    ,  0.0250338  ])
329045  , -1554.88    , array([ 1.43681    ,  0.0595522  ,  2.09586e-95,  4.27084    ,  0.0250338  ])
329046  , -1554.88    , array([ 1.43681    ,  0.0594927  ,  2.09796e-95,  4.27084    ,  0.0250338  ])
329047  , -1554.88    , array([ 1.43681    ,  0.0594927  ,  2.09586e-95,  4.27511    ,  0.0250338  ])
329048  , -1554.88    , array([ 1.43681    ,  0.0594927  ,  2.09586e-95,  4.27084    ,  0.0250589  ])
329049  , -1554.88    , array([ 1.43681    ,  0.0594927  ,  2.09586e-95,  4.27084    ,  0.0250338  ])
329050  , -1554.88    , array([ 1.43681    ,  0.0594927  ,  2.09586e-95,  4.27084    ,  0.0250338  ])
329051  , -1554.88    , array([ 1.43824    ,  0.0594927  ,  2.09586e-95,  4.27084    ,  0.0250338  ])
329052  , -1554.88    , array([ 1.43681    ,  0.0595522  ,  2.09586e-95,  4.27084    ,  0.0250338  ])
329053  , -1554.88    , array([ 1.43681    ,  0.0594927  ,  2.09796e-95,  4.27084    ,  0.0250338  ])
329054  , -1554.88    , array([ 1.43681    ,  0.0594927  ,  2.09586e-95,  4.27511    ,  0.0250338  ])
329055  , -1554.88    , array([ 1.43681    ,  0.0594927  ,  2.09586e-95,  4.27084    ,  0.0250589  ])
329056  , -1554.88    , array([ 1.43681    ,  0.0594927  ,  2.09586e-95,  4.27084    ,  0.0250338  ])
329057  , -1554.88    , array([ 1.43681    ,  0.0594927  ,  2.09586e-95,  4.27084    ,  0.0250338  ])
329058  , -1554.88    , array([ 1.43824    ,  0.0594927  ,  2.09586e-95,  4.27084    ,  0.0250338  ])
329059  , -1554.88    , array([ 1.43681    ,  0.0595522  ,  2.09586e-95,  4.27084    ,  0.0250338  ])
329060  , -1554.88    , array([ 1.43681    ,  0.0594927  ,  2.09796e-95,  4.27084    ,  0.0250338  ])
329061  , -1554.88    , array([ 1.43681    ,  0.0594927  ,  2.09586e-95,  4.27511    ,  0.0250338  ])
329062  , -1554.88    , array([ 1.43681    ,  0.0594927  ,  2.09586e-95,  4.27084    ,  0.0250589  ])
329063  , -1554.88    , array([ 1.43681    ,  0.0594927  ,  2.09586e-95,  4.27084    ,  0.0250338  ])
329064  , -1554.88    , array([ 1.43681    ,  0.0594927  ,  2.09586e-95,  4.27084    ,  0.0250338  ])
329065  , -1554.88    , array([ 1.43824    ,  0.0594927  ,  2.09586e-95,  4.27084    ,  0.0250338  ])
329066  , -1554.88    , array([ 1.43681    ,  0.0595522  ,  2.09586e-95,  4.27084    ,  0.0250338  ])
329067  , -1554.88    , array([ 1.43681    ,  0.0594927  ,  2.09796e-95,  4.27084    ,  0.0250338  ])
329068  , -1554.88    , array([ 1.43681    ,  0.0594927  ,  2.09586e-95,  4.27511    ,  0.0250338  ])
329069  , -1554.88    , array([ 1.43681    ,  0.0594927  ,  2.09586e-95,  4.27084    ,  0.0250589  ])
329070  , -1554.88    , array([ 1.43681    ,  0.0594927  ,  2.09586e-95,  4.27084    ,  0.0250338  ])
329071  , -1554.88    , array([ 1.43681    ,  0.0594927  ,  2.09586e-95,  4.27084    ,  0.0250338  ])
329072  , -1554.88    , array([ 1.43824    ,  0.0594927  ,  2.09586e-95,  4.27084    ,  0.0250338  ])
329073  , -1554.88    , array([ 1.43681    ,  0.0595522  ,  2.09586e-95,  4.27084    ,  0.0250338  ])
329074  , -1554.88    , array([ 1.43681    ,  0.0594927  ,  2.09796e-95,  4.27084    ,  0.0250338  ])
329075  , -1554.88    , array([ 1.43681    ,  0.0594927  ,  2.09586e-95,  4.27511    ,  0.0250338  ])
329076  , -1554.88    , array([ 1.43681    ,  0.0594927  ,  2.09586e-95,  4.27084    ,  0.0250589  ])
329077  , -1554.88    , array([ 1.43681    ,  0.0594927  ,  2.09586e-95,  4.27084    ,  0.0250338  ])
329078  , -1554.88    , array([ 1.43681    ,  0.0594927  ,  2.09586e-95,  4.27084    ,  0.0250338  ])
329079  , -1554.88    , array([ 1.43824    ,  0.0594927  ,  2.09586e-95,  4.27084    ,  0.0250338  ])
329080  , -1554.88    , array([ 1.43681    ,  0.0595522  ,  2.09586e-95,  4.27084    ,  0.0250338  ])
329081  , -1554.88    , array([ 1.43681    ,  0.0594927  ,  2.09796e-95,  4.27084    ,  0.0250338  ])
329082  , -1554.88    , array([ 1.43681    ,  0.0594927  ,  2.09586e-95,  4.27511    ,  0.0250338  ])
329083  , -1554.88    , array([ 1.43681    ,  0.0594927  ,  2.09586e-95,  4.27084    ,  0.0250589  ])
329084  , -1554.88    , array([ 1.43681    ,  0.0594927  ,  2.09586e-95,  4.27084    ,  0.0250338  ])
329085  , -1554.88    , array([ 1.43681    ,  0.0594927  ,  2.09586e-95,  4.27084    ,  0.0250338  ])
329086  , -1554.88    , array([ 1.43824    ,  0.0594927  ,  2.09586e-95,  4.27084    ,  0.0250338  ])
329087  , -1554.88    , array([ 1.43681    ,  0.0595522  ,  2.09586e-95,  4.27084    ,  0.0250338  ])
329088  , -1554.88    , array([ 1.43681    ,  0.0594927  ,  2.09796e-95,  4.27084    ,  0.0250338  ])
329089  , -1554.88    , array([ 1.43681    ,  0.0594927  ,  2.09586e-95,  4.27511    ,  0.0250338  ])
329090  , -1554.88    , array([ 1.43681    ,  0.0594927  ,  2.09586e-95,  4.27084    ,  0.0250589  ])
329091  , -1554.88    , array([ 1.43681    ,  0.0594927  ,  2.09586e-95,  4.27084    ,  0.0250338  ])
329092  , -1554.88    , array([ 1.43681    ,  0.0594927  ,  2.09586e-95,  4.27084    ,  0.0250338  ])
329093  , -1554.88    , array([ 1.43824    ,  0.0594927  ,  2.09586e-95,  4.27084    ,  0.0250338  ])
329094  , -1554.88    , array([ 1.43681    ,  0.0595522  ,  2.09586e-95,  4.27084    ,  0.0250338  ])
329095  , -1554.88    , array([ 1.43681    ,  0.0594927  ,  2.09796e-95,  4.27084    ,  0.0250338  ])
329096  , -1554.88    , array([ 1.43681    ,  0.0594927  ,  2.09586e-95,  4.27511    ,  0.0250338  ])
329097  , -1554.88    , array([ 1.43681    ,  0.0594927  ,  2.09586e-95,  4.27084    ,  0.0250589  ])
329098  , -1554.88    , array([ 1.43681    ,  0.0594927  ,  2.09586e-95,  4.27084    ,  0.0250338  ])
329099  , -1554.88    , array([ 1.43681    ,  0.0594927  ,  2.09586e-95,  4.27084    ,  0.0250338  ])
329100  , -1554.88    , array([ 1.43824    ,  0.0594927  ,  2.09586e-95,  4.27084    ,  0.0250338  ])
329101  , -1554.88    , array([ 1.43681    ,  0.0595522  ,  2.09586e-95,  4.27084    ,  0.0250338  ])
329102  , -1554.88    , array([ 1.43681    ,  0.0594927  ,  2.09796e-95,  4.27084    ,  0.0250338  ])
329103  , -1554.88    , array([ 1.43681    ,  0.0594927  ,  2.09586e-95,  4.27511    ,  0.0250338  ])
329104  , -1554.88    , array([ 1.43681    ,  0.0594927  ,  2.09586e-95,  4.27084    ,  0.0250589  ])
329105  , -1554.88    , array([ 1.43681    ,  0.0594927  ,  2.09586e-95,  4.27084    ,  0.0250338  ])
329106  , -1554.88    , array([ 1.43681    ,  0.0594927  ,  2.09586e-95,  4.27084    ,  0.0250338  ])
329107  , -1554.88    , array([ 1.43824    ,  0.0594927  ,  2.09586e-95,  4.27084    ,  0.0250338  ])
329108  , -1554.88    , array([ 1.43681    ,  0.0595522  ,  2.09586e-95,  4.27084    ,  0.0250338  ])
329109  , -1554.88    , array([ 1.43681    ,  0.0594927  ,  2.09796e-95,  4.27084    ,  0.0250338  ])
329110  , -1554.88    , array([ 1.43681    ,  0.0594927  ,  2.09586e-95,  4.27511    ,  0.0250338  ])
329111  , -1554.88    , array([ 1.43681    ,  0.0594927  ,  2.09586e-95,  4.27084    ,  0.0250589  ])
329112  , -1554.88    , array([ 1.43681    ,  0.0594927  ,  2.09586e-95,  4.27084    ,  0.0250338  ])
329113  , -1554.88    , array([ 1.43681    ,  0.0594927  ,  2.09586e-95,  4.27084    ,  0.0250338  ])
329114  , -1554.88    , array([ 1.43824    ,  0.0594927  ,  2.09586e-95,  4.27084    ,  0.0250338  ])
329115  , -1554.88    , array([ 1.43681    ,  0.0595522  ,  2.09586e-95,  4.27084    ,  0.0250338  ])
329116  , -1554.88    , array([ 1.43681    ,  0.0594927  ,  2.09796e-95,  4.27084    ,  0.0250338  ])
329117  , -1554.88    , array([ 1.43681    ,  0.0594927  ,  2.09586e-95,  4.27511    ,  0.0250338  ])
329118  , -1554.88    , array([ 1.43681    ,  0.0594927  ,  2.09586e-95,  4.27084    ,  0.0250589  ])
329119  , -1554.88    , array([ 1.43681    ,  0.0594927  ,  2.09586e-95,  4.27084    ,  0.0250338  ])
329120  , -1554.88    , array([ 1.43681    ,  0.0594927  ,  2.09586e-95,  4.27084    ,  0.0250338  ])
329121  , -1554.88    , array([ 1.43824    ,  0.0594927  ,  2.09586e-95,  4.27084    ,  0.0250338  ])
329122  , -1554.88    , array([ 1.43681    ,  0.0595522  ,  2.09586e-95,  4.27084    ,  0.0250338  ])
329123  , -1554.88    , array([ 1.43681    ,  0.0594927  ,  2.09796e-95,  4.27084    ,  0.0250338  ])
329124  , -1554.88    , array([ 1.43681    ,  0.0594927  ,  2.09586e-95,  4.27511    ,  0.0250338  ])
329125  , -1554.88    , array([ 1.43681    ,  0.0594927  ,  2.09586e-95,  4.27084    ,  0.0250589  ])
329126  , -1554.88    , array([ 1.43681    ,  0.0594927  ,  2.09586e-95,  4.27084    ,  0.0250338  ])
329127  , -1554.88    , array([ 1.43681    ,  0.0594927  ,  2.09586e-95,  4.27084    ,  0.0250338  ])
329128  , -1554.88    , array([ 1.43824    ,  0.0594927  ,  2.09586e-95,  4.27084    ,  0.0250338  ])
329129  , -1554.88    , array([ 1.43681    ,  0.0595522  ,  2.09586e-95,  4.27084    ,  0.0250338  ])
329130  , -1554.88    , array([ 1.43681    ,  0.0594927  ,  2.09796e-95,  4.27084    ,  0.0250338  ])
329131  , -1554.88    , array([ 1.43681    ,  0.0594927  ,  2.09586e-95,  4.27511    ,  0.0250338  ])
329132  , -1554.88    , array([ 1.43681    ,  0.0594927  ,  2.09586e-95,  4.27084    ,  0.0250589  ])
329133  , -1554.88    , array([ 1.43681    ,  0.0594927  ,  2.09586e-95,  4.27084    ,  0.0250338  ])
329134  , -1554.88    , array([ 1.43681    ,  0.0594927  ,  2.09586e-95,  4.27084    ,  0.0250338  ])
329135  , -1554.88    , array([ 1.43824    ,  0.0594927  ,  2.09586e-95,  4.27084    ,  0.0250338  ])
329136  , -1554.88    , array([ 1.43681    ,  0.0595522  ,  2.09586e-95,  4.27084    ,  0.0250338  ])
329137  , -1554.88    , array([ 1.43681    ,  0.0594927  ,  2.09796e-95,  4.27084    ,  0.0250338  ])
329138  , -1554.88    , array([ 1.43681    ,  0.0594927  ,  2.09586e-95,  4.27511    ,  0.0250338  ])
329139  , -1554.88    , array([ 1.43681    ,  0.0594927  ,  2.09586e-95,  4.27084    ,  0.0250589  ])
329140  , -1554.88    , array([ 1.43681    ,  0.0594927  ,  2.09586e-95,  4.27084    ,  0.0250338  ])
329141  , -1554.88    , array([ 1.43681    ,  0.0594927  ,  2.09586e-95,  4.27084    ,  0.0250338  ])
329142  , -1554.88    , array([ 1.43824    ,  0.0594927  ,  2.09586e-95,  4.27084    ,  0.0250338  ])
329143  , -1554.88    , array([ 1.43681    ,  0.0595522  ,  2.09586e-95,  4.27084    ,  0.0250338  ])
329144  , -1554.88    , array([ 1.43681    ,  0.0594927  ,  2.09796e-95,  4.27084    ,  0.0250338  ])
329145  , -1554.88    , array([ 1.43681    ,  0.0594927  ,  2.09586e-95,  4.27511    ,  0.0250338  ])
329146  , -1554.88    , array([ 1.43681    ,  0.0594927  ,  2.09586e-95,  4.27084    ,  0.0250589  ])
329147  , -1554.88    , array([ 1.43681    ,  0.0594927  ,  2.09586e-95,  4.27084    ,  0.0250338  ])
329148  , -1554.88    , array([ 1.43681    ,  0.0594927  ,  2.09586e-95,  4.27084    ,  0.0250338  ])
329149  , -1554.88    , array([ 1.43824    ,  0.0594927  ,  2.09586e-95,  4.27084    ,  0.0250338  ])
329150  , -1554.88    , array([ 1.43681    ,  0.0595522  ,  2.09586e-95,  4.27084    ,  0.0250338  ])
329151  , -1554.88    , array([ 1.43681    ,  0.0594927  ,  2.09796e-95,  4.27084    ,  0.0250338  ])
329152  , -1554.88    , array([ 1.43681    ,  0.0594927  ,  2.09586e-95,  4.27511    ,  0.0250338  ])
329153  , -1554.88    , array([ 1.43681    ,  0.0594927  ,  2.09586e-95,  4.27084    ,  0.0250589  ])
329154  , -1554.88    , array([ 1.43686    ,  0.0594782  ,  2.09586e-95,  4.27295    ,  0.025032   ])
329155  , -1554.88    , array([ 1.43683    ,  0.0594855  ,  2.09586e-95,  4.2719     ,  0.0250329  ])
329156  , -1554.88    , array([ 1.43682    ,  0.0594891  ,  2.09586e-95,  4.27137    ,  0.0250334  ])
329157  , -1554.88    , array([ 1.43681    ,  0.0594909  ,  2.09586e-95,  4.2711     ,  0.0250336  ])
329158  , -1554.88    , array([ 1.43681    ,  0.0594918  ,  2.09586e-95,  4.27097    ,  0.0250337  ])
329159  , -1554.88    , array([ 1.43681    ,  0.0594923  ,  2.09586e-95,  4.27091    ,  0.0250338  ])
329160  , -1554.88    , array([ 1.43681    ,  0.0594925  ,  2.09586e-95,  4.27087    ,  0.0250338  ])
329161  , -1554.88    , array([ 1.43681    ,  0.0594926  ,  2.09586e-95,  4.27086    ,  0.0250338  ])
329162  , -1554.88    , array([ 1.43681    ,  0.0594926  ,  2.09586e-95,  4.27085    ,  0.0250338  ])
329163  , -1554.88    , array([ 1.43681    ,  0.0594927  ,  2.09586e-95,  4.27084    ,  0.0250338  ])
329164  , -1554.88    , array([ 1.43681    ,  0.0594927  ,  2.09586e-95,  4.27084    ,  0.0250338  ])
329165  , -1554.88    , array([ 1.43681    ,  0.0594927  ,  2.09586e-95,  4.27084    ,  0.0250338  ])
