

============================================================================
Model our_model
============================================================================
	Beginning Optimizations for Round 1:
		Round 1 Replicate 1 of 10:
			Optimized parameters =  [ 1.10695998  0.13642888  0.23370669  0.30479753]
			Likelihood =  -394.98
			AIC =  797.96
			Theta =  54377.32
			Chi-Squared =  600.68

			Replicate time: 0:00:02.694645 (H:M:S)

		Round 1 Replicate 2 of 10:
			Optimized parameters =  [  3.1328372    0.53920209  29.99999997   1.04035722]
			Likelihood =  -396.81
			AIC =  801.62
			Theta =  13725.53
			Chi-Squared =  604.08

			Replicate time: 0:00:08.846159 (H:M:S)

		Round 1 Replicate 3 of 10:
			Optimized parameters =  [ 1.6114506   0.13106643  0.01152772  0.29666508]
			Likelihood =  -394.81
			AIC =  797.62
			Theta =  56629.2
			Chi-Squared =  600.31

			Replicate time: 0:00:05.595307 (H:M:S)

		Round 1 Replicate 4 of 10:
			Optimized parameters =  [  2.19248479   0.30634742  29.99999421   0.67219296]
			Likelihood =  -395.24
			AIC =  798.48
			Theta =  24309.38
			Chi-Squared =  600.22

			Replicate time: 0:00:06.803142 (H:M:S)

		Round 1 Replicate 5 of 10:
			Optimized parameters =  [ 3.76776987  0.44117725  6.67915847  0.98911166]
			Likelihood =  -395.32
			AIC =  798.64
			Theta =  16865.24
			Chi-Squared =  600.54

			Replicate time: 0:00:06.006385 (H:M:S)

		Round 1 Replicate 6 of 10:
			Optimized parameters =  [ 30.           0.64358919   4.98869793   1.52368126]
			Likelihood =  -396.86
			AIC =  801.72
			Theta =  11498.41
			Chi-Squared =  604.17

			Replicate time: 0:00:08.648963 (H:M:S)

		Round 1 Replicate 7 of 10:
			Optimized parameters =  [ 30.           1.02351488   7.5167848    2.23770984]
			Likelihood =  -398.76
			AIC =  805.52
			Theta =  7215.62
			Chi-Squared =  607.66

			Replicate time: 0:00:07.129180 (H:M:S)

		Round 1 Replicate 8 of 10:
			Optimized parameters =  [ 29.93845996   0.86778634  29.89360053   2.97448096]
			Likelihood =  -393.19
			AIC =  794.38
			Theta =  8573.9
			Chi-Squared =  597.3

			Replicate time: 0:00:02.061725 (H:M:S)

		Round 1 Replicate 9 of 10:
			Optimized parameters =  [ 2.65025143  0.28860142  5.72232574  0.69179615]
			Likelihood =  -394.59
			AIC =  797.18
			Theta =  25826.48
			Chi-Squared =  599.02

			Replicate time: 0:00:06.420157 (H:M:S)

		Round 1 Replicate 10 of 10:
			Optimized parameters =  [ 29.92482272   0.71994063   9.28227875   1.9978909 ]
			Likelihood =  -394.38
			AIC =  796.76
			Theta =  10313.79
			Chi-Squared =  599.56

			Replicate time: 0:00:02.021516 (H:M:S)

	Best so far: Round_1_Replicate_8, ll = -393.19


	Beginning Optimizations for Round 2:
		Round 2 Replicate 1 of 10:
			Optimized parameters =  [ 30.           3.24265069  30.           6.33466448]
			Likelihood =  -399.13
			AIC =  806.26
			Theta =  2276.79
			Chi-Squared =  608.34

			Replicate time: 0:00:06.080067 (H:M:S)

		Round 2 Replicate 2 of 10:
			Optimized parameters =  [  5.48011989   0.80828632  30.           1.70856564]
			Likelihood =  -395.51
			AIC =  799.02
			Theta =  9171.32
			Chi-Squared =  601.67

			Replicate time: 0:00:06.752838 (H:M:S)

		Round 2 Replicate 3 of 10:
			Optimized parameters =  [ 30.           3.08052033  30.           6.21430501]
			Likelihood =  -398.23
			AIC =  804.46
			Theta =  2398.68
			Chi-Squared =  606.7

			Replicate time: 0:00:07.551139 (H:M:S)

		Round 2 Replicate 4 of 10:
			Optimized parameters =  [  6.35643826   0.81796008  16.18621341   1.80551797]
			Likelihood =  -395.31
			AIC =  798.62
			Theta =  9094.47
			Chi-Squared =  600.57

			Replicate time: 0:00:05.734391 (H:M:S)

		Round 2 Replicate 5 of 10:
			Optimized parameters =  [ 30.           3.46560763  30.           6.47951221]
			Likelihood =  -400.59
			AIC =  809.18
			Theta =  2127.72
			Chi-Squared =  610.99

			Replicate time: 0:00:07.427160 (H:M:S)

		Round 2 Replicate 6 of 10:
			Optimized parameters =  [ 30.           0.95985907   7.49070494   2.16938707]
			Likelihood =  -397.79
			AIC =  803.58
			Theta =  7701.64
			Chi-Squared =  605.9

			Replicate time: 0:00:07.109771 (H:M:S)

		Round 2 Replicate 7 of 10:
			Optimized parameters =  [ 29.99992053   0.30655648   4.93796645   0.97538764]
			Likelihood =  -393.59
			AIC =  795.18
			Theta =  24253.32
			Chi-Squared =  598.07

			Replicate time: 0:00:02.802187 (H:M:S)

		Round 2 Replicate 8 of 10:
			Optimized parameters =  [ 30.           2.87257392  29.28698579   5.99341256]
			Likelihood =  -397.47
			AIC =  802.94
			Theta =  2574.36
			Chi-Squared =  605.31

			Replicate time: 0:00:06.167401 (H:M:S)

		Round 2 Replicate 9 of 10:
			Optimized parameters =  [  1.60303977   0.19946094  29.99988279   0.46434755]
			Likelihood =  -394.65
			AIC =  797.3
			Theta =  37339.65
			Chi-Squared =  599.28

			Replicate time: 0:00:10.030140 (H:M:S)

		Round 2 Replicate 10 of 10:
			Optimized parameters =  [ 30.           3.15585351  30.           6.27183941]
			Likelihood =  -398.63
			AIC =  805.26
			Theta =  2340.49
			Chi-Squared =  607.43

			Replicate time: 0:00:09.986538 (H:M:S)

	Best so far: Round_1_Replicate_8, ll = -393.19


	Beginning Optimizations for Round 3:
		Round 3 Replicate 1 of 10:
			Optimized parameters =  [  7.2085476    0.72290453  14.47772226   1.75922084]
			Likelihood =  -394.51
			AIC =  797.02
			Theta =  10303.14
			Chi-Squared =  599.05

			Replicate time: 0:00:07.063798 (H:M:S)

		Round 3 Replicate 2 of 10:
			Optimized parameters =  [ 30.           3.25886691  30.           6.34599591]
			Likelihood =  -399.22
			AIC =  806.44
			Theta =  2265.26
			Chi-Squared =  608.51

			Replicate time: 0:00:09.478311 (H:M:S)

		Round 3 Replicate 3 of 10:
			Optimized parameters =  [ 30.           3.39803957  30.           6.43808198]
			Likelihood =  -400.12
			AIC =  808.24
			Theta =  2170.84
			Chi-Squared =  610.13

			Replicate time: 0:00:08.422737 (H:M:S)

		Round 3 Replicate 4 of 10:
			Optimized parameters =  [ 30.           2.67545787  25.84083528   5.57571731]
			Likelihood =  -397.8
			AIC =  803.6
			Theta =  2763.06
			Chi-Squared =  605.91

			Replicate time: 0:00:05.899557 (H:M:S)

		Round 3 Replicate 5 of 10:
			Optimized parameters =  [ 30.           2.64987061  26.11283772   5.57367678]
			Likelihood =  -397.55
			AIC =  803.1
			Theta =  2790.47
			Chi-Squared =  605.46

			Replicate time: 0:00:06.333409 (H:M:S)

		Round 3 Replicate 6 of 10:
			Optimized parameters =  [ 30.           3.24943072  30.           6.33941762]
			Likelihood =  -399.17
			AIC =  806.34
			Theta =  2271.95
			Chi-Squared =  608.41

			Replicate time: 0:00:07.710852 (H:M:S)

		Round 3 Replicate 7 of 10:
			Optimized parameters =  [ 10.29466742   1.56424777  29.99999972   3.16047556]
			Likelihood =  -396.3
			AIC =  800.6
			Theta =  4734.12
			Chi-Squared =  603.15

			Replicate time: 0:00:06.477987 (H:M:S)

		Round 3 Replicate 8 of 10:
			Optimized parameters =  [ 30.           2.96516046  30.           6.12068038]
			Likelihood =  -397.66
			AIC =  803.32
			Theta =  2493.47
			Chi-Squared =  605.66

			Replicate time: 0:00:10.080826 (H:M:S)

		Round 3 Replicate 9 of 10:
			Optimized parameters =  [ 3.06514175  0.31948098  3.77705553  0.72768371]
			Likelihood =  -395.35
			AIC =  798.7
			Theta =  23291.01
			Chi-Squared =  600.57

			Replicate time: 0:00:06.641425 (H:M:S)

		Round 3 Replicate 10 of 10:
			Optimized parameters =  [ 29.89694192   0.35787927  29.49379672   1.55043131]
			Likelihood =  -392.98
			AIC =  793.96
			Theta =  20797.99
			Chi-Squared =  596.91

			Replicate time: 0:00:02.396751 (H:M:S)

	Best so far: Round_3_Replicate_10, ll = -392.98


	Beginning Optimizations for Round 4:
		Round 4 Replicate 1 of 10:
			Optimized parameters =  [  2.83421701   0.48516478  29.99999999   0.93939604]
			Likelihood =  -396.75
			AIC =  801.5
			Theta =  15255.42
			Chi-Squared =  603.97

			Replicate time: 0:00:08.285943 (H:M:S)

		Round 4 Replicate 2 of 10:
			Optimized parameters =  [  1.92027107   0.19874726  29.9999891    0.50257813]
			Likelihood =  -393.99
			AIC =  795.98
			Theta =  37384.26
			Chi-Squared =  598.82

			Replicate time: 0:00:03.094988 (H:M:S)

		Round 4 Replicate 3 of 10:
			Optimized parameters =  [  6.16737139   1.02029421  30.           2.01039892]
			Likelihood =  -396.49
			AIC =  800.98
			Theta =  7256.33
			Chi-Squared =  603.5

			Replicate time: 0:00:10.638596 (H:M:S)

		Round 4 Replicate 4 of 10:
			Optimized parameters =  [ 29.99999931   1.56344937  29.99999951   4.37885879]
			Likelihood =  -393.86
			AIC =  795.72
			Theta =  4753.37
			Chi-Squared =  598.57

			Replicate time: 0:00:03.041541 (H:M:S)

		Round 4 Replicate 5 of 10:
			Optimized parameters =  [  4.34591188   0.16477783  29.99999874   0.59426057]
			Likelihood =  -393.06
			AIC =  794.12
			Theta =  45164.62
			Chi-Squared =  597.05

			Replicate time: 0:00:03.772345 (H:M:S)

		Round 4 Replicate 6 of 10:
			Optimized parameters =  [  2.80268513   0.47459107  29.99999999   0.92531353]
			Likelihood =  -396.63
			AIC =  801.26
			Theta =  15597.45
			Chi-Squared =  603.76

			Replicate time: 0:00:09.441013 (H:M:S)

		Round 4 Replicate 7 of 10:
			Optimized parameters =  [ 29.99992667   1.23022874  29.68287969   3.75761339]
			Likelihood =  -393.48
			AIC =  794.96
			Theta =  6044.76
			Chi-Squared =  597.86

			Replicate time: 0:00:03.213892 (H:M:S)

		Round 4 Replicate 8 of 10:
			Optimized parameters =  [ 29.99999959   1.1124851   29.99973862   3.52463663]
			Likelihood =  -393.36
			AIC =  794.72
			Theta =  6685.9
			Chi-Squared =  597.64

			Replicate time: 0:00:02.485562 (H:M:S)

		Round 4 Replicate 9 of 10:
			Optimized parameters =  [ 30.           1.93206953  16.89885228   4.1411591 ]
			Likelihood =  -398.06
			AIC =  804.12
			Theta =  3825.13
			Chi-Squared =  606.38

			Replicate time: 0:00:06.209405 (H:M:S)

		Round 4 Replicate 10 of 10:
			Optimized parameters =  [ 29.78271406   0.2423027   18.97902956   1.07870401]
			Likelihood =  -392.98
			AIC =  793.96
			Theta =  30718.64
			Chi-Squared =  596.9

			Replicate time: 0:00:03.219100 (H:M:S)

	Best so far: Round_3_Replicate_10, ll = -392.98


	Beginning Optimizations for Round 5:
		Round 5 Replicate 1 of 20:
			Optimized parameters =  [ 29.97647945   0.46349412  29.30205148   1.88446341]
			Likelihood =  -393.01
			AIC =  794.02
			Theta =  16057.97
			Chi-Squared =  596.96

			Replicate time: 0:00:02.337682 (H:M:S)

		Round 5 Replicate 2 of 20:
			Optimized parameters =  [  3.02425465   0.36864181  29.99999986   0.86683772]
			Likelihood =  -394.56
			AIC =  797.12
			Theta =  20203.57
			Chi-Squared =  599.14

			Replicate time: 0:00:08.271403 (H:M:S)

		Round 5 Replicate 3 of 20:
			Optimized parameters =  [  2.60865822   0.42016109  29.99999994   0.84508206]
			Likelihood =  -396.15
			AIC =  800.3
			Theta =  17628.21
			Chi-Squared =  602.87

			Replicate time: 0:00:08.407486 (H:M:S)

		Round 5 Replicate 4 of 20:
			Optimized parameters =  [ 29.98956273   0.76363092  29.62552504   2.71613848]
			Likelihood =  -393.13
			AIC =  794.26
			Theta =  9744.35
			Chi-Squared =  597.19

			Replicate time: 0:00:02.866451 (H:M:S)

		Round 5 Replicate 5 of 20:
			Optimized parameters =  [ 29.99999918   0.28916171  29.79925401   1.31744001]
			Likelihood =  -392.97
			AIC =  793.94
			Theta =  25741.2
			Chi-Squared =  596.88

			Replicate time: 0:00:02.732395 (H:M:S)

		Round 5 Replicate 6 of 20:
			Optimized parameters =  [ 30.           2.06095945  17.69811454   4.33561897]
			Likelihood =  -398.47
			AIC =  804.94
			Theta =  3584.42
			Chi-Squared =  607.14

			Replicate time: 0:00:08.682903 (H:M:S)

		Round 5 Replicate 7 of 20:
			Optimized parameters =  [  4.55137008   0.46794868  29.94637682   1.18624107]
			Likelihood =  -393.98
			AIC =  795.96
			Theta =  15878.13
			Chi-Squared =  598.8

			Replicate time: 0:00:02.385797 (H:M:S)

		Round 5 Replicate 8 of 20:
			Optimized parameters =  [  6.33585879   0.32231942  29.99999874   1.06099158]
			Likelihood =  -393.16
			AIC =  794.32
			Theta =  23084.87
			Chi-Squared =  597.25

			Replicate time: 0:00:02.980901 (H:M:S)

		Round 5 Replicate 9 of 20:
			Optimized parameters =  [  4.01761618   0.37076757  19.21298703   0.98250705]
			Likelihood =  -393.76
			AIC =  795.52
			Theta =  20047.16
			Chi-Squared =  598.39

			Replicate time: 0:00:02.877189 (H:M:S)

		Round 5 Replicate 10 of 20:
			Optimized parameters =  [  6.8692015    0.28735827  18.79571371   0.99002137]
			Likelihood =  -393.11
			AIC =  794.22
			Theta =  25895.85
			Chi-Squared =  597.15

			Replicate time: 0:00:02.758290 (H:M:S)

		Round 5 Replicate 11 of 20:
			Optimized parameters =  [ 29.94489828   0.72452237  24.53187902   2.53317116]
			Likelihood =  -393.17
			AIC =  794.34
			Theta =  10269.54
			Chi-Squared =  597.28

			Replicate time: 0:00:03.277426 (H:M:S)

		Round 5 Replicate 12 of 20:
			Optimized parameters =  [ 29.99999987   0.82541176  27.34051937   2.82953192]
			Likelihood =  -393.2
			AIC =  794.4
			Theta =  9013.91
			Chi-Squared =  597.32

			Replicate time: 0:00:03.054693 (H:M:S)

		Round 5 Replicate 13 of 20:
			Optimized parameters =  [ 29.99999893   0.32030107  20.484031     1.35209885]
			Likelihood =  -393.0
			AIC =  794.0
			Theta =  23237.29
			Chi-Squared =  596.94

			Replicate time: 0:00:02.342239 (H:M:S)

		Round 5 Replicate 14 of 20:
			Optimized parameters =  [ 29.99999898   0.71927274  29.33821298   2.59921263]
			Likelihood =  -393.11
			AIC =  794.22
			Theta =  10345.68
			Chi-Squared =  597.16

			Replicate time: 0:00:02.898079 (H:M:S)

		Round 5 Replicate 15 of 20:
			Optimized parameters =  [  8.0550647    0.45096415  29.9996601    1.43206052]
			Likelihood =  -393.22
			AIC =  794.44
			Theta =  16497.66
			Chi-Squared =  597.37

			Replicate time: 0:00:02.709673 (H:M:S)

		Round 5 Replicate 16 of 20:
			Optimized parameters =  [  2.53047303   0.37217302  30.           0.79475278]
			Likelihood =  -395.6
			AIC =  799.2
			Theta =  20017.02
			Chi-Squared =  600.71

			Replicate time: 0:00:08.673708 (H:M:S)

		Round 5 Replicate 17 of 20:
			Optimized parameters =  [ 29.92751696   0.86139624  15.01863503   2.55541542]
			Likelihood =  -393.78
			AIC =  795.56
			Theta =  8628.51
			Chi-Squared =  598.43

			Replicate time: 0:00:02.262437 (H:M:S)

		Round 5 Replicate 18 of 20:
			Optimized parameters =  [  5.31680504   0.27897109  29.99999874   0.91052755]
			Likelihood =  -393.17
			AIC =  794.34
			Theta =  26671.37
			Chi-Squared =  597.27

			Replicate time: 0:00:03.175311 (H:M:S)

		Round 5 Replicate 19 of 20:
			Optimized parameters =  [ 30.           1.64127758  13.17006779   3.48828064]
			Likelihood =  -398.81
			AIC =  805.62
			Theta =  4499.48
			Chi-Squared =  607.77

			Replicate time: 0:00:08.922615 (H:M:S)

		Round 5 Replicate 20 of 20:
			Optimized parameters =  [  2.49203159   0.36190067  29.99999942   0.77780453]
			Likelihood =  -395.49
			AIC =  798.98
			Theta =  20577.66
			Chi-Squared =  600.61

			Replicate time: 0:00:07.098188 (H:M:S)

	Best so far: Round_5_Replicate_5, ll = -392.97



our_model Analysis Time for Model: 0:05:38.498268 (H:M:S)

============================================================================
