239291  , -79089.4    , array([ 0.161336   ,  65.6299    ,  1.77475e-50,  1.72616e-06,  2.19411e-11])
239292  , -79089.4    , array([ 0.161498   ,  65.6299    ,  1.77475e-50,  1.72616e-06,  2.19411e-11])
239293  , -79089.4    , array([ 0.161336   ,  65.6955    ,  1.77475e-50,  1.72616e-06,  2.19411e-11])
239294  , -79089.4    , array([ 0.161336   ,  65.6299    ,  1.77653e-50,  1.72616e-06,  2.19411e-11])
239295  , -79089.4    , array([ 0.161336   ,  65.6299    ,  1.77475e-50,  1.72789e-06,  2.19411e-11])
239296  , -79089.4    , array([ 0.161336   ,  65.6299    ,  1.77475e-50,  1.72616e-06,  2.1963e-11 ])
239297  , -79089.4    , array([ 0.161336   ,  65.6299    ,  1.77475e-50,  1.72616e-06,  2.19411e-11])
239298  , -79089.4    , array([ 0.161319   ,  65.6299    ,  1.77475e-50,  1.72616e-06,  2.19435e-11])
239299  , -79089.4    , array([ 0.161319   ,  65.6299    ,  1.77475e-50,  1.72616e-06,  2.19435e-11])
239300  , -79089.4    , array([ 0.16148    ,  65.6299    ,  1.77475e-50,  1.72616e-06,  2.19435e-11])
239301  , -79089.4    , array([ 0.161319   ,  65.6955    ,  1.77475e-50,  1.72616e-06,  2.19435e-11])
239302  , -79089.4    , array([ 0.161319   ,  65.6299    ,  1.77653e-50,  1.72616e-06,  2.19435e-11])
239303  , -79089.4    , array([ 0.161319   ,  65.6299    ,  1.77475e-50,  1.72789e-06,  2.19435e-11])
239304  , -79089.4    , array([ 0.161319   ,  65.6299    ,  1.77475e-50,  1.72616e-06,  2.19654e-11])
239305  , -79089.4    , array([ 0.161249   ,  65.6298    ,  1.77475e-50,  1.72616e-06,  2.19531e-11])
239306  , -79089.4    , array([ 0.161249   ,  65.6298    ,  1.77475e-50,  1.72616e-06,  2.19531e-11])
239307  , -79089.4    , array([ 0.16141    ,  65.6298    ,  1.77475e-50,  1.72616e-06,  2.19531e-11])
239308  , -79089.4    , array([ 0.161249   ,  65.6954    ,  1.77475e-50,  1.72616e-06,  2.19531e-11])
239309  , -79089.4    , array([ 0.161249   ,  65.6298    ,  1.77653e-50,  1.72616e-06,  2.19531e-11])
239310  , -79089.4    , array([ 0.161249   ,  65.6298    ,  1.77475e-50,  1.72789e-06,  2.19531e-11])
239311  , -79089.4    , array([ 0.161249   ,  65.6298    ,  1.77475e-50,  1.72616e-06,  2.1975e-11 ])
239312  , -79089.4    , array([ 0.160968   ,  65.6295    ,  1.77475e-50,  1.72616e-06,  2.19916e-11])
239313  , -79089.4    , array([ 0.160968   ,  65.6295    ,  1.77475e-50,  1.72616e-06,  2.19916e-11])
239314  , -79089.4    , array([ 0.16113    ,  65.6295    ,  1.77475e-50,  1.72616e-06,  2.19916e-11])
239315  , -79089.4    , array([ 0.160968   ,  65.6952    ,  1.77475e-50,  1.72616e-06,  2.19916e-11])
239316  , -79089.4    , array([ 0.160968   ,  65.6295    ,  1.77653e-50,  1.72616e-06,  2.19916e-11])
239317  , -79089.4    , array([ 0.160968   ,  65.6295    ,  1.77475e-50,  1.72789e-06,  2.19916e-11])
239318  , -79089.4    , array([ 0.160968   ,  65.6295    ,  1.77475e-50,  1.72616e-06,  2.20136e-11])
239319  , -79089.4    , array([ 0.159853   ,  65.6283    ,  1.77475e-50,  1.72616e-06,  2.21463e-11])
239320  , -79089.4    , array([ 0.159853   ,  65.6283    ,  1.77475e-50,  1.72616e-06,  2.21463e-11])
239321  , -79089.4    , array([ 0.160013   ,  65.6283    ,  1.77475e-50,  1.72616e-06,  2.21463e-11])
239322  , -79089.4    , array([ 0.159853   ,  65.694     ,  1.77475e-50,  1.72616e-06,  2.21463e-11])
239323  , -79089.4    , array([ 0.159853   ,  65.6283    ,  1.77653e-50,  1.72616e-06,  2.21463e-11])
239324  , -79089.4    , array([ 0.159853   ,  65.6283    ,  1.77475e-50,  1.72789e-06,  2.21463e-11])
239325  , -79089.4    , array([ 0.159853   ,  65.6283    ,  1.77475e-50,  1.72616e-06,  2.21684e-11])
239326  , -79089.4    , array([ 0.155466   ,  65.6237    ,  1.77475e-50,  1.72616e-06,  2.2776e-11 ])
239327  , -79089.4    , array([ 0.155466   ,  65.6237    ,  1.77475e-50,  1.72616e-06,  2.2776e-11 ])
239328  , -79089.4    , array([ 0.155622   ,  65.6237    ,  1.77475e-50,  1.72616e-06,  2.2776e-11 ])
239329  , -79089.4    , array([ 0.155466   ,  65.6893    ,  1.77475e-50,  1.72616e-06,  2.2776e-11 ])
239330  , -79089.4    , array([ 0.155466   ,  65.6237    ,  1.77653e-50,  1.72616e-06,  2.2776e-11 ])
239331  , -79089.4    , array([ 0.155466   ,  65.6237    ,  1.77475e-50,  1.72789e-06,  2.2776e-11 ])
239332  , -79089.4    , array([ 0.155466   ,  65.6237    ,  1.77475e-50,  1.72616e-06,  2.27987e-11])
239333  , -79089.4    , array([ 0.139091   ,  65.6051    ,  1.77475e-50,  1.72616e-06,  2.54789e-11])
239334  , -79089.4    , array([ 0.139091   ,  65.6051    ,  1.77475e-50,  1.72616e-06,  2.54789e-11])
239335  , -79089.4    , array([ 0.139231   ,  65.6051    ,  1.77475e-50,  1.72616e-06,  2.54789e-11])
239336  , -79089.4    , array([ 0.139091   ,  65.6707    ,  1.77475e-50,  1.72616e-06,  2.54789e-11])
239337  , -79089.4    , array([ 0.139091   ,  65.6051    ,  1.77653e-50,  1.72616e-06,  2.54789e-11])
239338  , -79089.4    , array([ 0.139091   ,  65.6051    ,  1.77475e-50,  1.72789e-06,  2.54789e-11])
239339  , -79089.4    , array([ 0.139091   ,  65.6051    ,  1.77475e-50,  1.72616e-06,  2.55044e-11])
239340  , -79089.4    , array([ 0.0891165  ,  65.5309    ,  1.77475e-50,  1.72616e-06,  3.99024e-11])
239341  , -79089.4    , array([ 0.0891165  ,  65.5309    ,  1.77475e-50,  1.72616e-06,  3.99024e-11])
239342  , -79089.4    , array([ 0.0892056  ,  65.5309    ,  1.77475e-50,  1.72616e-06,  3.99024e-11])
239343  , -79089.4    , array([ 0.0891165  ,  65.5964    ,  1.77475e-50,  1.72616e-06,  3.99024e-11])
239344  , -79089.4    , array([ 0.0891165  ,  65.5309    ,  1.77653e-50,  1.72616e-06,  3.99024e-11])
239345  , -79089.4    , array([ 0.0891165  ,  65.5309    ,  1.77475e-50,  1.72789e-06,  3.99024e-11])
239346  , -79089.4    , array([ 0.0891165  ,  65.5309    ,  1.77475e-50,  1.72616e-06,  3.99423e-11])
239347  , -79089.4    , array([ 0.0150172  ,  65.2347    ,  1.77475e-50,  1.72616e-06,  2.40033e-10])
239348  , -79089.4    , array([ 0.0150172  ,  65.2347    ,  1.77475e-50,  1.72616e-06,  2.40033e-10])
239349  , -79089.4    , array([ 0.0150322  ,  65.2347    ,  1.77475e-50,  1.72616e-06,  2.40033e-10])
239350  , -79089.4    , array([ 0.0150172  ,  65.2999    ,  1.77475e-50,  1.72616e-06,  2.40033e-10])
239351  , -79089.4    , array([ 0.0150172  ,  65.2347    ,  1.77653e-50,  1.72616e-06,  2.40033e-10])
239352  , -79089.4    , array([ 0.0150172  ,  65.2347    ,  1.77475e-50,  1.72789e-06,  2.40033e-10])
239353  , -79089.4    , array([ 0.0150172  ,  65.2347    ,  1.77475e-50,  1.72616e-06,  2.40273e-10])
239361  , -79089.4    , array([ 0.0150172  ,  65.2347    ,  1.77475e-50,  1.72616e-06,  2.40033e-10])
239362  , -79089.4    , array([ 0.0150172  ,  65.2347    ,  1.77475e-50,  1.72616e-06,  2.40033e-10])
239363  , -79089.4    , array([ 0.0150322  ,  65.2347    ,  1.77475e-50,  1.72616e-06,  2.40033e-10])
239364  , -79089.4    , array([ 0.0150172  ,  65.2999    ,  1.77475e-50,  1.72616e-06,  2.40033e-10])
239365  , -79089.4    , array([ 0.0150172  ,  65.2347    ,  1.77653e-50,  1.72616e-06,  2.40033e-10])
239366  , -79089.4    , array([ 0.0150172  ,  65.2347    ,  1.77475e-50,  1.72789e-06,  2.40033e-10])
239367  , -79089.4    , array([ 0.0150172  ,  65.2347    ,  1.77475e-50,  1.72616e-06,  2.40273e-10])
239368  , -79089.4    , array([ 0.0150172  ,  65.2347    ,  1.77475e-50,  1.72616e-06,  2.40033e-10])
239369  , -79089.4    , array([ 0.0150172  ,  65.2347    ,  1.77475e-50,  1.72616e-06,  2.40033e-10])
239370  , -79089.4    , array([ 0.0150322  ,  65.2347    ,  1.77475e-50,  1.72616e-06,  2.40033e-10])
239371  , -79089.4    , array([ 0.0150172  ,  65.2999    ,  1.77475e-50,  1.72616e-06,  2.40033e-10])
239372  , -79089.4    , array([ 0.0150172  ,  65.2347    ,  1.77653e-50,  1.72616e-06,  2.40033e-10])
239373  , -79089.4    , array([ 0.0150172  ,  65.2347    ,  1.77475e-50,  1.72789e-06,  2.40033e-10])
239374  , -79089.4    , array([ 0.0150172  ,  65.2347    ,  1.77475e-50,  1.72616e-06,  2.40273e-10])
239382  , -79089.4    , array([ 0.0150172  ,  65.2347    ,  1.77475e-50,  1.72616e-06,  2.40033e-10])
239383  , -79089.4    , array([ 0.0150172  ,  65.2347    ,  1.77475e-50,  1.72616e-06,  2.40033e-10])
239384  , -79089.4    , array([ 0.0150322  ,  65.2347    ,  1.77475e-50,  1.72616e-06,  2.40033e-10])
239385  , -79089.4    , array([ 0.0150172  ,  65.2999    ,  1.77475e-50,  1.72616e-06,  2.40033e-10])
239386  , -79089.4    , array([ 0.0150172  ,  65.2347    ,  1.77653e-50,  1.72616e-06,  2.40033e-10])
239387  , -79089.4    , array([ 0.0150172  ,  65.2347    ,  1.77475e-50,  1.72789e-06,  2.40033e-10])
239388  , -79089.4    , array([ 0.0150172  ,  65.2347    ,  1.77475e-50,  1.72616e-06,  2.40273e-10])
239389  , -79089.4    , array([ 0.0150172  ,  65.2347    ,  1.77475e-50,  1.72616e-06,  2.40033e-10])
239390  , -79089.4    , array([ 0.0150172  ,  65.2347    ,  1.77475e-50,  1.72616e-06,  2.40033e-10])
239391  , -79089.4    , array([ 0.0150322  ,  65.2347    ,  1.77475e-50,  1.72616e-06,  2.40033e-10])
239392  , -79089.4    , array([ 0.0150172  ,  65.2999    ,  1.77475e-50,  1.72616e-06,  2.40033e-10])
239393  , -79089.4    , array([ 0.0150172  ,  65.2347    ,  1.77653e-50,  1.72616e-06,  2.40033e-10])
239394  , -79089.4    , array([ 0.0150172  ,  65.2347    ,  1.77475e-50,  1.72789e-06,  2.40033e-10])
239395  , -79089.4    , array([ 0.0150172  ,  65.2347    ,  1.77475e-50,  1.72616e-06,  2.40273e-10])
239396  , -79089      , array([ 0.00253058 ,  64.9398    ,  1.77475e-50,  1.72616e-06,  1.44391e-09])
239397  , -79089      , array([ 0.00253058 ,  64.9398    ,  1.77475e-50,  1.72616e-06,  1.44391e-09])
239398  , -79089      , array([ 0.00253311 ,  64.9398    ,  1.77475e-50,  1.72616e-06,  1.44391e-09])
239399  , -79089      , array([ 0.00253058 ,  65.0048    ,  1.77475e-50,  1.72616e-06,  1.44391e-09])
239400  , -79089      , array([ 0.00253058 ,  64.9398    ,  1.77653e-50,  1.72616e-06,  1.44391e-09])
239401  , -79089      , array([ 0.00253058 ,  64.9398    ,  1.77475e-50,  1.72789e-06,  1.44391e-09])
239402  , -79089      , array([ 0.00253058 ,  64.9398    ,  1.77475e-50,  1.72616e-06,  1.44536e-09])
239403  , -79089      , array([ 0.00253058 ,  64.9398    ,  1.77475e-50,  1.72616e-06,  1.44391e-09])
239404  , -79089      , array([ 0.00253058 ,  64.9398    ,  1.77475e-50,  1.72616e-06,  1.44391e-09])
239405  , -79089      , array([ 0.00253311 ,  64.9398    ,  1.77475e-50,  1.72616e-06,  1.44391e-09])
239406  , -79089      , array([ 0.00253058 ,  65.0048    ,  1.77475e-50,  1.72616e-06,  1.44391e-09])
239407  , -79089      , array([ 0.00253058 ,  64.9398    ,  1.77653e-50,  1.72616e-06,  1.44391e-09])
239408  , -79089      , array([ 0.00253058 ,  64.9398    ,  1.77475e-50,  1.72789e-06,  1.44391e-09])
239409  , -79089      , array([ 0.00253058 ,  64.9398    ,  1.77475e-50,  1.72616e-06,  1.44536e-09])
239410  , -79089      , array([ 0.00253058 ,  64.9398    ,  1.77475e-50,  1.72616e-06,  1.44391e-09])
239411  , -79089      , array([ 0.00253058 ,  64.9398    ,  1.77475e-50,  1.72616e-06,  1.44391e-09])
239412  , -79089      , array([ 0.00253311 ,  64.9398    ,  1.77475e-50,  1.72616e-06,  1.44391e-09])
239413  , -79089      , array([ 0.00253058 ,  65.0048    ,  1.77475e-50,  1.72616e-06,  1.44391e-09])
239414  , -79089      , array([ 0.00253058 ,  64.9398    ,  1.77653e-50,  1.72616e-06,  1.44391e-09])
239415  , -79089      , array([ 0.00253058 ,  64.9398    ,  1.77475e-50,  1.72789e-06,  1.44391e-09])
239416  , -79089      , array([ 0.00253058 ,  64.9398    ,  1.77475e-50,  1.72616e-06,  1.44536e-09])
239417  , -79086.7    , array([ 0.00103881 ,  64.7929    ,  1.77475e-50,  1.72616e-06,  3.54142e-09])
239418  , -79086.7    , array([ 0.00103881 ,  64.7929    ,  1.77475e-50,  1.72616e-06,  3.54142e-09])
239419  , -79086.7    , array([ 0.00103985 ,  64.7929    ,  1.77475e-50,  1.72616e-06,  3.54142e-09])
239420  , -79086.7    , array([ 0.00103881 ,  64.8577    ,  1.77475e-50,  1.72616e-06,  3.54142e-09])
239421  , -79086.7    , array([ 0.00103881 ,  64.7929    ,  1.77653e-50,  1.72616e-06,  3.54142e-09])
239422  , -79086.7    , array([ 0.00103881 ,  64.7929    ,  1.77475e-50,  1.72789e-06,  3.54142e-09])
239423  , -79086.7    , array([ 0.00103881 ,  64.7929    ,  1.77475e-50,  1.72616e-06,  3.54496e-09])
239424  , -79086.7    , array([ 0.00103881 ,  64.7929    ,  1.77475e-50,  1.72616e-06,  3.54142e-09])
239425  , -79086.7    , array([ 0.00103881 ,  64.7929    ,  1.77475e-50,  1.72616e-06,  3.54142e-09])
239426  , -79086.7    , array([ 0.00103985 ,  64.7929    ,  1.77475e-50,  1.72616e-06,  3.54142e-09])
239427  , -79086.7    , array([ 0.00103881 ,  64.8577    ,  1.77475e-50,  1.72616e-06,  3.54142e-09])
239428  , -79086.7    , array([ 0.00103881 ,  64.7929    ,  1.77653e-50,  1.72616e-06,  3.54142e-09])
239429  , -79086.7    , array([ 0.00103881 ,  64.7929    ,  1.77475e-50,  1.72789e-06,  3.54142e-09])
239430  , -79086.7    , array([ 0.00103881 ,  64.7929    ,  1.77475e-50,  1.72616e-06,  3.54496e-09])
239438  , -79086.7    , array([ 0.00103881 ,  64.7929    ,  1.77475e-50,  1.72616e-06,  3.54142e-09])
239439  , -79086.7    , array([ 0.00103881 ,  64.7929    ,  1.77475e-50,  1.72616e-06,  3.54142e-09])
239440  , -79086.7    , array([ 0.00103985 ,  64.7929    ,  1.77475e-50,  1.72616e-06,  3.54142e-09])
239441  , -79086.7    , array([ 0.00103881 ,  64.8577    ,  1.77475e-50,  1.72616e-06,  3.54142e-09])
239442  , -79086.7    , array([ 0.00103881 ,  64.7929    ,  1.77653e-50,  1.72616e-06,  3.54142e-09])
239443  , -79086.7    , array([ 0.00103881 ,  64.7929    ,  1.77475e-50,  1.72789e-06,  3.54142e-09])
239444  , -79086.7    , array([ 0.00103881 ,  64.7929    ,  1.77475e-50,  1.72616e-06,  3.54496e-09])
239445  , -79086.7    , array([ 0.00103881 ,  64.7929    ,  1.77475e-50,  1.72616e-06,  3.54142e-09])
239446  , -79086.7    , array([ 0.00103881 ,  64.7929    ,  1.77475e-50,  1.72616e-06,  3.54142e-09])
239447  , -79086.7    , array([ 0.00103985 ,  64.7929    ,  1.77475e-50,  1.72616e-06,  3.54142e-09])
239448  , -79086.7    , array([ 0.00103881 ,  64.8577    ,  1.77475e-50,  1.72616e-06,  3.54142e-09])
239449  , -79086.7    , array([ 0.00103881 ,  64.7929    ,  1.77653e-50,  1.72616e-06,  3.54142e-09])
239450  , -79086.7    , array([ 0.00103881 ,  64.7929    ,  1.77475e-50,  1.72789e-06,  3.54142e-09])
239451  , -79086.7    , array([ 0.00103881 ,  64.7929    ,  1.77475e-50,  1.72616e-06,  3.54496e-09])
239459  , -79086.7    , array([ 0.00103881 ,  64.7929    ,  1.77475e-50,  1.72616e-06,  3.54142e-09])
239460  , -79086.7    , array([ 0.00103881 ,  64.7929    ,  1.77475e-50,  1.72616e-06,  3.54142e-09])
239461  , -79086.7    , array([ 0.00103985 ,  64.7929    ,  1.77475e-50,  1.72616e-06,  3.54142e-09])
239462  , -79086.7    , array([ 0.00103881 ,  64.8577    ,  1.77475e-50,  1.72616e-06,  3.54142e-09])
239463  , -79086.7    , array([ 0.00103881 ,  64.7929    ,  1.77653e-50,  1.72616e-06,  3.54142e-09])
239464  , -79086.7    , array([ 0.00103881 ,  64.7929    ,  1.77475e-50,  1.72789e-06,  3.54142e-09])
239465  , -79086.7    , array([ 0.00103881 ,  64.7929    ,  1.77475e-50,  1.72616e-06,  3.54496e-09])
239466  , -79086.7    , array([ 0.00103881 ,  64.7929    ,  1.77475e-50,  1.72616e-06,  3.54142e-09])
239467  , -79086.7    , array([ 0.00103881 ,  64.7929    ,  1.77475e-50,  1.72616e-06,  3.54142e-09])
239468  , -79086.7    , array([ 0.00103985 ,  64.7929    ,  1.77475e-50,  1.72616e-06,  3.54142e-09])
239469  , -79086.7    , array([ 0.00103881 ,  64.8577    ,  1.77475e-50,  1.72616e-06,  3.54142e-09])
239470  , -79086.7    , array([ 0.00103881 ,  64.7929    ,  1.77653e-50,  1.72616e-06,  3.54142e-09])
239471  , -79086.7    , array([ 0.00103881 ,  64.7929    ,  1.77475e-50,  1.72789e-06,  3.54142e-09])
239472  , -79086.7    , array([ 0.00103881 ,  64.7929    ,  1.77475e-50,  1.72616e-06,  3.54496e-09])
239480  , -79086.7    , array([ 0.00103881 ,  64.7929    ,  1.77475e-50,  1.72616e-06,  3.54142e-09])
239481  , -79086.7    , array([ 0.00103881 ,  64.7929    ,  1.77475e-50,  1.72616e-06,  3.54142e-09])
239482  , -79086.7    , array([ 0.00103985 ,  64.7929    ,  1.77475e-50,  1.72616e-06,  3.54142e-09])
239483  , -79086.7    , array([ 0.00103881 ,  64.8577    ,  1.77475e-50,  1.72616e-06,  3.54142e-09])
239484  , -79086.7    , array([ 0.00103881 ,  64.7929    ,  1.77653e-50,  1.72616e-06,  3.54142e-09])
239485  , -79086.7    , array([ 0.00103881 ,  64.7929    ,  1.77475e-50,  1.72789e-06,  3.54142e-09])
239486  , -79086.7    , array([ 0.00103881 ,  64.7929    ,  1.77475e-50,  1.72616e-06,  3.54496e-09])
239487  , -79086.7    , array([ 0.00103881 ,  64.7929    ,  1.77475e-50,  1.72616e-06,  3.54142e-09])
239488  , -79086.7    , array([ 0.00103881 ,  64.7929    ,  1.77475e-50,  1.72616e-06,  3.54142e-09])
239489  , -79086.7    , array([ 0.00103985 ,  64.7929    ,  1.77475e-50,  1.72616e-06,  3.54142e-09])
239490  , -79086.7    , array([ 0.00103881 ,  64.8577    ,  1.77475e-50,  1.72616e-06,  3.54142e-09])
239491  , -79086.7    , array([ 0.00103881 ,  64.7929    ,  1.77653e-50,  1.72616e-06,  3.54142e-09])
239492  , -79086.7    , array([ 0.00103881 ,  64.7929    ,  1.77475e-50,  1.72789e-06,  3.54142e-09])
239493  , -79086.7    , array([ 0.00103881 ,  64.7929    ,  1.77475e-50,  1.72616e-06,  3.54496e-09])
239501  , -79086.7    , array([ 0.00103881 ,  64.7929    ,  1.77475e-50,  1.72616e-06,  3.54142e-09])
239502  , -79086.7    , array([ 0.00103881 ,  64.7929    ,  1.77475e-50,  1.72616e-06,  3.54142e-09])
239503  , -79086.7    , array([ 0.00103985 ,  64.7929    ,  1.77475e-50,  1.72616e-06,  3.54142e-09])
239504  , -79086.7    , array([ 0.00103881 ,  64.8577    ,  1.77475e-50,  1.72616e-06,  3.54142e-09])
239505  , -79086.7    , array([ 0.00103881 ,  64.7929    ,  1.77653e-50,  1.72616e-06,  3.54142e-09])
239506  , -79086.7    , array([ 0.00103881 ,  64.7929    ,  1.77475e-50,  1.72789e-06,  3.54142e-09])
239507  , -79086.7    , array([ 0.00103881 ,  64.7929    ,  1.77475e-50,  1.72616e-06,  3.54496e-09])
239508  , -79086.7    , array([ 0.00103881 ,  64.7929    ,  1.77475e-50,  1.72616e-06,  3.54142e-09])
239509  , -79086.7    , array([ 0.00103881 ,  64.7929    ,  1.77475e-50,  1.72616e-06,  3.54142e-09])
239510  , -79086.7    , array([ 0.00103985 ,  64.7929    ,  1.77475e-50,  1.72616e-06,  3.54142e-09])
239511  , -79086.7    , array([ 0.00103881 ,  64.8577    ,  1.77475e-50,  1.72616e-06,  3.54142e-09])
239512  , -79086.7    , array([ 0.00103881 ,  64.7929    ,  1.77653e-50,  1.72616e-06,  3.54142e-09])
239513  , -79086.7    , array([ 0.00103881 ,  64.7929    ,  1.77475e-50,  1.72789e-06,  3.54142e-09])
239514  , -79086.7    , array([ 0.00103881 ,  64.7929    ,  1.77475e-50,  1.72616e-06,  3.54496e-09])
239515  , -79086.5    , array([ 0.00100406 ,  64.7873    ,  1.77475e-50,  1.72616e-06,  3.66491e-09])
239516  , -79086.5    , array([ 0.00100406 ,  64.7873    ,  1.77475e-50,  1.72616e-06,  3.66491e-09])
239517  , -79086.5    , array([ 0.00100507 ,  64.7873    ,  1.77475e-50,  1.72616e-06,  3.66491e-09])
239518  , -79086.5    , array([ 0.00100406 ,  64.8521    ,  1.77475e-50,  1.72616e-06,  3.66491e-09])
239519  , -79086.5    , array([ 0.00100406 ,  64.7873    ,  1.77653e-50,  1.72616e-06,  3.66491e-09])
239520  , -79086.5    , array([ 0.00100406 ,  64.7873    ,  1.77475e-50,  1.72789e-06,  3.66491e-09])
239521  , -79086.5    , array([ 0.00100406 ,  64.7873    ,  1.77475e-50,  1.72616e-06,  3.66857e-09])
239522  , -79086.5    , array([ 0.00100406 ,  64.7873    ,  1.77475e-50,  1.72616e-06,  3.66491e-09])
239523  , -79086.5    , array([ 0.00100406 ,  64.7873    ,  1.77475e-50,  1.72616e-06,  3.66491e-09])
239524  , -79086.5    , array([ 0.00100507 ,  64.7873    ,  1.77475e-50,  1.72616e-06,  3.66491e-09])
239525  , -79086.5    , array([ 0.00100406 ,  64.8521    ,  1.77475e-50,  1.72616e-06,  3.66491e-09])
239526  , -79086.5    , array([ 0.00100406 ,  64.7873    ,  1.77653e-50,  1.72616e-06,  3.66491e-09])
239527  , -79086.5    , array([ 0.00100406 ,  64.7873    ,  1.77475e-50,  1.72789e-06,  3.66491e-09])
239528  , -79086.5    , array([ 0.00100406 ,  64.7873    ,  1.77475e-50,  1.72616e-06,  3.66857e-09])
239529  , -79086.5    , array([ 0.00100361 ,  64.7872    ,  1.77475e-50,  1.72616e-06,  3.66658e-09])
239530  , -79086.5    , array([ 0.00100361 ,  64.7872    ,  1.77475e-50,  1.72616e-06,  3.66658e-09])
239531  , -79086.5    , array([ 0.00100461 ,  64.7872    ,  1.77475e-50,  1.72616e-06,  3.66658e-09])
239532  , -79086.5    , array([ 0.00100361 ,  64.852     ,  1.77475e-50,  1.72616e-06,  3.66658e-09])
239533  , -79086.5    , array([ 0.00100361 ,  64.7872    ,  1.77653e-50,  1.72616e-06,  3.66658e-09])
239534  , -79086.5    , array([ 0.00100361 ,  64.7872    ,  1.77475e-50,  1.72789e-06,  3.66658e-09])
239535  , -79086.5    , array([ 0.00100361 ,  64.7872    ,  1.77475e-50,  1.72616e-06,  3.67025e-09])
239543  , -79086.5    , array([ 0.00100361 ,  64.7872    ,  1.77475e-50,  1.72616e-06,  3.66658e-09])
239544  , -79086.5    , array([ 0.00100361 ,  64.7872    ,  1.77475e-50,  1.72616e-06,  3.66658e-09])
239545  , -79086.5    , array([ 0.00100461 ,  64.7872    ,  1.77475e-50,  1.72616e-06,  3.66658e-09])
239546  , -79086.5    , array([ 0.00100361 ,  64.852     ,  1.77475e-50,  1.72616e-06,  3.66658e-09])
239547  , -79086.5    , array([ 0.00100361 ,  64.7872    ,  1.77653e-50,  1.72616e-06,  3.66658e-09])
239548  , -79086.5    , array([ 0.00100361 ,  64.7872    ,  1.77475e-50,  1.72789e-06,  3.66658e-09])
239549  , -79086.5    , array([ 0.00100361 ,  64.7872    ,  1.77475e-50,  1.72616e-06,  3.67025e-09])
239550  , -79086.5    , array([ 0.00100361 ,  64.7872    ,  1.77475e-50,  1.72616e-06,  3.66658e-09])
239551  , -79086.5    , array([ 0.00100361 ,  64.7872    ,  1.77475e-50,  1.72616e-06,  3.66658e-09])
239552  , -79086.5    , array([ 0.00100461 ,  64.7872    ,  1.77475e-50,  1.72616e-06,  3.66658e-09])
239553  , -79086.5    , array([ 0.00100361 ,  64.852     ,  1.77475e-50,  1.72616e-06,  3.66658e-09])
239554  , -79086.5    , array([ 0.00100361 ,  64.7872    ,  1.77653e-50,  1.72616e-06,  3.66658e-09])
239555  , -79086.5    , array([ 0.00100361 ,  64.7872    ,  1.77475e-50,  1.72789e-06,  3.66658e-09])
239556  , -79086.5    , array([ 0.00100361 ,  64.7872    ,  1.77475e-50,  1.72616e-06,  3.67025e-09])
239557  , -79086.5    , array([ 0.00100361 ,  64.7872    ,  1.77475e-50,  1.72616e-06,  3.66658e-09])
239558  , -79086.5    , array([ 0.00100361 ,  64.7872    ,  1.77475e-50,  1.72616e-06,  3.66658e-09])
239559  , -79086.5    , array([ 0.00100461 ,  64.7872    ,  1.77475e-50,  1.72616e-06,  3.66658e-09])
239560  , -79086.5    , array([ 0.00100361 ,  64.852     ,  1.77475e-50,  1.72616e-06,  3.66658e-09])
239561  , -79086.5    , array([ 0.00100361 ,  64.7872    ,  1.77653e-50,  1.72616e-06,  3.66658e-09])
239562  , -79086.5    , array([ 0.00100361 ,  64.7872    ,  1.77475e-50,  1.72789e-06,  3.66658e-09])
239563  , -79086.5    , array([ 0.00100361 ,  64.7872    ,  1.77475e-50,  1.72616e-06,  3.67025e-09])
239564  , -79086.5    , array([ 0.00100361 ,  64.7872    ,  1.77475e-50,  1.72616e-06,  3.66658e-09])
239565  , -79086.5    , array([ 0.00100361 ,  64.7872    ,  1.77475e-50,  1.72616e-06,  3.66658e-09])
239566  , -79086.5    , array([ 0.00100461 ,  64.7872    ,  1.77475e-50,  1.72616e-06,  3.66658e-09])
239567  , -79086.5    , array([ 0.00100361 ,  64.852     ,  1.77475e-50,  1.72616e-06,  3.66658e-09])
239568  , -79086.5    , array([ 0.00100361 ,  64.7872    ,  1.77653e-50,  1.72616e-06,  3.66658e-09])
239569  , -79086.5    , array([ 0.00100361 ,  64.7872    ,  1.77475e-50,  1.72789e-06,  3.66658e-09])
239570  , -79086.5    , array([ 0.00100361 ,  64.7872    ,  1.77475e-50,  1.72616e-06,  3.67025e-09])
239571  , -79086.5    , array([ 0.00100361 ,  64.7872    ,  1.77475e-50,  1.72616e-06,  3.66658e-09])
239572  , -79086.5    , array([ 0.00100361 ,  64.7872    ,  1.77475e-50,  1.72616e-06,  3.66658e-09])
239573  , -79086.5    , array([ 0.00100461 ,  64.7872    ,  1.77475e-50,  1.72616e-06,  3.66658e-09])
239574  , -79086.5    , array([ 0.00100361 ,  64.852     ,  1.77475e-50,  1.72616e-06,  3.66658e-09])
239575  , -79086.5    , array([ 0.00100361 ,  64.7872    ,  1.77653e-50,  1.72616e-06,  3.66658e-09])
239576  , -79086.5    , array([ 0.00100361 ,  64.7872    ,  1.77475e-50,  1.72789e-06,  3.66658e-09])
239577  , -79086.5    , array([ 0.00100361 ,  64.7872    ,  1.77475e-50,  1.72616e-06,  3.67025e-09])
239578  , -79086.5    , array([ 0.00100361 ,  64.7872    ,  1.77475e-50,  1.72616e-06,  3.66658e-09])
239579  , -79086.5    , array([ 0.00100361 ,  64.7872    ,  1.77475e-50,  1.72616e-06,  3.66658e-09])
239580  , -79086.5    , array([ 0.00100461 ,  64.7872    ,  1.77475e-50,  1.72616e-06,  3.66658e-09])
239581  , -79086.5    , array([ 0.00100361 ,  64.852     ,  1.77475e-50,  1.72616e-06,  3.66658e-09])
239582  , -79086.5    , array([ 0.00100361 ,  64.7872    ,  1.77653e-50,  1.72616e-06,  3.66658e-09])
239583  , -79086.5    , array([ 0.00100361 ,  64.7872    ,  1.77475e-50,  1.72789e-06,  3.66658e-09])
239584  , -79086.5    , array([ 0.00100361 ,  64.7872    ,  1.77475e-50,  1.72616e-06,  3.67025e-09])
239585  , -79086.5    , array([ 0.00100361 ,  64.7872    ,  1.77475e-50,  1.72616e-06,  3.66658e-09])
239586  , -79086.5    , array([ 0.00100361 ,  64.7872    ,  1.77475e-50,  1.72616e-06,  3.66658e-09])
239587  , -79086.5    , array([ 0.00100461 ,  64.7872    ,  1.77475e-50,  1.72616e-06,  3.66658e-09])
239588  , -79086.5    , array([ 0.00100361 ,  64.852     ,  1.77475e-50,  1.72616e-06,  3.66658e-09])
239589  , -79086.5    , array([ 0.00100361 ,  64.7872    ,  1.77653e-50,  1.72616e-06,  3.66658e-09])
239590  , -79086.5    , array([ 0.00100361 ,  64.7872    ,  1.77475e-50,  1.72789e-06,  3.66658e-09])
239591  , -79086.5    , array([ 0.00100361 ,  64.7872    ,  1.77475e-50,  1.72616e-06,  3.67025e-09])
239592  , -79086.5    , array([ 0.00100361 ,  64.7872    ,  1.77475e-50,  1.72616e-06,  3.66658e-09])
239593  , -79086.5    , array([ 0.00100361 ,  64.7872    ,  1.77475e-50,  1.72616e-06,  3.66658e-09])
239594  , -79086.5    , array([ 0.00100461 ,  64.7872    ,  1.77475e-50,  1.72616e-06,  3.66658e-09])
239595  , -79086.5    , array([ 0.00100361 ,  64.852     ,  1.77475e-50,  1.72616e-06,  3.66658e-09])
239596  , -79086.5    , array([ 0.00100361 ,  64.7872    ,  1.77653e-50,  1.72616e-06,  3.66658e-09])
239597  , -79086.5    , array([ 0.00100361 ,  64.7872    ,  1.77475e-50,  1.72789e-06,  3.66658e-09])
239598  , -79086.5    , array([ 0.00100361 ,  64.7872    ,  1.77475e-50,  1.72616e-06,  3.67025e-09])
239599  , -79086.5    , array([ 0.00100361 ,  64.7872    ,  1.77475e-50,  1.72616e-06,  3.66658e-09])
239600  , -79086.5    , array([ 0.00100361 ,  64.7872    ,  1.77475e-50,  1.72616e-06,  3.66658e-09])
239601  , -79086.5    , array([ 0.00100461 ,  64.7872    ,  1.77475e-50,  1.72616e-06,  3.66658e-09])
239602  , -79086.5    , array([ 0.00100361 ,  64.852     ,  1.77475e-50,  1.72616e-06,  3.66658e-09])
239603  , -79086.5    , array([ 0.00100361 ,  64.7872    ,  1.77653e-50,  1.72616e-06,  3.66658e-09])
239604  , -79086.5    , array([ 0.00100361 ,  64.7872    ,  1.77475e-50,  1.72789e-06,  3.66658e-09])
239605  , -79086.5    , array([ 0.00100361 ,  64.7872    ,  1.77475e-50,  1.72616e-06,  3.67025e-09])
239606  , -79086.5    , array([ 0.00100361 ,  64.7872    ,  1.77475e-50,  1.72616e-06,  3.66658e-09])
239607  , -79086.5    , array([ 0.00100361 ,  64.7872    ,  1.77475e-50,  1.72616e-06,  3.66658e-09])
239608  , -79086.5    , array([ 0.00100461 ,  64.7872    ,  1.77475e-50,  1.72616e-06,  3.66658e-09])
239609  , -79086.5    , array([ 0.00100361 ,  64.852     ,  1.77475e-50,  1.72616e-06,  3.66658e-09])
239610  , -79086.5    , array([ 0.00100361 ,  64.7872    ,  1.77653e-50,  1.72616e-06,  3.66658e-09])
239611  , -79086.5    , array([ 0.00100361 ,  64.7872    ,  1.77475e-50,  1.72789e-06,  3.66658e-09])
239612  , -79086.5    , array([ 0.00100361 ,  64.7872    ,  1.77475e-50,  1.72616e-06,  3.67025e-09])
239613  , -79086.5    , array([ 0.00100361 ,  64.7872    ,  1.77475e-50,  1.72616e-06,  3.66658e-09])
239614  , -79086.5    , array([ 0.00100361 ,  64.7872    ,  1.77475e-50,  1.72616e-06,  3.66658e-09])
239615  , -79086.5    , array([ 0.00100461 ,  64.7872    ,  1.77475e-50,  1.72616e-06,  3.66658e-09])
239616  , -79086.5    , array([ 0.00100361 ,  64.852     ,  1.77475e-50,  1.72616e-06,  3.66658e-09])
239617  , -79086.5    , array([ 0.00100361 ,  64.7872    ,  1.77653e-50,  1.72616e-06,  3.66658e-09])
239618  , -79086.5    , array([ 0.00100361 ,  64.7872    ,  1.77475e-50,  1.72789e-06,  3.66658e-09])
239619  , -79086.5    , array([ 0.00100361 ,  64.7872    ,  1.77475e-50,  1.72616e-06,  3.67025e-09])
239620  , -79086.5    , array([ 0.00100361 ,  64.7872    ,  1.77475e-50,  1.72616e-06,  3.66658e-09])
239621  , -79086.5    , array([ 0.00100361 ,  64.7872    ,  1.77475e-50,  1.72616e-06,  3.66658e-09])
239622  , -79086.5    , array([ 0.00100461 ,  64.7872    ,  1.77475e-50,  1.72616e-06,  3.66658e-09])
239623  , -79086.5    , array([ 0.00100361 ,  64.852     ,  1.77475e-50,  1.72616e-06,  3.66658e-09])
239624  , -79086.5    , array([ 0.00100361 ,  64.7872    ,  1.77653e-50,  1.72616e-06,  3.66658e-09])
239625  , -79086.5    , array([ 0.00100361 ,  64.7872    ,  1.77475e-50,  1.72789e-06,  3.66658e-09])
239626  , -79086.5    , array([ 0.00100361 ,  64.7872    ,  1.77475e-50,  1.72616e-06,  3.67025e-09])
239627  , -79086.5    , array([ 0.00100361 ,  64.7872    ,  1.77475e-50,  1.72616e-06,  3.66658e-09])
239628  , -79086.5    , array([ 0.00100361 ,  64.7872    ,  1.77475e-50,  1.72616e-06,  3.66658e-09])
239629  , -79086.5    , array([ 0.00100461 ,  64.7872    ,  1.77475e-50,  1.72616e-06,  3.66658e-09])
239630  , -79086.5    , array([ 0.00100361 ,  64.852     ,  1.77475e-50,  1.72616e-06,  3.66658e-09])
239631  , -79086.5    , array([ 0.00100361 ,  64.7872    ,  1.77653e-50,  1.72616e-06,  3.66658e-09])
239632  , -79086.5    , array([ 0.00100361 ,  64.7872    ,  1.77475e-50,  1.72789e-06,  3.66658e-09])
239633  , -79086.5    , array([ 0.00100361 ,  64.7872    ,  1.77475e-50,  1.72616e-06,  3.67025e-09])
239634  , -79086.5    , array([ 0.00100361 ,  64.7872    ,  1.77475e-50,  1.72616e-06,  3.66658e-09])
239635  , -79086.5    , array([ 0.00100361 ,  64.7872    ,  1.77475e-50,  1.72616e-06,  3.66658e-09])
239636  , -79086.5    , array([ 0.00100461 ,  64.7872    ,  1.77475e-50,  1.72616e-06,  3.66658e-09])
239637  , -79086.5    , array([ 0.00100361 ,  64.852     ,  1.77475e-50,  1.72616e-06,  3.66658e-09])
239638  , -79086.5    , array([ 0.00100361 ,  64.7872    ,  1.77653e-50,  1.72616e-06,  3.66658e-09])
239639  , -79086.5    , array([ 0.00100361 ,  64.7872    ,  1.77475e-50,  1.72789e-06,  3.66658e-09])
239640  , -79086.5    , array([ 0.00100361 ,  64.7872    ,  1.77475e-50,  1.72616e-06,  3.67025e-09])
239641  , -79086.5    , array([ 0.00100361 ,  64.7872    ,  1.77475e-50,  1.72616e-06,  3.66658e-09])
239642  , -79086.5    , array([ 0.00100361 ,  64.7872    ,  1.77475e-50,  1.72616e-06,  3.66658e-09])
239643  , -79086.5    , array([ 0.00100461 ,  64.7872    ,  1.77475e-50,  1.72616e-06,  3.66658e-09])
239644  , -79086.5    , array([ 0.00100361 ,  64.852     ,  1.77475e-50,  1.72616e-06,  3.66658e-09])
239645  , -79086.5    , array([ 0.00100361 ,  64.7872    ,  1.77653e-50,  1.72616e-06,  3.66658e-09])
239646  , -79086.5    , array([ 0.00100361 ,  64.7872    ,  1.77475e-50,  1.72789e-06,  3.66658e-09])
239647  , -79086.5    , array([ 0.00100361 ,  64.7872    ,  1.77475e-50,  1.72616e-06,  3.67025e-09])
239648  , -79089.4    , array([ 0.161319   ,  65.6299    ,  1.77475e-50,  1.72616e-06,  2.19435e-11])
239649  , -79089.4    , array([ 0.161319   ,  65.6299    ,  1.77475e-50,  1.72616e-06,  2.19435e-11])
239650  , -79089.4    , array([ 0.16148    ,  65.6299    ,  1.77475e-50,  1.72616e-06,  2.19435e-11])
239651  , -79089.4    , array([ 0.161319   ,  65.6955    ,  1.77475e-50,  1.72616e-06,  2.19435e-11])
239652  , -79089.4    , array([ 0.161319   ,  65.6299    ,  1.77653e-50,  1.72616e-06,  2.19435e-11])
239653  , -79089.4    , array([ 0.161319   ,  65.6299    ,  1.77475e-50,  1.72789e-06,  2.19435e-11])
239654  , -79089.4    , array([ 0.161319   ,  65.6299    ,  1.77475e-50,  1.72616e-06,  2.19654e-11])
239655  , -79089.4    , array([ 0.161301   ,  65.6298    ,  1.77475e-50,  1.72616e-06,  2.19459e-11])
239656  , -79089.4    , array([ 0.161301   ,  65.6298    ,  1.77475e-50,  1.72616e-06,  2.19459e-11])
239657  , -79089.4    , array([ 0.161463   ,  65.6298    ,  1.77475e-50,  1.72616e-06,  2.19459e-11])
239658  , -79089.4    , array([ 0.161301   ,  65.6955    ,  1.77475e-50,  1.72616e-06,  2.19459e-11])
239659  , -79089.4    , array([ 0.161301   ,  65.6298    ,  1.77653e-50,  1.72616e-06,  2.19459e-11])
239660  , -79089.4    , array([ 0.161301   ,  65.6298    ,  1.77475e-50,  1.72789e-06,  2.19459e-11])
239661  , -79089.4    , array([ 0.161301   ,  65.6298    ,  1.77475e-50,  1.72616e-06,  2.19678e-11])
239662  , -79089.4    , array([ 0.161266   ,  65.6298    ,  1.77475e-50,  1.72616e-06,  2.19507e-11])
239663  , -79089.4    , array([ 0.161266   ,  65.6298    ,  1.77475e-50,  1.72616e-06,  2.19507e-11])
239664  , -79089.4    , array([ 0.161427   ,  65.6298    ,  1.77475e-50,  1.72616e-06,  2.19507e-11])
239665  , -79089.4    , array([ 0.161266   ,  65.6955    ,  1.77475e-50,  1.72616e-06,  2.19507e-11])
239666  , -79089.4    , array([ 0.161266   ,  65.6298    ,  1.77653e-50,  1.72616e-06,  2.19507e-11])
239667  , -79089.4    , array([ 0.161266   ,  65.6298    ,  1.77475e-50,  1.72789e-06,  2.19507e-11])
239668  , -79089.4    , array([ 0.161266   ,  65.6298    ,  1.77475e-50,  1.72616e-06,  2.19726e-11])
239669  , -79089.4    , array([ 0.161196   ,  65.6297    ,  1.77475e-50,  1.72616e-06,  2.19603e-11])
239670  , -79089.4    , array([ 0.161196   ,  65.6297    ,  1.77475e-50,  1.72616e-06,  2.19603e-11])
239671  , -79089.4    , array([ 0.161357   ,  65.6297    ,  1.77475e-50,  1.72616e-06,  2.19603e-11])
239672  , -79089.4    , array([ 0.161196   ,  65.6954    ,  1.77475e-50,  1.72616e-06,  2.19603e-11])
239673  , -79089.4    , array([ 0.161196   ,  65.6297    ,  1.77653e-50,  1.72616e-06,  2.19603e-11])
239674  , -79089.4    , array([ 0.161196   ,  65.6297    ,  1.77475e-50,  1.72789e-06,  2.19603e-11])
239675  , -79089.4    , array([ 0.161196   ,  65.6297    ,  1.77475e-50,  1.72616e-06,  2.19823e-11])
239676  , -79089.4    , array([ 0.161056   ,  65.6296    ,  1.77475e-50,  1.72616e-06,  2.19795e-11])
239677  , -79089.4    , array([ 0.161056   ,  65.6296    ,  1.77475e-50,  1.72616e-06,  2.19795e-11])
239678  , -79089.4    , array([ 0.161217   ,  65.6296    ,  1.77475e-50,  1.72616e-06,  2.19795e-11])
239679  , -79089.4    , array([ 0.161056   ,  65.6952    ,  1.77475e-50,  1.72616e-06,  2.19795e-11])
239680  , -79089.4    , array([ 0.161056   ,  65.6296    ,  1.77653e-50,  1.72616e-06,  2.19795e-11])
239681  , -79089.4    , array([ 0.161056   ,  65.6296    ,  1.77475e-50,  1.72789e-06,  2.19795e-11])
239682  , -79089.4    , array([ 0.161056   ,  65.6296    ,  1.77475e-50,  1.72616e-06,  2.20015e-11])
239683  , -79089.4    , array([ 0.160776   ,  65.6293    ,  1.77475e-50,  1.72616e-06,  2.20181e-11])
239684  , -79089.4    , array([ 0.160776   ,  65.6293    ,  1.77475e-50,  1.72616e-06,  2.20181e-11])
239685  , -79089.4    , array([ 0.160937   ,  65.6293    ,  1.77475e-50,  1.72616e-06,  2.20181e-11])
239686  , -79089.4    , array([ 0.160776   ,  65.695     ,  1.77475e-50,  1.72616e-06,  2.20181e-11])
239687  , -79089.4    , array([ 0.160776   ,  65.6293    ,  1.77653e-50,  1.72616e-06,  2.20181e-11])
239688  , -79089.4    , array([ 0.160776   ,  65.6293    ,  1.77475e-50,  1.72789e-06,  2.20181e-11])
239689  , -79089.4    , array([ 0.160776   ,  65.6293    ,  1.77475e-50,  1.72616e-06,  2.20401e-11])
239690  , -79089.4    , array([ 0.160218   ,  65.6287    ,  1.77475e-50,  1.72616e-06,  2.20954e-11])
239691  , -79089.4    , array([ 0.160218   ,  65.6287    ,  1.77475e-50,  1.72616e-06,  2.20954e-11])
239692  , -79089.4    , array([ 0.160378   ,  65.6287    ,  1.77475e-50,  1.72616e-06,  2.20954e-11])
239693  , -79089.4    , array([ 0.160218   ,  65.6944    ,  1.77475e-50,  1.72616e-06,  2.20954e-11])
239694  , -79089.4    , array([ 0.160218   ,  65.6287    ,  1.77653e-50,  1.72616e-06,  2.20954e-11])
239695  , -79089.4    , array([ 0.160218   ,  65.6287    ,  1.77475e-50,  1.72789e-06,  2.20954e-11])
239696  , -79089.4    , array([ 0.160218   ,  65.6287    ,  1.77475e-50,  1.72616e-06,  2.21175e-11])
239697  , -79089.4    , array([ 0.159107   ,  65.6275    ,  1.77475e-50,  1.72616e-06,  2.22508e-11])
239698  , -79089.4    , array([ 0.159107   ,  65.6275    ,  1.77475e-50,  1.72616e-06,  2.22508e-11])
239699  , -79089.4    , array([ 0.159266   ,  65.6275    ,  1.77475e-50,  1.72616e-06,  2.22508e-11])
239700  , -79089.4    , array([ 0.159107   ,  65.6932    ,  1.77475e-50,  1.72616e-06,  2.22508e-11])
239701  , -79089.4    , array([ 0.159107   ,  65.6275    ,  1.77653e-50,  1.72616e-06,  2.22508e-11])
239702  , -79089.4    , array([ 0.159107   ,  65.6275    ,  1.77475e-50,  1.72789e-06,  2.22508e-11])
239703  , -79089.4    , array([ 0.159107   ,  65.6275    ,  1.77475e-50,  1.72616e-06,  2.22731e-11])
239704  , -79089.4    , array([ 0.156909   ,  65.6252    ,  1.77475e-50,  1.72616e-06,  2.25649e-11])
239705  , -79089.4    , array([ 0.156909   ,  65.6252    ,  1.77475e-50,  1.72616e-06,  2.25649e-11])
239706  , -79089.4    , array([ 0.157066   ,  65.6252    ,  1.77475e-50,  1.72616e-06,  2.25649e-11])
239707  , -79089.4    , array([ 0.156909   ,  65.6909    ,  1.77475e-50,  1.72616e-06,  2.25649e-11])
239708  , -79089.4    , array([ 0.156909   ,  65.6252    ,  1.77653e-50,  1.72616e-06,  2.25649e-11])
239709  , -79089.4    , array([ 0.156909   ,  65.6252    ,  1.77475e-50,  1.72789e-06,  2.25649e-11])
239710  , -79089.4    , array([ 0.156909   ,  65.6252    ,  1.77475e-50,  1.72616e-06,  2.25875e-11])
239711  , -79089.4    , array([ 0.152603   ,  65.6206    ,  1.77475e-50,  1.72616e-06,  2.32065e-11])
239712  , -79089.4    , array([ 0.152603   ,  65.6206    ,  1.77475e-50,  1.72616e-06,  2.32065e-11])
239713  , -79089.4    , array([ 0.152756   ,  65.6206    ,  1.77475e-50,  1.72616e-06,  2.32065e-11])
239714  , -79089.4    , array([ 0.152603   ,  65.6862    ,  1.77475e-50,  1.72616e-06,  2.32065e-11])
239715  , -79089.4    , array([ 0.152603   ,  65.6206    ,  1.77653e-50,  1.72616e-06,  2.32065e-11])
239716  , -79089.4    , array([ 0.152603   ,  65.6206    ,  1.77475e-50,  1.72789e-06,  2.32065e-11])
239717  , -79089.4    , array([ 0.152603   ,  65.6206    ,  1.77475e-50,  1.72616e-06,  2.32297e-11])
239718  , -79089.4    , array([ 0.144343   ,  65.6113    ,  1.77475e-50,  1.72616e-06,  2.45449e-11])
239719  , -79089.4    , array([ 0.144343   ,  65.6113    ,  1.77475e-50,  1.72616e-06,  2.45449e-11])
239720  , -79089.4    , array([ 0.144488   ,  65.6113    ,  1.77475e-50,  1.72616e-06,  2.45449e-11])
239721  , -79089.4    , array([ 0.144343   ,  65.6769    ,  1.77475e-50,  1.72616e-06,  2.45449e-11])
239722  , -79089.4    , array([ 0.144343   ,  65.6113    ,  1.77653e-50,  1.72616e-06,  2.45449e-11])
239723  , -79089.4    , array([ 0.144343   ,  65.6113    ,  1.77475e-50,  1.72789e-06,  2.45449e-11])
239724  , -79089.4    , array([ 0.144343   ,  65.6113    ,  1.77475e-50,  1.72616e-06,  2.45695e-11])
239725  , -79089.4    , array([ 0.252165   ,  65.7045    ,  1.77475e-50,  1.72616e-06,  1.39902e-11])
239726  , -79089.4    , array([ 0.190783   ,  65.6579    ,  1.77475e-50,  1.72616e-06,  1.85308e-11])
239727  , -79089.4    , array([ 0.165947   ,  65.6346    ,  1.77475e-50,  1.72616e-06,  2.13269e-11])
239728  , -79089.4    , array([ 0.154768   ,  65.6229    ,  1.77475e-50,  1.72616e-06,  2.28794e-11])
239729  , -79089.4    , array([ 0.149465   ,  65.6171    ,  1.77475e-50,  1.72616e-06,  2.36976e-11])
239730  , -79089.4    , array([ 0.146882   ,  65.6142    ,  1.77475e-50,  1.72616e-06,  2.41175e-11])
239731  , -79089.4    , array([ 0.145607   ,  65.6127    ,  1.77475e-50,  1.72616e-06,  2.43303e-11])
239732  , -79089.4    , array([ 0.144974   ,  65.612     ,  1.77475e-50,  1.72616e-06,  2.44374e-11])
239733  , -79089.4    , array([ 0.144658   ,  65.6117    ,  1.77475e-50,  1.72616e-06,  2.44911e-11])
239734  , -79089.4    , array([ 0.144501   ,  65.6115    ,  1.77475e-50,  1.72616e-06,  2.4518e-11 ])
239735  , -79089.4    , array([ 0.144422   ,  65.6114    ,  1.77475e-50,  1.72616e-06,  2.45315e-11])
239736  , -79089.4    , array([ 0.144383   ,  65.6113    ,  1.77475e-50,  1.72616e-06,  2.45382e-11])
