93183   , -79067.5    , array([ 0.192416   ,  0.098419   ,  9.84009e-49,  5.45861e-30,  1.3618e-06 ])
93184   , -79067.5    , array([ 0.192608   ,  0.098419   ,  9.84009e-49,  5.45861e-30,  1.3618e-06 ])
93185   , -79067.5    , array([ 0.192416   ,  0.0985175  ,  9.84009e-49,  5.45861e-30,  1.3618e-06 ])
93186   , -79067.5    , array([ 0.192416   ,  0.098419   ,  9.84993e-49,  5.45861e-30,  1.3618e-06 ])
93187   , -79067.5    , array([ 0.192416   ,  0.098419   ,  9.84009e-49,  5.46407e-30,  1.3618e-06 ])
93188   , -79067.5    , array([ 0.192416   ,  0.098419   ,  9.84009e-49,  5.45861e-30,  1.36316e-06])
93189   , -79067.5    , array([ 0.192416   ,  0.098419   ,  9.84009e-49,  5.45861e-30,  1.3618e-06 ])
93190   , -79009.3    , array([ 0.156812   ,  0.054632   ,  9.84009e-49,  5.45861e-30,  3.01513e-06])
93191   , -79009.3    , array([ 0.156812   ,  0.054632   ,  9.84009e-49,  5.45861e-30,  3.01513e-06])
93192   , -79009.3    , array([ 0.156969   ,  0.054632   ,  9.84009e-49,  5.45861e-30,  3.01513e-06])
93193   , -79009.3    , array([ 0.156812   ,  0.0546867  ,  9.84009e-49,  5.45861e-30,  3.01513e-06])
93194   , -79009.3    , array([ 0.156812   ,  0.054632   ,  9.84993e-49,  5.45861e-30,  3.01513e-06])
93195   , -79009.3    , array([ 0.156812   ,  0.054632   ,  9.84009e-49,  5.46407e-30,  3.01513e-06])
93196   , -79009.2    , array([ 0.156812   ,  0.054632   ,  9.84009e-49,  5.45861e-30,  3.01815e-06])
93197   , -64092.7    , array([ 0.0691724  ,  0.00518705 ,  9.84009e-49,  5.45861e-30,  7.24572e-05])
93198   , -64092.7    , array([ 0.0691724  ,  0.00518705 ,  9.84009e-49,  5.45861e-30,  7.24572e-05])
93199   , -64093.3    , array([ 0.0692416  ,  0.00518705 ,  9.84009e-49,  5.45861e-30,  7.24572e-05])
93200   , -64105.1    , array([ 0.0691724  ,  0.00519224 ,  9.84009e-49,  5.45861e-30,  7.24572e-05])
93201   , -64092.7    , array([ 0.0691724  ,  0.00518705 ,  9.84993e-49,  5.45861e-30,  7.24572e-05])
93202   , -64092.7    , array([ 0.0691724  ,  0.00518705 ,  9.84009e-49,  5.46407e-30,  7.24572e-05])
93203   , -64079.6    , array([ 0.0691724  ,  0.00518705 ,  9.84009e-49,  5.45861e-30,  7.25297e-05])
93211   , -63957.1    , array([ 0.0690651  ,  0.00516394 ,  9.84009e-49,  5.45861e-30,  7.28955e-05])
93212   , -63957.1    , array([ 0.0690651  ,  0.00516394 ,  9.84009e-49,  5.45861e-30,  7.28955e-05])
93213   , -63957.8    , array([ 0.0691342  ,  0.00516394 ,  9.84009e-49,  5.45861e-30,  7.28955e-05])
93214   , -63969.7    , array([ 0.0690651  ,  0.0051691  ,  9.84009e-49,  5.45861e-30,  7.28955e-05])
93215   , -63957.1    , array([ 0.0690651  ,  0.00516394 ,  9.84993e-49,  5.45861e-30,  7.28955e-05])
93216   , -63957.1    , array([ 0.0690651  ,  0.00516394 ,  9.84009e-49,  5.46407e-30,  7.28955e-05])
93217   , -63944      , array([ 0.0690651  ,  0.00516394 ,  9.84009e-49,  5.45861e-30,  7.29684e-05])
93218   , -63819.7    , array([ 0.0689573  ,  0.00514078 ,  9.84009e-49,  5.45861e-30,  7.33393e-05])
93219   , -63819.7    , array([ 0.0689573  ,  0.00514078 ,  9.84009e-49,  5.45861e-30,  7.33393e-05])
93220   , -63820.3    , array([ 0.0690262  ,  0.00514078 ,  9.84009e-49,  5.45861e-30,  7.33393e-05])
93221   , -63832.3    , array([ 0.0689573  ,  0.00514592 ,  9.84009e-49,  5.45861e-30,  7.33393e-05])
93222   , -63819.7    , array([ 0.0689573  ,  0.00514078 ,  9.84993e-49,  5.45861e-30,  7.33393e-05])
93223   , -63819.7    , array([ 0.0689573  ,  0.00514078 ,  9.84009e-49,  5.46407e-30,  7.33393e-05])
93224   , -63806.4    , array([ 0.0689573  ,  0.00514078 ,  9.84009e-49,  5.45861e-30,  7.34127e-05])
93232   , -63784.9    , array([ 0.0689301  ,  0.00513496 ,  9.84009e-49,  5.45861e-30,  7.34515e-05])
93233   , -63784.9    , array([ 0.0689301  ,  0.00513496 ,  9.84009e-49,  5.45861e-30,  7.34515e-05])
93234   , -63785.5    , array([ 0.0689991  ,  0.00513496 ,  9.84009e-49,  5.45861e-30,  7.34515e-05])
93235   , -63797.5    , array([ 0.0689301  ,  0.0051401  ,  9.84009e-49,  5.45861e-30,  7.34515e-05])
93236   , -63784.9    , array([ 0.0689301  ,  0.00513496 ,  9.84993e-49,  5.45861e-30,  7.34515e-05])
93237   , -63784.9    , array([ 0.0689301  ,  0.00513496 ,  9.84009e-49,  5.46407e-30,  7.34515e-05])
93238   , -63771.6    , array([ 0.0689301  ,  0.00513496 ,  9.84009e-49,  5.45861e-30,  7.3525e-05 ])
93239   , -63750      , array([ 0.068903   ,  0.00512914 ,  9.84009e-49,  5.45861e-30,  7.35641e-05])
93240   , -63750      , array([ 0.068903   ,  0.00512914 ,  9.84009e-49,  5.45861e-30,  7.35641e-05])
93241   , -63750.6    , array([ 0.0689719  ,  0.00512914 ,  9.84009e-49,  5.45861e-30,  7.35641e-05])
93242   , -63762.6    , array([ 0.068903   ,  0.00513427 ,  9.84009e-49,  5.45861e-30,  7.35641e-05])
93243   , -63750      , array([ 0.068903   ,  0.00512914 ,  9.84993e-49,  5.45861e-30,  7.35641e-05])
93244   , -63750      , array([ 0.068903   ,  0.00512914 ,  9.84009e-49,  5.46407e-30,  7.35641e-05])
93245   , -63736.7    , array([ 0.068903   ,  0.00512914 ,  9.84009e-49,  5.45861e-30,  7.36377e-05])
93253   , -63741.2    , array([ 0.0688962  ,  0.00512768 ,  9.84009e-49,  5.45861e-30,  7.35923e-05])
93254   , -63741.2    , array([ 0.0688962  ,  0.00512768 ,  9.84009e-49,  5.45861e-30,  7.35923e-05])
93255   , -63741.8    , array([ 0.0689651  ,  0.00512768 ,  9.84009e-49,  5.45861e-30,  7.35923e-05])
93256   , -63753.9    , array([ 0.0688962  ,  0.00513281 ,  9.84009e-49,  5.45861e-30,  7.35923e-05])
93257   , -63741.2    , array([ 0.0688962  ,  0.00512768 ,  9.84993e-49,  5.45861e-30,  7.35923e-05])
93258   , -63741.2    , array([ 0.0688962  ,  0.00512768 ,  9.84009e-49,  5.46407e-30,  7.35923e-05])
93259   , -63727.9    , array([ 0.0688962  ,  0.00512768 ,  9.84009e-49,  5.45861e-30,  7.36659e-05])
93260   , -63732.5    , array([ 0.0688894  ,  0.00512623 ,  9.84009e-49,  5.45861e-30,  7.36205e-05])
93261   , -63732.5    , array([ 0.0688894  ,  0.00512623 ,  9.84009e-49,  5.45861e-30,  7.36205e-05])
93262   , -63733.1    , array([ 0.0689583  ,  0.00512623 ,  9.84009e-49,  5.45861e-30,  7.36205e-05])
93263   , -63745.1    , array([ 0.0688894  ,  0.00513136 ,  9.84009e-49,  5.45861e-30,  7.36205e-05])
93264   , -63732.5    , array([ 0.0688894  ,  0.00512623 ,  9.84993e-49,  5.45861e-30,  7.36205e-05])
93265   , -63732.5    , array([ 0.0688894  ,  0.00512623 ,  9.84009e-49,  5.46407e-30,  7.36205e-05])
93266   , -63719.2    , array([ 0.0688894  ,  0.00512623 ,  9.84009e-49,  5.45861e-30,  7.36942e-05])
93267   , -5048.93    , array([ 0.0457854  ,  0.00158267 ,  9.84009e-49,  5.45861e-30,  0.000359941])
93268   , -5048.93    , array([ 0.0457854  ,  0.00158267 ,  9.84009e-49,  5.45861e-30,  0.000359941])
93269   , -5049.07    , array([ 0.0458312  ,  0.00158267 ,  9.84009e-49,  5.45861e-30,  0.000359941])
93270   , -5060.58    , array([ 0.0457854  ,  0.00158425 ,  9.84009e-49,  5.45861e-30,  0.000359941])
93271   , -5048.93    , array([ 0.0457854  ,  0.00158267 ,  9.84993e-49,  5.45861e-30,  0.000359941])
93272   , -5048.93    , array([ 0.0457854  ,  0.00158267 ,  9.84009e-49,  5.46407e-30,  0.000359941])
93273   , -5037.15    , array([ 0.0457854  ,  0.00158267 ,  9.84009e-49,  5.45861e-30,  0.000360301])
93274   , -2730.34    , array([ 0.0424735  ,  0.00127522 ,  9.84009e-49,  5.45861e-30,  0.00048184 ])
93275   , -2730.34    , array([ 0.0424735  ,  0.00127522 ,  9.84009e-49,  5.45861e-30,  0.00048184 ])
93276   , -2730.28    , array([ 0.042516   ,  0.00127522 ,  9.84009e-49,  5.45861e-30,  0.00048184 ])
93277   , -2727.15    , array([ 0.0424735  ,  0.00127649 ,  9.84009e-49,  5.45861e-30,  0.00048184 ])
93278   , -2730.34    , array([ 0.0424735  ,  0.00127522 ,  9.84993e-49,  5.45861e-30,  0.00048184 ])
93279   , -2730.34    , array([ 0.0424735  ,  0.00127522 ,  9.84009e-49,  5.46407e-30,  0.00048184 ])
93280   , -2733.57    , array([ 0.0424735  ,  0.00127522 ,  9.84009e-49,  5.45861e-30,  0.000482322])
93281   , -2571.56    , array([ 0.0431653  ,  0.00133588 ,  9.84009e-49,  5.45861e-30,  0.00045253 ])
93282   , -2571.56    , array([ 0.0431653  ,  0.00133588 ,  9.84009e-49,  5.45861e-30,  0.00045253 ])
93283   , -2571.53    , array([ 0.0432085  ,  0.00133588 ,  9.84009e-49,  5.45861e-30,  0.00045253 ])
93284   , -2571.86    , array([ 0.0431653  ,  0.00133722 ,  9.84009e-49,  5.45861e-30,  0.00045253 ])
93285   , -2571.56    , array([ 0.0431653  ,  0.00133588 ,  9.84993e-49,  5.45861e-30,  0.00045253 ])
93286   , -2571.56    , array([ 0.0431653  ,  0.00133588 ,  9.84009e-49,  5.46407e-30,  0.00045253 ])
93287   , -2571.27    , array([ 0.0431653  ,  0.00133588 ,  9.84009e-49,  5.45861e-30,  0.000452983])
93288   , -2570.23    , array([ 0.0431069  ,  0.0013307  ,  9.84009e-49,  5.45861e-30,  0.000454913])
93289   , -2570.23    , array([ 0.0431069  ,  0.0013307  ,  9.84009e-49,  5.45861e-30,  0.000454913])
93290   , -2570.2     , array([ 0.0431501  ,  0.0013307  ,  9.84009e-49,  5.45861e-30,  0.000454913])
93291   , -2570.24    , array([ 0.0431069  ,  0.00133203 ,  9.84009e-49,  5.45861e-30,  0.000454913])
93292   , -2570.23    , array([ 0.0431069  ,  0.0013307  ,  9.84993e-49,  5.45861e-30,  0.000454913])
93293   , -2570.23    , array([ 0.0431069  ,  0.0013307  ,  9.84009e-49,  5.46407e-30,  0.000454913])
93294   , -2570.23    , array([ 0.0431069  ,  0.0013307  ,  9.84009e-49,  5.45861e-30,  0.000455368])
93302   , -2570.23    , array([ 0.0431085  ,  0.00133062 ,  9.84009e-49,  5.45861e-30,  0.000454932])
93303   , -2570.23    , array([ 0.0431085  ,  0.00133062 ,  9.84009e-49,  5.45861e-30,  0.000454932])
93304   , -2570.2     , array([ 0.0431516  ,  0.00133062 ,  9.84009e-49,  5.45861e-30,  0.000454932])
93305   , -2570.24    , array([ 0.0431085  ,  0.00133195 ,  9.84009e-49,  5.45861e-30,  0.000454932])
93306   , -2570.23    , array([ 0.0431085  ,  0.00133062 ,  9.84993e-49,  5.45861e-30,  0.000454932])
93307   , -2570.23    , array([ 0.0431085  ,  0.00133062 ,  9.84009e-49,  5.46407e-30,  0.000454932])
93308   , -2570.23    , array([ 0.0431085  ,  0.00133062 ,  9.84009e-49,  5.45861e-30,  0.000455387])
93309   , -2570.22    , array([ 0.0431121  ,  0.00133062 ,  9.84009e-49,  5.45861e-30,  0.00045493 ])
93310   , -2570.22    , array([ 0.0431121  ,  0.00133062 ,  9.84009e-49,  5.45861e-30,  0.00045493 ])
93311   , -2570.19    , array([ 0.0431552  ,  0.00133062 ,  9.84009e-49,  5.45861e-30,  0.00045493 ])
93312   , -2570.23    , array([ 0.0431121  ,  0.00133195 ,  9.84009e-49,  5.45861e-30,  0.00045493 ])
93313   , -2570.22    , array([ 0.0431121  ,  0.00133062 ,  9.84993e-49,  5.45861e-30,  0.00045493 ])
93314   , -2570.22    , array([ 0.0431121  ,  0.00133062 ,  9.84009e-49,  5.46407e-30,  0.00045493 ])
93315   , -2570.23    , array([ 0.0431121  ,  0.00133062 ,  9.84009e-49,  5.45861e-30,  0.000455385])
93316   , -2570.21    , array([ 0.0431264  ,  0.00133059 ,  9.84009e-49,  5.45861e-30,  0.000454923])
93317   , -2570.21    , array([ 0.0431264  ,  0.00133059 ,  9.84009e-49,  5.45861e-30,  0.000454923])
93318   , -2570.18    , array([ 0.0431696  ,  0.00133059 ,  9.84009e-49,  5.45861e-30,  0.000454923])
93319   , -2570.22    , array([ 0.0431264  ,  0.00133193 ,  9.84009e-49,  5.45861e-30,  0.000454923])
93320   , -2570.21    , array([ 0.0431264  ,  0.00133059 ,  9.84993e-49,  5.45861e-30,  0.000454923])
93321   , -2570.21    , array([ 0.0431264  ,  0.00133059 ,  9.84009e-49,  5.46407e-30,  0.000454923])
93322   , -2570.22    , array([ 0.0431264  ,  0.00133059 ,  9.84009e-49,  5.45861e-30,  0.000455378])
93323   , -2570.17    , array([ 0.043184   ,  0.0013305  ,  9.84009e-49,  5.45861e-30,  0.000454895])
93324   , -2570.17    , array([ 0.043184   ,  0.0013305  ,  9.84009e-49,  5.45861e-30,  0.000454895])
93325   , -2570.14    , array([ 0.0432272  ,  0.0013305  ,  9.84009e-49,  5.45861e-30,  0.000454895])
93326   , -2570.18    , array([ 0.043184   ,  0.00133184 ,  9.84009e-49,  5.45861e-30,  0.000454895])
93327   , -2570.17    , array([ 0.043184   ,  0.0013305  ,  9.84993e-49,  5.45861e-30,  0.000454895])
93328   , -2570.17    , array([ 0.043184   ,  0.0013305  ,  9.84009e-49,  5.46407e-30,  0.000454895])
93329   , -2570.18    , array([ 0.043184   ,  0.0013305  ,  9.84009e-49,  5.45861e-30,  0.00045535 ])
93330   , -2570.02    , array([ 0.0434149  ,  0.00133014 ,  9.84009e-49,  5.45861e-30,  0.000454783])
93331   , -2570.02    , array([ 0.0434149  ,  0.00133014 ,  9.84009e-49,  5.45861e-30,  0.000454783])
93332   , -2570       , array([ 0.0434584  ,  0.00133014 ,  9.84009e-49,  5.45861e-30,  0.000454783])
93333   , -2570.03    , array([ 0.0434149  ,  0.00133147 ,  9.84009e-49,  5.45861e-30,  0.000454783])
93334   , -2570.02    , array([ 0.0434149  ,  0.00133014 ,  9.84993e-49,  5.45861e-30,  0.000454783])
93335   , -2570.02    , array([ 0.0434149  ,  0.00133014 ,  9.84009e-49,  5.46407e-30,  0.000454783])
93336   , -2570.03    , array([ 0.0434149  ,  0.00133014 ,  9.84009e-49,  5.45861e-30,  0.000455238])
93337   , -2569.5     , array([ 0.0443511  ,  0.0013287  ,  9.84009e-49,  5.45861e-30,  0.000454336])
93338   , -2569.5     , array([ 0.0443511  ,  0.0013287  ,  9.84009e-49,  5.45861e-30,  0.000454336])
93339   , -2569.48    , array([ 0.0443955  ,  0.0013287  ,  9.84009e-49,  5.45861e-30,  0.000454336])
93340   , -2569.51    , array([ 0.0443511  ,  0.00133002 ,  9.84009e-49,  5.45861e-30,  0.000454336])
93341   , -2569.5     , array([ 0.0443511  ,  0.0013287  ,  9.84993e-49,  5.45861e-30,  0.000454336])
93342   , -2569.5     , array([ 0.0443511  ,  0.0013287  ,  9.84009e-49,  5.46407e-30,  0.000454336])
93343   , -2569.5     , array([ 0.0443511  ,  0.0013287  ,  9.84009e-49,  5.45861e-30,  0.000454791])
93344   , -2564.49    , array([ 0.0492235  ,  0.00147426 ,  9.84009e-49,  5.45861e-30,  0.000504213])
93345   , -2564.49    , array([ 0.0492235  ,  0.00147426 ,  9.84009e-49,  5.45861e-30,  0.000504213])
93346   , -2564.47    , array([ 0.0492727  ,  0.00147426 ,  9.84009e-49,  5.45861e-30,  0.000504213])
93347   , -2564.5     , array([ 0.0492235  ,  0.00147573 ,  9.84009e-49,  5.45861e-30,  0.000504213])
93348   , -2564.49    , array([ 0.0492235  ,  0.00147426 ,  9.84993e-49,  5.45861e-30,  0.000504213])
93349   , -2564.49    , array([ 0.0492235  ,  0.00147426 ,  9.84009e-49,  5.46407e-30,  0.000504213])
93350   , -2564.49    , array([ 0.0492235  ,  0.00147426 ,  9.84009e-49,  5.45861e-30,  0.000504717])
93351   , -2538.65    , array([ 0.0746864  ,  0.00223441 ,  9.84009e-49,  5.45861e-30,  0.000764821])
93352   , -2538.65    , array([ 0.0746864  ,  0.00223441 ,  9.84009e-49,  5.45861e-30,  0.000764821])
93353   , -2538.63    , array([ 0.0747611  ,  0.00223441 ,  9.84009e-49,  5.45861e-30,  0.000764821])
93354   , -2538.66    , array([ 0.0746864  ,  0.00223665 ,  9.84009e-49,  5.45861e-30,  0.000764821])
93355   , -2538.65    , array([ 0.0746864  ,  0.00223441 ,  9.84993e-49,  5.45861e-30,  0.000764821])
93356   , -2538.65    , array([ 0.0746864  ,  0.00223441 ,  9.84009e-49,  5.46407e-30,  0.000764821])
93357   , -2538.61    , array([ 0.0746864  ,  0.00223441 ,  9.84009e-49,  5.45861e-30,  0.000765586])
93358   , -2257.65    , array([ 0.395839   ,  0.0117903  ,  9.84009e-49,  5.45861e-30,  0.00404896 ])
93359   , -2257.65    , array([ 0.395839   ,  0.0117903  ,  9.84009e-49,  5.45861e-30,  0.00404896 ])
93360   , -2257.65    , array([ 0.396235   ,  0.0117903  ,  9.84009e-49,  5.45861e-30,  0.00404896 ])
93361   , -2257.89    , array([ 0.395839   ,  0.0118021  ,  9.84009e-49,  5.45861e-30,  0.00404896 ])
93362   , -2257.65    , array([ 0.395839   ,  0.0117903  ,  9.84993e-49,  5.45861e-30,  0.00404896 ])
93363   , -2257.65    , array([ 0.395839   ,  0.0117903  ,  9.84009e-49,  5.46407e-30,  0.00404896 ])
93364   , -2257.16    , array([ 0.395839   ,  0.0117903  ,  9.84009e-49,  5.45861e-30,  0.00405301 ])
93372   , -2257.65    , array([ 0.395847   ,  0.0117906  ,  9.84009e-49,  5.45861e-30,  0.00404904 ])
93373   , -2257.65    , array([ 0.395847   ,  0.0117906  ,  9.84009e-49,  5.45861e-30,  0.00404904 ])
93374   , -2257.64    , array([ 0.396243   ,  0.0117906  ,  9.84009e-49,  5.45861e-30,  0.00404904 ])
93375   , -2257.88    , array([ 0.395847   ,  0.0118024  ,  9.84009e-49,  5.45861e-30,  0.00404904 ])
93376   , -2257.65    , array([ 0.395847   ,  0.0117906  ,  9.84993e-49,  5.45861e-30,  0.00404904 ])
93377   , -2257.65    , array([ 0.395847   ,  0.0117906  ,  9.84009e-49,  5.46407e-30,  0.00404904 ])
93378   , -2257.15    , array([ 0.395847   ,  0.0117906  ,  9.84009e-49,  5.45861e-30,  0.00405309 ])
93379   , -2257.64    , array([ 0.395855   ,  0.0117908  ,  9.84009e-49,  5.45861e-30,  0.00404912 ])
93380   , -2257.64    , array([ 0.395855   ,  0.0117908  ,  9.84009e-49,  5.45861e-30,  0.00404912 ])
93381   , -2257.63    , array([ 0.396251   ,  0.0117908  ,  9.84009e-49,  5.45861e-30,  0.00404912 ])
93382   , -2257.87    , array([ 0.395855   ,  0.0118026  ,  9.84009e-49,  5.45861e-30,  0.00404912 ])
93383   , -2257.64    , array([ 0.395855   ,  0.0117908  ,  9.84993e-49,  5.45861e-30,  0.00404912 ])
93384   , -2257.64    , array([ 0.395855   ,  0.0117908  ,  9.84009e-49,  5.46407e-30,  0.00404912 ])
93385   , -2257.14    , array([ 0.395855   ,  0.0117908  ,  9.84009e-49,  5.45861e-30,  0.00405317 ])
93386   , -6534.04    , array([ 11.1194    ,  0.328291   ,  9.84009e-49,  5.45861e-30,  0.11348    ])
93387   , -6534.04    , array([ 11.1194    ,  0.328291   ,  9.84009e-49,  5.45861e-30,  0.11348    ])
93388   , -6534.98    , array([ 11.1306    ,  0.328291   ,  9.84009e-49,  5.45861e-30,  0.11348    ])
93389   , -6537.43    , array([ 11.1194    ,  0.32862    ,  9.84009e-49,  5.45861e-30,  0.11348    ])
93390   , -6534.04    , array([ 11.1194    ,  0.328291   ,  9.84993e-49,  5.45861e-30,  0.11348    ])
93391   , -6534.04    , array([ 11.1194    ,  0.328291   ,  9.84009e-49,  5.46407e-30,  0.11348    ])
93392   , -6538.2     , array([ 11.1194    ,  0.328291   ,  9.84009e-49,  5.45861e-30,  0.113594   ])
93393   , -1881.46    , array([ 1.07839    ,  0.0320356  ,  9.84009e-49,  5.45861e-30,  0.0110231  ])
93394   , -1881.46    , array([ 1.07839    ,  0.0320356  ,  9.84009e-49,  5.45861e-30,  0.0110231  ])
93395   , -1881.51    , array([ 1.07947    ,  0.0320356  ,  9.84009e-49,  5.45861e-30,  0.0110231  ])
93396   , -1882.16    , array([ 1.07839    ,  0.0320676  ,  9.84009e-49,  5.45861e-30,  0.0110231  ])
93397   , -1881.46    , array([ 1.07839    ,  0.0320356  ,  9.84993e-49,  5.45861e-30,  0.0110231  ])
93398   , -1881.46    , array([ 1.07839    ,  0.0320356  ,  9.84009e-49,  5.46407e-30,  0.0110231  ])
93399   , -1880.36    , array([ 1.07839    ,  0.0320356  ,  9.84009e-49,  5.45861e-30,  0.0110341  ])
93400   , -1719.85    , array([ 2.5338     ,  0.0751013  ,  9.84009e-49,  5.45861e-30,  0.0258849  ])
93401   , -1719.85    , array([ 2.5338     ,  0.0751013  ,  9.84009e-49,  5.45861e-30,  0.0258849  ])
93402   , -1720.02    , array([ 2.53634    ,  0.0751013  ,  9.84009e-49,  5.45861e-30,  0.0258849  ])
93403   , -1721.23    , array([ 2.5338     ,  0.0751765  ,  9.84009e-49,  5.45861e-30,  0.0258849  ])
93404   , -1719.85    , array([ 2.5338     ,  0.0751013  ,  9.84993e-49,  5.45861e-30,  0.0258849  ])
93405   , -1719.85    , array([ 2.5338     ,  0.0751013  ,  9.84009e-49,  5.46407e-30,  0.0258849  ])
93406   , -1718.57    , array([ 2.5338     ,  0.0751013  ,  9.84009e-49,  5.45861e-30,  0.0259108  ])
93407   , -1721.27    , array([ 1.75474    ,  0.0520607  ,  9.84009e-49,  5.45861e-30,  0.0179307  ])
93408   , -1721.27    , array([ 1.75474    ,  0.0520607  ,  9.84009e-49,  5.45861e-30,  0.0179307  ])
93409   , -1721.38    , array([ 1.7565     ,  0.0520607  ,  9.84009e-49,  5.45861e-30,  0.0179307  ])
93410   , -1722.32    , array([ 1.75474    ,  0.0521128  ,  9.84009e-49,  5.45861e-30,  0.0179307  ])
93411   , -1721.27    , array([ 1.75474    ,  0.0520607  ,  9.84993e-49,  5.45861e-30,  0.0179307  ])
93412   , -1721.27    , array([ 1.75474    ,  0.0520607  ,  9.84009e-49,  5.46407e-30,  0.0179307  ])
93413   , -1719.95    , array([ 1.75474    ,  0.0520607  ,  9.84009e-49,  5.45861e-30,  0.0179486  ])
93414   , -1699.88    , array([ 2.16351    ,  0.0641528  ,  9.84009e-49,  5.45861e-30,  0.0221045  ])
93415   , -1699.88    , array([ 2.16351    ,  0.0641528  ,  9.84009e-49,  5.45861e-30,  0.0221045  ])
93416   , -1700.02    , array([ 2.16567    ,  0.0641528  ,  9.84009e-49,  5.45861e-30,  0.0221045  ])
93417   , -1701.12    , array([ 2.16351    ,  0.064217   ,  9.84009e-49,  5.45861e-30,  0.0221045  ])
93418   , -1699.88    , array([ 2.16351    ,  0.0641528  ,  9.84993e-49,  5.45861e-30,  0.0221045  ])
93419   , -1699.88    , array([ 2.16351    ,  0.0641528  ,  9.84009e-49,  5.46407e-30,  0.0221045  ])
93420   , -1698.56    , array([ 2.16351    ,  0.0641528  ,  9.84009e-49,  5.45861e-30,  0.0221266  ])
93421   , -1700.02    , array([ 2.10154    ,  0.0623199  ,  9.84009e-49,  5.45861e-30,  0.0214717  ])
93422   , -1700.02    , array([ 2.10154    ,  0.0623199  ,  9.84009e-49,  5.45861e-30,  0.0214717  ])
93423   , -1700.15    , array([ 2.10364    ,  0.0623199  ,  9.84009e-49,  5.45861e-30,  0.0214717  ])
93424   , -1701.22    , array([ 2.10154    ,  0.0623823  ,  9.84009e-49,  5.45861e-30,  0.0214717  ])
93425   , -1700.02    , array([ 2.10154    ,  0.0623199  ,  9.84993e-49,  5.45861e-30,  0.0214717  ])
93426   , -1700.02    , array([ 2.10154    ,  0.0623199  ,  9.84009e-49,  5.46407e-30,  0.0214717  ])
93427   , -1698.69    , array([ 2.10154    ,  0.0623199  ,  9.84009e-49,  5.45861e-30,  0.0214932  ])
93428   , -10263.1    , array([ 12.3444    ,  0.476222   ,  9.84009e-49,  5.45861e-30,  0.168712   ])
93429   , -10263.1    , array([ 12.3444    ,  0.476222   ,  9.84009e-49,  5.45861e-30,  0.168712   ])
93430   , -10264.7    , array([ 12.3568    ,  0.476222   ,  9.84009e-49,  5.45861e-30,  0.168712   ])
93431   , -10266.4    , array([ 12.3444    ,  0.476699   ,  9.84009e-49,  5.45861e-30,  0.168712   ])
93432   , -10263.1    , array([ 12.3444    ,  0.476222   ,  9.84993e-49,  5.45861e-30,  0.168712   ])
93433   , -10263.1    , array([ 12.3444    ,  0.476222   ,  9.84009e-49,  5.46407e-30,  0.168712   ])
93434   , -10271.1    , array([ 12.3444    ,  0.476222   ,  9.84009e-49,  5.45861e-30,  0.168881   ])
93435   , -1698.72    , array([ 2.18482    ,  0.0651649  ,  9.84009e-49,  5.45861e-30,  0.0224657  ])
93436   , -1698.72    , array([ 2.18482    ,  0.0651649  ,  9.84009e-49,  5.45861e-30,  0.0224657  ])
93437   , -1698.87    , array([ 2.18701    ,  0.0651649  ,  9.84009e-49,  5.45861e-30,  0.0224657  ])
93438   , -1699.95    , array([ 2.18482    ,  0.0652301  ,  9.84009e-49,  5.45861e-30,  0.0224657  ])
93439   , -1698.72    , array([ 2.18482    ,  0.0651649  ,  9.84993e-49,  5.45861e-30,  0.0224657  ])
93440   , -1698.72    , array([ 2.18482    ,  0.0651649  ,  9.84009e-49,  5.46407e-30,  0.0224657  ])
93441   , -1697.42    , array([ 2.18482    ,  0.0651649  ,  9.84009e-49,  5.45861e-30,  0.0224882  ])
93442   , -1699.11    , array([ 2.14014    ,  0.0636365  ,  9.84009e-49,  5.45861e-30,  0.0219316  ])
93443   , -1699.11    , array([ 2.14014    ,  0.0636365  ,  9.84009e-49,  5.45861e-30,  0.0219316  ])
93444   , -1699.25    , array([ 2.14228    ,  0.0636365  ,  9.84009e-49,  5.45861e-30,  0.0219316  ])
93445   , -1700.33    , array([ 2.14014    ,  0.0637001  ,  9.84009e-49,  5.45861e-30,  0.0219316  ])
93446   , -1699.11    , array([ 2.14014    ,  0.0636365  ,  9.84993e-49,  5.45861e-30,  0.0219316  ])
93447   , -1699.11    , array([ 2.14014    ,  0.0636365  ,  9.84009e-49,  5.46407e-30,  0.0219316  ])
93448   , -1697.79    , array([ 2.14014    ,  0.0636365  ,  9.84009e-49,  5.45861e-30,  0.0219536  ])
93449   , -1697.25    , array([ 2.12727    ,  0.0636823  ,  9.84009e-49,  5.45861e-30,  0.0219629  ])
93450   , -1697.25    , array([ 2.12727    ,  0.0636823  ,  9.84009e-49,  5.45861e-30,  0.0219629  ])
93451   , -1697.39    , array([ 2.1294     ,  0.0636823  ,  9.84009e-49,  5.45861e-30,  0.0219629  ])
93452   , -1698.44    , array([ 2.12727    ,  0.063746   ,  9.84009e-49,  5.45861e-30,  0.0219629  ])
93453   , -1697.25    , array([ 2.12727    ,  0.0636823  ,  9.84993e-49,  5.45861e-30,  0.0219629  ])
93454   , -1697.25    , array([ 2.12727    ,  0.0636823  ,  9.84009e-49,  5.46407e-30,  0.0219629  ])
93455   , -1695.95    , array([ 2.12727    ,  0.0636823  ,  9.84009e-49,  5.45861e-30,  0.0219849  ])
93456   , -1690.03    , array([ 2.07657    ,  0.0638659  ,  9.84009e-49,  5.45861e-30,  0.0220887  ])
93457   , -1690.03    , array([ 2.07657    ,  0.0638659  ,  9.84009e-49,  5.45861e-30,  0.0220887  ])
93458   , -1690.16    , array([ 2.07865    ,  0.0638659  ,  9.84009e-49,  5.45861e-30,  0.0220887  ])
93459   , -1691.14    , array([ 2.07657    ,  0.0639298  ,  9.84009e-49,  5.45861e-30,  0.0220887  ])
93460   , -1690.03    , array([ 2.07657    ,  0.0638659  ,  9.84993e-49,  5.45861e-30,  0.0220887  ])
93461   , -1690.03    , array([ 2.07657    ,  0.0638659  ,  9.84009e-49,  5.46407e-30,  0.0220887  ])
93462   , -1688.82    , array([ 2.07657    ,  0.0638659  ,  9.84009e-49,  5.45861e-30,  0.0221108  ])
93463   , -1664.81    , array([ 1.88557    ,  0.0646059  ,  9.84009e-49,  5.45861e-30,  0.0225988  ])
93464   , -1664.81    , array([ 1.88557    ,  0.0646059  ,  9.84009e-49,  5.45861e-30,  0.0225988  ])
93465   , -1664.93    , array([ 1.88746    ,  0.0646059  ,  9.84009e-49,  5.45861e-30,  0.0225988  ])
93466   , -1665.56    , array([ 1.88557    ,  0.0646705  ,  9.84009e-49,  5.45861e-30,  0.0225988  ])
93467   , -1664.81    , array([ 1.88557    ,  0.0646059  ,  9.84993e-49,  5.45861e-30,  0.0225988  ])
93468   , -1664.81    , array([ 1.88557    ,  0.0646059  ,  9.84009e-49,  5.46407e-30,  0.0225988  ])
93469   , -1663.97    , array([ 1.88557    ,  0.0646059  ,  9.84009e-49,  5.45861e-30,  0.0226214  ])
93470   , -1638.48    , array([ 1.25748    ,  0.068832   ,  9.84009e-49,  5.45861e-30,  0.0245766  ])
93471   , -1638.48    , array([ 1.25748    ,  0.068832   ,  9.84009e-49,  5.45861e-30,  0.0245766  ])
93472   , -1638.39    , array([ 1.25873    ,  0.068832   ,  9.84009e-49,  5.45861e-30,  0.0245766  ])
93473   , -1638.54    , array([ 1.25748    ,  0.0689009  ,  9.84009e-49,  5.45861e-30,  0.0245766  ])
93474   , -1638.48    , array([ 1.25748    ,  0.068832   ,  9.84993e-49,  5.45861e-30,  0.0245766  ])
93475   , -1638.48    , array([ 1.25748    ,  0.068832   ,  9.84009e-49,  5.46407e-30,  0.0245766  ])
93476   , -1638.5     , array([ 1.25748    ,  0.068832   ,  9.84009e-49,  5.45861e-30,  0.0246012  ])
93477   , -1633.9     , array([ 1.52457    ,  0.0671562  ,  9.84009e-49,  5.45861e-30,  0.0240205  ])
93478   , -1633.9     , array([ 1.52457    ,  0.0671562  ,  9.84009e-49,  5.45861e-30,  0.0240205  ])
93479   , -1633.93    , array([ 1.5261     ,  0.0671562  ,  9.84009e-49,  5.45861e-30,  0.0240205  ])
93480   , -1633.95    , array([ 1.52457    ,  0.0672234  ,  9.84009e-49,  5.45861e-30,  0.0240205  ])
93481   , -1633.9     , array([ 1.52457    ,  0.0671562  ,  9.84993e-49,  5.45861e-30,  0.0240205  ])
93482   , -1633.9     , array([ 1.52457    ,  0.0671562  ,  9.84009e-49,  5.46407e-30,  0.0240205  ])
93483   , -1633.82    , array([ 1.52457    ,  0.0671562  ,  9.84009e-49,  5.45861e-30,  0.0240446  ])
93484   , -1632.62    , array([ 1.45215    ,  0.0675411  ,  9.84009e-49,  5.45861e-30,  0.0241833  ])
93485   , -1632.62    , array([ 1.45215    ,  0.0675411  ,  9.84009e-49,  5.45861e-30,  0.0241833  ])
93486   , -1632.63    , array([ 1.45361    ,  0.0675411  ,  9.84009e-49,  5.45861e-30,  0.0241833  ])
93487   , -1632.63    , array([ 1.45215    ,  0.0676087  ,  9.84009e-49,  5.45861e-30,  0.0241833  ])
93488   , -1632.62    , array([ 1.45215    ,  0.0675411  ,  9.84993e-49,  5.45861e-30,  0.0241833  ])
93489   , -1632.62    , array([ 1.45215    ,  0.0675411  ,  9.84009e-49,  5.46407e-30,  0.0241833  ])
93490   , -1632.61    , array([ 1.45215    ,  0.0675411  ,  9.84009e-49,  5.45861e-30,  0.0242075  ])
93491   , -1632.53    , array([ 1.43509    ,  0.0676636  ,  9.84009e-49,  5.45861e-30,  0.0242312  ])
93492   , -1632.53    , array([ 1.43509    ,  0.0676636  ,  9.84009e-49,  5.45861e-30,  0.0242312  ])
93493   , -1632.53    , array([ 1.43652    ,  0.0676636  ,  9.84009e-49,  5.45861e-30,  0.0242312  ])
93494   , -1632.53    , array([ 1.43509    ,  0.0677313  ,  9.84009e-49,  5.45861e-30,  0.0242312  ])
93495   , -1632.53    , array([ 1.43509    ,  0.0676636  ,  9.84993e-49,  5.45861e-30,  0.0242312  ])
93496   , -1632.53    , array([ 1.43509    ,  0.0676636  ,  9.84009e-49,  5.46407e-30,  0.0242312  ])
93497   , -1632.53    , array([ 1.43509    ,  0.0676636  ,  9.84009e-49,  5.45861e-30,  0.0242554  ])
93498   , -1632.54    , array([ 1.43653    ,  0.0676504  ,  9.84009e-49,  5.45861e-30,  0.0242262  ])
93499   , -1632.54    , array([ 1.43653    ,  0.0676504  ,  9.84009e-49,  5.45861e-30,  0.0242262  ])
93500   , -1632.54    , array([ 1.43797    ,  0.0676504  ,  9.84009e-49,  5.45861e-30,  0.0242262  ])
93501   , -1632.54    , array([ 1.43653    ,  0.0677181  ,  9.84009e-49,  5.45861e-30,  0.0242262  ])
93502   , -1632.54    , array([ 1.43653    ,  0.0676504  ,  9.84993e-49,  5.45861e-30,  0.0242262  ])
93503   , -1632.54    , array([ 1.43653    ,  0.0676504  ,  9.84009e-49,  5.46407e-30,  0.0242262  ])
93504   , -1632.54    , array([ 1.43653    ,  0.0676504  ,  9.84009e-49,  5.45861e-30,  0.0242504  ])
93505   , -1632.53    , array([ 1.43512    ,  0.0676633  ,  9.84009e-49,  5.45861e-30,  0.0242311  ])
93506   , -1632.53    , array([ 1.43512    ,  0.0676633  ,  9.84009e-49,  5.45861e-30,  0.0242311  ])
93507   , -1632.53    , array([ 1.43655    ,  0.0676633  ,  9.84009e-49,  5.45861e-30,  0.0242311  ])
93508   , -1632.53    , array([ 1.43512    ,  0.067731   ,  9.84009e-49,  5.45861e-30,  0.0242311  ])
93509   , -1632.53    , array([ 1.43512    ,  0.0676633  ,  9.84993e-49,  5.45861e-30,  0.0242311  ])
93510   , -1632.53    , array([ 1.43512    ,  0.0676633  ,  9.84009e-49,  5.46407e-30,  0.0242311  ])
93511   , -1632.53    , array([ 1.43512    ,  0.0676633  ,  9.84009e-49,  5.45861e-30,  0.0242553  ])
93512   , -1632.53    , array([ 1.43509    ,  0.0676636  ,  9.84009e-49,  5.45861e-30,  0.0242312  ])
93513   , -1632.53    , array([ 1.43509    ,  0.0676636  ,  9.84009e-49,  5.45861e-30,  0.0242312  ])
93514   , -1632.53    , array([ 1.43652    ,  0.0676636  ,  9.84009e-49,  5.45861e-30,  0.0242312  ])
93515   , -1632.53    , array([ 1.43509    ,  0.0677313  ,  9.84009e-49,  5.45861e-30,  0.0242312  ])
93516   , -1632.53    , array([ 1.43509    ,  0.0676636  ,  9.84993e-49,  5.45861e-30,  0.0242312  ])
93517   , -1632.53    , array([ 1.43509    ,  0.0676636  ,  9.84009e-49,  5.46407e-30,  0.0242312  ])
93518   , -1632.53    , array([ 1.43509    ,  0.0676636  ,  9.84009e-49,  5.45861e-30,  0.0242554  ])
93519   , -1632.53    , array([ 1.43509    ,  0.0676636  ,  9.84009e-49,  5.45861e-30,  0.0242312  ])
93520   , -1632.53    , array([ 1.43509    ,  0.0676636  ,  9.84009e-49,  5.45861e-30,  0.0242312  ])
93521   , -1632.53    , array([ 1.43652    ,  0.0676636  ,  9.84009e-49,  5.45861e-30,  0.0242312  ])
93522   , -1632.53    , array([ 1.43509    ,  0.0677313  ,  9.84009e-49,  5.45861e-30,  0.0242312  ])
93523   , -1632.53    , array([ 1.43509    ,  0.0676636  ,  9.84993e-49,  5.45861e-30,  0.0242312  ])
93524   , -1632.53    , array([ 1.43509    ,  0.0676636  ,  9.84009e-49,  5.46407e-30,  0.0242312  ])
93525   , -1632.53    , array([ 1.43509    ,  0.0676636  ,  9.84009e-49,  5.45861e-30,  0.0242554  ])
93526   , -1632.53    , array([ 1.43509    ,  0.0676636  ,  9.84009e-49,  5.45861e-30,  0.0242312  ])
93527   , -1632.53    , array([ 1.43509    ,  0.0676636  ,  9.84009e-49,  5.45861e-30,  0.0242312  ])
93528   , -1632.53    , array([ 1.43652    ,  0.0676636  ,  9.84009e-49,  5.45861e-30,  0.0242312  ])
93529   , -1632.53    , array([ 1.43509    ,  0.0677313  ,  9.84009e-49,  5.45861e-30,  0.0242312  ])
93530   , -1632.53    , array([ 1.43509    ,  0.0676636  ,  9.84993e-49,  5.45861e-30,  0.0242312  ])
93531   , -1632.53    , array([ 1.43509    ,  0.0676636  ,  9.84009e-49,  5.46407e-30,  0.0242312  ])
93532   , -1632.53    , array([ 1.43509    ,  0.0676636  ,  9.84009e-49,  5.45861e-30,  0.0242554  ])
93533   , -1632.53    , array([ 1.43509    ,  0.0676636  ,  9.84009e-49,  5.45861e-30,  0.0242312  ])
93534   , -1632.53    , array([ 1.43509    ,  0.0676636  ,  9.84009e-49,  5.45861e-30,  0.0242312  ])
93535   , -1632.53    , array([ 1.43652    ,  0.0676636  ,  9.84009e-49,  5.45861e-30,  0.0242312  ])
93536   , -1632.53    , array([ 1.43509    ,  0.0677313  ,  9.84009e-49,  5.45861e-30,  0.0242312  ])
93537   , -1632.53    , array([ 1.43509    ,  0.0676636  ,  9.84993e-49,  5.45861e-30,  0.0242312  ])
93538   , -1632.53    , array([ 1.43509    ,  0.0676636  ,  9.84009e-49,  5.46407e-30,  0.0242312  ])
93539   , -1632.53    , array([ 1.43509    ,  0.0676636  ,  9.84009e-49,  5.45861e-30,  0.0242554  ])
93540   , -1632.53    , array([ 1.43509    ,  0.0676636  ,  9.84009e-49,  5.45861e-30,  0.0242312  ])
93541   , -1632.53    , array([ 1.43509    ,  0.0676636  ,  9.84009e-49,  5.45861e-30,  0.0242312  ])
93542   , -1632.53    , array([ 1.43652    ,  0.0676636  ,  9.84009e-49,  5.45861e-30,  0.0242312  ])
93543   , -1632.53    , array([ 1.43509    ,  0.0677313  ,  9.84009e-49,  5.45861e-30,  0.0242312  ])
93544   , -1632.53    , array([ 1.43509    ,  0.0676636  ,  9.84993e-49,  5.45861e-30,  0.0242312  ])
93545   , -1632.53    , array([ 1.43509    ,  0.0676636  ,  9.84009e-49,  5.46407e-30,  0.0242312  ])
93546   , -1632.53    , array([ 1.43509    ,  0.0676636  ,  9.84009e-49,  5.45861e-30,  0.0242554  ])
93547   , -1632.53    , array([ 1.43509    ,  0.0676636  ,  9.84009e-49,  5.45861e-30,  0.0242312  ])
93548   , -1632.53    , array([ 1.43509    ,  0.0676636  ,  9.84009e-49,  5.45861e-30,  0.0242312  ])
93549   , -1632.53    , array([ 1.43652    ,  0.0676636  ,  9.84009e-49,  5.45861e-30,  0.0242312  ])
93550   , -1632.53    , array([ 1.43509    ,  0.0677313  ,  9.84009e-49,  5.45861e-30,  0.0242312  ])
93551   , -1632.53    , array([ 1.43509    ,  0.0676636  ,  9.84993e-49,  5.45861e-30,  0.0242312  ])
93552   , -1632.53    , array([ 1.43509    ,  0.0676636  ,  9.84009e-49,  5.46407e-30,  0.0242312  ])
93553   , -1632.53    , array([ 1.43509    ,  0.0676636  ,  9.84009e-49,  5.45861e-30,  0.0242554  ])
93554   , -1632.53    , array([ 1.43509    ,  0.0676636  ,  9.84009e-49,  5.45861e-30,  0.0242312  ])
93555   , -1632.53    , array([ 1.43509    ,  0.0676636  ,  9.84009e-49,  5.45861e-30,  0.0242312  ])
93556   , -1632.53    , array([ 1.43652    ,  0.0676636  ,  9.84009e-49,  5.45861e-30,  0.0242312  ])
93557   , -1632.53    , array([ 1.43509    ,  0.0677313  ,  9.84009e-49,  5.45861e-30,  0.0242312  ])
93558   , -1632.53    , array([ 1.43509    ,  0.0676636  ,  9.84993e-49,  5.45861e-30,  0.0242312  ])
93559   , -1632.53    , array([ 1.43509    ,  0.0676636  ,  9.84009e-49,  5.46407e-30,  0.0242312  ])
93560   , -1632.53    , array([ 1.43509    ,  0.0676636  ,  9.84009e-49,  5.45861e-30,  0.0242554  ])
93561   , -1632.53    , array([ 1.43509    ,  0.0676636  ,  9.84009e-49,  5.45861e-30,  0.0242312  ])
93562   , -1632.53    , array([ 1.43509    ,  0.0676636  ,  9.84009e-49,  5.45861e-30,  0.0242312  ])
93563   , -1632.53    , array([ 1.43652    ,  0.0676636  ,  9.84009e-49,  5.45861e-30,  0.0242312  ])
93564   , -1632.53    , array([ 1.43509    ,  0.0677313  ,  9.84009e-49,  5.45861e-30,  0.0242312  ])
93565   , -1632.53    , array([ 1.43509    ,  0.0676636  ,  9.84993e-49,  5.45861e-30,  0.0242312  ])
93566   , -1632.53    , array([ 1.43509    ,  0.0676636  ,  9.84009e-49,  5.46407e-30,  0.0242312  ])
93567   , -1632.53    , array([ 1.43509    ,  0.0676636  ,  9.84009e-49,  5.45861e-30,  0.0242554  ])
93568   , -1632.53    , array([ 1.43509    ,  0.0676636  ,  9.84009e-49,  5.45861e-30,  0.0242312  ])
93569   , -1632.53    , array([ 1.43509    ,  0.0676636  ,  9.84009e-49,  5.45861e-30,  0.0242312  ])
93570   , -1632.53    , array([ 1.43652    ,  0.0676636  ,  9.84009e-49,  5.45861e-30,  0.0242312  ])
93571   , -1632.53    , array([ 1.43509    ,  0.0677313  ,  9.84009e-49,  5.45861e-30,  0.0242312  ])
93572   , -1632.53    , array([ 1.43509    ,  0.0676636  ,  9.84993e-49,  5.45861e-30,  0.0242312  ])
93573   , -1632.53    , array([ 1.43509    ,  0.0676636  ,  9.84009e-49,  5.46407e-30,  0.0242312  ])
93574   , -1632.53    , array([ 1.43509    ,  0.0676636  ,  9.84009e-49,  5.45861e-30,  0.0242554  ])
93575   , -1632.53    , array([ 1.43509    ,  0.0676636  ,  9.84009e-49,  5.45861e-30,  0.0242312  ])
93576   , -1632.53    , array([ 1.43509    ,  0.0676636  ,  9.84009e-49,  5.45861e-30,  0.0242312  ])
93577   , -1632.53    , array([ 1.43652    ,  0.0676636  ,  9.84009e-49,  5.45861e-30,  0.0242312  ])
93578   , -1632.53    , array([ 1.43509    ,  0.0677313  ,  9.84009e-49,  5.45861e-30,  0.0242312  ])
93579   , -1632.53    , array([ 1.43509    ,  0.0676636  ,  9.84993e-49,  5.45861e-30,  0.0242312  ])
93580   , -1632.53    , array([ 1.43509    ,  0.0676636  ,  9.84009e-49,  5.46407e-30,  0.0242312  ])
93581   , -1632.53    , array([ 1.43509    ,  0.0676636  ,  9.84009e-49,  5.45861e-30,  0.0242554  ])
93582   , -1632.53    , array([ 1.43509    ,  0.0676636  ,  9.84009e-49,  5.45861e-30,  0.0242312  ])
93583   , -1632.53    , array([ 1.43509    ,  0.0676636  ,  9.84009e-49,  5.45861e-30,  0.0242312  ])
93584   , -1632.53    , array([ 1.43652    ,  0.0676636  ,  9.84009e-49,  5.45861e-30,  0.0242312  ])
93585   , -1632.53    , array([ 1.43509    ,  0.0677313  ,  9.84009e-49,  5.45861e-30,  0.0242312  ])
93586   , -1632.53    , array([ 1.43509    ,  0.0676636  ,  9.84993e-49,  5.45861e-30,  0.0242312  ])
93587   , -1632.53    , array([ 1.43509    ,  0.0676636  ,  9.84009e-49,  5.46407e-30,  0.0242312  ])
93588   , -1632.53    , array([ 1.43509    ,  0.0676636  ,  9.84009e-49,  5.45861e-30,  0.0242554  ])
93589   , -1632.53    , array([ 1.43509    ,  0.0676636  ,  9.84009e-49,  5.45861e-30,  0.0242312  ])
93590   , -1632.53    , array([ 1.43509    ,  0.0676636  ,  9.84009e-49,  5.45861e-30,  0.0242312  ])
93591   , -1632.53    , array([ 1.43652    ,  0.0676636  ,  9.84009e-49,  5.45861e-30,  0.0242312  ])
93592   , -1632.53    , array([ 1.43509    ,  0.0677313  ,  9.84009e-49,  5.45861e-30,  0.0242312  ])
93593   , -1632.53    , array([ 1.43509    ,  0.0676636  ,  9.84993e-49,  5.45861e-30,  0.0242312  ])
93594   , -1632.53    , array([ 1.43509    ,  0.0676636  ,  9.84009e-49,  5.46407e-30,  0.0242312  ])
93595   , -1632.53    , array([ 1.43509    ,  0.0676636  ,  9.84009e-49,  5.45861e-30,  0.0242554  ])
93596   , -1632.53    , array([ 1.43509    ,  0.0676636  ,  9.84009e-49,  5.45861e-30,  0.0242312  ])
93597   , -1632.53    , array([ 1.43509    ,  0.0676636  ,  9.84009e-49,  5.45861e-30,  0.0242312  ])
93598   , -1632.53    , array([ 1.43652    ,  0.0676636  ,  9.84009e-49,  5.45861e-30,  0.0242312  ])
93599   , -1632.53    , array([ 1.43509    ,  0.0677313  ,  9.84009e-49,  5.45861e-30,  0.0242312  ])
93600   , -1632.53    , array([ 1.43509    ,  0.0676636  ,  9.84993e-49,  5.45861e-30,  0.0242312  ])
93601   , -1632.53    , array([ 1.43509    ,  0.0676636  ,  9.84009e-49,  5.46407e-30,  0.0242312  ])
93602   , -1632.53    , array([ 1.43509    ,  0.0676636  ,  9.84009e-49,  5.45861e-30,  0.0242554  ])
93603   , -1632.53    , array([ 1.43509    ,  0.0676636  ,  9.84009e-49,  5.45861e-30,  0.0242312  ])
93604   , -1632.53    , array([ 1.43509    ,  0.0676636  ,  9.84009e-49,  5.45861e-30,  0.0242312  ])
93605   , -1632.53    , array([ 1.43652    ,  0.0676636  ,  9.84009e-49,  5.45861e-30,  0.0242312  ])
93606   , -1632.53    , array([ 1.43509    ,  0.0677313  ,  9.84009e-49,  5.45861e-30,  0.0242312  ])
93607   , -1632.53    , array([ 1.43509    ,  0.0676636  ,  9.84993e-49,  5.45861e-30,  0.0242312  ])
93608   , -1632.53    , array([ 1.43509    ,  0.0676636  ,  9.84009e-49,  5.46407e-30,  0.0242312  ])
93609   , -1632.53    , array([ 1.43509    ,  0.0676636  ,  9.84009e-49,  5.45861e-30,  0.0242554  ])
93610   , -1632.53    , array([ 1.43509    ,  0.0676636  ,  9.84009e-49,  5.45861e-30,  0.0242312  ])
93611   , -1632.53    , array([ 1.43509    ,  0.0676636  ,  9.84009e-49,  5.45861e-30,  0.0242312  ])
93612   , -1632.53    , array([ 1.43652    ,  0.0676636  ,  9.84009e-49,  5.45861e-30,  0.0242312  ])
93613   , -1632.53    , array([ 1.43509    ,  0.0677313  ,  9.84009e-49,  5.45861e-30,  0.0242312  ])
93614   , -1632.53    , array([ 1.43509    ,  0.0676636  ,  9.84993e-49,  5.45861e-30,  0.0242312  ])
93615   , -1632.53    , array([ 1.43509    ,  0.0676636  ,  9.84009e-49,  5.46407e-30,  0.0242312  ])
93616   , -1632.53    , array([ 1.43509    ,  0.0676636  ,  9.84009e-49,  5.45861e-30,  0.0242554  ])
93617   , -1632.53    , array([ 1.43509    ,  0.0676636  ,  9.84009e-49,  5.45861e-30,  0.0242312  ])
93618   , -1632.53    , array([ 1.43509    ,  0.0676636  ,  9.84009e-49,  5.45861e-30,  0.0242312  ])
93619   , -1632.53    , array([ 1.43652    ,  0.0676636  ,  9.84009e-49,  5.45861e-30,  0.0242312  ])
93620   , -1632.53    , array([ 1.43509    ,  0.0677313  ,  9.84009e-49,  5.45861e-30,  0.0242312  ])
93621   , -1632.53    , array([ 1.43509    ,  0.0676636  ,  9.84993e-49,  5.45861e-30,  0.0242312  ])
93622   , -1632.53    , array([ 1.43509    ,  0.0676636  ,  9.84009e-49,  5.46407e-30,  0.0242312  ])
93623   , -1632.53    , array([ 1.43509    ,  0.0676636  ,  9.84009e-49,  5.45861e-30,  0.0242554  ])
93624   , -1632.53    , array([ 1.43509    ,  0.0676636  ,  9.84009e-49,  5.45861e-30,  0.0242312  ])
93625   , -1632.53    , array([ 1.43509    ,  0.0676636  ,  9.84009e-49,  5.45861e-30,  0.0242312  ])
93626   , -1632.53    , array([ 1.43652    ,  0.0676636  ,  9.84009e-49,  5.45861e-30,  0.0242312  ])
93627   , -1632.53    , array([ 1.43509    ,  0.0677313  ,  9.84009e-49,  5.45861e-30,  0.0242312  ])
93628   , -1632.53    , array([ 1.43509    ,  0.0676636  ,  9.84993e-49,  5.45861e-30,  0.0242312  ])
93629   , -1632.53    , array([ 1.43509    ,  0.0676636  ,  9.84009e-49,  5.46407e-30,  0.0242312  ])
93630   , -1632.53    , array([ 1.43509    ,  0.0676636  ,  9.84009e-49,  5.45861e-30,  0.0242554  ])
93631   , -1632.53    , array([ 1.43509    ,  0.0676636  ,  9.84009e-49,  5.45861e-30,  0.0242312  ])
93632   , -1632.53    , array([ 1.43509    ,  0.0676636  ,  9.84009e-49,  5.45861e-30,  0.0242312  ])
93633   , -1632.53    , array([ 1.43652    ,  0.0676636  ,  9.84009e-49,  5.45861e-30,  0.0242312  ])
93634   , -1632.53    , array([ 1.43509    ,  0.0677313  ,  9.84009e-49,  5.45861e-30,  0.0242312  ])
93635   , -1632.53    , array([ 1.43509    ,  0.0676636  ,  9.84993e-49,  5.45861e-30,  0.0242312  ])
93636   , -1632.53    , array([ 1.43509    ,  0.0676636  ,  9.84009e-49,  5.46407e-30,  0.0242312  ])
93637   , -1632.53    , array([ 1.43509    ,  0.0676636  ,  9.84009e-49,  5.45861e-30,  0.0242554  ])
93638   , -1632.53    , array([ 1.43509    ,  0.0676636  ,  9.84009e-49,  5.45861e-30,  0.0242312  ])
93639   , -1632.53    , array([ 1.43509    ,  0.0676636  ,  9.84009e-49,  5.45861e-30,  0.0242312  ])
93640   , -1632.53    , array([ 1.43652    ,  0.0676636  ,  9.84009e-49,  5.45861e-30,  0.0242312  ])
93641   , -1632.53    , array([ 1.43509    ,  0.0677313  ,  9.84009e-49,  5.45861e-30,  0.0242312  ])
93642   , -1632.53    , array([ 1.43509    ,  0.0676636  ,  9.84993e-49,  5.45861e-30,  0.0242312  ])
93643   , -1632.53    , array([ 1.43509    ,  0.0676636  ,  9.84009e-49,  5.46407e-30,  0.0242312  ])
93644   , -1632.53    , array([ 1.43509    ,  0.0676636  ,  9.84009e-49,  5.45861e-30,  0.0242554  ])
93645   , -1632.53    , array([ 1.43509    ,  0.0676636  ,  9.84009e-49,  5.45861e-30,  0.0242312  ])
93646   , -1632.53    , array([ 1.43509    ,  0.0676636  ,  9.84009e-49,  5.45861e-30,  0.0242312  ])
93647   , -1632.53    , array([ 1.43652    ,  0.0676636  ,  9.84009e-49,  5.45861e-30,  0.0242312  ])
93648   , -1632.53    , array([ 1.43509    ,  0.0677313  ,  9.84009e-49,  5.45861e-30,  0.0242312  ])
93649   , -1632.53    , array([ 1.43509    ,  0.0676636  ,  9.84993e-49,  5.45861e-30,  0.0242312  ])
93650   , -1632.53    , array([ 1.43509    ,  0.0676636  ,  9.84009e-49,  5.46407e-30,  0.0242312  ])
93651   , -1632.53    , array([ 1.43509    ,  0.0676636  ,  9.84009e-49,  5.45861e-30,  0.0242554  ])
93652   , -1632.53    , array([ 1.43509    ,  0.0676636  ,  9.84009e-49,  5.45861e-30,  0.0242312  ])
93653   , -1632.53    , array([ 1.43509    ,  0.0676636  ,  9.84009e-49,  5.45861e-30,  0.0242312  ])
93654   , -1632.53    , array([ 1.43652    ,  0.0676636  ,  9.84009e-49,  5.45861e-30,  0.0242312  ])
93655   , -1632.53    , array([ 1.43509    ,  0.0677313  ,  9.84009e-49,  5.45861e-30,  0.0242312  ])
93656   , -1632.53    , array([ 1.43509    ,  0.0676636  ,  9.84993e-49,  5.45861e-30,  0.0242312  ])
93657   , -1632.53    , array([ 1.43509    ,  0.0676636  ,  9.84009e-49,  5.46407e-30,  0.0242312  ])
93658   , -1632.53    , array([ 1.43509    ,  0.0676636  ,  9.84009e-49,  5.45861e-30,  0.0242554  ])
93659   , -1632.53    , array([ 1.43509    ,  0.0676636  ,  9.84009e-49,  5.45861e-30,  0.0242312  ])
93660   , -1632.53    , array([ 1.43509    ,  0.0676636  ,  9.84009e-49,  5.45861e-30,  0.0242312  ])
93661   , -1632.53    , array([ 1.43652    ,  0.0676636  ,  9.84009e-49,  5.45861e-30,  0.0242312  ])
93662   , -1632.53    , array([ 1.43509    ,  0.0677313  ,  9.84009e-49,  5.45861e-30,  0.0242312  ])
93663   , -1632.53    , array([ 1.43509    ,  0.0676636  ,  9.84993e-49,  5.45861e-30,  0.0242312  ])
93664   , -1632.53    , array([ 1.43509    ,  0.0676636  ,  9.84009e-49,  5.46407e-30,  0.0242312  ])
93665   , -1632.53    , array([ 1.43509    ,  0.0676636  ,  9.84009e-49,  5.45861e-30,  0.0242554  ])
93666   , -1632.53    , array([ 1.43509    ,  0.0676636  ,  9.84009e-49,  5.45861e-30,  0.0242312  ])
93667   , -1632.53    , array([ 1.43509    ,  0.0676636  ,  9.84009e-49,  5.45861e-30,  0.0242312  ])
93668   , -1632.53    , array([ 1.43652    ,  0.0676636  ,  9.84009e-49,  5.45861e-30,  0.0242312  ])
93669   , -1632.53    , array([ 1.43509    ,  0.0677313  ,  9.84009e-49,  5.45861e-30,  0.0242312  ])
93670   , -1632.53    , array([ 1.43509    ,  0.0676636  ,  9.84993e-49,  5.45861e-30,  0.0242312  ])
93671   , -1632.53    , array([ 1.43509    ,  0.0676636  ,  9.84009e-49,  5.46407e-30,  0.0242312  ])
93672   , -1632.53    , array([ 1.43509    ,  0.0676636  ,  9.84009e-49,  5.45861e-30,  0.0242554  ])
93673   , -1632.53    , array([ 1.43509    ,  0.0676636  ,  9.84009e-49,  5.45861e-30,  0.0242312  ])
93674   , -1632.53    , array([ 1.43509    ,  0.0676636  ,  9.84009e-49,  5.45861e-30,  0.0242312  ])
93675   , -1632.53    , array([ 1.43652    ,  0.0676636  ,  9.84009e-49,  5.45861e-30,  0.0242312  ])
93676   , -1632.53    , array([ 1.43509    ,  0.0677313  ,  9.84009e-49,  5.45861e-30,  0.0242312  ])
93677   , -1632.53    , array([ 1.43509    ,  0.0676636  ,  9.84993e-49,  5.45861e-30,  0.0242312  ])
93678   , -1632.53    , array([ 1.43509    ,  0.0676636  ,  9.84009e-49,  5.46407e-30,  0.0242312  ])
93679   , -1632.53    , array([ 1.43509    ,  0.0676636  ,  9.84009e-49,  5.45861e-30,  0.0242554  ])
93680   , -1632.53    , array([ 1.43509    ,  0.0676636  ,  9.84009e-49,  5.45861e-30,  0.0242312  ])
93681   , -1632.53    , array([ 1.43509    ,  0.0676636  ,  9.84009e-49,  5.45861e-30,  0.0242312  ])
93682   , -1632.53    , array([ 1.43652    ,  0.0676636  ,  9.84009e-49,  5.45861e-30,  0.0242312  ])
93683   , -1632.53    , array([ 1.43509    ,  0.0677313  ,  9.84009e-49,  5.45861e-30,  0.0242312  ])
93684   , -1632.53    , array([ 1.43509    ,  0.0676636  ,  9.84993e-49,  5.45861e-30,  0.0242312  ])
93685   , -1632.53    , array([ 1.43509    ,  0.0676636  ,  9.84009e-49,  5.46407e-30,  0.0242312  ])
93686   , -1632.53    , array([ 1.43509    ,  0.0676636  ,  9.84009e-49,  5.45861e-30,  0.0242554  ])
93687   , -1632.53    , array([ 1.43509    ,  0.0676636  ,  9.84009e-49,  5.45861e-30,  0.0242312  ])
93688   , -1632.53    , array([ 1.43509    ,  0.0676636  ,  9.84009e-49,  5.45861e-30,  0.0242312  ])
93689   , -1632.53    , array([ 1.43652    ,  0.0676636  ,  9.84009e-49,  5.45861e-30,  0.0242312  ])
93690   , -1632.53    , array([ 1.43509    ,  0.0677313  ,  9.84009e-49,  5.45861e-30,  0.0242312  ])
93691   , -1632.53    , array([ 1.43509    ,  0.0676636  ,  9.84993e-49,  5.45861e-30,  0.0242312  ])
93692   , -1632.53    , array([ 1.43509    ,  0.0676636  ,  9.84009e-49,  5.46407e-30,  0.0242312  ])
93693   , -1632.53    , array([ 1.43509    ,  0.0676636  ,  9.84009e-49,  5.45861e-30,  0.0242554  ])
93694   , -1632.53    , array([ 1.43509    ,  0.0676636  ,  9.84009e-49,  5.45861e-30,  0.0242312  ])
93695   , -1632.53    , array([ 1.43509    ,  0.0676636  ,  9.84009e-49,  5.45861e-30,  0.0242312  ])
93696   , -1632.53    , array([ 1.43652    ,  0.0676636  ,  9.84009e-49,  5.45861e-30,  0.0242312  ])
93697   , -1632.53    , array([ 1.43509    ,  0.0677313  ,  9.84009e-49,  5.45861e-30,  0.0242312  ])
93698   , -1632.53    , array([ 1.43509    ,  0.0676636  ,  9.84993e-49,  5.45861e-30,  0.0242312  ])
93699   , -1632.53    , array([ 1.43509    ,  0.0676636  ,  9.84009e-49,  5.46407e-30,  0.0242312  ])
93700   , -1632.53    , array([ 1.43509    ,  0.0676636  ,  9.84009e-49,  5.45861e-30,  0.0242554  ])
93701   , -1632.53    , array([ 1.43509    ,  0.0676636  ,  9.84009e-49,  5.45861e-30,  0.0242312  ])
93702   , -1632.53    , array([ 1.43509    ,  0.0676636  ,  9.84009e-49,  5.45861e-30,  0.0242312  ])
93703   , -1632.53    , array([ 1.43652    ,  0.0676636  ,  9.84009e-49,  5.45861e-30,  0.0242312  ])
93704   , -1632.53    , array([ 1.43509    ,  0.0677313  ,  9.84009e-49,  5.45861e-30,  0.0242312  ])
93705   , -1632.53    , array([ 1.43509    ,  0.0676636  ,  9.84993e-49,  5.45861e-30,  0.0242312  ])
93706   , -1632.53    , array([ 1.43509    ,  0.0676636  ,  9.84009e-49,  5.46407e-30,  0.0242312  ])
93707   , -1632.53    , array([ 1.43509    ,  0.0676636  ,  9.84009e-49,  5.45861e-30,  0.0242554  ])
93708   , -1632.53    , array([ 1.43509    ,  0.0676636  ,  9.84009e-49,  5.45861e-30,  0.0242312  ])
93709   , -1632.53    , array([ 1.43509    ,  0.0676636  ,  9.84009e-49,  5.45861e-30,  0.0242312  ])
93710   , -1632.53    , array([ 1.43652    ,  0.0676636  ,  9.84009e-49,  5.45861e-30,  0.0242312  ])
93711   , -1632.53    , array([ 1.43509    ,  0.0677313  ,  9.84009e-49,  5.45861e-30,  0.0242312  ])
93712   , -1632.53    , array([ 1.43509    ,  0.0676636  ,  9.84993e-49,  5.45861e-30,  0.0242312  ])
93713   , -1632.53    , array([ 1.43509    ,  0.0676636  ,  9.84009e-49,  5.46407e-30,  0.0242312  ])
93714   , -1632.53    , array([ 1.43509    ,  0.0676636  ,  9.84009e-49,  5.45861e-30,  0.0242554  ])
93715   , -1632.53    , array([ 1.43509    ,  0.0676636  ,  9.84009e-49,  5.45861e-30,  0.0242312  ])
93716   , -1632.53    , array([ 1.43509    ,  0.0676636  ,  9.84009e-49,  5.45861e-30,  0.0242312  ])
93717   , -1632.53    , array([ 1.43652    ,  0.0676636  ,  9.84009e-49,  5.45861e-30,  0.0242312  ])
93718   , -1632.53    , array([ 1.43509    ,  0.0677313  ,  9.84009e-49,  5.45861e-30,  0.0242312  ])
93719   , -1632.53    , array([ 1.43509    ,  0.0676636  ,  9.84993e-49,  5.45861e-30,  0.0242312  ])
93720   , -1632.53    , array([ 1.43509    ,  0.0676636  ,  9.84009e-49,  5.46407e-30,  0.0242312  ])
93721   , -1632.53    , array([ 1.43509    ,  0.0676636  ,  9.84009e-49,  5.45861e-30,  0.0242554  ])
93722   , -1632.53    , array([ 1.43509    ,  0.0676636  ,  9.84009e-49,  5.45861e-30,  0.0242312  ])
93723   , -1632.53    , array([ 1.43509    ,  0.0676636  ,  9.84009e-49,  5.45861e-30,  0.0242312  ])
93724   , -1632.53    , array([ 1.43652    ,  0.0676636  ,  9.84009e-49,  5.45861e-30,  0.0242312  ])
93725   , -1632.53    , array([ 1.43509    ,  0.0677313  ,  9.84009e-49,  5.45861e-30,  0.0242312  ])
93726   , -1632.53    , array([ 1.43509    ,  0.0676636  ,  9.84993e-49,  5.45861e-30,  0.0242312  ])
93727   , -1632.53    , array([ 1.43509    ,  0.0676636  ,  9.84009e-49,  5.46407e-30,  0.0242312  ])
93728   , -1632.53    , array([ 1.43509    ,  0.0676636  ,  9.84009e-49,  5.45861e-30,  0.0242554  ])
93729   , -1632.53    , array([ 1.43509    ,  0.0676636  ,  9.84009e-49,  5.45861e-30,  0.0242312  ])
93730   , -1632.53    , array([ 1.43509    ,  0.0676636  ,  9.84009e-49,  5.45861e-30,  0.0242312  ])
93731   , -1632.53    , array([ 1.43652    ,  0.0676636  ,  9.84009e-49,  5.45861e-30,  0.0242312  ])
93732   , -1632.53    , array([ 1.43509    ,  0.0677313  ,  9.84009e-49,  5.45861e-30,  0.0242312  ])
93733   , -1632.53    , array([ 1.43509    ,  0.0676636  ,  9.84993e-49,  5.45861e-30,  0.0242312  ])
93734   , -1632.53    , array([ 1.43509    ,  0.0676636  ,  9.84009e-49,  5.46407e-30,  0.0242312  ])
93735   , -1632.53    , array([ 1.43509    ,  0.0676636  ,  9.84009e-49,  5.45861e-30,  0.0242554  ])
93736   , -1632.53    , array([ 1.43509    ,  0.0676636  ,  9.84009e-49,  5.45861e-30,  0.0242312  ])
93737   , -1632.53    , array([ 1.43509    ,  0.0676636  ,  9.84009e-49,  5.45861e-30,  0.0242312  ])
93738   , -1632.53    , array([ 1.43652    ,  0.0676636  ,  9.84009e-49,  5.45861e-30,  0.0242312  ])
93739   , -1632.53    , array([ 1.43509    ,  0.0677313  ,  9.84009e-49,  5.45861e-30,  0.0242312  ])
93740   , -1632.53    , array([ 1.43509    ,  0.0676636  ,  9.84993e-49,  5.45861e-30,  0.0242312  ])
93741   , -1632.53    , array([ 1.43509    ,  0.0676636  ,  9.84009e-49,  5.46407e-30,  0.0242312  ])
93742   , -1632.53    , array([ 1.43509    ,  0.0676636  ,  9.84009e-49,  5.45861e-30,  0.0242554  ])
93743   , -1632.53    , array([ 1.43509    ,  0.0676636  ,  9.84009e-49,  5.45861e-30,  0.0242312  ])
93744   , -1632.53    , array([ 1.43509    ,  0.0676636  ,  9.84009e-49,  5.45861e-30,  0.0242312  ])
93745   , -1632.53    , array([ 1.43652    ,  0.0676636  ,  9.84009e-49,  5.45861e-30,  0.0242312  ])
93746   , -1632.53    , array([ 1.43509    ,  0.0677313  ,  9.84009e-49,  5.45861e-30,  0.0242312  ])
93747   , -1632.53    , array([ 1.43509    ,  0.0676636  ,  9.84993e-49,  5.45861e-30,  0.0242312  ])
93748   , -1632.53    , array([ 1.43509    ,  0.0676636  ,  9.84009e-49,  5.46407e-30,  0.0242312  ])
93749   , -1632.53    , array([ 1.43509    ,  0.0676636  ,  9.84009e-49,  5.45861e-30,  0.0242554  ])
93750   , -1632.53    , array([ 1.43509    ,  0.0676636  ,  9.84009e-49,  5.45861e-30,  0.0242312  ])
93751   , -1632.53    , array([ 1.43509    ,  0.0676636  ,  9.84009e-49,  5.45861e-30,  0.0242312  ])
93752   , -1632.53    , array([ 1.43652    ,  0.0676636  ,  9.84009e-49,  5.45861e-30,  0.0242312  ])
93753   , -1632.53    , array([ 1.43509    ,  0.0677313  ,  9.84009e-49,  5.45861e-30,  0.0242312  ])
93754   , -1632.53    , array([ 1.43509    ,  0.0676636  ,  9.84993e-49,  5.45861e-30,  0.0242312  ])
93755   , -1632.53    , array([ 1.43509    ,  0.0676636  ,  9.84009e-49,  5.46407e-30,  0.0242312  ])
93756   , -1632.53    , array([ 1.43509    ,  0.0676636  ,  9.84009e-49,  5.45861e-30,  0.0242554  ])
93757   , -1632.53    , array([ 1.43509    ,  0.0676636  ,  9.84009e-49,  5.45861e-30,  0.0242312  ])
93758   , -1632.53    , array([ 1.43509    ,  0.0676636  ,  9.84009e-49,  5.45861e-30,  0.0242312  ])
93759   , -1632.53    , array([ 1.43652    ,  0.0676636  ,  9.84009e-49,  5.45861e-30,  0.0242312  ])
93760   , -1632.53    , array([ 1.43509    ,  0.0677313  ,  9.84009e-49,  5.45861e-30,  0.0242312  ])
93761   , -1632.53    , array([ 1.43509    ,  0.0676636  ,  9.84993e-49,  5.45861e-30,  0.0242312  ])
93762   , -1632.53    , array([ 1.43509    ,  0.0676636  ,  9.84009e-49,  5.46407e-30,  0.0242312  ])
93763   , -1632.53    , array([ 1.43509    ,  0.0676636  ,  9.84009e-49,  5.45861e-30,  0.0242554  ])
93764   , -1632.53    , array([ 1.43509    ,  0.0676636  ,  9.84009e-49,  5.45861e-30,  0.0242312  ])
93765   , -1632.53    , array([ 1.43509    ,  0.0676636  ,  9.84009e-49,  5.45861e-30,  0.0242312  ])
93766   , -1632.53    , array([ 1.43652    ,  0.0676636  ,  9.84009e-49,  5.45861e-30,  0.0242312  ])
93767   , -1632.53    , array([ 1.43509    ,  0.0677313  ,  9.84009e-49,  5.45861e-30,  0.0242312  ])
93768   , -1632.53    , array([ 1.43509    ,  0.0676636  ,  9.84993e-49,  5.45861e-30,  0.0242312  ])
93769   , -1632.53    , array([ 1.43509    ,  0.0676636  ,  9.84009e-49,  5.46407e-30,  0.0242312  ])
93770   , -1632.53    , array([ 1.43509    ,  0.0676636  ,  9.84009e-49,  5.45861e-30,  0.0242554  ])
93771   , -1632.53    , array([ 1.43509    ,  0.0676636  ,  9.84009e-49,  5.45861e-30,  0.0242312  ])
93772   , -1632.53    , array([ 1.43509    ,  0.0676636  ,  9.84009e-49,  5.45861e-30,  0.0242312  ])
93773   , -1632.53    , array([ 1.43652    ,  0.0676636  ,  9.84009e-49,  5.45861e-30,  0.0242312  ])
93774   , -1632.53    , array([ 1.43509    ,  0.0677313  ,  9.84009e-49,  5.45861e-30,  0.0242312  ])
93775   , -1632.53    , array([ 1.43509    ,  0.0676636  ,  9.84993e-49,  5.45861e-30,  0.0242312  ])
93776   , -1632.53    , array([ 1.43509    ,  0.0676636  ,  9.84009e-49,  5.46407e-30,  0.0242312  ])
93777   , -1632.53    , array([ 1.43509    ,  0.0676636  ,  9.84009e-49,  5.45861e-30,  0.0242554  ])
93778   , -1632.53    , array([ 1.43509    ,  0.0676636  ,  9.84009e-49,  5.45861e-30,  0.0242312  ])
93779   , -1632.53    , array([ 1.43509    ,  0.0676636  ,  9.84009e-49,  5.45861e-30,  0.0242312  ])
93780   , -1632.53    , array([ 1.43652    ,  0.0676636  ,  9.84009e-49,  5.45861e-30,  0.0242312  ])
93781   , -1632.53    , array([ 1.43509    ,  0.0677313  ,  9.84009e-49,  5.45861e-30,  0.0242312  ])
93782   , -1632.53    , array([ 1.43509    ,  0.0676636  ,  9.84993e-49,  5.45861e-30,  0.0242312  ])
93783   , -1632.53    , array([ 1.43509    ,  0.0676636  ,  9.84009e-49,  5.46407e-30,  0.0242312  ])
93784   , -1632.53    , array([ 1.43509    ,  0.0676636  ,  9.84009e-49,  5.45861e-30,  0.0242554  ])
93785   , -1632.53    , array([ 1.43509    ,  0.0676636  ,  9.84009e-49,  5.45861e-30,  0.0242312  ])
93786   , -1632.53    , array([ 1.43509    ,  0.0676636  ,  9.84009e-49,  5.45861e-30,  0.0242312  ])
93787   , -1632.53    , array([ 1.43652    ,  0.0676636  ,  9.84009e-49,  5.45861e-30,  0.0242312  ])
93788   , -1632.53    , array([ 1.43509    ,  0.0677313  ,  9.84009e-49,  5.45861e-30,  0.0242312  ])
93789   , -1632.53    , array([ 1.43509    ,  0.0676636  ,  9.84993e-49,  5.45861e-30,  0.0242312  ])
93790   , -1632.53    , array([ 1.43509    ,  0.0676636  ,  9.84009e-49,  5.46407e-30,  0.0242312  ])
93791   , -1632.53    , array([ 1.43509    ,  0.0676636  ,  9.84009e-49,  5.45861e-30,  0.0242554  ])
93792   , -1632.53    , array([ 1.43509    ,  0.0676636  ,  9.84009e-49,  5.45861e-30,  0.0242312  ])
93793   , -1632.53    , array([ 1.43509    ,  0.0676636  ,  9.84009e-49,  5.45861e-30,  0.0242312  ])
93794   , -1632.53    , array([ 1.43652    ,  0.0676636  ,  9.84009e-49,  5.45861e-30,  0.0242312  ])
93795   , -1632.53    , array([ 1.43509    ,  0.0677313  ,  9.84009e-49,  5.45861e-30,  0.0242312  ])
93796   , -1632.53    , array([ 1.43509    ,  0.0676636  ,  9.84993e-49,  5.45861e-30,  0.0242312  ])
93797   , -1632.53    , array([ 1.43509    ,  0.0676636  ,  9.84009e-49,  5.46407e-30,  0.0242312  ])
93798   , -1632.53    , array([ 1.43509    ,  0.0676636  ,  9.84009e-49,  5.45861e-30,  0.0242554  ])
93799   , -1632.53    , array([ 1.43509    ,  0.0676636  ,  9.84009e-49,  5.45861e-30,  0.0242312  ])
93800   , -1632.53    , array([ 1.43509    ,  0.0676636  ,  9.84009e-49,  5.45861e-30,  0.0242312  ])
93801   , -1632.53    , array([ 1.43652    ,  0.0676636  ,  9.84009e-49,  5.45861e-30,  0.0242312  ])
93802   , -1632.53    , array([ 1.43509    ,  0.0677313  ,  9.84009e-49,  5.45861e-30,  0.0242312  ])
93803   , -1632.53    , array([ 1.43509    ,  0.0676636  ,  9.84993e-49,  5.45861e-30,  0.0242312  ])
93804   , -1632.53    , array([ 1.43509    ,  0.0676636  ,  9.84009e-49,  5.46407e-30,  0.0242312  ])
93805   , -1632.53    , array([ 1.43509    ,  0.0676636  ,  9.84009e-49,  5.45861e-30,  0.0242554  ])
93806   , -1632.53    , array([ 1.43509    ,  0.0676636  ,  9.84009e-49,  5.45861e-30,  0.0242312  ])
93807   , -1632.53    , array([ 1.43509    ,  0.0676636  ,  9.84009e-49,  5.45861e-30,  0.0242312  ])
93808   , -1632.53    , array([ 1.43652    ,  0.0676636  ,  9.84009e-49,  5.45861e-30,  0.0242312  ])
93809   , -1632.53    , array([ 1.43509    ,  0.0677313  ,  9.84009e-49,  5.45861e-30,  0.0242312  ])
93810   , -1632.53    , array([ 1.43509    ,  0.0676636  ,  9.84993e-49,  5.45861e-30,  0.0242312  ])
93811   , -1632.53    , array([ 1.43509    ,  0.0676636  ,  9.84009e-49,  5.46407e-30,  0.0242312  ])
93812   , -1632.53    , array([ 1.43509    ,  0.0676636  ,  9.84009e-49,  5.45861e-30,  0.0242554  ])
93813   , -1632.53    , array([ 1.43509    ,  0.0676636  ,  9.84009e-49,  5.45861e-30,  0.0242312  ])
93814   , -1632.53    , array([ 1.43509    ,  0.0676636  ,  9.84009e-49,  5.45861e-30,  0.0242312  ])
93815   , -1632.53    , array([ 1.43652    ,  0.0676636  ,  9.84009e-49,  5.45861e-30,  0.0242312  ])
93816   , -1632.53    , array([ 1.43509    ,  0.0677313  ,  9.84009e-49,  5.45861e-30,  0.0242312  ])
93817   , -1632.53    , array([ 1.43509    ,  0.0676636  ,  9.84993e-49,  5.45861e-30,  0.0242312  ])
93818   , -1632.53    , array([ 1.43509    ,  0.0676636  ,  9.84009e-49,  5.46407e-30,  0.0242312  ])
93819   , -1632.53    , array([ 1.43509    ,  0.0676636  ,  9.84009e-49,  5.45861e-30,  0.0242554  ])
93820   , -1632.53    , array([ 1.43509    ,  0.0676636  ,  9.84009e-49,  5.45861e-30,  0.0242312  ])
93821   , -1632.53    , array([ 1.43509    ,  0.0676636  ,  9.84009e-49,  5.45861e-30,  0.0242312  ])
93822   , -1632.53    , array([ 1.43652    ,  0.0676636  ,  9.84009e-49,  5.45861e-30,  0.0242312  ])
93823   , -1632.53    , array([ 1.43509    ,  0.0677313  ,  9.84009e-49,  5.45861e-30,  0.0242312  ])
93824   , -1632.53    , array([ 1.43509    ,  0.0676636  ,  9.84993e-49,  5.45861e-30,  0.0242312  ])
93825   , -1632.53    , array([ 1.43509    ,  0.0676636  ,  9.84009e-49,  5.46407e-30,  0.0242312  ])
93826   , -1632.53    , array([ 1.43509    ,  0.0676636  ,  9.84009e-49,  5.45861e-30,  0.0242554  ])
93827   , -1632.53    , array([ 1.43509    ,  0.0676636  ,  9.84009e-49,  5.45861e-30,  0.0242312  ])
93828   , -1632.53    , array([ 1.43509    ,  0.0676636  ,  9.84009e-49,  5.45861e-30,  0.0242312  ])
93829   , -1632.53    , array([ 1.43652    ,  0.0676636  ,  9.84009e-49,  5.45861e-30,  0.0242312  ])
93830   , -1632.53    , array([ 1.43509    ,  0.0677313  ,  9.84009e-49,  5.45861e-30,  0.0242312  ])
93831   , -1632.53    , array([ 1.43509    ,  0.0676636  ,  9.84993e-49,  5.45861e-30,  0.0242312  ])
93832   , -1632.53    , array([ 1.43509    ,  0.0676636  ,  9.84009e-49,  5.46407e-30,  0.0242312  ])
93833   , -1632.53    , array([ 1.43509    ,  0.0676636  ,  9.84009e-49,  5.45861e-30,  0.0242554  ])
93834   , -1632.53    , array([ 1.43509    ,  0.0676636  ,  9.84009e-49,  5.45861e-30,  0.0242312  ])
93835   , -1632.53    , array([ 1.43509    ,  0.0676636  ,  9.84009e-49,  5.45861e-30,  0.0242312  ])
93836   , -1632.53    , array([ 1.43652    ,  0.0676636  ,  9.84009e-49,  5.45861e-30,  0.0242312  ])
93837   , -1632.53    , array([ 1.43509    ,  0.0677313  ,  9.84009e-49,  5.45861e-30,  0.0242312  ])
93838   , -1632.53    , array([ 1.43509    ,  0.0676636  ,  9.84993e-49,  5.45861e-30,  0.0242312  ])
93839   , -1632.53    , array([ 1.43509    ,  0.0676636  ,  9.84009e-49,  5.46407e-30,  0.0242312  ])
93840   , -1632.53    , array([ 1.43509    ,  0.0676636  ,  9.84009e-49,  5.45861e-30,  0.0242554  ])
93841   , -1632.53    , array([ 1.43509    ,  0.0676636  ,  9.84009e-49,  5.45861e-30,  0.0242312  ])
93842   , -1632.53    , array([ 1.43509    ,  0.0676636  ,  9.84009e-49,  5.45861e-30,  0.0242312  ])
93843   , -1632.53    , array([ 1.43652    ,  0.0676636  ,  9.84009e-49,  5.45861e-30,  0.0242312  ])
93844   , -1632.53    , array([ 1.43509    ,  0.0677313  ,  9.84009e-49,  5.45861e-30,  0.0242312  ])
93845   , -1632.53    , array([ 1.43509    ,  0.0676636  ,  9.84993e-49,  5.45861e-30,  0.0242312  ])
93846   , -1632.53    , array([ 1.43509    ,  0.0676636  ,  9.84009e-49,  5.46407e-30,  0.0242312  ])
93847   , -1632.53    , array([ 1.43509    ,  0.0676636  ,  9.84009e-49,  5.45861e-30,  0.0242554  ])
93848   , -1632.53    , array([ 1.43509    ,  0.0676636  ,  9.84009e-49,  5.45861e-30,  0.0242312  ])
93849   , -1632.53    , array([ 1.43509    ,  0.0676636  ,  9.84009e-49,  5.45861e-30,  0.0242312  ])
93850   , -1632.53    , array([ 1.43652    ,  0.0676636  ,  9.84009e-49,  5.45861e-30,  0.0242312  ])
93851   , -1632.53    , array([ 1.43509    ,  0.0677313  ,  9.84009e-49,  5.45861e-30,  0.0242312  ])
93852   , -1632.53    , array([ 1.43509    ,  0.0676636  ,  9.84993e-49,  5.45861e-30,  0.0242312  ])
93853   , -1632.53    , array([ 1.43509    ,  0.0676636  ,  9.84009e-49,  5.46407e-30,  0.0242312  ])
93854   , -1632.53    , array([ 1.43509    ,  0.0676636  ,  9.84009e-49,  5.45861e-30,  0.0242554  ])
93855   , -1632.53    , array([ 1.43509    ,  0.0676636  ,  9.84009e-49,  5.45861e-30,  0.0242312  ])
93856   , -1632.53    , array([ 1.43509    ,  0.0676636  ,  9.84009e-49,  5.45861e-30,  0.0242312  ])
93857   , -1632.53    , array([ 1.43652    ,  0.0676636  ,  9.84009e-49,  5.45861e-30,  0.0242312  ])
93858   , -1632.53    , array([ 1.43509    ,  0.0677313  ,  9.84009e-49,  5.45861e-30,  0.0242312  ])
93859   , -1632.53    , array([ 1.43509    ,  0.0676636  ,  9.84993e-49,  5.45861e-30,  0.0242312  ])
93860   , -1632.53    , array([ 1.43509    ,  0.0676636  ,  9.84009e-49,  5.46407e-30,  0.0242312  ])
93861   , -1632.53    , array([ 1.43509    ,  0.0676636  ,  9.84009e-49,  5.45861e-30,  0.0242554  ])
93862   , -1632.53    , array([ 1.43509    ,  0.0676636  ,  9.84009e-49,  5.45861e-30,  0.0242312  ])
93863   , -1632.53    , array([ 1.43509    ,  0.0676636  ,  9.84009e-49,  5.45861e-30,  0.0242312  ])
93864   , -1632.53    , array([ 1.43652    ,  0.0676636  ,  9.84009e-49,  5.45861e-30,  0.0242312  ])
93865   , -1632.53    , array([ 1.43509    ,  0.0677313  ,  9.84009e-49,  5.45861e-30,  0.0242312  ])
93866   , -1632.53    , array([ 1.43509    ,  0.0676636  ,  9.84993e-49,  5.45861e-30,  0.0242312  ])
93867   , -1632.53    , array([ 1.43509    ,  0.0676636  ,  9.84009e-49,  5.46407e-30,  0.0242312  ])
93868   , -1632.53    , array([ 1.43509    ,  0.0676636  ,  9.84009e-49,  5.45861e-30,  0.0242554  ])
93869   , -1632.53    , array([ 1.43509    ,  0.0676636  ,  9.84009e-49,  5.45861e-30,  0.0242312  ])
93870   , -1632.53    , array([ 1.43509    ,  0.0676636  ,  9.84009e-49,  5.45861e-30,  0.0242312  ])
93871   , -1632.53    , array([ 1.43652    ,  0.0676636  ,  9.84009e-49,  5.45861e-30,  0.0242312  ])
93872   , -1632.53    , array([ 1.43509    ,  0.0677313  ,  9.84009e-49,  5.45861e-30,  0.0242312  ])
93873   , -1632.53    , array([ 1.43509    ,  0.0676636  ,  9.84993e-49,  5.45861e-30,  0.0242312  ])
93874   , -1632.53    , array([ 1.43509    ,  0.0676636  ,  9.84009e-49,  5.46407e-30,  0.0242312  ])
93875   , -1632.53    , array([ 1.43509    ,  0.0676636  ,  9.84009e-49,  5.45861e-30,  0.0242554  ])
93876   , -1632.53    , array([ 1.43509    ,  0.0676636  ,  9.84009e-49,  5.45861e-30,  0.0242312  ])
93877   , -1632.53    , array([ 1.43509    ,  0.0676636  ,  9.84009e-49,  5.45861e-30,  0.0242312  ])
93878   , -1632.53    , array([ 1.43652    ,  0.0676636  ,  9.84009e-49,  5.45861e-30,  0.0242312  ])
93879   , -1632.53    , array([ 1.43509    ,  0.0677313  ,  9.84009e-49,  5.45861e-30,  0.0242312  ])
93880   , -1632.53    , array([ 1.43509    ,  0.0676636  ,  9.84993e-49,  5.45861e-30,  0.0242312  ])
93881   , -1632.53    , array([ 1.43509    ,  0.0676636  ,  9.84009e-49,  5.46407e-30,  0.0242312  ])
93882   , -1632.53    , array([ 1.43509    ,  0.0676636  ,  9.84009e-49,  5.45861e-30,  0.0242554  ])
93883   , -1632.53    , array([ 1.43509    ,  0.0676636  ,  9.84009e-49,  5.45861e-30,  0.0242312  ])
93884   , -1632.53    , array([ 1.43509    ,  0.0676636  ,  9.84009e-49,  5.45861e-30,  0.0242312  ])
93885   , -1632.53    , array([ 1.43652    ,  0.0676636  ,  9.84009e-49,  5.45861e-30,  0.0242312  ])
93886   , -1632.53    , array([ 1.43509    ,  0.0677313  ,  9.84009e-49,  5.45861e-30,  0.0242312  ])
93887   , -1632.53    , array([ 1.43509    ,  0.0676636  ,  9.84993e-49,  5.45861e-30,  0.0242312  ])
93888   , -1632.53    , array([ 1.43509    ,  0.0676636  ,  9.84009e-49,  5.46407e-30,  0.0242312  ])
93889   , -1632.53    , array([ 1.43509    ,  0.0676636  ,  9.84009e-49,  5.45861e-30,  0.0242554  ])
93890   , -1632.53    , array([ 1.43509    ,  0.0676636  ,  9.84009e-49,  5.45861e-30,  0.0242312  ])
93891   , -1632.53    , array([ 1.43509    ,  0.0676636  ,  9.84009e-49,  5.45861e-30,  0.0242312  ])
93892   , -1632.53    , array([ 1.43652    ,  0.0676636  ,  9.84009e-49,  5.45861e-30,  0.0242312  ])
93893   , -1632.53    , array([ 1.43509    ,  0.0677313  ,  9.84009e-49,  5.45861e-30,  0.0242312  ])
93894   , -1632.53    , array([ 1.43509    ,  0.0676636  ,  9.84993e-49,  5.45861e-30,  0.0242312  ])
93895   , -1632.53    , array([ 1.43509    ,  0.0676636  ,  9.84009e-49,  5.46407e-30,  0.0242312  ])
93896   , -1632.53    , array([ 1.43509    ,  0.0676636  ,  9.84009e-49,  5.45861e-30,  0.0242554  ])
93897   , -1632.53    , array([ 1.43509    ,  0.0676636  ,  9.84009e-49,  5.45861e-30,  0.0242312  ])
93898   , -1632.53    , array([ 1.43509    ,  0.0676636  ,  9.84009e-49,  5.45861e-30,  0.0242312  ])
93899   , -1632.53    , array([ 1.43652    ,  0.0676636  ,  9.84009e-49,  5.45861e-30,  0.0242312  ])
93900   , -1632.53    , array([ 1.43509    ,  0.0677313  ,  9.84009e-49,  5.45861e-30,  0.0242312  ])
93901   , -1632.53    , array([ 1.43509    ,  0.0676636  ,  9.84993e-49,  5.45861e-30,  0.0242312  ])
93902   , -1632.53    , array([ 1.43509    ,  0.0676636  ,  9.84009e-49,  5.46407e-30,  0.0242312  ])
93903   , -1632.53    , array([ 1.43509    ,  0.0676636  ,  9.84009e-49,  5.45861e-30,  0.0242554  ])
93904   , -1632.53    , array([ 1.43509    ,  0.0676636  ,  9.84009e-49,  5.45861e-30,  0.0242312  ])
93905   , -1632.53    , array([ 1.43509    ,  0.0676636  ,  9.84009e-49,  5.45861e-30,  0.0242312  ])
93906   , -1632.53    , array([ 1.43652    ,  0.0676636  ,  9.84009e-49,  5.45861e-30,  0.0242312  ])
93907   , -1632.53    , array([ 1.43509    ,  0.0677313  ,  9.84009e-49,  5.45861e-30,  0.0242312  ])
93908   , -1632.53    , array([ 1.43509    ,  0.0676636  ,  9.84993e-49,  5.45861e-30,  0.0242312  ])
93909   , -1632.53    , array([ 1.43509    ,  0.0676636  ,  9.84009e-49,  5.46407e-30,  0.0242312  ])
93910   , -1632.53    , array([ 1.43509    ,  0.0676636  ,  9.84009e-49,  5.45861e-30,  0.0242554  ])
93911   , -1632.53    , array([ 1.43509    ,  0.0676636  ,  9.84009e-49,  5.45861e-30,  0.0242312  ])
93912   , -1632.53    , array([ 1.43509    ,  0.0676636  ,  9.84009e-49,  5.45861e-30,  0.0242312  ])
93913   , -1632.53    , array([ 1.43652    ,  0.0676636  ,  9.84009e-49,  5.45861e-30,  0.0242312  ])
93914   , -1632.53    , array([ 1.43509    ,  0.0677313  ,  9.84009e-49,  5.45861e-30,  0.0242312  ])
93915   , -1632.53    , array([ 1.43509    ,  0.0676636  ,  9.84993e-49,  5.45861e-30,  0.0242312  ])
93916   , -1632.53    , array([ 1.43509    ,  0.0676636  ,  9.84009e-49,  5.46407e-30,  0.0242312  ])
93917   , -1632.53    , array([ 1.43509    ,  0.0676636  ,  9.84009e-49,  5.45861e-30,  0.0242554  ])
93918   , -1632.53    , array([ 1.43509    ,  0.0676636  ,  9.84009e-49,  5.45861e-30,  0.0242312  ])
93919   , -1632.53    , array([ 1.43509    ,  0.0676636  ,  9.84009e-49,  5.45861e-30,  0.0242312  ])
93920   , -1632.53    , array([ 1.43652    ,  0.0676636  ,  9.84009e-49,  5.45861e-30,  0.0242312  ])
93921   , -1632.53    , array([ 1.43509    ,  0.0677313  ,  9.84009e-49,  5.45861e-30,  0.0242312  ])
93922   , -1632.53    , array([ 1.43509    ,  0.0676636  ,  9.84993e-49,  5.45861e-30,  0.0242312  ])
93923   , -1632.53    , array([ 1.43509    ,  0.0676636  ,  9.84009e-49,  5.46407e-30,  0.0242312  ])
93924   , -1632.53    , array([ 1.43509    ,  0.0676636  ,  9.84009e-49,  5.45861e-30,  0.0242554  ])
93925   , -1632.53    , array([ 1.43509    ,  0.0676636  ,  9.84009e-49,  5.45861e-30,  0.0242312  ])
93926   , -1632.53    , array([ 1.43509    ,  0.0676636  ,  9.84009e-49,  5.45861e-30,  0.0242312  ])
93927   , -1632.53    , array([ 1.43652    ,  0.0676636  ,  9.84009e-49,  5.45861e-30,  0.0242312  ])
93928   , -1632.53    , array([ 1.43509    ,  0.0677313  ,  9.84009e-49,  5.45861e-30,  0.0242312  ])
93929   , -1632.53    , array([ 1.43509    ,  0.0676636  ,  9.84993e-49,  5.45861e-30,  0.0242312  ])
93930   , -1632.53    , array([ 1.43509    ,  0.0676636  ,  9.84009e-49,  5.46407e-30,  0.0242312  ])
93931   , -1632.53    , array([ 1.43509    ,  0.0676636  ,  9.84009e-49,  5.45861e-30,  0.0242554  ])
93932   , -1632.53    , array([ 1.43509    ,  0.0676636  ,  9.84009e-49,  5.45861e-30,  0.0242312  ])
93933   , -1632.53    , array([ 1.43509    ,  0.0676636  ,  9.84009e-49,  5.45861e-30,  0.0242312  ])
93934   , -1632.53    , array([ 1.43652    ,  0.0676636  ,  9.84009e-49,  5.45861e-30,  0.0242312  ])
93935   , -1632.53    , array([ 1.43509    ,  0.0677313  ,  9.84009e-49,  5.45861e-30,  0.0242312  ])
93936   , -1632.53    , array([ 1.43509    ,  0.0676636  ,  9.84993e-49,  5.45861e-30,  0.0242312  ])
93937   , -1632.53    , array([ 1.43509    ,  0.0676636  ,  9.84009e-49,  5.46407e-30,  0.0242312  ])
93938   , -1632.53    , array([ 1.43509    ,  0.0676636  ,  9.84009e-49,  5.45861e-30,  0.0242554  ])
93939   , -1632.53    , array([ 1.43509    ,  0.0676636  ,  9.84009e-49,  5.45861e-30,  0.0242312  ])
93940   , -1632.53    , array([ 1.43509    ,  0.0676636  ,  9.84009e-49,  5.45861e-30,  0.0242312  ])
93941   , -1632.53    , array([ 1.43652    ,  0.0676636  ,  9.84009e-49,  5.45861e-30,  0.0242312  ])
93942   , -1632.53    , array([ 1.43509    ,  0.0677313  ,  9.84009e-49,  5.45861e-30,  0.0242312  ])
93943   , -1632.53    , array([ 1.43509    ,  0.0676636  ,  9.84993e-49,  5.45861e-30,  0.0242312  ])
93944   , -1632.53    , array([ 1.43509    ,  0.0676636  ,  9.84009e-49,  5.46407e-30,  0.0242312  ])
93945   , -1632.53    , array([ 1.43509    ,  0.0676636  ,  9.84009e-49,  5.45861e-30,  0.0242554  ])
93946   , -1632.53    , array([ 1.43509    ,  0.0676636  ,  9.84009e-49,  5.45861e-30,  0.0242312  ])
93947   , -1632.53    , array([ 1.43509    ,  0.0676636  ,  9.84009e-49,  5.45861e-30,  0.0242312  ])
93948   , -1632.53    , array([ 1.43652    ,  0.0676636  ,  9.84009e-49,  5.45861e-30,  0.0242312  ])
93949   , -1632.53    , array([ 1.43509    ,  0.0677313  ,  9.84009e-49,  5.45861e-30,  0.0242312  ])
93950   , -1632.53    , array([ 1.43509    ,  0.0676636  ,  9.84993e-49,  5.45861e-30,  0.0242312  ])
93951   , -1632.53    , array([ 1.43509    ,  0.0676636  ,  9.84009e-49,  5.46407e-30,  0.0242312  ])
93952   , -1632.53    , array([ 1.43509    ,  0.0676636  ,  9.84009e-49,  5.45861e-30,  0.0242554  ])
93953   , -1632.53    , array([ 1.43509    ,  0.0676636  ,  9.84009e-49,  5.45861e-30,  0.0242312  ])
93954   , -1632.53    , array([ 1.43509    ,  0.0676636  ,  9.84009e-49,  5.45861e-30,  0.0242312  ])
93955   , -1632.53    , array([ 1.43652    ,  0.0676636  ,  9.84009e-49,  5.45861e-30,  0.0242312  ])
93956   , -1632.53    , array([ 1.43509    ,  0.0677313  ,  9.84009e-49,  5.45861e-30,  0.0242312  ])
93957   , -1632.53    , array([ 1.43509    ,  0.0676636  ,  9.84993e-49,  5.45861e-30,  0.0242312  ])
93958   , -1632.53    , array([ 1.43509    ,  0.0676636  ,  9.84009e-49,  5.46407e-30,  0.0242312  ])
93959   , -1632.53    , array([ 1.43509    ,  0.0676636  ,  9.84009e-49,  5.45861e-30,  0.0242554  ])
93960   , -1632.53    , array([ 1.43509    ,  0.0676636  ,  9.84009e-49,  5.45861e-30,  0.0242312  ])
93961   , -1632.53    , array([ 1.43509    ,  0.0676636  ,  9.84009e-49,  5.45861e-30,  0.0242312  ])
93962   , -1632.53    , array([ 1.43652    ,  0.0676636  ,  9.84009e-49,  5.45861e-30,  0.0242312  ])
93963   , -1632.53    , array([ 1.43509    ,  0.0677313  ,  9.84009e-49,  5.45861e-30,  0.0242312  ])
93964   , -1632.53    , array([ 1.43509    ,  0.0676636  ,  9.84993e-49,  5.45861e-30,  0.0242312  ])
93965   , -1632.53    , array([ 1.43509    ,  0.0676636  ,  9.84009e-49,  5.46407e-30,  0.0242312  ])
93966   , -1632.53    , array([ 1.43509    ,  0.0676636  ,  9.84009e-49,  5.45861e-30,  0.0242554  ])
93967   , -1632.53    , array([ 1.43509    ,  0.0676636  ,  9.84009e-49,  5.45861e-30,  0.0242312  ])
93968   , -1632.53    , array([ 1.43509    ,  0.0676636  ,  9.84009e-49,  5.45861e-30,  0.0242312  ])
93969   , -1632.53    , array([ 1.43652    ,  0.0676636  ,  9.84009e-49,  5.45861e-30,  0.0242312  ])
93970   , -1632.53    , array([ 1.43509    ,  0.0677313  ,  9.84009e-49,  5.45861e-30,  0.0242312  ])
93971   , -1632.53    , array([ 1.43509    ,  0.0676636  ,  9.84993e-49,  5.45861e-30,  0.0242312  ])
93972   , -1632.53    , array([ 1.43509    ,  0.0676636  ,  9.84009e-49,  5.46407e-30,  0.0242312  ])
93973   , -1632.53    , array([ 1.43509    ,  0.0676636  ,  9.84009e-49,  5.45861e-30,  0.0242554  ])
93974   , -1632.53    , array([ 1.43509    ,  0.0676636  ,  9.84009e-49,  5.45861e-30,  0.0242312  ])
93975   , -1632.53    , array([ 1.43509    ,  0.0676636  ,  9.84009e-49,  5.45861e-30,  0.0242312  ])
93976   , -1632.53    , array([ 1.43652    ,  0.0676636  ,  9.84009e-49,  5.45861e-30,  0.0242312  ])
93977   , -1632.53    , array([ 1.43509    ,  0.0677313  ,  9.84009e-49,  5.45861e-30,  0.0242312  ])
93978   , -1632.53    , array([ 1.43509    ,  0.0676636  ,  9.84993e-49,  5.45861e-30,  0.0242312  ])
93979   , -1632.53    , array([ 1.43509    ,  0.0676636  ,  9.84009e-49,  5.46407e-30,  0.0242312  ])
93980   , -1632.53    , array([ 1.43509    ,  0.0676636  ,  9.84009e-49,  5.45861e-30,  0.0242554  ])
93981   , -1632.53    , array([ 1.43509    ,  0.0676636  ,  9.84009e-49,  5.45861e-30,  0.0242312  ])
93982   , -1632.53    , array([ 1.43509    ,  0.0676636  ,  9.84009e-49,  5.45861e-30,  0.0242312  ])
93983   , -1632.53    , array([ 1.43652    ,  0.0676636  ,  9.84009e-49,  5.45861e-30,  0.0242312  ])
93984   , -1632.53    , array([ 1.43509    ,  0.0677313  ,  9.84009e-49,  5.45861e-30,  0.0242312  ])
93985   , -1632.53    , array([ 1.43509    ,  0.0676636  ,  9.84993e-49,  5.45861e-30,  0.0242312  ])
93986   , -1632.53    , array([ 1.43509    ,  0.0676636  ,  9.84009e-49,  5.46407e-30,  0.0242312  ])
93987   , -1632.53    , array([ 1.43509    ,  0.0676636  ,  9.84009e-49,  5.45861e-30,  0.0242554  ])
93988   , -1632.53    , array([ 1.43509    ,  0.0676636  ,  9.84009e-49,  5.45861e-30,  0.0242312  ])
93989   , -1632.53    , array([ 1.43509    ,  0.0676636  ,  9.84009e-49,  5.45861e-30,  0.0242312  ])
93990   , -1632.53    , array([ 1.43652    ,  0.0676636  ,  9.84009e-49,  5.45861e-30,  0.0242312  ])
93991   , -1632.53    , array([ 1.43509    ,  0.0677313  ,  9.84009e-49,  5.45861e-30,  0.0242312  ])
93992   , -1632.53    , array([ 1.43509    ,  0.0676636  ,  9.84993e-49,  5.45861e-30,  0.0242312  ])
93993   , -1632.53    , array([ 1.43509    ,  0.0676636  ,  9.84009e-49,  5.46407e-30,  0.0242312  ])
93994   , -1632.53    , array([ 1.43509    ,  0.0676636  ,  9.84009e-49,  5.45861e-30,  0.0242554  ])
93995   , -1632.53    , array([ 1.43509    ,  0.0676636  ,  9.84009e-49,  5.45861e-30,  0.0242312  ])
93996   , -1632.53    , array([ 1.43509    ,  0.0676636  ,  9.84009e-49,  5.45861e-30,  0.0242312  ])
93997   , -1632.53    , array([ 1.43652    ,  0.0676636  ,  9.84009e-49,  5.45861e-30,  0.0242312  ])
93998   , -1632.53    , array([ 1.43509    ,  0.0677313  ,  9.84009e-49,  5.45861e-30,  0.0242312  ])
93999   , -1632.53    , array([ 1.43509    ,  0.0676636  ,  9.84993e-49,  5.45861e-30,  0.0242312  ])
94000   , -1632.53    , array([ 1.43509    ,  0.0676636  ,  9.84009e-49,  5.46407e-30,  0.0242312  ])
94001   , -1632.53    , array([ 1.43509    ,  0.0676636  ,  9.84009e-49,  5.45861e-30,  0.0242554  ])
94002   , -1632.53    , array([ 1.43509    ,  0.0676636  ,  9.84009e-49,  5.45861e-30,  0.0242312  ])
94003   , -1632.53    , array([ 1.43509    ,  0.0676636  ,  9.84009e-49,  5.45861e-30,  0.0242312  ])
94004   , -1632.53    , array([ 1.43652    ,  0.0676636  ,  9.84009e-49,  5.45861e-30,  0.0242312  ])
94005   , -1632.53    , array([ 1.43509    ,  0.0677313  ,  9.84009e-49,  5.45861e-30,  0.0242312  ])
94006   , -1632.53    , array([ 1.43509    ,  0.0676636  ,  9.84993e-49,  5.45861e-30,  0.0242312  ])
94007   , -1632.53    , array([ 1.43509    ,  0.0676636  ,  9.84009e-49,  5.46407e-30,  0.0242312  ])
94008   , -1632.53    , array([ 1.43509    ,  0.0676636  ,  9.84009e-49,  5.45861e-30,  0.0242554  ])
94009   , -1632.53    , array([ 1.43509    ,  0.0676636  ,  9.84009e-49,  5.45861e-30,  0.0242312  ])
94010   , -1632.53    , array([ 1.43509    ,  0.0676636  ,  9.84009e-49,  5.45861e-30,  0.0242312  ])
94011   , -1632.53    , array([ 1.43652    ,  0.0676636  ,  9.84009e-49,  5.45861e-30,  0.0242312  ])
94012   , -1632.53    , array([ 1.43509    ,  0.0677313  ,  9.84009e-49,  5.45861e-30,  0.0242312  ])
94013   , -1632.53    , array([ 1.43509    ,  0.0676636  ,  9.84993e-49,  5.45861e-30,  0.0242312  ])
94014   , -1632.53    , array([ 1.43509    ,  0.0676636  ,  9.84009e-49,  5.46407e-30,  0.0242312  ])
94015   , -1632.53    , array([ 1.43509    ,  0.0676636  ,  9.84009e-49,  5.45861e-30,  0.0242554  ])
94016   , -1632.53    , array([ 1.43509    ,  0.0676636  ,  9.84009e-49,  5.45861e-30,  0.0242312  ])
94017   , -1632.53    , array([ 1.43509    ,  0.0676636  ,  9.84009e-49,  5.45861e-30,  0.0242312  ])
94018   , -1632.53    , array([ 1.43652    ,  0.0676636  ,  9.84009e-49,  5.45861e-30,  0.0242312  ])
94019   , -1632.53    , array([ 1.43509    ,  0.0677313  ,  9.84009e-49,  5.45861e-30,  0.0242312  ])
94020   , -1632.53    , array([ 1.43509    ,  0.0676636  ,  9.84993e-49,  5.45861e-30,  0.0242312  ])
94021   , -1632.53    , array([ 1.43509    ,  0.0676636  ,  9.84009e-49,  5.46407e-30,  0.0242312  ])
94022   , -1632.53    , array([ 1.43509    ,  0.0676636  ,  9.84009e-49,  5.45861e-30,  0.0242554  ])
94023   , -1632.53    , array([ 1.43509    ,  0.0676636  ,  9.84009e-49,  5.45861e-30,  0.0242312  ])
94024   , -1632.53    , array([ 1.43509    ,  0.0676636  ,  9.84009e-49,  5.45861e-30,  0.0242312  ])
94025   , -1632.53    , array([ 1.43652    ,  0.0676636  ,  9.84009e-49,  5.45861e-30,  0.0242312  ])
94026   , -1632.53    , array([ 1.43509    ,  0.0677313  ,  9.84009e-49,  5.45861e-30,  0.0242312  ])
94027   , -1632.53    , array([ 1.43509    ,  0.0676636  ,  9.84993e-49,  5.45861e-30,  0.0242312  ])
94028   , -1632.53    , array([ 1.43509    ,  0.0676636  ,  9.84009e-49,  5.46407e-30,  0.0242312  ])
94029   , -1632.53    , array([ 1.43509    ,  0.0676636  ,  9.84009e-49,  5.45861e-30,  0.0242554  ])
94030   , -1632.53    , array([ 1.43509    ,  0.0676636  ,  9.84009e-49,  5.45861e-30,  0.0242312  ])
94031   , -1632.53    , array([ 1.43509    ,  0.0676636  ,  9.84009e-49,  5.45861e-30,  0.0242312  ])
94032   , -1632.53    , array([ 1.43652    ,  0.0676636  ,  9.84009e-49,  5.45861e-30,  0.0242312  ])
94033   , -1632.53    , array([ 1.43509    ,  0.0677313  ,  9.84009e-49,  5.45861e-30,  0.0242312  ])
94034   , -1632.53    , array([ 1.43509    ,  0.0676636  ,  9.84993e-49,  5.45861e-30,  0.0242312  ])
94035   , -1632.53    , array([ 1.43509    ,  0.0676636  ,  9.84009e-49,  5.46407e-30,  0.0242312  ])
94036   , -1632.53    , array([ 1.43509    ,  0.0676636  ,  9.84009e-49,  5.45861e-30,  0.0242554  ])
94037   , -1632.53    , array([ 1.43509    ,  0.0676636  ,  9.84009e-49,  5.45861e-30,  0.0242312  ])
94038   , -1632.53    , array([ 1.43509    ,  0.0676636  ,  9.84009e-49,  5.45861e-30,  0.0242312  ])
94039   , -1632.53    , array([ 1.43652    ,  0.0676636  ,  9.84009e-49,  5.45861e-30,  0.0242312  ])
94040   , -1632.53    , array([ 1.43509    ,  0.0677313  ,  9.84009e-49,  5.45861e-30,  0.0242312  ])
94041   , -1632.53    , array([ 1.43509    ,  0.0676636  ,  9.84993e-49,  5.45861e-30,  0.0242312  ])
94042   , -1632.53    , array([ 1.43509    ,  0.0676636  ,  9.84009e-49,  5.46407e-30,  0.0242312  ])
94043   , -1632.53    , array([ 1.43509    ,  0.0676636  ,  9.84009e-49,  5.45861e-30,  0.0242554  ])
94044   , -1632.53    , array([ 1.43509    ,  0.0676636  ,  9.84009e-49,  5.45861e-30,  0.0242312  ])
94045   , -1632.53    , array([ 1.43509    ,  0.0676636  ,  9.84009e-49,  5.45861e-30,  0.0242312  ])
94046   , -1632.53    , array([ 1.43652    ,  0.0676636  ,  9.84009e-49,  5.45861e-30,  0.0242312  ])
94047   , -1632.53    , array([ 1.43509    ,  0.0677313  ,  9.84009e-49,  5.45861e-30,  0.0242312  ])
94048   , -1632.53    , array([ 1.43509    ,  0.0676636  ,  9.84993e-49,  5.45861e-30,  0.0242312  ])
94049   , -1632.53    , array([ 1.43509    ,  0.0676636  ,  9.84009e-49,  5.46407e-30,  0.0242312  ])
94050   , -1632.53    , array([ 1.43509    ,  0.0676636  ,  9.84009e-49,  5.45861e-30,  0.0242554  ])
94051   , -1632.53    , array([ 1.43509    ,  0.0676636  ,  9.84009e-49,  5.45861e-30,  0.0242312  ])
94052   , -1632.53    , array([ 1.43509    ,  0.0676636  ,  9.84009e-49,  5.45861e-30,  0.0242312  ])
94053   , -1632.53    , array([ 1.43652    ,  0.0676636  ,  9.84009e-49,  5.45861e-30,  0.0242312  ])
94054   , -1632.53    , array([ 1.43509    ,  0.0677313  ,  9.84009e-49,  5.45861e-30,  0.0242312  ])
94055   , -1632.53    , array([ 1.43509    ,  0.0676636  ,  9.84993e-49,  5.45861e-30,  0.0242312  ])
94056   , -1632.53    , array([ 1.43509    ,  0.0676636  ,  9.84009e-49,  5.46407e-30,  0.0242312  ])
94057   , -1632.53    , array([ 1.43509    ,  0.0676636  ,  9.84009e-49,  5.45861e-30,  0.0242554  ])
94058   , -1632.53    , array([ 1.43509    ,  0.0676636  ,  9.84009e-49,  5.45861e-30,  0.0242312  ])
94059   , -1632.53    , array([ 1.43509    ,  0.0676636  ,  9.84009e-49,  5.45861e-30,  0.0242312  ])
94060   , -1632.53    , array([ 1.43652    ,  0.0676636  ,  9.84009e-49,  5.45861e-30,  0.0242312  ])
94061   , -1632.53    , array([ 1.43509    ,  0.0677313  ,  9.84009e-49,  5.45861e-30,  0.0242312  ])
94062   , -1632.53    , array([ 1.43509    ,  0.0676636  ,  9.84993e-49,  5.45861e-30,  0.0242312  ])
94063   , -1632.53    , array([ 1.43509    ,  0.0676636  ,  9.84009e-49,  5.46407e-30,  0.0242312  ])
94064   , -1632.53    , array([ 1.43509    ,  0.0676636  ,  9.84009e-49,  5.45861e-30,  0.0242554  ])
94065   , -1632.53    , array([ 1.43509    ,  0.0676636  ,  9.84009e-49,  5.45861e-30,  0.0242312  ])
94066   , -1632.53    , array([ 1.43509    ,  0.0676636  ,  9.84009e-49,  5.45861e-30,  0.0242312  ])
94067   , -1632.53    , array([ 1.43652    ,  0.0676636  ,  9.84009e-49,  5.45861e-30,  0.0242312  ])
94068   , -1632.53    , array([ 1.43509    ,  0.0677313  ,  9.84009e-49,  5.45861e-30,  0.0242312  ])
94069   , -1632.53    , array([ 1.43509    ,  0.0676636  ,  9.84993e-49,  5.45861e-30,  0.0242312  ])
94070   , -1632.53    , array([ 1.43509    ,  0.0676636  ,  9.84009e-49,  5.46407e-30,  0.0242312  ])
94071   , -1632.53    , array([ 1.43509    ,  0.0676636  ,  9.84009e-49,  5.45861e-30,  0.0242554  ])
94072   , -1632.53    , array([ 1.43509    ,  0.0676636  ,  9.84009e-49,  5.45861e-30,  0.0242312  ])
94073   , -1632.53    , array([ 1.43509    ,  0.0676636  ,  9.84009e-49,  5.45861e-30,  0.0242312  ])
94074   , -1632.53    , array([ 1.43652    ,  0.0676636  ,  9.84009e-49,  5.45861e-30,  0.0242312  ])
94075   , -1632.53    , array([ 1.43509    ,  0.0677313  ,  9.84009e-49,  5.45861e-30,  0.0242312  ])
94076   , -1632.53    , array([ 1.43509    ,  0.0676636  ,  9.84993e-49,  5.45861e-30,  0.0242312  ])
94077   , -1632.53    , array([ 1.43509    ,  0.0676636  ,  9.84009e-49,  5.46407e-30,  0.0242312  ])
94078   , -1632.53    , array([ 1.43509    ,  0.0676636  ,  9.84009e-49,  5.45861e-30,  0.0242554  ])
94079   , -1632.53    , array([ 1.43509    ,  0.0676636  ,  9.84009e-49,  5.45861e-30,  0.0242312  ])
94080   , -1632.53    , array([ 1.43509    ,  0.0676636  ,  9.84009e-49,  5.45861e-30,  0.0242312  ])
94081   , -1632.53    , array([ 1.43652    ,  0.0676636  ,  9.84009e-49,  5.45861e-30,  0.0242312  ])
94082   , -1632.53    , array([ 1.43509    ,  0.0677313  ,  9.84009e-49,  5.45861e-30,  0.0242312  ])
94083   , -1632.53    , array([ 1.43509    ,  0.0676636  ,  9.84993e-49,  5.45861e-30,  0.0242312  ])
94084   , -1632.53    , array([ 1.43509    ,  0.0676636  ,  9.84009e-49,  5.46407e-30,  0.0242312  ])
94085   , -1632.53    , array([ 1.43509    ,  0.0676636  ,  9.84009e-49,  5.45861e-30,  0.0242554  ])
94086   , -1632.54    , array([ 1.43653    ,  0.0676504  ,  9.84009e-49,  5.45861e-30,  0.0242262  ])
94087   , -1632.53    , array([ 1.43581    ,  0.067657   ,  9.84009e-49,  5.45861e-30,  0.0242287  ])
94088   , -1632.53    , array([ 1.43545    ,  0.0676603  ,  9.84009e-49,  5.45861e-30,  0.02423    ])
94089   , -1632.53    , array([ 1.43527    ,  0.0676619  ,  9.84009e-49,  5.45861e-30,  0.0242306  ])
94090   , -1632.53    , array([ 1.43518    ,  0.0676628  ,  9.84009e-49,  5.45861e-30,  0.0242309  ])
94091   , -1632.53    , array([ 1.43513    ,  0.0676632  ,  9.84009e-49,  5.45861e-30,  0.024231   ])
94092   , -1632.53    , array([ 1.43511    ,  0.0676634  ,  9.84009e-49,  5.45861e-30,  0.0242311  ])
94093   , -1632.53    , array([ 1.4351     ,  0.0676635  ,  9.84009e-49,  5.45861e-30,  0.0242312  ])
94094   , -1632.53    , array([ 1.43509    ,  0.0676635  ,  9.84009e-49,  5.45861e-30,  0.0242312  ])
94095   , -1632.53    , array([ 1.43509    ,  0.0676636  ,  9.84009e-49,  5.45861e-30,  0.0242312  ])
94096   , -1632.53    , array([ 1.43509    ,  0.0676636  ,  9.84009e-49,  5.45861e-30,  0.0242312  ])
94097   , -1632.53    , array([ 1.43509    ,  0.0676636  ,  9.84009e-49,  5.45861e-30,  0.0242312  ])
