438     , -1330.22    , array([ 0.54673    ,  0.385012   ,  2.60825    ,  0.150109   ])
439     , -1328.15    , array([ 0.547277   ,  0.385012   ,  2.60825    ,  0.150109   ])
440     , -1332.49    , array([ 0.54673    ,  0.385397   ,  2.60825    ,  0.150109   ])
441     , -1330.36    , array([ 0.54673    ,  0.385012   ,  2.61086    ,  0.150109   ])
442     , -1329.94    , array([ 0.54673    ,  0.385012   ,  2.60825    ,  0.15026    ])
443     , -1330.22    , array([ 0.54673    ,  0.385012   ,  2.60825    ,  0.150109   ])
444     , -1054.46    , array([ 1.07496    ,  0.183074   ,  2.49073    ,  0.164396   ])
445     , -1054.46    , array([ 1.07496    ,  0.183074   ,  2.49073    ,  0.164396   ])
446     , -1055.91    , array([ 1.07604    ,  0.183074   ,  2.49073    ,  0.164396   ])
447     , -1053.58    , array([ 1.07496    ,  0.183258   ,  2.49073    ,  0.164396   ])
448     , -1054.49    , array([ 1.07496    ,  0.183074   ,  2.49322    ,  0.164396   ])
449     , -1053.67    , array([ 1.07496    ,  0.183074   ,  2.49073    ,  0.164561   ])
450     , -509.597    , array([ 0.885916   ,  0.131892   ,  2.28879    ,  0.335049   ])
451     , -509.597    , array([ 0.885916   ,  0.131892   ,  2.28879    ,  0.335049   ])
452     , -509.036    , array([ 0.886802   ,  0.131892   ,  2.28879    ,  0.335049   ])
453     , -508.922    , array([ 0.885916   ,  0.132024   ,  2.28879    ,  0.335049   ])
454     , -509.612    , array([ 0.885916   ,  0.131892   ,  2.29108    ,  0.335049   ])
455     , -510.873    , array([ 0.885916   ,  0.131892   ,  2.28879    ,  0.335384   ])
456     , -801.128    , array([ 1.01232    ,  0.165356   ,  2.42621    ,  0.20506    ])
457     , -801.128    , array([ 1.01232    ,  0.165356   ,  2.42621    ,  0.20506    ])
458     , -802.399    , array([ 1.01333    ,  0.165356   ,  2.42621    ,  0.20506    ])
459     , -800.923    , array([ 1.01232    ,  0.165521   ,  2.42621    ,  0.20506    ])
460     , -801.132    , array([ 1.01232    ,  0.165356   ,  2.42864    ,  0.20506    ])
461     , -799.919    , array([ 1.01232    ,  0.165356   ,  2.42621    ,  0.205265   ])
462     , -395.666    , array([ 0.918586   ,  0.140243   ,  2.32531    ,  0.293234   ])
463     , -395.666    , array([ 0.918586   ,  0.140243   ,  2.32531    ,  0.293234   ])
464     , -395.651    , array([ 0.919505   ,  0.140243   ,  2.32531    ,  0.293234   ])
465     , -395.666    , array([ 0.918586   ,  0.140383   ,  2.32531    ,  0.293234   ])
466     , -395.666    , array([ 0.918586   ,  0.140243   ,  2.32764    ,  0.293234   ])
467     , -395.687    , array([ 0.918586   ,  0.140243   ,  2.32531    ,  0.293528   ])
468     , -722.306    , array([ 0.778732   ,  0.135562   ,  0.243542   ,  0.203242   ])
469     , -722.306    , array([ 0.778732   ,  0.135562   ,  0.243542   ,  0.203242   ])
470     , -722.636    , array([ 0.779511   ,  0.135562   ,  0.243542   ,  0.203242   ])
471     , -722.51     , array([ 0.778732   ,  0.135698   ,  0.243542   ,  0.203242   ])
472     , -722.24     , array([ 0.778732   ,  0.135562   ,  0.243785   ,  0.203242   ])
473     , -720.823    , array([ 0.778732   ,  0.135562   ,  0.243542   ,  0.203445   ])
474     , -395.645    , array([ 0.917313   ,  0.140203   ,  2.2817     ,  0.292334   ])
475     , -395.645    , array([ 0.917313   ,  0.140203   ,  2.2817     ,  0.292334   ])
476     , -395.638    , array([ 0.918231   ,  0.140203   ,  2.2817     ,  0.292334   ])
477     , -395.651    , array([ 0.917313   ,  0.140343   ,  2.2817     ,  0.292334   ])
478     , -395.645    , array([ 0.917313   ,  0.140203   ,  2.28398    ,  0.292334   ])
479     , -395.65     , array([ 0.917313   ,  0.140203   ,  2.2817     ,  0.292626   ])
480     , -395.64     , array([ 0.90894    ,  0.139042   ,  2.24806    ,  0.289916   ])
481     , -395.64     , array([ 0.90894    ,  0.139042   ,  2.24806    ,  0.289916   ])
482     , -395.634    , array([ 0.90985    ,  0.139042   ,  2.24806    ,  0.289916   ])
483     , -395.647    , array([ 0.90894    ,  0.139181   ,  2.24806    ,  0.289916   ])
484     , -395.641    , array([ 0.90894    ,  0.139042   ,  2.25031    ,  0.289916   ])
485     , -395.646    , array([ 0.90894    ,  0.139042   ,  2.24806    ,  0.290206   ])
486     , -395.621    , array([ 0.876205   ,  0.134494   ,  2.11838    ,  0.280441   ])
487     , -395.621    , array([ 0.876205   ,  0.134494   ,  2.11838    ,  0.280441   ])
488     , -395.615    , array([ 0.877081   ,  0.134494   ,  2.11838    ,  0.280441   ])
489     , -395.629    , array([ 0.876205   ,  0.134629   ,  2.11838    ,  0.280441   ])
490     , -395.621    , array([ 0.876205   ,  0.134494   ,  2.1205     ,  0.280441   ])
491     , -395.624    , array([ 0.876205   ,  0.134494   ,  2.11838    ,  0.280721   ])
492     , -395.565    , array([ 0.756635   ,  0.117744   ,  1.67027    ,  0.245539   ])
493     , -395.565    , array([ 0.756635   ,  0.117744   ,  1.67027    ,  0.245539   ])
494     , -395.577    , array([ 0.757392   ,  0.117744   ,  1.67027    ,  0.245539   ])
495     , -395.585    , array([ 0.756635   ,  0.117862   ,  1.67027    ,  0.245539   ])
496     , -395.564    , array([ 0.756635   ,  0.117744   ,  1.67194    ,  0.245539   ])
497     , -395.536    , array([ 0.756635   ,  0.117744   ,  1.67027    ,  0.245785   ])
498     , -395.571    , array([ 0.728952   ,  0.113811   ,  1.58762    ,  0.23746    ])
499     , -395.571    , array([ 0.728952   ,  0.113811   ,  1.58762    ,  0.23746    ])
500     , -395.588    , array([ 0.729681   ,  0.113811   ,  1.58762    ,  0.23746    ])
501     , -395.596    , array([ 0.728952   ,  0.113925   ,  1.58762    ,  0.23746    ])
502     , -395.57     , array([ 0.728952   ,  0.113811   ,  1.5892     ,  0.23746    ])
503     , -395.534    , array([ 0.728952   ,  0.113811   ,  1.58762    ,  0.237698   ])
504     , -395.565    , array([ 0.750775   ,  0.116912   ,  1.65268    ,  0.243831   ])
505     , -395.565    , array([ 0.750775   ,  0.116912   ,  1.65268    ,  0.243831   ])
506     , -395.577    , array([ 0.751526   ,  0.116912   ,  1.65268    ,  0.243831   ])
507     , -395.586    , array([ 0.750775   ,  0.117029   ,  1.65268    ,  0.243831   ])
508     , -395.564    , array([ 0.750775   ,  0.116912   ,  1.65434    ,  0.243831   ])
509     , -395.535    , array([ 0.750775   ,  0.116912   ,  1.65268    ,  0.244075   ])
510     , -395.568    , array([ 0.7363     ,  0.114856   ,  1.60945    ,  0.239608   ])
511     , -395.568    , array([ 0.7363     ,  0.114856   ,  1.60945    ,  0.239608   ])
512     , -395.583    , array([ 0.737036   ,  0.114856   ,  1.60945    ,  0.239608   ])
513     , -395.591    , array([ 0.7363     ,  0.114971   ,  1.60945    ,  0.239608   ])
514     , -395.567    , array([ 0.7363     ,  0.114856   ,  1.61106    ,  0.239608   ])
515     , -395.533    , array([ 0.7363     ,  0.114856   ,  1.60945    ,  0.239847   ])
516     , -395.565    , array([ 0.747775   ,  0.116486   ,  1.6437     ,  0.242957   ])
517     , -395.565    , array([ 0.747775   ,  0.116486   ,  1.6437     ,  0.242957   ])
518     , -395.578    , array([ 0.748523   ,  0.116486   ,  1.6437     ,  0.242957   ])
519     , -395.587    , array([ 0.747775   ,  0.116603   ,  1.6437     ,  0.242957   ])
520     , -395.564    , array([ 0.747775   ,  0.116486   ,  1.64534    ,  0.242957   ])
521     , -395.534    , array([ 0.747775   ,  0.116486   ,  1.6437     ,  0.2432     ])
522     , -395.565    , array([ 0.750149   ,  0.116823   ,  1.65081    ,  0.243649   ])
523     , -395.565    , array([ 0.750149   ,  0.116823   ,  1.65081    ,  0.243649   ])
524     , -395.578    , array([ 0.7509     ,  0.116823   ,  1.65081    ,  0.243649   ])
525     , -395.586    , array([ 0.750149   ,  0.11694    ,  1.65081    ,  0.243649   ])
526     , -395.564    , array([ 0.750149   ,  0.116823   ,  1.65246    ,  0.243649   ])
527     , -395.534    , array([ 0.750149   ,  0.116823   ,  1.65081    ,  0.243893   ])
528     , -395.565    , array([ 0.750644   ,  0.116894   ,  1.65229    ,  0.243793   ])
529     , -395.565    , array([ 0.750644   ,  0.116894   ,  1.65229    ,  0.243793   ])
530     , -395.577    , array([ 0.751395   ,  0.116894   ,  1.65229    ,  0.243793   ])
531     , -395.586    , array([ 0.750644   ,  0.117011   ,  1.65229    ,  0.243793   ])
532     , -395.564    , array([ 0.750644   ,  0.116894   ,  1.65394    ,  0.243793   ])
533     , -395.535    , array([ 0.750644   ,  0.116894   ,  1.65229    ,  0.244037   ])
534     , -395.565    , array([ 0.750748   ,  0.116908   ,  1.6526     ,  0.243823   ])
535     , -395.565    , array([ 0.750748   ,  0.116908   ,  1.6526     ,  0.243823   ])
536     , -395.577    , array([ 0.751499   ,  0.116908   ,  1.6526     ,  0.243823   ])
537     , -395.586    , array([ 0.750748   ,  0.117025   ,  1.6526     ,  0.243823   ])
538     , -395.564    , array([ 0.750748   ,  0.116908   ,  1.65425    ,  0.243823   ])
539     , -395.535    , array([ 0.750748   ,  0.116908   ,  1.6526     ,  0.244067   ])
540     , -395.565    , array([ 0.750769   ,  0.116911   ,  1.65266    ,  0.24383    ])
541     , -395.565    , array([ 0.750769   ,  0.116911   ,  1.65266    ,  0.24383    ])
542     , -395.577    , array([ 0.75152    ,  0.116911   ,  1.65266    ,  0.24383    ])
543     , -395.586    , array([ 0.750769   ,  0.117028   ,  1.65266    ,  0.24383    ])
544     , -395.564    , array([ 0.750769   ,  0.116911   ,  1.65432    ,  0.24383    ])
545     , -395.535    , array([ 0.750769   ,  0.116911   ,  1.65266    ,  0.244074   ])
546     , -395.565    , array([ 0.750774   ,  0.116912   ,  1.65268    ,  0.243831   ])
547     , -395.565    , array([ 0.750774   ,  0.116912   ,  1.65268    ,  0.243831   ])
548     , -395.577    , array([ 0.751525   ,  0.116912   ,  1.65268    ,  0.243831   ])
549     , -395.586    , array([ 0.750774   ,  0.117029   ,  1.65268    ,  0.243831   ])
550     , -395.564    , array([ 0.750774   ,  0.116912   ,  1.65433    ,  0.243831   ])
551     , -395.535    , array([ 0.750774   ,  0.116912   ,  1.65268    ,  0.244075   ])
552     , -395.565    , array([ 0.750775   ,  0.116912   ,  1.65268    ,  0.243831   ])
553     , -395.565    , array([ 0.750775   ,  0.116912   ,  1.65268    ,  0.243831   ])
554     , -395.577    , array([ 0.751526   ,  0.116912   ,  1.65268    ,  0.243831   ])
555     , -395.586    , array([ 0.750775   ,  0.117029   ,  1.65268    ,  0.243831   ])
556     , -395.564    , array([ 0.750775   ,  0.116912   ,  1.65433    ,  0.243831   ])
557     , -395.535    , array([ 0.750775   ,  0.116912   ,  1.65268    ,  0.244075   ])
558     , -395.565    , array([ 0.750775   ,  0.116912   ,  1.65268    ,  0.243831   ])
559     , -395.565    , array([ 0.750775   ,  0.116912   ,  1.65268    ,  0.243831   ])
560     , -395.577    , array([ 0.751526   ,  0.116912   ,  1.65268    ,  0.243831   ])
561     , -395.586    , array([ 0.750775   ,  0.117029   ,  1.65268    ,  0.243831   ])
562     , -395.564    , array([ 0.750775   ,  0.116912   ,  1.65434    ,  0.243831   ])
563     , -395.535    , array([ 0.750775   ,  0.116912   ,  1.65268    ,  0.244075   ])
564     , -395.565    , array([ 0.750775   ,  0.116912   ,  1.65268    ,  0.243831   ])
565     , -395.565    , array([ 0.750775   ,  0.116912   ,  1.65268    ,  0.243831   ])
566     , -395.577    , array([ 0.751526   ,  0.116912   ,  1.65268    ,  0.243831   ])
567     , -395.586    , array([ 0.750775   ,  0.117029   ,  1.65268    ,  0.243831   ])
568     , -395.564    , array([ 0.750775   ,  0.116912   ,  1.65434    ,  0.243831   ])
569     , -395.535    , array([ 0.750775   ,  0.116912   ,  1.65268    ,  0.244075   ])
570     , -395.565    , array([ 0.750775   ,  0.116912   ,  1.65268    ,  0.243831   ])
571     , -395.565    , array([ 0.750775   ,  0.116912   ,  1.65268    ,  0.243831   ])
572     , -395.577    , array([ 0.751526   ,  0.116912   ,  1.65268    ,  0.243831   ])
573     , -395.586    , array([ 0.750775   ,  0.117029   ,  1.65268    ,  0.243831   ])
574     , -395.564    , array([ 0.750775   ,  0.116912   ,  1.65434    ,  0.243831   ])
575     , -395.535    , array([ 0.750775   ,  0.116912   ,  1.65268    ,  0.244075   ])
576     , -395.565    , array([ 0.750775   ,  0.116912   ,  1.65268    ,  0.243831   ])
577     , -395.565    , array([ 0.750775   ,  0.116912   ,  1.65268    ,  0.243831   ])
578     , -395.577    , array([ 0.751526   ,  0.116912   ,  1.65268    ,  0.243831   ])
579     , -395.586    , array([ 0.750775   ,  0.117029   ,  1.65268    ,  0.243831   ])
580     , -395.564    , array([ 0.750775   ,  0.116912   ,  1.65434    ,  0.243831   ])
581     , -395.535    , array([ 0.750775   ,  0.116912   ,  1.65268    ,  0.244075   ])
582     , -395.565    , array([ 0.750775   ,  0.116912   ,  1.65268    ,  0.243831   ])
583     , -395.565    , array([ 0.750775   ,  0.116912   ,  1.65268    ,  0.243831   ])
584     , -395.577    , array([ 0.751526   ,  0.116912   ,  1.65268    ,  0.243831   ])
585     , -395.586    , array([ 0.750775   ,  0.117029   ,  1.65268    ,  0.243831   ])
586     , -395.564    , array([ 0.750775   ,  0.116912   ,  1.65434    ,  0.243831   ])
587     , -395.535    , array([ 0.750775   ,  0.116912   ,  1.65268    ,  0.244075   ])
588     , -395.565    , array([ 0.750775   ,  0.116912   ,  1.65268    ,  0.243831   ])
589     , -395.565    , array([ 0.750775   ,  0.116912   ,  1.65268    ,  0.243831   ])
590     , -395.577    , array([ 0.751526   ,  0.116912   ,  1.65268    ,  0.243831   ])
591     , -395.586    , array([ 0.750775   ,  0.117029   ,  1.65268    ,  0.243831   ])
592     , -395.564    , array([ 0.750775   ,  0.116912   ,  1.65434    ,  0.243831   ])
593     , -395.535    , array([ 0.750775   ,  0.116912   ,  1.65268    ,  0.244075   ])
594     , -395.565    , array([ 0.750775   ,  0.116912   ,  1.65268    ,  0.243831   ])
595     , -395.565    , array([ 0.750775   ,  0.116912   ,  1.65268    ,  0.243831   ])
596     , -395.577    , array([ 0.751526   ,  0.116912   ,  1.65268    ,  0.243831   ])
597     , -395.586    , array([ 0.750775   ,  0.117029   ,  1.65268    ,  0.243831   ])
598     , -395.564    , array([ 0.750775   ,  0.116912   ,  1.65434    ,  0.243831   ])
599     , -395.535    , array([ 0.750775   ,  0.116912   ,  1.65268    ,  0.244075   ])
600     , -395.565    , array([ 0.750775   ,  0.116912   ,  1.65268    ,  0.243831   ])
601     , -395.565    , array([ 0.750775   ,  0.116912   ,  1.65268    ,  0.243831   ])
602     , -395.577    , array([ 0.751526   ,  0.116912   ,  1.65268    ,  0.243831   ])
603     , -395.586    , array([ 0.750775   ,  0.117029   ,  1.65268    ,  0.243831   ])
604     , -395.564    , array([ 0.750775   ,  0.116912   ,  1.65434    ,  0.243831   ])
605     , -395.535    , array([ 0.750775   ,  0.116912   ,  1.65268    ,  0.244075   ])
606     , -395.565    , array([ 0.750775   ,  0.116912   ,  1.65268    ,  0.243831   ])
607     , -395.565    , array([ 0.750775   ,  0.116912   ,  1.65268    ,  0.243831   ])
608     , -395.577    , array([ 0.751526   ,  0.116912   ,  1.65268    ,  0.243831   ])
609     , -395.586    , array([ 0.750775   ,  0.117029   ,  1.65268    ,  0.243831   ])
610     , -395.564    , array([ 0.750775   ,  0.116912   ,  1.65434    ,  0.243831   ])
611     , -395.535    , array([ 0.750775   ,  0.116912   ,  1.65268    ,  0.244075   ])
612     , -395.565    , array([ 0.750775   ,  0.116912   ,  1.65268    ,  0.243831   ])
613     , -395.565    , array([ 0.750775   ,  0.116912   ,  1.65268    ,  0.243831   ])
614     , -395.577    , array([ 0.751526   ,  0.116912   ,  1.65268    ,  0.243831   ])
615     , -395.586    , array([ 0.750775   ,  0.117029   ,  1.65268    ,  0.243831   ])
616     , -395.564    , array([ 0.750775   ,  0.116912   ,  1.65434    ,  0.243831   ])
617     , -395.535    , array([ 0.750775   ,  0.116912   ,  1.65268    ,  0.244075   ])
618     , -395.565    , array([ 0.750775   ,  0.116912   ,  1.65268    ,  0.243831   ])
619     , -395.565    , array([ 0.750775   ,  0.116912   ,  1.65268    ,  0.243831   ])
620     , -395.577    , array([ 0.751526   ,  0.116912   ,  1.65268    ,  0.243831   ])
621     , -395.586    , array([ 0.750775   ,  0.117029   ,  1.65268    ,  0.243831   ])
622     , -395.564    , array([ 0.750775   ,  0.116912   ,  1.65434    ,  0.243831   ])
623     , -395.535    , array([ 0.750775   ,  0.116912   ,  1.65268    ,  0.244075   ])
624     , -395.565    , array([ 0.750775   ,  0.116912   ,  1.65268    ,  0.243831   ])
625     , -395.565    , array([ 0.750775   ,  0.116912   ,  1.65268    ,  0.243831   ])
626     , -395.577    , array([ 0.751526   ,  0.116912   ,  1.65268    ,  0.243831   ])
627     , -395.586    , array([ 0.750775   ,  0.117029   ,  1.65268    ,  0.243831   ])
628     , -395.564    , array([ 0.750775   ,  0.116912   ,  1.65434    ,  0.243831   ])
629     , -395.535    , array([ 0.750775   ,  0.116912   ,  1.65268    ,  0.244075   ])
630     , -395.565    , array([ 0.750775   ,  0.116912   ,  1.65268    ,  0.243831   ])
631     , -395.565    , array([ 0.750775   ,  0.116912   ,  1.65268    ,  0.243831   ])
632     , -395.577    , array([ 0.751526   ,  0.116912   ,  1.65268    ,  0.243831   ])
633     , -395.586    , array([ 0.750775   ,  0.117029   ,  1.65268    ,  0.243831   ])
634     , -395.564    , array([ 0.750775   ,  0.116912   ,  1.65434    ,  0.243831   ])
635     , -395.535    , array([ 0.750775   ,  0.116912   ,  1.65268    ,  0.244075   ])
636     , -395.565    , array([ 0.750775   ,  0.116912   ,  1.65268    ,  0.243831   ])
637     , -395.565    , array([ 0.750775   ,  0.116912   ,  1.65268    ,  0.243831   ])
638     , -395.577    , array([ 0.751526   ,  0.116912   ,  1.65268    ,  0.243831   ])
639     , -395.586    , array([ 0.750775   ,  0.117029   ,  1.65268    ,  0.243831   ])
640     , -395.564    , array([ 0.750775   ,  0.116912   ,  1.65434    ,  0.243831   ])
641     , -395.535    , array([ 0.750775   ,  0.116912   ,  1.65268    ,  0.244075   ])
642     , -395.565    , array([ 0.750775   ,  0.116912   ,  1.65268    ,  0.243831   ])
643     , -395.565    , array([ 0.750775   ,  0.116912   ,  1.65268    ,  0.243831   ])
644     , -395.577    , array([ 0.751526   ,  0.116912   ,  1.65268    ,  0.243831   ])
645     , -395.586    , array([ 0.750775   ,  0.117029   ,  1.65268    ,  0.243831   ])
646     , -395.564    , array([ 0.750775   ,  0.116912   ,  1.65434    ,  0.243831   ])
647     , -395.535    , array([ 0.750775   ,  0.116912   ,  1.65268    ,  0.244075   ])
648     , -395.565    , array([ 0.750775   ,  0.116912   ,  1.65268    ,  0.243831   ])
649     , -395.565    , array([ 0.750775   ,  0.116912   ,  1.65268    ,  0.243831   ])
650     , -395.577    , array([ 0.751526   ,  0.116912   ,  1.65268    ,  0.243831   ])
651     , -395.586    , array([ 0.750775   ,  0.117029   ,  1.65268    ,  0.243831   ])
652     , -395.564    , array([ 0.750775   ,  0.116912   ,  1.65434    ,  0.243831   ])
653     , -395.535    , array([ 0.750775   ,  0.116912   ,  1.65268    ,  0.244075   ])
654     , -395.565    , array([ 0.750775   ,  0.116912   ,  1.65268    ,  0.243831   ])
655     , -395.565    , array([ 0.750775   ,  0.116912   ,  1.65268    ,  0.243831   ])
656     , -395.577    , array([ 0.751526   ,  0.116912   ,  1.65268    ,  0.243831   ])
657     , -395.586    , array([ 0.750775   ,  0.117029   ,  1.65268    ,  0.243831   ])
658     , -395.564    , array([ 0.750775   ,  0.116912   ,  1.65434    ,  0.243831   ])
659     , -395.535    , array([ 0.750775   ,  0.116912   ,  1.65268    ,  0.244075   ])
660     , -395.571    , array([ 0.728952   ,  0.113811   ,  1.58762    ,  0.23746    ])
661     , -395.566    , array([ 0.743209   ,  0.115838   ,  1.63005    ,  0.241625   ])
662     , -395.565    , array([ 0.750945   ,  0.116936   ,  1.65319    ,  0.243881   ])
663     , -395.565    , array([ 0.750945   ,  0.116936   ,  1.65319    ,  0.243881   ])
664     , -395.577    , array([ 0.751696   ,  0.116936   ,  1.65319    ,  0.243881   ])
665     , -395.586    , array([ 0.750945   ,  0.117053   ,  1.65319    ,  0.243881   ])
666     , -395.564    , array([ 0.750945   ,  0.116936   ,  1.65484    ,  0.243881   ])
667     , -395.535    , array([ 0.750945   ,  0.116936   ,  1.65319    ,  0.244125   ])
668     , -395.565    , array([ 0.746406   ,  0.116292   ,  1.6396     ,  0.242557   ])
669     , -395.565    , array([ 0.74913    ,  0.116679   ,  1.64775    ,  0.243352   ])
670     , -395.565    , array([ 0.750156   ,  0.116824   ,  1.65083    ,  0.243651   ])
671     , -395.565    , array([ 0.750606   ,  0.116888   ,  1.65218    ,  0.243782   ])
672     , -395.565    , array([ 0.750799   ,  0.116916   ,  1.65275    ,  0.243838   ])
673     , -395.565    , array([ 0.750882   ,  0.116927   ,  1.653      ,  0.243863   ])
674     , -395.565    , array([ 0.750918   ,  0.116933   ,  1.65311    ,  0.243873   ])
675     , -395.565    , array([ 0.750933   ,  0.116935   ,  1.65316    ,  0.243877   ])
676     , -395.565    , array([ 0.75094    ,  0.116936   ,  1.65318    ,  0.243879   ])
