17378   , -79089.4    , array([ 8.84192    ,  22.3888    ,  4.11018e-31,  3.5931e-17 ,  4.73801e-28])
17379   , -79089.4    , array([ 8.84192    ,  22.3888    ,  4.11018e-31,  3.5931e-17 ,  4.73801e-28])
17380   , -79089.4    , array([ 9.84192    ,  22.3888    ,  4.11018e-31,  3.5931e-17 ,  4.73801e-28])
17381   , -79089.4    , array([ 11.46      ,  22.3888    ,  4.11018e-31,  3.5931e-17 ,  4.73801e-28])
17382   , -79089.4    , array([ 9.84192    ,  22.3888    ,  4.11018e-31,  3.5931e-17 ,  4.73801e-28])
17383   , -79089.4    , array([ 10.46      ,  22.3888    ,  4.11018e-31,  3.5931e-17 ,  4.73801e-28])
17384   , -79089.4    , array([ 10.8419    ,  22.3888    ,  4.11018e-31,  3.5931e-17 ,  4.73801e-28])
17385   , -79089.4    , array([ 11.078     ,  22.3888    ,  4.11018e-31,  3.5931e-17 ,  4.73801e-28])
17386   , -79089.4    , array([ 11.2239    ,  22.3888    ,  4.11018e-31,  3.5931e-17 ,  4.73801e-28])
17387   , -79089.4    , array([ 11.3141    ,  22.3888    ,  4.11018e-31,  3.5931e-17 ,  4.73801e-28])
17388   , -79089.4    , array([ 11.3698    ,  22.3888    ,  4.11018e-31,  3.5931e-17 ,  4.73801e-28])
17389   , -79089.4    , array([ 11.4042    ,  22.3888    ,  4.11018e-31,  3.5931e-17 ,  4.73801e-28])
17390   , -79089.4    , array([ 11.4299    ,  22.3888    ,  4.11018e-31,  3.5931e-17 ,  4.73801e-28])
17391   , -79089.4    , array([ 11.4299    ,  22.3888    ,  4.11018e-31,  3.5931e-17 ,  4.73801e-28])
17392   , -79089.4    , array([ 11.4299    ,  23.3888    ,  4.11018e-31,  3.5931e-17 ,  4.73801e-28])
17393   , -79089.4    , array([ 11.4299    ,  25.0068    ,  4.11018e-31,  3.5931e-17 ,  4.73801e-28])
17394   , -79089.4    , array([ 11.4299    ,  23.3888    ,  4.11018e-31,  3.5931e-17 ,  4.73801e-28])
17395   , -79089.4    , array([ 11.4299    ,  24.0068    ,  4.11018e-31,  3.5931e-17 ,  4.73801e-28])
17396   , -79089.4    , array([ 11.4299    ,  24.3888    ,  4.11018e-31,  3.5931e-17 ,  4.73801e-28])
17397   , -79089.4    , array([ 11.4299    ,  24.6248    ,  4.11018e-31,  3.5931e-17 ,  4.73801e-28])
17398   , -79089.4    , array([ 11.4299    ,  24.7707    ,  4.11018e-31,  3.5931e-17 ,  4.73801e-28])
17399   , -79089.4    , array([ 11.4299    ,  24.8609    ,  4.11018e-31,  3.5931e-17 ,  4.73801e-28])
17400   , -79089.4    , array([ 11.4299    ,  24.9166    ,  4.11018e-31,  3.5931e-17 ,  4.73801e-28])
17401   , -79089.4    , array([ 11.4299    ,  24.9511    ,  4.11018e-31,  3.5931e-17 ,  4.73801e-28])
17402   , -79089.4    , array([ 11.4299    ,  24.9767    ,  4.11018e-31,  3.5931e-17 ,  4.73801e-28])
17403   , -79089.4    , array([ 11.4299    ,  24.9767    ,  4.11018e-31,  3.5931e-17 ,  4.73801e-28])
17404   , -79089.4    , array([ 11.4299    ,  24.9767    ,  1          ,  3.5931e-17 ,  4.73801e-28])
17405   , -79089.4    , array([ 11.4299    ,  24.9767    ,  2.61803    ,  3.5931e-17 ,  4.73801e-28])
17406   , -79089.4    , array([ 11.4299    ,  24.9767    ,  1          ,  3.5931e-17 ,  4.73801e-28])
17407   , -79089.4    , array([ 11.4299    ,  24.9767    ,  1.61803    ,  3.5931e-17 ,  4.73801e-28])
17408   , -79089.4    , array([ 11.4299    ,  24.9767    ,  2          ,  3.5931e-17 ,  4.73801e-28])
17409   , -79089.4    , array([ 11.4299    ,  24.9767    ,  2.23607    ,  3.5931e-17 ,  4.73801e-28])
17410   , -79089.4    , array([ 11.4299    ,  24.9767    ,  2.38197    ,  3.5931e-17 ,  4.73801e-28])
17411   , -79089.4    , array([ 11.4299    ,  24.9767    ,  2.47214    ,  3.5931e-17 ,  4.73801e-28])
17412   , -79089.4    , array([ 11.4299    ,  24.9767    ,  2.52786    ,  3.5931e-17 ,  4.73801e-28])
17413   , -79089.4    , array([ 11.4299    ,  24.9767    ,  2.56231    ,  3.5931e-17 ,  4.73801e-28])
17414   , -79089.4    , array([ 11.4299    ,  24.9767    ,  2.58793    ,  3.5931e-17 ,  4.73801e-28])
17415   , -79089.4    , array([ 11.4299    ,  24.9767    ,  2.58793    ,  3.5931e-17 ,  4.73801e-28])
17416   , -79089.4    , array([ 11.4299    ,  24.9767    ,  2.58793    ,  1          ,  4.73801e-28])
17417   , -79089.4    , array([ 11.4299    ,  24.9767    ,  2.58793    ,  2.61803    ,  4.73801e-28])
17418   , -79089.4    , array([ 11.4299    ,  24.9767    ,  2.58793    ,  1          ,  4.73801e-28])
17419   , -79089.4    , array([ 11.4299    ,  24.9767    ,  2.58793    ,  1.61803    ,  4.73801e-28])
17420   , -79089.4    , array([ 11.4299    ,  24.9767    ,  2.58793    ,  2          ,  4.73801e-28])
17421   , -79089.4    , array([ 11.4299    ,  24.9767    ,  2.58793    ,  2.23607    ,  4.73801e-28])
17422   , -79089.4    , array([ 11.4299    ,  24.9767    ,  2.58793    ,  2.38197    ,  4.73801e-28])
17423   , -79089.4    , array([ 11.4299    ,  24.9767    ,  2.58793    ,  2.47214    ,  4.73801e-28])
17424   , -79089.4    , array([ 11.4299    ,  24.9767    ,  2.58793    ,  2.52786    ,  4.73801e-28])
17425   , -79089.4    , array([ 11.4299    ,  24.9767    ,  2.58793    ,  2.56231    ,  4.73801e-28])
17426   , -79089.4    , array([ 11.4299    ,  24.9767    ,  2.58793    ,  2.58793    ,  4.73801e-28])
17427   , -79089.4    , array([ 11.4299    ,  24.9767    ,  2.58793    ,  2.58793    ,  4.73801e-28])
17428   , -110941     , array([ 11.4299    ,  24.9767    ,  2.58793    ,  2.58793    ,  1          ])
17430   , -79089.4    , array([ 11.4299    ,  24.9767    ,  2.58793    ,  2.58793    ,  4.73801e-28])
17432   , -94899.3    , array([ 11.4299    ,  24.9767    ,  2.58793    ,  2.58793    ,  0.381966   ])
17433   , -84750.1    , array([ 11.4299    ,  24.9767    ,  2.58793    ,  2.58793    ,  0.190855   ])
17435   , -77998.2    , array([ 11.4299    ,  24.9767    ,  2.58793    ,  2.58793    ,  0.0729001  ])
17436   , -77417.3    , array([ 11.4299    ,  24.9767    ,  2.58793    ,  2.58793    ,  0.0562324  ])
17437   , -77182.4    , array([ 11.4299    ,  24.9767    ,  2.58793    ,  2.58793    ,  0.0448985  ])
17438   , -77207.8    , array([ 11.4299    ,  24.9767    ,  2.58793    ,  2.58793    ,  0.0277488  ])
17439   , -77125.9    , array([ 11.4299    ,  24.9767    ,  2.58793    ,  2.58793    ,  0.0372738  ])
17440   , -77125.7    , array([ 11.4299    ,  24.9767    ,  2.58793    ,  2.58793    ,  0.036901   ])
17441   , -77125.7    , array([ 11.4299    ,  24.9767    ,  2.58793    ,  2.58793    ,  0.036532   ])
17442   , -80340.5    , array([ 14.0178    ,  27.5646    ,  5.17586    ,  5.17586    ,  0.073802   ])
17443   , -77125.7    , array([ 11.4299    ,  24.9767    ,  2.58793    ,  2.58793    ,  0.036901   ])
17444   , -77307.3    , array([ 12.4299    ,  24.9767    ,  2.58793    ,  2.58793    ,  0.036901   ])
17445   , -76757.3    , array([ 9.81182    ,  24.9767    ,  2.58793    ,  2.58793    ,  0.036901   ])
17446   , -75833.5    , array([ 7.19379    ,  24.9767    ,  2.58793    ,  2.58793    ,  0.036901   ])
17447   , -71388.5    , array([ 2.95772    ,  24.9767    ,  2.58793    ,  2.58793    ,  0.036901   ])
17449   , -71388.5    , array([ 2.95772    ,  24.9767    ,  2.58793    ,  2.58793    ,  0.036901   ])
17450   , -50751.8    , array([ 0.339683   ,  24.9767    ,  2.58793    ,  2.58793    ,  0.036901   ])
17452   , -66519.8    , array([ 1.64843    ,  24.9767    ,  2.58793    ,  2.58793    ,  0.036901   ])
17454   , -59112.1    , array([ 0.83958    ,  24.9767    ,  2.58793    ,  2.58793    ,  0.036901   ])
17455   , -64032.1    , array([ 0.103615   ,  24.9767    ,  2.58793    ,  2.58793    ,  0.036901   ])
17456   , -53563.9    , array([ 0.505305   ,  24.9767    ,  2.58793    ,  2.58793    ,  0.036901   ])
17457   , -50767.4    , array([ 0.228781   ,  24.9767    ,  2.58793    ,  2.58793    ,  0.036901   ])
17458   , -50751.8    , array([ 0.339683   ,  24.9767    ,  2.58793    ,  2.58793    ,  0.036901   ])
17459   , -50778.1    , array([ 0.339683   ,  25.9767    ,  2.58793    ,  2.58793    ,  0.036901   ])
17460   , -50704.6    , array([ 0.339683   ,  23.3587    ,  2.58793    ,  2.58793    ,  0.036901   ])
17461   , -50612.9    , array([ 0.339683   ,  20.7406    ,  2.58793    ,  2.58793    ,  0.036901   ])
17462   , -50403.6    , array([ 0.339683   ,  16.5046    ,  2.58793    ,  2.58793    ,  0.036901   ])
17463   , -49684.6    , array([ 0.339683   ,  9.65046    ,  2.58793    ,  2.58793    ,  0.036901   ])
17465   , -49684.6    , array([ 0.339683   ,  9.65046    ,  2.58793    ,  2.58793    ,  0.036901   ])
17466   , -48366.1    , array([ 0.339683   ,  5.41439    ,  2.58793    ,  2.58793    ,  0.036901   ])
17467   , -45701.1    , array([ 0.339683   ,  2.79636    ,  2.58793    ,  2.58793    ,  0.036901   ])
17468   , -39077.1    , array([ 0.339683   ,  1.17833    ,  2.58793    ,  2.58793    ,  0.036901   ])
17469   , -10385.7    , array([ 0.339683   ,  0.178325   ,  2.58793    ,  2.58793    ,  0.036901   ])
17471   , -29397.1    , array([ 0.339683   ,  0.560291   ,  2.58793    ,  2.58793    ,  0.036901   ])
17473   , -10385.7    , array([ 0.339683   ,  0.178325   ,  2.58793    ,  2.58793    ,  0.036901   ])
17474   , -10367.7    , array([ 0.339683   ,  0.178325   ,  3.58793    ,  2.58793    ,  0.036901   ])
17475   , -10439.8    , array([ 0.339683   ,  0.178325   ,  5.20596    ,  2.58793    ,  0.036901   ])
17476   , -10367.7    , array([ 0.339683   ,  0.178325   ,  3.58793    ,  2.58793    ,  0.036901   ])
17477   , -10381.4    , array([ 0.339683   ,  0.178325   ,  4.20596    ,  2.58793    ,  0.036901   ])
17478   , -10368.4    , array([ 0.339683   ,  0.178325   ,  3.20596    ,  2.58793    ,  0.036901   ])
17479   , -10367.1    , array([ 0.339683   ,  0.178325   ,  3.43722    ,  2.58793    ,  0.036901   ])
17480   , -10367.1    , array([ 0.339683   ,  0.178325   ,  3.42873    ,  2.58793    ,  0.036901   ])
17481   , -10367.1    , array([ 0.339683   ,  0.178325   ,  3.44572    ,  2.58793    ,  0.036901   ])
17482   , -10367.1    , array([ 0.339683   ,  0.178325   ,  3.43722    ,  2.58793    ,  0.036901   ])
17483   , -11096.9    , array([ 0.339683   ,  0.178325   ,  3.43722    ,  3.58793    ,  0.036901   ])
17484   , -9241.73    , array([ 0.339683   ,  0.178325   ,  3.43722    ,  0.969895   ,  0.036901   ])
17486   , -9241.73    , array([ 0.339683   ,  0.178325   ,  3.43722    ,  0.969895   ,  0.036901   ])
17490   , -9661.66    , array([ 0.339683   ,  0.178325   ,  3.43722    ,  1.58793    ,  0.036901   ])
17491   , -9449.94    , array([ 0.339683   ,  0.178325   ,  3.43722    ,  1.2789     ,  0.036901   ])
17492   , -8882       , array([ 0.339683   ,  0.178325   ,  3.43722    ,  0.421426   ,  0.036901   ])
17493   , -8666.82    , array([ 0.339683   ,  0.178325   ,  3.43722    ,  0.082454   ,  0.036901   ])
17495   , -8748.31    , array([ 0.339683   ,  0.178325   ,  3.43722    ,  0.21193    ,  0.036901   ])
17496   , -8616.92    , array([ 0.339683   ,  0.178325   ,  3.43722    ,  0.00243349 ,  0.036901   ])
17498   , -8635.94    , array([ 0.339683   ,  0.178325   ,  3.43722    ,  0.0329986  ,  0.036901   ])
17499   , -8616.92    , array([ 0.339683   ,  0.178325   ,  3.43722    ,  0.00243349 ,  0.036901   ])
17500   , -39556      , array([ 0.339683   ,  0.178325   ,  3.43722    ,  0.00243349 ,  1.0369     ])
17502   , -8616.92    , array([ 0.339683   ,  0.178325   ,  3.43722    ,  0.00243349 ,  0.036901   ])
17504   , -32253.1    , array([ 0.339683   ,  0.178325   ,  3.43722    ,  0.00243349 ,  0.418867   ])
17505   , -20662.4    , array([ 0.339683   ,  0.178325   ,  3.43722    ,  0.00243349 ,  0.227693   ])
17508   , -10452.2    , array([ 0.339683   ,  0.178325   ,  3.43722    ,  0.00243349 ,  0.109777   ])
17509   , -9277.41    , array([ 0.339683   ,  0.178325   ,  3.43722    ,  0.00243349 ,  0.0342143  ])
17510   , -7296.38    , array([ 0.339683   ,  0.178325   ,  3.43722    ,  0.00243349 ,  0.0698282  ])
17511   , -8312.9     , array([ 0.339683   ,  0.178325   ,  3.43722    ,  0.00243349 ,  0.0850873  ])
17512   , -6998.62    , array([ 0.339683   ,  0.178325   ,  3.43722    ,  0.00243349 ,  0.0624185  ])
17513   , -6962.97    , array([ 0.339683   ,  0.178325   ,  3.43722    ,  0.00243349 ,  0.0526717  ])
17514   , -6915.34    , array([ 0.339683   ,  0.178325   ,  3.43722    ,  0.00243349 ,  0.0566862  ])
17515   , -6915.49    , array([ 0.339683   ,  0.178325   ,  3.43722    ,  0.00243349 ,  0.056884   ])
17516   , -6915.4     , array([ 0.339683   ,  0.178325   ,  3.43722    ,  0.00243349 ,  0.0564883  ])
17518   , -6915.34    , array([ 0.339683   ,  0.178325   ,  3.43722    ,  0.00243349 ,  0.0566862  ])
17519   , -2490.91    , array([ 1.33968    ,  0.178325   ,  3.43722    ,  0.00243349 ,  0.0566862  ])
17520   , -3095.61    , array([ 2.95772    ,  0.178325   ,  3.43722    ,  0.00243349 ,  0.0566862  ])
17521   , -2490.91    , array([ 1.33968    ,  0.178325   ,  3.43722    ,  0.00243349 ,  0.0566862  ])
17522   , -2731.16    , array([ 1.95772    ,  0.178325   ,  3.43722    ,  0.00243349 ,  0.0566862  ])
17523   , -2509.69    , array([ 0.957717   ,  0.178325   ,  3.43722    ,  0.00243349 ,  0.0566862  ])
17524   , -2464       , array([ 1.20484    ,  0.178325   ,  3.43722    ,  0.00243349 ,  0.0566862  ])
17525   , -2461.34    , array([ 1.17313    ,  0.178325   ,  3.43722    ,  0.00243349 ,  0.0566862  ])
17526   , -2460.79    , array([ 1.12848    ,  0.178325   ,  3.43722    ,  0.00243349 ,  0.0566862  ])
17527   , -2460.52    , array([ 1.14433    ,  0.178325   ,  3.43722    ,  0.00243349 ,  0.0566862  ])
17528   , -2460.58    , array([ 1.15238    ,  0.178325   ,  3.43722    ,  0.00243349 ,  0.0566862  ])
17529   , -2460.52    , array([ 1.14433    ,  0.178325   ,  3.43722    ,  0.00243349 ,  0.0566862  ])
17530   , -35439.6    , array([ 1.14433    ,  1.17833    ,  3.43722    ,  0.00243349 ,  0.0566862  ])
17532   , -2460.52    , array([ 1.14433    ,  0.178325   ,  3.43722    ,  0.00243349 ,  0.0566862  ])
17534   , -21089.1    , array([ 1.14433    ,  0.560291   ,  3.43722    ,  0.00243349 ,  0.0566862  ])
17535   , -12666.7    , array([ 1.14433    ,  0.369158   ,  3.43722    ,  0.00243349 ,  0.0566862  ])
17537   , -4725.85    , array([ 1.14433    ,  0.0881553  ,  3.43722    ,  0.00243349 ,  0.0566862  ])
17538   , -2453.54    , array([ 1.14433    ,  0.178146   ,  3.43722    ,  0.00243349 ,  0.0566862  ])
17539   , -1660.64    , array([ 1.14433    ,  0.150899   ,  3.43722    ,  0.00243349 ,  0.0566862  ])
17540   , -1651.11    , array([ 1.14433    ,  0.126933   ,  3.43722    ,  0.00243349 ,  0.0566862  ])
17541   , -1546.37    , array([ 1.14433    ,  0.138561   ,  3.43722    ,  0.00243349 ,  0.0566862  ])
17542   , -1546.81    , array([ 1.14433    ,  0.138959   ,  3.43722    ,  0.00243349 ,  0.0566862  ])
17543   , -1546.17    , array([ 1.14433    ,  0.138108   ,  3.43722    ,  0.00243349 ,  0.0566862  ])
17544   , -1560.28    , array([ 1.14433    ,  0.13384    ,  3.43722    ,  0.00243349 ,  0.0566862  ])
17545   , -1546.25    , array([ 1.14433    ,  0.137706   ,  3.43722    ,  0.00243349 ,  0.0566862  ])
17546   , -1546.17    , array([ 1.14433    ,  0.138108   ,  3.43722    ,  0.00243349 ,  0.0566862  ])
17547   , -1481.56    , array([ 1.14433    ,  0.138108   ,  4.43722    ,  0.00243349 ,  0.0566862  ])
17548   , -1568.81    , array([ 1.14433    ,  0.138108   ,  6.05526    ,  0.00243349 ,  0.0566862  ])
17549   , -1481.56    , array([ 1.14433    ,  0.138108   ,  4.43722    ,  0.00243349 ,  0.0566862  ])
17550   , -1489.28    , array([ 1.14433    ,  0.138108   ,  5.05526    ,  0.00243349 ,  0.0566862  ])
17551   , -1494.36    , array([ 1.14433    ,  0.138108   ,  4.05526    ,  0.00243349 ,  0.0566862  ])
17552   , -1480.29    , array([ 1.14433    ,  0.138108   ,  4.61052    ,  0.00243349 ,  0.0566862  ])
17553   , -1480.29    , array([ 1.14433    ,  0.138108   ,  4.59879    ,  0.00243349 ,  0.0566862  ])
17554   , -1480.3     , array([ 1.14433    ,  0.138108   ,  4.58717    ,  0.00243349 ,  0.0566862  ])
17555   , -1480.29    , array([ 1.14433    ,  0.138108   ,  4.59879    ,  0.00243349 ,  0.0566862  ])
17556   , -1566.06    , array([ 1.14433    ,  0.138108   ,  4.59879    ,  1.00243    ,  0.0566862  ])
17558   , -1480.29    , array([ 1.14433    ,  0.138108   ,  4.59879    ,  0.00243349 ,  0.0566862  ])
17560   , -1484.25    , array([ 1.14433    ,  0.138108   ,  4.59879    ,  0.384399   ,  0.0566862  ])
17561   , -1477.29    , array([ 1.14433    ,  0.138108   ,  4.59879    ,  0.193416   ,  0.0566862  ])
17562   , -1477.07    , array([ 1.14433    ,  0.138108   ,  4.59879    ,  0.155367   ,  0.0566862  ])
17563   , -1477.07    , array([ 1.14433    ,  0.138108   ,  4.59879    ,  0.153484   ,  0.0566862  ])
17564   , -1477.07    , array([ 1.14433    ,  0.138108   ,  4.59879    ,  0.151973   ,  0.0566862  ])
17565   , -1477.07    , array([ 1.14433    ,  0.138108   ,  4.59879    ,  0.153484   ,  0.0566862  ])
17566   , -39074.6    , array([ 1.14433    ,  0.138108   ,  4.59879    ,  0.153484   ,  1.05669    ])
17568   , -1477.07    , array([ 1.14433    ,  0.138108   ,  4.59879    ,  0.153484   ,  0.0566862  ])
17570   , -32235.3    , array([ 1.14433    ,  0.138108   ,  4.59879    ,  0.153484   ,  0.438652   ])
17571   , -19631.5    , array([ 1.14433    ,  0.138108   ,  4.59879    ,  0.153484   ,  0.24742    ])
17574   , -7422.74    , array([ 1.14433    ,  0.138108   ,  4.59879    ,  0.153484   ,  0.12954    ])
17575   , -11119.1    , array([ 1.14433    ,  0.138108   ,  4.59879    ,  0.153484   ,  0.0222443  ])
17576   , -2475.19    , array([ 1.14433    ,  0.138108   ,  4.59879    ,  0.153484   ,  0.0810039  ])
17577   , -2311.98    , array([ 1.14433    ,  0.138108   ,  4.59879    ,  0.153484   ,  0.0442904  ])
17578   , -1484.99    , array([ 1.14433    ,  0.138108   ,  4.59879    ,  0.153484   ,  0.0618943  ])
17579   , -1461.04    , array([ 1.14433    ,  0.138108   ,  4.59879    ,  0.153484   ,  0.0590958  ])
17580   , -1461       , array([ 1.14433    ,  0.138108   ,  4.59879    ,  0.153484   ,  0.0590298  ])
17581   , -1460.99    , array([ 1.14433    ,  0.138108   ,  4.59879    ,  0.153484   ,  0.0589744  ])
17582   , -1460.99    , array([ 1.14433    ,  0.138108   ,  4.59879    ,  0.153484   ,  0.0589516  ])
17583   , -1460.99    , array([ 1.14433    ,  0.138108   ,  4.59879    ,  0.153484   ,  0.0589973  ])
17584   , -3463.86    , array([ 1.94898    ,  0.097891   ,  5.76035    ,  0.304534   ,  0.0612627  ])
17585   , -1460.99    , array([ 1.14433    ,  0.138108   ,  4.59879    ,  0.153484   ,  0.0589744  ])
17586   , -3463.86    , array([ 1.94898    ,  0.097891   ,  5.76035    ,  0.304534   ,  0.0612627  ])
17588   , -1460.99    , array([ 1.14433    ,  0.138108   ,  4.59879    ,  0.153484   ,  0.0589744  ])
17589   , -2526.41    , array([ 0.647031   ,  0.162964   ,  3.8809     ,  0.0601296  ,  0.0575602  ])
17590   , -1704.64    , array([ 1.45168    ,  0.122747   ,  5.04247    ,  0.21118    ,  0.0598485  ])
17591   , -1463.45    , array([ 1.18934    ,  0.135858   ,  4.66377    ,  0.161934   ,  0.0591025  ])
17592   , -1460.52    , array([ 1.15713    ,  0.137468   ,  4.61726    ,  0.155886   ,  0.0590108  ])
17593   , -1460.52    , array([ 1.15726    ,  0.137462   ,  4.61745    ,  0.15591    ,  0.0590112  ])
17594   , -1460.52    , array([ 1.15739    ,  0.137456   ,  4.61764    ,  0.155935   ,  0.0590116  ])
17595   , -1460.52    , array([ 1.15726    ,  0.137462   ,  4.61745    ,  0.15591    ,  0.0590112  ])
17596   , -39232.1    , array([ 1.15726    ,  0.137462   ,  4.61745    ,  0.15591    ,  1.05901    ])
17598   , -1460.52    , array([ 1.15726    ,  0.137462   ,  4.61745    ,  0.15591    ,  0.0590112  ])
17600   , -32504.1    , array([ 1.15726    ,  0.137462   ,  4.61745    ,  0.15591    ,  0.440977   ])
17601   , -19979.3    , array([ 1.15726    ,  0.137462   ,  4.61745    ,  0.15591    ,  0.249743   ])
17604   , -7761.28    , array([ 1.15726    ,  0.137462   ,  4.61745    ,  0.15591    ,  0.131864   ])
17605   , -9242.27    , array([ 1.15726    ,  0.137462   ,  4.61745    ,  0.15591    ,  0.0245694  ])
17606   , -2471.48    , array([ 1.15726    ,  0.137462   ,  4.61745    ,  0.15591    ,  0.080587   ])
17607   , -2095.03    , array([ 1.15726    ,  0.137462   ,  4.61745    ,  0.15591    ,  0.0458556  ])
17608   , -1478.52    , array([ 1.15726    ,  0.137462   ,  4.61745    ,  0.15591    ,  0.0612418  ])
17609   , -1460.54    , array([ 1.15726    ,  0.137462   ,  4.61745    ,  0.15591    ,  0.0590235  ])
17610   , -1460.25    , array([ 1.15726    ,  0.137462   ,  4.61745    ,  0.15591    ,  0.058698   ])
17611   , -1539.44    , array([ 1.15726    ,  0.137462   ,  4.61745    ,  0.15591    ,  0.0537926  ])
17612   , -1460.25    , array([ 1.15726    ,  0.137462   ,  4.61745    ,  0.15591    ,  0.058712   ])
17613   , -1460.25    , array([ 1.15726    ,  0.137462   ,  4.61745    ,  0.15591    ,  0.058715   ])
17614   , -1460.25    , array([ 1.15726    ,  0.137462   ,  4.61745    ,  0.15591    ,  0.058709   ])
17615   , -1460.25    , array([ 1.15726    ,  0.137462   ,  4.61745    ,  0.15591    ,  0.058712   ])
17616   , -35635      , array([ 1.15726    ,  1.13746    ,  4.61745    ,  0.15591    ,  0.058712   ])
17618   , -1460.25    , array([ 1.15726    ,  0.137462   ,  4.61745    ,  0.15591    ,  0.058712   ])
17620   , -20127.1    , array([ 1.15726    ,  0.519428   ,  4.61745    ,  0.15591    ,  0.058712   ])
17621   , -10889.5    , array([ 1.15726    ,  0.328294   ,  4.61745    ,  0.15591    ,  0.058712   ])
17623   , -20719.8    , array([ 1.15726    ,  0.047292   ,  4.61745    ,  0.15591    ,  0.058712   ])
17624   , -4084.69    , array([ 1.15726    ,  0.210353   ,  4.61745    ,  0.15591    ,  0.058712   ])
17625   , -2630.4     , array([ 1.15726    ,  0.10302    ,  4.61745    ,  0.15591    ,  0.058712   ])
17626   , -1543.41    , array([ 1.15726    ,  0.146296   ,  4.61745    ,  0.15591    ,  0.058712   ])
17627   , -1459.45    , array([ 1.15726    ,  0.137185   ,  4.61745    ,  0.15591    ,  0.058712   ])
17628   , -1457.24    , array([ 1.15726    ,  0.135317   ,  4.61745    ,  0.15591    ,  0.058712   ])
17629   , -1599.9     , array([ 1.15726    ,  0.122981   ,  4.61745    ,  0.15591    ,  0.058712   ])
17630   , -1457.21    , array([ 1.15726    ,  0.135497   ,  4.61745    ,  0.15591    ,  0.058712   ])
17631   , -1457.21    , array([ 1.15726    ,  0.135516   ,  4.61745    ,  0.15591    ,  0.058712   ])
17632   , -1457.21    , array([ 1.15726    ,  0.135536   ,  4.61745    ,  0.15591    ,  0.058712   ])
17633   , -1457.21    , array([ 1.15726    ,  0.135516   ,  4.61745    ,  0.15591    ,  0.058712   ])
17634   , -1478.17    , array([ 1.15726    ,  0.135516   ,  5.61745    ,  0.15591    ,  0.058712   ])
17635   , -1634.97    , array([ 1.15726    ,  0.135516   ,  2.99942    ,  0.15591    ,  0.058712   ])
17636   , -1457.21    , array([ 1.15726    ,  0.135516   ,  4.61745    ,  0.15591    ,  0.058712   ])
17637   , -1491.33    , array([ 1.15726    ,  0.135516   ,  3.99942    ,  0.15591    ,  0.058712   ])
17638   , -1454.69    , array([ 1.15726    ,  0.135516   ,  4.99942    ,  0.15591    ,  0.058712   ])
17639   , -1454.03    , array([ 1.15726    ,  0.135516   ,  4.87606    ,  0.15591    ,  0.058712   ])
17640   , -1454.03    , array([ 1.15726    ,  0.135516   ,  4.87943    ,  0.15591    ,  0.058712   ])
17641   , -1454.03    , array([ 1.15726    ,  0.135516   ,  4.88205    ,  0.15591    ,  0.058712   ])
17642   , -1454.03    , array([ 1.15726    ,  0.135516   ,  4.87943    ,  0.15591    ,  0.058712   ])
17643   , -1492.03    , array([ 1.15726    ,  0.135516   ,  4.87943    ,  1.15591    ,  0.058712   ])
17645   , -1454.03    , array([ 1.15726    ,  0.135516   ,  4.87943    ,  0.15591    ,  0.058712   ])
17647   , -1437.96    , array([ 1.15726    ,  0.135516   ,  4.87943    ,  0.537876   ,  0.058712   ])
17648   , -1440.71    , array([ 1.15726    ,  0.135516   ,  4.87943    ,  0.346894   ,  0.058712   ])
17649   , -1437.7     , array([ 1.15726    ,  0.135516   ,  4.87943    ,  0.492108   ,  0.058712   ])
17650   , -1437.7     , array([ 1.15726    ,  0.135516   ,  4.87943    ,  0.49547    ,  0.058712   ])
17651   , -1437.7     , array([ 1.15726    ,  0.135516   ,  4.87943    ,  0.498866   ,  0.058712   ])
17652   , -1437.7     , array([ 1.15726    ,  0.135516   ,  4.87943    ,  0.49547    ,  0.058712   ])
17653   , -1436.1     , array([ 1.17018    ,  0.13487    ,  4.89809    ,  0.497897   ,  0.0587488  ])
17654   , -1435.43    , array([ 1.1911     ,  0.133825   ,  4.92828    ,  0.501823   ,  0.0588083  ])
17655   , -1435.38    , array([ 1.18658    ,  0.134051   ,  4.92176    ,  0.500975   ,  0.0587954  ])
17656   , -1435.38    , array([ 1.18658    ,  0.134051   ,  4.92176    ,  0.500975   ,  0.0587954  ])
17657   , -1435.48    , array([ 1.18032    ,  0.134364   ,  4.91272    ,  0.499799   ,  0.0587776  ])
17658   , -1435.39    , array([ 1.18419    ,  0.13417    ,  4.9183     ,  0.500526   ,  0.0587886  ])
17659   , -1435.38    , array([ 1.18687    ,  0.134036   ,  4.92218    ,  0.50103    ,  0.0587962  ])
17660   , -1435.38    , array([ 1.18629    ,  0.134065   ,  4.92133    ,  0.50092    ,  0.0587946  ])
17661   , -1438.86    , array([ 1.22883    ,  0.129993   ,  5.24472    ,  0.848466   ,  0.0586164  ])
17662   , -1435.38    , array([ 1.18658    ,  0.134051   ,  4.92176    ,  0.500975   ,  0.0587954  ])
17663   , -1438.86    , array([ 1.22883    ,  0.129993   ,  5.24472    ,  0.848466   ,  0.0586164  ])
17665   , -1435.38    , array([ 1.18658    ,  0.134051   ,  4.92176    ,  0.500975   ,  0.0587954  ])
17666   , -1447.25    , array([ 1.16047    ,  0.136558   ,  4.72215    ,  0.286214   ,  0.0589061  ])
17667   , -1433.69    , array([ 1.20272    ,  0.132501   ,  5.04512    ,  0.633704   ,  0.058727   ])
17668   , -1433.68    , array([ 1.20096    ,  0.13267    ,  5.03164    ,  0.6192     ,  0.0587345  ])
17669   , -1433.68    , array([ 1.20153    ,  0.132615   ,  5.03607    ,  0.623966   ,  0.058732   ])
17670   , -1433.68    , array([ 1.20139    ,  0.132629   ,  5.03492    ,  0.622736   ,  0.0587327  ])
17671   , -1433.68    , array([ 1.20168    ,  0.1326     ,  5.03721    ,  0.625196   ,  0.0587314  ])
17672   , -1433.68    , array([ 1.20153    ,  0.132615   ,  5.03607    ,  0.623966   ,  0.058732   ])
17673   , -27953.3    , array([ 1.20153    ,  0.132615   ,  5.03607    ,  0.623966   ,  1.05873    ])
17675   , -1433.68    , array([ 1.20153    ,  0.132615   ,  5.03607    ,  0.623966   ,  0.058732   ])
17677   , -22789      , array([ 1.20153    ,  0.132615   ,  5.03607    ,  0.623966   ,  0.440698   ])
17678   , -14965.5    , array([ 1.20153    ,  0.132615   ,  5.03607    ,  0.623966   ,  0.249542   ])
17681   , -6292.46    , array([ 1.20153    ,  0.132615   ,  5.03607    ,  0.623966   ,  0.131615   ])
17682   , -9210.21    , array([ 1.20153    ,  0.132615   ,  5.03607    ,  0.623966   ,  0.0242902  ])
17683   , -2326.82    , array([ 1.20153    ,  0.132615   ,  5.03607    ,  0.623966   ,  0.0829411  ])
17684   , -2140.81    , array([ 1.20153    ,  0.132615   ,  5.03607    ,  0.623966   ,  0.0455764  ])
17685   , -1452.37    , array([ 1.20153    ,  0.132615   ,  5.03607    ,  0.623966   ,  0.0632327  ])
17686   , -1429.12    , array([ 1.20153    ,  0.132615   ,  5.03607    ,  0.623966   ,  0.0603493  ])
17687   , -1428.96    , array([ 1.20153    ,  0.132615   ,  5.03607    ,  0.623966   ,  0.0601235  ])
17688   , -1428.95    , array([ 1.20153    ,  0.132615   ,  5.03607    ,  0.623966   ,  0.0600913  ])
17689   , -1428.95    , array([ 1.20153    ,  0.132615   ,  5.03607    ,  0.623966   ,  0.0600777  ])
17690   , -1428.95    , array([ 1.20153    ,  0.132615   ,  5.03607    ,  0.623966   ,  0.0601049  ])
17691   , -1428.95    , array([ 1.20153    ,  0.132615   ,  5.03607    ,  0.623966   ,  0.0600913  ])
17692   , -36594.3    , array([ 1.20153    ,  1.13261    ,  5.03607    ,  0.623966   ,  0.0600913  ])
17694   , -1428.95    , array([ 1.20153    ,  0.132615   ,  5.03607    ,  0.623966   ,  0.0600913  ])
17696   , -20772      , array([ 1.20153    ,  0.514581   ,  5.03607    ,  0.623966   ,  0.0600913  ])
17697   , -11253.1    , array([ 1.20153    ,  0.323441   ,  5.03607    ,  0.623966   ,  0.0600913  ])
17699   , -23148.6    , array([ 1.20153    ,  0.0424448  ,  5.03607    ,  0.623966   ,  0.0600913  ])
17700   , -4175.75    , array([ 1.20153    ,  0.205504   ,  5.03607    ,  0.623966   ,  0.0600913  ])
17701   , -2709.14    , array([ 1.20153    ,  0.0981729  ,  5.03607    ,  0.623966   ,  0.0600913  ])
17702   , -1523.39    , array([ 1.20153    ,  0.142042   ,  5.03607    ,  0.623966   ,  0.0600913  ])
17703   , -1429.12    , array([ 1.20153    ,  0.132672   ,  5.03607    ,  0.623966   ,  0.0600913  ])
17704   , -1426.56    , array([ 1.20153    ,  0.130736   ,  5.03607    ,  0.623966   ,  0.0600913  ])
17705   , -1581.29    , array([ 1.20153    ,  0.118298   ,  5.03607    ,  0.623966   ,  0.0600913  ])
17706   , -1426.53    , array([ 1.20153    ,  0.130915   ,  5.03607    ,  0.623966   ,  0.0600913  ])
17707   , -1426.53    , array([ 1.20153    ,  0.130932   ,  5.03607    ,  0.623966   ,  0.0600913  ])
17708   , -1426.53    , array([ 1.20153    ,  0.130949   ,  5.03607    ,  0.623966   ,  0.0600913  ])
17709   , -1426.53    , array([ 1.20153    ,  0.130932   ,  5.03607    ,  0.623966   ,  0.0600913  ])
17710   , -1488.82    , array([ 1.20153    ,  0.130932   ,  6.03607    ,  0.623966   ,  0.0600913  ])
17711   , -1523.07    , array([ 1.20153    ,  0.130932   ,  3.41803    ,  0.623966   ,  0.0600913  ])
17712   , -1426.53    , array([ 1.20153    ,  0.130932   ,  5.03607    ,  0.623966   ,  0.0600913  ])
17713   , -1431.97    , array([ 1.20153    ,  0.130932   ,  4.41803    ,  0.623966   ,  0.0600913  ])
17714   , -1440.49    , array([ 1.20153    ,  0.130932   ,  5.41803    ,  0.623966   ,  0.0600913  ])
17715   , -1424.36    , array([ 1.20153    ,  0.130932   ,  4.82414    ,  0.623966   ,  0.0600913  ])
17716   , -1424.36    , array([ 1.20153    ,  0.130932   ,  4.82107    ,  0.623966   ,  0.0600913  ])
17717   , -1424.36    , array([ 1.20153    ,  0.130932   ,  4.8186     ,  0.623966   ,  0.0600913  ])
17718   , -1424.36    , array([ 1.20153    ,  0.130932   ,  4.81642    ,  0.623966   ,  0.0600913  ])
17719   , -1424.36    , array([ 1.20153    ,  0.130932   ,  4.8186     ,  0.623966   ,  0.0600913  ])
17720   , -1429.22    , array([ 1.21446    ,  0.130286   ,  4.83726    ,  0.626393   ,  0.0601281  ])
17721   , -1418.51    , array([ 1.18062    ,  0.131977   ,  4.7884     ,  0.62004    ,  0.0600318  ])
17722   , -1414.37    , array([ 1.14234    ,  0.133891   ,  4.73314    ,  0.612853   ,  0.059923   ])
17723   , -1426.04    , array([ 1.0804     ,  0.136986   ,  4.64373    ,  0.601226   ,  0.0597468  ])
17724   , -1414.37    , array([ 1.14234    ,  0.133891   ,  4.73314    ,  0.612853   ,  0.059923   ])
17725   , -1416.1     , array([ 1.11868    ,  0.135073   ,  4.69899    ,  0.608412   ,  0.0598557  ])
17726   , -1414.94    , array([ 1.15696    ,  0.13316    ,  4.75425    ,  0.615598   ,  0.0599646  ])
17727   , -1414.37    , array([ 1.14295    ,  0.13386    ,  4.73402    ,  0.612967   ,  0.0599247  ])
17728   , -1414.37    , array([ 1.14353    ,  0.133831   ,  4.73487    ,  0.613077   ,  0.0599264  ])
17729   , -1414.37    , array([ 1.14295    ,  0.13386    ,  4.73402    ,  0.612967   ,  0.0599247  ])
17730   , -1408.01    , array([ 1.1579     ,  0.132424   ,  4.84833    ,  0.735959   ,  0.0598613  ])
17731   , -1405.48    , array([ 1.1821     ,  0.130101   ,  5.03329    ,  0.934963   ,  0.0597588  ])
17732   , -1405.27    , array([ 1.17636    ,  0.130652   ,  4.98942    ,  0.887761   ,  0.0597831  ])
17733   , -1405.27    , array([ 1.17636    ,  0.130652   ,  4.98942    ,  0.887761   ,  0.0597831  ])
17734   , -1405.69    , array([ 1.16931    ,  0.131329   ,  4.93553    ,  0.829778   ,  0.059813   ])
17735   , -1405.34    , array([ 1.17366    ,  0.13091    ,  4.96884    ,  0.865613   ,  0.0597945  ])
17736   , -1405.27    , array([ 1.17669    ,  0.13062    ,  4.99198    ,  0.890518   ,  0.0597817  ])
17737   , -1405.27    , array([ 1.17703    ,  0.130587   ,  4.99456    ,  0.893294   ,  0.0597803  ])
17738   , -1384.42    , array([ 1.1668     ,  0.127188   ,  5.06221    ,  1.28006    ,  0.060768   ])
17739   , -1405.27    , array([ 1.17669    ,  0.13062    ,  4.99198    ,  0.890518   ,  0.0597817  ])
17740   , -1384.42    , array([ 1.1668     ,  0.127188   ,  5.06221    ,  1.28006    ,  0.060768   ])
17741   , -1368.5     , array([ 1.1508     ,  0.121636   ,  5.17584    ,  1.91036    ,  0.0623639  ])
17742   , -1367.72    , array([ 1.14724    ,  0.120399   ,  5.20117    ,  2.05087    ,  0.0627196  ])
17743   , -1368.49    , array([ 1.14147    ,  0.118396   ,  5.24216    ,  2.27823    ,  0.0632953  ])
17744   , -1367.72    , array([ 1.14724    ,  0.120399   ,  5.20117    ,  2.05087    ,  0.0627196  ])
17745   , -1367.73    , array([ 1.14503    ,  0.119634   ,  5.21683    ,  2.13771    ,  0.0629395  ])
17746   , -1367.91    , array([ 1.1486     ,  0.120871   ,  5.1915     ,  1.9972     ,  0.0625837  ])
17747   , -1367.68    , array([ 1.14615    ,  0.12002    ,  5.20892    ,  2.09387    ,  0.0628285  ])
17748   , -1367.68    , array([ 1.14645    ,  0.120126   ,  5.20676    ,  2.08184    ,  0.062798   ])
17749   , -1367.68    , array([ 1.14584    ,  0.119914   ,  5.21109    ,  2.1059     ,  0.062859   ])
17750   , -1367.68    , array([ 1.14615    ,  0.12002    ,  5.20892    ,  2.09387    ,  0.0628285  ])
17751   , -14024.2    , array([ 1.14615    ,  0.12002    ,  5.20892    ,  2.09387    ,  1.06283    ])
17753   , -1367.68    , array([ 1.14615    ,  0.12002    ,  5.20892    ,  2.09387    ,  0.0628285  ])
17755   , -11162.5    , array([ 1.14615    ,  0.12002    ,  5.20892    ,  2.09387    ,  0.444794   ])
17756   , -8116.26    , array([ 1.14615    ,  0.12002    ,  5.20892    ,  2.09387    ,  0.253732   ])
17759   , -4242.57    , array([ 1.14615    ,  0.12002    ,  5.20892    ,  2.09387    ,  0.135747   ])
17760   , -6076.04    , array([ 1.14615    ,  0.12002    ,  5.20892    ,  2.09387    ,  0.0283866  ])
17761   , -2018.51    , array([ 1.14615    ,  0.12002    ,  5.20892    ,  2.09387    ,  0.0872718  ])
17762   , -1715.94    , array([ 1.14615    ,  0.12002    ,  5.20892    ,  2.09387    ,  0.0496729  ])
17763   , -1384.66    , array([ 1.14615    ,  0.12002    ,  5.20892    ,  2.09387    ,  0.0656232  ])
17764   , -1367.52    , array([ 1.14615    ,  0.12002    ,  5.20892    ,  2.09387    ,  0.0627369  ])
17765   , -1367.14    , array([ 1.14615    ,  0.12002    ,  5.20892    ,  2.09387    ,  0.0622131  ])
17766   , -1367.14    , array([ 1.14615    ,  0.12002    ,  5.20892    ,  2.09387    ,  0.062252   ])
17767   , -1367.14    , array([ 1.14615    ,  0.12002    ,  5.20892    ,  2.09387    ,  0.0622578  ])
17768   , -1367.14    , array([ 1.14615    ,  0.12002    ,  5.20892    ,  2.09387    ,  0.0622462  ])
17769   , -1367.14    , array([ 1.14615    ,  0.12002    ,  5.20892    ,  2.09387    ,  0.062252   ])
17770   , -38068.2    , array([ 1.14615    ,  1.12002    ,  5.20892    ,  2.09387    ,  0.062252   ])
17772   , -1367.14    , array([ 1.14615    ,  0.12002    ,  5.20892    ,  2.09387    ,  0.062252   ])
17774   , -22058.6    , array([ 1.14615    ,  0.501986   ,  5.20892    ,  2.09387    ,  0.062252   ])
17775   , -12102.1    , array([ 1.14615    ,  0.310836   ,  5.20892    ,  2.09387    ,  0.062252   ])
17777   , -31542.2    , array([ 1.14615    ,  0.02985    ,  5.20892    ,  2.09387    ,  0.062252   ])
17778   , -4449.68    , array([ 1.14615    ,  0.192905   ,  5.20892    ,  2.09387    ,  0.062252   ])
17779   , -2913.35    , array([ 1.14615    ,  0.0855781  ,  5.20892    ,  2.09387    ,  0.062252   ])
17780   , -1494.68    , array([ 1.14615    ,  0.130431   ,  5.20892    ,  2.09387    ,  0.062252   ])
17781   , -1368.56    , array([ 1.14615    ,  0.120418   ,  5.20892    ,  2.09387    ,  0.062252   ])
17782   , -1364.61    , array([ 1.14615    ,  0.118168   ,  5.20892    ,  2.09387    ,  0.062252   ])
17783   , -1548.43    , array([ 1.14615    ,  0.10572    ,  5.20892    ,  2.09387    ,  0.062252   ])
17784   , -1364.55    , array([ 1.14615    ,  0.118391   ,  5.20892    ,  2.09387    ,  0.062252   ])
17785   , -1364.55    , array([ 1.14615    ,  0.118407   ,  5.20892    ,  2.09387    ,  0.062252   ])
17786   , -1364.55    , array([ 1.14615    ,  0.118423   ,  5.20892    ,  2.09387    ,  0.062252   ])
17787   , -1364.55    , array([ 1.14615    ,  0.118407   ,  5.20892    ,  2.09387    ,  0.062252   ])
17788   , -1442.04    , array([ 1.14615    ,  0.118407   ,  6.20892    ,  2.09387    ,  0.062252   ])
17789   , -1425.28    , array([ 1.14615    ,  0.118407   ,  3.59089    ,  2.09387    ,  0.062252   ])
17790   , -1364.55    , array([ 1.14615    ,  0.118407   ,  5.20892    ,  2.09387    ,  0.062252   ])
17791   , -1358.03    , array([ 1.14615    ,  0.118407   ,  4.59089    ,  2.09387    ,  0.062252   ])
17792   , -1371.68    , array([ 1.14615    ,  0.118407   ,  4.20892    ,  2.09387    ,  0.062252   ])
17793   , -1356.4     , array([ 1.14615    ,  0.118407   ,  4.78594    ,  2.09387    ,  0.062252   ])
17794   , -1356.4     , array([ 1.14615    ,  0.118407   ,  4.78171    ,  2.09387    ,  0.062252   ])
17795   , -1356.4     , array([ 1.14615    ,  0.118407   ,  4.77744    ,  2.09387    ,  0.062252   ])
17796   , -1356.4     , array([ 1.14615    ,  0.118407   ,  4.78171    ,  2.09387    ,  0.062252   ])
17797   , -1360.77    , array([ 1.1611     ,  0.116971   ,  4.89602    ,  2.21686    ,  0.0621886  ])
17798   , -1355.85    , array([ 1.12195    ,  0.120731   ,  4.59675    ,  1.89486    ,  0.0623545  ])
17799   , -1355.04    , array([ 1.1324     ,  0.119727   ,  4.67667    ,  1.98085    ,  0.0623102  ])
17800   , -1355.04    , array([ 1.1324     ,  0.119727   ,  4.67667    ,  1.98085    ,  0.0623102  ])
17801   , -1355.25    , array([ 1.13765    ,  0.119223   ,  4.71679    ,  2.02402    ,  0.062288   ])
17802   , -1355.16    , array([ 1.12841    ,  0.12011    ,  4.64614    ,  1.94801    ,  0.0623272  ])
17803   , -1355.04    , array([ 1.13227    ,  0.11974    ,  4.67562    ,  1.97972    ,  0.0623108  ])
17804   , -1355.04    , array([ 1.13254    ,  0.119714   ,  4.67772    ,  1.98198    ,  0.0623097  ])
17805   , -1355.04    , array([ 1.1324     ,  0.119727   ,  4.67667    ,  1.98085    ,  0.0623102  ])
17806   , -1382.44    , array([ 1.10186    ,  0.109127   ,  4.89361    ,  3.18421    ,  0.065357   ])
17807   , -1478.76    , array([ 1.18183    ,  0.136877   ,  4.32565    ,  0.0337921  ,  0.0573804  ])
17808   , -1355.04    , array([ 1.1324     ,  0.119727   ,  4.67667    ,  1.98085    ,  0.0623102  ])
17809   , -1374.92    , array([ 1.15128    ,  0.126278   ,  4.54259    ,  1.23714    ,  0.0604272  ])
17810   , -1357.34    , array([ 1.12074    ,  0.115678   ,  4.75953    ,  2.44049    ,  0.063474   ])
17811   , -1354.62    , array([ 1.12897    ,  0.118536   ,  4.70104    ,  2.11604    ,  0.0626525  ])
17812   , -1354.62    , array([ 1.1291     ,  0.118579   ,  4.70017    ,  2.11119    ,  0.0626402  ])
17813   , -1354.62    , array([ 1.12913    ,  0.11859    ,  4.69993    ,  2.10989    ,  0.0626369  ])
17814   , -1354.62    , array([ 1.12916    ,  0.118602   ,  4.6997     ,  2.1086     ,  0.0626337  ])
17815   , -1415.79    , array([ 1.08156    ,  0.106561   ,  4.40788    ,  3.32926    ,  0.0654922  ])
17816   , -1354.62    , array([ 1.12913    ,  0.11859    ,  4.69993    ,  2.10989    ,  0.0626369  ])
17817   , -13630.3    , array([ 1.12913    ,  0.11859    ,  4.69993    ,  2.10989    ,  1.06264    ])
17819   , -1354.62    , array([ 1.12913    ,  0.11859    ,  4.69993    ,  2.10989    ,  0.0626369  ])
17821   , -11083.1    , array([ 1.12913    ,  0.11859    ,  4.69993    ,  2.10989    ,  0.444603   ])
17822   , -8295.87    , array([ 1.12913    ,  0.11859    ,  4.69993    ,  2.10989    ,  0.253541   ])
17825   , -4464.99    , array([ 1.12913    ,  0.11859    ,  4.69993    ,  2.10989    ,  0.135556   ])
17826   , -5852.9     , array([ 1.12913    ,  0.11859    ,  4.69993    ,  2.10989    ,  0.0281951  ])
17827   , -2072.08    , array([ 1.12913    ,  0.11859    ,  4.69993    ,  2.10989    ,  0.0858808  ])
17828   , -1618.19    , array([ 1.12913    ,  0.11859    ,  4.69993    ,  2.10989    ,  0.0494813  ])
17829   , -1359.73    , array([ 1.12913    ,  0.11859    ,  4.69993    ,  2.10989    ,  0.0632225  ])
17830   , -1345.77    , array([ 1.12913    ,  0.11859    ,  4.69993    ,  2.10989    ,  0.0608437  ])
17831   , -1373.73    , array([ 1.12913    ,  0.11859    ,  4.69993    ,  2.10989    ,  0.0565037  ])
17832   , -1345.27    , array([ 1.12913    ,  0.11859    ,  4.69993    ,  2.10989    ,  0.060196   ])
17833   , -1345.25    , array([ 1.12913    ,  0.11859    ,  4.69993    ,  2.10989    ,  0.0602944  ])
17834   , -1345.25    , array([ 1.12913    ,  0.11859    ,  4.69993    ,  2.10989    ,  0.0603178  ])
17835   , -1345.25    , array([ 1.12913    ,  0.11859    ,  4.69993    ,  2.10989    ,  0.0602709  ])
17836   , -1345.25    , array([ 1.12913    ,  0.11859    ,  4.69993    ,  2.10989    ,  0.0602944  ])
17837   , -37950.3    , array([ 1.12913    ,  1.11859    ,  4.69993    ,  2.10989    ,  0.0602944  ])
17839   , -1345.25    , array([ 1.12913    ,  0.11859    ,  4.69993    ,  2.10989    ,  0.0602944  ])
17841   , -22027.5    , array([ 1.12913    ,  0.500556   ,  4.69993    ,  2.10989    ,  0.0602944  ])
17842   , -12089.7    , array([ 1.12913    ,  0.309406   ,  4.69993    ,  2.10989    ,  0.0602944  ])
17844   , -33107.6    , array([ 1.12913    ,  0.0284203  ,  4.69993    ,  2.10989    ,  0.0602944  ])
17845   , -4427.13    , array([ 1.12913    ,  0.191475   ,  4.69993    ,  2.10989    ,  0.0602944  ])
17846   , -2951.45    , array([ 1.12913    ,  0.0841484  ,  4.69993    ,  2.10989    ,  0.0602944  ])
17847   , -1478.95    , array([ 1.12913    ,  0.129514   ,  4.69993    ,  2.10989    ,  0.0602944  ])
17848   , -1347.72    , array([ 1.12913    ,  0.119336   ,  4.69993    ,  2.10989    ,  0.0602944  ])
17849   , -1343.6     , array([ 1.12913    ,  0.117072   ,  4.69993    ,  2.10989    ,  0.0602944  ])
17850   , -1343.56    , array([ 1.12913    ,  0.117282   ,  4.69993    ,  2.10989    ,  0.0602944  ])
17851   , -1343.56    , array([ 1.12913    ,  0.117295   ,  4.69993    ,  2.10989    ,  0.0602944  ])
17852   , -1343.56    , array([ 1.12913    ,  0.117308   ,  4.69993    ,  2.10989    ,  0.0602944  ])
17853   , -1343.56    , array([ 1.12913    ,  0.117295   ,  4.69993    ,  2.10989    ,  0.0602944  ])
17854   , -1384.1     , array([ 1.12913    ,  0.117295   ,  5.69993    ,  2.10989    ,  0.0602944  ])
17855   , -1471.65    , array([ 1.12913    ,  0.117295   ,  3.0819     ,  2.10989    ,  0.0602944  ])
17856   , -1343.56    , array([ 1.12913    ,  0.117295   ,  4.69993    ,  2.10989    ,  0.0602944  ])
17857   , -1361.48    , array([ 1.12913    ,  0.117295   ,  4.0819     ,  2.10989    ,  0.0602944  ])
17858   , -1349.46    , array([ 1.12913    ,  0.117295   ,  5.0819     ,  2.10989    ,  0.0602944  ])
17859   , -1343.55    , array([ 1.12913    ,  0.117295   ,  4.71715    ,  2.10989    ,  0.0602944  ])
17860   , -1343.55    , array([ 1.12913    ,  0.117295   ,  4.71063    ,  2.10989    ,  0.0602944  ])
17861   , -1343.55    , array([ 1.12913    ,  0.117295   ,  4.71053    ,  2.10989    ,  0.0602944  ])
17862   , -1343.55    , array([ 1.12913    ,  0.117295   ,  4.71074    ,  2.10989    ,  0.0602944  ])
17863   , -1343.55    , array([ 1.12913    ,  0.117295   ,  4.71063    ,  2.10989    ,  0.0602944  ])
17864   , -1346.57    , array([ 1.14408    ,  0.115859   ,  4.82495    ,  2.23288    ,  0.060231   ])
17865   , -1344.88    , array([ 1.10493    ,  0.119619   ,  4.52567    ,  1.91089    ,  0.0603969  ])
17866   , -1343.55    , array([ 1.12913    ,  0.117295   ,  4.71063    ,  2.10989    ,  0.0602944  ])
17867   , -1343.12    , array([ 1.11989    ,  0.118183   ,  4.63999    ,  2.03388    ,  0.0603335  ])
17868   , -1343.42    , array([ 1.11417    ,  0.118731   ,  4.59632    ,  1.9869     ,  0.0603577  ])
17869   , -1343.11    , array([ 1.121      ,  0.118076   ,  4.64852    ,  2.04306    ,  0.0603288  ])
17870   , -1343.11    , array([ 1.12092    ,  0.118083   ,  4.6479     ,  2.04239    ,  0.0603291  ])
17871   , -1343.11    , array([ 1.12084    ,  0.118091   ,  4.64727    ,  2.04172    ,  0.0603295  ])
17872   , -1343.11    , array([ 1.12092    ,  0.118083   ,  4.6479     ,  2.04239    ,  0.0603291  ])
17873   , -1367.18    , array([ 1.09037    ,  0.107484   ,  4.86484    ,  3.24574    ,  0.0633759  ])
17874   , -1472.15    , array([ 1.17035    ,  0.135234   ,  4.29688    ,  0.0953301  ,  0.0553993  ])
17875   , -1343.11    , array([ 1.12092    ,  0.118083   ,  4.6479     ,  2.04239    ,  0.0603291  ])
17876   , -1365.75    , array([ 1.1398     ,  0.124634   ,  4.51382    ,  1.29868    ,  0.0584461  ])
17877   , -1343.81    , array([ 1.10925    ,  0.114035   ,  4.73076    ,  2.50203    ,  0.0614929  ])
17878   , -1342.09    , array([ 1.11582    ,  0.116313   ,  4.68414    ,  2.24342    ,  0.0608381  ])
17879   , -1342.09    , array([ 1.11587    ,  0.11633    ,  4.68378    ,  2.24141    ,  0.060833   ])
17880   , -1342.09    , array([ 1.11592    ,  0.116348   ,  4.68342    ,  2.23942    ,  0.060828   ])
17881   , -1333.91    , array([ 1.10261    ,  0.11407    ,  4.66762    ,  2.37293    ,  0.0590292  ])
17882   , -1342.09    , array([ 1.11587    ,  0.11633    ,  4.68378    ,  2.24141    ,  0.060833   ])
17883   , -1333.91    , array([ 1.10261    ,  0.11407    ,  4.66762    ,  2.37293    ,  0.0590292  ])
17884   , -1329.47    , array([ 1.08116    ,  0.110414   ,  4.64148    ,  2.58574    ,  0.0561104  ])
17885   , -1329.43    , array([ 1.08311    ,  0.110746   ,  4.64386    ,  2.5664     ,  0.0563757  ])
17886   , -1329.43    , array([ 1.08311    ,  0.110746   ,  4.64386    ,  2.5664     ,  0.0563757  ])
17887   , -1330.1     , array([ 1.09056    ,  0.112016   ,  4.65293    ,  2.4925     ,  0.0573892  ])
17888   , -1329.54    , array([ 1.08595    ,  0.111231   ,  4.64732    ,  2.53817    ,  0.0567628  ])
17889   , -1329.43    , array([ 1.08278    ,  0.11069    ,  4.64346    ,  2.56965    ,  0.0563311  ])
17890   , -1329.43    , array([ 1.08245    ,  0.110634   ,  4.64306    ,  2.57293    ,  0.0562861  ])
17891   , -1329.43    , array([ 1.08278    ,  0.11069    ,  4.64346    ,  2.56965    ,  0.0563311  ])
17892   , -1357.79    , array([ 1.05223    ,  0.100091   ,  4.8604     ,  3.773      ,  0.0593779  ])
17893   , -1475.55    , array([ 1.1322     ,  0.127841   ,  4.29244    ,  0.622583   ,  0.0514013  ])
17894   , -1329.43    , array([ 1.08278    ,  0.11069    ,  4.64346    ,  2.56965    ,  0.0563311  ])
17895   , -1356.38    , array([ 1.10166    ,  0.117241   ,  4.50938    ,  1.82593    ,  0.0544481  ])
17896   , -1329.77    , array([ 1.07111    ,  0.106642   ,  4.72632    ,  3.02928    ,  0.0574948  ])
17897   , -1327.99    , array([ 1.07725    ,  0.108771   ,  4.68275    ,  2.78757    ,  0.0568828  ])
17898   , -1327.99    , array([ 1.0773     ,  0.10879    ,  4.68235    ,  2.78539    ,  0.0568773  ])
17899   , -1327.99    , array([ 1.07719    ,  0.108752   ,  4.68314    ,  2.78975    ,  0.0568884  ])
17900   , -1327.99    , array([ 1.07725    ,  0.108771   ,  4.68275    ,  2.78757    ,  0.0568828  ])
17901   , -39294.2    , array([ 1.07725    ,  1.10877    ,  4.68275    ,  2.78757    ,  0.0568828  ])
17903   , -1327.99    , array([ 1.07725    ,  0.108771   ,  4.68275    ,  2.78757    ,  0.0568828  ])
17905   , -23370      , array([ 1.07725    ,  0.490737   ,  4.68275    ,  2.78757    ,  0.0568828  ])
17906   , -13054.2    , array([ 1.07725    ,  0.299576   ,  4.68275    ,  2.78757    ,  0.0568828  ])
17908   , -48030      , array([ 1.07725    ,  0.0186009  ,  4.68275    ,  2.78757    ,  0.0568828  ])
17909   , -4796.91    , array([ 1.07725    ,  0.181652   ,  4.68275    ,  2.78757    ,  0.0568828  ])
17910   , -3272.95    , array([ 1.07725    ,  0.074329   ,  4.68275    ,  2.78757    ,  0.0568828  ])
17911   , -1508.15    , array([ 1.07725    ,  0.120668   ,  4.68275    ,  2.78757    ,  0.0568828  ])
17912   , -1332.48    , array([ 1.07725    ,  0.10982    ,  4.68275    ,  2.78757    ,  0.0568828  ])
17913   , -1326.02    , array([ 1.07725    ,  0.107158   ,  4.68275    ,  2.78757    ,  0.0568828  ])
17914   , -1325.92    , array([ 1.07725    ,  0.107433   ,  4.68275    ,  2.78757    ,  0.0568828  ])
17915   , -1325.92    , array([ 1.07725    ,  0.107446   ,  4.68275    ,  2.78757    ,  0.0568828  ])
17916   , -1325.92    , array([ 1.07725    ,  0.107459   ,  4.68275    ,  2.78757    ,  0.0568828  ])
17917   , -1325.92    , array([ 1.07725    ,  0.107446   ,  4.68275    ,  2.78757    ,  0.0568828  ])
17918   , -1358.09    , array([ 1.07725    ,  0.107446   ,  5.68275    ,  2.78757    ,  0.0568828  ])
17919   , -1447.56    , array([ 1.07725    ,  0.107446   ,  3.06471    ,  2.78757    ,  0.0568828  ])
17920   , -1325.92    , array([ 1.07725    ,  0.107446   ,  4.68275    ,  2.78757    ,  0.0568828  ])
17921   , -1344.65    , array([ 1.07725    ,  0.107446   ,  4.06471    ,  2.78757    ,  0.0568828  ])
17922   , -1329.58    , array([ 1.07725    ,  0.107446   ,  5.06471    ,  2.78757    ,  0.0568828  ])
17923   , -1325.75    , array([ 1.07725    ,  0.107446   ,  4.7535     ,  2.78757    ,  0.0568828  ])
17924   , -1325.75    , array([ 1.07725    ,  0.107446   ,  4.74874    ,  2.78757    ,  0.0568828  ])
17925   , -1325.75    , array([ 1.07725    ,  0.107446   ,  4.74808    ,  2.78757    ,  0.0568828  ])
17926   , -1325.75    , array([ 1.07725    ,  0.107446   ,  4.74743    ,  2.78757    ,  0.0568828  ])
17927   , -1325.75    , array([ 1.07725    ,  0.107446   ,  4.74808    ,  2.78757    ,  0.0568828  ])
17928   , -1329.71    , array([ 1.0922     ,  0.10601    ,  4.86239    ,  2.91056    ,  0.0568195  ])
17929   , -1324.88    , array([ 1.05305    ,  0.10977    ,  4.56312    ,  2.58857    ,  0.0569854  ])
17930   , -1324.37    , array([ 1.06208    ,  0.108902   ,  4.63217    ,  2.66286    ,  0.0569471  ])
17931   , -1324.37    , array([ 1.06208    ,  0.108902   ,  4.63217    ,  2.66286    ,  0.0569471  ])
17932   , -1324.58    , array([ 1.06788    ,  0.108346   ,  4.67644    ,  2.71049    ,  0.0569226  ])
17933   , -1324.45    , array([ 1.05863    ,  0.109233   ,  4.6058     ,  2.63448    ,  0.0569617  ])
17934   , -1324.37    , array([ 1.06224    ,  0.108888   ,  4.63333    ,  2.6641     ,  0.0569465  ])
17935   , -1324.37    , array([ 1.06193    ,  0.108917   ,  4.63101    ,  2.66161    ,  0.0569477  ])
17936   , -1324.37    , array([ 1.06208    ,  0.108902   ,  4.63217    ,  2.66286    ,  0.0569471  ])
17937   , -1326.05    , array([ 1.02899    ,  0.103262   ,  4.59185    ,  2.99109    ,  0.0524451  ])
17938   , -1370.57    , array([ 1.11562    ,  0.118028   ,  4.69741    ,  2.13176    ,  0.0642314  ])
17939   , -1324.37    , array([ 1.06208    ,  0.108902   ,  4.63217    ,  2.66286    ,  0.0569471  ])
17940   , -1334.52    , array([ 1.08253    ,  0.112388   ,  4.65709    ,  2.46       ,  0.0597295  ])
17941   , -1322.42    , array([ 1.04944    ,  0.106748   ,  4.61677    ,  2.78823    ,  0.0552275  ])
17942   , -1322.4     , array([ 1.04827    ,  0.106547   ,  4.61533    ,  2.79991    ,  0.0550672  ])
17943   , -1322.4     , array([ 1.0481     ,  0.106518   ,  4.61513    ,  2.80159    ,  0.0550443  ])
17944   , -1322.4     , array([ 1.04796    ,  0.106494   ,  4.61496    ,  2.80298    ,  0.0550253  ])
17945   , -1330.1     , array([ 0.980325   ,  0.0967063  ,  4.54648    ,  3.36176    ,  0.0492555  ])
17946   , -1322.4     , array([ 1.0481     ,  0.106518   ,  4.61513    ,  2.80159    ,  0.0550443  ])
17947   , -1369.84    , array([ 1.01755    ,  0.0959188  ,  4.83207    ,  4.00494    ,  0.0580911  ])
17948   , -1463.28    , array([ 1.09752    ,  0.123669   ,  4.26411    ,  0.854526   ,  0.0501145  ])
17949   , -1322.4     , array([ 1.0481     ,  0.106518   ,  4.61513    ,  2.80159    ,  0.0550443  ])
17950   , -1344.24    , array([ 1.06698    ,  0.113069   ,  4.48105    ,  2.05788    ,  0.0531613  ])
17951   , -1328.24    , array([ 1.03643    ,  0.10247    ,  4.69799    ,  3.26123    ,  0.0562081  ])
17952   , -1322.32    , array([ 1.04688    ,  0.106095   ,  4.6238     ,  2.84969    ,  0.0551661  ])
17953   , -1322.32    , array([ 1.04686    ,  0.106089   ,  4.62391    ,  2.85029    ,  0.0551676  ])
17954   , -1322.32    , array([ 1.04685    ,  0.106085   ,  4.624      ,  2.85078    ,  0.0551688  ])
17955   , -1322.32    , array([ 1.04686    ,  0.106089   ,  4.62391    ,  2.85029    ,  0.0551676  ])
17956   , -39524.3    , array([ 1.04686    ,  1.10609    ,  4.62391    ,  2.85029    ,  0.0551676  ])
17958   , -1322.32    , array([ 1.04686    ,  0.106089   ,  4.62391    ,  2.85029    ,  0.0551676  ])
17960   , -23673.8    , array([ 1.04686    ,  0.488055   ,  4.62391    ,  2.85029    ,  0.0551676  ])
17961   , -13286.4    , array([ 1.04686    ,  0.296892   ,  4.62391    ,  2.85029    ,  0.0551676  ])
17963   , -54825.5    , array([ 1.04686    ,  0.0159194  ,  4.62391    ,  2.85029    ,  0.0551676  ])
17964   , -4880.23    , array([ 1.04686    ,  0.178969   ,  4.62391    ,  2.85029    ,  0.0551676  ])
17965   , -3418.98    , array([ 1.04686    ,  0.0716475  ,  4.62391    ,  2.85029    ,  0.0551676  ])
17966   , -1520.85    , array([ 1.04686    ,  0.118648   ,  4.62391    ,  2.85029    ,  0.0551676  ])
17967   , -1328.41    , array([ 1.04686    ,  0.107524   ,  4.62391    ,  2.85029    ,  0.0551676  ])
17968   , -1321.08    , array([ 1.04686    ,  0.104763   ,  4.62391    ,  2.85029    ,  0.0551676  ])
17969   , -1320.98    , array([ 1.04686    ,  0.105038   ,  4.62391    ,  2.85029    ,  0.0551676  ])
17970   , -1320.98    , array([ 1.04686    ,  0.105048   ,  4.62391    ,  2.85029    ,  0.0551676  ])
17971   , -1320.98    , array([ 1.04686    ,  0.105059   ,  4.62391    ,  2.85029    ,  0.0551676  ])
17972   , -1320.98    , array([ 1.04686    ,  0.105048   ,  4.62391    ,  2.85029    ,  0.0551676  ])
17973   , -1343.78    , array([ 1.04686    ,  0.105048   ,  5.62391    ,  2.85029    ,  0.0551676  ])
17974   , -1452.21    , array([ 1.04686    ,  0.105048   ,  3.00587    ,  2.85029    ,  0.0551676  ])
17975   , -1320.98    , array([ 1.04686    ,  0.105048   ,  4.62391    ,  2.85029    ,  0.0551676  ])
17976   , -1344.29    , array([ 1.04686    ,  0.105048   ,  4.00587    ,  2.85029    ,  0.0551676  ])
17977   , -1321.33    , array([ 1.04686    ,  0.105048   ,  5.00587    ,  2.85029    ,  0.0551676  ])
17978   , -1319.8     , array([ 1.04686    ,  0.105048   ,  4.80305    ,  2.85029    ,  0.0551676  ])
17979   , -1319.8     , array([ 1.04686    ,  0.105048   ,  4.80126    ,  2.85029    ,  0.0551676  ])
17980   , -1319.8     , array([ 1.04686    ,  0.105048   ,  4.79948    ,  2.85029    ,  0.0551676  ])
17981   , -1319.8     , array([ 1.04686    ,  0.105048   ,  4.80126    ,  2.85029    ,  0.0551676  ])
17982   , -1322.8     , array([ 1.06182    ,  0.103612   ,  4.91557    ,  2.97328    ,  0.0551042  ])
17983   , -1320.52    , array([ 1.02266    ,  0.107372   ,  4.6163     ,  2.65129    ,  0.0552701  ])
17984   , -1319.8     , array([ 1.04686    ,  0.105048   ,  4.80126    ,  2.85029    ,  0.0551676  ])
17985   , -1319.24    , array([ 1.03762    ,  0.105936   ,  4.73061    ,  2.77428    ,  0.0552068  ])
17986   , -1319.41    , array([ 1.03191    ,  0.106484   ,  4.68694    ,  2.7273     ,  0.055231   ])
17987   , -1319.24    , array([ 1.03718    ,  0.105978   ,  4.72727    ,  2.77068    ,  0.0552086  ])
17988   , -1319.24    , array([ 1.03709    ,  0.105987   ,  4.72653    ,  2.76989    ,  0.055209   ])
17989   , -1319.24    , array([ 1.03728    ,  0.105968   ,  4.72801    ,  2.77148    ,  0.0552082  ])
17990   , -1319.24    , array([ 1.03718    ,  0.105978   ,  4.72727    ,  2.77068    ,  0.0552086  ])
17991   , -1326.2     , array([ 1.00409    ,  0.100338   ,  4.68695    ,  3.09892    ,  0.0507066  ])
17992   , -1355.1     , array([ 1.09072    ,  0.115103   ,  4.79251    ,  2.23959    ,  0.062493   ])
17993   , -1319.24    , array([ 1.03718    ,  0.105978   ,  4.72727    ,  2.77068    ,  0.0552086  ])
17994   , -1325.8     , array([ 1.05763    ,  0.109463   ,  4.75219    ,  2.56782    ,  0.057991   ])
17995   , -1319.35    , array([ 1.02454    ,  0.103824   ,  4.71187    ,  2.89606    ,  0.053489   ])
17996   , -1318.9     , array([ 1.03131    ,  0.104976   ,  4.72011    ,  2.82898    ,  0.0544091  ])
17997   , -1318.9     , array([ 1.03136    ,  0.104986   ,  4.72018    ,  2.8284     ,  0.0544171  ])
17998   , -1318.9     , array([ 1.03125    ,  0.104966   ,  4.72004    ,  2.82956    ,  0.0544011  ])
17999   , -1316.41    , array([ 1.01451    ,  0.103434   ,  4.82509    ,  2.85637    ,  0.0537739  ])
18000   , -1318.9     , array([ 1.03131    ,  0.104976   ,  4.72011    ,  2.82898    ,  0.0544091  ])
18001   , -1316.41    , array([ 1.01451    ,  0.103434   ,  4.82509    ,  2.85637    ,  0.0537739  ])
18002   , -1314.61    , array([ 0.987343   ,  0.100939   ,  4.99495    ,  2.90069    ,  0.052746   ])
18003   , -1314.59    , array([ 0.983204   ,  0.100559   ,  5.02082    ,  2.90744    ,  0.0525895  ])
18004   , -1314.7     , array([ 0.976509   ,  0.0999436  ,  5.06268    ,  2.91836    ,  0.0523362  ])
18005   , -1314.59    , array([ 0.983204   ,  0.100559   ,  5.02082    ,  2.90744    ,  0.0525895  ])
18006   , -1314.61    , array([ 0.980647   ,  0.100324   ,  5.03681    ,  2.91161    ,  0.0524928  ])
18007   , -1314.59    , array([ 0.984785   ,  0.100704   ,  5.01093    ,  2.90486    ,  0.0526493  ])
18008   , -1314.59    , array([ 0.982723   ,  0.100514   ,  5.02382    ,  2.90822    ,  0.0525713  ])
18009   , -1314.59    , array([ 0.983685   ,  0.100603   ,  5.01781    ,  2.90665    ,  0.0526077  ])
18010   , -1314.59    , array([ 0.984162   ,  0.100646   ,  5.01483    ,  2.90587    ,  0.0526257  ])
18011   , -1314.59    , array([ 0.983685   ,  0.100603   ,  5.01781    ,  2.90665    ,  0.0526077  ])
18012   , -1400.52    , array([ 0.953139   ,  0.0900031  ,  5.23475    ,  4.11       ,  0.0556545  ])
18013   , -1460.23    , array([ 1.03311    ,  0.117753   ,  4.66679    ,  0.959589   ,  0.0476779  ])
18014   , -1314.59    , array([ 0.983685   ,  0.100603   ,  5.01781    ,  2.90665    ,  0.0526077  ])
18015   , -1329.55    , array([ 1.00256    ,  0.107154   ,  4.88373    ,  2.16294    ,  0.0507247  ])
18016   , -1330.77    , array([ 0.972018   ,  0.096554   ,  5.10067    ,  3.36629    ,  0.0537715  ])
18017   , -1313.56    , array([ 0.987571   ,  0.101951   ,  4.99021    ,  2.75359    ,  0.0522202  ])
18018   , -1313.56    , array([ 0.987509   ,  0.10193    ,  4.99065    ,  2.75601    ,  0.0522263  ])
18019   , -1313.56    , array([ 0.987471   ,  0.101916   ,  4.99092    ,  2.75752    ,  0.0522301  ])
18020   , -1313.56    , array([ 0.987509   ,  0.10193    ,  4.99065    ,  2.75601    ,  0.0522263  ])
18021   , -1328.98    , array([ 0.954419   ,  0.0962896  ,  4.95033    ,  3.08424    ,  0.0477243  ])
18022   , -1338.68    , array([ 1.04105    ,  0.111055   ,  5.05589    ,  2.22492    ,  0.0595106  ])
18023   , -1313.56    , array([ 0.987509   ,  0.10193    ,  4.99065    ,  2.75601    ,  0.0522263  ])
18024   , -1315.74    , array([ 1.00796    ,  0.105415   ,  5.01557    ,  2.55315    ,  0.0550087  ])
18025   , -1316.66    , array([ 0.97487    ,  0.0997753  ,  4.97525    ,  2.88138    ,  0.0505067  ])
18026   , -1313.27    , array([ 0.992726   ,  0.102819   ,  4.99701    ,  2.70427    ,  0.052936   ])
18027   , -1313.27    , array([ 0.992778   ,  0.102828   ,  4.99707    ,  2.70375    ,  0.0529431  ])
18028   , -1313.27    , array([ 0.992674   ,  0.10281    ,  4.99694    ,  2.70478    ,  0.0529289  ])
18029   , -1313.27    , array([ 0.992726   ,  0.102819   ,  4.99701    ,  2.70427    ,  0.052936   ])
18030   , -1346.16    , array([ 0.992726   ,  0.102819   ,  5.99701    ,  2.70427    ,  0.052936   ])
18031   , -1411.87    , array([ 0.992726   ,  0.102819   ,  3.37897    ,  2.70427    ,  0.052936   ])
18032   , -1313.27    , array([ 0.992726   ,  0.102819   ,  4.99701    ,  2.70427    ,  0.052936   ])
18033   , -1326.85    , array([ 0.992726   ,  0.102819   ,  4.37897    ,  2.70427    ,  0.052936   ])
18034   , -1318.23    , array([ 0.992726   ,  0.102819   ,  5.37897    ,  2.70427    ,  0.052936   ])
18035   , -1313.27    , array([ 0.992726   ,  0.102819   ,  5.00219    ,  2.70427    ,  0.052936   ])
18036   , -1313.27    , array([ 0.992726   ,  0.102819   ,  4.99602    ,  2.70427    ,  0.052936   ])
18037   , -1313.27    , array([ 0.992726   ,  0.102819   ,  4.99609    ,  2.70427    ,  0.052936   ])
18038   , -1313.27    , array([ 0.992726   ,  0.102819   ,  4.9961     ,  2.70427    ,  0.052936   ])
18039   , -1313.27    , array([ 0.992726   ,  0.102819   ,  4.99608    ,  2.70427    ,  0.052936   ])
18040   , -1313.27    , array([ 0.992726   ,  0.102819   ,  4.99609    ,  2.70427    ,  0.052936   ])
18041   , -1314.62    , array([ 1.00768    ,  0.101383   ,  5.1104     ,  2.82726    ,  0.0528726  ])
18042   , -1316.99    , array([ 0.96853    ,  0.105142   ,  4.81113    ,  2.50526    ,  0.0530385  ])
18043   , -1313.27    , array([ 0.992726   ,  0.102819   ,  4.99609    ,  2.70427    ,  0.052936   ])
18044   , -1313.81    , array([ 0.983484   ,  0.103706   ,  4.92544    ,  2.62825    ,  0.0529752  ])
18045   , -1313.47    , array([ 0.998438   ,  0.10227    ,  5.03975    ,  2.75124    ,  0.0529118  ])
18046   , -1313.27    , array([ 0.992788   ,  0.102813   ,  4.99657    ,  2.70478    ,  0.0529357  ])
18047   , -1313.27    , array([ 0.992763   ,  0.102815   ,  4.99637    ,  2.70457    ,  0.0529358  ])
18048   , -1313.27    , array([ 0.992762   ,  0.102815   ,  4.99637    ,  2.70457    ,  0.0529358  ])
18049   , -1313.27    , array([ 0.992763   ,  0.102815   ,  4.99637    ,  2.70457    ,  0.0529358  ])
18050   , -1313.27    , array([ 0.992763   ,  0.102815   ,  4.99637    ,  2.70457    ,  0.0529358  ])
18051   , -1315.43    , array([ 0.945143   ,  0.0984418  ,  5.29407    ,  2.78224    ,  0.0511345  ])
18052   , -1327.07    , array([ 1.06981    ,  0.109892   ,  4.51468    ,  2.57889    ,  0.0558505  ])
18053   , -1313.27    , array([ 0.992763   ,  0.102815   ,  4.99637    ,  2.70457    ,  0.0529358  ])
18054   , -1316.15    , array([ 1.02219    ,  0.105518   ,  4.81238    ,  2.65656    ,  0.0540491  ])
18055   , -1313.06    , array([ 0.974574   ,  0.101145   ,  5.11008    ,  2.73424    ,  0.0522478  ])
18056   , -1312.99    , array([ 0.980518   ,  0.101691   ,  5.07292    ,  2.72454    ,  0.0524727  ])
18057   , -1312.99    , array([ 0.980641   ,  0.101702   ,  5.07215    ,  2.72434    ,  0.0524773  ])
18058   , -1312.99    , array([ 0.980762   ,  0.101713   ,  5.07139    ,  2.72414    ,  0.0524819  ])
18059   , -1316.47    , array([ 0.929977   ,  0.0984277  ,  5.4242     ,  2.61971    ,  0.0505455  ])
18060   , -1312.99    , array([ 0.980641   ,  0.101702   ,  5.07215    ,  2.72434    ,  0.0524773  ])
18061   , -1390.88    , array([ 0.950094   ,  0.0911023  ,  5.28909    ,  3.92769    ,  0.0555241  ])
18062   , -1469.87    , array([ 1.03007    ,  0.118852   ,  4.72113    ,  0.777279   ,  0.0475475  ])
18063   , -1312.99    , array([ 0.980641   ,  0.101702   ,  5.07215    ,  2.72434    ,  0.0524773  ])
18064   , -1332.29    , array([ 0.99952    ,  0.108253   ,  4.93808    ,  1.98063    ,  0.0505943  ])
18065   , -1326.32    , array([ 0.968973   ,  0.0976532  ,  5.15502    ,  3.18398    ,  0.0536411  ])
18066   , -1312.66    , array([ 0.982867   ,  0.102474   ,  5.05634    ,  2.63664    ,  0.0522552  ])
18067   , -1312.66    , array([ 0.982787   ,  0.102446   ,  5.05691    ,  2.63982    ,  0.0522633  ])
18068   , -1312.66    , array([ 0.982808   ,  0.102454   ,  5.05676    ,  2.63897    ,  0.0522611  ])
18069   , -1312.66    , array([ 0.98283    ,  0.102461   ,  5.05661    ,  2.63812    ,  0.052259   ])
18070   , -1312.66    , array([ 0.982808   ,  0.102454   ,  5.05676    ,  2.63897    ,  0.0522611  ])
18071   , -1327.3     , array([ 0.949718   ,  0.0968139  ,  5.01644    ,  2.9672     ,  0.0477592  ])
18072   , -1342.09    , array([ 1.03635    ,  0.11158    ,  5.122      ,  2.10788    ,  0.0595455  ])
18073   , -1312.66    , array([ 0.982808   ,  0.102454   ,  5.05676    ,  2.63897    ,  0.0522611  ])
18074   , -1316.02    , array([ 1.00326    ,  0.10594    ,  5.08168    ,  2.43611    ,  0.0550435  ])
18075   , -1315.31    , array([ 0.970169   ,  0.1003     ,  5.04136    ,  2.76434    ,  0.0505415  ])
18076   , -1312.56    , array([ 0.985763   ,  0.102958   ,  5.06036    ,  2.60966    ,  0.0526632  ])
18077   , -1312.56    , array([ 0.985793   ,  0.102963   ,  5.0604     ,  2.60937    ,  0.0526672  ])
18078   , -1312.56    , array([ 0.985822   ,  0.102968   ,  5.06043    ,  2.60907    ,  0.0526712  ])
18079   , -1312.56    , array([ 0.985793   ,  0.102963   ,  5.0604     ,  2.60937    ,  0.0526672  ])
18080   , -1346.51    , array([ 0.985793   ,  0.102963   ,  6.0604     ,  2.60937    ,  0.0526672  ])
18081   , -1407.82    , array([ 0.985793   ,  0.102963   ,  3.44236    ,  2.60937    ,  0.0526672  ])
18082   , -1312.56    , array([ 0.985793   ,  0.102963   ,  5.0604     ,  2.60937    ,  0.0526672  ])
18083   , -1325.14    , array([ 0.985793   ,  0.102963   ,  4.44236    ,  2.60937    ,  0.0526672  ])
18084   , -1318       , array([ 0.985793   ,  0.102963   ,  5.44236    ,  2.60937    ,  0.0526672  ])
18085   , -1312.55    , array([ 0.985793   ,  0.102963   ,  5.04558    ,  2.60937    ,  0.0526672  ])
18086   , -1312.55    , array([ 0.985793   ,  0.102963   ,  5.03903    ,  2.60937    ,  0.0526672  ])
18087   , -1312.55    , array([ 0.985793   ,  0.102963   ,  5.03931    ,  2.60937    ,  0.0526672  ])
18088   , -1312.55    , array([ 0.985793   ,  0.102963   ,  5.03952    ,  2.60937    ,  0.0526672  ])
18089   , -1312.55    , array([ 0.985793   ,  0.102963   ,  5.03931    ,  2.60937    ,  0.0526672  ])
18090   , -1313.6     , array([ 1.00075    ,  0.101527   ,  5.15362    ,  2.73236    ,  0.0526038  ])
18091   , -1316.84    , array([ 0.961596   ,  0.105286   ,  4.85435    ,  2.41036    ,  0.0527697  ])
18092   , -1312.55    , array([ 0.985793   ,  0.102963   ,  5.03931    ,  2.60937    ,  0.0526672  ])
18093   , -1313.29    , array([ 0.97655    ,  0.10385    ,  4.96866    ,  2.53335    ,  0.0527063  ])
18094   , -1312.63    , array([ 0.991505   ,  0.102414   ,  5.08298    ,  2.65634    ,  0.052643   ])
18095   , -1312.53    , array([ 0.987562   ,  0.102793   ,  5.05284    ,  2.62392    ,  0.0526597  ])
18096   , -1312.53    , array([ 0.987544   ,  0.102794   ,  5.0527     ,  2.62377    ,  0.0526598  ])
18097   , -1312.53    , array([ 0.987527   ,  0.102796   ,  5.05257    ,  2.62363    ,  0.0526598  ])
18098   , -1312.53    , array([ 0.987544   ,  0.102794   ,  5.0527     ,  2.62377    ,  0.0526598  ])
18099   , -1315.64    , array([ 0.939925   ,  0.0984209  ,  5.35041    ,  2.70145    ,  0.0508584  ])
18100   , -1324.6     , array([ 1.06459    ,  0.109871   ,  4.57101    ,  2.4981     ,  0.0555744  ])
18101   , -1312.53    , array([ 0.987544   ,  0.102794   ,  5.0527     ,  2.62377    ,  0.0526598  ])
18102   , -1314.77    , array([ 1.01698    ,  0.105497   ,  4.86871    ,  2.57577    ,  0.0537731  ])
18103   , -1312.7     , array([ 0.969355   ,  0.101124   ,  5.16642    ,  2.65344    ,  0.0519717  ])
18104   , -1312.45    , array([ 0.980995   ,  0.102193   ,  5.09365    ,  2.63446    ,  0.052412   ])
18105   , -1312.45    , array([ 0.980926   ,  0.102187   ,  5.09408    ,  2.63457    ,  0.0524094  ])
18106   , -1312.45    , array([ 0.98086    ,  0.10218    ,  5.09449    ,  2.63468    ,  0.0524069  ])
18107   , -1312.11    , array([ 0.981212   ,  0.102671   ,  5.116      ,  2.5448     ,  0.0523415  ])
18108   , -1312.45    , array([ 0.980926   ,  0.102187   ,  5.09408    ,  2.63457    ,  0.0524094  ])
18109   , -1312.11    , array([ 0.981212   ,  0.102671   ,  5.116      ,  2.5448     ,  0.0523415  ])
18110   , -1312.02    , array([ 0.981674   ,  0.103455   ,  5.15147    ,  2.39954    ,  0.0522317  ])
18111   , -1311.99    , array([ 0.981515   ,  0.103186   ,  5.13928    ,  2.44948    ,  0.0522695  ])
18112   , -1311.99    , array([ 0.981515   ,  0.103186   ,  5.13928    ,  2.44948    ,  0.0522695  ])
18113   , -1312.01    , array([ 0.981399   ,  0.102989   ,  5.13039    ,  2.48589    ,  0.052297   ])
18114   , -1311.99    , array([ 0.981576   ,  0.103289   ,  5.14394    ,  2.43041    ,  0.052255   ])
18115   , -1311.99    , array([ 0.981509   ,  0.103176   ,  5.13883    ,  2.45134    ,  0.0522709  ])
18116   , -1311.99    , array([ 0.981521   ,  0.103196   ,  5.13973    ,  2.44763    ,  0.0522681  ])
18117   , -1311.99    , array([ 0.981515   ,  0.103186   ,  5.13928    ,  2.44948    ,  0.0522695  ])
18118   , -1316.09    , array([ 0.933896   ,  0.0988123  ,  5.43698    ,  2.52716    ,  0.0504681  ])
18119   , -1321.91    , array([ 1.05857    ,  0.110262   ,  4.65759    ,  2.32381    ,  0.0551841  ])
18120   , -1311.99    , array([ 0.981515   ,  0.103186   ,  5.13928    ,  2.44948    ,  0.0522695  ])
18121   , -1313.48    , array([ 1.01095    ,  0.105889   ,  4.95529    ,  2.40148    ,  0.0533828  ])
18122   , -1312.57    , array([ 0.963326   ,  0.101515   ,  5.25299    ,  2.47915    ,  0.0515814  ])
18123   , -1311.99    , array([ 0.981618   ,  0.103195   ,  5.13864    ,  2.44932    ,  0.0522733  ])
18124   , -1311.99    , array([ 0.981429   ,  0.103178   ,  5.13982    ,  2.44963    ,  0.0522662  ])
18125   , -1311.99    , array([ 0.981427   ,  0.103178   ,  5.13983    ,  2.44963    ,  0.0522661  ])
18126   , -1311.99    , array([ 0.981428   ,  0.103178   ,  5.13982    ,  2.44963    ,  0.0522662  ])
18127   , -1311.99    , array([ 0.981426   ,  0.103178   ,  5.13983    ,  2.44963    ,  0.0522661  ])
18128   , -1311.99    , array([ 0.981427   ,  0.103178   ,  5.13983    ,  2.44963    ,  0.0522661  ])
18129   , -1323.93    , array([ 0.948337   ,  0.0975377  ,  5.09951    ,  2.77786    ,  0.0477642  ])
18130   , -1351.13    , array([ 1.03497    ,  0.112303   ,  5.20507    ,  1.91853    ,  0.0595505  ])
18131   , -1311.99    , array([ 0.981427   ,  0.103178   ,  5.13983    ,  2.44963    ,  0.0522661  ])
18132   , -1318.22    , array([ 1.00188    ,  0.106663   ,  5.16475    ,  2.24677    ,  0.0550485  ])
18133   , -1313.33    , array([ 0.968788   ,  0.101023   ,  5.12443    ,  2.575      ,  0.0505465  ])
18134   , -1311.94    , array([ 0.979368   ,  0.102827   ,  5.13732    ,  2.47005    ,  0.051986   ])
18135   , -1311.94    , array([ 0.979389   ,  0.10283    ,  5.13734    ,  2.46985    ,  0.0519888  ])
18136   , -1311.94    , array([ 0.979409   ,  0.102834   ,  5.13737    ,  2.46965    ,  0.0519916  ])
18137   , -1311.94    , array([ 0.979389   ,  0.10283    ,  5.13734    ,  2.46985    ,  0.0519888  ])
18138   , -1347.16    , array([ 0.979389   ,  0.10283    ,  6.13734    ,  2.46985    ,  0.0519888  ])
18139   , -1401.78    , array([ 0.979389   ,  0.10283    ,  3.51931    ,  2.46985    ,  0.0519888  ])
18140   , -1311.94    , array([ 0.979389   ,  0.10283    ,  5.13734    ,  2.46985    ,  0.0519888  ])
18141   , -1323.01    , array([ 0.979389   ,  0.10283    ,  4.51931    ,  2.46985    ,  0.0519888  ])
18142   , -1318.02    , array([ 0.979389   ,  0.10283    ,  5.51931    ,  2.46985    ,  0.0519888  ])
18143   , -1311.85    , array([ 0.979389   ,  0.10283    ,  5.09311    ,  2.46985    ,  0.0519888  ])
18144   , -1311.85    , array([ 0.979389   ,  0.10283    ,  5.08611    ,  2.46985    ,  0.0519888  ])
18145   , -1311.85    , array([ 0.979389   ,  0.10283    ,  5.08673    ,  2.46985    ,  0.0519888  ])
18146   , -1311.85    , array([ 0.979389   ,  0.10283    ,  5.08724    ,  2.46985    ,  0.0519888  ])
18147   , -1311.85    , array([ 0.979389   ,  0.10283    ,  5.08673    ,  2.46985    ,  0.0519888  ])
18148   , -1312.51    , array([ 0.994343   ,  0.101394   ,  5.20105    ,  2.59284    ,  0.0519254  ])
18149   , -1316.85    , array([ 0.955192   ,  0.105154   ,  4.90177    ,  2.27084    ,  0.0520913  ])
18150   , -1311.85    , array([ 0.979389   ,  0.10283    ,  5.08673    ,  2.46985    ,  0.0519888  ])
18151   , -1312.86    , array([ 0.970147   ,  0.103718   ,  5.01609    ,  2.39384    ,  0.052028   ])
18152   , -1311.77    , array([ 0.985101   ,  0.102282   ,  5.1304     ,  2.51683    ,  0.0519646  ])
18153   , -1311.75    , array([ 0.983322   ,  0.102452   ,  5.1168     ,  2.5022     ,  0.0519721  ])
18154   , -1311.75    , array([ 0.983362   ,  0.102449   ,  5.1171     ,  2.50252    ,  0.051972   ])
18155   , -1311.75    , array([ 0.983283   ,  0.102456   ,  5.1165     ,  2.50188    ,  0.0519723  ])
18156   , -1311.75    , array([ 0.983322   ,  0.102452   ,  5.1168     ,  2.5022     ,  0.0519721  ])
18157   , -1312       , array([ 0.983911   ,  0.103452   ,  5.162      ,  2.31711    ,  0.0518322  ])
18158   , -1313.27    , array([ 0.98237    ,  0.100836   ,  5.04366    ,  2.80167    ,  0.0521986  ])
18159   , -1311.75    , array([ 0.983322   ,  0.102452   ,  5.1168     ,  2.5022     ,  0.0519721  ])
18160   , -1312.06    , array([ 0.982958   ,  0.101835   ,  5.08887    ,  2.61659    ,  0.0520586  ])
18161   , -1311.74    , array([ 0.983547   ,  0.102834   ,  5.13407    ,  2.4315     ,  0.0519187  ])
18162   , -1311.73    , array([ 0.983461   ,  0.102689   ,  5.12748    ,  2.45845    ,  0.0519391  ])
18163   , -1311.73    , array([ 0.98346    ,  0.102686   ,  5.12738    ,  2.45889    ,  0.0519394  ])
18164   , -1311.73    , array([ 0.983463   ,  0.102691   ,  5.12759    ,  2.45802    ,  0.0519387  ])
18165   , -1311.98    , array([ 0.985996   ,  0.103191   ,  5.16089    ,  2.28234    ,  0.0514687  ])
18166   , -1311.73    , array([ 0.983461   ,  0.102689   ,  5.12748    ,  2.45845    ,  0.0519391  ])
18167   , -1315.94    , array([ 0.935842   ,  0.0983152  ,  5.42519    ,  2.53613    ,  0.0501377  ])
18168   , -1321.49    , array([ 1.06051    ,  0.109765   ,  4.64579    ,  2.33277    ,  0.0548537  ])
18169   , -1311.73    , array([ 0.983461   ,  0.102689   ,  5.12748    ,  2.45845    ,  0.0519391  ])
18170   , -1313.16    , array([ 1.01289    ,  0.105392   ,  4.94349    ,  2.41045    ,  0.0530524  ])
18171   , -1312.35    , array([ 0.965272   ,  0.101018   ,  5.2412     ,  2.48812    ,  0.051251   ])
18172   , -1311.73    , array([ 0.984208   ,  0.102757   ,  5.12281    ,  2.45723    ,  0.0519673  ])
18173   , -1311.73    , array([ 0.98401    ,  0.102739   ,  5.12405    ,  2.45756    ,  0.0519598  ])
18174   , -1311.73    , array([ 0.984016   ,  0.10274    ,  5.12402    ,  2.45755    ,  0.05196    ])
18175   , -1311.73    , array([ 0.984005   ,  0.102739   ,  5.12409    ,  2.45757    ,  0.0519596  ])
18176   , -1311.73    , array([ 0.98401    ,  0.102739   ,  5.12405    ,  2.45756    ,  0.0519598  ])
18177   , -1323.98    , array([ 0.95092    ,  0.0970991  ,  5.08373    ,  2.78579    ,  0.0474578  ])
18178   , -1350.62    , array([ 1.03755    ,  0.111865   ,  5.18929    ,  1.92646    ,  0.0592442  ])
18179   , -1311.73    , array([ 0.98401    ,  0.102739   ,  5.12405    ,  2.45756    ,  0.0519598  ])
18180   , -1317.85    , array([ 1.00446    ,  0.106225   ,  5.14897    ,  2.2547     ,  0.0547422  ])
18181   , -1313.15    , array([ 0.971371   ,  0.100585   ,  5.10865    ,  2.58293    ,  0.0502402  ])
18182   , -1311.69    , array([ 0.982219   ,  0.102434   ,  5.12187    ,  2.47533    ,  0.0517161  ])
18183   , -1311.69    , array([ 0.982236   ,  0.102437   ,  5.12189    ,  2.47515    ,  0.0517185  ])
18184   , -1311.69    , array([ 0.982201   ,  0.102431   ,  5.12185    ,  2.47551    ,  0.0517136  ])
18185   , -1311.69    , array([ 0.982219   ,  0.102434   ,  5.12187    ,  2.47533    ,  0.0517161  ])
18186   , -1346.44    , array([ 0.982219   ,  0.102434   ,  6.12187    ,  2.47533    ,  0.0517161  ])
18187   , -1401.33    , array([ 0.982219   ,  0.102434   ,  3.50384    ,  2.47533    ,  0.0517161  ])
18188   , -1311.69    , array([ 0.982219   ,  0.102434   ,  5.12187    ,  2.47533    ,  0.0517161  ])
18189   , -1322.84    , array([ 0.982219   ,  0.102434   ,  4.50384    ,  2.47533    ,  0.0517161  ])
18190   , -1317.63    , array([ 0.982219   ,  0.102434   ,  5.50384    ,  2.47533    ,  0.0517161  ])
18191   , -1311.62    , array([ 0.982219   ,  0.102434   ,  5.08131    ,  2.47533    ,  0.0517161  ])
18192   , -1311.62    , array([ 0.982219   ,  0.102434   ,  5.07439    ,  2.47533    ,  0.0517161  ])
18193   , -1311.62    , array([ 0.982219   ,  0.102434   ,  5.07496    ,  2.47533    ,  0.0517161  ])
18194   , -1311.62    , array([ 0.982219   ,  0.102434   ,  5.07543    ,  2.47533    ,  0.0517161  ])
18195   , -1311.62    , array([ 0.982219   ,  0.102434   ,  5.07496    ,  2.47533    ,  0.0517161  ])
18196   , -1312.37    , array([ 0.997173   ,  0.100998   ,  5.18927    ,  2.59832    ,  0.0516527  ])
18197   , -1316.4     , array([ 0.958022   ,  0.104757   ,  4.89       ,  2.27632    ,  0.0518186  ])
18198   , -1311.62    , array([ 0.982219   ,  0.102434   ,  5.07496    ,  2.47533    ,  0.0517161  ])
18199   , -1312.55    , array([ 0.972976   ,  0.103321   ,  5.00431    ,  2.39932    ,  0.0517552  ])
18200   , -1311.58    , array([ 0.987931   ,  0.101885   ,  5.11862    ,  2.52231    ,  0.0516919  ])
18201   , -1311.54    , array([ 0.985578   ,  0.102111   ,  5.10064    ,  2.50296    ,  0.0517018  ])
18202   , -1311.54    , array([ 0.985611   ,  0.102108   ,  5.1009     ,  2.50323    ,  0.0517017  ])
18203   , -1311.54    , array([ 0.985544   ,  0.102114   ,  5.10038    ,  2.50268    ,  0.051702   ])
18204   , -1311.54    , array([ 0.985578   ,  0.102111   ,  5.10064    ,  2.50296    ,  0.0517018  ])
18205   , -1311.82    , array([ 0.986167   ,  0.10311    ,  5.14584    ,  2.31787    ,  0.0515619  ])
18206   , -1313.02    , array([ 0.984625   ,  0.100494   ,  5.0275     ,  2.80243    ,  0.0519283  ])
18207   , -1311.54    , array([ 0.985578   ,  0.102111   ,  5.10064    ,  2.50296    ,  0.0517018  ])
18208   , -1311.84    , array([ 0.985214   ,  0.101494   ,  5.0727     ,  2.61735    ,  0.0517883  ])
18209   , -1311.54    , array([ 0.985803   ,  0.102493   ,  5.11791    ,  2.43226    ,  0.0516484  ])
18210   , -1311.52    , array([ 0.985701   ,  0.10232    ,  5.11009    ,  2.46427    ,  0.0516726  ])
18211   , -1311.52    , array([ 0.9857     ,  0.102318   ,  5.10999    ,  2.46466    ,  0.0516729  ])
18212   , -1311.52    , array([ 0.985702   ,  0.102322   ,  5.11018    ,  2.46388    ,  0.0516723  ])
18213   , -1311.35    , array([ 0.98794    ,  0.101951   ,  5.09269    ,  2.47009    ,  0.0514061  ])
18214   , -1311.52    , array([ 0.985701   ,  0.10232    ,  5.11009    ,  2.46427    ,  0.0516726  ])
18215   , -1311.35    , array([ 0.98794    ,  0.101951   ,  5.09269    ,  2.47009    ,  0.0514061  ])
18216   , -1311.13    , array([ 0.991564   ,  0.101355   ,  5.06454    ,  2.4795     ,  0.050975   ])
18217   , -1310.93    , array([ 0.999729   ,  0.10001    ,  5.00112    ,  2.50071    ,  0.0500034  ])
18218   , -1311.44    , array([ 1.01294    ,  0.0978354  ,  4.89849    ,  2.53504    ,  0.0484315  ])
18219   , -1310.93    , array([ 0.999729   ,  0.10001    ,  5.00112    ,  2.50071    ,  0.0500034  ])
18220   , -1311       , array([ 1.00478    ,  0.0991797  ,  4.96192    ,  2.51382    ,  0.049403   ])
18221   , -1310.96    , array([ 0.996611   ,  0.100524   ,  5.02534    ,  2.49261    ,  0.0503745  ])
18222   , -1310.93    , array([ 0.99987    ,  0.0999874  ,  5.00003    ,  2.50108    ,  0.0499867  ])
18223   , -1310.93    , array([ 1.00001    ,  0.099964   ,  4.99893    ,  2.50145    ,  0.0499699  ])
18224   , -1310.93    , array([ 0.99987    ,  0.0999874  ,  5.00003    ,  2.50108    ,  0.0499867  ])
18225   , -1315.05    , array([ 0.95225    ,  0.095614   ,  5.29773    ,  2.57875    ,  0.0481854  ])
18226   , -1320.89    , array([ 1.07692    ,  0.107064   ,  4.51834    ,  2.3754     ,  0.0529014  ])
18227   , -1310.93    , array([ 0.99987    ,  0.0999874  ,  5.00003    ,  2.50108    ,  0.0499867  ])
18228   , -1312.43    , array([ 1.0293     ,  0.10269    ,  4.81604    ,  2.45307    ,  0.0511     ])
18229   , -1311.52    , array([ 0.981681   ,  0.0983169  ,  5.11374    ,  2.53075    ,  0.0492987  ])
18230   , -1310.93    , array([ 1          ,  0.0999998  ,  4.99918    ,  2.50086    ,  0.0499918  ])
18231   , -1310.93    , array([ 0.999819   ,  0.0999827  ,  5.00034    ,  2.50116    ,  0.0499848  ])
18232   , -1310.93    , array([ 0.999818   ,  0.0999826  ,  5.00035    ,  2.50116    ,  0.0499848  ])
18233   , -1310.93    , array([ 0.999817   ,  0.0999825  ,  5.00036    ,  2.50116    ,  0.0499848  ])
18234   , -1310.93    , array([ 0.999818   ,  0.0999826  ,  5.00035    ,  2.50116    ,  0.0499848  ])
18235   , -1310.93    , array([ 0.999818   ,  0.0999826  ,  5.00035    ,  2.50116    ,  0.0499848  ])
18236   , -1325.59    , array([ 0.966727   ,  0.0943426  ,  4.96003    ,  2.8294     ,  0.0454828  ])
18237   , -1348.26    , array([ 1.05336    ,  0.109108   ,  5.06559    ,  1.97007    ,  0.0572691  ])
18238   , -1310.93    , array([ 0.999818   ,  0.0999826  ,  5.00035    ,  2.50116    ,  0.0499848  ])
18239   , -1316.27    , array([ 1.02027    ,  0.103468   ,  5.02527    ,  2.2983     ,  0.0527672  ])
18240   , -1313.06    , array([ 0.987178   ,  0.0978283  ,  4.98495    ,  2.62654    ,  0.0482652  ])
18241   , -1310.93    , array([ 0.999992   ,  0.100012   ,  5.00057    ,  2.49943    ,  0.0500085  ])
18242   , -1310.93    , array([ 0.999959   ,  0.100007   ,  5.00052    ,  2.49977    ,  0.0500039  ])
18243   , -1310.93    , array([ 0.99996    ,  0.100007   ,  5.00053    ,  2.49975    ,  0.0500041  ])
18244   , -1310.93    , array([ 0.999957   ,  0.100006   ,  5.00052    ,  2.49978    ,  0.0500037  ])
18245   , -1310.93    , array([ 0.999959   ,  0.100007   ,  5.00052    ,  2.49977    ,  0.0500039  ])
18246   , -1311.39    , array([ 1.00055    ,  0.101006   ,  5.04573    ,  2.31468    ,  0.049864   ])
18247   , -1312.08    , array([ 0.999006   ,  0.0983899  ,  4.92739    ,  2.79924    ,  0.0502304  ])
18248   , -1310.93    , array([ 0.999959   ,  0.100007   ,  5.00052    ,  2.49977    ,  0.0500039  ])
18249   , -1311.1     , array([ 0.999595   ,  0.0993891  ,  4.97259    ,  2.61416    ,  0.0500904  ])
18250   , -1311       , array([ 1.00018    ,  0.100388   ,  5.01779    ,  2.42907    ,  0.0499505  ])
18251   , -1310.93    , array([ 0.999957   ,  0.100004   ,  5.00039    ,  2.50032    ,  0.0500044  ])
18252   , -1310.93    , array([ 0.999958   ,  0.100005   ,  5.00047    ,  2.49999    ,  0.0500041  ])
18253   , -1310.93    , array([ 0.999958   ,  0.100005   ,  5.00047    ,  2.49999    ,  0.0500041  ])
18254   , -1310.93    , array([ 0.999958   ,  0.100005   ,  5.00047    ,  2.5        ,  0.0500041  ])
18255   , -1310.93    , array([ 0.999958   ,  0.100005   ,  5.00047    ,  2.49999    ,  0.0500041  ])
18256   , -1312.27    , array([ 1.01491    ,  0.0985693  ,  5.11478    ,  2.62298    ,  0.0499407  ])
18257   , -1314.54    , array([ 0.975762   ,  0.102329   ,  4.81551    ,  2.30099    ,  0.0501066  ])
18258   , -1310.93    , array([ 0.999958   ,  0.100005   ,  5.00047    ,  2.49999    ,  0.0500041  ])
18259   , -1311.45    , array([ 0.990716   ,  0.100893   ,  4.92982    ,  2.42398    ,  0.0500433  ])
18260   , -1311.13    , array([ 1.00567    ,  0.0994569  ,  5.04413    ,  2.54697    ,  0.0499799  ])
18261   , -1310.93    , array([ 0.99997    ,  0.100004   ,  5.00056    ,  2.50009    ,  0.0500041  ])
18262   , -1310.93    , array([ 0.999951   ,  0.100006   ,  5.00042    ,  2.49994    ,  0.0500041  ])
18263   , -1310.93    , array([ 0.999952   ,  0.100006   ,  5.00042    ,  2.49994    ,  0.0500041  ])
18264   , -1310.93    , array([ 0.999952   ,  0.100006   ,  5.00042    ,  2.49994    ,  0.0500041  ])
18265   , -1310.93    , array([ 0.999952   ,  0.100006   ,  5.00042    ,  2.49994    ,  0.0500041  ])
18266   , -1311.52    , array([ 1.01412    ,  0.0976734  ,  4.89036    ,  2.53675    ,  0.0483183  ])
18267   , -1312.51    , array([ 0.977026   ,  0.10378    ,  5.1785     ,  2.44038    ,  0.0527319  ])
18268   , -1310.93    , array([ 0.999952   ,  0.100006   ,  5.00042    ,  2.49994    ,  0.0500041  ])
18269   , -1311.16    , array([ 0.991195   ,  0.101448   ,  5.06844    ,  2.47719    ,  0.051046   ])
18270   , -1311.02    , array([ 1.00536    ,  0.099115   ,  4.95838    ,  2.514      ,  0.0493602  ])
18271   , -1310.93    , array([ 0.999999   ,  0.0999981  ,  5.00005    ,  2.50007    ,  0.0499985  ])
18272   , -1310.93    , array([ 0.999992   ,  0.0999993  ,  5.0001     ,  2.50005    ,  0.0499993  ])
18273   , -1310.93    , array([ 0.999992   ,  0.0999993  ,  5.00011    ,  2.50005    ,  0.0499993  ])
18274   , -1310.93    , array([ 0.999993   ,  0.0999992  ,  5.0001     ,  2.50005    ,  0.0499992  ])
