30568   , -7768.81    , array([ 4.03025    ,  6.75045    ,  4.22604    ,  3.05931    ])
30569   , -7767.08    , array([ 4.03428    ,  6.75045    ,  4.22604    ,  3.05931    ])
30570   , -7778.07    , array([ 4.03025    ,  6.7572     ,  4.22604    ,  3.05931    ])
30571   , -7764.9     , array([ 4.03025    ,  6.75045    ,  4.23027    ,  3.05931    ])
30572   , -7766.56    , array([ 4.03025    ,  6.75045    ,  4.22604    ,  3.06237    ])
30573   , -7768.81    , array([ 4.03025    ,  6.75045    ,  4.22604    ,  3.05931    ])
30580   , -7768.63    , array([ 4.03026    ,  6.75034    ,  4.22607    ,  3.05932    ])
30581   , -7768.63    , array([ 4.03026    ,  6.75034    ,  4.22607    ,  3.05932    ])
30582   , -7766.9     , array([ 4.03429    ,  6.75034    ,  4.22607    ,  3.05932    ])
30583   , -7777.88    , array([ 4.03026    ,  6.7571     ,  4.22607    ,  3.05932    ])
30584   , -7764.71    , array([ 4.03026    ,  6.75034    ,  4.2303     ,  3.05932    ])
30585   , -7766.38    , array([ 4.03026    ,  6.75034    ,  4.22607    ,  3.06238    ])
30592   , -7768.55    , array([ 4.03027    ,  6.7503     ,  4.22608    ,  3.05933    ])
30593   , -7768.55    , array([ 4.03027    ,  6.7503     ,  4.22608    ,  3.05933    ])
30594   , -7766.82    , array([ 4.0343     ,  6.7503     ,  4.22608    ,  3.05933    ])
30595   , -7777.8     , array([ 4.03027    ,  6.75705    ,  4.22608    ,  3.05933    ])
30596   , -7764.63    , array([ 4.03027    ,  6.7503     ,  4.23031    ,  3.05933    ])
30597   , -7766.3     , array([ 4.03027    ,  6.7503     ,  4.22608    ,  3.06239    ])
30598   , -3981.71    , array([ 4.33521    ,  4.57099    ,  4.98453    ,  3.36369    ])
30599   , -3981.71    , array([ 4.33521    ,  4.57099    ,  4.98453    ,  3.36369    ])
30600   , -3979.97    , array([ 4.33955    ,  4.57099    ,  4.98453    ,  3.36369    ])
30601   , -3987.56    , array([ 4.33521    ,  4.57556    ,  4.98453    ,  3.36369    ])
30602   , -3979.64    , array([ 4.33521    ,  4.57099    ,  4.98952    ,  3.36369    ])
30603   , -3980.26    , array([ 4.33521    ,  4.57099    ,  4.98453    ,  3.36706    ])
30610   , -3981.62    , array([ 4.3354     ,  4.57094    ,  4.98443    ,  3.36371    ])
30611   , -3981.62    , array([ 4.3354     ,  4.57094    ,  4.98443    ,  3.36371    ])
30612   , -3979.88    , array([ 4.33973    ,  4.57094    ,  4.98443    ,  3.36371    ])
30613   , -3987.46    , array([ 4.3354     ,  4.57552    ,  4.98443    ,  3.36371    ])
30614   , -3979.54    , array([ 4.3354     ,  4.57094    ,  4.98942    ,  3.36371    ])
30615   , -3980.16    , array([ 4.3354     ,  4.57094    ,  4.98443    ,  3.36707    ])
30616   , -3976.1     , array([ 4.34588    ,  4.5683     ,  4.9786     ,  3.36456    ])
30617   , -3976.1     , array([ 4.34588    ,  4.5683     ,  4.9786     ,  3.36456    ])
30618   , -3974.37    , array([ 4.35023    ,  4.5683     ,  4.9786     ,  3.36456    ])
30619   , -3981.94    , array([ 4.34588    ,  4.57287    ,  4.9786     ,  3.36456    ])
30620   , -3974.02    , array([ 4.34588    ,  4.5683     ,  4.98358    ,  3.36456    ])
30621   , -3974.65    , array([ 4.34588    ,  4.5683     ,  4.9786     ,  3.36793    ])
30622   , -2584.17    , array([ 23.1166    ,  3.06086    ,  2.21635    ,  4.0138     ])
30623   , -2584.17    , array([ 23.1166    ,  3.06086    ,  2.21635    ,  4.0138     ])
30624   , -2584.07    , array([ 23.1398    ,  3.06086    ,  2.21635    ,  4.0138     ])
30625   , -2587.45    , array([ 23.1166    ,  3.06393    ,  2.21635    ,  4.0138     ])
30626   , -2582.72    , array([ 23.1166    ,  3.06086    ,  2.21857    ,  4.0138     ])
30627   , -2583.24    , array([ 23.1166    ,  3.06086    ,  2.21635    ,  4.01781    ])
30634   , -2584.16    , array([ 23.1163    ,  3.06083    ,  2.21628    ,  4.01391    ])
30635   , -2584.16    , array([ 23.1163    ,  3.06083    ,  2.21628    ,  4.01391    ])
30636   , -2584.06    , array([ 23.1395    ,  3.06083    ,  2.21628    ,  4.01391    ])
30637   , -2587.44    , array([ 23.1163    ,  3.0639     ,  2.21628    ,  4.01391    ])
30638   , -2582.71    , array([ 23.1163    ,  3.06083    ,  2.2185     ,  4.01391    ])
30639   , -2583.23    , array([ 23.1163    ,  3.06083    ,  2.21628    ,  4.01793    ])
30640   , -2583.94    , array([ 23.1116    ,  3.06037    ,  2.2152     ,  4.01583    ])
30641   , -2583.94    , array([ 23.1116    ,  3.06037    ,  2.2152     ,  4.01583    ])
30642   , -2583.84    , array([ 23.1348    ,  3.06037    ,  2.2152     ,  4.01583    ])
30643   , -2587.22    , array([ 23.1116    ,  3.06343    ,  2.2152     ,  4.01583    ])
30644   , -2582.49    , array([ 23.1116    ,  3.06037    ,  2.21741    ,  4.01583    ])
30645   , -2583.01    , array([ 23.1116    ,  3.06037    ,  2.2152     ,  4.01985    ])
30652   , -2583.94    , array([ 23.1116    ,  3.06036    ,  2.21518    ,  4.01586    ])
30653   , -2583.94    , array([ 23.1116    ,  3.06036    ,  2.21518    ,  4.01586    ])
30654   , -2583.84    , array([ 23.1347    ,  3.06036    ,  2.21518    ,  4.01586    ])
30655   , -2587.22    , array([ 23.1116    ,  3.06342    ,  2.21518    ,  4.01586    ])
30656   , -2582.49    , array([ 23.1116    ,  3.06036    ,  2.2174     ,  4.01586    ])
30657   , -2583.01    , array([ 23.1116    ,  3.06036    ,  2.21518    ,  4.01988    ])
30658   , -2583.89    , array([ 23.1104    ,  3.06024    ,  2.21491    ,  4.01634    ])
30659   , -2583.89    , array([ 23.1104    ,  3.06024    ,  2.21491    ,  4.01634    ])
30660   , -2583.78    , array([ 23.1335    ,  3.06024    ,  2.21491    ,  4.01634    ])
30661   , -2587.16    , array([ 23.1104    ,  3.0633     ,  2.21491    ,  4.01634    ])
30662   , -2582.44    , array([ 23.1104    ,  3.06024    ,  2.21713    ,  4.01634    ])
30663   , -2582.95    , array([ 23.1104    ,  3.06024    ,  2.21491    ,  4.02036    ])
30670   , -2583.89    , array([ 23.1104    ,  3.06024    ,  2.21491    ,  4.01635    ])
30671   , -2583.89    , array([ 23.1104    ,  3.06024    ,  2.21491    ,  4.01635    ])
30672   , -2583.78    , array([ 23.1335    ,  3.06024    ,  2.21491    ,  4.01635    ])
30673   , -2587.16    , array([ 23.1104    ,  3.0633     ,  2.21491    ,  4.01635    ])
30674   , -2582.44    , array([ 23.1104    ,  3.06024    ,  2.21712    ,  4.01635    ])
30675   , -2582.95    , array([ 23.1104    ,  3.06024    ,  2.21491    ,  4.02037    ])
30676   , -2583.87    , array([ 23.1101    ,  3.06021    ,  2.21484    ,  4.01647    ])
30677   , -2583.87    , array([ 23.1101    ,  3.06021    ,  2.21484    ,  4.01647    ])
30678   , -2583.77    , array([ 23.1332    ,  3.06021    ,  2.21484    ,  4.01647    ])
30679   , -2587.15    , array([ 23.1101    ,  3.06327    ,  2.21484    ,  4.01647    ])
30680   , -2582.42    , array([ 23.1101    ,  3.06021    ,  2.21706    ,  4.01647    ])
30681   , -2582.94    , array([ 23.1101    ,  3.06021    ,  2.21484    ,  4.02049    ])
30688   , -2583.87    , array([ 23.1101    ,  3.06021    ,  2.21484    ,  4.01647    ])
30689   , -2583.87    , array([ 23.1101    ,  3.06021    ,  2.21484    ,  4.01647    ])
30690   , -2583.77    , array([ 23.1332    ,  3.06021    ,  2.21484    ,  4.01647    ])
30691   , -2587.15    , array([ 23.1101    ,  3.06327    ,  2.21484    ,  4.01647    ])
30692   , -2582.42    , array([ 23.1101    ,  3.06021    ,  2.21705    ,  4.01647    ])
30693   , -2582.94    , array([ 23.1101    ,  3.06021    ,  2.21484    ,  4.02049    ])
30694   , -2583.87    , array([ 23.11      ,  3.0602     ,  2.21482    ,  4.0165     ])
30695   , -2583.87    , array([ 23.11      ,  3.0602     ,  2.21482    ,  4.0165     ])
30696   , -2583.76    , array([ 23.1331    ,  3.0602     ,  2.21482    ,  4.0165     ])
30697   , -2587.14    , array([ 23.11      ,  3.06327    ,  2.21482    ,  4.0165     ])
30698   , -2582.42    , array([ 23.11      ,  3.0602     ,  2.21704    ,  4.0165     ])
30699   , -2582.94    , array([ 23.11      ,  3.0602     ,  2.21482    ,  4.02052    ])
30706   , -2583.87    , array([ 23.11      ,  3.0602     ,  2.21482    ,  4.0165     ])
30707   , -2583.87    , array([ 23.11      ,  3.0602     ,  2.21482    ,  4.0165     ])
30708   , -2583.76    , array([ 23.1331    ,  3.0602     ,  2.21482    ,  4.0165     ])
30709   , -2587.14    , array([ 23.11      ,  3.06327    ,  2.21482    ,  4.0165     ])
30710   , -2582.42    , array([ 23.11      ,  3.0602     ,  2.21704    ,  4.0165     ])
30711   , -2582.94    , array([ 23.11      ,  3.0602     ,  2.21482    ,  4.02052    ])
30712   , -2583.87    , array([ 23.11      ,  3.0602     ,  2.21482    ,  4.01651    ])
30713   , -2583.87    , array([ 23.11      ,  3.0602     ,  2.21482    ,  4.01651    ])
30714   , -2583.76    , array([ 23.1331    ,  3.0602     ,  2.21482    ,  4.01651    ])
30715   , -2587.14    , array([ 23.11      ,  3.06326    ,  2.21482    ,  4.01651    ])
30716   , -2582.42    , array([ 23.11      ,  3.0602     ,  2.21703    ,  4.01651    ])
30717   , -2582.94    , array([ 23.11      ,  3.0602     ,  2.21482    ,  4.02053    ])
30718   , -2527.2     , array([ 21.2745    ,  2.87564    ,  1.81458    ,  4.88076    ])
30719   , -2527.2     , array([ 21.2745    ,  2.87564    ,  1.81458    ,  4.88076    ])
30720   , -2527.12    , array([ 21.2958    ,  2.87564    ,  1.81458    ,  4.88076    ])
30721   , -2529.35    , array([ 21.2745    ,  2.87852    ,  1.81458    ,  4.88076    ])
30722   , -2526.26    , array([ 21.2745    ,  2.87564    ,  1.8164     ,  4.88076    ])
30723   , -2526.67    , array([ 21.2745    ,  2.87564    ,  1.81458    ,  4.88565    ])
30724   , -2297.35    , array([ 14.5591    ,  1.67901    ,  0.847828   ,  2.84362    ])
30725   , -2297.35    , array([ 14.5591    ,  1.67901    ,  0.847828   ,  2.84362    ])
30726   , -2297.28    , array([ 14.5736    ,  1.67901    ,  0.847828   ,  2.84362    ])
30727   , -2299.12    , array([ 14.5591    ,  1.68069    ,  0.847828   ,  2.84362    ])
30728   , -2296.67    , array([ 14.5591    ,  1.67901    ,  0.848676   ,  2.84362    ])
30729   , -2297.25    , array([ 14.5591    ,  1.67901    ,  0.847828   ,  2.84647    ])
30730   , -409.371    , array([ 3.19322    ,  0.195134   ,  0.0404049  ,  0.327648   ])
30731   , -409.371    , array([ 3.19322    ,  0.195134   ,  0.0404049  ,  0.327648   ])
30732   , -409.374    , array([ 3.19641    ,  0.195134   ,  0.0404049  ,  0.327648   ])
30733   , -409.454    , array([ 3.19322    ,  0.195329   ,  0.0404049  ,  0.327648   ])
30734   , -409.377    , array([ 3.19322    ,  0.195134   ,  0.0404454  ,  0.327648   ])
30735   , -409.08     , array([ 3.19322    ,  0.195134   ,  0.0404049  ,  0.327976   ])
30736   , -568.232    , array([ 4.54161    ,  0.321626   ,  0.0819107  ,  0.541122   ])
30737   , -568.232    , array([ 4.54161    ,  0.321626   ,  0.0819107  ,  0.541122   ])
30738   , -568.219    , array([ 4.54615    ,  0.321626   ,  0.0819107  ,  0.541122   ])
30739   , -568.199    , array([ 4.54161    ,  0.321948   ,  0.0819107  ,  0.541122   ])
30740   , -568.187    , array([ 4.54161    ,  0.321626   ,  0.0819927  ,  0.541122   ])
30741   , -569.103    , array([ 4.54161    ,  0.321626   ,  0.0819107  ,  0.541664   ])
30742   , -400.478    , array([ 3.39746    ,  0.213073   ,  0.0457564  ,  0.357896   ])
30743   , -400.478    , array([ 3.39746    ,  0.213073   ,  0.0457564  ,  0.357896   ])
30744   , -400.479    , array([ 3.40086    ,  0.213073   ,  0.0457564  ,  0.357896   ])
30745   , -400.511    , array([ 3.39746    ,  0.213287   ,  0.0457564  ,  0.357896   ])
30746   , -400.479    , array([ 3.39746    ,  0.213073   ,  0.0458022  ,  0.357896   ])
30747   , -400.445    , array([ 3.39746    ,  0.213073   ,  0.0457564  ,  0.358254   ])
30748   , -412.087    , array([ 3.04551    ,  0.186412   ,  0.0334916  ,  0.373206   ])
30749   , -412.087    , array([ 3.04551    ,  0.186412   ,  0.0334916  ,  0.373206   ])
30750   , -412.085    , array([ 3.04856    ,  0.186412   ,  0.0334916  ,  0.373206   ])
30751   , -411.957    , array([ 3.04551    ,  0.186599   ,  0.0334916  ,  0.373206   ])
30752   , -412.082    , array([ 3.04551    ,  0.186412   ,  0.0335251  ,  0.373206   ])
30753   , -412.476    , array([ 3.04551    ,  0.186412   ,  0.0334916  ,  0.37358    ])
30754   , -399.793    , array([ 3.3251     ,  0.20754    ,  0.0430304  ,  0.360859   ])
30755   , -399.793    , array([ 3.3251     ,  0.20754    ,  0.0430304  ,  0.360859   ])
30756   , -399.793    , array([ 3.32843    ,  0.20754    ,  0.0430304  ,  0.360859   ])
30757   , -399.809    , array([ 3.3251     ,  0.207747   ,  0.0430304  ,  0.360859   ])
30758   , -399.792    , array([ 3.3251     ,  0.20754    ,  0.0430734  ,  0.360859   ])
30759   , -399.821    , array([ 3.3251     ,  0.20754    ,  0.0430304  ,  0.36122    ])
30760   , -398.628    , array([ 3.17506    ,  0.195403   ,  0.0383443  ,  0.354041   ])
30761   , -398.628    , array([ 3.17506    ,  0.195403   ,  0.0383443  ,  0.354041   ])
30762   , -398.628    , array([ 3.17823    ,  0.195403   ,  0.0383443  ,  0.354041   ])
30763   , -398.637    , array([ 3.17506    ,  0.195599   ,  0.0383443  ,  0.354041   ])
30764   , -398.627    , array([ 3.17506    ,  0.195403   ,  0.0383826  ,  0.354041   ])
30765   , -398.657    , array([ 3.17506    ,  0.195403   ,  0.0383443  ,  0.354396   ])
30766   , -396.929    , array([ 2.88866    ,  0.172647   ,  0.0303651  ,  0.338583   ])
30767   , -396.929    , array([ 2.88866    ,  0.172647   ,  0.0303651  ,  0.338583   ])
30768   , -396.929    , array([ 2.89155    ,  0.172647   ,  0.0303651  ,  0.338583   ])
30769   , -396.928    , array([ 2.88866    ,  0.17282    ,  0.0303651  ,  0.338583   ])
30770   , -396.929    , array([ 2.88866    ,  0.172647   ,  0.0303955  ,  0.338583   ])
30771   , -396.964    , array([ 2.88866    ,  0.172647   ,  0.0303651  ,  0.338921   ])
30772   , -395.445    , array([ 2.49975    ,  0.142712   ,  0.0213831  ,  0.312264   ])
30773   , -395.445    , array([ 2.49975    ,  0.142712   ,  0.0213831  ,  0.312264   ])
30774   , -395.445    , array([ 2.50225    ,  0.142712   ,  0.0213831  ,  0.312264   ])
30775   , -395.429    , array([ 2.49975    ,  0.142854   ,  0.0213831  ,  0.312264   ])
30776   , -395.445    , array([ 2.49975    ,  0.142712   ,  0.0214045  ,  0.312264   ])
30777   , -395.499    , array([ 2.49975    ,  0.142712   ,  0.0213831  ,  0.312576   ])
30778   , -394.362    , array([ 2.15865    ,  0.117431   ,  0.0151493  ,  0.281243   ])
30779   , -394.362    , array([ 2.15865    ,  0.117431   ,  0.0151493  ,  0.281243   ])
30780   , -394.362    , array([ 2.16081    ,  0.117431   ,  0.0151493  ,  0.281243   ])
30781   , -394.366    , array([ 2.15865    ,  0.117548   ,  0.0151493  ,  0.281243   ])
30782   , -394.362    , array([ 2.15865    ,  0.117431   ,  0.0151645  ,  0.281243   ])
30783   , -394.369    , array([ 2.15865    ,  0.117431   ,  0.0151493  ,  0.281524   ])
30784   , -398.465    , array([ 1.67923    ,  0.0842347  ,  0.00832431 ,  0.23943    ])
30785   , -398.465    , array([ 1.67923    ,  0.0842347  ,  0.00832431 ,  0.23943    ])
30786   , -398.464    , array([ 1.68091    ,  0.0842347  ,  0.00832431 ,  0.23943    ])
30787   , -398.261    , array([ 1.67923    ,  0.084319   ,  0.00832431 ,  0.23943    ])
30788   , -398.464    , array([ 1.67923    ,  0.0842347  ,  0.00833264 ,  0.23943    ])
30789   , -398.808    , array([ 1.67923    ,  0.0842347  ,  0.00832431 ,  0.23967    ])
30790   , -394.221    , array([ 2.05173    ,  0.109798   ,  0.0134212  ,  0.272233   ])
30791   , -394.221    , array([ 2.05173    ,  0.109798   ,  0.0134212  ,  0.272233   ])
30792   , -394.221    , array([ 2.05378    ,  0.109798   ,  0.0134212  ,  0.272233   ])
30793   , -394.206    , array([ 2.05173    ,  0.109908   ,  0.0134212  ,  0.272233   ])
30794   , -394.221    , array([ 2.05173    ,  0.109798   ,  0.0134346  ,  0.272233   ])
30795   , -394.262    , array([ 2.05173    ,  0.109798   ,  0.0134212  ,  0.272506   ])
30796   , -394.131    , array([ 1.9828     ,  0.104925   ,  0.0123868  ,  0.26567    ])
30797   , -394.131    , array([ 1.9828     ,  0.104925   ,  0.0123868  ,  0.26567    ])
30798   , -394.131    , array([ 1.98478    ,  0.104925   ,  0.0123868  ,  0.26567    ])
30799   , -394.11     , array([ 1.9828     ,  0.10503    ,  0.0123868  ,  0.26567    ])
30800   , -394.131    , array([ 1.9828     ,  0.104925   ,  0.0123992  ,  0.26567    ])
30801   , -394.18     , array([ 1.9828     ,  0.104925   ,  0.0123868  ,  0.265936   ])
30802   , -394.069    , array([ 1.94243    ,  0.102093   ,  0.0118069  ,  0.26163    ])
30803   , -394.069    , array([ 1.94243    ,  0.102093   ,  0.0118069  ,  0.26163    ])
30804   , -394.069    , array([ 1.94437    ,  0.102093   ,  0.0118069  ,  0.26163    ])
30805   , -394.046    , array([ 1.94243    ,  0.102195   ,  0.0118069  ,  0.26163    ])
30806   , -394.069    , array([ 1.94243    ,  0.102093   ,  0.0118187  ,  0.26163    ])
30807   , -394.12     , array([ 1.94243    ,  0.102093   ,  0.0118069  ,  0.261892   ])
30808   , -393.974    , array([ 1.78899    ,  0.0915089  ,  0.00974646 ,  0.246075   ])
30809   , -393.974    , array([ 1.78899    ,  0.0915089  ,  0.00974646 ,  0.246075   ])
30810   , -393.974    , array([ 1.79078    ,  0.0915089  ,  0.00974646 ,  0.246075   ])
30811   , -393.935    , array([ 1.78899    ,  0.0916004  ,  0.00974646 ,  0.246075   ])
30812   , -393.974    , array([ 1.78899    ,  0.0915089  ,  0.00975621 ,  0.246075   ])
30813   , -394.052    , array([ 1.78899    ,  0.0915089  ,  0.00974646 ,  0.246321   ])
30814   , -393.929    , array([ 1.72494    ,  0.0871697  ,  0.008959   ,  0.239154   ])
30815   , -393.929    , array([ 1.72494    ,  0.0871697  ,  0.008959   ,  0.239154   ])
30816   , -393.929    , array([ 1.72666    ,  0.0871697  ,  0.008959   ,  0.239154   ])
30817   , -393.885    , array([ 1.72494    ,  0.0872569  ,  0.008959   ,  0.239154   ])
30818   , -393.929    , array([ 1.72494    ,  0.0871697  ,  0.00896796 ,  0.239154   ])
30819   , -394.015    , array([ 1.72494    ,  0.0871697  ,  0.008959   ,  0.239393   ])
30820   , -393.905    , array([ 1.71       ,  0.0861641  ,  0.00878209 ,  0.237466   ])
30821   , -393.905    , array([ 1.71       ,  0.0861641  ,  0.00878209 ,  0.237466   ])
30822   , -393.904    , array([ 1.71171    ,  0.0861641  ,  0.00878209 ,  0.237466   ])
30823   , -393.86     , array([ 1.71       ,  0.0862503  ,  0.00878209 ,  0.237466   ])
30824   , -393.905    , array([ 1.71       ,  0.0861641  ,  0.00879088 ,  0.237466   ])
30825   , -393.99     , array([ 1.71       ,  0.0861641  ,  0.00878209 ,  0.237703   ])
30826   , -393.83     , array([ 1.65153    ,  0.0822563  ,  0.00810872 ,  0.230831   ])
30827   , -393.83     , array([ 1.65153    ,  0.0822563  ,  0.00810872 ,  0.230831   ])
30828   , -393.83     , array([ 1.65318    ,  0.0822563  ,  0.00810872 ,  0.230831   ])
30829   , -393.785    , array([ 1.65153    ,  0.0823386  ,  0.00810872 ,  0.230831   ])
30830   , -393.83     , array([ 1.65153    ,  0.0822563  ,  0.00811683 ,  0.230831   ])
30831   , -393.917    , array([ 1.65153    ,  0.0822563  ,  0.00810872 ,  0.231062   ])
30832   , -394.001    , array([ 1.43696    ,  0.0683191  ,  0.00589344 ,  0.206096   ])
30833   , -394.001    , array([ 1.43696    ,  0.0683191  ,  0.00589344 ,  0.206096   ])
30834   , -394.001    , array([ 1.4384     ,  0.0683191  ,  0.00589344 ,  0.206096   ])
30835   , -393.919    , array([ 1.43696    ,  0.0683874  ,  0.00589344 ,  0.206096   ])
30836   , -394.001    , array([ 1.43696    ,  0.0683191  ,  0.00589934 ,  0.206096   ])
30837   , -394.141    , array([ 1.43696    ,  0.0683191  ,  0.00589344 ,  0.206302   ])
30838   , -393.798    , array([ 1.60223    ,  0.0789975  ,  0.00756443 ,  0.225204   ])
30839   , -393.798    , array([ 1.60223    ,  0.0789975  ,  0.00756443 ,  0.225204   ])
30840   , -393.798    , array([ 1.60383    ,  0.0789975  ,  0.00756443 ,  0.225204   ])
30841   , -393.749    , array([ 1.60223    ,  0.0790765  ,  0.00756443 ,  0.225204   ])
30842   , -393.798    , array([ 1.60223    ,  0.0789975  ,  0.007572   ,  0.225204   ])
30843   , -393.889    , array([ 1.60223    ,  0.0789975  ,  0.00756443 ,  0.225429   ])
30844   , -393.745    , array([ 1.56337    ,  0.0764497  ,  0.00715268 ,  0.220616   ])
30845   , -393.745    , array([ 1.56337    ,  0.0764497  ,  0.00715268 ,  0.220616   ])
30846   , -393.745    , array([ 1.56493    ,  0.0764497  ,  0.00715268 ,  0.220616   ])
30847   , -393.697    , array([ 1.56337    ,  0.0765262  ,  0.00715268 ,  0.220616   ])
30848   , -393.745    , array([ 1.56337    ,  0.0764497  ,  0.00715984 ,  0.220616   ])
30849   , -393.836    , array([ 1.56337    ,  0.0764497  ,  0.00715268 ,  0.220837   ])
30850   , -393.724    , array([ 1.41711    ,  0.0670543  ,  0.00571792 ,  0.203178   ])
30851   , -393.724    , array([ 1.41711    ,  0.0670543  ,  0.00571792 ,  0.203178   ])
30852   , -393.724    , array([ 1.41853    ,  0.0670543  ,  0.00571792 ,  0.203178   ])
30853   , -393.661    , array([ 1.41711    ,  0.0671214  ,  0.00571792 ,  0.203178   ])
30854   , -393.724    , array([ 1.41711    ,  0.0670543  ,  0.00572364 ,  0.203178   ])
30855   , -393.836    , array([ 1.41711    ,  0.0670543  ,  0.00571792 ,  0.203382   ])
30856   , -393.703    , array([ 1.39941    ,  0.0659369  ,  0.00555772 ,  0.200963   ])
30857   , -393.703    , array([ 1.39941    ,  0.0659369  ,  0.00555772 ,  0.200963   ])
30858   , -393.703    , array([ 1.40081    ,  0.0659369  ,  0.00555772 ,  0.200963   ])
30859   , -393.64     , array([ 1.39941    ,  0.0660029  ,  0.00555772 ,  0.200963   ])
30860   , -393.703    , array([ 1.39941    ,  0.0659369  ,  0.00556328 ,  0.200963   ])
30861   , -393.815    , array([ 1.39941    ,  0.0659369  ,  0.00555772 ,  0.201164   ])
30862   , -393.667    , array([ 1.33078    ,  0.0616507  ,  0.00496057 ,  0.192341   ])
30863   , -393.667    , array([ 1.33078    ,  0.0616507  ,  0.00496057 ,  0.192341   ])
30864   , -393.667    , array([ 1.33211    ,  0.0616507  ,  0.00496057 ,  0.192341   ])
30865   , -393.6      , array([ 1.33078    ,  0.0617124  ,  0.00496057 ,  0.192341   ])
30866   , -393.667    , array([ 1.33078    ,  0.0616507  ,  0.00496553 ,  0.192341   ])
30867   , -393.784    , array([ 1.33078    ,  0.0616507  ,  0.00496057 ,  0.192534   ])
30868   , -394.658    , array([ 1.08832    ,  0.0471166  ,  0.00314826 ,  0.161398   ])
30869   , -394.658    , array([ 1.08832    ,  0.0471166  ,  0.00314826 ,  0.161398   ])
30870   , -394.658    , array([ 1.08941    ,  0.0471166  ,  0.00314826 ,  0.161398   ])
30871   , -394.501    , array([ 1.08832    ,  0.0471638  ,  0.00314826 ,  0.161398   ])
30872   , -394.658    , array([ 1.08832    ,  0.0471166  ,  0.00315141 ,  0.161398   ])
30873   , -394.899    , array([ 1.08832    ,  0.0471166  ,  0.00314826 ,  0.161559   ])
30874   , -393.688    , array([ 1.28633    ,  0.0589137  ,  0.00459388 ,  0.186727   ])
30875   , -393.688    , array([ 1.28633    ,  0.0589137  ,  0.00459388 ,  0.186727   ])
30876   , -393.688    , array([ 1.28762    ,  0.0589137  ,  0.00459388 ,  0.186727   ])
30877   , -393.615    , array([ 1.28633    ,  0.0589726  ,  0.00459388 ,  0.186727   ])
30878   , -393.688    , array([ 1.28633    ,  0.0589137  ,  0.00459848 ,  0.186727   ])
30879   , -393.813    , array([ 1.28633    ,  0.0589137  ,  0.00459388 ,  0.186913   ])
30880   , -393.676    , array([ 1.27957    ,  0.0584997  ,  0.00453991 ,  0.18584    ])
30881   , -393.676    , array([ 1.27957    ,  0.0584997  ,  0.00453991 ,  0.18584    ])
30882   , -393.676    , array([ 1.28085    ,  0.0584997  ,  0.00453991 ,  0.18584    ])
30883   , -393.603    , array([ 1.27957    ,  0.0585582  ,  0.00453991 ,  0.18584    ])
30884   , -393.676    , array([ 1.27957    ,  0.0584997  ,  0.00454445 ,  0.18584    ])
30885   , -393.801    , array([ 1.27957    ,  0.0584997  ,  0.00453991 ,  0.186025   ])
30886   , -393.636    , array([ 1.25288    ,  0.0568727  ,  0.00433029 ,  0.182333   ])
30887   , -393.636    , array([ 1.25288    ,  0.0568727  ,  0.00433029 ,  0.182333   ])
30888   , -393.636    , array([ 1.25414    ,  0.0568727  ,  0.00433029 ,  0.182333   ])
30889   , -393.563    , array([ 1.25288    ,  0.0569296  ,  0.00433029 ,  0.182333   ])
30890   , -393.636    , array([ 1.25288    ,  0.0568727  ,  0.00433462 ,  0.182333   ])
30891   , -393.759    , array([ 1.25288    ,  0.0568727  ,  0.00433029 ,  0.182515   ])
30892   , -393.6      , array([ 1.15158    ,  0.0508047  ,  0.00358422 ,  0.168956   ])
30893   , -393.6      , array([ 1.15158    ,  0.0508047  ,  0.00358422 ,  0.168956   ])
30894   , -393.6      , array([ 1.15274    ,  0.0508047  ,  0.00358422 ,  0.168956   ])
30895   , -393.521    , array([ 1.15158    ,  0.0508555  ,  0.00358422 ,  0.168956   ])
30896   , -393.6      , array([ 1.15158    ,  0.0508047  ,  0.00358781 ,  0.168956   ])
30897   , -393.731    , array([ 1.15158    ,  0.0508047  ,  0.00358422 ,  0.169125   ])
30898   , -393.579    , array([ 1.13803    ,  0.0500052  ,  0.00349081 ,  0.167112   ])
30899   , -393.579    , array([ 1.13803    ,  0.0500052  ,  0.00349081 ,  0.167112   ])
30900   , -393.579    , array([ 1.13916    ,  0.0500052  ,  0.00349081 ,  0.167112   ])
30901   , -393.501    , array([ 1.13803    ,  0.0500552  ,  0.00349081 ,  0.167112   ])
30902   , -393.579    , array([ 1.13803    ,  0.0500052  ,  0.00349431 ,  0.167112   ])
30903   , -393.709    , array([ 1.13803    ,  0.0500052  ,  0.00349081 ,  0.167279   ])
30904   , -393.531    , array([ 1.08537    ,  0.0469311  ,  0.00314088 ,  0.159932   ])
30905   , -393.531    , array([ 1.08537    ,  0.0469311  ,  0.00314088 ,  0.159932   ])
30906   , -393.531    , array([ 1.08645    ,  0.0469311  ,  0.00314088 ,  0.159932   ])
30907   , -393.452    , array([ 1.08537    ,  0.046978   ,  0.00314088 ,  0.159932   ])
30908   , -393.531    , array([ 1.08537    ,  0.0469311  ,  0.00314403 ,  0.159932   ])
30909   , -393.66     , array([ 1.08537    ,  0.0469311  ,  0.00314088 ,  0.160092   ])
30910   , -394.024    , array([ 0.898002   ,  0.0364117  ,  0.00205851 ,  0.134169   ])
30911   , -394.024    , array([ 0.898002   ,  0.0364117  ,  0.00205851 ,  0.134169   ])
30912   , -394.024    , array([ 0.898901   ,  0.0364117  ,  0.00205851 ,  0.134169   ])
30913   , -393.885    , array([ 0.898002   ,  0.0364482  ,  0.00205851 ,  0.134169   ])
30914   , -394.024    , array([ 0.898002   ,  0.0364117  ,  0.00206057 ,  0.134169   ])
30915   , -394.234    , array([ 0.898002   ,  0.0364117  ,  0.00205851 ,  0.134304   ])
30916   , -393.532    , array([ 1.04725    ,  0.0447367  ,  0.00290021 ,  0.154719   ])
30917   , -393.532    , array([ 1.04725    ,  0.0447367  ,  0.00290021 ,  0.154719   ])
30918   , -393.532    , array([ 1.04829    ,  0.0447367  ,  0.00290021 ,  0.154719   ])
30919   , -393.45     , array([ 1.04725    ,  0.0447814  ,  0.00290021 ,  0.154719   ])
30920   , -393.532    , array([ 1.04725    ,  0.0447367  ,  0.00290311 ,  0.154719   ])
30921   , -393.666    , array([ 1.04725    ,  0.0447367  ,  0.00290021 ,  0.154874   ])
30922   , -393.528    , array([ 1.07713    ,  0.0464547  ,  0.00308798 ,  0.158807   ])
30923   , -393.528    , array([ 1.07713    ,  0.0464547  ,  0.00308798 ,  0.158807   ])
30924   , -393.528    , array([ 1.07821    ,  0.0464547  ,  0.00308798 ,  0.158807   ])
30925   , -393.449    , array([ 1.07713    ,  0.0465011  ,  0.00308798 ,  0.158807   ])
30926   , -393.528    , array([ 1.07713    ,  0.0464547  ,  0.00309107 ,  0.158807   ])
30927   , -393.658    , array([ 1.07713    ,  0.0464547  ,  0.00308798 ,  0.158966   ])
30928   , -393.528    , array([ 1.05731    ,  0.0453135  ,  0.00296273 ,  0.156097   ])
30929   , -393.528    , array([ 1.05731    ,  0.0453135  ,  0.00296273 ,  0.156097   ])
30930   , -393.528    , array([ 1.05837    ,  0.0453135  ,  0.00296273 ,  0.156097   ])
30931   , -393.447    , array([ 1.05731    ,  0.0453589  ,  0.00296273 ,  0.156097   ])
30932   , -393.528    , array([ 1.05731    ,  0.0453135  ,  0.0029657  ,  0.156097   ])
30933   , -393.66     , array([ 1.05731    ,  0.0453135  ,  0.00296273 ,  0.156253   ])
30934   , -393.527    , array([ 1.07289    ,  0.0462099  ,  0.00306094 ,  0.158227   ])
30935   , -393.527    , array([ 1.07289    ,  0.0462099  ,  0.00306094 ,  0.158227   ])
30936   , -393.527    , array([ 1.07396    ,  0.0462099  ,  0.00306094 ,  0.158227   ])
30937   , -393.448    , array([ 1.07289    ,  0.0462561  ,  0.00306094 ,  0.158227   ])
30938   , -393.527    , array([ 1.07289    ,  0.0462099  ,  0.003064   ,  0.158227   ])
30939   , -393.658    , array([ 1.07289    ,  0.0462099  ,  0.00306094 ,  0.158386   ])
30940   , -393.527    , array([ 1.06258    ,  0.0456163  ,  0.00299576 ,  0.156818   ])
30941   , -393.527    , array([ 1.06258    ,  0.0456163  ,  0.00299576 ,  0.156818   ])
30942   , -393.527    , array([ 1.06365    ,  0.0456163  ,  0.00299576 ,  0.156818   ])
30943   , -393.447    , array([ 1.06258    ,  0.045662   ,  0.00299576 ,  0.156818   ])
30944   , -393.527    , array([ 1.06258    ,  0.0456163  ,  0.00299876 ,  0.156818   ])
30945   , -393.659    , array([ 1.06258    ,  0.0456163  ,  0.00299576 ,  0.156975   ])
30946   , -393.528    , array([ 1.0591     ,  0.0454163  ,  0.00297392 ,  0.156342   ])
30947   , -393.528    , array([ 1.0591     ,  0.0454163  ,  0.00297392 ,  0.156342   ])
30948   , -393.528    , array([ 1.06016    ,  0.0454163  ,  0.00297392 ,  0.156342   ])
30949   , -393.447    , array([ 1.0591     ,  0.0454617  ,  0.00297392 ,  0.156342   ])
30950   , -393.528    , array([ 1.0591     ,  0.0454163  ,  0.0029769  ,  0.156342   ])
30951   , -393.66     , array([ 1.0591     ,  0.0454163  ,  0.00297392 ,  0.156498   ])
30952   , -393.527    , array([ 1.06186    ,  0.0455746  ,  0.0029912  ,  0.156719   ])
30953   , -393.527    , array([ 1.06186    ,  0.0455746  ,  0.0029912  ,  0.156719   ])
30954   , -393.527    , array([ 1.06292    ,  0.0455746  ,  0.0029912  ,  0.156719   ])
30955   , -393.447    , array([ 1.06186    ,  0.0456202  ,  0.0029912  ,  0.156719   ])
30956   , -393.527    , array([ 1.06186    ,  0.0455746  ,  0.00299419 ,  0.156719   ])
30957   , -393.659    , array([ 1.06186    ,  0.0455746  ,  0.0029912  ,  0.156875   ])
30958   , -393.527    , array([ 1.06243    ,  0.0456076  ,  0.00299481 ,  0.156797   ])
30959   , -393.527    , array([ 1.06243    ,  0.0456076  ,  0.00299481 ,  0.156797   ])
30960   , -393.527    , array([ 1.06349    ,  0.0456076  ,  0.00299481 ,  0.156797   ])
30961   , -393.447    , array([ 1.06243    ,  0.0456532  ,  0.00299481 ,  0.156797   ])
30962   , -393.527    , array([ 1.06243    ,  0.0456076  ,  0.00299781 ,  0.156797   ])
30963   , -393.659    , array([ 1.06243    ,  0.0456076  ,  0.00299481 ,  0.156954   ])
30964   , -393.527    , array([ 1.06255    ,  0.0456145  ,  0.00299557 ,  0.156814   ])
30965   , -393.527    , array([ 1.06255    ,  0.0456145  ,  0.00299557 ,  0.156814   ])
30966   , -393.527    , array([ 1.06361    ,  0.0456145  ,  0.00299557 ,  0.156814   ])
30967   , -393.447    , array([ 1.06255    ,  0.0456601  ,  0.00299557 ,  0.156814   ])
30968   , -393.527    , array([ 1.06255    ,  0.0456145  ,  0.00299856 ,  0.156814   ])
30969   , -393.659    , array([ 1.06255    ,  0.0456145  ,  0.00299557 ,  0.15697    ])
30970   , -393.527    , array([ 1.06258    ,  0.0456159  ,  0.00299572 ,  0.156817   ])
30971   , -393.527    , array([ 1.06258    ,  0.0456159  ,  0.00299572 ,  0.156817   ])
30972   , -393.527    , array([ 1.06364    ,  0.0456159  ,  0.00299572 ,  0.156817   ])
30973   , -393.447    , array([ 1.06258    ,  0.0456616  ,  0.00299572 ,  0.156817   ])
30974   , -393.527    , array([ 1.06258    ,  0.0456159  ,  0.00299872 ,  0.156817   ])
30975   , -393.659    , array([ 1.06258    ,  0.0456159  ,  0.00299572 ,  0.156974   ])
30976   , -393.527    , array([ 1.06258    ,  0.0456163  ,  0.00299576 ,  0.156818   ])
30977   , -393.527    , array([ 1.06258    ,  0.0456163  ,  0.00299576 ,  0.156818   ])
30978   , -393.527    , array([ 1.06365    ,  0.0456163  ,  0.00299576 ,  0.156818   ])
30979   , -393.447    , array([ 1.06258    ,  0.0456619  ,  0.00299576 ,  0.156818   ])
30980   , -393.527    , array([ 1.06258    ,  0.0456163  ,  0.00299875 ,  0.156818   ])
30981   , -393.659    , array([ 1.06258    ,  0.0456163  ,  0.00299576 ,  0.156975   ])
30982   , -393.527    , array([ 1.06258    ,  0.0456163  ,  0.00299576 ,  0.156818   ])
30983   , -393.527    , array([ 1.06258    ,  0.0456163  ,  0.00299576 ,  0.156818   ])
30984   , -393.527    , array([ 1.06365    ,  0.0456163  ,  0.00299576 ,  0.156818   ])
30985   , -393.447    , array([ 1.06258    ,  0.045662   ,  0.00299576 ,  0.156818   ])
30986   , -393.527    , array([ 1.06258    ,  0.0456163  ,  0.00299876 ,  0.156818   ])
30987   , -393.659    , array([ 1.06258    ,  0.0456163  ,  0.00299576 ,  0.156975   ])
30988   , -393.527    , array([ 1.06258    ,  0.0456163  ,  0.00299576 ,  0.156818   ])
30989   , -393.527    , array([ 1.06258    ,  0.0456163  ,  0.00299576 ,  0.156818   ])
30990   , -393.527    , array([ 1.06365    ,  0.0456163  ,  0.00299576 ,  0.156818   ])
30991   , -393.447    , array([ 1.06258    ,  0.045662   ,  0.00299576 ,  0.156818   ])
30992   , -393.527    , array([ 1.06258    ,  0.0456163  ,  0.00299876 ,  0.156818   ])
30993   , -393.659    , array([ 1.06258    ,  0.0456163  ,  0.00299576 ,  0.156975   ])
30994   , -393.527    , array([ 1.06258    ,  0.0456163  ,  0.00299576 ,  0.156818   ])
30995   , -393.527    , array([ 1.06258    ,  0.0456163  ,  0.00299576 ,  0.156818   ])
30996   , -393.527    , array([ 1.06365    ,  0.0456163  ,  0.00299576 ,  0.156818   ])
30997   , -393.447    , array([ 1.06258    ,  0.045662   ,  0.00299576 ,  0.156818   ])
30998   , -393.527    , array([ 1.06258    ,  0.0456163  ,  0.00299876 ,  0.156818   ])
30999   , -393.659    , array([ 1.06258    ,  0.0456163  ,  0.00299576 ,  0.156975   ])
31000   , -393.527    , array([ 1.06258    ,  0.0456163  ,  0.00299576 ,  0.156818   ])
31001   , -393.527    , array([ 1.06258    ,  0.0456163  ,  0.00299576 ,  0.156818   ])
31002   , -393.527    , array([ 1.06365    ,  0.0456163  ,  0.00299576 ,  0.156818   ])
31003   , -393.447    , array([ 1.06258    ,  0.045662   ,  0.00299576 ,  0.156818   ])
31004   , -393.527    , array([ 1.06258    ,  0.0456163  ,  0.00299876 ,  0.156818   ])
31005   , -393.659    , array([ 1.06258    ,  0.0456163  ,  0.00299576 ,  0.156975   ])
31006   , -393.527    , array([ 1.06258    ,  0.0456163  ,  0.00299576 ,  0.156818   ])
31007   , -393.527    , array([ 1.06258    ,  0.0456163  ,  0.00299576 ,  0.156818   ])
31008   , -393.527    , array([ 1.06365    ,  0.0456163  ,  0.00299576 ,  0.156818   ])
31009   , -393.447    , array([ 1.06258    ,  0.045662   ,  0.00299576 ,  0.156818   ])
31010   , -393.527    , array([ 1.06258    ,  0.0456163  ,  0.00299876 ,  0.156818   ])
31011   , -393.659    , array([ 1.06258    ,  0.0456163  ,  0.00299576 ,  0.156975   ])
31012   , -393.527    , array([ 1.06258    ,  0.0456163  ,  0.00299576 ,  0.156818   ])
31013   , -393.527    , array([ 1.06258    ,  0.0456163  ,  0.00299576 ,  0.156818   ])
31014   , -393.527    , array([ 1.06365    ,  0.0456163  ,  0.00299576 ,  0.156818   ])
31015   , -393.447    , array([ 1.06258    ,  0.045662   ,  0.00299576 ,  0.156818   ])
31016   , -393.527    , array([ 1.06258    ,  0.0456163  ,  0.00299876 ,  0.156818   ])
31017   , -393.659    , array([ 1.06258    ,  0.0456163  ,  0.00299576 ,  0.156975   ])
31018   , -393.527    , array([ 1.06258    ,  0.0456163  ,  0.00299576 ,  0.156818   ])
31019   , -393.527    , array([ 1.06258    ,  0.0456163  ,  0.00299576 ,  0.156818   ])
31020   , -393.527    , array([ 1.06365    ,  0.0456163  ,  0.00299576 ,  0.156818   ])
31021   , -393.447    , array([ 1.06258    ,  0.045662   ,  0.00299576 ,  0.156818   ])
31022   , -393.527    , array([ 1.06258    ,  0.0456163  ,  0.00299876 ,  0.156818   ])
31023   , -393.659    , array([ 1.06258    ,  0.0456163  ,  0.00299576 ,  0.156975   ])
31024   , -393.527    , array([ 1.06258    ,  0.0456163  ,  0.00299576 ,  0.156818   ])
31025   , -393.527    , array([ 1.06258    ,  0.0456163  ,  0.00299576 ,  0.156818   ])
31026   , -393.527    , array([ 1.06365    ,  0.0456163  ,  0.00299576 ,  0.156818   ])
31027   , -393.447    , array([ 1.06258    ,  0.045662   ,  0.00299576 ,  0.156818   ])
31028   , -393.527    , array([ 1.06258    ,  0.0456163  ,  0.00299876 ,  0.156818   ])
31029   , -393.659    , array([ 1.06258    ,  0.0456163  ,  0.00299576 ,  0.156975   ])
31030   , -393.527    , array([ 1.06258    ,  0.0456163  ,  0.00299576 ,  0.156818   ])
31031   , -393.527    , array([ 1.06258    ,  0.0456163  ,  0.00299576 ,  0.156818   ])
31032   , -393.527    , array([ 1.06365    ,  0.0456163  ,  0.00299576 ,  0.156818   ])
31033   , -393.447    , array([ 1.06258    ,  0.045662   ,  0.00299576 ,  0.156818   ])
31034   , -393.527    , array([ 1.06258    ,  0.0456163  ,  0.00299876 ,  0.156818   ])
31035   , -393.659    , array([ 1.06258    ,  0.0456163  ,  0.00299576 ,  0.156975   ])
31036   , -393.527    , array([ 1.06258    ,  0.0456163  ,  0.00299576 ,  0.156818   ])
31037   , -393.527    , array([ 1.06258    ,  0.0456163  ,  0.00299576 ,  0.156818   ])
31038   , -393.527    , array([ 1.06365    ,  0.0456163  ,  0.00299576 ,  0.156818   ])
31039   , -393.447    , array([ 1.06258    ,  0.045662   ,  0.00299576 ,  0.156818   ])
31040   , -393.527    , array([ 1.06258    ,  0.0456163  ,  0.00299876 ,  0.156818   ])
31041   , -393.659    , array([ 1.06258    ,  0.0456163  ,  0.00299576 ,  0.156975   ])
31042   , -393.527    , array([ 1.06258    ,  0.0456163  ,  0.00299576 ,  0.156818   ])
31043   , -393.527    , array([ 1.06258    ,  0.0456163  ,  0.00299576 ,  0.156818   ])
31044   , -393.527    , array([ 1.06365    ,  0.0456163  ,  0.00299576 ,  0.156818   ])
31045   , -393.447    , array([ 1.06258    ,  0.045662   ,  0.00299576 ,  0.156818   ])
31046   , -393.527    , array([ 1.06258    ,  0.0456163  ,  0.00299876 ,  0.156818   ])
31047   , -393.659    , array([ 1.06258    ,  0.0456163  ,  0.00299576 ,  0.156975   ])
31048   , -393.527    , array([ 1.06258    ,  0.0456163  ,  0.00299576 ,  0.156818   ])
31049   , -393.527    , array([ 1.06258    ,  0.0456163  ,  0.00299576 ,  0.156818   ])
31050   , -393.527    , array([ 1.06365    ,  0.0456163  ,  0.00299576 ,  0.156818   ])
31051   , -393.447    , array([ 1.06258    ,  0.045662   ,  0.00299576 ,  0.156818   ])
31052   , -393.527    , array([ 1.06258    ,  0.0456163  ,  0.00299876 ,  0.156818   ])
31053   , -393.659    , array([ 1.06258    ,  0.0456163  ,  0.00299576 ,  0.156975   ])
31054   , -393.527    , array([ 1.06258    ,  0.0456163  ,  0.00299576 ,  0.156818   ])
31055   , -393.527    , array([ 1.06258    ,  0.0456163  ,  0.00299576 ,  0.156818   ])
31056   , -393.527    , array([ 1.06365    ,  0.0456163  ,  0.00299576 ,  0.156818   ])
31057   , -393.447    , array([ 1.06258    ,  0.045662   ,  0.00299576 ,  0.156818   ])
31058   , -393.527    , array([ 1.06258    ,  0.0456163  ,  0.00299876 ,  0.156818   ])
31059   , -393.659    , array([ 1.06258    ,  0.0456163  ,  0.00299576 ,  0.156975   ])
31060   , -393.579    , array([ 1.13803    ,  0.0500052  ,  0.00349081 ,  0.167112   ])
31061   , -393.579    , array([ 1.13803    ,  0.0500052  ,  0.00349081 ,  0.167112   ])
31062   , -393.579    , array([ 1.13916    ,  0.0500052  ,  0.00349081 ,  0.167112   ])
31063   , -393.501    , array([ 1.13803    ,  0.0500552  ,  0.00349081 ,  0.167112   ])
31064   , -393.579    , array([ 1.13803    ,  0.0500052  ,  0.00349431 ,  0.167112   ])
31065   , -393.709    , array([ 1.13803    ,  0.0500052  ,  0.00349081 ,  0.167279   ])
31066   , -393.562    , array([ 1.12463    ,  0.0492183  ,  0.00339984 ,  0.165287   ])
31067   , -393.562    , array([ 1.12463    ,  0.0492183  ,  0.00339984 ,  0.165287   ])
31068   , -393.561    , array([ 1.12575    ,  0.0492183  ,  0.00339984 ,  0.165287   ])
31069   , -393.484    , array([ 1.12463    ,  0.0492675  ,  0.00339984 ,  0.165287   ])
31070   , -393.562    , array([ 1.12463    ,  0.0492183  ,  0.00340324 ,  0.165287   ])
31071   , -393.69     , array([ 1.12463    ,  0.0492183  ,  0.00339984 ,  0.165453   ])
31072   , -393.537    , array([ 1.0983     ,  0.0476814  ,  0.00322493 ,  0.161698   ])
31073   , -393.537    , array([ 1.0983     ,  0.0476814  ,  0.00322493 ,  0.161698   ])
31074   , -393.537    , array([ 1.0994     ,  0.0476814  ,  0.00322493 ,  0.161698   ])
31075   , -393.459    , array([ 1.0983     ,  0.0477291  ,  0.00322493 ,  0.161698   ])
31076   , -393.537    , array([ 1.0983     ,  0.0476814  ,  0.00322816 ,  0.161698   ])
31077   , -393.666    , array([ 1.0983     ,  0.0476814  ,  0.00322493 ,  0.161859   ])
31078   , -393.532    , array([ 1.04748    ,  0.0447501  ,  0.00290166 ,  0.154751   ])
31079   , -393.532    , array([ 1.04748    ,  0.0447501  ,  0.00290166 ,  0.154751   ])
31080   , -393.532    , array([ 1.04853    ,  0.0447501  ,  0.00290166 ,  0.154751   ])
31081   , -393.45     , array([ 1.04748    ,  0.0447949  ,  0.00290166 ,  0.154751   ])
31082   , -393.532    , array([ 1.04748    ,  0.0447501  ,  0.00290456 ,  0.154751   ])
31083   , -393.666    , array([ 1.04748    ,  0.0447501  ,  0.00290166 ,  0.154906   ])
31084   , -393.717    , array([ 0.952788   ,  0.0394171  ,  0.00234907 ,  0.14174    ])
31085   , -393.576    , array([ 1.00487    ,  0.0423294  ,  0.00264506 ,  0.148908   ])
31086   , -393.544    , array([ 1.03036    ,  0.0437734  ,  0.00279698 ,  0.152405   ])
31087   , -393.536    , array([ 1.04036    ,  0.0443429  ,  0.00285783 ,  0.153775   ])
31088   , -393.533    , array([ 1.04452    ,  0.0445805  ,  0.00288337 ,  0.154345   ])
31089   , -393.532    , array([ 1.04624    ,  0.0446793  ,  0.00289402 ,  0.154581   ])
31090   , -393.532    , array([ 1.04696    ,  0.0447206  ,  0.00289847 ,  0.15468    ])
31091   , -393.532    , array([ 1.04726    ,  0.0447378  ,  0.00290032 ,  0.154721   ])
31092   , -393.532    , array([ 1.04739    ,  0.044745   ,  0.0029011  ,  0.154739   ])
31093   , -393.532    , array([ 1.04744    ,  0.044748   ,  0.00290142 ,  0.154746   ])
31094   , -393.532    , array([ 1.04746    ,  0.0447492  ,  0.00290156 ,  0.154749   ])
31095   , -393.532    , array([ 1.04747    ,  0.0447497  ,  0.00290162 ,  0.15475    ])
