269389  , -74400.9    , array([ 0.1035     ,  0.286656   ,  1.40342    ,  1.5385e-22 ,  0.000422401])
269390  , -74403.7    , array([ 0.103603   ,  0.286656   ,  1.40342    ,  1.5385e-22 ,  0.000422401])
269391  , -74402.5    , array([ 0.1035     ,  0.286943   ,  1.40342    ,  1.5385e-22 ,  0.000422401])
269392  , -74400.9    , array([ 0.1035     ,  0.286656   ,  1.40483    ,  1.5385e-22 ,  0.000422401])
269393  , -74400.9    , array([ 0.1035     ,  0.286656   ,  1.40342    ,  1.54004e-22,  0.000422401])
269394  , -74396.5    , array([ 0.1035     ,  0.286656   ,  1.40342    ,  1.5385e-22 ,  0.000422824])
269395  , -74400.9    , array([ 0.1035     ,  0.286656   ,  1.40342    ,  1.5385e-22 ,  0.000422401])
269396  , -64994.8    , array([ 0.0616114  ,  0.21371    ,  1.40316    ,  1.5385e-22 ,  0.000954608])
269397  , -64994.8    , array([ 0.0616114  ,  0.21371    ,  1.40316    ,  1.5385e-22 ,  0.000954608])
269398  , -65002      , array([ 0.0616731  ,  0.21371    ,  1.40316    ,  1.5385e-22 ,  0.000954608])
269399  , -64998.8    , array([ 0.0616114  ,  0.213924   ,  1.40316    ,  1.5385e-22 ,  0.000954608])
269400  , -64994.8    , array([ 0.0616114  ,  0.21371    ,  1.40456    ,  1.5385e-22 ,  0.000954608])
269401  , -64994.8    , array([ 0.0616114  ,  0.21371    ,  1.40316    ,  1.54004e-22,  0.000954608])
269402  , -64983.6    , array([ 0.0616114  ,  0.21371    ,  1.40316    ,  1.5385e-22 ,  0.000955563])
269403  , -200464     , array([ 0.00773657 ,  0.0660204  ,  1.40209    ,  1.5385e-22 ,  0.0249015  ])
269404  , -200464     , array([ 0.00773657 ,  0.0660204  ,  1.40209    ,  1.5385e-22 ,  0.0249015  ])
269405  , -200326     , array([ 0.00774431 ,  0.0660204  ,  1.40209    ,  1.5385e-22 ,  0.0249015  ])
269406  , -200480     , array([ 0.00773657 ,  0.0660865  ,  1.40209    ,  1.5385e-22 ,  0.0249015  ])
269407  , -200448     , array([ 0.00773657 ,  0.0660204  ,  1.40349    ,  1.5385e-22 ,  0.0249015  ])
269408  , -200464     , array([ 0.00773657 ,  0.0660204  ,  1.40209    ,  1.54004e-22,  0.0249015  ])
269409  , -200551     , array([ 0.00773657 ,  0.0660204  ,  1.40209    ,  1.5385e-22 ,  0.0249264  ])
269410  , -48685.9    , array([ 0.0371597  ,  0.160512   ,  1.4029     ,  1.5385e-22 ,  0.00211341 ])
269411  , -48685.9    , array([ 0.0371597  ,  0.160512   ,  1.4029     ,  1.5385e-22 ,  0.00211341 ])
269412  , -48691.4    , array([ 0.0371969  ,  0.160512   ,  1.4029     ,  1.5385e-22 ,  0.00211341 ])
269413  , -48693.2    , array([ 0.0371597  ,  0.160673   ,  1.4029     ,  1.5385e-22 ,  0.00211341 ])
269414  , -48685.9    , array([ 0.0371597  ,  0.160512   ,  1.4043     ,  1.5385e-22 ,  0.00211341 ])
269415  , -48685.9    , array([ 0.0371597  ,  0.160512   ,  1.4029     ,  1.54004e-22,  0.00211341 ])
269416  , -48672.7    , array([ 0.0371597  ,  0.160512   ,  1.4029     ,  1.5385e-22 ,  0.00211552 ])
269417  , -43581.1    , array([ 0.0289469  ,  0.139348   ,  1.40277    ,  1.5385e-22 ,  0.00312954 ])
269418  , -43581.1    , array([ 0.0289469  ,  0.139348   ,  1.40277    ,  1.5385e-22 ,  0.00312954 ])
269419  , -43575.7    , array([ 0.0289758  ,  0.139348   ,  1.40277    ,  1.5385e-22 ,  0.00312954 ])
269420  , -43590.2    , array([ 0.0289469  ,  0.139487   ,  1.40277    ,  1.5385e-22 ,  0.00312954 ])
269421  , -43581.1    , array([ 0.0289469  ,  0.139348   ,  1.40417    ,  1.5385e-22 ,  0.00312954 ])
269422  , -43581.1    , array([ 0.0289469  ,  0.139348   ,  1.40277    ,  1.54004e-22,  0.00312954 ])
269423  , -43576.5    , array([ 0.0289469  ,  0.139348   ,  1.40277    ,  1.5385e-22 ,  0.00313267 ])
269431  , -43574.6    , array([ 0.0289331  ,  0.139279   ,  1.40277    ,  1.5385e-22 ,  0.00313264 ])
269432  , -43574.6    , array([ 0.0289331  ,  0.139279   ,  1.40277    ,  1.5385e-22 ,  0.00313264 ])
269433  , -43569.2    , array([ 0.0289621  ,  0.139279   ,  1.40277    ,  1.5385e-22 ,  0.00313264 ])
269434  , -43583.8    , array([ 0.0289331  ,  0.139418   ,  1.40277    ,  1.5385e-22 ,  0.00313264 ])
269435  , -43574.6    , array([ 0.0289331  ,  0.139279   ,  1.40417    ,  1.5385e-22 ,  0.00313264 ])
269436  , -43574.6    , array([ 0.0289331  ,  0.139279   ,  1.40277    ,  1.54004e-22,  0.00313264 ])
269437  , -43570.1    , array([ 0.0289331  ,  0.139279   ,  1.40277    ,  1.5385e-22 ,  0.00313577 ])
269438  , -43495.1    , array([ 0.028756   ,  0.13839    ,  1.40277    ,  1.5385e-22 ,  0.00317291 ])
269439  , -43495.1    , array([ 0.028756   ,  0.13839    ,  1.40277    ,  1.5385e-22 ,  0.00317291 ])
269440  , -43489.2    , array([ 0.0287848  ,  0.13839    ,  1.40277    ,  1.5385e-22 ,  0.00317291 ])
269441  , -43504.3    , array([ 0.028756   ,  0.138529   ,  1.40277    ,  1.5385e-22 ,  0.00317291 ])
269442  , -43495      , array([ 0.028756   ,  0.13839    ,  1.40417    ,  1.5385e-22 ,  0.00317291 ])
269443  , -43495.1    , array([ 0.028756   ,  0.13839    ,  1.40277    ,  1.54004e-22,  0.00317291 ])
269444  , -43490.9    , array([ 0.028756   ,  0.13839    ,  1.40277    ,  1.5385e-22 ,  0.00317608 ])
269445  , -404460     , array([ 0.00292397 ,  0.0127623  ,  1.4028     ,  1.5385e-22 ,  0.368869   ])
269446  , -404460     , array([ 0.00292397 ,  0.0127623  ,  1.4028     ,  1.5385e-22 ,  0.368869   ])
269447  , -404396     , array([ 0.00292689 ,  0.0127623  ,  1.4028     ,  1.5385e-22 ,  0.368869   ])
269448  , -404416     , array([ 0.00292397 ,  0.0127751  ,  1.4028     ,  1.5385e-22 ,  0.368869   ])
269449  , -404390     , array([ 0.00292397 ,  0.0127623  ,  1.4042     ,  1.5385e-22 ,  0.368869   ])
269450  , -404460     , array([ 0.00292397 ,  0.0127623  ,  1.4028     ,  1.54004e-22,  0.368869   ])
269451  , -404453     , array([ 0.00292397 ,  0.0127623  ,  1.4028     ,  1.5385e-22 ,  0.369238   ])
269452  , -43175      , array([ 0.0277508  ,  0.133349   ,  1.40277    ,  1.5385e-22 ,  0.00341672 ])
269453  , -43175      , array([ 0.0277508  ,  0.133349   ,  1.40277    ,  1.5385e-22 ,  0.00341672 ])
269454  , -43166.3    , array([ 0.0277785  ,  0.133349   ,  1.40277    ,  1.5385e-22 ,  0.00341672 ])
269455  , -43184.7    , array([ 0.0277508  ,  0.133483   ,  1.40277    ,  1.5385e-22 ,  0.00341672 ])
269456  , -43175      , array([ 0.0277508  ,  0.133349   ,  1.40417    ,  1.5385e-22 ,  0.00341672 ])
269457  , -43175      , array([ 0.0277508  ,  0.133349   ,  1.40277    ,  1.54004e-22,  0.00341672 ])
269458  , -43173.1    , array([ 0.0277508  ,  0.133349   ,  1.40277    ,  1.5385e-22 ,  0.00342014 ])
269466  , -43175      , array([ 0.0277508  ,  0.133349   ,  1.40277    ,  1.5385e-22 ,  0.00341672 ])
269467  , -43175      , array([ 0.0277508  ,  0.133349   ,  1.40277    ,  1.5385e-22 ,  0.00341672 ])
269468  , -43166.3    , array([ 0.0277785  ,  0.133349   ,  1.40277    ,  1.5385e-22 ,  0.00341672 ])
269469  , -43184.7    , array([ 0.0277508  ,  0.133483   ,  1.40277    ,  1.5385e-22 ,  0.00341672 ])
269470  , -43175      , array([ 0.0277508  ,  0.133349   ,  1.40418    ,  1.5385e-22 ,  0.00341672 ])
269471  , -43175      , array([ 0.0277508  ,  0.133349   ,  1.40277    ,  1.54004e-22,  0.00341672 ])
269472  , -43173.1    , array([ 0.0277508  ,  0.133349   ,  1.40277    ,  1.5385e-22 ,  0.00342014 ])
269473  , -43175      , array([ 0.0277508  ,  0.133349   ,  1.40278    ,  1.5385e-22 ,  0.00341672 ])
269474  , -43175      , array([ 0.0277508  ,  0.133349   ,  1.40278    ,  1.5385e-22 ,  0.00341672 ])
269475  , -43166.3    , array([ 0.0277786  ,  0.133349   ,  1.40278    ,  1.5385e-22 ,  0.00341672 ])
269476  , -43184.7    , array([ 0.0277508  ,  0.133483   ,  1.40278    ,  1.5385e-22 ,  0.00341672 ])
269477  , -43175      , array([ 0.0277508  ,  0.133349   ,  1.40418    ,  1.5385e-22 ,  0.00341672 ])
269478  , -43175      , array([ 0.0277508  ,  0.133349   ,  1.40278    ,  1.54004e-22,  0.00341672 ])
269479  , -43173.1    , array([ 0.0277508  ,  0.133349   ,  1.40278    ,  1.5385e-22 ,  0.00342014 ])
269480  , -42660.5    , array([ 0.0364539  ,  0.174178   ,  4.62221    ,  1.5385e-22 ,  0.00462755 ])
269481  , -42660.5    , array([ 0.0364539  ,  0.174178   ,  4.62221    ,  1.5385e-22 ,  0.00462755 ])
269482  , -42651.8    , array([ 0.0364904  ,  0.174178   ,  4.62221    ,  1.5385e-22 ,  0.00462755 ])
269483  , -42670.3    , array([ 0.0364539  ,  0.174352   ,  4.62221    ,  1.5385e-22 ,  0.00462755 ])
269484  , -42660.4    , array([ 0.0364539  ,  0.174178   ,  4.62683    ,  1.5385e-22 ,  0.00462755 ])
269485  , -42660.5    , array([ 0.0364539  ,  0.174178   ,  4.62221    ,  1.54004e-22,  0.00462755 ])
269486  , -42658.1    , array([ 0.0364539  ,  0.174178   ,  4.62221    ,  1.5385e-22 ,  0.00463218 ])
269487  , -42660.5    , array([ 0.0364539  ,  0.174178   ,  4.62221    ,  1.5385e-22 ,  0.00462755 ])
269488  , -42660.5    , array([ 0.0364539  ,  0.174178   ,  4.62221    ,  1.5385e-22 ,  0.00462755 ])
269489  , -42651.8    , array([ 0.0364904  ,  0.174178   ,  4.62221    ,  1.5385e-22 ,  0.00462755 ])
269490  , -42670.3    , array([ 0.0364539  ,  0.174352   ,  4.62221    ,  1.5385e-22 ,  0.00462755 ])
269491  , -42660.4    , array([ 0.0364539  ,  0.174178   ,  4.62684    ,  1.5385e-22 ,  0.00462755 ])
269492  , -42660.5    , array([ 0.0364539  ,  0.174178   ,  4.62221    ,  1.54004e-22,  0.00462755 ])
269493  , -42658.1    , array([ 0.0364539  ,  0.174178   ,  4.62221    ,  1.5385e-22 ,  0.00463218 ])
269494  , -42660.5    , array([ 0.0364539  ,  0.174178   ,  4.62222    ,  1.5385e-22 ,  0.00462755 ])
269495  , -42660.5    , array([ 0.0364539  ,  0.174178   ,  4.62222    ,  1.5385e-22 ,  0.00462755 ])
269496  , -42651.8    , array([ 0.0364904  ,  0.174178   ,  4.62222    ,  1.5385e-22 ,  0.00462755 ])
269497  , -42670.3    , array([ 0.0364539  ,  0.174352   ,  4.62222    ,  1.5385e-22 ,  0.00462755 ])
269498  , -42660.4    , array([ 0.0364539  ,  0.174178   ,  4.62684    ,  1.5385e-22 ,  0.00462755 ])
269499  , -42660.5    , array([ 0.0364539  ,  0.174178   ,  4.62222    ,  1.54004e-22,  0.00462755 ])
269500  , -42658.1    , array([ 0.0364539  ,  0.174178   ,  4.62222    ,  1.5385e-22 ,  0.00463218 ])
269501  , -42286.5    , array([ 0.0417809  ,  0.199064   ,  8.39035    ,  1.5385e-22 ,  0.00538544 ])
269502  , -42286.5    , array([ 0.0417809  ,  0.199064   ,  8.39035    ,  1.5385e-22 ,  0.00538544 ])
269503  , -42278.4    , array([ 0.0418227  ,  0.199064   ,  8.39035    ,  1.5385e-22 ,  0.00538544 ])
269504  , -42296.3    , array([ 0.0417809  ,  0.199263   ,  8.39035    ,  1.5385e-22 ,  0.00538544 ])
269505  , -42286.3    , array([ 0.0417809  ,  0.199064   ,  8.39875    ,  1.5385e-22 ,  0.00538544 ])
269506  , -42286.5    , array([ 0.0417809  ,  0.199064   ,  8.39035    ,  1.54004e-22,  0.00538544 ])
269507  , -42283.4    , array([ 0.0417809  ,  0.199064   ,  8.39035    ,  1.5385e-22 ,  0.00539083 ])
269508  , -42286.5    , array([ 0.0417809  ,  0.199064   ,  8.39035    ,  1.5385e-22 ,  0.00538545 ])
269509  , -42286.5    , array([ 0.0417809  ,  0.199064   ,  8.39035    ,  1.5385e-22 ,  0.00538545 ])
269510  , -42278.4    , array([ 0.0418227  ,  0.199064   ,  8.39035    ,  1.5385e-22 ,  0.00538545 ])
269511  , -42296.3    , array([ 0.0417809  ,  0.199263   ,  8.39035    ,  1.5385e-22 ,  0.00538545 ])
269512  , -42286.3    , array([ 0.0417809  ,  0.199064   ,  8.39875    ,  1.5385e-22 ,  0.00538545 ])
269513  , -42286.5    , array([ 0.0417809  ,  0.199064   ,  8.39035    ,  1.54004e-22,  0.00538545 ])
269514  , -42283.4    , array([ 0.0417809  ,  0.199064   ,  8.39035    ,  1.5385e-22 ,  0.00539083 ])
269515  , -42286.5    , array([ 0.0417809  ,  0.199064   ,  8.39036    ,  1.5385e-22 ,  0.00538545 ])
269516  , -42286.5    , array([ 0.0417809  ,  0.199064   ,  8.39036    ,  1.5385e-22 ,  0.00538545 ])
269517  , -42278.4    , array([ 0.0418227  ,  0.199064   ,  8.39036    ,  1.5385e-22 ,  0.00538545 ])
269518  , -42296.3    , array([ 0.0417809  ,  0.199263   ,  8.39036    ,  1.5385e-22 ,  0.00538545 ])
269519  , -42286.3    , array([ 0.0417809  ,  0.199064   ,  8.39875    ,  1.5385e-22 ,  0.00538545 ])
269520  , -42286.5    , array([ 0.0417809  ,  0.199064   ,  8.39036    ,  1.54004e-22,  0.00538545 ])
269521  , -42283.4    , array([ 0.0417809  ,  0.199064   ,  8.39036    ,  1.5385e-22 ,  0.00539083 ])
269529  , -42286.5    , array([ 0.0417809  ,  0.199064   ,  8.39036    ,  1.5385e-22 ,  0.00538545 ])
269530  , -42286.5    , array([ 0.0417809  ,  0.199064   ,  8.39036    ,  1.5385e-22 ,  0.00538545 ])
269531  , -42278.4    , array([ 0.0418227  ,  0.199064   ,  8.39036    ,  1.5385e-22 ,  0.00538545 ])
269532  , -42296.3    , array([ 0.0417809  ,  0.199263   ,  8.39036    ,  1.5385e-22 ,  0.00538545 ])
269533  , -42286.3    , array([ 0.0417809  ,  0.199064   ,  8.39875    ,  1.5385e-22 ,  0.00538545 ])
269534  , -42286.5    , array([ 0.0417809  ,  0.199064   ,  8.39036    ,  1.54004e-22,  0.00538545 ])
269535  , -42283.4    , array([ 0.0417809  ,  0.199064   ,  8.39036    ,  1.5385e-22 ,  0.00539083 ])
269536  , -42286.5    , array([ 0.0417809  ,  0.199064   ,  8.39036    ,  1.5385e-22 ,  0.00538545 ])
269537  , -42286.5    , array([ 0.0417809  ,  0.199064   ,  8.39036    ,  1.5385e-22 ,  0.00538545 ])
269538  , -42278.4    , array([ 0.0418227  ,  0.199064   ,  8.39036    ,  1.5385e-22 ,  0.00538545 ])
269539  , -42296.3    , array([ 0.0417809  ,  0.199263   ,  8.39036    ,  1.5385e-22 ,  0.00538545 ])
269540  , -42286.3    , array([ 0.0417809  ,  0.199064   ,  8.39875    ,  1.5385e-22 ,  0.00538545 ])
269541  , -42286.5    , array([ 0.0417809  ,  0.199064   ,  8.39036    ,  1.54004e-22,  0.00538545 ])
269542  , -42283.4    , array([ 0.0417809  ,  0.199064   ,  8.39036    ,  1.5385e-22 ,  0.00539083 ])
269543  , -42176.3    , array([ 0.0432301  ,  0.205823   ,  9.73897    ,  1.5385e-22 ,  0.00559357 ])
269544  , -42176.3    , array([ 0.0432301  ,  0.205823   ,  9.73897    ,  1.5385e-22 ,  0.00559357 ])
269545  , -42168.4    , array([ 0.0432734  ,  0.205823   ,  9.73897    ,  1.5385e-22 ,  0.00559357 ])
269546  , -42186.1    , array([ 0.0432301  ,  0.206029   ,  9.73897    ,  1.5385e-22 ,  0.00559357 ])
269547  , -42176.1    , array([ 0.0432301  ,  0.205823   ,  9.74871    ,  1.5385e-22 ,  0.00559357 ])
269548  , -42176.3    , array([ 0.0432301  ,  0.205823   ,  9.73897    ,  1.54004e-22,  0.00559357 ])
269549  , -42172.9    , array([ 0.0432301  ,  0.205823   ,  9.73897    ,  1.5385e-22 ,  0.00559917 ])
269550  , -42176.3    , array([ 0.0432301  ,  0.205823   ,  9.73897    ,  1.5385e-22 ,  0.00559357 ])
269551  , -42176.3    , array([ 0.0432301  ,  0.205823   ,  9.73897    ,  1.5385e-22 ,  0.00559357 ])
269552  , -42168.4    , array([ 0.0432734  ,  0.205823   ,  9.73897    ,  1.5385e-22 ,  0.00559357 ])
269553  , -42186.1    , array([ 0.0432301  ,  0.206029   ,  9.73897    ,  1.5385e-22 ,  0.00559357 ])
269554  , -42176.1    , array([ 0.0432301  ,  0.205823   ,  9.74871    ,  1.5385e-22 ,  0.00559357 ])
269555  , -42176.3    , array([ 0.0432301  ,  0.205823   ,  9.73897    ,  1.54004e-22,  0.00559357 ])
269556  , -42172.9    , array([ 0.0432301  ,  0.205823   ,  9.73897    ,  1.5385e-22 ,  0.00559917 ])
269557  , -42176.3    , array([ 0.0432301  ,  0.205823   ,  9.73897    ,  1.5385e-22 ,  0.00559357 ])
269558  , -42176.3    , array([ 0.0432301  ,  0.205823   ,  9.73897    ,  1.5385e-22 ,  0.00559357 ])
269559  , -42168.4    , array([ 0.0432734  ,  0.205823   ,  9.73897    ,  1.5385e-22 ,  0.00559357 ])
269560  , -42186.1    , array([ 0.0432301  ,  0.206029   ,  9.73897    ,  1.5385e-22 ,  0.00559357 ])
269561  , -42176.1    , array([ 0.0432301  ,  0.205823   ,  9.74871    ,  1.5385e-22 ,  0.00559357 ])
269562  , -42176.3    , array([ 0.0432301  ,  0.205823   ,  9.73897    ,  1.54004e-22,  0.00559357 ])
269563  , -42172.9    , array([ 0.0432301  ,  0.205823   ,  9.73897    ,  1.5385e-22 ,  0.00559917 ])
269571  , -42176.3    , array([ 0.0432301  ,  0.205823   ,  9.73897    ,  1.5385e-22 ,  0.00559357 ])
269572  , -42176.3    , array([ 0.0432301  ,  0.205823   ,  9.73897    ,  1.5385e-22 ,  0.00559357 ])
269573  , -42168.4    , array([ 0.0432734  ,  0.205823   ,  9.73897    ,  1.5385e-22 ,  0.00559357 ])
269574  , -42186.1    , array([ 0.0432301  ,  0.206029   ,  9.73897    ,  1.5385e-22 ,  0.00559357 ])
269575  , -42176.1    , array([ 0.0432301  ,  0.205823   ,  9.74871    ,  1.5385e-22 ,  0.00559357 ])
269576  , -42176.3    , array([ 0.0432301  ,  0.205823   ,  9.73897    ,  1.54004e-22,  0.00559357 ])
269577  , -42172.9    , array([ 0.0432301  ,  0.205823   ,  9.73897    ,  1.5385e-22 ,  0.00559917 ])
269578  , -42176.3    , array([ 0.0432301  ,  0.205823   ,  9.73897    ,  1.5385e-22 ,  0.00559357 ])
269579  , -42176.3    , array([ 0.0432301  ,  0.205823   ,  9.73897    ,  1.5385e-22 ,  0.00559357 ])
269580  , -42168.4    , array([ 0.0432734  ,  0.205823   ,  9.73897    ,  1.5385e-22 ,  0.00559357 ])
269581  , -42186.1    , array([ 0.0432301  ,  0.206029   ,  9.73897    ,  1.5385e-22 ,  0.00559357 ])
269582  , -42176.1    , array([ 0.0432301  ,  0.205823   ,  9.74871    ,  1.5385e-22 ,  0.00559357 ])
269583  , -42176.3    , array([ 0.0432301  ,  0.205823   ,  9.73897    ,  1.54004e-22,  0.00559357 ])
269584  , -42172.9    , array([ 0.0432301  ,  0.205823   ,  9.73897    ,  1.5385e-22 ,  0.00559917 ])
269592  , -42176.3    , array([ 0.0432301  ,  0.205823   ,  9.73897    ,  1.5385e-22 ,  0.00559357 ])
269593  , -42176.3    , array([ 0.0432301  ,  0.205823   ,  9.73897    ,  1.5385e-22 ,  0.00559357 ])
269594  , -42168.4    , array([ 0.0432734  ,  0.205823   ,  9.73897    ,  1.5385e-22 ,  0.00559357 ])
269595  , -42186.1    , array([ 0.0432301  ,  0.206029   ,  9.73897    ,  1.5385e-22 ,  0.00559357 ])
269596  , -42176.1    , array([ 0.0432301  ,  0.205823   ,  9.74871    ,  1.5385e-22 ,  0.00559357 ])
269597  , -42176.3    , array([ 0.0432301  ,  0.205823   ,  9.73897    ,  1.54004e-22,  0.00559357 ])
269598  , -42172.9    , array([ 0.0432301  ,  0.205823   ,  9.73897    ,  1.5385e-22 ,  0.00559917 ])
269599  , -42176.3    , array([ 0.0432301  ,  0.205823   ,  9.73897    ,  1.5385e-22 ,  0.00559357 ])
269600  , -42176.3    , array([ 0.0432301  ,  0.205823   ,  9.73897    ,  1.5385e-22 ,  0.00559357 ])
269601  , -42168.4    , array([ 0.0432734  ,  0.205823   ,  9.73897    ,  1.5385e-22 ,  0.00559357 ])
269602  , -42186.1    , array([ 0.0432301  ,  0.206029   ,  9.73897    ,  1.5385e-22 ,  0.00559357 ])
269603  , -42176.1    , array([ 0.0432301  ,  0.205823   ,  9.74871    ,  1.5385e-22 ,  0.00559357 ])
269604  , -42176.3    , array([ 0.0432301  ,  0.205823   ,  9.73897    ,  1.54004e-22,  0.00559357 ])
269605  , -42172.9    , array([ 0.0432301  ,  0.205823   ,  9.73897    ,  1.5385e-22 ,  0.00559917 ])
269606  , -42162.1    , array([ 0.0434148  ,  0.206683   ,  9.92212    ,  1.5385e-22 ,  0.00562015 ])
269607  , -42162.1    , array([ 0.0434148  ,  0.206683   ,  9.92212    ,  1.5385e-22 ,  0.00562015 ])
269608  , -42154.2    , array([ 0.0434582  ,  0.206683   ,  9.92212    ,  1.5385e-22 ,  0.00562015 ])
269609  , -42171.8    , array([ 0.0434148  ,  0.20689    ,  9.92212    ,  1.5385e-22 ,  0.00562015 ])
269610  , -42161.8    , array([ 0.0434148  ,  0.206683   ,  9.93205    ,  1.5385e-22 ,  0.00562015 ])
269611  , -42162.1    , array([ 0.0434148  ,  0.206683   ,  9.92212    ,  1.54004e-22,  0.00562015 ])
269612  , -42158.6    , array([ 0.0434148  ,  0.206683   ,  9.92212    ,  1.5385e-22 ,  0.00562577 ])
269613  , -42162.1    , array([ 0.0434148  ,  0.206683   ,  9.92212    ,  1.5385e-22 ,  0.00562015 ])
269614  , -42162.1    , array([ 0.0434148  ,  0.206683   ,  9.92212    ,  1.5385e-22 ,  0.00562015 ])
269615  , -42154.2    , array([ 0.0434582  ,  0.206683   ,  9.92212    ,  1.5385e-22 ,  0.00562015 ])
269616  , -42171.8    , array([ 0.0434148  ,  0.20689    ,  9.92212    ,  1.5385e-22 ,  0.00562015 ])
269617  , -42161.8    , array([ 0.0434148  ,  0.206683   ,  9.93205    ,  1.5385e-22 ,  0.00562015 ])
269618  , -42162.1    , array([ 0.0434148  ,  0.206683   ,  9.92212    ,  1.54004e-22,  0.00562015 ])
269619  , -42158.6    , array([ 0.0434148  ,  0.206683   ,  9.92212    ,  1.5385e-22 ,  0.00562577 ])
269620  , -42162.1    , array([ 0.0434148  ,  0.206683   ,  9.92212    ,  1.5385e-22 ,  0.00562015 ])
269621  , -42162.1    , array([ 0.0434148  ,  0.206683   ,  9.92212    ,  1.5385e-22 ,  0.00562015 ])
269622  , -42154.2    , array([ 0.0434582  ,  0.206683   ,  9.92212    ,  1.5385e-22 ,  0.00562015 ])
269623  , -42171.8    , array([ 0.0434148  ,  0.20689    ,  9.92212    ,  1.5385e-22 ,  0.00562015 ])
269624  , -42161.8    , array([ 0.0434148  ,  0.206683   ,  9.93205    ,  1.5385e-22 ,  0.00562015 ])
269625  , -42162.1    , array([ 0.0434148  ,  0.206683   ,  9.92212    ,  1.54004e-22,  0.00562015 ])
269626  , -42158.6    , array([ 0.0434148  ,  0.206683   ,  9.92212    ,  1.5385e-22 ,  0.00562577 ])
269634  , -42162.1    , array([ 0.0434148  ,  0.206683   ,  9.92212    ,  1.5385e-22 ,  0.00562015 ])
269635  , -42162.1    , array([ 0.0434148  ,  0.206683   ,  9.92212    ,  1.5385e-22 ,  0.00562015 ])
269636  , -42154.2    , array([ 0.0434582  ,  0.206683   ,  9.92212    ,  1.5385e-22 ,  0.00562015 ])
269637  , -42171.8    , array([ 0.0434148  ,  0.20689    ,  9.92212    ,  1.5385e-22 ,  0.00562015 ])
269638  , -42161.8    , array([ 0.0434148  ,  0.206683   ,  9.93205    ,  1.5385e-22 ,  0.00562015 ])
269639  , -42162.1    , array([ 0.0434148  ,  0.206683   ,  9.92212    ,  1.54004e-22,  0.00562015 ])
269640  , -42158.6    , array([ 0.0434148  ,  0.206683   ,  9.92212    ,  1.5385e-22 ,  0.00562577 ])
269641  , -42162.1    , array([ 0.0434148  ,  0.206683   ,  9.92212    ,  1.5385e-22 ,  0.00562015 ])
269642  , -42162.1    , array([ 0.0434148  ,  0.206683   ,  9.92212    ,  1.5385e-22 ,  0.00562015 ])
269643  , -42154.2    , array([ 0.0434582  ,  0.206683   ,  9.92212    ,  1.5385e-22 ,  0.00562015 ])
269644  , -42171.8    , array([ 0.0434148  ,  0.20689    ,  9.92212    ,  1.5385e-22 ,  0.00562015 ])
269645  , -42161.8    , array([ 0.0434148  ,  0.206683   ,  9.93205    ,  1.5385e-22 ,  0.00562015 ])
269646  , -42162.1    , array([ 0.0434148  ,  0.206683   ,  9.92212    ,  1.54004e-22,  0.00562015 ])
269647  , -42158.6    , array([ 0.0434148  ,  0.206683   ,  9.92212    ,  1.5385e-22 ,  0.00562577 ])
269648  , -42158.5    , array([ 0.0434611  ,  0.206899   ,  9.96844    ,  1.5385e-22 ,  0.00562681 ])
269649  , -42158.5    , array([ 0.0434611  ,  0.206899   ,  9.96844    ,  1.5385e-22 ,  0.00562681 ])
269650  , -42150.6    , array([ 0.0435046  ,  0.206899   ,  9.96844    ,  1.5385e-22 ,  0.00562681 ])
269651  , -42168.3    , array([ 0.0434611  ,  0.207106   ,  9.96844    ,  1.5385e-22 ,  0.00562681 ])
269652  , -42158.2    , array([ 0.0434611  ,  0.206899   ,  9.97842    ,  1.5385e-22 ,  0.00562681 ])
269653  , -42158.5    , array([ 0.0434611  ,  0.206899   ,  9.96844    ,  1.54004e-22,  0.00562681 ])
269654  , -42155      , array([ 0.0434611  ,  0.206899   ,  9.96844    ,  1.5385e-22 ,  0.00563244 ])
269655  , -42158.5    , array([ 0.0434611  ,  0.206899   ,  9.96844    ,  1.5385e-22 ,  0.00562681 ])
269656  , -42158.5    , array([ 0.0434611  ,  0.206899   ,  9.96844    ,  1.5385e-22 ,  0.00562681 ])
269657  , -42150.6    , array([ 0.0435046  ,  0.206899   ,  9.96844    ,  1.5385e-22 ,  0.00562681 ])
269658  , -42168.3    , array([ 0.0434611  ,  0.207106   ,  9.96844    ,  1.5385e-22 ,  0.00562681 ])
269659  , -42158.2    , array([ 0.0434611  ,  0.206899   ,  9.97842    ,  1.5385e-22 ,  0.00562681 ])
269660  , -42158.5    , array([ 0.0434611  ,  0.206899   ,  9.96844    ,  1.54004e-22,  0.00562681 ])
269661  , -42155      , array([ 0.0434611  ,  0.206899   ,  9.96844    ,  1.5385e-22 ,  0.00563244 ])
269662  , -42158.5    , array([ 0.0434611  ,  0.206899   ,  9.96844    ,  1.5385e-22 ,  0.00562681 ])
269663  , -42158.5    , array([ 0.0434611  ,  0.206899   ,  9.96844    ,  1.5385e-22 ,  0.00562681 ])
269664  , -42150.6    , array([ 0.0435046  ,  0.206899   ,  9.96844    ,  1.5385e-22 ,  0.00562681 ])
269665  , -42168.3    , array([ 0.0434611  ,  0.207106   ,  9.96844    ,  1.5385e-22 ,  0.00562681 ])
269666  , -42158.2    , array([ 0.0434611  ,  0.206899   ,  9.97842    ,  1.5385e-22 ,  0.00562681 ])
269667  , -42158.5    , array([ 0.0434611  ,  0.206899   ,  9.96844    ,  1.54004e-22,  0.00562681 ])
269668  , -42155      , array([ 0.0434611  ,  0.206899   ,  9.96844    ,  1.5385e-22 ,  0.00563244 ])
269669  , -42156.7    , array([ 0.0434842  ,  0.207007   ,  9.99169    ,  1.5385e-22 ,  0.00563015 ])
269670  , -42156.7    , array([ 0.0434842  ,  0.207007   ,  9.99169    ,  1.5385e-22 ,  0.00563015 ])
269671  , -42148.9    , array([ 0.0435277  ,  0.207007   ,  9.99169    ,  1.5385e-22 ,  0.00563015 ])
269672  , -42166.5    , array([ 0.0434842  ,  0.207214   ,  9.99169    ,  1.5385e-22 ,  0.00563015 ])
269674  , -42156.7    , array([ 0.0434842  ,  0.207007   ,  9.99169    ,  1.54004e-22,  0.00563015 ])
269675  , -42153.2    , array([ 0.0434842  ,  0.207007   ,  9.99169    ,  1.5385e-22 ,  0.00563578 ])
269676  , -42158.5    , array([ 0.0434611  ,  0.206899   ,  9.96844    ,  1.5385e-22 ,  0.00562681 ])
269677  , -42158.5    , array([ 0.0434611  ,  0.206899   ,  9.96844    ,  1.5385e-22 ,  0.00562681 ])
269678  , -42150.6    , array([ 0.0435046  ,  0.206899   ,  9.96844    ,  1.5385e-22 ,  0.00562681 ])
269679  , -42168.3    , array([ 0.0434611  ,  0.207106   ,  9.96844    ,  1.5385e-22 ,  0.00562681 ])
269680  , -42158.2    , array([ 0.0434611  ,  0.206899   ,  9.97842    ,  1.5385e-22 ,  0.00562681 ])
269681  , -42158.5    , array([ 0.0434611  ,  0.206899   ,  9.96844    ,  1.54004e-22,  0.00562681 ])
269682  , -42155      , array([ 0.0434611  ,  0.206899   ,  9.96844    ,  1.5385e-22 ,  0.00563244 ])
269683  , -42157.3    , array([ 0.0434765  ,  0.206971   ,  9.98393    ,  1.5385e-22 ,  0.00562903 ])
269684  , -42157.3    , array([ 0.0434765  ,  0.206971   ,  9.98393    ,  1.5385e-22 ,  0.00562903 ])
269685  , -42149.4    , array([ 0.04352    ,  0.206971   ,  9.98393    ,  1.5385e-22 ,  0.00562903 ])
269686  , -42167.1    , array([ 0.0434765  ,  0.207178   ,  9.98393    ,  1.5385e-22 ,  0.00562903 ])
269687  , -42157.1    , array([ 0.0434765  ,  0.206971   ,  9.99392    ,  1.5385e-22 ,  0.00562903 ])
269688  , -42157.3    , array([ 0.0434765  ,  0.206971   ,  9.98393    ,  1.54004e-22,  0.00562903 ])
269689  , -42153.8    , array([ 0.0434765  ,  0.206971   ,  9.98393    ,  1.5385e-22 ,  0.00563467 ])
269690  , -42156.9    , array([ 0.0434817  ,  0.206995   ,  9.9891     ,  1.5385e-22 ,  0.00562977 ])
269691  , -42156.9    , array([ 0.0434817  ,  0.206995   ,  9.9891     ,  1.5385e-22 ,  0.00562977 ])
269692  , -42149.1    , array([ 0.0435252  ,  0.206995   ,  9.9891     ,  1.5385e-22 ,  0.00562977 ])
269693  , -42166.7    , array([ 0.0434817  ,  0.207202   ,  9.9891     ,  1.5385e-22 ,  0.00562977 ])
269694  , -42156.7    , array([ 0.0434817  ,  0.206995   ,  9.99909    ,  1.5385e-22 ,  0.00562977 ])
269695  , -42156.9    , array([ 0.0434817  ,  0.206995   ,  9.9891     ,  1.54004e-22,  0.00562977 ])
269696  , -42153.4    , array([ 0.0434817  ,  0.206995   ,  9.9891     ,  1.5385e-22 ,  0.00563541 ])
269697  , -42156.8    , array([ 0.0434834  ,  0.207003   ,  9.99082    ,  1.5385e-22 ,  0.00563002 ])
269698  , -42156.8    , array([ 0.0434834  ,  0.207003   ,  9.99082    ,  1.5385e-22 ,  0.00563002 ])
269699  , -42148.9    , array([ 0.0435269  ,  0.207003   ,  9.99082    ,  1.5385e-22 ,  0.00563002 ])
269700  , -42166.5    , array([ 0.0434834  ,  0.20721    ,  9.99082    ,  1.5385e-22 ,  0.00563002 ])
269702  , -42156.8    , array([ 0.0434834  ,  0.207003   ,  9.99082    ,  1.54004e-22,  0.00563002 ])
269703  , -42153.3    , array([ 0.0434834  ,  0.207003   ,  9.99082    ,  1.5385e-22 ,  0.00563565 ])
269704  , -42156.7    , array([ 0.0434841  ,  0.207006   ,  9.9915     ,  1.5385e-22 ,  0.00563012 ])
269705  , -42156.7    , array([ 0.0434841  ,  0.207006   ,  9.9915     ,  1.5385e-22 ,  0.00563012 ])
269706  , -42148.9    , array([ 0.0435276  ,  0.207006   ,  9.9915     ,  1.5385e-22 ,  0.00563012 ])
269707  , -42166.5    , array([ 0.0434841  ,  0.207213   ,  9.9915     ,  1.5385e-22 ,  0.00563012 ])
269709  , -42156.7    , array([ 0.0434841  ,  0.207006   ,  9.9915     ,  1.54004e-22,  0.00563012 ])
269710  , -42153.2    , array([ 0.0434841  ,  0.207006   ,  9.9915     ,  1.5385e-22 ,  0.00563575 ])
269711  , -42156.7    , array([ 0.0434842  ,  0.207007   ,  9.99165    ,  1.5385e-22 ,  0.00563014 ])
269712  , -42156.7    , array([ 0.0434842  ,  0.207007   ,  9.99165    ,  1.5385e-22 ,  0.00563014 ])
269713  , -42148.9    , array([ 0.0435277  ,  0.207007   ,  9.99165    ,  1.5385e-22 ,  0.00563014 ])
269714  , -42166.5    , array([ 0.0434842  ,  0.207214   ,  9.99165    ,  1.5385e-22 ,  0.00563014 ])
269716  , -42156.7    , array([ 0.0434842  ,  0.207007   ,  9.99165    ,  1.54004e-22,  0.00563014 ])
269717  , -42153.2    , array([ 0.0434842  ,  0.207007   ,  9.99165    ,  1.5385e-22 ,  0.00563577 ])
269718  , -42156.7    , array([ 0.0434842  ,  0.207007   ,  9.99168    ,  1.5385e-22 ,  0.00563014 ])
269719  , -42156.7    , array([ 0.0434842  ,  0.207007   ,  9.99168    ,  1.5385e-22 ,  0.00563014 ])
269720  , -42148.9    , array([ 0.0435277  ,  0.207007   ,  9.99168    ,  1.5385e-22 ,  0.00563014 ])
269721  , -42166.5    , array([ 0.0434842  ,  0.207214   ,  9.99168    ,  1.5385e-22 ,  0.00563014 ])
269723  , -42156.7    , array([ 0.0434842  ,  0.207007   ,  9.99168    ,  1.54004e-22,  0.00563014 ])
269724  , -42153.2    , array([ 0.0434842  ,  0.207007   ,  9.99168    ,  1.5385e-22 ,  0.00563578 ])
269725  , -42156.7    , array([ 0.0434842  ,  0.207007   ,  9.99168    ,  1.5385e-22 ,  0.00563014 ])
269726  , -42156.7    , array([ 0.0434842  ,  0.207007   ,  9.99168    ,  1.5385e-22 ,  0.00563014 ])
269727  , -42148.9    , array([ 0.0435277  ,  0.207007   ,  9.99168    ,  1.5385e-22 ,  0.00563014 ])
269728  , -42166.5    , array([ 0.0434842  ,  0.207214   ,  9.99168    ,  1.5385e-22 ,  0.00563014 ])
269730  , -42156.7    , array([ 0.0434842  ,  0.207007   ,  9.99168    ,  1.54004e-22,  0.00563014 ])
269731  , -42153.2    , array([ 0.0434842  ,  0.207007   ,  9.99168    ,  1.5385e-22 ,  0.00563578 ])
269732  , -42156.7    , array([ 0.0434842  ,  0.207007   ,  9.99169    ,  1.5385e-22 ,  0.00563014 ])
269733  , -42156.7    , array([ 0.0434842  ,  0.207007   ,  9.99169    ,  1.5385e-22 ,  0.00563014 ])
269734  , -42148.9    , array([ 0.0435277  ,  0.207007   ,  9.99169    ,  1.5385e-22 ,  0.00563014 ])
269735  , -42166.5    , array([ 0.0434842  ,  0.207214   ,  9.99169    ,  1.5385e-22 ,  0.00563014 ])
269737  , -42156.7    , array([ 0.0434842  ,  0.207007   ,  9.99169    ,  1.54004e-22,  0.00563014 ])
269738  , -42153.2    , array([ 0.0434842  ,  0.207007   ,  9.99169    ,  1.5385e-22 ,  0.00563578 ])
269739  , -42156.7    , array([ 0.0434842  ,  0.207007   ,  9.99169    ,  1.5385e-22 ,  0.00563015 ])
269740  , -42156.7    , array([ 0.0434842  ,  0.207007   ,  9.99169    ,  1.5385e-22 ,  0.00563015 ])
269741  , -42148.9    , array([ 0.0435277  ,  0.207007   ,  9.99169    ,  1.5385e-22 ,  0.00563015 ])
269742  , -42166.5    , array([ 0.0434842  ,  0.207214   ,  9.99169    ,  1.5385e-22 ,  0.00563015 ])
269744  , -42156.7    , array([ 0.0434842  ,  0.207007   ,  9.99169    ,  1.54004e-22,  0.00563015 ])
269745  , -42153.2    , array([ 0.0434842  ,  0.207007   ,  9.99169    ,  1.5385e-22 ,  0.00563578 ])
269746  , -42156.7    , array([ 0.0434842  ,  0.207007   ,  9.99169    ,  1.5385e-22 ,  0.00563015 ])
269747  , -42156.7    , array([ 0.0434842  ,  0.207007   ,  9.99169    ,  1.5385e-22 ,  0.00563015 ])
269748  , -42148.9    , array([ 0.0435277  ,  0.207007   ,  9.99169    ,  1.5385e-22 ,  0.00563015 ])
269749  , -42166.5    , array([ 0.0434842  ,  0.207214   ,  9.99169    ,  1.5385e-22 ,  0.00563015 ])
269751  , -42156.7    , array([ 0.0434842  ,  0.207007   ,  9.99169    ,  1.54004e-22,  0.00563015 ])
269752  , -42153.2    , array([ 0.0434842  ,  0.207007   ,  9.99169    ,  1.5385e-22 ,  0.00563578 ])
269753  , -42156.7    , array([ 0.0434842  ,  0.207007   ,  9.99169    ,  1.5385e-22 ,  0.00563015 ])
269754  , -42156.7    , array([ 0.0434842  ,  0.207007   ,  9.99169    ,  1.5385e-22 ,  0.00563015 ])
269755  , -42148.9    , array([ 0.0435277  ,  0.207007   ,  9.99169    ,  1.5385e-22 ,  0.00563015 ])
269756  , -42166.5    , array([ 0.0434842  ,  0.207214   ,  9.99169    ,  1.5385e-22 ,  0.00563015 ])
269758  , -42156.7    , array([ 0.0434842  ,  0.207007   ,  9.99169    ,  1.54004e-22,  0.00563015 ])
269759  , -42153.2    , array([ 0.0434842  ,  0.207007   ,  9.99169    ,  1.5385e-22 ,  0.00563578 ])
269760  , -42156.7    , array([ 0.0434842  ,  0.207007   ,  9.99169    ,  1.5385e-22 ,  0.00563015 ])
269761  , -42156.7    , array([ 0.0434842  ,  0.207007   ,  9.99169    ,  1.5385e-22 ,  0.00563015 ])
269762  , -42148.9    , array([ 0.0435277  ,  0.207007   ,  9.99169    ,  1.5385e-22 ,  0.00563015 ])
269763  , -42166.5    , array([ 0.0434842  ,  0.207214   ,  9.99169    ,  1.5385e-22 ,  0.00563015 ])
269765  , -42156.7    , array([ 0.0434842  ,  0.207007   ,  9.99169    ,  1.54004e-22,  0.00563015 ])
269766  , -42153.2    , array([ 0.0434842  ,  0.207007   ,  9.99169    ,  1.5385e-22 ,  0.00563578 ])
269767  , -42156.7    , array([ 0.0434842  ,  0.207007   ,  9.99169    ,  1.5385e-22 ,  0.00563015 ])
269768  , -42156.7    , array([ 0.0434842  ,  0.207007   ,  9.99169    ,  1.5385e-22 ,  0.00563015 ])
269769  , -42148.9    , array([ 0.0435277  ,  0.207007   ,  9.99169    ,  1.5385e-22 ,  0.00563015 ])
269770  , -42166.5    , array([ 0.0434842  ,  0.207214   ,  9.99169    ,  1.5385e-22 ,  0.00563015 ])
269772  , -42156.7    , array([ 0.0434842  ,  0.207007   ,  9.99169    ,  1.54004e-22,  0.00563015 ])
269773  , -42153.2    , array([ 0.0434842  ,  0.207007   ,  9.99169    ,  1.5385e-22 ,  0.00563578 ])
269774  , -42156.7    , array([ 0.0434842  ,  0.207007   ,  9.99169    ,  1.5385e-22 ,  0.00563015 ])
269775  , -42156.7    , array([ 0.0434842  ,  0.207007   ,  9.99169    ,  1.5385e-22 ,  0.00563015 ])
269776  , -42148.9    , array([ 0.0435277  ,  0.207007   ,  9.99169    ,  1.5385e-22 ,  0.00563015 ])
269777  , -42166.5    , array([ 0.0434842  ,  0.207214   ,  9.99169    ,  1.5385e-22 ,  0.00563015 ])
269779  , -42156.7    , array([ 0.0434842  ,  0.207007   ,  9.99169    ,  1.54004e-22,  0.00563015 ])
269780  , -42153.2    , array([ 0.0434842  ,  0.207007   ,  9.99169    ,  1.5385e-22 ,  0.00563578 ])
269781  , -42156.7    , array([ 0.0434842  ,  0.207007   ,  9.99169    ,  1.5385e-22 ,  0.00563015 ])
269782  , -42156.7    , array([ 0.0434842  ,  0.207007   ,  9.99169    ,  1.5385e-22 ,  0.00563015 ])
269783  , -42148.9    , array([ 0.0435277  ,  0.207007   ,  9.99169    ,  1.5385e-22 ,  0.00563015 ])
269784  , -42166.5    , array([ 0.0434842  ,  0.207214   ,  9.99169    ,  1.5385e-22 ,  0.00563015 ])
269786  , -42156.7    , array([ 0.0434842  ,  0.207007   ,  9.99169    ,  1.54004e-22,  0.00563015 ])
269787  , -42153.2    , array([ 0.0434842  ,  0.207007   ,  9.99169    ,  1.5385e-22 ,  0.00563578 ])
269788  , -42156.7    , array([ 0.0434842  ,  0.207007   ,  9.99169    ,  1.5385e-22 ,  0.00563015 ])
269789  , -42156.7    , array([ 0.0434842  ,  0.207007   ,  9.99169    ,  1.5385e-22 ,  0.00563015 ])
269790  , -42148.9    , array([ 0.0435277  ,  0.207007   ,  9.99169    ,  1.5385e-22 ,  0.00563015 ])
269791  , -42166.5    , array([ 0.0434842  ,  0.207214   ,  9.99169    ,  1.5385e-22 ,  0.00563015 ])
269793  , -42156.7    , array([ 0.0434842  ,  0.207007   ,  9.99169    ,  1.54004e-22,  0.00563015 ])
269794  , -42153.2    , array([ 0.0434842  ,  0.207007   ,  9.99169    ,  1.5385e-22 ,  0.00563578 ])
269795  , -42156.7    , array([ 0.0434842  ,  0.207007   ,  9.99169    ,  1.5385e-22 ,  0.00563015 ])
269796  , -42156.7    , array([ 0.0434842  ,  0.207007   ,  9.99169    ,  1.5385e-22 ,  0.00563015 ])
269797  , -42148.9    , array([ 0.0435277  ,  0.207007   ,  9.99169    ,  1.5385e-22 ,  0.00563015 ])
269798  , -42166.5    , array([ 0.0434842  ,  0.207214   ,  9.99169    ,  1.5385e-22 ,  0.00563015 ])
269800  , -42156.7    , array([ 0.0434842  ,  0.207007   ,  9.99169    ,  1.54004e-22,  0.00563015 ])
269801  , -42153.2    , array([ 0.0434842  ,  0.207007   ,  9.99169    ,  1.5385e-22 ,  0.00563578 ])
269802  , -42156.7    , array([ 0.0434842  ,  0.207007   ,  9.99169    ,  1.5385e-22 ,  0.00563015 ])
269803  , -42156.7    , array([ 0.0434842  ,  0.207007   ,  9.99169    ,  1.5385e-22 ,  0.00563015 ])
269804  , -42148.9    , array([ 0.0435277  ,  0.207007   ,  9.99169    ,  1.5385e-22 ,  0.00563015 ])
269805  , -42166.5    , array([ 0.0434842  ,  0.207214   ,  9.99169    ,  1.5385e-22 ,  0.00563015 ])
269807  , -42156.7    , array([ 0.0434842  ,  0.207007   ,  9.99169    ,  1.54004e-22,  0.00563015 ])
269808  , -42153.2    , array([ 0.0434842  ,  0.207007   ,  9.99169    ,  1.5385e-22 ,  0.00563578 ])
269809  , -42156.7    , array([ 0.0434842  ,  0.207007   ,  9.99169    ,  1.5385e-22 ,  0.00563015 ])
269810  , -42156.7    , array([ 0.0434842  ,  0.207007   ,  9.99169    ,  1.5385e-22 ,  0.00563015 ])
269811  , -42148.9    , array([ 0.0435277  ,  0.207007   ,  9.99169    ,  1.5385e-22 ,  0.00563015 ])
269812  , -42166.5    , array([ 0.0434842  ,  0.207214   ,  9.99169    ,  1.5385e-22 ,  0.00563015 ])
269814  , -42156.7    , array([ 0.0434842  ,  0.207007   ,  9.99169    ,  1.54004e-22,  0.00563015 ])
269815  , -42153.2    , array([ 0.0434842  ,  0.207007   ,  9.99169    ,  1.5385e-22 ,  0.00563578 ])
269817  , -42660.5    , array([ 0.0364539  ,  0.174177   ,  4.62219    ,  1.5385e-22 ,  0.00462754 ])
269818  , -42660.5    , array([ 0.0364539  ,  0.174177   ,  4.62219    ,  1.5385e-22 ,  0.00462754 ])
269819  , -42651.8    , array([ 0.0364903  ,  0.174177   ,  4.62219    ,  1.5385e-22 ,  0.00462754 ])
269820  , -42670.3    , array([ 0.0364539  ,  0.174352   ,  4.62219    ,  1.5385e-22 ,  0.00462754 ])
269821  , -42660.4    , array([ 0.0364539  ,  0.174177   ,  4.62682    ,  1.5385e-22 ,  0.00462754 ])
269822  , -42660.5    , array([ 0.0364539  ,  0.174177   ,  4.62219    ,  1.54004e-22,  0.00462754 ])
269823  , -42658.1    , array([ 0.0364539  ,  0.174177   ,  4.62219    ,  1.5385e-22 ,  0.00463217 ])
269824  , -42286.5    , array([ 0.0417809  ,  0.199064   ,  8.39033    ,  1.5385e-22 ,  0.00538544 ])
269825  , -42286.5    , array([ 0.0417809  ,  0.199064   ,  8.39033    ,  1.5385e-22 ,  0.00538544 ])
269826  , -42278.4    , array([ 0.0418227  ,  0.199064   ,  8.39033    ,  1.5385e-22 ,  0.00538544 ])
269827  , -42296.3    , array([ 0.0417809  ,  0.199263   ,  8.39033    ,  1.5385e-22 ,  0.00538544 ])
269828  , -42286.3    , array([ 0.0417809  ,  0.199064   ,  8.39872    ,  1.5385e-22 ,  0.00538544 ])
269829  , -42286.5    , array([ 0.0417809  ,  0.199064   ,  8.39033    ,  1.54004e-22,  0.00538544 ])
269830  , -42283.4    , array([ 0.0417809  ,  0.199064   ,  8.39033    ,  1.5385e-22 ,  0.00539083 ])
269832  , -42176.3    , array([ 0.0432301  ,  0.205823   ,  9.73894    ,  1.5385e-22 ,  0.00559357 ])
269833  , -42176.3    , array([ 0.0432301  ,  0.205823   ,  9.73894    ,  1.5385e-22 ,  0.00559357 ])
269834  , -42168.4    , array([ 0.0432734  ,  0.205823   ,  9.73894    ,  1.5385e-22 ,  0.00559357 ])
269835  , -42186.1    , array([ 0.0432301  ,  0.206028   ,  9.73894    ,  1.5385e-22 ,  0.00559357 ])
269836  , -42176.1    , array([ 0.0432301  ,  0.205823   ,  9.74868    ,  1.5385e-22 ,  0.00559357 ])
269837  , -42176.3    , array([ 0.0432301  ,  0.205823   ,  9.73894    ,  1.54004e-22,  0.00559357 ])
269838  , -42172.9    , array([ 0.0432301  ,  0.205823   ,  9.73894    ,  1.5385e-22 ,  0.00559916 ])
269841  , -42162.1    , array([ 0.0434148  ,  0.206683   ,  9.92209    ,  1.5385e-22 ,  0.00562014 ])
269842  , -42162.1    , array([ 0.0434148  ,  0.206683   ,  9.92209    ,  1.5385e-22 ,  0.00562014 ])
269843  , -42154.2    , array([ 0.0434582  ,  0.206683   ,  9.92209    ,  1.5385e-22 ,  0.00562014 ])
269844  , -42171.8    , array([ 0.0434148  ,  0.20689    ,  9.92209    ,  1.5385e-22 ,  0.00562014 ])
269845  , -42161.8    , array([ 0.0434148  ,  0.206683   ,  9.93202    ,  1.5385e-22 ,  0.00562014 ])
269846  , -42162.1    , array([ 0.0434148  ,  0.206683   ,  9.92209    ,  1.54004e-22,  0.00562014 ])
269847  , -42158.6    , array([ 0.0434148  ,  0.206683   ,  9.92209    ,  1.5385e-22 ,  0.00562577 ])
269849  , -42158.5    , array([ 0.0434611  ,  0.206899   ,  9.96841    ,  1.5385e-22 ,  0.00562681 ])
269850  , -42158.5    , array([ 0.0434611  ,  0.206899   ,  9.96841    ,  1.5385e-22 ,  0.00562681 ])
269851  , -42150.6    , array([ 0.0435045  ,  0.206899   ,  9.96841    ,  1.5385e-22 ,  0.00562681 ])
269852  , -42168.3    , array([ 0.0434611  ,  0.207106   ,  9.96841    ,  1.5385e-22 ,  0.00562681 ])
269853  , -42158.3    , array([ 0.0434611  ,  0.206899   ,  9.97839    ,  1.5385e-22 ,  0.00562681 ])
269854  , -42158.5    , array([ 0.0434611  ,  0.206899   ,  9.96841    ,  1.54004e-22,  0.00562681 ])
269855  , -42155      , array([ 0.0434611  ,  0.206899   ,  9.96841    ,  1.5385e-22 ,  0.00563244 ])
269856  , -42156.7    , array([ 0.0434842  ,  0.207007   ,  9.99166    ,  1.5385e-22 ,  0.00563014 ])
269857  , -42156.7    , array([ 0.0434842  ,  0.207007   ,  9.99166    ,  1.5385e-22 ,  0.00563014 ])
269858  , -42148.9    , array([ 0.0435277  ,  0.207007   ,  9.99166    ,  1.5385e-22 ,  0.00563014 ])
269859  , -42166.5    , array([ 0.0434842  ,  0.207214   ,  9.99166    ,  1.5385e-22 ,  0.00563014 ])
269861  , -42156.7    , array([ 0.0434842  ,  0.207007   ,  9.99166    ,  1.54004e-22,  0.00563014 ])
269862  , -42153.2    , array([ 0.0434842  ,  0.207007   ,  9.99166    ,  1.5385e-22 ,  0.00563577 ])
269863  , -42157.7    , array([ 0.0434711  ,  0.206946   ,  9.97848    ,  1.5385e-22 ,  0.00562825 ])
