219283  , -79089.4    , array([ 1.59822    ,  12.7268    ,  1.008e-60  ,  5.23272e-09,  1.69565e-10])
219284  , -79089.4    , array([ 1.59982    ,  12.7268    ,  1.008e-60  ,  5.23272e-09,  1.69565e-10])
219285  , -79089.4    , array([ 1.59822    ,  12.7395    ,  1.008e-60  ,  5.23272e-09,  1.69565e-10])
219286  , -79089.4    , array([ 1.59822    ,  12.7268    ,  1.00901e-60,  5.23272e-09,  1.69565e-10])
219287  , -79089.4    , array([ 1.59822    ,  12.7268    ,  1.008e-60  ,  5.23796e-09,  1.69565e-10])
219288  , -79089.4    , array([ 1.59822    ,  12.7268    ,  1.008e-60  ,  5.23272e-09,  1.69734e-10])
219289  , -79089.4    , array([ 1.59822    ,  12.7268    ,  1.008e-60  ,  5.23272e-09,  1.69565e-10])
219290  , -79089.4    , array([ 1.59809    ,  12.7266    ,  1.008e-60  ,  5.23272e-09,  1.69582e-10])
219291  , -79089.4    , array([ 1.59809    ,  12.7266    ,  1.008e-60  ,  5.23272e-09,  1.69582e-10])
219292  , -79089.4    , array([ 1.59968    ,  12.7266    ,  1.008e-60  ,  5.23272e-09,  1.69582e-10])
219293  , -79089.4    , array([ 1.59809    ,  12.7393    ,  1.008e-60  ,  5.23272e-09,  1.69582e-10])
219294  , -79089.4    , array([ 1.59809    ,  12.7266    ,  1.00901e-60,  5.23272e-09,  1.69582e-10])
219295  , -79089.4    , array([ 1.59809    ,  12.7266    ,  1.008e-60  ,  5.23796e-09,  1.69582e-10])
219296  , -79089.4    , array([ 1.59809    ,  12.7266    ,  1.008e-60  ,  5.23272e-09,  1.69752e-10])
219297  , -79089.4    , array([ 1.59754    ,  12.7258    ,  1.008e-60  ,  5.23272e-09,  1.69652e-10])
219298  , -79089.4    , array([ 1.59754    ,  12.7258    ,  1.008e-60  ,  5.23272e-09,  1.69652e-10])
219299  , -79089.4    , array([ 1.59914    ,  12.7258    ,  1.008e-60  ,  5.23272e-09,  1.69652e-10])
219300  , -79089.4    , array([ 1.59754    ,  12.7385    ,  1.008e-60  ,  5.23272e-09,  1.69652e-10])
219301  , -79089.4    , array([ 1.59754    ,  12.7258    ,  1.00901e-60,  5.23272e-09,  1.69652e-10])
219302  , -79089.4    , array([ 1.59754    ,  12.7258    ,  1.008e-60  ,  5.23796e-09,  1.69652e-10])
219303  , -79089.4    , array([ 1.59754    ,  12.7258    ,  1.008e-60  ,  5.23272e-09,  1.69822e-10])
219304  , -79089.4    , array([ 1.59538    ,  12.7226    ,  1.008e-60  ,  5.23272e-09,  1.69933e-10])
219305  , -79089.4    , array([ 1.59538    ,  12.7226    ,  1.008e-60  ,  5.23272e-09,  1.69933e-10])
219306  , -79089.4    , array([ 1.59698    ,  12.7226    ,  1.008e-60  ,  5.23272e-09,  1.69933e-10])
219307  , -79089.4    , array([ 1.59538    ,  12.7353    ,  1.008e-60  ,  5.23272e-09,  1.69933e-10])
219308  , -79089.4    , array([ 1.59538    ,  12.7226    ,  1.00901e-60,  5.23272e-09,  1.69933e-10])
219309  , -79089.4    , array([ 1.59538    ,  12.7226    ,  1.008e-60  ,  5.23796e-09,  1.69933e-10])
219310  , -79089.4    , array([ 1.59538    ,  12.7226    ,  1.008e-60  ,  5.23272e-09,  1.70103e-10])
219311  , -79089.4    , array([ 1.58675    ,  12.71      ,  1.008e-60  ,  5.23272e-09,  1.7106e-10 ])
219312  , -79089.4    , array([ 1.58675    ,  12.71      ,  1.008e-60  ,  5.23272e-09,  1.7106e-10 ])
219313  , -79089.4    , array([ 1.58834    ,  12.71      ,  1.008e-60  ,  5.23272e-09,  1.7106e-10 ])
219314  , -79089.4    , array([ 1.58675    ,  12.7227    ,  1.008e-60  ,  5.23272e-09,  1.7106e-10 ])
219315  , -79089.4    , array([ 1.58675    ,  12.71      ,  1.00901e-60,  5.23272e-09,  1.7106e-10 ])
219316  , -79089.4    , array([ 1.58675    ,  12.71      ,  1.008e-60  ,  5.23796e-09,  1.7106e-10 ])
219317  , -79089.4    , array([ 1.58675    ,  12.71      ,  1.008e-60  ,  5.23272e-09,  1.71231e-10])
219318  , -79089.4    , array([ 1.55271    ,  12.6596    ,  1.008e-60  ,  5.23272e-09,  1.75645e-10])
219319  , -79089.4    , array([ 1.55271    ,  12.6596    ,  1.008e-60  ,  5.23272e-09,  1.75645e-10])
219320  , -79089.4    , array([ 1.55426    ,  12.6596    ,  1.008e-60  ,  5.23272e-09,  1.75645e-10])
219321  , -79089.4    , array([ 1.55271    ,  12.6722    ,  1.008e-60  ,  5.23272e-09,  1.75645e-10])
219322  , -79089.4    , array([ 1.55271    ,  12.6596    ,  1.00901e-60,  5.23272e-09,  1.75645e-10])
219323  , -79089.4    , array([ 1.55271    ,  12.6596    ,  1.008e-60  ,  5.23796e-09,  1.75645e-10])
219324  , -79089.4    , array([ 1.55271    ,  12.6596    ,  1.008e-60  ,  5.23272e-09,  1.75821e-10])
219325  , -79089.4    , array([ 1.42368    ,  12.4599    ,  1.008e-60  ,  5.23272e-09,  1.95247e-10])
219326  , -79089.4    , array([ 1.42368    ,  12.4599    ,  1.008e-60  ,  5.23272e-09,  1.95247e-10])
219327  , -79089.4    , array([ 1.42511    ,  12.4599    ,  1.008e-60  ,  5.23272e-09,  1.95247e-10])
219328  , -79089.4    , array([ 1.42368    ,  12.4723    ,  1.008e-60  ,  5.23272e-09,  1.95247e-10])
219329  , -79089.4    , array([ 1.42368    ,  12.4599    ,  1.00901e-60,  5.23272e-09,  1.95247e-10])
219330  , -79089.4    , array([ 1.42368    ,  12.4599    ,  1.008e-60  ,  5.23796e-09,  1.95247e-10])
219331  , -79089.4    , array([ 1.42368    ,  12.4599    ,  1.008e-60  ,  5.23272e-09,  1.95442e-10])
219332  , -79089.4    , array([ 1.00625    ,  11.6921    ,  1.008e-60  ,  5.23272e-09,  2.98108e-10])
219333  , -79089.4    , array([ 1.00625    ,  11.6921    ,  1.008e-60  ,  5.23272e-09,  2.98108e-10])
219334  , -79089.4    , array([ 1.00725    ,  11.6921    ,  1.008e-60  ,  5.23272e-09,  2.98108e-10])
219335  , -79089.4    , array([ 1.00625    ,  11.7038    ,  1.008e-60  ,  5.23272e-09,  2.98108e-10])
219336  , -79089.4    , array([ 1.00625    ,  11.6921    ,  1.00901e-60,  5.23272e-09,  2.98108e-10])
219337  , -79089.4    , array([ 1.00625    ,  11.6921    ,  1.008e-60  ,  5.23796e-09,  2.98108e-10])
219338  , -79089.4    , array([ 1.00625    ,  11.6921    ,  1.008e-60  ,  5.23272e-09,  2.98407e-10])
219339  , -79089.4    , array([ 0.251115   ,  9.06591    ,  1.008e-60  ,  5.23272e-09,  1.62008e-09])
219340  , -79089.4    , array([ 0.251115   ,  9.06591    ,  1.008e-60  ,  5.23272e-09,  1.62008e-09])
219341  , -79089.4    , array([ 0.251366   ,  9.06591    ,  1.008e-60  ,  5.23272e-09,  1.62008e-09])
219342  , -79089.4    , array([ 0.251115   ,  9.07498    ,  1.008e-60  ,  5.23272e-09,  1.62008e-09])
219343  , -79089.4    , array([ 0.251115   ,  9.06591    ,  1.00901e-60,  5.23272e-09,  1.62008e-09])
219344  , -79089.4    , array([ 0.251115   ,  9.06591    ,  1.008e-60  ,  5.23796e-09,  1.62008e-09])
219345  , -79089.4    , array([ 0.251115   ,  9.06591    ,  1.008e-60  ,  5.23272e-09,  1.6217e-09 ])
219353  , -79089.4    , array([ 0.251115   ,  9.06591    ,  1.008e-60  ,  5.23272e-09,  1.62008e-09])
219354  , -79089.4    , array([ 0.251115   ,  9.06591    ,  1.008e-60  ,  5.23272e-09,  1.62008e-09])
219355  , -79089.4    , array([ 0.251366   ,  9.06591    ,  1.008e-60  ,  5.23272e-09,  1.62008e-09])
219356  , -79089.4    , array([ 0.251115   ,  9.07498    ,  1.008e-60  ,  5.23272e-09,  1.62008e-09])
219357  , -79089.4    , array([ 0.251115   ,  9.06591    ,  1.00901e-60,  5.23272e-09,  1.62008e-09])
219358  , -79089.4    , array([ 0.251115   ,  9.06591    ,  1.008e-60  ,  5.23796e-09,  1.62008e-09])
219359  , -79089.4    , array([ 0.251115   ,  9.06591    ,  1.008e-60  ,  5.23272e-09,  1.6217e-09 ])
219360  , -79089.4    , array([ 0.251115   ,  9.06591    ,  1.008e-60  ,  5.23272e-09,  1.62008e-09])
219361  , -79089.4    , array([ 0.251115   ,  9.06591    ,  1.008e-60  ,  5.23272e-09,  1.62008e-09])
219362  , -79089.4    , array([ 0.251366   ,  9.06591    ,  1.008e-60  ,  5.23272e-09,  1.62008e-09])
219363  , -79089.4    , array([ 0.251115   ,  9.07498    ,  1.008e-60  ,  5.23272e-09,  1.62008e-09])
219364  , -79089.4    , array([ 0.251115   ,  9.06591    ,  1.00901e-60,  5.23272e-09,  1.62008e-09])
219365  , -79089.4    , array([ 0.251115   ,  9.06591    ,  1.008e-60  ,  5.23796e-09,  1.62008e-09])
219366  , -79089.4    , array([ 0.251115   ,  9.06591    ,  1.008e-60  ,  5.23272e-09,  1.6217e-09 ])
219367  , -79089.4    , array([ 0.251115   ,  9.06591    ,  1.008e-60  ,  5.23272e-09,  1.62008e-09])
219368  , -79089.4    , array([ 0.251115   ,  9.06591    ,  1.008e-60  ,  5.23272e-09,  1.62008e-09])
219369  , -79089.4    , array([ 0.251366   ,  9.06591    ,  1.008e-60  ,  5.23272e-09,  1.62008e-09])
219370  , -79089.4    , array([ 0.251115   ,  9.07498    ,  1.008e-60  ,  5.23272e-09,  1.62008e-09])
219371  , -79089.4    , array([ 0.251115   ,  9.06591    ,  1.00901e-60,  5.23272e-09,  1.62008e-09])
219372  , -79089.4    , array([ 0.251115   ,  9.06591    ,  1.008e-60  ,  5.23796e-09,  1.62008e-09])
219373  , -79089.4    , array([ 0.251115   ,  9.06591    ,  1.008e-60  ,  5.23272e-09,  1.6217e-09 ])
219374  , -79089.4    , array([ 0.251115   ,  9.06591    ,  1.008e-60  ,  5.23272e-09,  1.62008e-09])
219375  , -79089.4    , array([ 0.251115   ,  9.06591    ,  1.008e-60  ,  5.23272e-09,  1.62008e-09])
219376  , -79089.4    , array([ 0.251366   ,  9.06591    ,  1.008e-60  ,  5.23272e-09,  1.62008e-09])
219377  , -79089.4    , array([ 0.251115   ,  9.07498    ,  1.008e-60  ,  5.23272e-09,  1.62008e-09])
219378  , -79089.4    , array([ 0.251115   ,  9.06591    ,  1.00901e-60,  5.23272e-09,  1.62008e-09])
219379  , -79089.4    , array([ 0.251115   ,  9.06591    ,  1.008e-60  ,  5.23796e-09,  1.62008e-09])
219380  , -79089.4    , array([ 0.251115   ,  9.06591    ,  1.008e-60  ,  5.23272e-09,  1.6217e-09 ])
219381  , -79089.4    , array([ 0.251115   ,  9.06591    ,  1.008e-60  ,  5.23272e-09,  1.62008e-09])
219382  , -79089.4    , array([ 0.251115   ,  9.06591    ,  1.008e-60  ,  5.23272e-09,  1.62008e-09])
219383  , -79089.4    , array([ 0.251366   ,  9.06591    ,  1.008e-60  ,  5.23272e-09,  1.62008e-09])
219384  , -79089.4    , array([ 0.251115   ,  9.07498    ,  1.008e-60  ,  5.23272e-09,  1.62008e-09])
219385  , -79089.4    , array([ 0.251115   ,  9.06591    ,  1.00901e-60,  5.23272e-09,  1.62008e-09])
219386  , -79089.4    , array([ 0.251115   ,  9.06591    ,  1.008e-60  ,  5.23796e-09,  1.62008e-09])
219387  , -79089.4    , array([ 0.251115   ,  9.06591    ,  1.008e-60  ,  5.23272e-09,  1.6217e-09 ])
219388  , -79089.4    , array([ 0.251115   ,  9.06591    ,  1.008e-60  ,  5.23272e-09,  1.62008e-09])
219389  , -79089.4    , array([ 0.251115   ,  9.06591    ,  1.008e-60  ,  5.23272e-09,  1.62008e-09])
219390  , -79089.4    , array([ 0.251366   ,  9.06591    ,  1.008e-60  ,  5.23272e-09,  1.62008e-09])
219391  , -79089.4    , array([ 0.251115   ,  9.07498    ,  1.008e-60  ,  5.23272e-09,  1.62008e-09])
219392  , -79089.4    , array([ 0.251115   ,  9.06591    ,  1.00901e-60,  5.23272e-09,  1.62008e-09])
219393  , -79089.4    , array([ 0.251115   ,  9.06591    ,  1.008e-60  ,  5.23796e-09,  1.62008e-09])
219394  , -79089.4    , array([ 0.251115   ,  9.06591    ,  1.008e-60  ,  5.23272e-09,  1.6217e-09 ])
219395  , -79089.4    , array([ 0.251115   ,  9.06591    ,  1.008e-60  ,  5.23272e-09,  1.62008e-09])
219396  , -79089.4    , array([ 0.251115   ,  9.06591    ,  1.008e-60  ,  5.23272e-09,  1.62008e-09])
219397  , -79089.4    , array([ 0.251366   ,  9.06591    ,  1.008e-60  ,  5.23272e-09,  1.62008e-09])
219398  , -79089.4    , array([ 0.251115   ,  9.07498    ,  1.008e-60  ,  5.23272e-09,  1.62008e-09])
219399  , -79089.4    , array([ 0.251115   ,  9.06591    ,  1.00901e-60,  5.23272e-09,  1.62008e-09])
219400  , -79089.4    , array([ 0.251115   ,  9.06591    ,  1.008e-60  ,  5.23796e-09,  1.62008e-09])
219401  , -79089.4    , array([ 0.251115   ,  9.06591    ,  1.008e-60  ,  5.23272e-09,  1.6217e-09 ])
219402  , -79089.4    , array([ 0.251115   ,  9.06591    ,  1.008e-60  ,  5.23272e-09,  1.62008e-09])
219403  , -79089.4    , array([ 0.251115   ,  9.06591    ,  1.008e-60  ,  5.23272e-09,  1.62008e-09])
219404  , -79089.4    , array([ 0.251366   ,  9.06591    ,  1.008e-60  ,  5.23272e-09,  1.62008e-09])
219405  , -79089.4    , array([ 0.251115   ,  9.07498    ,  1.008e-60  ,  5.23272e-09,  1.62008e-09])
219406  , -79089.4    , array([ 0.251115   ,  9.06591    ,  1.00901e-60,  5.23272e-09,  1.62008e-09])
219407  , -79089.4    , array([ 0.251115   ,  9.06591    ,  1.008e-60  ,  5.23796e-09,  1.62008e-09])
219408  , -79089.4    , array([ 0.251115   ,  9.06591    ,  1.008e-60  ,  5.23272e-09,  1.6217e-09 ])
219409  , -79089.4    , array([ 0.251115   ,  9.06591    ,  1.008e-60  ,  5.23272e-09,  1.62008e-09])
219410  , -79089.4    , array([ 0.251115   ,  9.06591    ,  1.008e-60  ,  5.23272e-09,  1.62008e-09])
219411  , -79089.4    , array([ 0.251366   ,  9.06591    ,  1.008e-60  ,  5.23272e-09,  1.62008e-09])
219412  , -79089.4    , array([ 0.251115   ,  9.07498    ,  1.008e-60  ,  5.23272e-09,  1.62008e-09])
219413  , -79089.4    , array([ 0.251115   ,  9.06591    ,  1.00901e-60,  5.23272e-09,  1.62008e-09])
219414  , -79089.4    , array([ 0.251115   ,  9.06591    ,  1.008e-60  ,  5.23796e-09,  1.62008e-09])
219415  , -79089.4    , array([ 0.251115   ,  9.06591    ,  1.008e-60  ,  5.23272e-09,  1.6217e-09 ])
219416  , -79089.4    , array([ 0.251115   ,  9.06591    ,  1.008e-60  ,  5.23272e-09,  1.62008e-09])
219417  , -79089.4    , array([ 0.251115   ,  9.06591    ,  1.008e-60  ,  5.23272e-09,  1.62008e-09])
219418  , -79089.4    , array([ 0.251366   ,  9.06591    ,  1.008e-60  ,  5.23272e-09,  1.62008e-09])
219419  , -79089.4    , array([ 0.251115   ,  9.07498    ,  1.008e-60  ,  5.23272e-09,  1.62008e-09])
219420  , -79089.4    , array([ 0.251115   ,  9.06591    ,  1.00901e-60,  5.23272e-09,  1.62008e-09])
219421  , -79089.4    , array([ 0.251115   ,  9.06591    ,  1.008e-60  ,  5.23796e-09,  1.62008e-09])
219422  , -79089.4    , array([ 0.251115   ,  9.06591    ,  1.008e-60  ,  5.23272e-09,  1.6217e-09 ])
219423  , -79089.4    , array([ 0.251115   ,  9.06591    ,  1.008e-60  ,  5.23272e-09,  1.62008e-09])
219424  , -79089.4    , array([ 0.251115   ,  9.06591    ,  1.008e-60  ,  5.23272e-09,  1.62008e-09])
219425  , -79089.4    , array([ 0.251366   ,  9.06591    ,  1.008e-60  ,  5.23272e-09,  1.62008e-09])
219426  , -79089.4    , array([ 0.251115   ,  9.07498    ,  1.008e-60  ,  5.23272e-09,  1.62008e-09])
219427  , -79089.4    , array([ 0.251115   ,  9.06591    ,  1.00901e-60,  5.23272e-09,  1.62008e-09])
219428  , -79089.4    , array([ 0.251115   ,  9.06591    ,  1.008e-60  ,  5.23796e-09,  1.62008e-09])
219429  , -79089.4    , array([ 0.251115   ,  9.06591    ,  1.008e-60  ,  5.23272e-09,  1.6217e-09 ])
219430  , -79089.4    , array([ 0.251115   ,  9.06591    ,  1.008e-60  ,  5.23272e-09,  1.62008e-09])
219431  , -79089.4    , array([ 0.251115   ,  9.06591    ,  1.008e-60  ,  5.23272e-09,  1.62008e-09])
219432  , -79089.4    , array([ 0.251366   ,  9.06591    ,  1.008e-60  ,  5.23272e-09,  1.62008e-09])
219433  , -79089.4    , array([ 0.251115   ,  9.07498    ,  1.008e-60  ,  5.23272e-09,  1.62008e-09])
219434  , -79089.4    , array([ 0.251115   ,  9.06591    ,  1.00901e-60,  5.23272e-09,  1.62008e-09])
219435  , -79089.4    , array([ 0.251115   ,  9.06591    ,  1.008e-60  ,  5.23796e-09,  1.62008e-09])
219436  , -79089.4    , array([ 0.251115   ,  9.06591    ,  1.008e-60  ,  5.23272e-09,  1.6217e-09 ])
219437  , -79089.4    , array([ 0.251115   ,  9.06591    ,  1.008e-60  ,  5.23272e-09,  1.62008e-09])
219438  , -79089.4    , array([ 0.251115   ,  9.06591    ,  1.008e-60  ,  5.23272e-09,  1.62008e-09])
219439  , -79089.4    , array([ 0.251366   ,  9.06591    ,  1.008e-60  ,  5.23272e-09,  1.62008e-09])
219440  , -79089.4    , array([ 0.251115   ,  9.07498    ,  1.008e-60  ,  5.23272e-09,  1.62008e-09])
219441  , -79089.4    , array([ 0.251115   ,  9.06591    ,  1.00901e-60,  5.23272e-09,  1.62008e-09])
219442  , -79089.4    , array([ 0.251115   ,  9.06591    ,  1.008e-60  ,  5.23796e-09,  1.62008e-09])
219443  , -79089.4    , array([ 0.251115   ,  9.06591    ,  1.008e-60  ,  5.23272e-09,  1.6217e-09 ])
219444  , -79089.4    , array([ 0.251115   ,  9.06591    ,  1.008e-60  ,  5.23272e-09,  1.62008e-09])
219445  , -79089.4    , array([ 0.251115   ,  9.06591    ,  1.008e-60  ,  5.23272e-09,  1.62008e-09])
219446  , -79089.4    , array([ 0.251366   ,  9.06591    ,  1.008e-60  ,  5.23272e-09,  1.62008e-09])
219447  , -79089.4    , array([ 0.251115   ,  9.07498    ,  1.008e-60  ,  5.23272e-09,  1.62008e-09])
219448  , -79089.4    , array([ 0.251115   ,  9.06591    ,  1.00901e-60,  5.23272e-09,  1.62008e-09])
219449  , -79089.4    , array([ 0.251115   ,  9.06591    ,  1.008e-60  ,  5.23796e-09,  1.62008e-09])
219450  , -79089.4    , array([ 0.251115   ,  9.06591    ,  1.008e-60  ,  5.23272e-09,  1.6217e-09 ])
219451  , -79089.4    , array([ 0.251115   ,  9.06591    ,  1.008e-60  ,  5.23272e-09,  1.62008e-09])
219452  , -79089.4    , array([ 0.251115   ,  9.06591    ,  1.008e-60  ,  5.23272e-09,  1.62008e-09])
219453  , -79089.4    , array([ 0.251366   ,  9.06591    ,  1.008e-60  ,  5.23272e-09,  1.62008e-09])
219454  , -79089.4    , array([ 0.251115   ,  9.07498    ,  1.008e-60  ,  5.23272e-09,  1.62008e-09])
219455  , -79089.4    , array([ 0.251115   ,  9.06591    ,  1.00901e-60,  5.23272e-09,  1.62008e-09])
219456  , -79089.4    , array([ 0.251115   ,  9.06591    ,  1.008e-60  ,  5.23796e-09,  1.62008e-09])
219457  , -79089.4    , array([ 0.251115   ,  9.06591    ,  1.008e-60  ,  5.23272e-09,  1.6217e-09 ])
219458  , -79089.4    , array([ 0.251115   ,  9.06591    ,  1.008e-60  ,  5.23272e-09,  1.62008e-09])
219459  , -79089.4    , array([ 0.251115   ,  9.06591    ,  1.008e-60  ,  5.23272e-09,  1.62008e-09])
219460  , -79089.4    , array([ 0.251366   ,  9.06591    ,  1.008e-60  ,  5.23272e-09,  1.62008e-09])
219461  , -79089.4    , array([ 0.251115   ,  9.07498    ,  1.008e-60  ,  5.23272e-09,  1.62008e-09])
219462  , -79089.4    , array([ 0.251115   ,  9.06591    ,  1.00901e-60,  5.23272e-09,  1.62008e-09])
219463  , -79089.4    , array([ 0.251115   ,  9.06591    ,  1.008e-60  ,  5.23796e-09,  1.62008e-09])
219464  , -79089.4    , array([ 0.251115   ,  9.06591    ,  1.008e-60  ,  5.23272e-09,  1.6217e-09 ])
219465  , -79089.4    , array([ 0.251115   ,  9.06591    ,  1.008e-60  ,  5.23272e-09,  1.62008e-09])
219466  , -79089.4    , array([ 0.251115   ,  9.06591    ,  1.008e-60  ,  5.23272e-09,  1.62008e-09])
219467  , -79089.4    , array([ 0.251366   ,  9.06591    ,  1.008e-60  ,  5.23272e-09,  1.62008e-09])
219468  , -79089.4    , array([ 0.251115   ,  9.07498    ,  1.008e-60  ,  5.23272e-09,  1.62008e-09])
219469  , -79089.4    , array([ 0.251115   ,  9.06591    ,  1.00901e-60,  5.23272e-09,  1.62008e-09])
219470  , -79089.4    , array([ 0.251115   ,  9.06591    ,  1.008e-60  ,  5.23796e-09,  1.62008e-09])
219471  , -79089.4    , array([ 0.251115   ,  9.06591    ,  1.008e-60  ,  5.23272e-09,  1.6217e-09 ])
219472  , -79089.4    , array([ 0.251115   ,  9.06591    ,  1.008e-60  ,  5.23272e-09,  1.62008e-09])
219473  , -79089.4    , array([ 0.251115   ,  9.06591    ,  1.008e-60  ,  5.23272e-09,  1.62008e-09])
219474  , -79089.4    , array([ 0.251366   ,  9.06591    ,  1.008e-60  ,  5.23272e-09,  1.62008e-09])
219475  , -79089.4    , array([ 0.251115   ,  9.07498    ,  1.008e-60  ,  5.23272e-09,  1.62008e-09])
219476  , -79089.4    , array([ 0.251115   ,  9.06591    ,  1.00901e-60,  5.23272e-09,  1.62008e-09])
219477  , -79089.4    , array([ 0.251115   ,  9.06591    ,  1.008e-60  ,  5.23796e-09,  1.62008e-09])
219478  , -79089.4    , array([ 0.251115   ,  9.06591    ,  1.008e-60  ,  5.23272e-09,  1.6217e-09 ])
219479  , -79089.4    , array([ 0.251115   ,  9.06591    ,  1.008e-60  ,  5.23272e-09,  1.62008e-09])
219480  , -79089.4    , array([ 0.251115   ,  9.06591    ,  1.008e-60  ,  5.23272e-09,  1.62008e-09])
219481  , -79089.4    , array([ 0.251366   ,  9.06591    ,  1.008e-60  ,  5.23272e-09,  1.62008e-09])
219482  , -79089.4    , array([ 0.251115   ,  9.07498    ,  1.008e-60  ,  5.23272e-09,  1.62008e-09])
219483  , -79089.4    , array([ 0.251115   ,  9.06591    ,  1.00901e-60,  5.23272e-09,  1.62008e-09])
219484  , -79089.4    , array([ 0.251115   ,  9.06591    ,  1.008e-60  ,  5.23796e-09,  1.62008e-09])
219485  , -79089.4    , array([ 0.251115   ,  9.06591    ,  1.008e-60  ,  5.23272e-09,  1.6217e-09 ])
219486  , -79089.4    , array([ 0.251115   ,  9.06591    ,  1.008e-60  ,  5.23272e-09,  1.62008e-09])
219487  , -79089.4    , array([ 0.251115   ,  9.06591    ,  1.008e-60  ,  5.23272e-09,  1.62008e-09])
219488  , -79089.4    , array([ 0.251366   ,  9.06591    ,  1.008e-60  ,  5.23272e-09,  1.62008e-09])
219489  , -79089.4    , array([ 0.251115   ,  9.07498    ,  1.008e-60  ,  5.23272e-09,  1.62008e-09])
219490  , -79089.4    , array([ 0.251115   ,  9.06591    ,  1.00901e-60,  5.23272e-09,  1.62008e-09])
219491  , -79089.4    , array([ 0.251115   ,  9.06591    ,  1.008e-60  ,  5.23796e-09,  1.62008e-09])
219492  , -79089.4    , array([ 0.251115   ,  9.06591    ,  1.008e-60  ,  5.23272e-09,  1.6217e-09 ])
219493  , -79089.4    , array([ 0.251115   ,  9.06591    ,  1.008e-60  ,  5.23272e-09,  1.62008e-09])
219494  , -79089.4    , array([ 0.251115   ,  9.06591    ,  1.008e-60  ,  5.23272e-09,  1.62008e-09])
219495  , -79089.4    , array([ 0.251366   ,  9.06591    ,  1.008e-60  ,  5.23272e-09,  1.62008e-09])
219496  , -79089.4    , array([ 0.251115   ,  9.07498    ,  1.008e-60  ,  5.23272e-09,  1.62008e-09])
219497  , -79089.4    , array([ 0.251115   ,  9.06591    ,  1.00901e-60,  5.23272e-09,  1.62008e-09])
219498  , -79089.4    , array([ 0.251115   ,  9.06591    ,  1.008e-60  ,  5.23796e-09,  1.62008e-09])
219499  , -79089.4    , array([ 0.251115   ,  9.06591    ,  1.008e-60  ,  5.23272e-09,  1.6217e-09 ])
219500  , -79089.4    , array([ 0.251115   ,  9.06591    ,  1.008e-60  ,  5.23272e-09,  1.62008e-09])
219501  , -79089.4    , array([ 0.251115   ,  9.06591    ,  1.008e-60  ,  5.23272e-09,  1.62008e-09])
219502  , -79089.4    , array([ 0.251366   ,  9.06591    ,  1.008e-60  ,  5.23272e-09,  1.62008e-09])
219503  , -79089.4    , array([ 0.251115   ,  9.07498    ,  1.008e-60  ,  5.23272e-09,  1.62008e-09])
219504  , -79089.4    , array([ 0.251115   ,  9.06591    ,  1.00901e-60,  5.23272e-09,  1.62008e-09])
219505  , -79089.4    , array([ 0.251115   ,  9.06591    ,  1.008e-60  ,  5.23796e-09,  1.62008e-09])
219506  , -79089.4    , array([ 0.251115   ,  9.06591    ,  1.008e-60  ,  5.23272e-09,  1.6217e-09 ])
219507  , -79089.4    , array([ 0.251115   ,  9.06591    ,  1.008e-60  ,  5.23272e-09,  1.62008e-09])
219508  , -79089.4    , array([ 0.251115   ,  9.06591    ,  1.008e-60  ,  5.23272e-09,  1.62008e-09])
219509  , -79089.4    , array([ 0.251366   ,  9.06591    ,  1.008e-60  ,  5.23272e-09,  1.62008e-09])
219510  , -79089.4    , array([ 0.251115   ,  9.07498    ,  1.008e-60  ,  5.23272e-09,  1.62008e-09])
219511  , -79089.4    , array([ 0.251115   ,  9.06591    ,  1.00901e-60,  5.23272e-09,  1.62008e-09])
219512  , -79089.4    , array([ 0.251115   ,  9.06591    ,  1.008e-60  ,  5.23796e-09,  1.62008e-09])
219513  , -79089.4    , array([ 0.251115   ,  9.06591    ,  1.008e-60  ,  5.23272e-09,  1.6217e-09 ])
219514  , -79089.4    , array([ 0.251115   ,  9.06591    ,  1.008e-60  ,  5.23272e-09,  1.62008e-09])
219515  , -79089.4    , array([ 0.251115   ,  9.06591    ,  1.008e-60  ,  5.23272e-09,  1.62008e-09])
219516  , -79089.4    , array([ 0.251366   ,  9.06591    ,  1.008e-60  ,  5.23272e-09,  1.62008e-09])
219517  , -79089.4    , array([ 0.251115   ,  9.07498    ,  1.008e-60  ,  5.23272e-09,  1.62008e-09])
219518  , -79089.4    , array([ 0.251115   ,  9.06591    ,  1.00901e-60,  5.23272e-09,  1.62008e-09])
219519  , -79089.4    , array([ 0.251115   ,  9.06591    ,  1.008e-60  ,  5.23796e-09,  1.62008e-09])
219520  , -79089.4    , array([ 0.251115   ,  9.06591    ,  1.008e-60  ,  5.23272e-09,  1.6217e-09 ])
219521  , -79089.4    , array([ 0.251115   ,  9.06591    ,  1.008e-60  ,  5.23272e-09,  1.62008e-09])
219522  , -79089.4    , array([ 0.251115   ,  9.06591    ,  1.008e-60  ,  5.23272e-09,  1.62008e-09])
219523  , -79089.4    , array([ 0.251366   ,  9.06591    ,  1.008e-60  ,  5.23272e-09,  1.62008e-09])
219524  , -79089.4    , array([ 0.251115   ,  9.07498    ,  1.008e-60  ,  5.23272e-09,  1.62008e-09])
219525  , -79089.4    , array([ 0.251115   ,  9.06591    ,  1.00901e-60,  5.23272e-09,  1.62008e-09])
219526  , -79089.4    , array([ 0.251115   ,  9.06591    ,  1.008e-60  ,  5.23796e-09,  1.62008e-09])
219527  , -79089.4    , array([ 0.251115   ,  9.06591    ,  1.008e-60  ,  5.23272e-09,  1.6217e-09 ])
219528  , -79089.4    , array([ 0.251115   ,  9.06591    ,  1.008e-60  ,  5.23272e-09,  1.62008e-09])
219529  , -79089.4    , array([ 0.251115   ,  9.06591    ,  1.008e-60  ,  5.23272e-09,  1.62008e-09])
219530  , -79089.4    , array([ 0.251366   ,  9.06591    ,  1.008e-60  ,  5.23272e-09,  1.62008e-09])
219531  , -79089.4    , array([ 0.251115   ,  9.07498    ,  1.008e-60  ,  5.23272e-09,  1.62008e-09])
219532  , -79089.4    , array([ 0.251115   ,  9.06591    ,  1.00901e-60,  5.23272e-09,  1.62008e-09])
219533  , -79089.4    , array([ 0.251115   ,  9.06591    ,  1.008e-60  ,  5.23796e-09,  1.62008e-09])
219534  , -79089.4    , array([ 0.251115   ,  9.06591    ,  1.008e-60  ,  5.23272e-09,  1.6217e-09 ])
219535  , -79089.4    , array([ 0.251115   ,  9.06591    ,  1.008e-60  ,  5.23272e-09,  1.62008e-09])
219536  , -79089.4    , array([ 0.251115   ,  9.06591    ,  1.008e-60  ,  5.23272e-09,  1.62008e-09])
219537  , -79089.4    , array([ 0.251366   ,  9.06591    ,  1.008e-60  ,  5.23272e-09,  1.62008e-09])
219538  , -79089.4    , array([ 0.251115   ,  9.07498    ,  1.008e-60  ,  5.23272e-09,  1.62008e-09])
219539  , -79089.4    , array([ 0.251115   ,  9.06591    ,  1.00901e-60,  5.23272e-09,  1.62008e-09])
219540  , -79089.4    , array([ 0.251115   ,  9.06591    ,  1.008e-60  ,  5.23796e-09,  1.62008e-09])
219541  , -79089.4    , array([ 0.251115   ,  9.06591    ,  1.008e-60  ,  5.23272e-09,  1.6217e-09 ])
219542  , -79089.4    , array([ 0.251115   ,  9.06591    ,  1.008e-60  ,  5.23272e-09,  1.62008e-09])
219543  , -79089.4    , array([ 0.251115   ,  9.06591    ,  1.008e-60  ,  5.23272e-09,  1.62008e-09])
219544  , -79089.4    , array([ 0.251366   ,  9.06591    ,  1.008e-60  ,  5.23272e-09,  1.62008e-09])
219545  , -79089.4    , array([ 0.251115   ,  9.07498    ,  1.008e-60  ,  5.23272e-09,  1.62008e-09])
219546  , -79089.4    , array([ 0.251115   ,  9.06591    ,  1.00901e-60,  5.23272e-09,  1.62008e-09])
219547  , -79089.4    , array([ 0.251115   ,  9.06591    ,  1.008e-60  ,  5.23796e-09,  1.62008e-09])
219548  , -79089.4    , array([ 0.251115   ,  9.06591    ,  1.008e-60  ,  5.23272e-09,  1.6217e-09 ])
219549  , -79089.4    , array([ 0.251115   ,  9.06591    ,  1.008e-60  ,  5.23272e-09,  1.62008e-09])
219550  , -79089.4    , array([ 0.251115   ,  9.06591    ,  1.008e-60  ,  5.23272e-09,  1.62008e-09])
219551  , -79089.4    , array([ 0.251366   ,  9.06591    ,  1.008e-60  ,  5.23272e-09,  1.62008e-09])
219552  , -79089.4    , array([ 0.251115   ,  9.07498    ,  1.008e-60  ,  5.23272e-09,  1.62008e-09])
219553  , -79089.4    , array([ 0.251115   ,  9.06591    ,  1.00901e-60,  5.23272e-09,  1.62008e-09])
219554  , -79089.4    , array([ 0.251115   ,  9.06591    ,  1.008e-60  ,  5.23796e-09,  1.62008e-09])
219555  , -79089.4    , array([ 0.251115   ,  9.06591    ,  1.008e-60  ,  5.23272e-09,  1.6217e-09 ])
219556  , -79089.4    , array([ 1.59809    ,  12.7266    ,  1.008e-60  ,  5.23272e-09,  1.69582e-10])
219557  , -79089.4    , array([ 1.59809    ,  12.7266    ,  1.008e-60  ,  5.23272e-09,  1.69582e-10])
219558  , -79089.4    , array([ 1.59968    ,  12.7266    ,  1.008e-60  ,  5.23272e-09,  1.69582e-10])
219559  , -79089.4    , array([ 1.59809    ,  12.7393    ,  1.008e-60  ,  5.23272e-09,  1.69582e-10])
219560  , -79089.4    , array([ 1.59809    ,  12.7266    ,  1.00901e-60,  5.23272e-09,  1.69582e-10])
219561  , -79089.4    , array([ 1.59809    ,  12.7266    ,  1.008e-60  ,  5.23796e-09,  1.69582e-10])
219562  , -79089.4    , array([ 1.59809    ,  12.7266    ,  1.008e-60  ,  5.23272e-09,  1.69752e-10])
219563  , -79089.4    , array([ 1.59795    ,  12.7264    ,  1.008e-60  ,  5.23272e-09,  1.696e-10  ])
219564  , -79089.4    , array([ 1.59795    ,  12.7264    ,  1.008e-60  ,  5.23272e-09,  1.696e-10  ])
219565  , -79089.4    , array([ 1.59955    ,  12.7264    ,  1.008e-60  ,  5.23272e-09,  1.696e-10  ])
219566  , -79089.4    , array([ 1.59795    ,  12.7391    ,  1.008e-60  ,  5.23272e-09,  1.696e-10  ])
219567  , -79089.4    , array([ 1.59795    ,  12.7264    ,  1.00901e-60,  5.23272e-09,  1.696e-10  ])
219568  , -79089.4    , array([ 1.59795    ,  12.7264    ,  1.008e-60  ,  5.23796e-09,  1.696e-10  ])
219569  , -79089.4    , array([ 1.59795    ,  12.7264    ,  1.008e-60  ,  5.23272e-09,  1.69769e-10])
219570  , -79089.4    , array([ 1.59768    ,  12.726     ,  1.008e-60  ,  5.23272e-09,  1.69635e-10])
219571  , -79089.4    , array([ 1.59768    ,  12.726     ,  1.008e-60  ,  5.23272e-09,  1.69635e-10])
219572  , -79089.4    , array([ 1.59928    ,  12.726     ,  1.008e-60  ,  5.23272e-09,  1.69635e-10])
219573  , -79089.4    , array([ 1.59768    ,  12.7387    ,  1.008e-60  ,  5.23272e-09,  1.69635e-10])
219574  , -79089.4    , array([ 1.59768    ,  12.726     ,  1.00901e-60,  5.23272e-09,  1.69635e-10])
219575  , -79089.4    , array([ 1.59768    ,  12.726     ,  1.008e-60  ,  5.23796e-09,  1.69635e-10])
219576  , -79089.4    , array([ 1.59768    ,  12.726     ,  1.008e-60  ,  5.23272e-09,  1.69804e-10])
219577  , -79089.4    , array([ 1.59714    ,  12.7252    ,  1.008e-60  ,  5.23272e-09,  1.69705e-10])
219578  , -79089.4    , array([ 1.59714    ,  12.7252    ,  1.008e-60  ,  5.23272e-09,  1.69705e-10])
219579  , -79089.4    , array([ 1.59874    ,  12.7252    ,  1.008e-60  ,  5.23272e-09,  1.69705e-10])
219580  , -79089.4    , array([ 1.59714    ,  12.7379    ,  1.008e-60  ,  5.23272e-09,  1.69705e-10])
219581  , -79089.4    , array([ 1.59714    ,  12.7252    ,  1.00901e-60,  5.23272e-09,  1.69705e-10])
219582  , -79089.4    , array([ 1.59714    ,  12.7252    ,  1.008e-60  ,  5.23796e-09,  1.69705e-10])
219583  , -79089.4    , array([ 1.59714    ,  12.7252    ,  1.008e-60  ,  5.23272e-09,  1.69875e-10])
219584  , -79089.4    , array([ 1.59606    ,  12.7236    ,  1.008e-60  ,  5.23272e-09,  1.69845e-10])
219585  , -79089.4    , array([ 1.59606    ,  12.7236    ,  1.008e-60  ,  5.23272e-09,  1.69845e-10])
219586  , -79089.4    , array([ 1.59765    ,  12.7236    ,  1.008e-60  ,  5.23272e-09,  1.69845e-10])
219587  , -79089.4    , array([ 1.59606    ,  12.7363    ,  1.008e-60  ,  5.23272e-09,  1.69845e-10])
219588  , -79089.4    , array([ 1.59606    ,  12.7236    ,  1.00901e-60,  5.23272e-09,  1.69845e-10])
219589  , -79089.4    , array([ 1.59606    ,  12.7236    ,  1.008e-60  ,  5.23796e-09,  1.69845e-10])
219590  , -79089.4    , array([ 1.59606    ,  12.7236    ,  1.008e-60  ,  5.23272e-09,  1.70015e-10])
219591  , -79089.4    , array([ 1.59389    ,  12.7204    ,  1.008e-60  ,  5.23272e-09,  1.70126e-10])
219592  , -79089.4    , array([ 1.59389    ,  12.7204    ,  1.008e-60  ,  5.23272e-09,  1.70126e-10])
219593  , -79089.4    , array([ 1.59549    ,  12.7204    ,  1.008e-60  ,  5.23272e-09,  1.70126e-10])
219594  , -79089.4    , array([ 1.59389    ,  12.7332    ,  1.008e-60  ,  5.23272e-09,  1.70126e-10])
219595  , -79089.4    , array([ 1.59389    ,  12.7204    ,  1.00901e-60,  5.23272e-09,  1.70126e-10])
219596  , -79089.4    , array([ 1.59389    ,  12.7204    ,  1.008e-60  ,  5.23796e-09,  1.70126e-10])
219597  , -79089.4    , array([ 1.59389    ,  12.7204    ,  1.008e-60  ,  5.23272e-09,  1.70296e-10])
219598  , -79089.4    , array([ 1.58958    ,  12.7141    ,  1.008e-60  ,  5.23272e-09,  1.7069e-10 ])
219599  , -79089.4    , array([ 1.58958    ,  12.7141    ,  1.008e-60  ,  5.23272e-09,  1.7069e-10 ])
219600  , -79089.4    , array([ 1.59117    ,  12.7141    ,  1.008e-60  ,  5.23272e-09,  1.7069e-10 ])
219601  , -79089.4    , array([ 1.58958    ,  12.7268    ,  1.008e-60  ,  5.23272e-09,  1.7069e-10 ])
219602  , -79089.4    , array([ 1.58958    ,  12.7141    ,  1.00901e-60,  5.23272e-09,  1.7069e-10 ])
219603  , -79089.4    , array([ 1.58958    ,  12.7141    ,  1.008e-60  ,  5.23796e-09,  1.7069e-10 ])
219604  , -79089.4    , array([ 1.58958    ,  12.7141    ,  1.008e-60  ,  5.23272e-09,  1.7086e-10 ])
219605  , -79089.4    , array([ 1.58098    ,  12.7015    ,  1.008e-60  ,  5.23272e-09,  1.71822e-10])
219606  , -79089.4    , array([ 1.58098    ,  12.7015    ,  1.008e-60  ,  5.23272e-09,  1.71822e-10])
219607  , -79089.4    , array([ 1.58256    ,  12.7015    ,  1.008e-60  ,  5.23272e-09,  1.71822e-10])
219608  , -79089.4    , array([ 1.58098    ,  12.7142    ,  1.008e-60  ,  5.23272e-09,  1.71822e-10])
219609  , -79089.4    , array([ 1.58098    ,  12.7015    ,  1.00901e-60,  5.23272e-09,  1.71822e-10])
219610  , -79089.4    , array([ 1.58098    ,  12.7015    ,  1.008e-60  ,  5.23796e-09,  1.71822e-10])
219611  , -79089.4    , array([ 1.58098    ,  12.7015    ,  1.008e-60  ,  5.23272e-09,  1.71994e-10])
219612  , -79089.4    , array([ 1.56393    ,  12.6763    ,  1.008e-60  ,  5.23272e-09,  1.74109e-10])
219613  , -79089.4    , array([ 1.56393    ,  12.6763    ,  1.008e-60  ,  5.23272e-09,  1.74109e-10])
219614  , -79089.4    , array([ 1.5655     ,  12.6763    ,  1.008e-60  ,  5.23272e-09,  1.74109e-10])
219615  , -79089.4    , array([ 1.56393    ,  12.689     ,  1.008e-60  ,  5.23272e-09,  1.74109e-10])
219616  , -79089.4    , array([ 1.56393    ,  12.6763    ,  1.00901e-60,  5.23272e-09,  1.74109e-10])
219617  , -79089.4    , array([ 1.56393    ,  12.6763    ,  1.008e-60  ,  5.23796e-09,  1.74109e-10])
219618  , -79089.4    , array([ 1.56393    ,  12.6763    ,  1.008e-60  ,  5.23272e-09,  1.74284e-10])
219619  , -79089.4    , array([ 1.53038    ,  12.626     ,  1.008e-60  ,  5.23272e-09,  1.78776e-10])
219620  , -79089.4    , array([ 1.53038    ,  12.626     ,  1.008e-60  ,  5.23272e-09,  1.78776e-10])
219621  , -79089.4    , array([ 1.53191    ,  12.626     ,  1.008e-60  ,  5.23272e-09,  1.78776e-10])
219622  , -79089.4    , array([ 1.53038    ,  12.6386    ,  1.008e-60  ,  5.23272e-09,  1.78776e-10])
219623  , -79089.4    , array([ 1.53038    ,  12.626     ,  1.00901e-60,  5.23272e-09,  1.78776e-10])
219624  , -79089.4    , array([ 1.53038    ,  12.626     ,  1.008e-60  ,  5.23796e-09,  1.78776e-10])
219625  , -79089.4    , array([ 1.53038    ,  12.626     ,  1.008e-60  ,  5.23272e-09,  1.78955e-10])
219626  , -79089.4    , array([ 1.46541    ,  12.526     ,  1.008e-60  ,  5.23272e-09,  1.88488e-10])
219627  , -79089.4    , array([ 1.46541    ,  12.526     ,  1.008e-60  ,  5.23272e-09,  1.88488e-10])
219628  , -79089.4    , array([ 1.46688    ,  12.526     ,  1.008e-60  ,  5.23272e-09,  1.88488e-10])
219629  , -79089.4    , array([ 1.46541    ,  12.5385    ,  1.008e-60  ,  5.23272e-09,  1.88488e-10])
219630  , -79089.4    , array([ 1.46541    ,  12.526     ,  1.00901e-60,  5.23272e-09,  1.88488e-10])
219631  , -79089.4    , array([ 1.46541    ,  12.526     ,  1.008e-60  ,  5.23796e-09,  1.88488e-10])
219632  , -79089.4    , array([ 1.46541    ,  12.526     ,  1.008e-60  ,  5.23272e-09,  1.88676e-10])
219633  , -79089.4    , array([ 2.45385    ,  13.7671    ,  1.008e-60  ,  5.23272e-09,  1.0052e-10 ])
219634  , -79089.4    , array([ 1.89629    ,  13.1319    ,  1.008e-60  ,  5.23272e-09,  1.37647e-10])
219635  , -79089.4    , array([ 1.66699    ,  12.8254    ,  1.008e-60  ,  5.23272e-09,  1.61074e-10])
219636  , -79089.4    , array([ 1.56295    ,  12.6748    ,  1.008e-60  ,  5.23272e-09,  1.74243e-10])
219637  , -79089.4    , array([ 1.5134     ,  12.6002    ,  1.008e-60  ,  5.23272e-09,  1.81225e-10])
219638  , -79089.4    , array([ 1.48921    ,  12.563     ,  1.008e-60  ,  5.23272e-09,  1.84821e-10])
219639  , -79089.4    , array([ 1.47726    ,  12.5445    ,  1.008e-60  ,  5.23272e-09,  1.86645e-10])
219640  , -79089.4    , array([ 1.47133    ,  12.5353    ,  1.008e-60  ,  5.23272e-09,  1.87564e-10])
219641  , -79089.4    , array([ 1.46837    ,  12.5306    ,  1.008e-60  ,  5.23272e-09,  1.88025e-10])
219642  , -79089.4    , array([ 1.46689    ,  12.5283    ,  1.008e-60  ,  5.23272e-09,  1.88256e-10])
219643  , -79089.4    , array([ 1.46615    ,  12.5272    ,  1.008e-60  ,  5.23272e-09,  1.88372e-10])
219644  , -79089.4    , array([ 1.46578    ,  12.5266    ,  1.008e-60  ,  5.23272e-09,  1.8843e-10 ])
