82713   , -50725      , array([ 0.0679387  ,  0.801606   ,  3.26221e-50,  1.90533e-46,  0.0139863  ])
82714   , -50703.8    , array([ 0.0680067  ,  0.801606   ,  3.26221e-50,  1.90533e-46,  0.0139863  ])
82715   , -50731.2    , array([ 0.0679387  ,  0.802408   ,  3.26221e-50,  1.90533e-46,  0.0139863  ])
82716   , -50725      , array([ 0.0679387  ,  0.801606   ,  3.26548e-50,  1.90533e-46,  0.0139863  ])
82717   , -50725      , array([ 0.0679387  ,  0.801606   ,  3.26221e-50,  1.90723e-46,  0.0139863  ])
82718   , -50735.8    , array([ 0.0679387  ,  0.801606   ,  3.26221e-50,  1.90533e-46,  0.0140003  ])
82719   , -50725      , array([ 0.0679387  ,  0.801606   ,  3.26221e-50,  1.90533e-46,  0.0139863  ])
82720   , -47194      , array([ 0.162147   ,  0.621514   ,  3.26221e-50,  1.90533e-46,  0.0089567  ])
82721   , -47194      , array([ 0.162147   ,  0.621514   ,  3.26221e-50,  1.90533e-46,  0.0089567  ])
82722   , -47200.3    , array([ 0.16231    ,  0.621514   ,  3.26221e-50,  1.90533e-46,  0.0089567  ])
82723   , -47201.9    , array([ 0.162147   ,  0.622136   ,  3.26221e-50,  1.90533e-46,  0.0089567  ])
82724   , -47194      , array([ 0.162147   ,  0.621514   ,  3.26548e-50,  1.90533e-46,  0.0089567  ])
82725   , -47194      , array([ 0.162147   ,  0.621514   ,  3.26221e-50,  1.90723e-46,  0.0089567  ])
82726   , -47178.8    , array([ 0.162147   ,  0.621514   ,  3.26221e-50,  1.90533e-46,  0.00896567 ])
82727   , -37326.3    , array([ 0.231658   ,  0.365186   ,  3.26221e-50,  1.90533e-46,  0.0126285  ])
82728   , -37326.3    , array([ 0.231658   ,  0.365186   ,  3.26221e-50,  1.90533e-46,  0.0126285  ])
82729   , -37330.2    , array([ 0.23189    ,  0.365186   ,  3.26221e-50,  1.90533e-46,  0.0126285  ])
82730   , -37340.6    , array([ 0.231658   ,  0.365551   ,  3.26221e-50,  1.90533e-46,  0.0126285  ])
82731   , -37326.3    , array([ 0.231658   ,  0.365186   ,  3.26548e-50,  1.90533e-46,  0.0126285  ])
82732   , -37326.3    , array([ 0.231658   ,  0.365186   ,  3.26221e-50,  1.90723e-46,  0.0126285  ])
82733   , -37307.1    , array([ 0.231658   ,  0.365186   ,  3.26221e-50,  1.90533e-46,  0.0126411  ])
82734   , -24186      , array([ 0.965163   ,  0.0435277  ,  3.26221e-50,  1.90533e-46,  0.0499067  ])
82735   , -24186      , array([ 0.965163   ,  0.0435277  ,  3.26221e-50,  1.90533e-46,  0.0499067  ])
82736   , -24185.1    , array([ 0.966128   ,  0.0435277  ,  3.26221e-50,  1.90533e-46,  0.0499067  ])
82737   , -24145.4    , array([ 0.965163   ,  0.0435713  ,  3.26221e-50,  1.90533e-46,  0.0499067  ])
82738   , -24186      , array([ 0.965163   ,  0.0435277  ,  3.26548e-50,  1.90533e-46,  0.0499067  ])
82739   , -24186      , array([ 0.965163   ,  0.0435277  ,  3.26221e-50,  1.90723e-46,  0.0499067  ])
82740   , -24226.8    , array([ 0.965163   ,  0.0435277  ,  3.26221e-50,  1.90533e-46,  0.0499566  ])
82741   , -20868.5    , array([ 0.338758   ,  0.207261   ,  3.26221e-50,  1.90533e-46,  0.0182088  ])
82742   , -20868.5    , array([ 0.338758   ,  0.207261   ,  3.26221e-50,  1.90533e-46,  0.0182088  ])
82743   , -20868.8    , array([ 0.339097   ,  0.207261   ,  3.26221e-50,  1.90533e-46,  0.0182088  ])
82744   , -20887.7    , array([ 0.338758   ,  0.207469   ,  3.26221e-50,  1.90533e-46,  0.0182088  ])
82745   , -20868.5    , array([ 0.338758   ,  0.207261   ,  3.26548e-50,  1.90533e-46,  0.0182088  ])
82746   , -20868.5    , array([ 0.338758   ,  0.207261   ,  3.26221e-50,  1.90723e-46,  0.0182088  ])
82747   , -20848.4    , array([ 0.338758   ,  0.207261   ,  3.26221e-50,  1.90533e-46,  0.018227   ])
82748   , -2475.69    , array([ 0.604017   ,  0.0875309  ,  3.26221e-50,  1.90533e-46,  0.0317792  ])
82749   , -2475.69    , array([ 0.604017   ,  0.0875309  ,  3.26221e-50,  1.90533e-46,  0.0317792  ])
82750   , -2473.41    , array([ 0.604621   ,  0.0875309  ,  3.26221e-50,  1.90533e-46,  0.0317792  ])
82751   , -2475.21    , array([ 0.604017   ,  0.0876185  ,  3.26221e-50,  1.90533e-46,  0.0317792  ])
82752   , -2475.69    , array([ 0.604017   ,  0.0875309  ,  3.26548e-50,  1.90533e-46,  0.0317792  ])
82753   , -2475.69    , array([ 0.604017   ,  0.0875309  ,  3.26221e-50,  1.90723e-46,  0.0317792  ])
82754   , -2478.17    , array([ 0.604017   ,  0.0875309  ,  3.26221e-50,  1.90533e-46,  0.031811   ])
82762   , -2475.67    , array([ 0.604098   ,  0.0875473  ,  3.26221e-50,  1.90533e-46,  0.0317841  ])
82763   , -2475.67    , array([ 0.604098   ,  0.0875473  ,  3.26221e-50,  1.90533e-46,  0.0317841  ])
82764   , -2473.38    , array([ 0.604703   ,  0.0875473  ,  3.26221e-50,  1.90533e-46,  0.0317841  ])
82765   , -2475.19    , array([ 0.604098   ,  0.0876349  ,  3.26221e-50,  1.90533e-46,  0.0317841  ])
82766   , -2475.67    , array([ 0.604098   ,  0.0875473  ,  3.26548e-50,  1.90533e-46,  0.0317841  ])
82767   , -2475.67    , array([ 0.604098   ,  0.0875473  ,  3.26221e-50,  1.90723e-46,  0.0317841  ])
82768   , -2478.15    , array([ 0.604098   ,  0.0875473  ,  3.26221e-50,  1.90533e-46,  0.0318159  ])
82769   , -2475.66    , array([ 0.604128   ,  0.0875533  ,  3.26221e-50,  1.90533e-46,  0.0317859  ])
82770   , -2475.66    , array([ 0.604128   ,  0.0875533  ,  3.26221e-50,  1.90533e-46,  0.0317859  ])
82771   , -2473.38    , array([ 0.604732   ,  0.0875533  ,  3.26221e-50,  1.90533e-46,  0.0317859  ])
82772   , -2475.19    , array([ 0.604128   ,  0.0876409  ,  3.26221e-50,  1.90533e-46,  0.0317859  ])
82773   , -2475.66    , array([ 0.604128   ,  0.0875533  ,  3.26548e-50,  1.90533e-46,  0.0317859  ])
82774   , -2475.66    , array([ 0.604128   ,  0.0875533  ,  3.26221e-50,  1.90723e-46,  0.0317859  ])
82775   , -2478.14    , array([ 0.604128   ,  0.0875533  ,  3.26221e-50,  1.90533e-46,  0.0318177  ])
82783   , -2475.66    , array([ 0.604148   ,  0.0875573  ,  3.26221e-50,  1.90533e-46,  0.0317871  ])
82784   , -2475.66    , array([ 0.604148   ,  0.0875573  ,  3.26221e-50,  1.90533e-46,  0.0317871  ])
82785   , -2473.37    , array([ 0.604753   ,  0.0875573  ,  3.26221e-50,  1.90533e-46,  0.0317871  ])
82786   , -2475.18    , array([ 0.604148   ,  0.0876449  ,  3.26221e-50,  1.90533e-46,  0.0317871  ])
82787   , -2475.66    , array([ 0.604148   ,  0.0875573  ,  3.26548e-50,  1.90533e-46,  0.0317871  ])
82788   , -2475.66    , array([ 0.604148   ,  0.0875573  ,  3.26221e-50,  1.90723e-46,  0.0317871  ])
82789   , -2478.14    , array([ 0.604148   ,  0.0875573  ,  3.26221e-50,  1.90533e-46,  0.0318189  ])
82790   , -2475.65    , array([ 0.604155   ,  0.0875588  ,  3.26221e-50,  1.90533e-46,  0.0317875  ])
82791   , -2475.65    , array([ 0.604155   ,  0.0875588  ,  3.26221e-50,  1.90533e-46,  0.0317875  ])
82792   , -2473.37    , array([ 0.60476    ,  0.0875588  ,  3.26221e-50,  1.90533e-46,  0.0317875  ])
82793   , -2475.18    , array([ 0.604155   ,  0.0876464  ,  3.26221e-50,  1.90533e-46,  0.0317875  ])
82794   , -2475.65    , array([ 0.604155   ,  0.0875588  ,  3.26548e-50,  1.90533e-46,  0.0317875  ])
82795   , -2475.65    , array([ 0.604155   ,  0.0875588  ,  3.26221e-50,  1.90723e-46,  0.0317875  ])
82796   , -2478.14    , array([ 0.604155   ,  0.0875588  ,  3.26221e-50,  1.90533e-46,  0.0318193  ])
82804   , -2475.65    , array([ 0.60416    ,  0.0875598  ,  3.26221e-50,  1.90533e-46,  0.0317878  ])
82805   , -2475.65    , array([ 0.60416    ,  0.0875598  ,  3.26221e-50,  1.90533e-46,  0.0317878  ])
82806   , -2473.37    , array([ 0.604765   ,  0.0875598  ,  3.26221e-50,  1.90533e-46,  0.0317878  ])
82807   , -2475.18    , array([ 0.60416    ,  0.0876474  ,  3.26221e-50,  1.90533e-46,  0.0317878  ])
82808   , -2475.65    , array([ 0.60416    ,  0.0875598  ,  3.26548e-50,  1.90533e-46,  0.0317878  ])
82809   , -2475.65    , array([ 0.60416    ,  0.0875598  ,  3.26221e-50,  1.90723e-46,  0.0317878  ])
82810   , -2478.13    , array([ 0.60416    ,  0.0875598  ,  3.26221e-50,  1.90533e-46,  0.0318196  ])
82811   , -2475.65    , array([ 0.604162   ,  0.0875602  ,  3.26221e-50,  1.90533e-46,  0.0317879  ])
82812   , -2475.65    , array([ 0.604162   ,  0.0875602  ,  3.26221e-50,  1.90533e-46,  0.0317879  ])
82813   , -2473.37    , array([ 0.604767   ,  0.0875602  ,  3.26221e-50,  1.90533e-46,  0.0317879  ])
82814   , -2475.18    , array([ 0.604162   ,  0.0876478  ,  3.26221e-50,  1.90533e-46,  0.0317879  ])
82815   , -2475.65    , array([ 0.604162   ,  0.0875602  ,  3.26548e-50,  1.90533e-46,  0.0317879  ])
82816   , -2475.65    , array([ 0.604162   ,  0.0875602  ,  3.26221e-50,  1.90723e-46,  0.0317879  ])
82817   , -2478.13    , array([ 0.604162   ,  0.0875602  ,  3.26221e-50,  1.90533e-46,  0.0318198  ])
82818   , -59530.4    , array([ 15.6855    ,  8.15234    ,  3.26221e-50,  1.90533e-46,  1.30726    ])
82819   , -59530.4    , array([ 15.6855    ,  8.15234    ,  3.26221e-50,  1.90533e-46,  1.30726    ])
82820   , -59538.7    , array([ 15.7012    ,  8.15234    ,  3.26221e-50,  1.90533e-46,  1.30726    ])
82821   , -59546.4    , array([ 15.6855    ,  8.1605     ,  3.26221e-50,  1.90533e-46,  1.30726    ])
82822   , -59530.4    , array([ 15.6855    ,  8.15234    ,  3.26548e-50,  1.90533e-46,  1.30726    ])
82823   , -59530.4    , array([ 15.6855    ,  8.15234    ,  3.26221e-50,  1.90723e-46,  1.30726    ])
82824   , -59538.2    , array([ 15.6855    ,  8.15234    ,  3.26221e-50,  1.90533e-46,  1.30856    ])
82825   , -2474       , array([ 0.611816   ,  0.0891083  ,  3.26221e-50,  1.90533e-46,  0.0322479  ])
82826   , -2474       , array([ 0.611816   ,  0.0891083  ,  3.26221e-50,  1.90533e-46,  0.0322479  ])
82827   , -2471.72    , array([ 0.612428   ,  0.0891083  ,  3.26221e-50,  1.90533e-46,  0.0322479  ])
82828   , -2473.62    , array([ 0.611816   ,  0.0891974  ,  3.26221e-50,  1.90533e-46,  0.0322479  ])
82829   , -2474       , array([ 0.611816   ,  0.0891083  ,  3.26548e-50,  1.90533e-46,  0.0322479  ])
82830   , -2474       , array([ 0.611816   ,  0.0891083  ,  3.26221e-50,  1.90723e-46,  0.0322479  ])
82831   , -2476.4     , array([ 0.611816   ,  0.0891083  ,  3.26221e-50,  1.90533e-46,  0.0322802  ])
82832   , -2470.53    , array([ 0.613785   ,  0.0892387  ,  3.26221e-50,  1.90533e-46,  0.0323079  ])
82833   , -2470.53    , array([ 0.613785   ,  0.0892387  ,  3.26221e-50,  1.90533e-46,  0.0323079  ])
82834   , -2468.26    , array([ 0.6144     ,  0.0892387  ,  3.26221e-50,  1.90533e-46,  0.0323079  ])
82835   , -2470.14    , array([ 0.613785   ,  0.0893279  ,  3.26221e-50,  1.90533e-46,  0.0323079  ])
82836   , -2470.53    , array([ 0.613785   ,  0.0892387  ,  3.26548e-50,  1.90533e-46,  0.0323079  ])
82837   , -2470.53    , array([ 0.613785   ,  0.0892387  ,  3.26221e-50,  1.90723e-46,  0.0323079  ])
82838   , -2472.93    , array([ 0.613785   ,  0.0892387  ,  3.26221e-50,  1.90533e-46,  0.0323402  ])
82839   , -2456.88    , array([ 0.621726   ,  0.089762   ,  3.26221e-50,  1.90533e-46,  0.0325487  ])
82840   , -2456.88    , array([ 0.621726   ,  0.089762   ,  3.26221e-50,  1.90533e-46,  0.0325487  ])
82841   , -2454.64    , array([ 0.622348   ,  0.089762   ,  3.26221e-50,  1.90533e-46,  0.0325487  ])
82842   , -2456.45    , array([ 0.621726   ,  0.0898518  ,  3.26221e-50,  1.90533e-46,  0.0325487  ])
82843   , -2456.88    , array([ 0.621726   ,  0.089762   ,  3.26548e-50,  1.90533e-46,  0.0325487  ])
82844   , -2456.88    , array([ 0.621726   ,  0.089762   ,  3.26221e-50,  1.90723e-46,  0.0325487  ])
82845   , -2459.31    , array([ 0.621726   ,  0.089762   ,  3.26221e-50,  1.90533e-46,  0.0325813  ])
82846   , -2405.91    , array([ 0.65453    ,  0.0918864  ,  3.26221e-50,  1.90533e-46,  0.0335301  ])
82847   , -2405.91    , array([ 0.65453    ,  0.0918864  ,  3.26221e-50,  1.90533e-46,  0.0335301  ])
82848   , -2403.81    , array([ 0.655185   ,  0.0918864  ,  3.26221e-50,  1.90533e-46,  0.0335301  ])
82849   , -2405.34    , array([ 0.65453    ,  0.0919783  ,  3.26221e-50,  1.90533e-46,  0.0335301  ])
82850   , -2405.91    , array([ 0.65453    ,  0.0918864  ,  3.26548e-50,  1.90533e-46,  0.0335301  ])
82851   , -2405.91    , array([ 0.65453    ,  0.0918864  ,  3.26221e-50,  1.90723e-46,  0.0335301  ])
82852   , -2408.43    , array([ 0.65453    ,  0.0918864  ,  3.26221e-50,  1.90533e-46,  0.0335636  ])
82853   , -2280.68    , array([ 0.661985   ,  0.0882026  ,  3.26221e-50,  1.90533e-46,  0.0317492  ])
82854   , -2280.68    , array([ 0.661985   ,  0.0882026  ,  3.26221e-50,  1.90533e-46,  0.0317492  ])
82855   , -2278.81    , array([ 0.662647   ,  0.0882026  ,  3.26221e-50,  1.90533e-46,  0.0317492  ])
82856   , -2280.45    , array([ 0.661985   ,  0.0882909  ,  3.26221e-50,  1.90533e-46,  0.0317492  ])
82857   , -2280.68    , array([ 0.661985   ,  0.0882026  ,  3.26548e-50,  1.90533e-46,  0.0317492  ])
82858   , -2280.68    , array([ 0.661985   ,  0.0882026  ,  3.26221e-50,  1.90723e-46,  0.0317492  ])
82859   , -2282.59    , array([ 0.661985   ,  0.0882026  ,  3.26221e-50,  1.90533e-46,  0.0317809  ])
82860   , -2062.98    , array([ 0.732566   ,  0.0850256  ,  3.26221e-50,  1.90533e-46,  0.0305724  ])
82861   , -2062.98    , array([ 0.732566   ,  0.0850256  ,  3.26221e-50,  1.90533e-46,  0.0305724  ])
82862   , -2061.6     , array([ 0.733298   ,  0.0850256  ,  3.26221e-50,  1.90533e-46,  0.0305724  ])
82863   , -2062.77    , array([ 0.732566   ,  0.0851107  ,  3.26221e-50,  1.90533e-46,  0.0305724  ])
82864   , -2062.98    , array([ 0.732566   ,  0.0850256  ,  3.26548e-50,  1.90533e-46,  0.0305724  ])
82865   , -2062.98    , array([ 0.732566   ,  0.0850256  ,  3.26221e-50,  1.90723e-46,  0.0305724  ])
82866   , -2064.43    , array([ 0.732566   ,  0.0850256  ,  3.26221e-50,  1.90533e-46,  0.030603   ])
82867   , -1763.13    , array([ 0.914868   ,  0.0770294  ,  3.26221e-50,  1.90533e-46,  0.0274903  ])
82868   , -1763.13    , array([ 0.914868   ,  0.0770294  ,  3.26221e-50,  1.90533e-46,  0.0274903  ])
82869   , -1762.53    , array([ 0.915783   ,  0.0770294  ,  3.26221e-50,  1.90533e-46,  0.0274903  ])
82870   , -1763.15    , array([ 0.914868   ,  0.0771065  ,  3.26221e-50,  1.90533e-46,  0.0274903  ])
82871   , -1763.13    , array([ 0.914868   ,  0.0770294  ,  3.26548e-50,  1.90533e-46,  0.0274903  ])
82872   , -1763.13    , array([ 0.914868   ,  0.0770294  ,  3.26221e-50,  1.90723e-46,  0.0274903  ])
82873   , -1763.65    , array([ 0.914868   ,  0.0770294  ,  3.26221e-50,  1.90533e-46,  0.0275178  ])
82874   , -1666.02    , array([ 1.10113    ,  0.0721942  ,  3.26221e-50,  1.90533e-46,  0.0258113  ])
82875   , -1666.02    , array([ 1.10113    ,  0.0721942  ,  3.26221e-50,  1.90533e-46,  0.0258113  ])
82876   , -1665.77    , array([ 1.10223    ,  0.0721942  ,  3.26221e-50,  1.90533e-46,  0.0258113  ])
82877   , -1666.02    , array([ 1.10113    ,  0.0722665  ,  3.26221e-50,  1.90533e-46,  0.0258113  ])
82878   , -1666.02    , array([ 1.10113    ,  0.0721942  ,  3.26548e-50,  1.90533e-46,  0.0258113  ])
82879   , -1666.02    , array([ 1.10113    ,  0.0721942  ,  3.26221e-50,  1.90723e-46,  0.0258113  ])
82880   , -1666.25    , array([ 1.10113    ,  0.0721942  ,  3.26221e-50,  1.90533e-46,  0.0258371  ])
82881   , -1638.16    , array([ 1.26778    ,  0.069485   ,  3.26221e-50,  1.90533e-46,  0.0248609  ])
82882   , -1638.16    , array([ 1.26778    ,  0.069485   ,  3.26221e-50,  1.90533e-46,  0.0248609  ])
82883   , -1638.07    , array([ 1.26904    ,  0.069485   ,  3.26221e-50,  1.90533e-46,  0.0248609  ])
82884   , -1638.16    , array([ 1.26778    ,  0.0695545  ,  3.26221e-50,  1.90533e-46,  0.0248609  ])
82885   , -1638.16    , array([ 1.26778    ,  0.069485   ,  3.26548e-50,  1.90533e-46,  0.0248609  ])
82886   , -1638.16    , array([ 1.26778    ,  0.069485   ,  3.26221e-50,  1.90723e-46,  0.0248609  ])
82887   , -1638.24    , array([ 1.26778    ,  0.069485   ,  3.26221e-50,  1.90533e-46,  0.0248857  ])
82888   , -1632.92    , array([ 1.37902    ,  0.0681835  ,  3.26221e-50,  1.90533e-46,  0.0244118  ])
82889   , -1632.92    , array([ 1.37902    ,  0.0681835  ,  3.26221e-50,  1.90533e-46,  0.0244118  ])
82890   , -1632.89    , array([ 1.3804     ,  0.0681835  ,  3.26221e-50,  1.90533e-46,  0.0244118  ])
82891   , -1632.92    , array([ 1.37902    ,  0.0682517  ,  3.26221e-50,  1.90533e-46,  0.0244118  ])
82892   , -1632.92    , array([ 1.37902    ,  0.0681835  ,  3.26548e-50,  1.90533e-46,  0.0244118  ])
82893   , -1632.92    , array([ 1.37902    ,  0.0681835  ,  3.26221e-50,  1.90723e-46,  0.0244118  ])
82894   , -1632.94    , array([ 1.37902    ,  0.0681835  ,  3.26221e-50,  1.90533e-46,  0.0244362  ])
82895   , -1632.52    , array([ 1.42624    ,  0.0677369  ,  3.26221e-50,  1.90533e-46,  0.0242559  ])
82896   , -1632.52    , array([ 1.42624    ,  0.0677369  ,  3.26221e-50,  1.90533e-46,  0.0242559  ])
82897   , -1632.51    , array([ 1.42766    ,  0.0677369  ,  3.26221e-50,  1.90533e-46,  0.0242559  ])
82898   , -1632.52    , array([ 1.42624    ,  0.0678047  ,  3.26221e-50,  1.90533e-46,  0.0242559  ])
82899   , -1632.52    , array([ 1.42624    ,  0.0677369  ,  3.26548e-50,  1.90533e-46,  0.0242559  ])
82900   , -1632.52    , array([ 1.42624    ,  0.0677369  ,  3.26221e-50,  1.90723e-46,  0.0242559  ])
82901   , -1632.52    , array([ 1.42624    ,  0.0677369  ,  3.26221e-50,  1.90533e-46,  0.0242802  ])
82902   , -1632.53    , array([ 1.43587    ,  0.0676551  ,  3.26221e-50,  1.90533e-46,  0.0242279  ])
82903   , -1632.53    , array([ 1.43587    ,  0.0676551  ,  3.26221e-50,  1.90533e-46,  0.0242279  ])
82904   , -1632.53    , array([ 1.4373     ,  0.0676551  ,  3.26221e-50,  1.90533e-46,  0.0242279  ])
82905   , -1632.53    , array([ 1.43587    ,  0.0677228  ,  3.26221e-50,  1.90533e-46,  0.0242279  ])
82906   , -1632.53    , array([ 1.43587    ,  0.0676551  ,  3.26548e-50,  1.90533e-46,  0.0242279  ])
82907   , -1632.53    , array([ 1.43587    ,  0.0676551  ,  3.26221e-50,  1.90723e-46,  0.0242279  ])
82908   , -1632.53    , array([ 1.43587    ,  0.0676551  ,  3.26221e-50,  1.90533e-46,  0.0242522  ])
82909   , -1632.52    , array([ 1.42783    ,  0.0677233  ,  3.26221e-50,  1.90533e-46,  0.0242513  ])
82910   , -1632.52    , array([ 1.42783    ,  0.0677233  ,  3.26221e-50,  1.90533e-46,  0.0242513  ])
82911   , -1632.51    , array([ 1.42926    ,  0.0677233  ,  3.26221e-50,  1.90533e-46,  0.0242513  ])
82912   , -1632.52    , array([ 1.42783    ,  0.0677911  ,  3.26221e-50,  1.90533e-46,  0.0242513  ])
82913   , -1632.52    , array([ 1.42783    ,  0.0677233  ,  3.26548e-50,  1.90533e-46,  0.0242513  ])
82914   , -1632.52    , array([ 1.42783    ,  0.0677233  ,  3.26221e-50,  1.90723e-46,  0.0242513  ])
82915   , -1632.52    , array([ 1.42783    ,  0.0677233  ,  3.26221e-50,  1.90533e-46,  0.0242755  ])
82916   , -1632.52    , array([ 1.42655    ,  0.0677342  ,  3.26221e-50,  1.90533e-46,  0.024255   ])
82917   , -1632.52    , array([ 1.42655    ,  0.0677342  ,  3.26221e-50,  1.90533e-46,  0.024255   ])
82918   , -1632.51    , array([ 1.42798    ,  0.0677342  ,  3.26221e-50,  1.90533e-46,  0.024255   ])
82919   , -1632.52    , array([ 1.42655    ,  0.067802   ,  3.26221e-50,  1.90533e-46,  0.024255   ])
82920   , -1632.52    , array([ 1.42655    ,  0.0677342  ,  3.26548e-50,  1.90533e-46,  0.024255   ])
82921   , -1632.52    , array([ 1.42655    ,  0.0677342  ,  3.26221e-50,  1.90723e-46,  0.024255   ])
82922   , -1632.52    , array([ 1.42655    ,  0.0677342  ,  3.26221e-50,  1.90533e-46,  0.0242793  ])
82923   , -1632.52    , array([ 1.4263     ,  0.0677364  ,  3.26221e-50,  1.90533e-46,  0.0242557  ])
82924   , -1632.52    , array([ 1.4263     ,  0.0677364  ,  3.26221e-50,  1.90533e-46,  0.0242557  ])
82925   , -1632.51    , array([ 1.42773    ,  0.0677364  ,  3.26221e-50,  1.90533e-46,  0.0242557  ])
82926   , -1632.52    , array([ 1.4263     ,  0.0678042  ,  3.26221e-50,  1.90533e-46,  0.0242557  ])
82927   , -1632.52    , array([ 1.4263     ,  0.0677364  ,  3.26548e-50,  1.90533e-46,  0.0242557  ])
82928   , -1632.52    , array([ 1.4263     ,  0.0677364  ,  3.26221e-50,  1.90723e-46,  0.0242557  ])
82929   , -1632.52    , array([ 1.4263     ,  0.0677364  ,  3.26221e-50,  1.90533e-46,  0.02428    ])
82930   , -1632.52    , array([ 1.42625    ,  0.0677368  ,  3.26221e-50,  1.90533e-46,  0.0242559  ])
82931   , -1632.52    , array([ 1.42625    ,  0.0677368  ,  3.26221e-50,  1.90533e-46,  0.0242559  ])
82932   , -1632.51    , array([ 1.42768    ,  0.0677368  ,  3.26221e-50,  1.90533e-46,  0.0242559  ])
82933   , -1632.52    , array([ 1.42625    ,  0.0678046  ,  3.26221e-50,  1.90533e-46,  0.0242559  ])
82934   , -1632.52    , array([ 1.42625    ,  0.0677368  ,  3.26548e-50,  1.90533e-46,  0.0242559  ])
82935   , -1632.52    , array([ 1.42625    ,  0.0677368  ,  3.26221e-50,  1.90723e-46,  0.0242559  ])
82936   , -1632.52    , array([ 1.42625    ,  0.0677368  ,  3.26221e-50,  1.90533e-46,  0.0242801  ])
82937   , -1632.52    , array([ 1.42624    ,  0.0677369  ,  3.26221e-50,  1.90533e-46,  0.0242559  ])
82938   , -1632.52    , array([ 1.42624    ,  0.0677369  ,  3.26221e-50,  1.90533e-46,  0.0242559  ])
82939   , -1632.51    , array([ 1.42767    ,  0.0677369  ,  3.26221e-50,  1.90533e-46,  0.0242559  ])
82940   , -1632.52    , array([ 1.42624    ,  0.0678047  ,  3.26221e-50,  1.90533e-46,  0.0242559  ])
82941   , -1632.52    , array([ 1.42624    ,  0.0677369  ,  3.26548e-50,  1.90533e-46,  0.0242559  ])
82942   , -1632.52    , array([ 1.42624    ,  0.0677369  ,  3.26221e-50,  1.90723e-46,  0.0242559  ])
82943   , -1632.52    , array([ 1.42624    ,  0.0677369  ,  3.26221e-50,  1.90533e-46,  0.0242802  ])
82944   , -1632.52    , array([ 1.42624    ,  0.0677369  ,  3.26221e-50,  1.90533e-46,  0.0242559  ])
82945   , -1632.52    , array([ 1.42624    ,  0.0677369  ,  3.26221e-50,  1.90533e-46,  0.0242559  ])
82946   , -1632.51    , array([ 1.42766    ,  0.0677369  ,  3.26221e-50,  1.90533e-46,  0.0242559  ])
82947   , -1632.52    , array([ 1.42624    ,  0.0678047  ,  3.26221e-50,  1.90533e-46,  0.0242559  ])
82948   , -1632.52    , array([ 1.42624    ,  0.0677369  ,  3.26548e-50,  1.90533e-46,  0.0242559  ])
82949   , -1632.52    , array([ 1.42624    ,  0.0677369  ,  3.26221e-50,  1.90723e-46,  0.0242559  ])
82950   , -1632.52    , array([ 1.42624    ,  0.0677369  ,  3.26221e-50,  1.90533e-46,  0.0242802  ])
82951   , -1632.52    , array([ 1.42624    ,  0.0677369  ,  3.26221e-50,  1.90533e-46,  0.0242559  ])
82952   , -1632.52    , array([ 1.42624    ,  0.0677369  ,  3.26221e-50,  1.90533e-46,  0.0242559  ])
82953   , -1632.51    , array([ 1.42766    ,  0.0677369  ,  3.26221e-50,  1.90533e-46,  0.0242559  ])
82954   , -1632.52    , array([ 1.42624    ,  0.0678047  ,  3.26221e-50,  1.90533e-46,  0.0242559  ])
82955   , -1632.52    , array([ 1.42624    ,  0.0677369  ,  3.26548e-50,  1.90533e-46,  0.0242559  ])
82956   , -1632.52    , array([ 1.42624    ,  0.0677369  ,  3.26221e-50,  1.90723e-46,  0.0242559  ])
82957   , -1632.52    , array([ 1.42624    ,  0.0677369  ,  3.26221e-50,  1.90533e-46,  0.0242802  ])
82958   , -1632.52    , array([ 1.42624    ,  0.0677369  ,  3.26221e-50,  1.90533e-46,  0.0242559  ])
82959   , -1632.52    , array([ 1.42624    ,  0.0677369  ,  3.26221e-50,  1.90533e-46,  0.0242559  ])
82960   , -1632.51    , array([ 1.42766    ,  0.0677369  ,  3.26221e-50,  1.90533e-46,  0.0242559  ])
82961   , -1632.52    , array([ 1.42624    ,  0.0678047  ,  3.26221e-50,  1.90533e-46,  0.0242559  ])
82962   , -1632.52    , array([ 1.42624    ,  0.0677369  ,  3.26548e-50,  1.90533e-46,  0.0242559  ])
82963   , -1632.52    , array([ 1.42624    ,  0.0677369  ,  3.26221e-50,  1.90723e-46,  0.0242559  ])
82964   , -1632.52    , array([ 1.42624    ,  0.0677369  ,  3.26221e-50,  1.90533e-46,  0.0242802  ])
82965   , -1632.52    , array([ 1.42624    ,  0.0677369  ,  3.26221e-50,  1.90533e-46,  0.0242559  ])
82966   , -1632.52    , array([ 1.42624    ,  0.0677369  ,  3.26221e-50,  1.90533e-46,  0.0242559  ])
82967   , -1632.51    , array([ 1.42766    ,  0.0677369  ,  3.26221e-50,  1.90533e-46,  0.0242559  ])
82968   , -1632.52    , array([ 1.42624    ,  0.0678047  ,  3.26221e-50,  1.90533e-46,  0.0242559  ])
82969   , -1632.52    , array([ 1.42624    ,  0.0677369  ,  3.26548e-50,  1.90533e-46,  0.0242559  ])
82970   , -1632.52    , array([ 1.42624    ,  0.0677369  ,  3.26221e-50,  1.90723e-46,  0.0242559  ])
82971   , -1632.52    , array([ 1.42624    ,  0.0677369  ,  3.26221e-50,  1.90533e-46,  0.0242802  ])
82972   , -1632.52    , array([ 1.42624    ,  0.0677369  ,  3.26221e-50,  1.90533e-46,  0.0242559  ])
82973   , -1632.52    , array([ 1.42624    ,  0.0677369  ,  3.26221e-50,  1.90533e-46,  0.0242559  ])
82974   , -1632.51    , array([ 1.42766    ,  0.0677369  ,  3.26221e-50,  1.90533e-46,  0.0242559  ])
82975   , -1632.52    , array([ 1.42624    ,  0.0678047  ,  3.26221e-50,  1.90533e-46,  0.0242559  ])
82976   , -1632.52    , array([ 1.42624    ,  0.0677369  ,  3.26548e-50,  1.90533e-46,  0.0242559  ])
82977   , -1632.52    , array([ 1.42624    ,  0.0677369  ,  3.26221e-50,  1.90723e-46,  0.0242559  ])
82978   , -1632.52    , array([ 1.42624    ,  0.0677369  ,  3.26221e-50,  1.90533e-46,  0.0242802  ])
82979   , -1632.52    , array([ 1.42624    ,  0.0677369  ,  3.26221e-50,  1.90533e-46,  0.0242559  ])
82980   , -1632.52    , array([ 1.42624    ,  0.0677369  ,  3.26221e-50,  1.90533e-46,  0.0242559  ])
82981   , -1632.51    , array([ 1.42766    ,  0.0677369  ,  3.26221e-50,  1.90533e-46,  0.0242559  ])
82982   , -1632.52    , array([ 1.42624    ,  0.0678047  ,  3.26221e-50,  1.90533e-46,  0.0242559  ])
82983   , -1632.52    , array([ 1.42624    ,  0.0677369  ,  3.26548e-50,  1.90533e-46,  0.0242559  ])
82984   , -1632.52    , array([ 1.42624    ,  0.0677369  ,  3.26221e-50,  1.90723e-46,  0.0242559  ])
82985   , -1632.52    , array([ 1.42624    ,  0.0677369  ,  3.26221e-50,  1.90533e-46,  0.0242802  ])
82986   , -1632.52    , array([ 1.42624    ,  0.0677369  ,  3.26221e-50,  1.90533e-46,  0.0242559  ])
82987   , -1632.52    , array([ 1.42624    ,  0.0677369  ,  3.26221e-50,  1.90533e-46,  0.0242559  ])
82988   , -1632.51    , array([ 1.42766    ,  0.0677369  ,  3.26221e-50,  1.90533e-46,  0.0242559  ])
82989   , -1632.52    , array([ 1.42624    ,  0.0678047  ,  3.26221e-50,  1.90533e-46,  0.0242559  ])
82990   , -1632.52    , array([ 1.42624    ,  0.0677369  ,  3.26548e-50,  1.90533e-46,  0.0242559  ])
82991   , -1632.52    , array([ 1.42624    ,  0.0677369  ,  3.26221e-50,  1.90723e-46,  0.0242559  ])
82992   , -1632.52    , array([ 1.42624    ,  0.0677369  ,  3.26221e-50,  1.90533e-46,  0.0242802  ])
82993   , -1632.52    , array([ 1.42624    ,  0.0677369  ,  3.26221e-50,  1.90533e-46,  0.0242559  ])
82994   , -1632.52    , array([ 1.42624    ,  0.0677369  ,  3.26221e-50,  1.90533e-46,  0.0242559  ])
82995   , -1632.51    , array([ 1.42766    ,  0.0677369  ,  3.26221e-50,  1.90533e-46,  0.0242559  ])
82996   , -1632.52    , array([ 1.42624    ,  0.0678047  ,  3.26221e-50,  1.90533e-46,  0.0242559  ])
82997   , -1632.52    , array([ 1.42624    ,  0.0677369  ,  3.26548e-50,  1.90533e-46,  0.0242559  ])
82998   , -1632.52    , array([ 1.42624    ,  0.0677369  ,  3.26221e-50,  1.90723e-46,  0.0242559  ])
82999   , -1632.52    , array([ 1.42624    ,  0.0677369  ,  3.26221e-50,  1.90533e-46,  0.0242802  ])
83000   , -1632.52    , array([ 1.42624    ,  0.0677369  ,  3.26221e-50,  1.90533e-46,  0.0242559  ])
83001   , -1632.52    , array([ 1.42624    ,  0.0677369  ,  3.26221e-50,  1.90533e-46,  0.0242559  ])
83002   , -1632.51    , array([ 1.42766    ,  0.0677369  ,  3.26221e-50,  1.90533e-46,  0.0242559  ])
83003   , -1632.52    , array([ 1.42624    ,  0.0678047  ,  3.26221e-50,  1.90533e-46,  0.0242559  ])
83004   , -1632.52    , array([ 1.42624    ,  0.0677369  ,  3.26548e-50,  1.90533e-46,  0.0242559  ])
83005   , -1632.52    , array([ 1.42624    ,  0.0677369  ,  3.26221e-50,  1.90723e-46,  0.0242559  ])
83006   , -1632.52    , array([ 1.42624    ,  0.0677369  ,  3.26221e-50,  1.90533e-46,  0.0242802  ])
83007   , -1632.52    , array([ 1.42624    ,  0.0677369  ,  3.26221e-50,  1.90533e-46,  0.0242559  ])
83008   , -1632.52    , array([ 1.42624    ,  0.0677369  ,  3.26221e-50,  1.90533e-46,  0.0242559  ])
83009   , -1632.51    , array([ 1.42766    ,  0.0677369  ,  3.26221e-50,  1.90533e-46,  0.0242559  ])
83010   , -1632.52    , array([ 1.42624    ,  0.0678047  ,  3.26221e-50,  1.90533e-46,  0.0242559  ])
83011   , -1632.52    , array([ 1.42624    ,  0.0677369  ,  3.26548e-50,  1.90533e-46,  0.0242559  ])
83012   , -1632.52    , array([ 1.42624    ,  0.0677369  ,  3.26221e-50,  1.90723e-46,  0.0242559  ])
83013   , -1632.52    , array([ 1.42624    ,  0.0677369  ,  3.26221e-50,  1.90533e-46,  0.0242802  ])
83014   , -1632.52    , array([ 1.42624    ,  0.0677369  ,  3.26221e-50,  1.90533e-46,  0.0242559  ])
83015   , -1632.52    , array([ 1.42624    ,  0.0677369  ,  3.26221e-50,  1.90533e-46,  0.0242559  ])
83016   , -1632.51    , array([ 1.42766    ,  0.0677369  ,  3.26221e-50,  1.90533e-46,  0.0242559  ])
83017   , -1632.52    , array([ 1.42624    ,  0.0678047  ,  3.26221e-50,  1.90533e-46,  0.0242559  ])
83018   , -1632.52    , array([ 1.42624    ,  0.0677369  ,  3.26548e-50,  1.90533e-46,  0.0242559  ])
83019   , -1632.52    , array([ 1.42624    ,  0.0677369  ,  3.26221e-50,  1.90723e-46,  0.0242559  ])
83020   , -1632.52    , array([ 1.42624    ,  0.0677369  ,  3.26221e-50,  1.90533e-46,  0.0242802  ])
83021   , -1632.52    , array([ 1.42624    ,  0.0677369  ,  3.26221e-50,  1.90533e-46,  0.0242559  ])
83022   , -1632.52    , array([ 1.42624    ,  0.0677369  ,  3.26221e-50,  1.90533e-46,  0.0242559  ])
83023   , -1632.51    , array([ 1.42766    ,  0.0677369  ,  3.26221e-50,  1.90533e-46,  0.0242559  ])
83024   , -1632.52    , array([ 1.42624    ,  0.0678047  ,  3.26221e-50,  1.90533e-46,  0.0242559  ])
83025   , -1632.52    , array([ 1.42624    ,  0.0677369  ,  3.26548e-50,  1.90533e-46,  0.0242559  ])
83026   , -1632.52    , array([ 1.42624    ,  0.0677369  ,  3.26221e-50,  1.90723e-46,  0.0242559  ])
83027   , -1632.52    , array([ 1.42624    ,  0.0677369  ,  3.26221e-50,  1.90533e-46,  0.0242802  ])
83028   , -1632.52    , array([ 1.42624    ,  0.0677369  ,  3.26221e-50,  1.90533e-46,  0.0242559  ])
83029   , -1632.52    , array([ 1.42624    ,  0.0677369  ,  3.26221e-50,  1.90533e-46,  0.0242559  ])
83030   , -1632.51    , array([ 1.42766    ,  0.0677369  ,  3.26221e-50,  1.90533e-46,  0.0242559  ])
83031   , -1632.52    , array([ 1.42624    ,  0.0678047  ,  3.26221e-50,  1.90533e-46,  0.0242559  ])
83032   , -1632.52    , array([ 1.42624    ,  0.0677369  ,  3.26548e-50,  1.90533e-46,  0.0242559  ])
83033   , -1632.52    , array([ 1.42624    ,  0.0677369  ,  3.26221e-50,  1.90723e-46,  0.0242559  ])
83034   , -1632.52    , array([ 1.42624    ,  0.0677369  ,  3.26221e-50,  1.90533e-46,  0.0242802  ])
83035   , -1632.52    , array([ 1.42624    ,  0.0677369  ,  3.26221e-50,  1.90533e-46,  0.0242559  ])
83036   , -1632.52    , array([ 1.42624    ,  0.0677369  ,  3.26221e-50,  1.90533e-46,  0.0242559  ])
83037   , -1632.51    , array([ 1.42766    ,  0.0677369  ,  3.26221e-50,  1.90533e-46,  0.0242559  ])
83038   , -1632.52    , array([ 1.42624    ,  0.0678047  ,  3.26221e-50,  1.90533e-46,  0.0242559  ])
83039   , -1632.52    , array([ 1.42624    ,  0.0677369  ,  3.26548e-50,  1.90533e-46,  0.0242559  ])
83040   , -1632.52    , array([ 1.42624    ,  0.0677369  ,  3.26221e-50,  1.90723e-46,  0.0242559  ])
83041   , -1632.52    , array([ 1.42624    ,  0.0677369  ,  3.26221e-50,  1.90533e-46,  0.0242802  ])
83042   , -1632.52    , array([ 1.42624    ,  0.0677369  ,  3.26221e-50,  1.90533e-46,  0.0242559  ])
83043   , -1632.52    , array([ 1.42624    ,  0.0677369  ,  3.26221e-50,  1.90533e-46,  0.0242559  ])
83044   , -1632.51    , array([ 1.42766    ,  0.0677369  ,  3.26221e-50,  1.90533e-46,  0.0242559  ])
83045   , -1632.52    , array([ 1.42624    ,  0.0678047  ,  3.26221e-50,  1.90533e-46,  0.0242559  ])
83046   , -1632.52    , array([ 1.42624    ,  0.0677369  ,  3.26548e-50,  1.90533e-46,  0.0242559  ])
83047   , -1632.52    , array([ 1.42624    ,  0.0677369  ,  3.26221e-50,  1.90723e-46,  0.0242559  ])
83048   , -1632.52    , array([ 1.42624    ,  0.0677369  ,  3.26221e-50,  1.90533e-46,  0.0242802  ])
83049   , -1632.52    , array([ 1.42624    ,  0.0677369  ,  3.26221e-50,  1.90533e-46,  0.0242559  ])
83050   , -1632.52    , array([ 1.42624    ,  0.0677369  ,  3.26221e-50,  1.90533e-46,  0.0242559  ])
83051   , -1632.51    , array([ 1.42766    ,  0.0677369  ,  3.26221e-50,  1.90533e-46,  0.0242559  ])
83052   , -1632.52    , array([ 1.42624    ,  0.0678047  ,  3.26221e-50,  1.90533e-46,  0.0242559  ])
83053   , -1632.52    , array([ 1.42624    ,  0.0677369  ,  3.26548e-50,  1.90533e-46,  0.0242559  ])
83054   , -1632.52    , array([ 1.42624    ,  0.0677369  ,  3.26221e-50,  1.90723e-46,  0.0242559  ])
83055   , -1632.52    , array([ 1.42624    ,  0.0677369  ,  3.26221e-50,  1.90533e-46,  0.0242802  ])
83056   , -1632.52    , array([ 1.42624    ,  0.0677369  ,  3.26221e-50,  1.90533e-46,  0.0242559  ])
83057   , -1632.52    , array([ 1.42624    ,  0.0677369  ,  3.26221e-50,  1.90533e-46,  0.0242559  ])
83058   , -1632.51    , array([ 1.42766    ,  0.0677369  ,  3.26221e-50,  1.90533e-46,  0.0242559  ])
83059   , -1632.52    , array([ 1.42624    ,  0.0678047  ,  3.26221e-50,  1.90533e-46,  0.0242559  ])
83060   , -1632.52    , array([ 1.42624    ,  0.0677369  ,  3.26548e-50,  1.90533e-46,  0.0242559  ])
83061   , -1632.52    , array([ 1.42624    ,  0.0677369  ,  3.26221e-50,  1.90723e-46,  0.0242559  ])
83062   , -1632.52    , array([ 1.42624    ,  0.0677369  ,  3.26221e-50,  1.90533e-46,  0.0242802  ])
83063   , -1632.52    , array([ 1.42624    ,  0.0677369  ,  3.26221e-50,  1.90533e-46,  0.0242559  ])
83064   , -1632.52    , array([ 1.42624    ,  0.0677369  ,  3.26221e-50,  1.90533e-46,  0.0242559  ])
83065   , -1632.51    , array([ 1.42766    ,  0.0677369  ,  3.26221e-50,  1.90533e-46,  0.0242559  ])
83066   , -1632.52    , array([ 1.42624    ,  0.0678047  ,  3.26221e-50,  1.90533e-46,  0.0242559  ])
83067   , -1632.52    , array([ 1.42624    ,  0.0677369  ,  3.26548e-50,  1.90533e-46,  0.0242559  ])
83068   , -1632.52    , array([ 1.42624    ,  0.0677369  ,  3.26221e-50,  1.90723e-46,  0.0242559  ])
83069   , -1632.52    , array([ 1.42624    ,  0.0677369  ,  3.26221e-50,  1.90533e-46,  0.0242802  ])
83070   , -1632.52    , array([ 1.42624    ,  0.0677369  ,  3.26221e-50,  1.90533e-46,  0.0242559  ])
83071   , -1632.52    , array([ 1.42624    ,  0.0677369  ,  3.26221e-50,  1.90533e-46,  0.0242559  ])
83072   , -1632.51    , array([ 1.42766    ,  0.0677369  ,  3.26221e-50,  1.90533e-46,  0.0242559  ])
83073   , -1632.52    , array([ 1.42624    ,  0.0678047  ,  3.26221e-50,  1.90533e-46,  0.0242559  ])
83074   , -1632.52    , array([ 1.42624    ,  0.0677369  ,  3.26548e-50,  1.90533e-46,  0.0242559  ])
83075   , -1632.52    , array([ 1.42624    ,  0.0677369  ,  3.26221e-50,  1.90723e-46,  0.0242559  ])
83076   , -1632.52    , array([ 1.42624    ,  0.0677369  ,  3.26221e-50,  1.90533e-46,  0.0242802  ])
83077   , -1632.52    , array([ 1.42624    ,  0.0677369  ,  3.26221e-50,  1.90533e-46,  0.0242559  ])
83078   , -1632.52    , array([ 1.42624    ,  0.0677369  ,  3.26221e-50,  1.90533e-46,  0.0242559  ])
83079   , -1632.51    , array([ 1.42766    ,  0.0677369  ,  3.26221e-50,  1.90533e-46,  0.0242559  ])
83080   , -1632.52    , array([ 1.42624    ,  0.0678047  ,  3.26221e-50,  1.90533e-46,  0.0242559  ])
83081   , -1632.52    , array([ 1.42624    ,  0.0677369  ,  3.26548e-50,  1.90533e-46,  0.0242559  ])
83082   , -1632.52    , array([ 1.42624    ,  0.0677369  ,  3.26221e-50,  1.90723e-46,  0.0242559  ])
83083   , -1632.52    , array([ 1.42624    ,  0.0677369  ,  3.26221e-50,  1.90533e-46,  0.0242802  ])
83084   , -1632.52    , array([ 1.42624    ,  0.0677369  ,  3.26221e-50,  1.90533e-46,  0.0242559  ])
83085   , -1632.52    , array([ 1.42624    ,  0.0677369  ,  3.26221e-50,  1.90533e-46,  0.0242559  ])
83086   , -1632.51    , array([ 1.42766    ,  0.0677369  ,  3.26221e-50,  1.90533e-46,  0.0242559  ])
83087   , -1632.52    , array([ 1.42624    ,  0.0678047  ,  3.26221e-50,  1.90533e-46,  0.0242559  ])
83088   , -1632.52    , array([ 1.42624    ,  0.0677369  ,  3.26548e-50,  1.90533e-46,  0.0242559  ])
83089   , -1632.52    , array([ 1.42624    ,  0.0677369  ,  3.26221e-50,  1.90723e-46,  0.0242559  ])
83090   , -1632.52    , array([ 1.42624    ,  0.0677369  ,  3.26221e-50,  1.90533e-46,  0.0242802  ])
83091   , -1632.52    , array([ 1.42624    ,  0.0677369  ,  3.26221e-50,  1.90533e-46,  0.0242559  ])
83092   , -1632.52    , array([ 1.42624    ,  0.0677369  ,  3.26221e-50,  1.90533e-46,  0.0242559  ])
83093   , -1632.51    , array([ 1.42766    ,  0.0677369  ,  3.26221e-50,  1.90533e-46,  0.0242559  ])
83094   , -1632.52    , array([ 1.42624    ,  0.0678047  ,  3.26221e-50,  1.90533e-46,  0.0242559  ])
83095   , -1632.52    , array([ 1.42624    ,  0.0677369  ,  3.26548e-50,  1.90533e-46,  0.0242559  ])
83096   , -1632.52    , array([ 1.42624    ,  0.0677369  ,  3.26221e-50,  1.90723e-46,  0.0242559  ])
83097   , -1632.52    , array([ 1.42624    ,  0.0677369  ,  3.26221e-50,  1.90533e-46,  0.0242802  ])
83098   , -1632.52    , array([ 1.42624    ,  0.0677369  ,  3.26221e-50,  1.90533e-46,  0.0242559  ])
83099   , -1632.52    , array([ 1.42624    ,  0.0677369  ,  3.26221e-50,  1.90533e-46,  0.0242559  ])
83100   , -1632.51    , array([ 1.42766    ,  0.0677369  ,  3.26221e-50,  1.90533e-46,  0.0242559  ])
83101   , -1632.52    , array([ 1.42624    ,  0.0678047  ,  3.26221e-50,  1.90533e-46,  0.0242559  ])
83102   , -1632.52    , array([ 1.42624    ,  0.0677369  ,  3.26548e-50,  1.90533e-46,  0.0242559  ])
83103   , -1632.52    , array([ 1.42624    ,  0.0677369  ,  3.26221e-50,  1.90723e-46,  0.0242559  ])
83104   , -1632.52    , array([ 1.42624    ,  0.0677369  ,  3.26221e-50,  1.90533e-46,  0.0242802  ])
83105   , -1632.52    , array([ 1.42624    ,  0.0677369  ,  3.26221e-50,  1.90533e-46,  0.0242559  ])
83106   , -1632.52    , array([ 1.42624    ,  0.0677369  ,  3.26221e-50,  1.90533e-46,  0.0242559  ])
83107   , -1632.51    , array([ 1.42766    ,  0.0677369  ,  3.26221e-50,  1.90533e-46,  0.0242559  ])
83108   , -1632.52    , array([ 1.42624    ,  0.0678047  ,  3.26221e-50,  1.90533e-46,  0.0242559  ])
83109   , -1632.52    , array([ 1.42624    ,  0.0677369  ,  3.26548e-50,  1.90533e-46,  0.0242559  ])
83110   , -1632.52    , array([ 1.42624    ,  0.0677369  ,  3.26221e-50,  1.90723e-46,  0.0242559  ])
83111   , -1632.52    , array([ 1.42624    ,  0.0677369  ,  3.26221e-50,  1.90533e-46,  0.0242802  ])
83112   , -1632.52    , array([ 1.42624    ,  0.0677369  ,  3.26221e-50,  1.90533e-46,  0.0242559  ])
83113   , -1632.52    , array([ 1.42624    ,  0.0677369  ,  3.26221e-50,  1.90533e-46,  0.0242559  ])
83114   , -1632.51    , array([ 1.42766    ,  0.0677369  ,  3.26221e-50,  1.90533e-46,  0.0242559  ])
83115   , -1632.52    , array([ 1.42624    ,  0.0678047  ,  3.26221e-50,  1.90533e-46,  0.0242559  ])
83116   , -1632.52    , array([ 1.42624    ,  0.0677369  ,  3.26548e-50,  1.90533e-46,  0.0242559  ])
83117   , -1632.52    , array([ 1.42624    ,  0.0677369  ,  3.26221e-50,  1.90723e-46,  0.0242559  ])
83118   , -1632.52    , array([ 1.42624    ,  0.0677369  ,  3.26221e-50,  1.90533e-46,  0.0242802  ])
83119   , -1632.52    , array([ 1.42624    ,  0.0677369  ,  3.26221e-50,  1.90533e-46,  0.0242559  ])
83120   , -1632.52    , array([ 1.42624    ,  0.0677369  ,  3.26221e-50,  1.90533e-46,  0.0242559  ])
83121   , -1632.51    , array([ 1.42766    ,  0.0677369  ,  3.26221e-50,  1.90533e-46,  0.0242559  ])
83122   , -1632.52    , array([ 1.42624    ,  0.0678047  ,  3.26221e-50,  1.90533e-46,  0.0242559  ])
83123   , -1632.52    , array([ 1.42624    ,  0.0677369  ,  3.26548e-50,  1.90533e-46,  0.0242559  ])
83124   , -1632.52    , array([ 1.42624    ,  0.0677369  ,  3.26221e-50,  1.90723e-46,  0.0242559  ])
83125   , -1632.52    , array([ 1.42624    ,  0.0677369  ,  3.26221e-50,  1.90533e-46,  0.0242802  ])
83126   , -1632.52    , array([ 1.42624    ,  0.0677369  ,  3.26221e-50,  1.90533e-46,  0.0242559  ])
83127   , -1632.52    , array([ 1.42624    ,  0.0677369  ,  3.26221e-50,  1.90533e-46,  0.0242559  ])
83128   , -1632.51    , array([ 1.42766    ,  0.0677369  ,  3.26221e-50,  1.90533e-46,  0.0242559  ])
83129   , -1632.52    , array([ 1.42624    ,  0.0678047  ,  3.26221e-50,  1.90533e-46,  0.0242559  ])
83130   , -1632.52    , array([ 1.42624    ,  0.0677369  ,  3.26548e-50,  1.90533e-46,  0.0242559  ])
83131   , -1632.52    , array([ 1.42624    ,  0.0677369  ,  3.26221e-50,  1.90723e-46,  0.0242559  ])
83132   , -1632.52    , array([ 1.42624    ,  0.0677369  ,  3.26221e-50,  1.90533e-46,  0.0242802  ])
83133   , -1632.52    , array([ 1.42624    ,  0.0677369  ,  3.26221e-50,  1.90533e-46,  0.0242559  ])
83134   , -1632.52    , array([ 1.42624    ,  0.0677369  ,  3.26221e-50,  1.90533e-46,  0.0242559  ])
83135   , -1632.51    , array([ 1.42766    ,  0.0677369  ,  3.26221e-50,  1.90533e-46,  0.0242559  ])
83136   , -1632.52    , array([ 1.42624    ,  0.0678047  ,  3.26221e-50,  1.90533e-46,  0.0242559  ])
83137   , -1632.52    , array([ 1.42624    ,  0.0677369  ,  3.26548e-50,  1.90533e-46,  0.0242559  ])
83138   , -1632.52    , array([ 1.42624    ,  0.0677369  ,  3.26221e-50,  1.90723e-46,  0.0242559  ])
83139   , -1632.52    , array([ 1.42624    ,  0.0677369  ,  3.26221e-50,  1.90533e-46,  0.0242802  ])
83140   , -1632.52    , array([ 1.42624    ,  0.0677369  ,  3.26221e-50,  1.90533e-46,  0.0242559  ])
83141   , -1632.52    , array([ 1.42624    ,  0.0677369  ,  3.26221e-50,  1.90533e-46,  0.0242559  ])
83142   , -1632.51    , array([ 1.42766    ,  0.0677369  ,  3.26221e-50,  1.90533e-46,  0.0242559  ])
83143   , -1632.52    , array([ 1.42624    ,  0.0678047  ,  3.26221e-50,  1.90533e-46,  0.0242559  ])
83144   , -1632.52    , array([ 1.42624    ,  0.0677369  ,  3.26548e-50,  1.90533e-46,  0.0242559  ])
83145   , -1632.52    , array([ 1.42624    ,  0.0677369  ,  3.26221e-50,  1.90723e-46,  0.0242559  ])
83146   , -1632.52    , array([ 1.42624    ,  0.0677369  ,  3.26221e-50,  1.90533e-46,  0.0242802  ])
83147   , -1632.52    , array([ 1.42624    ,  0.0677369  ,  3.26221e-50,  1.90533e-46,  0.0242559  ])
83148   , -1632.52    , array([ 1.42624    ,  0.0677369  ,  3.26221e-50,  1.90533e-46,  0.0242559  ])
83149   , -1632.51    , array([ 1.42766    ,  0.0677369  ,  3.26221e-50,  1.90533e-46,  0.0242559  ])
83150   , -1632.52    , array([ 1.42624    ,  0.0678047  ,  3.26221e-50,  1.90533e-46,  0.0242559  ])
83151   , -1632.52    , array([ 1.42624    ,  0.0677369  ,  3.26548e-50,  1.90533e-46,  0.0242559  ])
83152   , -1632.52    , array([ 1.42624    ,  0.0677369  ,  3.26221e-50,  1.90723e-46,  0.0242559  ])
83153   , -1632.52    , array([ 1.42624    ,  0.0677369  ,  3.26221e-50,  1.90533e-46,  0.0242802  ])
83154   , -1632.52    , array([ 1.42624    ,  0.0677369  ,  3.26221e-50,  1.90533e-46,  0.0242559  ])
83155   , -1632.52    , array([ 1.42624    ,  0.0677369  ,  3.26221e-50,  1.90533e-46,  0.0242559  ])
83156   , -1632.51    , array([ 1.42766    ,  0.0677369  ,  3.26221e-50,  1.90533e-46,  0.0242559  ])
83157   , -1632.52    , array([ 1.42624    ,  0.0678047  ,  3.26221e-50,  1.90533e-46,  0.0242559  ])
83158   , -1632.52    , array([ 1.42624    ,  0.0677369  ,  3.26548e-50,  1.90533e-46,  0.0242559  ])
83159   , -1632.52    , array([ 1.42624    ,  0.0677369  ,  3.26221e-50,  1.90723e-46,  0.0242559  ])
83160   , -1632.52    , array([ 1.42624    ,  0.0677369  ,  3.26221e-50,  1.90533e-46,  0.0242802  ])
83161   , -1632.52    , array([ 1.42624    ,  0.0677369  ,  3.26221e-50,  1.90533e-46,  0.0242559  ])
83162   , -1632.52    , array([ 1.42624    ,  0.0677369  ,  3.26221e-50,  1.90533e-46,  0.0242559  ])
83163   , -1632.51    , array([ 1.42766    ,  0.0677369  ,  3.26221e-50,  1.90533e-46,  0.0242559  ])
83164   , -1632.52    , array([ 1.42624    ,  0.0678047  ,  3.26221e-50,  1.90533e-46,  0.0242559  ])
83165   , -1632.52    , array([ 1.42624    ,  0.0677369  ,  3.26548e-50,  1.90533e-46,  0.0242559  ])
83166   , -1632.52    , array([ 1.42624    ,  0.0677369  ,  3.26221e-50,  1.90723e-46,  0.0242559  ])
83167   , -1632.52    , array([ 1.42624    ,  0.0677369  ,  3.26221e-50,  1.90533e-46,  0.0242802  ])
83168   , -1632.52    , array([ 1.42624    ,  0.0677369  ,  3.26221e-50,  1.90533e-46,  0.0242559  ])
83169   , -1632.52    , array([ 1.42624    ,  0.0677369  ,  3.26221e-50,  1.90533e-46,  0.0242559  ])
83170   , -1632.51    , array([ 1.42766    ,  0.0677369  ,  3.26221e-50,  1.90533e-46,  0.0242559  ])
83171   , -1632.52    , array([ 1.42624    ,  0.0678047  ,  3.26221e-50,  1.90533e-46,  0.0242559  ])
83172   , -1632.52    , array([ 1.42624    ,  0.0677369  ,  3.26548e-50,  1.90533e-46,  0.0242559  ])
83173   , -1632.52    , array([ 1.42624    ,  0.0677369  ,  3.26221e-50,  1.90723e-46,  0.0242559  ])
83174   , -1632.52    , array([ 1.42624    ,  0.0677369  ,  3.26221e-50,  1.90533e-46,  0.0242802  ])
83175   , -1632.52    , array([ 1.42624    ,  0.0677369  ,  3.26221e-50,  1.90533e-46,  0.0242559  ])
83176   , -1632.52    , array([ 1.42624    ,  0.0677369  ,  3.26221e-50,  1.90533e-46,  0.0242559  ])
83177   , -1632.51    , array([ 1.42766    ,  0.0677369  ,  3.26221e-50,  1.90533e-46,  0.0242559  ])
83178   , -1632.52    , array([ 1.42624    ,  0.0678047  ,  3.26221e-50,  1.90533e-46,  0.0242559  ])
83179   , -1632.52    , array([ 1.42624    ,  0.0677369  ,  3.26548e-50,  1.90533e-46,  0.0242559  ])
83180   , -1632.52    , array([ 1.42624    ,  0.0677369  ,  3.26221e-50,  1.90723e-46,  0.0242559  ])
83181   , -1632.52    , array([ 1.42624    ,  0.0677369  ,  3.26221e-50,  1.90533e-46,  0.0242802  ])
83182   , -1632.52    , array([ 1.42624    ,  0.0677369  ,  3.26221e-50,  1.90533e-46,  0.0242559  ])
83183   , -1632.52    , array([ 1.42624    ,  0.0677369  ,  3.26221e-50,  1.90533e-46,  0.0242559  ])
83184   , -1632.51    , array([ 1.42766    ,  0.0677369  ,  3.26221e-50,  1.90533e-46,  0.0242559  ])
83185   , -1632.52    , array([ 1.42624    ,  0.0678047  ,  3.26221e-50,  1.90533e-46,  0.0242559  ])
83186   , -1632.52    , array([ 1.42624    ,  0.0677369  ,  3.26548e-50,  1.90533e-46,  0.0242559  ])
83187   , -1632.52    , array([ 1.42624    ,  0.0677369  ,  3.26221e-50,  1.90723e-46,  0.0242559  ])
83188   , -1632.52    , array([ 1.42624    ,  0.0677369  ,  3.26221e-50,  1.90533e-46,  0.0242802  ])
83189   , -1632.52    , array([ 1.42624    ,  0.0677369  ,  3.26221e-50,  1.90533e-46,  0.0242559  ])
83190   , -1632.52    , array([ 1.42624    ,  0.0677369  ,  3.26221e-50,  1.90533e-46,  0.0242559  ])
83191   , -1632.51    , array([ 1.42766    ,  0.0677369  ,  3.26221e-50,  1.90533e-46,  0.0242559  ])
83192   , -1632.52    , array([ 1.42624    ,  0.0678047  ,  3.26221e-50,  1.90533e-46,  0.0242559  ])
83193   , -1632.52    , array([ 1.42624    ,  0.0677369  ,  3.26548e-50,  1.90533e-46,  0.0242559  ])
83194   , -1632.52    , array([ 1.42624    ,  0.0677369  ,  3.26221e-50,  1.90723e-46,  0.0242559  ])
83195   , -1632.52    , array([ 1.42624    ,  0.0677369  ,  3.26221e-50,  1.90533e-46,  0.0242802  ])
83196   , -1632.52    , array([ 1.42624    ,  0.0677369  ,  3.26221e-50,  1.90533e-46,  0.0242559  ])
83197   , -1632.52    , array([ 1.42624    ,  0.0677369  ,  3.26221e-50,  1.90533e-46,  0.0242559  ])
83198   , -1632.51    , array([ 1.42766    ,  0.0677369  ,  3.26221e-50,  1.90533e-46,  0.0242559  ])
83199   , -1632.52    , array([ 1.42624    ,  0.0678047  ,  3.26221e-50,  1.90533e-46,  0.0242559  ])
83200   , -1632.52    , array([ 1.42624    ,  0.0677369  ,  3.26548e-50,  1.90533e-46,  0.0242559  ])
83201   , -1632.52    , array([ 1.42624    ,  0.0677369  ,  3.26221e-50,  1.90723e-46,  0.0242559  ])
83202   , -1632.52    , array([ 1.42624    ,  0.0677369  ,  3.26221e-50,  1.90533e-46,  0.0242802  ])
83203   , -1632.52    , array([ 1.42624    ,  0.0677369  ,  3.26221e-50,  1.90533e-46,  0.0242559  ])
83204   , -1632.52    , array([ 1.42624    ,  0.0677369  ,  3.26221e-50,  1.90533e-46,  0.0242559  ])
83205   , -1632.51    , array([ 1.42766    ,  0.0677369  ,  3.26221e-50,  1.90533e-46,  0.0242559  ])
83206   , -1632.52    , array([ 1.42624    ,  0.0678047  ,  3.26221e-50,  1.90533e-46,  0.0242559  ])
83207   , -1632.52    , array([ 1.42624    ,  0.0677369  ,  3.26548e-50,  1.90533e-46,  0.0242559  ])
83208   , -1632.52    , array([ 1.42624    ,  0.0677369  ,  3.26221e-50,  1.90723e-46,  0.0242559  ])
83209   , -1632.52    , array([ 1.42624    ,  0.0677369  ,  3.26221e-50,  1.90533e-46,  0.0242802  ])
83210   , -1632.52    , array([ 1.42624    ,  0.0677369  ,  3.26221e-50,  1.90533e-46,  0.0242559  ])
83211   , -1632.52    , array([ 1.42624    ,  0.0677369  ,  3.26221e-50,  1.90533e-46,  0.0242559  ])
83212   , -1632.51    , array([ 1.42766    ,  0.0677369  ,  3.26221e-50,  1.90533e-46,  0.0242559  ])
83213   , -1632.52    , array([ 1.42624    ,  0.0678047  ,  3.26221e-50,  1.90533e-46,  0.0242559  ])
83214   , -1632.52    , array([ 1.42624    ,  0.0677369  ,  3.26548e-50,  1.90533e-46,  0.0242559  ])
83215   , -1632.52    , array([ 1.42624    ,  0.0677369  ,  3.26221e-50,  1.90723e-46,  0.0242559  ])
83216   , -1632.52    , array([ 1.42624    ,  0.0677369  ,  3.26221e-50,  1.90533e-46,  0.0242802  ])
83217   , -1632.52    , array([ 1.42624    ,  0.0677369  ,  3.26221e-50,  1.90533e-46,  0.0242559  ])
83218   , -1632.52    , array([ 1.42624    ,  0.0677369  ,  3.26221e-50,  1.90533e-46,  0.0242559  ])
83219   , -1632.51    , array([ 1.42766    ,  0.0677369  ,  3.26221e-50,  1.90533e-46,  0.0242559  ])
83220   , -1632.52    , array([ 1.42624    ,  0.0678047  ,  3.26221e-50,  1.90533e-46,  0.0242559  ])
83221   , -1632.52    , array([ 1.42624    ,  0.0677369  ,  3.26548e-50,  1.90533e-46,  0.0242559  ])
83222   , -1632.52    , array([ 1.42624    ,  0.0677369  ,  3.26221e-50,  1.90723e-46,  0.0242559  ])
83223   , -1632.52    , array([ 1.42624    ,  0.0677369  ,  3.26221e-50,  1.90533e-46,  0.0242802  ])
83224   , -1632.52    , array([ 1.42624    ,  0.0677369  ,  3.26221e-50,  1.90533e-46,  0.0242559  ])
83225   , -1632.52    , array([ 1.42624    ,  0.0677369  ,  3.26221e-50,  1.90533e-46,  0.0242559  ])
83226   , -1632.51    , array([ 1.42766    ,  0.0677369  ,  3.26221e-50,  1.90533e-46,  0.0242559  ])
83227   , -1632.52    , array([ 1.42624    ,  0.0678047  ,  3.26221e-50,  1.90533e-46,  0.0242559  ])
83228   , -1632.52    , array([ 1.42624    ,  0.0677369  ,  3.26548e-50,  1.90533e-46,  0.0242559  ])
83229   , -1632.52    , array([ 1.42624    ,  0.0677369  ,  3.26221e-50,  1.90723e-46,  0.0242559  ])
83230   , -1632.52    , array([ 1.42624    ,  0.0677369  ,  3.26221e-50,  1.90533e-46,  0.0242802  ])
83231   , -1632.52    , array([ 1.42624    ,  0.0677369  ,  3.26221e-50,  1.90533e-46,  0.0242559  ])
83232   , -1632.52    , array([ 1.42624    ,  0.0677369  ,  3.26221e-50,  1.90533e-46,  0.0242559  ])
83233   , -1632.51    , array([ 1.42766    ,  0.0677369  ,  3.26221e-50,  1.90533e-46,  0.0242559  ])
83234   , -1632.52    , array([ 1.42624    ,  0.0678047  ,  3.26221e-50,  1.90533e-46,  0.0242559  ])
83235   , -1632.52    , array([ 1.42624    ,  0.0677369  ,  3.26548e-50,  1.90533e-46,  0.0242559  ])
83236   , -1632.52    , array([ 1.42624    ,  0.0677369  ,  3.26221e-50,  1.90723e-46,  0.0242559  ])
83237   , -1632.52    , array([ 1.42624    ,  0.0677369  ,  3.26221e-50,  1.90533e-46,  0.0242802  ])
83238   , -1632.52    , array([ 1.42624    ,  0.0677369  ,  3.26221e-50,  1.90533e-46,  0.0242559  ])
83239   , -1632.52    , array([ 1.42624    ,  0.0677369  ,  3.26221e-50,  1.90533e-46,  0.0242559  ])
83240   , -1632.51    , array([ 1.42766    ,  0.0677369  ,  3.26221e-50,  1.90533e-46,  0.0242559  ])
83241   , -1632.52    , array([ 1.42624    ,  0.0678047  ,  3.26221e-50,  1.90533e-46,  0.0242559  ])
83242   , -1632.52    , array([ 1.42624    ,  0.0677369  ,  3.26548e-50,  1.90533e-46,  0.0242559  ])
83243   , -1632.52    , array([ 1.42624    ,  0.0677369  ,  3.26221e-50,  1.90723e-46,  0.0242559  ])
83244   , -1632.52    , array([ 1.42624    ,  0.0677369  ,  3.26221e-50,  1.90533e-46,  0.0242802  ])
83245   , -1632.52    , array([ 1.42624    ,  0.0677369  ,  3.26221e-50,  1.90533e-46,  0.0242559  ])
83246   , -1632.52    , array([ 1.42624    ,  0.0677369  ,  3.26221e-50,  1.90533e-46,  0.0242559  ])
83247   , -1632.51    , array([ 1.42766    ,  0.0677369  ,  3.26221e-50,  1.90533e-46,  0.0242559  ])
83248   , -1632.52    , array([ 1.42624    ,  0.0678047  ,  3.26221e-50,  1.90533e-46,  0.0242559  ])
83249   , -1632.52    , array([ 1.42624    ,  0.0677369  ,  3.26548e-50,  1.90533e-46,  0.0242559  ])
83250   , -1632.52    , array([ 1.42624    ,  0.0677369  ,  3.26221e-50,  1.90723e-46,  0.0242559  ])
83251   , -1632.52    , array([ 1.42624    ,  0.0677369  ,  3.26221e-50,  1.90533e-46,  0.0242802  ])
83252   , -1632.53    , array([ 1.43587    ,  0.0676551  ,  3.26221e-50,  1.90533e-46,  0.0242279  ])
83253   , -1632.52    , array([ 1.42947    ,  0.0677093  ,  3.26221e-50,  1.90533e-46,  0.0242465  ])
83254   , -1632.52    , array([ 1.42746    ,  0.0677265  ,  3.26221e-50,  1.90533e-46,  0.0242523  ])
83255   , -1632.52    , array([ 1.42674    ,  0.0677327  ,  3.26221e-50,  1.90533e-46,  0.0242544  ])
83256   , -1632.52    , array([ 1.42645    ,  0.0677351  ,  3.26221e-50,  1.90533e-46,  0.0242553  ])
83257   , -1632.52    , array([ 1.42633    ,  0.0677362  ,  3.26221e-50,  1.90533e-46,  0.0242557  ])
83258   , -1632.52    , array([ 1.42627    ,  0.0677366  ,  3.26221e-50,  1.90533e-46,  0.0242558  ])
83259   , -1632.52    , array([ 1.42625    ,  0.0677368  ,  3.26221e-50,  1.90533e-46,  0.0242559  ])
83260   , -1632.52    , array([ 1.42624    ,  0.0677369  ,  3.26221e-50,  1.90533e-46,  0.0242559  ])
83261   , -1632.52    , array([ 1.42624    ,  0.0677369  ,  3.26221e-50,  1.90533e-46,  0.0242559  ])
83262   , -1632.52    , array([ 1.42624    ,  0.0677369  ,  3.26221e-50,  1.90533e-46,  0.0242559  ])
83263   , -1632.52    , array([ 1.42624    ,  0.0677369  ,  3.26221e-50,  1.90533e-46,  0.0242559  ])
