169968  , -79088      , array([ 0.265988   ,  0.353947   ,  1.02124e-50,  2.11575e-21,  2.32262e-07])
169969  , -79088      , array([ 0.266254   ,  0.353947   ,  1.02124e-50,  2.11575e-21,  2.32262e-07])
169970  , -79088      , array([ 0.265988   ,  0.354301   ,  1.02124e-50,  2.11575e-21,  2.32262e-07])
169971  , -79088      , array([ 0.265988   ,  0.353947   ,  1.02226e-50,  2.11575e-21,  2.32262e-07])
169972  , -79088      , array([ 0.265988   ,  0.353947   ,  1.02124e-50,  2.11787e-21,  2.32262e-07])
169973  , -79088      , array([ 0.265988   ,  0.353947   ,  1.02124e-50,  2.11575e-21,  2.32494e-07])
169974  , -79088      , array([ 0.265988   ,  0.353947   ,  1.02124e-50,  2.11575e-21,  2.32262e-07])
169975  , -79084.4    , array([ 0.179993   ,  0.229834   ,  1.02124e-50,  2.11575e-21,  5.30159e-07])
169976  , -79084.4    , array([ 0.179993   ,  0.229834   ,  1.02124e-50,  2.11575e-21,  5.30159e-07])
169977  , -79084.4    , array([ 0.180173   ,  0.229834   ,  1.02124e-50,  2.11575e-21,  5.30159e-07])
169978  , -79084.4    , array([ 0.179993   ,  0.230064   ,  1.02124e-50,  2.11575e-21,  5.30159e-07])
169979  , -79084.4    , array([ 0.179993   ,  0.229834   ,  1.02226e-50,  2.11575e-21,  5.30159e-07])
169980  , -79084.4    , array([ 0.179993   ,  0.229834   ,  1.02124e-50,  2.11787e-21,  5.30159e-07])
169981  , -79084.4    , array([ 0.179993   ,  0.229834   ,  1.02124e-50,  2.11575e-21,  5.3069e-07 ])
169982  , -78376.4    , array([ 0.0377421  ,  0.0408615  ,  1.02124e-50,  2.11575e-21,  1.43919e-05])
169983  , -78376.4    , array([ 0.0377421  ,  0.0408615  ,  1.02124e-50,  2.11575e-21,  1.43919e-05])
169984  , -78376.7    , array([ 0.0377799  ,  0.0408615  ,  1.02124e-50,  2.11575e-21,  1.43919e-05])
169985  , -78376.8    , array([ 0.0377421  ,  0.0409023  ,  1.02124e-50,  2.11575e-21,  1.43919e-05])
169986  , -78376.4    , array([ 0.0377421  ,  0.0408615  ,  1.02226e-50,  2.11575e-21,  1.43919e-05])
169987  , -78376.4    , array([ 0.0377421  ,  0.0408615  ,  1.02124e-50,  2.11787e-21,  1.43919e-05])
169988  , -78375.7    , array([ 0.0377421  ,  0.0408615  ,  1.02124e-50,  2.11575e-21,  1.44063e-05])
169996  , -78376.1    , array([ 0.0377366  ,  0.0408549  ,  1.02124e-50,  2.11575e-21,  1.43963e-05])
169997  , -78376.1    , array([ 0.0377366  ,  0.0408549  ,  1.02124e-50,  2.11575e-21,  1.43963e-05])
169998  , -78376.4    , array([ 0.0377744  ,  0.0408549  ,  1.02124e-50,  2.11575e-21,  1.43963e-05])
169999  , -78376.5    , array([ 0.0377366  ,  0.0408957  ,  1.02124e-50,  2.11575e-21,  1.43963e-05])
170000  , -78376.1    , array([ 0.0377366  ,  0.0408549  ,  1.02226e-50,  2.11575e-21,  1.43963e-05])
170001  , -78376.1    , array([ 0.0377366  ,  0.0408549  ,  1.02124e-50,  2.11787e-21,  1.43963e-05])
170002  , -78375.3    , array([ 0.0377366  ,  0.0408549  ,  1.02124e-50,  2.11575e-21,  1.44107e-05])
170003  , -78375.7    , array([ 0.0377311  ,  0.0408482  ,  1.02124e-50,  2.11575e-21,  1.44008e-05])
170004  , -78375.7    , array([ 0.0377311  ,  0.0408482  ,  1.02124e-50,  2.11575e-21,  1.44008e-05])
170005  , -78376      , array([ 0.0377688  ,  0.0408482  ,  1.02124e-50,  2.11575e-21,  1.44008e-05])
170006  , -78376.1    , array([ 0.0377311  ,  0.0408891  ,  1.02124e-50,  2.11575e-21,  1.44008e-05])
170007  , -78375.7    , array([ 0.0377311  ,  0.0408482  ,  1.02226e-50,  2.11575e-21,  1.44008e-05])
170008  , -78375.7    , array([ 0.0377311  ,  0.0408482  ,  1.02124e-50,  2.11787e-21,  1.44008e-05])
170009  , -78375      , array([ 0.0377311  ,  0.0408482  ,  1.02124e-50,  2.11575e-21,  1.44152e-05])
170010  , -630197     , array([ 0.00165922 ,  0.00129135 ,  1.02124e-50,  2.11575e-21,  0.010609   ])
170011  , -630197     , array([ 0.00165922 ,  0.00129135 ,  1.02124e-50,  2.11575e-21,  0.010609   ])
170012  , -629861     , array([ 0.00166088 ,  0.00129135 ,  1.02124e-50,  2.11575e-21,  0.010609   ])
170013  , -629867     , array([ 0.00165922 ,  0.00129264 ,  1.02124e-50,  2.11575e-21,  0.010609   ])
170014  , -630197     , array([ 0.00165922 ,  0.00129135 ,  1.02226e-50,  2.11575e-21,  0.010609   ])
170015  , -630197     , array([ 0.00165922 ,  0.00129135 ,  1.02124e-50,  2.11787e-21,  0.010609   ])
170016  , -630836     , array([ 0.00165922 ,  0.00129135 ,  1.02124e-50,  2.11575e-21,  0.0106196  ])
170017  , -66659.4    , array([ 0.0147027  ,  0.014409   ,  1.02124e-50,  2.11575e-21,  0.000105525])
170018  , -66659.4    , array([ 0.0147027  ,  0.014409   ,  1.02124e-50,  2.11575e-21,  0.000105525])
170019  , -66663.4    , array([ 0.0147175  ,  0.014409   ,  1.02124e-50,  2.11575e-21,  0.000105525])
170020  , -66666.2    , array([ 0.0147027  ,  0.0144234  ,  1.02124e-50,  2.11575e-21,  0.000105525])
170021  , -66659.4    , array([ 0.0147027  ,  0.014409   ,  1.02226e-50,  2.11575e-21,  0.000105525])
170022  , -66659.4    , array([ 0.0147027  ,  0.014409   ,  1.02124e-50,  2.11787e-21,  0.000105525])
170023  , -66648.7    , array([ 0.0147027  ,  0.014409   ,  1.02124e-50,  2.11575e-21,  0.00010563 ])
170024  , -28910.9    , array([ 0.0044244  ,  0.00381937 ,  1.02124e-50,  2.11575e-21,  0.00133513 ])
170025  , -28910.9    , array([ 0.0044244  ,  0.00381937 ,  1.02124e-50,  2.11575e-21,  0.00133513 ])
170026  , -28877.8    , array([ 0.00442882 ,  0.00381937 ,  1.02124e-50,  2.11575e-21,  0.00133513 ])
170027  , -28917      , array([ 0.0044244  ,  0.00382319 ,  1.02124e-50,  2.11575e-21,  0.00133513 ])
170028  , -28910.9    , array([ 0.0044244  ,  0.00381937 ,  1.02226e-50,  2.11575e-21,  0.00133513 ])
170029  , -28910.9    , array([ 0.0044244  ,  0.00381937 ,  1.02124e-50,  2.11787e-21,  0.00133513 ])
170030  , -28937.5    , array([ 0.0044244  ,  0.00381937 ,  1.02124e-50,  2.11575e-21,  0.00133647 ])
170031  , -49334.2    , array([ 0.0103371  ,  0.00976046 ,  1.02124e-50,  2.11575e-21,  0.00022217 ])
170032  , -49334.2    , array([ 0.0103371  ,  0.00976046 ,  1.02124e-50,  2.11575e-21,  0.00022217 ])
170033  , -49339.9    , array([ 0.0103474  ,  0.00976046 ,  1.02124e-50,  2.11575e-21,  0.00022217 ])
170034  , -49348.4    , array([ 0.0103371  ,  0.00977023 ,  1.02124e-50,  2.11575e-21,  0.00022217 ])
170035  , -49334.2    , array([ 0.0103371  ,  0.00976046 ,  1.02226e-50,  2.11575e-21,  0.00022217 ])
170036  , -49334.2    , array([ 0.0103371  ,  0.00976046 ,  1.02124e-50,  2.11787e-21,  0.00022217 ])
170037  , -49314.4    , array([ 0.0103371  ,  0.00976046 ,  1.02124e-50,  2.11575e-21,  0.000222392])
170038  , -19026.8    , array([ 0.0056304  ,  0.00498582 ,  1.02124e-50,  2.11575e-21,  0.000802223])
170039  , -19026.8    , array([ 0.0056304  ,  0.00498582 ,  1.02124e-50,  2.11575e-21,  0.000802223])
170040  , -19010.6    , array([ 0.00563604 ,  0.00498582 ,  1.02124e-50,  2.11575e-21,  0.000802223])
170041  , -19041.7    , array([ 0.0056304  ,  0.0049908  ,  1.02124e-50,  2.11575e-21,  0.000802223])
170042  , -19026.8    , array([ 0.0056304  ,  0.00498582 ,  1.02226e-50,  2.11575e-21,  0.000802223])
170043  , -19026.8    , array([ 0.0056304  ,  0.00498582 ,  1.02124e-50,  2.11787e-21,  0.000802223])
170044  , -19028.1    , array([ 0.0056304  ,  0.00498582 ,  1.02124e-50,  2.11575e-21,  0.000803025])
170045  , -19016.5    , array([ 0.00567259 ,  0.00502714 ,  1.02124e-50,  2.11575e-21,  0.000789666])
170046  , -19016.5    , array([ 0.00567259 ,  0.00502714 ,  1.02124e-50,  2.11575e-21,  0.000789666])
170047  , -19000.8    , array([ 0.00567827 ,  0.00502714 ,  1.02124e-50,  2.11575e-21,  0.000789666])
170048  , -19031.6    , array([ 0.00567259 ,  0.00503217 ,  1.02124e-50,  2.11575e-21,  0.000789666])
170049  , -19016.5    , array([ 0.00567259 ,  0.00502714 ,  1.02226e-50,  2.11575e-21,  0.000789666])
170050  , -19016.5    , array([ 0.00567259 ,  0.00502714 ,  1.02124e-50,  2.11787e-21,  0.000789666])
170051  , -19017.1    , array([ 0.00567259 ,  0.00502714 ,  1.02124e-50,  2.11575e-21,  0.000790457])
170052  , -29492.3    , array([ 0.00765756 ,  0.0070048  ,  1.02124e-50,  2.11575e-21,  0.000418856])
170053  , -29492.3    , array([ 0.00765756 ,  0.0070048  ,  1.02124e-50,  2.11575e-21,  0.000418856])
170054  , -29492.7    , array([ 0.00766522 ,  0.0070048  ,  1.02124e-50,  2.11575e-21,  0.000418856])
170055  , -29510.8    , array([ 0.00765756 ,  0.0070118  ,  1.02124e-50,  2.11575e-21,  0.000418856])
170056  , -29492.3    , array([ 0.00765756 ,  0.0070048  ,  1.02226e-50,  2.11575e-21,  0.000418856])
170057  , -29492.3    , array([ 0.00765756 ,  0.0070048  ,  1.02124e-50,  2.11787e-21,  0.000418856])
170058  , -29473.5    , array([ 0.00765756 ,  0.0070048  ,  1.02124e-50,  2.11575e-21,  0.000419275])
170059  , -19016.4    , array([ 0.00567849 ,  0.00503291 ,  1.02124e-50,  2.11575e-21,  0.000787935])
170060  , -19016.4    , array([ 0.00567849 ,  0.00503291 ,  1.02124e-50,  2.11575e-21,  0.000787935])
170061  , -19000.7    , array([ 0.00568417 ,  0.00503291 ,  1.02124e-50,  2.11575e-21,  0.000787935])
170062  , -19031.5    , array([ 0.00567849 ,  0.00503795 ,  1.02124e-50,  2.11575e-21,  0.000787935])
170063  , -19016.4    , array([ 0.00567849 ,  0.00503291 ,  1.02226e-50,  2.11575e-21,  0.000787935])
170064  , -19016.4    , array([ 0.00567849 ,  0.00503291 ,  1.02124e-50,  2.11787e-21,  0.000787935])
170065  , -19016.9    , array([ 0.00567849 ,  0.00503291 ,  1.02124e-50,  2.11575e-21,  0.000788724])
170066  , -19016.4    , array([ 0.00567868 ,  0.0050331  ,  1.02124e-50,  2.11575e-21,  0.000787879])
170067  , -19016.4    , array([ 0.00567868 ,  0.0050331  ,  1.02124e-50,  2.11575e-21,  0.000787879])
170068  , -19000.7    , array([ 0.00568436 ,  0.0050331  ,  1.02124e-50,  2.11575e-21,  0.000787879])
170069  , -19031.5    , array([ 0.00567868 ,  0.00503814 ,  1.02124e-50,  2.11575e-21,  0.000787879])
170070  , -19016.4    , array([ 0.00567868 ,  0.0050331  ,  1.02226e-50,  2.11575e-21,  0.000787879])
170071  , -19016.4    , array([ 0.00567868 ,  0.0050331  ,  1.02124e-50,  2.11787e-21,  0.000787879])
170072  , -19016.9    , array([ 0.00567868 ,  0.0050331  ,  1.02124e-50,  2.11575e-21,  0.000788667])
170087  , -19016.4    , array([ 0.00567868 ,  0.0050331  ,  1.02124e-50,  2.11575e-21,  0.000787879])
170088  , -19016.4    , array([ 0.00567868 ,  0.0050331  ,  1.02124e-50,  2.11575e-21,  0.000787879])
170089  , -19000.7    , array([ 0.00568436 ,  0.0050331  ,  1.02124e-50,  2.11575e-21,  0.000787879])
170090  , -19031.5    , array([ 0.00567868 ,  0.00503813 ,  1.02124e-50,  2.11575e-21,  0.000787879])
170091  , -19016.4    , array([ 0.00567868 ,  0.0050331  ,  1.02226e-50,  2.11575e-21,  0.000787879])
170092  , -19016.4    , array([ 0.00567868 ,  0.0050331  ,  1.02124e-50,  2.11787e-21,  0.000787879])
170093  , -19016.9    , array([ 0.00567868 ,  0.0050331  ,  1.02124e-50,  2.11575e-21,  0.000788668])
170094  , -19016.4    , array([ 0.00567868 ,  0.0050331  ,  1.02124e-50,  2.11575e-21,  0.000787879])
170095  , -19016.4    , array([ 0.00567868 ,  0.0050331  ,  1.02124e-50,  2.11575e-21,  0.000787879])
170096  , -19000.7    , array([ 0.00568436 ,  0.0050331  ,  1.02124e-50,  2.11575e-21,  0.000787879])
170097  , -19031.5    , array([ 0.00567868 ,  0.00503813 ,  1.02124e-50,  2.11575e-21,  0.000787879])
170098  , -19016.4    , array([ 0.00567868 ,  0.0050331  ,  1.02226e-50,  2.11575e-21,  0.000787879])
170099  , -19016.4    , array([ 0.00567868 ,  0.0050331  ,  1.02124e-50,  2.11787e-21,  0.000787879])
170100  , -19016.9    , array([ 0.00567868 ,  0.0050331  ,  1.02124e-50,  2.11575e-21,  0.000788668])
170108  , -19016.4    , array([ 0.00567868 ,  0.0050331  ,  1.02124e-50,  2.11575e-21,  0.00078788 ])
170109  , -19016.4    , array([ 0.00567868 ,  0.0050331  ,  1.02124e-50,  2.11575e-21,  0.00078788 ])
170110  , -19000.7    , array([ 0.00568436 ,  0.0050331  ,  1.02124e-50,  2.11575e-21,  0.00078788 ])
170111  , -19031.5    , array([ 0.00567868 ,  0.00503813 ,  1.02124e-50,  2.11575e-21,  0.00078788 ])
170112  , -19016.4    , array([ 0.00567868 ,  0.0050331  ,  1.02226e-50,  2.11575e-21,  0.00078788 ])
170113  , -19016.4    , array([ 0.00567868 ,  0.0050331  ,  1.02124e-50,  2.11787e-21,  0.00078788 ])
170114  , -19016.9    , array([ 0.00567868 ,  0.0050331  ,  1.02124e-50,  2.11575e-21,  0.000788668])
170115  , -19016.4    , array([ 0.00567868 ,  0.0050331  ,  1.02124e-50,  2.11575e-21,  0.00078788 ])
170116  , -19016.4    , array([ 0.00567868 ,  0.0050331  ,  1.02124e-50,  2.11575e-21,  0.00078788 ])
170117  , -19000.7    , array([ 0.00568436 ,  0.0050331  ,  1.02124e-50,  2.11575e-21,  0.00078788 ])
170118  , -19031.5    , array([ 0.00567868 ,  0.00503813 ,  1.02124e-50,  2.11575e-21,  0.00078788 ])
170119  , -19016.4    , array([ 0.00567868 ,  0.0050331  ,  1.02226e-50,  2.11575e-21,  0.00078788 ])
170120  , -19016.4    , array([ 0.00567868 ,  0.0050331  ,  1.02124e-50,  2.11787e-21,  0.00078788 ])
170121  , -19016.9    , array([ 0.00567868 ,  0.0050331  ,  1.02124e-50,  2.11575e-21,  0.000788668])
170122  , -522869     , array([ 0.00152407 ,  0.00117506 ,  1.02124e-50,  2.11575e-21,  0.0127011  ])
170123  , -522869     , array([ 0.00152407 ,  0.00117506 ,  1.02124e-50,  2.11575e-21,  0.0127011  ])
170124  , -522722     , array([ 0.00152559 ,  0.00117506 ,  1.02124e-50,  2.11575e-21,  0.0127011  ])
170125  , -492951     , array([ 0.00152407 ,  0.00117624 ,  1.02124e-50,  2.11575e-21,  0.0127011  ])
170126  , -522869     , array([ 0.00152407 ,  0.00117506 ,  1.02226e-50,  2.11575e-21,  0.0127011  ])
170127  , -522869     , array([ 0.00152407 ,  0.00117506 ,  1.02124e-50,  2.11787e-21,  0.0127011  ])
170128  , -559634     , array([ 0.00152407 ,  0.00117506 ,  1.02124e-50,  2.11575e-21,  0.0127138  ])
170129  , -51204.4    , array([ 0.00366854 ,  0.00310438 ,  1.02124e-50,  2.11575e-21,  0.00198392 ])
170130  , -51204.4    , array([ 0.00366854 ,  0.00310438 ,  1.02124e-50,  2.11575e-21,  0.00198392 ])
170131  , -51157.5    , array([ 0.00367221 ,  0.00310438 ,  1.02124e-50,  2.11575e-21,  0.00198392 ])
170132  , -51200      , array([ 0.00366854 ,  0.00310748 ,  1.02124e-50,  2.11575e-21,  0.00198392 ])
170133  , -51204.4    , array([ 0.00366854 ,  0.00310438 ,  1.02226e-50,  2.11575e-21,  0.00198392 ])
170134  , -51204.4    , array([ 0.00366854 ,  0.00310438 ,  1.02124e-50,  2.11787e-21,  0.00198392 ])
170135  , -51254.9    , array([ 0.00366854 ,  0.00310438 ,  1.02124e-50,  2.11575e-21,  0.00198591 ])
170136  , -19016.4    , array([ 0.00567859 ,  0.00503302 ,  1.02124e-50,  2.11575e-21,  0.000787904])
170137  , -19016.4    , array([ 0.00567859 ,  0.00503302 ,  1.02124e-50,  2.11575e-21,  0.000787904])
170138  , -19000.7    , array([ 0.00568427 ,  0.00503302 ,  1.02124e-50,  2.11575e-21,  0.000787904])
170139  , -19031.5    , array([ 0.00567859 ,  0.00503805 ,  1.02124e-50,  2.11575e-21,  0.000787904])
170140  , -19016.4    , array([ 0.00567859 ,  0.00503302 ,  1.02226e-50,  2.11575e-21,  0.000787904])
170141  , -19016.4    , array([ 0.00567859 ,  0.00503302 ,  1.02124e-50,  2.11787e-21,  0.000787904])
170142  , -19016.9    , array([ 0.00567859 ,  0.00503302 ,  1.02124e-50,  2.11575e-21,  0.000788693])
170143  , -19016.4    , array([ 0.00567859 ,  0.00503302 ,  1.02124e-50,  2.11575e-21,  0.000787904])
170144  , -19016.4    , array([ 0.00567859 ,  0.00503302 ,  1.02124e-50,  2.11575e-21,  0.000787904])
170145  , -19000.7    , array([ 0.00568428 ,  0.00503302 ,  1.02124e-50,  2.11575e-21,  0.000787904])
170146  , -19031.5    , array([ 0.00567859 ,  0.00503805 ,  1.02124e-50,  2.11575e-21,  0.000787904])
170147  , -19016.4    , array([ 0.00567859 ,  0.00503302 ,  1.02226e-50,  2.11575e-21,  0.000787904])
170148  , -19016.4    , array([ 0.00567859 ,  0.00503302 ,  1.02124e-50,  2.11787e-21,  0.000787904])
170149  , -19016.9    , array([ 0.00567859 ,  0.00503302 ,  1.02124e-50,  2.11575e-21,  0.000788693])
170150  , -19016.4    , array([ 0.0056786  ,  0.00503302 ,  1.02124e-50,  2.11575e-21,  0.000787905])
170151  , -19016.4    , array([ 0.0056786  ,  0.00503302 ,  1.02124e-50,  2.11575e-21,  0.000787905])
170152  , -19000.7    , array([ 0.00568428 ,  0.00503302 ,  1.02124e-50,  2.11575e-21,  0.000787905])
170153  , -19031.5    , array([ 0.0056786  ,  0.00503805 ,  1.02124e-50,  2.11575e-21,  0.000787905])
170154  , -19016.4    , array([ 0.0056786  ,  0.00503302 ,  1.02226e-50,  2.11575e-21,  0.000787905])
170155  , -19016.4    , array([ 0.0056786  ,  0.00503302 ,  1.02124e-50,  2.11787e-21,  0.000787905])
170156  , -19016.9    , array([ 0.0056786  ,  0.00503302 ,  1.02124e-50,  2.11575e-21,  0.000788693])
170157  , -19016.4    , array([ 0.00567861 ,  0.00503302 ,  1.02124e-50,  2.11575e-21,  0.000787906])
170158  , -19016.4    , array([ 0.00567861 ,  0.00503302 ,  1.02124e-50,  2.11575e-21,  0.000787906])
170159  , -19000.7    , array([ 0.00568429 ,  0.00503302 ,  1.02124e-50,  2.11575e-21,  0.000787906])
170160  , -19031.5    , array([ 0.00567861 ,  0.00503806 ,  1.02124e-50,  2.11575e-21,  0.000787906])
170161  , -19016.4    , array([ 0.00567861 ,  0.00503302 ,  1.02226e-50,  2.11575e-21,  0.000787906])
170162  , -19016.4    , array([ 0.00567861 ,  0.00503302 ,  1.02124e-50,  2.11787e-21,  0.000787906])
170163  , -19016.9    , array([ 0.00567861 ,  0.00503302 ,  1.02124e-50,  2.11575e-21,  0.000788694])
170164  , -19016.3    , array([ 0.00567865 ,  0.00503305 ,  1.02124e-50,  2.11575e-21,  0.000787911])
170165  , -19016.3    , array([ 0.00567865 ,  0.00503305 ,  1.02124e-50,  2.11575e-21,  0.000787911])
170166  , -19000.7    , array([ 0.00568433 ,  0.00503305 ,  1.02124e-50,  2.11575e-21,  0.000787911])
170167  , -19031.4    , array([ 0.00567865 ,  0.00503809 ,  1.02124e-50,  2.11575e-21,  0.000787911])
170168  , -19016.3    , array([ 0.00567865 ,  0.00503305 ,  1.02226e-50,  2.11575e-21,  0.000787911])
170169  , -19016.3    , array([ 0.00567865 ,  0.00503305 ,  1.02124e-50,  2.11787e-21,  0.000787911])
170170  , -19016.8    , array([ 0.00567865 ,  0.00503305 ,  1.02124e-50,  2.11575e-21,  0.0007887  ])
170171  , -19016.2    , array([ 0.00567882 ,  0.00503316 ,  1.02124e-50,  2.11575e-21,  0.000787933])
170172  , -19016.2    , array([ 0.00567882 ,  0.00503316 ,  1.02124e-50,  2.11575e-21,  0.000787933])
170173  , -19000.5    , array([ 0.0056845  ,  0.00503316 ,  1.02124e-50,  2.11575e-21,  0.000787933])
170174  , -19031.3    , array([ 0.00567882 ,  0.00503819 ,  1.02124e-50,  2.11575e-21,  0.000787933])
170175  , -19016.2    , array([ 0.00567882 ,  0.00503316 ,  1.02226e-50,  2.11575e-21,  0.000787933])
170176  , -19016.2    , array([ 0.00567882 ,  0.00503316 ,  1.02124e-50,  2.11787e-21,  0.000787933])
170177  , -19016.7    , array([ 0.00567882 ,  0.00503316 ,  1.02124e-50,  2.11575e-21,  0.000788721])
170178  , -19015.7    , array([ 0.0056795  ,  0.00503358 ,  1.02124e-50,  2.11575e-21,  0.00078802 ])
170179  , -19015.7    , array([ 0.0056795  ,  0.00503358 ,  1.02124e-50,  2.11575e-21,  0.00078802 ])
170180  , -19000      , array([ 0.00568518 ,  0.00503358 ,  1.02124e-50,  2.11575e-21,  0.00078802 ])
170181  , -19030.7    , array([ 0.0056795  ,  0.00503861 ,  1.02124e-50,  2.11575e-21,  0.00078802 ])
170182  , -19015.7    , array([ 0.0056795  ,  0.00503358 ,  1.02226e-50,  2.11575e-21,  0.00078802 ])
170183  , -19015.7    , array([ 0.0056795  ,  0.00503358 ,  1.02124e-50,  2.11787e-21,  0.00078802 ])
170184  , -19016.1    , array([ 0.0056795  ,  0.00503358 ,  1.02124e-50,  2.11575e-21,  0.000788808])
170185  , -19013.4    , array([ 0.00568221 ,  0.00503526 ,  1.02124e-50,  2.11575e-21,  0.000788367])
170186  , -19013.4    , array([ 0.00568221 ,  0.00503526 ,  1.02124e-50,  2.11575e-21,  0.000788367])
170187  , -18997.8    , array([ 0.00568789 ,  0.00503526 ,  1.02124e-50,  2.11575e-21,  0.000788367])
170188  , -19028.5    , array([ 0.00568221 ,  0.0050403  ,  1.02124e-50,  2.11575e-21,  0.000788367])
170189  , -19013.4    , array([ 0.00568221 ,  0.00503526 ,  1.02226e-50,  2.11575e-21,  0.000788367])
170190  , -19013.4    , array([ 0.00568221 ,  0.00503526 ,  1.02124e-50,  2.11787e-21,  0.000788367])
170191  , -19013.9    , array([ 0.00568221 ,  0.00503526 ,  1.02124e-50,  2.11575e-21,  0.000789156])
170192  , -19004.5    , array([ 0.00569307 ,  0.00504202 ,  1.02124e-50,  2.11575e-21,  0.000789756])
170193  , -19004.5    , array([ 0.00569307 ,  0.00504202 ,  1.02124e-50,  2.11575e-21,  0.000789756])
170194  , -18988.8    , array([ 0.00569876 ,  0.00504202 ,  1.02124e-50,  2.11575e-21,  0.000789756])
170195  , -19019.6    , array([ 0.00569307 ,  0.00504706 ,  1.02124e-50,  2.11575e-21,  0.000789756])
170196  , -19004.5    , array([ 0.00569307 ,  0.00504202 ,  1.02226e-50,  2.11575e-21,  0.000789756])
170197  , -19004.5    , array([ 0.00569307 ,  0.00504202 ,  1.02124e-50,  2.11787e-21,  0.000789756])
170198  , -19005      , array([ 0.00569307 ,  0.00504202 ,  1.02124e-50,  2.11575e-21,  0.000790546])
170199  , -18968.8    , array([ 0.00573671 ,  0.00506912 ,  1.02124e-50,  2.11575e-21,  0.000795339])
170200  , -18968.8    , array([ 0.00573671 ,  0.00506912 ,  1.02124e-50,  2.11575e-21,  0.000795339])
170201  , -18953.1    , array([ 0.00574245 ,  0.00506912 ,  1.02124e-50,  2.11575e-21,  0.000795339])
170202  , -18983.8    , array([ 0.00573671 ,  0.00507419 ,  1.02124e-50,  2.11575e-21,  0.000795339])
170203  , -18968.8    , array([ 0.00573671 ,  0.00506912 ,  1.02226e-50,  2.11575e-21,  0.000795339])
170204  , -18968.8    , array([ 0.00573671 ,  0.00506912 ,  1.02124e-50,  2.11787e-21,  0.000795339])
170205  , -18969.2    , array([ 0.00573671 ,  0.00506912 ,  1.02124e-50,  2.11575e-21,  0.000796134])
170206  , -18826.2    , array([ 0.00591467 ,  0.005179   ,  1.02124e-50,  2.11575e-21,  0.000818066])
170207  , -18826.2    , array([ 0.00591467 ,  0.005179   ,  1.02124e-50,  2.11575e-21,  0.000818066])
170208  , -18810.6    , array([ 0.00592059 ,  0.005179   ,  1.02124e-50,  2.11575e-21,  0.000818066])
170209  , -18841.2    , array([ 0.00591467 ,  0.00518418 ,  1.02124e-50,  2.11575e-21,  0.000818066])
170210  , -18826.2    , array([ 0.00591467 ,  0.005179   ,  1.02226e-50,  2.11575e-21,  0.000818066])
170211  , -18826.2    , array([ 0.00591467 ,  0.005179   ,  1.02124e-50,  2.11787e-21,  0.000818066])
170212  , -18826.7    , array([ 0.00591467 ,  0.005179   ,  1.02124e-50,  2.11575e-21,  0.000818884])
170213  , -18260.3    , array([ 0.00668345 ,  0.00564284 ,  1.02124e-50,  2.11575e-21,  0.000915656])
170214  , -18260.3    , array([ 0.00668345 ,  0.00564284 ,  1.02124e-50,  2.11575e-21,  0.000915656])
170215  , -18244.9    , array([ 0.00669014 ,  0.00564284 ,  1.02124e-50,  2.11575e-21,  0.000915656])
170216  , -18275      , array([ 0.00668345 ,  0.00564849 ,  1.02124e-50,  2.11575e-21,  0.000915656])
170217  , -18260.3    , array([ 0.00668345 ,  0.00564284 ,  1.02226e-50,  2.11575e-21,  0.000915656])
170218  , -18260.3    , array([ 0.00668345 ,  0.00564284 ,  1.02124e-50,  2.11787e-21,  0.000915656])
170219  , -18260.7    , array([ 0.00668345 ,  0.00564284 ,  1.02124e-50,  2.11575e-21,  0.000916572])
170220  , -16071.7    , array([ 0.0108963  ,  0.00795255 ,  1.02124e-50,  2.11575e-21,  0.00143717 ])
170221  , -16071.7    , array([ 0.0108963  ,  0.00795255 ,  1.02124e-50,  2.11575e-21,  0.00143717 ])
170222  , -16057.2    , array([ 0.0109072  ,  0.00795255 ,  1.02124e-50,  2.11575e-21,  0.00143717 ])
170223  , -16085.3    , array([ 0.0108963  ,  0.00796051 ,  1.02124e-50,  2.11575e-21,  0.00143717 ])
170224  , -16071.7    , array([ 0.0108963  ,  0.00795255 ,  1.02226e-50,  2.11575e-21,  0.00143717 ])
170225  , -16071.7    , array([ 0.0108963  ,  0.00795255 ,  1.02124e-50,  2.11787e-21,  0.00143717 ])
170226  , -16072.3    , array([ 0.0108963  ,  0.00795255 ,  1.02124e-50,  2.11575e-21,  0.00143861 ])
170227  , -8778.93    , array([ 0.0769839  ,  0.0313719  ,  1.02124e-50,  2.11575e-21,  0.00872204 ])
170228  , -8778.93    , array([ 0.0769839  ,  0.0313719  ,  1.02124e-50,  2.11575e-21,  0.00872204 ])
170229  , -8768.32    , array([ 0.0770609  ,  0.0313719  ,  1.02124e-50,  2.11575e-21,  0.00872204 ])
170230  , -8785.11    , array([ 0.0769839  ,  0.0314033  ,  1.02124e-50,  2.11575e-21,  0.00872204 ])
170231  , -8778.93    , array([ 0.0769839  ,  0.0313719  ,  1.02226e-50,  2.11575e-21,  0.00872204 ])
170232  , -8778.93    , array([ 0.0769839  ,  0.0313719  ,  1.02124e-50,  2.11787e-21,  0.00872204 ])
170233  , -8782.43    , array([ 0.0769839  ,  0.0313719  ,  1.02124e-50,  2.11575e-21,  0.00873077 ])
170241  , -8778.2     , array([ 0.0770184  ,  0.0313846  ,  1.02124e-50,  2.11575e-21,  0.00872586 ])
170242  , -8778.2     , array([ 0.0770184  ,  0.0313846  ,  1.02124e-50,  2.11575e-21,  0.00872586 ])
170243  , -8767.59    , array([ 0.0770955  ,  0.0313846  ,  1.02124e-50,  2.11575e-21,  0.00872586 ])
170244  , -8784.39    , array([ 0.0770184  ,  0.031416   ,  1.02124e-50,  2.11575e-21,  0.00872586 ])
170245  , -8778.2     , array([ 0.0770184  ,  0.0313846  ,  1.02226e-50,  2.11575e-21,  0.00872586 ])
170246  , -8778.2     , array([ 0.0770184  ,  0.0313846  ,  1.02124e-50,  2.11787e-21,  0.00872586 ])
170247  , -8781.71    , array([ 0.0770184  ,  0.0313846  ,  1.02124e-50,  2.11575e-21,  0.00873459 ])
170248  , -8777.47    , array([ 0.0770529  ,  0.0313973  ,  1.02124e-50,  2.11575e-21,  0.00872969 ])
170249  , -8777.47    , array([ 0.0770529  ,  0.0313973  ,  1.02124e-50,  2.11575e-21,  0.00872969 ])
170250  , -8766.87    , array([ 0.07713    ,  0.0313973  ,  1.02124e-50,  2.11575e-21,  0.00872969 ])
170251  , -8783.66    , array([ 0.0770529  ,  0.0314287  ,  1.02124e-50,  2.11575e-21,  0.00872969 ])
170252  , -8777.47    , array([ 0.0770529  ,  0.0313973  ,  1.02226e-50,  2.11575e-21,  0.00872969 ])
170253  , -8777.47    , array([ 0.0770529  ,  0.0313973  ,  1.02124e-50,  2.11787e-21,  0.00872969 ])
170254  , -8780.98    , array([ 0.0770529  ,  0.0313973  ,  1.02124e-50,  2.11575e-21,  0.00873842 ])
170262  , -8777.29    , array([ 0.0770615  ,  0.0314004  ,  1.02124e-50,  2.11575e-21,  0.00873064 ])
170263  , -8777.29    , array([ 0.0770615  ,  0.0314004  ,  1.02124e-50,  2.11575e-21,  0.00873064 ])
170264  , -8766.69    , array([ 0.0771386  ,  0.0314004  ,  1.02124e-50,  2.11575e-21,  0.00873064 ])
170265  , -8783.48    , array([ 0.0770615  ,  0.0314319  ,  1.02124e-50,  2.11575e-21,  0.00873064 ])
170266  , -8777.29    , array([ 0.0770615  ,  0.0314004  ,  1.02226e-50,  2.11575e-21,  0.00873064 ])
170267  , -8777.29    , array([ 0.0770615  ,  0.0314004  ,  1.02124e-50,  2.11787e-21,  0.00873064 ])
170268  , -8780.8     , array([ 0.0770615  ,  0.0314004  ,  1.02124e-50,  2.11575e-21,  0.00873938 ])
170269  , -8777.11    , array([ 0.0770702  ,  0.0314036  ,  1.02124e-50,  2.11575e-21,  0.0087316  ])
170270  , -8777.11    , array([ 0.0770702  ,  0.0314036  ,  1.02124e-50,  2.11575e-21,  0.0087316  ])
170271  , -8766.5     , array([ 0.0771473  ,  0.0314036  ,  1.02124e-50,  2.11575e-21,  0.0087316  ])
170272  , -8783.29    , array([ 0.0770702  ,  0.031435   ,  1.02124e-50,  2.11575e-21,  0.0087316  ])
170273  , -8777.11    , array([ 0.0770702  ,  0.0314036  ,  1.02226e-50,  2.11575e-21,  0.0087316  ])
170274  , -8777.11    , array([ 0.0770702  ,  0.0314036  ,  1.02124e-50,  2.11787e-21,  0.0087316  ])
170275  , -8780.62    , array([ 0.0770702  ,  0.0314036  ,  1.02124e-50,  2.11575e-21,  0.00874033 ])
170276  , -10738.3    , array([ 1.98516    ,  0.589924   ,  1.02124e-50,  2.11575e-21,  0.209164   ])
170277  , -10738.3    , array([ 1.98516    ,  0.589924   ,  1.02124e-50,  2.11575e-21,  0.209164   ])
170278  , -10735.5    , array([ 1.98715    ,  0.589924   ,  1.02124e-50,  2.11575e-21,  0.209164   ])
170279  , -10740.1    , array([ 1.98516    ,  0.590514   ,  1.02124e-50,  2.11575e-21,  0.209164   ])
170280  , -10738.3    , array([ 1.98516    ,  0.589924   ,  1.02226e-50,  2.11575e-21,  0.209164   ])
170281  , -10738.3    , array([ 1.98516    ,  0.589924   ,  1.02124e-50,  2.11787e-21,  0.209164   ])
170282  , -10749.4    , array([ 1.98516    ,  0.589924   ,  1.02124e-50,  2.11575e-21,  0.209373   ])
170283  , -6079.96    , array([ 0.359931   ,  0.126263   ,  1.02124e-50,  2.11575e-21,  0.039398   ])
170284  , -6079.96    , array([ 0.359931   ,  0.126263   ,  1.02124e-50,  2.11575e-21,  0.039398   ])
170285  , -6071.81    , array([ 0.360291   ,  0.126263   ,  1.02124e-50,  2.11575e-21,  0.039398   ])
170286  , -6083.64    , array([ 0.359931   ,  0.126389   ,  1.02124e-50,  2.11575e-21,  0.039398   ])
170287  , -6079.96    , array([ 0.359931   ,  0.126263   ,  1.02226e-50,  2.11575e-21,  0.039398   ])
170288  , -6079.96    , array([ 0.359931   ,  0.126263   ,  1.02124e-50,  2.11787e-21,  0.039398   ])
170289  , -6083.56    , array([ 0.359931   ,  0.126263   ,  1.02124e-50,  2.11575e-21,  0.0394375  ])
170290  , -90193      , array([ 41.6166    ,  11.1167    ,  1.02124e-50,  2.11575e-21,  4.24655    ])
170291  , -90193      , array([ 41.6166    ,  11.1167    ,  1.02124e-50,  2.11575e-21,  4.24655    ])
170292  , -90201.4    , array([ 41.6583    ,  11.1167    ,  1.02124e-50,  2.11575e-21,  4.24655    ])
170293  , -90194.9    , array([ 41.6166    ,  11.1278    ,  1.02124e-50,  2.11575e-21,  4.24655    ])
170294  , -90193      , array([ 41.6166    ,  11.1167    ,  1.02226e-50,  2.11575e-21,  4.24655    ])
170295  , -90193      , array([ 41.6166    ,  11.1167    ,  1.02124e-50,  2.11787e-21,  4.24655    ])
170296  , -90219.6    , array([ 41.6166    ,  11.1167    ,  1.02124e-50,  2.11575e-21,  4.2508     ])
170297  , -5930.73    , array([ 0.415175   ,  0.144454   ,  1.02124e-50,  2.11575e-21,  0.0453493  ])
170298  , -5930.73    , array([ 0.415175   ,  0.144454   ,  1.02124e-50,  2.11575e-21,  0.0453493  ])
170299  , -5922.9     , array([ 0.415591   ,  0.144454   ,  1.02124e-50,  2.11575e-21,  0.0453493  ])
170300  , -5934.3     , array([ 0.415175   ,  0.144599   ,  1.02124e-50,  2.11575e-21,  0.0453493  ])
170301  , -5930.73    , array([ 0.415175   ,  0.144454   ,  1.02226e-50,  2.11575e-21,  0.0453493  ])
170302  , -5930.73    , array([ 0.415175   ,  0.144454   ,  1.02124e-50,  2.11787e-21,  0.0453493  ])
170303  , -5934.4     , array([ 0.415175   ,  0.144454   ,  1.02124e-50,  2.11575e-21,  0.0453947  ])
170304  , -5639.94    , array([ 0.44333    ,  0.148963   ,  1.02124e-50,  2.11575e-21,  0.0466442  ])
170305  , -5639.94    , array([ 0.44333    ,  0.148963   ,  1.02124e-50,  2.11575e-21,  0.0466442  ])
170306  , -5632.62    , array([ 0.443774   ,  0.148963   ,  1.02124e-50,  2.11575e-21,  0.0466442  ])
170307  , -5643.55    , array([ 0.44333    ,  0.149112   ,  1.02124e-50,  2.11575e-21,  0.0466442  ])
170308  , -5639.94    , array([ 0.44333    ,  0.148963   ,  1.02226e-50,  2.11575e-21,  0.0466442  ])
170309  , -5639.94    , array([ 0.44333    ,  0.148963   ,  1.02124e-50,  2.11787e-21,  0.0466442  ])
170310  , -5643.2     , array([ 0.44333    ,  0.148963   ,  1.02124e-50,  2.11575e-21,  0.0466908  ])
170311  , -4704.15    , array([ 0.576384   ,  0.168451   ,  1.02124e-50,  2.11575e-21,  0.0522042  ])
170312  , -4704.15    , array([ 0.576384   ,  0.168451   ,  1.02124e-50,  2.11575e-21,  0.0522042  ])
170313  , -4698.7     , array([ 0.57696    ,  0.168451   ,  1.02124e-50,  2.11575e-21,  0.0522042  ])
170314  , -4707.98    , array([ 0.576384   ,  0.16862    ,  1.02124e-50,  2.11575e-21,  0.0522042  ])
170315  , -4704.15    , array([ 0.576384   ,  0.168451   ,  1.02226e-50,  2.11575e-21,  0.0522042  ])
170316  , -4704.15    , array([ 0.576384   ,  0.168451   ,  1.02124e-50,  2.11787e-21,  0.0522042  ])
170317  , -4705.95    , array([ 0.576384   ,  0.168451   ,  1.02124e-50,  2.11575e-21,  0.0522564  ])
170318  , -2889.26    , array([ 0.668155   ,  0.123194   ,  1.02124e-50,  2.11575e-21,  0.0400877  ])
170319  , -2889.26    , array([ 0.668155   ,  0.123194   ,  1.02124e-50,  2.11575e-21,  0.0400877  ])
170320  , -2886.55    , array([ 0.668823   ,  0.123194   ,  1.02124e-50,  2.11575e-21,  0.0400877  ])
170321  , -2891.83    , array([ 0.668155   ,  0.123318   ,  1.02124e-50,  2.11575e-21,  0.0400877  ])
170322  , -2889.26    , array([ 0.668155   ,  0.123194   ,  1.02226e-50,  2.11575e-21,  0.0400877  ])
170323  , -2889.26    , array([ 0.668155   ,  0.123194   ,  1.02124e-50,  2.11787e-21,  0.0400877  ])
170324  , -2889.49    , array([ 0.668155   ,  0.123194   ,  1.02124e-50,  2.11575e-21,  0.0401278  ])
170325  , -2002.08    , array([ 0.801762   ,  0.0886318  ,  1.02124e-50,  2.11575e-21,  0.032012   ])
170326  , -2002.08    , array([ 0.801762   ,  0.0886318  ,  1.02124e-50,  2.11575e-21,  0.032012   ])
170327  , -2000.88    , array([ 0.802564   ,  0.0886318  ,  1.02124e-50,  2.11575e-21,  0.032012   ])
170328  , -2001.8     , array([ 0.801762   ,  0.0887205  ,  1.02124e-50,  2.11575e-21,  0.032012   ])
170329  , -2002.08    , array([ 0.801762   ,  0.0886318  ,  1.02226e-50,  2.11575e-21,  0.032012   ])
170330  , -2002.08    , array([ 0.801762   ,  0.0886318  ,  1.02124e-50,  2.11787e-21,  0.032012   ])
170331  , -2003.54    , array([ 0.801762   ,  0.0886318  ,  1.02124e-50,  2.11575e-21,  0.032044   ])
170332  , -1760.71    , array([ 0.884897   ,  0.0730692  ,  1.02124e-50,  2.11575e-21,  0.0261837  ])
170333  , -1760.71    , array([ 0.884897   ,  0.0730692  ,  1.02124e-50,  2.11575e-21,  0.0261837  ])
170334  , -1760.11    , array([ 0.885782   ,  0.0730692  ,  1.02124e-50,  2.11575e-21,  0.0261837  ])
170335  , -1760.56    , array([ 0.884897   ,  0.0731423  ,  1.02124e-50,  2.11575e-21,  0.0261837  ])
170336  , -1760.71    , array([ 0.884897   ,  0.0730692  ,  1.02226e-50,  2.11575e-21,  0.0261837  ])
170337  , -1760.71    , array([ 0.884897   ,  0.0730692  ,  1.02124e-50,  2.11787e-21,  0.0261837  ])
170338  , -1761.31    , array([ 0.884897   ,  0.0730692  ,  1.02124e-50,  2.11575e-21,  0.0262099  ])
170339  , -1671.8     , array([ 1.03716    ,  0.0674082  ,  1.02124e-50,  2.11575e-21,  0.0241424  ])
170340  , -1671.8     , array([ 1.03716    ,  0.0674082  ,  1.02124e-50,  2.11575e-21,  0.0241424  ])
170341  , -1671.52    , array([ 1.0382     ,  0.0674082  ,  1.02124e-50,  2.11575e-21,  0.0241424  ])
170342  , -1671.68    , array([ 1.03716    ,  0.0674756  ,  1.02124e-50,  2.11575e-21,  0.0241424  ])
170343  , -1671.8     , array([ 1.03716    ,  0.0674082  ,  1.02226e-50,  2.11575e-21,  0.0241424  ])
170344  , -1671.8     , array([ 1.03716    ,  0.0674082  ,  1.02124e-50,  2.11787e-21,  0.0241424  ])
170345  , -1672.06    , array([ 1.03716    ,  0.0674082  ,  1.02124e-50,  2.11575e-21,  0.0241666  ])
170346  , -1641.7     , array([ 1.2117     ,  0.0662943  ,  1.02124e-50,  2.11575e-21,  0.0237316  ])
170347  , -1641.7     , array([ 1.2117     ,  0.0662943  ,  1.02124e-50,  2.11575e-21,  0.0237316  ])
170348  , -1641.59    , array([ 1.21291    ,  0.0662943  ,  1.02124e-50,  2.11575e-21,  0.0237316  ])
170349  , -1641.64    , array([ 1.2117     ,  0.0663606  ,  1.02124e-50,  2.11575e-21,  0.0237316  ])
170350  , -1641.7     , array([ 1.2117     ,  0.0662943  ,  1.02226e-50,  2.11575e-21,  0.0237316  ])
170351  , -1641.7     , array([ 1.2117     ,  0.0662943  ,  1.02124e-50,  2.11787e-21,  0.0237316  ])
170352  , -1641.79    , array([ 1.2117     ,  0.0662943  ,  1.02124e-50,  2.11575e-21,  0.0237553  ])
170353  , -1633.73    , array([ 1.35787    ,  0.0669283  ,  1.02124e-50,  2.11575e-21,  0.023967   ])
170354  , -1633.73    , array([ 1.35787    ,  0.0669283  ,  1.02124e-50,  2.11575e-21,  0.023967   ])
170355  , -1633.69    , array([ 1.35923    ,  0.0669283  ,  1.02124e-50,  2.11575e-21,  0.023967   ])
170356  , -1633.7     , array([ 1.35787    ,  0.0669952  ,  1.02124e-50,  2.11575e-21,  0.023967   ])
170357  , -1633.73    , array([ 1.35787    ,  0.0669283  ,  1.02226e-50,  2.11575e-21,  0.023967   ])
170358  , -1633.73    , array([ 1.35787    ,  0.0669283  ,  1.02124e-50,  2.11787e-21,  0.023967   ])
170359  , -1633.75    , array([ 1.35787    ,  0.0669283  ,  1.02124e-50,  2.11575e-21,  0.023991   ])
170360  , -1632.63    , array([ 1.42426    ,  0.067495   ,  1.02124e-50,  2.11575e-21,  0.0241707  ])
170361  , -1632.63    , array([ 1.42426    ,  0.067495   ,  1.02124e-50,  2.11575e-21,  0.0241707  ])
170362  , -1632.62    , array([ 1.42569    ,  0.067495   ,  1.02124e-50,  2.11575e-21,  0.0241707  ])
170363  , -1632.62    , array([ 1.42426    ,  0.0675626  ,  1.02124e-50,  2.11575e-21,  0.0241707  ])
170364  , -1632.63    , array([ 1.42426    ,  0.067495   ,  1.02226e-50,  2.11575e-21,  0.0241707  ])
170365  , -1632.63    , array([ 1.42426    ,  0.067495   ,  1.02124e-50,  2.11787e-21,  0.0241707  ])
170366  , -1632.63    , array([ 1.42426    ,  0.067495   ,  1.02124e-50,  2.11575e-21,  0.0241949  ])
170367  , -1632.55    , array([ 1.436      ,  0.0676261  ,  1.02124e-50,  2.11575e-21,  0.0242176  ])
170368  , -1632.55    , array([ 1.436      ,  0.0676261  ,  1.02124e-50,  2.11575e-21,  0.0242176  ])
170369  , -1632.55    , array([ 1.43744    ,  0.0676261  ,  1.02124e-50,  2.11575e-21,  0.0242176  ])
170370  , -1632.55    , array([ 1.436      ,  0.0676938  ,  1.02124e-50,  2.11575e-21,  0.0242176  ])
170371  , -1632.55    , array([ 1.436      ,  0.0676261  ,  1.02226e-50,  2.11575e-21,  0.0242176  ])
170372  , -1632.55    , array([ 1.436      ,  0.0676261  ,  1.02124e-50,  2.11787e-21,  0.0242176  ])
170373  , -1632.55    , array([ 1.436      ,  0.0676261  ,  1.02124e-50,  2.11575e-21,  0.0242419  ])
170374  , -1632.54    , array([ 1.43653    ,  0.0676416  ,  1.02124e-50,  2.11575e-21,  0.0242231  ])
170375  , -1632.54    , array([ 1.43653    ,  0.0676416  ,  1.02124e-50,  2.11575e-21,  0.0242231  ])
170376  , -1632.54    , array([ 1.43797    ,  0.0676416  ,  1.02124e-50,  2.11575e-21,  0.0242231  ])
170377  , -1632.54    , array([ 1.43653    ,  0.0677092  ,  1.02124e-50,  2.11575e-21,  0.0242231  ])
170378  , -1632.54    , array([ 1.43653    ,  0.0676416  ,  1.02226e-50,  2.11575e-21,  0.0242231  ])
170379  , -1632.54    , array([ 1.43653    ,  0.0676416  ,  1.02124e-50,  2.11787e-21,  0.0242231  ])
170380  , -1632.54    , array([ 1.43653    ,  0.0676416  ,  1.02124e-50,  2.11575e-21,  0.0242473  ])
170381  , -1632.54    , array([ 1.43657    ,  0.0676486  ,  1.02124e-50,  2.11575e-21,  0.0242256  ])
170382  , -1632.54    , array([ 1.43657    ,  0.0676486  ,  1.02124e-50,  2.11575e-21,  0.0242256  ])
170383  , -1632.54    , array([ 1.438      ,  0.0676486  ,  1.02124e-50,  2.11575e-21,  0.0242256  ])
170384  , -1632.54    , array([ 1.43657    ,  0.0677162  ,  1.02124e-50,  2.11575e-21,  0.0242256  ])
170385  , -1632.54    , array([ 1.43657    ,  0.0676486  ,  1.02226e-50,  2.11575e-21,  0.0242256  ])
170386  , -1632.54    , array([ 1.43657    ,  0.0676486  ,  1.02124e-50,  2.11787e-21,  0.0242256  ])
170387  , -1632.54    , array([ 1.43657    ,  0.0676486  ,  1.02124e-50,  2.11575e-21,  0.0242498  ])
170388  , -1632.54    , array([ 1.43652    ,  0.0676507  ,  1.02124e-50,  2.11575e-21,  0.0242264  ])
170389  , -1632.54    , array([ 1.43652    ,  0.0676507  ,  1.02124e-50,  2.11575e-21,  0.0242264  ])
170390  , -1632.54    , array([ 1.43796    ,  0.0676507  ,  1.02124e-50,  2.11575e-21,  0.0242264  ])
170391  , -1632.54    , array([ 1.43652    ,  0.0677184  ,  1.02124e-50,  2.11575e-21,  0.0242264  ])
170392  , -1632.54    , array([ 1.43652    ,  0.0676507  ,  1.02226e-50,  2.11575e-21,  0.0242264  ])
170393  , -1632.54    , array([ 1.43652    ,  0.0676507  ,  1.02124e-50,  2.11787e-21,  0.0242264  ])
170394  , -1632.54    , array([ 1.43652    ,  0.0676507  ,  1.02124e-50,  2.11575e-21,  0.0242506  ])
170395  , -1632.54    , array([ 1.43651    ,  0.0676507  ,  1.02124e-50,  2.11575e-21,  0.0242263  ])
170396  , -1632.54    , array([ 1.43651    ,  0.0676507  ,  1.02124e-50,  2.11575e-21,  0.0242263  ])
170397  , -1632.54    , array([ 1.43795    ,  0.0676507  ,  1.02124e-50,  2.11575e-21,  0.0242263  ])
170398  , -1632.54    , array([ 1.43651    ,  0.0677184  ,  1.02124e-50,  2.11575e-21,  0.0242263  ])
170399  , -1632.54    , array([ 1.43651    ,  0.0676507  ,  1.02226e-50,  2.11575e-21,  0.0242263  ])
170400  , -1632.54    , array([ 1.43651    ,  0.0676507  ,  1.02124e-50,  2.11787e-21,  0.0242263  ])
170401  , -1632.54    , array([ 1.43651    ,  0.0676507  ,  1.02124e-50,  2.11575e-21,  0.0242506  ])
170402  , -1632.54    , array([ 1.43652    ,  0.0676507  ,  1.02124e-50,  2.11575e-21,  0.0242264  ])
170403  , -1632.54    , array([ 1.43652    ,  0.0676507  ,  1.02124e-50,  2.11575e-21,  0.0242264  ])
170404  , -1632.54    , array([ 1.43796    ,  0.0676507  ,  1.02124e-50,  2.11575e-21,  0.0242264  ])
170405  , -1632.54    , array([ 1.43652    ,  0.0677184  ,  1.02124e-50,  2.11575e-21,  0.0242264  ])
170406  , -1632.54    , array([ 1.43652    ,  0.0676507  ,  1.02226e-50,  2.11575e-21,  0.0242264  ])
170407  , -1632.54    , array([ 1.43652    ,  0.0676507  ,  1.02124e-50,  2.11787e-21,  0.0242264  ])
170408  , -1632.54    , array([ 1.43652    ,  0.0676507  ,  1.02124e-50,  2.11575e-21,  0.0242506  ])
170409  , -1632.54    , array([ 1.43652    ,  0.0676507  ,  1.02124e-50,  2.11575e-21,  0.0242264  ])
170410  , -1632.54    , array([ 1.43652    ,  0.0676507  ,  1.02124e-50,  2.11575e-21,  0.0242264  ])
170411  , -1632.54    , array([ 1.43796    ,  0.0676507  ,  1.02124e-50,  2.11575e-21,  0.0242264  ])
170412  , -1632.54    , array([ 1.43652    ,  0.0677184  ,  1.02124e-50,  2.11575e-21,  0.0242264  ])
170413  , -1632.54    , array([ 1.43652    ,  0.0676507  ,  1.02226e-50,  2.11575e-21,  0.0242264  ])
170414  , -1632.54    , array([ 1.43652    ,  0.0676507  ,  1.02124e-50,  2.11787e-21,  0.0242264  ])
170415  , -1632.54    , array([ 1.43652    ,  0.0676507  ,  1.02124e-50,  2.11575e-21,  0.0242506  ])
170416  , -1632.54    , array([ 1.43652    ,  0.0676507  ,  1.02124e-50,  2.11575e-21,  0.0242264  ])
170417  , -1632.54    , array([ 1.43652    ,  0.0676507  ,  1.02124e-50,  2.11575e-21,  0.0242264  ])
170418  , -1632.54    , array([ 1.43796    ,  0.0676507  ,  1.02124e-50,  2.11575e-21,  0.0242264  ])
170419  , -1632.54    , array([ 1.43652    ,  0.0677184  ,  1.02124e-50,  2.11575e-21,  0.0242264  ])
170420  , -1632.54    , array([ 1.43652    ,  0.0676507  ,  1.02226e-50,  2.11575e-21,  0.0242264  ])
170421  , -1632.54    , array([ 1.43652    ,  0.0676507  ,  1.02124e-50,  2.11787e-21,  0.0242264  ])
170422  , -1632.54    , array([ 1.43652    ,  0.0676507  ,  1.02124e-50,  2.11575e-21,  0.0242506  ])
170423  , -1632.54    , array([ 1.43652    ,  0.0676507  ,  1.02124e-50,  2.11575e-21,  0.0242264  ])
170424  , -1632.54    , array([ 1.43652    ,  0.0676507  ,  1.02124e-50,  2.11575e-21,  0.0242264  ])
170425  , -1632.54    , array([ 1.43796    ,  0.0676507  ,  1.02124e-50,  2.11575e-21,  0.0242264  ])
170426  , -1632.54    , array([ 1.43652    ,  0.0677184  ,  1.02124e-50,  2.11575e-21,  0.0242264  ])
170427  , -1632.54    , array([ 1.43652    ,  0.0676507  ,  1.02226e-50,  2.11575e-21,  0.0242264  ])
170428  , -1632.54    , array([ 1.43652    ,  0.0676507  ,  1.02124e-50,  2.11787e-21,  0.0242264  ])
170429  , -1632.54    , array([ 1.43652    ,  0.0676507  ,  1.02124e-50,  2.11575e-21,  0.0242506  ])
170430  , -1632.54    , array([ 1.43652    ,  0.0676507  ,  1.02124e-50,  2.11575e-21,  0.0242264  ])
170431  , -1632.54    , array([ 1.43652    ,  0.0676507  ,  1.02124e-50,  2.11575e-21,  0.0242264  ])
170432  , -1632.54    , array([ 1.43796    ,  0.0676507  ,  1.02124e-50,  2.11575e-21,  0.0242264  ])
170433  , -1632.54    , array([ 1.43652    ,  0.0677184  ,  1.02124e-50,  2.11575e-21,  0.0242264  ])
170434  , -1632.54    , array([ 1.43652    ,  0.0676507  ,  1.02226e-50,  2.11575e-21,  0.0242264  ])
170435  , -1632.54    , array([ 1.43652    ,  0.0676507  ,  1.02124e-50,  2.11787e-21,  0.0242264  ])
170436  , -1632.54    , array([ 1.43652    ,  0.0676507  ,  1.02124e-50,  2.11575e-21,  0.0242506  ])
170437  , -1632.54    , array([ 1.43652    ,  0.0676507  ,  1.02124e-50,  2.11575e-21,  0.0242264  ])
170438  , -1632.54    , array([ 1.43652    ,  0.0676507  ,  1.02124e-50,  2.11575e-21,  0.0242264  ])
170439  , -1632.54    , array([ 1.43796    ,  0.0676507  ,  1.02124e-50,  2.11575e-21,  0.0242264  ])
170440  , -1632.54    , array([ 1.43652    ,  0.0677184  ,  1.02124e-50,  2.11575e-21,  0.0242264  ])
170441  , -1632.54    , array([ 1.43652    ,  0.0676507  ,  1.02226e-50,  2.11575e-21,  0.0242264  ])
170442  , -1632.54    , array([ 1.43652    ,  0.0676507  ,  1.02124e-50,  2.11787e-21,  0.0242264  ])
170443  , -1632.54    , array([ 1.43652    ,  0.0676507  ,  1.02124e-50,  2.11575e-21,  0.0242506  ])
170444  , -1632.54    , array([ 1.43652    ,  0.0676507  ,  1.02124e-50,  2.11575e-21,  0.0242264  ])
170445  , -1632.54    , array([ 1.43652    ,  0.0676507  ,  1.02124e-50,  2.11575e-21,  0.0242264  ])
170446  , -1632.54    , array([ 1.43796    ,  0.0676507  ,  1.02124e-50,  2.11575e-21,  0.0242264  ])
170447  , -1632.54    , array([ 1.43652    ,  0.0677184  ,  1.02124e-50,  2.11575e-21,  0.0242264  ])
170448  , -1632.54    , array([ 1.43652    ,  0.0676507  ,  1.02226e-50,  2.11575e-21,  0.0242264  ])
170449  , -1632.54    , array([ 1.43652    ,  0.0676507  ,  1.02124e-50,  2.11787e-21,  0.0242264  ])
170450  , -1632.54    , array([ 1.43652    ,  0.0676507  ,  1.02124e-50,  2.11575e-21,  0.0242506  ])
170451  , -1632.54    , array([ 1.43652    ,  0.0676507  ,  1.02124e-50,  2.11575e-21,  0.0242264  ])
170452  , -1632.54    , array([ 1.43652    ,  0.0676507  ,  1.02124e-50,  2.11575e-21,  0.0242264  ])
170453  , -1632.54    , array([ 1.43796    ,  0.0676507  ,  1.02124e-50,  2.11575e-21,  0.0242264  ])
170454  , -1632.54    , array([ 1.43652    ,  0.0677184  ,  1.02124e-50,  2.11575e-21,  0.0242264  ])
170455  , -1632.54    , array([ 1.43652    ,  0.0676507  ,  1.02226e-50,  2.11575e-21,  0.0242264  ])
170456  , -1632.54    , array([ 1.43652    ,  0.0676507  ,  1.02124e-50,  2.11787e-21,  0.0242264  ])
170457  , -1632.54    , array([ 1.43652    ,  0.0676507  ,  1.02124e-50,  2.11575e-21,  0.0242506  ])
170458  , -1632.54    , array([ 1.43652    ,  0.0676507  ,  1.02124e-50,  2.11575e-21,  0.0242264  ])
170459  , -1632.54    , array([ 1.43652    ,  0.0676507  ,  1.02124e-50,  2.11575e-21,  0.0242264  ])
170460  , -1632.54    , array([ 1.43796    ,  0.0676507  ,  1.02124e-50,  2.11575e-21,  0.0242264  ])
170461  , -1632.54    , array([ 1.43652    ,  0.0677184  ,  1.02124e-50,  2.11575e-21,  0.0242264  ])
170462  , -1632.54    , array([ 1.43652    ,  0.0676507  ,  1.02226e-50,  2.11575e-21,  0.0242264  ])
170463  , -1632.54    , array([ 1.43652    ,  0.0676507  ,  1.02124e-50,  2.11787e-21,  0.0242264  ])
170464  , -1632.54    , array([ 1.43652    ,  0.0676507  ,  1.02124e-50,  2.11575e-21,  0.0242506  ])
170465  , -1632.54    , array([ 1.43652    ,  0.0676507  ,  1.02124e-50,  2.11575e-21,  0.0242264  ])
170466  , -1632.54    , array([ 1.43652    ,  0.0676507  ,  1.02124e-50,  2.11575e-21,  0.0242264  ])
170467  , -1632.54    , array([ 1.43796    ,  0.0676507  ,  1.02124e-50,  2.11575e-21,  0.0242264  ])
170468  , -1632.54    , array([ 1.43652    ,  0.0677184  ,  1.02124e-50,  2.11575e-21,  0.0242264  ])
170469  , -1632.54    , array([ 1.43652    ,  0.0676507  ,  1.02226e-50,  2.11575e-21,  0.0242264  ])
170470  , -1632.54    , array([ 1.43652    ,  0.0676507  ,  1.02124e-50,  2.11787e-21,  0.0242264  ])
170471  , -1632.54    , array([ 1.43652    ,  0.0676507  ,  1.02124e-50,  2.11575e-21,  0.0242506  ])
170472  , -1632.54    , array([ 1.43652    ,  0.0676507  ,  1.02124e-50,  2.11575e-21,  0.0242264  ])
170473  , -1632.54    , array([ 1.43652    ,  0.0676507  ,  1.02124e-50,  2.11575e-21,  0.0242264  ])
170474  , -1632.54    , array([ 1.43796    ,  0.0676507  ,  1.02124e-50,  2.11575e-21,  0.0242264  ])
170475  , -1632.54    , array([ 1.43652    ,  0.0677184  ,  1.02124e-50,  2.11575e-21,  0.0242264  ])
170476  , -1632.54    , array([ 1.43652    ,  0.0676507  ,  1.02226e-50,  2.11575e-21,  0.0242264  ])
170477  , -1632.54    , array([ 1.43652    ,  0.0676507  ,  1.02124e-50,  2.11787e-21,  0.0242264  ])
170478  , -1632.54    , array([ 1.43652    ,  0.0676507  ,  1.02124e-50,  2.11575e-21,  0.0242506  ])
170479  , -1632.54    , array([ 1.43652    ,  0.0676507  ,  1.02124e-50,  2.11575e-21,  0.0242264  ])
170480  , -1632.54    , array([ 1.43652    ,  0.0676507  ,  1.02124e-50,  2.11575e-21,  0.0242264  ])
170481  , -1632.54    , array([ 1.43796    ,  0.0676507  ,  1.02124e-50,  2.11575e-21,  0.0242264  ])
170482  , -1632.54    , array([ 1.43652    ,  0.0677184  ,  1.02124e-50,  2.11575e-21,  0.0242264  ])
170483  , -1632.54    , array([ 1.43652    ,  0.0676507  ,  1.02226e-50,  2.11575e-21,  0.0242264  ])
170484  , -1632.54    , array([ 1.43652    ,  0.0676507  ,  1.02124e-50,  2.11787e-21,  0.0242264  ])
170485  , -1632.54    , array([ 1.43652    ,  0.0676507  ,  1.02124e-50,  2.11575e-21,  0.0242506  ])
170486  , -1632.54    , array([ 1.43652    ,  0.0676507  ,  1.02124e-50,  2.11575e-21,  0.0242264  ])
170487  , -1632.54    , array([ 1.43652    ,  0.0676507  ,  1.02124e-50,  2.11575e-21,  0.0242264  ])
170488  , -1632.54    , array([ 1.43796    ,  0.0676507  ,  1.02124e-50,  2.11575e-21,  0.0242264  ])
170489  , -1632.54    , array([ 1.43652    ,  0.0677184  ,  1.02124e-50,  2.11575e-21,  0.0242264  ])
170490  , -1632.54    , array([ 1.43652    ,  0.0676507  ,  1.02226e-50,  2.11575e-21,  0.0242264  ])
170491  , -1632.54    , array([ 1.43652    ,  0.0676507  ,  1.02124e-50,  2.11787e-21,  0.0242264  ])
170492  , -1632.54    , array([ 1.43652    ,  0.0676507  ,  1.02124e-50,  2.11575e-21,  0.0242506  ])
170493  , -1632.54    , array([ 1.43652    ,  0.0676507  ,  1.02124e-50,  2.11575e-21,  0.0242264  ])
170494  , -1632.54    , array([ 1.43652    ,  0.0676507  ,  1.02124e-50,  2.11575e-21,  0.0242264  ])
170495  , -1632.54    , array([ 1.43796    ,  0.0676507  ,  1.02124e-50,  2.11575e-21,  0.0242264  ])
170496  , -1632.54    , array([ 1.43652    ,  0.0677184  ,  1.02124e-50,  2.11575e-21,  0.0242264  ])
170497  , -1632.54    , array([ 1.43652    ,  0.0676507  ,  1.02226e-50,  2.11575e-21,  0.0242264  ])
170498  , -1632.54    , array([ 1.43652    ,  0.0676507  ,  1.02124e-50,  2.11787e-21,  0.0242264  ])
170499  , -1632.54    , array([ 1.43652    ,  0.0676507  ,  1.02124e-50,  2.11575e-21,  0.0242506  ])
170500  , -1632.54    , array([ 1.43652    ,  0.0676507  ,  1.02124e-50,  2.11575e-21,  0.0242264  ])
170501  , -1632.54    , array([ 1.43652    ,  0.0676507  ,  1.02124e-50,  2.11575e-21,  0.0242264  ])
170502  , -1632.54    , array([ 1.43796    ,  0.0676507  ,  1.02124e-50,  2.11575e-21,  0.0242264  ])
170503  , -1632.54    , array([ 1.43652    ,  0.0677184  ,  1.02124e-50,  2.11575e-21,  0.0242264  ])
170504  , -1632.54    , array([ 1.43652    ,  0.0676507  ,  1.02226e-50,  2.11575e-21,  0.0242264  ])
170505  , -1632.54    , array([ 1.43652    ,  0.0676507  ,  1.02124e-50,  2.11787e-21,  0.0242264  ])
170506  , -1632.54    , array([ 1.43652    ,  0.0676507  ,  1.02124e-50,  2.11575e-21,  0.0242506  ])
170507  , -1632.54    , array([ 1.43652    ,  0.0676507  ,  1.02124e-50,  2.11575e-21,  0.0242264  ])
170508  , -1632.54    , array([ 1.43652    ,  0.0676507  ,  1.02124e-50,  2.11575e-21,  0.0242264  ])
170509  , -1632.54    , array([ 1.43796    ,  0.0676507  ,  1.02124e-50,  2.11575e-21,  0.0242264  ])
170510  , -1632.54    , array([ 1.43652    ,  0.0677184  ,  1.02124e-50,  2.11575e-21,  0.0242264  ])
170511  , -1632.54    , array([ 1.43652    ,  0.0676507  ,  1.02226e-50,  2.11575e-21,  0.0242264  ])
170512  , -1632.54    , array([ 1.43652    ,  0.0676507  ,  1.02124e-50,  2.11787e-21,  0.0242264  ])
170513  , -1632.54    , array([ 1.43652    ,  0.0676507  ,  1.02124e-50,  2.11575e-21,  0.0242506  ])
170514  , -1632.54    , array([ 1.43652    ,  0.0676507  ,  1.02124e-50,  2.11575e-21,  0.0242264  ])
170515  , -1632.54    , array([ 1.43652    ,  0.0676507  ,  1.02124e-50,  2.11575e-21,  0.0242264  ])
170516  , -1632.54    , array([ 1.43796    ,  0.0676507  ,  1.02124e-50,  2.11575e-21,  0.0242264  ])
170517  , -1632.54    , array([ 1.43652    ,  0.0677184  ,  1.02124e-50,  2.11575e-21,  0.0242264  ])
170518  , -1632.54    , array([ 1.43652    ,  0.0676507  ,  1.02226e-50,  2.11575e-21,  0.0242264  ])
170519  , -1632.54    , array([ 1.43652    ,  0.0676507  ,  1.02124e-50,  2.11787e-21,  0.0242264  ])
170520  , -1632.54    , array([ 1.43652    ,  0.0676507  ,  1.02124e-50,  2.11575e-21,  0.0242506  ])
170521  , -1632.54    , array([ 1.43652    ,  0.0676507  ,  1.02124e-50,  2.11575e-21,  0.0242264  ])
170522  , -1632.54    , array([ 1.43652    ,  0.0676507  ,  1.02124e-50,  2.11575e-21,  0.0242264  ])
170523  , -1632.54    , array([ 1.43796    ,  0.0676507  ,  1.02124e-50,  2.11575e-21,  0.0242264  ])
170524  , -1632.54    , array([ 1.43652    ,  0.0677184  ,  1.02124e-50,  2.11575e-21,  0.0242264  ])
170525  , -1632.54    , array([ 1.43652    ,  0.0676507  ,  1.02226e-50,  2.11575e-21,  0.0242264  ])
170526  , -1632.54    , array([ 1.43652    ,  0.0676507  ,  1.02124e-50,  2.11787e-21,  0.0242264  ])
170527  , -1632.54    , array([ 1.43652    ,  0.0676507  ,  1.02124e-50,  2.11575e-21,  0.0242506  ])
170528  , -1632.54    , array([ 1.43652    ,  0.0676507  ,  1.02124e-50,  2.11575e-21,  0.0242264  ])
170529  , -1632.54    , array([ 1.43652    ,  0.0676507  ,  1.02124e-50,  2.11575e-21,  0.0242264  ])
170530  , -1632.54    , array([ 1.43796    ,  0.0676507  ,  1.02124e-50,  2.11575e-21,  0.0242264  ])
170531  , -1632.54    , array([ 1.43652    ,  0.0677184  ,  1.02124e-50,  2.11575e-21,  0.0242264  ])
170532  , -1632.54    , array([ 1.43652    ,  0.0676507  ,  1.02226e-50,  2.11575e-21,  0.0242264  ])
170533  , -1632.54    , array([ 1.43652    ,  0.0676507  ,  1.02124e-50,  2.11787e-21,  0.0242264  ])
170534  , -1632.54    , array([ 1.43652    ,  0.0676507  ,  1.02124e-50,  2.11575e-21,  0.0242506  ])
170535  , -1632.54    , array([ 1.43652    ,  0.0676507  ,  1.02124e-50,  2.11575e-21,  0.0242264  ])
170536  , -1632.54    , array([ 1.43652    ,  0.0676507  ,  1.02124e-50,  2.11575e-21,  0.0242264  ])
170537  , -1632.54    , array([ 1.43796    ,  0.0676507  ,  1.02124e-50,  2.11575e-21,  0.0242264  ])
170538  , -1632.54    , array([ 1.43652    ,  0.0677184  ,  1.02124e-50,  2.11575e-21,  0.0242264  ])
170539  , -1632.54    , array([ 1.43652    ,  0.0676507  ,  1.02226e-50,  2.11575e-21,  0.0242264  ])
170540  , -1632.54    , array([ 1.43652    ,  0.0676507  ,  1.02124e-50,  2.11787e-21,  0.0242264  ])
170541  , -1632.54    , array([ 1.43652    ,  0.0676507  ,  1.02124e-50,  2.11575e-21,  0.0242506  ])
170542  , -1632.54    , array([ 1.43652    ,  0.0676507  ,  1.02124e-50,  2.11575e-21,  0.0242264  ])
170543  , -1632.54    , array([ 1.43652    ,  0.0676507  ,  1.02124e-50,  2.11575e-21,  0.0242264  ])
170544  , -1632.54    , array([ 1.43796    ,  0.0676507  ,  1.02124e-50,  2.11575e-21,  0.0242264  ])
170545  , -1632.54    , array([ 1.43652    ,  0.0677184  ,  1.02124e-50,  2.11575e-21,  0.0242264  ])
170546  , -1632.54    , array([ 1.43652    ,  0.0676507  ,  1.02226e-50,  2.11575e-21,  0.0242264  ])
170547  , -1632.54    , array([ 1.43652    ,  0.0676507  ,  1.02124e-50,  2.11787e-21,  0.0242264  ])
170548  , -1632.54    , array([ 1.43652    ,  0.0676507  ,  1.02124e-50,  2.11575e-21,  0.0242506  ])
170549  , -1632.54    , array([ 1.43652    ,  0.0676507  ,  1.02124e-50,  2.11575e-21,  0.0242264  ])
170550  , -1632.54    , array([ 1.43652    ,  0.0676507  ,  1.02124e-50,  2.11575e-21,  0.0242264  ])
170551  , -1632.54    , array([ 1.43796    ,  0.0676507  ,  1.02124e-50,  2.11575e-21,  0.0242264  ])
170552  , -1632.54    , array([ 1.43652    ,  0.0677184  ,  1.02124e-50,  2.11575e-21,  0.0242264  ])
170553  , -1632.54    , array([ 1.43652    ,  0.0676507  ,  1.02226e-50,  2.11575e-21,  0.0242264  ])
170554  , -1632.54    , array([ 1.43652    ,  0.0676507  ,  1.02124e-50,  2.11787e-21,  0.0242264  ])
170555  , -1632.54    , array([ 1.43652    ,  0.0676507  ,  1.02124e-50,  2.11575e-21,  0.0242506  ])
170556  , -1632.54    , array([ 1.43651    ,  0.0676507  ,  1.02124e-50,  2.11575e-21,  0.0242263  ])
170557  , -1632.54    , array([ 1.43651    ,  0.0676507  ,  1.02124e-50,  2.11575e-21,  0.0242264  ])
170558  , -1632.54    , array([ 1.43652    ,  0.0676507  ,  1.02124e-50,  2.11575e-21,  0.0242264  ])
170559  , -1632.54    , array([ 1.43652    ,  0.0676507  ,  1.02124e-50,  2.11575e-21,  0.0242264  ])
170560  , -1632.54    , array([ 1.43652    ,  0.0676507  ,  1.02124e-50,  2.11575e-21,  0.0242264  ])
170561  , -1632.54    , array([ 1.43652    ,  0.0676507  ,  1.02124e-50,  2.11575e-21,  0.0242264  ])
170562  , -1632.54    , array([ 1.43652    ,  0.0676507  ,  1.02124e-50,  2.11575e-21,  0.0242264  ])
170563  , -1632.54    , array([ 1.43652    ,  0.0676507  ,  1.02124e-50,  2.11575e-21,  0.0242264  ])
170564  , -1632.54    , array([ 1.43652    ,  0.0676507  ,  1.02124e-50,  2.11575e-21,  0.0242264  ])
170565  , -1632.54    , array([ 1.43652    ,  0.0676507  ,  1.02124e-50,  2.11575e-21,  0.0242264  ])
170566  , -1632.54    , array([ 1.43652    ,  0.0676507  ,  1.02124e-50,  2.11575e-21,  0.0242264  ])
170567  , -1632.54    , array([ 1.43652    ,  0.0676507  ,  1.02124e-50,  2.11575e-21,  0.0242264  ])
