332251  , -74453.9    , array([ 0.0628087  ,  0.0577469  ,  8.49188e-34,  2.57946e-20,  0.0599782  ])
332252  , -74396.5    , array([ 0.0628716  ,  0.0577469  ,  8.49188e-34,  2.57946e-20,  0.0599782  ])
332253  , -74435.4    , array([ 0.0628087  ,  0.0578047  ,  8.49188e-34,  2.57946e-20,  0.0599782  ])
332254  , -74453.9    , array([ 0.0628087  ,  0.0577469  ,  8.50037e-34,  2.57946e-20,  0.0599782  ])
332255  , -74453.9    , array([ 0.0628087  ,  0.0577469  ,  8.49188e-34,  2.58204e-20,  0.0599782  ])
332256  , -74522.7    , array([ 0.0628087  ,  0.0577469  ,  8.49188e-34,  2.57946e-20,  0.0600382  ])
332257  , -74453.9    , array([ 0.0628087  ,  0.0577469  ,  8.49188e-34,  2.57946e-20,  0.0599782  ])
332258  , -17538      , array([ 0.118408   ,  0.0707892  ,  8.49188e-34,  2.57946e-20,  0.0280678  ])
332259  , -17538      , array([ 0.118408   ,  0.0707892  ,  8.49188e-34,  2.57946e-20,  0.0280678  ])
332260  , -17515.8    , array([ 0.118526   ,  0.0707892  ,  8.49188e-34,  2.57946e-20,  0.0280678  ])
332261  , -17538.6    , array([ 0.118408   ,  0.0708601  ,  8.49188e-34,  2.57946e-20,  0.0280678  ])
332262  , -17538      , array([ 0.118408   ,  0.0707892  ,  8.50037e-34,  2.57946e-20,  0.0280678  ])
332263  , -17538      , array([ 0.118408   ,  0.0707892  ,  8.49188e-34,  2.58204e-20,  0.0280678  ])
332264  , -17557.1    , array([ 0.118408   ,  0.0707892  ,  8.49188e-34,  2.57946e-20,  0.0280958  ])
332272  , -17516.1    , array([ 0.118554   ,  0.0706879  ,  8.49188e-34,  2.57946e-20,  0.028077   ])
332273  , -17516.1    , array([ 0.118554   ,  0.0706879  ,  8.49188e-34,  2.57946e-20,  0.028077   ])
332274  , -17493.8    , array([ 0.118673   ,  0.0706879  ,  8.49188e-34,  2.57946e-20,  0.028077   ])
332275  , -17516.5    , array([ 0.118554   ,  0.0707587  ,  8.49188e-34,  2.57946e-20,  0.028077   ])
332276  , -17516.1    , array([ 0.118554   ,  0.0706879  ,  8.50037e-34,  2.57946e-20,  0.028077   ])
332277  , -17516.1    , array([ 0.118554   ,  0.0706879  ,  8.49188e-34,  2.58204e-20,  0.028077   ])
332278  , -17535.2    , array([ 0.118554   ,  0.0706879  ,  8.49188e-34,  2.57946e-20,  0.0281051  ])
332279  , -16876.3    , array([ 0.123322   ,  0.0675313  ,  8.49188e-34,  2.57946e-20,  0.0283721  ])
332280  , -16876.3    , array([ 0.123322   ,  0.0675313  ,  8.49188e-34,  2.57946e-20,  0.0283721  ])
332281  , -16855.1    , array([ 0.123445   ,  0.0675313  ,  8.49188e-34,  2.57946e-20,  0.0283721  ])
332282  , -16875.2    , array([ 0.123322   ,  0.0675988  ,  8.49188e-34,  2.57946e-20,  0.0283721  ])
332283  , -16876.3    , array([ 0.123322   ,  0.0675313  ,  8.50037e-34,  2.57946e-20,  0.0283721  ])
332284  , -16876.3    , array([ 0.123322   ,  0.0675313  ,  8.49188e-34,  2.58204e-20,  0.0283721  ])
332285  , -16896      , array([ 0.123322   ,  0.0675313  ,  8.49188e-34,  2.57946e-20,  0.0284005  ])
332286  , -32536      , array([ 1.73568    ,  1.1971     ,  8.49188e-34,  2.57946e-20,  0.534123   ])
332287  , -32536      , array([ 1.73568    ,  1.1971     ,  8.49188e-34,  2.57946e-20,  0.534123   ])
332288  , -32519.5    , array([ 1.73742    ,  1.1971     ,  8.49188e-34,  2.57946e-20,  0.534123   ])
332289  , -32535.5    , array([ 1.73568    ,  1.1983     ,  8.49188e-34,  2.57946e-20,  0.534123   ])
332290  , -32536      , array([ 1.73568    ,  1.1971     ,  8.50037e-34,  2.57946e-20,  0.534123   ])
332291  , -32536      , array([ 1.73568    ,  1.1971     ,  8.49188e-34,  2.58204e-20,  0.534123   ])
332292  , -32570.3    , array([ 1.73568    ,  1.1971     ,  8.49188e-34,  2.57946e-20,  0.534658   ])
332293  , -16637      , array([ 0.181716   ,  0.102931   ,  8.49188e-34,  2.57946e-20,  0.0436277  ])
332294  , -16637      , array([ 0.181716   ,  0.102931   ,  8.49188e-34,  2.57946e-20,  0.0436277  ])
332295  , -16615.9    , array([ 0.181898   ,  0.102931   ,  8.49188e-34,  2.57946e-20,  0.0436277  ])
332296  , -16635.8    , array([ 0.181716   ,  0.103034   ,  8.49188e-34,  2.57946e-20,  0.0436277  ])
332297  , -16637      , array([ 0.181716   ,  0.102931   ,  8.50037e-34,  2.57946e-20,  0.0436277  ])
332298  , -16637      , array([ 0.181716   ,  0.102931   ,  8.49188e-34,  2.58204e-20,  0.0436277  ])
332299  , -16656.6    , array([ 0.181716   ,  0.102931   ,  8.49188e-34,  2.57946e-20,  0.0436713  ])
332300  , -16524.1    , array([ 0.238206   ,  0.138154   ,  8.49188e-34,  2.57946e-20,  0.0589187  ])
332301  , -16524.1    , array([ 0.238206   ,  0.138154   ,  8.49188e-34,  2.57946e-20,  0.0589187  ])
332302  , -16503.3    , array([ 0.238444   ,  0.138154   ,  8.49188e-34,  2.57946e-20,  0.0589187  ])
332303  , -16522.9    , array([ 0.238206   ,  0.138292   ,  8.49188e-34,  2.57946e-20,  0.0589187  ])
332304  , -16524.1    , array([ 0.238206   ,  0.138154   ,  8.50037e-34,  2.57946e-20,  0.0589187  ])
332305  , -16524.1    , array([ 0.238206   ,  0.138154   ,  8.49188e-34,  2.58204e-20,  0.0589187  ])
332306  , -16544      , array([ 0.238206   ,  0.138154   ,  8.49188e-34,  2.57946e-20,  0.0589776  ])
332307  , -15826.3    , array([ 0.238944   ,  0.134398   ,  8.49188e-34,  2.57946e-20,  0.0569303  ])
332308  , -15826.3    , array([ 0.238944   ,  0.134398   ,  8.49188e-34,  2.57946e-20,  0.0569303  ])
332309  , -15806.3    , array([ 0.239183   ,  0.134398   ,  8.49188e-34,  2.57946e-20,  0.0569303  ])
332310  , -15825      , array([ 0.238944   ,  0.134532   ,  8.49188e-34,  2.57946e-20,  0.0569303  ])
332311  , -15826.3    , array([ 0.238944   ,  0.134398   ,  8.50037e-34,  2.57946e-20,  0.0569303  ])
332312  , -15826.3    , array([ 0.238944   ,  0.134398   ,  8.49188e-34,  2.58204e-20,  0.0569303  ])
332313  , -15845.6    , array([ 0.238944   ,  0.134398   ,  8.49188e-34,  2.57946e-20,  0.0569872  ])
332314  , -13278.6    , array([ 0.241918   ,  0.120368   ,  8.49188e-34,  2.57946e-20,  0.0496253  ])
332315  , -13278.6    , array([ 0.241918   ,  0.120368   ,  8.49188e-34,  2.57946e-20,  0.0496253  ])
332316  , -13261.3    , array([ 0.24216    ,  0.120368   ,  8.49188e-34,  2.57946e-20,  0.0496253  ])
332317  , -13277.3    , array([ 0.241918   ,  0.120488   ,  8.49188e-34,  2.57946e-20,  0.0496253  ])
332318  , -13278.6    , array([ 0.241918   ,  0.120368   ,  8.50037e-34,  2.57946e-20,  0.0496253  ])
332319  , -13278.6    , array([ 0.241918   ,  0.120368   ,  8.49188e-34,  2.58204e-20,  0.0496253  ])
332320  , -13295.3    , array([ 0.241918   ,  0.120368   ,  8.49188e-34,  2.57946e-20,  0.0496749  ])
332321  , -8276.5     , array([ 0.49683    ,  0.194629   ,  8.49188e-34,  2.57946e-20,  0.073585   ])
332322  , -8276.5     , array([ 0.49683    ,  0.194629   ,  8.49188e-34,  2.57946e-20,  0.073585   ])
332323  , -8265.89    , array([ 0.497327   ,  0.194629   ,  8.49188e-34,  2.57946e-20,  0.073585   ])
332324  , -8276.32    , array([ 0.49683    ,  0.194824   ,  8.49188e-34,  2.57946e-20,  0.073585   ])
332325  , -8276.5     , array([ 0.49683    ,  0.194629   ,  8.50037e-34,  2.57946e-20,  0.073585   ])
332326  , -8276.5     , array([ 0.49683    ,  0.194629   ,  8.49188e-34,  2.58204e-20,  0.073585   ])
332327  , -8287.49    , array([ 0.49683    ,  0.194629   ,  8.49188e-34,  2.57946e-20,  0.0736586  ])
332328  , -3880.28    , array([ 0.145852   ,  0.027421   ,  8.49188e-34,  2.57946e-20,  0.00869907 ])
332329  , -3880.28    , array([ 0.145852   ,  0.027421   ,  8.49188e-34,  2.57946e-20,  0.00869907 ])
332330  , -3876.48    , array([ 0.145998   ,  0.027421   ,  8.49188e-34,  2.57946e-20,  0.00869907 ])
332331  , -3882.82    , array([ 0.145852   ,  0.0274484  ,  8.49188e-34,  2.57946e-20,  0.00869907 ])
332332  , -3880.28    , array([ 0.145852   ,  0.027421   ,  8.50037e-34,  2.57946e-20,  0.00869907 ])
332333  , -3880.28    , array([ 0.145852   ,  0.027421   ,  8.49188e-34,  2.58204e-20,  0.00869907 ])
332334  , -3880.9     , array([ 0.145852   ,  0.027421   ,  8.49188e-34,  2.57946e-20,  0.00870778 ])
332335  , -3086.84    , array([ 0.160656   ,  0.0217647  ,  8.49188e-34,  2.57946e-20,  0.00742737 ])
332336  , -3086.84    , array([ 0.160656   ,  0.0217647  ,  8.49188e-34,  2.57946e-20,  0.00742737 ])
332337  , -3084.42    , array([ 0.160817   ,  0.0217647  ,  8.49188e-34,  2.57946e-20,  0.00742737 ])
332338  , -3087.29    , array([ 0.160656   ,  0.0217865  ,  8.49188e-34,  2.57946e-20,  0.00742737 ])
332339  , -3086.84    , array([ 0.160656   ,  0.0217647  ,  8.50037e-34,  2.57946e-20,  0.00742737 ])
332340  , -3086.84    , array([ 0.160656   ,  0.0217647  ,  8.49188e-34,  2.58204e-20,  0.00742737 ])
332341  , -3088.26    , array([ 0.160656   ,  0.0217647  ,  8.49188e-34,  2.57946e-20,  0.0074348  ])
332342  , -2476.99    , array([ 0.222029   ,  0.0202518  ,  8.49188e-34,  2.57946e-20,  0.0071114  ])
332343  , -2476.99    , array([ 0.222029   ,  0.0202518  ,  8.49188e-34,  2.57946e-20,  0.0071114  ])
332344  , -2475.84    , array([ 0.222251   ,  0.0202518  ,  8.49188e-34,  2.57946e-20,  0.0071114  ])
332345  , -2476.59    , array([ 0.222029   ,  0.020272   ,  8.49188e-34,  2.57946e-20,  0.0071114  ])
332346  , -2476.99    , array([ 0.222029   ,  0.0202518  ,  8.50037e-34,  2.57946e-20,  0.0071114  ])
332347  , -2476.99    , array([ 0.222029   ,  0.0202518  ,  8.49188e-34,  2.58204e-20,  0.0071114  ])
332348  , -2478.08    , array([ 0.222029   ,  0.0202518  ,  8.49188e-34,  2.57946e-20,  0.00711852 ])
332349  , -2097.85    , array([ 0.388713   ,  0.0262456  ,  8.49188e-34,  2.57946e-20,  0.00923248 ])
332350  , -2097.85    , array([ 0.388713   ,  0.0262456  ,  8.49188e-34,  2.57946e-20,  0.00923248 ])
332351  , -2097.31    , array([ 0.389101   ,  0.0262456  ,  8.49188e-34,  2.57946e-20,  0.00923248 ])
332352  , -2097.57    , array([ 0.388713   ,  0.0262718  ,  8.49188e-34,  2.57946e-20,  0.00923248 ])
332353  , -2097.85    , array([ 0.388713   ,  0.0262456  ,  8.50037e-34,  2.57946e-20,  0.00923248 ])
332354  , -2097.85    , array([ 0.388713   ,  0.0262456  ,  8.49188e-34,  2.58204e-20,  0.00923248 ])
332355  , -2098.2     , array([ 0.388713   ,  0.0262456  ,  8.49188e-34,  2.57946e-20,  0.00924172 ])
332356  , -1643.01    , array([ 1.7926     ,  0.0726809  ,  8.49188e-34,  2.57946e-20,  0.0260654  ])
332357  , -1643.01    , array([ 1.7926     ,  0.0726809  ,  8.49188e-34,  2.57946e-20,  0.0260654  ])
332358  , -1643.1     , array([ 1.7944     ,  0.0726809  ,  8.49188e-34,  2.57946e-20,  0.0260654  ])
332359  , -1643.09    , array([ 1.7926     ,  0.0727536  ,  8.49188e-34,  2.57946e-20,  0.0260654  ])
332360  , -1643.01    , array([ 1.7926     ,  0.0726809  ,  8.50037e-34,  2.57946e-20,  0.0260654  ])
332361  , -1643.01    , array([ 1.7926     ,  0.0726809  ,  8.49188e-34,  2.58204e-20,  0.0260654  ])
332362  , -1643       , array([ 1.7926     ,  0.0726809  ,  8.49188e-34,  2.57946e-20,  0.0260915  ])
332363  , -1651.31    , array([ 1.29362    ,  0.0577524  ,  8.49188e-34,  2.57946e-20,  0.0206157  ])
332364  , -1651.31    , array([ 1.29362    ,  0.0577524  ,  8.49188e-34,  2.57946e-20,  0.0206157  ])
332365  , -1651.29    , array([ 1.29492    ,  0.0577524  ,  8.49188e-34,  2.57946e-20,  0.0206157  ])
332366  , -1651.27    , array([ 1.29362    ,  0.0578102  ,  8.49188e-34,  2.57946e-20,  0.0206157  ])
332367  , -1651.31    , array([ 1.29362    ,  0.0577524  ,  8.50037e-34,  2.57946e-20,  0.0206157  ])
332368  , -1651.31    , array([ 1.29362    ,  0.0577524  ,  8.49188e-34,  2.58204e-20,  0.0206157  ])
332369  , -1651.19    , array([ 1.29362    ,  0.0577524  ,  8.49188e-34,  2.57946e-20,  0.0206363  ])
332370  , -1635.94    , array([ 1.59489    ,  0.0669347  ,  8.49188e-34,  2.57946e-20,  0.0239648  ])
332371  , -1635.94    , array([ 1.59489    ,  0.0669347  ,  8.49188e-34,  2.57946e-20,  0.0239648  ])
332372  , -1635.99    , array([ 1.59649    ,  0.0669347  ,  8.49188e-34,  2.57946e-20,  0.0239648  ])
332373  , -1635.97    , array([ 1.59489    ,  0.0670017  ,  8.49188e-34,  2.57946e-20,  0.0239648  ])
332374  , -1635.94    , array([ 1.59489    ,  0.0669347  ,  8.50037e-34,  2.57946e-20,  0.0239648  ])
332375  , -1635.94    , array([ 1.59489    ,  0.0669347  ,  8.49188e-34,  2.58204e-20,  0.0239648  ])
332376  , -1635.87    , array([ 1.59489    ,  0.0669347  ,  8.49188e-34,  2.57946e-20,  0.0239887  ])
332377  , -1635.34    , array([ 1.52812    ,  0.0656605  ,  8.49188e-34,  2.57946e-20,  0.0235215  ])
332378  , -1635.34    , array([ 1.52812    ,  0.0656605  ,  8.49188e-34,  2.57946e-20,  0.0235215  ])
332379  , -1635.38    , array([ 1.52964    ,  0.0656605  ,  8.49188e-34,  2.57946e-20,  0.0235215  ])
332380  , -1635.33    , array([ 1.52812    ,  0.0657262  ,  8.49188e-34,  2.57946e-20,  0.0235215  ])
332381  , -1635.34    , array([ 1.52812    ,  0.0656605  ,  8.50037e-34,  2.57946e-20,  0.0235215  ])
332382  , -1635.34    , array([ 1.52812    ,  0.0656605  ,  8.49188e-34,  2.58204e-20,  0.0235215  ])
332383  , -1635.3     , array([ 1.52812    ,  0.0656605  ,  8.49188e-34,  2.57946e-20,  0.0235451  ])
332384  , -1634.66    , array([ 1.47366    ,  0.0653632  ,  8.49188e-34,  2.57946e-20,  0.0234174  ])
332385  , -1634.66    , array([ 1.47366    ,  0.0653632  ,  8.49188e-34,  2.57946e-20,  0.0234174  ])
332386  , -1634.68    , array([ 1.47513    ,  0.0653632  ,  8.49188e-34,  2.57946e-20,  0.0234174  ])
332387  , -1634.63    , array([ 1.47366    ,  0.0654286  ,  8.49188e-34,  2.57946e-20,  0.0234174  ])
332388  , -1634.66    , array([ 1.47366    ,  0.0653632  ,  8.50037e-34,  2.57946e-20,  0.0234174  ])
332389  , -1634.66    , array([ 1.47366    ,  0.0653632  ,  8.49188e-34,  2.58204e-20,  0.0234174  ])
332390  , -1634.63    , array([ 1.47366    ,  0.0653632  ,  8.49188e-34,  2.57946e-20,  0.0234408  ])
332391  , -1633.61    , array([ 1.42721    ,  0.0660325  ,  8.49188e-34,  2.57946e-20,  0.0236542  ])
332392  , -1633.61    , array([ 1.42721    ,  0.0660325  ,  8.49188e-34,  2.57946e-20,  0.0236542  ])
332393  , -1633.61    , array([ 1.42864    ,  0.0660325  ,  8.49188e-34,  2.57946e-20,  0.0236542  ])
332394  , -1633.58    , array([ 1.42721    ,  0.0660986  ,  8.49188e-34,  2.57946e-20,  0.0236542  ])
332395  , -1633.61    , array([ 1.42721    ,  0.0660325  ,  8.50037e-34,  2.57946e-20,  0.0236542  ])
332396  , -1633.61    , array([ 1.42721    ,  0.0660325  ,  8.49188e-34,  2.58204e-20,  0.0236542  ])
332397  , -1633.6     , array([ 1.42721    ,  0.0660325  ,  8.49188e-34,  2.57946e-20,  0.0236778  ])
332398  , -1632.83    , array([ 1.42343    ,  0.0671083  ,  8.49188e-34,  2.57946e-20,  0.024035   ])
332399  , -1632.83    , array([ 1.42343    ,  0.0671083  ,  8.49188e-34,  2.57946e-20,  0.024035   ])
332400  , -1632.82    , array([ 1.42485    ,  0.0671083  ,  8.49188e-34,  2.57946e-20,  0.024035   ])
332401  , -1632.81    , array([ 1.42343    ,  0.0671755  ,  8.49188e-34,  2.57946e-20,  0.024035   ])
332402  , -1632.83    , array([ 1.42343    ,  0.0671083  ,  8.50037e-34,  2.57946e-20,  0.024035   ])
332403  , -1632.83    , array([ 1.42343    ,  0.0671083  ,  8.49188e-34,  2.58204e-20,  0.024035   ])
332404  , -1632.83    , array([ 1.42343    ,  0.0671083  ,  8.49188e-34,  2.57946e-20,  0.0240591  ])
332405  , -1632.54    , array([ 1.43447    ,  0.0676358  ,  8.49188e-34,  2.57946e-20,  0.0242214  ])
332406  , -1632.54    , array([ 1.43447    ,  0.0676358  ,  8.49188e-34,  2.57946e-20,  0.0242214  ])
332407  , -1632.54    , array([ 1.43591    ,  0.0676358  ,  8.49188e-34,  2.57946e-20,  0.0242214  ])
332408  , -1632.54    , array([ 1.43447    ,  0.0677035  ,  8.49188e-34,  2.57946e-20,  0.0242214  ])
332409  , -1632.54    , array([ 1.43447    ,  0.0676358  ,  8.50037e-34,  2.57946e-20,  0.0242214  ])
332410  , -1632.54    , array([ 1.43447    ,  0.0676358  ,  8.49188e-34,  2.58204e-20,  0.0242214  ])
332411  , -1632.54    , array([ 1.43447    ,  0.0676358  ,  8.49188e-34,  2.57946e-20,  0.0242456  ])
332412  , -1632.53    , array([ 1.43642    ,  0.0676523  ,  8.49188e-34,  2.57946e-20,  0.0242269  ])
332413  , -1632.53    , array([ 1.43642    ,  0.0676523  ,  8.49188e-34,  2.57946e-20,  0.0242269  ])
332414  , -1632.53    , array([ 1.43786    ,  0.0676523  ,  8.49188e-34,  2.57946e-20,  0.0242269  ])
332415  , -1632.53    , array([ 1.43642    ,  0.06772    ,  8.49188e-34,  2.57946e-20,  0.0242269  ])
332416  , -1632.53    , array([ 1.43642    ,  0.0676523  ,  8.50037e-34,  2.57946e-20,  0.0242269  ])
332417  , -1632.53    , array([ 1.43642    ,  0.0676523  ,  8.49188e-34,  2.58204e-20,  0.0242269  ])
332418  , -1632.53    , array([ 1.43642    ,  0.0676523  ,  8.49188e-34,  2.57946e-20,  0.0242512  ])
332419  , -1632.54    , array([ 1.43651    ,  0.0676507  ,  8.49188e-34,  2.57946e-20,  0.0242264  ])
332420  , -1632.54    , array([ 1.43651    ,  0.0676507  ,  8.49188e-34,  2.57946e-20,  0.0242264  ])
332421  , -1632.54    , array([ 1.43795    ,  0.0676507  ,  8.49188e-34,  2.57946e-20,  0.0242264  ])
332422  , -1632.54    , array([ 1.43651    ,  0.0677184  ,  8.49188e-34,  2.57946e-20,  0.0242264  ])
332423  , -1632.54    , array([ 1.43651    ,  0.0676507  ,  8.50037e-34,  2.57946e-20,  0.0242264  ])
332424  , -1632.54    , array([ 1.43651    ,  0.0676507  ,  8.49188e-34,  2.58204e-20,  0.0242264  ])
332425  , -1632.54    , array([ 1.43651    ,  0.0676507  ,  8.49188e-34,  2.57946e-20,  0.0242506  ])
332426  , -1632.53    , array([ 1.43642    ,  0.0676523  ,  8.49188e-34,  2.57946e-20,  0.0242269  ])
332427  , -1632.53    , array([ 1.43642    ,  0.0676523  ,  8.49188e-34,  2.57946e-20,  0.0242269  ])
332428  , -1632.53    , array([ 1.43786    ,  0.0676523  ,  8.49188e-34,  2.57946e-20,  0.0242269  ])
332429  , -1632.53    , array([ 1.43642    ,  0.06772    ,  8.49188e-34,  2.57946e-20,  0.0242269  ])
332430  , -1632.53    , array([ 1.43642    ,  0.0676523  ,  8.50037e-34,  2.57946e-20,  0.0242269  ])
332431  , -1632.53    , array([ 1.43642    ,  0.0676523  ,  8.49188e-34,  2.58204e-20,  0.0242269  ])
332432  , -1632.53    , array([ 1.43642    ,  0.0676523  ,  8.49188e-34,  2.57946e-20,  0.0242512  ])
332433  , -1632.53    , array([ 1.43642    ,  0.0676523  ,  8.49188e-34,  2.57946e-20,  0.0242269  ])
332434  , -1632.53    , array([ 1.43642    ,  0.0676523  ,  8.49188e-34,  2.57946e-20,  0.0242269  ])
332435  , -1632.53    , array([ 1.43786    ,  0.0676523  ,  8.49188e-34,  2.57946e-20,  0.0242269  ])
332436  , -1632.53    , array([ 1.43642    ,  0.06772    ,  8.49188e-34,  2.57946e-20,  0.0242269  ])
332437  , -1632.53    , array([ 1.43642    ,  0.0676523  ,  8.50037e-34,  2.57946e-20,  0.0242269  ])
332438  , -1632.53    , array([ 1.43642    ,  0.0676523  ,  8.49188e-34,  2.58204e-20,  0.0242269  ])
332439  , -1632.53    , array([ 1.43642    ,  0.0676523  ,  8.49188e-34,  2.57946e-20,  0.0242512  ])
332440  , -1632.53    , array([ 1.43642    ,  0.0676523  ,  8.49188e-34,  2.57946e-20,  0.0242269  ])
332441  , -1632.53    , array([ 1.43642    ,  0.0676523  ,  8.49188e-34,  2.57946e-20,  0.0242269  ])
332442  , -1632.53    , array([ 1.43786    ,  0.0676523  ,  8.49188e-34,  2.57946e-20,  0.0242269  ])
332443  , -1632.53    , array([ 1.43642    ,  0.06772    ,  8.49188e-34,  2.57946e-20,  0.0242269  ])
332444  , -1632.53    , array([ 1.43642    ,  0.0676523  ,  8.50037e-34,  2.57946e-20,  0.0242269  ])
332445  , -1632.53    , array([ 1.43642    ,  0.0676523  ,  8.49188e-34,  2.58204e-20,  0.0242269  ])
332446  , -1632.53    , array([ 1.43642    ,  0.0676523  ,  8.49188e-34,  2.57946e-20,  0.0242512  ])
332447  , -1632.53    , array([ 1.43642    ,  0.0676523  ,  8.49188e-34,  2.57946e-20,  0.0242269  ])
332448  , -1632.53    , array([ 1.43642    ,  0.0676523  ,  8.49188e-34,  2.57946e-20,  0.0242269  ])
332449  , -1632.53    , array([ 1.43786    ,  0.0676523  ,  8.49188e-34,  2.57946e-20,  0.0242269  ])
332450  , -1632.53    , array([ 1.43642    ,  0.06772    ,  8.49188e-34,  2.57946e-20,  0.0242269  ])
332451  , -1632.53    , array([ 1.43642    ,  0.0676523  ,  8.50037e-34,  2.57946e-20,  0.0242269  ])
332452  , -1632.53    , array([ 1.43642    ,  0.0676523  ,  8.49188e-34,  2.58204e-20,  0.0242269  ])
332453  , -1632.53    , array([ 1.43642    ,  0.0676523  ,  8.49188e-34,  2.57946e-20,  0.0242512  ])
332454  , -1632.53    , array([ 1.43642    ,  0.0676523  ,  8.49188e-34,  2.57946e-20,  0.0242269  ])
332455  , -1632.53    , array([ 1.43642    ,  0.0676523  ,  8.49188e-34,  2.57946e-20,  0.0242269  ])
332456  , -1632.53    , array([ 1.43786    ,  0.0676523  ,  8.49188e-34,  2.57946e-20,  0.0242269  ])
332457  , -1632.53    , array([ 1.43642    ,  0.06772    ,  8.49188e-34,  2.57946e-20,  0.0242269  ])
332458  , -1632.53    , array([ 1.43642    ,  0.0676523  ,  8.50037e-34,  2.57946e-20,  0.0242269  ])
332459  , -1632.53    , array([ 1.43642    ,  0.0676523  ,  8.49188e-34,  2.58204e-20,  0.0242269  ])
332460  , -1632.53    , array([ 1.43642    ,  0.0676523  ,  8.49188e-34,  2.57946e-20,  0.0242512  ])
332461  , -1632.53    , array([ 1.43642    ,  0.0676523  ,  8.49188e-34,  2.57946e-20,  0.0242269  ])
332462  , -1632.53    , array([ 1.43642    ,  0.0676523  ,  8.49188e-34,  2.57946e-20,  0.0242269  ])
332463  , -1632.53    , array([ 1.43786    ,  0.0676523  ,  8.49188e-34,  2.57946e-20,  0.0242269  ])
332464  , -1632.53    , array([ 1.43642    ,  0.06772    ,  8.49188e-34,  2.57946e-20,  0.0242269  ])
332465  , -1632.53    , array([ 1.43642    ,  0.0676523  ,  8.50037e-34,  2.57946e-20,  0.0242269  ])
332466  , -1632.53    , array([ 1.43642    ,  0.0676523  ,  8.49188e-34,  2.58204e-20,  0.0242269  ])
332467  , -1632.53    , array([ 1.43642    ,  0.0676523  ,  8.49188e-34,  2.57946e-20,  0.0242512  ])
332468  , -1632.53    , array([ 1.43642    ,  0.0676523  ,  8.49188e-34,  2.57946e-20,  0.0242269  ])
332469  , -1632.53    , array([ 1.43642    ,  0.0676523  ,  8.49188e-34,  2.57946e-20,  0.0242269  ])
332470  , -1632.53    , array([ 1.43786    ,  0.0676523  ,  8.49188e-34,  2.57946e-20,  0.0242269  ])
332471  , -1632.53    , array([ 1.43642    ,  0.06772    ,  8.49188e-34,  2.57946e-20,  0.0242269  ])
332472  , -1632.53    , array([ 1.43642    ,  0.0676523  ,  8.50037e-34,  2.57946e-20,  0.0242269  ])
332473  , -1632.53    , array([ 1.43642    ,  0.0676523  ,  8.49188e-34,  2.58204e-20,  0.0242269  ])
332474  , -1632.53    , array([ 1.43642    ,  0.0676523  ,  8.49188e-34,  2.57946e-20,  0.0242512  ])
332475  , -1632.53    , array([ 1.43642    ,  0.0676523  ,  8.49188e-34,  2.57946e-20,  0.0242269  ])
332476  , -1632.53    , array([ 1.43642    ,  0.0676523  ,  8.49188e-34,  2.57946e-20,  0.0242269  ])
332477  , -1632.53    , array([ 1.43786    ,  0.0676523  ,  8.49188e-34,  2.57946e-20,  0.0242269  ])
332478  , -1632.53    , array([ 1.43642    ,  0.06772    ,  8.49188e-34,  2.57946e-20,  0.0242269  ])
332479  , -1632.53    , array([ 1.43642    ,  0.0676523  ,  8.50037e-34,  2.57946e-20,  0.0242269  ])
332480  , -1632.53    , array([ 1.43642    ,  0.0676523  ,  8.49188e-34,  2.58204e-20,  0.0242269  ])
332481  , -1632.53    , array([ 1.43642    ,  0.0676523  ,  8.49188e-34,  2.57946e-20,  0.0242512  ])
332482  , -1632.53    , array([ 1.43642    ,  0.0676523  ,  8.49188e-34,  2.57946e-20,  0.0242269  ])
332483  , -1632.53    , array([ 1.43642    ,  0.0676523  ,  8.49188e-34,  2.57946e-20,  0.0242269  ])
332484  , -1632.53    , array([ 1.43786    ,  0.0676523  ,  8.49188e-34,  2.57946e-20,  0.0242269  ])
332485  , -1632.53    , array([ 1.43642    ,  0.06772    ,  8.49188e-34,  2.57946e-20,  0.0242269  ])
332486  , -1632.53    , array([ 1.43642    ,  0.0676523  ,  8.50037e-34,  2.57946e-20,  0.0242269  ])
332487  , -1632.53    , array([ 1.43642    ,  0.0676523  ,  8.49188e-34,  2.58204e-20,  0.0242269  ])
332488  , -1632.53    , array([ 1.43642    ,  0.0676523  ,  8.49188e-34,  2.57946e-20,  0.0242512  ])
332489  , -1632.53    , array([ 1.43642    ,  0.0676523  ,  8.49188e-34,  2.57946e-20,  0.0242269  ])
332490  , -1632.53    , array([ 1.43642    ,  0.0676523  ,  8.49188e-34,  2.57946e-20,  0.0242269  ])
332491  , -1632.53    , array([ 1.43786    ,  0.0676523  ,  8.49188e-34,  2.57946e-20,  0.0242269  ])
332492  , -1632.53    , array([ 1.43642    ,  0.06772    ,  8.49188e-34,  2.57946e-20,  0.0242269  ])
332493  , -1632.53    , array([ 1.43642    ,  0.0676523  ,  8.50037e-34,  2.57946e-20,  0.0242269  ])
332494  , -1632.53    , array([ 1.43642    ,  0.0676523  ,  8.49188e-34,  2.58204e-20,  0.0242269  ])
332495  , -1632.53    , array([ 1.43642    ,  0.0676523  ,  8.49188e-34,  2.57946e-20,  0.0242512  ])
332496  , -1632.53    , array([ 1.43642    ,  0.0676523  ,  8.49188e-34,  2.57946e-20,  0.0242269  ])
332497  , -1632.53    , array([ 1.43642    ,  0.0676523  ,  8.49188e-34,  2.57946e-20,  0.0242269  ])
332498  , -1632.53    , array([ 1.43786    ,  0.0676523  ,  8.49188e-34,  2.57946e-20,  0.0242269  ])
332499  , -1632.53    , array([ 1.43642    ,  0.06772    ,  8.49188e-34,  2.57946e-20,  0.0242269  ])
332500  , -1632.53    , array([ 1.43642    ,  0.0676523  ,  8.50037e-34,  2.57946e-20,  0.0242269  ])
332501  , -1632.53    , array([ 1.43642    ,  0.0676523  ,  8.49188e-34,  2.58204e-20,  0.0242269  ])
332502  , -1632.53    , array([ 1.43642    ,  0.0676523  ,  8.49188e-34,  2.57946e-20,  0.0242512  ])
332503  , -1632.53    , array([ 1.43642    ,  0.0676523  ,  8.49188e-34,  2.57946e-20,  0.0242269  ])
332504  , -1632.53    , array([ 1.43642    ,  0.0676523  ,  8.49188e-34,  2.57946e-20,  0.0242269  ])
332505  , -1632.53    , array([ 1.43786    ,  0.0676523  ,  8.49188e-34,  2.57946e-20,  0.0242269  ])
332506  , -1632.53    , array([ 1.43642    ,  0.06772    ,  8.49188e-34,  2.57946e-20,  0.0242269  ])
332507  , -1632.53    , array([ 1.43642    ,  0.0676523  ,  8.50037e-34,  2.57946e-20,  0.0242269  ])
332508  , -1632.53    , array([ 1.43642    ,  0.0676523  ,  8.49188e-34,  2.58204e-20,  0.0242269  ])
332509  , -1632.53    , array([ 1.43642    ,  0.0676523  ,  8.49188e-34,  2.57946e-20,  0.0242512  ])
332510  , -1632.53    , array([ 1.43642    ,  0.0676523  ,  8.49188e-34,  2.57946e-20,  0.0242269  ])
332511  , -1632.53    , array([ 1.43642    ,  0.0676523  ,  8.49188e-34,  2.57946e-20,  0.0242269  ])
332512  , -1632.53    , array([ 1.43786    ,  0.0676523  ,  8.49188e-34,  2.57946e-20,  0.0242269  ])
332513  , -1632.53    , array([ 1.43642    ,  0.06772    ,  8.49188e-34,  2.57946e-20,  0.0242269  ])
332514  , -1632.53    , array([ 1.43642    ,  0.0676523  ,  8.50037e-34,  2.57946e-20,  0.0242269  ])
332515  , -1632.53    , array([ 1.43642    ,  0.0676523  ,  8.49188e-34,  2.58204e-20,  0.0242269  ])
332516  , -1632.53    , array([ 1.43642    ,  0.0676523  ,  8.49188e-34,  2.57946e-20,  0.0242512  ])
332517  , -1632.53    , array([ 1.43642    ,  0.0676523  ,  8.49188e-34,  2.57946e-20,  0.0242269  ])
332518  , -1632.53    , array([ 1.43642    ,  0.0676523  ,  8.49188e-34,  2.57946e-20,  0.0242269  ])
332519  , -1632.53    , array([ 1.43786    ,  0.0676523  ,  8.49188e-34,  2.57946e-20,  0.0242269  ])
332520  , -1632.53    , array([ 1.43642    ,  0.06772    ,  8.49188e-34,  2.57946e-20,  0.0242269  ])
332521  , -1632.53    , array([ 1.43642    ,  0.0676523  ,  8.50037e-34,  2.57946e-20,  0.0242269  ])
332522  , -1632.53    , array([ 1.43642    ,  0.0676523  ,  8.49188e-34,  2.58204e-20,  0.0242269  ])
332523  , -1632.53    , array([ 1.43642    ,  0.0676523  ,  8.49188e-34,  2.57946e-20,  0.0242512  ])
332524  , -1632.53    , array([ 1.43642    ,  0.0676523  ,  8.49188e-34,  2.57946e-20,  0.0242269  ])
332525  , -1632.53    , array([ 1.43642    ,  0.0676523  ,  8.49188e-34,  2.57946e-20,  0.0242269  ])
332526  , -1632.53    , array([ 1.43786    ,  0.0676523  ,  8.49188e-34,  2.57946e-20,  0.0242269  ])
332527  , -1632.53    , array([ 1.43642    ,  0.06772    ,  8.49188e-34,  2.57946e-20,  0.0242269  ])
332528  , -1632.53    , array([ 1.43642    ,  0.0676523  ,  8.50037e-34,  2.57946e-20,  0.0242269  ])
332529  , -1632.53    , array([ 1.43642    ,  0.0676523  ,  8.49188e-34,  2.58204e-20,  0.0242269  ])
332530  , -1632.53    , array([ 1.43642    ,  0.0676523  ,  8.49188e-34,  2.57946e-20,  0.0242512  ])
332531  , -1632.53    , array([ 1.43642    ,  0.0676523  ,  8.49188e-34,  2.57946e-20,  0.0242269  ])
332532  , -1632.53    , array([ 1.43642    ,  0.0676523  ,  8.49188e-34,  2.57946e-20,  0.0242269  ])
332533  , -1632.53    , array([ 1.43786    ,  0.0676523  ,  8.49188e-34,  2.57946e-20,  0.0242269  ])
332534  , -1632.53    , array([ 1.43642    ,  0.06772    ,  8.49188e-34,  2.57946e-20,  0.0242269  ])
332535  , -1632.53    , array([ 1.43642    ,  0.0676523  ,  8.50037e-34,  2.57946e-20,  0.0242269  ])
332536  , -1632.53    , array([ 1.43642    ,  0.0676523  ,  8.49188e-34,  2.58204e-20,  0.0242269  ])
332537  , -1632.53    , array([ 1.43642    ,  0.0676523  ,  8.49188e-34,  2.57946e-20,  0.0242512  ])
332538  , -1632.53    , array([ 1.43642    ,  0.0676523  ,  8.49188e-34,  2.57946e-20,  0.0242269  ])
332539  , -1632.53    , array([ 1.43642    ,  0.0676523  ,  8.49188e-34,  2.57946e-20,  0.0242269  ])
332540  , -1632.53    , array([ 1.43786    ,  0.0676523  ,  8.49188e-34,  2.57946e-20,  0.0242269  ])
332541  , -1632.53    , array([ 1.43642    ,  0.06772    ,  8.49188e-34,  2.57946e-20,  0.0242269  ])
332542  , -1632.53    , array([ 1.43642    ,  0.0676523  ,  8.50037e-34,  2.57946e-20,  0.0242269  ])
332543  , -1632.53    , array([ 1.43642    ,  0.0676523  ,  8.49188e-34,  2.58204e-20,  0.0242269  ])
332544  , -1632.53    , array([ 1.43642    ,  0.0676523  ,  8.49188e-34,  2.57946e-20,  0.0242512  ])
332545  , -1632.53    , array([ 1.43642    ,  0.0676523  ,  8.49188e-34,  2.57946e-20,  0.0242269  ])
332546  , -1632.53    , array([ 1.43642    ,  0.0676523  ,  8.49188e-34,  2.57946e-20,  0.0242269  ])
332547  , -1632.53    , array([ 1.43786    ,  0.0676523  ,  8.49188e-34,  2.57946e-20,  0.0242269  ])
332548  , -1632.53    , array([ 1.43642    ,  0.06772    ,  8.49188e-34,  2.57946e-20,  0.0242269  ])
332549  , -1632.53    , array([ 1.43642    ,  0.0676523  ,  8.50037e-34,  2.57946e-20,  0.0242269  ])
332550  , -1632.53    , array([ 1.43642    ,  0.0676523  ,  8.49188e-34,  2.58204e-20,  0.0242269  ])
332551  , -1632.53    , array([ 1.43642    ,  0.0676523  ,  8.49188e-34,  2.57946e-20,  0.0242512  ])
332552  , -1632.53    , array([ 1.43642    ,  0.0676523  ,  8.49188e-34,  2.57946e-20,  0.0242269  ])
332553  , -1632.53    , array([ 1.43642    ,  0.0676523  ,  8.49188e-34,  2.57946e-20,  0.0242269  ])
332554  , -1632.53    , array([ 1.43786    ,  0.0676523  ,  8.49188e-34,  2.57946e-20,  0.0242269  ])
332555  , -1632.53    , array([ 1.43642    ,  0.06772    ,  8.49188e-34,  2.57946e-20,  0.0242269  ])
332556  , -1632.53    , array([ 1.43642    ,  0.0676523  ,  8.50037e-34,  2.57946e-20,  0.0242269  ])
332557  , -1632.53    , array([ 1.43642    ,  0.0676523  ,  8.49188e-34,  2.58204e-20,  0.0242269  ])
332558  , -1632.53    , array([ 1.43642    ,  0.0676523  ,  8.49188e-34,  2.57946e-20,  0.0242512  ])
332559  , -1632.53    , array([ 1.43642    ,  0.0676523  ,  8.49188e-34,  2.57946e-20,  0.0242269  ])
332560  , -1632.53    , array([ 1.43642    ,  0.0676523  ,  8.49188e-34,  2.57946e-20,  0.0242269  ])
332561  , -1632.53    , array([ 1.43786    ,  0.0676523  ,  8.49188e-34,  2.57946e-20,  0.0242269  ])
332562  , -1632.53    , array([ 1.43642    ,  0.06772    ,  8.49188e-34,  2.57946e-20,  0.0242269  ])
332563  , -1632.53    , array([ 1.43642    ,  0.0676523  ,  8.50037e-34,  2.57946e-20,  0.0242269  ])
332564  , -1632.53    , array([ 1.43642    ,  0.0676523  ,  8.49188e-34,  2.58204e-20,  0.0242269  ])
332565  , -1632.53    , array([ 1.43642    ,  0.0676523  ,  8.49188e-34,  2.57946e-20,  0.0242512  ])
332566  , -1632.53    , array([ 1.43642    ,  0.0676523  ,  8.49188e-34,  2.57946e-20,  0.0242269  ])
332567  , -1632.53    , array([ 1.43642    ,  0.0676523  ,  8.49188e-34,  2.57946e-20,  0.0242269  ])
332568  , -1632.53    , array([ 1.43786    ,  0.0676523  ,  8.49188e-34,  2.57946e-20,  0.0242269  ])
332569  , -1632.53    , array([ 1.43642    ,  0.06772    ,  8.49188e-34,  2.57946e-20,  0.0242269  ])
332570  , -1632.53    , array([ 1.43642    ,  0.0676523  ,  8.50037e-34,  2.57946e-20,  0.0242269  ])
332571  , -1632.53    , array([ 1.43642    ,  0.0676523  ,  8.49188e-34,  2.58204e-20,  0.0242269  ])
332572  , -1632.53    , array([ 1.43642    ,  0.0676523  ,  8.49188e-34,  2.57946e-20,  0.0242512  ])
332573  , -1632.53    , array([ 1.43642    ,  0.0676523  ,  8.49188e-34,  2.57946e-20,  0.0242269  ])
332574  , -1632.53    , array([ 1.43642    ,  0.0676523  ,  8.49188e-34,  2.57946e-20,  0.0242269  ])
332575  , -1632.53    , array([ 1.43786    ,  0.0676523  ,  8.49188e-34,  2.57946e-20,  0.0242269  ])
332576  , -1632.53    , array([ 1.43642    ,  0.06772    ,  8.49188e-34,  2.57946e-20,  0.0242269  ])
332577  , -1632.53    , array([ 1.43642    ,  0.0676523  ,  8.50037e-34,  2.57946e-20,  0.0242269  ])
332578  , -1632.53    , array([ 1.43642    ,  0.0676523  ,  8.49188e-34,  2.58204e-20,  0.0242269  ])
332579  , -1632.53    , array([ 1.43642    ,  0.0676523  ,  8.49188e-34,  2.57946e-20,  0.0242512  ])
332580  , -1632.53    , array([ 1.43642    ,  0.0676523  ,  8.49188e-34,  2.57946e-20,  0.0242269  ])
332581  , -1632.53    , array([ 1.43642    ,  0.0676523  ,  8.49188e-34,  2.57946e-20,  0.0242269  ])
332582  , -1632.53    , array([ 1.43786    ,  0.0676523  ,  8.49188e-34,  2.57946e-20,  0.0242269  ])
332583  , -1632.53    , array([ 1.43642    ,  0.06772    ,  8.49188e-34,  2.57946e-20,  0.0242269  ])
332584  , -1632.53    , array([ 1.43642    ,  0.0676523  ,  8.50037e-34,  2.57946e-20,  0.0242269  ])
332585  , -1632.53    , array([ 1.43642    ,  0.0676523  ,  8.49188e-34,  2.58204e-20,  0.0242269  ])
332586  , -1632.53    , array([ 1.43642    ,  0.0676523  ,  8.49188e-34,  2.57946e-20,  0.0242512  ])
332587  , -1632.53    , array([ 1.43642    ,  0.0676523  ,  8.49188e-34,  2.57946e-20,  0.0242269  ])
332588  , -1632.53    , array([ 1.43642    ,  0.0676523  ,  8.49188e-34,  2.57946e-20,  0.0242269  ])
332589  , -1632.53    , array([ 1.43786    ,  0.0676523  ,  8.49188e-34,  2.57946e-20,  0.0242269  ])
332590  , -1632.53    , array([ 1.43642    ,  0.06772    ,  8.49188e-34,  2.57946e-20,  0.0242269  ])
332591  , -1632.53    , array([ 1.43642    ,  0.0676523  ,  8.50037e-34,  2.57946e-20,  0.0242269  ])
332592  , -1632.53    , array([ 1.43642    ,  0.0676523  ,  8.49188e-34,  2.58204e-20,  0.0242269  ])
332593  , -1632.53    , array([ 1.43642    ,  0.0676523  ,  8.49188e-34,  2.57946e-20,  0.0242512  ])
332594  , -1632.53    , array([ 1.43642    ,  0.0676523  ,  8.49188e-34,  2.57946e-20,  0.0242269  ])
332595  , -1632.53    , array([ 1.43642    ,  0.0676523  ,  8.49188e-34,  2.57946e-20,  0.0242269  ])
332596  , -1632.53    , array([ 1.43786    ,  0.0676523  ,  8.49188e-34,  2.57946e-20,  0.0242269  ])
332597  , -1632.53    , array([ 1.43642    ,  0.06772    ,  8.49188e-34,  2.57946e-20,  0.0242269  ])
332598  , -1632.53    , array([ 1.43642    ,  0.0676523  ,  8.50037e-34,  2.57946e-20,  0.0242269  ])
332599  , -1632.53    , array([ 1.43642    ,  0.0676523  ,  8.49188e-34,  2.58204e-20,  0.0242269  ])
332600  , -1632.53    , array([ 1.43642    ,  0.0676523  ,  8.49188e-34,  2.57946e-20,  0.0242512  ])
332601  , -1632.53    , array([ 1.43642    ,  0.0676523  ,  8.49188e-34,  2.57946e-20,  0.0242269  ])
332602  , -1632.53    , array([ 1.43642    ,  0.0676523  ,  8.49188e-34,  2.57946e-20,  0.0242269  ])
332603  , -1632.53    , array([ 1.43786    ,  0.0676523  ,  8.49188e-34,  2.57946e-20,  0.0242269  ])
332604  , -1632.53    , array([ 1.43642    ,  0.06772    ,  8.49188e-34,  2.57946e-20,  0.0242269  ])
332605  , -1632.53    , array([ 1.43642    ,  0.0676523  ,  8.50037e-34,  2.57946e-20,  0.0242269  ])
332606  , -1632.53    , array([ 1.43642    ,  0.0676523  ,  8.49188e-34,  2.58204e-20,  0.0242269  ])
332607  , -1632.53    , array([ 1.43642    ,  0.0676523  ,  8.49188e-34,  2.57946e-20,  0.0242512  ])
332608  , -1632.53    , array([ 1.43642    ,  0.0676523  ,  8.49188e-34,  2.57946e-20,  0.0242269  ])
332609  , -1632.53    , array([ 1.43642    ,  0.0676523  ,  8.49188e-34,  2.57946e-20,  0.0242269  ])
332610  , -1632.53    , array([ 1.43786    ,  0.0676523  ,  8.49188e-34,  2.57946e-20,  0.0242269  ])
332611  , -1632.53    , array([ 1.43642    ,  0.06772    ,  8.49188e-34,  2.57946e-20,  0.0242269  ])
332612  , -1632.53    , array([ 1.43642    ,  0.0676523  ,  8.50037e-34,  2.57946e-20,  0.0242269  ])
332613  , -1632.53    , array([ 1.43642    ,  0.0676523  ,  8.49188e-34,  2.58204e-20,  0.0242269  ])
332614  , -1632.53    , array([ 1.43642    ,  0.0676523  ,  8.49188e-34,  2.57946e-20,  0.0242512  ])
332615  , -1632.53    , array([ 1.43642    ,  0.0676523  ,  8.49188e-34,  2.57946e-20,  0.0242269  ])
332616  , -1632.53    , array([ 1.43642    ,  0.0676523  ,  8.49188e-34,  2.57946e-20,  0.0242269  ])
332617  , -1632.53    , array([ 1.43786    ,  0.0676523  ,  8.49188e-34,  2.57946e-20,  0.0242269  ])
332618  , -1632.53    , array([ 1.43642    ,  0.06772    ,  8.49188e-34,  2.57946e-20,  0.0242269  ])
332619  , -1632.53    , array([ 1.43642    ,  0.0676523  ,  8.50037e-34,  2.57946e-20,  0.0242269  ])
332620  , -1632.53    , array([ 1.43642    ,  0.0676523  ,  8.49188e-34,  2.58204e-20,  0.0242269  ])
332621  , -1632.53    , array([ 1.43642    ,  0.0676523  ,  8.49188e-34,  2.57946e-20,  0.0242512  ])
332622  , -1632.53    , array([ 1.43642    ,  0.0676523  ,  8.49188e-34,  2.57946e-20,  0.0242269  ])
332623  , -1632.53    , array([ 1.43642    ,  0.0676523  ,  8.49188e-34,  2.57946e-20,  0.0242269  ])
332624  , -1632.53    , array([ 1.43786    ,  0.0676523  ,  8.49188e-34,  2.57946e-20,  0.0242269  ])
332625  , -1632.53    , array([ 1.43642    ,  0.06772    ,  8.49188e-34,  2.57946e-20,  0.0242269  ])
332626  , -1632.53    , array([ 1.43642    ,  0.0676523  ,  8.50037e-34,  2.57946e-20,  0.0242269  ])
332627  , -1632.53    , array([ 1.43642    ,  0.0676523  ,  8.49188e-34,  2.58204e-20,  0.0242269  ])
332628  , -1632.53    , array([ 1.43642    ,  0.0676523  ,  8.49188e-34,  2.57946e-20,  0.0242512  ])
332629  , -1632.53    , array([ 1.43642    ,  0.0676523  ,  8.49188e-34,  2.57946e-20,  0.0242269  ])
332630  , -1632.53    , array([ 1.43642    ,  0.0676523  ,  8.49188e-34,  2.57946e-20,  0.0242269  ])
332631  , -1632.53    , array([ 1.43786    ,  0.0676523  ,  8.49188e-34,  2.57946e-20,  0.0242269  ])
332632  , -1632.53    , array([ 1.43642    ,  0.06772    ,  8.49188e-34,  2.57946e-20,  0.0242269  ])
332633  , -1632.53    , array([ 1.43642    ,  0.0676523  ,  8.50037e-34,  2.57946e-20,  0.0242269  ])
332634  , -1632.53    , array([ 1.43642    ,  0.0676523  ,  8.49188e-34,  2.58204e-20,  0.0242269  ])
332635  , -1632.53    , array([ 1.43642    ,  0.0676523  ,  8.49188e-34,  2.57946e-20,  0.0242512  ])
332636  , -1632.53    , array([ 1.43642    ,  0.0676523  ,  8.49188e-34,  2.57946e-20,  0.0242269  ])
332637  , -1632.53    , array([ 1.43642    ,  0.0676523  ,  8.49188e-34,  2.57946e-20,  0.0242269  ])
332638  , -1632.53    , array([ 1.43786    ,  0.0676523  ,  8.49188e-34,  2.57946e-20,  0.0242269  ])
332639  , -1632.53    , array([ 1.43642    ,  0.06772    ,  8.49188e-34,  2.57946e-20,  0.0242269  ])
332640  , -1632.53    , array([ 1.43642    ,  0.0676523  ,  8.50037e-34,  2.57946e-20,  0.0242269  ])
332641  , -1632.53    , array([ 1.43642    ,  0.0676523  ,  8.49188e-34,  2.58204e-20,  0.0242269  ])
332642  , -1632.53    , array([ 1.43642    ,  0.0676523  ,  8.49188e-34,  2.57946e-20,  0.0242512  ])
332643  , -1632.53    , array([ 1.43642    ,  0.0676523  ,  8.49188e-34,  2.57946e-20,  0.0242269  ])
332644  , -1632.53    , array([ 1.43642    ,  0.0676523  ,  8.49188e-34,  2.57946e-20,  0.0242269  ])
332645  , -1632.53    , array([ 1.43786    ,  0.0676523  ,  8.49188e-34,  2.57946e-20,  0.0242269  ])
332646  , -1632.53    , array([ 1.43642    ,  0.06772    ,  8.49188e-34,  2.57946e-20,  0.0242269  ])
332647  , -1632.53    , array([ 1.43642    ,  0.0676523  ,  8.50037e-34,  2.57946e-20,  0.0242269  ])
332648  , -1632.53    , array([ 1.43642    ,  0.0676523  ,  8.49188e-34,  2.58204e-20,  0.0242269  ])
332649  , -1632.53    , array([ 1.43642    ,  0.0676523  ,  8.49188e-34,  2.57946e-20,  0.0242512  ])
332650  , -1632.53    , array([ 1.43642    ,  0.0676523  ,  8.49188e-34,  2.57946e-20,  0.0242269  ])
332651  , -1632.53    , array([ 1.43642    ,  0.0676523  ,  8.49188e-34,  2.57946e-20,  0.0242269  ])
332652  , -1632.53    , array([ 1.43786    ,  0.0676523  ,  8.49188e-34,  2.57946e-20,  0.0242269  ])
332653  , -1632.53    , array([ 1.43642    ,  0.06772    ,  8.49188e-34,  2.57946e-20,  0.0242269  ])
332654  , -1632.53    , array([ 1.43642    ,  0.0676523  ,  8.50037e-34,  2.57946e-20,  0.0242269  ])
332655  , -1632.53    , array([ 1.43642    ,  0.0676523  ,  8.49188e-34,  2.58204e-20,  0.0242269  ])
332656  , -1632.53    , array([ 1.43642    ,  0.0676523  ,  8.49188e-34,  2.57946e-20,  0.0242512  ])
332657  , -1632.53    , array([ 1.43642    ,  0.0676523  ,  8.49188e-34,  2.57946e-20,  0.0242269  ])
332658  , -1632.53    , array([ 1.43642    ,  0.0676523  ,  8.49188e-34,  2.57946e-20,  0.0242269  ])
332659  , -1632.53    , array([ 1.43786    ,  0.0676523  ,  8.49188e-34,  2.57946e-20,  0.0242269  ])
332660  , -1632.53    , array([ 1.43642    ,  0.06772    ,  8.49188e-34,  2.57946e-20,  0.0242269  ])
332661  , -1632.53    , array([ 1.43642    ,  0.0676523  ,  8.50037e-34,  2.57946e-20,  0.0242269  ])
332662  , -1632.53    , array([ 1.43642    ,  0.0676523  ,  8.49188e-34,  2.58204e-20,  0.0242269  ])
332663  , -1632.53    , array([ 1.43642    ,  0.0676523  ,  8.49188e-34,  2.57946e-20,  0.0242512  ])
332664  , -1632.53    , array([ 1.43642    ,  0.0676523  ,  8.49188e-34,  2.57946e-20,  0.0242269  ])
332665  , -1632.53    , array([ 1.43642    ,  0.0676523  ,  8.49188e-34,  2.57946e-20,  0.0242269  ])
332666  , -1632.53    , array([ 1.43786    ,  0.0676523  ,  8.49188e-34,  2.57946e-20,  0.0242269  ])
332667  , -1632.53    , array([ 1.43642    ,  0.06772    ,  8.49188e-34,  2.57946e-20,  0.0242269  ])
332668  , -1632.53    , array([ 1.43642    ,  0.0676523  ,  8.50037e-34,  2.57946e-20,  0.0242269  ])
332669  , -1632.53    , array([ 1.43642    ,  0.0676523  ,  8.49188e-34,  2.58204e-20,  0.0242269  ])
332670  , -1632.53    , array([ 1.43642    ,  0.0676523  ,  8.49188e-34,  2.57946e-20,  0.0242512  ])
332671  , -1632.53    , array([ 1.43642    ,  0.0676523  ,  8.49188e-34,  2.57946e-20,  0.0242269  ])
332672  , -1632.53    , array([ 1.43642    ,  0.0676523  ,  8.49188e-34,  2.57946e-20,  0.0242269  ])
332673  , -1632.53    , array([ 1.43786    ,  0.0676523  ,  8.49188e-34,  2.57946e-20,  0.0242269  ])
332674  , -1632.53    , array([ 1.43642    ,  0.06772    ,  8.49188e-34,  2.57946e-20,  0.0242269  ])
332675  , -1632.53    , array([ 1.43642    ,  0.0676523  ,  8.50037e-34,  2.57946e-20,  0.0242269  ])
332676  , -1632.53    , array([ 1.43642    ,  0.0676523  ,  8.49188e-34,  2.58204e-20,  0.0242269  ])
332677  , -1632.53    , array([ 1.43642    ,  0.0676523  ,  8.49188e-34,  2.57946e-20,  0.0242512  ])
332678  , -1632.53    , array([ 1.43642    ,  0.0676523  ,  8.49188e-34,  2.57946e-20,  0.0242269  ])
332679  , -1632.53    , array([ 1.43642    ,  0.0676523  ,  8.49188e-34,  2.57946e-20,  0.0242269  ])
332680  , -1632.53    , array([ 1.43786    ,  0.0676523  ,  8.49188e-34,  2.57946e-20,  0.0242269  ])
332681  , -1632.53    , array([ 1.43642    ,  0.06772    ,  8.49188e-34,  2.57946e-20,  0.0242269  ])
332682  , -1632.53    , array([ 1.43642    ,  0.0676523  ,  8.50037e-34,  2.57946e-20,  0.0242269  ])
332683  , -1632.53    , array([ 1.43642    ,  0.0676523  ,  8.49188e-34,  2.58204e-20,  0.0242269  ])
332684  , -1632.53    , array([ 1.43642    ,  0.0676523  ,  8.49188e-34,  2.57946e-20,  0.0242512  ])
332685  , -1632.53    , array([ 1.43642    ,  0.0676523  ,  8.49188e-34,  2.57946e-20,  0.0242269  ])
332686  , -1632.53    , array([ 1.43642    ,  0.0676523  ,  8.49188e-34,  2.57946e-20,  0.0242269  ])
332687  , -1632.53    , array([ 1.43786    ,  0.0676523  ,  8.49188e-34,  2.57946e-20,  0.0242269  ])
332688  , -1632.53    , array([ 1.43642    ,  0.06772    ,  8.49188e-34,  2.57946e-20,  0.0242269  ])
332689  , -1632.53    , array([ 1.43642    ,  0.0676523  ,  8.50037e-34,  2.57946e-20,  0.0242269  ])
332690  , -1632.53    , array([ 1.43642    ,  0.0676523  ,  8.49188e-34,  2.58204e-20,  0.0242269  ])
332691  , -1632.53    , array([ 1.43642    ,  0.0676523  ,  8.49188e-34,  2.57946e-20,  0.0242512  ])
332692  , -1632.53    , array([ 1.43642    ,  0.0676523  ,  8.49188e-34,  2.57946e-20,  0.0242269  ])
332693  , -1632.53    , array([ 1.43642    ,  0.0676523  ,  8.49188e-34,  2.57946e-20,  0.0242269  ])
332694  , -1632.53    , array([ 1.43786    ,  0.0676523  ,  8.49188e-34,  2.57946e-20,  0.0242269  ])
332695  , -1632.53    , array([ 1.43642    ,  0.06772    ,  8.49188e-34,  2.57946e-20,  0.0242269  ])
332696  , -1632.53    , array([ 1.43642    ,  0.0676523  ,  8.50037e-34,  2.57946e-20,  0.0242269  ])
332697  , -1632.53    , array([ 1.43642    ,  0.0676523  ,  8.49188e-34,  2.58204e-20,  0.0242269  ])
332698  , -1632.53    , array([ 1.43642    ,  0.0676523  ,  8.49188e-34,  2.57946e-20,  0.0242512  ])
332699  , -1632.53    , array([ 1.43642    ,  0.0676523  ,  8.49188e-34,  2.57946e-20,  0.0242269  ])
332700  , -1632.53    , array([ 1.43642    ,  0.0676523  ,  8.49188e-34,  2.57946e-20,  0.0242269  ])
332701  , -1632.53    , array([ 1.43786    ,  0.0676523  ,  8.49188e-34,  2.57946e-20,  0.0242269  ])
332702  , -1632.53    , array([ 1.43642    ,  0.06772    ,  8.49188e-34,  2.57946e-20,  0.0242269  ])
332703  , -1632.53    , array([ 1.43642    ,  0.0676523  ,  8.50037e-34,  2.57946e-20,  0.0242269  ])
332704  , -1632.53    , array([ 1.43642    ,  0.0676523  ,  8.49188e-34,  2.58204e-20,  0.0242269  ])
332705  , -1632.53    , array([ 1.43642    ,  0.0676523  ,  8.49188e-34,  2.57946e-20,  0.0242512  ])
332706  , -1632.53    , array([ 1.43642    ,  0.0676523  ,  8.49188e-34,  2.57946e-20,  0.0242269  ])
332707  , -1632.53    , array([ 1.43642    ,  0.0676523  ,  8.49188e-34,  2.57946e-20,  0.0242269  ])
332708  , -1632.53    , array([ 1.43786    ,  0.0676523  ,  8.49188e-34,  2.57946e-20,  0.0242269  ])
332709  , -1632.53    , array([ 1.43642    ,  0.06772    ,  8.49188e-34,  2.57946e-20,  0.0242269  ])
332710  , -1632.53    , array([ 1.43642    ,  0.0676523  ,  8.50037e-34,  2.57946e-20,  0.0242269  ])
332711  , -1632.53    , array([ 1.43642    ,  0.0676523  ,  8.49188e-34,  2.58204e-20,  0.0242269  ])
332712  , -1632.53    , array([ 1.43642    ,  0.0676523  ,  8.49188e-34,  2.57946e-20,  0.0242512  ])
332713  , -1632.53    , array([ 1.43642    ,  0.0676523  ,  8.49188e-34,  2.57946e-20,  0.0242269  ])
332714  , -1632.53    , array([ 1.43642    ,  0.0676523  ,  8.49188e-34,  2.57946e-20,  0.0242269  ])
332715  , -1632.53    , array([ 1.43786    ,  0.0676523  ,  8.49188e-34,  2.57946e-20,  0.0242269  ])
332716  , -1632.53    , array([ 1.43642    ,  0.06772    ,  8.49188e-34,  2.57946e-20,  0.0242269  ])
332717  , -1632.53    , array([ 1.43642    ,  0.0676523  ,  8.50037e-34,  2.57946e-20,  0.0242269  ])
332718  , -1632.53    , array([ 1.43642    ,  0.0676523  ,  8.49188e-34,  2.58204e-20,  0.0242269  ])
332719  , -1632.53    , array([ 1.43642    ,  0.0676523  ,  8.49188e-34,  2.57946e-20,  0.0242512  ])
332720  , -1632.53    , array([ 1.43642    ,  0.0676523  ,  8.49188e-34,  2.57946e-20,  0.0242269  ])
332721  , -1632.53    , array([ 1.43642    ,  0.0676523  ,  8.49188e-34,  2.57946e-20,  0.0242269  ])
332722  , -1632.53    , array([ 1.43786    ,  0.0676523  ,  8.49188e-34,  2.57946e-20,  0.0242269  ])
332723  , -1632.53    , array([ 1.43642    ,  0.06772    ,  8.49188e-34,  2.57946e-20,  0.0242269  ])
332724  , -1632.53    , array([ 1.43642    ,  0.0676523  ,  8.50037e-34,  2.57946e-20,  0.0242269  ])
332725  , -1632.53    , array([ 1.43642    ,  0.0676523  ,  8.49188e-34,  2.58204e-20,  0.0242269  ])
332726  , -1632.53    , array([ 1.43642    ,  0.0676523  ,  8.49188e-34,  2.57946e-20,  0.0242512  ])
332727  , -1632.53    , array([ 1.43642    ,  0.0676523  ,  8.49188e-34,  2.57946e-20,  0.0242269  ])
332728  , -1632.53    , array([ 1.43642    ,  0.0676523  ,  8.49188e-34,  2.57946e-20,  0.0242269  ])
332729  , -1632.53    , array([ 1.43786    ,  0.0676523  ,  8.49188e-34,  2.57946e-20,  0.0242269  ])
332730  , -1632.53    , array([ 1.43642    ,  0.06772    ,  8.49188e-34,  2.57946e-20,  0.0242269  ])
332731  , -1632.53    , array([ 1.43642    ,  0.0676523  ,  8.50037e-34,  2.57946e-20,  0.0242269  ])
332732  , -1632.53    , array([ 1.43642    ,  0.0676523  ,  8.49188e-34,  2.58204e-20,  0.0242269  ])
332733  , -1632.53    , array([ 1.43642    ,  0.0676523  ,  8.49188e-34,  2.57946e-20,  0.0242512  ])
332734  , -1632.53    , array([ 1.43642    ,  0.0676523  ,  8.49188e-34,  2.57946e-20,  0.0242269  ])
332735  , -1632.53    , array([ 1.43642    ,  0.0676523  ,  8.49188e-34,  2.57946e-20,  0.0242269  ])
332736  , -1632.53    , array([ 1.43786    ,  0.0676523  ,  8.49188e-34,  2.57946e-20,  0.0242269  ])
332737  , -1632.53    , array([ 1.43642    ,  0.06772    ,  8.49188e-34,  2.57946e-20,  0.0242269  ])
332738  , -1632.53    , array([ 1.43642    ,  0.0676523  ,  8.50037e-34,  2.57946e-20,  0.0242269  ])
332739  , -1632.53    , array([ 1.43642    ,  0.0676523  ,  8.49188e-34,  2.58204e-20,  0.0242269  ])
332740  , -1632.53    , array([ 1.43642    ,  0.0676523  ,  8.49188e-34,  2.57946e-20,  0.0242512  ])
332741  , -1632.53    , array([ 1.43642    ,  0.0676523  ,  8.49188e-34,  2.57946e-20,  0.0242269  ])
332742  , -1632.53    , array([ 1.43642    ,  0.0676523  ,  8.49188e-34,  2.57946e-20,  0.0242269  ])
332743  , -1632.53    , array([ 1.43786    ,  0.0676523  ,  8.49188e-34,  2.57946e-20,  0.0242269  ])
332744  , -1632.53    , array([ 1.43642    ,  0.06772    ,  8.49188e-34,  2.57946e-20,  0.0242269  ])
332745  , -1632.53    , array([ 1.43642    ,  0.0676523  ,  8.50037e-34,  2.57946e-20,  0.0242269  ])
332746  , -1632.53    , array([ 1.43642    ,  0.0676523  ,  8.49188e-34,  2.58204e-20,  0.0242269  ])
332747  , -1632.53    , array([ 1.43642    ,  0.0676523  ,  8.49188e-34,  2.57946e-20,  0.0242512  ])
332748  , -1632.53    , array([ 1.43642    ,  0.0676523  ,  8.49188e-34,  2.57946e-20,  0.0242269  ])
332749  , -1632.53    , array([ 1.43642    ,  0.0676523  ,  8.49188e-34,  2.57946e-20,  0.0242269  ])
332750  , -1632.53    , array([ 1.43786    ,  0.0676523  ,  8.49188e-34,  2.57946e-20,  0.0242269  ])
332751  , -1632.53    , array([ 1.43642    ,  0.06772    ,  8.49188e-34,  2.57946e-20,  0.0242269  ])
332752  , -1632.53    , array([ 1.43642    ,  0.0676523  ,  8.50037e-34,  2.57946e-20,  0.0242269  ])
332753  , -1632.53    , array([ 1.43642    ,  0.0676523  ,  8.49188e-34,  2.58204e-20,  0.0242269  ])
332754  , -1632.53    , array([ 1.43642    ,  0.0676523  ,  8.49188e-34,  2.57946e-20,  0.0242512  ])
332755  , -1632.53    , array([ 1.43642    ,  0.0676523  ,  8.49188e-34,  2.57946e-20,  0.0242269  ])
332756  , -1632.53    , array([ 1.43642    ,  0.0676523  ,  8.49188e-34,  2.57946e-20,  0.0242269  ])
332757  , -1632.53    , array([ 1.43786    ,  0.0676523  ,  8.49188e-34,  2.57946e-20,  0.0242269  ])
332758  , -1632.53    , array([ 1.43642    ,  0.06772    ,  8.49188e-34,  2.57946e-20,  0.0242269  ])
332759  , -1632.53    , array([ 1.43642    ,  0.0676523  ,  8.50037e-34,  2.57946e-20,  0.0242269  ])
332760  , -1632.53    , array([ 1.43642    ,  0.0676523  ,  8.49188e-34,  2.58204e-20,  0.0242269  ])
332761  , -1632.53    , array([ 1.43642    ,  0.0676523  ,  8.49188e-34,  2.57946e-20,  0.0242512  ])
332762  , -1632.53    , array([ 1.43642    ,  0.0676523  ,  8.49188e-34,  2.57946e-20,  0.0242269  ])
332763  , -1632.53    , array([ 1.43642    ,  0.0676523  ,  8.49188e-34,  2.57946e-20,  0.0242269  ])
332764  , -1632.53    , array([ 1.43786    ,  0.0676523  ,  8.49188e-34,  2.57946e-20,  0.0242269  ])
332765  , -1632.53    , array([ 1.43642    ,  0.06772    ,  8.49188e-34,  2.57946e-20,  0.0242269  ])
332766  , -1632.53    , array([ 1.43642    ,  0.0676523  ,  8.50037e-34,  2.57946e-20,  0.0242269  ])
332767  , -1632.53    , array([ 1.43642    ,  0.0676523  ,  8.49188e-34,  2.58204e-20,  0.0242269  ])
332768  , -1632.53    , array([ 1.43642    ,  0.0676523  ,  8.49188e-34,  2.57946e-20,  0.0242512  ])
332769  , -1632.53    , array([ 1.43642    ,  0.0676523  ,  8.49188e-34,  2.57946e-20,  0.0242269  ])
332770  , -1632.53    , array([ 1.43642    ,  0.0676523  ,  8.49188e-34,  2.57946e-20,  0.0242269  ])
332771  , -1632.53    , array([ 1.43786    ,  0.0676523  ,  8.49188e-34,  2.57946e-20,  0.0242269  ])
332772  , -1632.53    , array([ 1.43642    ,  0.06772    ,  8.49188e-34,  2.57946e-20,  0.0242269  ])
332773  , -1632.53    , array([ 1.43642    ,  0.0676523  ,  8.50037e-34,  2.57946e-20,  0.0242269  ])
332774  , -1632.53    , array([ 1.43642    ,  0.0676523  ,  8.49188e-34,  2.58204e-20,  0.0242269  ])
332775  , -1632.53    , array([ 1.43642    ,  0.0676523  ,  8.49188e-34,  2.57946e-20,  0.0242512  ])
332776  , -1632.53    , array([ 1.43642    ,  0.0676523  ,  8.49188e-34,  2.57946e-20,  0.0242269  ])
332777  , -1632.53    , array([ 1.43642    ,  0.0676523  ,  8.49188e-34,  2.57946e-20,  0.0242269  ])
332778  , -1632.53    , array([ 1.43786    ,  0.0676523  ,  8.49188e-34,  2.57946e-20,  0.0242269  ])
332779  , -1632.53    , array([ 1.43642    ,  0.06772    ,  8.49188e-34,  2.57946e-20,  0.0242269  ])
332780  , -1632.53    , array([ 1.43642    ,  0.0676523  ,  8.50037e-34,  2.57946e-20,  0.0242269  ])
332781  , -1632.53    , array([ 1.43642    ,  0.0676523  ,  8.49188e-34,  2.58204e-20,  0.0242269  ])
332782  , -1632.53    , array([ 1.43642    ,  0.0676523  ,  8.49188e-34,  2.57946e-20,  0.0242512  ])
332783  , -1632.53    , array([ 1.43642    ,  0.0676523  ,  8.49188e-34,  2.57946e-20,  0.0242269  ])
332784  , -1632.53    , array([ 1.43642    ,  0.0676523  ,  8.49188e-34,  2.57946e-20,  0.0242269  ])
332785  , -1632.53    , array([ 1.43786    ,  0.0676523  ,  8.49188e-34,  2.57946e-20,  0.0242269  ])
332786  , -1632.53    , array([ 1.43642    ,  0.06772    ,  8.49188e-34,  2.57946e-20,  0.0242269  ])
332787  , -1632.53    , array([ 1.43642    ,  0.0676523  ,  8.50037e-34,  2.57946e-20,  0.0242269  ])
332788  , -1632.53    , array([ 1.43642    ,  0.0676523  ,  8.49188e-34,  2.58204e-20,  0.0242269  ])
332789  , -1632.53    , array([ 1.43642    ,  0.0676523  ,  8.49188e-34,  2.57946e-20,  0.0242512  ])
332790  , -1632.53    , array([ 1.43642    ,  0.0676523  ,  8.49188e-34,  2.57946e-20,  0.0242269  ])
332791  , -1632.53    , array([ 1.43642    ,  0.0676523  ,  8.49188e-34,  2.57946e-20,  0.0242269  ])
332792  , -1632.53    , array([ 1.43786    ,  0.0676523  ,  8.49188e-34,  2.57946e-20,  0.0242269  ])
332793  , -1632.53    , array([ 1.43642    ,  0.06772    ,  8.49188e-34,  2.57946e-20,  0.0242269  ])
332794  , -1632.53    , array([ 1.43642    ,  0.0676523  ,  8.50037e-34,  2.57946e-20,  0.0242269  ])
332795  , -1632.53    , array([ 1.43642    ,  0.0676523  ,  8.49188e-34,  2.58204e-20,  0.0242269  ])
332796  , -1632.53    , array([ 1.43642    ,  0.0676523  ,  8.49188e-34,  2.57946e-20,  0.0242512  ])
332797  , -1632.53    , array([ 1.43642    ,  0.0676523  ,  8.49188e-34,  2.57946e-20,  0.0242269  ])
332798  , -1632.53    , array([ 1.43642    ,  0.0676523  ,  8.49188e-34,  2.57946e-20,  0.0242269  ])
332799  , -1632.53    , array([ 1.43786    ,  0.0676523  ,  8.49188e-34,  2.57946e-20,  0.0242269  ])
332800  , -1632.53    , array([ 1.43642    ,  0.06772    ,  8.49188e-34,  2.57946e-20,  0.0242269  ])
332801  , -1632.53    , array([ 1.43642    ,  0.0676523  ,  8.50037e-34,  2.57946e-20,  0.0242269  ])
332802  , -1632.53    , array([ 1.43642    ,  0.0676523  ,  8.49188e-34,  2.58204e-20,  0.0242269  ])
332803  , -1632.53    , array([ 1.43642    ,  0.0676523  ,  8.49188e-34,  2.57946e-20,  0.0242512  ])
332804  , -1632.53    , array([ 1.43642    ,  0.0676523  ,  8.49188e-34,  2.57946e-20,  0.0242269  ])
332805  , -1632.53    , array([ 1.43642    ,  0.0676523  ,  8.49188e-34,  2.57946e-20,  0.0242269  ])
332806  , -1632.53    , array([ 1.43786    ,  0.0676523  ,  8.49188e-34,  2.57946e-20,  0.0242269  ])
332807  , -1632.53    , array([ 1.43642    ,  0.06772    ,  8.49188e-34,  2.57946e-20,  0.0242269  ])
332808  , -1632.53    , array([ 1.43642    ,  0.0676523  ,  8.50037e-34,  2.57946e-20,  0.0242269  ])
332809  , -1632.53    , array([ 1.43642    ,  0.0676523  ,  8.49188e-34,  2.58204e-20,  0.0242269  ])
332810  , -1632.53    , array([ 1.43642    ,  0.0676523  ,  8.49188e-34,  2.57946e-20,  0.0242512  ])
332811  , -1632.53    , array([ 1.43642    ,  0.0676523  ,  8.49188e-34,  2.57946e-20,  0.0242269  ])
332812  , -1632.53    , array([ 1.43642    ,  0.0676523  ,  8.49188e-34,  2.57946e-20,  0.0242269  ])
332813  , -1632.53    , array([ 1.43786    ,  0.0676523  ,  8.49188e-34,  2.57946e-20,  0.0242269  ])
332814  , -1632.53    , array([ 1.43642    ,  0.06772    ,  8.49188e-34,  2.57946e-20,  0.0242269  ])
332815  , -1632.53    , array([ 1.43642    ,  0.0676523  ,  8.50037e-34,  2.57946e-20,  0.0242269  ])
332816  , -1632.53    , array([ 1.43642    ,  0.0676523  ,  8.49188e-34,  2.58204e-20,  0.0242269  ])
332817  , -1632.53    , array([ 1.43642    ,  0.0676523  ,  8.49188e-34,  2.57946e-20,  0.0242512  ])
332818  , -1632.53    , array([ 1.43642    ,  0.0676523  ,  8.49188e-34,  2.57946e-20,  0.0242269  ])
332819  , -1632.53    , array([ 1.43642    ,  0.0676523  ,  8.49188e-34,  2.57946e-20,  0.0242269  ])
332820  , -1632.53    , array([ 1.43786    ,  0.0676523  ,  8.49188e-34,  2.57946e-20,  0.0242269  ])
332821  , -1632.53    , array([ 1.43642    ,  0.06772    ,  8.49188e-34,  2.57946e-20,  0.0242269  ])
332822  , -1632.53    , array([ 1.43642    ,  0.0676523  ,  8.50037e-34,  2.57946e-20,  0.0242269  ])
332823  , -1632.53    , array([ 1.43642    ,  0.0676523  ,  8.49188e-34,  2.58204e-20,  0.0242269  ])
332824  , -1632.53    , array([ 1.43642    ,  0.0676523  ,  8.49188e-34,  2.57946e-20,  0.0242512  ])
332825  , -1632.53    , array([ 1.43642    ,  0.0676523  ,  8.49188e-34,  2.57946e-20,  0.0242269  ])
332826  , -1632.53    , array([ 1.43642    ,  0.0676523  ,  8.49188e-34,  2.57946e-20,  0.0242269  ])
332827  , -1632.53    , array([ 1.43786    ,  0.0676523  ,  8.49188e-34,  2.57946e-20,  0.0242269  ])
332828  , -1632.53    , array([ 1.43642    ,  0.06772    ,  8.49188e-34,  2.57946e-20,  0.0242269  ])
332829  , -1632.53    , array([ 1.43642    ,  0.0676523  ,  8.50037e-34,  2.57946e-20,  0.0242269  ])
332830  , -1632.53    , array([ 1.43642    ,  0.0676523  ,  8.49188e-34,  2.58204e-20,  0.0242269  ])
332831  , -1632.53    , array([ 1.43642    ,  0.0676523  ,  8.49188e-34,  2.57946e-20,  0.0242512  ])
332832  , -1632.53    , array([ 1.43642    ,  0.0676523  ,  8.49188e-34,  2.57946e-20,  0.0242269  ])
332833  , -1632.53    , array([ 1.43642    ,  0.0676523  ,  8.49188e-34,  2.57946e-20,  0.0242269  ])
332834  , -1632.53    , array([ 1.43786    ,  0.0676523  ,  8.49188e-34,  2.57946e-20,  0.0242269  ])
332835  , -1632.53    , array([ 1.43642    ,  0.06772    ,  8.49188e-34,  2.57946e-20,  0.0242269  ])
332836  , -1632.53    , array([ 1.43642    ,  0.0676523  ,  8.50037e-34,  2.57946e-20,  0.0242269  ])
332837  , -1632.53    , array([ 1.43642    ,  0.0676523  ,  8.49188e-34,  2.58204e-20,  0.0242269  ])
332838  , -1632.53    , array([ 1.43642    ,  0.0676523  ,  8.49188e-34,  2.57946e-20,  0.0242512  ])
332839  , -1632.53    , array([ 1.43642    ,  0.0676523  ,  8.49188e-34,  2.57946e-20,  0.0242269  ])
332840  , -1632.53    , array([ 1.43642    ,  0.0676523  ,  8.49188e-34,  2.57946e-20,  0.0242269  ])
332841  , -1632.53    , array([ 1.43786    ,  0.0676523  ,  8.49188e-34,  2.57946e-20,  0.0242269  ])
332842  , -1632.53    , array([ 1.43642    ,  0.06772    ,  8.49188e-34,  2.57946e-20,  0.0242269  ])
332843  , -1632.53    , array([ 1.43642    ,  0.0676523  ,  8.50037e-34,  2.57946e-20,  0.0242269  ])
332844  , -1632.53    , array([ 1.43642    ,  0.0676523  ,  8.49188e-34,  2.58204e-20,  0.0242269  ])
332845  , -1632.53    , array([ 1.43642    ,  0.0676523  ,  8.49188e-34,  2.57946e-20,  0.0242512  ])
332846  , -1632.53    , array([ 1.43642    ,  0.0676523  ,  8.49188e-34,  2.57946e-20,  0.0242269  ])
332847  , -1632.53    , array([ 1.43642    ,  0.0676523  ,  8.49188e-34,  2.57946e-20,  0.0242269  ])
332848  , -1632.53    , array([ 1.43786    ,  0.0676523  ,  8.49188e-34,  2.57946e-20,  0.0242269  ])
332849  , -1632.53    , array([ 1.43642    ,  0.06772    ,  8.49188e-34,  2.57946e-20,  0.0242269  ])
332850  , -1632.53    , array([ 1.43642    ,  0.0676523  ,  8.50037e-34,  2.57946e-20,  0.0242269  ])
332851  , -1632.53    , array([ 1.43642    ,  0.0676523  ,  8.49188e-34,  2.58204e-20,  0.0242269  ])
332852  , -1632.53    , array([ 1.43642    ,  0.0676523  ,  8.49188e-34,  2.57946e-20,  0.0242512  ])
332853  , -1632.53    , array([ 1.43642    ,  0.0676523  ,  8.49188e-34,  2.57946e-20,  0.0242269  ])
332854  , -1632.53    , array([ 1.43642    ,  0.0676523  ,  8.49188e-34,  2.57946e-20,  0.0242269  ])
332855  , -1632.53    , array([ 1.43786    ,  0.0676523  ,  8.49188e-34,  2.57946e-20,  0.0242269  ])
332856  , -1632.53    , array([ 1.43642    ,  0.06772    ,  8.49188e-34,  2.57946e-20,  0.0242269  ])
332857  , -1632.53    , array([ 1.43642    ,  0.0676523  ,  8.50037e-34,  2.57946e-20,  0.0242269  ])
332858  , -1632.53    , array([ 1.43642    ,  0.0676523  ,  8.49188e-34,  2.58204e-20,  0.0242269  ])
332859  , -1632.53    , array([ 1.43642    ,  0.0676523  ,  8.49188e-34,  2.57946e-20,  0.0242512  ])
332860  , -1632.53    , array([ 1.43642    ,  0.0676523  ,  8.49188e-34,  2.57946e-20,  0.0242269  ])
332861  , -1632.53    , array([ 1.43642    ,  0.0676523  ,  8.49188e-34,  2.57946e-20,  0.0242269  ])
332862  , -1632.53    , array([ 1.43786    ,  0.0676523  ,  8.49188e-34,  2.57946e-20,  0.0242269  ])
332863  , -1632.53    , array([ 1.43642    ,  0.06772    ,  8.49188e-34,  2.57946e-20,  0.0242269  ])
332864  , -1632.53    , array([ 1.43642    ,  0.0676523  ,  8.50037e-34,  2.57946e-20,  0.0242269  ])
332865  , -1632.53    , array([ 1.43642    ,  0.0676523  ,  8.49188e-34,  2.58204e-20,  0.0242269  ])
332866  , -1632.53    , array([ 1.43642    ,  0.0676523  ,  8.49188e-34,  2.57946e-20,  0.0242512  ])
332867  , -1632.53    , array([ 1.43642    ,  0.0676523  ,  8.49188e-34,  2.57946e-20,  0.0242269  ])
332868  , -1632.53    , array([ 1.43642    ,  0.0676523  ,  8.49188e-34,  2.57946e-20,  0.0242269  ])
332869  , -1632.53    , array([ 1.43786    ,  0.0676523  ,  8.49188e-34,  2.57946e-20,  0.0242269  ])
332870  , -1632.53    , array([ 1.43642    ,  0.06772    ,  8.49188e-34,  2.57946e-20,  0.0242269  ])
332871  , -1632.53    , array([ 1.43642    ,  0.0676523  ,  8.50037e-34,  2.57946e-20,  0.0242269  ])
332872  , -1632.53    , array([ 1.43642    ,  0.0676523  ,  8.49188e-34,  2.58204e-20,  0.0242269  ])
332873  , -1632.53    , array([ 1.43642    ,  0.0676523  ,  8.49188e-34,  2.57946e-20,  0.0242512  ])
332874  , -1632.53    , array([ 1.43642    ,  0.0676523  ,  8.49188e-34,  2.57946e-20,  0.0242269  ])
332875  , -1632.53    , array([ 1.43642    ,  0.0676523  ,  8.49188e-34,  2.57946e-20,  0.0242269  ])
332876  , -1632.53    , array([ 1.43786    ,  0.0676523  ,  8.49188e-34,  2.57946e-20,  0.0242269  ])
332877  , -1632.53    , array([ 1.43642    ,  0.06772    ,  8.49188e-34,  2.57946e-20,  0.0242269  ])
332878  , -1632.53    , array([ 1.43642    ,  0.0676523  ,  8.50037e-34,  2.57946e-20,  0.0242269  ])
332879  , -1632.53    , array([ 1.43642    ,  0.0676523  ,  8.49188e-34,  2.58204e-20,  0.0242269  ])
332880  , -1632.53    , array([ 1.43642    ,  0.0676523  ,  8.49188e-34,  2.57946e-20,  0.0242512  ])
332881  , -1632.53    , array([ 1.43642    ,  0.0676523  ,  8.49188e-34,  2.57946e-20,  0.0242269  ])
332882  , -1632.53    , array([ 1.43642    ,  0.0676523  ,  8.49188e-34,  2.57946e-20,  0.0242269  ])
332883  , -1632.53    , array([ 1.43786    ,  0.0676523  ,  8.49188e-34,  2.57946e-20,  0.0242269  ])
332884  , -1632.53    , array([ 1.43642    ,  0.06772    ,  8.49188e-34,  2.57946e-20,  0.0242269  ])
332885  , -1632.53    , array([ 1.43642    ,  0.0676523  ,  8.50037e-34,  2.57946e-20,  0.0242269  ])
332886  , -1632.53    , array([ 1.43642    ,  0.0676523  ,  8.49188e-34,  2.58204e-20,  0.0242269  ])
332887  , -1632.53    , array([ 1.43642    ,  0.0676523  ,  8.49188e-34,  2.57946e-20,  0.0242512  ])
332888  , -1632.53    , array([ 1.43642    ,  0.0676523  ,  8.49188e-34,  2.57946e-20,  0.0242269  ])
332889  , -1632.53    , array([ 1.43642    ,  0.0676523  ,  8.49188e-34,  2.57946e-20,  0.0242269  ])
332890  , -1632.53    , array([ 1.43786    ,  0.0676523  ,  8.49188e-34,  2.57946e-20,  0.0242269  ])
332891  , -1632.53    , array([ 1.43642    ,  0.06772    ,  8.49188e-34,  2.57946e-20,  0.0242269  ])
332892  , -1632.53    , array([ 1.43642    ,  0.0676523  ,  8.50037e-34,  2.57946e-20,  0.0242269  ])
332893  , -1632.53    , array([ 1.43642    ,  0.0676523  ,  8.49188e-34,  2.58204e-20,  0.0242269  ])
332894  , -1632.53    , array([ 1.43642    ,  0.0676523  ,  8.49188e-34,  2.57946e-20,  0.0242512  ])
332895  , -1632.53    , array([ 1.43642    ,  0.0676523  ,  8.49188e-34,  2.57946e-20,  0.0242269  ])
332896  , -1632.53    , array([ 1.43642    ,  0.0676523  ,  8.49188e-34,  2.57946e-20,  0.0242269  ])
332897  , -1632.53    , array([ 1.43786    ,  0.0676523  ,  8.49188e-34,  2.57946e-20,  0.0242269  ])
332898  , -1632.53    , array([ 1.43642    ,  0.06772    ,  8.49188e-34,  2.57946e-20,  0.0242269  ])
332899  , -1632.53    , array([ 1.43642    ,  0.0676523  ,  8.50037e-34,  2.57946e-20,  0.0242269  ])
332900  , -1632.53    , array([ 1.43642    ,  0.0676523  ,  8.49188e-34,  2.58204e-20,  0.0242269  ])
332901  , -1632.53    , array([ 1.43642    ,  0.0676523  ,  8.49188e-34,  2.57946e-20,  0.0242512  ])
332902  , -1632.54    , array([ 1.43651    ,  0.0676507  ,  8.49188e-34,  2.57946e-20,  0.0242264  ])
332903  , -1632.54    , array([ 1.43646    ,  0.0676515  ,  8.49188e-34,  2.57946e-20,  0.0242266  ])
332904  , -1632.54    , array([ 1.43644    ,  0.0676519  ,  8.49188e-34,  2.57946e-20,  0.0242268  ])
332905  , -1632.53    , array([ 1.43643    ,  0.0676521  ,  8.49188e-34,  2.57946e-20,  0.0242268  ])
332906  , -1632.53    , array([ 1.43643    ,  0.0676522  ,  8.49188e-34,  2.57946e-20,  0.0242269  ])
332907  , -1632.53    , array([ 1.43642    ,  0.0676522  ,  8.49188e-34,  2.57946e-20,  0.0242269  ])
332908  , -1632.53    , array([ 1.43642    ,  0.0676523  ,  8.49188e-34,  2.57946e-20,  0.0242269  ])
332909  , -1632.53    , array([ 1.43642    ,  0.0676523  ,  8.49188e-34,  2.57946e-20,  0.0242269  ])
332910  , -1632.53    , array([ 1.43642    ,  0.0676523  ,  8.49188e-34,  2.57946e-20,  0.0242269  ])
332911  , -1632.53    , array([ 1.43642    ,  0.0676523  ,  8.49188e-34,  2.57946e-20,  0.0242269  ])
332912  , -1632.53    , array([ 1.43642    ,  0.0676523  ,  8.49188e-34,  2.57946e-20,  0.0242269  ])
332913  , -1632.53    , array([ 1.43642    ,  0.0676523  ,  8.49188e-34,  2.57946e-20,  0.0242269  ])
