73585   , -47424.1    , array([ 0.444514   ,  0.0917777  ,  1.31883e-22,  4.72118e-79,  0.00302813 ])
73586   , -47426.5    , array([ 0.444959   ,  0.0917777  ,  1.31883e-22,  4.72118e-79,  0.00302813 ])
73587   , -47444.2    , array([ 0.444514   ,  0.0918695  ,  1.31883e-22,  4.72118e-79,  0.00302813 ])
73588   , -47424.1    , array([ 0.444514   ,  0.0917777  ,  1.32015e-22,  4.72118e-79,  0.00302813 ])
73589   , -47424.1    , array([ 0.444514   ,  0.0917777  ,  1.31883e-22,  4.7259e-79 ,  0.00302813 ])
73590   , -47401.6    , array([ 0.444514   ,  0.0917777  ,  1.31883e-22,  4.72118e-79,  0.00303116 ])
73591   , -47424.1    , array([ 0.444514   ,  0.0917777  ,  1.31883e-22,  4.72118e-79,  0.00302813 ])
73592   , -13111.8    , array([ 0.410454   ,  0.046964   ,  1.31883e-22,  4.72118e-79,  0.00642066 ])
73593   , -13111.8    , array([ 0.410454   ,  0.046964   ,  1.31883e-22,  4.72118e-79,  0.00642066 ])
73594   , -13112.5    , array([ 0.410865   ,  0.046964   ,  1.31883e-22,  4.72118e-79,  0.00642066 ])
73595   , -13132.5    , array([ 0.410454   ,  0.047011   ,  1.31883e-22,  4.72118e-79,  0.00642066 ])
73596   , -13111.8    , array([ 0.410454   ,  0.046964   ,  1.32015e-22,  4.72118e-79,  0.00642066 ])
73597   , -13111.8    , array([ 0.410454   ,  0.046964   ,  1.31883e-22,  4.7259e-79 ,  0.00642066 ])
73598   , -13090.3    , array([ 0.410454   ,  0.046964   ,  1.31883e-22,  4.72118e-79,  0.00642708 ])
73599   , -1.40415e+06, array([ 0.298389   ,  0.00322017 ,  1.31883e-22,  4.72118e-79,  0.129776   ])
73600   , -1.40415e+06, array([ 0.298389   ,  0.00322017 ,  1.31883e-22,  4.72118e-79,  0.129776   ])
73601   , -1.40413e+06, array([ 0.298687   ,  0.00322017 ,  1.31883e-22,  4.72118e-79,  0.129776   ])
73602   , -1.40273e+06, array([ 0.298389   ,  0.00322339 ,  1.31883e-22,  4.72118e-79,  0.129776   ])
73603   , -1.40415e+06, array([ 0.298389   ,  0.00322017 ,  1.32015e-22,  4.72118e-79,  0.129776   ])
73604   , -1.40415e+06, array([ 0.298389   ,  0.00322017 ,  1.31883e-22,  4.7259e-79 ,  0.129776   ])
73605   , -1.40558e+06, array([ 0.298389   ,  0.00322017 ,  1.31883e-22,  4.72118e-79,  0.129906   ])
73606   , -7233.75    , array([ 0.377254   ,  0.023115   ,  1.31883e-22,  4.72118e-79,  0.0142214  ])
73607   , -7233.75    , array([ 0.377254   ,  0.023115   ,  1.31883e-22,  4.72118e-79,  0.0142214  ])
73608   , -7232.51    , array([ 0.377631   ,  0.023115   ,  1.31883e-22,  4.72118e-79,  0.0142214  ])
73609   , -7215.58    , array([ 0.377254   ,  0.0231381  ,  1.31883e-22,  4.72118e-79,  0.0142214  ])
73610   , -7233.75    , array([ 0.377254   ,  0.023115   ,  1.32015e-22,  4.72118e-79,  0.0142214  ])
73611   , -7233.75    , array([ 0.377254   ,  0.023115   ,  1.31883e-22,  4.7259e-79 ,  0.0142214  ])
73612   , -7252.11    , array([ 0.377254   ,  0.023115   ,  1.31883e-22,  4.72118e-79,  0.0142356  ])
73620   , -7222.77    , array([ 0.374814   ,  0.0233046  ,  1.31883e-22,  4.72118e-79,  0.0143219  ])
73621   , -7222.77    , array([ 0.374814   ,  0.0233046  ,  1.31883e-22,  4.72118e-79,  0.0143219  ])
73622   , -7221.5     , array([ 0.375189   ,  0.0233046  ,  1.31883e-22,  4.72118e-79,  0.0143219  ])
73623   , -7204.66    , array([ 0.374814   ,  0.0233279  ,  1.31883e-22,  4.72118e-79,  0.0143219  ])
73624   , -7222.77    , array([ 0.374814   ,  0.0233046  ,  1.32015e-22,  4.72118e-79,  0.0143219  ])
73625   , -7222.77    , array([ 0.374814   ,  0.0233046  ,  1.31883e-22,  4.7259e-79 ,  0.0143219  ])
73626   , -7241.11    , array([ 0.374814   ,  0.0233046  ,  1.31883e-22,  4.72118e-79,  0.0143362  ])
73627   , -7202.18    , array([ 0.369928   ,  0.0236927  ,  1.31883e-22,  4.72118e-79,  0.0145274  ])
73628   , -7202.18    , array([ 0.369928   ,  0.0236927  ,  1.31883e-22,  4.72118e-79,  0.0145274  ])
73629   , -7200.84    , array([ 0.370298   ,  0.0236927  ,  1.31883e-22,  4.72118e-79,  0.0145274  ])
73630   , -7184.19    , array([ 0.369928   ,  0.0237164  ,  1.31883e-22,  4.72118e-79,  0.0145274  ])
73631   , -7202.18    , array([ 0.369928   ,  0.0236927  ,  1.32015e-22,  4.72118e-79,  0.0145274  ])
73632   , -7202.18    , array([ 0.369928   ,  0.0236927  ,  1.31883e-22,  4.7259e-79 ,  0.0145274  ])
73633   , -7220.47    , array([ 0.369928   ,  0.0236927  ,  1.31883e-22,  4.72118e-79,  0.0145419  ])
73634   , -7134.83    , array([ 0.400673   ,  0.0258436  ,  1.31883e-22,  4.72118e-79,  0.0158614  ])
73635   , -7134.83    , array([ 0.400673   ,  0.0258436  ,  1.31883e-22,  4.72118e-79,  0.0158614  ])
73636   , -7133.49    , array([ 0.401074   ,  0.0258436  ,  1.31883e-22,  4.72118e-79,  0.0158614  ])
73637   , -7116.9     , array([ 0.400673   ,  0.0258695  ,  1.31883e-22,  4.72118e-79,  0.0158614  ])
73638   , -7134.83    , array([ 0.400673   ,  0.0258436  ,  1.32015e-22,  4.72118e-79,  0.0158614  ])
73639   , -7134.83    , array([ 0.400673   ,  0.0258436  ,  1.31883e-22,  4.7259e-79 ,  0.0158614  ])
73640   , -7153.06    , array([ 0.400673   ,  0.0258436  ,  1.31883e-22,  4.72118e-79,  0.0158773  ])
73641   , -6871.09    , array([ 0.551416   ,  0.0365856  ,  1.31883e-22,  4.72118e-79,  0.02254    ])
73642   , -6871.09    , array([ 0.551416   ,  0.0365856  ,  1.31883e-22,  4.72118e-79,  0.02254    ])
73643   , -6869.77    , array([ 0.551967   ,  0.0365856  ,  1.31883e-22,  4.72118e-79,  0.02254    ])
73644   , -6853.42    , array([ 0.551416   ,  0.0366222  ,  1.31883e-22,  4.72118e-79,  0.02254    ])
73645   , -6871.09    , array([ 0.551416   ,  0.0365856  ,  1.32015e-22,  4.72118e-79,  0.02254    ])
73646   , -6871.09    , array([ 0.551416   ,  0.0365856  ,  1.31883e-22,  4.7259e-79 ,  0.02254    ])
73647   , -6889.1     , array([ 0.551416   ,  0.0365856  ,  1.31883e-22,  4.72118e-79,  0.0225626  ])
73648   , -7956.96    , array([ 1.97804    ,  0.146939   ,  1.31883e-22,  4.72118e-79,  0.0919192  ])
73649   , -7956.96    , array([ 1.97804    ,  0.146939   ,  1.31883e-22,  4.72118e-79,  0.0919192  ])
73650   , -7956.69    , array([ 1.98002    ,  0.146939   ,  1.31883e-22,  4.72118e-79,  0.0919192  ])
73651   , -7940.75    , array([ 1.97804    ,  0.147086   ,  1.31883e-22,  4.72118e-79,  0.0919192  ])
73652   , -7956.96    , array([ 1.97804    ,  0.146939   ,  1.32015e-22,  4.72118e-79,  0.0919192  ])
73653   , -7956.96    , array([ 1.97804    ,  0.146939   ,  1.31883e-22,  4.7259e-79 ,  0.0919192  ])
73654   , -7977.05    , array([ 1.97804    ,  0.146939   ,  1.31883e-22,  4.72118e-79,  0.0920111  ])
73655   , -6647.04    , array([ 0.829483   ,  0.057059   ,  1.31883e-22,  4.72118e-79,  0.0353253  ])
73656   , -6647.04    , array([ 0.829483   ,  0.057059   ,  1.31883e-22,  4.72118e-79,  0.0353253  ])
73657   , -6645.87    , array([ 0.830313   ,  0.057059   ,  1.31883e-22,  4.72118e-79,  0.0353253  ])
73658   , -6629.77    , array([ 0.829483   ,  0.0571161  ,  1.31883e-22,  4.72118e-79,  0.0353253  ])
73659   , -6647.04    , array([ 0.829483   ,  0.057059   ,  1.32015e-22,  4.72118e-79,  0.0353253  ])
73660   , -6647.04    , array([ 0.829483   ,  0.057059   ,  1.31883e-22,  4.7259e-79 ,  0.0353253  ])
73661   , -6665.03    , array([ 0.829483   ,  0.057059   ,  1.31883e-22,  4.72118e-79,  0.0353606  ])
73662   , -5595.58    , array([ 0.832079   ,  0.0553147  ,  1.31883e-22,  4.72118e-79,  0.0322212  ])
73663   , -5595.58    , array([ 0.832079   ,  0.0553147  ,  1.31883e-22,  4.72118e-79,  0.0322212  ])
73664   , -5594.56    , array([ 0.832912   ,  0.0553147  ,  1.31883e-22,  4.72118e-79,  0.0322212  ])
73665   , -5580.23    , array([ 0.832079   ,  0.0553701  ,  1.31883e-22,  4.72118e-79,  0.0322212  ])
73666   , -5595.58    , array([ 0.832079   ,  0.0553147  ,  1.32015e-22,  4.72118e-79,  0.0322212  ])
73667   , -5595.58    , array([ 0.832079   ,  0.0553147  ,  1.31883e-22,  4.7259e-79 ,  0.0322212  ])
73668   , -5611.44    , array([ 0.832079   ,  0.0553147  ,  1.31883e-22,  4.72118e-79,  0.0322534  ])
73669   , -3784.77    , array([ 1.05891    ,  0.0695494  ,  1.31883e-22,  4.72118e-79,  0.0357154  ])
73670   , -3784.77    , array([ 1.05891    ,  0.0695494  ,  1.31883e-22,  4.72118e-79,  0.0357154  ])
73671   , -3784.1     , array([ 1.05997    ,  0.0695494  ,  1.31883e-22,  4.72118e-79,  0.0357154  ])
73672   , -3773.74    , array([ 1.05891    ,  0.069619   ,  1.31883e-22,  4.72118e-79,  0.0357154  ])
73673   , -3784.77    , array([ 1.05891    ,  0.0695494  ,  1.32015e-22,  4.72118e-79,  0.0357154  ])
73674   , -3784.77    , array([ 1.05891    ,  0.0695494  ,  1.31883e-22,  4.7259e-79 ,  0.0357154  ])
73675   , -3796.44    , array([ 1.05891    ,  0.0695494  ,  1.31883e-22,  4.72118e-79,  0.0357512  ])
73676   , -1893.76    , array([ 0.676299   ,  0.0392189  ,  1.31883e-22,  4.72118e-79,  0.0147946  ])
73677   , -1893.76    , array([ 0.676299   ,  0.0392189  ,  1.31883e-22,  4.72118e-79,  0.0147946  ])
73678   , -1893.39    , array([ 0.676975   ,  0.0392189  ,  1.31883e-22,  4.72118e-79,  0.0147946  ])
73679   , -1891.68    , array([ 0.676299   ,  0.0392581  ,  1.31883e-22,  4.72118e-79,  0.0147946  ])
73680   , -1893.76    , array([ 0.676299   ,  0.0392189  ,  1.32015e-22,  4.72118e-79,  0.0147946  ])
73681   , -1893.76    , array([ 0.676299   ,  0.0392189  ,  1.31883e-22,  4.7259e-79 ,  0.0147946  ])
73682   , -1895.71    , array([ 0.676299   ,  0.0392189  ,  1.31883e-22,  4.72118e-79,  0.0148094  ])
73683   , -1658.01    , array([ 1.09239    ,  0.0607103  ,  1.31883e-22,  4.72118e-79,  0.0216389  ])
73684   , -1658.01    , array([ 1.09239    ,  0.0607103  ,  1.31883e-22,  4.72118e-79,  0.0216389  ])
73685   , -1657.86    , array([ 1.09348    ,  0.0607103  ,  1.31883e-22,  4.72118e-79,  0.0216389  ])
73686   , -1657.99    , array([ 1.09239    ,  0.060771   ,  1.31883e-22,  4.72118e-79,  0.0216389  ])
73687   , -1658.01    , array([ 1.09239    ,  0.0607103  ,  1.32015e-22,  4.72118e-79,  0.0216389  ])
73688   , -1658.01    , array([ 1.09239    ,  0.0607103  ,  1.31883e-22,  4.7259e-79 ,  0.0216389  ])
73689   , -1658       , array([ 1.09239    ,  0.0607103  ,  1.31883e-22,  4.72118e-79,  0.0216605  ])
73690   , -1641.79    , array([ 1.45855    ,  0.077951   ,  1.31883e-22,  4.72118e-79,  0.0277769  ])
73691   , -1641.79    , array([ 1.45855    ,  0.077951   ,  1.31883e-22,  4.72118e-79,  0.0277769  ])
73692   , -1641.77    , array([ 1.46001    ,  0.077951   ,  1.31883e-22,  4.72118e-79,  0.0277769  ])
73693   , -1642.03    , array([ 1.45855    ,  0.078029   ,  1.31883e-22,  4.72118e-79,  0.0277769  ])
73694   , -1641.79    , array([ 1.45855    ,  0.077951   ,  1.32015e-22,  4.72118e-79,  0.0277769  ])
73695   , -1641.79    , array([ 1.45855    ,  0.077951   ,  1.31883e-22,  4.7259e-79 ,  0.0277769  ])
73696   , -1641.75    , array([ 1.45855    ,  0.077951   ,  1.31883e-22,  4.72118e-79,  0.0278047  ])
73697   , -1635.16    , array([ 1.31265    ,  0.0687572  ,  1.31883e-22,  4.72118e-79,  0.0245361  ])
73698   , -1635.16    , array([ 1.31265    ,  0.0687572  ,  1.31883e-22,  4.72118e-79,  0.0245361  ])
73699   , -1635.1     , array([ 1.31396    ,  0.0687572  ,  1.31883e-22,  4.72118e-79,  0.0245361  ])
73700   , -1635.24    , array([ 1.31265    ,  0.068826   ,  1.31883e-22,  4.72118e-79,  0.0245361  ])
73701   , -1635.16    , array([ 1.31265    ,  0.0687572  ,  1.32015e-22,  4.72118e-79,  0.0245361  ])
73702   , -1635.16    , array([ 1.31265    ,  0.0687572  ,  1.31883e-22,  4.7259e-79 ,  0.0245361  ])
73703   , -1635.12    , array([ 1.31265    ,  0.0687572  ,  1.31883e-22,  4.72118e-79,  0.0245607  ])
73704   , -1633.75    , array([ 1.34681    ,  0.0686064  ,  1.31883e-22,  4.72118e-79,  0.0245176  ])
73705   , -1633.75    , array([ 1.34681    ,  0.0686064  ,  1.31883e-22,  4.72118e-79,  0.0245176  ])
73706   , -1633.7     , array([ 1.34815    ,  0.0686064  ,  1.31883e-22,  4.72118e-79,  0.0245176  ])
73707   , -1633.79    , array([ 1.34681    ,  0.068675   ,  1.31883e-22,  4.72118e-79,  0.0245176  ])
73708   , -1633.75    , array([ 1.34681    ,  0.0686064  ,  1.32015e-22,  4.72118e-79,  0.0245176  ])
73709   , -1633.75    , array([ 1.34681    ,  0.0686064  ,  1.31883e-22,  4.7259e-79 ,  0.0245176  ])
73710   , -1633.73    , array([ 1.34681    ,  0.0686064  ,  1.31883e-22,  4.72118e-79,  0.0245422  ])
73711   , -1632.48    , array([ 1.42558    ,  0.0678376  ,  1.31883e-22,  4.72118e-79,  0.0242987  ])
73712   , -1632.48    , array([ 1.42558    ,  0.0678376  ,  1.31883e-22,  4.72118e-79,  0.0242987  ])
73713   , -1632.47    , array([ 1.42701    ,  0.0678376  ,  1.31883e-22,  4.72118e-79,  0.0242987  ])
73714   , -1632.47    , array([ 1.42558    ,  0.0679054  ,  1.31883e-22,  4.72118e-79,  0.0242987  ])
73715   , -1632.48    , array([ 1.42558    ,  0.0678376  ,  1.32015e-22,  4.72118e-79,  0.0242987  ])
73716   , -1632.48    , array([ 1.42558    ,  0.0678376  ,  1.31883e-22,  4.7259e-79 ,  0.0242987  ])
73717   , -1632.49    , array([ 1.42558    ,  0.0678376  ,  1.31883e-22,  4.72118e-79,  0.024323   ])
73718   , -1632.52    , array([ 1.43549    ,  0.0676767  ,  1.31883e-22,  4.72118e-79,  0.0242378  ])
73719   , -1632.52    , array([ 1.43549    ,  0.0676767  ,  1.31883e-22,  4.72118e-79,  0.0242378  ])
73720   , -1632.52    , array([ 1.43692    ,  0.0676767  ,  1.31883e-22,  4.72118e-79,  0.0242378  ])
73721   , -1632.52    , array([ 1.43549    ,  0.0677444  ,  1.31883e-22,  4.72118e-79,  0.0242378  ])
73722   , -1632.52    , array([ 1.43549    ,  0.0676767  ,  1.32015e-22,  4.72118e-79,  0.0242378  ])
73723   , -1632.52    , array([ 1.43549    ,  0.0676767  ,  1.31883e-22,  4.7259e-79 ,  0.0242378  ])
73724   , -1632.53    , array([ 1.43549    ,  0.0676767  ,  1.31883e-22,  4.72118e-79,  0.0242621  ])
73725   , -1632.48    , array([ 1.42677    ,  0.0678183  ,  1.31883e-22,  4.72118e-79,  0.0242914  ])
73726   , -1632.48    , array([ 1.42677    ,  0.0678183  ,  1.31883e-22,  4.72118e-79,  0.0242914  ])
73727   , -1632.48    , array([ 1.42819    ,  0.0678183  ,  1.31883e-22,  4.72118e-79,  0.0242914  ])
73728   , -1632.48    , array([ 1.42677    ,  0.0678861  ,  1.31883e-22,  4.72118e-79,  0.0242914  ])
73729   , -1632.48    , array([ 1.42677    ,  0.0678183  ,  1.32015e-22,  4.72118e-79,  0.0242914  ])
73730   , -1632.48    , array([ 1.42677    ,  0.0678183  ,  1.31883e-22,  4.7259e-79 ,  0.0242914  ])
73731   , -1632.49    , array([ 1.42677    ,  0.0678183  ,  1.31883e-22,  4.72118e-79,  0.0243157  ])
73732   , -1632.48    , array([ 1.42574    ,  0.067835   ,  1.31883e-22,  4.72118e-79,  0.0242977  ])
73733   , -1632.48    , array([ 1.42574    ,  0.067835   ,  1.31883e-22,  4.72118e-79,  0.0242977  ])
73734   , -1632.48    , array([ 1.42717    ,  0.067835   ,  1.31883e-22,  4.72118e-79,  0.0242977  ])
73735   , -1632.47    , array([ 1.42574    ,  0.0679028  ,  1.31883e-22,  4.72118e-79,  0.0242977  ])
73736   , -1632.48    , array([ 1.42574    ,  0.067835   ,  1.32015e-22,  4.72118e-79,  0.0242977  ])
73737   , -1632.48    , array([ 1.42574    ,  0.067835   ,  1.31883e-22,  4.7259e-79 ,  0.0242977  ])
73738   , -1632.49    , array([ 1.42574    ,  0.067835   ,  1.31883e-22,  4.72118e-79,  0.024322   ])
73739   , -1632.48    , array([ 1.42561    ,  0.0678372  ,  1.31883e-22,  4.72118e-79,  0.0242986  ])
73740   , -1632.48    , array([ 1.42561    ,  0.0678372  ,  1.31883e-22,  4.72118e-79,  0.0242986  ])
73741   , -1632.47    , array([ 1.42703    ,  0.0678372  ,  1.31883e-22,  4.72118e-79,  0.0242986  ])
73742   , -1632.47    , array([ 1.42561    ,  0.0679051  ,  1.31883e-22,  4.72118e-79,  0.0242986  ])
73743   , -1632.48    , array([ 1.42561    ,  0.0678372  ,  1.32015e-22,  4.72118e-79,  0.0242986  ])
73744   , -1632.48    , array([ 1.42561    ,  0.0678372  ,  1.31883e-22,  4.7259e-79 ,  0.0242986  ])
73745   , -1632.49    , array([ 1.42561    ,  0.0678372  ,  1.31883e-22,  4.72118e-79,  0.0243229  ])
73746   , -1632.48    , array([ 1.42559    ,  0.0678375  ,  1.31883e-22,  4.72118e-79,  0.0242987  ])
73747   , -1632.48    , array([ 1.42559    ,  0.0678375  ,  1.31883e-22,  4.72118e-79,  0.0242987  ])
73748   , -1632.47    , array([ 1.42701    ,  0.0678375  ,  1.31883e-22,  4.72118e-79,  0.0242987  ])
73749   , -1632.47    , array([ 1.42559    ,  0.0679054  ,  1.31883e-22,  4.72118e-79,  0.0242987  ])
73750   , -1632.48    , array([ 1.42559    ,  0.0678375  ,  1.32015e-22,  4.72118e-79,  0.0242987  ])
73751   , -1632.48    , array([ 1.42559    ,  0.0678375  ,  1.31883e-22,  4.7259e-79 ,  0.0242987  ])
73752   , -1632.49    , array([ 1.42559    ,  0.0678375  ,  1.31883e-22,  4.72118e-79,  0.024323   ])
73753   , -1632.48    , array([ 1.42558    ,  0.0678376  ,  1.31883e-22,  4.72118e-79,  0.0242987  ])
73754   , -1632.48    , array([ 1.42558    ,  0.0678376  ,  1.31883e-22,  4.72118e-79,  0.0242987  ])
73755   , -1632.47    , array([ 1.42701    ,  0.0678376  ,  1.31883e-22,  4.72118e-79,  0.0242987  ])
73756   , -1632.47    , array([ 1.42558    ,  0.0679054  ,  1.31883e-22,  4.72118e-79,  0.0242987  ])
73757   , -1632.48    , array([ 1.42558    ,  0.0678376  ,  1.32015e-22,  4.72118e-79,  0.0242987  ])
73758   , -1632.48    , array([ 1.42558    ,  0.0678376  ,  1.31883e-22,  4.7259e-79 ,  0.0242987  ])
73759   , -1632.49    , array([ 1.42558    ,  0.0678376  ,  1.31883e-22,  4.72118e-79,  0.024323   ])
73760   , -1632.48    , array([ 1.42558    ,  0.0678376  ,  1.31883e-22,  4.72118e-79,  0.0242987  ])
73761   , -1632.48    , array([ 1.42558    ,  0.0678376  ,  1.31883e-22,  4.72118e-79,  0.0242987  ])
73762   , -1632.47    , array([ 1.42701    ,  0.0678376  ,  1.31883e-22,  4.72118e-79,  0.0242987  ])
73763   , -1632.47    , array([ 1.42558    ,  0.0679054  ,  1.31883e-22,  4.72118e-79,  0.0242987  ])
73764   , -1632.48    , array([ 1.42558    ,  0.0678376  ,  1.32015e-22,  4.72118e-79,  0.0242987  ])
73765   , -1632.48    , array([ 1.42558    ,  0.0678376  ,  1.31883e-22,  4.7259e-79 ,  0.0242987  ])
73766   , -1632.49    , array([ 1.42558    ,  0.0678376  ,  1.31883e-22,  4.72118e-79,  0.024323   ])
73767   , -1632.48    , array([ 1.42558    ,  0.0678376  ,  1.31883e-22,  4.72118e-79,  0.0242987  ])
73768   , -1632.48    , array([ 1.42558    ,  0.0678376  ,  1.31883e-22,  4.72118e-79,  0.0242987  ])
73769   , -1632.47    , array([ 1.42701    ,  0.0678376  ,  1.31883e-22,  4.72118e-79,  0.0242987  ])
73770   , -1632.47    , array([ 1.42558    ,  0.0679054  ,  1.31883e-22,  4.72118e-79,  0.0242987  ])
73771   , -1632.48    , array([ 1.42558    ,  0.0678376  ,  1.32015e-22,  4.72118e-79,  0.0242987  ])
73772   , -1632.48    , array([ 1.42558    ,  0.0678376  ,  1.31883e-22,  4.7259e-79 ,  0.0242987  ])
73773   , -1632.49    , array([ 1.42558    ,  0.0678376  ,  1.31883e-22,  4.72118e-79,  0.024323   ])
73774   , -1632.48    , array([ 1.42558    ,  0.0678376  ,  1.31883e-22,  4.72118e-79,  0.0242987  ])
73775   , -1632.48    , array([ 1.42558    ,  0.0678376  ,  1.31883e-22,  4.72118e-79,  0.0242987  ])
73776   , -1632.47    , array([ 1.42701    ,  0.0678376  ,  1.31883e-22,  4.72118e-79,  0.0242987  ])
73777   , -1632.47    , array([ 1.42558    ,  0.0679054  ,  1.31883e-22,  4.72118e-79,  0.0242987  ])
73778   , -1632.48    , array([ 1.42558    ,  0.0678376  ,  1.32015e-22,  4.72118e-79,  0.0242987  ])
73779   , -1632.48    , array([ 1.42558    ,  0.0678376  ,  1.31883e-22,  4.7259e-79 ,  0.0242987  ])
73780   , -1632.49    , array([ 1.42558    ,  0.0678376  ,  1.31883e-22,  4.72118e-79,  0.024323   ])
73781   , -1632.48    , array([ 1.42558    ,  0.0678376  ,  1.31883e-22,  4.72118e-79,  0.0242987  ])
73782   , -1632.48    , array([ 1.42558    ,  0.0678376  ,  1.31883e-22,  4.72118e-79,  0.0242987  ])
73783   , -1632.47    , array([ 1.42701    ,  0.0678376  ,  1.31883e-22,  4.72118e-79,  0.0242987  ])
73784   , -1632.47    , array([ 1.42558    ,  0.0679054  ,  1.31883e-22,  4.72118e-79,  0.0242987  ])
73785   , -1632.48    , array([ 1.42558    ,  0.0678376  ,  1.32015e-22,  4.72118e-79,  0.0242987  ])
73786   , -1632.48    , array([ 1.42558    ,  0.0678376  ,  1.31883e-22,  4.7259e-79 ,  0.0242987  ])
73787   , -1632.49    , array([ 1.42558    ,  0.0678376  ,  1.31883e-22,  4.72118e-79,  0.024323   ])
73788   , -1632.48    , array([ 1.42558    ,  0.0678376  ,  1.31883e-22,  4.72118e-79,  0.0242987  ])
73789   , -1632.48    , array([ 1.42558    ,  0.0678376  ,  1.31883e-22,  4.72118e-79,  0.0242987  ])
73790   , -1632.47    , array([ 1.42701    ,  0.0678376  ,  1.31883e-22,  4.72118e-79,  0.0242987  ])
73791   , -1632.47    , array([ 1.42558    ,  0.0679054  ,  1.31883e-22,  4.72118e-79,  0.0242987  ])
73792   , -1632.48    , array([ 1.42558    ,  0.0678376  ,  1.32015e-22,  4.72118e-79,  0.0242987  ])
73793   , -1632.48    , array([ 1.42558    ,  0.0678376  ,  1.31883e-22,  4.7259e-79 ,  0.0242987  ])
73794   , -1632.49    , array([ 1.42558    ,  0.0678376  ,  1.31883e-22,  4.72118e-79,  0.024323   ])
73795   , -1632.48    , array([ 1.42558    ,  0.0678376  ,  1.31883e-22,  4.72118e-79,  0.0242987  ])
73796   , -1632.48    , array([ 1.42558    ,  0.0678376  ,  1.31883e-22,  4.72118e-79,  0.0242987  ])
73797   , -1632.47    , array([ 1.42701    ,  0.0678376  ,  1.31883e-22,  4.72118e-79,  0.0242987  ])
73798   , -1632.47    , array([ 1.42558    ,  0.0679054  ,  1.31883e-22,  4.72118e-79,  0.0242987  ])
73799   , -1632.48    , array([ 1.42558    ,  0.0678376  ,  1.32015e-22,  4.72118e-79,  0.0242987  ])
73800   , -1632.48    , array([ 1.42558    ,  0.0678376  ,  1.31883e-22,  4.7259e-79 ,  0.0242987  ])
73801   , -1632.49    , array([ 1.42558    ,  0.0678376  ,  1.31883e-22,  4.72118e-79,  0.024323   ])
73802   , -1632.48    , array([ 1.42558    ,  0.0678376  ,  1.31883e-22,  4.72118e-79,  0.0242987  ])
73803   , -1632.48    , array([ 1.42558    ,  0.0678376  ,  1.31883e-22,  4.72118e-79,  0.0242987  ])
73804   , -1632.47    , array([ 1.42701    ,  0.0678376  ,  1.31883e-22,  4.72118e-79,  0.0242987  ])
73805   , -1632.47    , array([ 1.42558    ,  0.0679054  ,  1.31883e-22,  4.72118e-79,  0.0242987  ])
73806   , -1632.48    , array([ 1.42558    ,  0.0678376  ,  1.32015e-22,  4.72118e-79,  0.0242987  ])
73807   , -1632.48    , array([ 1.42558    ,  0.0678376  ,  1.31883e-22,  4.7259e-79 ,  0.0242987  ])
73808   , -1632.49    , array([ 1.42558    ,  0.0678376  ,  1.31883e-22,  4.72118e-79,  0.024323   ])
73809   , -1632.48    , array([ 1.42558    ,  0.0678376  ,  1.31883e-22,  4.72118e-79,  0.0242987  ])
73810   , -1632.48    , array([ 1.42558    ,  0.0678376  ,  1.31883e-22,  4.72118e-79,  0.0242987  ])
73811   , -1632.47    , array([ 1.42701    ,  0.0678376  ,  1.31883e-22,  4.72118e-79,  0.0242987  ])
73812   , -1632.47    , array([ 1.42558    ,  0.0679054  ,  1.31883e-22,  4.72118e-79,  0.0242987  ])
73813   , -1632.48    , array([ 1.42558    ,  0.0678376  ,  1.32015e-22,  4.72118e-79,  0.0242987  ])
73814   , -1632.48    , array([ 1.42558    ,  0.0678376  ,  1.31883e-22,  4.7259e-79 ,  0.0242987  ])
73815   , -1632.49    , array([ 1.42558    ,  0.0678376  ,  1.31883e-22,  4.72118e-79,  0.024323   ])
73816   , -1632.48    , array([ 1.42558    ,  0.0678376  ,  1.31883e-22,  4.72118e-79,  0.0242987  ])
73817   , -1632.48    , array([ 1.42558    ,  0.0678376  ,  1.31883e-22,  4.72118e-79,  0.0242987  ])
73818   , -1632.47    , array([ 1.42701    ,  0.0678376  ,  1.31883e-22,  4.72118e-79,  0.0242987  ])
73819   , -1632.47    , array([ 1.42558    ,  0.0679054  ,  1.31883e-22,  4.72118e-79,  0.0242987  ])
73820   , -1632.48    , array([ 1.42558    ,  0.0678376  ,  1.32015e-22,  4.72118e-79,  0.0242987  ])
73821   , -1632.48    , array([ 1.42558    ,  0.0678376  ,  1.31883e-22,  4.7259e-79 ,  0.0242987  ])
73822   , -1632.49    , array([ 1.42558    ,  0.0678376  ,  1.31883e-22,  4.72118e-79,  0.024323   ])
73823   , -1632.48    , array([ 1.42558    ,  0.0678376  ,  1.31883e-22,  4.72118e-79,  0.0242987  ])
73824   , -1632.48    , array([ 1.42558    ,  0.0678376  ,  1.31883e-22,  4.72118e-79,  0.0242987  ])
73825   , -1632.47    , array([ 1.42701    ,  0.0678376  ,  1.31883e-22,  4.72118e-79,  0.0242987  ])
73826   , -1632.47    , array([ 1.42558    ,  0.0679054  ,  1.31883e-22,  4.72118e-79,  0.0242987  ])
73827   , -1632.48    , array([ 1.42558    ,  0.0678376  ,  1.32015e-22,  4.72118e-79,  0.0242987  ])
73828   , -1632.48    , array([ 1.42558    ,  0.0678376  ,  1.31883e-22,  4.7259e-79 ,  0.0242987  ])
73829   , -1632.49    , array([ 1.42558    ,  0.0678376  ,  1.31883e-22,  4.72118e-79,  0.024323   ])
73830   , -1632.48    , array([ 1.42558    ,  0.0678376  ,  1.31883e-22,  4.72118e-79,  0.0242987  ])
73831   , -1632.48    , array([ 1.42558    ,  0.0678376  ,  1.31883e-22,  4.72118e-79,  0.0242987  ])
73832   , -1632.47    , array([ 1.42701    ,  0.0678376  ,  1.31883e-22,  4.72118e-79,  0.0242987  ])
73833   , -1632.47    , array([ 1.42558    ,  0.0679054  ,  1.31883e-22,  4.72118e-79,  0.0242987  ])
73834   , -1632.48    , array([ 1.42558    ,  0.0678376  ,  1.32015e-22,  4.72118e-79,  0.0242987  ])
73835   , -1632.48    , array([ 1.42558    ,  0.0678376  ,  1.31883e-22,  4.7259e-79 ,  0.0242987  ])
73836   , -1632.49    , array([ 1.42558    ,  0.0678376  ,  1.31883e-22,  4.72118e-79,  0.024323   ])
73837   , -1632.48    , array([ 1.42558    ,  0.0678376  ,  1.31883e-22,  4.72118e-79,  0.0242987  ])
73838   , -1632.48    , array([ 1.42558    ,  0.0678376  ,  1.31883e-22,  4.72118e-79,  0.0242987  ])
73839   , -1632.47    , array([ 1.42701    ,  0.0678376  ,  1.31883e-22,  4.72118e-79,  0.0242987  ])
73840   , -1632.47    , array([ 1.42558    ,  0.0679054  ,  1.31883e-22,  4.72118e-79,  0.0242987  ])
73841   , -1632.48    , array([ 1.42558    ,  0.0678376  ,  1.32015e-22,  4.72118e-79,  0.0242987  ])
73842   , -1632.48    , array([ 1.42558    ,  0.0678376  ,  1.31883e-22,  4.7259e-79 ,  0.0242987  ])
73843   , -1632.49    , array([ 1.42558    ,  0.0678376  ,  1.31883e-22,  4.72118e-79,  0.024323   ])
73844   , -1632.48    , array([ 1.42558    ,  0.0678376  ,  1.31883e-22,  4.72118e-79,  0.0242987  ])
73845   , -1632.48    , array([ 1.42558    ,  0.0678376  ,  1.31883e-22,  4.72118e-79,  0.0242987  ])
73846   , -1632.47    , array([ 1.42701    ,  0.0678376  ,  1.31883e-22,  4.72118e-79,  0.0242987  ])
73847   , -1632.47    , array([ 1.42558    ,  0.0679054  ,  1.31883e-22,  4.72118e-79,  0.0242987  ])
73848   , -1632.48    , array([ 1.42558    ,  0.0678376  ,  1.32015e-22,  4.72118e-79,  0.0242987  ])
73849   , -1632.48    , array([ 1.42558    ,  0.0678376  ,  1.31883e-22,  4.7259e-79 ,  0.0242987  ])
73850   , -1632.49    , array([ 1.42558    ,  0.0678376  ,  1.31883e-22,  4.72118e-79,  0.024323   ])
73851   , -1632.48    , array([ 1.42558    ,  0.0678376  ,  1.31883e-22,  4.72118e-79,  0.0242987  ])
73852   , -1632.48    , array([ 1.42558    ,  0.0678376  ,  1.31883e-22,  4.72118e-79,  0.0242987  ])
73853   , -1632.47    , array([ 1.42701    ,  0.0678376  ,  1.31883e-22,  4.72118e-79,  0.0242987  ])
73854   , -1632.47    , array([ 1.42558    ,  0.0679054  ,  1.31883e-22,  4.72118e-79,  0.0242987  ])
73855   , -1632.48    , array([ 1.42558    ,  0.0678376  ,  1.32015e-22,  4.72118e-79,  0.0242987  ])
73856   , -1632.48    , array([ 1.42558    ,  0.0678376  ,  1.31883e-22,  4.7259e-79 ,  0.0242987  ])
73857   , -1632.49    , array([ 1.42558    ,  0.0678376  ,  1.31883e-22,  4.72118e-79,  0.024323   ])
73858   , -1632.48    , array([ 1.42558    ,  0.0678376  ,  1.31883e-22,  4.72118e-79,  0.0242987  ])
73859   , -1632.48    , array([ 1.42558    ,  0.0678376  ,  1.31883e-22,  4.72118e-79,  0.0242987  ])
73860   , -1632.47    , array([ 1.42701    ,  0.0678376  ,  1.31883e-22,  4.72118e-79,  0.0242987  ])
73861   , -1632.47    , array([ 1.42558    ,  0.0679054  ,  1.31883e-22,  4.72118e-79,  0.0242987  ])
73862   , -1632.48    , array([ 1.42558    ,  0.0678376  ,  1.32015e-22,  4.72118e-79,  0.0242987  ])
73863   , -1632.48    , array([ 1.42558    ,  0.0678376  ,  1.31883e-22,  4.7259e-79 ,  0.0242987  ])
73864   , -1632.49    , array([ 1.42558    ,  0.0678376  ,  1.31883e-22,  4.72118e-79,  0.024323   ])
73865   , -1632.48    , array([ 1.42558    ,  0.0678376  ,  1.31883e-22,  4.72118e-79,  0.0242987  ])
73866   , -1632.48    , array([ 1.42558    ,  0.0678376  ,  1.31883e-22,  4.72118e-79,  0.0242987  ])
73867   , -1632.47    , array([ 1.42701    ,  0.0678376  ,  1.31883e-22,  4.72118e-79,  0.0242987  ])
73868   , -1632.47    , array([ 1.42558    ,  0.0679054  ,  1.31883e-22,  4.72118e-79,  0.0242987  ])
73869   , -1632.48    , array([ 1.42558    ,  0.0678376  ,  1.32015e-22,  4.72118e-79,  0.0242987  ])
73870   , -1632.48    , array([ 1.42558    ,  0.0678376  ,  1.31883e-22,  4.7259e-79 ,  0.0242987  ])
73871   , -1632.49    , array([ 1.42558    ,  0.0678376  ,  1.31883e-22,  4.72118e-79,  0.024323   ])
73872   , -1632.48    , array([ 1.42558    ,  0.0678376  ,  1.31883e-22,  4.72118e-79,  0.0242987  ])
73873   , -1632.48    , array([ 1.42558    ,  0.0678376  ,  1.31883e-22,  4.72118e-79,  0.0242987  ])
73874   , -1632.47    , array([ 1.42701    ,  0.0678376  ,  1.31883e-22,  4.72118e-79,  0.0242987  ])
73875   , -1632.47    , array([ 1.42558    ,  0.0679054  ,  1.31883e-22,  4.72118e-79,  0.0242987  ])
73876   , -1632.48    , array([ 1.42558    ,  0.0678376  ,  1.32015e-22,  4.72118e-79,  0.0242987  ])
73877   , -1632.48    , array([ 1.42558    ,  0.0678376  ,  1.31883e-22,  4.7259e-79 ,  0.0242987  ])
73878   , -1632.49    , array([ 1.42558    ,  0.0678376  ,  1.31883e-22,  4.72118e-79,  0.024323   ])
73879   , -1632.48    , array([ 1.42558    ,  0.0678376  ,  1.31883e-22,  4.72118e-79,  0.0242987  ])
73880   , -1632.48    , array([ 1.42558    ,  0.0678376  ,  1.31883e-22,  4.72118e-79,  0.0242987  ])
73881   , -1632.47    , array([ 1.42701    ,  0.0678376  ,  1.31883e-22,  4.72118e-79,  0.0242987  ])
73882   , -1632.47    , array([ 1.42558    ,  0.0679054  ,  1.31883e-22,  4.72118e-79,  0.0242987  ])
73883   , -1632.48    , array([ 1.42558    ,  0.0678376  ,  1.32015e-22,  4.72118e-79,  0.0242987  ])
73884   , -1632.48    , array([ 1.42558    ,  0.0678376  ,  1.31883e-22,  4.7259e-79 ,  0.0242987  ])
73885   , -1632.49    , array([ 1.42558    ,  0.0678376  ,  1.31883e-22,  4.72118e-79,  0.024323   ])
73886   , -1632.48    , array([ 1.42558    ,  0.0678376  ,  1.31883e-22,  4.72118e-79,  0.0242987  ])
73887   , -1632.48    , array([ 1.42558    ,  0.0678376  ,  1.31883e-22,  4.72118e-79,  0.0242987  ])
73888   , -1632.47    , array([ 1.42701    ,  0.0678376  ,  1.31883e-22,  4.72118e-79,  0.0242987  ])
73889   , -1632.47    , array([ 1.42558    ,  0.0679054  ,  1.31883e-22,  4.72118e-79,  0.0242987  ])
73890   , -1632.48    , array([ 1.42558    ,  0.0678376  ,  1.32015e-22,  4.72118e-79,  0.0242987  ])
73891   , -1632.48    , array([ 1.42558    ,  0.0678376  ,  1.31883e-22,  4.7259e-79 ,  0.0242987  ])
73892   , -1632.49    , array([ 1.42558    ,  0.0678376  ,  1.31883e-22,  4.72118e-79,  0.024323   ])
73893   , -1632.48    , array([ 1.42558    ,  0.0678376  ,  1.31883e-22,  4.72118e-79,  0.0242987  ])
73894   , -1632.48    , array([ 1.42558    ,  0.0678376  ,  1.31883e-22,  4.72118e-79,  0.0242987  ])
73895   , -1632.47    , array([ 1.42701    ,  0.0678376  ,  1.31883e-22,  4.72118e-79,  0.0242987  ])
73896   , -1632.47    , array([ 1.42558    ,  0.0679054  ,  1.31883e-22,  4.72118e-79,  0.0242987  ])
73897   , -1632.48    , array([ 1.42558    ,  0.0678376  ,  1.32015e-22,  4.72118e-79,  0.0242987  ])
73898   , -1632.48    , array([ 1.42558    ,  0.0678376  ,  1.31883e-22,  4.7259e-79 ,  0.0242987  ])
73899   , -1632.49    , array([ 1.42558    ,  0.0678376  ,  1.31883e-22,  4.72118e-79,  0.024323   ])
73900   , -1632.48    , array([ 1.42558    ,  0.0678376  ,  1.31883e-22,  4.72118e-79,  0.0242987  ])
73901   , -1632.48    , array([ 1.42558    ,  0.0678376  ,  1.31883e-22,  4.72118e-79,  0.0242987  ])
73902   , -1632.47    , array([ 1.42701    ,  0.0678376  ,  1.31883e-22,  4.72118e-79,  0.0242987  ])
73903   , -1632.47    , array([ 1.42558    ,  0.0679054  ,  1.31883e-22,  4.72118e-79,  0.0242987  ])
73904   , -1632.48    , array([ 1.42558    ,  0.0678376  ,  1.32015e-22,  4.72118e-79,  0.0242987  ])
73905   , -1632.48    , array([ 1.42558    ,  0.0678376  ,  1.31883e-22,  4.7259e-79 ,  0.0242987  ])
73906   , -1632.49    , array([ 1.42558    ,  0.0678376  ,  1.31883e-22,  4.72118e-79,  0.024323   ])
73907   , -1632.48    , array([ 1.42558    ,  0.0678376  ,  1.31883e-22,  4.72118e-79,  0.0242987  ])
73908   , -1632.48    , array([ 1.42558    ,  0.0678376  ,  1.31883e-22,  4.72118e-79,  0.0242987  ])
73909   , -1632.47    , array([ 1.42701    ,  0.0678376  ,  1.31883e-22,  4.72118e-79,  0.0242987  ])
73910   , -1632.47    , array([ 1.42558    ,  0.0679054  ,  1.31883e-22,  4.72118e-79,  0.0242987  ])
73911   , -1632.48    , array([ 1.42558    ,  0.0678376  ,  1.32015e-22,  4.72118e-79,  0.0242987  ])
73912   , -1632.48    , array([ 1.42558    ,  0.0678376  ,  1.31883e-22,  4.7259e-79 ,  0.0242987  ])
73913   , -1632.49    , array([ 1.42558    ,  0.0678376  ,  1.31883e-22,  4.72118e-79,  0.024323   ])
73914   , -1632.48    , array([ 1.42558    ,  0.0678376  ,  1.31883e-22,  4.72118e-79,  0.0242987  ])
73915   , -1632.48    , array([ 1.42558    ,  0.0678376  ,  1.31883e-22,  4.72118e-79,  0.0242987  ])
73916   , -1632.47    , array([ 1.42701    ,  0.0678376  ,  1.31883e-22,  4.72118e-79,  0.0242987  ])
73917   , -1632.47    , array([ 1.42558    ,  0.0679054  ,  1.31883e-22,  4.72118e-79,  0.0242987  ])
73918   , -1632.48    , array([ 1.42558    ,  0.0678376  ,  1.32015e-22,  4.72118e-79,  0.0242987  ])
73919   , -1632.48    , array([ 1.42558    ,  0.0678376  ,  1.31883e-22,  4.7259e-79 ,  0.0242987  ])
73920   , -1632.49    , array([ 1.42558    ,  0.0678376  ,  1.31883e-22,  4.72118e-79,  0.024323   ])
73921   , -1632.48    , array([ 1.42558    ,  0.0678376  ,  1.31883e-22,  4.72118e-79,  0.0242987  ])
73922   , -1632.48    , array([ 1.42558    ,  0.0678376  ,  1.31883e-22,  4.72118e-79,  0.0242987  ])
73923   , -1632.47    , array([ 1.42701    ,  0.0678376  ,  1.31883e-22,  4.72118e-79,  0.0242987  ])
73924   , -1632.47    , array([ 1.42558    ,  0.0679054  ,  1.31883e-22,  4.72118e-79,  0.0242987  ])
73925   , -1632.48    , array([ 1.42558    ,  0.0678376  ,  1.32015e-22,  4.72118e-79,  0.0242987  ])
73926   , -1632.48    , array([ 1.42558    ,  0.0678376  ,  1.31883e-22,  4.7259e-79 ,  0.0242987  ])
73927   , -1632.49    , array([ 1.42558    ,  0.0678376  ,  1.31883e-22,  4.72118e-79,  0.024323   ])
73928   , -1632.48    , array([ 1.42558    ,  0.0678376  ,  1.31883e-22,  4.72118e-79,  0.0242987  ])
73929   , -1632.48    , array([ 1.42558    ,  0.0678376  ,  1.31883e-22,  4.72118e-79,  0.0242987  ])
73930   , -1632.47    , array([ 1.42701    ,  0.0678376  ,  1.31883e-22,  4.72118e-79,  0.0242987  ])
73931   , -1632.47    , array([ 1.42558    ,  0.0679054  ,  1.31883e-22,  4.72118e-79,  0.0242987  ])
73932   , -1632.48    , array([ 1.42558    ,  0.0678376  ,  1.32015e-22,  4.72118e-79,  0.0242987  ])
73933   , -1632.48    , array([ 1.42558    ,  0.0678376  ,  1.31883e-22,  4.7259e-79 ,  0.0242987  ])
73934   , -1632.49    , array([ 1.42558    ,  0.0678376  ,  1.31883e-22,  4.72118e-79,  0.024323   ])
73935   , -1632.48    , array([ 1.42558    ,  0.0678376  ,  1.31883e-22,  4.72118e-79,  0.0242987  ])
73936   , -1632.48    , array([ 1.42558    ,  0.0678376  ,  1.31883e-22,  4.72118e-79,  0.0242987  ])
73937   , -1632.47    , array([ 1.42701    ,  0.0678376  ,  1.31883e-22,  4.72118e-79,  0.0242987  ])
73938   , -1632.47    , array([ 1.42558    ,  0.0679054  ,  1.31883e-22,  4.72118e-79,  0.0242987  ])
73939   , -1632.48    , array([ 1.42558    ,  0.0678376  ,  1.32015e-22,  4.72118e-79,  0.0242987  ])
73940   , -1632.48    , array([ 1.42558    ,  0.0678376  ,  1.31883e-22,  4.7259e-79 ,  0.0242987  ])
73941   , -1632.49    , array([ 1.42558    ,  0.0678376  ,  1.31883e-22,  4.72118e-79,  0.024323   ])
73942   , -1632.48    , array([ 1.42558    ,  0.0678376  ,  1.31883e-22,  4.72118e-79,  0.0242987  ])
73943   , -1632.48    , array([ 1.42558    ,  0.0678376  ,  1.31883e-22,  4.72118e-79,  0.0242987  ])
73944   , -1632.47    , array([ 1.42701    ,  0.0678376  ,  1.31883e-22,  4.72118e-79,  0.0242987  ])
73945   , -1632.47    , array([ 1.42558    ,  0.0679054  ,  1.31883e-22,  4.72118e-79,  0.0242987  ])
73946   , -1632.48    , array([ 1.42558    ,  0.0678376  ,  1.32015e-22,  4.72118e-79,  0.0242987  ])
73947   , -1632.48    , array([ 1.42558    ,  0.0678376  ,  1.31883e-22,  4.7259e-79 ,  0.0242987  ])
73948   , -1632.49    , array([ 1.42558    ,  0.0678376  ,  1.31883e-22,  4.72118e-79,  0.024323   ])
73949   , -1632.48    , array([ 1.42558    ,  0.0678376  ,  1.31883e-22,  4.72118e-79,  0.0242987  ])
73950   , -1632.48    , array([ 1.42558    ,  0.0678376  ,  1.31883e-22,  4.72118e-79,  0.0242987  ])
73951   , -1632.47    , array([ 1.42701    ,  0.0678376  ,  1.31883e-22,  4.72118e-79,  0.0242987  ])
73952   , -1632.47    , array([ 1.42558    ,  0.0679054  ,  1.31883e-22,  4.72118e-79,  0.0242987  ])
73953   , -1632.48    , array([ 1.42558    ,  0.0678376  ,  1.32015e-22,  4.72118e-79,  0.0242987  ])
73954   , -1632.48    , array([ 1.42558    ,  0.0678376  ,  1.31883e-22,  4.7259e-79 ,  0.0242987  ])
73955   , -1632.49    , array([ 1.42558    ,  0.0678376  ,  1.31883e-22,  4.72118e-79,  0.024323   ])
73956   , -1632.48    , array([ 1.42558    ,  0.0678376  ,  1.31883e-22,  4.72118e-79,  0.0242987  ])
73957   , -1632.48    , array([ 1.42558    ,  0.0678376  ,  1.31883e-22,  4.72118e-79,  0.0242987  ])
73958   , -1632.47    , array([ 1.42701    ,  0.0678376  ,  1.31883e-22,  4.72118e-79,  0.0242987  ])
73959   , -1632.47    , array([ 1.42558    ,  0.0679054  ,  1.31883e-22,  4.72118e-79,  0.0242987  ])
73960   , -1632.48    , array([ 1.42558    ,  0.0678376  ,  1.32015e-22,  4.72118e-79,  0.0242987  ])
73961   , -1632.48    , array([ 1.42558    ,  0.0678376  ,  1.31883e-22,  4.7259e-79 ,  0.0242987  ])
73962   , -1632.49    , array([ 1.42558    ,  0.0678376  ,  1.31883e-22,  4.72118e-79,  0.024323   ])
73963   , -1632.48    , array([ 1.42558    ,  0.0678376  ,  1.31883e-22,  4.72118e-79,  0.0242987  ])
73964   , -1632.48    , array([ 1.42558    ,  0.0678376  ,  1.31883e-22,  4.72118e-79,  0.0242987  ])
73965   , -1632.47    , array([ 1.42701    ,  0.0678376  ,  1.31883e-22,  4.72118e-79,  0.0242987  ])
73966   , -1632.47    , array([ 1.42558    ,  0.0679054  ,  1.31883e-22,  4.72118e-79,  0.0242987  ])
73967   , -1632.48    , array([ 1.42558    ,  0.0678376  ,  1.32015e-22,  4.72118e-79,  0.0242987  ])
73968   , -1632.48    , array([ 1.42558    ,  0.0678376  ,  1.31883e-22,  4.7259e-79 ,  0.0242987  ])
73969   , -1632.49    , array([ 1.42558    ,  0.0678376  ,  1.31883e-22,  4.72118e-79,  0.024323   ])
73970   , -1632.48    , array([ 1.42558    ,  0.0678376  ,  1.31883e-22,  4.72118e-79,  0.0242987  ])
73971   , -1632.48    , array([ 1.42558    ,  0.0678376  ,  1.31883e-22,  4.72118e-79,  0.0242987  ])
73972   , -1632.47    , array([ 1.42701    ,  0.0678376  ,  1.31883e-22,  4.72118e-79,  0.0242987  ])
73973   , -1632.47    , array([ 1.42558    ,  0.0679054  ,  1.31883e-22,  4.72118e-79,  0.0242987  ])
73974   , -1632.48    , array([ 1.42558    ,  0.0678376  ,  1.32015e-22,  4.72118e-79,  0.0242987  ])
73975   , -1632.48    , array([ 1.42558    ,  0.0678376  ,  1.31883e-22,  4.7259e-79 ,  0.0242987  ])
73976   , -1632.49    , array([ 1.42558    ,  0.0678376  ,  1.31883e-22,  4.72118e-79,  0.024323   ])
73977   , -1632.48    , array([ 1.42558    ,  0.0678376  ,  1.31883e-22,  4.72118e-79,  0.0242987  ])
73978   , -1632.48    , array([ 1.42558    ,  0.0678376  ,  1.31883e-22,  4.72118e-79,  0.0242987  ])
73979   , -1632.47    , array([ 1.42701    ,  0.0678376  ,  1.31883e-22,  4.72118e-79,  0.0242987  ])
73980   , -1632.47    , array([ 1.42558    ,  0.0679054  ,  1.31883e-22,  4.72118e-79,  0.0242987  ])
73981   , -1632.48    , array([ 1.42558    ,  0.0678376  ,  1.32015e-22,  4.72118e-79,  0.0242987  ])
73982   , -1632.48    , array([ 1.42558    ,  0.0678376  ,  1.31883e-22,  4.7259e-79 ,  0.0242987  ])
73983   , -1632.49    , array([ 1.42558    ,  0.0678376  ,  1.31883e-22,  4.72118e-79,  0.024323   ])
73984   , -1632.48    , array([ 1.42558    ,  0.0678376  ,  1.31883e-22,  4.72118e-79,  0.0242987  ])
73985   , -1632.48    , array([ 1.42558    ,  0.0678376  ,  1.31883e-22,  4.72118e-79,  0.0242987  ])
73986   , -1632.47    , array([ 1.42701    ,  0.0678376  ,  1.31883e-22,  4.72118e-79,  0.0242987  ])
73987   , -1632.47    , array([ 1.42558    ,  0.0679054  ,  1.31883e-22,  4.72118e-79,  0.0242987  ])
73988   , -1632.48    , array([ 1.42558    ,  0.0678376  ,  1.32015e-22,  4.72118e-79,  0.0242987  ])
73989   , -1632.48    , array([ 1.42558    ,  0.0678376  ,  1.31883e-22,  4.7259e-79 ,  0.0242987  ])
73990   , -1632.49    , array([ 1.42558    ,  0.0678376  ,  1.31883e-22,  4.72118e-79,  0.024323   ])
73991   , -1632.48    , array([ 1.42558    ,  0.0678376  ,  1.31883e-22,  4.72118e-79,  0.0242987  ])
73992   , -1632.48    , array([ 1.42558    ,  0.0678376  ,  1.31883e-22,  4.72118e-79,  0.0242987  ])
73993   , -1632.47    , array([ 1.42701    ,  0.0678376  ,  1.31883e-22,  4.72118e-79,  0.0242987  ])
73994   , -1632.47    , array([ 1.42558    ,  0.0679054  ,  1.31883e-22,  4.72118e-79,  0.0242987  ])
73995   , -1632.48    , array([ 1.42558    ,  0.0678376  ,  1.32015e-22,  4.72118e-79,  0.0242987  ])
73996   , -1632.48    , array([ 1.42558    ,  0.0678376  ,  1.31883e-22,  4.7259e-79 ,  0.0242987  ])
73997   , -1632.49    , array([ 1.42558    ,  0.0678376  ,  1.31883e-22,  4.72118e-79,  0.024323   ])
73998   , -1632.48    , array([ 1.42558    ,  0.0678376  ,  1.31883e-22,  4.72118e-79,  0.0242987  ])
73999   , -1632.48    , array([ 1.42558    ,  0.0678376  ,  1.31883e-22,  4.72118e-79,  0.0242987  ])
74000   , -1632.47    , array([ 1.42701    ,  0.0678376  ,  1.31883e-22,  4.72118e-79,  0.0242987  ])
74001   , -1632.47    , array([ 1.42558    ,  0.0679054  ,  1.31883e-22,  4.72118e-79,  0.0242987  ])
74002   , -1632.48    , array([ 1.42558    ,  0.0678376  ,  1.32015e-22,  4.72118e-79,  0.0242987  ])
74003   , -1632.48    , array([ 1.42558    ,  0.0678376  ,  1.31883e-22,  4.7259e-79 ,  0.0242987  ])
74004   , -1632.49    , array([ 1.42558    ,  0.0678376  ,  1.31883e-22,  4.72118e-79,  0.024323   ])
74005   , -1632.48    , array([ 1.42558    ,  0.0678376  ,  1.31883e-22,  4.72118e-79,  0.0242987  ])
74006   , -1632.48    , array([ 1.42558    ,  0.0678376  ,  1.31883e-22,  4.72118e-79,  0.0242987  ])
74007   , -1632.47    , array([ 1.42701    ,  0.0678376  ,  1.31883e-22,  4.72118e-79,  0.0242987  ])
74008   , -1632.47    , array([ 1.42558    ,  0.0679054  ,  1.31883e-22,  4.72118e-79,  0.0242987  ])
74009   , -1632.48    , array([ 1.42558    ,  0.0678376  ,  1.32015e-22,  4.72118e-79,  0.0242987  ])
74010   , -1632.48    , array([ 1.42558    ,  0.0678376  ,  1.31883e-22,  4.7259e-79 ,  0.0242987  ])
74011   , -1632.49    , array([ 1.42558    ,  0.0678376  ,  1.31883e-22,  4.72118e-79,  0.024323   ])
74012   , -1632.48    , array([ 1.42558    ,  0.0678376  ,  1.31883e-22,  4.72118e-79,  0.0242987  ])
74013   , -1632.48    , array([ 1.42558    ,  0.0678376  ,  1.31883e-22,  4.72118e-79,  0.0242987  ])
74014   , -1632.47    , array([ 1.42701    ,  0.0678376  ,  1.31883e-22,  4.72118e-79,  0.0242987  ])
74015   , -1632.47    , array([ 1.42558    ,  0.0679054  ,  1.31883e-22,  4.72118e-79,  0.0242987  ])
74016   , -1632.48    , array([ 1.42558    ,  0.0678376  ,  1.32015e-22,  4.72118e-79,  0.0242987  ])
74017   , -1632.48    , array([ 1.42558    ,  0.0678376  ,  1.31883e-22,  4.7259e-79 ,  0.0242987  ])
74018   , -1632.49    , array([ 1.42558    ,  0.0678376  ,  1.31883e-22,  4.72118e-79,  0.024323   ])
74019   , -1632.48    , array([ 1.42558    ,  0.0678376  ,  1.31883e-22,  4.72118e-79,  0.0242987  ])
74020   , -1632.48    , array([ 1.42558    ,  0.0678376  ,  1.31883e-22,  4.72118e-79,  0.0242987  ])
74021   , -1632.47    , array([ 1.42701    ,  0.0678376  ,  1.31883e-22,  4.72118e-79,  0.0242987  ])
74022   , -1632.47    , array([ 1.42558    ,  0.0679054  ,  1.31883e-22,  4.72118e-79,  0.0242987  ])
74023   , -1632.48    , array([ 1.42558    ,  0.0678376  ,  1.32015e-22,  4.72118e-79,  0.0242987  ])
74024   , -1632.48    , array([ 1.42558    ,  0.0678376  ,  1.31883e-22,  4.7259e-79 ,  0.0242987  ])
74025   , -1632.49    , array([ 1.42558    ,  0.0678376  ,  1.31883e-22,  4.72118e-79,  0.024323   ])
74026   , -1632.48    , array([ 1.42558    ,  0.0678376  ,  1.31883e-22,  4.72118e-79,  0.0242987  ])
74027   , -1632.48    , array([ 1.42558    ,  0.0678376  ,  1.31883e-22,  4.72118e-79,  0.0242987  ])
74028   , -1632.47    , array([ 1.42701    ,  0.0678376  ,  1.31883e-22,  4.72118e-79,  0.0242987  ])
74029   , -1632.47    , array([ 1.42558    ,  0.0679054  ,  1.31883e-22,  4.72118e-79,  0.0242987  ])
74030   , -1632.48    , array([ 1.42558    ,  0.0678376  ,  1.32015e-22,  4.72118e-79,  0.0242987  ])
74031   , -1632.48    , array([ 1.42558    ,  0.0678376  ,  1.31883e-22,  4.7259e-79 ,  0.0242987  ])
74032   , -1632.49    , array([ 1.42558    ,  0.0678376  ,  1.31883e-22,  4.72118e-79,  0.024323   ])
74033   , -1632.48    , array([ 1.42558    ,  0.0678376  ,  1.31883e-22,  4.72118e-79,  0.0242987  ])
74034   , -1632.48    , array([ 1.42558    ,  0.0678376  ,  1.31883e-22,  4.72118e-79,  0.0242987  ])
74035   , -1632.47    , array([ 1.42701    ,  0.0678376  ,  1.31883e-22,  4.72118e-79,  0.0242987  ])
74036   , -1632.47    , array([ 1.42558    ,  0.0679054  ,  1.31883e-22,  4.72118e-79,  0.0242987  ])
74037   , -1632.48    , array([ 1.42558    ,  0.0678376  ,  1.32015e-22,  4.72118e-79,  0.0242987  ])
74038   , -1632.48    , array([ 1.42558    ,  0.0678376  ,  1.31883e-22,  4.7259e-79 ,  0.0242987  ])
74039   , -1632.49    , array([ 1.42558    ,  0.0678376  ,  1.31883e-22,  4.72118e-79,  0.024323   ])
74040   , -1632.48    , array([ 1.42558    ,  0.0678376  ,  1.31883e-22,  4.72118e-79,  0.0242987  ])
74041   , -1632.48    , array([ 1.42558    ,  0.0678376  ,  1.31883e-22,  4.72118e-79,  0.0242987  ])
74042   , -1632.47    , array([ 1.42701    ,  0.0678376  ,  1.31883e-22,  4.72118e-79,  0.0242987  ])
74043   , -1632.47    , array([ 1.42558    ,  0.0679054  ,  1.31883e-22,  4.72118e-79,  0.0242987  ])
74044   , -1632.48    , array([ 1.42558    ,  0.0678376  ,  1.32015e-22,  4.72118e-79,  0.0242987  ])
74045   , -1632.48    , array([ 1.42558    ,  0.0678376  ,  1.31883e-22,  4.7259e-79 ,  0.0242987  ])
74046   , -1632.49    , array([ 1.42558    ,  0.0678376  ,  1.31883e-22,  4.72118e-79,  0.024323   ])
74047   , -1632.48    , array([ 1.42558    ,  0.0678376  ,  1.31883e-22,  4.72118e-79,  0.0242987  ])
74048   , -1632.48    , array([ 1.42558    ,  0.0678376  ,  1.31883e-22,  4.72118e-79,  0.0242987  ])
74049   , -1632.47    , array([ 1.42701    ,  0.0678376  ,  1.31883e-22,  4.72118e-79,  0.0242987  ])
74050   , -1632.47    , array([ 1.42558    ,  0.0679054  ,  1.31883e-22,  4.72118e-79,  0.0242987  ])
74051   , -1632.48    , array([ 1.42558    ,  0.0678376  ,  1.32015e-22,  4.72118e-79,  0.0242987  ])
74052   , -1632.48    , array([ 1.42558    ,  0.0678376  ,  1.31883e-22,  4.7259e-79 ,  0.0242987  ])
74053   , -1632.49    , array([ 1.42558    ,  0.0678376  ,  1.31883e-22,  4.72118e-79,  0.024323   ])
74054   , -1632.48    , array([ 1.42558    ,  0.0678376  ,  1.31883e-22,  4.72118e-79,  0.0242987  ])
74055   , -1632.48    , array([ 1.42558    ,  0.0678376  ,  1.31883e-22,  4.72118e-79,  0.0242987  ])
74056   , -1632.47    , array([ 1.42701    ,  0.0678376  ,  1.31883e-22,  4.72118e-79,  0.0242987  ])
74057   , -1632.47    , array([ 1.42558    ,  0.0679054  ,  1.31883e-22,  4.72118e-79,  0.0242987  ])
74058   , -1632.48    , array([ 1.42558    ,  0.0678376  ,  1.32015e-22,  4.72118e-79,  0.0242987  ])
74059   , -1632.48    , array([ 1.42558    ,  0.0678376  ,  1.31883e-22,  4.7259e-79 ,  0.0242987  ])
74060   , -1632.49    , array([ 1.42558    ,  0.0678376  ,  1.31883e-22,  4.72118e-79,  0.024323   ])
74061   , -1632.48    , array([ 1.42558    ,  0.0678376  ,  1.31883e-22,  4.72118e-79,  0.0242987  ])
74062   , -1632.48    , array([ 1.42558    ,  0.0678376  ,  1.31883e-22,  4.72118e-79,  0.0242987  ])
74063   , -1632.47    , array([ 1.42701    ,  0.0678376  ,  1.31883e-22,  4.72118e-79,  0.0242987  ])
74064   , -1632.47    , array([ 1.42558    ,  0.0679054  ,  1.31883e-22,  4.72118e-79,  0.0242987  ])
74065   , -1632.48    , array([ 1.42558    ,  0.0678376  ,  1.32015e-22,  4.72118e-79,  0.0242987  ])
74066   , -1632.48    , array([ 1.42558    ,  0.0678376  ,  1.31883e-22,  4.7259e-79 ,  0.0242987  ])
74067   , -1632.49    , array([ 1.42558    ,  0.0678376  ,  1.31883e-22,  4.72118e-79,  0.024323   ])
74068   , -1632.48    , array([ 1.42558    ,  0.0678376  ,  1.31883e-22,  4.72118e-79,  0.0242987  ])
74069   , -1632.48    , array([ 1.42558    ,  0.0678376  ,  1.31883e-22,  4.72118e-79,  0.0242987  ])
74070   , -1632.47    , array([ 1.42701    ,  0.0678376  ,  1.31883e-22,  4.72118e-79,  0.0242987  ])
74071   , -1632.47    , array([ 1.42558    ,  0.0679054  ,  1.31883e-22,  4.72118e-79,  0.0242987  ])
74072   , -1632.48    , array([ 1.42558    ,  0.0678376  ,  1.32015e-22,  4.72118e-79,  0.0242987  ])
74073   , -1632.48    , array([ 1.42558    ,  0.0678376  ,  1.31883e-22,  4.7259e-79 ,  0.0242987  ])
74074   , -1632.49    , array([ 1.42558    ,  0.0678376  ,  1.31883e-22,  4.72118e-79,  0.024323   ])
74075   , -1632.48    , array([ 1.42558    ,  0.0678376  ,  1.31883e-22,  4.72118e-79,  0.0242987  ])
74076   , -1632.48    , array([ 1.42558    ,  0.0678376  ,  1.31883e-22,  4.72118e-79,  0.0242987  ])
74077   , -1632.47    , array([ 1.42701    ,  0.0678376  ,  1.31883e-22,  4.72118e-79,  0.0242987  ])
74078   , -1632.47    , array([ 1.42558    ,  0.0679054  ,  1.31883e-22,  4.72118e-79,  0.0242987  ])
74079   , -1632.48    , array([ 1.42558    ,  0.0678376  ,  1.32015e-22,  4.72118e-79,  0.0242987  ])
74080   , -1632.48    , array([ 1.42558    ,  0.0678376  ,  1.31883e-22,  4.7259e-79 ,  0.0242987  ])
74081   , -1632.49    , array([ 1.42558    ,  0.0678376  ,  1.31883e-22,  4.72118e-79,  0.024323   ])
74082   , -1632.52    , array([ 1.43549    ,  0.0676767  ,  1.31883e-22,  4.72118e-79,  0.0242378  ])
74083   , -1632.49    , array([ 1.42825    ,  0.0677942  ,  1.31883e-22,  4.72118e-79,  0.0242823  ])
74084   , -1632.48    , array([ 1.42635    ,  0.0678251  ,  1.31883e-22,  4.72118e-79,  0.024294   ])
74085   , -1632.48    , array([ 1.42581    ,  0.0678338  ,  1.31883e-22,  4.72118e-79,  0.0242973  ])
74086   , -1632.48    , array([ 1.42565    ,  0.0678364  ,  1.31883e-22,  4.72118e-79,  0.0242983  ])
74087   , -1632.48    , array([ 1.42561    ,  0.0678372  ,  1.31883e-22,  4.72118e-79,  0.0242986  ])
74088   , -1632.48    , array([ 1.42559    ,  0.0678375  ,  1.31883e-22,  4.72118e-79,  0.0242987  ])
74089   , -1632.48    , array([ 1.42559    ,  0.0678375  ,  1.31883e-22,  4.72118e-79,  0.0242987  ])
74090   , -1632.48    , array([ 1.42559    ,  0.0678375  ,  1.31883e-22,  4.72118e-79,  0.0242987  ])
74091   , -1632.48    , array([ 1.42558    ,  0.0678376  ,  1.31883e-22,  4.72118e-79,  0.0242987  ])
74092   , -1632.48    , array([ 1.42558    ,  0.0678376  ,  1.31883e-22,  4.72118e-79,  0.0242987  ])
74093   , -1632.48    , array([ 1.42558    ,  0.0678376  ,  1.31883e-22,  4.72118e-79,  0.0242987  ])
