193773  , -257348     , array([ 0.178293   ,  0.119992   ,  6.83935e-62,  0.0695822  ,  1.35686    ])
193774  , -257255     , array([ 0.178471   ,  0.119992   ,  6.83935e-62,  0.0695822  ,  1.35686    ])
193775  , -257336     , array([ 0.178293   ,  0.120112   ,  6.83935e-62,  0.0695822  ,  1.35686    ])
193776  , -257348     , array([ 0.178293   ,  0.119992   ,  6.84619e-62,  0.0695822  ,  1.35686    ])
193777  , -257309     , array([ 0.178293   ,  0.119992   ,  6.83935e-62,  0.0696518  ,  1.35686    ])
193778  , -257393     , array([ 0.178293   ,  0.119992   ,  6.83935e-62,  0.0695822  ,  1.35822    ])
193779  , -257348     , array([ 0.178293   ,  0.119992   ,  6.83935e-62,  0.0695822  ,  1.35686    ])
193780  , -152417     , array([ 0.415956   ,  0.134175   ,  6.83935e-62,  0.0992503  ,  0.905207   ])
193781  , -152417     , array([ 0.415956   ,  0.134175   ,  6.83935e-62,  0.0992503  ,  0.905207   ])
193782  , -152358     , array([ 0.416372   ,  0.134175   ,  6.83935e-62,  0.0992503  ,  0.905207   ])
193783  , -152391     , array([ 0.415956   ,  0.134309   ,  6.83935e-62,  0.0992503  ,  0.905207   ])
193784  , -152417     , array([ 0.415956   ,  0.134175   ,  6.84619e-62,  0.0992503  ,  0.905207   ])
193785  , -152383     , array([ 0.415956   ,  0.134175   ,  6.83935e-62,  0.0993496  ,  0.905207   ])
193786  , -152462     , array([ 0.415956   ,  0.134175   ,  6.83935e-62,  0.0992503  ,  0.906113   ])
193787  , -18912      , array([ 0.776191   ,  0.888672   ,  6.83935e-62,  0.32631    ,  0.137032   ])
193788  , -18912      , array([ 0.776191   ,  0.888672   ,  6.83935e-62,  0.32631    ,  0.137032   ])
193789  , -18901      , array([ 0.776967   ,  0.888672   ,  6.83935e-62,  0.32631    ,  0.137032   ])
193790  , -18925.5    , array([ 0.776191   ,  0.889561   ,  6.83935e-62,  0.32631    ,  0.137032   ])
193791  , -18912      , array([ 0.776191   ,  0.888672   ,  6.84619e-62,  0.32631    ,  0.137032   ])
193792  , -18912.5    , array([ 0.776191   ,  0.888672   ,  6.83935e-62,  0.326636   ,  0.137032   ])
193793  , -18913.4    , array([ 0.776191   ,  0.888672   ,  6.83935e-62,  0.32631    ,  0.137169   ])
193801  , -18792.6    , array([ 0.772735   ,  0.879059   ,  6.83935e-62,  0.326296   ,  0.134979   ])
193802  , -18792.6    , array([ 0.772735   ,  0.879059   ,  6.83935e-62,  0.326296   ,  0.134979   ])
193803  , -18781.8    , array([ 0.773509   ,  0.879059   ,  6.83935e-62,  0.326296   ,  0.134979   ])
193804  , -18806.2    , array([ 0.772735   ,  0.879939   ,  6.83935e-62,  0.326296   ,  0.134979   ])
193805  , -18792.6    , array([ 0.772735   ,  0.879059   ,  6.84619e-62,  0.326296   ,  0.134979   ])
193806  , -18793.2    , array([ 0.772735   ,  0.879059   ,  6.83935e-62,  0.326622   ,  0.134979   ])
193807  , -18793.8    , array([ 0.772735   ,  0.879059   ,  6.83935e-62,  0.326296   ,  0.135114   ])
193808  , -16194.6    , array([ 0.644791   ,  0.565446   ,  6.83935e-62,  0.325725   ,  0.0731604  ])
193809  , -16194.6    , array([ 0.644791   ,  0.565446   ,  6.83935e-62,  0.325725   ,  0.0731604  ])
193810  , -16189      , array([ 0.645436   ,  0.565446   ,  6.83935e-62,  0.325725   ,  0.0731604  ])
193811  , -16209.9    , array([ 0.644791   ,  0.566012   ,  6.83935e-62,  0.325725   ,  0.0731604  ])
193812  , -16194.6    , array([ 0.644791   ,  0.565446   ,  6.84619e-62,  0.325725   ,  0.0731604  ])
193813  , -16195.1    , array([ 0.644791   ,  0.565446   ,  6.83935e-62,  0.32605    ,  0.0731604  ])
193814  , -16186.3    , array([ 0.644791   ,  0.565446   ,  6.83935e-62,  0.325725   ,  0.0732336  ])
193815  , -11652.1    , array([ 0.403774   ,  0.258666   ,  6.83935e-62,  0.927777   ,  0.0490316  ])
193816  , -11652.1    , array([ 0.403774   ,  0.258666   ,  6.83935e-62,  0.927777   ,  0.0490316  ])
193817  , -11643.4    , array([ 0.404178   ,  0.258666   ,  6.83935e-62,  0.927777   ,  0.0490316  ])
193818  , -11665.2    , array([ 0.403774   ,  0.258925   ,  6.83935e-62,  0.927777   ,  0.0490316  ])
193819  , -11652.1    , array([ 0.403774   ,  0.258666   ,  6.84619e-62,  0.927777   ,  0.0490316  ])
193820  , -11652.9    , array([ 0.403774   ,  0.258666   ,  6.83935e-62,  0.928705   ,  0.0490316  ])
193821  , -11647.7    , array([ 0.403774   ,  0.258666   ,  6.83935e-62,  0.927777   ,  0.0490806  ])
193822  , -5441.85    , array([ 0.257442   ,  0.0720749  ,  6.83935e-62,  2.38894    ,  0.0256147  ])
193823  , -5441.85    , array([ 0.257442   ,  0.0720749  ,  6.83935e-62,  2.38894    ,  0.0256147  ])
193824  , -5434.51    , array([ 0.257699   ,  0.0720749  ,  6.83935e-62,  2.38894    ,  0.0256147  ])
193825  , -5444.73    , array([ 0.257442   ,  0.072147   ,  6.83935e-62,  2.38894    ,  0.0256147  ])
193826  , -5441.85    , array([ 0.257442   ,  0.0720749  ,  6.84619e-62,  2.38894    ,  0.0256147  ])
193827  , -5441.93    , array([ 0.257442   ,  0.0720749  ,  6.83935e-62,  2.39133    ,  0.0256147  ])
193828  , -5445.13    , array([ 0.257442   ,  0.0720749  ,  6.83935e-62,  2.38894    ,  0.0256403  ])
193829  , -3895.87    , array([ 0.249085   ,  0.0425685  ,  6.83935e-62,  2.37777    ,  0.0176569  ])
193830  , -3895.87    , array([ 0.249085   ,  0.0425685  ,  6.83935e-62,  2.37777    ,  0.0176569  ])
193831  , -3891.45    , array([ 0.249334   ,  0.0425685  ,  6.83935e-62,  2.37777    ,  0.0176569  ])
193832  , -3893.48    , array([ 0.249085   ,  0.0426111  ,  6.83935e-62,  2.37777    ,  0.0176569  ])
193833  , -3895.87    , array([ 0.249085   ,  0.0425685  ,  6.84619e-62,  2.37777    ,  0.0176569  ])
193834  , -3895.62    , array([ 0.249085   ,  0.0425685  ,  6.83935e-62,  2.38015    ,  0.0176569  ])
193835  , -3901.44    , array([ 0.249085   ,  0.0425685  ,  6.83935e-62,  2.37777    ,  0.0176746  ])
193836  , -2676.88    , array([ 0.305262   ,  0.0399726  ,  6.83935e-62,  1.39231    ,  0.0145655  ])
193837  , -2676.88    , array([ 0.305262   ,  0.0399726  ,  6.83935e-62,  1.39231    ,  0.0145655  ])
193838  , -2674.56    , array([ 0.305567   ,  0.0399726  ,  6.83935e-62,  1.39231    ,  0.0145655  ])
193839  , -2676.75    , array([ 0.305262   ,  0.0400126  ,  6.83935e-62,  1.39231    ,  0.0145655  ])
193840  , -2676.88    , array([ 0.305262   ,  0.0399726  ,  6.84619e-62,  1.39231    ,  0.0145655  ])
193841  , -2676.84    , array([ 0.305262   ,  0.0399726  ,  6.83935e-62,  1.3937     ,  0.0145655  ])
193842  , -2678.59    , array([ 0.305262   ,  0.0399726  ,  6.83935e-62,  1.39231    ,  0.0145801  ])
193843  , -2198.9     , array([ 0.37964    ,  0.0362561  ,  6.83935e-62,  0.813276   ,  0.0123076  ])
193844  , -2198.9     , array([ 0.37964    ,  0.0362561  ,  6.83935e-62,  0.813276   ,  0.0123076  ])
193845  , -2197.83    , array([ 0.38002    ,  0.0362561  ,  6.83935e-62,  0.813276   ,  0.0123076  ])
193846  , -2200.21    , array([ 0.37964    ,  0.0362924  ,  6.83935e-62,  0.813276   ,  0.0123076  ])
193847  , -2198.9     , array([ 0.37964    ,  0.0362561  ,  6.84619e-62,  0.813276   ,  0.0123076  ])
193848  , -2198.9     , array([ 0.37964    ,  0.0362561  ,  6.83935e-62,  0.81409    ,  0.0123076  ])
193849  , -2198.12    , array([ 0.37964    ,  0.0362561  ,  6.83935e-62,  0.813276   ,  0.0123199  ])
193850  , -2038.26    , array([ 0.437754   ,  0.0326819  ,  6.83935e-62,  0.602655   ,  0.0112613  ])
193851  , -2038.26    , array([ 0.437754   ,  0.0326819  ,  6.83935e-62,  0.602655   ,  0.0112613  ])
193852  , -2037.64    , array([ 0.438192   ,  0.0326819  ,  6.83935e-62,  0.602655   ,  0.0112613  ])
193853  , -2039.01    , array([ 0.437754   ,  0.0327146  ,  6.83935e-62,  0.602655   ,  0.0112613  ])
193854  , -2038.26    , array([ 0.437754   ,  0.0326819  ,  6.84619e-62,  0.602655   ,  0.0112613  ])
193855  , -2038.26    , array([ 0.437754   ,  0.0326819  ,  6.83935e-62,  0.603258   ,  0.0112613  ])
193856  , -2037.65    , array([ 0.437754   ,  0.0326819  ,  6.83935e-62,  0.602655   ,  0.0112725  ])
193857  , -1935.54    , array([ 0.539961   ,  0.0316343  ,  6.83935e-62,  0.400985   ,  0.0110482  ])
193858  , -1935.54    , array([ 0.539961   ,  0.0316343  ,  6.83935e-62,  0.400985   ,  0.0110482  ])
193859  , -1935.21    , array([ 0.540501   ,  0.0316343  ,  6.83935e-62,  0.400985   ,  0.0110482  ])
193860  , -1935.82    , array([ 0.539961   ,  0.031666   ,  6.83935e-62,  0.400985   ,  0.0110482  ])
193861  , -1935.54    , array([ 0.539961   ,  0.0316343  ,  6.84619e-62,  0.400985   ,  0.0110482  ])
193862  , -1935.53    , array([ 0.539961   ,  0.0316343  ,  6.83935e-62,  0.401386   ,  0.0110482  ])
193863  , -1935.12    , array([ 0.539961   ,  0.0316343  ,  6.83935e-62,  0.400985   ,  0.0110592  ])
193864  , -1853.35    , array([ 0.717935   ,  0.0338499  ,  6.83935e-62,  0.236348   ,  0.0118805  ])
193865  , -1853.35    , array([ 0.717935   ,  0.0338499  ,  6.83935e-62,  0.236348   ,  0.0118805  ])
193866  , -1853.2     , array([ 0.718654   ,  0.0338499  ,  6.83935e-62,  0.236348   ,  0.0118805  ])
193867  , -1853.51    , array([ 0.717935   ,  0.0338838  ,  6.83935e-62,  0.236348   ,  0.0118805  ])
193868  , -1853.35    , array([ 0.717935   ,  0.0338499  ,  6.84619e-62,  0.236348   ,  0.0118805  ])
193869  , -1853.34    , array([ 0.717935   ,  0.0338499  ,  6.83935e-62,  0.236584   ,  0.0118805  ])
193870  , -1852.9     , array([ 0.717935   ,  0.0338499  ,  6.83935e-62,  0.236348   ,  0.0118924  ])
193871  , -1743.45    , array([ 1.19622    ,  0.0423925  ,  6.83935e-62,  0.0948494  ,  0.0149865  ])
193872  , -1743.45    , array([ 1.19622    ,  0.0423925  ,  6.83935e-62,  0.0948494  ,  0.0149865  ])
193873  , -1743.47    , array([ 1.19742    ,  0.0423925  ,  6.83935e-62,  0.0948494  ,  0.0149865  ])
193874  , -1743.57    , array([ 1.19622    ,  0.0424349  ,  6.83935e-62,  0.0948494  ,  0.0149865  ])
193875  , -1743.45    , array([ 1.19622    ,  0.0423925  ,  6.84619e-62,  0.0948494  ,  0.0149865  ])
193876  , -1743.44    , array([ 1.19622    ,  0.0423925  ,  6.83935e-62,  0.0949443  ,  0.0149865  ])
193877  , -1742.97    , array([ 1.19622    ,  0.0423925  ,  6.83935e-62,  0.0948494  ,  0.0150015  ])
193878  , -1679.16    , array([ 2.12312    ,  0.0592517  ,  6.83935e-62,  0.0351415  ,  0.0211996  ])
193879  , -1679.16    , array([ 2.12312    ,  0.0592517  ,  6.83935e-62,  0.0351415  ,  0.0211996  ])
193880  , -1679.28    , array([ 2.12525    ,  0.0592517  ,  6.83935e-62,  0.0351415  ,  0.0211996  ])
193881  , -1679.25    , array([ 2.12312    ,  0.059311   ,  6.83935e-62,  0.0351415  ,  0.0211996  ])
193882  , -1679.16    , array([ 2.12312    ,  0.0592517  ,  6.84619e-62,  0.0351415  ,  0.0211996  ])
193883  , -1679.16    , array([ 2.12312    ,  0.0592517  ,  6.83935e-62,  0.0351767  ,  0.0211996  ])
193884  , -1678.91    , array([ 2.12312    ,  0.0592517  ,  6.83935e-62,  0.0351415  ,  0.0212208  ])
193885  , -1669.71    , array([ 1.89307    ,  0.0579364  ,  6.83935e-62,  0.0437708  ,  0.0207745  ])
193886  , -1669.71    , array([ 1.89307    ,  0.0579364  ,  6.83935e-62,  0.0437708  ,  0.0207745  ])
193887  , -1669.81    , array([ 1.89496    ,  0.0579364  ,  6.83935e-62,  0.0437708  ,  0.0207745  ])
193888  , -1669.69    , array([ 1.89307    ,  0.0579944  ,  6.83935e-62,  0.0437708  ,  0.0207745  ])
193889  , -1669.71    , array([ 1.89307    ,  0.0579364  ,  6.84619e-62,  0.0437708  ,  0.0207745  ])
193890  , -1669.71    , array([ 1.89307    ,  0.0579364  ,  6.83935e-62,  0.0438146  ,  0.0207745  ])
193891  , -1669.54    , array([ 1.89307    ,  0.0579364  ,  6.83935e-62,  0.0437708  ,  0.0207953  ])
193892  , -1652.75    , array([ 1.62678    ,  0.0585832  ,  6.83935e-62,  0.0593292  ,  0.0210572  ])
193893  , -1652.75    , array([ 1.62678    ,  0.0585832  ,  6.83935e-62,  0.0593292  ,  0.0210572  ])
193894  , -1652.82    , array([ 1.62841    ,  0.0585832  ,  6.83935e-62,  0.0593292  ,  0.0210572  ])
193895  , -1652.65    , array([ 1.62678    ,  0.0586418  ,  6.83935e-62,  0.0593292  ,  0.0210572  ])
193896  , -1652.75    , array([ 1.62678    ,  0.0585832  ,  6.84619e-62,  0.0593292  ,  0.0210572  ])
193897  , -1652.75    , array([ 1.62678    ,  0.0585832  ,  6.83935e-62,  0.0593886  ,  0.0210572  ])
193898  , -1652.68    , array([ 1.62678    ,  0.0585832  ,  6.83935e-62,  0.0593292  ,  0.0210783  ])
193899  , -1635.76    , array([ 1.2605     ,  0.0637216  ,  6.83935e-62,  0.10118    ,  0.0229696  ])
193900  , -1635.76    , array([ 1.2605     ,  0.0637216  ,  6.83935e-62,  0.10118    ,  0.0229696  ])
193901  , -1635.69    , array([ 1.26176    ,  0.0637216  ,  6.83935e-62,  0.10118    ,  0.0229696  ])
193902  , -1635.6     , array([ 1.2605     ,  0.0637854  ,  6.83935e-62,  0.10118    ,  0.0229696  ])
193903  , -1635.76    , array([ 1.2605     ,  0.0637216  ,  6.84619e-62,  0.10118    ,  0.0229696  ])
193904  , -1635.75    , array([ 1.2605     ,  0.0637216  ,  6.83935e-62,  0.101281   ,  0.0229696  ])
193905  , -1635.88    , array([ 1.2605     ,  0.0637216  ,  6.83935e-62,  0.10118    ,  0.0229926  ])
193906  , -1630.4     , array([ 1.43133    ,  0.0660286  ,  6.83935e-62,  0.0798918  ,  0.023803   ])
193907  , -1630.4     , array([ 1.43133    ,  0.0660286  ,  6.83935e-62,  0.0798918  ,  0.023803   ])
193908  , -1630.4     , array([ 1.43276    ,  0.0660286  ,  6.83935e-62,  0.0798918  ,  0.023803   ])
193909  , -1630.28    , array([ 1.43133    ,  0.0660946  ,  6.83935e-62,  0.0798918  ,  0.023803   ])
193910  , -1630.4     , array([ 1.43133    ,  0.0660286  ,  6.84619e-62,  0.0798918  ,  0.023803   ])
193911  , -1630.39    , array([ 1.43133    ,  0.0660286  ,  6.83935e-62,  0.0799718  ,  0.023803   ])
193912  , -1630.49    , array([ 1.43133    ,  0.0660286  ,  6.83935e-62,  0.0798918  ,  0.0238268  ])
193913  , -1629.26    , array([ 1.42609    ,  0.067499   ,  6.83935e-62,  0.0808948  ,  0.0242678  ])
193914  , -1629.26    , array([ 1.42609    ,  0.067499   ,  6.83935e-62,  0.0808948  ,  0.0242678  ])
193915  , -1629.26    , array([ 1.42752    ,  0.067499   ,  6.83935e-62,  0.0808948  ,  0.0242678  ])
193916  , -1629.24    , array([ 1.42609    ,  0.0675665  ,  6.83935e-62,  0.0808948  ,  0.0242678  ])
193917  , -1629.26    , array([ 1.42609    ,  0.067499   ,  6.84619e-62,  0.0808948  ,  0.0242678  ])
193918  , -1629.26    , array([ 1.42609    ,  0.067499   ,  6.83935e-62,  0.0809758  ,  0.0242678  ])
193919  , -1629.29    , array([ 1.42609    ,  0.067499   ,  6.83935e-62,  0.0808948  ,  0.0242921  ])
193920  , -1629.23    , array([ 1.42076    ,  0.0675775  ,  6.83935e-62,  0.0814966  ,  0.0242759  ])
193921  , -1629.23    , array([ 1.42076    ,  0.0675775  ,  6.83935e-62,  0.0814966  ,  0.0242759  ])
193922  , -1629.22    , array([ 1.42218    ,  0.0675775  ,  6.83935e-62,  0.0814966  ,  0.0242759  ])
193923  , -1629.23    , array([ 1.42076    ,  0.0676451  ,  6.83935e-62,  0.0814966  ,  0.0242759  ])
193924  , -1629.23    , array([ 1.42076    ,  0.0675775  ,  6.84619e-62,  0.0814966  ,  0.0242759  ])
193925  , -1629.23    , array([ 1.42076    ,  0.0675775  ,  6.83935e-62,  0.0815781  ,  0.0242759  ])
193926  , -1629.23    , array([ 1.42076    ,  0.0675775  ,  6.83935e-62,  0.0814966  ,  0.0243002  ])
193927  , -1629.22    , array([ 1.4206     ,  0.0675977  ,  6.83935e-62,  0.0815733  ,  0.0242839  ])
193928  , -1629.22    , array([ 1.4206     ,  0.0675977  ,  6.83935e-62,  0.0815733  ,  0.0242839  ])
193929  , -1629.21    , array([ 1.42202    ,  0.0675977  ,  6.83935e-62,  0.0815733  ,  0.0242839  ])
193930  , -1629.22    , array([ 1.4206     ,  0.0676653  ,  6.83935e-62,  0.0815733  ,  0.0242839  ])
193931  , -1629.22    , array([ 1.4206     ,  0.0675977  ,  6.84619e-62,  0.0815733  ,  0.0242839  ])
193932  , -1629.21    , array([ 1.4206     ,  0.0675977  ,  6.83935e-62,  0.0816549  ,  0.0242839  ])
193933  , -1629.22    , array([ 1.4206     ,  0.0675977  ,  6.83935e-62,  0.0815733  ,  0.0243082  ])
193934  , -1629.17    , array([ 1.41995    ,  0.0676784  ,  6.83935e-62,  0.0818807  ,  0.0243158  ])
193935  , -1629.17    , array([ 1.41995    ,  0.0676784  ,  6.83935e-62,  0.0818807  ,  0.0243158  ])
193936  , -1629.17    , array([ 1.42137    ,  0.0676784  ,  6.83935e-62,  0.0818807  ,  0.0243158  ])
193937  , -1629.17    , array([ 1.41995    ,  0.0677461  ,  6.83935e-62,  0.0818807  ,  0.0243158  ])
193938  , -1629.17    , array([ 1.41995    ,  0.0676784  ,  6.84619e-62,  0.0818807  ,  0.0243158  ])
193939  , -1629.17    , array([ 1.41995    ,  0.0676784  ,  6.83935e-62,  0.0819626  ,  0.0243158  ])
193940  , -1629.18    , array([ 1.41995    ,  0.0676784  ,  6.83935e-62,  0.0818807  ,  0.0243401  ])
193941  , -1629.08    , array([ 1.41854    ,  0.0678165  ,  6.83935e-62,  0.0830795  ,  0.024371   ])
193942  , -1629.08    , array([ 1.41854    ,  0.0678165  ,  6.83935e-62,  0.0830795  ,  0.024371   ])
193943  , -1629.07    , array([ 1.41996    ,  0.0678165  ,  6.83935e-62,  0.0830795  ,  0.024371   ])
193944  , -1629.07    , array([ 1.41854    ,  0.0678843  ,  6.83935e-62,  0.0830795  ,  0.024371   ])
193945  , -1629.08    , array([ 1.41854    ,  0.0678165  ,  6.84619e-62,  0.0830795  ,  0.024371   ])
193946  , -1629.08    , array([ 1.41854    ,  0.0678165  ,  6.83935e-62,  0.0831626  ,  0.024371   ])
193947  , -1629.09    , array([ 1.41854    ,  0.0678165  ,  6.83935e-62,  0.0830795  ,  0.0243953  ])
193948  , -1628.72    , array([ 1.41342    ,  0.0682724  ,  6.83935e-62,  0.0900077  ,  0.024556   ])
193949  , -1628.72    , array([ 1.41342    ,  0.0682724  ,  6.83935e-62,  0.0900077  ,  0.024556   ])
193950  , -1628.7     , array([ 1.41483    ,  0.0682724  ,  6.83935e-62,  0.0900077  ,  0.024556   ])
193951  , -1628.7     , array([ 1.41342    ,  0.0683407  ,  6.83935e-62,  0.0900077  ,  0.024556   ])
193952  , -1628.72    , array([ 1.41342    ,  0.0682724  ,  6.84619e-62,  0.0900077  ,  0.024556   ])
193953  , -1628.71    , array([ 1.41342    ,  0.0682724  ,  6.83935e-62,  0.0900977  ,  0.024556   ])
193954  , -1628.75    , array([ 1.41342    ,  0.0682724  ,  6.83935e-62,  0.0900077  ,  0.0245806  ])
193955  , -1627.9     , array([ 1.40304    ,  0.0690957  ,  6.83935e-62,  0.112796   ,  0.0248987  ])
193956  , -1627.9     , array([ 1.40304    ,  0.0690957  ,  6.83935e-62,  0.112796   ,  0.0248987  ])
193957  , -1627.88    , array([ 1.40444    ,  0.0690957  ,  6.83935e-62,  0.112796   ,  0.0248987  ])
193958  , -1627.86    , array([ 1.40304    ,  0.0691648  ,  6.83935e-62,  0.112796   ,  0.0248987  ])
193959  , -1627.9     , array([ 1.40304    ,  0.0690957  ,  6.84619e-62,  0.112796   ,  0.0248987  ])
193960  , -1627.9     , array([ 1.40304    ,  0.0690957  ,  6.83935e-62,  0.112909   ,  0.0248987  ])
193961  , -1627.98    , array([ 1.40304    ,  0.0690957  ,  6.83935e-62,  0.112796   ,  0.0249236  ])
193962  , -1624.66    , array([ 1.37309    ,  0.0712944  ,  6.83935e-62,  0.238341   ,  0.0258399  ])
193963  , -1624.66    , array([ 1.37309    ,  0.0712944  ,  6.83935e-62,  0.238341   ,  0.0258399  ])
193964  , -1624.61    , array([ 1.37446    ,  0.0712944  ,  6.83935e-62,  0.238341   ,  0.0258399  ])
193965  , -1624.62    , array([ 1.37309    ,  0.0713658  ,  6.83935e-62,  0.238341   ,  0.0258399  ])
193966  , -1624.66    , array([ 1.37309    ,  0.0712944  ,  6.84619e-62,  0.238341   ,  0.0258399  ])
193967  , -1624.65    , array([ 1.37309    ,  0.0712944  ,  6.83935e-62,  0.238579   ,  0.0258399  ])
193968  , -1624.78    , array([ 1.37309    ,  0.0712944  ,  6.83935e-62,  0.238341   ,  0.0258658  ])
193969  , -2005.83    , array([ 1.25955    ,  0.0808119  ,  6.83935e-62,  4.75141    ,  0.0299741  ])
193970  , -2005.83    , array([ 1.25955    ,  0.0808119  ,  6.83935e-62,  4.75141    ,  0.0299741  ])
193971  , -2005.73    , array([ 1.26081    ,  0.0808119  ,  6.83935e-62,  4.75141    ,  0.0299741  ])
193972  , -2010.49    , array([ 1.25955    ,  0.0808927  ,  6.83935e-62,  4.75141    ,  0.0299741  ])
193973  , -2005.83    , array([ 1.25955    ,  0.0808119  ,  6.84619e-62,  4.75141    ,  0.0299741  ])
193974  , -2006.74    , array([ 1.25955    ,  0.0808119  ,  6.83935e-62,  4.75617    ,  0.0299741  ])
193975  , -2002.43    , array([ 1.25955    ,  0.0808119  ,  6.83935e-62,  4.75141    ,  0.0300041  ])
193976  , -1617.76    , array([ 1.34038    ,  0.0738342  ,  6.83935e-62,  0.549858   ,  0.0269337  ])
193977  , -1617.76    , array([ 1.34038    ,  0.0738342  ,  6.83935e-62,  0.549858   ,  0.0269337  ])
193978  , -1617.68    , array([ 1.34172    ,  0.0738342  ,  6.83935e-62,  0.549858   ,  0.0269337  ])
193979  , -1617.95    , array([ 1.34038    ,  0.0739081  ,  6.83935e-62,  0.549858   ,  0.0269337  ])
193980  , -1617.76    , array([ 1.34038    ,  0.0738342  ,  6.84619e-62,  0.549858   ,  0.0269337  ])
193981  , -1617.74    , array([ 1.34038    ,  0.0738342  ,  6.83935e-62,  0.550408   ,  0.0269337  ])
193982  , -1617.71    , array([ 1.34038    ,  0.0738342  ,  6.83935e-62,  0.549858   ,  0.0269607  ])
193983  , -1620.68    , array([ 1.30271    ,  0.076954   ,  6.83935e-62,  1.47735    ,  0.0282869  ])
193984  , -1620.68    , array([ 1.30271    ,  0.076954   ,  6.83935e-62,  1.47735    ,  0.0282869  ])
193985  , -1620.58    , array([ 1.30401    ,  0.076954   ,  6.83935e-62,  1.47735    ,  0.0282869  ])
193986  , -1621.87    , array([ 1.30271    ,  0.077031   ,  6.83935e-62,  1.47735    ,  0.0282869  ])
193987  , -1620.68    , array([ 1.30271    ,  0.076954   ,  6.84619e-62,  1.47735    ,  0.0282869  ])
193988  , -1620.71    , array([ 1.30271    ,  0.076954   ,  6.83935e-62,  1.47883    ,  0.0282869  ])
193989  , -1619.78    , array([ 1.30271    ,  0.076954   ,  6.83935e-62,  1.47735    ,  0.0283152  ])
193990  , -1613.81    , array([ 1.32243    ,  0.075294   ,  6.83935e-62,  0.877609   ,  0.0275656  ])
193991  , -1613.81    , array([ 1.32243    ,  0.075294   ,  6.83935e-62,  0.877609   ,  0.0275656  ])
193992  , -1613.72    , array([ 1.32375    ,  0.075294   ,  6.83935e-62,  0.877609   ,  0.0275656  ])
193993  , -1614.34    , array([ 1.32243    ,  0.0753693  ,  6.83935e-62,  0.877609   ,  0.0275656  ])
193994  , -1613.81    , array([ 1.32243    ,  0.075294   ,  6.84619e-62,  0.877609   ,  0.0275656  ])
193995  , -1613.8     , array([ 1.32243    ,  0.075294   ,  6.83935e-62,  0.878487   ,  0.0275656  ])
193996  , -1613.48    , array([ 1.32243    ,  0.075294   ,  6.83935e-62,  0.877609   ,  0.0275932  ])
193997  , -1613.65    , array([ 1.32034    ,  0.0754663  ,  6.83935e-62,  0.926862   ,  0.0276403  ])
193998  , -1613.65    , array([ 1.32034    ,  0.0754663  ,  6.83935e-62,  0.926862   ,  0.0276403  ])
193999  , -1613.56    , array([ 1.32167    ,  0.0754663  ,  6.83935e-62,  0.926862   ,  0.0276403  ])
194000  , -1614.23    , array([ 1.32034    ,  0.0755418  ,  6.83935e-62,  0.926862   ,  0.0276403  ])
194001  , -1613.65    , array([ 1.32034    ,  0.0754663  ,  6.84619e-62,  0.926862   ,  0.0276403  ])
194002  , -1613.64    , array([ 1.32034    ,  0.0754663  ,  6.83935e-62,  0.927789   ,  0.0276403  ])
194003  , -1613.27    , array([ 1.32034    ,  0.0754663  ,  6.83935e-62,  0.926862   ,  0.027668   ])
194011  , -1613.65    , array([ 1.32034    ,  0.0754663  ,  6.83935e-62,  0.926862   ,  0.0276403  ])
194012  , -1613.65    , array([ 1.32034    ,  0.0754663  ,  6.83935e-62,  0.926862   ,  0.0276403  ])
194013  , -1613.56    , array([ 1.32167    ,  0.0754663  ,  6.83935e-62,  0.926862   ,  0.0276403  ])
194014  , -1614.23    , array([ 1.32034    ,  0.0755418  ,  6.83935e-62,  0.926862   ,  0.0276403  ])
194015  , -1613.65    , array([ 1.32034    ,  0.0754663  ,  6.84619e-62,  0.926862   ,  0.0276403  ])
194016  , -1613.64    , array([ 1.32034    ,  0.0754663  ,  6.83935e-62,  0.927789   ,  0.0276403  ])
194017  , -1613.27    , array([ 1.32034    ,  0.0754663  ,  6.83935e-62,  0.926862   ,  0.027668   ])
194018  , -1613.65    , array([ 1.32034    ,  0.0754663  ,  6.83935e-62,  0.926862   ,  0.0276403  ])
194019  , -1613.65    , array([ 1.32034    ,  0.0754663  ,  6.83935e-62,  0.926862   ,  0.0276403  ])
194020  , -1613.56    , array([ 1.32167    ,  0.0754663  ,  6.83935e-62,  0.926862   ,  0.0276403  ])
194021  , -1614.23    , array([ 1.32034    ,  0.0755418  ,  6.83935e-62,  0.926862   ,  0.0276403  ])
194022  , -1613.65    , array([ 1.32034    ,  0.0754663  ,  6.84619e-62,  0.926862   ,  0.0276403  ])
194023  , -1613.64    , array([ 1.32034    ,  0.0754663  ,  6.83935e-62,  0.92779    ,  0.0276403  ])
194024  , -1613.27    , array([ 1.32034    ,  0.0754663  ,  6.83935e-62,  0.926862   ,  0.027668   ])
194032  , -1613.65    , array([ 1.32034    ,  0.0754663  ,  6.83935e-62,  0.926862   ,  0.0276403  ])
194033  , -1613.65    , array([ 1.32034    ,  0.0754663  ,  6.83935e-62,  0.926862   ,  0.0276403  ])
194034  , -1613.56    , array([ 1.32167    ,  0.0754663  ,  6.83935e-62,  0.926862   ,  0.0276403  ])
194035  , -1614.23    , array([ 1.32034    ,  0.0755418  ,  6.83935e-62,  0.926862   ,  0.0276403  ])
194036  , -1613.65    , array([ 1.32034    ,  0.0754663  ,  6.84619e-62,  0.926862   ,  0.0276403  ])
194037  , -1613.64    , array([ 1.32034    ,  0.0754663  ,  6.83935e-62,  0.92779    ,  0.0276403  ])
194038  , -1613.27    , array([ 1.32034    ,  0.0754663  ,  6.83935e-62,  0.926862   ,  0.027668   ])
194039  , -1613.65    , array([ 1.32034    ,  0.0754663  ,  6.83935e-62,  0.926862   ,  0.0276403  ])
194040  , -1613.65    , array([ 1.32034    ,  0.0754663  ,  6.83935e-62,  0.926862   ,  0.0276403  ])
194041  , -1613.56    , array([ 1.32167    ,  0.0754663  ,  6.83935e-62,  0.926862   ,  0.0276403  ])
194042  , -1614.23    , array([ 1.32034    ,  0.0755418  ,  6.83935e-62,  0.926862   ,  0.0276403  ])
194043  , -1613.65    , array([ 1.32034    ,  0.0754663  ,  6.84619e-62,  0.926862   ,  0.0276403  ])
194044  , -1613.64    , array([ 1.32034    ,  0.0754663  ,  6.83935e-62,  0.92779    ,  0.0276403  ])
194045  , -1613.27    , array([ 1.32034    ,  0.0754663  ,  6.83935e-62,  0.926862   ,  0.027668   ])
194053  , -1613.65    , array([ 1.32034    ,  0.0754663  ,  6.83935e-62,  0.926862   ,  0.0276403  ])
194054  , -1613.65    , array([ 1.32034    ,  0.0754663  ,  6.83935e-62,  0.926862   ,  0.0276403  ])
194055  , -1613.56    , array([ 1.32167    ,  0.0754663  ,  6.83935e-62,  0.926862   ,  0.0276403  ])
194056  , -1614.23    , array([ 1.32034    ,  0.0755418  ,  6.83935e-62,  0.926862   ,  0.0276403  ])
194057  , -1613.65    , array([ 1.32034    ,  0.0754663  ,  6.84619e-62,  0.926862   ,  0.0276403  ])
194058  , -1613.64    , array([ 1.32034    ,  0.0754663  ,  6.83935e-62,  0.92779    ,  0.0276403  ])
194059  , -1613.27    , array([ 1.32034    ,  0.0754663  ,  6.83935e-62,  0.926862   ,  0.027668   ])
194060  , -1613.65    , array([ 1.32034    ,  0.0754663  ,  6.83935e-62,  0.926863   ,  0.0276403  ])
194061  , -1613.65    , array([ 1.32034    ,  0.0754663  ,  6.83935e-62,  0.926863   ,  0.0276403  ])
194062  , -1613.56    , array([ 1.32167    ,  0.0754663  ,  6.83935e-62,  0.926863   ,  0.0276403  ])
194063  , -1614.23    , array([ 1.32034    ,  0.0755418  ,  6.83935e-62,  0.926863   ,  0.0276403  ])
194064  , -1613.65    , array([ 1.32034    ,  0.0754663  ,  6.84619e-62,  0.926863   ,  0.0276403  ])
194065  , -1613.64    , array([ 1.32034    ,  0.0754663  ,  6.83935e-62,  0.92779    ,  0.0276403  ])
194066  , -1613.27    , array([ 1.32034    ,  0.0754663  ,  6.83935e-62,  0.926863   ,  0.027668   ])
194067  , -1997.69    , array([ 1.26461    ,  0.0803879  ,  6.83935e-62,  4.79031    ,  0.0298933  ])
194068  , -1997.69    , array([ 1.26461    ,  0.0803879  ,  6.83935e-62,  4.79031    ,  0.0298933  ])
194069  , -1997.6     , array([ 1.26588    ,  0.0803879  ,  6.83935e-62,  4.79031    ,  0.0298933  ])
194070  , -2002.31    , array([ 1.26461    ,  0.0804684  ,  6.83935e-62,  4.79031    ,  0.0298933  ])
194071  , -1997.69    , array([ 1.26461    ,  0.0803879  ,  6.84619e-62,  4.79031    ,  0.0298933  ])
194072  , -1998.6     , array([ 1.26461    ,  0.0803879  ,  6.83935e-62,  4.7951     ,  0.0298933  ])
194073  , -1994.32    , array([ 1.26461    ,  0.0803879  ,  6.83935e-62,  4.79031    ,  0.0299232  ])
194074  , -1614.74    , array([ 1.31085    ,  0.0762682  ,  6.83935e-62,  1.21998    ,  0.028005   ])
194075  , -1614.74    , array([ 1.31085    ,  0.0762682  ,  6.83935e-62,  1.21998    ,  0.028005   ])
194076  , -1614.65    , array([ 1.31216    ,  0.0762682  ,  6.83935e-62,  1.21998    ,  0.028005   ])
194077  , -1615.64    , array([ 1.31085    ,  0.0763445  ,  6.83935e-62,  1.21998    ,  0.028005   ])
194078  , -1614.74    , array([ 1.31085    ,  0.0762682  ,  6.84619e-62,  1.21998    ,  0.028005   ])
194079  , -1614.75    , array([ 1.31085    ,  0.0762682  ,  6.83935e-62,  1.2212     ,  0.028005   ])
194080  , -1614.1     , array([ 1.31085    ,  0.0762682  ,  6.83935e-62,  1.21998    ,  0.0280331  ])
194081  , -1613.51    , array([ 1.31802    ,  0.075661   ,  6.83935e-62,  0.991071   ,  0.0277288  ])
194082  , -1613.51    , array([ 1.31802    ,  0.075661   ,  6.83935e-62,  0.991071   ,  0.0277288  ])
194083  , -1613.42    , array([ 1.31934    ,  0.075661   ,  6.83935e-62,  0.991071   ,  0.0277288  ])
194084  , -1614.16    , array([ 1.31802    ,  0.0757367  ,  6.83935e-62,  0.991071   ,  0.0277288  ])
194085  , -1613.51    , array([ 1.31802    ,  0.075661   ,  6.84619e-62,  0.991071   ,  0.0277288  ])
194086  , -1613.51    , array([ 1.31802    ,  0.075661   ,  6.83935e-62,  0.992062   ,  0.0277288  ])
194087  , -1613.07    , array([ 1.31802    ,  0.075661   ,  6.83935e-62,  0.991071   ,  0.0277565  ])
194088  , -1613.24    , array([ 1.31892    ,  0.0756339  ,  6.83935e-62,  0.995886   ,  0.0277256  ])
194089  , -1613.24    , array([ 1.31892    ,  0.0756339  ,  6.83935e-62,  0.995886   ,  0.0277256  ])
194090  , -1613.15    , array([ 1.32024    ,  0.0756339  ,  6.83935e-62,  0.995886   ,  0.0277256  ])
194091  , -1613.89    , array([ 1.31892    ,  0.0757096  ,  6.83935e-62,  0.995886   ,  0.0277256  ])
194092  , -1613.24    , array([ 1.31892    ,  0.0756339  ,  6.84619e-62,  0.995886   ,  0.0277256  ])
194093  , -1613.24    , array([ 1.31892    ,  0.0756339  ,  6.83935e-62,  0.996882   ,  0.0277256  ])
194094  , -1612.81    , array([ 1.31892    ,  0.0756339  ,  6.83935e-62,  0.995886   ,  0.0277534  ])
194095  , -1612.19    , array([ 1.32251    ,  0.0755258  ,  6.83935e-62,  1.01538    ,  0.027713   ])
194096  , -1612.19    , array([ 1.32251    ,  0.0755258  ,  6.83935e-62,  1.01538    ,  0.027713   ])
194097  , -1612.1     , array([ 1.32383    ,  0.0755258  ,  6.83935e-62,  1.01538    ,  0.027713   ])
194098  , -1612.83    , array([ 1.32251    ,  0.0756013  ,  6.83935e-62,  1.01538    ,  0.027713   ])
194099  , -1612.19    , array([ 1.32251    ,  0.0755258  ,  6.84619e-62,  1.01538    ,  0.027713   ])
194100  , -1612.18    , array([ 1.32251    ,  0.0755258  ,  6.83935e-62,  1.0164     ,  0.027713   ])
194101  , -1611.75    , array([ 1.32251    ,  0.0755258  ,  6.83935e-62,  1.01538    ,  0.0277407  ])
194102  , -1608.09    , array([ 1.33696    ,  0.0750947  ,  6.83935e-62,  1.09726    ,  0.0276625  ])
194103  , -1608.09    , array([ 1.33696    ,  0.0750947  ,  6.83935e-62,  1.09726    ,  0.0276625  ])
194104  , -1608.01    , array([ 1.3383     ,  0.0750947  ,  6.83935e-62,  1.09726    ,  0.0276625  ])
194105  , -1608.72    , array([ 1.33696    ,  0.0751698  ,  6.83935e-62,  1.09726    ,  0.0276625  ])
194106  , -1608.09    , array([ 1.33696    ,  0.0750947  ,  6.84619e-62,  1.09726    ,  0.0276625  ])
194107  , -1608.09    , array([ 1.33696    ,  0.0750947  ,  6.83935e-62,  1.09835    ,  0.0276625  ])
194108  , -1607.66    , array([ 1.33696    ,  0.0750947  ,  6.83935e-62,  1.09726    ,  0.0276902  ])
194109  , -1593.94    , array([ 1.39637    ,  0.0733949  ,  6.83935e-62,  1.49632    ,  0.0274616  ])
194110  , -1593.94    , array([ 1.39637    ,  0.0733949  ,  6.83935e-62,  1.49632    ,  0.0274616  ])
194111  , -1593.9     , array([ 1.39777    ,  0.0733949  ,  6.83935e-62,  1.49632    ,  0.0274616  ])
194112  , -1594.6     , array([ 1.39637    ,  0.0734683  ,  6.83935e-62,  1.49632    ,  0.0274616  ])
194113  , -1593.94    , array([ 1.39637    ,  0.0733949  ,  6.84619e-62,  1.49632    ,  0.0274616  ])
194114  , -1593.94    , array([ 1.39637    ,  0.0733949  ,  6.83935e-62,  1.49781    ,  0.0274616  ])
194115  , -1593.45    , array([ 1.39637    ,  0.0733949  ,  6.83935e-62,  1.49632    ,  0.0274891  ])
194116  , -1573.52    , array([ 1.43331    ,  0.0653615  ,  6.83935e-62,  2.9756     ,  0.025496   ])
194117  , -1573.52    , array([ 1.43331    ,  0.0653615  ,  6.83935e-62,  2.9756     ,  0.025496   ])
194118  , -1573.52    , array([ 1.43475    ,  0.0653615  ,  6.83935e-62,  2.9756     ,  0.025496   ])
194119  , -1574.42    , array([ 1.43331    ,  0.0654269  ,  6.83935e-62,  2.9756     ,  0.025496   ])
194120  , -1573.52    , array([ 1.43331    ,  0.0653615  ,  6.84619e-62,  2.9756     ,  0.025496   ])
194121  , -1573.59    , array([ 1.43331    ,  0.0653615  ,  6.83935e-62,  2.97857    ,  0.025496   ])
194122  , -1572.74    , array([ 1.43331    ,  0.0653615  ,  6.83935e-62,  2.9756     ,  0.0255215  ])
194123  , -1571.79    , array([ 1.51252    ,  0.0573629  ,  6.83935e-62,  2.93361    ,  0.0230946  ])
194124  , -1571.79    , array([ 1.51252    ,  0.0573629  ,  6.83935e-62,  2.93361    ,  0.0230946  ])
194125  , -1571.82    , array([ 1.51403    ,  0.0573629  ,  6.83935e-62,  2.93361    ,  0.0230946  ])
194126  , -1571.4     , array([ 1.51252    ,  0.0574203  ,  6.83935e-62,  2.93361    ,  0.0230946  ])
194127  , -1571.79    , array([ 1.51252    ,  0.0573629  ,  6.84619e-62,  2.93361    ,  0.0230946  ])
194128  , -1571.72    , array([ 1.51252    ,  0.0573629  ,  6.83935e-62,  2.93654    ,  0.0230946  ])
194129  , -1572.02    , array([ 1.51252    ,  0.0573629  ,  6.83935e-62,  2.93361    ,  0.0231177  ])
194130  , -1568.43    , array([ 1.50801    ,  0.0576379  ,  6.83935e-62,  3.04921    ,  0.0232128  ])
194131  , -1568.43    , array([ 1.50801    ,  0.0576379  ,  6.83935e-62,  3.04921    ,  0.0232128  ])
194132  , -1568.47    , array([ 1.50951    ,  0.0576379  ,  6.83935e-62,  3.04921    ,  0.0232128  ])
194133  , -1568.17    , array([ 1.50801    ,  0.0576956  ,  6.83935e-62,  3.04921    ,  0.0232128  ])
194134  , -1568.43    , array([ 1.50801    ,  0.0576379  ,  6.84619e-62,  3.04921    ,  0.0232128  ])
194135  , -1568.38    , array([ 1.50801    ,  0.0576379  ,  6.83935e-62,  3.05226    ,  0.0232128  ])
194136  , -1568.56    , array([ 1.50801    ,  0.0576379  ,  6.83935e-62,  3.04921    ,  0.023236   ])
194137  , -1563.03    , array([ 1.50642    ,  0.0574967  ,  6.83935e-62,  3.50333    ,  0.0233133  ])
194138  , -1563.03    , array([ 1.50642    ,  0.0574967  ,  6.83935e-62,  3.50333    ,  0.0233133  ])
194139  , -1563.06    , array([ 1.50793    ,  0.0574967  ,  6.83935e-62,  3.50333    ,  0.0233133  ])
194140  , -1563.03    , array([ 1.50642    ,  0.0575542  ,  6.83935e-62,  3.50333    ,  0.0233133  ])
194141  , -1563.03    , array([ 1.50642    ,  0.0574967  ,  6.84619e-62,  3.50333    ,  0.0233133  ])
194142  , -1563.01    , array([ 1.50642    ,  0.0574967  ,  6.83935e-62,  3.50684    ,  0.0233133  ])
194143  , -1562.94    , array([ 1.50642    ,  0.0574967  ,  6.83935e-62,  3.50333    ,  0.0233366  ])
194144  , -1561.02    , array([ 1.4998     ,  0.0578453  ,  6.83935e-62,  4.11848    ,  0.0236883  ])
194145  , -1561.02    , array([ 1.4998     ,  0.0578453  ,  6.83935e-62,  4.11848    ,  0.0236883  ])
194146  , -1561.06    , array([ 1.5013     ,  0.0578453  ,  6.83935e-62,  4.11848    ,  0.0236883  ])
194147  , -1561.39    , array([ 1.4998     ,  0.0579032  ,  6.83935e-62,  4.11848    ,  0.0236883  ])
194148  , -1561.02    , array([ 1.4998     ,  0.0578453  ,  6.84619e-62,  4.11848    ,  0.0236883  ])
194149  , -1561.07    , array([ 1.4998     ,  0.0578453  ,  6.83935e-62,  4.1226     ,  0.0236883  ])
194150  , -1560.65    , array([ 1.4998     ,  0.0578453  ,  6.83935e-62,  4.11848    ,  0.023712   ])
194151  , -1559.12    , array([ 1.48375    ,  0.0591301  ,  6.83935e-62,  3.72587    ,  0.0240659  ])
194152  , -1559.12    , array([ 1.48375    ,  0.0591301  ,  6.83935e-62,  3.72587    ,  0.0240659  ])
194153  , -1559.15    , array([ 1.48523    ,  0.0591301  ,  6.83935e-62,  3.72587    ,  0.0240659  ])
194154  , -1559.36    , array([ 1.48375    ,  0.0591893  ,  6.83935e-62,  3.72587    ,  0.0240659  ])
194155  , -1559.12    , array([ 1.48375    ,  0.0591301  ,  6.84619e-62,  3.72587    ,  0.0240659  ])
194156  , -1559.14    , array([ 1.48375    ,  0.0591301  ,  6.83935e-62,  3.7296     ,  0.0240659  ])
194157  , -1558.87    , array([ 1.48375    ,  0.0591301  ,  6.83935e-62,  3.72587    ,  0.0240899  ])
194158  , -1557.86    , array([ 1.4653     ,  0.0598567  ,  6.83935e-62,  3.66525    ,  0.0243924  ])
194159  , -1557.86    , array([ 1.4653     ,  0.0598567  ,  6.83935e-62,  3.66525    ,  0.0243924  ])
194160  , -1557.88    , array([ 1.46676    ,  0.0598567  ,  6.83935e-62,  3.66525    ,  0.0243924  ])
194161  , -1558.05    , array([ 1.4653     ,  0.0599166  ,  6.83935e-62,  3.66525    ,  0.0243924  ])
194162  , -1557.86    , array([ 1.4653     ,  0.0598567  ,  6.84619e-62,  3.66525    ,  0.0243924  ])
194163  , -1557.87    , array([ 1.4653     ,  0.0598567  ,  6.83935e-62,  3.66892    ,  0.0243924  ])
194164  , -1557.65    , array([ 1.4653     ,  0.0598567  ,  6.83935e-62,  3.66525    ,  0.0244168  ])
194165  , -1555.72    , array([ 1.43085    ,  0.0605857  ,  6.83935e-62,  3.76463    ,  0.0249542  ])
194166  , -1555.72    , array([ 1.43085    ,  0.0605857  ,  6.83935e-62,  3.76463    ,  0.0249542  ])
194167  , -1555.72    , array([ 1.43228    ,  0.0605857  ,  6.83935e-62,  3.76463    ,  0.0249542  ])
194168  , -1555.81    , array([ 1.43085    ,  0.0606463  ,  6.83935e-62,  3.76463    ,  0.0249542  ])
194169  , -1555.72    , array([ 1.43085    ,  0.0605857  ,  6.84619e-62,  3.76463    ,  0.0249542  ])
194170  , -1555.72    , array([ 1.43085    ,  0.0605857  ,  6.83935e-62,  3.76839    ,  0.0249542  ])
194171  , -1555.64    , array([ 1.43085    ,  0.0605857  ,  6.83935e-62,  3.76463    ,  0.0249791  ])
194172  , -1554.89    , array([ 1.42479    ,  0.0602461  ,  6.83935e-62,  4.04013    ,  0.0251372  ])
194173  , -1554.89    , array([ 1.42479    ,  0.0602461  ,  6.83935e-62,  4.04013    ,  0.0251372  ])
194174  , -1554.89    , array([ 1.42621    ,  0.0602461  ,  6.83935e-62,  4.04013    ,  0.0251372  ])
194175  , -1554.92    , array([ 1.42479    ,  0.0603064  ,  6.83935e-62,  4.04013    ,  0.0251372  ])
194176  , -1554.89    , array([ 1.42479    ,  0.0602461  ,  6.84619e-62,  4.04013    ,  0.0251372  ])
194177  , -1554.89    , array([ 1.42479    ,  0.0602461  ,  6.83935e-62,  4.04417    ,  0.0251372  ])
194178  , -1554.87    , array([ 1.42479    ,  0.0602461  ,  6.83935e-62,  4.04013    ,  0.0251623  ])
194179  , -1554.84    , array([ 1.43335    ,  0.0596216  ,  6.83935e-62,  4.25929    ,  0.0250792  ])
194180  , -1554.84    , array([ 1.43335    ,  0.0596216  ,  6.83935e-62,  4.25929    ,  0.0250792  ])
194181  , -1554.84    , array([ 1.43479    ,  0.0596216  ,  6.83935e-62,  4.25929    ,  0.0250792  ])
194182  , -1554.85    , array([ 1.43335    ,  0.0596812  ,  6.83935e-62,  4.25929    ,  0.0250792  ])
194183  , -1554.84    , array([ 1.43335    ,  0.0596216  ,  6.84619e-62,  4.25929    ,  0.0250792  ])
194184  , -1554.84    , array([ 1.43335    ,  0.0596216  ,  6.83935e-62,  4.26355    ,  0.0250792  ])
194185  , -1554.83    , array([ 1.43335    ,  0.0596216  ,  6.83935e-62,  4.25929    ,  0.0251043  ])
194186  , -1554.88    , array([ 1.43649    ,  0.0594852  ,  6.83935e-62,  4.26973    ,  0.025034   ])
194187  , -1554.88    , array([ 1.43649    ,  0.0594852  ,  6.83935e-62,  4.26973    ,  0.025034   ])
194188  , -1554.88    , array([ 1.43793    ,  0.0594852  ,  6.83935e-62,  4.26973    ,  0.025034   ])
194189  , -1554.88    , array([ 1.43649    ,  0.0595447  ,  6.83935e-62,  4.26973    ,  0.025034   ])
194190  , -1554.88    , array([ 1.43649    ,  0.0594852  ,  6.84619e-62,  4.26973    ,  0.025034   ])
194191  , -1554.88    , array([ 1.43649    ,  0.0594852  ,  6.83935e-62,  4.274      ,  0.025034   ])
194192  , -1554.88    , array([ 1.43649    ,  0.0594852  ,  6.83935e-62,  4.26973    ,  0.025059   ])
194193  , -1554.84    , array([ 1.43349    ,  0.0596156  ,  6.83935e-62,  4.25974    ,  0.0250772  ])
194194  , -1554.84    , array([ 1.43349    ,  0.0596156  ,  6.83935e-62,  4.25974    ,  0.0250772  ])
194195  , -1554.84    , array([ 1.43493    ,  0.0596156  ,  6.83935e-62,  4.25974    ,  0.0250772  ])
194196  , -1554.85    , array([ 1.43349    ,  0.0596752  ,  6.83935e-62,  4.25974    ,  0.0250772  ])
194197  , -1554.84    , array([ 1.43349    ,  0.0596156  ,  6.84619e-62,  4.25974    ,  0.0250772  ])
194198  , -1554.84    , array([ 1.43349    ,  0.0596156  ,  6.83935e-62,  4.26401    ,  0.0250772  ])
194199  , -1554.84    , array([ 1.43349    ,  0.0596156  ,  6.83935e-62,  4.25974    ,  0.0251023  ])
194200  , -1554.84    , array([ 1.43336    ,  0.0596213  ,  6.83935e-62,  4.25931    ,  0.0250791  ])
194201  , -1554.84    , array([ 1.43336    ,  0.0596213  ,  6.83935e-62,  4.25931    ,  0.0250791  ])
194202  , -1554.84    , array([ 1.43479    ,  0.0596213  ,  6.83935e-62,  4.25931    ,  0.0250791  ])
194203  , -1554.85    , array([ 1.43336    ,  0.0596809  ,  6.83935e-62,  4.25931    ,  0.0250791  ])
194204  , -1554.84    , array([ 1.43336    ,  0.0596213  ,  6.84619e-62,  4.25931    ,  0.0250791  ])
194205  , -1554.84    , array([ 1.43336    ,  0.0596213  ,  6.83935e-62,  4.26357    ,  0.0250791  ])
194206  , -1554.83    , array([ 1.43336    ,  0.0596213  ,  6.83935e-62,  4.25931    ,  0.0251042  ])
194207  , -1554.84    , array([ 1.43335    ,  0.0596216  ,  6.83935e-62,  4.25929    ,  0.0250792  ])
194208  , -1554.84    , array([ 1.43335    ,  0.0596216  ,  6.83935e-62,  4.25929    ,  0.0250792  ])
194209  , -1554.84    , array([ 1.43479    ,  0.0596216  ,  6.83935e-62,  4.25929    ,  0.0250792  ])
194210  , -1554.85    , array([ 1.43335    ,  0.0596812  ,  6.83935e-62,  4.25929    ,  0.0250792  ])
194211  , -1554.84    , array([ 1.43335    ,  0.0596216  ,  6.84619e-62,  4.25929    ,  0.0250792  ])
194212  , -1554.84    , array([ 1.43335    ,  0.0596216  ,  6.83935e-62,  4.26355    ,  0.0250792  ])
194213  , -1554.83    , array([ 1.43335    ,  0.0596216  ,  6.83935e-62,  4.25929    ,  0.0251043  ])
194214  , -1554.84    , array([ 1.43335    ,  0.0596216  ,  6.83935e-62,  4.25929    ,  0.0250792  ])
194215  , -1554.84    , array([ 1.43335    ,  0.0596216  ,  6.83935e-62,  4.25929    ,  0.0250792  ])
194216  , -1554.84    , array([ 1.43479    ,  0.0596216  ,  6.83935e-62,  4.25929    ,  0.0250792  ])
194217  , -1554.85    , array([ 1.43335    ,  0.0596812  ,  6.83935e-62,  4.25929    ,  0.0250792  ])
194218  , -1554.84    , array([ 1.43335    ,  0.0596216  ,  6.84619e-62,  4.25929    ,  0.0250792  ])
194219  , -1554.84    , array([ 1.43335    ,  0.0596216  ,  6.83935e-62,  4.26355    ,  0.0250792  ])
194220  , -1554.83    , array([ 1.43335    ,  0.0596216  ,  6.83935e-62,  4.25929    ,  0.0251043  ])
194221  , -1554.84    , array([ 1.43335    ,  0.0596216  ,  6.83935e-62,  4.25929    ,  0.0250792  ])
194222  , -1554.84    , array([ 1.43335    ,  0.0596216  ,  6.83935e-62,  4.25929    ,  0.0250792  ])
194223  , -1554.84    , array([ 1.43479    ,  0.0596216  ,  6.83935e-62,  4.25929    ,  0.0250792  ])
194224  , -1554.85    , array([ 1.43335    ,  0.0596812  ,  6.83935e-62,  4.25929    ,  0.0250792  ])
194225  , -1554.84    , array([ 1.43335    ,  0.0596216  ,  6.84619e-62,  4.25929    ,  0.0250792  ])
194226  , -1554.84    , array([ 1.43335    ,  0.0596216  ,  6.83935e-62,  4.26355    ,  0.0250792  ])
194227  , -1554.83    , array([ 1.43335    ,  0.0596216  ,  6.83935e-62,  4.25929    ,  0.0251043  ])
194228  , -1554.84    , array([ 1.43335    ,  0.0596216  ,  6.83935e-62,  4.25929    ,  0.0250792  ])
194229  , -1554.84    , array([ 1.43335    ,  0.0596216  ,  6.83935e-62,  4.25929    ,  0.0250792  ])
194230  , -1554.84    , array([ 1.43479    ,  0.0596216  ,  6.83935e-62,  4.25929    ,  0.0250792  ])
194231  , -1554.85    , array([ 1.43335    ,  0.0596812  ,  6.83935e-62,  4.25929    ,  0.0250792  ])
194232  , -1554.84    , array([ 1.43335    ,  0.0596216  ,  6.84619e-62,  4.25929    ,  0.0250792  ])
194233  , -1554.84    , array([ 1.43335    ,  0.0596216  ,  6.83935e-62,  4.26355    ,  0.0250792  ])
194234  , -1554.83    , array([ 1.43335    ,  0.0596216  ,  6.83935e-62,  4.25929    ,  0.0251043  ])
194235  , -1554.84    , array([ 1.43335    ,  0.0596216  ,  6.83935e-62,  4.25929    ,  0.0250792  ])
194236  , -1554.84    , array([ 1.43335    ,  0.0596216  ,  6.83935e-62,  4.25929    ,  0.0250792  ])
194237  , -1554.84    , array([ 1.43479    ,  0.0596216  ,  6.83935e-62,  4.25929    ,  0.0250792  ])
194238  , -1554.85    , array([ 1.43335    ,  0.0596812  ,  6.83935e-62,  4.25929    ,  0.0250792  ])
194239  , -1554.84    , array([ 1.43335    ,  0.0596216  ,  6.84619e-62,  4.25929    ,  0.0250792  ])
194240  , -1554.84    , array([ 1.43335    ,  0.0596216  ,  6.83935e-62,  4.26355    ,  0.0250792  ])
194241  , -1554.83    , array([ 1.43335    ,  0.0596216  ,  6.83935e-62,  4.25929    ,  0.0251043  ])
194242  , -1554.84    , array([ 1.43335    ,  0.0596216  ,  6.83935e-62,  4.25929    ,  0.0250792  ])
194243  , -1554.84    , array([ 1.43335    ,  0.0596216  ,  6.83935e-62,  4.25929    ,  0.0250792  ])
194244  , -1554.84    , array([ 1.43479    ,  0.0596216  ,  6.83935e-62,  4.25929    ,  0.0250792  ])
194245  , -1554.85    , array([ 1.43335    ,  0.0596812  ,  6.83935e-62,  4.25929    ,  0.0250792  ])
194246  , -1554.84    , array([ 1.43335    ,  0.0596216  ,  6.84619e-62,  4.25929    ,  0.0250792  ])
194247  , -1554.84    , array([ 1.43335    ,  0.0596216  ,  6.83935e-62,  4.26355    ,  0.0250792  ])
194248  , -1554.83    , array([ 1.43335    ,  0.0596216  ,  6.83935e-62,  4.25929    ,  0.0251043  ])
194249  , -1554.84    , array([ 1.43335    ,  0.0596216  ,  6.83935e-62,  4.25929    ,  0.0250792  ])
194250  , -1554.84    , array([ 1.43335    ,  0.0596216  ,  6.83935e-62,  4.25929    ,  0.0250792  ])
194251  , -1554.84    , array([ 1.43479    ,  0.0596216  ,  6.83935e-62,  4.25929    ,  0.0250792  ])
194252  , -1554.85    , array([ 1.43335    ,  0.0596812  ,  6.83935e-62,  4.25929    ,  0.0250792  ])
194253  , -1554.84    , array([ 1.43335    ,  0.0596216  ,  6.84619e-62,  4.25929    ,  0.0250792  ])
194254  , -1554.84    , array([ 1.43335    ,  0.0596216  ,  6.83935e-62,  4.26355    ,  0.0250792  ])
194255  , -1554.83    , array([ 1.43335    ,  0.0596216  ,  6.83935e-62,  4.25929    ,  0.0251043  ])
194256  , -1554.84    , array([ 1.43335    ,  0.0596216  ,  6.83935e-62,  4.25929    ,  0.0250792  ])
194257  , -1554.84    , array([ 1.43335    ,  0.0596216  ,  6.83935e-62,  4.25929    ,  0.0250792  ])
194258  , -1554.84    , array([ 1.43479    ,  0.0596216  ,  6.83935e-62,  4.25929    ,  0.0250792  ])
194259  , -1554.85    , array([ 1.43335    ,  0.0596812  ,  6.83935e-62,  4.25929    ,  0.0250792  ])
194260  , -1554.84    , array([ 1.43335    ,  0.0596216  ,  6.84619e-62,  4.25929    ,  0.0250792  ])
194261  , -1554.84    , array([ 1.43335    ,  0.0596216  ,  6.83935e-62,  4.26355    ,  0.0250792  ])
194262  , -1554.83    , array([ 1.43335    ,  0.0596216  ,  6.83935e-62,  4.25929    ,  0.0251043  ])
194263  , -1554.84    , array([ 1.43335    ,  0.0596216  ,  6.83935e-62,  4.25929    ,  0.0250792  ])
194264  , -1554.84    , array([ 1.43335    ,  0.0596216  ,  6.83935e-62,  4.25929    ,  0.0250792  ])
194265  , -1554.84    , array([ 1.43479    ,  0.0596216  ,  6.83935e-62,  4.25929    ,  0.0250792  ])
194266  , -1554.85    , array([ 1.43335    ,  0.0596812  ,  6.83935e-62,  4.25929    ,  0.0250792  ])
194267  , -1554.84    , array([ 1.43335    ,  0.0596216  ,  6.84619e-62,  4.25929    ,  0.0250792  ])
194268  , -1554.84    , array([ 1.43335    ,  0.0596216  ,  6.83935e-62,  4.26355    ,  0.0250792  ])
194269  , -1554.83    , array([ 1.43335    ,  0.0596216  ,  6.83935e-62,  4.25929    ,  0.0251043  ])
194270  , -1554.84    , array([ 1.43335    ,  0.0596216  ,  6.83935e-62,  4.25929    ,  0.0250792  ])
194271  , -1554.84    , array([ 1.43335    ,  0.0596216  ,  6.83935e-62,  4.25929    ,  0.0250792  ])
194272  , -1554.84    , array([ 1.43479    ,  0.0596216  ,  6.83935e-62,  4.25929    ,  0.0250792  ])
194273  , -1554.85    , array([ 1.43335    ,  0.0596812  ,  6.83935e-62,  4.25929    ,  0.0250792  ])
194274  , -1554.84    , array([ 1.43335    ,  0.0596216  ,  6.84619e-62,  4.25929    ,  0.0250792  ])
194275  , -1554.84    , array([ 1.43335    ,  0.0596216  ,  6.83935e-62,  4.26355    ,  0.0250792  ])
194276  , -1554.83    , array([ 1.43335    ,  0.0596216  ,  6.83935e-62,  4.25929    ,  0.0251043  ])
194277  , -1554.84    , array([ 1.43335    ,  0.0596216  ,  6.83935e-62,  4.25929    ,  0.0250792  ])
194278  , -1554.84    , array([ 1.43335    ,  0.0596216  ,  6.83935e-62,  4.25929    ,  0.0250792  ])
194279  , -1554.84    , array([ 1.43479    ,  0.0596216  ,  6.83935e-62,  4.25929    ,  0.0250792  ])
194280  , -1554.85    , array([ 1.43335    ,  0.0596812  ,  6.83935e-62,  4.25929    ,  0.0250792  ])
194281  , -1554.84    , array([ 1.43335    ,  0.0596216  ,  6.84619e-62,  4.25929    ,  0.0250792  ])
194282  , -1554.84    , array([ 1.43335    ,  0.0596216  ,  6.83935e-62,  4.26355    ,  0.0250792  ])
194283  , -1554.83    , array([ 1.43335    ,  0.0596216  ,  6.83935e-62,  4.25929    ,  0.0251043  ])
194284  , -1554.84    , array([ 1.43335    ,  0.0596216  ,  6.83935e-62,  4.25929    ,  0.0250792  ])
194285  , -1554.84    , array([ 1.43335    ,  0.0596216  ,  6.83935e-62,  4.25929    ,  0.0250792  ])
194286  , -1554.84    , array([ 1.43479    ,  0.0596216  ,  6.83935e-62,  4.25929    ,  0.0250792  ])
194287  , -1554.85    , array([ 1.43335    ,  0.0596812  ,  6.83935e-62,  4.25929    ,  0.0250792  ])
194288  , -1554.84    , array([ 1.43335    ,  0.0596216  ,  6.84619e-62,  4.25929    ,  0.0250792  ])
194289  , -1554.84    , array([ 1.43335    ,  0.0596216  ,  6.83935e-62,  4.26355    ,  0.0250792  ])
194290  , -1554.83    , array([ 1.43335    ,  0.0596216  ,  6.83935e-62,  4.25929    ,  0.0251043  ])
194291  , -1554.84    , array([ 1.43335    ,  0.0596216  ,  6.83935e-62,  4.25929    ,  0.0250792  ])
194292  , -1554.84    , array([ 1.43335    ,  0.0596216  ,  6.83935e-62,  4.25929    ,  0.0250792  ])
194293  , -1554.84    , array([ 1.43479    ,  0.0596216  ,  6.83935e-62,  4.25929    ,  0.0250792  ])
194294  , -1554.85    , array([ 1.43335    ,  0.0596812  ,  6.83935e-62,  4.25929    ,  0.0250792  ])
194295  , -1554.84    , array([ 1.43335    ,  0.0596216  ,  6.84619e-62,  4.25929    ,  0.0250792  ])
194296  , -1554.84    , array([ 1.43335    ,  0.0596216  ,  6.83935e-62,  4.26355    ,  0.0250792  ])
194297  , -1554.83    , array([ 1.43335    ,  0.0596216  ,  6.83935e-62,  4.25929    ,  0.0251043  ])
194298  , -1554.84    , array([ 1.43335    ,  0.0596216  ,  6.83935e-62,  4.25929    ,  0.0250792  ])
194299  , -1554.84    , array([ 1.43335    ,  0.0596216  ,  6.83935e-62,  4.25929    ,  0.0250792  ])
194300  , -1554.84    , array([ 1.43479    ,  0.0596216  ,  6.83935e-62,  4.25929    ,  0.0250792  ])
194301  , -1554.85    , array([ 1.43335    ,  0.0596812  ,  6.83935e-62,  4.25929    ,  0.0250792  ])
194302  , -1554.84    , array([ 1.43335    ,  0.0596216  ,  6.84619e-62,  4.25929    ,  0.0250792  ])
194303  , -1554.84    , array([ 1.43335    ,  0.0596216  ,  6.83935e-62,  4.26355    ,  0.0250792  ])
194304  , -1554.83    , array([ 1.43335    ,  0.0596216  ,  6.83935e-62,  4.25929    ,  0.0251043  ])
194305  , -1554.84    , array([ 1.43335    ,  0.0596216  ,  6.83935e-62,  4.25929    ,  0.0250792  ])
194306  , -1554.84    , array([ 1.43335    ,  0.0596216  ,  6.83935e-62,  4.25929    ,  0.0250792  ])
194307  , -1554.84    , array([ 1.43479    ,  0.0596216  ,  6.83935e-62,  4.25929    ,  0.0250792  ])
194308  , -1554.85    , array([ 1.43335    ,  0.0596812  ,  6.83935e-62,  4.25929    ,  0.0250792  ])
194309  , -1554.84    , array([ 1.43335    ,  0.0596216  ,  6.84619e-62,  4.25929    ,  0.0250792  ])
194310  , -1554.84    , array([ 1.43335    ,  0.0596216  ,  6.83935e-62,  4.26355    ,  0.0250792  ])
194311  , -1554.83    , array([ 1.43335    ,  0.0596216  ,  6.83935e-62,  4.25929    ,  0.0251043  ])
194312  , -1554.84    , array([ 1.43335    ,  0.0596216  ,  6.83935e-62,  4.25929    ,  0.0250792  ])
194313  , -1554.84    , array([ 1.43335    ,  0.0596216  ,  6.83935e-62,  4.25929    ,  0.0250792  ])
194314  , -1554.84    , array([ 1.43479    ,  0.0596216  ,  6.83935e-62,  4.25929    ,  0.0250792  ])
194315  , -1554.85    , array([ 1.43335    ,  0.0596812  ,  6.83935e-62,  4.25929    ,  0.0250792  ])
194316  , -1554.84    , array([ 1.43335    ,  0.0596216  ,  6.84619e-62,  4.25929    ,  0.0250792  ])
194317  , -1554.84    , array([ 1.43335    ,  0.0596216  ,  6.83935e-62,  4.26355    ,  0.0250792  ])
194318  , -1554.83    , array([ 1.43335    ,  0.0596216  ,  6.83935e-62,  4.25929    ,  0.0251043  ])
194319  , -1554.84    , array([ 1.43335    ,  0.0596216  ,  6.83935e-62,  4.25929    ,  0.0250792  ])
194320  , -1554.84    , array([ 1.43335    ,  0.0596216  ,  6.83935e-62,  4.25929    ,  0.0250792  ])
194321  , -1554.84    , array([ 1.43479    ,  0.0596216  ,  6.83935e-62,  4.25929    ,  0.0250792  ])
194322  , -1554.85    , array([ 1.43335    ,  0.0596812  ,  6.83935e-62,  4.25929    ,  0.0250792  ])
194323  , -1554.84    , array([ 1.43335    ,  0.0596216  ,  6.84619e-62,  4.25929    ,  0.0250792  ])
194324  , -1554.84    , array([ 1.43335    ,  0.0596216  ,  6.83935e-62,  4.26355    ,  0.0250792  ])
194325  , -1554.83    , array([ 1.43335    ,  0.0596216  ,  6.83935e-62,  4.25929    ,  0.0251043  ])
194326  , -1554.84    , array([ 1.43335    ,  0.0596216  ,  6.83935e-62,  4.25929    ,  0.0250792  ])
194327  , -1554.84    , array([ 1.43335    ,  0.0596216  ,  6.83935e-62,  4.25929    ,  0.0250792  ])
194328  , -1554.84    , array([ 1.43479    ,  0.0596216  ,  6.83935e-62,  4.25929    ,  0.0250792  ])
194329  , -1554.85    , array([ 1.43335    ,  0.0596812  ,  6.83935e-62,  4.25929    ,  0.0250792  ])
194330  , -1554.84    , array([ 1.43335    ,  0.0596216  ,  6.84619e-62,  4.25929    ,  0.0250792  ])
194331  , -1554.84    , array([ 1.43335    ,  0.0596216  ,  6.83935e-62,  4.26355    ,  0.0250792  ])
194332  , -1554.83    , array([ 1.43335    ,  0.0596216  ,  6.83935e-62,  4.25929    ,  0.0251043  ])
194333  , -1554.84    , array([ 1.43335    ,  0.0596216  ,  6.83935e-62,  4.25929    ,  0.0250792  ])
194334  , -1554.84    , array([ 1.43335    ,  0.0596216  ,  6.83935e-62,  4.25929    ,  0.0250792  ])
194335  , -1554.84    , array([ 1.43479    ,  0.0596216  ,  6.83935e-62,  4.25929    ,  0.0250792  ])
194336  , -1554.85    , array([ 1.43335    ,  0.0596812  ,  6.83935e-62,  4.25929    ,  0.0250792  ])
194337  , -1554.84    , array([ 1.43335    ,  0.0596216  ,  6.84619e-62,  4.25929    ,  0.0250792  ])
194338  , -1554.84    , array([ 1.43335    ,  0.0596216  ,  6.83935e-62,  4.26355    ,  0.0250792  ])
194339  , -1554.83    , array([ 1.43335    ,  0.0596216  ,  6.83935e-62,  4.25929    ,  0.0251043  ])
194340  , -1554.84    , array([ 1.43335    ,  0.0596216  ,  6.83935e-62,  4.25929    ,  0.0250792  ])
194341  , -1554.84    , array([ 1.43335    ,  0.0596216  ,  6.83935e-62,  4.25929    ,  0.0250792  ])
194342  , -1554.84    , array([ 1.43479    ,  0.0596216  ,  6.83935e-62,  4.25929    ,  0.0250792  ])
194343  , -1554.85    , array([ 1.43335    ,  0.0596812  ,  6.83935e-62,  4.25929    ,  0.0250792  ])
194344  , -1554.84    , array([ 1.43335    ,  0.0596216  ,  6.84619e-62,  4.25929    ,  0.0250792  ])
194345  , -1554.84    , array([ 1.43335    ,  0.0596216  ,  6.83935e-62,  4.26355    ,  0.0250792  ])
194346  , -1554.83    , array([ 1.43335    ,  0.0596216  ,  6.83935e-62,  4.25929    ,  0.0251043  ])
194347  , -1554.84    , array([ 1.43335    ,  0.0596216  ,  6.83935e-62,  4.25929    ,  0.0250792  ])
194348  , -1554.84    , array([ 1.43335    ,  0.0596216  ,  6.83935e-62,  4.25929    ,  0.0250792  ])
194349  , -1554.84    , array([ 1.43479    ,  0.0596216  ,  6.83935e-62,  4.25929    ,  0.0250792  ])
194350  , -1554.85    , array([ 1.43335    ,  0.0596812  ,  6.83935e-62,  4.25929    ,  0.0250792  ])
194351  , -1554.84    , array([ 1.43335    ,  0.0596216  ,  6.84619e-62,  4.25929    ,  0.0250792  ])
194352  , -1554.84    , array([ 1.43335    ,  0.0596216  ,  6.83935e-62,  4.26355    ,  0.0250792  ])
194353  , -1554.83    , array([ 1.43335    ,  0.0596216  ,  6.83935e-62,  4.25929    ,  0.0251043  ])
194354  , -1554.84    , array([ 1.43335    ,  0.0596216  ,  6.83935e-62,  4.25929    ,  0.0250792  ])
194355  , -1554.84    , array([ 1.43335    ,  0.0596216  ,  6.83935e-62,  4.25929    ,  0.0250792  ])
194356  , -1554.84    , array([ 1.43479    ,  0.0596216  ,  6.83935e-62,  4.25929    ,  0.0250792  ])
194357  , -1554.85    , array([ 1.43335    ,  0.0596812  ,  6.83935e-62,  4.25929    ,  0.0250792  ])
194358  , -1554.84    , array([ 1.43335    ,  0.0596216  ,  6.84619e-62,  4.25929    ,  0.0250792  ])
194359  , -1554.84    , array([ 1.43335    ,  0.0596216  ,  6.83935e-62,  4.26355    ,  0.0250792  ])
194360  , -1554.83    , array([ 1.43335    ,  0.0596216  ,  6.83935e-62,  4.25929    ,  0.0251043  ])
194361  , -1554.84    , array([ 1.43335    ,  0.0596216  ,  6.83935e-62,  4.25929    ,  0.0250792  ])
194362  , -1554.84    , array([ 1.43335    ,  0.0596216  ,  6.83935e-62,  4.25929    ,  0.0250792  ])
194363  , -1554.84    , array([ 1.43479    ,  0.0596216  ,  6.83935e-62,  4.25929    ,  0.0250792  ])
194364  , -1554.85    , array([ 1.43335    ,  0.0596812  ,  6.83935e-62,  4.25929    ,  0.0250792  ])
194365  , -1554.84    , array([ 1.43335    ,  0.0596216  ,  6.84619e-62,  4.25929    ,  0.0250792  ])
194366  , -1554.84    , array([ 1.43335    ,  0.0596216  ,  6.83935e-62,  4.26355    ,  0.0250792  ])
194367  , -1554.83    , array([ 1.43335    ,  0.0596216  ,  6.83935e-62,  4.25929    ,  0.0251043  ])
194368  , -1554.84    , array([ 1.43335    ,  0.0596216  ,  6.83935e-62,  4.25929    ,  0.0250792  ])
194369  , -1554.84    , array([ 1.43335    ,  0.0596216  ,  6.83935e-62,  4.25929    ,  0.0250792  ])
194370  , -1554.84    , array([ 1.43479    ,  0.0596216  ,  6.83935e-62,  4.25929    ,  0.0250792  ])
194371  , -1554.85    , array([ 1.43335    ,  0.0596812  ,  6.83935e-62,  4.25929    ,  0.0250792  ])
194372  , -1554.84    , array([ 1.43335    ,  0.0596216  ,  6.84619e-62,  4.25929    ,  0.0250792  ])
194373  , -1554.84    , array([ 1.43335    ,  0.0596216  ,  6.83935e-62,  4.26355    ,  0.0250792  ])
194374  , -1554.83    , array([ 1.43335    ,  0.0596216  ,  6.83935e-62,  4.25929    ,  0.0251043  ])
194375  , -1554.84    , array([ 1.43335    ,  0.0596216  ,  6.83935e-62,  4.25929    ,  0.0250792  ])
194376  , -1554.84    , array([ 1.43335    ,  0.0596216  ,  6.83935e-62,  4.25929    ,  0.0250792  ])
194377  , -1554.84    , array([ 1.43479    ,  0.0596216  ,  6.83935e-62,  4.25929    ,  0.0250792  ])
194378  , -1554.85    , array([ 1.43335    ,  0.0596812  ,  6.83935e-62,  4.25929    ,  0.0250792  ])
194379  , -1554.84    , array([ 1.43335    ,  0.0596216  ,  6.84619e-62,  4.25929    ,  0.0250792  ])
194380  , -1554.84    , array([ 1.43335    ,  0.0596216  ,  6.83935e-62,  4.26355    ,  0.0250792  ])
194381  , -1554.83    , array([ 1.43335    ,  0.0596216  ,  6.83935e-62,  4.25929    ,  0.0251043  ])
194382  , -1554.84    , array([ 1.43335    ,  0.0596216  ,  6.83935e-62,  4.25929    ,  0.0250792  ])
194383  , -1554.84    , array([ 1.43335    ,  0.0596216  ,  6.83935e-62,  4.25929    ,  0.0250792  ])
194384  , -1554.84    , array([ 1.43479    ,  0.0596216  ,  6.83935e-62,  4.25929    ,  0.0250792  ])
194385  , -1554.85    , array([ 1.43335    ,  0.0596812  ,  6.83935e-62,  4.25929    ,  0.0250792  ])
194386  , -1554.84    , array([ 1.43335    ,  0.0596216  ,  6.84619e-62,  4.25929    ,  0.0250792  ])
194387  , -1554.84    , array([ 1.43335    ,  0.0596216  ,  6.83935e-62,  4.26355    ,  0.0250792  ])
194388  , -1554.83    , array([ 1.43335    ,  0.0596216  ,  6.83935e-62,  4.25929    ,  0.0251043  ])
194389  , -1554.84    , array([ 1.43335    ,  0.0596216  ,  6.83935e-62,  4.25929    ,  0.0250792  ])
194390  , -1554.84    , array([ 1.43335    ,  0.0596216  ,  6.83935e-62,  4.25929    ,  0.0250792  ])
194391  , -1554.84    , array([ 1.43479    ,  0.0596216  ,  6.83935e-62,  4.25929    ,  0.0250792  ])
194392  , -1554.85    , array([ 1.43335    ,  0.0596812  ,  6.83935e-62,  4.25929    ,  0.0250792  ])
194393  , -1554.84    , array([ 1.43335    ,  0.0596216  ,  6.84619e-62,  4.25929    ,  0.0250792  ])
194394  , -1554.84    , array([ 1.43335    ,  0.0596216  ,  6.83935e-62,  4.26355    ,  0.0250792  ])
194395  , -1554.83    , array([ 1.43335    ,  0.0596216  ,  6.83935e-62,  4.25929    ,  0.0251043  ])
194396  , -1554.84    , array([ 1.43335    ,  0.0596216  ,  6.83935e-62,  4.25929    ,  0.0250792  ])
194397  , -1554.84    , array([ 1.43335    ,  0.0596216  ,  6.83935e-62,  4.25929    ,  0.0250792  ])
194398  , -1554.84    , array([ 1.43479    ,  0.0596216  ,  6.83935e-62,  4.25929    ,  0.0250792  ])
194399  , -1554.85    , array([ 1.43335    ,  0.0596812  ,  6.83935e-62,  4.25929    ,  0.0250792  ])
194400  , -1554.84    , array([ 1.43335    ,  0.0596216  ,  6.84619e-62,  4.25929    ,  0.0250792  ])
194401  , -1554.84    , array([ 1.43335    ,  0.0596216  ,  6.83935e-62,  4.26355    ,  0.0250792  ])
194402  , -1554.83    , array([ 1.43335    ,  0.0596216  ,  6.83935e-62,  4.25929    ,  0.0251043  ])
194403  , -1554.84    , array([ 1.43335    ,  0.0596216  ,  6.83935e-62,  4.25929    ,  0.0250792  ])
194404  , -1554.84    , array([ 1.43335    ,  0.0596216  ,  6.83935e-62,  4.25929    ,  0.0250792  ])
194405  , -1554.84    , array([ 1.43479    ,  0.0596216  ,  6.83935e-62,  4.25929    ,  0.0250792  ])
194406  , -1554.85    , array([ 1.43335    ,  0.0596812  ,  6.83935e-62,  4.25929    ,  0.0250792  ])
194407  , -1554.84    , array([ 1.43335    ,  0.0596216  ,  6.84619e-62,  4.25929    ,  0.0250792  ])
194408  , -1554.84    , array([ 1.43335    ,  0.0596216  ,  6.83935e-62,  4.26355    ,  0.0250792  ])
194409  , -1554.83    , array([ 1.43335    ,  0.0596216  ,  6.83935e-62,  4.25929    ,  0.0251043  ])
194410  , -1554.84    , array([ 1.43335    ,  0.0596216  ,  6.83935e-62,  4.25929    ,  0.0250792  ])
194411  , -1554.84    , array([ 1.43335    ,  0.0596216  ,  6.83935e-62,  4.25929    ,  0.0250792  ])
194412  , -1554.84    , array([ 1.43479    ,  0.0596216  ,  6.83935e-62,  4.25929    ,  0.0250792  ])
194413  , -1554.85    , array([ 1.43335    ,  0.0596812  ,  6.83935e-62,  4.25929    ,  0.0250792  ])
194414  , -1554.84    , array([ 1.43335    ,  0.0596216  ,  6.84619e-62,  4.25929    ,  0.0250792  ])
194415  , -1554.84    , array([ 1.43335    ,  0.0596216  ,  6.83935e-62,  4.26355    ,  0.0250792  ])
194416  , -1554.83    , array([ 1.43335    ,  0.0596216  ,  6.83935e-62,  4.25929    ,  0.0251043  ])
194417  , -1554.84    , array([ 1.43335    ,  0.0596216  ,  6.83935e-62,  4.25929    ,  0.0250792  ])
194418  , -1554.84    , array([ 1.43335    ,  0.0596216  ,  6.83935e-62,  4.25929    ,  0.0250792  ])
194419  , -1554.84    , array([ 1.43479    ,  0.0596216  ,  6.83935e-62,  4.25929    ,  0.0250792  ])
194420  , -1554.85    , array([ 1.43335    ,  0.0596812  ,  6.83935e-62,  4.25929    ,  0.0250792  ])
194421  , -1554.84    , array([ 1.43335    ,  0.0596216  ,  6.84619e-62,  4.25929    ,  0.0250792  ])
194422  , -1554.84    , array([ 1.43335    ,  0.0596216  ,  6.83935e-62,  4.26355    ,  0.0250792  ])
194423  , -1554.83    , array([ 1.43335    ,  0.0596216  ,  6.83935e-62,  4.25929    ,  0.0251043  ])
194424  , -1554.84    , array([ 1.43335    ,  0.0596216  ,  6.83935e-62,  4.25929    ,  0.0250792  ])
194425  , -1554.84    , array([ 1.43335    ,  0.0596216  ,  6.83935e-62,  4.25929    ,  0.0250792  ])
194426  , -1554.84    , array([ 1.43479    ,  0.0596216  ,  6.83935e-62,  4.25929    ,  0.0250792  ])
194427  , -1554.85    , array([ 1.43335    ,  0.0596812  ,  6.83935e-62,  4.25929    ,  0.0250792  ])
194428  , -1554.84    , array([ 1.43335    ,  0.0596216  ,  6.84619e-62,  4.25929    ,  0.0250792  ])
194429  , -1554.84    , array([ 1.43335    ,  0.0596216  ,  6.83935e-62,  4.26355    ,  0.0250792  ])
194430  , -1554.83    , array([ 1.43335    ,  0.0596216  ,  6.83935e-62,  4.25929    ,  0.0251043  ])
194431  , -1554.84    , array([ 1.43335    ,  0.0596216  ,  6.83935e-62,  4.25929    ,  0.0250792  ])
194432  , -1554.84    , array([ 1.43335    ,  0.0596216  ,  6.83935e-62,  4.25929    ,  0.0250792  ])
194433  , -1554.84    , array([ 1.43479    ,  0.0596216  ,  6.83935e-62,  4.25929    ,  0.0250792  ])
194434  , -1554.85    , array([ 1.43335    ,  0.0596812  ,  6.83935e-62,  4.25929    ,  0.0250792  ])
194435  , -1554.84    , array([ 1.43335    ,  0.0596216  ,  6.84619e-62,  4.25929    ,  0.0250792  ])
194436  , -1554.84    , array([ 1.43335    ,  0.0596216  ,  6.83935e-62,  4.26355    ,  0.0250792  ])
194437  , -1554.83    , array([ 1.43335    ,  0.0596216  ,  6.83935e-62,  4.25929    ,  0.0251043  ])
194438  , -1554.84    , array([ 1.43335    ,  0.0596216  ,  6.83935e-62,  4.25929    ,  0.0250792  ])
194439  , -1554.84    , array([ 1.43335    ,  0.0596216  ,  6.83935e-62,  4.25929    ,  0.0250792  ])
194440  , -1554.84    , array([ 1.43479    ,  0.0596216  ,  6.83935e-62,  4.25929    ,  0.0250792  ])
194441  , -1554.85    , array([ 1.43335    ,  0.0596812  ,  6.83935e-62,  4.25929    ,  0.0250792  ])
194442  , -1554.84    , array([ 1.43335    ,  0.0596216  ,  6.84619e-62,  4.25929    ,  0.0250792  ])
194443  , -1554.84    , array([ 1.43335    ,  0.0596216  ,  6.83935e-62,  4.26355    ,  0.0250792  ])
194444  , -1554.83    , array([ 1.43335    ,  0.0596216  ,  6.83935e-62,  4.25929    ,  0.0251043  ])
194445  , -1554.84    , array([ 1.43335    ,  0.0596216  ,  6.83935e-62,  4.25929    ,  0.0250792  ])
194446  , -1554.84    , array([ 1.43335    ,  0.0596216  ,  6.83935e-62,  4.25929    ,  0.0250792  ])
194447  , -1554.84    , array([ 1.43479    ,  0.0596216  ,  6.83935e-62,  4.25929    ,  0.0250792  ])
194448  , -1554.85    , array([ 1.43335    ,  0.0596812  ,  6.83935e-62,  4.25929    ,  0.0250792  ])
194449  , -1554.84    , array([ 1.43335    ,  0.0596216  ,  6.84619e-62,  4.25929    ,  0.0250792  ])
194450  , -1554.84    , array([ 1.43335    ,  0.0596216  ,  6.83935e-62,  4.26355    ,  0.0250792  ])
194451  , -1554.83    , array([ 1.43335    ,  0.0596216  ,  6.83935e-62,  4.25929    ,  0.0251043  ])
194452  , -1554.84    , array([ 1.43335    ,  0.0596216  ,  6.83935e-62,  4.25929    ,  0.0250792  ])
194453  , -1554.84    , array([ 1.43335    ,  0.0596216  ,  6.83935e-62,  4.25929    ,  0.0250792  ])
194454  , -1554.84    , array([ 1.43479    ,  0.0596216  ,  6.83935e-62,  4.25929    ,  0.0250792  ])
194455  , -1554.85    , array([ 1.43335    ,  0.0596812  ,  6.83935e-62,  4.25929    ,  0.0250792  ])
194456  , -1554.84    , array([ 1.43335    ,  0.0596216  ,  6.84619e-62,  4.25929    ,  0.0250792  ])
194457  , -1554.84    , array([ 1.43335    ,  0.0596216  ,  6.83935e-62,  4.26355    ,  0.0250792  ])
194458  , -1554.83    , array([ 1.43335    ,  0.0596216  ,  6.83935e-62,  4.25929    ,  0.0251043  ])
194459  , -1554.84    , array([ 1.43335    ,  0.0596216  ,  6.83935e-62,  4.25929    ,  0.0250792  ])
194460  , -1554.84    , array([ 1.43335    ,  0.0596216  ,  6.83935e-62,  4.25929    ,  0.0250792  ])
194461  , -1554.84    , array([ 1.43479    ,  0.0596216  ,  6.83935e-62,  4.25929    ,  0.0250792  ])
194462  , -1554.85    , array([ 1.43335    ,  0.0596812  ,  6.83935e-62,  4.25929    ,  0.0250792  ])
194463  , -1554.84    , array([ 1.43335    ,  0.0596216  ,  6.84619e-62,  4.25929    ,  0.0250792  ])
194464  , -1554.84    , array([ 1.43335    ,  0.0596216  ,  6.83935e-62,  4.26355    ,  0.0250792  ])
194465  , -1554.83    , array([ 1.43335    ,  0.0596216  ,  6.83935e-62,  4.25929    ,  0.0251043  ])
194466  , -1554.84    , array([ 1.43335    ,  0.0596216  ,  6.83935e-62,  4.25929    ,  0.0250792  ])
194467  , -1554.84    , array([ 1.43335    ,  0.0596216  ,  6.83935e-62,  4.25929    ,  0.0250792  ])
194468  , -1554.84    , array([ 1.43479    ,  0.0596216  ,  6.83935e-62,  4.25929    ,  0.0250792  ])
194469  , -1554.85    , array([ 1.43335    ,  0.0596812  ,  6.83935e-62,  4.25929    ,  0.0250792  ])
194470  , -1554.84    , array([ 1.43335    ,  0.0596216  ,  6.84619e-62,  4.25929    ,  0.0250792  ])
194471  , -1554.84    , array([ 1.43335    ,  0.0596216  ,  6.83935e-62,  4.26355    ,  0.0250792  ])
194472  , -1554.83    , array([ 1.43335    ,  0.0596216  ,  6.83935e-62,  4.25929    ,  0.0251043  ])
194473  , -1554.84    , array([ 1.43335    ,  0.0596216  ,  6.83935e-62,  4.25929    ,  0.0250792  ])
194474  , -1554.84    , array([ 1.43335    ,  0.0596216  ,  6.83935e-62,  4.25929    ,  0.0250792  ])
194475  , -1554.84    , array([ 1.43479    ,  0.0596216  ,  6.83935e-62,  4.25929    ,  0.0250792  ])
194476  , -1554.85    , array([ 1.43335    ,  0.0596812  ,  6.83935e-62,  4.25929    ,  0.0250792  ])
194477  , -1554.84    , array([ 1.43335    ,  0.0596216  ,  6.84619e-62,  4.25929    ,  0.0250792  ])
194478  , -1554.84    , array([ 1.43335    ,  0.0596216  ,  6.83935e-62,  4.26355    ,  0.0250792  ])
194479  , -1554.83    , array([ 1.43335    ,  0.0596216  ,  6.83935e-62,  4.25929    ,  0.0251043  ])
194480  , -1554.84    , array([ 1.43335    ,  0.0596216  ,  6.83935e-62,  4.25929    ,  0.0250792  ])
194481  , -1554.84    , array([ 1.43335    ,  0.0596216  ,  6.83935e-62,  4.25929    ,  0.0250792  ])
194482  , -1554.84    , array([ 1.43479    ,  0.0596216  ,  6.83935e-62,  4.25929    ,  0.0250792  ])
194483  , -1554.85    , array([ 1.43335    ,  0.0596812  ,  6.83935e-62,  4.25929    ,  0.0250792  ])
194484  , -1554.84    , array([ 1.43335    ,  0.0596216  ,  6.84619e-62,  4.25929    ,  0.0250792  ])
194485  , -1554.84    , array([ 1.43335    ,  0.0596216  ,  6.83935e-62,  4.26355    ,  0.0250792  ])
194486  , -1554.83    , array([ 1.43335    ,  0.0596216  ,  6.83935e-62,  4.25929    ,  0.0251043  ])
194487  , -1554.84    , array([ 1.43335    ,  0.0596216  ,  6.83935e-62,  4.25929    ,  0.0250792  ])
194488  , -1554.84    , array([ 1.43335    ,  0.0596216  ,  6.83935e-62,  4.25929    ,  0.0250792  ])
194489  , -1554.84    , array([ 1.43479    ,  0.0596216  ,  6.83935e-62,  4.25929    ,  0.0250792  ])
194490  , -1554.85    , array([ 1.43335    ,  0.0596812  ,  6.83935e-62,  4.25929    ,  0.0250792  ])
194491  , -1554.84    , array([ 1.43335    ,  0.0596216  ,  6.84619e-62,  4.25929    ,  0.0250792  ])
194492  , -1554.84    , array([ 1.43335    ,  0.0596216  ,  6.83935e-62,  4.26355    ,  0.0250792  ])
194493  , -1554.83    , array([ 1.43335    ,  0.0596216  ,  6.83935e-62,  4.25929    ,  0.0251043  ])
194494  , -1554.84    , array([ 1.43335    ,  0.0596216  ,  6.83935e-62,  4.25929    ,  0.0250792  ])
194495  , -1554.84    , array([ 1.43335    ,  0.0596216  ,  6.83935e-62,  4.25929    ,  0.0250792  ])
194496  , -1554.84    , array([ 1.43479    ,  0.0596216  ,  6.83935e-62,  4.25929    ,  0.0250792  ])
194497  , -1554.85    , array([ 1.43335    ,  0.0596812  ,  6.83935e-62,  4.25929    ,  0.0250792  ])
194498  , -1554.84    , array([ 1.43335    ,  0.0596216  ,  6.84619e-62,  4.25929    ,  0.0250792  ])
194499  , -1554.84    , array([ 1.43335    ,  0.0596216  ,  6.83935e-62,  4.26355    ,  0.0250792  ])
194500  , -1554.83    , array([ 1.43335    ,  0.0596216  ,  6.83935e-62,  4.25929    ,  0.0251043  ])
194501  , -1554.84    , array([ 1.43335    ,  0.0596216  ,  6.83935e-62,  4.25929    ,  0.0250792  ])
194502  , -1554.84    , array([ 1.43335    ,  0.0596216  ,  6.83935e-62,  4.25929    ,  0.0250792  ])
194503  , -1554.84    , array([ 1.43479    ,  0.0596216  ,  6.83935e-62,  4.25929    ,  0.0250792  ])
194504  , -1554.85    , array([ 1.43335    ,  0.0596812  ,  6.83935e-62,  4.25929    ,  0.0250792  ])
194505  , -1554.84    , array([ 1.43335    ,  0.0596216  ,  6.84619e-62,  4.25929    ,  0.0250792  ])
194506  , -1554.84    , array([ 1.43335    ,  0.0596216  ,  6.83935e-62,  4.26355    ,  0.0250792  ])
194507  , -1554.83    , array([ 1.43335    ,  0.0596216  ,  6.83935e-62,  4.25929    ,  0.0251043  ])
194508  , -1554.84    , array([ 1.43335    ,  0.0596216  ,  6.83935e-62,  4.25929    ,  0.0250792  ])
194509  , -1554.84    , array([ 1.43335    ,  0.0596216  ,  6.83935e-62,  4.25929    ,  0.0250792  ])
194510  , -1554.84    , array([ 1.43479    ,  0.0596216  ,  6.83935e-62,  4.25929    ,  0.0250792  ])
194511  , -1554.85    , array([ 1.43335    ,  0.0596812  ,  6.83935e-62,  4.25929    ,  0.0250792  ])
194512  , -1554.84    , array([ 1.43335    ,  0.0596216  ,  6.84619e-62,  4.25929    ,  0.0250792  ])
194513  , -1554.84    , array([ 1.43335    ,  0.0596216  ,  6.83935e-62,  4.26355    ,  0.0250792  ])
194514  , -1554.83    , array([ 1.43335    ,  0.0596216  ,  6.83935e-62,  4.25929    ,  0.0251043  ])
194515  , -1554.84    , array([ 1.43335    ,  0.0596216  ,  6.83935e-62,  4.25929    ,  0.0250792  ])
194516  , -1554.84    , array([ 1.43335    ,  0.0596216  ,  6.83935e-62,  4.25929    ,  0.0250792  ])
194517  , -1554.84    , array([ 1.43479    ,  0.0596216  ,  6.83935e-62,  4.25929    ,  0.0250792  ])
194518  , -1554.85    , array([ 1.43335    ,  0.0596812  ,  6.83935e-62,  4.25929    ,  0.0250792  ])
194519  , -1554.84    , array([ 1.43335    ,  0.0596216  ,  6.84619e-62,  4.25929    ,  0.0250792  ])
194520  , -1554.84    , array([ 1.43335    ,  0.0596216  ,  6.83935e-62,  4.26355    ,  0.0250792  ])
194521  , -1554.83    , array([ 1.43335    ,  0.0596216  ,  6.83935e-62,  4.25929    ,  0.0251043  ])
194522  , -1554.84    , array([ 1.43335    ,  0.0596216  ,  6.83935e-62,  4.25929    ,  0.0250792  ])
194523  , -1554.84    , array([ 1.43335    ,  0.0596216  ,  6.83935e-62,  4.25929    ,  0.0250792  ])
194524  , -1554.84    , array([ 1.43479    ,  0.0596216  ,  6.83935e-62,  4.25929    ,  0.0250792  ])
194525  , -1554.85    , array([ 1.43335    ,  0.0596812  ,  6.83935e-62,  4.25929    ,  0.0250792  ])
194526  , -1554.84    , array([ 1.43335    ,  0.0596216  ,  6.84619e-62,  4.25929    ,  0.0250792  ])
194527  , -1554.84    , array([ 1.43335    ,  0.0596216  ,  6.83935e-62,  4.26355    ,  0.0250792  ])
194528  , -1554.83    , array([ 1.43335    ,  0.0596216  ,  6.83935e-62,  4.25929    ,  0.0251043  ])
194529  , -1554.84    , array([ 1.43335    ,  0.0596216  ,  6.83935e-62,  4.25929    ,  0.0250792  ])
194530  , -1554.84    , array([ 1.43335    ,  0.0596216  ,  6.83935e-62,  4.25929    ,  0.0250792  ])
194531  , -1554.84    , array([ 1.43479    ,  0.0596216  ,  6.83935e-62,  4.25929    ,  0.0250792  ])
194532  , -1554.85    , array([ 1.43335    ,  0.0596812  ,  6.83935e-62,  4.25929    ,  0.0250792  ])
194533  , -1554.84    , array([ 1.43335    ,  0.0596216  ,  6.84619e-62,  4.25929    ,  0.0250792  ])
194534  , -1554.84    , array([ 1.43335    ,  0.0596216  ,  6.83935e-62,  4.26355    ,  0.0250792  ])
194535  , -1554.83    , array([ 1.43335    ,  0.0596216  ,  6.83935e-62,  4.25929    ,  0.0251043  ])
194536  , -1554.84    , array([ 1.43335    ,  0.0596216  ,  6.83935e-62,  4.25929    ,  0.0250792  ])
194537  , -1554.84    , array([ 1.43335    ,  0.0596216  ,  6.83935e-62,  4.25929    ,  0.0250792  ])
194538  , -1554.84    , array([ 1.43479    ,  0.0596216  ,  6.83935e-62,  4.25929    ,  0.0250792  ])
194539  , -1554.85    , array([ 1.43335    ,  0.0596812  ,  6.83935e-62,  4.25929    ,  0.0250792  ])
194540  , -1554.84    , array([ 1.43335    ,  0.0596216  ,  6.84619e-62,  4.25929    ,  0.0250792  ])
194541  , -1554.84    , array([ 1.43335    ,  0.0596216  ,  6.83935e-62,  4.26355    ,  0.0250792  ])
194542  , -1554.83    , array([ 1.43335    ,  0.0596216  ,  6.83935e-62,  4.25929    ,  0.0251043  ])
194543  , -1554.84    , array([ 1.43335    ,  0.0596216  ,  6.83935e-62,  4.25929    ,  0.0250792  ])
194544  , -1554.84    , array([ 1.43335    ,  0.0596216  ,  6.83935e-62,  4.25929    ,  0.0250792  ])
194545  , -1554.84    , array([ 1.43479    ,  0.0596216  ,  6.83935e-62,  4.25929    ,  0.0250792  ])
194546  , -1554.85    , array([ 1.43335    ,  0.0596812  ,  6.83935e-62,  4.25929    ,  0.0250792  ])
194547  , -1554.84    , array([ 1.43335    ,  0.0596216  ,  6.84619e-62,  4.25929    ,  0.0250792  ])
194548  , -1554.84    , array([ 1.43335    ,  0.0596216  ,  6.83935e-62,  4.26355    ,  0.0250792  ])
194549  , -1554.83    , array([ 1.43335    ,  0.0596216  ,  6.83935e-62,  4.25929    ,  0.0251043  ])
194550  , -1554.84    , array([ 1.43335    ,  0.0596216  ,  6.83935e-62,  4.25929    ,  0.0250792  ])
194551  , -1554.84    , array([ 1.43335    ,  0.0596216  ,  6.83935e-62,  4.25929    ,  0.0250792  ])
194552  , -1554.84    , array([ 1.43479    ,  0.0596216  ,  6.83935e-62,  4.25929    ,  0.0250792  ])
194553  , -1554.85    , array([ 1.43335    ,  0.0596812  ,  6.83935e-62,  4.25929    ,  0.0250792  ])
194554  , -1554.84    , array([ 1.43335    ,  0.0596216  ,  6.84619e-62,  4.25929    ,  0.0250792  ])
194555  , -1554.84    , array([ 1.43335    ,  0.0596216  ,  6.83935e-62,  4.26355    ,  0.0250792  ])
194556  , -1554.83    , array([ 1.43335    ,  0.0596216  ,  6.83935e-62,  4.25929    ,  0.0251043  ])
194557  , -1554.84    , array([ 1.43335    ,  0.0596216  ,  6.83935e-62,  4.25929    ,  0.0250792  ])
194558  , -1554.84    , array([ 1.43335    ,  0.0596216  ,  6.83935e-62,  4.25929    ,  0.0250792  ])
194559  , -1554.84    , array([ 1.43479    ,  0.0596216  ,  6.83935e-62,  4.25929    ,  0.0250792  ])
194560  , -1554.85    , array([ 1.43335    ,  0.0596812  ,  6.83935e-62,  4.25929    ,  0.0250792  ])
194561  , -1554.84    , array([ 1.43335    ,  0.0596216  ,  6.84619e-62,  4.25929    ,  0.0250792  ])
194562  , -1554.84    , array([ 1.43335    ,  0.0596216  ,  6.83935e-62,  4.26355    ,  0.0250792  ])
194563  , -1554.83    , array([ 1.43335    ,  0.0596216  ,  6.83935e-62,  4.25929    ,  0.0251043  ])
194564  , -1554.84    , array([ 1.43335    ,  0.0596216  ,  6.83935e-62,  4.25929    ,  0.0250792  ])
194565  , -1554.84    , array([ 1.43335    ,  0.0596216  ,  6.83935e-62,  4.25929    ,  0.0250792  ])
194566  , -1554.84    , array([ 1.43479    ,  0.0596216  ,  6.83935e-62,  4.25929    ,  0.0250792  ])
194567  , -1554.85    , array([ 1.43335    ,  0.0596812  ,  6.83935e-62,  4.25929    ,  0.0250792  ])
194568  , -1554.84    , array([ 1.43335    ,  0.0596216  ,  6.84619e-62,  4.25929    ,  0.0250792  ])
194569  , -1554.84    , array([ 1.43335    ,  0.0596216  ,  6.83935e-62,  4.26355    ,  0.0250792  ])
194570  , -1554.83    , array([ 1.43335    ,  0.0596216  ,  6.83935e-62,  4.25929    ,  0.0251043  ])
194571  , -1554.84    , array([ 1.43335    ,  0.0596216  ,  6.83935e-62,  4.25929    ,  0.0250792  ])
194572  , -1554.84    , array([ 1.43335    ,  0.0596216  ,  6.83935e-62,  4.25929    ,  0.0250792  ])
194573  , -1554.84    , array([ 1.43479    ,  0.0596216  ,  6.83935e-62,  4.25929    ,  0.0250792  ])
194574  , -1554.85    , array([ 1.43335    ,  0.0596812  ,  6.83935e-62,  4.25929    ,  0.0250792  ])
194575  , -1554.84    , array([ 1.43335    ,  0.0596216  ,  6.84619e-62,  4.25929    ,  0.0250792  ])
194576  , -1554.84    , array([ 1.43335    ,  0.0596216  ,  6.83935e-62,  4.26355    ,  0.0250792  ])
194577  , -1554.83    , array([ 1.43335    ,  0.0596216  ,  6.83935e-62,  4.25929    ,  0.0251043  ])
194578  , -1554.84    , array([ 1.43335    ,  0.0596216  ,  6.83935e-62,  4.25929    ,  0.0250792  ])
194579  , -1554.84    , array([ 1.43335    ,  0.0596216  ,  6.83935e-62,  4.25929    ,  0.0250792  ])
194580  , -1554.84    , array([ 1.43479    ,  0.0596216  ,  6.83935e-62,  4.25929    ,  0.0250792  ])
194581  , -1554.85    , array([ 1.43335    ,  0.0596812  ,  6.83935e-62,  4.25929    ,  0.0250792  ])
194582  , -1554.84    , array([ 1.43335    ,  0.0596216  ,  6.84619e-62,  4.25929    ,  0.0250792  ])
194583  , -1554.84    , array([ 1.43335    ,  0.0596216  ,  6.83935e-62,  4.26355    ,  0.0250792  ])
194584  , -1554.83    , array([ 1.43335    ,  0.0596216  ,  6.83935e-62,  4.25929    ,  0.0251043  ])
194585  , -1554.84    , array([ 1.43335    ,  0.0596216  ,  6.83935e-62,  4.25929    ,  0.0250792  ])
194586  , -1554.84    , array([ 1.43335    ,  0.0596216  ,  6.83935e-62,  4.25929    ,  0.0250792  ])
194587  , -1554.84    , array([ 1.43479    ,  0.0596216  ,  6.83935e-62,  4.25929    ,  0.0250792  ])
194588  , -1554.85    , array([ 1.43335    ,  0.0596812  ,  6.83935e-62,  4.25929    ,  0.0250792  ])
194589  , -1554.84    , array([ 1.43335    ,  0.0596216  ,  6.84619e-62,  4.25929    ,  0.0250792  ])
194590  , -1554.84    , array([ 1.43335    ,  0.0596216  ,  6.83935e-62,  4.26355    ,  0.0250792  ])
194591  , -1554.83    , array([ 1.43335    ,  0.0596216  ,  6.83935e-62,  4.25929    ,  0.0251043  ])
194592  , -1554.84    , array([ 1.43335    ,  0.0596216  ,  6.83935e-62,  4.25929    ,  0.0250792  ])
194593  , -1554.84    , array([ 1.43335    ,  0.0596216  ,  6.83935e-62,  4.25929    ,  0.0250792  ])
194594  , -1554.84    , array([ 1.43479    ,  0.0596216  ,  6.83935e-62,  4.25929    ,  0.0250792  ])
194595  , -1554.85    , array([ 1.43335    ,  0.0596812  ,  6.83935e-62,  4.25929    ,  0.0250792  ])
194596  , -1554.84    , array([ 1.43335    ,  0.0596216  ,  6.84619e-62,  4.25929    ,  0.0250792  ])
194597  , -1554.84    , array([ 1.43335    ,  0.0596216  ,  6.83935e-62,  4.26355    ,  0.0250792  ])
194598  , -1554.83    , array([ 1.43335    ,  0.0596216  ,  6.83935e-62,  4.25929    ,  0.0251043  ])
194599  , -1554.84    , array([ 1.43335    ,  0.0596216  ,  6.83935e-62,  4.25929    ,  0.0250792  ])
194600  , -1554.84    , array([ 1.43335    ,  0.0596216  ,  6.83935e-62,  4.25929    ,  0.0250792  ])
194601  , -1554.84    , array([ 1.43479    ,  0.0596216  ,  6.83935e-62,  4.25929    ,  0.0250792  ])
194602  , -1554.85    , array([ 1.43335    ,  0.0596812  ,  6.83935e-62,  4.25929    ,  0.0250792  ])
194603  , -1554.84    , array([ 1.43335    ,  0.0596216  ,  6.84619e-62,  4.25929    ,  0.0250792  ])
194604  , -1554.84    , array([ 1.43335    ,  0.0596216  ,  6.83935e-62,  4.26355    ,  0.0250792  ])
194605  , -1554.83    , array([ 1.43335    ,  0.0596216  ,  6.83935e-62,  4.25929    ,  0.0251043  ])
194606  , -1554.84    , array([ 1.43335    ,  0.0596216  ,  6.83935e-62,  4.25929    ,  0.0250792  ])
194607  , -1554.84    , array([ 1.43335    ,  0.0596216  ,  6.83935e-62,  4.25929    ,  0.0250792  ])
194608  , -1554.84    , array([ 1.43479    ,  0.0596216  ,  6.83935e-62,  4.25929    ,  0.0250792  ])
194609  , -1554.85    , array([ 1.43335    ,  0.0596812  ,  6.83935e-62,  4.25929    ,  0.0250792  ])
194610  , -1554.84    , array([ 1.43335    ,  0.0596216  ,  6.84619e-62,  4.25929    ,  0.0250792  ])
194611  , -1554.84    , array([ 1.43335    ,  0.0596216  ,  6.83935e-62,  4.26355    ,  0.0250792  ])
194612  , -1554.83    , array([ 1.43335    ,  0.0596216  ,  6.83935e-62,  4.25929    ,  0.0251043  ])
194613  , -1554.84    , array([ 1.43335    ,  0.0596216  ,  6.83935e-62,  4.25929    ,  0.0250792  ])
194614  , -1554.84    , array([ 1.43335    ,  0.0596216  ,  6.83935e-62,  4.25929    ,  0.0250792  ])
194615  , -1554.84    , array([ 1.43479    ,  0.0596216  ,  6.83935e-62,  4.25929    ,  0.0250792  ])
194616  , -1554.85    , array([ 1.43335    ,  0.0596812  ,  6.83935e-62,  4.25929    ,  0.0250792  ])
194617  , -1554.84    , array([ 1.43335    ,  0.0596216  ,  6.84619e-62,  4.25929    ,  0.0250792  ])
194618  , -1554.84    , array([ 1.43335    ,  0.0596216  ,  6.83935e-62,  4.26355    ,  0.0250792  ])
194619  , -1554.83    , array([ 1.43335    ,  0.0596216  ,  6.83935e-62,  4.25929    ,  0.0251043  ])
194620  , -1554.84    , array([ 1.43335    ,  0.0596216  ,  6.83935e-62,  4.25929    ,  0.0250792  ])
194621  , -1554.84    , array([ 1.43335    ,  0.0596216  ,  6.83935e-62,  4.25929    ,  0.0250792  ])
194622  , -1554.84    , array([ 1.43479    ,  0.0596216  ,  6.83935e-62,  4.25929    ,  0.0250792  ])
194623  , -1554.85    , array([ 1.43335    ,  0.0596812  ,  6.83935e-62,  4.25929    ,  0.0250792  ])
194624  , -1554.84    , array([ 1.43335    ,  0.0596216  ,  6.84619e-62,  4.25929    ,  0.0250792  ])
194625  , -1554.84    , array([ 1.43335    ,  0.0596216  ,  6.83935e-62,  4.26355    ,  0.0250792  ])
194626  , -1554.83    , array([ 1.43335    ,  0.0596216  ,  6.83935e-62,  4.25929    ,  0.0251043  ])
194627  , -1554.84    , array([ 1.43335    ,  0.0596216  ,  6.83935e-62,  4.25929    ,  0.0250792  ])
194628  , -1554.84    , array([ 1.43335    ,  0.0596216  ,  6.83935e-62,  4.25929    ,  0.0250792  ])
194629  , -1554.84    , array([ 1.43479    ,  0.0596216  ,  6.83935e-62,  4.25929    ,  0.0250792  ])
194630  , -1554.85    , array([ 1.43335    ,  0.0596812  ,  6.83935e-62,  4.25929    ,  0.0250792  ])
194631  , -1554.84    , array([ 1.43335    ,  0.0596216  ,  6.84619e-62,  4.25929    ,  0.0250792  ])
194632  , -1554.84    , array([ 1.43335    ,  0.0596216  ,  6.83935e-62,  4.26355    ,  0.0250792  ])
194633  , -1554.83    , array([ 1.43335    ,  0.0596216  ,  6.83935e-62,  4.25929    ,  0.0251043  ])
194634  , -1554.84    , array([ 1.43335    ,  0.0596216  ,  6.83935e-62,  4.25929    ,  0.0250792  ])
194635  , -1554.84    , array([ 1.43335    ,  0.0596216  ,  6.83935e-62,  4.25929    ,  0.0250792  ])
194636  , -1554.84    , array([ 1.43479    ,  0.0596216  ,  6.83935e-62,  4.25929    ,  0.0250792  ])
194637  , -1554.85    , array([ 1.43335    ,  0.0596812  ,  6.83935e-62,  4.25929    ,  0.0250792  ])
194638  , -1554.84    , array([ 1.43335    ,  0.0596216  ,  6.84619e-62,  4.25929    ,  0.0250792  ])
194639  , -1554.84    , array([ 1.43335    ,  0.0596216  ,  6.83935e-62,  4.26355    ,  0.0250792  ])
194640  , -1554.83    , array([ 1.43335    ,  0.0596216  ,  6.83935e-62,  4.25929    ,  0.0251043  ])
194641  , -1554.84    , array([ 1.43335    ,  0.0596216  ,  6.83935e-62,  4.25929    ,  0.0250792  ])
194642  , -1554.84    , array([ 1.43335    ,  0.0596216  ,  6.83935e-62,  4.25929    ,  0.0250792  ])
194643  , -1554.84    , array([ 1.43479    ,  0.0596216  ,  6.83935e-62,  4.25929    ,  0.0250792  ])
194644  , -1554.85    , array([ 1.43335    ,  0.0596812  ,  6.83935e-62,  4.25929    ,  0.0250792  ])
194645  , -1554.84    , array([ 1.43335    ,  0.0596216  ,  6.84619e-62,  4.25929    ,  0.0250792  ])
194646  , -1554.84    , array([ 1.43335    ,  0.0596216  ,  6.83935e-62,  4.26355    ,  0.0250792  ])
194647  , -1554.83    , array([ 1.43335    ,  0.0596216  ,  6.83935e-62,  4.25929    ,  0.0251043  ])
194648  , -1554.84    , array([ 1.43335    ,  0.0596216  ,  6.83935e-62,  4.25929    ,  0.0250792  ])
194649  , -1554.84    , array([ 1.43335    ,  0.0596216  ,  6.83935e-62,  4.25929    ,  0.0250792  ])
194650  , -1554.84    , array([ 1.43479    ,  0.0596216  ,  6.83935e-62,  4.25929    ,  0.0250792  ])
194651  , -1554.85    , array([ 1.43335    ,  0.0596812  ,  6.83935e-62,  4.25929    ,  0.0250792  ])
194652  , -1554.84    , array([ 1.43335    ,  0.0596216  ,  6.84619e-62,  4.25929    ,  0.0250792  ])
194653  , -1554.84    , array([ 1.43335    ,  0.0596216  ,  6.83935e-62,  4.26355    ,  0.0250792  ])
194654  , -1554.83    , array([ 1.43335    ,  0.0596216  ,  6.83935e-62,  4.25929    ,  0.0251043  ])
194655  , -1554.84    , array([ 1.43335    ,  0.0596216  ,  6.83935e-62,  4.25929    ,  0.0250792  ])
194656  , -1554.84    , array([ 1.43335    ,  0.0596216  ,  6.83935e-62,  4.25929    ,  0.0250792  ])
194657  , -1554.84    , array([ 1.43479    ,  0.0596216  ,  6.83935e-62,  4.25929    ,  0.0250792  ])
194658  , -1554.85    , array([ 1.43335    ,  0.0596812  ,  6.83935e-62,  4.25929    ,  0.0250792  ])
194659  , -1554.84    , array([ 1.43335    ,  0.0596216  ,  6.84619e-62,  4.25929    ,  0.0250792  ])
194660  , -1554.84    , array([ 1.43335    ,  0.0596216  ,  6.83935e-62,  4.26355    ,  0.0250792  ])
194661  , -1554.83    , array([ 1.43335    ,  0.0596216  ,  6.83935e-62,  4.25929    ,  0.0251043  ])
194662  , -1554.88    , array([ 1.43649    ,  0.0594852  ,  6.83935e-62,  4.26973    ,  0.025034   ])
194663  , -1554.84    , array([ 1.43372    ,  0.0596057  ,  6.83935e-62,  4.2605     ,  0.0250739  ])
194664  , -1554.84    , array([ 1.4334     ,  0.0596195  ,  6.83935e-62,  4.25944    ,  0.0250785  ])
194665  , -1554.84    , array([ 1.43336    ,  0.0596213  ,  6.83935e-62,  4.25931    ,  0.0250791  ])
194666  , -1554.84    , array([ 1.43335    ,  0.0596215  ,  6.83935e-62,  4.25929    ,  0.0250792  ])
194667  , -1554.84    , array([ 1.43335    ,  0.0596216  ,  6.83935e-62,  4.25929    ,  0.0250792  ])
194668  , -1554.84    , array([ 1.43335    ,  0.0596216  ,  6.83935e-62,  4.25929    ,  0.0250792  ])
194669  , -1554.84    , array([ 1.43335    ,  0.0596216  ,  6.83935e-62,  4.25929    ,  0.0250792  ])
194670  , -1554.84    , array([ 1.43335    ,  0.0596216  ,  6.83935e-62,  4.25929    ,  0.0250792  ])
194671  , -1554.84    , array([ 1.43335    ,  0.0596216  ,  6.83935e-62,  4.25929    ,  0.0250792  ])
194672  , -1554.84    , array([ 1.43335    ,  0.0596216  ,  6.83935e-62,  4.25929    ,  0.0250792  ])
194673  , -1554.84    , array([ 1.43335    ,  0.0596216  ,  6.83935e-62,  4.25929    ,  0.0250792  ])
