327681  , -28342.8    , array([ 0.573985   ,  0.0130541  ,  1.43195e-78,  2.17994e-21,  0.0159428  ])
327682  , -28342.6    , array([ 0.574559   ,  0.0130541  ,  1.43195e-78,  2.17994e-21,  0.0159428  ])
327683  , -28297.1    , array([ 0.573985   ,  0.0130672  ,  1.43195e-78,  2.17994e-21,  0.0159428  ])
327684  , -28342.8    , array([ 0.573985   ,  0.0130541  ,  1.43339e-78,  2.17994e-21,  0.0159428  ])
327685  , -28342.8    , array([ 0.573985   ,  0.0130541  ,  1.43195e-78,  2.18212e-21,  0.0159428  ])
327686  , -28386.9    , array([ 0.573985   ,  0.0130541  ,  1.43195e-78,  2.17994e-21,  0.0159588  ])
327687  , -28342.8    , array([ 0.573985   ,  0.0130541  ,  1.43195e-78,  2.17994e-21,  0.0159428  ])
327688  , -2476.6     , array([ 0.576119   ,  0.0270025  ,  1.43195e-78,  2.17994e-21,  0.00790677 ])
327689  , -2476.6     , array([ 0.576119   ,  0.0270025  ,  1.43195e-78,  2.17994e-21,  0.00790677 ])
327690  , -2476.58    , array([ 0.576696   ,  0.0270025  ,  1.43195e-78,  2.17994e-21,  0.00790677 ])
327691  , -2481.76    , array([ 0.576119   ,  0.0270296  ,  1.43195e-78,  2.17994e-21,  0.00790677 ])
327692  , -2476.6     , array([ 0.576119   ,  0.0270025  ,  1.43339e-78,  2.17994e-21,  0.00790677 ])
327693  , -2476.6     , array([ 0.576119   ,  0.0270025  ,  1.43195e-78,  2.18212e-21,  0.00790677 ])
327694  , -2471.16    , array([ 0.576119   ,  0.0270025  ,  1.43195e-78,  2.17994e-21,  0.00791468 ])
327702  , -2471.77    , array([ 0.577379   ,  0.0272775  ,  1.43195e-78,  2.17994e-21,  0.00798957 ])
327703  , -2471.77    , array([ 0.577379   ,  0.0272775  ,  1.43195e-78,  2.17994e-21,  0.00798957 ])
327704  , -2471.74    , array([ 0.577956   ,  0.0272775  ,  1.43195e-78,  2.17994e-21,  0.00798957 ])
327705  , -2476.92    , array([ 0.577379   ,  0.0273048  ,  1.43195e-78,  2.17994e-21,  0.00798957 ])
327706  , -2471.77    , array([ 0.577379   ,  0.0272775  ,  1.43339e-78,  2.17994e-21,  0.00798957 ])
327707  , -2471.77    , array([ 0.577379   ,  0.0272775  ,  1.43195e-78,  2.18212e-21,  0.00798957 ])
327708  , -2466.33    , array([ 0.577379   ,  0.0272775  ,  1.43195e-78,  2.17994e-21,  0.00799756 ])
327709  , -2466.05    , array([ 0.578878   ,  0.0276076  ,  1.43195e-78,  2.17994e-21,  0.00808899 ])
327710  , -2466.05    , array([ 0.578878   ,  0.0276076  ,  1.43195e-78,  2.17994e-21,  0.00808899 ])
327711  , -2466.02    , array([ 0.579457   ,  0.0276076  ,  1.43195e-78,  2.17994e-21,  0.00808899 ])
327712  , -2471.19    , array([ 0.578878   ,  0.0276352  ,  1.43195e-78,  2.17994e-21,  0.00808899 ])
327713  , -2466.05    , array([ 0.578878   ,  0.0276076  ,  1.43339e-78,  2.17994e-21,  0.00808899 ])
327714  , -2466.05    , array([ 0.578878   ,  0.0276076  ,  1.43195e-78,  2.18212e-21,  0.00808899 ])
327715  , -2460.62    , array([ 0.578878   ,  0.0276076  ,  1.43195e-78,  2.17994e-21,  0.00809708 ])
327723  , -2464.85    , array([ 0.579192   ,  0.0276772  ,  1.43195e-78,  2.17994e-21,  0.00810997 ])
327724  , -2464.85    , array([ 0.579192   ,  0.0276772  ,  1.43195e-78,  2.17994e-21,  0.00810997 ])
327725  , -2464.82    , array([ 0.579772   ,  0.0276772  ,  1.43195e-78,  2.17994e-21,  0.00810997 ])
327726  , -2469.99    , array([ 0.579192   ,  0.0277049  ,  1.43195e-78,  2.17994e-21,  0.00810997 ])
327727  , -2464.85    , array([ 0.579192   ,  0.0276772  ,  1.43339e-78,  2.17994e-21,  0.00810997 ])
327728  , -2464.85    , array([ 0.579192   ,  0.0276772  ,  1.43195e-78,  2.18212e-21,  0.00810997 ])
327729  , -2459.42    , array([ 0.579192   ,  0.0276772  ,  1.43195e-78,  2.17994e-21,  0.00811808 ])
327730  , -2463.43    , array([ 0.579566   ,  0.0277601  ,  1.43195e-78,  2.17994e-21,  0.00813493 ])
327731  , -2463.43    , array([ 0.579566   ,  0.0277601  ,  1.43195e-78,  2.17994e-21,  0.00813493 ])
327732  , -2463.4     , array([ 0.580146   ,  0.0277601  ,  1.43195e-78,  2.17994e-21,  0.00813493 ])
327733  , -2468.57    , array([ 0.579566   ,  0.0277878  ,  1.43195e-78,  2.17994e-21,  0.00813493 ])
327734  , -2463.43    , array([ 0.579566   ,  0.0277601  ,  1.43339e-78,  2.17994e-21,  0.00813493 ])
327735  , -2463.43    , array([ 0.579566   ,  0.0277601  ,  1.43195e-78,  2.18212e-21,  0.00813493 ])
327736  , -2458       , array([ 0.579566   ,  0.0277601  ,  1.43195e-78,  2.17994e-21,  0.00814307 ])
327744  , -2463.13    , array([ 0.579644   ,  0.0277775  ,  1.43195e-78,  2.17994e-21,  0.00814019 ])
327745  , -2463.13    , array([ 0.579644   ,  0.0277775  ,  1.43195e-78,  2.17994e-21,  0.00814019 ])
327746  , -2463.1     , array([ 0.580224   ,  0.0277775  ,  1.43195e-78,  2.17994e-21,  0.00814019 ])
327747  , -2468.27    , array([ 0.579644   ,  0.0278053  ,  1.43195e-78,  2.17994e-21,  0.00814019 ])
327748  , -2463.13    , array([ 0.579644   ,  0.0277775  ,  1.43339e-78,  2.17994e-21,  0.00814019 ])
327749  , -2463.13    , array([ 0.579644   ,  0.0277775  ,  1.43195e-78,  2.18212e-21,  0.00814019 ])
327750  , -2457.71    , array([ 0.579644   ,  0.0277775  ,  1.43195e-78,  2.17994e-21,  0.00814833 ])
327751  , -2462.78    , array([ 0.579737   ,  0.0277983  ,  1.43195e-78,  2.17994e-21,  0.00814644 ])
327752  , -2462.78    , array([ 0.579737   ,  0.0277983  ,  1.43195e-78,  2.17994e-21,  0.00814644 ])
327753  , -2462.74    , array([ 0.580317   ,  0.0277983  ,  1.43195e-78,  2.17994e-21,  0.00814644 ])
327754  , -2467.91    , array([ 0.579737   ,  0.0278261  ,  1.43195e-78,  2.17994e-21,  0.00814644 ])
327755  , -2462.78    , array([ 0.579737   ,  0.0277983  ,  1.43339e-78,  2.17994e-21,  0.00814644 ])
327756  , -2462.78    , array([ 0.579737   ,  0.0277983  ,  1.43195e-78,  2.18212e-21,  0.00814644 ])
327757  , -2457.35    , array([ 0.579737   ,  0.0277983  ,  1.43195e-78,  2.17994e-21,  0.00815459 ])
327765  , -2462.7     , array([ 0.579757   ,  0.0278026  ,  1.43195e-78,  2.17994e-21,  0.00814775 ])
327766  , -2462.7     , array([ 0.579757   ,  0.0278026  ,  1.43195e-78,  2.17994e-21,  0.00814775 ])
327767  , -2462.67    , array([ 0.580337   ,  0.0278026  ,  1.43195e-78,  2.17994e-21,  0.00814775 ])
327768  , -2467.84    , array([ 0.579757   ,  0.0278304  ,  1.43195e-78,  2.17994e-21,  0.00814775 ])
327769  , -2462.7     , array([ 0.579757   ,  0.0278026  ,  1.43339e-78,  2.17994e-21,  0.00814775 ])
327770  , -2462.7     , array([ 0.579757   ,  0.0278026  ,  1.43195e-78,  2.18212e-21,  0.00814775 ])
327771  , -2457.28    , array([ 0.579757   ,  0.0278026  ,  1.43195e-78,  2.17994e-21,  0.0081559  ])
327772  , -2462.61    , array([ 0.57978    ,  0.0278078  ,  1.43195e-78,  2.17994e-21,  0.00814931 ])
327773  , -2462.61    , array([ 0.57978    ,  0.0278078  ,  1.43195e-78,  2.17994e-21,  0.00814931 ])
327774  , -2462.58    , array([ 0.58036    ,  0.0278078  ,  1.43195e-78,  2.17994e-21,  0.00814931 ])
327775  , -2467.75    , array([ 0.57978    ,  0.0278356  ,  1.43195e-78,  2.17994e-21,  0.00814931 ])
327776  , -2462.61    , array([ 0.57978    ,  0.0278078  ,  1.43339e-78,  2.17994e-21,  0.00814931 ])
327777  , -2462.61    , array([ 0.57978    ,  0.0278078  ,  1.43195e-78,  2.18212e-21,  0.00814931 ])
327778  , -2457.19    , array([ 0.57978    ,  0.0278078  ,  1.43195e-78,  2.17994e-21,  0.00815747 ])
327786  , -2462.59    , array([ 0.579785   ,  0.0278089  ,  1.43195e-78,  2.17994e-21,  0.00814964 ])
327787  , -2462.59    , array([ 0.579785   ,  0.0278089  ,  1.43195e-78,  2.17994e-21,  0.00814964 ])
327788  , -2462.56    , array([ 0.580365   ,  0.0278089  ,  1.43195e-78,  2.17994e-21,  0.00814964 ])
327789  , -2467.73    , array([ 0.579785   ,  0.0278367  ,  1.43195e-78,  2.17994e-21,  0.00814964 ])
327790  , -2462.59    , array([ 0.579785   ,  0.0278089  ,  1.43339e-78,  2.17994e-21,  0.00814964 ])
327791  , -2462.59    , array([ 0.579785   ,  0.0278089  ,  1.43195e-78,  2.18212e-21,  0.00814964 ])
327792  , -2457.17    , array([ 0.579785   ,  0.0278089  ,  1.43195e-78,  2.17994e-21,  0.0081578  ])
327793  , -2462.57    , array([ 0.579791   ,  0.0278102  ,  1.43195e-78,  2.17994e-21,  0.00815003 ])
327794  , -2462.57    , array([ 0.579791   ,  0.0278102  ,  1.43195e-78,  2.17994e-21,  0.00815003 ])
327795  , -2462.54    , array([ 0.580371   ,  0.0278102  ,  1.43195e-78,  2.17994e-21,  0.00815003 ])
327796  , -2467.71    , array([ 0.579791   ,  0.027838   ,  1.43195e-78,  2.17994e-21,  0.00815003 ])
327797  , -2462.57    , array([ 0.579791   ,  0.0278102  ,  1.43339e-78,  2.17994e-21,  0.00815003 ])
327798  , -2462.57    , array([ 0.579791   ,  0.0278102  ,  1.43195e-78,  2.18212e-21,  0.00815003 ])
327799  , -2457.15    , array([ 0.579791   ,  0.0278102  ,  1.43195e-78,  2.17994e-21,  0.00815819 ])
327800  , -24521.5    , array([ 1.26944    ,  1.0542     ,  1.43195e-78,  2.17994e-21,  0.34227    ])
327801  , -24521.5    , array([ 1.26944    ,  1.0542     ,  1.43195e-78,  2.17994e-21,  0.34227    ])
327802  , -24505.2    , array([ 1.27071    ,  1.0542     ,  1.43195e-78,  2.17994e-21,  0.34227    ])
327803  , -24526.5    , array([ 1.26944    ,  1.05525    ,  1.43195e-78,  2.17994e-21,  0.34227    ])
327804  , -24521.5    , array([ 1.26944    ,  1.0542     ,  1.43339e-78,  2.17994e-21,  0.34227    ])
327805  , -24521.5    , array([ 1.26944    ,  1.0542     ,  1.43195e-78,  2.18212e-21,  0.34227    ])
327806  , -24545.1    , array([ 1.26944    ,  1.0542     ,  1.43195e-78,  2.17994e-21,  0.342612   ])
327807  , -2205.43    , array([ 0.678969   ,  0.0578516  ,  1.43195e-78,  2.17994e-21,  0.0173076  ])
327808  , -2205.43    , array([ 0.678969   ,  0.0578516  ,  1.43195e-78,  2.17994e-21,  0.0173076  ])
327809  , -2204.99    , array([ 0.679649   ,  0.0578516  ,  1.43195e-78,  2.17994e-21,  0.0173076  ])
327810  , -2210.11    , array([ 0.678969   ,  0.0579095  ,  1.43195e-78,  2.17994e-21,  0.0173076  ])
327811  , -2205.43    , array([ 0.678969   ,  0.0578516  ,  1.43339e-78,  2.17994e-21,  0.0173076  ])
327812  , -2205.43    , array([ 0.678969   ,  0.0578516  ,  1.43195e-78,  2.18212e-21,  0.0173076  ])
327813  , -2200.88    , array([ 0.678969   ,  0.0578516  ,  1.43195e-78,  2.17994e-21,  0.0173249  ])
327814  , -2677.13    , array([ 2.27428    ,  0.17666    ,  1.43195e-78,  2.17994e-21,  0.0547808  ])
327815  , -2677.13    , array([ 2.27428    ,  0.17666    ,  1.43195e-78,  2.17994e-21,  0.0547808  ])
327816  , -2677.45    , array([ 2.27656    ,  0.17666    ,  1.43195e-78,  2.17994e-21,  0.0547808  ])
327817  , -2681.9     , array([ 2.27428    ,  0.176837   ,  1.43195e-78,  2.17994e-21,  0.0547808  ])
327818  , -2677.13    , array([ 2.27428    ,  0.17666    ,  1.43339e-78,  2.17994e-21,  0.0547808  ])
327819  , -2677.13    , array([ 2.27428    ,  0.17666    ,  1.43195e-78,  2.18212e-21,  0.0547808  ])
327820  , -2674.36    , array([ 2.27428    ,  0.17666    ,  1.43195e-78,  2.17994e-21,  0.0548357  ])
327821  , -2070.5     , array([ 1.03175    ,  0.08514    ,  1.43195e-78,  2.17994e-21,  0.0257895  ])
327822  , -2070.5     , array([ 1.03175    ,  0.08514    ,  1.43195e-78,  2.17994e-21,  0.0257895  ])
327823  , -2070.25    , array([ 1.03278    ,  0.08514    ,  1.43195e-78,  2.17994e-21,  0.0257895  ])
327824  , -2075.15    , array([ 1.03175    ,  0.0852252  ,  1.43195e-78,  2.17994e-21,  0.0257895  ])
327825  , -2070.5     , array([ 1.03175    ,  0.08514    ,  1.43339e-78,  2.17994e-21,  0.0257895  ])
327826  , -2070.5     , array([ 1.03175    ,  0.08514    ,  1.43195e-78,  2.18212e-21,  0.0257895  ])
327827  , -2066.18    , array([ 1.03175    ,  0.08514    ,  1.43195e-78,  2.17994e-21,  0.0258153  ])
327828  , -1845.91    , array([ 1.1615     ,  0.0760775  ,  1.43195e-78,  2.17994e-21,  0.0241748  ])
327829  , -1845.91    , array([ 1.1615     ,  0.0760775  ,  1.43195e-78,  2.17994e-21,  0.0241748  ])
327830  , -1845.81    , array([ 1.16266    ,  0.0760775  ,  1.43195e-78,  2.17994e-21,  0.0241748  ])
327831  , -1849.3     , array([ 1.1615     ,  0.0761536  ,  1.43195e-78,  2.17994e-21,  0.0241748  ])
327832  , -1845.91    , array([ 1.1615     ,  0.0760775  ,  1.43339e-78,  2.17994e-21,  0.0241748  ])
327833  , -1845.91    , array([ 1.1615     ,  0.0760775  ,  1.43195e-78,  2.18212e-21,  0.0241748  ])
327834  , -1842.66    , array([ 1.1615     ,  0.0760775  ,  1.43195e-78,  2.17994e-21,  0.024199   ])
327835  , -1637.8     , array([ 1.40665    ,  0.0731074  ,  1.43195e-78,  2.17994e-21,  0.0265029  ])
327836  , -1637.8     , array([ 1.40665    ,  0.0731074  ,  1.43195e-78,  2.17994e-21,  0.0265029  ])
327837  , -1637.76    , array([ 1.40806    ,  0.0731074  ,  1.43195e-78,  2.17994e-21,  0.0265029  ])
327838  , -1637.48    , array([ 1.40665    ,  0.0731806  ,  1.43195e-78,  2.17994e-21,  0.0265029  ])
327839  , -1637.8     , array([ 1.40665    ,  0.0731074  ,  1.43339e-78,  2.17994e-21,  0.0265029  ])
327840  , -1637.8     , array([ 1.40665    ,  0.0731074  ,  1.43195e-78,  2.18212e-21,  0.0265029  ])
327841  , -1638.24    , array([ 1.40665    ,  0.0731074  ,  1.43195e-78,  2.17994e-21,  0.0265294  ])
327842  , -1635.18    , array([ 1.35203    ,  0.0650343  ,  1.43195e-78,  2.17994e-21,  0.0233015  ])
327843  , -1635.18    , array([ 1.35203    ,  0.0650343  ,  1.43195e-78,  2.17994e-21,  0.0233015  ])
327844  , -1635.16    , array([ 1.35339    ,  0.0650343  ,  1.43195e-78,  2.17994e-21,  0.0233015  ])
327845  , -1635.12    , array([ 1.35203    ,  0.0650993  ,  1.43195e-78,  2.17994e-21,  0.0233015  ])
327846  , -1635.18    , array([ 1.35203    ,  0.0650343  ,  1.43339e-78,  2.17994e-21,  0.0233015  ])
327847  , -1635.18    , array([ 1.35203    ,  0.0650343  ,  1.43195e-78,  2.18212e-21,  0.0233015  ])
327848  , -1635.21    , array([ 1.35203    ,  0.0650343  ,  1.43195e-78,  2.17994e-21,  0.0233248  ])
327849  , -1632.68    , array([ 1.4126     ,  0.067572   ,  1.43195e-78,  2.17994e-21,  0.0241703  ])
327850  , -1632.68    , array([ 1.4126     ,  0.067572   ,  1.43195e-78,  2.17994e-21,  0.0241703  ])
327851  , -1632.67    , array([ 1.41401    ,  0.067572   ,  1.43195e-78,  2.17994e-21,  0.0241703  ])
327852  , -1632.71    , array([ 1.4126     ,  0.0676396  ,  1.43195e-78,  2.17994e-21,  0.0241703  ])
327853  , -1632.68    , array([ 1.4126     ,  0.067572   ,  1.43339e-78,  2.17994e-21,  0.0241703  ])
327854  , -1632.68    , array([ 1.4126     ,  0.067572   ,  1.43195e-78,  2.18212e-21,  0.0241703  ])
327855  , -1632.65    , array([ 1.4126     ,  0.067572   ,  1.43195e-78,  2.17994e-21,  0.0241945  ])
327856  , -1632.49    , array([ 1.43202    ,  0.0677623  ,  1.43195e-78,  2.17994e-21,  0.0242664  ])
327857  , -1632.49    , array([ 1.43202    ,  0.0677623  ,  1.43195e-78,  2.17994e-21,  0.0242664  ])
327858  , -1632.49    , array([ 1.43345    ,  0.0677623  ,  1.43195e-78,  2.17994e-21,  0.0242664  ])
327859  , -1632.49    , array([ 1.43202    ,  0.0678301  ,  1.43195e-78,  2.17994e-21,  0.0242664  ])
327860  , -1632.49    , array([ 1.43202    ,  0.0677623  ,  1.43339e-78,  2.17994e-21,  0.0242664  ])
327861  , -1632.49    , array([ 1.43202    ,  0.0677623  ,  1.43195e-78,  2.18212e-21,  0.0242664  ])
327862  , -1632.5     , array([ 1.43202    ,  0.0677623  ,  1.43195e-78,  2.17994e-21,  0.0242906  ])
327863  , -1632.53    , array([ 1.43622    ,  0.0676741  ,  1.43195e-78,  2.17994e-21,  0.0242351  ])
327864  , -1632.53    , array([ 1.43622    ,  0.0676741  ,  1.43195e-78,  2.17994e-21,  0.0242351  ])
327865  , -1632.52    , array([ 1.43766    ,  0.0676741  ,  1.43195e-78,  2.17994e-21,  0.0242351  ])
327866  , -1632.52    , array([ 1.43622    ,  0.0677418  ,  1.43195e-78,  2.17994e-21,  0.0242351  ])
327867  , -1632.53    , array([ 1.43622    ,  0.0676741  ,  1.43339e-78,  2.17994e-21,  0.0242351  ])
327868  , -1632.53    , array([ 1.43622    ,  0.0676741  ,  1.43195e-78,  2.18212e-21,  0.0242351  ])
327869  , -1632.53    , array([ 1.43622    ,  0.0676741  ,  1.43195e-78,  2.17994e-21,  0.0242593  ])
327870  , -1632.49    , array([ 1.4322     ,  0.0677584  ,  1.43195e-78,  2.17994e-21,  0.024265   ])
327871  , -1632.49    , array([ 1.4322     ,  0.0677584  ,  1.43195e-78,  2.17994e-21,  0.024265   ])
327872  , -1632.49    , array([ 1.43364    ,  0.0677584  ,  1.43195e-78,  2.17994e-21,  0.024265   ])
327873  , -1632.49    , array([ 1.4322     ,  0.0678262  ,  1.43195e-78,  2.17994e-21,  0.024265   ])
327874  , -1632.49    , array([ 1.4322     ,  0.0677584  ,  1.43339e-78,  2.17994e-21,  0.024265   ])
327875  , -1632.49    , array([ 1.4322     ,  0.0677584  ,  1.43195e-78,  2.18212e-21,  0.024265   ])
327876  , -1632.5     , array([ 1.4322     ,  0.0677584  ,  1.43195e-78,  2.17994e-21,  0.0242893  ])
327877  , -1632.49    , array([ 1.43203    ,  0.0677621  ,  1.43195e-78,  2.17994e-21,  0.0242663  ])
327878  , -1632.49    , array([ 1.43203    ,  0.0677621  ,  1.43195e-78,  2.17994e-21,  0.0242663  ])
327879  , -1632.49    , array([ 1.43346    ,  0.0677621  ,  1.43195e-78,  2.17994e-21,  0.0242663  ])
327880  , -1632.49    , array([ 1.43203    ,  0.0678299  ,  1.43195e-78,  2.17994e-21,  0.0242663  ])
327881  , -1632.49    , array([ 1.43203    ,  0.0677621  ,  1.43339e-78,  2.17994e-21,  0.0242663  ])
327882  , -1632.49    , array([ 1.43203    ,  0.0677621  ,  1.43195e-78,  2.18212e-21,  0.0242663  ])
327883  , -1632.5     , array([ 1.43203    ,  0.0677621  ,  1.43195e-78,  2.17994e-21,  0.0242906  ])
327884  , -1632.49    , array([ 1.43202    ,  0.0677623  ,  1.43195e-78,  2.17994e-21,  0.0242664  ])
327885  , -1632.49    , array([ 1.43202    ,  0.0677623  ,  1.43195e-78,  2.17994e-21,  0.0242664  ])
327886  , -1632.49    , array([ 1.43345    ,  0.0677623  ,  1.43195e-78,  2.17994e-21,  0.0242664  ])
327887  , -1632.49    , array([ 1.43202    ,  0.0678301  ,  1.43195e-78,  2.17994e-21,  0.0242664  ])
327888  , -1632.49    , array([ 1.43202    ,  0.0677623  ,  1.43339e-78,  2.17994e-21,  0.0242664  ])
327889  , -1632.49    , array([ 1.43202    ,  0.0677623  ,  1.43195e-78,  2.18212e-21,  0.0242664  ])
327890  , -1632.5     , array([ 1.43202    ,  0.0677623  ,  1.43195e-78,  2.17994e-21,  0.0242906  ])
327891  , -1632.49    , array([ 1.43202    ,  0.0677623  ,  1.43195e-78,  2.17994e-21,  0.0242664  ])
327892  , -1632.49    , array([ 1.43202    ,  0.0677623  ,  1.43195e-78,  2.17994e-21,  0.0242664  ])
327893  , -1632.49    , array([ 1.43345    ,  0.0677623  ,  1.43195e-78,  2.17994e-21,  0.0242664  ])
327894  , -1632.49    , array([ 1.43202    ,  0.0678301  ,  1.43195e-78,  2.17994e-21,  0.0242664  ])
327895  , -1632.49    , array([ 1.43202    ,  0.0677623  ,  1.43339e-78,  2.17994e-21,  0.0242664  ])
327896  , -1632.49    , array([ 1.43202    ,  0.0677623  ,  1.43195e-78,  2.18212e-21,  0.0242664  ])
327897  , -1632.5     , array([ 1.43202    ,  0.0677623  ,  1.43195e-78,  2.17994e-21,  0.0242906  ])
327898  , -1632.49    , array([ 1.43202    ,  0.0677623  ,  1.43195e-78,  2.17994e-21,  0.0242664  ])
327899  , -1632.49    , array([ 1.43202    ,  0.0677623  ,  1.43195e-78,  2.17994e-21,  0.0242664  ])
327900  , -1632.49    , array([ 1.43345    ,  0.0677623  ,  1.43195e-78,  2.17994e-21,  0.0242664  ])
327901  , -1632.49    , array([ 1.43202    ,  0.0678301  ,  1.43195e-78,  2.17994e-21,  0.0242664  ])
327902  , -1632.49    , array([ 1.43202    ,  0.0677623  ,  1.43339e-78,  2.17994e-21,  0.0242664  ])
327903  , -1632.49    , array([ 1.43202    ,  0.0677623  ,  1.43195e-78,  2.18212e-21,  0.0242664  ])
327904  , -1632.5     , array([ 1.43202    ,  0.0677623  ,  1.43195e-78,  2.17994e-21,  0.0242906  ])
327905  , -1632.49    , array([ 1.43202    ,  0.0677623  ,  1.43195e-78,  2.17994e-21,  0.0242664  ])
327906  , -1632.49    , array([ 1.43202    ,  0.0677623  ,  1.43195e-78,  2.17994e-21,  0.0242664  ])
327907  , -1632.49    , array([ 1.43345    ,  0.0677623  ,  1.43195e-78,  2.17994e-21,  0.0242664  ])
327908  , -1632.49    , array([ 1.43202    ,  0.0678301  ,  1.43195e-78,  2.17994e-21,  0.0242664  ])
327909  , -1632.49    , array([ 1.43202    ,  0.0677623  ,  1.43339e-78,  2.17994e-21,  0.0242664  ])
327910  , -1632.49    , array([ 1.43202    ,  0.0677623  ,  1.43195e-78,  2.18212e-21,  0.0242664  ])
327911  , -1632.5     , array([ 1.43202    ,  0.0677623  ,  1.43195e-78,  2.17994e-21,  0.0242906  ])
327912  , -1632.49    , array([ 1.43202    ,  0.0677623  ,  1.43195e-78,  2.17994e-21,  0.0242664  ])
327913  , -1632.49    , array([ 1.43202    ,  0.0677623  ,  1.43195e-78,  2.17994e-21,  0.0242664  ])
327914  , -1632.49    , array([ 1.43345    ,  0.0677623  ,  1.43195e-78,  2.17994e-21,  0.0242664  ])
327915  , -1632.49    , array([ 1.43202    ,  0.0678301  ,  1.43195e-78,  2.17994e-21,  0.0242664  ])
327916  , -1632.49    , array([ 1.43202    ,  0.0677623  ,  1.43339e-78,  2.17994e-21,  0.0242664  ])
327917  , -1632.49    , array([ 1.43202    ,  0.0677623  ,  1.43195e-78,  2.18212e-21,  0.0242664  ])
327918  , -1632.5     , array([ 1.43202    ,  0.0677623  ,  1.43195e-78,  2.17994e-21,  0.0242906  ])
327919  , -1632.49    , array([ 1.43202    ,  0.0677623  ,  1.43195e-78,  2.17994e-21,  0.0242664  ])
327920  , -1632.49    , array([ 1.43202    ,  0.0677623  ,  1.43195e-78,  2.17994e-21,  0.0242664  ])
327921  , -1632.49    , array([ 1.43345    ,  0.0677623  ,  1.43195e-78,  2.17994e-21,  0.0242664  ])
327922  , -1632.49    , array([ 1.43202    ,  0.0678301  ,  1.43195e-78,  2.17994e-21,  0.0242664  ])
327923  , -1632.49    , array([ 1.43202    ,  0.0677623  ,  1.43339e-78,  2.17994e-21,  0.0242664  ])
327924  , -1632.49    , array([ 1.43202    ,  0.0677623  ,  1.43195e-78,  2.18212e-21,  0.0242664  ])
327925  , -1632.5     , array([ 1.43202    ,  0.0677623  ,  1.43195e-78,  2.17994e-21,  0.0242906  ])
327926  , -1632.49    , array([ 1.43202    ,  0.0677623  ,  1.43195e-78,  2.17994e-21,  0.0242664  ])
327927  , -1632.49    , array([ 1.43202    ,  0.0677623  ,  1.43195e-78,  2.17994e-21,  0.0242664  ])
327928  , -1632.49    , array([ 1.43345    ,  0.0677623  ,  1.43195e-78,  2.17994e-21,  0.0242664  ])
327929  , -1632.49    , array([ 1.43202    ,  0.0678301  ,  1.43195e-78,  2.17994e-21,  0.0242664  ])
327930  , -1632.49    , array([ 1.43202    ,  0.0677623  ,  1.43339e-78,  2.17994e-21,  0.0242664  ])
327931  , -1632.49    , array([ 1.43202    ,  0.0677623  ,  1.43195e-78,  2.18212e-21,  0.0242664  ])
327932  , -1632.5     , array([ 1.43202    ,  0.0677623  ,  1.43195e-78,  2.17994e-21,  0.0242906  ])
327933  , -1632.49    , array([ 1.43202    ,  0.0677623  ,  1.43195e-78,  2.17994e-21,  0.0242664  ])
327934  , -1632.49    , array([ 1.43202    ,  0.0677623  ,  1.43195e-78,  2.17994e-21,  0.0242664  ])
327935  , -1632.49    , array([ 1.43345    ,  0.0677623  ,  1.43195e-78,  2.17994e-21,  0.0242664  ])
327936  , -1632.49    , array([ 1.43202    ,  0.0678301  ,  1.43195e-78,  2.17994e-21,  0.0242664  ])
327937  , -1632.49    , array([ 1.43202    ,  0.0677623  ,  1.43339e-78,  2.17994e-21,  0.0242664  ])
327938  , -1632.49    , array([ 1.43202    ,  0.0677623  ,  1.43195e-78,  2.18212e-21,  0.0242664  ])
327939  , -1632.5     , array([ 1.43202    ,  0.0677623  ,  1.43195e-78,  2.17994e-21,  0.0242906  ])
327940  , -1632.49    , array([ 1.43202    ,  0.0677623  ,  1.43195e-78,  2.17994e-21,  0.0242664  ])
327941  , -1632.49    , array([ 1.43202    ,  0.0677623  ,  1.43195e-78,  2.17994e-21,  0.0242664  ])
327942  , -1632.49    , array([ 1.43345    ,  0.0677623  ,  1.43195e-78,  2.17994e-21,  0.0242664  ])
327943  , -1632.49    , array([ 1.43202    ,  0.0678301  ,  1.43195e-78,  2.17994e-21,  0.0242664  ])
327944  , -1632.49    , array([ 1.43202    ,  0.0677623  ,  1.43339e-78,  2.17994e-21,  0.0242664  ])
327945  , -1632.49    , array([ 1.43202    ,  0.0677623  ,  1.43195e-78,  2.18212e-21,  0.0242664  ])
327946  , -1632.5     , array([ 1.43202    ,  0.0677623  ,  1.43195e-78,  2.17994e-21,  0.0242906  ])
327947  , -1632.49    , array([ 1.43202    ,  0.0677623  ,  1.43195e-78,  2.17994e-21,  0.0242664  ])
327948  , -1632.49    , array([ 1.43202    ,  0.0677623  ,  1.43195e-78,  2.17994e-21,  0.0242664  ])
327949  , -1632.49    , array([ 1.43345    ,  0.0677623  ,  1.43195e-78,  2.17994e-21,  0.0242664  ])
327950  , -1632.49    , array([ 1.43202    ,  0.0678301  ,  1.43195e-78,  2.17994e-21,  0.0242664  ])
327951  , -1632.49    , array([ 1.43202    ,  0.0677623  ,  1.43339e-78,  2.17994e-21,  0.0242664  ])
327952  , -1632.49    , array([ 1.43202    ,  0.0677623  ,  1.43195e-78,  2.18212e-21,  0.0242664  ])
327953  , -1632.5     , array([ 1.43202    ,  0.0677623  ,  1.43195e-78,  2.17994e-21,  0.0242906  ])
327954  , -1632.49    , array([ 1.43202    ,  0.0677623  ,  1.43195e-78,  2.17994e-21,  0.0242664  ])
327955  , -1632.49    , array([ 1.43202    ,  0.0677623  ,  1.43195e-78,  2.17994e-21,  0.0242664  ])
327956  , -1632.49    , array([ 1.43345    ,  0.0677623  ,  1.43195e-78,  2.17994e-21,  0.0242664  ])
327957  , -1632.49    , array([ 1.43202    ,  0.0678301  ,  1.43195e-78,  2.17994e-21,  0.0242664  ])
327958  , -1632.49    , array([ 1.43202    ,  0.0677623  ,  1.43339e-78,  2.17994e-21,  0.0242664  ])
327959  , -1632.49    , array([ 1.43202    ,  0.0677623  ,  1.43195e-78,  2.18212e-21,  0.0242664  ])
327960  , -1632.5     , array([ 1.43202    ,  0.0677623  ,  1.43195e-78,  2.17994e-21,  0.0242906  ])
327961  , -1632.49    , array([ 1.43202    ,  0.0677623  ,  1.43195e-78,  2.17994e-21,  0.0242664  ])
327962  , -1632.49    , array([ 1.43202    ,  0.0677623  ,  1.43195e-78,  2.17994e-21,  0.0242664  ])
327963  , -1632.49    , array([ 1.43345    ,  0.0677623  ,  1.43195e-78,  2.17994e-21,  0.0242664  ])
327964  , -1632.49    , array([ 1.43202    ,  0.0678301  ,  1.43195e-78,  2.17994e-21,  0.0242664  ])
327965  , -1632.49    , array([ 1.43202    ,  0.0677623  ,  1.43339e-78,  2.17994e-21,  0.0242664  ])
327966  , -1632.49    , array([ 1.43202    ,  0.0677623  ,  1.43195e-78,  2.18212e-21,  0.0242664  ])
327967  , -1632.5     , array([ 1.43202    ,  0.0677623  ,  1.43195e-78,  2.17994e-21,  0.0242906  ])
327968  , -1632.49    , array([ 1.43202    ,  0.0677623  ,  1.43195e-78,  2.17994e-21,  0.0242664  ])
327969  , -1632.49    , array([ 1.43202    ,  0.0677623  ,  1.43195e-78,  2.17994e-21,  0.0242664  ])
327970  , -1632.49    , array([ 1.43345    ,  0.0677623  ,  1.43195e-78,  2.17994e-21,  0.0242664  ])
327971  , -1632.49    , array([ 1.43202    ,  0.0678301  ,  1.43195e-78,  2.17994e-21,  0.0242664  ])
327972  , -1632.49    , array([ 1.43202    ,  0.0677623  ,  1.43339e-78,  2.17994e-21,  0.0242664  ])
327973  , -1632.49    , array([ 1.43202    ,  0.0677623  ,  1.43195e-78,  2.18212e-21,  0.0242664  ])
327974  , -1632.5     , array([ 1.43202    ,  0.0677623  ,  1.43195e-78,  2.17994e-21,  0.0242906  ])
327975  , -1632.49    , array([ 1.43202    ,  0.0677623  ,  1.43195e-78,  2.17994e-21,  0.0242664  ])
327976  , -1632.49    , array([ 1.43202    ,  0.0677623  ,  1.43195e-78,  2.17994e-21,  0.0242664  ])
327977  , -1632.49    , array([ 1.43345    ,  0.0677623  ,  1.43195e-78,  2.17994e-21,  0.0242664  ])
327978  , -1632.49    , array([ 1.43202    ,  0.0678301  ,  1.43195e-78,  2.17994e-21,  0.0242664  ])
327979  , -1632.49    , array([ 1.43202    ,  0.0677623  ,  1.43339e-78,  2.17994e-21,  0.0242664  ])
327980  , -1632.49    , array([ 1.43202    ,  0.0677623  ,  1.43195e-78,  2.18212e-21,  0.0242664  ])
327981  , -1632.5     , array([ 1.43202    ,  0.0677623  ,  1.43195e-78,  2.17994e-21,  0.0242906  ])
327982  , -1632.49    , array([ 1.43202    ,  0.0677623  ,  1.43195e-78,  2.17994e-21,  0.0242664  ])
327983  , -1632.49    , array([ 1.43202    ,  0.0677623  ,  1.43195e-78,  2.17994e-21,  0.0242664  ])
327984  , -1632.49    , array([ 1.43345    ,  0.0677623  ,  1.43195e-78,  2.17994e-21,  0.0242664  ])
327985  , -1632.49    , array([ 1.43202    ,  0.0678301  ,  1.43195e-78,  2.17994e-21,  0.0242664  ])
327986  , -1632.49    , array([ 1.43202    ,  0.0677623  ,  1.43339e-78,  2.17994e-21,  0.0242664  ])
327987  , -1632.49    , array([ 1.43202    ,  0.0677623  ,  1.43195e-78,  2.18212e-21,  0.0242664  ])
327988  , -1632.5     , array([ 1.43202    ,  0.0677623  ,  1.43195e-78,  2.17994e-21,  0.0242906  ])
327989  , -1632.49    , array([ 1.43202    ,  0.0677623  ,  1.43195e-78,  2.17994e-21,  0.0242664  ])
327990  , -1632.49    , array([ 1.43202    ,  0.0677623  ,  1.43195e-78,  2.17994e-21,  0.0242664  ])
327991  , -1632.49    , array([ 1.43345    ,  0.0677623  ,  1.43195e-78,  2.17994e-21,  0.0242664  ])
327992  , -1632.49    , array([ 1.43202    ,  0.0678301  ,  1.43195e-78,  2.17994e-21,  0.0242664  ])
327993  , -1632.49    , array([ 1.43202    ,  0.0677623  ,  1.43339e-78,  2.17994e-21,  0.0242664  ])
327994  , -1632.49    , array([ 1.43202    ,  0.0677623  ,  1.43195e-78,  2.18212e-21,  0.0242664  ])
327995  , -1632.5     , array([ 1.43202    ,  0.0677623  ,  1.43195e-78,  2.17994e-21,  0.0242906  ])
327996  , -1632.49    , array([ 1.43202    ,  0.0677623  ,  1.43195e-78,  2.17994e-21,  0.0242664  ])
327997  , -1632.49    , array([ 1.43202    ,  0.0677623  ,  1.43195e-78,  2.17994e-21,  0.0242664  ])
327998  , -1632.49    , array([ 1.43345    ,  0.0677623  ,  1.43195e-78,  2.17994e-21,  0.0242664  ])
327999  , -1632.49    , array([ 1.43202    ,  0.0678301  ,  1.43195e-78,  2.17994e-21,  0.0242664  ])
328000  , -1632.49    , array([ 1.43202    ,  0.0677623  ,  1.43339e-78,  2.17994e-21,  0.0242664  ])
328001  , -1632.49    , array([ 1.43202    ,  0.0677623  ,  1.43195e-78,  2.18212e-21,  0.0242664  ])
328002  , -1632.5     , array([ 1.43202    ,  0.0677623  ,  1.43195e-78,  2.17994e-21,  0.0242906  ])
328003  , -1632.49    , array([ 1.43202    ,  0.0677623  ,  1.43195e-78,  2.17994e-21,  0.0242664  ])
328004  , -1632.49    , array([ 1.43202    ,  0.0677623  ,  1.43195e-78,  2.17994e-21,  0.0242664  ])
328005  , -1632.49    , array([ 1.43345    ,  0.0677623  ,  1.43195e-78,  2.17994e-21,  0.0242664  ])
328006  , -1632.49    , array([ 1.43202    ,  0.0678301  ,  1.43195e-78,  2.17994e-21,  0.0242664  ])
328007  , -1632.49    , array([ 1.43202    ,  0.0677623  ,  1.43339e-78,  2.17994e-21,  0.0242664  ])
328008  , -1632.49    , array([ 1.43202    ,  0.0677623  ,  1.43195e-78,  2.18212e-21,  0.0242664  ])
328009  , -1632.5     , array([ 1.43202    ,  0.0677623  ,  1.43195e-78,  2.17994e-21,  0.0242906  ])
328010  , -1632.49    , array([ 1.43202    ,  0.0677623  ,  1.43195e-78,  2.17994e-21,  0.0242664  ])
328011  , -1632.49    , array([ 1.43202    ,  0.0677623  ,  1.43195e-78,  2.17994e-21,  0.0242664  ])
328012  , -1632.49    , array([ 1.43345    ,  0.0677623  ,  1.43195e-78,  2.17994e-21,  0.0242664  ])
328013  , -1632.49    , array([ 1.43202    ,  0.0678301  ,  1.43195e-78,  2.17994e-21,  0.0242664  ])
328014  , -1632.49    , array([ 1.43202    ,  0.0677623  ,  1.43339e-78,  2.17994e-21,  0.0242664  ])
328015  , -1632.49    , array([ 1.43202    ,  0.0677623  ,  1.43195e-78,  2.18212e-21,  0.0242664  ])
328016  , -1632.5     , array([ 1.43202    ,  0.0677623  ,  1.43195e-78,  2.17994e-21,  0.0242906  ])
328017  , -1632.49    , array([ 1.43202    ,  0.0677623  ,  1.43195e-78,  2.17994e-21,  0.0242664  ])
328018  , -1632.49    , array([ 1.43202    ,  0.0677623  ,  1.43195e-78,  2.17994e-21,  0.0242664  ])
328019  , -1632.49    , array([ 1.43345    ,  0.0677623  ,  1.43195e-78,  2.17994e-21,  0.0242664  ])
328020  , -1632.49    , array([ 1.43202    ,  0.0678301  ,  1.43195e-78,  2.17994e-21,  0.0242664  ])
328021  , -1632.49    , array([ 1.43202    ,  0.0677623  ,  1.43339e-78,  2.17994e-21,  0.0242664  ])
328022  , -1632.49    , array([ 1.43202    ,  0.0677623  ,  1.43195e-78,  2.18212e-21,  0.0242664  ])
328023  , -1632.5     , array([ 1.43202    ,  0.0677623  ,  1.43195e-78,  2.17994e-21,  0.0242906  ])
328024  , -1632.49    , array([ 1.43202    ,  0.0677623  ,  1.43195e-78,  2.17994e-21,  0.0242664  ])
328025  , -1632.49    , array([ 1.43202    ,  0.0677623  ,  1.43195e-78,  2.17994e-21,  0.0242664  ])
328026  , -1632.49    , array([ 1.43345    ,  0.0677623  ,  1.43195e-78,  2.17994e-21,  0.0242664  ])
328027  , -1632.49    , array([ 1.43202    ,  0.0678301  ,  1.43195e-78,  2.17994e-21,  0.0242664  ])
328028  , -1632.49    , array([ 1.43202    ,  0.0677623  ,  1.43339e-78,  2.17994e-21,  0.0242664  ])
328029  , -1632.49    , array([ 1.43202    ,  0.0677623  ,  1.43195e-78,  2.18212e-21,  0.0242664  ])
328030  , -1632.5     , array([ 1.43202    ,  0.0677623  ,  1.43195e-78,  2.17994e-21,  0.0242906  ])
328031  , -1632.49    , array([ 1.43202    ,  0.0677623  ,  1.43195e-78,  2.17994e-21,  0.0242664  ])
328032  , -1632.49    , array([ 1.43202    ,  0.0677623  ,  1.43195e-78,  2.17994e-21,  0.0242664  ])
328033  , -1632.49    , array([ 1.43345    ,  0.0677623  ,  1.43195e-78,  2.17994e-21,  0.0242664  ])
328034  , -1632.49    , array([ 1.43202    ,  0.0678301  ,  1.43195e-78,  2.17994e-21,  0.0242664  ])
328035  , -1632.49    , array([ 1.43202    ,  0.0677623  ,  1.43339e-78,  2.17994e-21,  0.0242664  ])
328036  , -1632.49    , array([ 1.43202    ,  0.0677623  ,  1.43195e-78,  2.18212e-21,  0.0242664  ])
328037  , -1632.5     , array([ 1.43202    ,  0.0677623  ,  1.43195e-78,  2.17994e-21,  0.0242906  ])
328038  , -1632.49    , array([ 1.43202    ,  0.0677623  ,  1.43195e-78,  2.17994e-21,  0.0242664  ])
328039  , -1632.49    , array([ 1.43202    ,  0.0677623  ,  1.43195e-78,  2.17994e-21,  0.0242664  ])
328040  , -1632.49    , array([ 1.43345    ,  0.0677623  ,  1.43195e-78,  2.17994e-21,  0.0242664  ])
328041  , -1632.49    , array([ 1.43202    ,  0.0678301  ,  1.43195e-78,  2.17994e-21,  0.0242664  ])
328042  , -1632.49    , array([ 1.43202    ,  0.0677623  ,  1.43339e-78,  2.17994e-21,  0.0242664  ])
328043  , -1632.49    , array([ 1.43202    ,  0.0677623  ,  1.43195e-78,  2.18212e-21,  0.0242664  ])
328044  , -1632.5     , array([ 1.43202    ,  0.0677623  ,  1.43195e-78,  2.17994e-21,  0.0242906  ])
328045  , -1632.49    , array([ 1.43202    ,  0.0677623  ,  1.43195e-78,  2.17994e-21,  0.0242664  ])
328046  , -1632.49    , array([ 1.43202    ,  0.0677623  ,  1.43195e-78,  2.17994e-21,  0.0242664  ])
328047  , -1632.49    , array([ 1.43345    ,  0.0677623  ,  1.43195e-78,  2.17994e-21,  0.0242664  ])
328048  , -1632.49    , array([ 1.43202    ,  0.0678301  ,  1.43195e-78,  2.17994e-21,  0.0242664  ])
328049  , -1632.49    , array([ 1.43202    ,  0.0677623  ,  1.43339e-78,  2.17994e-21,  0.0242664  ])
328050  , -1632.49    , array([ 1.43202    ,  0.0677623  ,  1.43195e-78,  2.18212e-21,  0.0242664  ])
328051  , -1632.5     , array([ 1.43202    ,  0.0677623  ,  1.43195e-78,  2.17994e-21,  0.0242906  ])
328052  , -1632.49    , array([ 1.43202    ,  0.0677623  ,  1.43195e-78,  2.17994e-21,  0.0242664  ])
328053  , -1632.49    , array([ 1.43202    ,  0.0677623  ,  1.43195e-78,  2.17994e-21,  0.0242664  ])
328054  , -1632.49    , array([ 1.43345    ,  0.0677623  ,  1.43195e-78,  2.17994e-21,  0.0242664  ])
328055  , -1632.49    , array([ 1.43202    ,  0.0678301  ,  1.43195e-78,  2.17994e-21,  0.0242664  ])
328056  , -1632.49    , array([ 1.43202    ,  0.0677623  ,  1.43339e-78,  2.17994e-21,  0.0242664  ])
328057  , -1632.49    , array([ 1.43202    ,  0.0677623  ,  1.43195e-78,  2.18212e-21,  0.0242664  ])
328058  , -1632.5     , array([ 1.43202    ,  0.0677623  ,  1.43195e-78,  2.17994e-21,  0.0242906  ])
328059  , -1632.49    , array([ 1.43202    ,  0.0677623  ,  1.43195e-78,  2.17994e-21,  0.0242664  ])
328060  , -1632.49    , array([ 1.43202    ,  0.0677623  ,  1.43195e-78,  2.17994e-21,  0.0242664  ])
328061  , -1632.49    , array([ 1.43345    ,  0.0677623  ,  1.43195e-78,  2.17994e-21,  0.0242664  ])
328062  , -1632.49    , array([ 1.43202    ,  0.0678301  ,  1.43195e-78,  2.17994e-21,  0.0242664  ])
328063  , -1632.49    , array([ 1.43202    ,  0.0677623  ,  1.43339e-78,  2.17994e-21,  0.0242664  ])
328064  , -1632.49    , array([ 1.43202    ,  0.0677623  ,  1.43195e-78,  2.18212e-21,  0.0242664  ])
328065  , -1632.5     , array([ 1.43202    ,  0.0677623  ,  1.43195e-78,  2.17994e-21,  0.0242906  ])
328066  , -1632.49    , array([ 1.43202    ,  0.0677623  ,  1.43195e-78,  2.17994e-21,  0.0242664  ])
328067  , -1632.49    , array([ 1.43202    ,  0.0677623  ,  1.43195e-78,  2.17994e-21,  0.0242664  ])
328068  , -1632.49    , array([ 1.43345    ,  0.0677623  ,  1.43195e-78,  2.17994e-21,  0.0242664  ])
328069  , -1632.49    , array([ 1.43202    ,  0.0678301  ,  1.43195e-78,  2.17994e-21,  0.0242664  ])
328070  , -1632.49    , array([ 1.43202    ,  0.0677623  ,  1.43339e-78,  2.17994e-21,  0.0242664  ])
328071  , -1632.49    , array([ 1.43202    ,  0.0677623  ,  1.43195e-78,  2.18212e-21,  0.0242664  ])
328072  , -1632.5     , array([ 1.43202    ,  0.0677623  ,  1.43195e-78,  2.17994e-21,  0.0242906  ])
328073  , -1632.49    , array([ 1.43202    ,  0.0677623  ,  1.43195e-78,  2.17994e-21,  0.0242664  ])
328074  , -1632.49    , array([ 1.43202    ,  0.0677623  ,  1.43195e-78,  2.17994e-21,  0.0242664  ])
328075  , -1632.49    , array([ 1.43345    ,  0.0677623  ,  1.43195e-78,  2.17994e-21,  0.0242664  ])
328076  , -1632.49    , array([ 1.43202    ,  0.0678301  ,  1.43195e-78,  2.17994e-21,  0.0242664  ])
328077  , -1632.49    , array([ 1.43202    ,  0.0677623  ,  1.43339e-78,  2.17994e-21,  0.0242664  ])
328078  , -1632.49    , array([ 1.43202    ,  0.0677623  ,  1.43195e-78,  2.18212e-21,  0.0242664  ])
328079  , -1632.5     , array([ 1.43202    ,  0.0677623  ,  1.43195e-78,  2.17994e-21,  0.0242906  ])
328080  , -1632.49    , array([ 1.43202    ,  0.0677623  ,  1.43195e-78,  2.17994e-21,  0.0242664  ])
328081  , -1632.49    , array([ 1.43202    ,  0.0677623  ,  1.43195e-78,  2.17994e-21,  0.0242664  ])
328082  , -1632.49    , array([ 1.43345    ,  0.0677623  ,  1.43195e-78,  2.17994e-21,  0.0242664  ])
328083  , -1632.49    , array([ 1.43202    ,  0.0678301  ,  1.43195e-78,  2.17994e-21,  0.0242664  ])
328084  , -1632.49    , array([ 1.43202    ,  0.0677623  ,  1.43339e-78,  2.17994e-21,  0.0242664  ])
328085  , -1632.49    , array([ 1.43202    ,  0.0677623  ,  1.43195e-78,  2.18212e-21,  0.0242664  ])
328086  , -1632.5     , array([ 1.43202    ,  0.0677623  ,  1.43195e-78,  2.17994e-21,  0.0242906  ])
328087  , -1632.49    , array([ 1.43202    ,  0.0677623  ,  1.43195e-78,  2.17994e-21,  0.0242664  ])
328088  , -1632.49    , array([ 1.43202    ,  0.0677623  ,  1.43195e-78,  2.17994e-21,  0.0242664  ])
328089  , -1632.49    , array([ 1.43345    ,  0.0677623  ,  1.43195e-78,  2.17994e-21,  0.0242664  ])
328090  , -1632.49    , array([ 1.43202    ,  0.0678301  ,  1.43195e-78,  2.17994e-21,  0.0242664  ])
328091  , -1632.49    , array([ 1.43202    ,  0.0677623  ,  1.43339e-78,  2.17994e-21,  0.0242664  ])
328092  , -1632.49    , array([ 1.43202    ,  0.0677623  ,  1.43195e-78,  2.18212e-21,  0.0242664  ])
328093  , -1632.5     , array([ 1.43202    ,  0.0677623  ,  1.43195e-78,  2.17994e-21,  0.0242906  ])
328094  , -1632.49    , array([ 1.43202    ,  0.0677623  ,  1.43195e-78,  2.17994e-21,  0.0242664  ])
328095  , -1632.49    , array([ 1.43202    ,  0.0677623  ,  1.43195e-78,  2.17994e-21,  0.0242664  ])
328096  , -1632.49    , array([ 1.43345    ,  0.0677623  ,  1.43195e-78,  2.17994e-21,  0.0242664  ])
328097  , -1632.49    , array([ 1.43202    ,  0.0678301  ,  1.43195e-78,  2.17994e-21,  0.0242664  ])
328098  , -1632.49    , array([ 1.43202    ,  0.0677623  ,  1.43339e-78,  2.17994e-21,  0.0242664  ])
328099  , -1632.49    , array([ 1.43202    ,  0.0677623  ,  1.43195e-78,  2.18212e-21,  0.0242664  ])
328100  , -1632.5     , array([ 1.43202    ,  0.0677623  ,  1.43195e-78,  2.17994e-21,  0.0242906  ])
328101  , -1632.49    , array([ 1.43202    ,  0.0677623  ,  1.43195e-78,  2.17994e-21,  0.0242664  ])
328102  , -1632.49    , array([ 1.43202    ,  0.0677623  ,  1.43195e-78,  2.17994e-21,  0.0242664  ])
328103  , -1632.49    , array([ 1.43345    ,  0.0677623  ,  1.43195e-78,  2.17994e-21,  0.0242664  ])
328104  , -1632.49    , array([ 1.43202    ,  0.0678301  ,  1.43195e-78,  2.17994e-21,  0.0242664  ])
328105  , -1632.49    , array([ 1.43202    ,  0.0677623  ,  1.43339e-78,  2.17994e-21,  0.0242664  ])
328106  , -1632.49    , array([ 1.43202    ,  0.0677623  ,  1.43195e-78,  2.18212e-21,  0.0242664  ])
328107  , -1632.5     , array([ 1.43202    ,  0.0677623  ,  1.43195e-78,  2.17994e-21,  0.0242906  ])
328108  , -1632.49    , array([ 1.43202    ,  0.0677623  ,  1.43195e-78,  2.17994e-21,  0.0242664  ])
328109  , -1632.49    , array([ 1.43202    ,  0.0677623  ,  1.43195e-78,  2.17994e-21,  0.0242664  ])
328110  , -1632.49    , array([ 1.43345    ,  0.0677623  ,  1.43195e-78,  2.17994e-21,  0.0242664  ])
328111  , -1632.49    , array([ 1.43202    ,  0.0678301  ,  1.43195e-78,  2.17994e-21,  0.0242664  ])
328112  , -1632.49    , array([ 1.43202    ,  0.0677623  ,  1.43339e-78,  2.17994e-21,  0.0242664  ])
328113  , -1632.49    , array([ 1.43202    ,  0.0677623  ,  1.43195e-78,  2.18212e-21,  0.0242664  ])
328114  , -1632.5     , array([ 1.43202    ,  0.0677623  ,  1.43195e-78,  2.17994e-21,  0.0242906  ])
328115  , -1632.49    , array([ 1.43202    ,  0.0677623  ,  1.43195e-78,  2.17994e-21,  0.0242664  ])
328116  , -1632.49    , array([ 1.43202    ,  0.0677623  ,  1.43195e-78,  2.17994e-21,  0.0242664  ])
328117  , -1632.49    , array([ 1.43345    ,  0.0677623  ,  1.43195e-78,  2.17994e-21,  0.0242664  ])
328118  , -1632.49    , array([ 1.43202    ,  0.0678301  ,  1.43195e-78,  2.17994e-21,  0.0242664  ])
328119  , -1632.49    , array([ 1.43202    ,  0.0677623  ,  1.43339e-78,  2.17994e-21,  0.0242664  ])
328120  , -1632.49    , array([ 1.43202    ,  0.0677623  ,  1.43195e-78,  2.18212e-21,  0.0242664  ])
328121  , -1632.5     , array([ 1.43202    ,  0.0677623  ,  1.43195e-78,  2.17994e-21,  0.0242906  ])
328122  , -1632.49    , array([ 1.43202    ,  0.0677623  ,  1.43195e-78,  2.17994e-21,  0.0242664  ])
328123  , -1632.49    , array([ 1.43202    ,  0.0677623  ,  1.43195e-78,  2.17994e-21,  0.0242664  ])
328124  , -1632.49    , array([ 1.43345    ,  0.0677623  ,  1.43195e-78,  2.17994e-21,  0.0242664  ])
328125  , -1632.49    , array([ 1.43202    ,  0.0678301  ,  1.43195e-78,  2.17994e-21,  0.0242664  ])
328126  , -1632.49    , array([ 1.43202    ,  0.0677623  ,  1.43339e-78,  2.17994e-21,  0.0242664  ])
328127  , -1632.49    , array([ 1.43202    ,  0.0677623  ,  1.43195e-78,  2.18212e-21,  0.0242664  ])
328128  , -1632.5     , array([ 1.43202    ,  0.0677623  ,  1.43195e-78,  2.17994e-21,  0.0242906  ])
328129  , -1632.49    , array([ 1.43202    ,  0.0677623  ,  1.43195e-78,  2.17994e-21,  0.0242664  ])
328130  , -1632.49    , array([ 1.43202    ,  0.0677623  ,  1.43195e-78,  2.17994e-21,  0.0242664  ])
328131  , -1632.49    , array([ 1.43345    ,  0.0677623  ,  1.43195e-78,  2.17994e-21,  0.0242664  ])
328132  , -1632.49    , array([ 1.43202    ,  0.0678301  ,  1.43195e-78,  2.17994e-21,  0.0242664  ])
328133  , -1632.49    , array([ 1.43202    ,  0.0677623  ,  1.43339e-78,  2.17994e-21,  0.0242664  ])
328134  , -1632.49    , array([ 1.43202    ,  0.0677623  ,  1.43195e-78,  2.18212e-21,  0.0242664  ])
328135  , -1632.5     , array([ 1.43202    ,  0.0677623  ,  1.43195e-78,  2.17994e-21,  0.0242906  ])
328136  , -1632.49    , array([ 1.43202    ,  0.0677623  ,  1.43195e-78,  2.17994e-21,  0.0242664  ])
328137  , -1632.49    , array([ 1.43202    ,  0.0677623  ,  1.43195e-78,  2.17994e-21,  0.0242664  ])
328138  , -1632.49    , array([ 1.43345    ,  0.0677623  ,  1.43195e-78,  2.17994e-21,  0.0242664  ])
328139  , -1632.49    , array([ 1.43202    ,  0.0678301  ,  1.43195e-78,  2.17994e-21,  0.0242664  ])
328140  , -1632.49    , array([ 1.43202    ,  0.0677623  ,  1.43339e-78,  2.17994e-21,  0.0242664  ])
328141  , -1632.49    , array([ 1.43202    ,  0.0677623  ,  1.43195e-78,  2.18212e-21,  0.0242664  ])
328142  , -1632.5     , array([ 1.43202    ,  0.0677623  ,  1.43195e-78,  2.17994e-21,  0.0242906  ])
328143  , -1632.49    , array([ 1.43202    ,  0.0677623  ,  1.43195e-78,  2.17994e-21,  0.0242664  ])
328144  , -1632.49    , array([ 1.43202    ,  0.0677623  ,  1.43195e-78,  2.17994e-21,  0.0242664  ])
328145  , -1632.49    , array([ 1.43345    ,  0.0677623  ,  1.43195e-78,  2.17994e-21,  0.0242664  ])
328146  , -1632.49    , array([ 1.43202    ,  0.0678301  ,  1.43195e-78,  2.17994e-21,  0.0242664  ])
328147  , -1632.49    , array([ 1.43202    ,  0.0677623  ,  1.43339e-78,  2.17994e-21,  0.0242664  ])
328148  , -1632.49    , array([ 1.43202    ,  0.0677623  ,  1.43195e-78,  2.18212e-21,  0.0242664  ])
328149  , -1632.5     , array([ 1.43202    ,  0.0677623  ,  1.43195e-78,  2.17994e-21,  0.0242906  ])
328150  , -1632.49    , array([ 1.43202    ,  0.0677623  ,  1.43195e-78,  2.17994e-21,  0.0242664  ])
328151  , -1632.49    , array([ 1.43202    ,  0.0677623  ,  1.43195e-78,  2.17994e-21,  0.0242664  ])
328152  , -1632.49    , array([ 1.43345    ,  0.0677623  ,  1.43195e-78,  2.17994e-21,  0.0242664  ])
328153  , -1632.49    , array([ 1.43202    ,  0.0678301  ,  1.43195e-78,  2.17994e-21,  0.0242664  ])
328154  , -1632.49    , array([ 1.43202    ,  0.0677623  ,  1.43339e-78,  2.17994e-21,  0.0242664  ])
328155  , -1632.49    , array([ 1.43202    ,  0.0677623  ,  1.43195e-78,  2.18212e-21,  0.0242664  ])
328156  , -1632.5     , array([ 1.43202    ,  0.0677623  ,  1.43195e-78,  2.17994e-21,  0.0242906  ])
328157  , -1632.49    , array([ 1.43202    ,  0.0677623  ,  1.43195e-78,  2.17994e-21,  0.0242664  ])
328158  , -1632.49    , array([ 1.43202    ,  0.0677623  ,  1.43195e-78,  2.17994e-21,  0.0242664  ])
328159  , -1632.49    , array([ 1.43345    ,  0.0677623  ,  1.43195e-78,  2.17994e-21,  0.0242664  ])
328160  , -1632.49    , array([ 1.43202    ,  0.0678301  ,  1.43195e-78,  2.17994e-21,  0.0242664  ])
328161  , -1632.49    , array([ 1.43202    ,  0.0677623  ,  1.43339e-78,  2.17994e-21,  0.0242664  ])
328162  , -1632.49    , array([ 1.43202    ,  0.0677623  ,  1.43195e-78,  2.18212e-21,  0.0242664  ])
328163  , -1632.5     , array([ 1.43202    ,  0.0677623  ,  1.43195e-78,  2.17994e-21,  0.0242906  ])
328164  , -1632.49    , array([ 1.43202    ,  0.0677623  ,  1.43195e-78,  2.17994e-21,  0.0242664  ])
328165  , -1632.49    , array([ 1.43202    ,  0.0677623  ,  1.43195e-78,  2.17994e-21,  0.0242664  ])
328166  , -1632.49    , array([ 1.43345    ,  0.0677623  ,  1.43195e-78,  2.17994e-21,  0.0242664  ])
328167  , -1632.49    , array([ 1.43202    ,  0.0678301  ,  1.43195e-78,  2.17994e-21,  0.0242664  ])
328168  , -1632.49    , array([ 1.43202    ,  0.0677623  ,  1.43339e-78,  2.17994e-21,  0.0242664  ])
328169  , -1632.49    , array([ 1.43202    ,  0.0677623  ,  1.43195e-78,  2.18212e-21,  0.0242664  ])
328170  , -1632.5     , array([ 1.43202    ,  0.0677623  ,  1.43195e-78,  2.17994e-21,  0.0242906  ])
328171  , -1632.49    , array([ 1.43202    ,  0.0677623  ,  1.43195e-78,  2.17994e-21,  0.0242664  ])
328172  , -1632.49    , array([ 1.43202    ,  0.0677623  ,  1.43195e-78,  2.17994e-21,  0.0242664  ])
328173  , -1632.49    , array([ 1.43345    ,  0.0677623  ,  1.43195e-78,  2.17994e-21,  0.0242664  ])
328174  , -1632.49    , array([ 1.43202    ,  0.0678301  ,  1.43195e-78,  2.17994e-21,  0.0242664  ])
328175  , -1632.49    , array([ 1.43202    ,  0.0677623  ,  1.43339e-78,  2.17994e-21,  0.0242664  ])
328176  , -1632.49    , array([ 1.43202    ,  0.0677623  ,  1.43195e-78,  2.18212e-21,  0.0242664  ])
328177  , -1632.5     , array([ 1.43202    ,  0.0677623  ,  1.43195e-78,  2.17994e-21,  0.0242906  ])
328178  , -1632.49    , array([ 1.43202    ,  0.0677623  ,  1.43195e-78,  2.17994e-21,  0.0242664  ])
328179  , -1632.49    , array([ 1.43202    ,  0.0677623  ,  1.43195e-78,  2.17994e-21,  0.0242664  ])
328180  , -1632.49    , array([ 1.43345    ,  0.0677623  ,  1.43195e-78,  2.17994e-21,  0.0242664  ])
328181  , -1632.49    , array([ 1.43202    ,  0.0678301  ,  1.43195e-78,  2.17994e-21,  0.0242664  ])
328182  , -1632.49    , array([ 1.43202    ,  0.0677623  ,  1.43339e-78,  2.17994e-21,  0.0242664  ])
328183  , -1632.49    , array([ 1.43202    ,  0.0677623  ,  1.43195e-78,  2.18212e-21,  0.0242664  ])
328184  , -1632.5     , array([ 1.43202    ,  0.0677623  ,  1.43195e-78,  2.17994e-21,  0.0242906  ])
328185  , -1632.49    , array([ 1.43202    ,  0.0677623  ,  1.43195e-78,  2.17994e-21,  0.0242664  ])
328186  , -1632.49    , array([ 1.43202    ,  0.0677623  ,  1.43195e-78,  2.17994e-21,  0.0242664  ])
328187  , -1632.49    , array([ 1.43345    ,  0.0677623  ,  1.43195e-78,  2.17994e-21,  0.0242664  ])
328188  , -1632.49    , array([ 1.43202    ,  0.0678301  ,  1.43195e-78,  2.17994e-21,  0.0242664  ])
328189  , -1632.49    , array([ 1.43202    ,  0.0677623  ,  1.43339e-78,  2.17994e-21,  0.0242664  ])
328190  , -1632.49    , array([ 1.43202    ,  0.0677623  ,  1.43195e-78,  2.18212e-21,  0.0242664  ])
328191  , -1632.5     , array([ 1.43202    ,  0.0677623  ,  1.43195e-78,  2.17994e-21,  0.0242906  ])
328192  , -1632.49    , array([ 1.43202    ,  0.0677623  ,  1.43195e-78,  2.17994e-21,  0.0242664  ])
328193  , -1632.49    , array([ 1.43202    ,  0.0677623  ,  1.43195e-78,  2.17994e-21,  0.0242664  ])
328194  , -1632.49    , array([ 1.43345    ,  0.0677623  ,  1.43195e-78,  2.17994e-21,  0.0242664  ])
328195  , -1632.49    , array([ 1.43202    ,  0.0678301  ,  1.43195e-78,  2.17994e-21,  0.0242664  ])
328196  , -1632.49    , array([ 1.43202    ,  0.0677623  ,  1.43339e-78,  2.17994e-21,  0.0242664  ])
328197  , -1632.49    , array([ 1.43202    ,  0.0677623  ,  1.43195e-78,  2.18212e-21,  0.0242664  ])
328198  , -1632.5     , array([ 1.43202    ,  0.0677623  ,  1.43195e-78,  2.17994e-21,  0.0242906  ])
328199  , -1632.49    , array([ 1.43202    ,  0.0677623  ,  1.43195e-78,  2.17994e-21,  0.0242664  ])
328200  , -1632.49    , array([ 1.43202    ,  0.0677623  ,  1.43195e-78,  2.17994e-21,  0.0242664  ])
328201  , -1632.49    , array([ 1.43345    ,  0.0677623  ,  1.43195e-78,  2.17994e-21,  0.0242664  ])
328202  , -1632.49    , array([ 1.43202    ,  0.0678301  ,  1.43195e-78,  2.17994e-21,  0.0242664  ])
328203  , -1632.49    , array([ 1.43202    ,  0.0677623  ,  1.43339e-78,  2.17994e-21,  0.0242664  ])
328204  , -1632.49    , array([ 1.43202    ,  0.0677623  ,  1.43195e-78,  2.18212e-21,  0.0242664  ])
328205  , -1632.5     , array([ 1.43202    ,  0.0677623  ,  1.43195e-78,  2.17994e-21,  0.0242906  ])
328206  , -1632.49    , array([ 1.43202    ,  0.0677623  ,  1.43195e-78,  2.17994e-21,  0.0242664  ])
328207  , -1632.49    , array([ 1.43202    ,  0.0677623  ,  1.43195e-78,  2.17994e-21,  0.0242664  ])
328208  , -1632.49    , array([ 1.43345    ,  0.0677623  ,  1.43195e-78,  2.17994e-21,  0.0242664  ])
328209  , -1632.49    , array([ 1.43202    ,  0.0678301  ,  1.43195e-78,  2.17994e-21,  0.0242664  ])
328210  , -1632.49    , array([ 1.43202    ,  0.0677623  ,  1.43339e-78,  2.17994e-21,  0.0242664  ])
328211  , -1632.49    , array([ 1.43202    ,  0.0677623  ,  1.43195e-78,  2.18212e-21,  0.0242664  ])
328212  , -1632.5     , array([ 1.43202    ,  0.0677623  ,  1.43195e-78,  2.17994e-21,  0.0242906  ])
328213  , -1632.49    , array([ 1.43202    ,  0.0677623  ,  1.43195e-78,  2.17994e-21,  0.0242664  ])
328214  , -1632.49    , array([ 1.43202    ,  0.0677623  ,  1.43195e-78,  2.17994e-21,  0.0242664  ])
328215  , -1632.49    , array([ 1.43345    ,  0.0677623  ,  1.43195e-78,  2.17994e-21,  0.0242664  ])
328216  , -1632.49    , array([ 1.43202    ,  0.0678301  ,  1.43195e-78,  2.17994e-21,  0.0242664  ])
328217  , -1632.49    , array([ 1.43202    ,  0.0677623  ,  1.43339e-78,  2.17994e-21,  0.0242664  ])
328218  , -1632.49    , array([ 1.43202    ,  0.0677623  ,  1.43195e-78,  2.18212e-21,  0.0242664  ])
328219  , -1632.5     , array([ 1.43202    ,  0.0677623  ,  1.43195e-78,  2.17994e-21,  0.0242906  ])
328220  , -1632.49    , array([ 1.43202    ,  0.0677623  ,  1.43195e-78,  2.17994e-21,  0.0242664  ])
328221  , -1632.49    , array([ 1.43202    ,  0.0677623  ,  1.43195e-78,  2.17994e-21,  0.0242664  ])
328222  , -1632.49    , array([ 1.43345    ,  0.0677623  ,  1.43195e-78,  2.17994e-21,  0.0242664  ])
328223  , -1632.49    , array([ 1.43202    ,  0.0678301  ,  1.43195e-78,  2.17994e-21,  0.0242664  ])
328224  , -1632.49    , array([ 1.43202    ,  0.0677623  ,  1.43339e-78,  2.17994e-21,  0.0242664  ])
328225  , -1632.49    , array([ 1.43202    ,  0.0677623  ,  1.43195e-78,  2.18212e-21,  0.0242664  ])
328226  , -1632.5     , array([ 1.43202    ,  0.0677623  ,  1.43195e-78,  2.17994e-21,  0.0242906  ])
328227  , -1632.49    , array([ 1.43202    ,  0.0677623  ,  1.43195e-78,  2.17994e-21,  0.0242664  ])
328228  , -1632.49    , array([ 1.43202    ,  0.0677623  ,  1.43195e-78,  2.17994e-21,  0.0242664  ])
328229  , -1632.49    , array([ 1.43345    ,  0.0677623  ,  1.43195e-78,  2.17994e-21,  0.0242664  ])
328230  , -1632.49    , array([ 1.43202    ,  0.0678301  ,  1.43195e-78,  2.17994e-21,  0.0242664  ])
328231  , -1632.49    , array([ 1.43202    ,  0.0677623  ,  1.43339e-78,  2.17994e-21,  0.0242664  ])
328232  , -1632.49    , array([ 1.43202    ,  0.0677623  ,  1.43195e-78,  2.18212e-21,  0.0242664  ])
328233  , -1632.5     , array([ 1.43202    ,  0.0677623  ,  1.43195e-78,  2.17994e-21,  0.0242906  ])
328234  , -1632.49    , array([ 1.43202    ,  0.0677623  ,  1.43195e-78,  2.17994e-21,  0.0242664  ])
328235  , -1632.49    , array([ 1.43202    ,  0.0677623  ,  1.43195e-78,  2.17994e-21,  0.0242664  ])
328236  , -1632.49    , array([ 1.43345    ,  0.0677623  ,  1.43195e-78,  2.17994e-21,  0.0242664  ])
328237  , -1632.49    , array([ 1.43202    ,  0.0678301  ,  1.43195e-78,  2.17994e-21,  0.0242664  ])
328238  , -1632.49    , array([ 1.43202    ,  0.0677623  ,  1.43339e-78,  2.17994e-21,  0.0242664  ])
328239  , -1632.49    , array([ 1.43202    ,  0.0677623  ,  1.43195e-78,  2.18212e-21,  0.0242664  ])
328240  , -1632.5     , array([ 1.43202    ,  0.0677623  ,  1.43195e-78,  2.17994e-21,  0.0242906  ])
328241  , -1632.49    , array([ 1.43202    ,  0.0677623  ,  1.43195e-78,  2.17994e-21,  0.0242664  ])
328242  , -1632.49    , array([ 1.43202    ,  0.0677623  ,  1.43195e-78,  2.17994e-21,  0.0242664  ])
328243  , -1632.49    , array([ 1.43345    ,  0.0677623  ,  1.43195e-78,  2.17994e-21,  0.0242664  ])
328244  , -1632.49    , array([ 1.43202    ,  0.0678301  ,  1.43195e-78,  2.17994e-21,  0.0242664  ])
328245  , -1632.49    , array([ 1.43202    ,  0.0677623  ,  1.43339e-78,  2.17994e-21,  0.0242664  ])
328246  , -1632.49    , array([ 1.43202    ,  0.0677623  ,  1.43195e-78,  2.18212e-21,  0.0242664  ])
328247  , -1632.5     , array([ 1.43202    ,  0.0677623  ,  1.43195e-78,  2.17994e-21,  0.0242906  ])
328248  , -1632.49    , array([ 1.43202    ,  0.0677623  ,  1.43195e-78,  2.17994e-21,  0.0242664  ])
328249  , -1632.49    , array([ 1.43202    ,  0.0677623  ,  1.43195e-78,  2.17994e-21,  0.0242664  ])
328250  , -1632.49    , array([ 1.43345    ,  0.0677623  ,  1.43195e-78,  2.17994e-21,  0.0242664  ])
328251  , -1632.49    , array([ 1.43202    ,  0.0678301  ,  1.43195e-78,  2.17994e-21,  0.0242664  ])
328252  , -1632.49    , array([ 1.43202    ,  0.0677623  ,  1.43339e-78,  2.17994e-21,  0.0242664  ])
328253  , -1632.49    , array([ 1.43202    ,  0.0677623  ,  1.43195e-78,  2.18212e-21,  0.0242664  ])
328254  , -1632.5     , array([ 1.43202    ,  0.0677623  ,  1.43195e-78,  2.17994e-21,  0.0242906  ])
328255  , -1632.49    , array([ 1.43202    ,  0.0677623  ,  1.43195e-78,  2.17994e-21,  0.0242664  ])
328256  , -1632.49    , array([ 1.43202    ,  0.0677623  ,  1.43195e-78,  2.17994e-21,  0.0242664  ])
328257  , -1632.49    , array([ 1.43345    ,  0.0677623  ,  1.43195e-78,  2.17994e-21,  0.0242664  ])
328258  , -1632.49    , array([ 1.43202    ,  0.0678301  ,  1.43195e-78,  2.17994e-21,  0.0242664  ])
328259  , -1632.49    , array([ 1.43202    ,  0.0677623  ,  1.43339e-78,  2.17994e-21,  0.0242664  ])
328260  , -1632.49    , array([ 1.43202    ,  0.0677623  ,  1.43195e-78,  2.18212e-21,  0.0242664  ])
328261  , -1632.5     , array([ 1.43202    ,  0.0677623  ,  1.43195e-78,  2.17994e-21,  0.0242906  ])
328262  , -1632.49    , array([ 1.43202    ,  0.0677623  ,  1.43195e-78,  2.17994e-21,  0.0242664  ])
328263  , -1632.49    , array([ 1.43202    ,  0.0677623  ,  1.43195e-78,  2.17994e-21,  0.0242664  ])
328264  , -1632.49    , array([ 1.43345    ,  0.0677623  ,  1.43195e-78,  2.17994e-21,  0.0242664  ])
328265  , -1632.49    , array([ 1.43202    ,  0.0678301  ,  1.43195e-78,  2.17994e-21,  0.0242664  ])
328266  , -1632.49    , array([ 1.43202    ,  0.0677623  ,  1.43339e-78,  2.17994e-21,  0.0242664  ])
328267  , -1632.49    , array([ 1.43202    ,  0.0677623  ,  1.43195e-78,  2.18212e-21,  0.0242664  ])
328268  , -1632.5     , array([ 1.43202    ,  0.0677623  ,  1.43195e-78,  2.17994e-21,  0.0242906  ])
328269  , -1632.49    , array([ 1.43202    ,  0.0677623  ,  1.43195e-78,  2.17994e-21,  0.0242664  ])
328270  , -1632.49    , array([ 1.43202    ,  0.0677623  ,  1.43195e-78,  2.17994e-21,  0.0242664  ])
328271  , -1632.49    , array([ 1.43345    ,  0.0677623  ,  1.43195e-78,  2.17994e-21,  0.0242664  ])
328272  , -1632.49    , array([ 1.43202    ,  0.0678301  ,  1.43195e-78,  2.17994e-21,  0.0242664  ])
328273  , -1632.49    , array([ 1.43202    ,  0.0677623  ,  1.43339e-78,  2.17994e-21,  0.0242664  ])
328274  , -1632.49    , array([ 1.43202    ,  0.0677623  ,  1.43195e-78,  2.18212e-21,  0.0242664  ])
328275  , -1632.5     , array([ 1.43202    ,  0.0677623  ,  1.43195e-78,  2.17994e-21,  0.0242906  ])
328276  , -1632.49    , array([ 1.43202    ,  0.0677623  ,  1.43195e-78,  2.17994e-21,  0.0242664  ])
328277  , -1632.49    , array([ 1.43202    ,  0.0677623  ,  1.43195e-78,  2.17994e-21,  0.0242664  ])
328278  , -1632.49    , array([ 1.43345    ,  0.0677623  ,  1.43195e-78,  2.17994e-21,  0.0242664  ])
328279  , -1632.49    , array([ 1.43202    ,  0.0678301  ,  1.43195e-78,  2.17994e-21,  0.0242664  ])
328280  , -1632.49    , array([ 1.43202    ,  0.0677623  ,  1.43339e-78,  2.17994e-21,  0.0242664  ])
328281  , -1632.49    , array([ 1.43202    ,  0.0677623  ,  1.43195e-78,  2.18212e-21,  0.0242664  ])
328282  , -1632.5     , array([ 1.43202    ,  0.0677623  ,  1.43195e-78,  2.17994e-21,  0.0242906  ])
328283  , -1632.49    , array([ 1.43202    ,  0.0677623  ,  1.43195e-78,  2.17994e-21,  0.0242664  ])
328284  , -1632.49    , array([ 1.43202    ,  0.0677623  ,  1.43195e-78,  2.17994e-21,  0.0242664  ])
328285  , -1632.49    , array([ 1.43345    ,  0.0677623  ,  1.43195e-78,  2.17994e-21,  0.0242664  ])
328286  , -1632.49    , array([ 1.43202    ,  0.0678301  ,  1.43195e-78,  2.17994e-21,  0.0242664  ])
328287  , -1632.49    , array([ 1.43202    ,  0.0677623  ,  1.43339e-78,  2.17994e-21,  0.0242664  ])
328288  , -1632.49    , array([ 1.43202    ,  0.0677623  ,  1.43195e-78,  2.18212e-21,  0.0242664  ])
328289  , -1632.5     , array([ 1.43202    ,  0.0677623  ,  1.43195e-78,  2.17994e-21,  0.0242906  ])
328290  , -1632.49    , array([ 1.43202    ,  0.0677623  ,  1.43195e-78,  2.17994e-21,  0.0242664  ])
328291  , -1632.49    , array([ 1.43202    ,  0.0677623  ,  1.43195e-78,  2.17994e-21,  0.0242664  ])
328292  , -1632.49    , array([ 1.43345    ,  0.0677623  ,  1.43195e-78,  2.17994e-21,  0.0242664  ])
328293  , -1632.49    , array([ 1.43202    ,  0.0678301  ,  1.43195e-78,  2.17994e-21,  0.0242664  ])
328294  , -1632.49    , array([ 1.43202    ,  0.0677623  ,  1.43339e-78,  2.17994e-21,  0.0242664  ])
328295  , -1632.49    , array([ 1.43202    ,  0.0677623  ,  1.43195e-78,  2.18212e-21,  0.0242664  ])
328296  , -1632.5     , array([ 1.43202    ,  0.0677623  ,  1.43195e-78,  2.17994e-21,  0.0242906  ])
328297  , -1632.49    , array([ 1.43202    ,  0.0677623  ,  1.43195e-78,  2.17994e-21,  0.0242664  ])
328298  , -1632.49    , array([ 1.43202    ,  0.0677623  ,  1.43195e-78,  2.17994e-21,  0.0242664  ])
328299  , -1632.49    , array([ 1.43345    ,  0.0677623  ,  1.43195e-78,  2.17994e-21,  0.0242664  ])
328300  , -1632.49    , array([ 1.43202    ,  0.0678301  ,  1.43195e-78,  2.17994e-21,  0.0242664  ])
328301  , -1632.49    , array([ 1.43202    ,  0.0677623  ,  1.43339e-78,  2.17994e-21,  0.0242664  ])
328302  , -1632.49    , array([ 1.43202    ,  0.0677623  ,  1.43195e-78,  2.18212e-21,  0.0242664  ])
328303  , -1632.5     , array([ 1.43202    ,  0.0677623  ,  1.43195e-78,  2.17994e-21,  0.0242906  ])
328304  , -1632.49    , array([ 1.43202    ,  0.0677623  ,  1.43195e-78,  2.17994e-21,  0.0242664  ])
328305  , -1632.49    , array([ 1.43202    ,  0.0677623  ,  1.43195e-78,  2.17994e-21,  0.0242664  ])
328306  , -1632.49    , array([ 1.43345    ,  0.0677623  ,  1.43195e-78,  2.17994e-21,  0.0242664  ])
328307  , -1632.49    , array([ 1.43202    ,  0.0678301  ,  1.43195e-78,  2.17994e-21,  0.0242664  ])
328308  , -1632.49    , array([ 1.43202    ,  0.0677623  ,  1.43339e-78,  2.17994e-21,  0.0242664  ])
328309  , -1632.49    , array([ 1.43202    ,  0.0677623  ,  1.43195e-78,  2.18212e-21,  0.0242664  ])
328310  , -1632.5     , array([ 1.43202    ,  0.0677623  ,  1.43195e-78,  2.17994e-21,  0.0242906  ])
328311  , -1632.49    , array([ 1.43202    ,  0.0677623  ,  1.43195e-78,  2.17994e-21,  0.0242664  ])
328312  , -1632.49    , array([ 1.43202    ,  0.0677623  ,  1.43195e-78,  2.17994e-21,  0.0242664  ])
328313  , -1632.49    , array([ 1.43345    ,  0.0677623  ,  1.43195e-78,  2.17994e-21,  0.0242664  ])
328314  , -1632.49    , array([ 1.43202    ,  0.0678301  ,  1.43195e-78,  2.17994e-21,  0.0242664  ])
328315  , -1632.49    , array([ 1.43202    ,  0.0677623  ,  1.43339e-78,  2.17994e-21,  0.0242664  ])
328316  , -1632.49    , array([ 1.43202    ,  0.0677623  ,  1.43195e-78,  2.18212e-21,  0.0242664  ])
328317  , -1632.5     , array([ 1.43202    ,  0.0677623  ,  1.43195e-78,  2.17994e-21,  0.0242906  ])
328318  , -1632.49    , array([ 1.43202    ,  0.0677623  ,  1.43195e-78,  2.17994e-21,  0.0242664  ])
328319  , -1632.49    , array([ 1.43202    ,  0.0677623  ,  1.43195e-78,  2.17994e-21,  0.0242664  ])
328320  , -1632.49    , array([ 1.43345    ,  0.0677623  ,  1.43195e-78,  2.17994e-21,  0.0242664  ])
328321  , -1632.49    , array([ 1.43202    ,  0.0678301  ,  1.43195e-78,  2.17994e-21,  0.0242664  ])
328322  , -1632.49    , array([ 1.43202    ,  0.0677623  ,  1.43339e-78,  2.17994e-21,  0.0242664  ])
328323  , -1632.49    , array([ 1.43202    ,  0.0677623  ,  1.43195e-78,  2.18212e-21,  0.0242664  ])
328324  , -1632.5     , array([ 1.43202    ,  0.0677623  ,  1.43195e-78,  2.17994e-21,  0.0242906  ])
328325  , -1632.49    , array([ 1.43202    ,  0.0677623  ,  1.43195e-78,  2.17994e-21,  0.0242664  ])
328326  , -1632.49    , array([ 1.43202    ,  0.0677623  ,  1.43195e-78,  2.17994e-21,  0.0242664  ])
328327  , -1632.49    , array([ 1.43345    ,  0.0677623  ,  1.43195e-78,  2.17994e-21,  0.0242664  ])
328328  , -1632.49    , array([ 1.43202    ,  0.0678301  ,  1.43195e-78,  2.17994e-21,  0.0242664  ])
328329  , -1632.49    , array([ 1.43202    ,  0.0677623  ,  1.43339e-78,  2.17994e-21,  0.0242664  ])
328330  , -1632.49    , array([ 1.43202    ,  0.0677623  ,  1.43195e-78,  2.18212e-21,  0.0242664  ])
328331  , -1632.5     , array([ 1.43202    ,  0.0677623  ,  1.43195e-78,  2.17994e-21,  0.0242906  ])
328332  , -1632.49    , array([ 1.43202    ,  0.0677623  ,  1.43195e-78,  2.17994e-21,  0.0242664  ])
328333  , -1632.49    , array([ 1.43202    ,  0.0677623  ,  1.43195e-78,  2.17994e-21,  0.0242664  ])
328334  , -1632.49    , array([ 1.43345    ,  0.0677623  ,  1.43195e-78,  2.17994e-21,  0.0242664  ])
328335  , -1632.49    , array([ 1.43202    ,  0.0678301  ,  1.43195e-78,  2.17994e-21,  0.0242664  ])
328336  , -1632.49    , array([ 1.43202    ,  0.0677623  ,  1.43339e-78,  2.17994e-21,  0.0242664  ])
328337  , -1632.49    , array([ 1.43202    ,  0.0677623  ,  1.43195e-78,  2.18212e-21,  0.0242664  ])
328338  , -1632.5     , array([ 1.43202    ,  0.0677623  ,  1.43195e-78,  2.17994e-21,  0.0242906  ])
328339  , -1632.49    , array([ 1.43202    ,  0.0677623  ,  1.43195e-78,  2.17994e-21,  0.0242664  ])
328340  , -1632.49    , array([ 1.43202    ,  0.0677623  ,  1.43195e-78,  2.17994e-21,  0.0242664  ])
328341  , -1632.49    , array([ 1.43345    ,  0.0677623  ,  1.43195e-78,  2.17994e-21,  0.0242664  ])
328342  , -1632.49    , array([ 1.43202    ,  0.0678301  ,  1.43195e-78,  2.17994e-21,  0.0242664  ])
328343  , -1632.49    , array([ 1.43202    ,  0.0677623  ,  1.43339e-78,  2.17994e-21,  0.0242664  ])
328344  , -1632.49    , array([ 1.43202    ,  0.0677623  ,  1.43195e-78,  2.18212e-21,  0.0242664  ])
328345  , -1632.5     , array([ 1.43202    ,  0.0677623  ,  1.43195e-78,  2.17994e-21,  0.0242906  ])
328346  , -1632.49    , array([ 1.43202    ,  0.0677623  ,  1.43195e-78,  2.17994e-21,  0.0242664  ])
328347  , -1632.49    , array([ 1.43202    ,  0.0677623  ,  1.43195e-78,  2.17994e-21,  0.0242664  ])
328348  , -1632.49    , array([ 1.43345    ,  0.0677623  ,  1.43195e-78,  2.17994e-21,  0.0242664  ])
328349  , -1632.49    , array([ 1.43202    ,  0.0678301  ,  1.43195e-78,  2.17994e-21,  0.0242664  ])
328350  , -1632.49    , array([ 1.43202    ,  0.0677623  ,  1.43339e-78,  2.17994e-21,  0.0242664  ])
328351  , -1632.49    , array([ 1.43202    ,  0.0677623  ,  1.43195e-78,  2.18212e-21,  0.0242664  ])
328352  , -1632.5     , array([ 1.43202    ,  0.0677623  ,  1.43195e-78,  2.17994e-21,  0.0242906  ])
328353  , -1632.49    , array([ 1.43202    ,  0.0677623  ,  1.43195e-78,  2.17994e-21,  0.0242664  ])
328354  , -1632.49    , array([ 1.43202    ,  0.0677623  ,  1.43195e-78,  2.17994e-21,  0.0242664  ])
328355  , -1632.49    , array([ 1.43345    ,  0.0677623  ,  1.43195e-78,  2.17994e-21,  0.0242664  ])
328356  , -1632.49    , array([ 1.43202    ,  0.0678301  ,  1.43195e-78,  2.17994e-21,  0.0242664  ])
328357  , -1632.49    , array([ 1.43202    ,  0.0677623  ,  1.43339e-78,  2.17994e-21,  0.0242664  ])
328358  , -1632.49    , array([ 1.43202    ,  0.0677623  ,  1.43195e-78,  2.18212e-21,  0.0242664  ])
328359  , -1632.5     , array([ 1.43202    ,  0.0677623  ,  1.43195e-78,  2.17994e-21,  0.0242906  ])
328360  , -1632.49    , array([ 1.43202    ,  0.0677623  ,  1.43195e-78,  2.17994e-21,  0.0242664  ])
328361  , -1632.49    , array([ 1.43202    ,  0.0677623  ,  1.43195e-78,  2.17994e-21,  0.0242664  ])
328362  , -1632.49    , array([ 1.43345    ,  0.0677623  ,  1.43195e-78,  2.17994e-21,  0.0242664  ])
328363  , -1632.49    , array([ 1.43202    ,  0.0678301  ,  1.43195e-78,  2.17994e-21,  0.0242664  ])
328364  , -1632.49    , array([ 1.43202    ,  0.0677623  ,  1.43339e-78,  2.17994e-21,  0.0242664  ])
328365  , -1632.49    , array([ 1.43202    ,  0.0677623  ,  1.43195e-78,  2.18212e-21,  0.0242664  ])
328366  , -1632.5     , array([ 1.43202    ,  0.0677623  ,  1.43195e-78,  2.17994e-21,  0.0242906  ])
328367  , -1632.49    , array([ 1.43202    ,  0.0677623  ,  1.43195e-78,  2.17994e-21,  0.0242664  ])
328368  , -1632.49    , array([ 1.43202    ,  0.0677623  ,  1.43195e-78,  2.17994e-21,  0.0242664  ])
328369  , -1632.49    , array([ 1.43345    ,  0.0677623  ,  1.43195e-78,  2.17994e-21,  0.0242664  ])
328370  , -1632.49    , array([ 1.43202    ,  0.0678301  ,  1.43195e-78,  2.17994e-21,  0.0242664  ])
328371  , -1632.49    , array([ 1.43202    ,  0.0677623  ,  1.43339e-78,  2.17994e-21,  0.0242664  ])
328372  , -1632.49    , array([ 1.43202    ,  0.0677623  ,  1.43195e-78,  2.18212e-21,  0.0242664  ])
328373  , -1632.5     , array([ 1.43202    ,  0.0677623  ,  1.43195e-78,  2.17994e-21,  0.0242906  ])
328374  , -1632.49    , array([ 1.43202    ,  0.0677623  ,  1.43195e-78,  2.17994e-21,  0.0242664  ])
328375  , -1632.49    , array([ 1.43202    ,  0.0677623  ,  1.43195e-78,  2.17994e-21,  0.0242664  ])
328376  , -1632.49    , array([ 1.43345    ,  0.0677623  ,  1.43195e-78,  2.17994e-21,  0.0242664  ])
328377  , -1632.49    , array([ 1.43202    ,  0.0678301  ,  1.43195e-78,  2.17994e-21,  0.0242664  ])
328378  , -1632.49    , array([ 1.43202    ,  0.0677623  ,  1.43339e-78,  2.17994e-21,  0.0242664  ])
328379  , -1632.49    , array([ 1.43202    ,  0.0677623  ,  1.43195e-78,  2.18212e-21,  0.0242664  ])
328380  , -1632.5     , array([ 1.43202    ,  0.0677623  ,  1.43195e-78,  2.17994e-21,  0.0242906  ])
328381  , -1632.49    , array([ 1.43202    ,  0.0677623  ,  1.43195e-78,  2.17994e-21,  0.0242664  ])
328382  , -1632.49    , array([ 1.43202    ,  0.0677623  ,  1.43195e-78,  2.17994e-21,  0.0242664  ])
328383  , -1632.49    , array([ 1.43345    ,  0.0677623  ,  1.43195e-78,  2.17994e-21,  0.0242664  ])
328384  , -1632.49    , array([ 1.43202    ,  0.0678301  ,  1.43195e-78,  2.17994e-21,  0.0242664  ])
328385  , -1632.49    , array([ 1.43202    ,  0.0677623  ,  1.43339e-78,  2.17994e-21,  0.0242664  ])
328386  , -1632.49    , array([ 1.43202    ,  0.0677623  ,  1.43195e-78,  2.18212e-21,  0.0242664  ])
328387  , -1632.5     , array([ 1.43202    ,  0.0677623  ,  1.43195e-78,  2.17994e-21,  0.0242906  ])
328388  , -1632.49    , array([ 1.43202    ,  0.0677623  ,  1.43195e-78,  2.17994e-21,  0.0242664  ])
328389  , -1632.49    , array([ 1.43202    ,  0.0677623  ,  1.43195e-78,  2.17994e-21,  0.0242664  ])
328390  , -1632.49    , array([ 1.43345    ,  0.0677623  ,  1.43195e-78,  2.17994e-21,  0.0242664  ])
328391  , -1632.49    , array([ 1.43202    ,  0.0678301  ,  1.43195e-78,  2.17994e-21,  0.0242664  ])
328392  , -1632.49    , array([ 1.43202    ,  0.0677623  ,  1.43339e-78,  2.17994e-21,  0.0242664  ])
328393  , -1632.49    , array([ 1.43202    ,  0.0677623  ,  1.43195e-78,  2.18212e-21,  0.0242664  ])
328394  , -1632.5     , array([ 1.43202    ,  0.0677623  ,  1.43195e-78,  2.17994e-21,  0.0242906  ])
328395  , -1632.49    , array([ 1.43202    ,  0.0677623  ,  1.43195e-78,  2.17994e-21,  0.0242664  ])
328396  , -1632.49    , array([ 1.43202    ,  0.0677623  ,  1.43195e-78,  2.17994e-21,  0.0242664  ])
328397  , -1632.49    , array([ 1.43345    ,  0.0677623  ,  1.43195e-78,  2.17994e-21,  0.0242664  ])
328398  , -1632.49    , array([ 1.43202    ,  0.0678301  ,  1.43195e-78,  2.17994e-21,  0.0242664  ])
328399  , -1632.49    , array([ 1.43202    ,  0.0677623  ,  1.43339e-78,  2.17994e-21,  0.0242664  ])
328400  , -1632.49    , array([ 1.43202    ,  0.0677623  ,  1.43195e-78,  2.18212e-21,  0.0242664  ])
328401  , -1632.5     , array([ 1.43202    ,  0.0677623  ,  1.43195e-78,  2.17994e-21,  0.0242906  ])
328402  , -1632.49    , array([ 1.43202    ,  0.0677623  ,  1.43195e-78,  2.17994e-21,  0.0242664  ])
328403  , -1632.49    , array([ 1.43202    ,  0.0677623  ,  1.43195e-78,  2.17994e-21,  0.0242664  ])
328404  , -1632.49    , array([ 1.43345    ,  0.0677623  ,  1.43195e-78,  2.17994e-21,  0.0242664  ])
328405  , -1632.49    , array([ 1.43202    ,  0.0678301  ,  1.43195e-78,  2.17994e-21,  0.0242664  ])
328406  , -1632.49    , array([ 1.43202    ,  0.0677623  ,  1.43339e-78,  2.17994e-21,  0.0242664  ])
328407  , -1632.49    , array([ 1.43202    ,  0.0677623  ,  1.43195e-78,  2.18212e-21,  0.0242664  ])
328408  , -1632.5     , array([ 1.43202    ,  0.0677623  ,  1.43195e-78,  2.17994e-21,  0.0242906  ])
328409  , -1632.49    , array([ 1.43202    ,  0.0677623  ,  1.43195e-78,  2.17994e-21,  0.0242664  ])
328410  , -1632.49    , array([ 1.43202    ,  0.0677623  ,  1.43195e-78,  2.17994e-21,  0.0242664  ])
328411  , -1632.49    , array([ 1.43345    ,  0.0677623  ,  1.43195e-78,  2.17994e-21,  0.0242664  ])
328412  , -1632.49    , array([ 1.43202    ,  0.0678301  ,  1.43195e-78,  2.17994e-21,  0.0242664  ])
328413  , -1632.49    , array([ 1.43202    ,  0.0677623  ,  1.43339e-78,  2.17994e-21,  0.0242664  ])
328414  , -1632.49    , array([ 1.43202    ,  0.0677623  ,  1.43195e-78,  2.18212e-21,  0.0242664  ])
328415  , -1632.5     , array([ 1.43202    ,  0.0677623  ,  1.43195e-78,  2.17994e-21,  0.0242906  ])
328416  , -1632.49    , array([ 1.43202    ,  0.0677623  ,  1.43195e-78,  2.17994e-21,  0.0242664  ])
328417  , -1632.49    , array([ 1.43202    ,  0.0677623  ,  1.43195e-78,  2.17994e-21,  0.0242664  ])
328418  , -1632.49    , array([ 1.43345    ,  0.0677623  ,  1.43195e-78,  2.17994e-21,  0.0242664  ])
328419  , -1632.49    , array([ 1.43202    ,  0.0678301  ,  1.43195e-78,  2.17994e-21,  0.0242664  ])
328420  , -1632.49    , array([ 1.43202    ,  0.0677623  ,  1.43339e-78,  2.17994e-21,  0.0242664  ])
328421  , -1632.49    , array([ 1.43202    ,  0.0677623  ,  1.43195e-78,  2.18212e-21,  0.0242664  ])
328422  , -1632.5     , array([ 1.43202    ,  0.0677623  ,  1.43195e-78,  2.17994e-21,  0.0242906  ])
328423  , -1632.53    , array([ 1.43622    ,  0.0676741  ,  1.43195e-78,  2.17994e-21,  0.0242351  ])
328424  , -1632.5     , array([ 1.43251    ,  0.0677518  ,  1.43195e-78,  2.17994e-21,  0.0242627  ])
328425  , -1632.49    , array([ 1.43208    ,  0.0677609  ,  1.43195e-78,  2.17994e-21,  0.0242659  ])
328426  , -1632.49    , array([ 1.43203    ,  0.0677621  ,  1.43195e-78,  2.17994e-21,  0.0242663  ])
328427  , -1632.49    , array([ 1.43202    ,  0.0677622  ,  1.43195e-78,  2.17994e-21,  0.0242664  ])
328428  , -1632.49    , array([ 1.43202    ,  0.0677623  ,  1.43195e-78,  2.17994e-21,  0.0242664  ])
328429  , -1632.49    , array([ 1.43202    ,  0.0677623  ,  1.43195e-78,  2.17994e-21,  0.0242664  ])
328430  , -1632.49    , array([ 1.43202    ,  0.0677623  ,  1.43195e-78,  2.17994e-21,  0.0242664  ])
328431  , -1632.49    , array([ 1.43202    ,  0.0677623  ,  1.43195e-78,  2.17994e-21,  0.0242664  ])
328432  , -1632.49    , array([ 1.43202    ,  0.0677623  ,  1.43195e-78,  2.17994e-21,  0.0242664  ])
328433  , -1632.49    , array([ 1.43202    ,  0.0677623  ,  1.43195e-78,  2.17994e-21,  0.0242664  ])
328434  , -1632.49    , array([ 1.43202    ,  0.0677623  ,  1.43195e-78,  2.17994e-21,  0.0242664  ])
