119008  , -79089.4    , array([ 0.293202   ,  0.635843   ,  1.35203e-14,  1.37249e-48,  1.09254e-10])
119009  , -79089.4    , array([ 0.293496   ,  0.635843   ,  1.35203e-14,  1.37249e-48,  1.09254e-10])
119010  , -79089.4    , array([ 0.293202   ,  0.63648    ,  1.35203e-14,  1.37249e-48,  1.09254e-10])
119011  , -79089.4    , array([ 0.293202   ,  0.635843   ,  1.35338e-14,  1.37249e-48,  1.09254e-10])
119012  , -79089.4    , array([ 0.293202   ,  0.635843   ,  1.35203e-14,  1.37386e-48,  1.09254e-10])
119013  , -79089.4    , array([ 0.293202   ,  0.635843   ,  1.35203e-14,  1.37249e-48,  1.09363e-10])
119014  , -79089.4    , array([ 0.293202   ,  0.635843   ,  1.35203e-14,  1.37249e-48,  1.09254e-10])
119015  , -79089.4    , array([ 0.293115   ,  0.635715   ,  1.35203e-14,  1.37249e-48,  1.09309e-10])
119016  , -79089.4    , array([ 0.293115   ,  0.635715   ,  1.35203e-14,  1.37249e-48,  1.09309e-10])
119017  , -79089.4    , array([ 0.293408   ,  0.635715   ,  1.35203e-14,  1.37249e-48,  1.09309e-10])
119018  , -79089.4    , array([ 0.293115   ,  0.636351   ,  1.35203e-14,  1.37249e-48,  1.09309e-10])
119019  , -79089.4    , array([ 0.293115   ,  0.635715   ,  1.35338e-14,  1.37249e-48,  1.09309e-10])
119020  , -79089.4    , array([ 0.293115   ,  0.635715   ,  1.35203e-14,  1.37386e-48,  1.09309e-10])
119021  , -79089.4    , array([ 0.293115   ,  0.635715   ,  1.35203e-14,  1.37249e-48,  1.09418e-10])
119022  , -79089.4    , array([ 0.292767   ,  0.635202   ,  1.35203e-14,  1.37249e-48,  1.09528e-10])
119023  , -79089.4    , array([ 0.292767   ,  0.635202   ,  1.35203e-14,  1.37249e-48,  1.09528e-10])
119024  , -79089.4    , array([ 0.293059   ,  0.635202   ,  1.35203e-14,  1.37249e-48,  1.09528e-10])
119025  , -79089.4    , array([ 0.292767   ,  0.635838   ,  1.35203e-14,  1.37249e-48,  1.09528e-10])
119026  , -79089.4    , array([ 0.292767   ,  0.635202   ,  1.35338e-14,  1.37249e-48,  1.09528e-10])
119027  , -79089.4    , array([ 0.292767   ,  0.635202   ,  1.35203e-14,  1.37386e-48,  1.09528e-10])
119028  , -79089.4    , array([ 0.292767   ,  0.635202   ,  1.35203e-14,  1.37249e-48,  1.09638e-10])
119029  , -79089.4    , array([ 0.291377   ,  0.633155   ,  1.35203e-14,  1.37249e-48,  1.10411e-10])
119030  , -79089.4    , array([ 0.291377   ,  0.633155   ,  1.35203e-14,  1.37249e-48,  1.10411e-10])
119031  , -79089.4    , array([ 0.291668   ,  0.633155   ,  1.35203e-14,  1.37249e-48,  1.10411e-10])
119032  , -79089.4    , array([ 0.291377   ,  0.633789   ,  1.35203e-14,  1.37249e-48,  1.10411e-10])
119033  , -79089.4    , array([ 0.291377   ,  0.633155   ,  1.35338e-14,  1.37249e-48,  1.10411e-10])
119034  , -79089.4    , array([ 0.291377   ,  0.633155   ,  1.35203e-14,  1.37386e-48,  1.10411e-10])
119035  , -79089.4    , array([ 0.291377   ,  0.633155   ,  1.35203e-14,  1.37249e-48,  1.10521e-10])
119036  , -79089.4    , array([ 0.285882   ,  0.625033   ,  1.35203e-14,  1.37249e-48,  1.14013e-10])
119037  , -79089.4    , array([ 0.285882   ,  0.625033   ,  1.35203e-14,  1.37249e-48,  1.14013e-10])
119038  , -79089.4    , array([ 0.286168   ,  0.625033   ,  1.35203e-14,  1.37249e-48,  1.14013e-10])
119039  , -79089.4    , array([ 0.285882   ,  0.625658   ,  1.35203e-14,  1.37249e-48,  1.14013e-10])
119040  , -79089.4    , array([ 0.285882   ,  0.625033   ,  1.35338e-14,  1.37249e-48,  1.14013e-10])
119041  , -79089.4    , array([ 0.285882   ,  0.625033   ,  1.35203e-14,  1.37386e-48,  1.14013e-10])
119042  , -79089.4    , array([ 0.285882   ,  0.625033   ,  1.35203e-14,  1.37249e-48,  1.14127e-10])
119043  , -79089.4    , array([ 0.264922   ,  0.593571   ,  1.35203e-14,  1.37249e-48,  1.29637e-10])
119044  , -79089.4    , array([ 0.264922   ,  0.593571   ,  1.35203e-14,  1.37249e-48,  1.29637e-10])
119045  , -79089.4    , array([ 0.265187   ,  0.593571   ,  1.35203e-14,  1.37249e-48,  1.29637e-10])
119046  , -79089.4    , array([ 0.264922   ,  0.594165   ,  1.35203e-14,  1.37249e-48,  1.29637e-10])
119047  , -79089.4    , array([ 0.264922   ,  0.593571   ,  1.35338e-14,  1.37249e-48,  1.29637e-10])
119048  , -79089.4    , array([ 0.264922   ,  0.593571   ,  1.35203e-14,  1.37386e-48,  1.29637e-10])
119049  , -79089.4    , array([ 0.264922   ,  0.593571   ,  1.35203e-14,  1.37249e-48,  1.29767e-10])
119050  , -79089.4    , array([ 0.195362   ,  0.482783   ,  1.35203e-14,  1.37249e-48,  2.16685e-10])
119051  , -79089.4    , array([ 0.195362   ,  0.482783   ,  1.35203e-14,  1.37249e-48,  2.16685e-10])
119052  , -79089.4    , array([ 0.195558   ,  0.482783   ,  1.35203e-14,  1.37249e-48,  2.16685e-10])
119053  , -79089.4    , array([ 0.195362   ,  0.483266   ,  1.35203e-14,  1.37249e-48,  2.16685e-10])
119054  , -79089.4    , array([ 0.195362   ,  0.482783   ,  1.35338e-14,  1.37249e-48,  2.16685e-10])
119055  , -79089.4    , array([ 0.195362   ,  0.482783   ,  1.35203e-14,  1.37386e-48,  2.16685e-10])
119056  , -79089.4    , array([ 0.195362   ,  0.482783   ,  1.35203e-14,  1.37249e-48,  2.16902e-10])
119057  , -79089.4    , array([ 0.0577739  ,  0.211285   ,  1.35203e-14,  1.37249e-48,  1.6913e-09 ])
119058  , -79089.4    , array([ 0.0577739  ,  0.211285   ,  1.35203e-14,  1.37249e-48,  1.6913e-09 ])
119059  , -79089.4    , array([ 0.0578317  ,  0.211285   ,  1.35203e-14,  1.37249e-48,  1.6913e-09 ])
119060  , -79089.4    , array([ 0.0577739  ,  0.211496   ,  1.35203e-14,  1.37249e-48,  1.6913e-09 ])
119061  , -79089.4    , array([ 0.0577739  ,  0.211285   ,  1.35338e-14,  1.37249e-48,  1.6913e-09 ])
119062  , -79089.4    , array([ 0.0577739  ,  0.211285   ,  1.35203e-14,  1.37386e-48,  1.6913e-09 ])
119063  , -79089.4    , array([ 0.0577739  ,  0.211285   ,  1.35203e-14,  1.37249e-48,  1.69299e-09])
119071  , -79089.4    , array([ 0.0577739  ,  0.211285   ,  1.35203e-14,  1.37249e-48,  1.6913e-09 ])
119072  , -79089.4    , array([ 0.0577739  ,  0.211285   ,  1.35203e-14,  1.37249e-48,  1.6913e-09 ])
119073  , -79089.4    , array([ 0.0578317  ,  0.211285   ,  1.35203e-14,  1.37249e-48,  1.6913e-09 ])
119074  , -79089.4    , array([ 0.0577739  ,  0.211496   ,  1.35203e-14,  1.37249e-48,  1.6913e-09 ])
119075  , -79089.4    , array([ 0.0577739  ,  0.211285   ,  1.35338e-14,  1.37249e-48,  1.6913e-09 ])
119076  , -79089.4    , array([ 0.0577739  ,  0.211285   ,  1.35203e-14,  1.37386e-48,  1.6913e-09 ])
119077  , -79089.4    , array([ 0.0577739  ,  0.211285   ,  1.35203e-14,  1.37249e-48,  1.693e-09  ])
119078  , -79089.4    , array([ 0.0577739  ,  0.211285   ,  1.35203e-14,  1.37249e-48,  1.6913e-09 ])
119079  , -79089.4    , array([ 0.0577739  ,  0.211285   ,  1.35203e-14,  1.37249e-48,  1.6913e-09 ])
119080  , -79089.4    , array([ 0.0578317  ,  0.211285   ,  1.35203e-14,  1.37249e-48,  1.6913e-09 ])
119081  , -79089.4    , array([ 0.0577739  ,  0.211496   ,  1.35203e-14,  1.37249e-48,  1.6913e-09 ])
119082  , -79089.4    , array([ 0.0577739  ,  0.211285   ,  1.35338e-14,  1.37249e-48,  1.6913e-09 ])
119083  , -79089.4    , array([ 0.0577739  ,  0.211285   ,  1.35203e-14,  1.37386e-48,  1.6913e-09 ])
119084  , -79089.4    , array([ 0.0577739  ,  0.211285   ,  1.35203e-14,  1.37249e-48,  1.693e-09  ])
119085  , -79070.2    , array([ 0.00505258 ,  0.0404671  ,  1.35203e-14,  1.37249e-48,  1.0304e-07 ])
119086  , -79070.2    , array([ 0.00505258 ,  0.0404671  ,  1.35203e-14,  1.37249e-48,  1.0304e-07 ])
119087  , -79070.2    , array([ 0.00505763 ,  0.0404671  ,  1.35203e-14,  1.37249e-48,  1.0304e-07 ])
119088  , -79070.2    , array([ 0.00505258 ,  0.0405076  ,  1.35203e-14,  1.37249e-48,  1.0304e-07 ])
119089  , -79070.2    , array([ 0.00505258 ,  0.0404671  ,  1.35338e-14,  1.37249e-48,  1.0304e-07 ])
119090  , -79070.2    , array([ 0.00505258 ,  0.0404671  ,  1.35203e-14,  1.37386e-48,  1.0304e-07 ])
119091  , -79070.2    , array([ 0.00505258 ,  0.0404671  ,  1.35203e-14,  1.37249e-48,  1.03143e-07])
119092  , -79070.2    , array([ 0.00505258 ,  0.0404671  ,  1.35203e-14,  1.37249e-48,  1.0304e-07 ])
119093  , -79070.2    , array([ 0.00505258 ,  0.0404671  ,  1.35203e-14,  1.37249e-48,  1.0304e-07 ])
119094  , -79070.2    , array([ 0.00505763 ,  0.0404671  ,  1.35203e-14,  1.37249e-48,  1.0304e-07 ])
119095  , -79070.2    , array([ 0.00505258 ,  0.0405076  ,  1.35203e-14,  1.37249e-48,  1.0304e-07 ])
119096  , -79070.2    , array([ 0.00505258 ,  0.0404671  ,  1.35338e-14,  1.37249e-48,  1.0304e-07 ])
119097  , -79070.2    , array([ 0.00505258 ,  0.0404671  ,  1.35203e-14,  1.37386e-48,  1.0304e-07 ])
119098  , -79070.2    , array([ 0.00505258 ,  0.0404671  ,  1.35203e-14,  1.37249e-48,  1.03143e-07])
119099  , -79070.2    , array([ 0.00505257 ,  0.0404671  ,  1.35203e-14,  1.37249e-48,  1.0304e-07 ])
119100  , -79070.2    , array([ 0.00505257 ,  0.0404671  ,  1.35203e-14,  1.37249e-48,  1.0304e-07 ])
119101  , -79070.2    , array([ 0.00505763 ,  0.0404671  ,  1.35203e-14,  1.37249e-48,  1.0304e-07 ])
119102  , -79070.2    , array([ 0.00505257 ,  0.0405076  ,  1.35203e-14,  1.37249e-48,  1.0304e-07 ])
119103  , -79070.2    , array([ 0.00505257 ,  0.0404671  ,  1.35338e-14,  1.37249e-48,  1.0304e-07 ])
119104  , -79070.2    , array([ 0.00505257 ,  0.0404671  ,  1.35203e-14,  1.37386e-48,  1.0304e-07 ])
119105  , -79070.2    , array([ 0.00505257 ,  0.0404671  ,  1.35203e-14,  1.37249e-48,  1.03144e-07])
119106  , -78610.1    , array([ 0.00149418 ,  0.01771    ,  1.35203e-14,  1.37249e-48,  8.04267e-07])
119107  , -78610.1    , array([ 0.00149418 ,  0.01771    ,  1.35203e-14,  1.37249e-48,  8.04267e-07])
119108  , -78610.6    , array([ 0.00149568 ,  0.01771    ,  1.35203e-14,  1.37249e-48,  8.04267e-07])
119109  , -78610.2    , array([ 0.00149418 ,  0.0177277  ,  1.35203e-14,  1.37249e-48,  8.04267e-07])
119110  , -78610.1    , array([ 0.00149418 ,  0.01771    ,  1.35338e-14,  1.37249e-48,  8.04267e-07])
119111  , -78610.1    , array([ 0.00149418 ,  0.01771    ,  1.35203e-14,  1.37386e-48,  8.04267e-07])
119112  , -78609.7    , array([ 0.00149418 ,  0.01771    ,  1.35203e-14,  1.37249e-48,  8.05072e-07])
119113  , -78610.1    , array([ 0.00149418 ,  0.01771    ,  1.35203e-14,  1.37249e-48,  8.04271e-07])
119114  , -78610.1    , array([ 0.00149418 ,  0.01771    ,  1.35203e-14,  1.37249e-48,  8.04271e-07])
119115  , -78610.6    , array([ 0.00149567 ,  0.01771    ,  1.35203e-14,  1.37249e-48,  8.04271e-07])
119116  , -78610.2    , array([ 0.00149418 ,  0.0177277  ,  1.35203e-14,  1.37249e-48,  8.04271e-07])
119117  , -78610.1    , array([ 0.00149418 ,  0.01771    ,  1.35338e-14,  1.37249e-48,  8.04271e-07])
119118  , -78610.1    , array([ 0.00149418 ,  0.01771    ,  1.35203e-14,  1.37386e-48,  8.04271e-07])
119119  , -78609.7    , array([ 0.00149418 ,  0.01771    ,  1.35203e-14,  1.37249e-48,  8.05076e-07])
119120  , -78610.1    , array([ 0.00149417 ,  0.01771    ,  1.35203e-14,  1.37249e-48,  8.04276e-07])
119121  , -78610.1    , array([ 0.00149417 ,  0.01771    ,  1.35203e-14,  1.37249e-48,  8.04276e-07])
119122  , -78610.5    , array([ 0.00149567 ,  0.01771    ,  1.35203e-14,  1.37249e-48,  8.04276e-07])
119123  , -78610.2    , array([ 0.00149417 ,  0.0177277  ,  1.35203e-14,  1.37249e-48,  8.04276e-07])
119124  , -78610.1    , array([ 0.00149417 ,  0.01771    ,  1.35338e-14,  1.37249e-48,  8.04276e-07])
119125  , -78610.1    , array([ 0.00149417 ,  0.01771    ,  1.35203e-14,  1.37386e-48,  8.04276e-07])
119126  , -78609.7    , array([ 0.00149417 ,  0.01771    ,  1.35203e-14,  1.37249e-48,  8.0508e-07 ])
119134  , -78610.1    , array([ 0.00149417 ,  0.0177099  ,  1.35203e-14,  1.37249e-48,  8.04277e-07])
119135  , -78610.1    , array([ 0.00149417 ,  0.0177099  ,  1.35203e-14,  1.37249e-48,  8.04277e-07])
119136  , -78610.5    , array([ 0.00149567 ,  0.0177099  ,  1.35203e-14,  1.37249e-48,  8.04277e-07])
119137  , -78610.2    , array([ 0.00149417 ,  0.0177277  ,  1.35203e-14,  1.37249e-48,  8.04277e-07])
119138  , -78610.1    , array([ 0.00149417 ,  0.0177099  ,  1.35338e-14,  1.37249e-48,  8.04277e-07])
119139  , -78610.1    , array([ 0.00149417 ,  0.0177099  ,  1.35203e-14,  1.37386e-48,  8.04277e-07])
119140  , -78609.7    , array([ 0.00149417 ,  0.0177099  ,  1.35203e-14,  1.37249e-48,  8.05081e-07])
119141  , -78610.1    , array([ 0.00149417 ,  0.0177099  ,  1.35203e-14,  1.37249e-48,  8.04278e-07])
119142  , -78610.1    , array([ 0.00149417 ,  0.0177099  ,  1.35203e-14,  1.37249e-48,  8.04278e-07])
119143  , -78610.5    , array([ 0.00149567 ,  0.0177099  ,  1.35203e-14,  1.37249e-48,  8.04278e-07])
119144  , -78610.2    , array([ 0.00149417 ,  0.0177277  ,  1.35203e-14,  1.37249e-48,  8.04278e-07])
119145  , -78610.1    , array([ 0.00149417 ,  0.0177099  ,  1.35338e-14,  1.37249e-48,  8.04278e-07])
119146  , -78610.1    , array([ 0.00149417 ,  0.0177099  ,  1.35203e-14,  1.37386e-48,  8.04278e-07])
119147  , -78609.6    , array([ 0.00149417 ,  0.0177099  ,  1.35203e-14,  1.37249e-48,  8.05082e-07])
119148  , -78025.2    , array([ 0.00110185 ,  0.0144045  ,  1.35203e-14,  1.37249e-48,  1.34432e-06])
119149  , -78025.2    , array([ 0.00110185 ,  0.0144045  ,  1.35203e-14,  1.37249e-48,  1.34432e-06])
119150  , -78026.2    , array([ 0.00110296 ,  0.0144045  ,  1.35203e-14,  1.37249e-48,  1.34432e-06])
119151  , -78025.3    , array([ 0.00110185 ,  0.0144189  ,  1.35203e-14,  1.37249e-48,  1.34432e-06])
119152  , -78025.2    , array([ 0.00110185 ,  0.0144045  ,  1.35338e-14,  1.37249e-48,  1.34432e-06])
119153  , -78025.2    , array([ 0.00110185 ,  0.0144045  ,  1.35203e-14,  1.37386e-48,  1.34432e-06])
119154  , -78024.2    , array([ 0.00110185 ,  0.0144045  ,  1.35203e-14,  1.37249e-48,  1.34566e-06])
119155  , -78025.2    , array([ 0.00110185 ,  0.0144045  ,  1.35203e-14,  1.37249e-48,  1.34432e-06])
119156  , -78025.2    , array([ 0.00110185 ,  0.0144045  ,  1.35203e-14,  1.37249e-48,  1.34432e-06])
119157  , -78026.2    , array([ 0.00110296 ,  0.0144045  ,  1.35203e-14,  1.37249e-48,  1.34432e-06])
119158  , -78025.3    , array([ 0.00110185 ,  0.0144189  ,  1.35203e-14,  1.37249e-48,  1.34432e-06])
119159  , -78025.2    , array([ 0.00110185 ,  0.0144045  ,  1.35338e-14,  1.37249e-48,  1.34432e-06])
119160  , -78025.2    , array([ 0.00110185 ,  0.0144045  ,  1.35203e-14,  1.37386e-48,  1.34432e-06])
119161  , -78024.2    , array([ 0.00110185 ,  0.0144045  ,  1.35203e-14,  1.37249e-48,  1.34567e-06])
119162  , -78025.2    , array([ 0.00110185 ,  0.0144045  ,  1.35203e-14,  1.37249e-48,  1.34432e-06])
119163  , -78025.2    , array([ 0.00110185 ,  0.0144045  ,  1.35203e-14,  1.37249e-48,  1.34432e-06])
119164  , -78026.2    , array([ 0.00110296 ,  0.0144045  ,  1.35203e-14,  1.37249e-48,  1.34432e-06])
119165  , -78025.3    , array([ 0.00110185 ,  0.0144189  ,  1.35203e-14,  1.37249e-48,  1.34432e-06])
119166  , -78025.2    , array([ 0.00110185 ,  0.0144045  ,  1.35338e-14,  1.37249e-48,  1.34432e-06])
119167  , -78025.2    , array([ 0.00110185 ,  0.0144045  ,  1.35203e-14,  1.37386e-48,  1.34432e-06])
119168  , -78024.2    , array([ 0.00110185 ,  0.0144045  ,  1.35203e-14,  1.37249e-48,  1.34567e-06])
119176  , -78025.2    , array([ 0.00110185 ,  0.0144044  ,  1.35203e-14,  1.37249e-48,  1.34432e-06])
119177  , -78025.2    , array([ 0.00110185 ,  0.0144044  ,  1.35203e-14,  1.37249e-48,  1.34432e-06])
119178  , -78026.2    , array([ 0.00110296 ,  0.0144044  ,  1.35203e-14,  1.37249e-48,  1.34432e-06])
119179  , -78025.3    , array([ 0.00110185 ,  0.0144189  ,  1.35203e-14,  1.37249e-48,  1.34432e-06])
119180  , -78025.2    , array([ 0.00110185 ,  0.0144044  ,  1.35338e-14,  1.37249e-48,  1.34432e-06])
119181  , -78025.2    , array([ 0.00110185 ,  0.0144044  ,  1.35203e-14,  1.37386e-48,  1.34432e-06])
119182  , -78024.2    , array([ 0.00110185 ,  0.0144044  ,  1.35203e-14,  1.37249e-48,  1.34567e-06])
119183  , -78025.2    , array([ 0.00110185 ,  0.0144044  ,  1.35203e-14,  1.37249e-48,  1.34432e-06])
119184  , -78025.2    , array([ 0.00110185 ,  0.0144044  ,  1.35203e-14,  1.37249e-48,  1.34432e-06])
119185  , -78026.2    , array([ 0.00110296 ,  0.0144044  ,  1.35203e-14,  1.37249e-48,  1.34432e-06])
119186  , -78025.3    , array([ 0.00110185 ,  0.0144189  ,  1.35203e-14,  1.37249e-48,  1.34432e-06])
119187  , -78025.2    , array([ 0.00110185 ,  0.0144044  ,  1.35338e-14,  1.37249e-48,  1.34432e-06])
119188  , -78025.2    , array([ 0.00110185 ,  0.0144044  ,  1.35203e-14,  1.37386e-48,  1.34432e-06])
119189  , -78024.2    , array([ 0.00110185 ,  0.0144044  ,  1.35203e-14,  1.37249e-48,  1.34567e-06])
119190  , -77792.2    , array([ 0.00102107 ,  0.0136794  ,  1.35203e-14,  1.37249e-48,  1.52854e-06])
119191  , -77792.2    , array([ 0.00102107 ,  0.0136794  ,  1.35203e-14,  1.37249e-48,  1.52854e-06])
119192  , -77793.4    , array([ 0.00102209 ,  0.0136794  ,  1.35203e-14,  1.37249e-48,  1.52854e-06])
119193  , -77792.4    , array([ 0.00102107 ,  0.0136931  ,  1.35203e-14,  1.37249e-48,  1.52854e-06])
119194  , -77792.2    , array([ 0.00102107 ,  0.0136794  ,  1.35338e-14,  1.37249e-48,  1.52854e-06])
119195  , -77792.2    , array([ 0.00102107 ,  0.0136794  ,  1.35203e-14,  1.37386e-48,  1.52854e-06])
119196  , -77791      , array([ 0.00102107 ,  0.0136794  ,  1.35203e-14,  1.37249e-48,  1.53007e-06])
119197  , -77792.2    , array([ 0.00102107 ,  0.0136794  ,  1.35203e-14,  1.37249e-48,  1.52854e-06])
119198  , -77792.2    , array([ 0.00102107 ,  0.0136794  ,  1.35203e-14,  1.37249e-48,  1.52854e-06])
119199  , -77793.4    , array([ 0.00102209 ,  0.0136794  ,  1.35203e-14,  1.37249e-48,  1.52854e-06])
119200  , -77792.4    , array([ 0.00102107 ,  0.0136931  ,  1.35203e-14,  1.37249e-48,  1.52854e-06])
119201  , -77792.2    , array([ 0.00102107 ,  0.0136794  ,  1.35338e-14,  1.37249e-48,  1.52854e-06])
119202  , -77792.2    , array([ 0.00102107 ,  0.0136794  ,  1.35203e-14,  1.37386e-48,  1.52854e-06])
119203  , -77791      , array([ 0.00102107 ,  0.0136794  ,  1.35203e-14,  1.37249e-48,  1.53007e-06])
119204  , -77792.2    , array([ 0.00102107 ,  0.0136794  ,  1.35203e-14,  1.37249e-48,  1.52854e-06])
119205  , -77792.2    , array([ 0.00102107 ,  0.0136794  ,  1.35203e-14,  1.37249e-48,  1.52854e-06])
119206  , -77793.4    , array([ 0.00102209 ,  0.0136794  ,  1.35203e-14,  1.37249e-48,  1.52854e-06])
119207  , -77792.4    , array([ 0.00102107 ,  0.0136931  ,  1.35203e-14,  1.37249e-48,  1.52854e-06])
119208  , -77792.2    , array([ 0.00102107 ,  0.0136794  ,  1.35338e-14,  1.37249e-48,  1.52854e-06])
119209  , -77792.2    , array([ 0.00102107 ,  0.0136794  ,  1.35203e-14,  1.37386e-48,  1.52854e-06])
119210  , -77791      , array([ 0.00102107 ,  0.0136794  ,  1.35203e-14,  1.37249e-48,  1.53007e-06])
119218  , -77792.2    , array([ 0.00102107 ,  0.0136794  ,  1.35203e-14,  1.37249e-48,  1.52854e-06])
119219  , -77792.2    , array([ 0.00102107 ,  0.0136794  ,  1.35203e-14,  1.37249e-48,  1.52854e-06])
119220  , -77793.4    , array([ 0.00102209 ,  0.0136794  ,  1.35203e-14,  1.37249e-48,  1.52854e-06])
119221  , -77792.4    , array([ 0.00102107 ,  0.0136931  ,  1.35203e-14,  1.37249e-48,  1.52854e-06])
119222  , -77792.2    , array([ 0.00102107 ,  0.0136794  ,  1.35338e-14,  1.37249e-48,  1.52854e-06])
119223  , -77792.2    , array([ 0.00102107 ,  0.0136794  ,  1.35203e-14,  1.37386e-48,  1.52854e-06])
119224  , -77791      , array([ 0.00102107 ,  0.0136794  ,  1.35203e-14,  1.37249e-48,  1.53007e-06])
119225  , -77792.2    , array([ 0.00102107 ,  0.0136794  ,  1.35203e-14,  1.37249e-48,  1.52854e-06])
119226  , -77792.2    , array([ 0.00102107 ,  0.0136794  ,  1.35203e-14,  1.37249e-48,  1.52854e-06])
119227  , -77793.4    , array([ 0.00102209 ,  0.0136794  ,  1.35203e-14,  1.37249e-48,  1.52854e-06])
119228  , -77792.4    , array([ 0.00102107 ,  0.0136931  ,  1.35203e-14,  1.37249e-48,  1.52854e-06])
119229  , -77792.2    , array([ 0.00102107 ,  0.0136794  ,  1.35338e-14,  1.37249e-48,  1.52854e-06])
119230  , -77792.2    , array([ 0.00102107 ,  0.0136794  ,  1.35203e-14,  1.37386e-48,  1.52854e-06])
119231  , -77791      , array([ 0.00102107 ,  0.0136794  ,  1.35203e-14,  1.37249e-48,  1.53007e-06])
119232  , -77726.6    , array([ 0.00100181 ,  0.0135039  ,  1.35203e-14,  1.37249e-48,  1.57841e-06])
119233  , -77726.6    , array([ 0.00100181 ,  0.0135039  ,  1.35203e-14,  1.37249e-48,  1.57841e-06])
119234  , -77727.8    , array([ 0.00100282 ,  0.0135039  ,  1.35203e-14,  1.37249e-48,  1.57841e-06])
119235  , -77726.7    , array([ 0.00100181 ,  0.0135174  ,  1.35203e-14,  1.37249e-48,  1.57841e-06])
119236  , -77726.6    , array([ 0.00100181 ,  0.0135039  ,  1.35338e-14,  1.37249e-48,  1.57841e-06])
119237  , -77726.6    , array([ 0.00100181 ,  0.0135039  ,  1.35203e-14,  1.37386e-48,  1.57841e-06])
119238  , -77725.3    , array([ 0.00100181 ,  0.0135039  ,  1.35203e-14,  1.37249e-48,  1.57999e-06])
119239  , -77726.6    , array([ 0.00100181 ,  0.0135039  ,  1.35203e-14,  1.37249e-48,  1.57841e-06])
119240  , -77726.6    , array([ 0.00100181 ,  0.0135039  ,  1.35203e-14,  1.37249e-48,  1.57841e-06])
119241  , -77727.8    , array([ 0.00100282 ,  0.0135039  ,  1.35203e-14,  1.37249e-48,  1.57841e-06])
119242  , -77726.7    , array([ 0.00100181 ,  0.0135174  ,  1.35203e-14,  1.37249e-48,  1.57841e-06])
119243  , -77726.6    , array([ 0.00100181 ,  0.0135039  ,  1.35338e-14,  1.37249e-48,  1.57841e-06])
119244  , -77726.6    , array([ 0.00100181 ,  0.0135039  ,  1.35203e-14,  1.37386e-48,  1.57841e-06])
119245  , -77725.3    , array([ 0.00100181 ,  0.0135039  ,  1.35203e-14,  1.37249e-48,  1.57999e-06])
119246  , -77726.6    , array([ 0.00100181 ,  0.0135039  ,  1.35203e-14,  1.37249e-48,  1.57841e-06])
119247  , -77726.6    , array([ 0.00100181 ,  0.0135039  ,  1.35203e-14,  1.37249e-48,  1.57841e-06])
119248  , -77727.8    , array([ 0.00100282 ,  0.0135039  ,  1.35203e-14,  1.37249e-48,  1.57841e-06])
119249  , -77726.7    , array([ 0.00100181 ,  0.0135174  ,  1.35203e-14,  1.37249e-48,  1.57841e-06])
119250  , -77726.6    , array([ 0.00100181 ,  0.0135039  ,  1.35338e-14,  1.37249e-48,  1.57841e-06])
119251  , -77726.6    , array([ 0.00100181 ,  0.0135039  ,  1.35203e-14,  1.37386e-48,  1.57841e-06])
119252  , -77725.3    , array([ 0.00100181 ,  0.0135039  ,  1.35203e-14,  1.37249e-48,  1.57999e-06])
119260  , -77726.6    , array([ 0.00100181 ,  0.0135039  ,  1.35203e-14,  1.37249e-48,  1.57841e-06])
119261  , -77726.6    , array([ 0.00100181 ,  0.0135039  ,  1.35203e-14,  1.37249e-48,  1.57841e-06])
119262  , -77727.8    , array([ 0.00100282 ,  0.0135039  ,  1.35203e-14,  1.37249e-48,  1.57841e-06])
119263  , -77726.7    , array([ 0.00100181 ,  0.0135174  ,  1.35203e-14,  1.37249e-48,  1.57841e-06])
119264  , -77726.6    , array([ 0.00100181 ,  0.0135039  ,  1.35338e-14,  1.37249e-48,  1.57841e-06])
119265  , -77726.6    , array([ 0.00100181 ,  0.0135039  ,  1.35203e-14,  1.37386e-48,  1.57841e-06])
119266  , -77725.3    , array([ 0.00100181 ,  0.0135039  ,  1.35203e-14,  1.37249e-48,  1.57999e-06])
119267  , -77726.6    , array([ 0.00100181 ,  0.0135039  ,  1.35203e-14,  1.37249e-48,  1.57841e-06])
119268  , -77726.6    , array([ 0.00100181 ,  0.0135039  ,  1.35203e-14,  1.37249e-48,  1.57841e-06])
119269  , -77727.8    , array([ 0.00100282 ,  0.0135039  ,  1.35203e-14,  1.37249e-48,  1.57841e-06])
119270  , -77726.7    , array([ 0.00100181 ,  0.0135174  ,  1.35203e-14,  1.37249e-48,  1.57841e-06])
119271  , -77726.6    , array([ 0.00100181 ,  0.0135039  ,  1.35338e-14,  1.37249e-48,  1.57841e-06])
119272  , -77726.6    , array([ 0.00100181 ,  0.0135039  ,  1.35203e-14,  1.37386e-48,  1.57841e-06])
119273  , -77725.3    , array([ 0.00100181 ,  0.0135039  ,  1.35203e-14,  1.37249e-48,  1.57999e-06])
119281  , -77726.6    , array([ 0.00100181 ,  0.0135039  ,  1.35203e-14,  1.37249e-48,  1.57841e-06])
119282  , -77726.6    , array([ 0.00100181 ,  0.0135039  ,  1.35203e-14,  1.37249e-48,  1.57841e-06])
119283  , -77727.8    , array([ 0.00100282 ,  0.0135039  ,  1.35203e-14,  1.37249e-48,  1.57841e-06])
119284  , -77726.7    , array([ 0.00100181 ,  0.0135174  ,  1.35203e-14,  1.37249e-48,  1.57841e-06])
119285  , -77726.6    , array([ 0.00100181 ,  0.0135039  ,  1.35338e-14,  1.37249e-48,  1.57841e-06])
119286  , -77726.6    , array([ 0.00100181 ,  0.0135039  ,  1.35203e-14,  1.37386e-48,  1.57841e-06])
119287  , -77725.3    , array([ 0.00100181 ,  0.0135039  ,  1.35203e-14,  1.37249e-48,  1.57999e-06])
119288  , -77726.6    , array([ 0.00100181 ,  0.0135039  ,  1.35203e-14,  1.37249e-48,  1.57841e-06])
119289  , -77726.6    , array([ 0.00100181 ,  0.0135039  ,  1.35203e-14,  1.37249e-48,  1.57841e-06])
119290  , -77727.8    , array([ 0.00100282 ,  0.0135039  ,  1.35203e-14,  1.37249e-48,  1.57841e-06])
119291  , -77726.7    , array([ 0.00100181 ,  0.0135174  ,  1.35203e-14,  1.37249e-48,  1.57841e-06])
119292  , -77726.6    , array([ 0.00100181 ,  0.0135039  ,  1.35338e-14,  1.37249e-48,  1.57841e-06])
119293  , -77726.6    , array([ 0.00100181 ,  0.0135039  ,  1.35203e-14,  1.37386e-48,  1.57841e-06])
119294  , -77725.3    , array([ 0.00100181 ,  0.0135039  ,  1.35203e-14,  1.37249e-48,  1.57999e-06])
119297  , -77719.4    , array([ 0.00100043 ,  0.0134821  ,  1.35203e-14,  1.37249e-48,  1.58476e-06])
119302  , -77726.6    , array([ 0.00100181 ,  0.0135039  ,  1.35203e-14,  1.37249e-48,  1.57841e-06])
119303  , -77726.6    , array([ 0.00100181 ,  0.0135039  ,  1.35203e-14,  1.37249e-48,  1.57841e-06])
119304  , -77727.8    , array([ 0.00100282 ,  0.0135039  ,  1.35203e-14,  1.37249e-48,  1.57841e-06])
119305  , -77726.7    , array([ 0.00100181 ,  0.0135174  ,  1.35203e-14,  1.37249e-48,  1.57841e-06])
119306  , -77726.6    , array([ 0.00100181 ,  0.0135039  ,  1.35338e-14,  1.37249e-48,  1.57841e-06])
119307  , -77726.6    , array([ 0.00100181 ,  0.0135039  ,  1.35203e-14,  1.37386e-48,  1.57841e-06])
119308  , -77725.3    , array([ 0.00100181 ,  0.0135039  ,  1.35203e-14,  1.37249e-48,  1.57999e-06])
119309  , -77726.6    , array([ 0.00100181 ,  0.0135039  ,  1.35203e-14,  1.37249e-48,  1.57841e-06])
119310  , -77726.6    , array([ 0.00100181 ,  0.0135039  ,  1.35203e-14,  1.37249e-48,  1.57841e-06])
119311  , -77727.8    , array([ 0.00100282 ,  0.0135039  ,  1.35203e-14,  1.37249e-48,  1.57841e-06])
119312  , -77726.7    , array([ 0.00100181 ,  0.0135174  ,  1.35203e-14,  1.37249e-48,  1.57841e-06])
119313  , -77726.6    , array([ 0.00100181 ,  0.0135039  ,  1.35338e-14,  1.37249e-48,  1.57841e-06])
119314  , -77726.6    , array([ 0.00100181 ,  0.0135039  ,  1.35203e-14,  1.37386e-48,  1.57841e-06])
119315  , -77725.3    , array([ 0.00100181 ,  0.0135039  ,  1.35203e-14,  1.37249e-48,  1.57999e-06])
119316  , -77722.4    , array([ 0.00100062 ,  0.013493   ,  1.35203e-14,  1.37249e-48,  1.58158e-06])
119317  , -77722.4    , array([ 0.00100062 ,  0.013493   ,  1.35203e-14,  1.37249e-48,  1.58158e-06])
119318  , -77723.6    , array([ 0.00100162 ,  0.013493   ,  1.35203e-14,  1.37249e-48,  1.58158e-06])
119319  , -77722.5    , array([ 0.00100062 ,  0.0135065  ,  1.35203e-14,  1.37249e-48,  1.58158e-06])
119320  , -77722.4    , array([ 0.00100062 ,  0.013493   ,  1.35338e-14,  1.37249e-48,  1.58158e-06])
119321  , -77722.4    , array([ 0.00100062 ,  0.013493   ,  1.35203e-14,  1.37386e-48,  1.58158e-06])
119322  , -77721.1    , array([ 0.00100062 ,  0.013493   ,  1.35203e-14,  1.37249e-48,  1.58317e-06])
119323  , -77722.4    , array([ 0.00100062 ,  0.013493   ,  1.35203e-14,  1.37249e-48,  1.58158e-06])
119324  , -77722.4    , array([ 0.00100062 ,  0.013493   ,  1.35203e-14,  1.37249e-48,  1.58158e-06])
119325  , -77723.6    , array([ 0.00100162 ,  0.013493   ,  1.35203e-14,  1.37249e-48,  1.58158e-06])
119326  , -77722.5    , array([ 0.00100062 ,  0.0135065  ,  1.35203e-14,  1.37249e-48,  1.58158e-06])
119327  , -77722.4    , array([ 0.00100062 ,  0.013493   ,  1.35338e-14,  1.37249e-48,  1.58158e-06])
119328  , -77722.4    , array([ 0.00100062 ,  0.013493   ,  1.35203e-14,  1.37386e-48,  1.58158e-06])
119329  , -77721.1    , array([ 0.00100062 ,  0.013493   ,  1.35203e-14,  1.37249e-48,  1.58317e-06])
119330  , -77722.4    , array([ 0.00100062 ,  0.013493   ,  1.35203e-14,  1.37249e-48,  1.58158e-06])
119331  , -77722.4    , array([ 0.00100062 ,  0.013493   ,  1.35203e-14,  1.37249e-48,  1.58158e-06])
119332  , -77723.6    , array([ 0.00100162 ,  0.013493   ,  1.35203e-14,  1.37249e-48,  1.58158e-06])
119333  , -77722.5    , array([ 0.00100062 ,  0.0135065  ,  1.35203e-14,  1.37249e-48,  1.58158e-06])
119334  , -77722.4    , array([ 0.00100062 ,  0.013493   ,  1.35338e-14,  1.37249e-48,  1.58158e-06])
119335  , -77722.4    , array([ 0.00100062 ,  0.013493   ,  1.35203e-14,  1.37386e-48,  1.58158e-06])
119336  , -77721.1    , array([ 0.00100062 ,  0.013493   ,  1.35203e-14,  1.37249e-48,  1.58317e-06])
119337  , -77720.3    , array([ 0.00100003 ,  0.0134876  ,  1.35203e-14,  1.37249e-48,  1.58317e-06])
119338  , -77720.3    , array([ 0.00100003 ,  0.0134876  ,  1.35203e-14,  1.37249e-48,  1.58317e-06])
119339  , -77721.5    , array([ 0.00100103 ,  0.0134876  ,  1.35203e-14,  1.37249e-48,  1.58317e-06])
119340  , -77720.4    , array([ 0.00100003 ,  0.0135011  ,  1.35203e-14,  1.37249e-48,  1.58317e-06])
119341  , -77720.3    , array([ 0.00100003 ,  0.0134876  ,  1.35338e-14,  1.37249e-48,  1.58317e-06])
119342  , -77720.3    , array([ 0.00100003 ,  0.0134876  ,  1.35203e-14,  1.37386e-48,  1.58317e-06])
119343  , -77718.9    , array([ 0.00100003 ,  0.0134876  ,  1.35203e-14,  1.37249e-48,  1.58476e-06])
119344  , -77720.3    , array([ 0.00100003 ,  0.0134876  ,  1.35203e-14,  1.37249e-48,  1.58317e-06])
119345  , -77720.3    , array([ 0.00100003 ,  0.0134876  ,  1.35203e-14,  1.37249e-48,  1.58317e-06])
119346  , -77721.5    , array([ 0.00100103 ,  0.0134876  ,  1.35203e-14,  1.37249e-48,  1.58317e-06])
119347  , -77720.4    , array([ 0.00100003 ,  0.0135011  ,  1.35203e-14,  1.37249e-48,  1.58317e-06])
119348  , -77720.3    , array([ 0.00100003 ,  0.0134876  ,  1.35338e-14,  1.37249e-48,  1.58317e-06])
119349  , -77720.3    , array([ 0.00100003 ,  0.0134876  ,  1.35203e-14,  1.37386e-48,  1.58317e-06])
119350  , -77718.9    , array([ 0.00100003 ,  0.0134876  ,  1.35203e-14,  1.37249e-48,  1.58476e-06])
119351  , -77720.3    , array([ 0.00100003 ,  0.0134876  ,  1.35203e-14,  1.37249e-48,  1.58317e-06])
119352  , -77720.3    , array([ 0.00100003 ,  0.0134876  ,  1.35203e-14,  1.37249e-48,  1.58317e-06])
119353  , -77721.5    , array([ 0.00100103 ,  0.0134876  ,  1.35203e-14,  1.37249e-48,  1.58317e-06])
119354  , -77720.4    , array([ 0.00100003 ,  0.0135011  ,  1.35203e-14,  1.37249e-48,  1.58317e-06])
119355  , -77720.3    , array([ 0.00100003 ,  0.0134876  ,  1.35338e-14,  1.37249e-48,  1.58317e-06])
119356  , -77720.3    , array([ 0.00100003 ,  0.0134876  ,  1.35203e-14,  1.37386e-48,  1.58317e-06])
119357  , -77718.9    , array([ 0.00100003 ,  0.0134876  ,  1.35203e-14,  1.37249e-48,  1.58476e-06])
119360  , -77720.4    , array([ 0.00100073 ,  0.0134848  ,  1.35203e-14,  1.37249e-48,  1.58397e-06])
119365  , -77720.3    , array([ 0.00100003 ,  0.0134876  ,  1.35203e-14,  1.37249e-48,  1.58317e-06])
119366  , -77720.3    , array([ 0.00100003 ,  0.0134876  ,  1.35203e-14,  1.37249e-48,  1.58317e-06])
119367  , -77721.5    , array([ 0.00100103 ,  0.0134876  ,  1.35203e-14,  1.37249e-48,  1.58317e-06])
119368  , -77720.4    , array([ 0.00100003 ,  0.0135011  ,  1.35203e-14,  1.37249e-48,  1.58317e-06])
119369  , -77720.3    , array([ 0.00100003 ,  0.0134876  ,  1.35338e-14,  1.37249e-48,  1.58317e-06])
119370  , -77720.3    , array([ 0.00100003 ,  0.0134876  ,  1.35203e-14,  1.37386e-48,  1.58317e-06])
119371  , -77718.9    , array([ 0.00100003 ,  0.0134876  ,  1.35203e-14,  1.37249e-48,  1.58476e-06])
119372  , -77720.3    , array([ 0.00100003 ,  0.0134876  ,  1.35203e-14,  1.37249e-48,  1.58317e-06])
119373  , -77720.3    , array([ 0.00100003 ,  0.0134876  ,  1.35203e-14,  1.37249e-48,  1.58317e-06])
119374  , -77721.5    , array([ 0.00100103 ,  0.0134876  ,  1.35203e-14,  1.37249e-48,  1.58317e-06])
119375  , -77720.4    , array([ 0.00100003 ,  0.0135011  ,  1.35203e-14,  1.37249e-48,  1.58317e-06])
119376  , -77720.3    , array([ 0.00100003 ,  0.0134876  ,  1.35338e-14,  1.37249e-48,  1.58317e-06])
119377  , -77720.3    , array([ 0.00100003 ,  0.0134876  ,  1.35203e-14,  1.37386e-48,  1.58317e-06])
119378  , -77718.9    , array([ 0.00100003 ,  0.0134876  ,  1.35203e-14,  1.37249e-48,  1.58476e-06])
119381  , -77721      , array([ 0.00100088 ,  0.0134862  ,  1.35203e-14,  1.37249e-48,  1.58357e-06])
119386  , -77720.3    , array([ 0.00100003 ,  0.0134876  ,  1.35203e-14,  1.37249e-48,  1.58317e-06])
119387  , -77720.3    , array([ 0.00100003 ,  0.0134876  ,  1.35203e-14,  1.37249e-48,  1.58317e-06])
119388  , -77721.5    , array([ 0.00100103 ,  0.0134876  ,  1.35203e-14,  1.37249e-48,  1.58317e-06])
119389  , -77720.4    , array([ 0.00100003 ,  0.0135011  ,  1.35203e-14,  1.37249e-48,  1.58317e-06])
119390  , -77720.3    , array([ 0.00100003 ,  0.0134876  ,  1.35338e-14,  1.37249e-48,  1.58317e-06])
119391  , -77720.3    , array([ 0.00100003 ,  0.0134876  ,  1.35203e-14,  1.37386e-48,  1.58317e-06])
119392  , -77718.9    , array([ 0.00100003 ,  0.0134876  ,  1.35203e-14,  1.37249e-48,  1.58476e-06])
119393  , -77720.3    , array([ 0.00100003 ,  0.0134876  ,  1.35203e-14,  1.37249e-48,  1.58317e-06])
119394  , -77720.3    , array([ 0.00100003 ,  0.0134876  ,  1.35203e-14,  1.37249e-48,  1.58317e-06])
119395  , -77721.5    , array([ 0.00100103 ,  0.0134876  ,  1.35203e-14,  1.37249e-48,  1.58317e-06])
119396  , -77720.4    , array([ 0.00100003 ,  0.0135011  ,  1.35203e-14,  1.37249e-48,  1.58317e-06])
119397  , -77720.3    , array([ 0.00100003 ,  0.0134876  ,  1.35338e-14,  1.37249e-48,  1.58317e-06])
119398  , -77720.3    , array([ 0.00100003 ,  0.0134876  ,  1.35203e-14,  1.37386e-48,  1.58317e-06])
119399  , -77718.9    , array([ 0.00100003 ,  0.0134876  ,  1.35203e-14,  1.37249e-48,  1.58476e-06])
119402  , -77721.2    , array([ 0.00100095 ,  0.0134869  ,  1.35203e-14,  1.37249e-48,  1.58337e-06])
119407  , -77720.3    , array([ 0.00100003 ,  0.0134876  ,  1.35203e-14,  1.37249e-48,  1.58317e-06])
119408  , -77720.3    , array([ 0.00100003 ,  0.0134876  ,  1.35203e-14,  1.37249e-48,  1.58317e-06])
119409  , -77721.5    , array([ 0.00100103 ,  0.0134876  ,  1.35203e-14,  1.37249e-48,  1.58317e-06])
119410  , -77720.4    , array([ 0.00100003 ,  0.0135011  ,  1.35203e-14,  1.37249e-48,  1.58317e-06])
119411  , -77720.3    , array([ 0.00100003 ,  0.0134876  ,  1.35338e-14,  1.37249e-48,  1.58317e-06])
119412  , -77720.3    , array([ 0.00100003 ,  0.0134876  ,  1.35203e-14,  1.37386e-48,  1.58317e-06])
119413  , -77718.9    , array([ 0.00100003 ,  0.0134876  ,  1.35203e-14,  1.37249e-48,  1.58476e-06])
119414  , -77720.3    , array([ 0.00100003 ,  0.0134876  ,  1.35203e-14,  1.37249e-48,  1.58317e-06])
119415  , -77720.3    , array([ 0.00100003 ,  0.0134876  ,  1.35203e-14,  1.37249e-48,  1.58317e-06])
119416  , -77721.5    , array([ 0.00100103 ,  0.0134876  ,  1.35203e-14,  1.37249e-48,  1.58317e-06])
119417  , -77720.4    , array([ 0.00100003 ,  0.0135011  ,  1.35203e-14,  1.37249e-48,  1.58317e-06])
119418  , -77720.3    , array([ 0.00100003 ,  0.0134876  ,  1.35338e-14,  1.37249e-48,  1.58317e-06])
119419  , -77720.3    , array([ 0.00100003 ,  0.0134876  ,  1.35203e-14,  1.37386e-48,  1.58317e-06])
119420  , -77718.9    , array([ 0.00100003 ,  0.0134876  ,  1.35203e-14,  1.37249e-48,  1.58476e-06])
119423  , -77721.3    , array([ 0.00100099 ,  0.0134872  ,  1.35203e-14,  1.37249e-48,  1.58327e-06])
119428  , -77720.3    , array([ 0.00100003 ,  0.0134876  ,  1.35203e-14,  1.37249e-48,  1.58317e-06])
119429  , -77720.3    , array([ 0.00100003 ,  0.0134876  ,  1.35203e-14,  1.37249e-48,  1.58317e-06])
119430  , -77721.5    , array([ 0.00100103 ,  0.0134876  ,  1.35203e-14,  1.37249e-48,  1.58317e-06])
119431  , -77720.4    , array([ 0.00100003 ,  0.0135011  ,  1.35203e-14,  1.37249e-48,  1.58317e-06])
119432  , -77720.3    , array([ 0.00100003 ,  0.0134876  ,  1.35338e-14,  1.37249e-48,  1.58317e-06])
119433  , -77720.3    , array([ 0.00100003 ,  0.0134876  ,  1.35203e-14,  1.37386e-48,  1.58317e-06])
119434  , -77718.9    , array([ 0.00100003 ,  0.0134876  ,  1.35203e-14,  1.37249e-48,  1.58476e-06])
119435  , -77720.2    , array([ 0.001      ,  0.0134873  ,  1.35203e-14,  1.37249e-48,  1.58324e-06])
119436  , -77720.2    , array([ 0.001      ,  0.0134873  ,  1.35203e-14,  1.37249e-48,  1.58324e-06])
119437  , -77721.4    , array([ 0.001001   ,  0.0134873  ,  1.35203e-14,  1.37249e-48,  1.58324e-06])
119438  , -77720.3    , array([ 0.001      ,  0.0135008  ,  1.35203e-14,  1.37249e-48,  1.58324e-06])
119439  , -77720.2    , array([ 0.001      ,  0.0134873  ,  1.35338e-14,  1.37249e-48,  1.58324e-06])
119440  , -77720.2    , array([ 0.001      ,  0.0134873  ,  1.35203e-14,  1.37386e-48,  1.58324e-06])
119441  , -77718.9    , array([ 0.001      ,  0.0134873  ,  1.35203e-14,  1.37249e-48,  1.58482e-06])
119442  , -77720.2    , array([ 0.001      ,  0.0134873  ,  1.35203e-14,  1.37249e-48,  1.58324e-06])
119443  , -77720.2    , array([ 0.001      ,  0.0134873  ,  1.35203e-14,  1.37249e-48,  1.58324e-06])
119444  , -77721.4    , array([ 0.001001   ,  0.0134873  ,  1.35203e-14,  1.37249e-48,  1.58324e-06])
119445  , -77720.3    , array([ 0.001      ,  0.0135008  ,  1.35203e-14,  1.37249e-48,  1.58324e-06])
119446  , -77720.2    , array([ 0.001      ,  0.0134873  ,  1.35338e-14,  1.37249e-48,  1.58324e-06])
119447  , -77720.2    , array([ 0.001      ,  0.0134873  ,  1.35203e-14,  1.37386e-48,  1.58324e-06])
119448  , -77718.9    , array([ 0.001      ,  0.0134873  ,  1.35203e-14,  1.37249e-48,  1.58482e-06])
119449  , -77720.2    , array([ 0.001      ,  0.0134873  ,  1.35203e-14,  1.37249e-48,  1.58324e-06])
119450  , -77720.2    , array([ 0.001      ,  0.0134873  ,  1.35203e-14,  1.37249e-48,  1.58324e-06])
119451  , -77721.4    , array([ 0.001001   ,  0.0134873  ,  1.35203e-14,  1.37249e-48,  1.58324e-06])
119452  , -77720.3    , array([ 0.001      ,  0.0135008  ,  1.35203e-14,  1.37249e-48,  1.58324e-06])
119453  , -77720.2    , array([ 0.001      ,  0.0134873  ,  1.35338e-14,  1.37249e-48,  1.58324e-06])
119454  , -77720.2    , array([ 0.001      ,  0.0134873  ,  1.35203e-14,  1.37386e-48,  1.58324e-06])
119455  , -77718.9    , array([ 0.001      ,  0.0134873  ,  1.35203e-14,  1.37249e-48,  1.58482e-06])
119456  , -79089.4    , array([ 0.293115   ,  0.635715   ,  1.35203e-14,  1.37249e-48,  1.09309e-10])
119457  , -79089.4    , array([ 0.293115   ,  0.635715   ,  1.35203e-14,  1.37249e-48,  1.09309e-10])
119458  , -79089.4    , array([ 0.293408   ,  0.635715   ,  1.35203e-14,  1.37249e-48,  1.09309e-10])
119459  , -79089.4    , array([ 0.293115   ,  0.636351   ,  1.35203e-14,  1.37249e-48,  1.09309e-10])
119460  , -79089.4    , array([ 0.293115   ,  0.635715   ,  1.35338e-14,  1.37249e-48,  1.09309e-10])
119461  , -79089.4    , array([ 0.293115   ,  0.635715   ,  1.35203e-14,  1.37386e-48,  1.09309e-10])
119462  , -79089.4    , array([ 0.293115   ,  0.635715   ,  1.35203e-14,  1.37249e-48,  1.09418e-10])
119463  , -79089.4    , array([ 0.293028   ,  0.635587   ,  1.35203e-14,  1.37249e-48,  1.09364e-10])
119464  , -79089.4    , array([ 0.293028   ,  0.635587   ,  1.35203e-14,  1.37249e-48,  1.09364e-10])
119465  , -79089.4    , array([ 0.293321   ,  0.635587   ,  1.35203e-14,  1.37249e-48,  1.09364e-10])
119466  , -79089.4    , array([ 0.293028   ,  0.636223   ,  1.35203e-14,  1.37249e-48,  1.09364e-10])
119467  , -79089.4    , array([ 0.293028   ,  0.635587   ,  1.35338e-14,  1.37249e-48,  1.09364e-10])
119468  , -79089.4    , array([ 0.293028   ,  0.635587   ,  1.35203e-14,  1.37386e-48,  1.09364e-10])
119469  , -79089.4    , array([ 0.293028   ,  0.635587   ,  1.35203e-14,  1.37249e-48,  1.09473e-10])
119470  , -79089.4    , array([ 0.292854   ,  0.63533    ,  1.35203e-14,  1.37249e-48,  1.09473e-10])
119471  , -79089.4    , array([ 0.292854   ,  0.63533    ,  1.35203e-14,  1.37249e-48,  1.09473e-10])
119472  , -79089.4    , array([ 0.293147   ,  0.63533    ,  1.35203e-14,  1.37249e-48,  1.09473e-10])
119473  , -79089.4    , array([ 0.292854   ,  0.635966   ,  1.35203e-14,  1.37249e-48,  1.09473e-10])
119474  , -79089.4    , array([ 0.292854   ,  0.63533    ,  1.35338e-14,  1.37249e-48,  1.09473e-10])
119475  , -79089.4    , array([ 0.292854   ,  0.63533    ,  1.35203e-14,  1.37386e-48,  1.09473e-10])
119476  , -79089.4    , array([ 0.292854   ,  0.63533    ,  1.35203e-14,  1.37249e-48,  1.09583e-10])
119477  , -79089.4    , array([ 0.292505   ,  0.634818   ,  1.35203e-14,  1.37249e-48,  1.09693e-10])
119478  , -79089.4    , array([ 0.292505   ,  0.634818   ,  1.35203e-14,  1.37249e-48,  1.09693e-10])
119479  , -79089.4    , array([ 0.292798   ,  0.634818   ,  1.35203e-14,  1.37249e-48,  1.09693e-10])
119480  , -79089.4    , array([ 0.292505   ,  0.635453   ,  1.35203e-14,  1.37249e-48,  1.09693e-10])
119481  , -79089.4    , array([ 0.292505   ,  0.634818   ,  1.35338e-14,  1.37249e-48,  1.09693e-10])
119482  , -79089.4    , array([ 0.292505   ,  0.634818   ,  1.35203e-14,  1.37386e-48,  1.09693e-10])
119483  , -79089.4    , array([ 0.292505   ,  0.634818   ,  1.35203e-14,  1.37249e-48,  1.09803e-10])
119484  , -79089.4    , array([ 0.29181    ,  0.633794   ,  1.35203e-14,  1.37249e-48,  1.10134e-10])
119485  , -79089.4    , array([ 0.29181    ,  0.633794   ,  1.35203e-14,  1.37249e-48,  1.10134e-10])
119486  , -79089.4    , array([ 0.292102   ,  0.633794   ,  1.35203e-14,  1.37249e-48,  1.10134e-10])
119487  , -79089.4    , array([ 0.29181    ,  0.634428   ,  1.35203e-14,  1.37249e-48,  1.10134e-10])
119488  , -79089.4    , array([ 0.29181    ,  0.633794   ,  1.35338e-14,  1.37249e-48,  1.10134e-10])
119489  , -79089.4    , array([ 0.29181    ,  0.633794   ,  1.35203e-14,  1.37386e-48,  1.10134e-10])
119490  , -79089.4    , array([ 0.29181    ,  0.633794   ,  1.35203e-14,  1.37249e-48,  1.10245e-10])
119491  , -79089.4    , array([ 0.290425   ,  0.631752   ,  1.35203e-14,  1.37249e-48,  1.11022e-10])
119492  , -79089.4    , array([ 0.290425   ,  0.631752   ,  1.35203e-14,  1.37249e-48,  1.11022e-10])
119493  , -79089.4    , array([ 0.290715   ,  0.631752   ,  1.35203e-14,  1.37249e-48,  1.11022e-10])
119494  , -79089.4    , array([ 0.290425   ,  0.632384   ,  1.35203e-14,  1.37249e-48,  1.11022e-10])
119495  , -79089.4    , array([ 0.290425   ,  0.631752   ,  1.35338e-14,  1.37249e-48,  1.11022e-10])
119496  , -79089.4    , array([ 0.290425   ,  0.631752   ,  1.35203e-14,  1.37386e-48,  1.11022e-10])
119497  , -79089.4    , array([ 0.290425   ,  0.631752   ,  1.35203e-14,  1.37249e-48,  1.11133e-10])
119498  , -79089.4    , array([ 0.287674   ,  0.627686   ,  1.35203e-14,  1.37249e-48,  1.12819e-10])
119499  , -79089.4    , array([ 0.287674   ,  0.627686   ,  1.35203e-14,  1.37249e-48,  1.12819e-10])
119500  , -79089.4    , array([ 0.287961   ,  0.627686   ,  1.35203e-14,  1.37249e-48,  1.12819e-10])
119501  , -79089.4    , array([ 0.287674   ,  0.628314   ,  1.35203e-14,  1.37249e-48,  1.12819e-10])
119502  , -79089.4    , array([ 0.287674   ,  0.627686   ,  1.35338e-14,  1.37249e-48,  1.12819e-10])
119503  , -79089.4    , array([ 0.287674   ,  0.627686   ,  1.35203e-14,  1.37386e-48,  1.12819e-10])
119504  , -79089.4    , array([ 0.287674   ,  0.627686   ,  1.35203e-14,  1.37249e-48,  1.12931e-10])
119505  , -79089.4    , array([ 0.282249   ,  0.619634   ,  1.35203e-14,  1.37249e-48,  1.165e-10  ])
119506  , -79089.4    , array([ 0.282249   ,  0.619634   ,  1.35203e-14,  1.37249e-48,  1.165e-10  ])
119507  , -79089.4    , array([ 0.282532   ,  0.619634   ,  1.35203e-14,  1.37249e-48,  1.165e-10  ])
119508  , -79089.4    , array([ 0.282249   ,  0.620254   ,  1.35203e-14,  1.37249e-48,  1.165e-10  ])
119509  , -79089.4    , array([ 0.282249   ,  0.619634   ,  1.35338e-14,  1.37249e-48,  1.165e-10  ])
119510  , -79089.4    , array([ 0.282249   ,  0.619634   ,  1.35203e-14,  1.37386e-48,  1.165e-10  ])
119511  , -79089.4    , array([ 0.282249   ,  0.619634   ,  1.35203e-14,  1.37249e-48,  1.16616e-10])
119512  , -79089.4    , array([ 0.271705   ,  0.603837   ,  1.35203e-14,  1.37249e-48,  1.24226e-10])
119513  , -79089.4    , array([ 0.271705   ,  0.603837   ,  1.35203e-14,  1.37249e-48,  1.24226e-10])
119514  , -79089.4    , array([ 0.271977   ,  0.603837   ,  1.35203e-14,  1.37249e-48,  1.24226e-10])
119515  , -79089.4    , array([ 0.271705   ,  0.604441   ,  1.35203e-14,  1.37249e-48,  1.24226e-10])
119516  , -79089.4    , array([ 0.271705   ,  0.603837   ,  1.35338e-14,  1.37249e-48,  1.24226e-10])
119517  , -79089.4    , array([ 0.271705   ,  0.603837   ,  1.35203e-14,  1.37386e-48,  1.24226e-10])
119518  , -79089.4    , array([ 0.271705   ,  0.603837   ,  1.35203e-14,  1.37249e-48,  1.2435e-10 ])
119519  , -79089.4    , array([ 0.251784   ,  0.573442   ,  1.35203e-14,  1.37249e-48,  1.41249e-10])
119520  , -79089.4    , array([ 0.251784   ,  0.573442   ,  1.35203e-14,  1.37249e-48,  1.41249e-10])
119521  , -79089.4    , array([ 0.252036   ,  0.573442   ,  1.35203e-14,  1.37249e-48,  1.41249e-10])
119522  , -79089.4    , array([ 0.251784   ,  0.574016   ,  1.35203e-14,  1.37249e-48,  1.41249e-10])
119523  , -79089.4    , array([ 0.251784   ,  0.573442   ,  1.35338e-14,  1.37249e-48,  1.41249e-10])
119524  , -79089.4    , array([ 0.251784   ,  0.573442   ,  1.35203e-14,  1.37386e-48,  1.41249e-10])
119525  , -79089.4    , array([ 0.251784   ,  0.573442   ,  1.35203e-14,  1.37249e-48,  1.41391e-10])
119526  , -79089.4    , array([ 0.216217   ,  0.517165   ,  1.35203e-14,  1.37249e-48,  1.82614e-10])
119527  , -79089.4    , array([ 0.216217   ,  0.517165   ,  1.35203e-14,  1.37249e-48,  1.82614e-10])
119528  , -79089.4    , array([ 0.216433   ,  0.517165   ,  1.35203e-14,  1.37249e-48,  1.82614e-10])
119529  , -79089.4    , array([ 0.216217   ,  0.517683   ,  1.35203e-14,  1.37249e-48,  1.82614e-10])
119530  , -79089.4    , array([ 0.216217   ,  0.517165   ,  1.35338e-14,  1.37249e-48,  1.82614e-10])
119531  , -79089.4    , array([ 0.216217   ,  0.517165   ,  1.35203e-14,  1.37386e-48,  1.82614e-10])
119532  , -79089.4    , array([ 0.216217   ,  0.517165   ,  1.35203e-14,  1.37249e-48,  1.82797e-10])
119533  , -79089.4    , array([ 0.379062   ,  0.756818   ,  1.35203e-14,  1.37249e-48,  7.08477e-11])
119534  , -79089.4    , array([ 0.286286   ,  0.62562    ,  1.35203e-14,  1.37249e-48,  1.13744e-10])
119535  , -79089.4    , array([ 0.248797   ,  0.568814   ,  1.35203e-14,  1.37249e-48,  1.44123e-10])
119536  , -79089.4    , array([ 0.231936   ,  0.542375   ,  1.35203e-14,  1.37249e-48,  1.62231e-10])
119537  , -79089.4    , array([ 0.223938   ,  0.52962    ,  1.35203e-14,  1.37249e-48,  1.72121e-10])
119538  , -79089.4    , array([ 0.220044   ,  0.523356   ,  1.35203e-14,  1.37249e-48,  1.7729e-10 ])
119539  , -79089.4    , array([ 0.218122   ,  0.520251   ,  1.35203e-14,  1.37249e-48,  1.79933e-10])
119540  , -79089.4    , array([ 0.217168   ,  0.518706   ,  1.35203e-14,  1.37249e-48,  1.81269e-10])
119541  , -79089.4    , array([ 0.216692   ,  0.517935   ,  1.35203e-14,  1.37249e-48,  1.8194e-10 ])
119542  , -79089.4    , array([ 0.216454   ,  0.51755    ,  1.35203e-14,  1.37249e-48,  1.82277e-10])
119543  , -79089.4    , array([ 0.216336   ,  0.517358   ,  1.35203e-14,  1.37249e-48,  1.82446e-10])
119544  , -79089.4    , array([ 0.216276   ,  0.517261   ,  1.35203e-14,  1.37249e-48,  1.8253e-10 ])
