46099   , -79089.4    , array([ 2.75268    ,  16.6047    ,  4.32164e-59,  1.09594e-91,  2.9648e-25 ])
46100   , -79089.4    , array([ 2.75268    ,  16.6047    ,  4.32164e-59,  1.09594e-91,  2.9648e-25 ])
46101   , -79089.4    , array([ 3.75268    ,  16.6047    ,  4.32164e-59,  1.09594e-91,  2.9648e-25 ])
46102   , -79089.4    , array([ 5.37071    ,  16.6047    ,  4.32164e-59,  1.09594e-91,  2.9648e-25 ])
46103   , -79089.4    , array([ 3.75268    ,  16.6047    ,  4.32164e-59,  1.09594e-91,  2.9648e-25 ])
46104   , -79089.4    , array([ 4.37071    ,  16.6047    ,  4.32164e-59,  1.09594e-91,  2.9648e-25 ])
46105   , -79089.4    , array([ 4.75268    ,  16.6047    ,  4.32164e-59,  1.09594e-91,  2.9648e-25 ])
46106   , -79089.4    , array([ 4.98875    ,  16.6047    ,  4.32164e-59,  1.09594e-91,  2.9648e-25 ])
46107   , -79089.4    , array([ 5.13465    ,  16.6047    ,  4.32164e-59,  1.09594e-91,  2.9648e-25 ])
46108   , -79089.4    , array([ 5.22482    ,  16.6047    ,  4.32164e-59,  1.09594e-91,  2.9648e-25 ])
46109   , -79089.4    , array([ 5.28054    ,  16.6047    ,  4.32164e-59,  1.09594e-91,  2.9648e-25 ])
46110   , -79089.4    , array([ 5.31499    ,  16.6047    ,  4.32164e-59,  1.09594e-91,  2.9648e-25 ])
46111   , -79089.4    , array([ 5.34061    ,  16.6047    ,  4.32164e-59,  1.09594e-91,  2.9648e-25 ])
46112   , -79089.4    , array([ 5.34061    ,  16.6047    ,  4.32164e-59,  1.09594e-91,  2.9648e-25 ])
46113   , -79089.4    , array([ 5.34061    ,  17.6047    ,  4.32164e-59,  1.09594e-91,  2.9648e-25 ])
46114   , -79089.4    , array([ 5.34061    ,  19.2228    ,  4.32164e-59,  1.09594e-91,  2.9648e-25 ])
46115   , -79089.4    , array([ 5.34061    ,  17.6047    ,  4.32164e-59,  1.09594e-91,  2.9648e-25 ])
46116   , -79089.4    , array([ 5.34061    ,  18.2228    ,  4.32164e-59,  1.09594e-91,  2.9648e-25 ])
46117   , -79089.4    , array([ 5.34061    ,  18.6047    ,  4.32164e-59,  1.09594e-91,  2.9648e-25 ])
46118   , -79089.4    , array([ 5.34061    ,  18.8408    ,  4.32164e-59,  1.09594e-91,  2.9648e-25 ])
46119   , -79089.4    , array([ 5.34061    ,  18.9867    ,  4.32164e-59,  1.09594e-91,  2.9648e-25 ])
46120   , -79089.4    , array([ 5.34061    ,  19.0769    ,  4.32164e-59,  1.09594e-91,  2.9648e-25 ])
46121   , -79089.4    , array([ 5.34061    ,  19.1326    ,  4.32164e-59,  1.09594e-91,  2.9648e-25 ])
46122   , -79089.4    , array([ 5.34061    ,  19.167     ,  4.32164e-59,  1.09594e-91,  2.9648e-25 ])
46123   , -79089.4    , array([ 5.34061    ,  19.1927    ,  4.32164e-59,  1.09594e-91,  2.9648e-25 ])
46124   , -79089.4    , array([ 5.34061    ,  19.1927    ,  4.32164e-59,  1.09594e-91,  2.9648e-25 ])
46125   , -79089.4    , array([ 5.34061    ,  19.1927    ,  1          ,  1.09594e-91,  2.9648e-25 ])
46126   , -79089.4    , array([ 5.34061    ,  19.1927    ,  2.61803    ,  1.09594e-91,  2.9648e-25 ])
46127   , -79089.4    , array([ 5.34061    ,  19.1927    ,  1          ,  1.09594e-91,  2.9648e-25 ])
46128   , -79089.4    , array([ 5.34061    ,  19.1927    ,  1.61803    ,  1.09594e-91,  2.9648e-25 ])
46129   , -79089.4    , array([ 5.34061    ,  19.1927    ,  2          ,  1.09594e-91,  2.9648e-25 ])
46130   , -79089.4    , array([ 5.34061    ,  19.1927    ,  2.23607    ,  1.09594e-91,  2.9648e-25 ])
46131   , -79089.4    , array([ 5.34061    ,  19.1927    ,  2.38197    ,  1.09594e-91,  2.9648e-25 ])
46132   , -79089.4    , array([ 5.34061    ,  19.1927    ,  2.47214    ,  1.09594e-91,  2.9648e-25 ])
46133   , -79089.4    , array([ 5.34061    ,  19.1927    ,  2.52786    ,  1.09594e-91,  2.9648e-25 ])
46134   , -79089.4    , array([ 5.34061    ,  19.1927    ,  2.56231    ,  1.09594e-91,  2.9648e-25 ])
46135   , -79089.4    , array([ 5.34061    ,  19.1927    ,  2.58793    ,  1.09594e-91,  2.9648e-25 ])
46136   , -79089.4    , array([ 5.34061    ,  19.1927    ,  2.58793    ,  1.09594e-91,  2.9648e-25 ])
46137   , -79089.4    , array([ 5.34061    ,  19.1927    ,  2.58793    ,  1          ,  2.9648e-25 ])
46138   , -79089.4    , array([ 5.34061    ,  19.1927    ,  2.58793    ,  2.61803    ,  2.9648e-25 ])
46139   , -79089.4    , array([ 5.34061    ,  19.1927    ,  2.58793    ,  1          ,  2.9648e-25 ])
46140   , -79089.4    , array([ 5.34061    ,  19.1927    ,  2.58793    ,  1.61803    ,  2.9648e-25 ])
46141   , -79089.4    , array([ 5.34061    ,  19.1927    ,  2.58793    ,  2          ,  2.9648e-25 ])
46142   , -79089.4    , array([ 5.34061    ,  19.1927    ,  2.58793    ,  2.23607    ,  2.9648e-25 ])
46143   , -79089.4    , array([ 5.34061    ,  19.1927    ,  2.58793    ,  2.38197    ,  2.9648e-25 ])
46144   , -79089.4    , array([ 5.34061    ,  19.1927    ,  2.58793    ,  2.47214    ,  2.9648e-25 ])
46145   , -79089.4    , array([ 5.34061    ,  19.1927    ,  2.58793    ,  2.52786    ,  2.9648e-25 ])
46146   , -79089.4    , array([ 5.34061    ,  19.1927    ,  2.58793    ,  2.56231    ,  2.9648e-25 ])
46147   , -79089.4    , array([ 5.34061    ,  19.1927    ,  2.58793    ,  2.58793    ,  2.9648e-25 ])
46148   , -79089.4    , array([ 5.34061    ,  19.1927    ,  2.58793    ,  2.58793    ,  2.9648e-25 ])
46149   , -95256.3    , array([ 5.34061    ,  19.1927    ,  2.58793    ,  2.58793    ,  1          ])
46151   , -79089.4    , array([ 5.34061    ,  19.1927    ,  2.58793    ,  2.58793    ,  2.9648e-25 ])
46153   , -83677.2    , array([ 5.34061    ,  19.1927    ,  2.58793    ,  2.58793    ,  0.381966   ])
46154   , -76400.5    , array([ 5.34061    ,  19.1927    ,  2.58793    ,  2.58793    ,  0.190946   ])
46155   , -74738      , array([ 5.34061    ,  19.1927    ,  2.58793    ,  2.58793    ,  0.147019   ])
46156   , -73775.5    , array([ 5.34061    ,  19.1927    ,  2.58793    ,  2.58793    ,  0.115407   ])
46157   , -73240.5    , array([ 5.34061    ,  19.1927    ,  2.58793    ,  2.58793    ,  0.0713255  ])
46158   , -73262.7    , array([ 5.34061    ,  19.1927    ,  2.58793    ,  2.58793    ,  0.0682823  ])
46159   , -73226.8    , array([ 5.34061    ,  19.1927    ,  2.58793    ,  2.58793    ,  0.0786649  ])
46160   , -73333      , array([ 5.34061    ,  19.1927    ,  2.58793    ,  2.58793    ,  0.0926992  ])
46161   , -73225.2    , array([ 5.34061    ,  19.1927    ,  2.58793    ,  2.58793    ,  0.0767688  ])
46162   , -73225.5    , array([ 5.34061    ,  19.1927    ,  2.58793    ,  2.58793    ,  0.0775365  ])
46163   , -73225.6    , array([ 5.34061    ,  19.1927    ,  2.58793    ,  2.58793    ,  0.0760011  ])
46164   , -83358.3    , array([ 7.92854    ,  21.7806    ,  5.17586    ,  5.17586    ,  0.153538   ])
46165   , -73225.2    , array([ 5.34061    ,  19.1927    ,  2.58793    ,  2.58793    ,  0.0767688  ])
46166   , -74402      , array([ 6.34061    ,  19.1927    ,  2.58793    ,  2.58793    ,  0.0767688  ])
46167   , -70264.5    , array([ 3.72258    ,  19.1927    ,  2.58793    ,  2.58793    ,  0.0767688  ])
46168   , -56360.3    , array([ 1.10454    ,  19.1927    ,  2.58793    ,  2.58793    ,  0.0767688  ])
46170   , -56360.3    , array([ 1.10454    ,  19.1927    ,  2.58793    ,  2.58793    ,  0.0767688  ])
46172   , -64246.8    , array([ 2.10454    ,  19.1927    ,  2.58793    ,  2.58793    ,  0.0767688  ])
46173   , -60948.5    , array([ 1.60437    ,  19.1927    ,  2.58793    ,  2.58793    ,  0.0767688  ])
46174   , -49977.3    , array([ 0.486508   ,  19.1927    ,  2.58793    ,  2.58793    ,  0.0767688  ])
46175   , -80996.7    , array([ 0.104542   ,  19.1927    ,  2.58793    ,  2.58793    ,  0.0767688  ])
46176   , -51981.4    , array([ 0.722576   ,  19.1927    ,  2.58793    ,  2.58793    ,  0.0767688  ])
46177   , -50983.7    , array([ 0.34061    ,  19.1927    ,  2.58793    ,  2.58793    ,  0.0767688  ])
46178   , -50202.2    , array([ 0.535049   ,  19.1927    ,  2.58793    ,  2.58793    ,  0.0767688  ])
46179   , -49954.2    , array([ 0.437967   ,  19.1927    ,  2.58793    ,  2.58793    ,  0.0767688  ])
46180   , -49954.2    , array([ 0.437967   ,  19.1927    ,  2.58793    ,  2.58793    ,  0.0767688  ])
46181   , -50024.1    , array([ 0.437967   ,  20.1927    ,  2.58793    ,  2.58793    ,  0.0767688  ])
46182   , -49824.6    , array([ 0.437967   ,  17.5746    ,  2.58793    ,  2.58793    ,  0.0767688  ])
46183   , -49557.1    , array([ 0.437967   ,  14.9566    ,  2.58793    ,  2.58793    ,  0.0767688  ])
46184   , -48857.3    , array([ 0.437967   ,  10.7205    ,  2.58793    ,  2.58793    ,  0.0767688  ])
46185   , -44772.8    , array([ 0.437967   ,  3.86642    ,  2.58793    ,  2.58793    ,  0.0767688  ])
46187   , -44772.8    , array([ 0.437967   ,  3.86642    ,  2.58793    ,  2.58793    ,  0.0767688  ])
46189   , -47295.1    , array([ 0.437967   ,  6.48446    ,  2.58793    ,  2.58793    ,  0.0767688  ])
46190   , -46330.9    , array([ 0.437967   ,  5.1753     ,  2.58793    ,  2.58793    ,  0.0767688  ])
46191   , -40701.6    , array([ 0.437967   ,  2.24839    ,  2.58793    ,  2.58793    ,  0.0767688  ])
46192   , -34145.8    , array([ 0.437967   ,  1.24839    ,  2.58793    ,  2.58793    ,  0.0767688  ])
46193   , -23749.2    , array([ 0.437967   ,  0.630357   ,  2.58793    ,  2.58793    ,  0.0767688  ])
46194   , -9076.51    , array([ 0.437967   ,  0.248391   ,  2.58793    ,  2.58793    ,  0.0767688  ])
46195   , -75061.8    , array([ 0.437967   ,  0.0123229  ,  2.58793    ,  2.58793    ,  0.0767688  ])
46196   , -17583.5    , array([ 0.437967   ,  0.437834   ,  2.58793    ,  2.58793    ,  0.0767688  ])
46197   , -9076.51    , array([ 0.437967   ,  0.248391   ,  2.58793    ,  2.58793    ,  0.0767688  ])
46198   , -8707.78    , array([ 0.437967   ,  0.248391   ,  3.58793    ,  2.58793    ,  0.0767688  ])
46199   , -8482.55    , array([ 0.437967   ,  0.248391   ,  5.20596    ,  2.58793    ,  0.0767688  ])
46200   , -8482.89    , array([ 0.437967   ,  0.248391   ,  5.19081    ,  2.58793    ,  0.0767688  ])
46201   , -8814.6     , array([ 0.437967   ,  0.248391   ,  7.824      ,  2.58793    ,  0.0767688  ])
46202   , -8482.55    , array([ 0.437967   ,  0.248391   ,  5.20596    ,  2.58793    ,  0.0767688  ])
46203   , -8523.32    , array([ 0.437967   ,  0.248391   ,  6.20596    ,  2.58793    ,  0.0767688  ])
46204   , -8521.64    , array([ 0.437967   ,  0.248391   ,  4.58793    ,  2.58793    ,  0.0767688  ])
46205   , -8480.87    , array([ 0.437967   ,  0.248391   ,  5.38885    ,  2.58793    ,  0.0767688  ])
46206   , -8480.85    , array([ 0.437967   ,  0.248391   ,  5.36085    ,  2.58793    ,  0.0767688  ])
46207   , -8480.93    , array([ 0.437967   ,  0.248391   ,  5.33312    ,  2.58793    ,  0.0767688  ])
46208   , -8480.85    , array([ 0.437967   ,  0.248391   ,  5.36085    ,  2.58793    ,  0.0767688  ])
46209   , -9689.98    , array([ 0.437967   ,  0.248391   ,  5.36085    ,  3.58793    ,  0.0767688  ])
46210   , -6726.43    , array([ 0.437967   ,  0.248391   ,  5.36085    ,  0.969895   ,  0.0767688  ])
46212   , -6726.43    , array([ 0.437967   ,  0.248391   ,  5.36085    ,  0.969895   ,  0.0767688  ])
46215   , -7355.04    , array([ 0.437967   ,  0.248391   ,  5.36085    ,  1.58793    ,  0.0767688  ])
46216   , -7032.63    , array([ 0.437967   ,  0.248391   ,  5.36085    ,  1.2789     ,  0.0767688  ])
46217   , -6200.21    , array([ 0.437967   ,  0.248391   ,  5.36085    ,  0.381371   ,  0.0767688  ])
46218   , -5923.73    , array([ 0.437967   ,  0.248391   ,  5.36085    ,  0.0176429  ,  0.0767688  ])
46220   , -6024.11    , array([ 0.437967   ,  0.248391   ,  5.36085    ,  0.156575   ,  0.0767688  ])
46222   , -5961.25    , array([ 0.437967   ,  0.248391   ,  5.36085    ,  0.0707101  ,  0.0767688  ])
46224   , -5941.77    , array([ 0.437967   ,  0.248391   ,  5.36085    ,  0.0433458  ,  0.0767688  ])
46225   , -5923.73    , array([ 0.437967   ,  0.248391   ,  5.36085    ,  0.0176429  ,  0.0767688  ])
46226   , -15882.6    , array([ 0.437967   ,  0.248391   ,  5.36085    ,  0.0176429  ,  1.07677    ])
46228   , -5923.73    , array([ 0.437967   ,  0.248391   ,  5.36085    ,  0.0176429  ,  0.0767688  ])
46230   , -11939.7    , array([ 0.437967   ,  0.248391   ,  5.36085    ,  0.0176429  ,  0.458735   ])
46231   , -8087.27    , array([ 0.437967   ,  0.248391   ,  5.36085    ,  0.0176429  ,  0.267703   ])
46233   , -5387.28    , array([ 0.437967   ,  0.248391   ,  5.36085    ,  0.0176429  ,  0.149699   ])
46234   , -5196.49    , array([ 0.437967   ,  0.248391   ,  5.36085    ,  0.0176429  ,  0.136459   ])
46235   , -5076.03    , array([ 0.437967   ,  0.248391   ,  5.36085    ,  0.0176429  ,  0.12332    ])
46236   , -5084.08    , array([ 0.437967   ,  0.248391   ,  5.36085    ,  0.0176429  ,  0.105539   ])
46237   , -5049.66    , array([ 0.437967   ,  0.248391   ,  5.36085    ,  0.0176429  ,  0.115157   ])
46238   , -5049.56    , array([ 0.437967   ,  0.248391   ,  5.36085    ,  0.0176429  ,  0.114773   ])
46239   , -5049.56    , array([ 0.437967   ,  0.248391   ,  5.36085    ,  0.0176429  ,  0.114393   ])
46241   , -5049.56    , array([ 0.437967   ,  0.248391   ,  5.36085    ,  0.0176429  ,  0.114773   ])
46242   , -2531.21    , array([ 1.43797    ,  0.248391   ,  5.36085    ,  0.0176429  ,  0.114773   ])
46243   , -4086.42    , array([ 3.056      ,  0.248391   ,  5.36085    ,  0.0176429  ,  0.114773   ])
46244   , -2531.21    , array([ 1.43797    ,  0.248391   ,  5.36085    ,  0.0176429  ,  0.114773   ])
46245   , -3211.14    , array([ 2.056      ,  0.248391   ,  5.36085    ,  0.0176429  ,  0.114773   ])
46246   , -2216.04    , array([ 1.056      ,  0.248391   ,  5.36085    ,  0.0176429  ,  0.114773   ])
46247   , -2311.17    , array([ 0.819933   ,  0.248391   ,  5.36085    ,  0.0176429  ,  0.114773   ])
46248   , -2210.83    , array([ 1.03936    ,  0.248391   ,  5.36085    ,  0.0176429  ,  0.114773   ])
46249   , -2203.72    , array([ 0.999702   ,  0.248391   ,  5.36085    ,  0.0176429  ,  0.114773   ])
46250   , -2213.02    , array([ 0.931037   ,  0.248391   ,  5.36085    ,  0.0176429  ,  0.114773   ])
46251   , -2203.22    , array([ 0.988673   ,  0.248391   ,  5.36085    ,  0.0176429  ,  0.114773   ])
46252   , -2203.23    , array([ 0.983166   ,  0.248391   ,  5.36085    ,  0.0176429  ,  0.114773   ])
46253   , -2203.38    , array([ 0.99418    ,  0.248391   ,  5.36085    ,  0.0176429  ,  0.114773   ])
46254   , -2203.22    , array([ 0.988673   ,  0.248391   ,  5.36085    ,  0.0176429  ,  0.114773   ])
46255   , -26941.1    , array([ 0.988673   ,  1.24839    ,  5.36085    ,  0.0176429  ,  0.114773   ])
46257   , -2203.22    , array([ 0.988673   ,  0.248391   ,  5.36085    ,  0.0176429  ,  0.114773   ])
46259   , -14059      , array([ 0.988673   ,  0.630357   ,  5.36085    ,  0.0176429  ,  0.114773   ])
46260   , -7871.45    , array([ 0.988673   ,  0.439278   ,  5.36085    ,  0.0176429  ,  0.114773   ])
46261   , -201264     , array([ 0.988673   ,  0.0123229  ,  5.36085    ,  0.0176429  ,  0.114773   ])
46262   , -3791.7     , array([ 0.988673   ,  0.158221   ,  5.36085    ,  0.0176429  ,  0.114773   ])
46263   , -2311.55    , array([ 0.988673   ,  0.255633   ,  5.36085    ,  0.0176429  ,  0.114773   ])
46264   , -2024.46    , array([ 0.988673   ,  0.229646   ,  5.36085    ,  0.0176429  ,  0.114773   ])
46265   , -2118.39    , array([ 0.988673   ,  0.202364   ,  5.36085    ,  0.0176429  ,  0.114773   ])
46266   , -2002.23    , array([ 0.988673   ,  0.22211    ,  5.36085    ,  0.0176429  ,  0.114773   ])
46267   , -2001.81    , array([ 0.988673   ,  0.221323   ,  5.36085    ,  0.0176429  ,  0.114773   ])
46268   , -2001.74    , array([ 0.988673   ,  0.220791   ,  5.36085    ,  0.0176429  ,  0.114773   ])
46269   , -2001.77    , array([ 0.988673   ,  0.220515   ,  5.36085    ,  0.0176429  ,  0.114773   ])
46270   , -2001.74    , array([ 0.988673   ,  0.220791   ,  5.36085    ,  0.0176429  ,  0.114773   ])
46271   , -2058.45    , array([ 0.988673   ,  0.220791   ,  6.36085    ,  0.0176429  ,  0.114773   ])
46272   , -2442.76    , array([ 0.988673   ,  0.220791   ,  3.74281    ,  0.0176429  ,  0.114773   ])
46273   , -2001.74    , array([ 0.988673   ,  0.220791   ,  5.36085    ,  0.0176429  ,  0.114773   ])
46274   , -2082.32    , array([ 0.988673   ,  0.220791   ,  4.74281    ,  0.0176429  ,  0.114773   ])
46275   , -1998.16    , array([ 0.988673   ,  0.220791   ,  5.74281    ,  0.0176429  ,  0.114773   ])
46276   , -1995.62    , array([ 0.988673   ,  0.220791   ,  5.59052    ,  0.0176429  ,  0.114773   ])
46277   , -1995.62    , array([ 0.988673   ,  0.220791   ,  5.59318    ,  0.0176429  ,  0.114773   ])
46278   , -1995.62    , array([ 0.988673   ,  0.220791   ,  5.5955     ,  0.0176429  ,  0.114773   ])
46279   , -1995.62    , array([ 0.988673   ,  0.220791   ,  5.59318    ,  0.0176429  ,  0.114773   ])
46280   , -2100.31    , array([ 0.988673   ,  0.220791   ,  5.59318    ,  1.01764    ,  0.114773   ])
46282   , -1995.62    , array([ 0.988673   ,  0.220791   ,  5.59318    ,  0.0176429  ,  0.114773   ])
46284   , -1938.83    , array([ 0.988673   ,  0.220791   ,  5.59318    ,  0.399609   ,  0.114773   ])
46285   , -1948.88    , array([ 0.988673   ,  0.220791   ,  5.59318    ,  0.208626   ,  0.114773   ])
46286   , -1938.19    , array([ 0.988673   ,  0.220791   ,  5.59318    ,  0.356377   ,  0.114773   ])
46287   , -1938.18    , array([ 0.988673   ,  0.220791   ,  5.59318    ,  0.36172    ,  0.114773   ])
46288   , -1938.19    , array([ 0.988673   ,  0.220791   ,  5.59318    ,  0.365161   ,  0.114773   ])
46289   , -1938.18    , array([ 0.988673   ,  0.220791   ,  5.59318    ,  0.36172    ,  0.114773   ])
46290   , -15719.9    , array([ 0.988673   ,  0.220791   ,  5.59318    ,  0.36172    ,  1.11477    ])
46292   , -1938.18    , array([ 0.988673   ,  0.220791   ,  5.59318    ,  0.36172    ,  0.114773   ])
46294   , -11133.1    , array([ 0.988673   ,  0.220791   ,  5.59318    ,  0.36172    ,  0.496739   ])
46295   , -6939.87    , array([ 0.988673   ,  0.220791   ,  5.59318    ,  0.36172    ,  0.305682   ])
46297   , -19391.3    , array([ 0.988673   ,  0.220791   ,  5.59318    ,  0.36172    ,  0.0246035  ])
46298   , -3397.84    , array([ 0.988673   ,  0.220791   ,  5.59318    ,  0.36172    ,  0.187694   ])
46299   , -2794.31    , array([ 0.988673   ,  0.220791   ,  5.59318    ,  0.36172    ,  0.0803316  ])
46300   , -2014.32    , array([ 0.988673   ,  0.220791   ,  5.59318    ,  0.36172    ,  0.127288   ])
46301   , -1940.53    , array([ 0.988673   ,  0.220791   ,  5.59318    ,  0.36172    ,  0.116414   ])
46302   , -1938       , array([ 0.988673   ,  0.220791   ,  5.59318    ,  0.36172    ,  0.113921   ])
46303   , -1937.98    , array([ 0.988673   ,  0.220791   ,  5.59318    ,  0.36172    ,  0.11413    ])
46304   , -1937.98    , array([ 0.988673   ,  0.220791   ,  5.59318    ,  0.36172    ,  0.114137   ])
46305   , -1937.98    , array([ 0.988673   ,  0.220791   ,  5.59318    ,  0.36172    ,  0.114143   ])
46306   , -2365.07    , array([ 1.53938    ,  0.193191   ,  5.82552    ,  0.705798   ,  0.1135     ])
46307   , -1937.98    , array([ 0.988673   ,  0.220791   ,  5.59318    ,  0.36172    ,  0.114137   ])
46308   , -2365.07    , array([ 1.53938    ,  0.193191   ,  5.82552    ,  0.705798   ,  0.1135     ])
46310   , -1937.98    , array([ 0.988673   ,  0.220791   ,  5.59318    ,  0.36172    ,  0.114137   ])
46311   , -2664.25    , array([ 0.648318   ,  0.237849   ,  5.44959    ,  0.149069   ,  0.11453    ])
46312   , -2013.74    , array([ 1.19902    ,  0.210249   ,  5.68193    ,  0.493146   ,  0.113894   ])
46313   , -1941.12    , array([ 1.05408    ,  0.217513   ,  5.62078    ,  0.402589   ,  0.114061   ])
46314   , -1936.38    , array([ 1.01022    ,  0.219711   ,  5.60227    ,  0.375181   ,  0.114112   ])
46315   , -1936.37    , array([ 1.01275    ,  0.219584   ,  5.60334    ,  0.376766   ,  0.114109   ])
46316   , -1936.37    , array([ 1.01198    ,  0.219623   ,  5.60302    ,  0.376284   ,  0.11411    ])
46317   , -1936.37    , array([ 1.01221    ,  0.219611   ,  5.60311    ,  0.376429   ,  0.11411    ])
46318   , -1936.37    , array([ 1.01175    ,  0.219635   ,  5.60292    ,  0.376138   ,  0.11411    ])
46319   , -1936.37    , array([ 1.01198    ,  0.219623   ,  5.60302    ,  0.376284   ,  0.11411    ])
46320   , -15837.5    , array([ 1.01198    ,  0.219623   ,  5.60302    ,  0.376284   ,  1.11411    ])
46322   , -1936.37    , array([ 1.01198    ,  0.219623   ,  5.60302    ,  0.376284   ,  0.11411    ])
46324   , -11211.5    , array([ 1.01198    ,  0.219623   ,  5.60302    ,  0.376284   ,  0.496076   ])
46325   , -6986.33    , array([ 1.01198    ,  0.219623   ,  5.60302    ,  0.376284   ,  0.305018   ])
46327   , -19936      , array([ 1.01198    ,  0.219623   ,  5.60302    ,  0.376284   ,  0.02394    ])
46328   , -3412.47    , array([ 1.01198    ,  0.219623   ,  5.60302    ,  0.376284   ,  0.18703    ])
46329   , -2812.59    , array([ 1.01198    ,  0.219623   ,  5.60302    ,  0.376284   ,  0.0796681  ])
46330   , -2014.65    , array([ 1.01198    ,  0.219623   ,  5.60302    ,  0.376284   ,  0.126784   ])
46331   , -1938.85    , array([ 1.01198    ,  0.219623   ,  5.60302    ,  0.376284   ,  0.115845   ])
46332   , -1936.23    , array([ 1.01198    ,  0.219623   ,  5.60302    ,  0.376284   ,  0.113333   ])
46333   , -1936.21    , array([ 1.01198    ,  0.219623   ,  5.60302    ,  0.376284   ,  0.113541   ])
46334   , -1936.21    , array([ 1.01198    ,  0.219623   ,  5.60302    ,  0.376284   ,  0.113547   ])
46335   , -1936.21    , array([ 1.01198    ,  0.219623   ,  5.60302    ,  0.376284   ,  0.113552   ])
46336   , -1936.21    , array([ 1.01198    ,  0.219623   ,  5.60302    ,  0.376284   ,  0.113547   ])
46337   , -28147.5    , array([ 1.01198    ,  1.21962    ,  5.60302    ,  0.376284   ,  0.113547   ])
46339   , -1936.21    , array([ 1.01198    ,  0.219623   ,  5.60302    ,  0.376284   ,  0.113547   ])
46341   , -14522      , array([ 1.01198    ,  0.601589   ,  5.60302    ,  0.376284   ,  0.113547   ])
46342   , -7831.94    , array([ 1.01198    ,  0.410504   ,  5.60302    ,  0.376284   ,  0.113547   ])
46344   , -5306.28    , array([ 1.01198    ,  0.129453   ,  5.60302    ,  0.376284   ,  0.113547   ])
46345   , -2452.92    , array([ 1.01198    ,  0.251479   ,  5.60302    ,  0.376284   ,  0.113547   ])
46346   , -1915.4     , array([ 1.01198    ,  0.217086   ,  5.60302    ,  0.376284   ,  0.113547   ])
46347   , -2058.87    , array([ 1.01198    ,  0.183613   ,  5.60302    ,  0.376284   ,  0.113547   ])
46348   , -1870.31    , array([ 1.01198    ,  0.20653    ,  5.60302    ,  0.376284   ,  0.113547   ])
46349   , -1869.92    , array([ 1.01198    ,  0.20469    ,  5.60302    ,  0.376284   ,  0.113547   ])
46350   , -1869.79    , array([ 1.01198    ,  0.205284   ,  5.60302    ,  0.376284   ,  0.113547   ])
46351   , -1869.79    , array([ 1.01198    ,  0.205428   ,  5.60302    ,  0.376284   ,  0.113547   ])
46352   , -1869.79    , array([ 1.01198    ,  0.205141   ,  5.60302    ,  0.376284   ,  0.113547   ])
46353   , -1869.79    , array([ 1.01198    ,  0.205284   ,  5.60302    ,  0.376284   ,  0.113547   ])
46354   , -1997       , array([ 1.01198    ,  0.205284   ,  6.60302    ,  0.376284   ,  0.113547   ])
46355   , -2127.78    , array([ 1.01198    ,  0.205284   ,  3.98498    ,  0.376284   ,  0.113547   ])
46356   , -1869.79    , array([ 1.01198    ,  0.205284   ,  5.60302    ,  0.376284   ,  0.113547   ])
46357   , -1891.92    , array([ 1.01198    ,  0.205284   ,  4.98498    ,  0.376284   ,  0.113547   ])
46358   , -1896.37    , array([ 1.01198    ,  0.205284   ,  5.98498    ,  0.376284   ,  0.113547   ])
46359   , -1867.46    , array([ 1.01198    ,  0.205284   ,  5.46388    ,  0.376284   ,  0.113547   ])
46360   , -1867.45    , array([ 1.01198    ,  0.205284   ,  5.45731    ,  0.376284   ,  0.113547   ])
46361   , -1867.45    , array([ 1.01198    ,  0.205284   ,  5.45444    ,  0.376284   ,  0.113547   ])
46362   , -1867.45    , array([ 1.01198    ,  0.205284   ,  5.45295    ,  0.376284   ,  0.113547   ])
46363   , -1867.45    , array([ 1.01198    ,  0.205284   ,  5.45444    ,  0.376284   ,  0.113547   ])
46364   , -1953.65    , array([ 1.01198    ,  0.205284   ,  5.45444    ,  1.37628    ,  0.113547   ])
46366   , -1867.45    , array([ 1.01198    ,  0.205284   ,  5.45444    ,  0.376284   ,  0.113547   ])
46368   , -1817.3     , array([ 1.01198    ,  0.205284   ,  5.45444    ,  0.75825    ,  0.113547   ])
46369   , -1826.98    , array([ 1.01198    ,  0.205284   ,  5.45444    ,  0.567267   ,  0.113547   ])
46370   , -1816.97    , array([ 1.01198    ,  0.205284   ,  5.45444    ,  0.722825   ,  0.113547   ])
46371   , -1816.96    , array([ 1.01198    ,  0.205284   ,  5.45444    ,  0.728275   ,  0.113547   ])
46372   , -1816.96    , array([ 1.01198    ,  0.205284   ,  5.45444    ,  0.731795   ,  0.113547   ])
46373   , -1816.96    , array([ 1.01198    ,  0.205284   ,  5.45444    ,  0.728275   ,  0.113547   ])
46374   , -1819.93    , array([ 1.03529    ,  0.204116   ,  5.46427    ,  0.742839   ,  0.11352    ])
46375   , -1818.93    , array([ 0.974267   ,  0.207174   ,  5.43852    ,  0.704711   ,  0.11359    ])
46376   , -1816.96    , array([ 1.01198    ,  0.205284   ,  5.45444    ,  0.728275   ,  0.113547   ])
46377   , -1816.67    , array([ 0.997576   ,  0.206006   ,  5.44836    ,  0.719275   ,  0.113563   ])
46378   , -1817.12    , array([ 0.988673   ,  0.206452   ,  5.4446     ,  0.713712   ,  0.113573   ])
46379   , -1816.62    , array([ 1.00148    ,  0.205811   ,  5.45       ,  0.721712   ,  0.113559   ])
46380   , -1816.62    , array([ 1.00137    ,  0.205816   ,  5.44996    ,  0.721646   ,  0.113559   ])
46381   , -1816.62    , array([ 1.00127    ,  0.205821   ,  5.44991    ,  0.72158    ,  0.113559   ])
46382   , -1728.81    , array([ 1.01407    ,  0.190841   ,  5.30674    ,  1.08157    ,  0.112981   ])
46383   , -1816.62    , array([ 1.00137    ,  0.205816   ,  5.44996    ,  0.721646   ,  0.113559   ])
46384   , -1728.81    , array([ 1.01407    ,  0.190841   ,  5.30674    ,  1.08157    ,  0.112981   ])
46385   , -1690.95    , array([ 1.03462    ,  0.16661    ,  5.075      ,  1.66394    ,  0.112045   ])
46386   , -1684.85    , array([ 1.03038    ,  0.171606   ,  5.12278    ,  1.54387    ,  0.112238   ])
46387   , -1684.85    , array([ 1.03038    ,  0.171606   ,  5.12278    ,  1.54387    ,  0.112238   ])
46388   , -1690.36    , array([ 1.02415    ,  0.178953   ,  5.19304    ,  1.36729    ,  0.112522   ])
46389   , -1685.06    , array([ 1.028      ,  0.174413   ,  5.14962    ,  1.47642    ,  0.112347   ])
46390   , -1684.64    , array([ 1.0294     ,  0.172758   ,  5.13379    ,  1.51619    ,  0.112283   ])
46391   , -1684.66    , array([ 1.02912    ,  0.173088   ,  5.13695    ,  1.50825    ,  0.112295   ])
46392   , -1684.66    , array([ 1.02968    ,  0.172427   ,  5.13063    ,  1.52414    ,  0.11227    ])
46393   , -1684.64    , array([ 1.0294     ,  0.172758   ,  5.13379    ,  1.51619    ,  0.112283   ])
46394   , -10428.5    , array([ 1.0294     ,  0.172758   ,  5.13379    ,  1.51619    ,  1.11228    ])
46396   , -1684.64    , array([ 1.0294     ,  0.172758   ,  5.13379    ,  1.51619    ,  0.112283   ])
46398   , -7852.2     , array([ 1.0294     ,  0.172758   ,  5.13379    ,  1.51619    ,  0.494249   ])
46399   , -5541.88    , array([ 1.0294     ,  0.172758   ,  5.13379    ,  1.51619    ,  0.303216   ])
46401   , -16813.6    , array([ 1.0294     ,  0.172758   ,  5.13379    ,  1.51619    ,  0.0221128  ])
46402   , -3188.85    , array([ 1.0294     ,  0.172758   ,  5.13379    ,  1.51619    ,  0.185213   ])
46403   , -1883.21    , array([ 1.0294     ,  0.172758   ,  5.13379    ,  1.51619    ,  0.0778408  ])
46404   , -1631.03    , array([ 1.0294     ,  0.172758   ,  5.13379    ,  1.51619    ,  0.10679    ])
46405   , -1597.16    , array([ 1.0294     ,  0.172758   ,  5.13379    ,  1.51619    ,  0.100437   ])
46406   , -1615.5     , array([ 1.0294     ,  0.172758   ,  5.13379    ,  1.51619    ,  0.0918059  ])
46407   , -1593.96    , array([ 1.0294     ,  0.172758   ,  5.13379    ,  1.51619    ,  0.0982565  ])
46408   , -1593.9     , array([ 1.0294     ,  0.172758   ,  5.13379    ,  1.51619    ,  0.0980288  ])
46409   , -1593.9     , array([ 1.0294     ,  0.172758   ,  5.13379    ,  1.51619    ,  0.0978863  ])
46410   , -1593.91    , array([ 1.0294     ,  0.172758   ,  5.13379    ,  1.51619    ,  0.0977423  ])
46411   , -1593.9     , array([ 1.0294     ,  0.172758   ,  5.13379    ,  1.51619    ,  0.0978863  ])
46412   , -1593.99    , array([ 1.05271    ,  0.17159    ,  5.14363    ,  1.53076    ,  0.0978593  ])
46413   , -1600.02    , array([ 0.99169    ,  0.174648   ,  5.11788    ,  1.49263    ,  0.0979299  ])
46414   , -1593.9     , array([ 1.0294     ,  0.172758   ,  5.13379    ,  1.51619    ,  0.0978863  ])
46415   , -1595.28    , array([ 1.015      ,  0.17348    ,  5.12771    ,  1.50719    ,  0.0979029  ])
46416   , -1593.6     , array([ 1.03831    ,  0.172312   ,  5.13755    ,  1.52176    ,  0.097876   ])
46417   , -1593.59    , array([ 1.04002    ,  0.172226   ,  5.13827    ,  1.52282    ,  0.097874   ])
46418   , -1593.59    , array([ 1.04021    ,  0.172216   ,  5.13835    ,  1.52294    ,  0.0978738  ])
46419   , -1593.59    , array([ 1.04032    ,  0.172211   ,  5.13839    ,  1.52301    ,  0.0978736  ])
46420   , -1593.59    , array([ 1.04021    ,  0.172216   ,  5.13835    ,  1.52294    ,  0.0978738  ])
46421   , -1726.27    , array([ 1.04021    ,  0.172216   ,  6.13835    ,  1.52294    ,  0.0978738  ])
46422   , -1742.5     , array([ 1.04021    ,  0.172216   ,  3.52032    ,  1.52294    ,  0.0978738  ])
46423   , -1593.59    , array([ 1.04021    ,  0.172216   ,  5.13835    ,  1.52294    ,  0.0978738  ])
46424   , -1590.77    , array([ 1.04021    ,  0.172216   ,  4.52032    ,  1.52294    ,  0.0978738  ])
46425   , -1624.11    , array([ 1.04021    ,  0.172216   ,  4.13835    ,  1.52294    ,  0.0978738  ])
46426   , -1583.79    , array([ 1.04021    ,  0.172216   ,  4.80449    ,  1.52294    ,  0.0978738  ])
46427   , -1583.79    , array([ 1.04021    ,  0.172216   ,  4.80115    ,  1.52294    ,  0.0978738  ])
46428   , -1583.79    , array([ 1.04021    ,  0.172216   ,  4.79778    ,  1.52294    ,  0.0978738  ])
46429   , -1583.79    , array([ 1.04021    ,  0.172216   ,  4.80115    ,  1.52294    ,  0.0978738  ])
46430   , -1825.64    , array([ 1.04021    ,  0.172216   ,  4.80115    ,  2.52294    ,  0.0978738  ])
46432   , -1583.79    , array([ 1.04021    ,  0.172216   ,  4.80115    ,  1.52294    ,  0.0978738  ])
46433   , -1656.5     , array([ 1.04021    ,  0.172216   ,  4.80115    ,  0.904909   ,  0.0978738  ])
46434   , -1632.25    , array([ 1.04021    ,  0.172216   ,  4.80115    ,  1.90491    ,  0.0978738  ])
46435   , -1581.91    , array([ 1.04021    ,  0.172216   ,  4.80115    ,  1.45451    ,  0.0978738  ])
46436   , -1581.79    , array([ 1.04021    ,  0.172216   ,  4.80115    ,  1.42649    ,  0.0978738  ])
46437   , -1581.78    , array([ 1.04021    ,  0.172216   ,  4.80115    ,  1.43134    ,  0.0978738  ])
46438   , -1581.78    , array([ 1.04021    ,  0.172216   ,  4.80115    ,  1.43226    ,  0.0978738  ])
46439   , -1581.78    , array([ 1.04021    ,  0.172216   ,  4.80115    ,  1.43042    ,  0.0978738  ])
46440   , -1581.78    , array([ 1.04021    ,  0.172216   ,  4.80115    ,  1.43134    ,  0.0978738  ])
46441   , -1683.56    , array([ 1.06824    ,  0.139158   ,  4.48499    ,  2.22589    ,  0.0965976  ])
46442   , -2044.81    , array([ 0.99485    ,  0.225706   ,  5.31272    ,  0.145735   ,  0.0999386  ])
46443   , -1581.78    , array([ 1.04021    ,  0.172216   ,  4.80115    ,  1.43134    ,  0.0978738  ])
46444   , -1709.18    , array([ 1.02288    ,  0.192647   ,  4.99656    ,  0.940282   ,  0.0986625  ])
46445   , -1560.31    , array([ 1.05092    ,  0.159589   ,  4.68039    ,  1.73483    ,  0.0973863  ])
46446   , -1560.23    , array([ 1.05081    ,  0.159716   ,  4.6816     ,  1.73179    ,  0.0973912  ])
46447   , -1559.77    , array([ 1.0494     ,  0.161378   ,  4.69749    ,  1.69185    ,  0.0974554  ])
46448   , -1563.35    , array([ 1.04589    ,  0.165518   ,  4.73709    ,  1.59234    ,  0.0976152  ])
46449   , -1559.76    , array([ 1.04954    ,  0.161207   ,  4.69586    ,  1.69594    ,  0.0974488  ])
46450   , -1559.77    , array([ 1.04964    ,  0.161097   ,  4.69481    ,  1.69859    ,  0.0974445  ])
46451   , -1816.47    , array([ 1.09772    ,  0.116599   ,  3.94177    ,  2.67024    ,  0.0813388  ])
46452   , -1559.76    , array([ 1.04954    ,  0.161207   ,  4.69586    ,  1.69594    ,  0.0974488  ])
46453   , -10277      , array([ 1.04954    ,  0.161207   ,  4.69586    ,  1.69594    ,  1.09745    ])
46455   , -1559.76    , array([ 1.04954    ,  0.161207   ,  4.69586    ,  1.69594    ,  0.0974488  ])
46457   , -7918.37    , array([ 1.04954    ,  0.161207   ,  4.69586    ,  1.69594    ,  0.479415   ])
46458   , -5668.22    , array([ 1.04954    ,  0.161207   ,  4.69586    ,  1.69594    ,  0.28838    ])
46460   , -41593.8    , array([ 1.04954    ,  0.161207   ,  4.69586    ,  1.69594    ,  0.00727886 ])
46461   , -3189.81    , array([ 1.04954    ,  0.161207   ,  4.69586    ,  1.69594    ,  0.170378   ])
46462   , -2227.72    , array([ 1.04954    ,  0.161207   ,  4.69586    ,  1.69594    ,  0.0630069  ])
46463   , -1654.86    , array([ 1.04954    ,  0.161207   ,  4.69586    ,  1.69594    ,  0.105169   ])
46464   , -1528.89    , array([ 1.04954    ,  0.161207   ,  4.69586    ,  1.69594    ,  0.0931203  ])
46465   , -1560.13    , array([ 1.04954    ,  0.161207   ,  4.69586    ,  1.69594    ,  0.081618   ])
46466   , -1518.8     , array([ 1.04954    ,  0.161207   ,  4.69586    ,  1.69594    ,  0.0895522  ])
46467   , -1518.72    , array([ 1.04954    ,  0.161207   ,  4.69586    ,  1.69594    ,  0.0887453  ])
46468   , -1518.65    , array([ 1.04954    ,  0.161207   ,  4.69586    ,  1.69594    ,  0.089066   ])
46469   , -1518.65    , array([ 1.04954    ,  0.161207   ,  4.69586    ,  1.69594    ,  0.0891498  ])
46470   , -1518.65    , array([ 1.04954    ,  0.161207   ,  4.69586    ,  1.69594    ,  0.0889822  ])
46471   , -1518.65    , array([ 1.04954    ,  0.161207   ,  4.69586    ,  1.69594    ,  0.089066   ])
46472   , -1515.77    , array([ 1.07285    ,  0.160039   ,  4.7057     ,  1.7105     ,  0.0890391  ])
46473   , -1516.73    , array([ 1.11057    ,  0.158149   ,  4.72161    ,  1.73407    ,  0.0889955  ])
46474   , -1515.77    , array([ 1.07285    ,  0.160039   ,  4.7057     ,  1.7105     ,  0.0890391  ])
46475   , -1515.35    , array([ 1.08726    ,  0.159317   ,  4.71177    ,  1.7195     ,  0.0890224  ])
46476   , -1515.59    , array([ 1.09616    ,  0.158871   ,  4.71553    ,  1.72507    ,  0.0890121  ])
46477   , -1515.35    , array([ 1.08621    ,  0.15937    ,  4.71133    ,  1.71885    ,  0.0890236  ])
46478   , -1515.35    , array([ 1.08584    ,  0.159388   ,  4.71118    ,  1.71862    ,  0.0890241  ])
46479   , -1515.35    , array([ 1.08658    ,  0.159351   ,  4.71149    ,  1.71908    ,  0.0890232  ])
46480   , -1515.35    , array([ 1.08621    ,  0.15937    ,  4.71133    ,  1.71885    ,  0.0890236  ])
46481   , -1592.27    , array([ 1.08621    ,  0.15937    ,  5.71133    ,  1.71885    ,  0.0890236  ])
46482   , -1735       , array([ 1.08621    ,  0.15937    ,  3.0933     ,  1.71885    ,  0.0890236  ])
46483   , -1515.35    , array([ 1.08621    ,  0.15937    ,  4.71133    ,  1.71885    ,  0.0890236  ])
46484   , -1542.87    , array([ 1.08621    ,  0.15937    ,  4.0933     ,  1.71885    ,  0.0890236  ])
46485   , -1528.26    , array([ 1.08621    ,  0.15937    ,  5.0933     ,  1.71885    ,  0.0890236  ])
46486   , -1515.27    , array([ 1.08621    ,  0.15937    ,  4.68655    ,  1.71885    ,  0.0890236  ])
46487   , -1515.26    , array([ 1.08621    ,  0.15937    ,  4.67687    ,  1.71885    ,  0.0890236  ])
46488   , -1515.26    , array([ 1.08621    ,  0.15937    ,  4.67752    ,  1.71885    ,  0.0890236  ])
46489   , -1515.26    , array([ 1.08621    ,  0.15937    ,  4.67786    ,  1.71885    ,  0.0890236  ])
46490   , -1515.26    , array([ 1.08621    ,  0.15937    ,  4.67752    ,  1.71885    ,  0.0890236  ])
46491   , -1724.28    , array([ 1.08621    ,  0.15937    ,  4.67752    ,  2.71885    ,  0.0890236  ])
46492   , -2132.67    , array([ 1.08621    ,  0.15937    ,  4.67752    ,  0.100815   ,  0.0890236  ])
46493   , -1515.26    , array([ 1.08621    ,  0.15937    ,  4.67752    ,  1.71885    ,  0.0890236  ])
46494   , -1571.14    , array([ 1.08621    ,  0.15937    ,  4.67752    ,  1.10081    ,  0.0890236  ])
46495   , -1557.84    , array([ 1.08621    ,  0.15937    ,  4.67752    ,  2.10081    ,  0.0890236  ])
46496   , -1513.12    , array([ 1.08621    ,  0.15937    ,  4.67752    ,  1.63378    ,  0.0890236  ])
46497   , -1513.04    , array([ 1.08621    ,  0.15937    ,  4.67752    ,  1.60811    ,  0.0890236  ])
46498   , -1513.03    , array([ 1.08621    ,  0.15937    ,  4.67752    ,  1.61306    ,  0.0890236  ])
46499   , -1513.03    , array([ 1.08621    ,  0.15937    ,  4.67752    ,  1.61412    ,  0.0890236  ])
46500   , -1513.03    , array([ 1.08621    ,  0.15937    ,  4.67752    ,  1.612      ,  0.0890236  ])
46501   , -1513.03    , array([ 1.08621    ,  0.15937    ,  4.67752    ,  1.61306    ,  0.0890236  ])
46502   , -1736.33    , array([ 1.11424    ,  0.126312   ,  4.36135    ,  2.40761    ,  0.0877475  ])
46503   , -2017.08    , array([ 1.04085    ,  0.212859   ,  5.18909    ,  0.327458   ,  0.0910884  ])
46504   , -1513.03    , array([ 1.08621    ,  0.15937    ,  4.67752    ,  1.61306    ,  0.0890236  ])
46505   , -1641.43    , array([ 1.06888    ,  0.179801   ,  4.87292    ,  1.12201    ,  0.0898123  ])
46506   , -1513.2     , array([ 1.09692    ,  0.146743   ,  4.55675    ,  1.91655    ,  0.0885362  ])
46507   , -1503.26    , array([ 1.09153    ,  0.153091   ,  4.61746    ,  1.76398    ,  0.0887812  ])
46508   , -1503.26    , array([ 1.09159    ,  0.153028   ,  4.61686    ,  1.76549    ,  0.0887788  ])
46509   , -1503.25    , array([ 1.09172    ,  0.152866   ,  4.61532    ,  1.76937    ,  0.0887726  ])
46510   , -1504.66    , array([ 1.09371    ,  0.150527   ,  4.59295    ,  1.82559    ,  0.0886823  ])
46511   , -1503.25    , array([ 1.09167    ,  0.152931   ,  4.61594    ,  1.76781    ,  0.0887751  ])
46512   , -1503.25    , array([ 1.09178    ,  0.152801   ,  4.6147     ,  1.77093    ,  0.0887701  ])
46513   , -1453.23    , array([ 1.1339     ,  0.144525   ,  4.53478    ,  1.8428     ,  0.0800964  ])
46514   , -1503.25    , array([ 1.09172    ,  0.152866   ,  4.61532    ,  1.76937    ,  0.0887726  ])
46515   , -1453.23    , array([ 1.1339     ,  0.144525   ,  4.53478    ,  1.8428     ,  0.0800964  ])
46516   , -1402.61    , array([ 1.20215    ,  0.13103    ,  4.40445    ,  1.96161    ,  0.066058   ])
46517   , -1444.42    , array([ 1.26022    ,  0.119547   ,  4.29357    ,  2.0627     ,  0.0541136  ])
46518   , -1402.61    , array([ 1.20215    ,  0.13103    ,  4.40445    ,  1.96161    ,  0.066058   ])
46519   , -1415.02    , array([ 1.17608    ,  0.136184   ,  4.45423    ,  1.91623    ,  0.0714202  ])
46520   , -1403.71    , array([ 1.22433    ,  0.126643   ,  4.3621     ,  2.00023    ,  0.0614956  ])
46521   , -1401.47    , array([ 1.21097    ,  0.129286   ,  4.38762    ,  1.97696    ,  0.0642444  ])
46522   , -1401.46    , array([ 1.21216    ,  0.12905    ,  4.38534    ,  1.97904    ,  0.0639992  ])
46523   , -1401.49    , array([ 1.21337    ,  0.128812   ,  4.38304    ,  1.98113    ,  0.0637514  ])
46524   , -1401.46    , array([ 1.21216    ,  0.12905    ,  4.38534    ,  1.97904    ,  0.0639992  ])
46525   , -1888.9     , array([ 1.24019    ,  0.0959921  ,  4.06917    ,  2.77358    ,  0.062723   ])
46526   , -2411.6     , array([ 1.1668     ,  0.182539   ,  4.89691    ,  0.693434   ,  0.066064   ])
46527   , -1401.46    , array([ 1.21216    ,  0.12905    ,  4.38534    ,  1.97904    ,  0.0639992  ])
46528   , -1666.22    , array([ 1.19484    ,  0.149481   ,  4.58074    ,  1.48798    ,  0.0647878  ])
46529   , -1401.18    , array([ 1.22287    ,  0.116423   ,  4.26458    ,  2.28253    ,  0.0635117  ])
46530   , -1380.54    , array([ 1.21754    ,  0.122708   ,  4.32469    ,  2.13147    ,  0.0637543  ])
46531   , -1380.56    , array([ 1.21748    ,  0.122771   ,  4.32529    ,  2.12995    ,  0.0637568  ])
46532   , -1380.52    , array([ 1.21771    ,  0.122505   ,  4.32275    ,  2.13634    ,  0.0637465  ])
46533   , -1383.38    , array([ 1.21968    ,  0.120182   ,  4.30053    ,  2.19218    ,  0.0636568  ])
46534   , -1380.52    , array([ 1.21777    ,  0.12244    ,  4.32212    ,  2.13791    ,  0.063744   ])
46535   , -1380.52    , array([ 1.21766    ,  0.122571   ,  4.32337    ,  2.13477    ,  0.063749   ])
46536   , -1380.52    , array([ 1.21771    ,  0.122505   ,  4.32275    ,  2.13634    ,  0.0637465  ])
46537   , -1387.65    , array([ 1.24102    ,  0.121337   ,  4.33258    ,  2.1509     ,  0.0637196  ])
46538   , -1374.19    , array([ 1.18       ,  0.124396   ,  4.30684    ,  2.11278    ,  0.0637901  ])
46539   , -1373.47    , array([ 1.16189    ,  0.125303   ,  4.2992     ,  2.10146    ,  0.063811   ])
46540   , -1375.56    , array([ 1.13259    ,  0.126771   ,  4.28684    ,  2.08316    ,  0.0638449  ])
46541   , -1373.47    , array([ 1.16189    ,  0.125303   ,  4.2992     ,  2.10146    ,  0.063811   ])
46542   , -1373.79    , array([ 1.1507     ,  0.125864   ,  4.29448    ,  2.09447    ,  0.063824   ])
46543   , -1373.57    , array([ 1.16881    ,  0.124956   ,  4.30211    ,  2.10579    ,  0.063803   ])
46544   , -1373.47    , array([ 1.16245    ,  0.125275   ,  4.29943    ,  2.10181    ,  0.0638104  ])
46545   , -1373.47    , array([ 1.163      ,  0.125247   ,  4.29967    ,  2.10216    ,  0.0638097  ])
46546   , -1373.47    , array([ 1.16245    ,  0.125275   ,  4.29943    ,  2.10181    ,  0.0638104  ])
46547   , -1407.39    , array([ 1.16245    ,  0.125275   ,  5.29943    ,  2.10181    ,  0.0638104  ])
46548   , -1541.82    , array([ 1.16245    ,  0.125275   ,  2.6814     ,  2.10181    ,  0.0638104  ])
46549   , -1373.47    , array([ 1.16245    ,  0.125275   ,  4.29943    ,  2.10181    ,  0.0638104  ])
46550   , -1401.79    , array([ 1.16245    ,  0.125275   ,  3.6814     ,  2.10181    ,  0.0638104  ])
46551   , -1375.48    , array([ 1.16245    ,  0.125275   ,  4.6814     ,  2.10181    ,  0.0638104  ])
46552   , -1372.56    , array([ 1.16245    ,  0.125275   ,  4.43885    ,  2.10181    ,  0.0638104  ])
46553   , -1372.56    , array([ 1.16245    ,  0.125275   ,  4.43636    ,  2.10181    ,  0.0638104  ])
46554   , -1372.56    , array([ 1.16245    ,  0.125275   ,  4.43499    ,  2.10181    ,  0.0638104  ])
46555   , -1372.56    , array([ 1.16245    ,  0.125275   ,  4.43364    ,  2.10181    ,  0.0638104  ])
46556   , -1372.56    , array([ 1.16245    ,  0.125275   ,  4.43499    ,  2.10181    ,  0.0638104  ])
46557   , -1506.49    , array([ 1.16245    ,  0.125275   ,  4.43499    ,  3.10181    ,  0.0638104  ])
46558   , -1669       , array([ 1.16245    ,  0.125275   ,  4.43499    ,  0.483779   ,  0.0638104  ])
46559   , -1372.56    , array([ 1.16245    ,  0.125275   ,  4.43499    ,  2.10181    ,  0.0638104  ])
46560   , -1395.33    , array([ 1.16245    ,  0.125275   ,  4.43499    ,  1.48378    ,  0.0638104  ])
46561   , -1401.56    , array([ 1.16245    ,  0.125275   ,  4.43499    ,  2.48378    ,  0.0638104  ])
46562   , -1369.68    , array([ 1.16245    ,  0.125275   ,  4.43499    ,  1.95617    ,  0.0638104  ])
46563   , -1369.65    , array([ 1.16245    ,  0.125275   ,  4.43499    ,  1.9465     ,  0.0638104  ])
46564   , -1369.65    , array([ 1.16245    ,  0.125275   ,  4.43499    ,  1.94165    ,  0.0638104  ])
46565   , -1369.65    , array([ 1.16245    ,  0.125275   ,  4.43499    ,  1.94325    ,  0.0638104  ])
46566   , -1369.65    , array([ 1.16245    ,  0.125275   ,  4.43499    ,  1.94005    ,  0.0638104  ])
46567   , -1369.65    , array([ 1.16245    ,  0.125275   ,  4.43499    ,  1.94165    ,  0.0638104  ])
46568   , -1714.52    , array([ 1.28289    ,  0.101459   ,  4.20501    ,  2.15132    ,  0.039037   ])
46569   , -1622.04    , array([ 0.967577   ,  0.16381    ,  4.8071     ,  1.6024     ,  0.103895   ])
46570   , -1369.65    , array([ 1.16245    ,  0.125275   ,  4.43499    ,  1.94165    ,  0.0638104  ])
46571   , -1445.28    , array([ 1.08801    ,  0.139994   ,  4.57713    ,  1.81207    ,  0.0791212  ])
46572   , -1375.05    , array([ 1.20845    ,  0.116178   ,  4.34715    ,  2.02174    ,  0.0543478  ])
46573   , -1363.76    , array([ 1.17921    ,  0.12196    ,  4.40298    ,  1.97084    ,  0.0603619  ])
46574   , -1363.51    , array([ 1.18179    ,  0.121451   ,  4.39806    ,  1.97532    ,  0.0598322  ])
46575   , -1363.46    , array([ 1.18424    ,  0.120966   ,  4.39338    ,  1.97958    ,  0.0593282  ])
46576   , -1363.45    , array([ 1.18372    ,  0.121068   ,  4.39437    ,  1.97869    ,  0.0594344  ])
46577   , -1363.45    , array([ 1.18351    ,  0.12111    ,  4.39478    ,  1.97832    ,  0.0594782  ])
46578   , -1363.45    , array([ 1.18393    ,  0.121026   ,  4.39396    ,  1.97906    ,  0.0593907  ])
46579   , -2211.05    , array([ 1.27572    ,  0.0892699  ,  4.17342    ,  2.188      ,  0.0300963  ])
46580   , -1363.45    , array([ 1.18372    ,  0.121068   ,  4.39437    ,  1.97869    ,  0.0594344  ])
46581   , -2097.91    , array([ 1.21176    ,  0.08801    ,  4.0782     ,  2.77323    ,  0.0581583  ])
46582   , -2441.72    , array([ 1.13836    ,  0.174557   ,  4.90594    ,  0.693081   ,  0.0614992  ])
46583   , -1363.45    , array([ 1.18372    ,  0.121068   ,  4.39437    ,  1.97869    ,  0.0594344  ])
46584   , -1624.23    , array([ 1.1664     ,  0.141499   ,  4.58977    ,  1.48763    ,  0.0602231  ])
46585   , -1406.65    , array([ 1.19443    ,  0.108441   ,  4.2736     ,  2.28218    ,  0.058947   ])
46586   , -1355.69    , array([ 1.18611    ,  0.118248   ,  4.3674     ,  2.04646    ,  0.0593256  ])
46587   , -1355.13    , array([ 1.18677    ,  0.117472   ,  4.35998    ,  2.06511    ,  0.0592956  ])
46588   , -1355.1     , array([ 1.18699    ,  0.117218   ,  4.35755    ,  2.07121    ,  0.0592858  ])
46589   , -1355.1     , array([ 1.18695    ,  0.117257   ,  4.35792    ,  2.07029    ,  0.0592873  ])
46590   , -1355.1     , array([ 1.18692    ,  0.117295   ,  4.35828    ,  2.06937    ,  0.0592888  ])
46591   , -1355.1     , array([ 1.18695    ,  0.117257   ,  4.35792    ,  2.07029    ,  0.0592873  ])
46592   , -1361.14    , array([ 1.21026    ,  0.116089   ,  4.36775    ,  2.08485    ,  0.0592604  ])
46593   , -1351.08    , array([ 1.14924    ,  0.119147   ,  4.34201    ,  2.04673    ,  0.0593309  ])
46594   , -1351.07    , array([ 1.14675    ,  0.119272   ,  4.34096    ,  2.04517    ,  0.0593338  ])
46595   , -1351.11    , array([ 1.14272    ,  0.119474   ,  4.33925    ,  2.04265    ,  0.0593385  ])
46596   , -1351.07    , array([ 1.14675    ,  0.119272   ,  4.34096    ,  2.04517    ,  0.0593338  ])
46597   , -1351.07    , array([ 1.14521    ,  0.119349   ,  4.34031    ,  2.04421    ,  0.0593356  ])
46598   , -1351.07    , array([ 1.1477     ,  0.119224   ,  4.34136    ,  2.04576    ,  0.0593327  ])
46599   , -1351.07    , array([ 1.14715    ,  0.119252   ,  4.34113    ,  2.04542    ,  0.0593333  ])
46600   , -1351.07    , array([ 1.14635    ,  0.119292   ,  4.34079    ,  2.04492    ,  0.0593343  ])
46601   , -1351.07    , array([ 1.14675    ,  0.119272   ,  4.34096    ,  2.04517    ,  0.0593338  ])
46602   , -1380.09    , array([ 1.14675    ,  0.119272   ,  5.34096    ,  2.04517    ,  0.0593338  ])
46603   , -1503.93    , array([ 1.14675    ,  0.119272   ,  2.72292    ,  2.04517    ,  0.0593338  ])
46604   , -1351.07    , array([ 1.14675    ,  0.119272   ,  4.34096    ,  2.04517    ,  0.0593338  ])
46605   , -1377.4     , array([ 1.14675    ,  0.119272   ,  3.72292    ,  2.04517    ,  0.0593338  ])
46606   , -1352.29    , array([ 1.14675    ,  0.119272   ,  4.72292    ,  2.04517    ,  0.0593338  ])
46607   , -1350.03    , array([ 1.14675    ,  0.119272   ,  4.4969     ,  2.04517    ,  0.0593338  ])
46608   , -1350.02    , array([ 1.14675    ,  0.119272   ,  4.49526    ,  2.04517    ,  0.0593338  ])
46609   , -1350.02    , array([ 1.14675    ,  0.119272   ,  4.49372    ,  2.04517    ,  0.0593338  ])
46610   , -1350.03    , array([ 1.14675    ,  0.119272   ,  4.49219    ,  2.04517    ,  0.0593338  ])
46611   , -1350.02    , array([ 1.14675    ,  0.119272   ,  4.49372    ,  2.04517    ,  0.0593338  ])
46612   , -1463.1     , array([ 1.14675    ,  0.119272   ,  4.49372    ,  3.04517    ,  0.0593338  ])
46613   , -1632.37    , array([ 1.14675    ,  0.119272   ,  4.49372    ,  0.427134   ,  0.0593338  ])
46614   , -1350.02    , array([ 1.14675    ,  0.119272   ,  4.49372    ,  2.04517    ,  0.0593338  ])
46615   , -1376.48    , array([ 1.14675    ,  0.119272   ,  4.49372    ,  1.42713    ,  0.0593338  ])
46616   , -1372.89    , array([ 1.14675    ,  0.119272   ,  4.49372    ,  2.42713    ,  0.0593338  ])
46617   , -1348.69    , array([ 1.14675    ,  0.119272   ,  4.49372    ,  1.94461    ,  0.0593338  ])
46618   , -1348.67    , array([ 1.14675    ,  0.119272   ,  4.49372    ,  1.92641    ,  0.0593338  ])
46619   , -1348.67    , array([ 1.14675    ,  0.119272   ,  4.49372    ,  1.93008    ,  0.0593338  ])
46620   , -1348.67    , array([ 1.14675    ,  0.119272   ,  4.49372    ,  1.93123    ,  0.0593338  ])
46621   , -1348.67    , array([ 1.14675    ,  0.119272   ,  4.49372    ,  1.92893    ,  0.0593338  ])
46622   , -1348.67    , array([ 1.14675    ,  0.119272   ,  4.49372    ,  1.93008    ,  0.0593338  ])
46623   , -1904.62    , array([ 1.26718    ,  0.0954558  ,  4.26374    ,  2.13975    ,  0.0345604  ])
46624   , -1604.4     , array([ 0.951876   ,  0.157807   ,  4.86583    ,  1.59083    ,  0.099418   ])
46625   , -1348.67    , array([ 1.14675    ,  0.119272   ,  4.49372    ,  1.93008    ,  0.0593338  ])
46626   , -1420.9     , array([ 1.07231    ,  0.133991   ,  4.63585    ,  1.8005     ,  0.0746446  ])
46627   , -1376.31    , array([ 1.19275    ,  0.110175   ,  4.40587    ,  2.01016    ,  0.0498712  ])
46628   , -1348.68    , array([ 1.14672    ,  0.119277   ,  4.49377    ,  1.93003    ,  0.0593395  ])
46629   , -1347       , array([ 1.15485    ,  0.11767    ,  4.47825    ,  1.94418    ,  0.0576679  ])
46630   , -1349.79    , array([ 1.16932    ,  0.114807   ,  4.45061    ,  1.96938    ,  0.0546898  ])
46631   , -1346.92    , array([ 1.15771    ,  0.117104   ,  4.47278    ,  1.94916    ,  0.0570786  ])
46632   , -1346.91    , array([ 1.15718    ,  0.11721    ,  4.47381    ,  1.94823    ,  0.0571887  ])
46633   , -1346.91    , array([ 1.15707    ,  0.11723    ,  4.474      ,  1.94805    ,  0.0572102  ])
46634   , -1346.91    , array([ 1.15697    ,  0.117251   ,  4.4742     ,  1.94787    ,  0.0572314  ])
46635   , -1334.36    , array([ 1.13042    ,  0.113393   ,  4.55364    ,  1.91742    ,  0.0549859  ])
46636   , -1346.91    , array([ 1.15707    ,  0.11723    ,  4.474      ,  1.94805    ,  0.0572102  ])
46637   , -1334.36    , array([ 1.13042    ,  0.113393   ,  4.55364    ,  1.91742    ,  0.0549859  ])
46638   , -1322.34    , array([ 1.0873     ,  0.107183   ,  4.68249    ,  1.86785    ,  0.051387   ])
46639   , -1319.86    , array([ 1.05822    ,  0.102995   ,  4.76939    ,  1.83442    ,  0.0489599  ])
46640   , -1325.02    , array([ 1.01116    ,  0.0962188  ,  4.91       ,  1.78033    ,  0.0450326  ])
46641   , -1319.86    , array([ 1.05822    ,  0.102995   ,  4.76939    ,  1.83442    ,  0.0489599  ])
46642   , -1320.52    , array([ 1.04024    ,  0.100407   ,  4.8231     ,  1.81376    ,  0.0474598  ])
46643   , -1320.28    , array([ 1.06932    ,  0.104595   ,  4.7362     ,  1.84719    ,  0.049887   ])
46644   , -1319.85    , array([ 1.05635    ,  0.102727   ,  4.77496    ,  1.83228    ,  0.0488044  ])
46645   , -1319.85    , array([ 1.05535    ,  0.102582   ,  4.77797    ,  1.83112    ,  0.0487203  ])
46646   , -1319.85    , array([ 1.05635    ,  0.102727   ,  4.77496    ,  1.83228    ,  0.0488044  ])
46647   , -2763.83    , array([ 1.17679    ,  0.0789106  ,  4.54498    ,  2.04195    ,  0.024031   ])
46648   , -1656.95    , array([ 0.861482   ,  0.141262   ,  5.14707    ,  1.49303    ,  0.0888887  ])
46649   , -1319.85    , array([ 1.05635    ,  0.102727   ,  4.77496    ,  1.83228    ,  0.0488044  ])
46650   , -1413.59    , array([ 0.981919   ,  0.117446   ,  4.91709    ,  1.7027     ,  0.0641152  ])
46651   , -1406.35    , array([ 1.10236    ,  0.0936298  ,  4.68711    ,  1.91237    ,  0.0393418  ])
46652   , -1325.08    , array([ 1.04329    ,  0.10531    ,  4.7999     ,  1.80954    ,  0.0514914  ])
46653   , -1320       , array([ 1.05501    ,  0.102993   ,  4.77752    ,  1.82994    ,  0.0490809  ])
46654   , -1319.8     , array([ 1.05793    ,  0.102414   ,  4.77194    ,  1.83503    ,  0.0484791  ])
46655   , -1319.8     , array([ 1.05767    ,  0.102465   ,  4.77243    ,  1.83458    ,  0.0485325  ])
46656   , -1319.8     , array([ 1.05766    ,  0.102468   ,  4.77246    ,  1.83456    ,  0.0485352  ])
46657   , -1319.8     , array([ 1.05765    ,  0.102471   ,  4.77248    ,  1.83453    ,  0.0485379  ])
46658   , -1319.8     , array([ 1.05766    ,  0.102468   ,  4.77246    ,  1.83456    ,  0.0485352  ])
46659   , -1323.67    , array([ 1.08097    ,  0.1013     ,  4.78229    ,  1.84912    ,  0.0485083  ])
46660   , -1321.5     , array([ 1.01995    ,  0.104358   ,  4.75655    ,  1.81099    ,  0.0485788  ])
46661   , -1319.8     , array([ 1.05766    ,  0.102468   ,  4.77246    ,  1.83456    ,  0.0485352  ])
46662   , -1319.29    , array([ 1.04326    ,  0.10319    ,  4.76638    ,  1.82556    ,  0.0485519  ])
46663   , -1319.69    , array([ 1.03435    ,  0.103636   ,  4.76262    ,  1.81999    ,  0.0485622  ])
46664   , -1319.27    , array([ 1.04532    ,  0.103087   ,  4.76725    ,  1.82684    ,  0.0485495  ])
46665   , -1319.27    , array([ 1.04519    ,  0.103093   ,  4.7672     ,  1.82677    ,  0.0485496  ])
46666   , -1319.27    , array([ 1.04544    ,  0.10308    ,  4.7673     ,  1.82692    ,  0.0485494  ])
46667   , -1319.27    , array([ 1.04532    ,  0.103087   ,  4.76725    ,  1.82684    ,  0.0485495  ])
46668   , -1344.4     , array([ 1.04532    ,  0.103087   ,  5.76725    ,  1.82684    ,  0.0485495  ])
46669   , -1419.79    , array([ 1.04532    ,  0.103087   ,  3.14922    ,  1.82684    ,  0.0485495  ])
46670   , -1319.27    , array([ 1.04532    ,  0.103087   ,  4.76725    ,  1.82684    ,  0.0485495  ])
46671   , -1335.35    , array([ 1.04532    ,  0.103087   ,  4.14922    ,  1.82684    ,  0.0485495  ])
46672   , -1321.77    , array([ 1.04532    ,  0.103087   ,  5.14922    ,  1.82684    ,  0.0485495  ])
46673   , -1319.03    , array([ 1.04532    ,  0.103087   ,  4.85792    ,  1.82684    ,  0.0485495  ])
46674   , -1319.03    , array([ 1.04532    ,  0.103087   ,  4.85432    ,  1.82684    ,  0.0485495  ])
46675   , -1319.03    , array([ 1.04532    ,  0.103087   ,  4.85345    ,  1.82684    ,  0.0485495  ])
46676   , -1319.03    , array([ 1.04532    ,  0.103087   ,  4.85259    ,  1.82684    ,  0.0485495  ])
46677   , -1319.03    , array([ 1.04532    ,  0.103087   ,  4.85345    ,  1.82684    ,  0.0485495  ])
46678   , -1377.47    , array([ 1.04532    ,  0.103087   ,  4.85345    ,  2.82684    ,  0.0485495  ])
46679   , -1580.26    , array([ 1.04532    ,  0.103087   ,  4.85345    ,  0.208811   ,  0.0485495  ])
46680   , -1319.03    , array([ 1.04532    ,  0.103087   ,  4.85345    ,  1.82684    ,  0.0485495  ])
46681   , -1357.8     , array([ 1.04532    ,  0.103087   ,  4.85345    ,  1.20881    ,  0.0485495  ])
46682   , -1325.36    , array([ 1.04532    ,  0.103087   ,  4.85345    ,  2.20881    ,  0.0485495  ])
46683   , -1318.58    , array([ 1.04532    ,  0.103087   ,  4.85345    ,  1.91337    ,  0.0485495  ])
46684   , -1318.57    , array([ 1.04532    ,  0.103087   ,  4.85345    ,  1.90555    ,  0.0485495  ])
46685   , -1318.57    , array([ 1.04532    ,  0.103087   ,  4.85345    ,  1.90453    ,  0.0485495  ])
46686   , -1318.57    , array([ 1.04532    ,  0.103087   ,  4.85345    ,  1.90375    ,  0.0485495  ])
46687   , -1318.57    , array([ 1.04532    ,  0.103087   ,  4.85345    ,  1.90453    ,  0.0485495  ])
46688   , -1341.01    , array([ 0.944599   ,  0.0885831  ,  5.1544     ,  1.78876    ,  0.0401437  ])
46689   , -1400.51    , array([ 1.20828    ,  0.126554   ,  4.3665     ,  2.09185    ,  0.0621504  ])
46690   , -1318.57    , array([ 1.04532    ,  0.103087   ,  4.85345    ,  1.90453    ,  0.0485495  ])
46691   , -1331.99    , array([ 1.10756    ,  0.11205    ,  4.66745    ,  1.97608    ,  0.0537446  ])
46692   , -1320.89    , array([ 1.00685    ,  0.0975468  ,  4.9684     ,  1.86031    ,  0.0453388  ])
46693   , -1318.4     , array([ 1.03707    ,  0.101899   ,  4.8781     ,  1.89504    ,  0.047861   ])
46694   , -1318.4     , array([ 1.03728    ,  0.10193    ,  4.87746    ,  1.89529    ,  0.047879   ])
46695   , -1318.4     , array([ 1.03736    ,  0.101941   ,  4.87722    ,  1.89538    ,  0.0478857  ])
46696   , -1318.4     , array([ 1.0372     ,  0.101918   ,  4.8777     ,  1.8952     ,  0.0478723  ])
46697   , -1352.06    , array([ 0.917495   ,  0.0866291  ,  5.28091    ,  1.84253    ,  0.0385477  ])
46698   , -1318.4     , array([ 1.03728    ,  0.10193    ,  4.87746    ,  1.89529    ,  0.047879   ])
46699   , -3007.39    , array([ 1.15772    ,  0.0781136  ,  4.64748    ,  2.10496    ,  0.0231055  ])
46700   , -1624.04    , array([ 0.842412   ,  0.140465   ,  5.24957    ,  1.55604    ,  0.0879632  ])
46701   , -1318.4     , array([ 1.03728    ,  0.10193    ,  4.87746    ,  1.89529    ,  0.047879   ])
46702   , -1389.24    , array([ 0.962849   ,  0.116649   ,  5.01959    ,  1.76571    ,  0.0631898  ])
46703   , -1440.11    , array([ 1.08329    ,  0.0928328  ,  4.78961    ,  1.97538    ,  0.0384164  ])
46704   , -1321.39    , array([ 1.016      ,  0.106139   ,  4.9181     ,  1.85824    ,  0.0522574  ])
46705   , -1316.9     , array([ 1.03123    ,  0.103126   ,  4.889      ,  1.88476    ,  0.049123   ])
46706   , -1316.85    , array([ 1.02939    ,  0.103491   ,  4.89253    ,  1.88155    ,  0.0495031  ])
46707   , -1316.85    , array([ 1.02988    ,  0.103394   ,  4.89159    ,  1.8824     ,  0.049402   ])
46708   , -1316.85    , array([ 1.0298     ,  0.103409   ,  4.89174    ,  1.88227    ,  0.0494172  ])
46709   , -1316.85    , array([ 1.02995    ,  0.103379   ,  4.89145    ,  1.88253    ,  0.0493868  ])
46710   , -1316.85    , array([ 1.02988    ,  0.103394   ,  4.89159    ,  1.8824     ,  0.049402   ])
46711   , -1319.56    , array([ 1.05319    ,  0.102226   ,  4.90143    ,  1.89697    ,  0.0493751  ])
46712   , -1320.6     , array([ 0.992164   ,  0.105284   ,  4.87568    ,  1.85884    ,  0.0494456  ])
46713   , -1316.85    , array([ 1.02988    ,  0.103394   ,  4.89159    ,  1.8824     ,  0.049402   ])
46714   , -1317.09    , array([ 1.01547    ,  0.104116   ,  4.88552    ,  1.8734     ,  0.0494187  ])
46715   , -1317.43    , array([ 1.03878    ,  0.102948   ,  4.89535    ,  1.88796    ,  0.0493917  ])
46716   , -1316.76    , array([ 1.02505    ,  0.103636   ,  4.88956    ,  1.87938    ,  0.0494076  ])
46717   , -1316.76    , array([ 1.025      ,  0.103638   ,  4.88954    ,  1.87935    ,  0.0494077  ])
46718   , -1316.76    , array([ 1.0251     ,  0.103634   ,  4.88958    ,  1.87941    ,  0.0494075  ])
46719   , -1316.76    , array([ 1.02505    ,  0.103636   ,  4.88956    ,  1.87938    ,  0.0494076  ])
46720   , -1343.69    , array([ 1.02505    ,  0.103636   ,  5.88956    ,  1.87938    ,  0.0494076  ])
46721   , -1416.26    , array([ 1.02505    ,  0.103636   ,  3.27152    ,  1.87938    ,  0.0494076  ])
46722   , -1316.76    , array([ 1.02505    ,  0.103636   ,  4.88956    ,  1.87938    ,  0.0494076  ])
46723   , -1332.15    , array([ 1.02505    ,  0.103636   ,  4.27152    ,  1.87938    ,  0.0494076  ])
46724   , -1319.85    , array([ 1.02505    ,  0.103636   ,  5.27152    ,  1.87938    ,  0.0494076  ])
46725   , -1316.63    , array([ 1.02505    ,  0.103636   ,  4.9581     ,  1.87938    ,  0.0494076  ])
46726   , -1316.63    , array([ 1.02505    ,  0.103636   ,  4.95383    ,  1.87938    ,  0.0494076  ])
46727   , -1316.63    , array([ 1.02505    ,  0.103636   ,  4.95319    ,  1.87938    ,  0.0494076  ])
46728   , -1316.63    , array([ 1.02505    ,  0.103636   ,  4.95255    ,  1.87938    ,  0.0494076  ])
46729   , -1316.63    , array([ 1.02505    ,  0.103636   ,  4.95319    ,  1.87938    ,  0.0494076  ])
46730   , -1375.02    , array([ 1.02505    ,  0.103636   ,  4.95319    ,  2.87938    ,  0.0494076  ])
46731   , -1585.43    , array([ 1.02505    ,  0.103636   ,  4.95319    ,  0.26135    ,  0.0494076  ])
46732   , -1316.63    , array([ 1.02505    ,  0.103636   ,  4.95319    ,  1.87938    ,  0.0494076  ])
46733   , -1356.93    , array([ 1.02505    ,  0.103636   ,  4.95319    ,  1.26135    ,  0.0494076  ])
46734   , -1322.63    , array([ 1.02505    ,  0.103636   ,  4.95319    ,  2.26135    ,  0.0494076  ])
46735   , -1316.07    , array([ 1.02505    ,  0.103636   ,  4.95319    ,  1.97333    ,  0.0494076  ])
46736   , -1316.07    , array([ 1.02505    ,  0.103636   ,  4.95319    ,  1.96594    ,  0.0494076  ])
46737   , -1316.07    , array([ 1.02505    ,  0.103636   ,  4.95319    ,  1.96482    ,  0.0494076  ])
46738   , -1316.07    , array([ 1.02505    ,  0.103636   ,  4.95319    ,  1.96396    ,  0.0494076  ])
46739   , -1316.07    , array([ 1.02505    ,  0.103636   ,  4.95319    ,  1.96482    ,  0.0494076  ])
46740   , -1339.37    , array([ 0.924329   ,  0.0891325  ,  5.25414    ,  1.84905    ,  0.0410018  ])
46741   , -1401.08    , array([ 1.18801    ,  0.127103   ,  4.46623    ,  2.15214    ,  0.0630085  ])
46742   , -1316.07    , array([ 1.02505    ,  0.103636   ,  4.95319    ,  1.96482    ,  0.0494076  ])
46743   , -1329.9     , array([ 1.08729    ,  0.1126     ,  4.76719    ,  2.03637    ,  0.0546027  ])
46744   , -1318.55    , array([ 0.986577   ,  0.0980962  ,  5.06814    ,  1.9206     ,  0.0461969  ])
46745   , -1315.9     , array([ 1.01715    ,  0.102499   ,  4.97678    ,  1.95574    ,  0.0487486  ])
46746   , -1315.9     , array([ 1.01741    ,  0.102536   ,  4.97601    ,  1.95604    ,  0.0487702  ])
46747   , -1315.9     , array([ 1.01749    ,  0.102547   ,  4.97578    ,  1.95613    ,  0.0487765  ])
46748   , -1315.9     , array([ 1.01756    ,  0.102558   ,  4.97555    ,  1.95621    ,  0.0487828  ])
46749   , -1314.38    , array([ 0.997689   ,  0.103165   ,  5.0741     ,  2.01696    ,  0.0496741  ])
46750   , -1315.9     , array([ 1.01749    ,  0.102547   ,  4.97578    ,  1.95613    ,  0.0487765  ])
46751   , -1314.38    , array([ 0.997689   ,  0.103165   ,  5.0741     ,  2.01696    ,  0.0496741  ])
46752   , -1314.08    , array([ 0.965658   ,  0.104164   ,  5.2332     ,  2.11539    ,  0.0511264  ])
46753   , -1313.87    , array([ 0.978073   ,  0.103776   ,  5.17153    ,  2.07724    ,  0.0505635  ])
46754   , -1313.87    , array([ 0.978073   ,  0.103776   ,  5.17153    ,  2.07724    ,  0.0505635  ])
46755   , -1313.94    , array([ 0.985566   ,  0.103543   ,  5.13432    ,  2.05422    ,  0.0502238  ])
46756   , -1313.9     , array([ 0.973331   ,  0.103924   ,  5.19509    ,  2.09181    ,  0.0507785  ])
46757   , -1313.87    , array([ 0.978467   ,  0.103764   ,  5.16957    ,  2.07603    ,  0.0505456  ])
46758   , -1313.87    , array([ 0.977679   ,  0.103789   ,  5.17349    ,  2.07845    ,  0.0505813  ])
46759   , -1313.87    , array([ 0.978073   ,  0.103776   ,  5.17153    ,  2.07724    ,  0.0505635  ])
46760   , -1344.66    , array([ 0.877355   ,  0.0892728  ,  5.47248    ,  1.96147    ,  0.0421577  ])
46761   , -1398.7     , array([ 1.14104    ,  0.127244   ,  4.68458    ,  2.26456    ,  0.0641643  ])
46762   , -1313.87    , array([ 0.978073   ,  0.103776   ,  5.17153    ,  2.07724    ,  0.0505635  ])
46763   , -1325.84    , array([ 1.04032    ,  0.11274    ,  4.98553    ,  2.14879    ,  0.0557585  ])
46764   , -1318.62    , array([ 0.939602   ,  0.0982365  ,  5.28648    ,  2.03302    ,  0.0473528  ])
46765   , -1313.86    , array([ 0.978537   ,  0.103843   ,  5.17015    ,  2.07777    ,  0.0506022  ])
46766   , -1313.86    , array([ 0.978932   ,  0.1039     ,  5.16896    ,  2.07823    ,  0.0506352  ])
46767   , -1313.86    , array([ 0.978923   ,  0.103899   ,  5.16899    ,  2.07822    ,  0.0506344  ])
46768   , -1313.86    , array([ 0.978915   ,  0.103898   ,  5.16902    ,  2.07821    ,  0.0506337  ])
46769   , -1313.86    , array([ 0.978923   ,  0.103899   ,  5.16899    ,  2.07822    ,  0.0506344  ])
46770   , -1313.76    , array([ 1.00223    ,  0.102731   ,  5.17883    ,  2.09278    ,  0.0506075  ])
46771   , -1322.13    , array([ 1.03995    ,  0.10084    ,  5.19474    ,  2.11634    ,  0.0505639  ])
46772   , -1313.76    , array([ 1.00223    ,  0.102731   ,  5.17883    ,  2.09278    ,  0.0506075  ])
46773   , -1315.72    , array([ 1.01664    ,  0.102009   ,  5.1849     ,  2.10178    ,  0.0505908  ])
46774   , -1313.32    , array([ 0.993329   ,  0.103177   ,  5.17507    ,  2.08722    ,  0.0506177  ])
46775   , -1313.3     , array([ 0.991137   ,  0.103287   ,  5.17415    ,  2.08585    ,  0.0506203  ])
46776   , -1313.3     , array([ 0.991259   ,  0.103281   ,  5.1742     ,  2.08592    ,  0.0506201  ])
46777   , -1313.3     , array([ 0.991015   ,  0.103293   ,  5.17409    ,  2.08577    ,  0.0506204  ])
46778   , -1313.3     , array([ 0.991137   ,  0.103287   ,  5.17415    ,  2.08585    ,  0.0506203  ])
46779   , -1348.57    , array([ 0.991137   ,  0.103287   ,  6.17415    ,  2.08585    ,  0.0506203  ])
46780   , -1398.74    , array([ 0.991137   ,  0.103287   ,  3.55611    ,  2.08585    ,  0.0506203  ])
46781   , -1313.3     , array([ 0.991137   ,  0.103287   ,  5.17415    ,  2.08585    ,  0.0506203  ])
46782   , -1323.43    , array([ 0.991137   ,  0.103287   ,  4.55611    ,  2.08585    ,  0.0506203  ])
46783   , -1319.6     , array([ 0.991137   ,  0.103287   ,  5.55611    ,  2.08585    ,  0.0506203  ])
46784   , -1313.16    , array([ 0.991137   ,  0.103287   ,  5.11437    ,  2.08585    ,  0.0506203  ])
46785   , -1313.16    , array([ 0.991137   ,  0.103287   ,  5.1073     ,  2.08585    ,  0.0506203  ])
46786   , -1313.16    , array([ 0.991137   ,  0.103287   ,  5.10809    ,  2.08585    ,  0.0506203  ])
46787   , -1313.16    , array([ 0.991137   ,  0.103287   ,  5.10875    ,  2.08585    ,  0.0506203  ])
46788   , -1313.16    , array([ 0.991137   ,  0.103287   ,  5.10809    ,  2.08585    ,  0.0506203  ])
46789   , -1372.08    , array([ 0.991137   ,  0.103287   ,  5.10809    ,  3.08585    ,  0.0506203  ])
46790   , -1581.9     , array([ 0.991137   ,  0.103287   ,  5.10809    ,  0.467814   ,  0.0506203  ])
46791   , -1313.16    , array([ 0.991137   ,  0.103287   ,  5.10809    ,  2.08585    ,  0.0506203  ])
46792   , -1353.4     , array([ 0.991137   ,  0.103287   ,  5.10809    ,  1.46781    ,  0.0506203  ])
46793   , -1319.29    , array([ 0.991137   ,  0.103287   ,  5.10809    ,  2.46781    ,  0.0506203  ])
46794   , -1312.63    , array([ 0.991137   ,  0.103287   ,  5.10809    ,  2.17797    ,  0.0506203  ])
46795   , -1312.62    , array([ 0.991137   ,  0.103287   ,  5.10809    ,  2.17053    ,  0.0506203  ])
46796   , -1312.62    , array([ 0.991137   ,  0.103287   ,  5.10809    ,  2.16944    ,  0.0506203  ])
46797   , -1312.62    , array([ 0.991137   ,  0.103287   ,  5.10809    ,  2.1686     ,  0.0506203  ])
46798   , -1312.62    , array([ 0.991137   ,  0.103287   ,  5.10809    ,  2.16944    ,  0.0506203  ])
46799   , -1314.36    , array([ 0.951724   ,  0.104516   ,  5.30384    ,  2.29055    ,  0.0524072  ])
46800   , -1318.22    , array([ 1.05491    ,  0.101298   ,  4.79136    ,  1.97347    ,  0.0477289  ])
46801   , -1312.62    , array([ 0.991137   ,  0.103287   ,  5.10809    ,  2.16944    ,  0.0506203  ])
46802   , -1313.6     , array([ 1.0155     ,  0.102527   ,  4.98711    ,  2.09458    ,  0.0495159  ])
46803   , -1312.77    , array([ 0.976083   ,  0.103756   ,  5.18286    ,  2.2157     ,  0.0513028  ])
46804   , -1312.6     , array([ 0.987574   ,  0.103398   ,  5.12579    ,  2.18038    ,  0.0507818  ])
46805   , -1312.6     , array([ 0.98745    ,  0.103402   ,  5.1264     ,  2.18077    ,  0.0507874  ])
46806   , -1312.6     , array([ 0.987413   ,  0.103403   ,  5.12658    ,  2.18088    ,  0.0507891  ])
46807   , -1312.6     , array([ 0.987376   ,  0.103404   ,  5.12677    ,  2.18099    ,  0.0507908  ])
46808   , -1313.91    , array([ 0.957341   ,  0.104258   ,  5.27739    ,  2.40563    ,  0.0528017  ])
46809   , -1312.6     , array([ 0.987413   ,  0.103403   ,  5.12658    ,  2.18088    ,  0.0507891  ])
46810   , -1342.12    , array([ 0.886695   ,  0.0888992  ,  5.42754    ,  2.06511    ,  0.0423833  ])
46811   , -1404.62    , array([ 1.15038    ,  0.12687    ,  4.63963    ,  2.3682     ,  0.06439    ])
46812   , -1312.6     , array([ 0.987413   ,  0.103403   ,  5.12658    ,  2.18088    ,  0.0507891  ])
46813   , -1326.61    , array([ 1.04966    ,  0.112366   ,  4.94059    ,  2.25243    ,  0.0559842  ])
46814   , -1316.58    , array([ 0.948942   ,  0.0978629  ,  5.24154    ,  2.13666    ,  0.0475784  ])
46815   , -1312.57    , array([ 0.984035   ,  0.102916   ,  5.13668    ,  2.17699    ,  0.0505071  ])
46816   , -1312.57    , array([ 0.984357   ,  0.102963   ,  5.13572    ,  2.17737    ,  0.050534   ])
46817   , -1312.57    , array([ 0.984388   ,  0.102967   ,  5.13563    ,  2.1774     ,  0.0505366  ])
46818   , -1312.57    , array([ 0.984418   ,  0.102971   ,  5.13553    ,  2.17744    ,  0.0505391  ])
46819   , -1312.57    , array([ 0.984388   ,  0.102967   ,  5.13563    ,  2.1774     ,  0.0505366  ])
46820   , -1313.19    , array([ 1.0077     ,  0.101799   ,  5.14546    ,  2.19196    ,  0.0505097  ])
46821   , -1320.3     , array([ 0.946673   ,  0.104857   ,  5.11971    ,  2.15384    ,  0.0505802  ])
46822   , -1312.57    , array([ 0.984388   ,  0.102967   ,  5.13563    ,  2.1774     ,  0.0505366  ])
46823   , -1314.24    , array([ 0.969982   ,  0.103689   ,  5.12955    ,  2.1684     ,  0.0505532  ])
46824   , -1312.32    , array([ 0.993291   ,  0.102521   ,  5.13938    ,  2.18296    ,  0.0505263  ])
46825   , -1312.32    , array([ 0.99251    ,  0.10256    ,  5.13905    ,  2.18248    ,  0.0505272  ])
46826   , -1312.32    , array([ 0.992591   ,  0.102556   ,  5.13909    ,  2.18253    ,  0.0505271  ])
46827   , -1312.32    , array([ 0.992429   ,  0.102564   ,  5.13902    ,  2.18242    ,  0.0505273  ])
46828   , -1312.32    , array([ 0.99251    ,  0.10256    ,  5.13905    ,  2.18248    ,  0.0505272  ])
46829   , -1346.61    , array([ 0.99251    ,  0.10256    ,  6.13905    ,  2.18248    ,  0.0505272  ])
46830   , -1398.93    , array([ 0.99251    ,  0.10256    ,  3.52102    ,  2.18248    ,  0.0505272  ])
46831   , -1312.32    , array([ 0.99251    ,  0.10256    ,  5.13905    ,  2.18248    ,  0.0505272  ])
46832   , -1322.95    , array([ 0.99251    ,  0.10256    ,  4.52102    ,  2.18248    ,  0.0505272  ])
46833   , -1318.27    , array([ 0.99251    ,  0.10256    ,  5.52102    ,  2.18248    ,  0.0505272  ])
46834   , -1312.23    , array([ 0.99251    ,  0.10256    ,  5.09251    ,  2.18248    ,  0.0505272  ])
46835   , -1312.23    , array([ 0.99251    ,  0.10256    ,  5.08562    ,  2.18248    ,  0.0505272  ])
46836   , -1312.23    , array([ 0.99251    ,  0.10256    ,  5.08625    ,  2.18248    ,  0.0505272  ])
46837   , -1312.23    , array([ 0.99251    ,  0.10256    ,  5.08678    ,  2.18248    ,  0.0505272  ])
46838   , -1312.23    , array([ 0.99251    ,  0.10256    ,  5.08625    ,  2.18248    ,  0.0505272  ])
46839   , -1372.9     , array([ 0.99251    ,  0.10256    ,  5.08625    ,  3.18248    ,  0.0505272  ])
46840   , -1570.03    , array([ 0.99251    ,  0.10256    ,  5.08625    ,  0.564441   ,  0.0505272  ])
46841   , -1312.23    , array([ 0.99251    ,  0.10256    ,  5.08625    ,  2.18248    ,  0.0505272  ])
46842   , -1349.83    , array([ 0.99251    ,  0.10256    ,  5.08625    ,  1.56444    ,  0.0505272  ])
46843   , -1319.34    , array([ 0.99251    ,  0.10256    ,  5.08625    ,  2.56444    ,  0.0505272  ])
46844   , -1311.92    , array([ 0.99251    ,  0.10256    ,  5.08625    ,  2.25632    ,  0.0505272  ])
46845   , -1311.91    , array([ 0.99251    ,  0.10256    ,  5.08625    ,  2.24786    ,  0.0505272  ])
46846   , -1311.91    , array([ 0.99251    ,  0.10256    ,  5.08625    ,  2.24701    ,  0.0505272  ])
46847   , -1311.91    , array([ 0.99251    ,  0.10256    ,  5.08625    ,  2.24637    ,  0.0505272  ])
46848   , -1311.91    , array([ 0.99251    ,  0.10256    ,  5.08625    ,  2.24701    ,  0.0505272  ])
46849   , -1313.8     , array([ 0.953097   ,  0.103789   ,  5.28201    ,  2.36813    ,  0.0523142  ])
46850   , -1317.15    , array([ 1.05628    ,  0.100571   ,  4.76952    ,  2.05105    ,  0.0476359  ])
46851   , -1311.91    , array([ 0.99251    ,  0.10256    ,  5.08625    ,  2.24701    ,  0.0505272  ])
46852   , -1312.78    , array([ 1.01687    ,  0.1018     ,  4.96527    ,  2.17216    ,  0.0494228  ])
46853   , -1312.13    , array([ 0.977456   ,  0.10303    ,  5.16103    ,  2.29327    ,  0.0512098  ])
46854   , -1311.91    , array([ 0.990621   ,  0.102619   ,  5.09564    ,  2.25282    ,  0.0506128  ])
46855   , -1311.91    , array([ 0.99045    ,  0.102624   ,  5.09649    ,  2.25334    ,  0.0506206  ])
46856   , -1311.91    , array([ 0.990429   ,  0.102625   ,  5.09659    ,  2.25341    ,  0.0506216  ])
46857   , -1311.91    , array([ 0.990408   ,  0.102626   ,  5.09669    ,  2.25347    ,  0.0506225  ])
46858   , -1311.4     , array([ 0.993445   ,  0.101847   ,  5.0666     ,  2.32594    ,  0.050454   ])
46859   , -1311.91    , array([ 0.990429   ,  0.102625   ,  5.09659    ,  2.25341    ,  0.0506216  ])
46860   , -1311.4     , array([ 0.993445   ,  0.101847   ,  5.0666     ,  2.32594    ,  0.050454   ])
46861   , -1310.97    , array([ 0.998324   ,  0.100589   ,  5.01806    ,  2.44329    ,  0.0501829  ])
46862   , -1310.94    , array([ 1.00012    ,  0.100126   ,  5.00021    ,  2.48646    ,  0.0500832  ])
46863   , -1311.04    , array([ 1.00302    ,  0.0993765  ,  4.97132    ,  2.55632    ,  0.0499218  ])
46864   , -1310.94    , array([ 1.00012    ,  0.100126   ,  5.00021    ,  2.48646    ,  0.0500832  ])
46865   , -1310.96    , array([ 1.00123    ,  0.0998394  ,  4.98917    ,  2.51314    ,  0.0500215  ])
46866   , -1310.95    , array([ 0.999433   ,  0.100302   ,  5.00703    ,  2.46997    ,  0.0501213  ])
46867   , -1310.94    , array([ 1.00002    ,  0.100151   ,  5.00117    ,  2.48413    ,  0.0500886  ])
46868   , -1310.94    , array([ 0.999926   ,  0.100175   ,  5.00213    ,  2.48183    ,  0.0500939  ])
46869   , -1310.94    , array([ 1.00002    ,  0.100151   ,  5.00117    ,  2.48413    ,  0.0500886  ])
46870   , -1346.44    , array([ 0.899304   ,  0.085647   ,  5.30212    ,  2.36836    ,  0.0416828  ])
46871   , -1408.41    , array([ 1.16299    ,  0.123618   ,  4.51422    ,  2.67146    ,  0.0636894  ])
46872   , -1310.94    , array([ 1.00002    ,  0.100151   ,  5.00117    ,  2.48413    ,  0.0500886  ])
46873   , -1324.84    , array([ 1.06227    ,  0.109114   ,  4.81517    ,  2.55568    ,  0.0552836  ])
46874   , -1316.38    , array([ 0.961551   ,  0.0946107  ,  5.11613    ,  2.43991    ,  0.0468778  ])
46875   , -1310.94    , array([ 1.00031    ,  0.100192   ,  5.00031    ,  2.48446    ,  0.0501127  ])
46876   , -1310.94    , array([ 1.00065    ,  0.100241   ,  4.9993     ,  2.48485    ,  0.0501408  ])
46877   , -1310.94    , array([ 1.00064    ,  0.10024    ,  4.99932    ,  2.48485    ,  0.0501403  ])
46878   , -1310.94    , array([ 1.00064    ,  0.100239   ,  4.99934    ,  2.48484    ,  0.0501398  ])
46879   , -1310.94    , array([ 1.00064    ,  0.10024    ,  4.99932    ,  2.48485    ,  0.0501403  ])
46880   , -1313.19    , array([ 1.02395    ,  0.0990717  ,  5.00915    ,  2.49941    ,  0.0501134  ])
46881   , -1316.19    , array([ 0.962927   ,  0.10213    ,  4.98341    ,  2.46128    ,  0.0501839  ])
46882   , -1310.94    , array([ 1.00064    ,  0.10024    ,  4.99932    ,  2.48485    ,  0.0501403  ])
46883   , -1311.64    , array([ 0.986236   ,  0.100962   ,  4.99324    ,  2.47584    ,  0.050157   ])
46884   , -1311.31    , array([ 1.00955    ,  0.0997937  ,  5.00308    ,  2.49041    ,  0.05013    ])
46885   , -1310.94    , array([ 0.999761   ,  0.100284   ,  4.99895    ,  2.48429    ,  0.0501413  ])
46886   , -1310.94    , array([ 0.999752   ,  0.100285   ,  4.99894    ,  2.48429    ,  0.0501413  ])
46887   , -1310.94    , array([ 0.999743   ,  0.100285   ,  4.99894    ,  2.48428    ,  0.0501414  ])
46888   , -1310.94    , array([ 0.999752   ,  0.100285   ,  4.99894    ,  2.48429    ,  0.0501413  ])
46889   , -1341.18    , array([ 0.999752   ,  0.100285   ,  5.99894    ,  2.48429    ,  0.0501413  ])
46890   , -1403.06    , array([ 0.999752   ,  0.100285   ,  3.38091    ,  2.48429    ,  0.0501413  ])
46891   , -1310.94    , array([ 0.999752   ,  0.100285   ,  4.99894    ,  2.48429    ,  0.0501413  ])
46892   , -1323.81    , array([ 0.999752   ,  0.100285   ,  4.38091    ,  2.48429    ,  0.0501413  ])
46893   , -1315.4     , array([ 0.999752   ,  0.100285   ,  5.38091    ,  2.48429    ,  0.0501413  ])
46894   , -1310.94    , array([ 0.999752   ,  0.100285   ,  5.01033    ,  2.48429    ,  0.0501413  ])
46895   , -1310.94    , array([ 0.999752   ,  0.100285   ,  5.00454    ,  2.48429    ,  0.0501413  ])
46896   , -1310.94    , array([ 0.999752   ,  0.100285   ,  5.0046     ,  2.48429    ,  0.0501413  ])
46897   , -1310.94    , array([ 0.999752   ,  0.100285   ,  5.00449    ,  2.48429    ,  0.0501413  ])
46898   , -1310.94    , array([ 0.999752   ,  0.100285   ,  5.00454    ,  2.48429    ,  0.0501413  ])
46899   , -1312.96    , array([ 0.960339   ,  0.101514   ,  5.2003     ,  2.6054     ,  0.0519283  ])
46900   , -1315.48    , array([ 1.06352    ,  0.0982955  ,  4.68781    ,  2.28832    ,  0.04725    ])
46901   , -1310.94    , array([ 0.999752   ,  0.100285   ,  5.00454    ,  2.48429    ,  0.0501413  ])
46902   , -1311.61    , array([ 1.02411    ,  0.0995248  ,  4.88356    ,  2.40944    ,  0.049037   ])
46903   , -1311.23    , array([ 0.984698   ,  0.100754   ,  5.07931    ,  2.53055    ,  0.0508239  ])
46904   , -1310.94    , array([ 1.00034    ,  0.100266   ,  5.00163    ,  2.48249    ,  0.0501148  ])
46905   , -1310.94    , array([ 1.0001     ,  0.100274   ,  5.00284    ,  2.48323    ,  0.0501258  ])
46906   , -1310.94    , array([ 1.0001     ,  0.100274   ,  5.00282    ,  2.48322    ,  0.0501256  ])
46907   , -1310.94    , array([ 1.00009    ,  0.100274   ,  5.00286    ,  2.48324    ,  0.0501259  ])
46908   , -1310.94    , array([ 1.0001     ,  0.100274   ,  5.00284    ,  2.48323    ,  0.0501258  ])
46909   , -1311.85    , array([ 1.00969    ,  0.0977994  ,  4.90742    ,  2.71396    ,  0.0495928  ])
46910   , -1313.56    , array([ 0.984574   ,  0.104277   ,  5.15723    ,  2.10991    ,  0.0509882  ])
46911   , -1310.94    , array([ 1.0001     ,  0.100274   ,  5.00284    ,  2.48323    ,  0.0501258  ])
46912   , -1311.36    , array([ 0.994167   ,  0.101803   ,  5.06181    ,  2.34064    ,  0.0504552  ])
46913   , -1311.04    , array([ 1.00376    ,  0.0993287  ,  4.96639    ,  2.57136    ,  0.0499222  ])
46914   , -1310.93    , array([ 1.00054    ,  0.10016    ,  4.99843    ,  2.49389    ,  0.0501012  ])
46915   , -1310.93    , array([ 1.00056    ,  0.100154   ,  4.99821    ,  2.49443    ,  0.0500999  ])
46916   , -1310.93    , array([ 1.00057    ,  0.100153   ,  4.99816    ,  2.49454    ,  0.0500996  ])
46917   , -1310.93    , array([ 1.00056    ,  0.100155   ,  4.99825    ,  2.49432    ,  0.0501002  ])
