310177  , -60806.3    , array([ 8.23821    ,  0.0247968  ,  4.93101e-28,  1.38226    ,  0.000457352])
310178  , -60806.3    , array([ 8.24646    ,  0.0247968  ,  4.93101e-28,  1.38226    ,  0.000457352])
310179  , -60821.6    , array([ 8.23821    ,  0.0248216  ,  4.93101e-28,  1.38226    ,  0.000457352])
310180  , -60806.3    , array([ 8.23821    ,  0.0247968  ,  4.93594e-28,  1.38226    ,  0.000457352])
310181  , -60806.3    , array([ 8.23821    ,  0.0247968  ,  4.93101e-28,  1.38364    ,  0.000457352])
310182  , -60790.9    , array([ 8.23821    ,  0.0247968  ,  4.93101e-28,  1.38226    ,  0.000457809])
310183  , -60806.3    , array([ 8.23821    ,  0.0247968  ,  4.93101e-28,  1.38226    ,  0.000457352])
310184  , -28953.4    , array([ 8.22659    ,  0.01215    ,  4.93101e-28,  1.38159    ,  0.000934885])
310185  , -28953.4    , array([ 8.22659    ,  0.01215    ,  4.93101e-28,  1.38159    ,  0.000934885])
310186  , -28953.4    , array([ 8.23482    ,  0.01215    ,  4.93101e-28,  1.38159    ,  0.000934885])
310187  , -28980.1    , array([ 8.22659    ,  0.0121622  ,  4.93101e-28,  1.38159    ,  0.000934885])
310188  , -28953.4    , array([ 8.22659    ,  0.01215    ,  4.93594e-28,  1.38159    ,  0.000934885])
310189  , -28953.4    , array([ 8.22659    ,  0.01215    ,  4.93101e-28,  1.38298    ,  0.000934885])
310190  , -28926.6    , array([ 8.22659    ,  0.01215    ,  4.93101e-28,  1.38159    ,  0.00093582 ])
310198  , -28914.4    , array([ 8.22657    ,  0.0121412  ,  4.93101e-28,  1.38159    ,  0.000935566])
310199  , -28914.4    , array([ 8.22657    ,  0.0121412  ,  4.93101e-28,  1.38159    ,  0.000935566])
310200  , -28914.5    , array([ 8.2348     ,  0.0121412  ,  4.93101e-28,  1.38159    ,  0.000935566])
310201  , -28941.2    , array([ 8.22657    ,  0.0121533  ,  4.93101e-28,  1.38159    ,  0.000935566])
310202  , -28914.4    , array([ 8.22657    ,  0.0121412  ,  4.93594e-28,  1.38159    ,  0.000935566])
310203  , -28914.5    , array([ 8.22657    ,  0.0121412  ,  4.93101e-28,  1.38298    ,  0.000935566])
310204  , -28887.7    , array([ 8.22657    ,  0.0121412  ,  4.93101e-28,  1.38159    ,  0.000936502])
310205  , -11318.7    , array([ 8.22075    ,  0.00849138 ,  4.93101e-28,  1.38126    ,  0.00133876 ])
310206  , -11318.7    , array([ 8.22075    ,  0.00849138 ,  4.93101e-28,  1.38126    ,  0.00133876 ])
310207  , -11318.7    , array([ 8.22898    ,  0.00849138 ,  4.93101e-28,  1.38126    ,  0.00133876 ])
310208  , -11339      , array([ 8.22075    ,  0.00849987 ,  4.93101e-28,  1.38126    ,  0.00133876 ])
310209  , -11318.7    , array([ 8.22075    ,  0.00849138 ,  4.93594e-28,  1.38126    ,  0.00133876 ])
310210  , -11318.7    , array([ 8.22075    ,  0.00849138 ,  4.93101e-28,  1.38264    ,  0.00133876 ])
310211  , -11298.3    , array([ 8.22075    ,  0.00849138 ,  4.93101e-28,  1.38126    ,  0.0013401  ])
310212  , -55923      , array([ 8.20047    ,  0.0024386  ,  4.93101e-28,  1.38009    ,  0.00467462 ])
310213  , -55923      , array([ 8.20047    ,  0.0024386  ,  4.93101e-28,  1.38009    ,  0.00467462 ])
310214  , -55923      , array([ 8.20867    ,  0.0024386  ,  4.93101e-28,  1.38009    ,  0.00467462 ])
310215  , -55851.8    , array([ 8.20047    ,  0.00244104 ,  4.93101e-28,  1.38009    ,  0.00467462 ])
310216  , -55923      , array([ 8.20047    ,  0.0024386  ,  4.93594e-28,  1.38009    ,  0.00467462 ])
310217  , -55921.4    , array([ 8.20047    ,  0.0024386  ,  4.93101e-28,  1.38147    ,  0.00467462 ])
310218  , -55990.9    , array([ 8.20047    ,  0.0024386  ,  4.93101e-28,  1.38009    ,  0.0046793  ])
310219  , -2566.19    , array([ 8.21475    ,  0.00587242 ,  4.93101e-28,  1.38091    ,  0.00193741 ])
310220  , -2566.19    , array([ 8.21475    ,  0.00587242 ,  4.93101e-28,  1.38091    ,  0.00193741 ])
310221  , -2566.2     , array([ 8.22297    ,  0.00587242 ,  4.93101e-28,  1.38091    ,  0.00193741 ])
310222  , -2567.83    , array([ 8.21475    ,  0.0058783  ,  4.93101e-28,  1.38091    ,  0.00193741 ])
310223  , -2566.19    , array([ 8.21475    ,  0.00587242 ,  4.93594e-28,  1.38091    ,  0.00193741 ])
310224  , -2566.19    , array([ 8.21475    ,  0.00587242 ,  4.93101e-28,  1.3823     ,  0.00193741 ])
310225  , -2564.42    , array([ 8.21475    ,  0.00587242 ,  4.93101e-28,  1.38091    ,  0.00193935 ])
310233  , -2565.96    , array([ 8.21434    ,  0.00587973 ,  4.93101e-28,  1.381      ,  0.00193985 ])
310234  , -2565.96    , array([ 8.21434    ,  0.00587973 ,  4.93101e-28,  1.381      ,  0.00193985 ])
310235  , -2565.97    , array([ 8.22256    ,  0.00587973 ,  4.93101e-28,  1.381      ,  0.00193985 ])
310236  , -2567.6     , array([ 8.21434    ,  0.00588561 ,  4.93101e-28,  1.381      ,  0.00193985 ])
310237  , -2565.96    , array([ 8.21434    ,  0.00587973 ,  4.93594e-28,  1.381      ,  0.00193985 ])
310238  , -2565.96    , array([ 8.21434    ,  0.00587973 ,  4.93101e-28,  1.38238    ,  0.00193985 ])
310239  , -2564.19    , array([ 8.21434    ,  0.00587973 ,  4.93101e-28,  1.381      ,  0.00194179 ])
310240  , -2565.74    , array([ 8.21394    ,  0.00588706 ,  4.93101e-28,  1.38108    ,  0.0019423  ])
310241  , -2565.74    , array([ 8.21394    ,  0.00588706 ,  4.93101e-28,  1.38108    ,  0.0019423  ])
310242  , -2565.74    , array([ 8.22215    ,  0.00588706 ,  4.93101e-28,  1.38108    ,  0.0019423  ])
310243  , -2567.38    , array([ 8.21394    ,  0.00589295 ,  4.93101e-28,  1.38108    ,  0.0019423  ])
310244  , -2565.74    , array([ 8.21394    ,  0.00588706 ,  4.93594e-28,  1.38108    ,  0.0019423  ])
310245  , -2565.73    , array([ 8.21394    ,  0.00588706 ,  4.93101e-28,  1.38246    ,  0.0019423  ])
310246  , -2563.97    , array([ 8.21394    ,  0.00588706 ,  4.93101e-28,  1.38108    ,  0.00194424 ])
310254  , -2565.68    , array([ 8.21383    ,  0.00588889 ,  4.93101e-28,  1.3811     ,  0.00194291 ])
310255  , -2565.68    , array([ 8.21383    ,  0.00588889 ,  4.93101e-28,  1.3811     ,  0.00194291 ])
310256  , -2565.69    , array([ 8.22205    ,  0.00588889 ,  4.93101e-28,  1.3811     ,  0.00194291 ])
310257  , -2567.32    , array([ 8.21383    ,  0.00589478 ,  4.93101e-28,  1.3811     ,  0.00194291 ])
310258  , -2565.68    , array([ 8.21383    ,  0.00588889 ,  4.93594e-28,  1.3811     ,  0.00194291 ])
310259  , -2565.68    , array([ 8.21383    ,  0.00588889 ,  4.93101e-28,  1.38249    ,  0.00194291 ])
310260  , -2563.91    , array([ 8.21383    ,  0.00588889 ,  4.93101e-28,  1.3811     ,  0.00194485 ])
310261  , -2565.62    , array([ 8.21373    ,  0.00589073 ,  4.93101e-28,  1.38112    ,  0.00194352 ])
310262  , -2565.62    , array([ 8.21373    ,  0.00589073 ,  4.93101e-28,  1.38112    ,  0.00194352 ])
310263  , -2565.63    , array([ 8.22195    ,  0.00589073 ,  4.93101e-28,  1.38112    ,  0.00194352 ])
310264  , -2567.26    , array([ 8.21373    ,  0.00589662 ,  4.93101e-28,  1.38112    ,  0.00194352 ])
310265  , -2565.62    , array([ 8.21373    ,  0.00589073 ,  4.93594e-28,  1.38112    ,  0.00194352 ])
310266  , -2565.62    , array([ 8.21373    ,  0.00589073 ,  4.93101e-28,  1.38251    ,  0.00194352 ])
310267  , -2563.85    , array([ 8.21373    ,  0.00589073 ,  4.93101e-28,  1.38112    ,  0.00194547 ])
310275  , -2565.61    , array([ 8.21371    ,  0.00589119 ,  4.93101e-28,  1.38113    ,  0.00194368 ])
310276  , -2565.61    , array([ 8.21371    ,  0.00589119 ,  4.93101e-28,  1.38113    ,  0.00194368 ])
310277  , -2565.61    , array([ 8.22192    ,  0.00589119 ,  4.93101e-28,  1.38113    ,  0.00194368 ])
310278  , -2567.25    , array([ 8.21371    ,  0.00589708 ,  4.93101e-28,  1.38113    ,  0.00194368 ])
310279  , -2565.61    , array([ 8.21371    ,  0.00589119 ,  4.93594e-28,  1.38113    ,  0.00194368 ])
310280  , -2565.61    , array([ 8.21371    ,  0.00589119 ,  4.93101e-28,  1.38251    ,  0.00194368 ])
310281  , -2563.84    , array([ 8.21371    ,  0.00589119 ,  4.93101e-28,  1.38113    ,  0.00194562 ])
310282  , -2565.59    , array([ 8.21368    ,  0.00589165 ,  4.93101e-28,  1.38114    ,  0.00194383 ])
310283  , -2565.59    , array([ 8.21368    ,  0.00589165 ,  4.93101e-28,  1.38114    ,  0.00194383 ])
310284  , -2565.6     , array([ 8.2219     ,  0.00589165 ,  4.93101e-28,  1.38114    ,  0.00194383 ])
310285  , -2567.23    , array([ 8.21368    ,  0.00589754 ,  4.93101e-28,  1.38114    ,  0.00194383 ])
310286  , -2565.59    , array([ 8.21368    ,  0.00589165 ,  4.93594e-28,  1.38114    ,  0.00194383 ])
310287  , -2565.59    , array([ 8.21368    ,  0.00589165 ,  4.93101e-28,  1.38252    ,  0.00194383 ])
310288  , -2563.82    , array([ 8.21368    ,  0.00589165 ,  4.93101e-28,  1.38114    ,  0.00194577 ])
310296  , -2565.59    , array([ 8.21367    ,  0.00589176 ,  4.93101e-28,  1.38114    ,  0.00194387 ])
310297  , -2565.59    , array([ 8.21367    ,  0.00589176 ,  4.93101e-28,  1.38114    ,  0.00194387 ])
310298  , -2565.6     , array([ 8.22189    ,  0.00589176 ,  4.93101e-28,  1.38114    ,  0.00194387 ])
310299  , -2567.23    , array([ 8.21367    ,  0.00589766 ,  4.93101e-28,  1.38114    ,  0.00194387 ])
310300  , -2565.59    , array([ 8.21367    ,  0.00589176 ,  4.93594e-28,  1.38114    ,  0.00194387 ])
310301  , -2565.59    , array([ 8.21367    ,  0.00589176 ,  4.93101e-28,  1.38252    ,  0.00194387 ])
310302  , -2563.82    , array([ 8.21367    ,  0.00589176 ,  4.93101e-28,  1.38114    ,  0.00194581 ])
310303  , -2565.59    , array([ 8.21367    ,  0.00589188 ,  4.93101e-28,  1.38114    ,  0.00194391 ])
310304  , -2565.59    , array([ 8.21367    ,  0.00589188 ,  4.93101e-28,  1.38114    ,  0.00194391 ])
310305  , -2565.59    , array([ 8.22189    ,  0.00589188 ,  4.93101e-28,  1.38114    ,  0.00194391 ])
310306  , -2567.23    , array([ 8.21367    ,  0.00589777 ,  4.93101e-28,  1.38114    ,  0.00194391 ])
310307  , -2565.59    , array([ 8.21367    ,  0.00589188 ,  4.93594e-28,  1.38114    ,  0.00194391 ])
310308  , -2565.58    , array([ 8.21367    ,  0.00589188 ,  4.93101e-28,  1.38252    ,  0.00194391 ])
310309  , -2563.82    , array([ 8.21367    ,  0.00589188 ,  4.93101e-28,  1.38114    ,  0.00194585 ])
310310  , -11198.8    , array([ 6.89598    ,  0.475401   ,  4.93101e-28,  1.71201    ,  0.165423   ])
310311  , -11198.8    , array([ 6.89598    ,  0.475401   ,  4.93101e-28,  1.71201    ,  0.165423   ])
310312  , -11201.2    , array([ 6.90288    ,  0.475401   ,  4.93101e-28,  1.71201    ,  0.165423   ])
310313  , -11210.6    , array([ 6.89598    ,  0.475877   ,  4.93101e-28,  1.71201    ,  0.165423   ])
310314  , -11198.8    , array([ 6.89598    ,  0.475401   ,  4.93594e-28,  1.71201    ,  0.165423   ])
310315  , -11202.2    , array([ 6.89598    ,  0.475401   ,  4.93101e-28,  1.71373    ,  0.165423   ])
310316  , -11199.2    , array([ 6.89598    ,  0.475401   ,  4.93101e-28,  1.71201    ,  0.165588   ])
310317  , -2240.04    , array([ 7.83207    ,  0.0194546  ,  4.93101e-28,  1.46424    ,  0.00651226 ])
310318  , -2240.04    , array([ 7.83207    ,  0.0194546  ,  4.93101e-28,  1.46424    ,  0.00651226 ])
310319  , -2240.07    , array([ 7.83991    ,  0.0194546  ,  4.93101e-28,  1.46424    ,  0.00651226 ])
310320  , -2241.98    , array([ 7.83207    ,  0.0194741  ,  4.93101e-28,  1.46424    ,  0.00651226 ])
310321  , -2240.04    , array([ 7.83207    ,  0.0194546  ,  4.93594e-28,  1.46424    ,  0.00651226 ])
310322  , -2240.05    , array([ 7.83207    ,  0.0194546  ,  4.93101e-28,  1.46571    ,  0.00651226 ])
310323  , -2237.81    , array([ 7.83207    ,  0.0194546  ,  4.93101e-28,  1.46424    ,  0.00651878 ])
310324  , -1988.25    , array([ 7.45611    ,  0.0669056  ,  4.93101e-28,  1.55544    ,  0.0227339  ])
310325  , -1988.25    , array([ 7.45611    ,  0.0669056  ,  4.93101e-28,  1.55544    ,  0.0227339  ])
310326  , -1988.35    , array([ 7.46357    ,  0.0669056  ,  4.93101e-28,  1.55544    ,  0.0227339  ])
310327  , -1991.72    , array([ 7.45611    ,  0.0669725  ,  4.93101e-28,  1.55544    ,  0.0227339  ])
310328  , -1988.25    , array([ 7.45611    ,  0.0669056  ,  4.93594e-28,  1.55544    ,  0.0227339  ])
310329  , -1988.39    , array([ 7.45611    ,  0.0669056  ,  4.93101e-28,  1.55699    ,  0.0227339  ])
310330  , -1985.12    , array([ 7.45611    ,  0.0669056  ,  4.93101e-28,  1.55544    ,  0.0227567  ])
310331  , -2025.14    , array([ 7.6387     ,  0.0364449  ,  4.93101e-28,  1.5099     ,  0.0122928  ])
310332  , -2025.14    , array([ 7.6387     ,  0.0364449  ,  4.93101e-28,  1.5099     ,  0.0122928  ])
310333  , -2025.19    , array([ 7.64634    ,  0.0364449  ,  4.93101e-28,  1.5099     ,  0.0122928  ])
310334  , -2027.64    , array([ 7.6387     ,  0.0364813  ,  4.93101e-28,  1.5099     ,  0.0122928  ])
310335  , -2025.14    , array([ 7.6387     ,  0.0364449  ,  4.93594e-28,  1.5099     ,  0.0122928  ])
310336  , -2025.18    , array([ 7.6387     ,  0.0364449  ,  4.93101e-28,  1.51141    ,  0.0122928  ])
310337  , -2022.43    , array([ 7.6387     ,  0.0364449  ,  4.93101e-28,  1.5099     ,  0.0123051  ])
310338  , -1960.18    , array([ 7.5173     ,  0.0544921  ,  4.93101e-28,  1.5399     ,  0.0184699  ])
310339  , -1960.18    , array([ 7.5173     ,  0.0544921  ,  4.93101e-28,  1.5399     ,  0.0184699  ])
310340  , -1960.26    , array([ 7.52482    ,  0.0544921  ,  4.93101e-28,  1.5399     ,  0.0184699  ])
310341  , -1963.27    , array([ 7.5173     ,  0.0545466  ,  4.93101e-28,  1.5399     ,  0.0184699  ])
310342  , -1960.18    , array([ 7.5173     ,  0.0544921  ,  4.93594e-28,  1.5399     ,  0.0184699  ])
310343  , -1960.27    , array([ 7.5173     ,  0.0544921  ,  4.93101e-28,  1.54144    ,  0.0184699  ])
310344  , -1957.16    , array([ 7.5173     ,  0.0544921  ,  4.93101e-28,  1.5399     ,  0.0184884  ])
310352  , -1960.18    , array([ 7.51719    ,  0.0544929  ,  4.93101e-28,  1.53987    ,  0.0184702  ])
310353  , -1960.18    , array([ 7.51719    ,  0.0544929  ,  4.93101e-28,  1.53987    ,  0.0184702  ])
310354  , -1960.26    , array([ 7.52471    ,  0.0544929  ,  4.93101e-28,  1.53987    ,  0.0184702  ])
310355  , -1963.27    , array([ 7.51719    ,  0.0545475  ,  4.93101e-28,  1.53987    ,  0.0184702  ])
310356  , -1960.18    , array([ 7.51719    ,  0.0544929  ,  4.93594e-28,  1.53987    ,  0.0184702  ])
310357  , -1960.27    , array([ 7.51719    ,  0.0544929  ,  4.93101e-28,  1.54142    ,  0.0184702  ])
310358  , -1957.16    , array([ 7.51719    ,  0.0544929  ,  4.93101e-28,  1.53987    ,  0.0184887  ])
310359  , -1960.18    , array([ 7.51712    ,  0.0544934  ,  4.93101e-28,  1.53986    ,  0.0184704  ])
310360  , -1960.18    , array([ 7.51712    ,  0.0544934  ,  4.93101e-28,  1.53986    ,  0.0184704  ])
310361  , -1960.25    , array([ 7.52464    ,  0.0544934  ,  4.93101e-28,  1.53986    ,  0.0184704  ])
310362  , -1963.26    , array([ 7.51712    ,  0.054548   ,  4.93101e-28,  1.53986    ,  0.0184704  ])
310363  , -1960.18    , array([ 7.51712    ,  0.0544934  ,  4.93594e-28,  1.53986    ,  0.0184704  ])
310364  , -1960.27    , array([ 7.51712    ,  0.0544934  ,  4.93101e-28,  1.5414     ,  0.0184704  ])
310365  , -1957.16    , array([ 7.51712    ,  0.0544934  ,  4.93101e-28,  1.53986    ,  0.0184889  ])
310366  , -203445     , array([ 0.20421    ,  2.06639    ,  4.93101e-28,  0.0297512  ,  0.750989   ])
310367  , -203445     , array([ 0.20421    ,  2.06639    ,  4.93101e-28,  0.0297512  ,  0.750989   ])
310368  , -203288     , array([ 0.204414   ,  2.06639    ,  4.93101e-28,  0.0297512  ,  0.750989   ])
310369  , -203463     , array([ 0.20421    ,  2.06846    ,  4.93101e-28,  0.0297512  ,  0.750989   ])
310370  , -203445     , array([ 0.20421    ,  2.06639    ,  4.93594e-28,  0.0297512  ,  0.750989   ])
310371  , -203440     , array([ 0.20421    ,  2.06639    ,  4.93101e-28,  0.029781   ,  0.750989   ])
310372  , -203587     , array([ 0.20421    ,  2.06639    ,  4.93101e-28,  0.0297512  ,  0.75174    ])
310373  , -2197.15    , array([ 3.079      ,  0.134023   ,  4.93101e-28,  0.579699   ,  0.0462176  ])
310374  , -2197.15    , array([ 3.079      ,  0.134023   ,  4.93101e-28,  0.579699   ,  0.0462176  ])
310375  , -2197.53    , array([ 3.08208    ,  0.134023   ,  4.93101e-28,  0.579699   ,  0.0462176  ])
310376  , -2200.2     , array([ 3.079      ,  0.134157   ,  4.93101e-28,  0.579699   ,  0.0462176  ])
310377  , -2197.15    , array([ 3.079      ,  0.134023   ,  4.93594e-28,  0.579699   ,  0.0462176  ])
310378  , -2197.24    , array([ 3.079      ,  0.134023   ,  4.93101e-28,  0.580279   ,  0.0462176  ])
310379  , -2195.61    , array([ 3.079      ,  0.134023   ,  4.93101e-28,  0.579699   ,  0.0462639  ])
310380  , -1933.13    , array([ 5.98238    ,  0.0686022  ,  4.93101e-28,  1.19931    ,  0.0233554  ])
310381  , -1933.13    , array([ 5.98238    ,  0.0686022  ,  4.93101e-28,  1.19931    ,  0.0233554  ])
310382  , -1933.26    , array([ 5.98837    ,  0.0686022  ,  4.93101e-28,  1.19931    ,  0.0233554  ])
310383  , -1936.24    , array([ 5.98238    ,  0.0686709  ,  4.93101e-28,  1.19931    ,  0.0233554  ])
310384  , -1933.13    , array([ 5.98238    ,  0.0686022  ,  4.93594e-28,  1.19931    ,  0.0233554  ])
310385  , -1933.22    , array([ 5.98238    ,  0.0686022  ,  4.93101e-28,  1.20051    ,  0.0233554  ])
310386  , -1930.31    , array([ 5.98238    ,  0.0686022  ,  4.93101e-28,  1.19931    ,  0.0233788  ])
310387  , -1857.14    , array([ 2.63451    ,  0.081895   ,  4.93101e-28,  1.5699     ,  0.0281305  ])
310388  , -1857.14    , array([ 2.63451    ,  0.081895   ,  4.93101e-28,  1.5699     ,  0.0281305  ])
310389  , -1857.36    , array([ 2.63715    ,  0.081895   ,  4.93101e-28,  1.5699     ,  0.0281305  ])
310390  , -1860.6     , array([ 2.63451    ,  0.0819769  ,  4.93101e-28,  1.5699     ,  0.0281305  ])
310391  , -1857.14    , array([ 2.63451    ,  0.081895   ,  4.93594e-28,  1.5699     ,  0.0281305  ])
310392  , -1857.33    , array([ 2.63451    ,  0.081895   ,  4.93101e-28,  1.57148    ,  0.0281305  ])
310393  , -1854.15    , array([ 2.63451    ,  0.081895   ,  4.93101e-28,  1.5699     ,  0.0281586  ])
310394  , -45659.8    , array([ 0.0990841  ,  0.166316   ,  4.93101e-28,  4.6094     ,  0.0592014  ])
310395  , -45659.8    , array([ 0.0990841  ,  0.166316   ,  4.93101e-28,  4.6094     ,  0.0592014  ])
310396  , -45612.4    , array([ 0.0991832  ,  0.166316   ,  4.93101e-28,  4.6094     ,  0.0592014  ])
310397  , -45675.6    , array([ 0.0990841  ,  0.166482   ,  4.93101e-28,  4.6094     ,  0.0592014  ])
310398  , -45659.8    , array([ 0.0990841  ,  0.166316   ,  4.93594e-28,  4.6094     ,  0.0592014  ])
310399  , -45660.9    , array([ 0.0990841  ,  0.166316   ,  4.93101e-28,  4.61402    ,  0.0592014  ])
310400  , -45684.1    , array([ 0.0990841  ,  0.166316   ,  4.93101e-28,  4.6094     ,  0.0592607  ])
310401  , -1869.06    , array([ 1.43016    ,  0.0934446  ,  4.93101e-28,  1.9186     ,  0.0323115  ])
310402  , -1869.06    , array([ 1.43016    ,  0.0934446  ,  4.93101e-28,  1.9186     ,  0.0323115  ])
310403  , -1869.04    , array([ 1.4316     ,  0.0934446  ,  4.93101e-28,  1.9186     ,  0.0323115  ])
310404  , -1872.83    , array([ 1.43016    ,  0.0935381  ,  4.93101e-28,  1.9186     ,  0.0323115  ])
310405  , -1869.06    , array([ 1.43016    ,  0.0934446  ,  4.93594e-28,  1.9186     ,  0.0323115  ])
310406  , -1869.36    , array([ 1.43016    ,  0.0934446  ,  4.93101e-28,  1.92052    ,  0.0323115  ])
310407  , -1866.06    , array([ 1.43016    ,  0.0934446  ,  4.93101e-28,  1.9186     ,  0.0323438  ])
310408  , -1839.11    , array([ 1.97552    ,  0.0871477  ,  4.93101e-28,  1.72552    ,  0.0300285  ])
310409  , -1839.11    , array([ 1.97552    ,  0.0871477  ,  4.93101e-28,  1.72552    ,  0.0300285  ])
310410  , -1839.28    , array([ 1.9775     ,  0.0871477  ,  4.93101e-28,  1.72552    ,  0.0300285  ])
310411  , -1842.71    , array([ 1.97552    ,  0.0872349  ,  4.93101e-28,  1.72552    ,  0.0300285  ])
310412  , -1839.11    , array([ 1.97552    ,  0.0871477  ,  4.93594e-28,  1.72552    ,  0.0300285  ])
310413  , -1839.34    , array([ 1.97552    ,  0.0871477  ,  4.93101e-28,  1.72725    ,  0.0300285  ])
310414  , -1836.07    , array([ 1.97552    ,  0.0871477  ,  4.93101e-28,  1.72552    ,  0.0300586  ])
310415  , -4404.61    , array([ 0.458409   ,  0.118151   ,  4.93101e-28,  1.6155     ,  0.0419211  ])
310416  , -4404.61    , array([ 0.458409   ,  0.118151   ,  4.93101e-28,  1.6155     ,  0.0419211  ])
310417  , -4398.98    , array([ 0.458868   ,  0.118151   ,  4.93101e-28,  1.6155     ,  0.0419211  ])
310418  , -4407.84    , array([ 0.458409   ,  0.11827    ,  4.93101e-28,  1.6155     ,  0.0419211  ])
310419  , -4404.61    , array([ 0.458409   ,  0.118151   ,  4.93594e-28,  1.6155     ,  0.0419211  ])
310420  , -4404.71    , array([ 0.458409   ,  0.118151   ,  4.93101e-28,  1.61711    ,  0.0419211  ])
310421  , -4406.53    , array([ 0.458409   ,  0.118151   ,  4.93101e-28,  1.6155     ,  0.0419631  ])
310422  , -1822.49    , array([ 1.54006    ,  0.0917885  ,  4.93101e-28,  1.70625    ,  0.0317858  ])
310423  , -1822.49    , array([ 1.54006    ,  0.0917885  ,  4.93101e-28,  1.70625    ,  0.0317858  ])
310424  , -1822.53    , array([ 1.5416     ,  0.0917885  ,  4.93101e-28,  1.70625    ,  0.0317858  ])
310425  , -1825.96    , array([ 1.54006    ,  0.0918803  ,  4.93101e-28,  1.70625    ,  0.0317858  ])
310426  , -1822.49    , array([ 1.54006    ,  0.0917885  ,  4.93594e-28,  1.70625    ,  0.0317858  ])
310427  , -1822.72    , array([ 1.54006    ,  0.0917885  ,  4.93101e-28,  1.70796    ,  0.0317858  ])
310428  , -1819.69    , array([ 1.54006    ,  0.0917885  ,  4.93101e-28,  1.70625    ,  0.0318176  ])
310429  , -1790.44    , array([ 1.55388    ,  0.0904058  ,  4.93101e-28,  1.77223    ,  0.0316734  ])
310430  , -1790.44    , array([ 1.55388    ,  0.0904058  ,  4.93101e-28,  1.77223    ,  0.0316734  ])
310431  , -1790.48    , array([ 1.55544    ,  0.0904058  ,  4.93101e-28,  1.77223    ,  0.0316734  ])
310432  , -1793.66    , array([ 1.55388    ,  0.0904963  ,  4.93101e-28,  1.77223    ,  0.0316734  ])
310433  , -1790.44    , array([ 1.55388    ,  0.0904058  ,  4.93594e-28,  1.77223    ,  0.0316734  ])
310434  , -1790.66    , array([ 1.55388    ,  0.0904058  ,  4.93101e-28,  1.774      ,  0.0316734  ])
310435  , -1787.84    , array([ 1.55388    ,  0.0904058  ,  4.93101e-28,  1.77223    ,  0.0317051  ])
310436  , -1686.79    , array([ 1.61043    ,  0.0850804  ,  4.93101e-28,  2.06267    ,  0.0312276  ])
310437  , -1686.79    , array([ 1.61043    ,  0.0850804  ,  4.93101e-28,  2.06267    ,  0.0312276  ])
310438  , -1686.85    , array([ 1.61204    ,  0.0850804  ,  4.93101e-28,  2.06267    ,  0.0312276  ])
310439  , -1689.08    , array([ 1.61043    ,  0.0851655  ,  4.93101e-28,  2.06267    ,  0.0312276  ])
310440  , -1686.79    , array([ 1.61043    ,  0.0850804  ,  4.93594e-28,  2.06267    ,  0.0312276  ])
310441  , -1686.97    , array([ 1.61043    ,  0.0850804  ,  4.93101e-28,  2.06473    ,  0.0312276  ])
310442  , -1685.04    , array([ 1.61043    ,  0.0850804  ,  4.93101e-28,  2.06267    ,  0.0312588  ])
310443  , -1561.06    , array([ 1.5039     ,  0.0664788  ,  4.93101e-28,  2.89579    ,  0.0267389  ])
310444  , -1561.06    , array([ 1.5039     ,  0.0664788  ,  4.93101e-28,  2.89579    ,  0.0267389  ])
310445  , -1561.08    , array([ 1.50541    ,  0.0664788  ,  4.93101e-28,  2.89579    ,  0.0267389  ])
310446  , -1561.21    , array([ 1.5039     ,  0.0665453  ,  4.93101e-28,  2.89579    ,  0.0267389  ])
310447  , -1561.06    , array([ 1.5039     ,  0.0664788  ,  4.93594e-28,  2.89579    ,  0.0267389  ])
310448  , -1561.05    , array([ 1.5039     ,  0.0664788  ,  4.93101e-28,  2.89869    ,  0.0267389  ])
310449  , -1561       , array([ 1.5039     ,  0.0664788  ,  4.93101e-28,  2.89579    ,  0.0267656  ])
310450  , -1557.63    , array([ 1.4163     ,  0.0593419  ,  4.93101e-28,  4.06987    ,  0.0244088  ])
310451  , -1557.63    , array([ 1.4163     ,  0.0593419  ,  4.93101e-28,  4.06987    ,  0.0244088  ])
310452  , -1557.63    , array([ 1.41772    ,  0.0593419  ,  4.93101e-28,  4.06987    ,  0.0244088  ])
310453  , -1557.95    , array([ 1.4163     ,  0.0594013  ,  4.93101e-28,  4.06987    ,  0.0244088  ])
310454  , -1557.63    , array([ 1.4163     ,  0.0593419  ,  4.93594e-28,  4.06987    ,  0.0244088  ])
310455  , -1557.67    , array([ 1.4163     ,  0.0593419  ,  4.93101e-28,  4.07394    ,  0.0244088  ])
310456  , -1557.33    , array([ 1.4163     ,  0.0593419  ,  4.93101e-28,  4.06987    ,  0.0244332  ])
310457  , -1555.85    , array([ 1.4224     ,  0.0592187  ,  4.93101e-28,  3.93962    ,  0.0245844  ])
310458  , -1555.85    , array([ 1.4224     ,  0.0592187  ,  4.93101e-28,  3.93962    ,  0.0245844  ])
310459  , -1555.84    , array([ 1.42383    ,  0.0592187  ,  4.93101e-28,  3.93962    ,  0.0245844  ])
310460  , -1555.81    , array([ 1.4224     ,  0.059278   ,  4.93101e-28,  3.93962    ,  0.0245844  ])
310461  , -1555.85    , array([ 1.4224     ,  0.0592187  ,  4.93594e-28,  3.93962    ,  0.0245844  ])
310462  , -1555.83    , array([ 1.4224     ,  0.0592187  ,  4.93101e-28,  3.94356    ,  0.0245844  ])
310463  , -1555.85    , array([ 1.4224     ,  0.0592187  ,  4.93101e-28,  3.93962    ,  0.024609   ])
310464  , -1555.37    , array([ 1.42417    ,  0.059239   ,  4.93101e-28,  4.0802     ,  0.0247013  ])
310465  , -1555.37    , array([ 1.42417    ,  0.059239   ,  4.93101e-28,  4.0802     ,  0.0247013  ])
310466  , -1555.37    , array([ 1.4256     ,  0.059239   ,  4.93101e-28,  4.0802     ,  0.0247013  ])
310467  , -1555.38    , array([ 1.42417    ,  0.0592982  ,  4.93101e-28,  4.0802     ,  0.0247013  ])
310468  , -1555.37    , array([ 1.42417    ,  0.059239   ,  4.93594e-28,  4.0802     ,  0.0247013  ])
310469  , -1555.37    , array([ 1.42417    ,  0.059239   ,  4.93101e-28,  4.08428    ,  0.0247013  ])
310470  , -1555.35    , array([ 1.42417    ,  0.059239   ,  4.93101e-28,  4.0802     ,  0.024726   ])
310471  , -1554.93    , array([ 1.43523    ,  0.0593938  ,  4.93101e-28,  4.3021     ,  0.0249953  ])
310472  , -1554.93    , array([ 1.43523    ,  0.0593938  ,  4.93101e-28,  4.3021     ,  0.0249953  ])
310473  , -1554.93    , array([ 1.43667    ,  0.0593938  ,  4.93101e-28,  4.3021     ,  0.0249953  ])
310474  , -1554.95    , array([ 1.43523    ,  0.0594532  ,  4.93101e-28,  4.3021     ,  0.0249953  ])
310475  , -1554.93    , array([ 1.43523    ,  0.0593938  ,  4.93594e-28,  4.3021     ,  0.0249953  ])
310476  , -1554.93    , array([ 1.43523    ,  0.0593938  ,  4.93101e-28,  4.3064     ,  0.0249953  ])
310477  , -1554.91    , array([ 1.43523    ,  0.0593938  ,  4.93101e-28,  4.3021     ,  0.0250203  ])
310478  , -1554.89    , array([ 1.43665    ,  0.0594832  ,  4.93101e-28,  4.26749    ,  0.0250264  ])
310479  , -1554.89    , array([ 1.43665    ,  0.0594832  ,  4.93101e-28,  4.26749    ,  0.0250264  ])
310480  , -1554.89    , array([ 1.43809    ,  0.0594832  ,  4.93101e-28,  4.26749    ,  0.0250264  ])
310481  , -1554.89    , array([ 1.43665    ,  0.0595427  ,  4.93101e-28,  4.26749    ,  0.0250264  ])
310482  , -1554.89    , array([ 1.43665    ,  0.0594832  ,  4.93594e-28,  4.26749    ,  0.0250264  ])
310483  , -1554.89    , array([ 1.43665    ,  0.0594832  ,  4.93101e-28,  4.27176    ,  0.0250264  ])
310484  , -1554.88    , array([ 1.43665    ,  0.0594832  ,  4.93101e-28,  4.26749    ,  0.0250515  ])
310485  , -1554.88    , array([ 1.43696    ,  0.0594793  ,  4.93101e-28,  4.2709     ,  0.0250309  ])
310486  , -1554.88    , array([ 1.43696    ,  0.0594793  ,  4.93101e-28,  4.2709     ,  0.0250309  ])
310487  , -1554.88    , array([ 1.4384     ,  0.0594793  ,  4.93101e-28,  4.2709     ,  0.0250309  ])
310488  , -1554.88    , array([ 1.43696    ,  0.0595388  ,  4.93101e-28,  4.2709     ,  0.0250309  ])
310489  , -1554.88    , array([ 1.43696    ,  0.0594793  ,  4.93594e-28,  4.2709     ,  0.0250309  ])
310490  , -1554.88    , array([ 1.43696    ,  0.0594793  ,  4.93101e-28,  4.27517    ,  0.0250309  ])
310491  , -1554.88    , array([ 1.43696    ,  0.0594793  ,  4.93101e-28,  4.2709     ,  0.025056   ])
310492  , -1554.89    , array([ 1.43695    ,  0.059477   ,  4.93101e-28,  4.27141    ,  0.0250304  ])
310493  , -1554.89    , array([ 1.43695    ,  0.059477   ,  4.93101e-28,  4.27141    ,  0.0250304  ])
310494  , -1554.89    , array([ 1.43838    ,  0.059477   ,  4.93101e-28,  4.27141    ,  0.0250304  ])
310495  , -1554.89    , array([ 1.43695    ,  0.0595365  ,  4.93101e-28,  4.27141    ,  0.0250304  ])
310496  , -1554.89    , array([ 1.43695    ,  0.059477   ,  4.93594e-28,  4.27141    ,  0.0250304  ])
310497  , -1554.89    , array([ 1.43695    ,  0.059477   ,  4.93101e-28,  4.27569    ,  0.0250304  ])
310498  , -1554.89    , array([ 1.43695    ,  0.059477   ,  4.93101e-28,  4.27141    ,  0.0250555  ])
310499  , -1554.88    , array([ 1.43696    ,  0.0594793  ,  4.93101e-28,  4.2709     ,  0.0250309  ])
310500  , -1554.88    , array([ 1.43696    ,  0.0594793  ,  4.93101e-28,  4.2709     ,  0.0250309  ])
310501  , -1554.88    , array([ 1.4384     ,  0.0594793  ,  4.93101e-28,  4.2709     ,  0.0250309  ])
310502  , -1554.88    , array([ 1.43696    ,  0.0595388  ,  4.93101e-28,  4.2709     ,  0.0250309  ])
310503  , -1554.88    , array([ 1.43696    ,  0.0594793  ,  4.93594e-28,  4.2709     ,  0.0250309  ])
310504  , -1554.88    , array([ 1.43696    ,  0.0594793  ,  4.93101e-28,  4.27517    ,  0.0250309  ])
310505  , -1554.88    , array([ 1.43696    ,  0.0594793  ,  4.93101e-28,  4.2709     ,  0.025056   ])
310506  , -1554.88    , array([ 1.43696    ,  0.0594793  ,  4.93101e-28,  4.2709     ,  0.0250309  ])
310507  , -1554.88    , array([ 1.43696    ,  0.0594793  ,  4.93101e-28,  4.2709     ,  0.0250309  ])
310508  , -1554.88    , array([ 1.4384     ,  0.0594793  ,  4.93101e-28,  4.2709     ,  0.0250309  ])
310509  , -1554.88    , array([ 1.43696    ,  0.0595388  ,  4.93101e-28,  4.2709     ,  0.0250309  ])
310510  , -1554.88    , array([ 1.43696    ,  0.0594793  ,  4.93594e-28,  4.2709     ,  0.0250309  ])
310511  , -1554.88    , array([ 1.43696    ,  0.0594793  ,  4.93101e-28,  4.27517    ,  0.0250309  ])
310512  , -1554.88    , array([ 1.43696    ,  0.0594793  ,  4.93101e-28,  4.2709     ,  0.025056   ])
310513  , -1554.88    , array([ 1.43696    ,  0.0594793  ,  4.93101e-28,  4.2709     ,  0.0250309  ])
310514  , -1554.88    , array([ 1.43696    ,  0.0594793  ,  4.93101e-28,  4.2709     ,  0.0250309  ])
310515  , -1554.88    , array([ 1.4384     ,  0.0594793  ,  4.93101e-28,  4.2709     ,  0.0250309  ])
310516  , -1554.88    , array([ 1.43696    ,  0.0595388  ,  4.93101e-28,  4.2709     ,  0.0250309  ])
310517  , -1554.88    , array([ 1.43696    ,  0.0594793  ,  4.93594e-28,  4.2709     ,  0.0250309  ])
310518  , -1554.88    , array([ 1.43696    ,  0.0594793  ,  4.93101e-28,  4.27517    ,  0.0250309  ])
310519  , -1554.88    , array([ 1.43696    ,  0.0594793  ,  4.93101e-28,  4.2709     ,  0.025056   ])
310520  , -1554.88    , array([ 1.43696    ,  0.0594793  ,  4.93101e-28,  4.2709     ,  0.0250309  ])
310521  , -1554.88    , array([ 1.43696    ,  0.0594793  ,  4.93101e-28,  4.2709     ,  0.0250309  ])
310522  , -1554.88    , array([ 1.4384     ,  0.0594793  ,  4.93101e-28,  4.2709     ,  0.0250309  ])
310523  , -1554.88    , array([ 1.43696    ,  0.0595388  ,  4.93101e-28,  4.2709     ,  0.0250309  ])
310524  , -1554.88    , array([ 1.43696    ,  0.0594793  ,  4.93594e-28,  4.2709     ,  0.0250309  ])
310525  , -1554.88    , array([ 1.43696    ,  0.0594793  ,  4.93101e-28,  4.27517    ,  0.0250309  ])
310526  , -1554.88    , array([ 1.43696    ,  0.0594793  ,  4.93101e-28,  4.2709     ,  0.025056   ])
310527  , -1554.88    , array([ 1.43696    ,  0.0594793  ,  4.93101e-28,  4.2709     ,  0.0250309  ])
310528  , -1554.88    , array([ 1.43696    ,  0.0594793  ,  4.93101e-28,  4.2709     ,  0.0250309  ])
310529  , -1554.88    , array([ 1.4384     ,  0.0594793  ,  4.93101e-28,  4.2709     ,  0.0250309  ])
310530  , -1554.88    , array([ 1.43696    ,  0.0595388  ,  4.93101e-28,  4.2709     ,  0.0250309  ])
310531  , -1554.88    , array([ 1.43696    ,  0.0594793  ,  4.93594e-28,  4.2709     ,  0.0250309  ])
310532  , -1554.88    , array([ 1.43696    ,  0.0594793  ,  4.93101e-28,  4.27517    ,  0.0250309  ])
310533  , -1554.88    , array([ 1.43696    ,  0.0594793  ,  4.93101e-28,  4.2709     ,  0.025056   ])
310534  , -1554.88    , array([ 1.43696    ,  0.0594793  ,  4.93101e-28,  4.2709     ,  0.0250309  ])
310535  , -1554.88    , array([ 1.43696    ,  0.0594793  ,  4.93101e-28,  4.2709     ,  0.0250309  ])
310536  , -1554.88    , array([ 1.4384     ,  0.0594793  ,  4.93101e-28,  4.2709     ,  0.0250309  ])
310537  , -1554.88    , array([ 1.43696    ,  0.0595388  ,  4.93101e-28,  4.2709     ,  0.0250309  ])
310538  , -1554.88    , array([ 1.43696    ,  0.0594793  ,  4.93594e-28,  4.2709     ,  0.0250309  ])
310539  , -1554.88    , array([ 1.43696    ,  0.0594793  ,  4.93101e-28,  4.27517    ,  0.0250309  ])
310540  , -1554.88    , array([ 1.43696    ,  0.0594793  ,  4.93101e-28,  4.2709     ,  0.025056   ])
310541  , -1554.88    , array([ 1.43696    ,  0.0594793  ,  4.93101e-28,  4.2709     ,  0.0250309  ])
310542  , -1554.88    , array([ 1.43696    ,  0.0594793  ,  4.93101e-28,  4.2709     ,  0.0250309  ])
310543  , -1554.88    , array([ 1.4384     ,  0.0594793  ,  4.93101e-28,  4.2709     ,  0.0250309  ])
310544  , -1554.88    , array([ 1.43696    ,  0.0595388  ,  4.93101e-28,  4.2709     ,  0.0250309  ])
310545  , -1554.88    , array([ 1.43696    ,  0.0594793  ,  4.93594e-28,  4.2709     ,  0.0250309  ])
310546  , -1554.88    , array([ 1.43696    ,  0.0594793  ,  4.93101e-28,  4.27517    ,  0.0250309  ])
310547  , -1554.88    , array([ 1.43696    ,  0.0594793  ,  4.93101e-28,  4.2709     ,  0.025056   ])
310548  , -1554.88    , array([ 1.43696    ,  0.0594793  ,  4.93101e-28,  4.2709     ,  0.0250309  ])
310549  , -1554.88    , array([ 1.43696    ,  0.0594793  ,  4.93101e-28,  4.2709     ,  0.0250309  ])
310550  , -1554.88    , array([ 1.4384     ,  0.0594793  ,  4.93101e-28,  4.2709     ,  0.0250309  ])
310551  , -1554.88    , array([ 1.43696    ,  0.0595388  ,  4.93101e-28,  4.2709     ,  0.0250309  ])
310552  , -1554.88    , array([ 1.43696    ,  0.0594793  ,  4.93594e-28,  4.2709     ,  0.0250309  ])
310553  , -1554.88    , array([ 1.43696    ,  0.0594793  ,  4.93101e-28,  4.27517    ,  0.0250309  ])
310554  , -1554.88    , array([ 1.43696    ,  0.0594793  ,  4.93101e-28,  4.2709     ,  0.025056   ])
310555  , -1554.88    , array([ 1.43696    ,  0.0594793  ,  4.93101e-28,  4.2709     ,  0.0250309  ])
310556  , -1554.88    , array([ 1.43696    ,  0.0594793  ,  4.93101e-28,  4.2709     ,  0.0250309  ])
310557  , -1554.88    , array([ 1.4384     ,  0.0594793  ,  4.93101e-28,  4.2709     ,  0.0250309  ])
310558  , -1554.88    , array([ 1.43696    ,  0.0595388  ,  4.93101e-28,  4.2709     ,  0.0250309  ])
310559  , -1554.88    , array([ 1.43696    ,  0.0594793  ,  4.93594e-28,  4.2709     ,  0.0250309  ])
310560  , -1554.88    , array([ 1.43696    ,  0.0594793  ,  4.93101e-28,  4.27517    ,  0.0250309  ])
310561  , -1554.88    , array([ 1.43696    ,  0.0594793  ,  4.93101e-28,  4.2709     ,  0.025056   ])
310562  , -1554.88    , array([ 1.43696    ,  0.0594793  ,  4.93101e-28,  4.2709     ,  0.0250309  ])
310563  , -1554.88    , array([ 1.43696    ,  0.0594793  ,  4.93101e-28,  4.2709     ,  0.0250309  ])
310564  , -1554.88    , array([ 1.4384     ,  0.0594793  ,  4.93101e-28,  4.2709     ,  0.0250309  ])
310565  , -1554.88    , array([ 1.43696    ,  0.0595388  ,  4.93101e-28,  4.2709     ,  0.0250309  ])
310566  , -1554.88    , array([ 1.43696    ,  0.0594793  ,  4.93594e-28,  4.2709     ,  0.0250309  ])
310567  , -1554.88    , array([ 1.43696    ,  0.0594793  ,  4.93101e-28,  4.27517    ,  0.0250309  ])
310568  , -1554.88    , array([ 1.43696    ,  0.0594793  ,  4.93101e-28,  4.2709     ,  0.025056   ])
310569  , -1554.88    , array([ 1.43696    ,  0.0594793  ,  4.93101e-28,  4.2709     ,  0.0250309  ])
310570  , -1554.88    , array([ 1.43696    ,  0.0594793  ,  4.93101e-28,  4.2709     ,  0.0250309  ])
310571  , -1554.88    , array([ 1.4384     ,  0.0594793  ,  4.93101e-28,  4.2709     ,  0.0250309  ])
310572  , -1554.88    , array([ 1.43696    ,  0.0595388  ,  4.93101e-28,  4.2709     ,  0.0250309  ])
310573  , -1554.88    , array([ 1.43696    ,  0.0594793  ,  4.93594e-28,  4.2709     ,  0.0250309  ])
310574  , -1554.88    , array([ 1.43696    ,  0.0594793  ,  4.93101e-28,  4.27517    ,  0.0250309  ])
310575  , -1554.88    , array([ 1.43696    ,  0.0594793  ,  4.93101e-28,  4.2709     ,  0.025056   ])
310576  , -1554.88    , array([ 1.43696    ,  0.0594793  ,  4.93101e-28,  4.2709     ,  0.0250309  ])
310577  , -1554.88    , array([ 1.43696    ,  0.0594793  ,  4.93101e-28,  4.2709     ,  0.0250309  ])
310578  , -1554.88    , array([ 1.4384     ,  0.0594793  ,  4.93101e-28,  4.2709     ,  0.0250309  ])
310579  , -1554.88    , array([ 1.43696    ,  0.0595388  ,  4.93101e-28,  4.2709     ,  0.0250309  ])
310580  , -1554.88    , array([ 1.43696    ,  0.0594793  ,  4.93594e-28,  4.2709     ,  0.0250309  ])
310581  , -1554.88    , array([ 1.43696    ,  0.0594793  ,  4.93101e-28,  4.27517    ,  0.0250309  ])
310582  , -1554.88    , array([ 1.43696    ,  0.0594793  ,  4.93101e-28,  4.2709     ,  0.025056   ])
310583  , -1554.88    , array([ 1.43696    ,  0.0594793  ,  4.93101e-28,  4.2709     ,  0.0250309  ])
310584  , -1554.88    , array([ 1.43696    ,  0.0594793  ,  4.93101e-28,  4.2709     ,  0.0250309  ])
310585  , -1554.88    , array([ 1.4384     ,  0.0594793  ,  4.93101e-28,  4.2709     ,  0.0250309  ])
310586  , -1554.88    , array([ 1.43696    ,  0.0595388  ,  4.93101e-28,  4.2709     ,  0.0250309  ])
310587  , -1554.88    , array([ 1.43696    ,  0.0594793  ,  4.93594e-28,  4.2709     ,  0.0250309  ])
310588  , -1554.88    , array([ 1.43696    ,  0.0594793  ,  4.93101e-28,  4.27517    ,  0.0250309  ])
310589  , -1554.88    , array([ 1.43696    ,  0.0594793  ,  4.93101e-28,  4.2709     ,  0.025056   ])
310590  , -1554.88    , array([ 1.43696    ,  0.0594793  ,  4.93101e-28,  4.2709     ,  0.0250309  ])
310591  , -1554.88    , array([ 1.43696    ,  0.0594793  ,  4.93101e-28,  4.2709     ,  0.0250309  ])
310592  , -1554.88    , array([ 1.4384     ,  0.0594793  ,  4.93101e-28,  4.2709     ,  0.0250309  ])
310593  , -1554.88    , array([ 1.43696    ,  0.0595388  ,  4.93101e-28,  4.2709     ,  0.0250309  ])
310594  , -1554.88    , array([ 1.43696    ,  0.0594793  ,  4.93594e-28,  4.2709     ,  0.0250309  ])
310595  , -1554.88    , array([ 1.43696    ,  0.0594793  ,  4.93101e-28,  4.27517    ,  0.0250309  ])
310596  , -1554.88    , array([ 1.43696    ,  0.0594793  ,  4.93101e-28,  4.2709     ,  0.025056   ])
310597  , -1554.88    , array([ 1.43696    ,  0.0594793  ,  4.93101e-28,  4.2709     ,  0.0250309  ])
310598  , -1554.88    , array([ 1.43696    ,  0.0594793  ,  4.93101e-28,  4.2709     ,  0.0250309  ])
310599  , -1554.88    , array([ 1.4384     ,  0.0594793  ,  4.93101e-28,  4.2709     ,  0.0250309  ])
310600  , -1554.88    , array([ 1.43696    ,  0.0595388  ,  4.93101e-28,  4.2709     ,  0.0250309  ])
310601  , -1554.88    , array([ 1.43696    ,  0.0594793  ,  4.93594e-28,  4.2709     ,  0.0250309  ])
310602  , -1554.88    , array([ 1.43696    ,  0.0594793  ,  4.93101e-28,  4.27517    ,  0.0250309  ])
310603  , -1554.88    , array([ 1.43696    ,  0.0594793  ,  4.93101e-28,  4.2709     ,  0.025056   ])
310604  , -1554.88    , array([ 1.43696    ,  0.0594793  ,  4.93101e-28,  4.2709     ,  0.0250309  ])
310605  , -1554.88    , array([ 1.43696    ,  0.0594793  ,  4.93101e-28,  4.2709     ,  0.0250309  ])
310606  , -1554.88    , array([ 1.4384     ,  0.0594793  ,  4.93101e-28,  4.2709     ,  0.0250309  ])
310607  , -1554.88    , array([ 1.43696    ,  0.0595388  ,  4.93101e-28,  4.2709     ,  0.0250309  ])
310608  , -1554.88    , array([ 1.43696    ,  0.0594793  ,  4.93594e-28,  4.2709     ,  0.0250309  ])
310609  , -1554.88    , array([ 1.43696    ,  0.0594793  ,  4.93101e-28,  4.27517    ,  0.0250309  ])
310610  , -1554.88    , array([ 1.43696    ,  0.0594793  ,  4.93101e-28,  4.2709     ,  0.025056   ])
310611  , -1554.88    , array([ 1.43696    ,  0.0594793  ,  4.93101e-28,  4.2709     ,  0.0250309  ])
310612  , -1554.88    , array([ 1.43696    ,  0.0594793  ,  4.93101e-28,  4.2709     ,  0.0250309  ])
310613  , -1554.88    , array([ 1.4384     ,  0.0594793  ,  4.93101e-28,  4.2709     ,  0.0250309  ])
310614  , -1554.88    , array([ 1.43696    ,  0.0595388  ,  4.93101e-28,  4.2709     ,  0.0250309  ])
310615  , -1554.88    , array([ 1.43696    ,  0.0594793  ,  4.93594e-28,  4.2709     ,  0.0250309  ])
310616  , -1554.88    , array([ 1.43696    ,  0.0594793  ,  4.93101e-28,  4.27517    ,  0.0250309  ])
310617  , -1554.88    , array([ 1.43696    ,  0.0594793  ,  4.93101e-28,  4.2709     ,  0.025056   ])
310618  , -1554.88    , array([ 1.43696    ,  0.0594793  ,  4.93101e-28,  4.2709     ,  0.0250309  ])
310619  , -1554.88    , array([ 1.43696    ,  0.0594793  ,  4.93101e-28,  4.2709     ,  0.0250309  ])
310620  , -1554.88    , array([ 1.4384     ,  0.0594793  ,  4.93101e-28,  4.2709     ,  0.0250309  ])
310621  , -1554.88    , array([ 1.43696    ,  0.0595388  ,  4.93101e-28,  4.2709     ,  0.0250309  ])
310622  , -1554.88    , array([ 1.43696    ,  0.0594793  ,  4.93594e-28,  4.2709     ,  0.0250309  ])
310623  , -1554.88    , array([ 1.43696    ,  0.0594793  ,  4.93101e-28,  4.27517    ,  0.0250309  ])
310624  , -1554.88    , array([ 1.43696    ,  0.0594793  ,  4.93101e-28,  4.2709     ,  0.025056   ])
310625  , -1554.88    , array([ 1.43696    ,  0.0594793  ,  4.93101e-28,  4.2709     ,  0.0250309  ])
310626  , -1554.88    , array([ 1.43696    ,  0.0594793  ,  4.93101e-28,  4.2709     ,  0.0250309  ])
310627  , -1554.88    , array([ 1.4384     ,  0.0594793  ,  4.93101e-28,  4.2709     ,  0.0250309  ])
310628  , -1554.88    , array([ 1.43696    ,  0.0595388  ,  4.93101e-28,  4.2709     ,  0.0250309  ])
310629  , -1554.88    , array([ 1.43696    ,  0.0594793  ,  4.93594e-28,  4.2709     ,  0.0250309  ])
310630  , -1554.88    , array([ 1.43696    ,  0.0594793  ,  4.93101e-28,  4.27517    ,  0.0250309  ])
310631  , -1554.88    , array([ 1.43696    ,  0.0594793  ,  4.93101e-28,  4.2709     ,  0.025056   ])
310632  , -1554.88    , array([ 1.43696    ,  0.0594793  ,  4.93101e-28,  4.2709     ,  0.0250309  ])
310633  , -1554.88    , array([ 1.43696    ,  0.0594793  ,  4.93101e-28,  4.2709     ,  0.0250309  ])
310634  , -1554.88    , array([ 1.4384     ,  0.0594793  ,  4.93101e-28,  4.2709     ,  0.0250309  ])
310635  , -1554.88    , array([ 1.43696    ,  0.0595388  ,  4.93101e-28,  4.2709     ,  0.0250309  ])
310636  , -1554.88    , array([ 1.43696    ,  0.0594793  ,  4.93594e-28,  4.2709     ,  0.0250309  ])
310637  , -1554.88    , array([ 1.43696    ,  0.0594793  ,  4.93101e-28,  4.27517    ,  0.0250309  ])
310638  , -1554.88    , array([ 1.43696    ,  0.0594793  ,  4.93101e-28,  4.2709     ,  0.025056   ])
310639  , -1554.88    , array([ 1.43696    ,  0.0594793  ,  4.93101e-28,  4.2709     ,  0.0250309  ])
310640  , -1554.88    , array([ 1.43696    ,  0.0594793  ,  4.93101e-28,  4.2709     ,  0.0250309  ])
310641  , -1554.88    , array([ 1.4384     ,  0.0594793  ,  4.93101e-28,  4.2709     ,  0.0250309  ])
310642  , -1554.88    , array([ 1.43696    ,  0.0595388  ,  4.93101e-28,  4.2709     ,  0.0250309  ])
310643  , -1554.88    , array([ 1.43696    ,  0.0594793  ,  4.93594e-28,  4.2709     ,  0.0250309  ])
310644  , -1554.88    , array([ 1.43696    ,  0.0594793  ,  4.93101e-28,  4.27517    ,  0.0250309  ])
310645  , -1554.88    , array([ 1.43696    ,  0.0594793  ,  4.93101e-28,  4.2709     ,  0.025056   ])
310646  , -1554.88    , array([ 1.43696    ,  0.0594793  ,  4.93101e-28,  4.2709     ,  0.0250309  ])
310647  , -1554.88    , array([ 1.43696    ,  0.0594793  ,  4.93101e-28,  4.2709     ,  0.0250309  ])
310648  , -1554.88    , array([ 1.4384     ,  0.0594793  ,  4.93101e-28,  4.2709     ,  0.0250309  ])
310649  , -1554.88    , array([ 1.43696    ,  0.0595388  ,  4.93101e-28,  4.2709     ,  0.0250309  ])
310650  , -1554.88    , array([ 1.43696    ,  0.0594793  ,  4.93594e-28,  4.2709     ,  0.0250309  ])
310651  , -1554.88    , array([ 1.43696    ,  0.0594793  ,  4.93101e-28,  4.27517    ,  0.0250309  ])
310652  , -1554.88    , array([ 1.43696    ,  0.0594793  ,  4.93101e-28,  4.2709     ,  0.025056   ])
310653  , -1554.88    , array([ 1.43696    ,  0.0594793  ,  4.93101e-28,  4.2709     ,  0.0250309  ])
310654  , -1554.88    , array([ 1.43696    ,  0.0594793  ,  4.93101e-28,  4.2709     ,  0.0250309  ])
310655  , -1554.88    , array([ 1.4384     ,  0.0594793  ,  4.93101e-28,  4.2709     ,  0.0250309  ])
310656  , -1554.88    , array([ 1.43696    ,  0.0595388  ,  4.93101e-28,  4.2709     ,  0.0250309  ])
310657  , -1554.88    , array([ 1.43696    ,  0.0594793  ,  4.93594e-28,  4.2709     ,  0.0250309  ])
310658  , -1554.88    , array([ 1.43696    ,  0.0594793  ,  4.93101e-28,  4.27517    ,  0.0250309  ])
310659  , -1554.88    , array([ 1.43696    ,  0.0594793  ,  4.93101e-28,  4.2709     ,  0.025056   ])
310660  , -1554.88    , array([ 1.43696    ,  0.0594793  ,  4.93101e-28,  4.2709     ,  0.0250309  ])
310661  , -1554.88    , array([ 1.43696    ,  0.0594793  ,  4.93101e-28,  4.2709     ,  0.0250309  ])
310662  , -1554.88    , array([ 1.4384     ,  0.0594793  ,  4.93101e-28,  4.2709     ,  0.0250309  ])
310663  , -1554.88    , array([ 1.43696    ,  0.0595388  ,  4.93101e-28,  4.2709     ,  0.0250309  ])
310664  , -1554.88    , array([ 1.43696    ,  0.0594793  ,  4.93594e-28,  4.2709     ,  0.0250309  ])
310665  , -1554.88    , array([ 1.43696    ,  0.0594793  ,  4.93101e-28,  4.27517    ,  0.0250309  ])
310666  , -1554.88    , array([ 1.43696    ,  0.0594793  ,  4.93101e-28,  4.2709     ,  0.025056   ])
310667  , -1554.88    , array([ 1.43696    ,  0.0594793  ,  4.93101e-28,  4.2709     ,  0.0250309  ])
310668  , -1554.88    , array([ 1.43696    ,  0.0594793  ,  4.93101e-28,  4.2709     ,  0.0250309  ])
310669  , -1554.88    , array([ 1.4384     ,  0.0594793  ,  4.93101e-28,  4.2709     ,  0.0250309  ])
310670  , -1554.88    , array([ 1.43696    ,  0.0595388  ,  4.93101e-28,  4.2709     ,  0.0250309  ])
310671  , -1554.88    , array([ 1.43696    ,  0.0594793  ,  4.93594e-28,  4.2709     ,  0.0250309  ])
310672  , -1554.88    , array([ 1.43696    ,  0.0594793  ,  4.93101e-28,  4.27517    ,  0.0250309  ])
310673  , -1554.88    , array([ 1.43696    ,  0.0594793  ,  4.93101e-28,  4.2709     ,  0.025056   ])
310674  , -1554.88    , array([ 1.43696    ,  0.0594793  ,  4.93101e-28,  4.2709     ,  0.0250309  ])
310675  , -1554.88    , array([ 1.43696    ,  0.0594793  ,  4.93101e-28,  4.2709     ,  0.0250309  ])
310676  , -1554.88    , array([ 1.4384     ,  0.0594793  ,  4.93101e-28,  4.2709     ,  0.0250309  ])
310677  , -1554.88    , array([ 1.43696    ,  0.0595388  ,  4.93101e-28,  4.2709     ,  0.0250309  ])
310678  , -1554.88    , array([ 1.43696    ,  0.0594793  ,  4.93594e-28,  4.2709     ,  0.0250309  ])
310679  , -1554.88    , array([ 1.43696    ,  0.0594793  ,  4.93101e-28,  4.27517    ,  0.0250309  ])
310680  , -1554.88    , array([ 1.43696    ,  0.0594793  ,  4.93101e-28,  4.2709     ,  0.025056   ])
310681  , -1554.88    , array([ 1.43696    ,  0.0594793  ,  4.93101e-28,  4.2709     ,  0.0250309  ])
310682  , -1554.88    , array([ 1.43696    ,  0.0594793  ,  4.93101e-28,  4.2709     ,  0.0250309  ])
310683  , -1554.88    , array([ 1.4384     ,  0.0594793  ,  4.93101e-28,  4.2709     ,  0.0250309  ])
310684  , -1554.88    , array([ 1.43696    ,  0.0595388  ,  4.93101e-28,  4.2709     ,  0.0250309  ])
310685  , -1554.88    , array([ 1.43696    ,  0.0594793  ,  4.93594e-28,  4.2709     ,  0.0250309  ])
310686  , -1554.88    , array([ 1.43696    ,  0.0594793  ,  4.93101e-28,  4.27517    ,  0.0250309  ])
310687  , -1554.88    , array([ 1.43696    ,  0.0594793  ,  4.93101e-28,  4.2709     ,  0.025056   ])
310688  , -1554.88    , array([ 1.43696    ,  0.0594793  ,  4.93101e-28,  4.2709     ,  0.0250309  ])
310689  , -1554.88    , array([ 1.43696    ,  0.0594793  ,  4.93101e-28,  4.2709     ,  0.0250309  ])
310690  , -1554.88    , array([ 1.4384     ,  0.0594793  ,  4.93101e-28,  4.2709     ,  0.0250309  ])
310691  , -1554.88    , array([ 1.43696    ,  0.0595388  ,  4.93101e-28,  4.2709     ,  0.0250309  ])
310692  , -1554.88    , array([ 1.43696    ,  0.0594793  ,  4.93594e-28,  4.2709     ,  0.0250309  ])
310693  , -1554.88    , array([ 1.43696    ,  0.0594793  ,  4.93101e-28,  4.27517    ,  0.0250309  ])
310694  , -1554.88    , array([ 1.43696    ,  0.0594793  ,  4.93101e-28,  4.2709     ,  0.025056   ])
310695  , -1554.88    , array([ 1.43696    ,  0.0594793  ,  4.93101e-28,  4.2709     ,  0.0250309  ])
310696  , -1554.88    , array([ 1.43696    ,  0.0594793  ,  4.93101e-28,  4.2709     ,  0.0250309  ])
310697  , -1554.88    , array([ 1.4384     ,  0.0594793  ,  4.93101e-28,  4.2709     ,  0.0250309  ])
310698  , -1554.88    , array([ 1.43696    ,  0.0595388  ,  4.93101e-28,  4.2709     ,  0.0250309  ])
310699  , -1554.88    , array([ 1.43696    ,  0.0594793  ,  4.93594e-28,  4.2709     ,  0.0250309  ])
310700  , -1554.88    , array([ 1.43696    ,  0.0594793  ,  4.93101e-28,  4.27517    ,  0.0250309  ])
310701  , -1554.88    , array([ 1.43696    ,  0.0594793  ,  4.93101e-28,  4.2709     ,  0.025056   ])
310702  , -1554.88    , array([ 1.43696    ,  0.0594793  ,  4.93101e-28,  4.2709     ,  0.0250309  ])
310703  , -1554.88    , array([ 1.43696    ,  0.0594793  ,  4.93101e-28,  4.2709     ,  0.0250309  ])
310704  , -1554.88    , array([ 1.4384     ,  0.0594793  ,  4.93101e-28,  4.2709     ,  0.0250309  ])
310705  , -1554.88    , array([ 1.43696    ,  0.0595388  ,  4.93101e-28,  4.2709     ,  0.0250309  ])
310706  , -1554.88    , array([ 1.43696    ,  0.0594793  ,  4.93594e-28,  4.2709     ,  0.0250309  ])
310707  , -1554.88    , array([ 1.43696    ,  0.0594793  ,  4.93101e-28,  4.27517    ,  0.0250309  ])
310708  , -1554.88    , array([ 1.43696    ,  0.0594793  ,  4.93101e-28,  4.2709     ,  0.025056   ])
310709  , -1554.88    , array([ 1.43696    ,  0.0594793  ,  4.93101e-28,  4.2709     ,  0.0250309  ])
310710  , -1554.88    , array([ 1.43696    ,  0.0594793  ,  4.93101e-28,  4.2709     ,  0.0250309  ])
310711  , -1554.88    , array([ 1.4384     ,  0.0594793  ,  4.93101e-28,  4.2709     ,  0.0250309  ])
310712  , -1554.88    , array([ 1.43696    ,  0.0595388  ,  4.93101e-28,  4.2709     ,  0.0250309  ])
310713  , -1554.88    , array([ 1.43696    ,  0.0594793  ,  4.93594e-28,  4.2709     ,  0.0250309  ])
310714  , -1554.88    , array([ 1.43696    ,  0.0594793  ,  4.93101e-28,  4.27517    ,  0.0250309  ])
310715  , -1554.88    , array([ 1.43696    ,  0.0594793  ,  4.93101e-28,  4.2709     ,  0.025056   ])
310716  , -1554.88    , array([ 1.43696    ,  0.0594793  ,  4.93101e-28,  4.2709     ,  0.0250309  ])
310717  , -1554.88    , array([ 1.43696    ,  0.0594793  ,  4.93101e-28,  4.2709     ,  0.0250309  ])
310718  , -1554.88    , array([ 1.4384     ,  0.0594793  ,  4.93101e-28,  4.2709     ,  0.0250309  ])
310719  , -1554.88    , array([ 1.43696    ,  0.0595388  ,  4.93101e-28,  4.2709     ,  0.0250309  ])
310720  , -1554.88    , array([ 1.43696    ,  0.0594793  ,  4.93594e-28,  4.2709     ,  0.0250309  ])
310721  , -1554.88    , array([ 1.43696    ,  0.0594793  ,  4.93101e-28,  4.27517    ,  0.0250309  ])
310722  , -1554.88    , array([ 1.43696    ,  0.0594793  ,  4.93101e-28,  4.2709     ,  0.025056   ])
310723  , -1554.88    , array([ 1.43696    ,  0.0594793  ,  4.93101e-28,  4.2709     ,  0.0250309  ])
310724  , -1554.88    , array([ 1.43696    ,  0.0594793  ,  4.93101e-28,  4.2709     ,  0.0250309  ])
310725  , -1554.88    , array([ 1.4384     ,  0.0594793  ,  4.93101e-28,  4.2709     ,  0.0250309  ])
310726  , -1554.88    , array([ 1.43696    ,  0.0595388  ,  4.93101e-28,  4.2709     ,  0.0250309  ])
310727  , -1554.88    , array([ 1.43696    ,  0.0594793  ,  4.93594e-28,  4.2709     ,  0.0250309  ])
310728  , -1554.88    , array([ 1.43696    ,  0.0594793  ,  4.93101e-28,  4.27517    ,  0.0250309  ])
310729  , -1554.88    , array([ 1.43696    ,  0.0594793  ,  4.93101e-28,  4.2709     ,  0.025056   ])
310730  , -1554.88    , array([ 1.43696    ,  0.0594793  ,  4.93101e-28,  4.2709     ,  0.0250309  ])
310731  , -1554.88    , array([ 1.43696    ,  0.0594793  ,  4.93101e-28,  4.2709     ,  0.0250309  ])
310732  , -1554.88    , array([ 1.4384     ,  0.0594793  ,  4.93101e-28,  4.2709     ,  0.0250309  ])
310733  , -1554.88    , array([ 1.43696    ,  0.0595388  ,  4.93101e-28,  4.2709     ,  0.0250309  ])
310734  , -1554.88    , array([ 1.43696    ,  0.0594793  ,  4.93594e-28,  4.2709     ,  0.0250309  ])
310735  , -1554.88    , array([ 1.43696    ,  0.0594793  ,  4.93101e-28,  4.27517    ,  0.0250309  ])
310736  , -1554.88    , array([ 1.43696    ,  0.0594793  ,  4.93101e-28,  4.2709     ,  0.025056   ])
310737  , -1554.88    , array([ 1.43696    ,  0.0594793  ,  4.93101e-28,  4.2709     ,  0.0250309  ])
310738  , -1554.88    , array([ 1.43696    ,  0.0594793  ,  4.93101e-28,  4.2709     ,  0.0250309  ])
310739  , -1554.88    , array([ 1.4384     ,  0.0594793  ,  4.93101e-28,  4.2709     ,  0.0250309  ])
310740  , -1554.88    , array([ 1.43696    ,  0.0595388  ,  4.93101e-28,  4.2709     ,  0.0250309  ])
310741  , -1554.88    , array([ 1.43696    ,  0.0594793  ,  4.93594e-28,  4.2709     ,  0.0250309  ])
310742  , -1554.88    , array([ 1.43696    ,  0.0594793  ,  4.93101e-28,  4.27517    ,  0.0250309  ])
310743  , -1554.88    , array([ 1.43696    ,  0.0594793  ,  4.93101e-28,  4.2709     ,  0.025056   ])
310744  , -1554.88    , array([ 1.43696    ,  0.0594793  ,  4.93101e-28,  4.2709     ,  0.0250309  ])
310745  , -1554.88    , array([ 1.43696    ,  0.0594793  ,  4.93101e-28,  4.2709     ,  0.0250309  ])
310746  , -1554.88    , array([ 1.4384     ,  0.0594793  ,  4.93101e-28,  4.2709     ,  0.0250309  ])
310747  , -1554.88    , array([ 1.43696    ,  0.0595388  ,  4.93101e-28,  4.2709     ,  0.0250309  ])
310748  , -1554.88    , array([ 1.43696    ,  0.0594793  ,  4.93594e-28,  4.2709     ,  0.0250309  ])
310749  , -1554.88    , array([ 1.43696    ,  0.0594793  ,  4.93101e-28,  4.27517    ,  0.0250309  ])
310750  , -1554.88    , array([ 1.43696    ,  0.0594793  ,  4.93101e-28,  4.2709     ,  0.025056   ])
310751  , -1554.88    , array([ 1.43696    ,  0.0594793  ,  4.93101e-28,  4.2709     ,  0.0250309  ])
310752  , -1554.88    , array([ 1.43696    ,  0.0594793  ,  4.93101e-28,  4.2709     ,  0.0250309  ])
310753  , -1554.88    , array([ 1.4384     ,  0.0594793  ,  4.93101e-28,  4.2709     ,  0.0250309  ])
310754  , -1554.88    , array([ 1.43696    ,  0.0595388  ,  4.93101e-28,  4.2709     ,  0.0250309  ])
310755  , -1554.88    , array([ 1.43696    ,  0.0594793  ,  4.93594e-28,  4.2709     ,  0.0250309  ])
310756  , -1554.88    , array([ 1.43696    ,  0.0594793  ,  4.93101e-28,  4.27517    ,  0.0250309  ])
310757  , -1554.88    , array([ 1.43696    ,  0.0594793  ,  4.93101e-28,  4.2709     ,  0.025056   ])
310758  , -1554.88    , array([ 1.43696    ,  0.0594793  ,  4.93101e-28,  4.2709     ,  0.0250309  ])
310759  , -1554.88    , array([ 1.43696    ,  0.0594793  ,  4.93101e-28,  4.2709     ,  0.0250309  ])
310760  , -1554.88    , array([ 1.4384     ,  0.0594793  ,  4.93101e-28,  4.2709     ,  0.0250309  ])
310761  , -1554.88    , array([ 1.43696    ,  0.0595388  ,  4.93101e-28,  4.2709     ,  0.0250309  ])
310762  , -1554.88    , array([ 1.43696    ,  0.0594793  ,  4.93594e-28,  4.2709     ,  0.0250309  ])
310763  , -1554.88    , array([ 1.43696    ,  0.0594793  ,  4.93101e-28,  4.27517    ,  0.0250309  ])
310764  , -1554.88    , array([ 1.43696    ,  0.0594793  ,  4.93101e-28,  4.2709     ,  0.025056   ])
310765  , -1554.88    , array([ 1.43696    ,  0.0594793  ,  4.93101e-28,  4.2709     ,  0.0250309  ])
310766  , -1554.88    , array([ 1.43696    ,  0.0594793  ,  4.93101e-28,  4.2709     ,  0.0250309  ])
310767  , -1554.88    , array([ 1.4384     ,  0.0594793  ,  4.93101e-28,  4.2709     ,  0.0250309  ])
310768  , -1554.88    , array([ 1.43696    ,  0.0595388  ,  4.93101e-28,  4.2709     ,  0.0250309  ])
310769  , -1554.88    , array([ 1.43696    ,  0.0594793  ,  4.93594e-28,  4.2709     ,  0.0250309  ])
310770  , -1554.88    , array([ 1.43696    ,  0.0594793  ,  4.93101e-28,  4.27517    ,  0.0250309  ])
310771  , -1554.88    , array([ 1.43696    ,  0.0594793  ,  4.93101e-28,  4.2709     ,  0.025056   ])
310772  , -1554.88    , array([ 1.43696    ,  0.0594793  ,  4.93101e-28,  4.2709     ,  0.0250309  ])
310773  , -1554.88    , array([ 1.43696    ,  0.0594793  ,  4.93101e-28,  4.2709     ,  0.0250309  ])
310774  , -1554.88    , array([ 1.4384     ,  0.0594793  ,  4.93101e-28,  4.2709     ,  0.0250309  ])
310775  , -1554.88    , array([ 1.43696    ,  0.0595388  ,  4.93101e-28,  4.2709     ,  0.0250309  ])
310776  , -1554.88    , array([ 1.43696    ,  0.0594793  ,  4.93594e-28,  4.2709     ,  0.0250309  ])
310777  , -1554.88    , array([ 1.43696    ,  0.0594793  ,  4.93101e-28,  4.27517    ,  0.0250309  ])
310778  , -1554.88    , array([ 1.43696    ,  0.0594793  ,  4.93101e-28,  4.2709     ,  0.025056   ])
310779  , -1554.88    , array([ 1.43696    ,  0.0594793  ,  4.93101e-28,  4.2709     ,  0.0250309  ])
310780  , -1554.88    , array([ 1.43696    ,  0.0594793  ,  4.93101e-28,  4.2709     ,  0.0250309  ])
310781  , -1554.88    , array([ 1.4384     ,  0.0594793  ,  4.93101e-28,  4.2709     ,  0.0250309  ])
310782  , -1554.88    , array([ 1.43696    ,  0.0595388  ,  4.93101e-28,  4.2709     ,  0.0250309  ])
310783  , -1554.88    , array([ 1.43696    ,  0.0594793  ,  4.93594e-28,  4.2709     ,  0.0250309  ])
310784  , -1554.88    , array([ 1.43696    ,  0.0594793  ,  4.93101e-28,  4.27517    ,  0.0250309  ])
310785  , -1554.88    , array([ 1.43696    ,  0.0594793  ,  4.93101e-28,  4.2709     ,  0.025056   ])
310786  , -1554.88    , array([ 1.43696    ,  0.0594793  ,  4.93101e-28,  4.2709     ,  0.0250309  ])
310787  , -1554.88    , array([ 1.43696    ,  0.0594793  ,  4.93101e-28,  4.2709     ,  0.0250309  ])
310788  , -1554.88    , array([ 1.4384     ,  0.0594793  ,  4.93101e-28,  4.2709     ,  0.0250309  ])
310789  , -1554.88    , array([ 1.43696    ,  0.0595388  ,  4.93101e-28,  4.2709     ,  0.0250309  ])
310790  , -1554.88    , array([ 1.43696    ,  0.0594793  ,  4.93594e-28,  4.2709     ,  0.0250309  ])
310791  , -1554.88    , array([ 1.43696    ,  0.0594793  ,  4.93101e-28,  4.27517    ,  0.0250309  ])
310792  , -1554.88    , array([ 1.43696    ,  0.0594793  ,  4.93101e-28,  4.2709     ,  0.025056   ])
310793  , -1554.88    , array([ 1.43696    ,  0.0594793  ,  4.93101e-28,  4.2709     ,  0.0250309  ])
310794  , -1554.88    , array([ 1.43696    ,  0.0594793  ,  4.93101e-28,  4.2709     ,  0.0250309  ])
310795  , -1554.88    , array([ 1.4384     ,  0.0594793  ,  4.93101e-28,  4.2709     ,  0.0250309  ])
310796  , -1554.88    , array([ 1.43696    ,  0.0595388  ,  4.93101e-28,  4.2709     ,  0.0250309  ])
310797  , -1554.88    , array([ 1.43696    ,  0.0594793  ,  4.93594e-28,  4.2709     ,  0.0250309  ])
310798  , -1554.88    , array([ 1.43696    ,  0.0594793  ,  4.93101e-28,  4.27517    ,  0.0250309  ])
310799  , -1554.88    , array([ 1.43696    ,  0.0594793  ,  4.93101e-28,  4.2709     ,  0.025056   ])
310800  , -1554.88    , array([ 1.43696    ,  0.0594793  ,  4.93101e-28,  4.2709     ,  0.0250309  ])
310801  , -1554.88    , array([ 1.43696    ,  0.0594793  ,  4.93101e-28,  4.2709     ,  0.0250309  ])
310802  , -1554.88    , array([ 1.4384     ,  0.0594793  ,  4.93101e-28,  4.2709     ,  0.0250309  ])
310803  , -1554.88    , array([ 1.43696    ,  0.0595388  ,  4.93101e-28,  4.2709     ,  0.0250309  ])
310804  , -1554.88    , array([ 1.43696    ,  0.0594793  ,  4.93594e-28,  4.2709     ,  0.0250309  ])
310805  , -1554.88    , array([ 1.43696    ,  0.0594793  ,  4.93101e-28,  4.27517    ,  0.0250309  ])
310806  , -1554.88    , array([ 1.43696    ,  0.0594793  ,  4.93101e-28,  4.2709     ,  0.025056   ])
310807  , -1554.88    , array([ 1.43696    ,  0.0594793  ,  4.93101e-28,  4.2709     ,  0.0250309  ])
310808  , -1554.88    , array([ 1.43696    ,  0.0594793  ,  4.93101e-28,  4.2709     ,  0.0250309  ])
310809  , -1554.88    , array([ 1.4384     ,  0.0594793  ,  4.93101e-28,  4.2709     ,  0.0250309  ])
310810  , -1554.88    , array([ 1.43696    ,  0.0595388  ,  4.93101e-28,  4.2709     ,  0.0250309  ])
310811  , -1554.88    , array([ 1.43696    ,  0.0594793  ,  4.93594e-28,  4.2709     ,  0.0250309  ])
310812  , -1554.88    , array([ 1.43696    ,  0.0594793  ,  4.93101e-28,  4.27517    ,  0.0250309  ])
310813  , -1554.88    , array([ 1.43696    ,  0.0594793  ,  4.93101e-28,  4.2709     ,  0.025056   ])
310814  , -1554.88    , array([ 1.43696    ,  0.0594793  ,  4.93101e-28,  4.2709     ,  0.0250309  ])
310815  , -1554.88    , array([ 1.43696    ,  0.0594793  ,  4.93101e-28,  4.2709     ,  0.0250309  ])
310816  , -1554.88    , array([ 1.4384     ,  0.0594793  ,  4.93101e-28,  4.2709     ,  0.0250309  ])
310817  , -1554.88    , array([ 1.43696    ,  0.0595388  ,  4.93101e-28,  4.2709     ,  0.0250309  ])
310818  , -1554.88    , array([ 1.43696    ,  0.0594793  ,  4.93594e-28,  4.2709     ,  0.0250309  ])
310819  , -1554.88    , array([ 1.43696    ,  0.0594793  ,  4.93101e-28,  4.27517    ,  0.0250309  ])
310820  , -1554.88    , array([ 1.43696    ,  0.0594793  ,  4.93101e-28,  4.2709     ,  0.025056   ])
310821  , -1554.88    , array([ 1.43696    ,  0.0594793  ,  4.93101e-28,  4.2709     ,  0.0250309  ])
310822  , -1554.88    , array([ 1.43696    ,  0.0594793  ,  4.93101e-28,  4.2709     ,  0.0250309  ])
310823  , -1554.88    , array([ 1.4384     ,  0.0594793  ,  4.93101e-28,  4.2709     ,  0.0250309  ])
310824  , -1554.88    , array([ 1.43696    ,  0.0595388  ,  4.93101e-28,  4.2709     ,  0.0250309  ])
310825  , -1554.88    , array([ 1.43696    ,  0.0594793  ,  4.93594e-28,  4.2709     ,  0.0250309  ])
310826  , -1554.88    , array([ 1.43696    ,  0.0594793  ,  4.93101e-28,  4.27517    ,  0.0250309  ])
310827  , -1554.88    , array([ 1.43696    ,  0.0594793  ,  4.93101e-28,  4.2709     ,  0.025056   ])
310828  , -1554.88    , array([ 1.43696    ,  0.0594793  ,  4.93101e-28,  4.2709     ,  0.0250309  ])
310829  , -1554.88    , array([ 1.43696    ,  0.0594793  ,  4.93101e-28,  4.2709     ,  0.0250309  ])
310830  , -1554.88    , array([ 1.4384     ,  0.0594793  ,  4.93101e-28,  4.2709     ,  0.0250309  ])
310831  , -1554.88    , array([ 1.43696    ,  0.0595388  ,  4.93101e-28,  4.2709     ,  0.0250309  ])
310832  , -1554.88    , array([ 1.43696    ,  0.0594793  ,  4.93594e-28,  4.2709     ,  0.0250309  ])
310833  , -1554.88    , array([ 1.43696    ,  0.0594793  ,  4.93101e-28,  4.27517    ,  0.0250309  ])
310834  , -1554.88    , array([ 1.43696    ,  0.0594793  ,  4.93101e-28,  4.2709     ,  0.025056   ])
310835  , -1554.88    , array([ 1.43696    ,  0.0594793  ,  4.93101e-28,  4.2709     ,  0.0250309  ])
310836  , -1554.88    , array([ 1.43696    ,  0.0594793  ,  4.93101e-28,  4.2709     ,  0.0250309  ])
310837  , -1554.88    , array([ 1.4384     ,  0.0594793  ,  4.93101e-28,  4.2709     ,  0.0250309  ])
310838  , -1554.88    , array([ 1.43696    ,  0.0595388  ,  4.93101e-28,  4.2709     ,  0.0250309  ])
310839  , -1554.88    , array([ 1.43696    ,  0.0594793  ,  4.93594e-28,  4.2709     ,  0.0250309  ])
310840  , -1554.88    , array([ 1.43696    ,  0.0594793  ,  4.93101e-28,  4.27517    ,  0.0250309  ])
310841  , -1554.88    , array([ 1.43696    ,  0.0594793  ,  4.93101e-28,  4.2709     ,  0.025056   ])
310842  , -1554.88    , array([ 1.43696    ,  0.0594793  ,  4.93101e-28,  4.2709     ,  0.0250309  ])
310843  , -1554.88    , array([ 1.43696    ,  0.0594793  ,  4.93101e-28,  4.2709     ,  0.0250309  ])
310844  , -1554.88    , array([ 1.4384     ,  0.0594793  ,  4.93101e-28,  4.2709     ,  0.0250309  ])
310845  , -1554.88    , array([ 1.43696    ,  0.0595388  ,  4.93101e-28,  4.2709     ,  0.0250309  ])
310846  , -1554.88    , array([ 1.43696    ,  0.0594793  ,  4.93594e-28,  4.2709     ,  0.0250309  ])
310847  , -1554.88    , array([ 1.43696    ,  0.0594793  ,  4.93101e-28,  4.27517    ,  0.0250309  ])
310848  , -1554.88    , array([ 1.43696    ,  0.0594793  ,  4.93101e-28,  4.2709     ,  0.025056   ])
310849  , -1554.88    , array([ 1.43696    ,  0.0594793  ,  4.93101e-28,  4.2709     ,  0.0250309  ])
310850  , -1554.88    , array([ 1.43696    ,  0.0594793  ,  4.93101e-28,  4.2709     ,  0.0250309  ])
310851  , -1554.88    , array([ 1.4384     ,  0.0594793  ,  4.93101e-28,  4.2709     ,  0.0250309  ])
310852  , -1554.88    , array([ 1.43696    ,  0.0595388  ,  4.93101e-28,  4.2709     ,  0.0250309  ])
310853  , -1554.88    , array([ 1.43696    ,  0.0594793  ,  4.93594e-28,  4.2709     ,  0.0250309  ])
310854  , -1554.88    , array([ 1.43696    ,  0.0594793  ,  4.93101e-28,  4.27517    ,  0.0250309  ])
310855  , -1554.88    , array([ 1.43696    ,  0.0594793  ,  4.93101e-28,  4.2709     ,  0.025056   ])
310856  , -1554.88    , array([ 1.43696    ,  0.0594793  ,  4.93101e-28,  4.2709     ,  0.0250309  ])
310857  , -1554.88    , array([ 1.43696    ,  0.0594793  ,  4.93101e-28,  4.2709     ,  0.0250309  ])
310858  , -1554.88    , array([ 1.4384     ,  0.0594793  ,  4.93101e-28,  4.2709     ,  0.0250309  ])
310859  , -1554.88    , array([ 1.43696    ,  0.0595388  ,  4.93101e-28,  4.2709     ,  0.0250309  ])
310860  , -1554.88    , array([ 1.43696    ,  0.0594793  ,  4.93594e-28,  4.2709     ,  0.0250309  ])
310861  , -1554.88    , array([ 1.43696    ,  0.0594793  ,  4.93101e-28,  4.27517    ,  0.0250309  ])
310862  , -1554.88    , array([ 1.43696    ,  0.0594793  ,  4.93101e-28,  4.2709     ,  0.025056   ])
310863  , -1554.88    , array([ 1.43696    ,  0.0594793  ,  4.93101e-28,  4.2709     ,  0.0250309  ])
310864  , -1554.88    , array([ 1.43696    ,  0.0594793  ,  4.93101e-28,  4.2709     ,  0.0250309  ])
310865  , -1554.88    , array([ 1.4384     ,  0.0594793  ,  4.93101e-28,  4.2709     ,  0.0250309  ])
310866  , -1554.88    , array([ 1.43696    ,  0.0595388  ,  4.93101e-28,  4.2709     ,  0.0250309  ])
310867  , -1554.88    , array([ 1.43696    ,  0.0594793  ,  4.93594e-28,  4.2709     ,  0.0250309  ])
310868  , -1554.88    , array([ 1.43696    ,  0.0594793  ,  4.93101e-28,  4.27517    ,  0.0250309  ])
310869  , -1554.88    , array([ 1.43696    ,  0.0594793  ,  4.93101e-28,  4.2709     ,  0.025056   ])
310870  , -1554.88    , array([ 1.43696    ,  0.0594793  ,  4.93101e-28,  4.2709     ,  0.0250309  ])
310871  , -1554.88    , array([ 1.43696    ,  0.0594793  ,  4.93101e-28,  4.2709     ,  0.0250309  ])
310872  , -1554.88    , array([ 1.4384     ,  0.0594793  ,  4.93101e-28,  4.2709     ,  0.0250309  ])
310873  , -1554.88    , array([ 1.43696    ,  0.0595388  ,  4.93101e-28,  4.2709     ,  0.0250309  ])
310874  , -1554.88    , array([ 1.43696    ,  0.0594793  ,  4.93594e-28,  4.2709     ,  0.0250309  ])
310875  , -1554.88    , array([ 1.43696    ,  0.0594793  ,  4.93101e-28,  4.27517    ,  0.0250309  ])
310876  , -1554.88    , array([ 1.43696    ,  0.0594793  ,  4.93101e-28,  4.2709     ,  0.025056   ])
310877  , -1554.88    , array([ 1.43696    ,  0.0594793  ,  4.93101e-28,  4.2709     ,  0.0250309  ])
310878  , -1554.88    , array([ 1.43696    ,  0.0594793  ,  4.93101e-28,  4.2709     ,  0.0250309  ])
310879  , -1554.88    , array([ 1.4384     ,  0.0594793  ,  4.93101e-28,  4.2709     ,  0.0250309  ])
310880  , -1554.88    , array([ 1.43696    ,  0.0595388  ,  4.93101e-28,  4.2709     ,  0.0250309  ])
310881  , -1554.88    , array([ 1.43696    ,  0.0594793  ,  4.93594e-28,  4.2709     ,  0.0250309  ])
310882  , -1554.88    , array([ 1.43696    ,  0.0594793  ,  4.93101e-28,  4.27517    ,  0.0250309  ])
310883  , -1554.88    , array([ 1.43696    ,  0.0594793  ,  4.93101e-28,  4.2709     ,  0.025056   ])
310884  , -1554.89    , array([ 1.43695    ,  0.059477   ,  4.93101e-28,  4.27141    ,  0.0250304  ])
310885  , -1554.89    , array([ 1.43695    ,  0.0594781  ,  4.93101e-28,  4.27116    ,  0.0250307  ])
310886  , -1554.88    , array([ 1.43696    ,  0.0594787  ,  4.93101e-28,  4.27103    ,  0.0250308  ])
310887  , -1554.88    , array([ 1.43696    ,  0.059479   ,  4.93101e-28,  4.27096    ,  0.0250309  ])
310888  , -1554.88    , array([ 1.43696    ,  0.0594792  ,  4.93101e-28,  4.27093    ,  0.0250309  ])
310889  , -1554.88    , array([ 1.43696    ,  0.0594792  ,  4.93101e-28,  4.27092    ,  0.0250309  ])
310890  , -1554.88    , array([ 1.43696    ,  0.0594793  ,  4.93101e-28,  4.27091    ,  0.0250309  ])
310891  , -1554.88    , array([ 1.43696    ,  0.0594793  ,  4.93101e-28,  4.2709     ,  0.0250309  ])
310892  , -1554.88    , array([ 1.43696    ,  0.0594793  ,  4.93101e-28,  4.2709     ,  0.0250309  ])
310893  , -1554.88    , array([ 1.43696    ,  0.0594793  ,  4.93101e-28,  4.2709     ,  0.0250309  ])
310894  , -1554.88    , array([ 1.43696    ,  0.0594793  ,  4.93101e-28,  4.2709     ,  0.0250309  ])
310895  , -1554.88    , array([ 1.43696    ,  0.0594793  ,  4.93101e-28,  4.2709     ,  0.0250309  ])
