58437   , -78643      , array([ 1.92075    ,  2.08197    ,  1.73912e-25,  1.68823e-40,  0.000450221])
58438   , -78643.2    , array([ 1.92267    ,  2.08197    ,  1.73912e-25,  1.68823e-40,  0.000450221])
58439   , -78643.2    , array([ 1.92075    ,  2.08405    ,  1.73912e-25,  1.68823e-40,  0.000450221])
58440   , -78643      , array([ 1.92075    ,  2.08197    ,  1.74086e-25,  1.68823e-40,  0.000450221])
58441   , -78643      , array([ 1.92075    ,  2.08197    ,  1.73912e-25,  1.68992e-40,  0.000450221])
58442   , -78642.5    , array([ 1.92075    ,  2.08197    ,  1.73912e-25,  1.68823e-40,  0.000450671])
58443   , -78643      , array([ 1.92075    ,  2.08197    ,  1.73912e-25,  1.68823e-40,  0.000450221])
58444   , -77566.5    , array([ 1.36099    ,  1.3036     ,  1.73912e-25,  1.68823e-40,  0.00102835 ])
58445   , -77566.5    , array([ 1.36099    ,  1.3036     ,  1.73912e-25,  1.68823e-40,  0.00102835 ])
58446   , -77567.1    , array([ 1.36236    ,  1.3036     ,  1.73912e-25,  1.68823e-40,  0.00102835 ])
58447   , -77567.4    , array([ 1.36099    ,  1.30491    ,  1.73912e-25,  1.68823e-40,  0.00102835 ])
58448   , -77566.5    , array([ 1.36099    ,  1.3036     ,  1.74086e-25,  1.68823e-40,  0.00102835 ])
58449   , -77566.5    , array([ 1.36099    ,  1.3036     ,  1.73912e-25,  1.68992e-40,  0.00102835 ])
58450   , -77565      , array([ 1.36099    ,  1.3036     ,  1.73912e-25,  1.68823e-40,  0.00102937 ])
58451   , -13093.9    , array([ 0.343081   ,  0.200368   ,  1.73912e-25,  1.68823e-40,  0.0279894  ])
58452   , -13093.9    , array([ 0.343081   ,  0.200368   ,  1.73912e-25,  1.68823e-40,  0.0279894  ])
58453   , -13089.6    , array([ 0.343425   ,  0.200368   ,  1.73912e-25,  1.68823e-40,  0.0279894  ])
58454   , -13109.9    , array([ 0.343081   ,  0.200568   ,  1.73912e-25,  1.68823e-40,  0.0279894  ])
58455   , -13093.9    , array([ 0.343081   ,  0.200368   ,  1.74086e-25,  1.68823e-40,  0.0279894  ])
58456   , -13093.9    , array([ 0.343081   ,  0.200368   ,  1.73912e-25,  1.68992e-40,  0.0279894  ])
58457   , -13081.5    , array([ 0.343081   ,  0.200368   ,  1.73912e-25,  1.68823e-40,  0.0280174  ])
58465   , -12982.2    , array([ 0.342264   ,  0.19972    ,  1.73912e-25,  1.68823e-40,  0.0281499  ])
58466   , -12982.2    , array([ 0.342264   ,  0.19972    ,  1.73912e-25,  1.68823e-40,  0.0281499  ])
58467   , -12977.8    , array([ 0.342606   ,  0.19972    ,  1.73912e-25,  1.68823e-40,  0.0281499  ])
58468   , -12998.1    , array([ 0.342264   ,  0.199919   ,  1.73912e-25,  1.68823e-40,  0.0281499  ])
58469   , -12982.2    , array([ 0.342264   ,  0.19972    ,  1.74086e-25,  1.68823e-40,  0.0281499  ])
58470   , -12982.2    , array([ 0.342264   ,  0.19972    ,  1.73912e-25,  1.68992e-40,  0.0281499  ])
58471   , -12970      , array([ 0.342264   ,  0.19972    ,  1.73912e-25,  1.68823e-40,  0.0281781  ])
58472   , -11252      , array([ 0.327794   ,  0.188333   ,  1.73912e-25,  1.68823e-40,  0.0312216  ])
58473   , -11252      , array([ 0.327794   ,  0.188333   ,  1.73912e-25,  1.68823e-40,  0.0312216  ])
58474   , -11245.5    , array([ 0.328122   ,  0.188333   ,  1.73912e-25,  1.68823e-40,  0.0312216  ])
58475   , -11266      , array([ 0.327794   ,  0.188521   ,  1.73912e-25,  1.68823e-40,  0.0312216  ])
58476   , -11252      , array([ 0.327794   ,  0.188333   ,  1.74086e-25,  1.68823e-40,  0.0312216  ])
58477   , -11252      , array([ 0.327794   ,  0.188333   ,  1.73912e-25,  1.68992e-40,  0.0312216  ])
58478   , -11243.3    , array([ 0.327794   ,  0.188333   ,  1.73912e-25,  1.68823e-40,  0.0312529  ])
58486   , -11238.1    , array([ 0.327658   ,  0.188226   ,  1.73912e-25,  1.68823e-40,  0.0312527  ])
58487   , -11238.1    , array([ 0.327658   ,  0.188226   ,  1.73912e-25,  1.68823e-40,  0.0312527  ])
58488   , -11231.7    , array([ 0.327986   ,  0.188226   ,  1.73912e-25,  1.68823e-40,  0.0312527  ])
58489   , -11252.2    , array([ 0.327658   ,  0.188415   ,  1.73912e-25,  1.68823e-40,  0.0312527  ])
58490   , -11238.1    , array([ 0.327658   ,  0.188226   ,  1.74086e-25,  1.68823e-40,  0.0312527  ])
58491   , -11238.1    , array([ 0.327658   ,  0.188226   ,  1.73912e-25,  1.68992e-40,  0.0312527  ])
58492   , -11229.6    , array([ 0.327658   ,  0.188226   ,  1.73912e-25,  1.68823e-40,  0.031284   ])
58493   , -11008.7    , array([ 0.325323   ,  0.186406   ,  1.73912e-25,  1.68823e-40,  0.0317932  ])
58494   , -11008.7    , array([ 0.325323   ,  0.186406   ,  1.73912e-25,  1.68823e-40,  0.0317932  ])
58495   , -11002      , array([ 0.325649   ,  0.186406   ,  1.73912e-25,  1.68823e-40,  0.0317932  ])
58496   , -11022.4    , array([ 0.325323   ,  0.186592   ,  1.73912e-25,  1.68823e-40,  0.0317932  ])
58497   , -11008.7    , array([ 0.325323   ,  0.186406   ,  1.74086e-25,  1.68823e-40,  0.0317932  ])
58498   , -11008.7    , array([ 0.325323   ,  0.186406   ,  1.73912e-25,  1.68992e-40,  0.0317932  ])
58499   , -11000.8    , array([ 0.325323   ,  0.186406   ,  1.73912e-25,  1.68823e-40,  0.031825   ])
58500   , -644858     , array([ 0.0832622  ,  0.0292483  ,  1.73912e-25,  1.68823e-40,  0.834418   ])
58501   , -644858     , array([ 0.0832622  ,  0.0292483  ,  1.73912e-25,  1.68823e-40,  0.834418   ])
58502   , -644869     , array([ 0.0833455  ,  0.0292483  ,  1.73912e-25,  1.68823e-40,  0.834418   ])
58503   , -645795     , array([ 0.0832622  ,  0.0292776  ,  1.73912e-25,  1.68823e-40,  0.834418   ])
58504   , -644858     , array([ 0.0832622  ,  0.0292483  ,  1.74086e-25,  1.68823e-40,  0.834418   ])
58505   , -644858     , array([ 0.0832622  ,  0.0292483  ,  1.73912e-25,  1.68992e-40,  0.834418   ])
58506   , -644098     , array([ 0.0832622  ,  0.0292483  ,  1.73912e-25,  1.68823e-40,  0.835253   ])
58507   , -10869      , array([ 0.323819   ,  0.185236   ,  1.73912e-25,  1.68823e-40,  0.0321484  ])
58508   , -10869      , array([ 0.323819   ,  0.185236   ,  1.73912e-25,  1.68823e-40,  0.0321484  ])
58509   , -10862      , array([ 0.324143   ,  0.185236   ,  1.73912e-25,  1.68823e-40,  0.0321484  ])
58510   , -10882.5    , array([ 0.323819   ,  0.185421   ,  1.73912e-25,  1.68823e-40,  0.0321484  ])
58511   , -10869      , array([ 0.323819   ,  0.185236   ,  1.74086e-25,  1.68823e-40,  0.0321484  ])
58512   , -10869      , array([ 0.323819   ,  0.185236   ,  1.73912e-25,  1.68992e-40,  0.0321484  ])
58513   , -10861.5    , array([ 0.323819   ,  0.185236   ,  1.73912e-25,  1.68823e-40,  0.0321805  ])
58514   , -9834.58    , array([ 0.308235   ,  0.173226   ,  1.73912e-25,  1.68823e-40,  0.036184   ])
58515   , -9834.58    , array([ 0.308235   ,  0.173226   ,  1.73912e-25,  1.68823e-40,  0.036184   ])
58516   , -9825.23    , array([ 0.308543   ,  0.173226   ,  1.73912e-25,  1.68823e-40,  0.036184   ])
58517   , -9845.54    , array([ 0.308235   ,  0.173399   ,  1.73912e-25,  1.68823e-40,  0.036184   ])
58518   , -9834.58    , array([ 0.308235   ,  0.173226   ,  1.74086e-25,  1.68823e-40,  0.036184   ])
58519   , -9834.58    , array([ 0.308235   ,  0.173226   ,  1.73912e-25,  1.68992e-40,  0.036184   ])
58520   , -9831.77    , array([ 0.308235   ,  0.173226   ,  1.73912e-25,  1.68823e-40,  0.0362202  ])
58521   , -112732     , array([ 0.160201   ,  0.0711799  ,  1.73912e-25,  1.68823e-40,  0.17376    ])
58522   , -112732     , array([ 0.160201   ,  0.0711799  ,  1.73912e-25,  1.68823e-40,  0.17376    ])
58523   , -112682     , array([ 0.160361   ,  0.0711799  ,  1.73912e-25,  1.68823e-40,  0.17376    ])
58524   , -112655     , array([ 0.160201   ,  0.0712511  ,  1.73912e-25,  1.68823e-40,  0.17376    ])
58525   , -112732     , array([ 0.160201   ,  0.0711799  ,  1.74086e-25,  1.68823e-40,  0.17376    ])
58526   , -112732     , array([ 0.160201   ,  0.0711799  ,  1.73912e-25,  1.68992e-40,  0.17376    ])
58527   , -112856     , array([ 0.160201   ,  0.0711799  ,  1.73912e-25,  1.68823e-40,  0.173934   ])
58528   , -9653.18    , array([ 0.294979   ,  0.163181   ,  1.73912e-25,  1.68823e-40,  0.0402057  ])
58529   , -9653.18    , array([ 0.294979   ,  0.163181   ,  1.73912e-25,  1.68823e-40,  0.0402057  ])
58530   , -9641.68    , array([ 0.295275   ,  0.163181   ,  1.73912e-25,  1.68823e-40,  0.0402057  ])
58531   , -9661.6     , array([ 0.294979   ,  0.163344   ,  1.73912e-25,  1.68823e-40,  0.0402057  ])
58532   , -9653.18    , array([ 0.294979   ,  0.163181   ,  1.74086e-25,  1.68823e-40,  0.0402057  ])
58533   , -9653.18    , array([ 0.294979   ,  0.163181   ,  1.73912e-25,  1.68992e-40,  0.0402057  ])
58534   , -9654.92    , array([ 0.294979   ,  0.163181   ,  1.73912e-25,  1.68823e-40,  0.0402459  ])
58535   , -9630.22    , array([ 0.298318   ,  0.165696   ,  1.73912e-25,  1.68823e-40,  0.0391352  ])
58536   , -9630.22    , array([ 0.298318   ,  0.165696   ,  1.73912e-25,  1.68823e-40,  0.0391352  ])
58537   , -9619.27    , array([ 0.298617   ,  0.165696   ,  1.73912e-25,  1.68823e-40,  0.0391352  ])
58538   , -9639.31    , array([ 0.298318   ,  0.165862   ,  1.73912e-25,  1.68823e-40,  0.0391352  ])
58539   , -9630.22    , array([ 0.298318   ,  0.165696   ,  1.74086e-25,  1.68823e-40,  0.0391352  ])
58540   , -9630.22    , array([ 0.298318   ,  0.165696   ,  1.73912e-25,  1.68992e-40,  0.0391352  ])
58541   , -9630.76    , array([ 0.298318   ,  0.165696   ,  1.73912e-25,  1.68823e-40,  0.0391743  ])
58549   , -9676.78    , array([ 0.292798   ,  0.160965   ,  1.73912e-25,  1.68823e-40,  0.0410851  ])
58550   , -9676.78    , array([ 0.292798   ,  0.160965   ,  1.73912e-25,  1.68823e-40,  0.0410851  ])
58551   , -9664.87    , array([ 0.293091   ,  0.160965   ,  1.73912e-25,  1.68823e-40,  0.0410851  ])
58552   , -9684.62    , array([ 0.292798   ,  0.161126   ,  1.73912e-25,  1.68823e-40,  0.0410851  ])
58553   , -9676.78    , array([ 0.292798   ,  0.160965   ,  1.74086e-25,  1.68823e-40,  0.0410851  ])
58554   , -9676.78    , array([ 0.292798   ,  0.160965   ,  1.73912e-25,  1.68992e-40,  0.0410851  ])
58555   , -9679.49    , array([ 0.292798   ,  0.160965   ,  1.73912e-25,  1.68823e-40,  0.0411263  ])
58556   , -9626.82    , array([ 0.297171   ,  0.164709   ,  1.73912e-25,  1.68823e-40,  0.0395297  ])
58557   , -9626.82    , array([ 0.297171   ,  0.164709   ,  1.73912e-25,  1.68823e-40,  0.0395297  ])
58558   , -9615.67    , array([ 0.297469   ,  0.164709   ,  1.73912e-25,  1.68823e-40,  0.0395297  ])
58559   , -9635.66    , array([ 0.297171   ,  0.164874   ,  1.73912e-25,  1.68823e-40,  0.0395297  ])
58560   , -9626.82    , array([ 0.297171   ,  0.164709   ,  1.74086e-25,  1.68823e-40,  0.0395297  ])
58561   , -9626.82    , array([ 0.297171   ,  0.164709   ,  1.73912e-25,  1.68992e-40,  0.0395297  ])
58562   , -9627.81    , array([ 0.297171   ,  0.164709   ,  1.73912e-25,  1.68823e-40,  0.0395692  ])
58563   , -9619.62    , array([ 0.301805   ,  0.167509   ,  1.73912e-25,  1.68823e-40,  0.040199   ])
58564   , -9619.62    , array([ 0.301805   ,  0.167509   ,  1.73912e-25,  1.68823e-40,  0.040199   ])
58565   , -9608.5     , array([ 0.302107   ,  0.167509   ,  1.73912e-25,  1.68823e-40,  0.040199   ])
58566   , -9628.46    , array([ 0.301805   ,  0.167676   ,  1.73912e-25,  1.68823e-40,  0.040199   ])
58567   , -9619.62    , array([ 0.301805   ,  0.167509   ,  1.74086e-25,  1.68823e-40,  0.040199   ])
58568   , -9619.62    , array([ 0.301805   ,  0.167509   ,  1.73912e-25,  1.68992e-40,  0.040199   ])
58569   , -9620.62    , array([ 0.301805   ,  0.167509   ,  1.73912e-25,  1.68823e-40,  0.0402392  ])
58570   , -9594.56    , array([ 0.321073   ,  0.179192   ,  1.73912e-25,  1.68823e-40,  0.0429916  ])
58571   , -9594.56    , array([ 0.321073   ,  0.179192   ,  1.73912e-25,  1.68823e-40,  0.0429916  ])
58572   , -9583.51    , array([ 0.321394   ,  0.179192   ,  1.73912e-25,  1.68823e-40,  0.0429916  ])
58573   , -9603.38    , array([ 0.321073   ,  0.179371   ,  1.73912e-25,  1.68823e-40,  0.0429916  ])
58574   , -9594.56    , array([ 0.321073   ,  0.179192   ,  1.74086e-25,  1.68823e-40,  0.0429916  ])
58575   , -9594.56    , array([ 0.321073   ,  0.179192   ,  1.73912e-25,  1.68992e-40,  0.0429916  ])
58576   , -9595.58    , array([ 0.321073   ,  0.179192   ,  1.73912e-25,  1.68823e-40,  0.0430346  ])
58577   , -9529.66    , array([ 0.321244   ,  0.178062   ,  1.73912e-25,  1.68823e-40,  0.0428449  ])
58578   , -9529.66    , array([ 0.321244   ,  0.178062   ,  1.73912e-25,  1.68823e-40,  0.0428449  ])
58579   , -9518.67    , array([ 0.321565   ,  0.178062   ,  1.73912e-25,  1.68823e-40,  0.0428449  ])
58580   , -9538.43    , array([ 0.321244   ,  0.178241   ,  1.73912e-25,  1.68823e-40,  0.0428449  ])
58581   , -9529.66    , array([ 0.321244   ,  0.178062   ,  1.74086e-25,  1.68823e-40,  0.0428449  ])
58582   , -9529.66    , array([ 0.321244   ,  0.178062   ,  1.73912e-25,  1.68992e-40,  0.0428449  ])
58583   , -9530.67    , array([ 0.321244   ,  0.178062   ,  1.73912e-25,  1.68823e-40,  0.0428877  ])
58584   , -9273.5     , array([ 0.321928   ,  0.173615   ,  1.73912e-25,  1.68823e-40,  0.0422629  ])
58585   , -9273.5     , array([ 0.321928   ,  0.173615   ,  1.73912e-25,  1.68823e-40,  0.0422629  ])
58586   , -9262.74    , array([ 0.32225    ,  0.173615   ,  1.73912e-25,  1.68823e-40,  0.0422629  ])
58587   , -9282.09    , array([ 0.321928   ,  0.173789   ,  1.73912e-25,  1.68823e-40,  0.0422629  ])
58588   , -9273.5     , array([ 0.321928   ,  0.173615   ,  1.74086e-25,  1.68823e-40,  0.0422629  ])
58589   , -9273.5     , array([ 0.321928   ,  0.173615   ,  1.73912e-25,  1.68992e-40,  0.0422629  ])
58590   , -9274.5     , array([ 0.321928   ,  0.173615   ,  1.73912e-25,  1.68823e-40,  0.0423052  ])
58591   , -8304.23    , array([ 0.324682   ,  0.156911   ,  1.73912e-25,  1.68823e-40,  0.040013   ])
58592   , -8304.23    , array([ 0.324682   ,  0.156911   ,  1.73912e-25,  1.68823e-40,  0.040013   ])
58593   , -8294.34    , array([ 0.325007   ,  0.156911   ,  1.73912e-25,  1.68823e-40,  0.040013   ])
58594   , -8312.01    , array([ 0.324682   ,  0.157068   ,  1.73912e-25,  1.68823e-40,  0.040013   ])
58595   , -8304.23    , array([ 0.324682   ,  0.156911   ,  1.74086e-25,  1.68823e-40,  0.040013   ])
58596   , -8304.23    , array([ 0.324682   ,  0.156911   ,  1.73912e-25,  1.68992e-40,  0.040013   ])
58597   , -8305.22    , array([ 0.324682   ,  0.156911   ,  1.73912e-25,  1.68823e-40,  0.040053   ])
58598   , -6042.05    , array([ 0.353735   ,  0.126686   ,  1.73912e-25,  1.68823e-40,  0.0364577  ])
58599   , -6042.05    , array([ 0.353735   ,  0.126686   ,  1.73912e-25,  1.68823e-40,  0.0364577  ])
58600   , -6034.45    , array([ 0.354089   ,  0.126686   ,  1.73912e-25,  1.68823e-40,  0.0364577  ])
58601   , -6047.42    , array([ 0.353735   ,  0.126813   ,  1.73912e-25,  1.68823e-40,  0.0364577  ])
58602   , -6042.05    , array([ 0.353735   ,  0.126686   ,  1.74086e-25,  1.68823e-40,  0.0364577  ])
58603   , -6042.05    , array([ 0.353735   ,  0.126686   ,  1.73912e-25,  1.68992e-40,  0.0364577  ])
58604   , -6043.39    , array([ 0.353735   ,  0.126686   ,  1.73912e-25,  1.68823e-40,  0.0364942  ])
58605   , -3059.19    , array([ 0.478543   ,  0.0865795  ,  1.73912e-25,  1.68823e-40,  0.0308113  ])
58606   , -3059.19    , array([ 0.478543   ,  0.0865795  ,  1.73912e-25,  1.68823e-40,  0.0308113  ])
58607   , -3055.73    , array([ 0.479021   ,  0.0865795  ,  1.73912e-25,  1.68823e-40,  0.0308113  ])
58608   , -3059.25    , array([ 0.478543   ,  0.0866661  ,  1.73912e-25,  1.68823e-40,  0.0308113  ])
58609   , -3059.19    , array([ 0.478543   ,  0.0865795  ,  1.74086e-25,  1.68823e-40,  0.0308113  ])
58610   , -3059.19    , array([ 0.478543   ,  0.0865795  ,  1.73912e-25,  1.68992e-40,  0.0308113  ])
58611   , -3062.06    , array([ 0.478543   ,  0.0865795  ,  1.73912e-25,  1.68823e-40,  0.0308421  ])
58612   , -2129.85    , array([ 0.705292   ,  0.0874283  ,  1.73912e-25,  1.68823e-40,  0.0308297  ])
58613   , -2129.85    , array([ 0.705292   ,  0.0874283  ,  1.73912e-25,  1.68823e-40,  0.0308297  ])
58614   , -2128.32    , array([ 0.705998   ,  0.0874283  ,  1.73912e-25,  1.68823e-40,  0.0308297  ])
58615   , -2130.19    , array([ 0.705292   ,  0.0875158  ,  1.73912e-25,  1.68823e-40,  0.0308297  ])
58616   , -2129.85    , array([ 0.705292   ,  0.0874283  ,  1.74086e-25,  1.68823e-40,  0.0308297  ])
58617   , -2129.85    , array([ 0.705292   ,  0.0874283  ,  1.73912e-25,  1.68992e-40,  0.0308297  ])
58618   , -2130.9     , array([ 0.705292   ,  0.0874283  ,  1.73912e-25,  1.68823e-40,  0.0308605  ])
58619   , -1792.71    , array([ 0.873038   ,  0.0766879  ,  1.73912e-25,  1.68823e-40,  0.0274509  ])
58620   , -1792.71    , array([ 0.873038   ,  0.0766879  ,  1.73912e-25,  1.68823e-40,  0.0274509  ])
58621   , -1792.02    , array([ 0.873912   ,  0.0766879  ,  1.73912e-25,  1.68823e-40,  0.0274509  ])
58622   , -1792.62    , array([ 0.873038   ,  0.0767647  ,  1.73912e-25,  1.68823e-40,  0.0274509  ])
58623   , -1792.71    , array([ 0.873038   ,  0.0766879  ,  1.74086e-25,  1.68823e-40,  0.0274509  ])
58624   , -1792.71    , array([ 0.873038   ,  0.0766879  ,  1.73912e-25,  1.68992e-40,  0.0274509  ])
58625   , -1793.39    , array([ 0.873038   ,  0.0766879  ,  1.73912e-25,  1.68823e-40,  0.0274783  ])
58626   , -1674.05    , array([ 1.08059    ,  0.0734908  ,  1.73912e-25,  1.68823e-40,  0.026162   ])
58627   , -1674.05    , array([ 1.08059    ,  0.0734908  ,  1.73912e-25,  1.68823e-40,  0.026162   ])
58628   , -1673.77    , array([ 1.08167    ,  0.0734908  ,  1.73912e-25,  1.68823e-40,  0.026162   ])
58629   , -1674.17    , array([ 1.08059    ,  0.0735643  ,  1.73912e-25,  1.68823e-40,  0.026162   ])
58630   , -1674.05    , array([ 1.08059    ,  0.0734908  ,  1.74086e-25,  1.68823e-40,  0.026162   ])
58631   , -1674.05    , array([ 1.08059    ,  0.0734908  ,  1.73912e-25,  1.68992e-40,  0.026162   ])
58632   , -1674.19    , array([ 1.08059    ,  0.0734908  ,  1.73912e-25,  1.68823e-40,  0.0261882  ])
58633   , -1640.25    , array([ 1.24412    ,  0.0694453  ,  1.73912e-25,  1.68823e-40,  0.0248968  ])
58634   , -1640.25    , array([ 1.24412    ,  0.0694453  ,  1.73912e-25,  1.68823e-40,  0.0248968  ])
58635   , -1640.14    , array([ 1.24536    ,  0.0694453  ,  1.73912e-25,  1.68823e-40,  0.0248968  ])
58636   , -1640.19    , array([ 1.24412    ,  0.0695147  ,  1.73912e-25,  1.68823e-40,  0.0248968  ])
58637   , -1640.25    , array([ 1.24412    ,  0.0694453  ,  1.74086e-25,  1.68823e-40,  0.0248968  ])
58638   , -1640.25    , array([ 1.24412    ,  0.0694453  ,  1.73912e-25,  1.68992e-40,  0.0248968  ])
58639   , -1640.4     , array([ 1.24412    ,  0.0694453  ,  1.73912e-25,  1.68823e-40,  0.0249217  ])
58640   , -1633.06    , array([ 1.37148    ,  0.0685162  ,  1.73912e-25,  1.68823e-40,  0.0244982  ])
58641   , -1633.06    , array([ 1.37148    ,  0.0685162  ,  1.73912e-25,  1.68823e-40,  0.0244982  ])
58642   , -1633.03    , array([ 1.37285    ,  0.0685162  ,  1.73912e-25,  1.68823e-40,  0.0244982  ])
58643   , -1633.1     , array([ 1.37148    ,  0.0685848  ,  1.73912e-25,  1.68823e-40,  0.0244982  ])
58644   , -1633.06    , array([ 1.37148    ,  0.0685162  ,  1.74086e-25,  1.68823e-40,  0.0244982  ])
58645   , -1633.06    , array([ 1.37148    ,  0.0685162  ,  1.73912e-25,  1.68992e-40,  0.0244982  ])
58646   , -1633.05    , array([ 1.37148    ,  0.0685162  ,  1.73912e-25,  1.68823e-40,  0.0245227  ])
58647   , -1632.54    , array([ 1.42328    ,  0.0676921  ,  1.73912e-25,  1.68823e-40,  0.024251   ])
58648   , -1632.54    , array([ 1.42328    ,  0.0676921  ,  1.73912e-25,  1.68823e-40,  0.024251   ])
58649   , -1632.54    , array([ 1.42471    ,  0.0676921  ,  1.73912e-25,  1.68823e-40,  0.024251   ])
58650   , -1632.53    , array([ 1.42328    ,  0.0677598  ,  1.73912e-25,  1.68823e-40,  0.024251   ])
58651   , -1632.54    , array([ 1.42328    ,  0.0676921  ,  1.74086e-25,  1.68823e-40,  0.024251   ])
58652   , -1632.54    , array([ 1.42328    ,  0.0676921  ,  1.73912e-25,  1.68992e-40,  0.024251   ])
58653   , -1632.56    , array([ 1.42328    ,  0.0676921  ,  1.73912e-25,  1.68823e-40,  0.0242752  ])
58654   , -1632.53    , array([ 1.43604    ,  0.0676716  ,  1.73912e-25,  1.68823e-40,  0.0242313  ])
58655   , -1632.53    , array([ 1.43604    ,  0.0676716  ,  1.73912e-25,  1.68823e-40,  0.0242313  ])
58656   , -1632.53    , array([ 1.43747    ,  0.0676716  ,  1.73912e-25,  1.68823e-40,  0.0242313  ])
58657   , -1632.53    , array([ 1.43604    ,  0.0677393  ,  1.73912e-25,  1.68823e-40,  0.0242313  ])
58658   , -1632.53    , array([ 1.43604    ,  0.0676716  ,  1.74086e-25,  1.68823e-40,  0.0242313  ])
58659   , -1632.53    , array([ 1.43604    ,  0.0676716  ,  1.73912e-25,  1.68992e-40,  0.0242313  ])
58660   , -1632.53    , array([ 1.43604    ,  0.0676716  ,  1.73912e-25,  1.68823e-40,  0.0242555  ])
58661   , -1632.54    , array([ 1.43652    ,  0.0676494  ,  1.73912e-25,  1.68823e-40,  0.024226   ])
58662   , -1632.54    , array([ 1.43652    ,  0.0676494  ,  1.73912e-25,  1.68823e-40,  0.024226   ])
58663   , -1632.54    , array([ 1.43796    ,  0.0676494  ,  1.73912e-25,  1.68823e-40,  0.024226   ])
58664   , -1632.54    , array([ 1.43652    ,  0.0677171  ,  1.73912e-25,  1.68823e-40,  0.024226   ])
58665   , -1632.54    , array([ 1.43652    ,  0.0676494  ,  1.74086e-25,  1.68823e-40,  0.024226   ])
58666   , -1632.54    , array([ 1.43652    ,  0.0676494  ,  1.73912e-25,  1.68992e-40,  0.024226   ])
58667   , -1632.54    , array([ 1.43652    ,  0.0676494  ,  1.73912e-25,  1.68823e-40,  0.0242503  ])
58668   , -1632.53    , array([ 1.43604    ,  0.0676714  ,  1.73912e-25,  1.68823e-40,  0.0242312  ])
58669   , -1632.53    , array([ 1.43604    ,  0.0676714  ,  1.73912e-25,  1.68823e-40,  0.0242312  ])
58670   , -1632.53    , array([ 1.43748    ,  0.0676714  ,  1.73912e-25,  1.68823e-40,  0.0242312  ])
58671   , -1632.53    , array([ 1.43604    ,  0.0677391  ,  1.73912e-25,  1.68823e-40,  0.0242312  ])
58672   , -1632.53    , array([ 1.43604    ,  0.0676714  ,  1.74086e-25,  1.68823e-40,  0.0242312  ])
58673   , -1632.53    , array([ 1.43604    ,  0.0676714  ,  1.73912e-25,  1.68992e-40,  0.0242312  ])
58674   , -1632.53    , array([ 1.43604    ,  0.0676714  ,  1.73912e-25,  1.68823e-40,  0.0242554  ])
58675   , -1632.53    , array([ 1.43604    ,  0.0676716  ,  1.73912e-25,  1.68823e-40,  0.0242313  ])
58676   , -1632.53    , array([ 1.43604    ,  0.0676716  ,  1.73912e-25,  1.68823e-40,  0.0242313  ])
58677   , -1632.53    , array([ 1.43747    ,  0.0676716  ,  1.73912e-25,  1.68823e-40,  0.0242313  ])
58678   , -1632.53    , array([ 1.43604    ,  0.0677393  ,  1.73912e-25,  1.68823e-40,  0.0242313  ])
58679   , -1632.53    , array([ 1.43604    ,  0.0676716  ,  1.74086e-25,  1.68823e-40,  0.0242313  ])
58680   , -1632.53    , array([ 1.43604    ,  0.0676716  ,  1.73912e-25,  1.68992e-40,  0.0242313  ])
58681   , -1632.53    , array([ 1.43604    ,  0.0676716  ,  1.73912e-25,  1.68823e-40,  0.0242555  ])
58682   , -1632.53    , array([ 1.43604    ,  0.0676716  ,  1.73912e-25,  1.68823e-40,  0.0242313  ])
58683   , -1632.53    , array([ 1.43604    ,  0.0676716  ,  1.73912e-25,  1.68823e-40,  0.0242313  ])
58684   , -1632.53    , array([ 1.43747    ,  0.0676716  ,  1.73912e-25,  1.68823e-40,  0.0242313  ])
58685   , -1632.53    , array([ 1.43604    ,  0.0677393  ,  1.73912e-25,  1.68823e-40,  0.0242313  ])
58686   , -1632.53    , array([ 1.43604    ,  0.0676716  ,  1.74086e-25,  1.68823e-40,  0.0242313  ])
58687   , -1632.53    , array([ 1.43604    ,  0.0676716  ,  1.73912e-25,  1.68992e-40,  0.0242313  ])
58688   , -1632.53    , array([ 1.43604    ,  0.0676716  ,  1.73912e-25,  1.68823e-40,  0.0242555  ])
58689   , -1632.53    , array([ 1.43604    ,  0.0676716  ,  1.73912e-25,  1.68823e-40,  0.0242313  ])
58690   , -1632.53    , array([ 1.43604    ,  0.0676716  ,  1.73912e-25,  1.68823e-40,  0.0242313  ])
58691   , -1632.53    , array([ 1.43747    ,  0.0676716  ,  1.73912e-25,  1.68823e-40,  0.0242313  ])
58692   , -1632.53    , array([ 1.43604    ,  0.0677393  ,  1.73912e-25,  1.68823e-40,  0.0242313  ])
58693   , -1632.53    , array([ 1.43604    ,  0.0676716  ,  1.74086e-25,  1.68823e-40,  0.0242313  ])
58694   , -1632.53    , array([ 1.43604    ,  0.0676716  ,  1.73912e-25,  1.68992e-40,  0.0242313  ])
58695   , -1632.53    , array([ 1.43604    ,  0.0676716  ,  1.73912e-25,  1.68823e-40,  0.0242555  ])
58696   , -1632.53    , array([ 1.43604    ,  0.0676716  ,  1.73912e-25,  1.68823e-40,  0.0242313  ])
58697   , -1632.53    , array([ 1.43604    ,  0.0676716  ,  1.73912e-25,  1.68823e-40,  0.0242313  ])
58698   , -1632.53    , array([ 1.43747    ,  0.0676716  ,  1.73912e-25,  1.68823e-40,  0.0242313  ])
58699   , -1632.53    , array([ 1.43604    ,  0.0677393  ,  1.73912e-25,  1.68823e-40,  0.0242313  ])
58700   , -1632.53    , array([ 1.43604    ,  0.0676716  ,  1.74086e-25,  1.68823e-40,  0.0242313  ])
58701   , -1632.53    , array([ 1.43604    ,  0.0676716  ,  1.73912e-25,  1.68992e-40,  0.0242313  ])
58702   , -1632.53    , array([ 1.43604    ,  0.0676716  ,  1.73912e-25,  1.68823e-40,  0.0242555  ])
58703   , -1632.53    , array([ 1.43604    ,  0.0676716  ,  1.73912e-25,  1.68823e-40,  0.0242313  ])
58704   , -1632.53    , array([ 1.43604    ,  0.0676716  ,  1.73912e-25,  1.68823e-40,  0.0242313  ])
58705   , -1632.53    , array([ 1.43747    ,  0.0676716  ,  1.73912e-25,  1.68823e-40,  0.0242313  ])
58706   , -1632.53    , array([ 1.43604    ,  0.0677393  ,  1.73912e-25,  1.68823e-40,  0.0242313  ])
58707   , -1632.53    , array([ 1.43604    ,  0.0676716  ,  1.74086e-25,  1.68823e-40,  0.0242313  ])
58708   , -1632.53    , array([ 1.43604    ,  0.0676716  ,  1.73912e-25,  1.68992e-40,  0.0242313  ])
58709   , -1632.53    , array([ 1.43604    ,  0.0676716  ,  1.73912e-25,  1.68823e-40,  0.0242555  ])
58710   , -1632.53    , array([ 1.43604    ,  0.0676716  ,  1.73912e-25,  1.68823e-40,  0.0242313  ])
58711   , -1632.53    , array([ 1.43604    ,  0.0676716  ,  1.73912e-25,  1.68823e-40,  0.0242313  ])
58712   , -1632.53    , array([ 1.43747    ,  0.0676716  ,  1.73912e-25,  1.68823e-40,  0.0242313  ])
58713   , -1632.53    , array([ 1.43604    ,  0.0677393  ,  1.73912e-25,  1.68823e-40,  0.0242313  ])
58714   , -1632.53    , array([ 1.43604    ,  0.0676716  ,  1.74086e-25,  1.68823e-40,  0.0242313  ])
58715   , -1632.53    , array([ 1.43604    ,  0.0676716  ,  1.73912e-25,  1.68992e-40,  0.0242313  ])
58716   , -1632.53    , array([ 1.43604    ,  0.0676716  ,  1.73912e-25,  1.68823e-40,  0.0242555  ])
58717   , -1632.53    , array([ 1.43604    ,  0.0676716  ,  1.73912e-25,  1.68823e-40,  0.0242313  ])
58718   , -1632.53    , array([ 1.43604    ,  0.0676716  ,  1.73912e-25,  1.68823e-40,  0.0242313  ])
58719   , -1632.53    , array([ 1.43747    ,  0.0676716  ,  1.73912e-25,  1.68823e-40,  0.0242313  ])
58720   , -1632.53    , array([ 1.43604    ,  0.0677393  ,  1.73912e-25,  1.68823e-40,  0.0242313  ])
58721   , -1632.53    , array([ 1.43604    ,  0.0676716  ,  1.74086e-25,  1.68823e-40,  0.0242313  ])
58722   , -1632.53    , array([ 1.43604    ,  0.0676716  ,  1.73912e-25,  1.68992e-40,  0.0242313  ])
58723   , -1632.53    , array([ 1.43604    ,  0.0676716  ,  1.73912e-25,  1.68823e-40,  0.0242555  ])
58724   , -1632.53    , array([ 1.43604    ,  0.0676716  ,  1.73912e-25,  1.68823e-40,  0.0242313  ])
58725   , -1632.53    , array([ 1.43604    ,  0.0676716  ,  1.73912e-25,  1.68823e-40,  0.0242313  ])
58726   , -1632.53    , array([ 1.43747    ,  0.0676716  ,  1.73912e-25,  1.68823e-40,  0.0242313  ])
58727   , -1632.53    , array([ 1.43604    ,  0.0677393  ,  1.73912e-25,  1.68823e-40,  0.0242313  ])
58728   , -1632.53    , array([ 1.43604    ,  0.0676716  ,  1.74086e-25,  1.68823e-40,  0.0242313  ])
58729   , -1632.53    , array([ 1.43604    ,  0.0676716  ,  1.73912e-25,  1.68992e-40,  0.0242313  ])
58730   , -1632.53    , array([ 1.43604    ,  0.0676716  ,  1.73912e-25,  1.68823e-40,  0.0242555  ])
58731   , -1632.53    , array([ 1.43604    ,  0.0676716  ,  1.73912e-25,  1.68823e-40,  0.0242313  ])
58732   , -1632.53    , array([ 1.43604    ,  0.0676716  ,  1.73912e-25,  1.68823e-40,  0.0242313  ])
58733   , -1632.53    , array([ 1.43747    ,  0.0676716  ,  1.73912e-25,  1.68823e-40,  0.0242313  ])
58734   , -1632.53    , array([ 1.43604    ,  0.0677393  ,  1.73912e-25,  1.68823e-40,  0.0242313  ])
58735   , -1632.53    , array([ 1.43604    ,  0.0676716  ,  1.74086e-25,  1.68823e-40,  0.0242313  ])
58736   , -1632.53    , array([ 1.43604    ,  0.0676716  ,  1.73912e-25,  1.68992e-40,  0.0242313  ])
58737   , -1632.53    , array([ 1.43604    ,  0.0676716  ,  1.73912e-25,  1.68823e-40,  0.0242555  ])
58738   , -1632.53    , array([ 1.43604    ,  0.0676716  ,  1.73912e-25,  1.68823e-40,  0.0242313  ])
58739   , -1632.53    , array([ 1.43604    ,  0.0676716  ,  1.73912e-25,  1.68823e-40,  0.0242313  ])
58740   , -1632.53    , array([ 1.43747    ,  0.0676716  ,  1.73912e-25,  1.68823e-40,  0.0242313  ])
58741   , -1632.53    , array([ 1.43604    ,  0.0677393  ,  1.73912e-25,  1.68823e-40,  0.0242313  ])
58742   , -1632.53    , array([ 1.43604    ,  0.0676716  ,  1.74086e-25,  1.68823e-40,  0.0242313  ])
58743   , -1632.53    , array([ 1.43604    ,  0.0676716  ,  1.73912e-25,  1.68992e-40,  0.0242313  ])
58744   , -1632.53    , array([ 1.43604    ,  0.0676716  ,  1.73912e-25,  1.68823e-40,  0.0242555  ])
58745   , -1632.53    , array([ 1.43604    ,  0.0676716  ,  1.73912e-25,  1.68823e-40,  0.0242313  ])
58746   , -1632.53    , array([ 1.43604    ,  0.0676716  ,  1.73912e-25,  1.68823e-40,  0.0242313  ])
58747   , -1632.53    , array([ 1.43747    ,  0.0676716  ,  1.73912e-25,  1.68823e-40,  0.0242313  ])
58748   , -1632.53    , array([ 1.43604    ,  0.0677393  ,  1.73912e-25,  1.68823e-40,  0.0242313  ])
58749   , -1632.53    , array([ 1.43604    ,  0.0676716  ,  1.74086e-25,  1.68823e-40,  0.0242313  ])
58750   , -1632.53    , array([ 1.43604    ,  0.0676716  ,  1.73912e-25,  1.68992e-40,  0.0242313  ])
58751   , -1632.53    , array([ 1.43604    ,  0.0676716  ,  1.73912e-25,  1.68823e-40,  0.0242555  ])
58752   , -1632.53    , array([ 1.43604    ,  0.0676716  ,  1.73912e-25,  1.68823e-40,  0.0242313  ])
58753   , -1632.53    , array([ 1.43604    ,  0.0676716  ,  1.73912e-25,  1.68823e-40,  0.0242313  ])
58754   , -1632.53    , array([ 1.43747    ,  0.0676716  ,  1.73912e-25,  1.68823e-40,  0.0242313  ])
58755   , -1632.53    , array([ 1.43604    ,  0.0677393  ,  1.73912e-25,  1.68823e-40,  0.0242313  ])
58756   , -1632.53    , array([ 1.43604    ,  0.0676716  ,  1.74086e-25,  1.68823e-40,  0.0242313  ])
58757   , -1632.53    , array([ 1.43604    ,  0.0676716  ,  1.73912e-25,  1.68992e-40,  0.0242313  ])
58758   , -1632.53    , array([ 1.43604    ,  0.0676716  ,  1.73912e-25,  1.68823e-40,  0.0242555  ])
58759   , -1632.53    , array([ 1.43604    ,  0.0676716  ,  1.73912e-25,  1.68823e-40,  0.0242313  ])
58760   , -1632.53    , array([ 1.43604    ,  0.0676716  ,  1.73912e-25,  1.68823e-40,  0.0242313  ])
58761   , -1632.53    , array([ 1.43747    ,  0.0676716  ,  1.73912e-25,  1.68823e-40,  0.0242313  ])
58762   , -1632.53    , array([ 1.43604    ,  0.0677393  ,  1.73912e-25,  1.68823e-40,  0.0242313  ])
58763   , -1632.53    , array([ 1.43604    ,  0.0676716  ,  1.74086e-25,  1.68823e-40,  0.0242313  ])
58764   , -1632.53    , array([ 1.43604    ,  0.0676716  ,  1.73912e-25,  1.68992e-40,  0.0242313  ])
58765   , -1632.53    , array([ 1.43604    ,  0.0676716  ,  1.73912e-25,  1.68823e-40,  0.0242555  ])
58766   , -1632.53    , array([ 1.43604    ,  0.0676716  ,  1.73912e-25,  1.68823e-40,  0.0242313  ])
58767   , -1632.53    , array([ 1.43604    ,  0.0676716  ,  1.73912e-25,  1.68823e-40,  0.0242313  ])
58768   , -1632.53    , array([ 1.43747    ,  0.0676716  ,  1.73912e-25,  1.68823e-40,  0.0242313  ])
58769   , -1632.53    , array([ 1.43604    ,  0.0677393  ,  1.73912e-25,  1.68823e-40,  0.0242313  ])
58770   , -1632.53    , array([ 1.43604    ,  0.0676716  ,  1.74086e-25,  1.68823e-40,  0.0242313  ])
58771   , -1632.53    , array([ 1.43604    ,  0.0676716  ,  1.73912e-25,  1.68992e-40,  0.0242313  ])
58772   , -1632.53    , array([ 1.43604    ,  0.0676716  ,  1.73912e-25,  1.68823e-40,  0.0242555  ])
58773   , -1632.53    , array([ 1.43604    ,  0.0676716  ,  1.73912e-25,  1.68823e-40,  0.0242313  ])
58774   , -1632.53    , array([ 1.43604    ,  0.0676716  ,  1.73912e-25,  1.68823e-40,  0.0242313  ])
58775   , -1632.53    , array([ 1.43747    ,  0.0676716  ,  1.73912e-25,  1.68823e-40,  0.0242313  ])
58776   , -1632.53    , array([ 1.43604    ,  0.0677393  ,  1.73912e-25,  1.68823e-40,  0.0242313  ])
58777   , -1632.53    , array([ 1.43604    ,  0.0676716  ,  1.74086e-25,  1.68823e-40,  0.0242313  ])
58778   , -1632.53    , array([ 1.43604    ,  0.0676716  ,  1.73912e-25,  1.68992e-40,  0.0242313  ])
58779   , -1632.53    , array([ 1.43604    ,  0.0676716  ,  1.73912e-25,  1.68823e-40,  0.0242555  ])
58780   , -1632.53    , array([ 1.43604    ,  0.0676716  ,  1.73912e-25,  1.68823e-40,  0.0242313  ])
58781   , -1632.53    , array([ 1.43604    ,  0.0676716  ,  1.73912e-25,  1.68823e-40,  0.0242313  ])
58782   , -1632.53    , array([ 1.43747    ,  0.0676716  ,  1.73912e-25,  1.68823e-40,  0.0242313  ])
58783   , -1632.53    , array([ 1.43604    ,  0.0677393  ,  1.73912e-25,  1.68823e-40,  0.0242313  ])
58784   , -1632.53    , array([ 1.43604    ,  0.0676716  ,  1.74086e-25,  1.68823e-40,  0.0242313  ])
58785   , -1632.53    , array([ 1.43604    ,  0.0676716  ,  1.73912e-25,  1.68992e-40,  0.0242313  ])
58786   , -1632.53    , array([ 1.43604    ,  0.0676716  ,  1.73912e-25,  1.68823e-40,  0.0242555  ])
58787   , -1632.53    , array([ 1.43604    ,  0.0676716  ,  1.73912e-25,  1.68823e-40,  0.0242313  ])
58788   , -1632.53    , array([ 1.43604    ,  0.0676716  ,  1.73912e-25,  1.68823e-40,  0.0242313  ])
58789   , -1632.53    , array([ 1.43747    ,  0.0676716  ,  1.73912e-25,  1.68823e-40,  0.0242313  ])
58790   , -1632.53    , array([ 1.43604    ,  0.0677393  ,  1.73912e-25,  1.68823e-40,  0.0242313  ])
58791   , -1632.53    , array([ 1.43604    ,  0.0676716  ,  1.74086e-25,  1.68823e-40,  0.0242313  ])
58792   , -1632.53    , array([ 1.43604    ,  0.0676716  ,  1.73912e-25,  1.68992e-40,  0.0242313  ])
58793   , -1632.53    , array([ 1.43604    ,  0.0676716  ,  1.73912e-25,  1.68823e-40,  0.0242555  ])
58794   , -1632.53    , array([ 1.43604    ,  0.0676716  ,  1.73912e-25,  1.68823e-40,  0.0242313  ])
58795   , -1632.53    , array([ 1.43604    ,  0.0676716  ,  1.73912e-25,  1.68823e-40,  0.0242313  ])
58796   , -1632.53    , array([ 1.43747    ,  0.0676716  ,  1.73912e-25,  1.68823e-40,  0.0242313  ])
58797   , -1632.53    , array([ 1.43604    ,  0.0677393  ,  1.73912e-25,  1.68823e-40,  0.0242313  ])
58798   , -1632.53    , array([ 1.43604    ,  0.0676716  ,  1.74086e-25,  1.68823e-40,  0.0242313  ])
58799   , -1632.53    , array([ 1.43604    ,  0.0676716  ,  1.73912e-25,  1.68992e-40,  0.0242313  ])
58800   , -1632.53    , array([ 1.43604    ,  0.0676716  ,  1.73912e-25,  1.68823e-40,  0.0242555  ])
58801   , -1632.53    , array([ 1.43604    ,  0.0676716  ,  1.73912e-25,  1.68823e-40,  0.0242313  ])
58802   , -1632.53    , array([ 1.43604    ,  0.0676716  ,  1.73912e-25,  1.68823e-40,  0.0242313  ])
58803   , -1632.53    , array([ 1.43747    ,  0.0676716  ,  1.73912e-25,  1.68823e-40,  0.0242313  ])
58804   , -1632.53    , array([ 1.43604    ,  0.0677393  ,  1.73912e-25,  1.68823e-40,  0.0242313  ])
58805   , -1632.53    , array([ 1.43604    ,  0.0676716  ,  1.74086e-25,  1.68823e-40,  0.0242313  ])
58806   , -1632.53    , array([ 1.43604    ,  0.0676716  ,  1.73912e-25,  1.68992e-40,  0.0242313  ])
58807   , -1632.53    , array([ 1.43604    ,  0.0676716  ,  1.73912e-25,  1.68823e-40,  0.0242555  ])
58808   , -1632.53    , array([ 1.43604    ,  0.0676716  ,  1.73912e-25,  1.68823e-40,  0.0242313  ])
58809   , -1632.53    , array([ 1.43604    ,  0.0676716  ,  1.73912e-25,  1.68823e-40,  0.0242313  ])
58810   , -1632.53    , array([ 1.43747    ,  0.0676716  ,  1.73912e-25,  1.68823e-40,  0.0242313  ])
58811   , -1632.53    , array([ 1.43604    ,  0.0677393  ,  1.73912e-25,  1.68823e-40,  0.0242313  ])
58812   , -1632.53    , array([ 1.43604    ,  0.0676716  ,  1.74086e-25,  1.68823e-40,  0.0242313  ])
58813   , -1632.53    , array([ 1.43604    ,  0.0676716  ,  1.73912e-25,  1.68992e-40,  0.0242313  ])
58814   , -1632.53    , array([ 1.43604    ,  0.0676716  ,  1.73912e-25,  1.68823e-40,  0.0242555  ])
58815   , -1632.53    , array([ 1.43604    ,  0.0676716  ,  1.73912e-25,  1.68823e-40,  0.0242313  ])
58816   , -1632.53    , array([ 1.43604    ,  0.0676716  ,  1.73912e-25,  1.68823e-40,  0.0242313  ])
58817   , -1632.53    , array([ 1.43747    ,  0.0676716  ,  1.73912e-25,  1.68823e-40,  0.0242313  ])
58818   , -1632.53    , array([ 1.43604    ,  0.0677393  ,  1.73912e-25,  1.68823e-40,  0.0242313  ])
58819   , -1632.53    , array([ 1.43604    ,  0.0676716  ,  1.74086e-25,  1.68823e-40,  0.0242313  ])
58820   , -1632.53    , array([ 1.43604    ,  0.0676716  ,  1.73912e-25,  1.68992e-40,  0.0242313  ])
58821   , -1632.53    , array([ 1.43604    ,  0.0676716  ,  1.73912e-25,  1.68823e-40,  0.0242555  ])
58822   , -1632.53    , array([ 1.43604    ,  0.0676716  ,  1.73912e-25,  1.68823e-40,  0.0242313  ])
58823   , -1632.53    , array([ 1.43604    ,  0.0676716  ,  1.73912e-25,  1.68823e-40,  0.0242313  ])
58824   , -1632.53    , array([ 1.43747    ,  0.0676716  ,  1.73912e-25,  1.68823e-40,  0.0242313  ])
58825   , -1632.53    , array([ 1.43604    ,  0.0677393  ,  1.73912e-25,  1.68823e-40,  0.0242313  ])
58826   , -1632.53    , array([ 1.43604    ,  0.0676716  ,  1.74086e-25,  1.68823e-40,  0.0242313  ])
58827   , -1632.53    , array([ 1.43604    ,  0.0676716  ,  1.73912e-25,  1.68992e-40,  0.0242313  ])
58828   , -1632.53    , array([ 1.43604    ,  0.0676716  ,  1.73912e-25,  1.68823e-40,  0.0242555  ])
58829   , -1632.53    , array([ 1.43604    ,  0.0676716  ,  1.73912e-25,  1.68823e-40,  0.0242313  ])
58830   , -1632.53    , array([ 1.43604    ,  0.0676716  ,  1.73912e-25,  1.68823e-40,  0.0242313  ])
58831   , -1632.53    , array([ 1.43747    ,  0.0676716  ,  1.73912e-25,  1.68823e-40,  0.0242313  ])
58832   , -1632.53    , array([ 1.43604    ,  0.0677393  ,  1.73912e-25,  1.68823e-40,  0.0242313  ])
58833   , -1632.53    , array([ 1.43604    ,  0.0676716  ,  1.74086e-25,  1.68823e-40,  0.0242313  ])
58834   , -1632.53    , array([ 1.43604    ,  0.0676716  ,  1.73912e-25,  1.68992e-40,  0.0242313  ])
58835   , -1632.53    , array([ 1.43604    ,  0.0676716  ,  1.73912e-25,  1.68823e-40,  0.0242555  ])
58836   , -1632.53    , array([ 1.43604    ,  0.0676716  ,  1.73912e-25,  1.68823e-40,  0.0242313  ])
58837   , -1632.53    , array([ 1.43604    ,  0.0676716  ,  1.73912e-25,  1.68823e-40,  0.0242313  ])
58838   , -1632.53    , array([ 1.43747    ,  0.0676716  ,  1.73912e-25,  1.68823e-40,  0.0242313  ])
58839   , -1632.53    , array([ 1.43604    ,  0.0677393  ,  1.73912e-25,  1.68823e-40,  0.0242313  ])
58840   , -1632.53    , array([ 1.43604    ,  0.0676716  ,  1.74086e-25,  1.68823e-40,  0.0242313  ])
58841   , -1632.53    , array([ 1.43604    ,  0.0676716  ,  1.73912e-25,  1.68992e-40,  0.0242313  ])
58842   , -1632.53    , array([ 1.43604    ,  0.0676716  ,  1.73912e-25,  1.68823e-40,  0.0242555  ])
58843   , -1632.53    , array([ 1.43604    ,  0.0676716  ,  1.73912e-25,  1.68823e-40,  0.0242313  ])
58844   , -1632.53    , array([ 1.43604    ,  0.0676716  ,  1.73912e-25,  1.68823e-40,  0.0242313  ])
58845   , -1632.53    , array([ 1.43747    ,  0.0676716  ,  1.73912e-25,  1.68823e-40,  0.0242313  ])
58846   , -1632.53    , array([ 1.43604    ,  0.0677393  ,  1.73912e-25,  1.68823e-40,  0.0242313  ])
58847   , -1632.53    , array([ 1.43604    ,  0.0676716  ,  1.74086e-25,  1.68823e-40,  0.0242313  ])
58848   , -1632.53    , array([ 1.43604    ,  0.0676716  ,  1.73912e-25,  1.68992e-40,  0.0242313  ])
58849   , -1632.53    , array([ 1.43604    ,  0.0676716  ,  1.73912e-25,  1.68823e-40,  0.0242555  ])
58850   , -1632.53    , array([ 1.43604    ,  0.0676716  ,  1.73912e-25,  1.68823e-40,  0.0242313  ])
58851   , -1632.53    , array([ 1.43604    ,  0.0676716  ,  1.73912e-25,  1.68823e-40,  0.0242313  ])
58852   , -1632.53    , array([ 1.43747    ,  0.0676716  ,  1.73912e-25,  1.68823e-40,  0.0242313  ])
58853   , -1632.53    , array([ 1.43604    ,  0.0677393  ,  1.73912e-25,  1.68823e-40,  0.0242313  ])
58854   , -1632.53    , array([ 1.43604    ,  0.0676716  ,  1.74086e-25,  1.68823e-40,  0.0242313  ])
58855   , -1632.53    , array([ 1.43604    ,  0.0676716  ,  1.73912e-25,  1.68992e-40,  0.0242313  ])
58856   , -1632.53    , array([ 1.43604    ,  0.0676716  ,  1.73912e-25,  1.68823e-40,  0.0242555  ])
58857   , -1632.53    , array([ 1.43604    ,  0.0676716  ,  1.73912e-25,  1.68823e-40,  0.0242313  ])
58858   , -1632.53    , array([ 1.43604    ,  0.0676716  ,  1.73912e-25,  1.68823e-40,  0.0242313  ])
58859   , -1632.53    , array([ 1.43747    ,  0.0676716  ,  1.73912e-25,  1.68823e-40,  0.0242313  ])
58860   , -1632.53    , array([ 1.43604    ,  0.0677393  ,  1.73912e-25,  1.68823e-40,  0.0242313  ])
58861   , -1632.53    , array([ 1.43604    ,  0.0676716  ,  1.74086e-25,  1.68823e-40,  0.0242313  ])
58862   , -1632.53    , array([ 1.43604    ,  0.0676716  ,  1.73912e-25,  1.68992e-40,  0.0242313  ])
58863   , -1632.53    , array([ 1.43604    ,  0.0676716  ,  1.73912e-25,  1.68823e-40,  0.0242555  ])
58864   , -1632.53    , array([ 1.43604    ,  0.0676716  ,  1.73912e-25,  1.68823e-40,  0.0242313  ])
58865   , -1632.53    , array([ 1.43604    ,  0.0676716  ,  1.73912e-25,  1.68823e-40,  0.0242313  ])
58866   , -1632.53    , array([ 1.43747    ,  0.0676716  ,  1.73912e-25,  1.68823e-40,  0.0242313  ])
58867   , -1632.53    , array([ 1.43604    ,  0.0677393  ,  1.73912e-25,  1.68823e-40,  0.0242313  ])
58868   , -1632.53    , array([ 1.43604    ,  0.0676716  ,  1.74086e-25,  1.68823e-40,  0.0242313  ])
58869   , -1632.53    , array([ 1.43604    ,  0.0676716  ,  1.73912e-25,  1.68992e-40,  0.0242313  ])
58870   , -1632.53    , array([ 1.43604    ,  0.0676716  ,  1.73912e-25,  1.68823e-40,  0.0242555  ])
58871   , -1632.53    , array([ 1.43604    ,  0.0676716  ,  1.73912e-25,  1.68823e-40,  0.0242313  ])
58872   , -1632.53    , array([ 1.43604    ,  0.0676716  ,  1.73912e-25,  1.68823e-40,  0.0242313  ])
58873   , -1632.53    , array([ 1.43747    ,  0.0676716  ,  1.73912e-25,  1.68823e-40,  0.0242313  ])
58874   , -1632.53    , array([ 1.43604    ,  0.0677393  ,  1.73912e-25,  1.68823e-40,  0.0242313  ])
58875   , -1632.53    , array([ 1.43604    ,  0.0676716  ,  1.74086e-25,  1.68823e-40,  0.0242313  ])
58876   , -1632.53    , array([ 1.43604    ,  0.0676716  ,  1.73912e-25,  1.68992e-40,  0.0242313  ])
58877   , -1632.53    , array([ 1.43604    ,  0.0676716  ,  1.73912e-25,  1.68823e-40,  0.0242555  ])
58878   , -1632.53    , array([ 1.43604    ,  0.0676716  ,  1.73912e-25,  1.68823e-40,  0.0242313  ])
58879   , -1632.53    , array([ 1.43604    ,  0.0676716  ,  1.73912e-25,  1.68823e-40,  0.0242313  ])
58880   , -1632.53    , array([ 1.43747    ,  0.0676716  ,  1.73912e-25,  1.68823e-40,  0.0242313  ])
58881   , -1632.53    , array([ 1.43604    ,  0.0677393  ,  1.73912e-25,  1.68823e-40,  0.0242313  ])
58882   , -1632.53    , array([ 1.43604    ,  0.0676716  ,  1.74086e-25,  1.68823e-40,  0.0242313  ])
58883   , -1632.53    , array([ 1.43604    ,  0.0676716  ,  1.73912e-25,  1.68992e-40,  0.0242313  ])
58884   , -1632.53    , array([ 1.43604    ,  0.0676716  ,  1.73912e-25,  1.68823e-40,  0.0242555  ])
58885   , -1632.53    , array([ 1.43604    ,  0.0676716  ,  1.73912e-25,  1.68823e-40,  0.0242313  ])
58886   , -1632.53    , array([ 1.43604    ,  0.0676716  ,  1.73912e-25,  1.68823e-40,  0.0242313  ])
58887   , -1632.53    , array([ 1.43747    ,  0.0676716  ,  1.73912e-25,  1.68823e-40,  0.0242313  ])
58888   , -1632.53    , array([ 1.43604    ,  0.0677393  ,  1.73912e-25,  1.68823e-40,  0.0242313  ])
58889   , -1632.53    , array([ 1.43604    ,  0.0676716  ,  1.74086e-25,  1.68823e-40,  0.0242313  ])
58890   , -1632.53    , array([ 1.43604    ,  0.0676716  ,  1.73912e-25,  1.68992e-40,  0.0242313  ])
58891   , -1632.53    , array([ 1.43604    ,  0.0676716  ,  1.73912e-25,  1.68823e-40,  0.0242555  ])
58892   , -1632.53    , array([ 1.43604    ,  0.0676716  ,  1.73912e-25,  1.68823e-40,  0.0242313  ])
58893   , -1632.53    , array([ 1.43604    ,  0.0676716  ,  1.73912e-25,  1.68823e-40,  0.0242313  ])
58894   , -1632.53    , array([ 1.43747    ,  0.0676716  ,  1.73912e-25,  1.68823e-40,  0.0242313  ])
58895   , -1632.53    , array([ 1.43604    ,  0.0677393  ,  1.73912e-25,  1.68823e-40,  0.0242313  ])
58896   , -1632.53    , array([ 1.43604    ,  0.0676716  ,  1.74086e-25,  1.68823e-40,  0.0242313  ])
58897   , -1632.53    , array([ 1.43604    ,  0.0676716  ,  1.73912e-25,  1.68992e-40,  0.0242313  ])
58898   , -1632.53    , array([ 1.43604    ,  0.0676716  ,  1.73912e-25,  1.68823e-40,  0.0242555  ])
58899   , -1632.53    , array([ 1.43604    ,  0.0676716  ,  1.73912e-25,  1.68823e-40,  0.0242313  ])
58900   , -1632.53    , array([ 1.43604    ,  0.0676716  ,  1.73912e-25,  1.68823e-40,  0.0242313  ])
58901   , -1632.53    , array([ 1.43747    ,  0.0676716  ,  1.73912e-25,  1.68823e-40,  0.0242313  ])
58902   , -1632.53    , array([ 1.43604    ,  0.0677393  ,  1.73912e-25,  1.68823e-40,  0.0242313  ])
58903   , -1632.53    , array([ 1.43604    ,  0.0676716  ,  1.74086e-25,  1.68823e-40,  0.0242313  ])
58904   , -1632.53    , array([ 1.43604    ,  0.0676716  ,  1.73912e-25,  1.68992e-40,  0.0242313  ])
58905   , -1632.53    , array([ 1.43604    ,  0.0676716  ,  1.73912e-25,  1.68823e-40,  0.0242555  ])
58906   , -1632.53    , array([ 1.43604    ,  0.0676716  ,  1.73912e-25,  1.68823e-40,  0.0242313  ])
58907   , -1632.53    , array([ 1.43604    ,  0.0676716  ,  1.73912e-25,  1.68823e-40,  0.0242313  ])
58908   , -1632.53    , array([ 1.43747    ,  0.0676716  ,  1.73912e-25,  1.68823e-40,  0.0242313  ])
58909   , -1632.53    , array([ 1.43604    ,  0.0677393  ,  1.73912e-25,  1.68823e-40,  0.0242313  ])
58910   , -1632.53    , array([ 1.43604    ,  0.0676716  ,  1.74086e-25,  1.68823e-40,  0.0242313  ])
58911   , -1632.53    , array([ 1.43604    ,  0.0676716  ,  1.73912e-25,  1.68992e-40,  0.0242313  ])
58912   , -1632.53    , array([ 1.43604    ,  0.0676716  ,  1.73912e-25,  1.68823e-40,  0.0242555  ])
58913   , -1632.53    , array([ 1.43604    ,  0.0676716  ,  1.73912e-25,  1.68823e-40,  0.0242313  ])
58914   , -1632.53    , array([ 1.43604    ,  0.0676716  ,  1.73912e-25,  1.68823e-40,  0.0242313  ])
58915   , -1632.53    , array([ 1.43747    ,  0.0676716  ,  1.73912e-25,  1.68823e-40,  0.0242313  ])
58916   , -1632.53    , array([ 1.43604    ,  0.0677393  ,  1.73912e-25,  1.68823e-40,  0.0242313  ])
58917   , -1632.53    , array([ 1.43604    ,  0.0676716  ,  1.74086e-25,  1.68823e-40,  0.0242313  ])
58918   , -1632.53    , array([ 1.43604    ,  0.0676716  ,  1.73912e-25,  1.68992e-40,  0.0242313  ])
58919   , -1632.53    , array([ 1.43604    ,  0.0676716  ,  1.73912e-25,  1.68823e-40,  0.0242555  ])
58920   , -1632.53    , array([ 1.43604    ,  0.0676716  ,  1.73912e-25,  1.68823e-40,  0.0242313  ])
58921   , -1632.53    , array([ 1.43604    ,  0.0676716  ,  1.73912e-25,  1.68823e-40,  0.0242313  ])
58922   , -1632.53    , array([ 1.43747    ,  0.0676716  ,  1.73912e-25,  1.68823e-40,  0.0242313  ])
58923   , -1632.53    , array([ 1.43604    ,  0.0677393  ,  1.73912e-25,  1.68823e-40,  0.0242313  ])
58924   , -1632.53    , array([ 1.43604    ,  0.0676716  ,  1.74086e-25,  1.68823e-40,  0.0242313  ])
58925   , -1632.53    , array([ 1.43604    ,  0.0676716  ,  1.73912e-25,  1.68992e-40,  0.0242313  ])
58926   , -1632.53    , array([ 1.43604    ,  0.0676716  ,  1.73912e-25,  1.68823e-40,  0.0242555  ])
58927   , -1632.53    , array([ 1.43604    ,  0.0676716  ,  1.73912e-25,  1.68823e-40,  0.0242313  ])
58928   , -1632.53    , array([ 1.43604    ,  0.0676716  ,  1.73912e-25,  1.68823e-40,  0.0242313  ])
58929   , -1632.53    , array([ 1.43747    ,  0.0676716  ,  1.73912e-25,  1.68823e-40,  0.0242313  ])
58930   , -1632.53    , array([ 1.43604    ,  0.0677393  ,  1.73912e-25,  1.68823e-40,  0.0242313  ])
58931   , -1632.53    , array([ 1.43604    ,  0.0676716  ,  1.74086e-25,  1.68823e-40,  0.0242313  ])
58932   , -1632.53    , array([ 1.43604    ,  0.0676716  ,  1.73912e-25,  1.68992e-40,  0.0242313  ])
58933   , -1632.53    , array([ 1.43604    ,  0.0676716  ,  1.73912e-25,  1.68823e-40,  0.0242555  ])
58934   , -1632.53    , array([ 1.43604    ,  0.0676716  ,  1.73912e-25,  1.68823e-40,  0.0242313  ])
58935   , -1632.53    , array([ 1.43604    ,  0.0676716  ,  1.73912e-25,  1.68823e-40,  0.0242313  ])
58936   , -1632.53    , array([ 1.43747    ,  0.0676716  ,  1.73912e-25,  1.68823e-40,  0.0242313  ])
58937   , -1632.53    , array([ 1.43604    ,  0.0677393  ,  1.73912e-25,  1.68823e-40,  0.0242313  ])
58938   , -1632.53    , array([ 1.43604    ,  0.0676716  ,  1.74086e-25,  1.68823e-40,  0.0242313  ])
58939   , -1632.53    , array([ 1.43604    ,  0.0676716  ,  1.73912e-25,  1.68992e-40,  0.0242313  ])
58940   , -1632.53    , array([ 1.43604    ,  0.0676716  ,  1.73912e-25,  1.68823e-40,  0.0242555  ])
58941   , -1632.53    , array([ 1.43604    ,  0.0676716  ,  1.73912e-25,  1.68823e-40,  0.0242313  ])
58942   , -1632.53    , array([ 1.43604    ,  0.0676716  ,  1.73912e-25,  1.68823e-40,  0.0242313  ])
58943   , -1632.53    , array([ 1.43747    ,  0.0676716  ,  1.73912e-25,  1.68823e-40,  0.0242313  ])
58944   , -1632.53    , array([ 1.43604    ,  0.0677393  ,  1.73912e-25,  1.68823e-40,  0.0242313  ])
58945   , -1632.53    , array([ 1.43604    ,  0.0676716  ,  1.74086e-25,  1.68823e-40,  0.0242313  ])
58946   , -1632.53    , array([ 1.43604    ,  0.0676716  ,  1.73912e-25,  1.68992e-40,  0.0242313  ])
58947   , -1632.53    , array([ 1.43604    ,  0.0676716  ,  1.73912e-25,  1.68823e-40,  0.0242555  ])
58948   , -1632.53    , array([ 1.43604    ,  0.0676716  ,  1.73912e-25,  1.68823e-40,  0.0242313  ])
58949   , -1632.53    , array([ 1.43604    ,  0.0676716  ,  1.73912e-25,  1.68823e-40,  0.0242313  ])
58950   , -1632.53    , array([ 1.43747    ,  0.0676716  ,  1.73912e-25,  1.68823e-40,  0.0242313  ])
58951   , -1632.53    , array([ 1.43604    ,  0.0677393  ,  1.73912e-25,  1.68823e-40,  0.0242313  ])
58952   , -1632.53    , array([ 1.43604    ,  0.0676716  ,  1.74086e-25,  1.68823e-40,  0.0242313  ])
58953   , -1632.53    , array([ 1.43604    ,  0.0676716  ,  1.73912e-25,  1.68992e-40,  0.0242313  ])
58954   , -1632.53    , array([ 1.43604    ,  0.0676716  ,  1.73912e-25,  1.68823e-40,  0.0242555  ])
58955   , -1632.53    , array([ 1.43604    ,  0.0676716  ,  1.73912e-25,  1.68823e-40,  0.0242313  ])
58956   , -1632.53    , array([ 1.43604    ,  0.0676716  ,  1.73912e-25,  1.68823e-40,  0.0242313  ])
58957   , -1632.53    , array([ 1.43747    ,  0.0676716  ,  1.73912e-25,  1.68823e-40,  0.0242313  ])
58958   , -1632.53    , array([ 1.43604    ,  0.0677393  ,  1.73912e-25,  1.68823e-40,  0.0242313  ])
58959   , -1632.53    , array([ 1.43604    ,  0.0676716  ,  1.74086e-25,  1.68823e-40,  0.0242313  ])
58960   , -1632.53    , array([ 1.43604    ,  0.0676716  ,  1.73912e-25,  1.68992e-40,  0.0242313  ])
58961   , -1632.53    , array([ 1.43604    ,  0.0676716  ,  1.73912e-25,  1.68823e-40,  0.0242555  ])
58962   , -1632.53    , array([ 1.43604    ,  0.0676716  ,  1.73912e-25,  1.68823e-40,  0.0242313  ])
58963   , -1632.53    , array([ 1.43604    ,  0.0676716  ,  1.73912e-25,  1.68823e-40,  0.0242313  ])
58964   , -1632.53    , array([ 1.43747    ,  0.0676716  ,  1.73912e-25,  1.68823e-40,  0.0242313  ])
58965   , -1632.53    , array([ 1.43604    ,  0.0677393  ,  1.73912e-25,  1.68823e-40,  0.0242313  ])
58966   , -1632.53    , array([ 1.43604    ,  0.0676716  ,  1.74086e-25,  1.68823e-40,  0.0242313  ])
58967   , -1632.53    , array([ 1.43604    ,  0.0676716  ,  1.73912e-25,  1.68992e-40,  0.0242313  ])
58968   , -1632.53    , array([ 1.43604    ,  0.0676716  ,  1.73912e-25,  1.68823e-40,  0.0242555  ])
58969   , -1632.53    , array([ 1.43604    ,  0.0676716  ,  1.73912e-25,  1.68823e-40,  0.0242313  ])
58970   , -1632.53    , array([ 1.43604    ,  0.0676716  ,  1.73912e-25,  1.68823e-40,  0.0242313  ])
58971   , -1632.53    , array([ 1.43747    ,  0.0676716  ,  1.73912e-25,  1.68823e-40,  0.0242313  ])
58972   , -1632.53    , array([ 1.43604    ,  0.0677393  ,  1.73912e-25,  1.68823e-40,  0.0242313  ])
58973   , -1632.53    , array([ 1.43604    ,  0.0676716  ,  1.74086e-25,  1.68823e-40,  0.0242313  ])
58974   , -1632.53    , array([ 1.43604    ,  0.0676716  ,  1.73912e-25,  1.68992e-40,  0.0242313  ])
58975   , -1632.53    , array([ 1.43604    ,  0.0676716  ,  1.73912e-25,  1.68823e-40,  0.0242555  ])
58976   , -1632.53    , array([ 1.43604    ,  0.0676716  ,  1.73912e-25,  1.68823e-40,  0.0242313  ])
58977   , -1632.53    , array([ 1.43604    ,  0.0676716  ,  1.73912e-25,  1.68823e-40,  0.0242313  ])
58978   , -1632.53    , array([ 1.43747    ,  0.0676716  ,  1.73912e-25,  1.68823e-40,  0.0242313  ])
58979   , -1632.53    , array([ 1.43604    ,  0.0677393  ,  1.73912e-25,  1.68823e-40,  0.0242313  ])
58980   , -1632.53    , array([ 1.43604    ,  0.0676716  ,  1.74086e-25,  1.68823e-40,  0.0242313  ])
58981   , -1632.53    , array([ 1.43604    ,  0.0676716  ,  1.73912e-25,  1.68992e-40,  0.0242313  ])
58982   , -1632.53    , array([ 1.43604    ,  0.0676716  ,  1.73912e-25,  1.68823e-40,  0.0242555  ])
58983   , -1632.53    , array([ 1.43604    ,  0.0676716  ,  1.73912e-25,  1.68823e-40,  0.0242313  ])
58984   , -1632.53    , array([ 1.43604    ,  0.0676716  ,  1.73912e-25,  1.68823e-40,  0.0242313  ])
58985   , -1632.53    , array([ 1.43747    ,  0.0676716  ,  1.73912e-25,  1.68823e-40,  0.0242313  ])
58986   , -1632.53    , array([ 1.43604    ,  0.0677393  ,  1.73912e-25,  1.68823e-40,  0.0242313  ])
58987   , -1632.53    , array([ 1.43604    ,  0.0676716  ,  1.74086e-25,  1.68823e-40,  0.0242313  ])
58988   , -1632.53    , array([ 1.43604    ,  0.0676716  ,  1.73912e-25,  1.68992e-40,  0.0242313  ])
58989   , -1632.53    , array([ 1.43604    ,  0.0676716  ,  1.73912e-25,  1.68823e-40,  0.0242555  ])
58990   , -1632.53    , array([ 1.43604    ,  0.0676716  ,  1.73912e-25,  1.68823e-40,  0.0242313  ])
58991   , -1632.53    , array([ 1.43604    ,  0.0676716  ,  1.73912e-25,  1.68823e-40,  0.0242313  ])
58992   , -1632.53    , array([ 1.43747    ,  0.0676716  ,  1.73912e-25,  1.68823e-40,  0.0242313  ])
58993   , -1632.53    , array([ 1.43604    ,  0.0677393  ,  1.73912e-25,  1.68823e-40,  0.0242313  ])
58994   , -1632.53    , array([ 1.43604    ,  0.0676716  ,  1.74086e-25,  1.68823e-40,  0.0242313  ])
58995   , -1632.53    , array([ 1.43604    ,  0.0676716  ,  1.73912e-25,  1.68992e-40,  0.0242313  ])
58996   , -1632.53    , array([ 1.43604    ,  0.0676716  ,  1.73912e-25,  1.68823e-40,  0.0242555  ])
58997   , -1632.53    , array([ 1.43604    ,  0.0676716  ,  1.73912e-25,  1.68823e-40,  0.0242313  ])
58998   , -1632.53    , array([ 1.43604    ,  0.0676716  ,  1.73912e-25,  1.68823e-40,  0.0242313  ])
58999   , -1632.53    , array([ 1.43747    ,  0.0676716  ,  1.73912e-25,  1.68823e-40,  0.0242313  ])
59000   , -1632.53    , array([ 1.43604    ,  0.0677393  ,  1.73912e-25,  1.68823e-40,  0.0242313  ])
59001   , -1632.53    , array([ 1.43604    ,  0.0676716  ,  1.74086e-25,  1.68823e-40,  0.0242313  ])
59002   , -1632.53    , array([ 1.43604    ,  0.0676716  ,  1.73912e-25,  1.68992e-40,  0.0242313  ])
59003   , -1632.53    , array([ 1.43604    ,  0.0676716  ,  1.73912e-25,  1.68823e-40,  0.0242555  ])
59004   , -1632.53    , array([ 1.43604    ,  0.0676716  ,  1.73912e-25,  1.68823e-40,  0.0242313  ])
59005   , -1632.53    , array([ 1.43604    ,  0.0676716  ,  1.73912e-25,  1.68823e-40,  0.0242313  ])
59006   , -1632.53    , array([ 1.43747    ,  0.0676716  ,  1.73912e-25,  1.68823e-40,  0.0242313  ])
59007   , -1632.53    , array([ 1.43604    ,  0.0677393  ,  1.73912e-25,  1.68823e-40,  0.0242313  ])
59008   , -1632.53    , array([ 1.43604    ,  0.0676716  ,  1.74086e-25,  1.68823e-40,  0.0242313  ])
59009   , -1632.53    , array([ 1.43604    ,  0.0676716  ,  1.73912e-25,  1.68992e-40,  0.0242313  ])
59010   , -1632.53    , array([ 1.43604    ,  0.0676716  ,  1.73912e-25,  1.68823e-40,  0.0242555  ])
59011   , -1632.53    , array([ 1.43604    ,  0.0676716  ,  1.73912e-25,  1.68823e-40,  0.0242313  ])
59012   , -1632.53    , array([ 1.43604    ,  0.0676716  ,  1.73912e-25,  1.68823e-40,  0.0242313  ])
59013   , -1632.53    , array([ 1.43747    ,  0.0676716  ,  1.73912e-25,  1.68823e-40,  0.0242313  ])
59014   , -1632.53    , array([ 1.43604    ,  0.0677393  ,  1.73912e-25,  1.68823e-40,  0.0242313  ])
59015   , -1632.53    , array([ 1.43604    ,  0.0676716  ,  1.74086e-25,  1.68823e-40,  0.0242313  ])
59016   , -1632.53    , array([ 1.43604    ,  0.0676716  ,  1.73912e-25,  1.68992e-40,  0.0242313  ])
59017   , -1632.53    , array([ 1.43604    ,  0.0676716  ,  1.73912e-25,  1.68823e-40,  0.0242555  ])
59018   , -1632.53    , array([ 1.43604    ,  0.0676716  ,  1.73912e-25,  1.68823e-40,  0.0242313  ])
59019   , -1632.53    , array([ 1.43604    ,  0.0676716  ,  1.73912e-25,  1.68823e-40,  0.0242313  ])
59020   , -1632.53    , array([ 1.43747    ,  0.0676716  ,  1.73912e-25,  1.68823e-40,  0.0242313  ])
59021   , -1632.53    , array([ 1.43604    ,  0.0677393  ,  1.73912e-25,  1.68823e-40,  0.0242313  ])
59022   , -1632.53    , array([ 1.43604    ,  0.0676716  ,  1.74086e-25,  1.68823e-40,  0.0242313  ])
59023   , -1632.53    , array([ 1.43604    ,  0.0676716  ,  1.73912e-25,  1.68992e-40,  0.0242313  ])
59024   , -1632.53    , array([ 1.43604    ,  0.0676716  ,  1.73912e-25,  1.68823e-40,  0.0242555  ])
59025   , -1632.53    , array([ 1.43604    ,  0.0676716  ,  1.73912e-25,  1.68823e-40,  0.0242313  ])
59026   , -1632.53    , array([ 1.43604    ,  0.0676716  ,  1.73912e-25,  1.68823e-40,  0.0242313  ])
59027   , -1632.53    , array([ 1.43747    ,  0.0676716  ,  1.73912e-25,  1.68823e-40,  0.0242313  ])
59028   , -1632.53    , array([ 1.43604    ,  0.0677393  ,  1.73912e-25,  1.68823e-40,  0.0242313  ])
59029   , -1632.53    , array([ 1.43604    ,  0.0676716  ,  1.74086e-25,  1.68823e-40,  0.0242313  ])
59030   , -1632.53    , array([ 1.43604    ,  0.0676716  ,  1.73912e-25,  1.68992e-40,  0.0242313  ])
59031   , -1632.53    , array([ 1.43604    ,  0.0676716  ,  1.73912e-25,  1.68823e-40,  0.0242555  ])
59032   , -1632.53    , array([ 1.43604    ,  0.0676716  ,  1.73912e-25,  1.68823e-40,  0.0242313  ])
59033   , -1632.53    , array([ 1.43604    ,  0.0676716  ,  1.73912e-25,  1.68823e-40,  0.0242313  ])
59034   , -1632.53    , array([ 1.43747    ,  0.0676716  ,  1.73912e-25,  1.68823e-40,  0.0242313  ])
59035   , -1632.53    , array([ 1.43604    ,  0.0677393  ,  1.73912e-25,  1.68823e-40,  0.0242313  ])
59036   , -1632.53    , array([ 1.43604    ,  0.0676716  ,  1.74086e-25,  1.68823e-40,  0.0242313  ])
59037   , -1632.53    , array([ 1.43604    ,  0.0676716  ,  1.73912e-25,  1.68992e-40,  0.0242313  ])
59038   , -1632.53    , array([ 1.43604    ,  0.0676716  ,  1.73912e-25,  1.68823e-40,  0.0242555  ])
59039   , -1632.53    , array([ 1.43604    ,  0.0676716  ,  1.73912e-25,  1.68823e-40,  0.0242313  ])
59040   , -1632.53    , array([ 1.43604    ,  0.0676716  ,  1.73912e-25,  1.68823e-40,  0.0242313  ])
59041   , -1632.53    , array([ 1.43747    ,  0.0676716  ,  1.73912e-25,  1.68823e-40,  0.0242313  ])
59042   , -1632.53    , array([ 1.43604    ,  0.0677393  ,  1.73912e-25,  1.68823e-40,  0.0242313  ])
59043   , -1632.53    , array([ 1.43604    ,  0.0676716  ,  1.74086e-25,  1.68823e-40,  0.0242313  ])
59044   , -1632.53    , array([ 1.43604    ,  0.0676716  ,  1.73912e-25,  1.68992e-40,  0.0242313  ])
59045   , -1632.53    , array([ 1.43604    ,  0.0676716  ,  1.73912e-25,  1.68823e-40,  0.0242555  ])
59046   , -1632.53    , array([ 1.43604    ,  0.0676716  ,  1.73912e-25,  1.68823e-40,  0.0242313  ])
59047   , -1632.53    , array([ 1.43604    ,  0.0676716  ,  1.73912e-25,  1.68823e-40,  0.0242313  ])
59048   , -1632.53    , array([ 1.43747    ,  0.0676716  ,  1.73912e-25,  1.68823e-40,  0.0242313  ])
59049   , -1632.53    , array([ 1.43604    ,  0.0677393  ,  1.73912e-25,  1.68823e-40,  0.0242313  ])
59050   , -1632.53    , array([ 1.43604    ,  0.0676716  ,  1.74086e-25,  1.68823e-40,  0.0242313  ])
59051   , -1632.53    , array([ 1.43604    ,  0.0676716  ,  1.73912e-25,  1.68992e-40,  0.0242313  ])
59052   , -1632.53    , array([ 1.43604    ,  0.0676716  ,  1.73912e-25,  1.68823e-40,  0.0242555  ])
59053   , -1632.53    , array([ 1.43604    ,  0.0676716  ,  1.73912e-25,  1.68823e-40,  0.0242313  ])
59054   , -1632.53    , array([ 1.43604    ,  0.0676716  ,  1.73912e-25,  1.68823e-40,  0.0242313  ])
59055   , -1632.53    , array([ 1.43747    ,  0.0676716  ,  1.73912e-25,  1.68823e-40,  0.0242313  ])
59056   , -1632.53    , array([ 1.43604    ,  0.0677393  ,  1.73912e-25,  1.68823e-40,  0.0242313  ])
59057   , -1632.53    , array([ 1.43604    ,  0.0676716  ,  1.74086e-25,  1.68823e-40,  0.0242313  ])
59058   , -1632.53    , array([ 1.43604    ,  0.0676716  ,  1.73912e-25,  1.68992e-40,  0.0242313  ])
59059   , -1632.53    , array([ 1.43604    ,  0.0676716  ,  1.73912e-25,  1.68823e-40,  0.0242555  ])
59060   , -1632.53    , array([ 1.43604    ,  0.0676716  ,  1.73912e-25,  1.68823e-40,  0.0242313  ])
59061   , -1632.53    , array([ 1.43604    ,  0.0676716  ,  1.73912e-25,  1.68823e-40,  0.0242313  ])
59062   , -1632.53    , array([ 1.43747    ,  0.0676716  ,  1.73912e-25,  1.68823e-40,  0.0242313  ])
59063   , -1632.53    , array([ 1.43604    ,  0.0677393  ,  1.73912e-25,  1.68823e-40,  0.0242313  ])
59064   , -1632.53    , array([ 1.43604    ,  0.0676716  ,  1.74086e-25,  1.68823e-40,  0.0242313  ])
59065   , -1632.53    , array([ 1.43604    ,  0.0676716  ,  1.73912e-25,  1.68992e-40,  0.0242313  ])
59066   , -1632.53    , array([ 1.43604    ,  0.0676716  ,  1.73912e-25,  1.68823e-40,  0.0242555  ])
59067   , -1632.53    , array([ 1.43604    ,  0.0676716  ,  1.73912e-25,  1.68823e-40,  0.0242313  ])
59068   , -1632.53    , array([ 1.43604    ,  0.0676716  ,  1.73912e-25,  1.68823e-40,  0.0242313  ])
59069   , -1632.53    , array([ 1.43747    ,  0.0676716  ,  1.73912e-25,  1.68823e-40,  0.0242313  ])
59070   , -1632.53    , array([ 1.43604    ,  0.0677393  ,  1.73912e-25,  1.68823e-40,  0.0242313  ])
59071   , -1632.53    , array([ 1.43604    ,  0.0676716  ,  1.74086e-25,  1.68823e-40,  0.0242313  ])
59072   , -1632.53    , array([ 1.43604    ,  0.0676716  ,  1.73912e-25,  1.68992e-40,  0.0242313  ])
59073   , -1632.53    , array([ 1.43604    ,  0.0676716  ,  1.73912e-25,  1.68823e-40,  0.0242555  ])
59074   , -1632.53    , array([ 1.43604    ,  0.0676716  ,  1.73912e-25,  1.68823e-40,  0.0242313  ])
59075   , -1632.53    , array([ 1.43604    ,  0.0676716  ,  1.73912e-25,  1.68823e-40,  0.0242313  ])
59076   , -1632.53    , array([ 1.43747    ,  0.0676716  ,  1.73912e-25,  1.68823e-40,  0.0242313  ])
59077   , -1632.53    , array([ 1.43604    ,  0.0677393  ,  1.73912e-25,  1.68823e-40,  0.0242313  ])
59078   , -1632.53    , array([ 1.43604    ,  0.0676716  ,  1.74086e-25,  1.68823e-40,  0.0242313  ])
59079   , -1632.53    , array([ 1.43604    ,  0.0676716  ,  1.73912e-25,  1.68992e-40,  0.0242313  ])
59080   , -1632.53    , array([ 1.43604    ,  0.0676716  ,  1.73912e-25,  1.68823e-40,  0.0242555  ])
59081   , -1632.53    , array([ 1.43604    ,  0.0676716  ,  1.73912e-25,  1.68823e-40,  0.0242313  ])
59082   , -1632.53    , array([ 1.43604    ,  0.0676716  ,  1.73912e-25,  1.68823e-40,  0.0242313  ])
59083   , -1632.53    , array([ 1.43747    ,  0.0676716  ,  1.73912e-25,  1.68823e-40,  0.0242313  ])
59084   , -1632.53    , array([ 1.43604    ,  0.0677393  ,  1.73912e-25,  1.68823e-40,  0.0242313  ])
59085   , -1632.53    , array([ 1.43604    ,  0.0676716  ,  1.74086e-25,  1.68823e-40,  0.0242313  ])
59086   , -1632.53    , array([ 1.43604    ,  0.0676716  ,  1.73912e-25,  1.68992e-40,  0.0242313  ])
59087   , -1632.53    , array([ 1.43604    ,  0.0676716  ,  1.73912e-25,  1.68823e-40,  0.0242555  ])
59088   , -1632.53    , array([ 1.43604    ,  0.0676716  ,  1.73912e-25,  1.68823e-40,  0.0242313  ])
59089   , -1632.53    , array([ 1.43604    ,  0.0676716  ,  1.73912e-25,  1.68823e-40,  0.0242313  ])
59090   , -1632.53    , array([ 1.43747    ,  0.0676716  ,  1.73912e-25,  1.68823e-40,  0.0242313  ])
59091   , -1632.53    , array([ 1.43604    ,  0.0677393  ,  1.73912e-25,  1.68823e-40,  0.0242313  ])
59092   , -1632.53    , array([ 1.43604    ,  0.0676716  ,  1.74086e-25,  1.68823e-40,  0.0242313  ])
59093   , -1632.53    , array([ 1.43604    ,  0.0676716  ,  1.73912e-25,  1.68992e-40,  0.0242313  ])
59094   , -1632.53    , array([ 1.43604    ,  0.0676716  ,  1.73912e-25,  1.68823e-40,  0.0242555  ])
59095   , -1632.53    , array([ 1.43604    ,  0.0676716  ,  1.73912e-25,  1.68823e-40,  0.0242313  ])
59096   , -1632.53    , array([ 1.43604    ,  0.0676716  ,  1.73912e-25,  1.68823e-40,  0.0242313  ])
59097   , -1632.53    , array([ 1.43747    ,  0.0676716  ,  1.73912e-25,  1.68823e-40,  0.0242313  ])
59098   , -1632.53    , array([ 1.43604    ,  0.0677393  ,  1.73912e-25,  1.68823e-40,  0.0242313  ])
59099   , -1632.53    , array([ 1.43604    ,  0.0676716  ,  1.74086e-25,  1.68823e-40,  0.0242313  ])
59100   , -1632.53    , array([ 1.43604    ,  0.0676716  ,  1.73912e-25,  1.68992e-40,  0.0242313  ])
59101   , -1632.53    , array([ 1.43604    ,  0.0676716  ,  1.73912e-25,  1.68823e-40,  0.0242555  ])
59102   , -1632.53    , array([ 1.43604    ,  0.0676716  ,  1.73912e-25,  1.68823e-40,  0.0242313  ])
59103   , -1632.53    , array([ 1.43604    ,  0.0676716  ,  1.73912e-25,  1.68823e-40,  0.0242313  ])
59104   , -1632.53    , array([ 1.43747    ,  0.0676716  ,  1.73912e-25,  1.68823e-40,  0.0242313  ])
59105   , -1632.53    , array([ 1.43604    ,  0.0677393  ,  1.73912e-25,  1.68823e-40,  0.0242313  ])
59106   , -1632.53    , array([ 1.43604    ,  0.0676716  ,  1.74086e-25,  1.68823e-40,  0.0242313  ])
59107   , -1632.53    , array([ 1.43604    ,  0.0676716  ,  1.73912e-25,  1.68992e-40,  0.0242313  ])
59108   , -1632.53    , array([ 1.43604    ,  0.0676716  ,  1.73912e-25,  1.68823e-40,  0.0242555  ])
59109   , -1632.53    , array([ 1.43604    ,  0.0676716  ,  1.73912e-25,  1.68823e-40,  0.0242313  ])
59110   , -1632.53    , array([ 1.43604    ,  0.0676716  ,  1.73912e-25,  1.68823e-40,  0.0242313  ])
59111   , -1632.53    , array([ 1.43747    ,  0.0676716  ,  1.73912e-25,  1.68823e-40,  0.0242313  ])
59112   , -1632.53    , array([ 1.43604    ,  0.0677393  ,  1.73912e-25,  1.68823e-40,  0.0242313  ])
59113   , -1632.53    , array([ 1.43604    ,  0.0676716  ,  1.74086e-25,  1.68823e-40,  0.0242313  ])
59114   , -1632.53    , array([ 1.43604    ,  0.0676716  ,  1.73912e-25,  1.68992e-40,  0.0242313  ])
59115   , -1632.53    , array([ 1.43604    ,  0.0676716  ,  1.73912e-25,  1.68823e-40,  0.0242555  ])
59116   , -1632.53    , array([ 1.43604    ,  0.0676716  ,  1.73912e-25,  1.68823e-40,  0.0242313  ])
59117   , -1632.53    , array([ 1.43604    ,  0.0676716  ,  1.73912e-25,  1.68823e-40,  0.0242313  ])
59118   , -1632.53    , array([ 1.43747    ,  0.0676716  ,  1.73912e-25,  1.68823e-40,  0.0242313  ])
59119   , -1632.53    , array([ 1.43604    ,  0.0677393  ,  1.73912e-25,  1.68823e-40,  0.0242313  ])
59120   , -1632.53    , array([ 1.43604    ,  0.0676716  ,  1.74086e-25,  1.68823e-40,  0.0242313  ])
59121   , -1632.53    , array([ 1.43604    ,  0.0676716  ,  1.73912e-25,  1.68992e-40,  0.0242313  ])
59122   , -1632.53    , array([ 1.43604    ,  0.0676716  ,  1.73912e-25,  1.68823e-40,  0.0242555  ])
59123   , -1632.53    , array([ 1.43604    ,  0.0676716  ,  1.73912e-25,  1.68823e-40,  0.0242313  ])
59124   , -1632.53    , array([ 1.43604    ,  0.0676716  ,  1.73912e-25,  1.68823e-40,  0.0242313  ])
59125   , -1632.53    , array([ 1.43747    ,  0.0676716  ,  1.73912e-25,  1.68823e-40,  0.0242313  ])
59126   , -1632.53    , array([ 1.43604    ,  0.0677393  ,  1.73912e-25,  1.68823e-40,  0.0242313  ])
59127   , -1632.53    , array([ 1.43604    ,  0.0676716  ,  1.74086e-25,  1.68823e-40,  0.0242313  ])
59128   , -1632.53    , array([ 1.43604    ,  0.0676716  ,  1.73912e-25,  1.68992e-40,  0.0242313  ])
59129   , -1632.53    , array([ 1.43604    ,  0.0676716  ,  1.73912e-25,  1.68823e-40,  0.0242555  ])
59130   , -1632.53    , array([ 1.43604    ,  0.0676716  ,  1.73912e-25,  1.68823e-40,  0.0242313  ])
59131   , -1632.53    , array([ 1.43604    ,  0.0676716  ,  1.73912e-25,  1.68823e-40,  0.0242313  ])
59132   , -1632.53    , array([ 1.43747    ,  0.0676716  ,  1.73912e-25,  1.68823e-40,  0.0242313  ])
59133   , -1632.53    , array([ 1.43604    ,  0.0677393  ,  1.73912e-25,  1.68823e-40,  0.0242313  ])
59134   , -1632.53    , array([ 1.43604    ,  0.0676716  ,  1.74086e-25,  1.68823e-40,  0.0242313  ])
59135   , -1632.53    , array([ 1.43604    ,  0.0676716  ,  1.73912e-25,  1.68992e-40,  0.0242313  ])
59136   , -1632.53    , array([ 1.43604    ,  0.0676716  ,  1.73912e-25,  1.68823e-40,  0.0242555  ])
59137   , -1632.53    , array([ 1.43604    ,  0.0676716  ,  1.73912e-25,  1.68823e-40,  0.0242313  ])
59138   , -1632.53    , array([ 1.43604    ,  0.0676716  ,  1.73912e-25,  1.68823e-40,  0.0242313  ])
59139   , -1632.53    , array([ 1.43747    ,  0.0676716  ,  1.73912e-25,  1.68823e-40,  0.0242313  ])
59140   , -1632.53    , array([ 1.43604    ,  0.0677393  ,  1.73912e-25,  1.68823e-40,  0.0242313  ])
59141   , -1632.53    , array([ 1.43604    ,  0.0676716  ,  1.74086e-25,  1.68823e-40,  0.0242313  ])
59142   , -1632.53    , array([ 1.43604    ,  0.0676716  ,  1.73912e-25,  1.68992e-40,  0.0242313  ])
59143   , -1632.53    , array([ 1.43604    ,  0.0676716  ,  1.73912e-25,  1.68823e-40,  0.0242555  ])
59144   , -1632.53    , array([ 1.43604    ,  0.0676716  ,  1.73912e-25,  1.68823e-40,  0.0242313  ])
59145   , -1632.53    , array([ 1.43604    ,  0.0676716  ,  1.73912e-25,  1.68823e-40,  0.0242313  ])
59146   , -1632.53    , array([ 1.43747    ,  0.0676716  ,  1.73912e-25,  1.68823e-40,  0.0242313  ])
59147   , -1632.53    , array([ 1.43604    ,  0.0677393  ,  1.73912e-25,  1.68823e-40,  0.0242313  ])
59148   , -1632.53    , array([ 1.43604    ,  0.0676716  ,  1.74086e-25,  1.68823e-40,  0.0242313  ])
59149   , -1632.53    , array([ 1.43604    ,  0.0676716  ,  1.73912e-25,  1.68992e-40,  0.0242313  ])
59150   , -1632.53    , array([ 1.43604    ,  0.0676716  ,  1.73912e-25,  1.68823e-40,  0.0242555  ])
59151   , -1632.53    , array([ 1.43604    ,  0.0676716  ,  1.73912e-25,  1.68823e-40,  0.0242313  ])
59152   , -1632.53    , array([ 1.43604    ,  0.0676716  ,  1.73912e-25,  1.68823e-40,  0.0242313  ])
59153   , -1632.53    , array([ 1.43747    ,  0.0676716  ,  1.73912e-25,  1.68823e-40,  0.0242313  ])
59154   , -1632.53    , array([ 1.43604    ,  0.0677393  ,  1.73912e-25,  1.68823e-40,  0.0242313  ])
59155   , -1632.53    , array([ 1.43604    ,  0.0676716  ,  1.74086e-25,  1.68823e-40,  0.0242313  ])
59156   , -1632.53    , array([ 1.43604    ,  0.0676716  ,  1.73912e-25,  1.68992e-40,  0.0242313  ])
59157   , -1632.53    , array([ 1.43604    ,  0.0676716  ,  1.73912e-25,  1.68823e-40,  0.0242555  ])
59158   , -1632.53    , array([ 1.43604    ,  0.0676716  ,  1.73912e-25,  1.68823e-40,  0.0242313  ])
59159   , -1632.53    , array([ 1.43604    ,  0.0676716  ,  1.73912e-25,  1.68823e-40,  0.0242313  ])
59160   , -1632.53    , array([ 1.43747    ,  0.0676716  ,  1.73912e-25,  1.68823e-40,  0.0242313  ])
59161   , -1632.53    , array([ 1.43604    ,  0.0677393  ,  1.73912e-25,  1.68823e-40,  0.0242313  ])
59162   , -1632.53    , array([ 1.43604    ,  0.0676716  ,  1.74086e-25,  1.68823e-40,  0.0242313  ])
59163   , -1632.53    , array([ 1.43604    ,  0.0676716  ,  1.73912e-25,  1.68992e-40,  0.0242313  ])
59164   , -1632.53    , array([ 1.43604    ,  0.0676716  ,  1.73912e-25,  1.68823e-40,  0.0242555  ])
59165   , -1632.54    , array([ 1.43652    ,  0.0676494  ,  1.73912e-25,  1.68823e-40,  0.024226   ])
59166   , -1632.53    , array([ 1.43628    ,  0.0676605  ,  1.73912e-25,  1.68823e-40,  0.0242286  ])
59167   , -1632.53    , array([ 1.43616    ,  0.067666   ,  1.73912e-25,  1.68823e-40,  0.02423    ])
59168   , -1632.53    , array([ 1.4361     ,  0.0676688  ,  1.73912e-25,  1.68823e-40,  0.0242306  ])
59169   , -1632.53    , array([ 1.43607    ,  0.0676702  ,  1.73912e-25,  1.68823e-40,  0.0242309  ])
59170   , -1632.53    , array([ 1.43605    ,  0.0676709  ,  1.73912e-25,  1.68823e-40,  0.0242311  ])
59171   , -1632.53    , array([ 1.43605    ,  0.0676712  ,  1.73912e-25,  1.68823e-40,  0.0242312  ])
59172   , -1632.53    , array([ 1.43604    ,  0.0676714  ,  1.73912e-25,  1.68823e-40,  0.0242312  ])
59173   , -1632.53    , array([ 1.43604    ,  0.0676715  ,  1.73912e-25,  1.68823e-40,  0.0242312  ])
59174   , -1632.53    , array([ 1.43604    ,  0.0676716  ,  1.73912e-25,  1.68823e-40,  0.0242313  ])
59175   , -1632.53    , array([ 1.43604    ,  0.0676716  ,  1.73912e-25,  1.68823e-40,  0.0242313  ])
59176   , -1632.53    , array([ 1.43604    ,  0.0676716  ,  1.73912e-25,  1.68823e-40,  0.0242313  ])
