286973  , -78983.1    , array([ 0.00644777 ,  0.415873   ,  0.00039046 ,  4.90277e-79,  8.41287e-07])
286974  , -78983.2    , array([ 0.00645422 ,  0.415873   ,  0.00039046 ,  4.90277e-79,  8.41287e-07])
286975  , -78983.1    , array([ 0.00644777 ,  0.416289   ,  0.00039046 ,  4.90277e-79,  8.41287e-07])
286976  , -78983.1    , array([ 0.00644777 ,  0.415873   ,  0.000390851,  4.90277e-79,  8.41287e-07])
286977  , -78983.1    , array([ 0.00644777 ,  0.415873   ,  0.00039046 ,  4.90768e-79,  8.41287e-07])
286978  , -78983      , array([ 0.00644777 ,  0.415873   ,  0.00039046 ,  4.90277e-79,  8.42128e-07])
286979  , -78983.1    , array([ 0.00644777 ,  0.415873   ,  0.00039046 ,  4.90277e-79,  8.41287e-07])
286980  , -78653.4    , array([ 0.0031841  ,  0.40922    ,  0.00039046 ,  4.90277e-79,  1.73271e-06])
286981  , -78653.4    , array([ 0.0031841  ,  0.40922    ,  0.00039046 ,  4.90277e-79,  1.73271e-06])
286982  , -78653.9    , array([ 0.00318728 ,  0.40922    ,  0.00039046 ,  4.90277e-79,  1.73271e-06])
286983  , -78653.5    , array([ 0.0031841  ,  0.40963    ,  0.00039046 ,  4.90277e-79,  1.73271e-06])
286984  , -78653.4    , array([ 0.0031841  ,  0.40922    ,  0.000390851,  4.90277e-79,  1.73271e-06])
286985  , -78653.4    , array([ 0.0031841  ,  0.40922    ,  0.00039046 ,  4.90768e-79,  1.73271e-06])
286986  , -78653      , array([ 0.0031841  ,  0.40922    ,  0.00039046 ,  4.90277e-79,  1.73444e-06])
286994  , -78653.4    , array([ 0.00318406 ,  0.40922    ,  0.00039046 ,  4.90277e-79,  1.73273e-06])
286995  , -78653.4    , array([ 0.00318406 ,  0.40922    ,  0.00039046 ,  4.90277e-79,  1.73273e-06])
286996  , -78653.9    , array([ 0.00318725 ,  0.40922    ,  0.00039046 ,  4.90277e-79,  1.73273e-06])
286997  , -78653.4    , array([ 0.00318406 ,  0.40963    ,  0.00039046 ,  4.90277e-79,  1.73273e-06])
286998  , -78653.4    , array([ 0.00318406 ,  0.40922    ,  0.000390851,  4.90277e-79,  1.73273e-06])
286999  , -78653.4    , array([ 0.00318406 ,  0.40922    ,  0.00039046 ,  4.90768e-79,  1.73273e-06])
287000  , -78653      , array([ 0.00318406 ,  0.40922    ,  0.00039046 ,  4.90277e-79,  1.73446e-06])
287001  , -78653.4    , array([ 0.00318402 ,  0.40922    ,  0.00039046 ,  4.90277e-79,  1.73275e-06])
287002  , -78653.4    , array([ 0.00318402 ,  0.40922    ,  0.00039046 ,  4.90277e-79,  1.73275e-06])
287003  , -78653.9    , array([ 0.00318721 ,  0.40922    ,  0.00039046 ,  4.90277e-79,  1.73275e-06])
287004  , -78653.4    , array([ 0.00318402 ,  0.40963    ,  0.00039046 ,  4.90277e-79,  1.73275e-06])
287005  , -78653.4    , array([ 0.00318402 ,  0.40922    ,  0.000390851,  4.90277e-79,  1.73275e-06])
287006  , -78653.4    , array([ 0.00318402 ,  0.40922    ,  0.00039046 ,  4.90768e-79,  1.73275e-06])
287007  , -78653      , array([ 0.00318402 ,  0.40922    ,  0.00039046 ,  4.90277e-79,  1.73448e-06])
287015  , -78653.4    , array([ 0.00318402 ,  0.40922    ,  0.00039046 ,  4.90277e-79,  1.73275e-06])
287016  , -78653.4    , array([ 0.00318402 ,  0.40922    ,  0.00039046 ,  4.90277e-79,  1.73275e-06])
287017  , -78653.9    , array([ 0.0031872  ,  0.40922    ,  0.00039046 ,  4.90277e-79,  1.73275e-06])
287018  , -78653.4    , array([ 0.00318402 ,  0.40963    ,  0.00039046 ,  4.90277e-79,  1.73275e-06])
287019  , -78653.4    , array([ 0.00318402 ,  0.40922    ,  0.000390851,  4.90277e-79,  1.73275e-06])
287020  , -78653.4    , array([ 0.00318402 ,  0.40922    ,  0.00039046 ,  4.90768e-79,  1.73275e-06])
287021  , -78653      , array([ 0.00318402 ,  0.40922    ,  0.00039046 ,  4.90277e-79,  1.73449e-06])
287022  , -78653.4    , array([ 0.00318401 ,  0.40922    ,  0.00039046 ,  4.90277e-79,  1.73276e-06])
287023  , -78653.4    , array([ 0.00318401 ,  0.40922    ,  0.00039046 ,  4.90277e-79,  1.73276e-06])
287024  , -78653.8    , array([ 0.00318719 ,  0.40922    ,  0.00039046 ,  4.90277e-79,  1.73276e-06])
287025  , -78653.4    , array([ 0.00318401 ,  0.409629   ,  0.00039046 ,  4.90277e-79,  1.73276e-06])
287026  , -78653.4    , array([ 0.00318401 ,  0.40922    ,  0.000390851,  4.90277e-79,  1.73276e-06])
287027  , -78653.4    , array([ 0.00318401 ,  0.40922    ,  0.00039046 ,  4.90768e-79,  1.73276e-06])
287028  , -78653      , array([ 0.00318401 ,  0.40922    ,  0.00039046 ,  4.90277e-79,  1.73449e-06])
287029  , -77327.3    , array([ 0.00157237 ,  0.402674   ,  0.00039046 ,  4.90277e-79,  3.56875e-06])
287030  , -77327.3    , array([ 0.00157237 ,  0.402674   ,  0.00039046 ,  4.90277e-79,  3.56875e-06])
287031  , -77329      , array([ 0.00157394 ,  0.402674   ,  0.00039046 ,  4.90277e-79,  3.56875e-06])
287032  , -77327.3    , array([ 0.00157237 ,  0.403077   ,  0.00039046 ,  4.90277e-79,  3.56875e-06])
287033  , -77327.3    , array([ 0.00157237 ,  0.402674   ,  0.000390851,  4.90277e-79,  3.56875e-06])
287034  , -77327.3    , array([ 0.00157237 ,  0.402674   ,  0.00039046 ,  4.90768e-79,  3.56875e-06])
287035  , -77325.6    , array([ 0.00157237 ,  0.402674   ,  0.00039046 ,  4.90277e-79,  3.57232e-06])
287036  , -77327.3    , array([ 0.00157237 ,  0.402674   ,  0.00039046 ,  4.90277e-79,  3.56876e-06])
287037  , -77327.3    , array([ 0.00157237 ,  0.402674   ,  0.00039046 ,  4.90277e-79,  3.56876e-06])
287038  , -77329      , array([ 0.00157394 ,  0.402674   ,  0.00039046 ,  4.90277e-79,  3.56876e-06])
287039  , -77327.3    , array([ 0.00157237 ,  0.403077   ,  0.00039046 ,  4.90277e-79,  3.56876e-06])
287040  , -77327.3    , array([ 0.00157237 ,  0.402674   ,  0.000390851,  4.90277e-79,  3.56876e-06])
287041  , -77327.3    , array([ 0.00157237 ,  0.402674   ,  0.00039046 ,  4.90768e-79,  3.56876e-06])
287042  , -77325.6    , array([ 0.00157237 ,  0.402674   ,  0.00039046 ,  4.90277e-79,  3.57233e-06])
287043  , -77327.3    , array([ 0.00157236 ,  0.402674   ,  0.00039046 ,  4.90277e-79,  3.56877e-06])
287044  , -77327.3    , array([ 0.00157236 ,  0.402674   ,  0.00039046 ,  4.90277e-79,  3.56877e-06])
287045  , -77329      , array([ 0.00157393 ,  0.402674   ,  0.00039046 ,  4.90277e-79,  3.56877e-06])
287046  , -77327.3    , array([ 0.00157236 ,  0.403077   ,  0.00039046 ,  4.90277e-79,  3.56877e-06])
287047  , -77327.3    , array([ 0.00157236 ,  0.402674   ,  0.000390851,  4.90277e-79,  3.56877e-06])
287048  , -77327.3    , array([ 0.00157236 ,  0.402674   ,  0.00039046 ,  4.90768e-79,  3.56877e-06])
287049  , -77325.6    , array([ 0.00157236 ,  0.402674   ,  0.00039046 ,  4.90277e-79,  3.57234e-06])
287050  , -75619.5    , array([ 0.00110495 ,  0.39944    ,  0.00039046 ,  4.90277e-79,  5.1216e-06 ])
287051  , -75619.5    , array([ 0.00110495 ,  0.39944    ,  0.00039046 ,  4.90277e-79,  5.1216e-06 ])
287052  , -75622.7    , array([ 0.00110606 ,  0.39944    ,  0.00039046 ,  4.90277e-79,  5.1216e-06 ])
287053  , -75619.5    , array([ 0.00110495 ,  0.39984    ,  0.00039046 ,  4.90277e-79,  5.1216e-06 ])
287054  , -75619.5    , array([ 0.00110495 ,  0.39944    ,  0.000390851,  4.90277e-79,  5.1216e-06 ])
287055  , -75619.5    , array([ 0.00110495 ,  0.39944    ,  0.00039046 ,  4.90768e-79,  5.1216e-06 ])
287056  , -75616.3    , array([ 0.00110495 ,  0.39944    ,  0.00039046 ,  4.90277e-79,  5.12673e-06])
287057  , -75619.5    , array([ 0.00110495 ,  0.39944    ,  0.00039046 ,  4.90277e-79,  5.12161e-06])
287058  , -75619.5    , array([ 0.00110495 ,  0.39944    ,  0.00039046 ,  4.90277e-79,  5.12161e-06])
287059  , -75622.7    , array([ 0.00110606 ,  0.39944    ,  0.00039046 ,  4.90277e-79,  5.12161e-06])
287060  , -75619.5    , array([ 0.00110495 ,  0.39984    ,  0.00039046 ,  4.90277e-79,  5.12161e-06])
287061  , -75619.5    , array([ 0.00110495 ,  0.39944    ,  0.000390851,  4.90277e-79,  5.12161e-06])
287062  , -75619.5    , array([ 0.00110495 ,  0.39944    ,  0.00039046 ,  4.90768e-79,  5.12161e-06])
287063  , -75616.3    , array([ 0.00110495 ,  0.39944    ,  0.00039046 ,  4.90277e-79,  5.12674e-06])
287064  , -75619.5    , array([ 0.00110495 ,  0.39944    ,  0.00039046 ,  4.90277e-79,  5.12162e-06])
287065  , -75619.5    , array([ 0.00110495 ,  0.39944    ,  0.00039046 ,  4.90277e-79,  5.12162e-06])
287066  , -75622.7    , array([ 0.00110606 ,  0.39944    ,  0.00039046 ,  4.90277e-79,  5.12162e-06])
287067  , -75619.5    , array([ 0.00110495 ,  0.39984    ,  0.00039046 ,  4.90277e-79,  5.12162e-06])
287068  , -75619.5    , array([ 0.00110495 ,  0.39944    ,  0.000390851,  4.90277e-79,  5.12162e-06])
287069  , -75619.5    , array([ 0.00110495 ,  0.39944    ,  0.00039046 ,  4.90768e-79,  5.12162e-06])
287070  , -75616.3    , array([ 0.00110495 ,  0.39944    ,  0.00039046 ,  4.90277e-79,  5.12674e-06])
287078  , -75619.5    , array([ 0.00110495 ,  0.39944    ,  0.00039046 ,  4.90277e-79,  5.12162e-06])
287079  , -75619.5    , array([ 0.00110495 ,  0.39944    ,  0.00039046 ,  4.90277e-79,  5.12162e-06])
287080  , -75622.7    , array([ 0.00110606 ,  0.39944    ,  0.00039046 ,  4.90277e-79,  5.12162e-06])
287081  , -75619.5    , array([ 0.00110495 ,  0.39984    ,  0.00039046 ,  4.90277e-79,  5.12162e-06])
287082  , -75619.5    , array([ 0.00110495 ,  0.39944    ,  0.000390851,  4.90277e-79,  5.12162e-06])
287083  , -75619.5    , array([ 0.00110495 ,  0.39944    ,  0.00039046 ,  4.90768e-79,  5.12162e-06])
287084  , -75616.3    , array([ 0.00110495 ,  0.39944    ,  0.00039046 ,  4.90277e-79,  5.12674e-06])
287085  , -75619.5    , array([ 0.00110495 ,  0.39944    ,  0.00039046 ,  4.90277e-79,  5.12162e-06])
287086  , -75619.5    , array([ 0.00110495 ,  0.39944    ,  0.00039046 ,  4.90277e-79,  5.12162e-06])
287087  , -75622.7    , array([ 0.00110606 ,  0.39944    ,  0.00039046 ,  4.90277e-79,  5.12162e-06])
287088  , -75619.5    , array([ 0.00110495 ,  0.39984    ,  0.00039046 ,  4.90277e-79,  5.12162e-06])
287089  , -75619.5    , array([ 0.00110495 ,  0.39944    ,  0.000390851,  4.90277e-79,  5.12162e-06])
287090  , -75619.5    , array([ 0.00110495 ,  0.39944    ,  0.00039046 ,  4.90768e-79,  5.12162e-06])
287091  , -75616.2    , array([ 0.00110495 ,  0.39944    ,  0.00039046 ,  4.90277e-79,  5.12675e-06])
287092  , -74996.8    , array([ 0.00101167 ,  0.398636   ,  0.00039046 ,  4.90277e-79,  5.60569e-06])
287093  , -74996.8    , array([ 0.00101167 ,  0.398636   ,  0.00039046 ,  4.90277e-79,  5.60569e-06])
287094  , -75000.6    , array([ 0.00101269 ,  0.398636   ,  0.00039046 ,  4.90277e-79,  5.60569e-06])
287095  , -74996.9    , array([ 0.00101167 ,  0.399035   ,  0.00039046 ,  4.90277e-79,  5.60569e-06])
287096  , -74996.8    , array([ 0.00101167 ,  0.398636   ,  0.000390851,  4.90277e-79,  5.60569e-06])
287097  , -74996.8    , array([ 0.00101167 ,  0.398636   ,  0.00039046 ,  4.90768e-79,  5.60569e-06])
287098  , -74993.1    , array([ 0.00101167 ,  0.398636   ,  0.00039046 ,  4.90277e-79,  5.6113e-06 ])
287099  , -74996.8    , array([ 0.00101167 ,  0.398636   ,  0.00039046 ,  4.90277e-79,  5.60569e-06])
287100  , -74996.8    , array([ 0.00101167 ,  0.398636   ,  0.00039046 ,  4.90277e-79,  5.60569e-06])
287101  , -75000.6    , array([ 0.00101269 ,  0.398636   ,  0.00039046 ,  4.90277e-79,  5.60569e-06])
287102  , -74996.9    , array([ 0.00101167 ,  0.399035   ,  0.00039046 ,  4.90277e-79,  5.60569e-06])
287103  , -74996.8    , array([ 0.00101167 ,  0.398636   ,  0.000390851,  4.90277e-79,  5.60569e-06])
287104  , -74996.8    , array([ 0.00101167 ,  0.398636   ,  0.00039046 ,  4.90768e-79,  5.60569e-06])
287105  , -74993.1    , array([ 0.00101167 ,  0.398636   ,  0.00039046 ,  4.90277e-79,  5.6113e-06 ])
287106  , -74996.8    , array([ 0.00101167 ,  0.398636   ,  0.00039046 ,  4.90277e-79,  5.60569e-06])
287107  , -74996.8    , array([ 0.00101167 ,  0.398636   ,  0.00039046 ,  4.90277e-79,  5.60569e-06])
287108  , -75000.6    , array([ 0.00101269 ,  0.398636   ,  0.00039046 ,  4.90277e-79,  5.60569e-06])
287109  , -74996.9    , array([ 0.00101167 ,  0.399035   ,  0.00039046 ,  4.90277e-79,  5.60569e-06])
287110  , -74996.8    , array([ 0.00101167 ,  0.398636   ,  0.000390851,  4.90277e-79,  5.60569e-06])
287111  , -74996.8    , array([ 0.00101167 ,  0.398636   ,  0.00039046 ,  4.90768e-79,  5.60569e-06])
287112  , -74993.1    , array([ 0.00101167 ,  0.398636   ,  0.00039046 ,  4.90277e-79,  5.6113e-06 ])
287120  , -74996.8    , array([ 0.00101167 ,  0.398636   ,  0.00039046 ,  4.90277e-79,  5.60569e-06])
287121  , -74996.8    , array([ 0.00101167 ,  0.398636   ,  0.00039046 ,  4.90277e-79,  5.60569e-06])
287122  , -75000.6    , array([ 0.00101269 ,  0.398636   ,  0.00039046 ,  4.90277e-79,  5.60569e-06])
287123  , -74996.9    , array([ 0.00101167 ,  0.399035   ,  0.00039046 ,  4.90277e-79,  5.60569e-06])
287124  , -74996.8    , array([ 0.00101167 ,  0.398636   ,  0.000390851,  4.90277e-79,  5.60569e-06])
287125  , -74996.8    , array([ 0.00101167 ,  0.398636   ,  0.00039046 ,  4.90768e-79,  5.60569e-06])
287126  , -74993.1    , array([ 0.00101167 ,  0.398636   ,  0.00039046 ,  4.90277e-79,  5.6113e-06 ])
287127  , -74996.8    , array([ 0.00101167 ,  0.398636   ,  0.00039046 ,  4.90277e-79,  5.60569e-06])
287128  , -74996.8    , array([ 0.00101167 ,  0.398636   ,  0.00039046 ,  4.90277e-79,  5.60569e-06])
287129  , -75000.6    , array([ 0.00101269 ,  0.398636   ,  0.00039046 ,  4.90277e-79,  5.60569e-06])
287130  , -74996.9    , array([ 0.00101167 ,  0.399035   ,  0.00039046 ,  4.90277e-79,  5.60569e-06])
287131  , -74996.8    , array([ 0.00101167 ,  0.398636   ,  0.000390851,  4.90277e-79,  5.60569e-06])
287132  , -74996.8    , array([ 0.00101167 ,  0.398636   ,  0.00039046 ,  4.90768e-79,  5.60569e-06])
287133  , -74993.1    , array([ 0.00101167 ,  0.398636   ,  0.00039046 ,  4.90277e-79,  5.6113e-06 ])
287141  , -74996.8    , array([ 0.00101167 ,  0.398636   ,  0.00039046 ,  4.90277e-79,  5.60569e-06])
287142  , -74996.8    , array([ 0.00101167 ,  0.398636   ,  0.00039046 ,  4.90277e-79,  5.60569e-06])
287143  , -75000.6    , array([ 0.00101269 ,  0.398636   ,  0.00039046 ,  4.90277e-79,  5.60569e-06])
287144  , -74996.9    , array([ 0.00101167 ,  0.399035   ,  0.00039046 ,  4.90277e-79,  5.60569e-06])
287145  , -74996.8    , array([ 0.00101167 ,  0.398636   ,  0.000390851,  4.90277e-79,  5.60569e-06])
287146  , -74996.8    , array([ 0.00101167 ,  0.398636   ,  0.00039046 ,  4.90768e-79,  5.60569e-06])
287147  , -74993.1    , array([ 0.00101167 ,  0.398636   ,  0.00039046 ,  4.90277e-79,  5.6113e-06 ])
287148  , -74996.8    , array([ 0.00101167 ,  0.398636   ,  0.00039046 ,  4.90277e-79,  5.60569e-06])
287149  , -74996.8    , array([ 0.00101167 ,  0.398636   ,  0.00039046 ,  4.90277e-79,  5.60569e-06])
287150  , -75000.6    , array([ 0.00101269 ,  0.398636   ,  0.00039046 ,  4.90277e-79,  5.60569e-06])
287151  , -74996.9    , array([ 0.00101167 ,  0.399035   ,  0.00039046 ,  4.90277e-79,  5.60569e-06])
287152  , -74996.8    , array([ 0.00101167 ,  0.398636   ,  0.000390851,  4.90277e-79,  5.60569e-06])
287153  , -74996.8    , array([ 0.00101167 ,  0.398636   ,  0.00039046 ,  4.90768e-79,  5.60569e-06])
287154  , -74993.1    , array([ 0.00101167 ,  0.398636   ,  0.00039046 ,  4.90277e-79,  5.6113e-06 ])
287155  , -74912.2    , array([ 0.00100058 ,  0.398535   ,  0.00039046 ,  4.90277e-79,  5.66933e-06])
287156  , -74912.2    , array([ 0.00100058 ,  0.398535   ,  0.00039046 ,  4.90277e-79,  5.66933e-06])
287157  , -74916      , array([ 0.00100158 ,  0.398535   ,  0.00039046 ,  4.90277e-79,  5.66933e-06])
287158  , -74912.2    , array([ 0.00100058 ,  0.398934   ,  0.00039046 ,  4.90277e-79,  5.66933e-06])
287159  , -74912.2    , array([ 0.00100058 ,  0.398535   ,  0.000390851,  4.90277e-79,  5.66933e-06])
287160  , -74912.2    , array([ 0.00100058 ,  0.398535   ,  0.00039046 ,  4.90768e-79,  5.66933e-06])
287161  , -74908.4    , array([ 0.00100058 ,  0.398535   ,  0.00039046 ,  4.90277e-79,  5.675e-06  ])
287162  , -74912.2    , array([ 0.00100058 ,  0.398535   ,  0.00039046 ,  4.90277e-79,  5.66933e-06])
287163  , -74912.2    , array([ 0.00100058 ,  0.398535   ,  0.00039046 ,  4.90277e-79,  5.66933e-06])
287164  , -74916      , array([ 0.00100158 ,  0.398535   ,  0.00039046 ,  4.90277e-79,  5.66933e-06])
287165  , -74912.2    , array([ 0.00100058 ,  0.398934   ,  0.00039046 ,  4.90277e-79,  5.66933e-06])
287166  , -74912.2    , array([ 0.00100058 ,  0.398535   ,  0.000390851,  4.90277e-79,  5.66933e-06])
287167  , -74912.2    , array([ 0.00100058 ,  0.398535   ,  0.00039046 ,  4.90768e-79,  5.66933e-06])
287168  , -74908.4    , array([ 0.00100058 ,  0.398535   ,  0.00039046 ,  4.90277e-79,  5.675e-06  ])
287169  , -74912.2    , array([ 0.00100058 ,  0.398535   ,  0.00039046 ,  4.90277e-79,  5.66933e-06])
287170  , -74912.2    , array([ 0.00100058 ,  0.398535   ,  0.00039046 ,  4.90277e-79,  5.66933e-06])
287171  , -74916      , array([ 0.00100158 ,  0.398535   ,  0.00039046 ,  4.90277e-79,  5.66933e-06])
287172  , -74912.2    , array([ 0.00100058 ,  0.398934   ,  0.00039046 ,  4.90277e-79,  5.66933e-06])
287173  , -74912.2    , array([ 0.00100058 ,  0.398535   ,  0.000390851,  4.90277e-79,  5.66933e-06])
287174  , -74912.2    , array([ 0.00100058 ,  0.398535   ,  0.00039046 ,  4.90768e-79,  5.66933e-06])
287175  , -74908.4    , array([ 0.00100058 ,  0.398535   ,  0.00039046 ,  4.90277e-79,  5.675e-06  ])
287183  , -74912.2    , array([ 0.00100058 ,  0.398535   ,  0.00039046 ,  4.90277e-79,  5.66933e-06])
287184  , -74912.2    , array([ 0.00100058 ,  0.398535   ,  0.00039046 ,  4.90277e-79,  5.66933e-06])
287185  , -74916      , array([ 0.00100158 ,  0.398535   ,  0.00039046 ,  4.90277e-79,  5.66933e-06])
287186  , -74912.2    , array([ 0.00100058 ,  0.398934   ,  0.00039046 ,  4.90277e-79,  5.66933e-06])
287187  , -74912.2    , array([ 0.00100058 ,  0.398535   ,  0.000390851,  4.90277e-79,  5.66933e-06])
287188  , -74912.2    , array([ 0.00100058 ,  0.398535   ,  0.00039046 ,  4.90768e-79,  5.66933e-06])
287189  , -74908.4    , array([ 0.00100058 ,  0.398535   ,  0.00039046 ,  4.90277e-79,  5.675e-06  ])
287190  , -74912.2    , array([ 0.00100058 ,  0.398535   ,  0.00039046 ,  4.90277e-79,  5.66933e-06])
287191  , -74912.2    , array([ 0.00100058 ,  0.398535   ,  0.00039046 ,  4.90277e-79,  5.66933e-06])
287192  , -74916      , array([ 0.00100158 ,  0.398535   ,  0.00039046 ,  4.90277e-79,  5.66933e-06])
287193  , -74912.2    , array([ 0.00100058 ,  0.398934   ,  0.00039046 ,  4.90277e-79,  5.66933e-06])
287194  , -74912.2    , array([ 0.00100058 ,  0.398535   ,  0.000390851,  4.90277e-79,  5.66933e-06])
287195  , -74912.2    , array([ 0.00100058 ,  0.398535   ,  0.00039046 ,  4.90768e-79,  5.66933e-06])
287196  , -74908.4    , array([ 0.00100058 ,  0.398535   ,  0.00039046 ,  4.90277e-79,  5.675e-06  ])
287204  , -74912.2    , array([ 0.00100058 ,  0.398535   ,  0.00039046 ,  4.90277e-79,  5.66933e-06])
287205  , -74912.2    , array([ 0.00100058 ,  0.398535   ,  0.00039046 ,  4.90277e-79,  5.66933e-06])
287206  , -74916      , array([ 0.00100158 ,  0.398535   ,  0.00039046 ,  4.90277e-79,  5.66933e-06])
287207  , -74912.2    , array([ 0.00100058 ,  0.398934   ,  0.00039046 ,  4.90277e-79,  5.66933e-06])
287208  , -74912.2    , array([ 0.00100058 ,  0.398535   ,  0.000390851,  4.90277e-79,  5.66933e-06])
287209  , -74912.2    , array([ 0.00100058 ,  0.398535   ,  0.00039046 ,  4.90768e-79,  5.66933e-06])
287210  , -74908.4    , array([ 0.00100058 ,  0.398535   ,  0.00039046 ,  4.90277e-79,  5.675e-06  ])
287211  , -74912.2    , array([ 0.00100058 ,  0.398535   ,  0.00039046 ,  4.90277e-79,  5.66933e-06])
287212  , -74912.2    , array([ 0.00100058 ,  0.398535   ,  0.00039046 ,  4.90277e-79,  5.66933e-06])
287213  , -74916      , array([ 0.00100158 ,  0.398535   ,  0.00039046 ,  4.90277e-79,  5.66933e-06])
287214  , -74912.2    , array([ 0.00100058 ,  0.398934   ,  0.00039046 ,  4.90277e-79,  5.66933e-06])
287215  , -74912.2    , array([ 0.00100058 ,  0.398535   ,  0.000390851,  4.90277e-79,  5.66933e-06])
287216  , -74912.2    , array([ 0.00100058 ,  0.398535   ,  0.00039046 ,  4.90768e-79,  5.66933e-06])
287217  , -74908.4    , array([ 0.00100058 ,  0.398535   ,  0.00039046 ,  4.90277e-79,  5.675e-06  ])
287220  , -74905.4    , array([ 0.00100021 ,  0.398523   ,  0.00039046 ,  4.90277e-79,  5.67734e-06])
287225  , -74912.2    , array([ 0.00100058 ,  0.398535   ,  0.00039046 ,  4.90277e-79,  5.66933e-06])
287226  , -74912.2    , array([ 0.00100058 ,  0.398535   ,  0.00039046 ,  4.90277e-79,  5.66933e-06])
287227  , -74916      , array([ 0.00100158 ,  0.398535   ,  0.00039046 ,  4.90277e-79,  5.66933e-06])
287228  , -74912.2    , array([ 0.00100058 ,  0.398934   ,  0.00039046 ,  4.90277e-79,  5.66933e-06])
287229  , -74912.2    , array([ 0.00100058 ,  0.398535   ,  0.000390851,  4.90277e-79,  5.66933e-06])
287230  , -74912.2    , array([ 0.00100058 ,  0.398535   ,  0.00039046 ,  4.90768e-79,  5.66933e-06])
287231  , -74908.4    , array([ 0.00100058 ,  0.398535   ,  0.00039046 ,  4.90277e-79,  5.675e-06  ])
287232  , -74912.2    , array([ 0.00100058 ,  0.398535   ,  0.00039046 ,  4.90277e-79,  5.66933e-06])
287233  , -74912.2    , array([ 0.00100058 ,  0.398535   ,  0.00039046 ,  4.90277e-79,  5.66933e-06])
287234  , -74916      , array([ 0.00100158 ,  0.398535   ,  0.00039046 ,  4.90277e-79,  5.66933e-06])
287235  , -74912.2    , array([ 0.00100058 ,  0.398934   ,  0.00039046 ,  4.90277e-79,  5.66933e-06])
287236  , -74912.2    , array([ 0.00100058 ,  0.398535   ,  0.000390851,  4.90277e-79,  5.66933e-06])
287237  , -74912.2    , array([ 0.00100058 ,  0.398535   ,  0.00039046 ,  4.90768e-79,  5.66933e-06])
287238  , -74908.4    , array([ 0.00100058 ,  0.398535   ,  0.00039046 ,  4.90277e-79,  5.675e-06  ])
287241  , -74910.7    , array([ 0.00100089 ,  0.398529   ,  0.00039046 ,  4.90277e-79,  5.67333e-06])
287246  , -74912.2    , array([ 0.00100058 ,  0.398535   ,  0.00039046 ,  4.90277e-79,  5.66933e-06])
287247  , -74912.2    , array([ 0.00100058 ,  0.398535   ,  0.00039046 ,  4.90277e-79,  5.66933e-06])
287248  , -74916      , array([ 0.00100158 ,  0.398535   ,  0.00039046 ,  4.90277e-79,  5.66933e-06])
287249  , -74912.2    , array([ 0.00100058 ,  0.398934   ,  0.00039046 ,  4.90277e-79,  5.66933e-06])
287250  , -74912.2    , array([ 0.00100058 ,  0.398535   ,  0.000390851,  4.90277e-79,  5.66933e-06])
287251  , -74912.2    , array([ 0.00100058 ,  0.398535   ,  0.00039046 ,  4.90768e-79,  5.66933e-06])
287252  , -74908.4    , array([ 0.00100058 ,  0.398535   ,  0.00039046 ,  4.90277e-79,  5.675e-06  ])
287253  , -74912.2    , array([ 0.00100058 ,  0.398535   ,  0.00039046 ,  4.90277e-79,  5.66933e-06])
287254  , -74912.2    , array([ 0.00100058 ,  0.398535   ,  0.00039046 ,  4.90277e-79,  5.66933e-06])
287255  , -74916      , array([ 0.00100158 ,  0.398535   ,  0.00039046 ,  4.90277e-79,  5.66933e-06])
287256  , -74912.2    , array([ 0.00100058 ,  0.398934   ,  0.00039046 ,  4.90277e-79,  5.66933e-06])
287257  , -74912.2    , array([ 0.00100058 ,  0.398535   ,  0.000390851,  4.90277e-79,  5.66933e-06])
287258  , -74912.2    , array([ 0.00100058 ,  0.398535   ,  0.00039046 ,  4.90768e-79,  5.66933e-06])
287259  , -74908.4    , array([ 0.00100058 ,  0.398535   ,  0.00039046 ,  4.90277e-79,  5.675e-06  ])
287260  , -74909.5    , array([ 0.00100024 ,  0.398532   ,  0.00039046 ,  4.90277e-79,  5.67133e-06])
287261  , -74909.5    , array([ 0.00100024 ,  0.398532   ,  0.00039046 ,  4.90277e-79,  5.67133e-06])
287262  , -74913.4    , array([ 0.00100124 ,  0.398532   ,  0.00039046 ,  4.90277e-79,  5.67133e-06])
287263  , -74909.6    , array([ 0.00100024 ,  0.398931   ,  0.00039046 ,  4.90277e-79,  5.67133e-06])
287264  , -74909.5    , array([ 0.00100024 ,  0.398532   ,  0.000390851,  4.90277e-79,  5.67133e-06])
287265  , -74909.5    , array([ 0.00100024 ,  0.398532   ,  0.00039046 ,  4.90768e-79,  5.67133e-06])
287266  , -74905.7    , array([ 0.00100024 ,  0.398532   ,  0.00039046 ,  4.90277e-79,  5.677e-06  ])
287267  , -74909.5    , array([ 0.00100024 ,  0.398532   ,  0.00039046 ,  4.90277e-79,  5.67133e-06])
287268  , -74909.5    , array([ 0.00100024 ,  0.398532   ,  0.00039046 ,  4.90277e-79,  5.67133e-06])
287269  , -74913.4    , array([ 0.00100124 ,  0.398532   ,  0.00039046 ,  4.90277e-79,  5.67133e-06])
287270  , -74909.6    , array([ 0.00100024 ,  0.398931   ,  0.00039046 ,  4.90277e-79,  5.67133e-06])
287271  , -74909.5    , array([ 0.00100024 ,  0.398532   ,  0.000390851,  4.90277e-79,  5.67133e-06])
287272  , -74909.5    , array([ 0.00100024 ,  0.398532   ,  0.00039046 ,  4.90768e-79,  5.67133e-06])
287273  , -74905.7    , array([ 0.00100024 ,  0.398532   ,  0.00039046 ,  4.90277e-79,  5.677e-06  ])
287274  , -74909.5    , array([ 0.00100024 ,  0.398532   ,  0.00039046 ,  4.90277e-79,  5.67133e-06])
287275  , -74909.5    , array([ 0.00100024 ,  0.398532   ,  0.00039046 ,  4.90277e-79,  5.67133e-06])
287276  , -74913.4    , array([ 0.00100124 ,  0.398532   ,  0.00039046 ,  4.90277e-79,  5.67133e-06])
287277  , -74909.6    , array([ 0.00100024 ,  0.398931   ,  0.00039046 ,  4.90277e-79,  5.67133e-06])
287278  , -74909.5    , array([ 0.00100024 ,  0.398532   ,  0.000390851,  4.90277e-79,  5.67133e-06])
287279  , -74909.5    , array([ 0.00100024 ,  0.398532   ,  0.00039046 ,  4.90768e-79,  5.67133e-06])
287280  , -74905.7    , array([ 0.00100024 ,  0.398532   ,  0.00039046 ,  4.90277e-79,  5.677e-06  ])
287281  , -74908.2    , array([ 0.00100007 ,  0.398531   ,  0.00039046 ,  4.90277e-79,  5.67233e-06])
287282  , -74908.2    , array([ 0.00100007 ,  0.398531   ,  0.00039046 ,  4.90277e-79,  5.67233e-06])
287283  , -74912      , array([ 0.00100107 ,  0.398531   ,  0.00039046 ,  4.90277e-79,  5.67233e-06])
287284  , -74908.2    , array([ 0.00100007 ,  0.398929   ,  0.00039046 ,  4.90277e-79,  5.67233e-06])
287285  , -74908.2    , array([ 0.00100007 ,  0.398531   ,  0.000390851,  4.90277e-79,  5.67233e-06])
287286  , -74908.2    , array([ 0.00100007 ,  0.398531   ,  0.00039046 ,  4.90768e-79,  5.67233e-06])
287287  , -74904.4    , array([ 0.00100007 ,  0.398531   ,  0.00039046 ,  4.90277e-79,  5.67801e-06])
287288  , -74908.2    , array([ 0.00100007 ,  0.398531   ,  0.00039046 ,  4.90277e-79,  5.67233e-06])
287289  , -74908.2    , array([ 0.00100007 ,  0.398531   ,  0.00039046 ,  4.90277e-79,  5.67233e-06])
287290  , -74912      , array([ 0.00100107 ,  0.398531   ,  0.00039046 ,  4.90277e-79,  5.67233e-06])
287291  , -74908.2    , array([ 0.00100007 ,  0.398929   ,  0.00039046 ,  4.90277e-79,  5.67233e-06])
287292  , -74908.2    , array([ 0.00100007 ,  0.398531   ,  0.000390851,  4.90277e-79,  5.67233e-06])
287293  , -74908.2    , array([ 0.00100007 ,  0.398531   ,  0.00039046 ,  4.90768e-79,  5.67233e-06])
287294  , -74904.4    , array([ 0.00100007 ,  0.398531   ,  0.00039046 ,  4.90277e-79,  5.67801e-06])
287295  , -74908.2    , array([ 0.00100007 ,  0.398531   ,  0.00039046 ,  4.90277e-79,  5.67233e-06])
287296  , -74908.2    , array([ 0.00100007 ,  0.398531   ,  0.00039046 ,  4.90277e-79,  5.67233e-06])
287297  , -74912      , array([ 0.00100107 ,  0.398531   ,  0.00039046 ,  4.90277e-79,  5.67233e-06])
287298  , -74908.2    , array([ 0.00100007 ,  0.398929   ,  0.00039046 ,  4.90277e-79,  5.67233e-06])
287299  , -74908.2    , array([ 0.00100007 ,  0.398531   ,  0.000390851,  4.90277e-79,  5.67233e-06])
287300  , -74908.2    , array([ 0.00100007 ,  0.398531   ,  0.00039046 ,  4.90768e-79,  5.67233e-06])
287301  , -74904.4    , array([ 0.00100007 ,  0.398531   ,  0.00039046 ,  4.90277e-79,  5.67801e-06])
287304  , -74911.4    , array([ 0.00100098 ,  0.39853    ,  0.00039046 ,  4.90277e-79,  5.67283e-06])
287309  , -74908.2    , array([ 0.00100007 ,  0.398531   ,  0.00039046 ,  4.90277e-79,  5.67233e-06])
287310  , -74908.2    , array([ 0.00100007 ,  0.398531   ,  0.00039046 ,  4.90277e-79,  5.67233e-06])
287311  , -74912      , array([ 0.00100107 ,  0.398531   ,  0.00039046 ,  4.90277e-79,  5.67233e-06])
287312  , -74908.2    , array([ 0.00100007 ,  0.398929   ,  0.00039046 ,  4.90277e-79,  5.67233e-06])
287313  , -74908.2    , array([ 0.00100007 ,  0.398531   ,  0.000390851,  4.90277e-79,  5.67233e-06])
287314  , -74908.2    , array([ 0.00100007 ,  0.398531   ,  0.00039046 ,  4.90768e-79,  5.67233e-06])
287315  , -74904.4    , array([ 0.00100007 ,  0.398531   ,  0.00039046 ,  4.90277e-79,  5.67801e-06])
287316  , -74908.2    , array([ 0.00100007 ,  0.398531   ,  0.00039046 ,  4.90277e-79,  5.67233e-06])
287317  , -74908.2    , array([ 0.00100007 ,  0.398531   ,  0.00039046 ,  4.90277e-79,  5.67233e-06])
287318  , -74912      , array([ 0.00100107 ,  0.398531   ,  0.00039046 ,  4.90277e-79,  5.67233e-06])
287319  , -74908.2    , array([ 0.00100007 ,  0.398929   ,  0.00039046 ,  4.90277e-79,  5.67233e-06])
287320  , -74908.2    , array([ 0.00100007 ,  0.398531   ,  0.000390851,  4.90277e-79,  5.67233e-06])
287321  , -74908.2    , array([ 0.00100007 ,  0.398531   ,  0.00039046 ,  4.90768e-79,  5.67233e-06])
287322  , -74904.4    , array([ 0.00100007 ,  0.398531   ,  0.00039046 ,  4.90277e-79,  5.67801e-06])
287323  , -74907.9    , array([ 0.00100002 ,  0.39853    ,  0.00039046 ,  4.90277e-79,  5.67258e-06])
287324  , -74907.9    , array([ 0.00100002 ,  0.39853    ,  0.00039046 ,  4.90277e-79,  5.67258e-06])
287325  , -74911.7    , array([ 0.00100102 ,  0.39853    ,  0.00039046 ,  4.90277e-79,  5.67258e-06])
287326  , -74907.9    , array([ 0.00100002 ,  0.398929   ,  0.00039046 ,  4.90277e-79,  5.67258e-06])
287327  , -74907.9    , array([ 0.00100002 ,  0.39853    ,  0.000390851,  4.90277e-79,  5.67258e-06])
287328  , -74907.9    , array([ 0.00100002 ,  0.39853    ,  0.00039046 ,  4.90768e-79,  5.67258e-06])
287329  , -74904      , array([ 0.00100002 ,  0.39853    ,  0.00039046 ,  4.90277e-79,  5.67826e-06])
287330  , -74907.9    , array([ 0.00100002 ,  0.39853    ,  0.00039046 ,  4.90277e-79,  5.67258e-06])
287331  , -74907.9    , array([ 0.00100002 ,  0.39853    ,  0.00039046 ,  4.90277e-79,  5.67258e-06])
287332  , -74911.7    , array([ 0.00100102 ,  0.39853    ,  0.00039046 ,  4.90277e-79,  5.67258e-06])
287333  , -74907.9    , array([ 0.00100002 ,  0.398929   ,  0.00039046 ,  4.90277e-79,  5.67258e-06])
287334  , -74907.9    , array([ 0.00100002 ,  0.39853    ,  0.000390851,  4.90277e-79,  5.67258e-06])
287335  , -74907.9    , array([ 0.00100002 ,  0.39853    ,  0.00039046 ,  4.90768e-79,  5.67258e-06])
287336  , -74904      , array([ 0.00100002 ,  0.39853    ,  0.00039046 ,  4.90277e-79,  5.67826e-06])
287339  , -74911.5    , array([ 0.001001   ,  0.39853    ,  0.00039046 ,  4.90277e-79,  5.67275e-06])
287344  , -74907.9    , array([ 0.00100002 ,  0.39853    ,  0.00039046 ,  4.90277e-79,  5.67258e-06])
287345  , -74907.9    , array([ 0.00100002 ,  0.39853    ,  0.00039046 ,  4.90277e-79,  5.67258e-06])
287346  , -74911.7    , array([ 0.00100102 ,  0.39853    ,  0.00039046 ,  4.90277e-79,  5.67258e-06])
287347  , -74907.9    , array([ 0.00100002 ,  0.398929   ,  0.00039046 ,  4.90277e-79,  5.67258e-06])
287348  , -74907.9    , array([ 0.00100002 ,  0.39853    ,  0.000390851,  4.90277e-79,  5.67258e-06])
287349  , -74907.9    , array([ 0.00100002 ,  0.39853    ,  0.00039046 ,  4.90768e-79,  5.67258e-06])
287350  , -74904      , array([ 0.00100002 ,  0.39853    ,  0.00039046 ,  4.90277e-79,  5.67826e-06])
287351  , -74907.9    , array([ 0.00100002 ,  0.39853    ,  0.00039046 ,  4.90277e-79,  5.67258e-06])
287352  , -74907.9    , array([ 0.00100002 ,  0.39853    ,  0.00039046 ,  4.90277e-79,  5.67258e-06])
287353  , -74911.7    , array([ 0.00100102 ,  0.39853    ,  0.00039046 ,  4.90277e-79,  5.67258e-06])
287354  , -74907.9    , array([ 0.00100002 ,  0.398929   ,  0.00039046 ,  4.90277e-79,  5.67258e-06])
287355  , -74907.9    , array([ 0.00100002 ,  0.39853    ,  0.000390851,  4.90277e-79,  5.67258e-06])
287356  , -74907.9    , array([ 0.00100002 ,  0.39853    ,  0.00039046 ,  4.90768e-79,  5.67258e-06])
287357  , -74904      , array([ 0.00100002 ,  0.39853    ,  0.00039046 ,  4.90277e-79,  5.67826e-06])
287358  , -74907.8    , array([ 0.00100001 ,  0.39853    ,  0.00039046 ,  4.90277e-79,  5.67266e-06])
287359  , -74907.8    , array([ 0.00100001 ,  0.39853    ,  0.00039046 ,  4.90277e-79,  5.67266e-06])
287360  , -74911.6    , array([ 0.00100101 ,  0.39853    ,  0.00039046 ,  4.90277e-79,  5.67266e-06])
287361  , -74907.8    , array([ 0.00100001 ,  0.398929   ,  0.00039046 ,  4.90277e-79,  5.67266e-06])
287362  , -74907.8    , array([ 0.00100001 ,  0.39853    ,  0.000390851,  4.90277e-79,  5.67266e-06])
287363  , -74907.8    , array([ 0.00100001 ,  0.39853    ,  0.00039046 ,  4.90768e-79,  5.67266e-06])
287364  , -74903.9    , array([ 0.00100001 ,  0.39853    ,  0.00039046 ,  4.90277e-79,  5.67834e-06])
287365  , -74907.8    , array([ 0.00100001 ,  0.39853    ,  0.00039046 ,  4.90277e-79,  5.67266e-06])
287366  , -74907.8    , array([ 0.00100001 ,  0.39853    ,  0.00039046 ,  4.90277e-79,  5.67266e-06])
287367  , -74911.6    , array([ 0.00100101 ,  0.39853    ,  0.00039046 ,  4.90277e-79,  5.67266e-06])
287368  , -74907.8    , array([ 0.00100001 ,  0.398929   ,  0.00039046 ,  4.90277e-79,  5.67266e-06])
287369  , -74907.8    , array([ 0.00100001 ,  0.39853    ,  0.000390851,  4.90277e-79,  5.67266e-06])
287370  , -74907.8    , array([ 0.00100001 ,  0.39853    ,  0.00039046 ,  4.90768e-79,  5.67266e-06])
287371  , -74903.9    , array([ 0.00100001 ,  0.39853    ,  0.00039046 ,  4.90277e-79,  5.67834e-06])
287372  , -74907.8    , array([ 0.00100001 ,  0.39853    ,  0.00039046 ,  4.90277e-79,  5.67266e-06])
287373  , -74907.8    , array([ 0.00100001 ,  0.39853    ,  0.00039046 ,  4.90277e-79,  5.67266e-06])
287374  , -74911.6    , array([ 0.00100101 ,  0.39853    ,  0.00039046 ,  4.90277e-79,  5.67266e-06])
287375  , -74907.8    , array([ 0.00100001 ,  0.398929   ,  0.00039046 ,  4.90277e-79,  5.67266e-06])
287376  , -74907.8    , array([ 0.00100001 ,  0.39853    ,  0.000390851,  4.90277e-79,  5.67266e-06])
287377  , -74907.8    , array([ 0.00100001 ,  0.39853    ,  0.00039046 ,  4.90768e-79,  5.67266e-06])
287378  , -74903.9    , array([ 0.00100001 ,  0.39853    ,  0.00039046 ,  4.90277e-79,  5.67834e-06])
287379  , -78653.4    , array([ 0.0031841  ,  0.40922    ,  0.00039046 ,  4.90277e-79,  1.73271e-06])
287380  , -78653.4    , array([ 0.0031841  ,  0.40922    ,  0.00039046 ,  4.90277e-79,  1.73271e-06])
287381  , -78653.9    , array([ 0.00318728 ,  0.40922    ,  0.00039046 ,  4.90277e-79,  1.73271e-06])
287382  , -78653.5    , array([ 0.0031841  ,  0.40963    ,  0.00039046 ,  4.90277e-79,  1.73271e-06])
287383  , -78653.4    , array([ 0.0031841  ,  0.40922    ,  0.000390851,  4.90277e-79,  1.73271e-06])
287384  , -78653.4    , array([ 0.0031841  ,  0.40922    ,  0.00039046 ,  4.90768e-79,  1.73271e-06])
287385  , -78653      , array([ 0.0031841  ,  0.40922    ,  0.00039046 ,  4.90277e-79,  1.73444e-06])
287386  , -77327.4    , array([ 0.0015724  ,  0.402674   ,  0.00039046 ,  4.90277e-79,  3.56867e-06])
287387  , -77327.4    , array([ 0.0015724  ,  0.402674   ,  0.00039046 ,  4.90277e-79,  3.56867e-06])
287388  , -77329.1    , array([ 0.00157398 ,  0.402674   ,  0.00039046 ,  4.90277e-79,  3.56867e-06])
287389  , -77327.4    , array([ 0.0015724  ,  0.403077   ,  0.00039046 ,  4.90277e-79,  3.56867e-06])
287390  , -77327.4    , array([ 0.0015724  ,  0.402674   ,  0.000390851,  4.90277e-79,  3.56867e-06])
287391  , -77327.4    , array([ 0.0015724  ,  0.402674   ,  0.00039046 ,  4.90768e-79,  3.56867e-06])
287392  , -77325.7    , array([ 0.0015724  ,  0.402674   ,  0.00039046 ,  4.90277e-79,  3.57224e-06])
287395  , -75619.6    , array([ 0.00110497 ,  0.39944    ,  0.00039046 ,  4.90277e-79,  5.12151e-06])
287396  , -75619.6    , array([ 0.00110497 ,  0.39944    ,  0.00039046 ,  4.90277e-79,  5.12151e-06])
287397  , -75622.9    , array([ 0.00110608 ,  0.39944    ,  0.00039046 ,  4.90277e-79,  5.12151e-06])
287398  , -75619.6    , array([ 0.00110497 ,  0.39984    ,  0.00039046 ,  4.90277e-79,  5.12151e-06])
287399  , -75619.6    , array([ 0.00110497 ,  0.39944    ,  0.000390851,  4.90277e-79,  5.12151e-06])
287400  , -75619.6    , array([ 0.00110497 ,  0.39944    ,  0.00039046 ,  4.90768e-79,  5.12151e-06])
287401  , -75616.4    , array([ 0.00110497 ,  0.39944    ,  0.00039046 ,  4.90277e-79,  5.12663e-06])
287403  , -74997      , array([ 0.00101169 ,  0.398636   ,  0.00039046 ,  4.90277e-79,  5.60558e-06])
287404  , -74997      , array([ 0.00101169 ,  0.398636   ,  0.00039046 ,  4.90277e-79,  5.60558e-06])
287405  , -75000.7    , array([ 0.00101271 ,  0.398636   ,  0.00039046 ,  4.90277e-79,  5.60558e-06])
287406  , -74997      , array([ 0.00101169 ,  0.399035   ,  0.00039046 ,  4.90277e-79,  5.60558e-06])
287407  , -74997      , array([ 0.00101169 ,  0.398636   ,  0.000390851,  4.90277e-79,  5.60558e-06])
287408  , -74997      , array([ 0.00101169 ,  0.398636   ,  0.00039046 ,  4.90768e-79,  5.60558e-06])
287409  , -74993.2    , array([ 0.00101169 ,  0.398636   ,  0.00039046 ,  4.90277e-79,  5.61119e-06])
287412  , -74912.4    , array([ 0.0010006  ,  0.398536   ,  0.00039046 ,  4.90277e-79,  5.66922e-06])
287413  , -74912.4    , array([ 0.0010006  ,  0.398536   ,  0.00039046 ,  4.90277e-79,  5.66922e-06])
287414  , -74916.2    , array([ 0.0010016  ,  0.398536   ,  0.00039046 ,  4.90277e-79,  5.66922e-06])
287415  , -74912.4    , array([ 0.0010006  ,  0.398934   ,  0.00039046 ,  4.90277e-79,  5.66922e-06])
287416  , -74912.4    , array([ 0.0010006  ,  0.398536   ,  0.000390851,  4.90277e-79,  5.66922e-06])
287417  , -74912.4    , array([ 0.0010006  ,  0.398536   ,  0.00039046 ,  4.90768e-79,  5.66922e-06])
287418  , -74908.5    , array([ 0.0010006  ,  0.398536   ,  0.00039046 ,  4.90277e-79,  5.67489e-06])
