278290  , -79012.5    , array([ 0.0586532  ,  2.62245    ,  1.71344e-34,  4.49646e-51,  5.47402e-06])
278291  , -79012.5    , array([ 0.0587119  ,  2.62245    ,  1.71344e-34,  4.49646e-51,  5.47402e-06])
278292  , -79012.5    , array([ 0.0586532  ,  2.62508    ,  1.71344e-34,  4.49646e-51,  5.47402e-06])
278293  , -79012.5    , array([ 0.0586532  ,  2.62245    ,  1.71515e-34,  4.49646e-51,  5.47402e-06])
278294  , -79012.5    , array([ 0.0586532  ,  2.62245    ,  1.71344e-34,  4.50096e-51,  5.47402e-06])
278295  , -79012.4    , array([ 0.0586532  ,  2.62245    ,  1.71344e-34,  4.49646e-51,  5.4795e-06 ])
278296  , -79012.5    , array([ 0.0586532  ,  2.62245    ,  1.71344e-34,  4.49646e-51,  5.47402e-06])
278297  , -78775.1    , array([ 0.0290819  ,  2.56253    ,  1.71344e-34,  4.49646e-51,  1.13164e-05])
278298  , -78775.1    , array([ 0.0290819  ,  2.56253    ,  1.71344e-34,  4.49646e-51,  1.13164e-05])
278299  , -78775.4    , array([ 0.029111   ,  2.56253    ,  1.71344e-34,  4.49646e-51,  1.13164e-05])
278300  , -78775.1    , array([ 0.0290819  ,  2.56509    ,  1.71344e-34,  4.49646e-51,  1.13164e-05])
278301  , -78775.1    , array([ 0.0290819  ,  2.56253    ,  1.71515e-34,  4.49646e-51,  1.13164e-05])
278302  , -78775.1    , array([ 0.0290819  ,  2.56253    ,  1.71344e-34,  4.50096e-51,  1.13164e-05])
278303  , -78774.8    , array([ 0.0290819  ,  2.56253    ,  1.71344e-34,  4.49646e-51,  1.13278e-05])
278304  , -55541.4    , array([ 0.00175772 ,  2.33621    ,  1.71344e-34,  4.49646e-51,  0.000206691])
278305  , -55541.4    , array([ 0.00175772 ,  2.33621    ,  1.71344e-34,  4.49646e-51,  0.000206691])
278306  , -55535.7    , array([ 0.00175948 ,  2.33621    ,  1.71344e-34,  4.49646e-51,  0.000206691])
278307  , -55541.5    , array([ 0.00175772 ,  2.33855    ,  1.71344e-34,  4.49646e-51,  0.000206691])
278308  , -55541.4    , array([ 0.00175772 ,  2.33621    ,  1.71515e-34,  4.49646e-51,  0.000206691])
278309  , -55541.4    , array([ 0.00175772 ,  2.33621    ,  1.71344e-34,  4.50096e-51,  0.000206691])
278310  , -55547      , array([ 0.00175772 ,  2.33621    ,  1.71344e-34,  4.49646e-51,  0.000206898])
278311  , -78668.1    , array([ 0.0251289  ,  2.55022    ,  1.71344e-34,  4.49646e-51,  1.31642e-05])
278312  , -78668.1    , array([ 0.0251289  ,  2.55022    ,  1.71344e-34,  4.49646e-51,  1.31642e-05])
278313  , -78668.5    , array([ 0.025154   ,  2.55022    ,  1.71344e-34,  4.49646e-51,  1.31642e-05])
278314  , -78668.1    , array([ 0.0251289  ,  2.55277    ,  1.71344e-34,  4.49646e-51,  1.31642e-05])
278315  , -78668.1    , array([ 0.0251289  ,  2.55022    ,  1.71515e-34,  4.49646e-51,  1.31642e-05])
278316  , -78668.1    , array([ 0.0251289  ,  2.55022    ,  1.71344e-34,  4.50096e-51,  1.31642e-05])
278317  , -78667.7    , array([ 0.0251289  ,  2.55022    ,  1.71344e-34,  4.49646e-51,  1.31774e-05])
278318  , -57158      , array([ 0.00251723 ,  2.36402    ,  1.71344e-34,  4.49646e-51,  0.000142513])
278319  , -57158      , array([ 0.00251723 ,  2.36402    ,  1.71344e-34,  4.49646e-51,  0.000142513])
278320  , -57165.7    , array([ 0.00251974 ,  2.36402    ,  1.71344e-34,  4.49646e-51,  0.000142513])
278321  , -57158      , array([ 0.00251723 ,  2.36639    ,  1.71344e-34,  4.49646e-51,  0.000142513])
278322  , -57158      , array([ 0.00251723 ,  2.36402    ,  1.71515e-34,  4.49646e-51,  0.000142513])
278323  , -57158      , array([ 0.00251723 ,  2.36402    ,  1.71344e-34,  4.50096e-51,  0.000142513])
278324  , -57150.2    , array([ 0.00251723 ,  2.36402    ,  1.71344e-34,  4.49646e-51,  0.000142655])
278325  , -54928.2    , array([ 0.00196514 ,  2.34481    ,  1.71344e-34,  4.49646e-51,  0.00018415 ])
278326  , -54928.2    , array([ 0.00196514 ,  2.34481    ,  1.71344e-34,  4.49646e-51,  0.00018415 ])
278327  , -54928.1    , array([ 0.0019671  ,  2.34481    ,  1.71344e-34,  4.49646e-51,  0.00018415 ])
278328  , -54928.2    , array([ 0.00196514 ,  2.34716    ,  1.71344e-34,  4.49646e-51,  0.00018415 ])
278329  , -54928.2    , array([ 0.00196514 ,  2.34481    ,  1.71515e-34,  4.49646e-51,  0.00018415 ])
278330  , -54928.2    , array([ 0.00196514 ,  2.34481    ,  1.71344e-34,  4.50096e-51,  0.00018415 ])
278331  , -54928.1    , array([ 0.00196514 ,  2.34481    ,  1.71344e-34,  4.49646e-51,  0.000184334])
278339  , -54928.1    , array([ 0.00196509 ,  2.34299    ,  1.71344e-34,  4.49646e-51,  0.000184411])
278340  , -54928.1    , array([ 0.00196509 ,  2.34299    ,  1.71344e-34,  4.49646e-51,  0.000184411])
278341  , -54928      , array([ 0.00196706 ,  2.34299    ,  1.71344e-34,  4.49646e-51,  0.000184411])
278342  , -54928.1    , array([ 0.00196509 ,  2.34533    ,  1.71344e-34,  4.49646e-51,  0.000184411])
278343  , -54928.1    , array([ 0.00196509 ,  2.34299    ,  1.71515e-34,  4.49646e-51,  0.000184411])
278344  , -54928.1    , array([ 0.00196509 ,  2.34299    ,  1.71344e-34,  4.50096e-51,  0.000184411])
278345  , -54928      , array([ 0.00196509 ,  2.34299    ,  1.71344e-34,  4.49646e-51,  0.000184595])
278346  , -54927.8    , array([ 0.00196788 ,  2.33826    ,  1.71344e-34,  4.49646e-51,  0.000184675])
278347  , -54927.8    , array([ 0.00196788 ,  2.33826    ,  1.71344e-34,  4.49646e-51,  0.000184675])
278348  , -54927.8    , array([ 0.00196985 ,  2.33826    ,  1.71344e-34,  4.49646e-51,  0.000184675])
278349  , -54927.9    , array([ 0.00196788 ,  2.3406     ,  1.71344e-34,  4.49646e-51,  0.000184675])
278350  , -54927.8    , array([ 0.00196788 ,  2.33826    ,  1.71515e-34,  4.49646e-51,  0.000184675])
278351  , -54927.8    , array([ 0.00196788 ,  2.33826    ,  1.71344e-34,  4.50096e-51,  0.000184675])
278352  , -54927.8    , array([ 0.00196788 ,  2.33826    ,  1.71344e-34,  4.49646e-51,  0.00018486 ])
278353  , -54926.8    , array([ 0.00197907 ,  2.31943    ,  1.71344e-34,  4.49646e-51,  0.000185736])
278354  , -54926.8    , array([ 0.00197907 ,  2.31943    ,  1.71344e-34,  4.49646e-51,  0.000185736])
278355  , -54926.8    , array([ 0.00198105 ,  2.31943    ,  1.71344e-34,  4.49646e-51,  0.000185736])
278356  , -54926.9    , array([ 0.00197907 ,  2.32175    ,  1.71344e-34,  4.49646e-51,  0.000185736])
278357  , -54926.8    , array([ 0.00197907 ,  2.31943    ,  1.71515e-34,  4.49646e-51,  0.000185736])
278358  , -54926.8    , array([ 0.00197907 ,  2.31943    ,  1.71344e-34,  4.50096e-51,  0.000185736])
278359  , -54926.8    , array([ 0.00197907 ,  2.31943    ,  1.71344e-34,  4.49646e-51,  0.000185921])
278360  , -54922.8    , array([ 0.00202445 ,  2.24565    ,  1.71344e-34,  4.49646e-51,  0.00019004 ])
278361  , -54922.8    , array([ 0.00202445 ,  2.24565    ,  1.71344e-34,  4.49646e-51,  0.00019004 ])
278362  , -54922.8    , array([ 0.00202647 ,  2.24565    ,  1.71344e-34,  4.49646e-51,  0.00019004 ])
278363  , -54922.9    , array([ 0.00202445 ,  2.24789    ,  1.71344e-34,  4.49646e-51,  0.00019004 ])
278364  , -54922.8    , array([ 0.00202445 ,  2.24565    ,  1.71515e-34,  4.49646e-51,  0.00019004 ])
278365  , -54922.8    , array([ 0.00202445 ,  2.24565    ,  1.71344e-34,  4.50096e-51,  0.00019004 ])
278366  , -54922.8    , array([ 0.00202445 ,  2.24565    ,  1.71344e-34,  4.49646e-51,  0.00019023 ])
278367  , -54905      , array([ 0.00221662 ,  1.97324    ,  1.71344e-34,  4.49646e-51,  0.000208277])
278368  , -54905      , array([ 0.00221662 ,  1.97324    ,  1.71344e-34,  4.49646e-51,  0.000208277])
278369  , -54904.9    , array([ 0.00221884 ,  1.97324    ,  1.71344e-34,  4.49646e-51,  0.000208277])
278370  , -54905.1    , array([ 0.00221662 ,  1.97521    ,  1.71344e-34,  4.49646e-51,  0.000208277])
278371  , -54905      , array([ 0.00221662 ,  1.97324    ,  1.71515e-34,  4.49646e-51,  0.000208277])
278372  , -54905      , array([ 0.00221662 ,  1.97324    ,  1.71344e-34,  4.50096e-51,  0.000208277])
278373  , -54905      , array([ 0.00221662 ,  1.97324    ,  1.71344e-34,  4.49646e-51,  0.000208486])
278374  , -54789.4    , array([ 0.00318587 ,  1.17634    ,  1.71344e-34,  4.49646e-51,  0.000300492])
278375  , -54789.4    , array([ 0.00318587 ,  1.17634    ,  1.71344e-34,  4.49646e-51,  0.000300492])
278376  , -54789.3    , array([ 0.00318906 ,  1.17634    ,  1.71344e-34,  4.49646e-51,  0.000300492])
278377  , -54789.6    , array([ 0.00318587 ,  1.17752    ,  1.71344e-34,  4.49646e-51,  0.000300492])
278378  , -54789.4    , array([ 0.00318587 ,  1.17634    ,  1.71515e-34,  4.49646e-51,  0.000300492])
278379  , -54789.4    , array([ 0.00318587 ,  1.17634    ,  1.71344e-34,  4.50096e-51,  0.000300492])
278380  , -54789.4    , array([ 0.00318587 ,  1.17634    ,  1.71344e-34,  4.49646e-51,  0.000300792])
278381  , -49888.2    , array([ 0.013595   ,  0.148575   ,  1.71344e-34,  4.49646e-51,  0.00130195 ])
278382  , -49888.2    , array([ 0.013595   ,  0.148575   ,  1.71344e-34,  4.49646e-51,  0.00130195 ])
278383  , -49886.6    , array([ 0.0136086  ,  0.148575   ,  1.71344e-34,  4.49646e-51,  0.00130195 ])
278384  , -49892.6    , array([ 0.013595   ,  0.148724   ,  1.71344e-34,  4.49646e-51,  0.00130195 ])
278385  , -49888.2    , array([ 0.013595   ,  0.148575   ,  1.71515e-34,  4.49646e-51,  0.00130195 ])
278386  , -49888.2    , array([ 0.013595   ,  0.148575   ,  1.71344e-34,  4.50096e-51,  0.00130195 ])
278387  , -49884.9    , array([ 0.013595   ,  0.148575   ,  1.71344e-34,  4.49646e-51,  0.00130325 ])
278395  , -49881.1    , array([ 0.0136036  ,  0.148442   ,  1.71344e-34,  4.49646e-51,  0.00130278 ])
278396  , -49881.1    , array([ 0.0136036  ,  0.148442   ,  1.71344e-34,  4.49646e-51,  0.00130278 ])
278397  , -49879.5    , array([ 0.0136172  ,  0.148442   ,  1.71344e-34,  4.49646e-51,  0.00130278 ])
278398  , -49885.6    , array([ 0.0136036  ,  0.14859    ,  1.71344e-34,  4.49646e-51,  0.00130278 ])
278399  , -49881.1    , array([ 0.0136036  ,  0.148442   ,  1.71515e-34,  4.49646e-51,  0.00130278 ])
278400  , -49881.1    , array([ 0.0136036  ,  0.148442   ,  1.71344e-34,  4.50096e-51,  0.00130278 ])
278401  , -49877.9    , array([ 0.0136036  ,  0.148442   ,  1.71344e-34,  4.49646e-51,  0.00130408 ])
278402  , -49874      , array([ 0.0136121  ,  0.148309   ,  1.71344e-34,  4.49646e-51,  0.0013036  ])
278403  , -49874      , array([ 0.0136121  ,  0.148309   ,  1.71344e-34,  4.49646e-51,  0.0013036  ])
278404  , -49872.4    , array([ 0.0136258  ,  0.148309   ,  1.71344e-34,  4.49646e-51,  0.0013036  ])
278405  , -49878.5    , array([ 0.0136121  ,  0.148457   ,  1.71344e-34,  4.49646e-51,  0.0013036  ])
278406  , -49874      , array([ 0.0136121  ,  0.148309   ,  1.71515e-34,  4.49646e-51,  0.0013036  ])
278407  , -49874      , array([ 0.0136121  ,  0.148309   ,  1.71344e-34,  4.50096e-51,  0.0013036  ])
278408  , -49870.8    , array([ 0.0136121  ,  0.148309   ,  1.71344e-34,  4.49646e-51,  0.00130491 ])
278409  , -356628     , array([ 0.247718   ,  0.002368   ,  1.71344e-34,  4.49646e-51,  0.0244564  ])
278410  , -356628     , array([ 0.247718   ,  0.002368   ,  1.71344e-34,  4.49646e-51,  0.0244564  ])
278411  , -356624     , array([ 0.247965   ,  0.002368   ,  1.71344e-34,  4.49646e-51,  0.0244564  ])
278412  , -356265     , array([ 0.247718   ,  0.00237036 ,  1.71344e-34,  4.49646e-51,  0.0244564  ])
278413  , -356628     , array([ 0.247718   ,  0.002368   ,  1.71515e-34,  4.49646e-51,  0.0244564  ])
278414  , -356628     , array([ 0.247718   ,  0.002368   ,  1.71344e-34,  4.50096e-51,  0.0244564  ])
278415  , -356990     , array([ 0.247718   ,  0.002368   ,  1.71344e-34,  4.49646e-51,  0.0244809  ])
278416  , -26750.8    , array([ 0.032788   ,  0.0423392  ,  1.71344e-34,  4.49646e-51,  0.00316911 ])
278417  , -26750.8    , array([ 0.032788   ,  0.0423392  ,  1.71344e-34,  4.49646e-51,  0.00316911 ])
278418  , -26743.8    , array([ 0.0328208  ,  0.0423392  ,  1.71344e-34,  4.49646e-51,  0.00316911 ])
278419  , -26767.9    , array([ 0.032788   ,  0.0423815  ,  1.71344e-34,  4.49646e-51,  0.00316911 ])
278420  , -26750.8    , array([ 0.032788   ,  0.0423392  ,  1.71515e-34,  4.49646e-51,  0.00316911 ])
278421  , -26750.8    , array([ 0.032788   ,  0.0423392  ,  1.71344e-34,  4.50096e-51,  0.00316911 ])
278422  , -26740.2    , array([ 0.032788   ,  0.0423392  ,  1.71344e-34,  4.49646e-51,  0.00317229 ])
278423  , -14094.9    , array([ 0.0828723  ,  0.0112851  ,  1.71344e-34,  4.49646e-51,  0.00808829 ])
278424  , -14094.9    , array([ 0.0828723  ,  0.0112851  ,  1.71344e-34,  4.49646e-51,  0.00808829 ])
278425  , -14088.6    , array([ 0.0829552  ,  0.0112851  ,  1.71344e-34,  4.49646e-51,  0.00808829 ])
278426  , -14072.4    , array([ 0.0828723  ,  0.0112964  ,  1.71344e-34,  4.49646e-51,  0.00808829 ])
278427  , -14094.9    , array([ 0.0828723  ,  0.0112851  ,  1.71515e-34,  4.49646e-51,  0.00808829 ])
278428  , -14094.9    , array([ 0.0828723  ,  0.0112851  ,  1.71344e-34,  4.50096e-51,  0.00808829 ])
278429  , -14122.5    , array([ 0.0828723  ,  0.0112851  ,  1.71344e-34,  4.49646e-51,  0.00809638 ])
278430  , -10657.6    , array([ 0.0492582  ,  0.0236962  ,  1.71344e-34,  4.49646e-51,  0.00478141 ])
278431  , -10657.6    , array([ 0.0492582  ,  0.0236962  ,  1.71344e-34,  4.49646e-51,  0.00478141 ])
278432  , -10648.7    , array([ 0.0493075  ,  0.0236962  ,  1.71344e-34,  4.49646e-51,  0.00478141 ])
278433  , -10669.5    , array([ 0.0492582  ,  0.0237199  ,  1.71344e-34,  4.49646e-51,  0.00478141 ])
278434  , -10657.6    , array([ 0.0492582  ,  0.0236962  ,  1.71515e-34,  4.49646e-51,  0.00478141 ])
278435  , -10657.6    , array([ 0.0492582  ,  0.0236962  ,  1.71344e-34,  4.50096e-51,  0.00478141 ])
278436  , -10654      , array([ 0.0492582  ,  0.0236962  ,  1.71344e-34,  4.49646e-51,  0.00478619 ])
278437  , -6848.78    , array([ 0.062336   ,  0.0169378  ,  1.71344e-34,  4.49646e-51,  0.00606581 ])
278438  , -6848.78    , array([ 0.062336   ,  0.0169378  ,  1.71344e-34,  4.49646e-51,  0.00606581 ])
278439  , -6840.52    , array([ 0.0623983  ,  0.0169378  ,  1.71344e-34,  4.49646e-51,  0.00606581 ])
278440  , -6848.58    , array([ 0.062336   ,  0.0169548  ,  1.71344e-34,  4.49646e-51,  0.00606581 ])
278441  , -6848.78    , array([ 0.062336   ,  0.0169378  ,  1.71515e-34,  4.49646e-51,  0.00606581 ])
278442  , -6848.78    , array([ 0.062336   ,  0.0169378  ,  1.71344e-34,  4.50096e-51,  0.00606581 ])
278443  , -6856.6     , array([ 0.062336   ,  0.0169378  ,  1.71344e-34,  4.49646e-51,  0.00607188 ])
278451  , -7719.01    , array([ 0.0699782  ,  0.014798   ,  1.71344e-34,  4.49646e-51,  0.00681701 ])
278452  , -7719.01    , array([ 0.0699782  ,  0.014798   ,  1.71344e-34,  4.49646e-51,  0.00681701 ])
278453  , -7711.38    , array([ 0.0700482  ,  0.014798   ,  1.71344e-34,  4.49646e-51,  0.00681701 ])
278454  , -7711.54    , array([ 0.0699782  ,  0.0148128  ,  1.71344e-34,  4.49646e-51,  0.00681701 ])
278455  , -7719.01    , array([ 0.0699782  ,  0.014798   ,  1.71515e-34,  4.49646e-51,  0.00681701 ])
278456  , -7719.01    , array([ 0.0699782  ,  0.014798   ,  1.71344e-34,  4.50096e-51,  0.00681701 ])
278457  , -7733.34    , array([ 0.0699782  ,  0.014798   ,  1.71344e-34,  4.49646e-51,  0.00682383 ])
278458  , -6848.7     , array([ 0.0624015  ,  0.016917   ,  1.71344e-34,  4.49646e-51,  0.00607225 ])
278459  , -6848.7     , array([ 0.0624015  ,  0.016917   ,  1.71344e-34,  4.49646e-51,  0.00607225 ])
278460  , -6840.44    , array([ 0.062464   ,  0.016917   ,  1.71344e-34,  4.49646e-51,  0.00607225 ])
278461  , -6848.44    , array([ 0.0624015  ,  0.016934   ,  1.71344e-34,  4.49646e-51,  0.00607225 ])
278462  , -6848.7     , array([ 0.0624015  ,  0.016917   ,  1.71515e-34,  4.49646e-51,  0.00607225 ])
278463  , -6848.7     , array([ 0.0624015  ,  0.016917   ,  1.71344e-34,  4.50096e-51,  0.00607225 ])
278464  , -6856.57    , array([ 0.0624015  ,  0.016917   ,  1.71344e-34,  4.49646e-51,  0.00607833 ])
278465  , -6848.52    , array([ 0.0624268  ,  0.016924   ,  1.71344e-34,  4.49646e-51,  0.00607479 ])
278466  , -6848.52    , array([ 0.0624268  ,  0.016924   ,  1.71344e-34,  4.49646e-51,  0.00607479 ])
278467  , -6840.26    , array([ 0.0624892  ,  0.016924   ,  1.71344e-34,  4.49646e-51,  0.00607479 ])
278468  , -6848.26    , array([ 0.0624268  ,  0.0169409  ,  1.71344e-34,  4.49646e-51,  0.00607479 ])
278469  , -6848.52    , array([ 0.0624268  ,  0.016924   ,  1.71515e-34,  4.49646e-51,  0.00607479 ])
278470  , -6848.52    , array([ 0.0624268  ,  0.016924   ,  1.71344e-34,  4.50096e-51,  0.00607479 ])
278471  , -6856.39    , array([ 0.0624268  ,  0.016924   ,  1.71344e-34,  4.49646e-51,  0.00608087 ])
278472  , -6847.81    , array([ 0.0625278  ,  0.0169518  ,  1.71344e-34,  4.49646e-51,  0.00608494 ])
278473  , -6847.81    , array([ 0.0625278  ,  0.0169518  ,  1.71344e-34,  4.49646e-51,  0.00608494 ])
278474  , -6839.55    , array([ 0.0625904  ,  0.0169518  ,  1.71344e-34,  4.49646e-51,  0.00608494 ])
278475  , -6847.55    , array([ 0.0625278  ,  0.0169688  ,  1.71344e-34,  4.49646e-51,  0.00608494 ])
278476  , -6847.81    , array([ 0.0625278  ,  0.0169518  ,  1.71515e-34,  4.49646e-51,  0.00608494 ])
278477  , -6847.81    , array([ 0.0625278  ,  0.0169518  ,  1.71344e-34,  4.50096e-51,  0.00608494 ])
278478  , -6855.68    , array([ 0.0625278  ,  0.0169518  ,  1.71344e-34,  4.49646e-51,  0.00609102 ])
278479  , -6844.95    , array([ 0.0629337  ,  0.0170635  ,  1.71344e-34,  4.49646e-51,  0.0061257  ])
278480  , -6844.95    , array([ 0.0629337  ,  0.0170635  ,  1.71344e-34,  4.49646e-51,  0.0061257  ])
278481  , -6836.69    , array([ 0.0629967  ,  0.0170635  ,  1.71344e-34,  4.49646e-51,  0.0061257  ])
278482  , -6844.68    , array([ 0.0629337  ,  0.0170806  ,  1.71344e-34,  4.49646e-51,  0.0061257  ])
278483  , -6844.95    , array([ 0.0629337  ,  0.0170635  ,  1.71515e-34,  4.49646e-51,  0.0061257  ])
278484  , -6844.95    , array([ 0.0629337  ,  0.0170635  ,  1.71344e-34,  4.50096e-51,  0.0061257  ])
278485  , -6852.82    , array([ 0.0629337  ,  0.0170635  ,  1.71344e-34,  4.49646e-51,  0.00613182 ])
278486  , -6833.26    , array([ 0.0645837  ,  0.0175177  ,  1.71344e-34,  4.49646e-51,  0.00629148 ])
278487  , -6833.26    , array([ 0.0645837  ,  0.0175177  ,  1.71344e-34,  4.49646e-51,  0.00629148 ])
278488  , -6825       , array([ 0.0646484  ,  0.0175177  ,  1.71344e-34,  4.49646e-51,  0.00629148 ])
278489  , -6832.99    , array([ 0.0645837  ,  0.0175353  ,  1.71344e-34,  4.49646e-51,  0.00629148 ])
278490  , -6833.26    , array([ 0.0645837  ,  0.0175177  ,  1.71515e-34,  4.49646e-51,  0.00629148 ])
278491  , -6833.26    , array([ 0.0645837  ,  0.0175177  ,  1.71344e-34,  4.50096e-51,  0.00629148 ])
278492  , -6841.13    , array([ 0.0645837  ,  0.0175177  ,  1.71344e-34,  4.49646e-51,  0.00629778 ])
278493  , -6782.77    , array([ 0.0716279  ,  0.0194588  ,  1.71344e-34,  4.49646e-51,  0.00700074 ])
278494  , -6782.77    , array([ 0.0716279  ,  0.0194588  ,  1.71344e-34,  4.49646e-51,  0.00700074 ])
278495  , -6774.51    , array([ 0.0716996  ,  0.0194588  ,  1.71344e-34,  4.49646e-51,  0.00700074 ])
278496  , -6782.47    , array([ 0.0716279  ,  0.0194783  ,  1.71344e-34,  4.49646e-51,  0.00700074 ])
278497  , -6782.77    , array([ 0.0716279  ,  0.0194588  ,  1.71515e-34,  4.49646e-51,  0.00700074 ])
278498  , -6782.77    , array([ 0.0716279  ,  0.0194588  ,  1.71344e-34,  4.50096e-51,  0.00700074 ])
278499  , -6790.6     , array([ 0.0716279  ,  0.0194588  ,  1.71344e-34,  4.49646e-51,  0.00700775 ])
278500  , -6517.23    , array([ 0.108372   ,  0.0296257  ,  1.71344e-34,  4.49646e-51,  0.0107327  ])
278501  , -6517.23    , array([ 0.108372   ,  0.0296257  ,  1.71344e-34,  4.49646e-51,  0.0107327  ])
278502  , -6509.03    , array([ 0.108481   ,  0.0296257  ,  1.71344e-34,  4.49646e-51,  0.0107327  ])
278503  , -6516.85    , array([ 0.108372   ,  0.0296554  ,  1.71344e-34,  4.49646e-51,  0.0107327  ])
278504  , -6517.23    , array([ 0.108372   ,  0.0296257  ,  1.71515e-34,  4.49646e-51,  0.0107327  ])
278505  , -6517.23    , array([ 0.108372   ,  0.0296257  ,  1.71344e-34,  4.50096e-51,  0.0107327  ])
278506  , -6524.85    , array([ 0.108372   ,  0.0296257  ,  1.71344e-34,  4.49646e-51,  0.0107434  ])
278507  , -5266.12    , array([ 0.567891   ,  0.159177   ,  1.71344e-34,  4.49646e-51,  0.0592873  ])
278508  , -5266.12    , array([ 0.567891   ,  0.159177   ,  1.71344e-34,  4.49646e-51,  0.0592873  ])
278509  , -5259.55    , array([ 0.568459   ,  0.159177   ,  1.71344e-34,  4.49646e-51,  0.0592873  ])
278510  , -5265.67    , array([ 0.567891   ,  0.159336   ,  1.71344e-34,  4.49646e-51,  0.0592873  ])
278511  , -5266.12    , array([ 0.567891   ,  0.159177   ,  1.71515e-34,  4.49646e-51,  0.0592873  ])
278512  , -5266.12    , array([ 0.567891   ,  0.159177   ,  1.71344e-34,  4.50096e-51,  0.0592873  ])
278513  , -5273.36    , array([ 0.567891   ,  0.159177   ,  1.71344e-34,  4.49646e-51,  0.0593466  ])
278514  , -5527.2     , array([ 0.30296    ,  0.084116   ,  1.71344e-34,  4.49646e-51,  0.0310021  ])
278515  , -5527.2     , array([ 0.30296    ,  0.084116   ,  1.71344e-34,  4.49646e-51,  0.0310021  ])
278516  , -5519.65    , array([ 0.303263   ,  0.084116   ,  1.71344e-34,  4.49646e-51,  0.0310021  ])
278517  , -5526.71    , array([ 0.30296    ,  0.0842002  ,  1.71344e-34,  4.49646e-51,  0.0310021  ])
278518  , -5527.2     , array([ 0.30296    ,  0.084116   ,  1.71515e-34,  4.49646e-51,  0.0310021  ])
278519  , -5527.2     , array([ 0.30296    ,  0.084116   ,  1.71344e-34,  4.50096e-51,  0.0310021  ])
278520  , -5534.13    , array([ 0.30296    ,  0.084116   ,  1.71344e-34,  4.49646e-51,  0.0310331  ])
278521  , -5242.32    , array([ 0.501713   ,  0.140365   ,  1.71344e-34,  4.49646e-51,  0.0521721  ])
278522  , -5242.32    , array([ 0.501713   ,  0.140365   ,  1.71344e-34,  4.49646e-51,  0.0521721  ])
278523  , -5235.51    , array([ 0.502215   ,  0.140365   ,  1.71344e-34,  4.49646e-51,  0.0521721  ])
278524  , -5241.85    , array([ 0.501713   ,  0.140505   ,  1.71344e-34,  4.49646e-51,  0.0521721  ])
278525  , -5242.32    , array([ 0.501713   ,  0.140365   ,  1.71515e-34,  4.49646e-51,  0.0521721  ])
278526  , -5242.32    , array([ 0.501713   ,  0.140365   ,  1.71344e-34,  4.50096e-51,  0.0521721  ])
278527  , -5249.39    , array([ 0.501713   ,  0.140365   ,  1.71344e-34,  4.49646e-51,  0.0522243  ])
278528  , -4703.03    , array([ 0.339475   ,  0.0856992  ,  1.71344e-34,  4.49646e-51,  0.0308383  ])
278529  , -4703.03    , array([ 0.339475   ,  0.0856992  ,  1.71344e-34,  4.49646e-51,  0.0308383  ])
278530  , -4696.74    , array([ 0.339815   ,  0.0856992  ,  1.71344e-34,  4.49646e-51,  0.0308383  ])
278531  , -4703.01    , array([ 0.339475   ,  0.085785   ,  1.71344e-34,  4.49646e-51,  0.0308383  ])
278532  , -4703.03    , array([ 0.339475   ,  0.0856992  ,  1.71515e-34,  4.49646e-51,  0.0308383  ])
278533  , -4703.03    , array([ 0.339475   ,  0.0856992  ,  1.71344e-34,  4.50096e-51,  0.0308383  ])
278534  , -4708.41    , array([ 0.339475   ,  0.0856992  ,  1.71344e-34,  4.49646e-51,  0.0308692  ])
278535  , -3764.58    , array([ 0.430207   ,  0.095457   ,  1.71344e-34,  4.49646e-51,  0.0332412  ])
278536  , -3764.58    , array([ 0.430207   ,  0.095457   ,  1.71344e-34,  4.49646e-51,  0.0332412  ])
278537  , -3759.86    , array([ 0.430637   ,  0.095457   ,  1.71344e-34,  4.49646e-51,  0.0332412  ])
278538  , -3765.33    , array([ 0.430207   ,  0.0955525  ,  1.71344e-34,  4.49646e-51,  0.0332412  ])
278539  , -3764.58    , array([ 0.430207   ,  0.095457   ,  1.71515e-34,  4.49646e-51,  0.0332412  ])
278540  , -3764.58    , array([ 0.430207   ,  0.095457   ,  1.71344e-34,  4.50096e-51,  0.0332412  ])
278541  , -3767.94    , array([ 0.430207   ,  0.095457   ,  1.71344e-34,  4.49646e-51,  0.0332745  ])
278542  , -2433.18    , array([ 0.657616   ,  0.0978052  ,  1.71344e-34,  4.49646e-51,  0.0341592  ])
278543  , -2433.18    , array([ 0.657616   ,  0.0978052  ,  1.71344e-34,  4.49646e-51,  0.0341592  ])
278544  , -2431.03    , array([ 0.658274   ,  0.0978052  ,  1.71344e-34,  4.49646e-51,  0.0341592  ])
278545  , -2433.82    , array([ 0.657616   ,  0.097903   ,  1.71344e-34,  4.49646e-51,  0.0341592  ])
278546  , -2433.18    , array([ 0.657616   ,  0.0978052  ,  1.71515e-34,  4.49646e-51,  0.0341592  ])
278547  , -2433.18    , array([ 0.657616   ,  0.0978052  ,  1.71344e-34,  4.50096e-51,  0.0341592  ])
278548  , -2434.57    , array([ 0.657616   ,  0.0978052  ,  1.71344e-34,  4.49646e-51,  0.0341934  ])
278549  , -1899.09    , array([ 0.798647   ,  0.0808478  ,  1.71344e-34,  4.49646e-51,  0.0287709  ])
278550  , -1899.09    , array([ 0.798647   ,  0.0808478  ,  1.71344e-34,  4.49646e-51,  0.0287709  ])
278551  , -1898.11    , array([ 0.799446   ,  0.0808478  ,  1.71344e-34,  4.49646e-51,  0.0287709  ])
278552  , -1899.16    , array([ 0.798647   ,  0.0809287  ,  1.71344e-34,  4.49646e-51,  0.0287709  ])
278553  , -1899.09    , array([ 0.798647   ,  0.0808478  ,  1.71515e-34,  4.49646e-51,  0.0287709  ])
278554  , -1899.09    , array([ 0.798647   ,  0.0808478  ,  1.71344e-34,  4.50096e-51,  0.0287709  ])
278555  , -1899.88    , array([ 0.798647   ,  0.0808478  ,  1.71344e-34,  4.49646e-51,  0.0287997  ])
278556  , -1710.6     , array([ 0.988881   ,  0.0746867  ,  1.71344e-34,  4.49646e-51,  0.0266594  ])
278557  , -1710.6     , array([ 0.988881   ,  0.0746867  ,  1.71344e-34,  4.49646e-51,  0.0266594  ])
278558  , -1710.17    , array([ 0.98987    ,  0.0746867  ,  1.71344e-34,  4.49646e-51,  0.0266594  ])
278559  , -1710.62    , array([ 0.988881   ,  0.0747614  ,  1.71344e-34,  4.49646e-51,  0.0266594  ])
278560  , -1710.6     , array([ 0.988881   ,  0.0746867  ,  1.71515e-34,  4.49646e-51,  0.0266594  ])
278561  , -1710.6     , array([ 0.988881   ,  0.0746867  ,  1.71344e-34,  4.50096e-51,  0.0266594  ])
278562  , -1710.95    , array([ 0.988881   ,  0.0746867  ,  1.71344e-34,  4.49646e-51,  0.0266861  ])
278563  , -1649.85    , array([ 1.17325    ,  0.0708717  ,  1.71344e-34,  4.49646e-51,  0.0253395  ])
278564  , -1649.85    , array([ 1.17325    ,  0.0708717  ,  1.71344e-34,  4.49646e-51,  0.0253395  ])
278565  , -1649.68    , array([ 1.17442    ,  0.0708717  ,  1.71344e-34,  4.49646e-51,  0.0253395  ])
278566  , -1649.85    , array([ 1.17325    ,  0.0709426  ,  1.71344e-34,  4.49646e-51,  0.0253395  ])
278567  , -1649.85    , array([ 1.17325    ,  0.0708717  ,  1.71515e-34,  4.49646e-51,  0.0253395  ])
278568  , -1649.85    , array([ 1.17325    ,  0.0708717  ,  1.71344e-34,  4.50096e-51,  0.0253395  ])
278569  , -1649.99    , array([ 1.17325    ,  0.0708717  ,  1.71344e-34,  4.49646e-51,  0.0253649  ])
278570  , -1634.78    , array([ 1.32066    ,  0.0688121  ,  1.71344e-34,  4.49646e-51,  0.0246271  ])
278571  , -1634.78    , array([ 1.32066    ,  0.0688121  ,  1.71344e-34,  4.49646e-51,  0.0246271  ])
278572  , -1634.72    , array([ 1.32199    ,  0.0688121  ,  1.71344e-34,  4.49646e-51,  0.0246271  ])
278573  , -1634.78    , array([ 1.32066    ,  0.0688809  ,  1.71344e-34,  4.49646e-51,  0.0246271  ])
278574  , -1634.78    , array([ 1.32066    ,  0.0688121  ,  1.71515e-34,  4.49646e-51,  0.0246271  ])
278575  , -1634.78    , array([ 1.32066    ,  0.0688121  ,  1.71344e-34,  4.50096e-51,  0.0246271  ])
278576  , -1634.82    , array([ 1.32066    ,  0.0688121  ,  1.71344e-34,  4.49646e-51,  0.0246518  ])
278577  , -1632.6     , array([ 1.40492    ,  0.0679245  ,  1.71344e-34,  4.49646e-51,  0.0243205  ])
278578  , -1632.6     , array([ 1.40492    ,  0.0679245  ,  1.71344e-34,  4.49646e-51,  0.0243205  ])
278579  , -1632.58    , array([ 1.40632    ,  0.0679245  ,  1.71344e-34,  4.49646e-51,  0.0243205  ])
278580  , -1632.6     , array([ 1.40492    ,  0.0679925  ,  1.71344e-34,  4.49646e-51,  0.0243205  ])
278581  , -1632.6     , array([ 1.40492    ,  0.0679245  ,  1.71515e-34,  4.49646e-51,  0.0243205  ])
278582  , -1632.6     , array([ 1.40492    ,  0.0679245  ,  1.71344e-34,  4.50096e-51,  0.0243205  ])
278583  , -1632.61    , array([ 1.40492    ,  0.0679245  ,  1.71344e-34,  4.49646e-51,  0.0243448  ])
278584  , -1632.53    , array([ 1.43257    ,  0.0676801  ,  1.71344e-34,  4.49646e-51,  0.0242363  ])
278585  , -1632.53    , array([ 1.43257    ,  0.0676801  ,  1.71344e-34,  4.49646e-51,  0.0242363  ])
278586  , -1632.52    , array([ 1.43401    ,  0.0676801  ,  1.71344e-34,  4.49646e-51,  0.0242363  ])
278587  , -1632.53    , array([ 1.43257    ,  0.0677478  ,  1.71344e-34,  4.49646e-51,  0.0242363  ])
278588  , -1632.53    , array([ 1.43257    ,  0.0676801  ,  1.71515e-34,  4.49646e-51,  0.0242363  ])
278589  , -1632.53    , array([ 1.43257    ,  0.0676801  ,  1.71344e-34,  4.50096e-51,  0.0242363  ])
278590  , -1632.53    , array([ 1.43257    ,  0.0676801  ,  1.71344e-34,  4.49646e-51,  0.0242606  ])
278591  , -1632.54    , array([ 1.43636    ,  0.0676511  ,  1.71344e-34,  4.49646e-51,  0.0242264  ])
278592  , -1632.54    , array([ 1.43636    ,  0.0676511  ,  1.71344e-34,  4.49646e-51,  0.0242264  ])
278593  , -1632.54    , array([ 1.4378     ,  0.0676511  ,  1.71344e-34,  4.49646e-51,  0.0242264  ])
278594  , -1632.54    , array([ 1.43636    ,  0.0677188  ,  1.71344e-34,  4.49646e-51,  0.0242264  ])
278595  , -1632.54    , array([ 1.43636    ,  0.0676511  ,  1.71515e-34,  4.49646e-51,  0.0242264  ])
278596  , -1632.54    , array([ 1.43636    ,  0.0676511  ,  1.71344e-34,  4.50096e-51,  0.0242264  ])
278597  , -1632.54    , array([ 1.43636    ,  0.0676511  ,  1.71344e-34,  4.49646e-51,  0.0242507  ])
278598  , -1632.53    , array([ 1.43283    ,  0.0676781  ,  1.71344e-34,  4.49646e-51,  0.0242357  ])
278599  , -1632.53    , array([ 1.43283    ,  0.0676781  ,  1.71344e-34,  4.49646e-51,  0.0242357  ])
278600  , -1632.53    , array([ 1.43426    ,  0.0676781  ,  1.71344e-34,  4.49646e-51,  0.0242357  ])
278601  , -1632.53    , array([ 1.43283    ,  0.0677459  ,  1.71344e-34,  4.49646e-51,  0.0242357  ])
278602  , -1632.53    , array([ 1.43283    ,  0.0676781  ,  1.71515e-34,  4.49646e-51,  0.0242357  ])
278603  , -1632.53    , array([ 1.43283    ,  0.0676781  ,  1.71344e-34,  4.50096e-51,  0.0242357  ])
278604  , -1632.53    , array([ 1.43283    ,  0.0676781  ,  1.71344e-34,  4.49646e-51,  0.0242599  ])
278605  , -1632.53    , array([ 1.43259    ,  0.06768    ,  1.71344e-34,  4.49646e-51,  0.0242363  ])
278606  , -1632.53    , array([ 1.43259    ,  0.06768    ,  1.71344e-34,  4.49646e-51,  0.0242363  ])
278607  , -1632.52    , array([ 1.43402    ,  0.06768    ,  1.71344e-34,  4.49646e-51,  0.0242363  ])
278608  , -1632.53    , array([ 1.43259    ,  0.0677477  ,  1.71344e-34,  4.49646e-51,  0.0242363  ])
278609  , -1632.53    , array([ 1.43259    ,  0.06768    ,  1.71515e-34,  4.49646e-51,  0.0242363  ])
278610  , -1632.53    , array([ 1.43259    ,  0.06768    ,  1.71344e-34,  4.50096e-51,  0.0242363  ])
278611  , -1632.53    , array([ 1.43259    ,  0.06768    ,  1.71344e-34,  4.49646e-51,  0.0242605  ])
278612  , -1632.53    , array([ 1.43257    ,  0.0676801  ,  1.71344e-34,  4.49646e-51,  0.0242363  ])
278613  , -1632.53    , array([ 1.43257    ,  0.0676801  ,  1.71344e-34,  4.49646e-51,  0.0242363  ])
278614  , -1632.52    , array([ 1.43401    ,  0.0676801  ,  1.71344e-34,  4.49646e-51,  0.0242363  ])
278615  , -1632.53    , array([ 1.43257    ,  0.0677478  ,  1.71344e-34,  4.49646e-51,  0.0242363  ])
278616  , -1632.53    , array([ 1.43257    ,  0.0676801  ,  1.71515e-34,  4.49646e-51,  0.0242363  ])
278617  , -1632.53    , array([ 1.43257    ,  0.0676801  ,  1.71344e-34,  4.50096e-51,  0.0242363  ])
278618  , -1632.53    , array([ 1.43257    ,  0.0676801  ,  1.71344e-34,  4.49646e-51,  0.0242606  ])
278619  , -1632.53    , array([ 1.43257    ,  0.0676801  ,  1.71344e-34,  4.49646e-51,  0.0242363  ])
278620  , -1632.53    , array([ 1.43257    ,  0.0676801  ,  1.71344e-34,  4.49646e-51,  0.0242363  ])
278621  , -1632.52    , array([ 1.43401    ,  0.0676801  ,  1.71344e-34,  4.49646e-51,  0.0242363  ])
278622  , -1632.53    , array([ 1.43257    ,  0.0677478  ,  1.71344e-34,  4.49646e-51,  0.0242363  ])
278623  , -1632.53    , array([ 1.43257    ,  0.0676801  ,  1.71515e-34,  4.49646e-51,  0.0242363  ])
278624  , -1632.53    , array([ 1.43257    ,  0.0676801  ,  1.71344e-34,  4.50096e-51,  0.0242363  ])
278625  , -1632.53    , array([ 1.43257    ,  0.0676801  ,  1.71344e-34,  4.49646e-51,  0.0242606  ])
278626  , -1632.53    , array([ 1.43257    ,  0.0676801  ,  1.71344e-34,  4.49646e-51,  0.0242363  ])
278627  , -1632.53    , array([ 1.43257    ,  0.0676801  ,  1.71344e-34,  4.49646e-51,  0.0242363  ])
278628  , -1632.52    , array([ 1.43401    ,  0.0676801  ,  1.71344e-34,  4.49646e-51,  0.0242363  ])
278629  , -1632.53    , array([ 1.43257    ,  0.0677478  ,  1.71344e-34,  4.49646e-51,  0.0242363  ])
278630  , -1632.53    , array([ 1.43257    ,  0.0676801  ,  1.71515e-34,  4.49646e-51,  0.0242363  ])
278631  , -1632.53    , array([ 1.43257    ,  0.0676801  ,  1.71344e-34,  4.50096e-51,  0.0242363  ])
278632  , -1632.53    , array([ 1.43257    ,  0.0676801  ,  1.71344e-34,  4.49646e-51,  0.0242606  ])
278633  , -1632.53    , array([ 1.43257    ,  0.0676801  ,  1.71344e-34,  4.49646e-51,  0.0242363  ])
278634  , -1632.53    , array([ 1.43257    ,  0.0676801  ,  1.71344e-34,  4.49646e-51,  0.0242363  ])
278635  , -1632.52    , array([ 1.43401    ,  0.0676801  ,  1.71344e-34,  4.49646e-51,  0.0242363  ])
278636  , -1632.53    , array([ 1.43257    ,  0.0677478  ,  1.71344e-34,  4.49646e-51,  0.0242363  ])
278637  , -1632.53    , array([ 1.43257    ,  0.0676801  ,  1.71515e-34,  4.49646e-51,  0.0242363  ])
278638  , -1632.53    , array([ 1.43257    ,  0.0676801  ,  1.71344e-34,  4.50096e-51,  0.0242363  ])
278639  , -1632.53    , array([ 1.43257    ,  0.0676801  ,  1.71344e-34,  4.49646e-51,  0.0242606  ])
278640  , -1632.53    , array([ 1.43257    ,  0.0676801  ,  1.71344e-34,  4.49646e-51,  0.0242363  ])
278641  , -1632.53    , array([ 1.43257    ,  0.0676801  ,  1.71344e-34,  4.49646e-51,  0.0242363  ])
278642  , -1632.52    , array([ 1.43401    ,  0.0676801  ,  1.71344e-34,  4.49646e-51,  0.0242363  ])
278643  , -1632.53    , array([ 1.43257    ,  0.0677478  ,  1.71344e-34,  4.49646e-51,  0.0242363  ])
278644  , -1632.53    , array([ 1.43257    ,  0.0676801  ,  1.71515e-34,  4.49646e-51,  0.0242363  ])
278645  , -1632.53    , array([ 1.43257    ,  0.0676801  ,  1.71344e-34,  4.50096e-51,  0.0242363  ])
278646  , -1632.53    , array([ 1.43257    ,  0.0676801  ,  1.71344e-34,  4.49646e-51,  0.0242606  ])
278647  , -1632.53    , array([ 1.43257    ,  0.0676801  ,  1.71344e-34,  4.49646e-51,  0.0242363  ])
278648  , -1632.53    , array([ 1.43257    ,  0.0676801  ,  1.71344e-34,  4.49646e-51,  0.0242363  ])
278649  , -1632.52    , array([ 1.43401    ,  0.0676801  ,  1.71344e-34,  4.49646e-51,  0.0242363  ])
278650  , -1632.53    , array([ 1.43257    ,  0.0677478  ,  1.71344e-34,  4.49646e-51,  0.0242363  ])
278651  , -1632.53    , array([ 1.43257    ,  0.0676801  ,  1.71515e-34,  4.49646e-51,  0.0242363  ])
278652  , -1632.53    , array([ 1.43257    ,  0.0676801  ,  1.71344e-34,  4.50096e-51,  0.0242363  ])
278653  , -1632.53    , array([ 1.43257    ,  0.0676801  ,  1.71344e-34,  4.49646e-51,  0.0242606  ])
278654  , -1632.53    , array([ 1.43257    ,  0.0676801  ,  1.71344e-34,  4.49646e-51,  0.0242363  ])
278655  , -1632.53    , array([ 1.43257    ,  0.0676801  ,  1.71344e-34,  4.49646e-51,  0.0242363  ])
278656  , -1632.52    , array([ 1.43401    ,  0.0676801  ,  1.71344e-34,  4.49646e-51,  0.0242363  ])
278657  , -1632.53    , array([ 1.43257    ,  0.0677478  ,  1.71344e-34,  4.49646e-51,  0.0242363  ])
278658  , -1632.53    , array([ 1.43257    ,  0.0676801  ,  1.71515e-34,  4.49646e-51,  0.0242363  ])
278659  , -1632.53    , array([ 1.43257    ,  0.0676801  ,  1.71344e-34,  4.50096e-51,  0.0242363  ])
278660  , -1632.53    , array([ 1.43257    ,  0.0676801  ,  1.71344e-34,  4.49646e-51,  0.0242606  ])
278661  , -1632.53    , array([ 1.43257    ,  0.0676801  ,  1.71344e-34,  4.49646e-51,  0.0242363  ])
278662  , -1632.53    , array([ 1.43257    ,  0.0676801  ,  1.71344e-34,  4.49646e-51,  0.0242363  ])
278663  , -1632.52    , array([ 1.43401    ,  0.0676801  ,  1.71344e-34,  4.49646e-51,  0.0242363  ])
278664  , -1632.53    , array([ 1.43257    ,  0.0677478  ,  1.71344e-34,  4.49646e-51,  0.0242363  ])
278665  , -1632.53    , array([ 1.43257    ,  0.0676801  ,  1.71515e-34,  4.49646e-51,  0.0242363  ])
278666  , -1632.53    , array([ 1.43257    ,  0.0676801  ,  1.71344e-34,  4.50096e-51,  0.0242363  ])
278667  , -1632.53    , array([ 1.43257    ,  0.0676801  ,  1.71344e-34,  4.49646e-51,  0.0242606  ])
278668  , -1632.53    , array([ 1.43257    ,  0.0676801  ,  1.71344e-34,  4.49646e-51,  0.0242363  ])
278669  , -1632.53    , array([ 1.43257    ,  0.0676801  ,  1.71344e-34,  4.49646e-51,  0.0242363  ])
278670  , -1632.52    , array([ 1.43401    ,  0.0676801  ,  1.71344e-34,  4.49646e-51,  0.0242363  ])
278671  , -1632.53    , array([ 1.43257    ,  0.0677478  ,  1.71344e-34,  4.49646e-51,  0.0242363  ])
278672  , -1632.53    , array([ 1.43257    ,  0.0676801  ,  1.71515e-34,  4.49646e-51,  0.0242363  ])
278673  , -1632.53    , array([ 1.43257    ,  0.0676801  ,  1.71344e-34,  4.50096e-51,  0.0242363  ])
278674  , -1632.53    , array([ 1.43257    ,  0.0676801  ,  1.71344e-34,  4.49646e-51,  0.0242606  ])
278675  , -1632.53    , array([ 1.43257    ,  0.0676801  ,  1.71344e-34,  4.49646e-51,  0.0242363  ])
278676  , -1632.53    , array([ 1.43257    ,  0.0676801  ,  1.71344e-34,  4.49646e-51,  0.0242363  ])
278677  , -1632.52    , array([ 1.43401    ,  0.0676801  ,  1.71344e-34,  4.49646e-51,  0.0242363  ])
278678  , -1632.53    , array([ 1.43257    ,  0.0677478  ,  1.71344e-34,  4.49646e-51,  0.0242363  ])
278679  , -1632.53    , array([ 1.43257    ,  0.0676801  ,  1.71515e-34,  4.49646e-51,  0.0242363  ])
278680  , -1632.53    , array([ 1.43257    ,  0.0676801  ,  1.71344e-34,  4.50096e-51,  0.0242363  ])
278681  , -1632.53    , array([ 1.43257    ,  0.0676801  ,  1.71344e-34,  4.49646e-51,  0.0242606  ])
278682  , -1632.53    , array([ 1.43257    ,  0.0676801  ,  1.71344e-34,  4.49646e-51,  0.0242363  ])
278683  , -1632.53    , array([ 1.43257    ,  0.0676801  ,  1.71344e-34,  4.49646e-51,  0.0242363  ])
278684  , -1632.52    , array([ 1.43401    ,  0.0676801  ,  1.71344e-34,  4.49646e-51,  0.0242363  ])
278685  , -1632.53    , array([ 1.43257    ,  0.0677478  ,  1.71344e-34,  4.49646e-51,  0.0242363  ])
278686  , -1632.53    , array([ 1.43257    ,  0.0676801  ,  1.71515e-34,  4.49646e-51,  0.0242363  ])
278687  , -1632.53    , array([ 1.43257    ,  0.0676801  ,  1.71344e-34,  4.50096e-51,  0.0242363  ])
278688  , -1632.53    , array([ 1.43257    ,  0.0676801  ,  1.71344e-34,  4.49646e-51,  0.0242606  ])
278689  , -1632.53    , array([ 1.43257    ,  0.0676801  ,  1.71344e-34,  4.49646e-51,  0.0242363  ])
278690  , -1632.53    , array([ 1.43257    ,  0.0676801  ,  1.71344e-34,  4.49646e-51,  0.0242363  ])
278691  , -1632.52    , array([ 1.43401    ,  0.0676801  ,  1.71344e-34,  4.49646e-51,  0.0242363  ])
278692  , -1632.53    , array([ 1.43257    ,  0.0677478  ,  1.71344e-34,  4.49646e-51,  0.0242363  ])
278693  , -1632.53    , array([ 1.43257    ,  0.0676801  ,  1.71515e-34,  4.49646e-51,  0.0242363  ])
278694  , -1632.53    , array([ 1.43257    ,  0.0676801  ,  1.71344e-34,  4.50096e-51,  0.0242363  ])
278695  , -1632.53    , array([ 1.43257    ,  0.0676801  ,  1.71344e-34,  4.49646e-51,  0.0242606  ])
278696  , -1632.53    , array([ 1.43257    ,  0.0676801  ,  1.71344e-34,  4.49646e-51,  0.0242363  ])
278697  , -1632.53    , array([ 1.43257    ,  0.0676801  ,  1.71344e-34,  4.49646e-51,  0.0242363  ])
278698  , -1632.52    , array([ 1.43401    ,  0.0676801  ,  1.71344e-34,  4.49646e-51,  0.0242363  ])
278699  , -1632.53    , array([ 1.43257    ,  0.0677478  ,  1.71344e-34,  4.49646e-51,  0.0242363  ])
278700  , -1632.53    , array([ 1.43257    ,  0.0676801  ,  1.71515e-34,  4.49646e-51,  0.0242363  ])
278701  , -1632.53    , array([ 1.43257    ,  0.0676801  ,  1.71344e-34,  4.50096e-51,  0.0242363  ])
278702  , -1632.53    , array([ 1.43257    ,  0.0676801  ,  1.71344e-34,  4.49646e-51,  0.0242606  ])
278703  , -1632.53    , array([ 1.43257    ,  0.0676801  ,  1.71344e-34,  4.49646e-51,  0.0242363  ])
278704  , -1632.53    , array([ 1.43257    ,  0.0676801  ,  1.71344e-34,  4.49646e-51,  0.0242363  ])
278705  , -1632.52    , array([ 1.43401    ,  0.0676801  ,  1.71344e-34,  4.49646e-51,  0.0242363  ])
278706  , -1632.53    , array([ 1.43257    ,  0.0677478  ,  1.71344e-34,  4.49646e-51,  0.0242363  ])
278707  , -1632.53    , array([ 1.43257    ,  0.0676801  ,  1.71515e-34,  4.49646e-51,  0.0242363  ])
278708  , -1632.53    , array([ 1.43257    ,  0.0676801  ,  1.71344e-34,  4.50096e-51,  0.0242363  ])
278709  , -1632.53    , array([ 1.43257    ,  0.0676801  ,  1.71344e-34,  4.49646e-51,  0.0242606  ])
278710  , -1632.53    , array([ 1.43257    ,  0.0676801  ,  1.71344e-34,  4.49646e-51,  0.0242363  ])
278711  , -1632.53    , array([ 1.43257    ,  0.0676801  ,  1.71344e-34,  4.49646e-51,  0.0242363  ])
278712  , -1632.52    , array([ 1.43401    ,  0.0676801  ,  1.71344e-34,  4.49646e-51,  0.0242363  ])
278713  , -1632.53    , array([ 1.43257    ,  0.0677478  ,  1.71344e-34,  4.49646e-51,  0.0242363  ])
278714  , -1632.53    , array([ 1.43257    ,  0.0676801  ,  1.71515e-34,  4.49646e-51,  0.0242363  ])
278715  , -1632.53    , array([ 1.43257    ,  0.0676801  ,  1.71344e-34,  4.50096e-51,  0.0242363  ])
278716  , -1632.53    , array([ 1.43257    ,  0.0676801  ,  1.71344e-34,  4.49646e-51,  0.0242606  ])
278717  , -1632.53    , array([ 1.43257    ,  0.0676801  ,  1.71344e-34,  4.49646e-51,  0.0242363  ])
278718  , -1632.53    , array([ 1.43257    ,  0.0676801  ,  1.71344e-34,  4.49646e-51,  0.0242363  ])
278719  , -1632.52    , array([ 1.43401    ,  0.0676801  ,  1.71344e-34,  4.49646e-51,  0.0242363  ])
278720  , -1632.53    , array([ 1.43257    ,  0.0677478  ,  1.71344e-34,  4.49646e-51,  0.0242363  ])
278721  , -1632.53    , array([ 1.43257    ,  0.0676801  ,  1.71515e-34,  4.49646e-51,  0.0242363  ])
278722  , -1632.53    , array([ 1.43257    ,  0.0676801  ,  1.71344e-34,  4.50096e-51,  0.0242363  ])
278723  , -1632.53    , array([ 1.43257    ,  0.0676801  ,  1.71344e-34,  4.49646e-51,  0.0242606  ])
278724  , -1632.53    , array([ 1.43257    ,  0.0676801  ,  1.71344e-34,  4.49646e-51,  0.0242363  ])
278725  , -1632.53    , array([ 1.43257    ,  0.0676801  ,  1.71344e-34,  4.49646e-51,  0.0242363  ])
278726  , -1632.52    , array([ 1.43401    ,  0.0676801  ,  1.71344e-34,  4.49646e-51,  0.0242363  ])
278727  , -1632.53    , array([ 1.43257    ,  0.0677478  ,  1.71344e-34,  4.49646e-51,  0.0242363  ])
278728  , -1632.53    , array([ 1.43257    ,  0.0676801  ,  1.71515e-34,  4.49646e-51,  0.0242363  ])
278729  , -1632.53    , array([ 1.43257    ,  0.0676801  ,  1.71344e-34,  4.50096e-51,  0.0242363  ])
278730  , -1632.53    , array([ 1.43257    ,  0.0676801  ,  1.71344e-34,  4.49646e-51,  0.0242606  ])
278731  , -1632.53    , array([ 1.43257    ,  0.0676801  ,  1.71344e-34,  4.49646e-51,  0.0242363  ])
278732  , -1632.53    , array([ 1.43257    ,  0.0676801  ,  1.71344e-34,  4.49646e-51,  0.0242363  ])
278733  , -1632.52    , array([ 1.43401    ,  0.0676801  ,  1.71344e-34,  4.49646e-51,  0.0242363  ])
278734  , -1632.53    , array([ 1.43257    ,  0.0677478  ,  1.71344e-34,  4.49646e-51,  0.0242363  ])
278735  , -1632.53    , array([ 1.43257    ,  0.0676801  ,  1.71515e-34,  4.49646e-51,  0.0242363  ])
278736  , -1632.53    , array([ 1.43257    ,  0.0676801  ,  1.71344e-34,  4.50096e-51,  0.0242363  ])
278737  , -1632.53    , array([ 1.43257    ,  0.0676801  ,  1.71344e-34,  4.49646e-51,  0.0242606  ])
278738  , -1632.53    , array([ 1.43257    ,  0.0676801  ,  1.71344e-34,  4.49646e-51,  0.0242363  ])
278739  , -1632.53    , array([ 1.43257    ,  0.0676801  ,  1.71344e-34,  4.49646e-51,  0.0242363  ])
278740  , -1632.52    , array([ 1.43401    ,  0.0676801  ,  1.71344e-34,  4.49646e-51,  0.0242363  ])
278741  , -1632.53    , array([ 1.43257    ,  0.0677478  ,  1.71344e-34,  4.49646e-51,  0.0242363  ])
278742  , -1632.53    , array([ 1.43257    ,  0.0676801  ,  1.71515e-34,  4.49646e-51,  0.0242363  ])
278743  , -1632.53    , array([ 1.43257    ,  0.0676801  ,  1.71344e-34,  4.50096e-51,  0.0242363  ])
278744  , -1632.53    , array([ 1.43257    ,  0.0676801  ,  1.71344e-34,  4.49646e-51,  0.0242606  ])
278745  , -1632.53    , array([ 1.43257    ,  0.0676801  ,  1.71344e-34,  4.49646e-51,  0.0242363  ])
278746  , -1632.53    , array([ 1.43257    ,  0.0676801  ,  1.71344e-34,  4.49646e-51,  0.0242363  ])
278747  , -1632.52    , array([ 1.43401    ,  0.0676801  ,  1.71344e-34,  4.49646e-51,  0.0242363  ])
278748  , -1632.53    , array([ 1.43257    ,  0.0677478  ,  1.71344e-34,  4.49646e-51,  0.0242363  ])
278749  , -1632.53    , array([ 1.43257    ,  0.0676801  ,  1.71515e-34,  4.49646e-51,  0.0242363  ])
278750  , -1632.53    , array([ 1.43257    ,  0.0676801  ,  1.71344e-34,  4.50096e-51,  0.0242363  ])
278751  , -1632.53    , array([ 1.43257    ,  0.0676801  ,  1.71344e-34,  4.49646e-51,  0.0242606  ])
278752  , -1632.53    , array([ 1.43257    ,  0.0676801  ,  1.71344e-34,  4.49646e-51,  0.0242363  ])
278753  , -1632.53    , array([ 1.43257    ,  0.0676801  ,  1.71344e-34,  4.49646e-51,  0.0242363  ])
278754  , -1632.52    , array([ 1.43401    ,  0.0676801  ,  1.71344e-34,  4.49646e-51,  0.0242363  ])
278755  , -1632.53    , array([ 1.43257    ,  0.0677478  ,  1.71344e-34,  4.49646e-51,  0.0242363  ])
278756  , -1632.53    , array([ 1.43257    ,  0.0676801  ,  1.71515e-34,  4.49646e-51,  0.0242363  ])
278757  , -1632.53    , array([ 1.43257    ,  0.0676801  ,  1.71344e-34,  4.50096e-51,  0.0242363  ])
278758  , -1632.53    , array([ 1.43257    ,  0.0676801  ,  1.71344e-34,  4.49646e-51,  0.0242606  ])
278759  , -1632.53    , array([ 1.43257    ,  0.0676801  ,  1.71344e-34,  4.49646e-51,  0.0242363  ])
278760  , -1632.53    , array([ 1.43257    ,  0.0676801  ,  1.71344e-34,  4.49646e-51,  0.0242363  ])
278761  , -1632.52    , array([ 1.43401    ,  0.0676801  ,  1.71344e-34,  4.49646e-51,  0.0242363  ])
278762  , -1632.53    , array([ 1.43257    ,  0.0677478  ,  1.71344e-34,  4.49646e-51,  0.0242363  ])
278763  , -1632.53    , array([ 1.43257    ,  0.0676801  ,  1.71515e-34,  4.49646e-51,  0.0242363  ])
278764  , -1632.53    , array([ 1.43257    ,  0.0676801  ,  1.71344e-34,  4.50096e-51,  0.0242363  ])
278765  , -1632.53    , array([ 1.43257    ,  0.0676801  ,  1.71344e-34,  4.49646e-51,  0.0242606  ])
278766  , -1632.53    , array([ 1.43257    ,  0.0676801  ,  1.71344e-34,  4.49646e-51,  0.0242363  ])
278767  , -1632.53    , array([ 1.43257    ,  0.0676801  ,  1.71344e-34,  4.49646e-51,  0.0242363  ])
278768  , -1632.52    , array([ 1.43401    ,  0.0676801  ,  1.71344e-34,  4.49646e-51,  0.0242363  ])
278769  , -1632.53    , array([ 1.43257    ,  0.0677478  ,  1.71344e-34,  4.49646e-51,  0.0242363  ])
278770  , -1632.53    , array([ 1.43257    ,  0.0676801  ,  1.71515e-34,  4.49646e-51,  0.0242363  ])
278771  , -1632.53    , array([ 1.43257    ,  0.0676801  ,  1.71344e-34,  4.50096e-51,  0.0242363  ])
278772  , -1632.53    , array([ 1.43257    ,  0.0676801  ,  1.71344e-34,  4.49646e-51,  0.0242606  ])
278773  , -1632.53    , array([ 1.43257    ,  0.0676801  ,  1.71344e-34,  4.49646e-51,  0.0242363  ])
278774  , -1632.53    , array([ 1.43257    ,  0.0676801  ,  1.71344e-34,  4.49646e-51,  0.0242363  ])
278775  , -1632.52    , array([ 1.43401    ,  0.0676801  ,  1.71344e-34,  4.49646e-51,  0.0242363  ])
278776  , -1632.53    , array([ 1.43257    ,  0.0677478  ,  1.71344e-34,  4.49646e-51,  0.0242363  ])
278777  , -1632.53    , array([ 1.43257    ,  0.0676801  ,  1.71515e-34,  4.49646e-51,  0.0242363  ])
278778  , -1632.53    , array([ 1.43257    ,  0.0676801  ,  1.71344e-34,  4.50096e-51,  0.0242363  ])
278779  , -1632.53    , array([ 1.43257    ,  0.0676801  ,  1.71344e-34,  4.49646e-51,  0.0242606  ])
278780  , -1632.53    , array([ 1.43257    ,  0.0676801  ,  1.71344e-34,  4.49646e-51,  0.0242363  ])
278781  , -1632.53    , array([ 1.43257    ,  0.0676801  ,  1.71344e-34,  4.49646e-51,  0.0242363  ])
278782  , -1632.52    , array([ 1.43401    ,  0.0676801  ,  1.71344e-34,  4.49646e-51,  0.0242363  ])
278783  , -1632.53    , array([ 1.43257    ,  0.0677478  ,  1.71344e-34,  4.49646e-51,  0.0242363  ])
278784  , -1632.53    , array([ 1.43257    ,  0.0676801  ,  1.71515e-34,  4.49646e-51,  0.0242363  ])
278785  , -1632.53    , array([ 1.43257    ,  0.0676801  ,  1.71344e-34,  4.50096e-51,  0.0242363  ])
278786  , -1632.53    , array([ 1.43257    ,  0.0676801  ,  1.71344e-34,  4.49646e-51,  0.0242606  ])
278787  , -1632.53    , array([ 1.43257    ,  0.0676801  ,  1.71344e-34,  4.49646e-51,  0.0242363  ])
278788  , -1632.53    , array([ 1.43257    ,  0.0676801  ,  1.71344e-34,  4.49646e-51,  0.0242363  ])
278789  , -1632.52    , array([ 1.43401    ,  0.0676801  ,  1.71344e-34,  4.49646e-51,  0.0242363  ])
278790  , -1632.53    , array([ 1.43257    ,  0.0677478  ,  1.71344e-34,  4.49646e-51,  0.0242363  ])
278791  , -1632.53    , array([ 1.43257    ,  0.0676801  ,  1.71515e-34,  4.49646e-51,  0.0242363  ])
278792  , -1632.53    , array([ 1.43257    ,  0.0676801  ,  1.71344e-34,  4.50096e-51,  0.0242363  ])
278793  , -1632.53    , array([ 1.43257    ,  0.0676801  ,  1.71344e-34,  4.49646e-51,  0.0242606  ])
278794  , -1632.53    , array([ 1.43257    ,  0.0676801  ,  1.71344e-34,  4.49646e-51,  0.0242363  ])
278795  , -1632.53    , array([ 1.43257    ,  0.0676801  ,  1.71344e-34,  4.49646e-51,  0.0242363  ])
278796  , -1632.52    , array([ 1.43401    ,  0.0676801  ,  1.71344e-34,  4.49646e-51,  0.0242363  ])
278797  , -1632.53    , array([ 1.43257    ,  0.0677478  ,  1.71344e-34,  4.49646e-51,  0.0242363  ])
278798  , -1632.53    , array([ 1.43257    ,  0.0676801  ,  1.71515e-34,  4.49646e-51,  0.0242363  ])
278799  , -1632.53    , array([ 1.43257    ,  0.0676801  ,  1.71344e-34,  4.50096e-51,  0.0242363  ])
278800  , -1632.53    , array([ 1.43257    ,  0.0676801  ,  1.71344e-34,  4.49646e-51,  0.0242606  ])
278801  , -1632.53    , array([ 1.43257    ,  0.0676801  ,  1.71344e-34,  4.49646e-51,  0.0242363  ])
278802  , -1632.53    , array([ 1.43257    ,  0.0676801  ,  1.71344e-34,  4.49646e-51,  0.0242363  ])
278803  , -1632.52    , array([ 1.43401    ,  0.0676801  ,  1.71344e-34,  4.49646e-51,  0.0242363  ])
278804  , -1632.53    , array([ 1.43257    ,  0.0677478  ,  1.71344e-34,  4.49646e-51,  0.0242363  ])
278805  , -1632.53    , array([ 1.43257    ,  0.0676801  ,  1.71515e-34,  4.49646e-51,  0.0242363  ])
278806  , -1632.53    , array([ 1.43257    ,  0.0676801  ,  1.71344e-34,  4.50096e-51,  0.0242363  ])
278807  , -1632.53    , array([ 1.43257    ,  0.0676801  ,  1.71344e-34,  4.49646e-51,  0.0242606  ])
278808  , -1632.53    , array([ 1.43257    ,  0.0676801  ,  1.71344e-34,  4.49646e-51,  0.0242363  ])
278809  , -1632.53    , array([ 1.43257    ,  0.0676801  ,  1.71344e-34,  4.49646e-51,  0.0242363  ])
278810  , -1632.52    , array([ 1.43401    ,  0.0676801  ,  1.71344e-34,  4.49646e-51,  0.0242363  ])
278811  , -1632.53    , array([ 1.43257    ,  0.0677478  ,  1.71344e-34,  4.49646e-51,  0.0242363  ])
278812  , -1632.53    , array([ 1.43257    ,  0.0676801  ,  1.71515e-34,  4.49646e-51,  0.0242363  ])
278813  , -1632.53    , array([ 1.43257    ,  0.0676801  ,  1.71344e-34,  4.50096e-51,  0.0242363  ])
278814  , -1632.53    , array([ 1.43257    ,  0.0676801  ,  1.71344e-34,  4.49646e-51,  0.0242606  ])
278815  , -1632.53    , array([ 1.43257    ,  0.0676801  ,  1.71344e-34,  4.49646e-51,  0.0242363  ])
278816  , -1632.53    , array([ 1.43257    ,  0.0676801  ,  1.71344e-34,  4.49646e-51,  0.0242363  ])
278817  , -1632.52    , array([ 1.43401    ,  0.0676801  ,  1.71344e-34,  4.49646e-51,  0.0242363  ])
278818  , -1632.53    , array([ 1.43257    ,  0.0677478  ,  1.71344e-34,  4.49646e-51,  0.0242363  ])
278819  , -1632.53    , array([ 1.43257    ,  0.0676801  ,  1.71515e-34,  4.49646e-51,  0.0242363  ])
278820  , -1632.53    , array([ 1.43257    ,  0.0676801  ,  1.71344e-34,  4.50096e-51,  0.0242363  ])
278821  , -1632.53    , array([ 1.43257    ,  0.0676801  ,  1.71344e-34,  4.49646e-51,  0.0242606  ])
278822  , -1632.53    , array([ 1.43257    ,  0.0676801  ,  1.71344e-34,  4.49646e-51,  0.0242363  ])
278823  , -1632.53    , array([ 1.43257    ,  0.0676801  ,  1.71344e-34,  4.49646e-51,  0.0242363  ])
278824  , -1632.52    , array([ 1.43401    ,  0.0676801  ,  1.71344e-34,  4.49646e-51,  0.0242363  ])
278825  , -1632.53    , array([ 1.43257    ,  0.0677478  ,  1.71344e-34,  4.49646e-51,  0.0242363  ])
278826  , -1632.53    , array([ 1.43257    ,  0.0676801  ,  1.71515e-34,  4.49646e-51,  0.0242363  ])
278827  , -1632.53    , array([ 1.43257    ,  0.0676801  ,  1.71344e-34,  4.50096e-51,  0.0242363  ])
278828  , -1632.53    , array([ 1.43257    ,  0.0676801  ,  1.71344e-34,  4.49646e-51,  0.0242606  ])
278829  , -1632.53    , array([ 1.43257    ,  0.0676801  ,  1.71344e-34,  4.49646e-51,  0.0242363  ])
278830  , -1632.53    , array([ 1.43257    ,  0.0676801  ,  1.71344e-34,  4.49646e-51,  0.0242363  ])
278831  , -1632.52    , array([ 1.43401    ,  0.0676801  ,  1.71344e-34,  4.49646e-51,  0.0242363  ])
278832  , -1632.53    , array([ 1.43257    ,  0.0677478  ,  1.71344e-34,  4.49646e-51,  0.0242363  ])
278833  , -1632.53    , array([ 1.43257    ,  0.0676801  ,  1.71515e-34,  4.49646e-51,  0.0242363  ])
278834  , -1632.53    , array([ 1.43257    ,  0.0676801  ,  1.71344e-34,  4.50096e-51,  0.0242363  ])
278835  , -1632.53    , array([ 1.43257    ,  0.0676801  ,  1.71344e-34,  4.49646e-51,  0.0242606  ])
278836  , -1632.53    , array([ 1.43257    ,  0.0676801  ,  1.71344e-34,  4.49646e-51,  0.0242363  ])
278837  , -1632.53    , array([ 1.43257    ,  0.0676801  ,  1.71344e-34,  4.49646e-51,  0.0242363  ])
278838  , -1632.52    , array([ 1.43401    ,  0.0676801  ,  1.71344e-34,  4.49646e-51,  0.0242363  ])
278839  , -1632.53    , array([ 1.43257    ,  0.0677478  ,  1.71344e-34,  4.49646e-51,  0.0242363  ])
278840  , -1632.53    , array([ 1.43257    ,  0.0676801  ,  1.71515e-34,  4.49646e-51,  0.0242363  ])
278841  , -1632.53    , array([ 1.43257    ,  0.0676801  ,  1.71344e-34,  4.50096e-51,  0.0242363  ])
278842  , -1632.53    , array([ 1.43257    ,  0.0676801  ,  1.71344e-34,  4.49646e-51,  0.0242606  ])
278843  , -1632.53    , array([ 1.43257    ,  0.0676801  ,  1.71344e-34,  4.49646e-51,  0.0242363  ])
278844  , -1632.53    , array([ 1.43257    ,  0.0676801  ,  1.71344e-34,  4.49646e-51,  0.0242363  ])
278845  , -1632.52    , array([ 1.43401    ,  0.0676801  ,  1.71344e-34,  4.49646e-51,  0.0242363  ])
278846  , -1632.53    , array([ 1.43257    ,  0.0677478  ,  1.71344e-34,  4.49646e-51,  0.0242363  ])
278847  , -1632.53    , array([ 1.43257    ,  0.0676801  ,  1.71515e-34,  4.49646e-51,  0.0242363  ])
278848  , -1632.53    , array([ 1.43257    ,  0.0676801  ,  1.71344e-34,  4.50096e-51,  0.0242363  ])
278849  , -1632.53    , array([ 1.43257    ,  0.0676801  ,  1.71344e-34,  4.49646e-51,  0.0242606  ])
278850  , -1632.53    , array([ 1.43257    ,  0.0676801  ,  1.71344e-34,  4.49646e-51,  0.0242363  ])
278851  , -1632.53    , array([ 1.43257    ,  0.0676801  ,  1.71344e-34,  4.49646e-51,  0.0242363  ])
278852  , -1632.52    , array([ 1.43401    ,  0.0676801  ,  1.71344e-34,  4.49646e-51,  0.0242363  ])
278853  , -1632.53    , array([ 1.43257    ,  0.0677478  ,  1.71344e-34,  4.49646e-51,  0.0242363  ])
278854  , -1632.53    , array([ 1.43257    ,  0.0676801  ,  1.71515e-34,  4.49646e-51,  0.0242363  ])
278855  , -1632.53    , array([ 1.43257    ,  0.0676801  ,  1.71344e-34,  4.50096e-51,  0.0242363  ])
278856  , -1632.53    , array([ 1.43257    ,  0.0676801  ,  1.71344e-34,  4.49646e-51,  0.0242606  ])
278857  , -1632.53    , array([ 1.43257    ,  0.0676801  ,  1.71344e-34,  4.49646e-51,  0.0242363  ])
278858  , -1632.53    , array([ 1.43257    ,  0.0676801  ,  1.71344e-34,  4.49646e-51,  0.0242363  ])
278859  , -1632.52    , array([ 1.43401    ,  0.0676801  ,  1.71344e-34,  4.49646e-51,  0.0242363  ])
278860  , -1632.53    , array([ 1.43257    ,  0.0677478  ,  1.71344e-34,  4.49646e-51,  0.0242363  ])
278861  , -1632.53    , array([ 1.43257    ,  0.0676801  ,  1.71515e-34,  4.49646e-51,  0.0242363  ])
278862  , -1632.53    , array([ 1.43257    ,  0.0676801  ,  1.71344e-34,  4.50096e-51,  0.0242363  ])
278863  , -1632.53    , array([ 1.43257    ,  0.0676801  ,  1.71344e-34,  4.49646e-51,  0.0242606  ])
278864  , -1632.53    , array([ 1.43257    ,  0.0676801  ,  1.71344e-34,  4.49646e-51,  0.0242363  ])
278865  , -1632.53    , array([ 1.43257    ,  0.0676801  ,  1.71344e-34,  4.49646e-51,  0.0242363  ])
278866  , -1632.52    , array([ 1.43401    ,  0.0676801  ,  1.71344e-34,  4.49646e-51,  0.0242363  ])
278867  , -1632.53    , array([ 1.43257    ,  0.0677478  ,  1.71344e-34,  4.49646e-51,  0.0242363  ])
278868  , -1632.53    , array([ 1.43257    ,  0.0676801  ,  1.71515e-34,  4.49646e-51,  0.0242363  ])
278869  , -1632.53    , array([ 1.43257    ,  0.0676801  ,  1.71344e-34,  4.50096e-51,  0.0242363  ])
278870  , -1632.53    , array([ 1.43257    ,  0.0676801  ,  1.71344e-34,  4.49646e-51,  0.0242606  ])
278871  , -1632.53    , array([ 1.43257    ,  0.0676801  ,  1.71344e-34,  4.49646e-51,  0.0242363  ])
278872  , -1632.53    , array([ 1.43257    ,  0.0676801  ,  1.71344e-34,  4.49646e-51,  0.0242363  ])
278873  , -1632.52    , array([ 1.43401    ,  0.0676801  ,  1.71344e-34,  4.49646e-51,  0.0242363  ])
278874  , -1632.53    , array([ 1.43257    ,  0.0677478  ,  1.71344e-34,  4.49646e-51,  0.0242363  ])
278875  , -1632.53    , array([ 1.43257    ,  0.0676801  ,  1.71515e-34,  4.49646e-51,  0.0242363  ])
278876  , -1632.53    , array([ 1.43257    ,  0.0676801  ,  1.71344e-34,  4.50096e-51,  0.0242363  ])
278877  , -1632.53    , array([ 1.43257    ,  0.0676801  ,  1.71344e-34,  4.49646e-51,  0.0242606  ])
278878  , -1632.53    , array([ 1.43257    ,  0.0676801  ,  1.71344e-34,  4.49646e-51,  0.0242363  ])
278879  , -1632.53    , array([ 1.43257    ,  0.0676801  ,  1.71344e-34,  4.49646e-51,  0.0242363  ])
278880  , -1632.52    , array([ 1.43401    ,  0.0676801  ,  1.71344e-34,  4.49646e-51,  0.0242363  ])
278881  , -1632.53    , array([ 1.43257    ,  0.0677478  ,  1.71344e-34,  4.49646e-51,  0.0242363  ])
278882  , -1632.53    , array([ 1.43257    ,  0.0676801  ,  1.71515e-34,  4.49646e-51,  0.0242363  ])
278883  , -1632.53    , array([ 1.43257    ,  0.0676801  ,  1.71344e-34,  4.50096e-51,  0.0242363  ])
278884  , -1632.53    , array([ 1.43257    ,  0.0676801  ,  1.71344e-34,  4.49646e-51,  0.0242606  ])
278885  , -1632.53    , array([ 1.43257    ,  0.0676801  ,  1.71344e-34,  4.49646e-51,  0.0242363  ])
278886  , -1632.53    , array([ 1.43257    ,  0.0676801  ,  1.71344e-34,  4.49646e-51,  0.0242363  ])
278887  , -1632.52    , array([ 1.43401    ,  0.0676801  ,  1.71344e-34,  4.49646e-51,  0.0242363  ])
278888  , -1632.53    , array([ 1.43257    ,  0.0677478  ,  1.71344e-34,  4.49646e-51,  0.0242363  ])
278889  , -1632.53    , array([ 1.43257    ,  0.0676801  ,  1.71515e-34,  4.49646e-51,  0.0242363  ])
278890  , -1632.53    , array([ 1.43257    ,  0.0676801  ,  1.71344e-34,  4.50096e-51,  0.0242363  ])
278891  , -1632.53    , array([ 1.43257    ,  0.0676801  ,  1.71344e-34,  4.49646e-51,  0.0242606  ])
278892  , -1632.53    , array([ 1.43257    ,  0.0676801  ,  1.71344e-34,  4.49646e-51,  0.0242363  ])
278893  , -1632.53    , array([ 1.43257    ,  0.0676801  ,  1.71344e-34,  4.49646e-51,  0.0242363  ])
278894  , -1632.52    , array([ 1.43401    ,  0.0676801  ,  1.71344e-34,  4.49646e-51,  0.0242363  ])
278895  , -1632.53    , array([ 1.43257    ,  0.0677478  ,  1.71344e-34,  4.49646e-51,  0.0242363  ])
278896  , -1632.53    , array([ 1.43257    ,  0.0676801  ,  1.71515e-34,  4.49646e-51,  0.0242363  ])
278897  , -1632.53    , array([ 1.43257    ,  0.0676801  ,  1.71344e-34,  4.50096e-51,  0.0242363  ])
278898  , -1632.53    , array([ 1.43257    ,  0.0676801  ,  1.71344e-34,  4.49646e-51,  0.0242606  ])
278899  , -1632.53    , array([ 1.43257    ,  0.0676801  ,  1.71344e-34,  4.49646e-51,  0.0242363  ])
278900  , -1632.53    , array([ 1.43257    ,  0.0676801  ,  1.71344e-34,  4.49646e-51,  0.0242363  ])
278901  , -1632.52    , array([ 1.43401    ,  0.0676801  ,  1.71344e-34,  4.49646e-51,  0.0242363  ])
278902  , -1632.53    , array([ 1.43257    ,  0.0677478  ,  1.71344e-34,  4.49646e-51,  0.0242363  ])
278903  , -1632.53    , array([ 1.43257    ,  0.0676801  ,  1.71515e-34,  4.49646e-51,  0.0242363  ])
278904  , -1632.53    , array([ 1.43257    ,  0.0676801  ,  1.71344e-34,  4.50096e-51,  0.0242363  ])
278905  , -1632.53    , array([ 1.43257    ,  0.0676801  ,  1.71344e-34,  4.49646e-51,  0.0242606  ])
278906  , -1632.53    , array([ 1.43257    ,  0.0676801  ,  1.71344e-34,  4.49646e-51,  0.0242363  ])
278907  , -1632.53    , array([ 1.43257    ,  0.0676801  ,  1.71344e-34,  4.49646e-51,  0.0242363  ])
278908  , -1632.52    , array([ 1.43401    ,  0.0676801  ,  1.71344e-34,  4.49646e-51,  0.0242363  ])
278909  , -1632.53    , array([ 1.43257    ,  0.0677478  ,  1.71344e-34,  4.49646e-51,  0.0242363  ])
278910  , -1632.53    , array([ 1.43257    ,  0.0676801  ,  1.71515e-34,  4.49646e-51,  0.0242363  ])
278911  , -1632.53    , array([ 1.43257    ,  0.0676801  ,  1.71344e-34,  4.50096e-51,  0.0242363  ])
278912  , -1632.53    , array([ 1.43257    ,  0.0676801  ,  1.71344e-34,  4.49646e-51,  0.0242606  ])
278913  , -1632.53    , array([ 1.43257    ,  0.0676801  ,  1.71344e-34,  4.49646e-51,  0.0242363  ])
278914  , -1632.53    , array([ 1.43257    ,  0.0676801  ,  1.71344e-34,  4.49646e-51,  0.0242363  ])
278915  , -1632.52    , array([ 1.43401    ,  0.0676801  ,  1.71344e-34,  4.49646e-51,  0.0242363  ])
278916  , -1632.53    , array([ 1.43257    ,  0.0677478  ,  1.71344e-34,  4.49646e-51,  0.0242363  ])
278917  , -1632.53    , array([ 1.43257    ,  0.0676801  ,  1.71515e-34,  4.49646e-51,  0.0242363  ])
278918  , -1632.53    , array([ 1.43257    ,  0.0676801  ,  1.71344e-34,  4.50096e-51,  0.0242363  ])
278919  , -1632.53    , array([ 1.43257    ,  0.0676801  ,  1.71344e-34,  4.49646e-51,  0.0242606  ])
278920  , -1632.53    , array([ 1.43257    ,  0.0676801  ,  1.71344e-34,  4.49646e-51,  0.0242363  ])
278921  , -1632.53    , array([ 1.43257    ,  0.0676801  ,  1.71344e-34,  4.49646e-51,  0.0242363  ])
278922  , -1632.52    , array([ 1.43401    ,  0.0676801  ,  1.71344e-34,  4.49646e-51,  0.0242363  ])
278923  , -1632.53    , array([ 1.43257    ,  0.0677478  ,  1.71344e-34,  4.49646e-51,  0.0242363  ])
278924  , -1632.53    , array([ 1.43257    ,  0.0676801  ,  1.71515e-34,  4.49646e-51,  0.0242363  ])
278925  , -1632.53    , array([ 1.43257    ,  0.0676801  ,  1.71344e-34,  4.50096e-51,  0.0242363  ])
278926  , -1632.53    , array([ 1.43257    ,  0.0676801  ,  1.71344e-34,  4.49646e-51,  0.0242606  ])
278927  , -1632.53    , array([ 1.43257    ,  0.0676801  ,  1.71344e-34,  4.49646e-51,  0.0242363  ])
278928  , -1632.53    , array([ 1.43257    ,  0.0676801  ,  1.71344e-34,  4.49646e-51,  0.0242363  ])
278929  , -1632.52    , array([ 1.43401    ,  0.0676801  ,  1.71344e-34,  4.49646e-51,  0.0242363  ])
278930  , -1632.53    , array([ 1.43257    ,  0.0677478  ,  1.71344e-34,  4.49646e-51,  0.0242363  ])
278931  , -1632.53    , array([ 1.43257    ,  0.0676801  ,  1.71515e-34,  4.49646e-51,  0.0242363  ])
278932  , -1632.53    , array([ 1.43257    ,  0.0676801  ,  1.71344e-34,  4.50096e-51,  0.0242363  ])
278933  , -1632.53    , array([ 1.43257    ,  0.0676801  ,  1.71344e-34,  4.49646e-51,  0.0242606  ])
278934  , -1632.53    , array([ 1.43257    ,  0.0676801  ,  1.71344e-34,  4.49646e-51,  0.0242363  ])
278935  , -1632.53    , array([ 1.43257    ,  0.0676801  ,  1.71344e-34,  4.49646e-51,  0.0242363  ])
278936  , -1632.52    , array([ 1.43401    ,  0.0676801  ,  1.71344e-34,  4.49646e-51,  0.0242363  ])
278937  , -1632.53    , array([ 1.43257    ,  0.0677478  ,  1.71344e-34,  4.49646e-51,  0.0242363  ])
278938  , -1632.53    , array([ 1.43257    ,  0.0676801  ,  1.71515e-34,  4.49646e-51,  0.0242363  ])
278939  , -1632.53    , array([ 1.43257    ,  0.0676801  ,  1.71344e-34,  4.50096e-51,  0.0242363  ])
278940  , -1632.53    , array([ 1.43257    ,  0.0676801  ,  1.71344e-34,  4.49646e-51,  0.0242606  ])
278941  , -1632.53    , array([ 1.43257    ,  0.0676801  ,  1.71344e-34,  4.49646e-51,  0.0242363  ])
278942  , -1632.53    , array([ 1.43257    ,  0.0676801  ,  1.71344e-34,  4.49646e-51,  0.0242363  ])
278943  , -1632.52    , array([ 1.43401    ,  0.0676801  ,  1.71344e-34,  4.49646e-51,  0.0242363  ])
278944  , -1632.53    , array([ 1.43257    ,  0.0677478  ,  1.71344e-34,  4.49646e-51,  0.0242363  ])
278945  , -1632.53    , array([ 1.43257    ,  0.0676801  ,  1.71515e-34,  4.49646e-51,  0.0242363  ])
278946  , -1632.53    , array([ 1.43257    ,  0.0676801  ,  1.71344e-34,  4.50096e-51,  0.0242363  ])
278947  , -1632.53    , array([ 1.43257    ,  0.0676801  ,  1.71344e-34,  4.49646e-51,  0.0242606  ])
278948  , -1632.53    , array([ 1.43257    ,  0.0676801  ,  1.71344e-34,  4.49646e-51,  0.0242363  ])
278949  , -1632.53    , array([ 1.43257    ,  0.0676801  ,  1.71344e-34,  4.49646e-51,  0.0242363  ])
278950  , -1632.52    , array([ 1.43401    ,  0.0676801  ,  1.71344e-34,  4.49646e-51,  0.0242363  ])
278951  , -1632.53    , array([ 1.43257    ,  0.0677478  ,  1.71344e-34,  4.49646e-51,  0.0242363  ])
278952  , -1632.53    , array([ 1.43257    ,  0.0676801  ,  1.71515e-34,  4.49646e-51,  0.0242363  ])
278953  , -1632.53    , array([ 1.43257    ,  0.0676801  ,  1.71344e-34,  4.50096e-51,  0.0242363  ])
278954  , -1632.53    , array([ 1.43257    ,  0.0676801  ,  1.71344e-34,  4.49646e-51,  0.0242606  ])
278955  , -1632.53    , array([ 1.43257    ,  0.0676801  ,  1.71344e-34,  4.49646e-51,  0.0242363  ])
278956  , -1632.53    , array([ 1.43257    ,  0.0676801  ,  1.71344e-34,  4.49646e-51,  0.0242363  ])
278957  , -1632.52    , array([ 1.43401    ,  0.0676801  ,  1.71344e-34,  4.49646e-51,  0.0242363  ])
278958  , -1632.53    , array([ 1.43257    ,  0.0677478  ,  1.71344e-34,  4.49646e-51,  0.0242363  ])
278959  , -1632.53    , array([ 1.43257    ,  0.0676801  ,  1.71515e-34,  4.49646e-51,  0.0242363  ])
278960  , -1632.53    , array([ 1.43257    ,  0.0676801  ,  1.71344e-34,  4.50096e-51,  0.0242363  ])
278961  , -1632.53    , array([ 1.43257    ,  0.0676801  ,  1.71344e-34,  4.49646e-51,  0.0242606  ])
278962  , -1632.53    , array([ 1.43257    ,  0.0676801  ,  1.71344e-34,  4.49646e-51,  0.0242363  ])
278963  , -1632.53    , array([ 1.43257    ,  0.0676801  ,  1.71344e-34,  4.49646e-51,  0.0242363  ])
278964  , -1632.52    , array([ 1.43401    ,  0.0676801  ,  1.71344e-34,  4.49646e-51,  0.0242363  ])
278965  , -1632.53    , array([ 1.43257    ,  0.0677478  ,  1.71344e-34,  4.49646e-51,  0.0242363  ])
278966  , -1632.53    , array([ 1.43257    ,  0.0676801  ,  1.71515e-34,  4.49646e-51,  0.0242363  ])
278967  , -1632.53    , array([ 1.43257    ,  0.0676801  ,  1.71344e-34,  4.50096e-51,  0.0242363  ])
278968  , -1632.53    , array([ 1.43257    ,  0.0676801  ,  1.71344e-34,  4.49646e-51,  0.0242606  ])
278969  , -1632.53    , array([ 1.43257    ,  0.0676801  ,  1.71344e-34,  4.49646e-51,  0.0242363  ])
278970  , -1632.53    , array([ 1.43257    ,  0.0676801  ,  1.71344e-34,  4.49646e-51,  0.0242363  ])
278971  , -1632.52    , array([ 1.43401    ,  0.0676801  ,  1.71344e-34,  4.49646e-51,  0.0242363  ])
278972  , -1632.53    , array([ 1.43257    ,  0.0677478  ,  1.71344e-34,  4.49646e-51,  0.0242363  ])
278973  , -1632.53    , array([ 1.43257    ,  0.0676801  ,  1.71515e-34,  4.49646e-51,  0.0242363  ])
278974  , -1632.53    , array([ 1.43257    ,  0.0676801  ,  1.71344e-34,  4.50096e-51,  0.0242363  ])
278975  , -1632.53    , array([ 1.43257    ,  0.0676801  ,  1.71344e-34,  4.49646e-51,  0.0242606  ])
278976  , -1632.53    , array([ 1.43257    ,  0.0676801  ,  1.71344e-34,  4.49646e-51,  0.0242363  ])
278977  , -1632.53    , array([ 1.43257    ,  0.0676801  ,  1.71344e-34,  4.49646e-51,  0.0242363  ])
278978  , -1632.52    , array([ 1.43401    ,  0.0676801  ,  1.71344e-34,  4.49646e-51,  0.0242363  ])
278979  , -1632.53    , array([ 1.43257    ,  0.0677478  ,  1.71344e-34,  4.49646e-51,  0.0242363  ])
278980  , -1632.53    , array([ 1.43257    ,  0.0676801  ,  1.71515e-34,  4.49646e-51,  0.0242363  ])
278981  , -1632.53    , array([ 1.43257    ,  0.0676801  ,  1.71344e-34,  4.50096e-51,  0.0242363  ])
278982  , -1632.53    , array([ 1.43257    ,  0.0676801  ,  1.71344e-34,  4.49646e-51,  0.0242606  ])
278983  , -1632.53    , array([ 1.43257    ,  0.0676801  ,  1.71344e-34,  4.49646e-51,  0.0242363  ])
278984  , -1632.53    , array([ 1.43257    ,  0.0676801  ,  1.71344e-34,  4.49646e-51,  0.0242363  ])
278985  , -1632.52    , array([ 1.43401    ,  0.0676801  ,  1.71344e-34,  4.49646e-51,  0.0242363  ])
278986  , -1632.53    , array([ 1.43257    ,  0.0677478  ,  1.71344e-34,  4.49646e-51,  0.0242363  ])
278987  , -1632.53    , array([ 1.43257    ,  0.0676801  ,  1.71515e-34,  4.49646e-51,  0.0242363  ])
278988  , -1632.53    , array([ 1.43257    ,  0.0676801  ,  1.71344e-34,  4.50096e-51,  0.0242363  ])
278989  , -1632.53    , array([ 1.43257    ,  0.0676801  ,  1.71344e-34,  4.49646e-51,  0.0242606  ])
278990  , -1632.53    , array([ 1.43257    ,  0.0676801  ,  1.71344e-34,  4.49646e-51,  0.0242363  ])
278991  , -1632.53    , array([ 1.43257    ,  0.0676801  ,  1.71344e-34,  4.49646e-51,  0.0242363  ])
278992  , -1632.52    , array([ 1.43401    ,  0.0676801  ,  1.71344e-34,  4.49646e-51,  0.0242363  ])
278993  , -1632.53    , array([ 1.43257    ,  0.0677478  ,  1.71344e-34,  4.49646e-51,  0.0242363  ])
278994  , -1632.53    , array([ 1.43257    ,  0.0676801  ,  1.71515e-34,  4.49646e-51,  0.0242363  ])
278995  , -1632.53    , array([ 1.43257    ,  0.0676801  ,  1.71344e-34,  4.50096e-51,  0.0242363  ])
278996  , -1632.53    , array([ 1.43257    ,  0.0676801  ,  1.71344e-34,  4.49646e-51,  0.0242606  ])
278997  , -1632.53    , array([ 1.43257    ,  0.0676801  ,  1.71344e-34,  4.49646e-51,  0.0242363  ])
278998  , -1632.53    , array([ 1.43257    ,  0.0676801  ,  1.71344e-34,  4.49646e-51,  0.0242363  ])
278999  , -1632.52    , array([ 1.43401    ,  0.0676801  ,  1.71344e-34,  4.49646e-51,  0.0242363  ])
279000  , -1632.53    , array([ 1.43257    ,  0.0677478  ,  1.71344e-34,  4.49646e-51,  0.0242363  ])
279001  , -1632.53    , array([ 1.43257    ,  0.0676801  ,  1.71515e-34,  4.49646e-51,  0.0242363  ])
279002  , -1632.53    , array([ 1.43257    ,  0.0676801  ,  1.71344e-34,  4.50096e-51,  0.0242363  ])
279003  , -1632.53    , array([ 1.43257    ,  0.0676801  ,  1.71344e-34,  4.49646e-51,  0.0242606  ])
279004  , -1632.53    , array([ 1.43257    ,  0.0676801  ,  1.71344e-34,  4.49646e-51,  0.0242363  ])
279005  , -1632.53    , array([ 1.43257    ,  0.0676801  ,  1.71344e-34,  4.49646e-51,  0.0242363  ])
279006  , -1632.52    , array([ 1.43401    ,  0.0676801  ,  1.71344e-34,  4.49646e-51,  0.0242363  ])
279007  , -1632.53    , array([ 1.43257    ,  0.0677478  ,  1.71344e-34,  4.49646e-51,  0.0242363  ])
279008  , -1632.53    , array([ 1.43257    ,  0.0676801  ,  1.71515e-34,  4.49646e-51,  0.0242363  ])
279009  , -1632.53    , array([ 1.43257    ,  0.0676801  ,  1.71344e-34,  4.50096e-51,  0.0242363  ])
279010  , -1632.53    , array([ 1.43257    ,  0.0676801  ,  1.71344e-34,  4.49646e-51,  0.0242606  ])
279011  , -1632.54    , array([ 1.43636    ,  0.0676511  ,  1.71344e-34,  4.49646e-51,  0.0242264  ])
279012  , -1632.53    , array([ 1.43322    ,  0.0676752  ,  1.71344e-34,  4.49646e-51,  0.0242346  ])
279013  , -1632.53    , array([ 1.4327     ,  0.0676792  ,  1.71344e-34,  4.49646e-51,  0.024236   ])
279014  , -1632.53    , array([ 1.4326     ,  0.0676799  ,  1.71344e-34,  4.49646e-51,  0.0242363  ])
279015  , -1632.53    , array([ 1.43258    ,  0.0676801  ,  1.71344e-34,  4.49646e-51,  0.0242363  ])
279016  , -1632.53    , array([ 1.43257    ,  0.0676801  ,  1.71344e-34,  4.49646e-51,  0.0242363  ])
279017  , -1632.53    , array([ 1.43257    ,  0.0676801  ,  1.71344e-34,  4.49646e-51,  0.0242363  ])
279018  , -1632.53    , array([ 1.43257    ,  0.0676801  ,  1.71344e-34,  4.49646e-51,  0.0242363  ])
279019  , -1632.53    , array([ 1.43257    ,  0.0676801  ,  1.71344e-34,  4.49646e-51,  0.0242363  ])
279020  , -1632.53    , array([ 1.43257    ,  0.0676801  ,  1.71344e-34,  4.49646e-51,  0.0242363  ])
279021  , -1632.53    , array([ 1.43257    ,  0.0676801  ,  1.71344e-34,  4.49646e-51,  0.0242363  ])
279022  , -1632.53    , array([ 1.43257    ,  0.0676801  ,  1.71344e-34,  4.49646e-51,  0.0242363  ])
