152286  , -79083.8    , array([ 1.06584    ,  10.4414    ,  0.000750966,  6.31196e-78,  6.44397e-06])
152287  , -79083.8    , array([ 1.0669     ,  10.4414    ,  0.000750966,  6.31196e-78,  6.44397e-06])
152288  , -79083.8    , array([ 1.06584    ,  10.4518    ,  0.000750966,  6.31196e-78,  6.44397e-06])
152289  , -79083.8    , array([ 1.06584    ,  10.4414    ,  0.000751718,  6.31196e-78,  6.44397e-06])
152290  , -79083.8    , array([ 1.06584    ,  10.4414    ,  0.000750966,  6.31827e-78,  6.44397e-06])
152291  , -79083.8    , array([ 1.06584    ,  10.4414    ,  0.000750966,  6.31196e-78,  6.45042e-06])
152292  , -79083.8    , array([ 1.06584    ,  10.4414    ,  0.000750966,  6.31196e-78,  6.44397e-06])
152293  , -79067.6    , array([ 0.555305   ,  9.4674     ,  0.000750968,  6.31196e-78,  1.38497e-05])
152294  , -79067.6    , array([ 0.555305   ,  9.4674     ,  0.000750968,  6.31196e-78,  1.38497e-05])
152295  , -79067.6    , array([ 0.555861   ,  9.4674     ,  0.000750968,  6.31196e-78,  1.38497e-05])
152296  , -79067.6    , array([ 0.555305   ,  9.47687    ,  0.000750968,  6.31196e-78,  1.38497e-05])
152297  , -79067.6    , array([ 0.555305   ,  9.4674     ,  0.000751719,  6.31196e-78,  1.38497e-05])
152298  , -79067.6    , array([ 0.555305   ,  9.4674     ,  0.000750968,  6.31827e-78,  1.38497e-05])
152299  , -79067.6    , array([ 0.555305   ,  9.4674     ,  0.000750968,  6.31196e-78,  1.38636e-05])
152300  , -73839      , array([ 0.0409162  ,  6.39912    ,  0.000750974,  6.31196e-78,  0.000295523])
152301  , -73839      , array([ 0.0409162  ,  6.39912    ,  0.000750974,  6.31196e-78,  0.000295523])
152302  , -73843.7    , array([ 0.0409571  ,  6.39912    ,  0.000750974,  6.31196e-78,  0.000295523])
152303  , -73839.1    , array([ 0.0409162  ,  6.40552    ,  0.000750974,  6.31196e-78,  0.000295523])
152304  , -73839      , array([ 0.0409162  ,  6.39912    ,  0.000751725,  6.31196e-78,  0.000295523])
152305  , -73839      , array([ 0.0409162  ,  6.39912    ,  0.000750974,  6.31827e-78,  0.000295523])
152306  , -73834.3    , array([ 0.0409162  ,  6.39912    ,  0.000750974,  6.31196e-78,  0.000295819])
152314  , -73820.1    , array([ 0.0408405  ,  6.39734    ,  0.000750974,  6.31196e-78,  0.000296166])
152315  , -73820.1    , array([ 0.0408405  ,  6.39734    ,  0.000750974,  6.31196e-78,  0.000296166])
152316  , -73824.8    , array([ 0.0408814  ,  6.39734    ,  0.000750974,  6.31196e-78,  0.000296166])
152317  , -73820.2    , array([ 0.0408405  ,  6.40374    ,  0.000750974,  6.31196e-78,  0.000296166])
152318  , -73820.1    , array([ 0.0408405  ,  6.39734    ,  0.000751725,  6.31196e-78,  0.000296166])
152319  , -73820.1    , array([ 0.0408405  ,  6.39734    ,  0.000750974,  6.31827e-78,  0.000296166])
152320  , -73815.4    , array([ 0.0408405  ,  6.39734    ,  0.000750974,  6.31196e-78,  0.000296462])
152321  , -73801.1    , array([ 0.0407648  ,  6.39555    ,  0.000750974,  6.31196e-78,  0.000296811])
152322  , -73801.1    , array([ 0.0407648  ,  6.39555    ,  0.000750974,  6.31196e-78,  0.000296811])
152323  , -73805.8    , array([ 0.0408055  ,  6.39555    ,  0.000750974,  6.31196e-78,  0.000296811])
152324  , -73801.1    , array([ 0.0407648  ,  6.40195    ,  0.000750974,  6.31196e-78,  0.000296811])
152325  , -73801.1    , array([ 0.0407648  ,  6.39555    ,  0.000751725,  6.31196e-78,  0.000296811])
152326  , -73801.1    , array([ 0.0407648  ,  6.39555    ,  0.000750974,  6.31827e-78,  0.000296811])
152327  , -73796.3    , array([ 0.0407648  ,  6.39555    ,  0.000750974,  6.31196e-78,  0.000297108])
152335  , -73796.3    , array([ 0.0407458  ,  6.39511    ,  0.000750974,  6.31196e-78,  0.000296974])
152336  , -73796.3    , array([ 0.0407458  ,  6.39511    ,  0.000750974,  6.31196e-78,  0.000296974])
152337  , -73801      , array([ 0.0407866  ,  6.39511    ,  0.000750974,  6.31196e-78,  0.000296974])
152338  , -73796.4    , array([ 0.0407458  ,  6.40151    ,  0.000750974,  6.31196e-78,  0.000296974])
152339  , -73796.3    , array([ 0.0407458  ,  6.39511    ,  0.000751725,  6.31196e-78,  0.000296974])
152340  , -73796.3    , array([ 0.0407458  ,  6.39511    ,  0.000750974,  6.31827e-78,  0.000296974])
152341  , -73791.5    , array([ 0.0407458  ,  6.39511    ,  0.000750974,  6.31196e-78,  0.000297271])
152342  , -73791.5    , array([ 0.0407268  ,  6.39466    ,  0.000750974,  6.31196e-78,  0.000297136])
152343  , -73791.5    , array([ 0.0407268  ,  6.39466    ,  0.000750974,  6.31196e-78,  0.000297136])
152344  , -73796.2    , array([ 0.0407676  ,  6.39466    ,  0.000750974,  6.31196e-78,  0.000297136])
152345  , -73791.6    , array([ 0.0407268  ,  6.40106    ,  0.000750974,  6.31196e-78,  0.000297136])
152346  , -73791.5    , array([ 0.0407268  ,  6.39466    ,  0.000751725,  6.31196e-78,  0.000297136])
152347  , -73791.5    , array([ 0.0407268  ,  6.39466    ,  0.000750974,  6.31827e-78,  0.000297136])
152348  , -73786.8    , array([ 0.0407268  ,  6.39466    ,  0.000750974,  6.31196e-78,  0.000297433])
152349  , -226970     , array([ 0.00300503 ,  4.32312    ,  0.00075098 ,  6.31196e-78,  0.00632989 ])
152350  , -226970     , array([ 0.00300503 ,  4.32312    ,  0.00075098 ,  6.31196e-78,  0.00632989 ])
152351  , -226836     , array([ 0.00300803 ,  4.32312    ,  0.00075098 ,  6.31196e-78,  0.00632989 ])
152352  , -226971     , array([ 0.00300503 ,  4.32745    ,  0.00075098 ,  6.31196e-78,  0.00632989 ])
152353  , -226970     , array([ 0.00300503 ,  4.32312    ,  0.000751731,  6.31196e-78,  0.00632989 ])
152354  , -226970     , array([ 0.00300503 ,  4.32312    ,  0.00075098 ,  6.31827e-78,  0.00632989 ])
152355  , -227089     , array([ 0.00300503 ,  4.32312    ,  0.00075098 ,  6.31196e-78,  0.00633622 ])
152356  , -63462.4    , array([ 0.0217     ,  5.81771    ,  0.000750975,  6.31196e-78,  0.000622036])
152357  , -63462.4    , array([ 0.0217     ,  5.81771    ,  0.000750975,  6.31196e-78,  0.000622036])
152358  , -63472.3    , array([ 0.0217217  ,  5.81771    ,  0.000750975,  6.31196e-78,  0.000622036])
152359  , -63462.5    , array([ 0.0217     ,  5.82353    ,  0.000750975,  6.31196e-78,  0.000622036])
152360  , -63462.4    , array([ 0.0217     ,  5.81771    ,  0.000751727,  6.31196e-78,  0.000622036])
152361  , -63462.4    , array([ 0.0217     ,  5.81771    ,  0.000750975,  6.31827e-78,  0.000622036])
152362  , -63452.3    , array([ 0.0217     ,  5.81771    ,  0.000750975,  6.31196e-78,  0.000622658])
152363  , -55033.1    , array([ 0.0138124  ,  5.43609    ,  0.000750976,  6.31196e-78,  0.00105692 ])
152364  , -55033.1    , array([ 0.0138124  ,  5.43609    ,  0.000750976,  6.31196e-78,  0.00105692 ])
152365  , -55037.1    , array([ 0.0138263  ,  5.43609    ,  0.000750976,  6.31196e-78,  0.00105692 ])
152366  , -55033.2    , array([ 0.0138124  ,  5.44153    ,  0.000750976,  6.31196e-78,  0.00105692 ])
152367  , -55033.1    , array([ 0.0138124  ,  5.43609    ,  0.000751728,  6.31196e-78,  0.00105692 ])
152368  , -55033.1    , array([ 0.0138124  ,  5.43609    ,  0.000750976,  6.31827e-78,  0.00105692 ])
152369  , -55028.6    , array([ 0.0138124  ,  5.43609    ,  0.000750976,  6.31196e-78,  0.00105798 ])
152370  , -54540.8    , array([ 0.0123161  ,  5.34328    ,  0.000750976,  6.31196e-78,  0.00120915 ])
152371  , -54540.8    , array([ 0.0123161  ,  5.34328    ,  0.000750976,  6.31196e-78,  0.00120915 ])
152372  , -54539.9    , array([ 0.0123284  ,  5.34328    ,  0.000750976,  6.31196e-78,  0.00120915 ])
152373  , -54540.9    , array([ 0.0123161  ,  5.34862    ,  0.000750976,  6.31196e-78,  0.00120915 ])
152374  , -54540.8    , array([ 0.0123161  ,  5.34328    ,  0.000751728,  6.31196e-78,  0.00120915 ])
152375  , -54540.8    , array([ 0.0123161  ,  5.34328    ,  0.000750976,  6.31827e-78,  0.00120915 ])
152376  , -54541.1    , array([ 0.0123161  ,  5.34328    ,  0.000750976,  6.31196e-78,  0.00121036 ])
152377  , -54533.8    , array([ 0.0124833  ,  5.35411    ,  0.000750976,  6.31196e-78,  0.00119017 ])
152378  , -54533.8    , array([ 0.0124833  ,  5.35411    ,  0.000750976,  6.31196e-78,  0.00119017 ])
152379  , -54533.6    , array([ 0.0124958  ,  5.35411    ,  0.000750976,  6.31196e-78,  0.00119017 ])
152380  , -54533.9    , array([ 0.0124833  ,  5.35946    ,  0.000750976,  6.31196e-78,  0.00119017 ])
152381  , -54533.8    , array([ 0.0124833  ,  5.35411    ,  0.000751728,  6.31196e-78,  0.00119017 ])
152382  , -54533.8    , array([ 0.0124833  ,  5.35411    ,  0.000750976,  6.31827e-78,  0.00119017 ])
152383  , -54533.5    , array([ 0.0124833  ,  5.35411    ,  0.000750976,  6.31196e-78,  0.00119136 ])
152384  , -54533.6    , array([ 0.0124613  ,  5.35269    ,  0.000750976,  6.31196e-78,  0.00119264 ])
152385  , -54533.6    , array([ 0.0124613  ,  5.35269    ,  0.000750976,  6.31196e-78,  0.00119264 ])
152386  , -54533.3    , array([ 0.0124737  ,  5.35269    ,  0.000750976,  6.31196e-78,  0.00119264 ])
152387  , -54533.7    , array([ 0.0124613  ,  5.35804    ,  0.000750976,  6.31196e-78,  0.00119264 ])
152388  , -54533.6    , array([ 0.0124613  ,  5.35269    ,  0.000751728,  6.31196e-78,  0.00119264 ])
152389  , -54533.6    , array([ 0.0124613  ,  5.35269    ,  0.000750976,  6.31827e-78,  0.00119264 ])
152390  , -54533.4    , array([ 0.0124613  ,  5.35269    ,  0.000750976,  6.31196e-78,  0.00119383 ])
152398  , -62784.1    , array([ 0.00882496 ,  5.05328    ,  0.000750977,  6.31196e-78,  0.00181999 ])
152399  , -62784.1    , array([ 0.00882496 ,  5.05328    ,  0.000750977,  6.31196e-78,  0.00181999 ])
152400  , -62759.9    , array([ 0.00883379 ,  5.05328    ,  0.000750977,  6.31196e-78,  0.00181999 ])
152401  , -62784.3    , array([ 0.00882496 ,  5.05834    ,  0.000750977,  6.31196e-78,  0.00181999 ])
152402  , -62784.1    , array([ 0.00882496 ,  5.05328    ,  0.000751729,  6.31196e-78,  0.00181999 ])
152403  , -62784.1    , array([ 0.00882496 ,  5.05328    ,  0.000750977,  6.31827e-78,  0.00181999 ])
152404  , -62807.2    , array([ 0.00882496 ,  5.05328    ,  0.000750977,  6.31196e-78,  0.00182181 ])
152405  , -54533.6    , array([ 0.0124601  ,  5.3526     ,  0.000750976,  6.31196e-78,  0.00119278 ])
152406  , -54533.6    , array([ 0.0124601  ,  5.3526     ,  0.000750976,  6.31196e-78,  0.00119278 ])
152407  , -54533.3    , array([ 0.0124725  ,  5.3526     ,  0.000750976,  6.31196e-78,  0.00119278 ])
152408  , -54533.7    , array([ 0.0124601  ,  5.35796    ,  0.000750976,  6.31196e-78,  0.00119278 ])
152409  , -54533.6    , array([ 0.0124601  ,  5.3526     ,  0.000751728,  6.31196e-78,  0.00119278 ])
152410  , -54533.6    , array([ 0.0124601  ,  5.3526     ,  0.000750976,  6.31827e-78,  0.00119278 ])
152411  , -54533.4    , array([ 0.0124601  ,  5.3526     ,  0.000750976,  6.31196e-78,  0.00119397 ])
152412  , -54533.6    , array([ 0.0124601  ,  5.35253    ,  0.000750976,  6.31196e-78,  0.00119278 ])
152413  , -54533.6    , array([ 0.0124601  ,  5.35253    ,  0.000750976,  6.31196e-78,  0.00119278 ])
152414  , -54533.3    , array([ 0.0124725  ,  5.35253    ,  0.000750976,  6.31196e-78,  0.00119278 ])
152415  , -54533.7    , array([ 0.0124601  ,  5.35788    ,  0.000750976,  6.31196e-78,  0.00119278 ])
152416  , -54533.6    , array([ 0.0124601  ,  5.35253    ,  0.000751728,  6.31196e-78,  0.00119278 ])
152417  , -54533.6    , array([ 0.0124601  ,  5.35253    ,  0.000750976,  6.31827e-78,  0.00119278 ])
152418  , -54533.4    , array([ 0.0124601  ,  5.35253    ,  0.000750976,  6.31196e-78,  0.00119397 ])
152419  , -54533.6    , array([ 0.0124601  ,  5.35223    ,  0.000750976,  6.31196e-78,  0.00119277 ])
152420  , -54533.6    , array([ 0.0124601  ,  5.35223    ,  0.000750976,  6.31196e-78,  0.00119277 ])
152421  , -54533.3    , array([ 0.0124725  ,  5.35223    ,  0.000750976,  6.31196e-78,  0.00119277 ])
152422  , -54533.7    , array([ 0.0124601  ,  5.35758    ,  0.000750976,  6.31196e-78,  0.00119277 ])
152423  , -54533.6    , array([ 0.0124601  ,  5.35223    ,  0.000751728,  6.31196e-78,  0.00119277 ])
152424  , -54533.6    , array([ 0.0124601  ,  5.35223    ,  0.000750976,  6.31827e-78,  0.00119277 ])
152425  , -54533.4    , array([ 0.0124601  ,  5.35223    ,  0.000750976,  6.31196e-78,  0.00119397 ])
152426  , -54533.6    , array([ 0.01246    ,  5.35102    ,  0.000750976,  6.31196e-78,  0.00119277 ])
152427  , -54533.6    , array([ 0.01246    ,  5.35102    ,  0.000750976,  6.31196e-78,  0.00119277 ])
152428  , -54533.3    , array([ 0.0124725  ,  5.35102    ,  0.000750976,  6.31196e-78,  0.00119277 ])
152429  , -54533.7    , array([ 0.01246    ,  5.35637    ,  0.000750976,  6.31196e-78,  0.00119277 ])
152430  , -54533.6    , array([ 0.01246    ,  5.35102    ,  0.000751728,  6.31196e-78,  0.00119277 ])
152431  , -54533.6    , array([ 0.01246    ,  5.35102    ,  0.000750976,  6.31827e-78,  0.00119277 ])
152432  , -54533.4    , array([ 0.01246    ,  5.35102    ,  0.000750976,  6.31196e-78,  0.00119396 ])
152433  , -54533.5    , array([ 0.0124598  ,  5.3462     ,  0.000750976,  6.31196e-78,  0.00119275 ])
152434  , -54533.5    , array([ 0.0124598  ,  5.3462     ,  0.000750976,  6.31196e-78,  0.00119275 ])
152435  , -54533.2    , array([ 0.0124722  ,  5.3462     ,  0.000750976,  6.31196e-78,  0.00119275 ])
152436  , -54533.6    , array([ 0.0124598  ,  5.35155    ,  0.000750976,  6.31196e-78,  0.00119275 ])
152437  , -54533.5    , array([ 0.0124598  ,  5.3462     ,  0.000751728,  6.31196e-78,  0.00119275 ])
152438  , -54533.5    , array([ 0.0124598  ,  5.3462     ,  0.000750976,  6.31827e-78,  0.00119275 ])
152439  , -54533.3    , array([ 0.0124598  ,  5.3462     ,  0.000750976,  6.31196e-78,  0.00119394 ])
152440  , -54533      , array([ 0.0124589  ,  5.32697    ,  0.000750977,  6.31196e-78,  0.00119267 ])
152441  , -54533      , array([ 0.0124589  ,  5.32697    ,  0.000750977,  6.31196e-78,  0.00119267 ])
152442  , -54532.8    , array([ 0.0124713  ,  5.32697    ,  0.000750977,  6.31196e-78,  0.00119267 ])
152443  , -54533.2    , array([ 0.0124589  ,  5.3323     ,  0.000750977,  6.31196e-78,  0.00119267 ])
152444  , -54533      , array([ 0.0124589  ,  5.32697    ,  0.000751728,  6.31196e-78,  0.00119267 ])
152445  , -54533      , array([ 0.0124589  ,  5.32697    ,  0.000750977,  6.31827e-78,  0.00119267 ])
152446  , -54532.8    , array([ 0.0124589  ,  5.32697    ,  0.000750977,  6.31196e-78,  0.00119386 ])
152447  , -54531.3    , array([ 0.0124552  ,  5.25074    ,  0.000750977,  6.31196e-78,  0.00119235 ])
152448  , -54531.3    , array([ 0.0124552  ,  5.25074    ,  0.000750977,  6.31196e-78,  0.00119235 ])
152449  , -54531      , array([ 0.0124677  ,  5.25074    ,  0.000750977,  6.31196e-78,  0.00119235 ])
152450  , -54531.4    , array([ 0.0124552  ,  5.25599    ,  0.000750977,  6.31196e-78,  0.00119235 ])
152451  , -54531.3    , array([ 0.0124552  ,  5.25074    ,  0.000751728,  6.31196e-78,  0.00119235 ])
152452  , -54531.3    , array([ 0.0124552  ,  5.25074    ,  0.000750977,  6.31827e-78,  0.00119235 ])
152453  , -54531.1    , array([ 0.0124552  ,  5.25074    ,  0.000750977,  6.31196e-78,  0.00119354 ])
152454  , -54524.1    , array([ 0.0124408  ,  4.95655    ,  0.000750978,  6.31196e-78,  0.00119106 ])
152455  , -54524.1    , array([ 0.0124408  ,  4.95655    ,  0.000750978,  6.31196e-78,  0.00119106 ])
152456  , -54523.9    , array([ 0.0124532  ,  4.95655    ,  0.000750978,  6.31196e-78,  0.00119106 ])
152457  , -54524.3    , array([ 0.0124408  ,  4.96151    ,  0.000750978,  6.31196e-78,  0.00119106 ])
152458  , -54524.1    , array([ 0.0124408  ,  4.95655    ,  0.000751729,  6.31196e-78,  0.00119106 ])
152459  , -54524.1    , array([ 0.0124408  ,  4.95655    ,  0.000750978,  6.31827e-78,  0.00119106 ])
152460  , -54523.9    , array([ 0.0124408  ,  4.95655    ,  0.000750978,  6.31196e-78,  0.00119226 ])
152461  , -54490.8    , array([ 0.012383   ,  3.93565    ,  0.000750983,  6.31196e-78,  0.00118594 ])
152462  , -54490.8    , array([ 0.012383   ,  3.93565    ,  0.000750983,  6.31196e-78,  0.00118594 ])
152463  , -54490.5    , array([ 0.0123954  ,  3.93565    ,  0.000750983,  6.31196e-78,  0.00118594 ])
152464  , -54491      , array([ 0.012383   ,  3.93959    ,  0.000750983,  6.31196e-78,  0.00118594 ])
152465  , -54490.8    , array([ 0.012383   ,  3.93565    ,  0.000751734,  6.31196e-78,  0.00118594 ])
152466  , -54490.8    , array([ 0.012383   ,  3.93565    ,  0.000750983,  6.31827e-78,  0.00118594 ])
152467  , -54490.6    , array([ 0.012383   ,  3.93565    ,  0.000750983,  6.31196e-78,  0.00118713 ])
152468  , -54244.2    , array([ 0.0121547  ,  1.56447    ,  0.000751003,  6.31196e-78,  0.00116567 ])
152469  , -54244.2    , array([ 0.0121547  ,  1.56447    ,  0.000751003,  6.31196e-78,  0.00116567 ])
152470  , -54243.8    , array([ 0.0121668  ,  1.56447    ,  0.000751003,  6.31196e-78,  0.00116567 ])
152471  , -54244.6    , array([ 0.0121547  ,  1.56603    ,  0.000751003,  6.31196e-78,  0.00116567 ])
152472  , -54244.2    , array([ 0.0121547  ,  1.56447    ,  0.000751754,  6.31196e-78,  0.00116567 ])
152473  , -54244.2    , array([ 0.0121547  ,  1.56447    ,  0.000751003,  6.31827e-78,  0.00116567 ])
152474  , -54243.8    , array([ 0.0121547  ,  1.56447    ,  0.000751003,  6.31196e-78,  0.00116684 ])
152475  , -41381.8    , array([ 0.0112826  ,  0.0390628  ,  0.000751083,  6.31196e-78,  0.00108799 ])
152476  , -41381.8    , array([ 0.0112826  ,  0.0390628  ,  0.000751083,  6.31196e-78,  0.00108799 ])
152477  , -41377.7    , array([ 0.0112939  ,  0.0390628  ,  0.000751083,  6.31196e-78,  0.00108799 ])
152478  , -41392.9    , array([ 0.0112826  ,  0.0391018  ,  0.000751083,  6.31196e-78,  0.00108799 ])
152479  , -41381.8    , array([ 0.0112826  ,  0.0390628  ,  0.000751834,  6.31196e-78,  0.00108799 ])
152480  , -41381.8    , array([ 0.0112826  ,  0.0390628  ,  0.000751083,  6.31827e-78,  0.00108799 ])
152481  , -41374.6    , array([ 0.0112826  ,  0.0390628  ,  0.000751083,  6.31196e-78,  0.00108908 ])
152489  , -41339.2    , array([ 0.0112817  ,  0.0389096  ,  0.000751083,  6.31196e-78,  0.00108791 ])
152490  , -41339.2    , array([ 0.0112817  ,  0.0389096  ,  0.000751083,  6.31196e-78,  0.00108791 ])
152491  , -41335.1    , array([ 0.011293   ,  0.0389096  ,  0.000751083,  6.31196e-78,  0.00108791 ])
152492  , -41350.3    , array([ 0.0112817  ,  0.0389485  ,  0.000751083,  6.31196e-78,  0.00108791 ])
152493  , -41339.2    , array([ 0.0112817  ,  0.0389096  ,  0.000751834,  6.31196e-78,  0.00108791 ])
152494  , -41339.2    , array([ 0.0112817  ,  0.0389096  ,  0.000751083,  6.31827e-78,  0.00108791 ])
152495  , -41332      , array([ 0.0112817  ,  0.0389096  ,  0.000751083,  6.31196e-78,  0.001089   ])
152496  , -41296.4    , array([ 0.0112808  ,  0.0387566  ,  0.000751083,  6.31196e-78,  0.00108783 ])
152497  , -41296.4    , array([ 0.0112808  ,  0.0387566  ,  0.000751083,  6.31196e-78,  0.00108783 ])
152498  , -41292.3    , array([ 0.0112921  ,  0.0387566  ,  0.000751083,  6.31196e-78,  0.00108783 ])
152499  , -41307.5    , array([ 0.0112808  ,  0.0387954  ,  0.000751083,  6.31196e-78,  0.00108783 ])
152500  , -41296.4    , array([ 0.0112808  ,  0.0387566  ,  0.000751835,  6.31196e-78,  0.00108783 ])
152501  , -41296.4    , array([ 0.0112808  ,  0.0387566  ,  0.000751083,  6.31827e-78,  0.00108783 ])
152502  , -41289.2    , array([ 0.0112808  ,  0.0387566  ,  0.000751083,  6.31196e-78,  0.00108892 ])
152510  , -41285.7    , array([ 0.0112806  ,  0.0387184  ,  0.000751083,  6.31196e-78,  0.00108781 ])
152511  , -41285.7    , array([ 0.0112806  ,  0.0387184  ,  0.000751083,  6.31196e-78,  0.00108781 ])
152512  , -41281.5    , array([ 0.0112919  ,  0.0387184  ,  0.000751083,  6.31196e-78,  0.00108781 ])
152513  , -41296.8    , array([ 0.0112806  ,  0.0387572  ,  0.000751083,  6.31196e-78,  0.00108781 ])
152514  , -41285.7    , array([ 0.0112806  ,  0.0387184  ,  0.000751835,  6.31196e-78,  0.00108781 ])
152515  , -41285.7    , array([ 0.0112806  ,  0.0387184  ,  0.000751083,  6.31827e-78,  0.00108781 ])
152516  , -41278.4    , array([ 0.0112806  ,  0.0387184  ,  0.000751083,  6.31196e-78,  0.0010889  ])
152517  , -41274.9    , array([ 0.0112804  ,  0.0386802  ,  0.000751083,  6.31196e-78,  0.00108779 ])
152518  , -41274.9    , array([ 0.0112804  ,  0.0386802  ,  0.000751083,  6.31196e-78,  0.00108779 ])
152519  , -41270.8    , array([ 0.0112916  ,  0.0386802  ,  0.000751083,  6.31196e-78,  0.00108779 ])
152520  , -41286      , array([ 0.0112804  ,  0.0387189  ,  0.000751083,  6.31196e-78,  0.00108779 ])
152521  , -41274.9    , array([ 0.0112804  ,  0.0386802  ,  0.000751835,  6.31196e-78,  0.00108779 ])
152522  , -41274.9    , array([ 0.0112804  ,  0.0386802  ,  0.000751083,  6.31827e-78,  0.00108779 ])
152523  , -41267.7    , array([ 0.0112804  ,  0.0386802  ,  0.000751083,  6.31196e-78,  0.00108888 ])
152531  , -41272.2    , array([ 0.0112803  ,  0.0386707  ,  0.000751083,  6.31196e-78,  0.00108779 ])
152532  , -41272.2    , array([ 0.0112803  ,  0.0386707  ,  0.000751083,  6.31196e-78,  0.00108779 ])
152533  , -41268.1    , array([ 0.0112916  ,  0.0386707  ,  0.000751083,  6.31196e-78,  0.00108779 ])
152534  , -41283.3    , array([ 0.0112803  ,  0.0387094  ,  0.000751083,  6.31196e-78,  0.00108779 ])
152535  , -41272.2    , array([ 0.0112803  ,  0.0386707  ,  0.000751835,  6.31196e-78,  0.00108779 ])
152536  , -41272.2    , array([ 0.0112803  ,  0.0386707  ,  0.000751083,  6.31827e-78,  0.00108779 ])
152537  , -41265      , array([ 0.0112803  ,  0.0386707  ,  0.000751083,  6.31196e-78,  0.00108887 ])
152538  , -41269.5    , array([ 0.0112802  ,  0.0386611  ,  0.000751083,  6.31196e-78,  0.00108778 ])
152539  , -41269.5    , array([ 0.0112802  ,  0.0386611  ,  0.000751083,  6.31196e-78,  0.00108778 ])
152540  , -41265.4    , array([ 0.0112915  ,  0.0386611  ,  0.000751083,  6.31196e-78,  0.00108778 ])
152541  , -41280.6    , array([ 0.0112802  ,  0.0386998  ,  0.000751083,  6.31196e-78,  0.00108778 ])
152542  , -41269.5    , array([ 0.0112802  ,  0.0386611  ,  0.000751835,  6.31196e-78,  0.00108778 ])
152543  , -41269.5    , array([ 0.0112802  ,  0.0386611  ,  0.000751083,  6.31827e-78,  0.00108778 ])
152544  , -41262.3    , array([ 0.0112802  ,  0.0386611  ,  0.000751083,  6.31196e-78,  0.00108887 ])
152545  , -13221.2    , array([ 0.0108684  ,  0.00611958 ,  0.000751123,  6.31196e-78,  0.00105095 ])
152546  , -13221.2    , array([ 0.0108684  ,  0.00611958 ,  0.000751123,  6.31196e-78,  0.00105095 ])
152547  , -13212.1    , array([ 0.0108793  ,  0.00611958 ,  0.000751123,  6.31196e-78,  0.00105095 ])
152548  , -13235.4    , array([ 0.0108684  ,  0.0061257  ,  0.000751123,  6.31196e-78,  0.00105095 ])
152549  , -13221.2    , array([ 0.0108684  ,  0.00611958 ,  0.000751875,  6.31196e-78,  0.00105095 ])
152550  , -13221.2    , array([ 0.0108684  ,  0.00611958 ,  0.000751123,  6.31827e-78,  0.00105095 ])
152551  , -13215.9    , array([ 0.0108684  ,  0.00611958 ,  0.000751123,  6.31196e-78,  0.001052   ])
152552  , -13220.1    , array([ 0.0108684  ,  0.0061191  ,  0.000751123,  6.31196e-78,  0.00105094 ])
152553  , -13220.1    , array([ 0.0108684  ,  0.0061191  ,  0.000751123,  6.31196e-78,  0.00105094 ])
152554  , -13211      , array([ 0.0108793  ,  0.0061191  ,  0.000751123,  6.31196e-78,  0.00105094 ])
152555  , -13234.3    , array([ 0.0108684  ,  0.00612522 ,  0.000751123,  6.31196e-78,  0.00105094 ])
152556  , -13220.1    , array([ 0.0108684  ,  0.0061191  ,  0.000751875,  6.31196e-78,  0.00105094 ])
152557  , -13220.1    , array([ 0.0108684  ,  0.0061191  ,  0.000751123,  6.31827e-78,  0.00105094 ])
152558  , -13214.8    , array([ 0.0108684  ,  0.0061191  ,  0.000751123,  6.31196e-78,  0.001052   ])
152559  , -10762.6    , array([ 0.0106049  ,  0.00181278 ,  0.000751149,  6.31196e-78,  0.00102732 ])
152560  , -10762.6    , array([ 0.0106049  ,  0.00181278 ,  0.000751149,  6.31196e-78,  0.00102732 ])
152561  , -10755.5    , array([ 0.0106155  ,  0.00181278 ,  0.000751149,  6.31196e-78,  0.00102732 ])
152562  , -10748      , array([ 0.0106049  ,  0.00181459 ,  0.000751149,  6.31196e-78,  0.00102732 ])
152563  , -10762.6    , array([ 0.0106049  ,  0.00181278 ,  0.000751901,  6.31196e-78,  0.00102732 ])
152564  , -10762.6    , array([ 0.0106049  ,  0.00181278 ,  0.000751149,  6.31827e-78,  0.00102732 ])
152565  , -10784.2    , array([ 0.0106049  ,  0.00181278 ,  0.000751149,  6.31196e-78,  0.00102835 ])
152566  , -7669.21    , array([ 0.0107379  ,  0.00336203 ,  0.000751136,  6.31196e-78,  0.00103925 ])
152567  , -7669.21    , array([ 0.0107379  ,  0.00336203 ,  0.000751136,  6.31196e-78,  0.00103925 ])
152568  , -7660.44    , array([ 0.0107486  ,  0.00336203 ,  0.000751136,  6.31196e-78,  0.00103925 ])
152569  , -7672.68    , array([ 0.0107379  ,  0.0033654  ,  0.000751136,  6.31196e-78,  0.00103925 ])
152570  , -7669.21    , array([ 0.0107379  ,  0.00336203 ,  0.000751888,  6.31196e-78,  0.00103925 ])
152571  , -7669.21    , array([ 0.0107379  ,  0.00336203 ,  0.000751136,  6.31827e-78,  0.00103925 ])
152572  , -7674.41    , array([ 0.0107379  ,  0.00336203 ,  0.000751136,  6.31196e-78,  0.00104029 ])
152573  , -7436.05    , array([ 0.0107086  ,  0.0029371  ,  0.000751139,  6.31196e-78,  0.00103663 ])
152574  , -7436.05    , array([ 0.0107086  ,  0.0029371  ,  0.000751139,  6.31196e-78,  0.00103663 ])
152575  , -7427.55    , array([ 0.0107194  ,  0.0029371  ,  0.000751139,  6.31196e-78,  0.00103663 ])
152576  , -7436.1     , array([ 0.0107086  ,  0.00294003 ,  0.000751139,  6.31196e-78,  0.00103663 ])
152577  , -7436.05    , array([ 0.0107086  ,  0.0029371  ,  0.00075189 ,  6.31196e-78,  0.00103663 ])
152578  , -7436.05    , array([ 0.0107086  ,  0.0029371  ,  0.000751139,  6.31827e-78,  0.00103663 ])
152579  , -7444.39    , array([ 0.0107086  ,  0.0029371  ,  0.000751139,  6.31196e-78,  0.00103766 ])
152587  , -7435.98    , array([ 0.0107061  ,  0.00293099 ,  0.000751139,  6.31196e-78,  0.00103637 ])
152588  , -7435.98    , array([ 0.0107061  ,  0.00293099 ,  0.000751139,  6.31196e-78,  0.00103637 ])
152589  , -7427.48    , array([ 0.0107168  ,  0.00293099 ,  0.000751139,  6.31196e-78,  0.00103637 ])
152590  , -7435.98    , array([ 0.0107061  ,  0.00293392 ,  0.000751139,  6.31196e-78,  0.00103637 ])
152591  , -7435.98    , array([ 0.0107061  ,  0.00293099 ,  0.00075189 ,  6.31196e-78,  0.00103637 ])
152592  , -7435.98    , array([ 0.0107061  ,  0.00293099 ,  0.000751139,  6.31827e-78,  0.00103637 ])
152593  , -7444.37    , array([ 0.0107061  ,  0.00293099 ,  0.000751139,  6.31196e-78,  0.0010374  ])
152594  , -7435.83    , array([ 0.0107098  ,  0.00293197 ,  0.000751139,  6.31196e-78,  0.00103671 ])
152595  , -7435.83    , array([ 0.0107098  ,  0.00293197 ,  0.000751139,  6.31196e-78,  0.00103671 ])
152596  , -7427.34    , array([ 0.0107205  ,  0.00293197 ,  0.000751139,  6.31196e-78,  0.00103671 ])
152597  , -7435.83    , array([ 0.0107098  ,  0.0029349  ,  0.000751139,  6.31196e-78,  0.00103671 ])
152598  , -7435.83    , array([ 0.0107098  ,  0.00293197 ,  0.000751891,  6.31196e-78,  0.00103671 ])
152599  , -7435.83    , array([ 0.0107098  ,  0.00293197 ,  0.000751139,  6.31827e-78,  0.00103671 ])
152600  , -7444.22    , array([ 0.0107098  ,  0.00293197 ,  0.000751139,  6.31196e-78,  0.00103775 ])
152601  , -7435.24    , array([ 0.0107246  ,  0.0029359  ,  0.000751139,  6.31196e-78,  0.0010381  ])
152602  , -7435.24    , array([ 0.0107246  ,  0.0029359  ,  0.000751139,  6.31196e-78,  0.0010381  ])
152603  , -7426.74    , array([ 0.0107354  ,  0.0029359  ,  0.000751139,  6.31196e-78,  0.0010381  ])
152604  , -7435.24    , array([ 0.0107246  ,  0.00293884 ,  0.000751139,  6.31196e-78,  0.0010381  ])
152605  , -7435.24    , array([ 0.0107246  ,  0.0029359  ,  0.000751891,  6.31196e-78,  0.0010381  ])
152606  , -7435.24    , array([ 0.0107246  ,  0.0029359  ,  0.000751139,  6.31827e-78,  0.0010381  ])
152607  , -7443.63    , array([ 0.0107246  ,  0.0029359  ,  0.000751139,  6.31196e-78,  0.00103914 ])
152608  , -7432.86    , array([ 0.0107842  ,  0.0029517  ,  0.00075114 ,  6.31196e-78,  0.00104367 ])
152609  , -7432.86    , array([ 0.0107842  ,  0.0029517  ,  0.00075114 ,  6.31196e-78,  0.00104367 ])
152610  , -7424.37    , array([ 0.010795   ,  0.0029517  ,  0.00075114 ,  6.31196e-78,  0.00104367 ])
152611  , -7432.86    , array([ 0.0107842  ,  0.00295465 ,  0.00075114 ,  6.31196e-78,  0.00104367 ])
152612  , -7432.86    , array([ 0.0107842  ,  0.0029517  ,  0.000751892,  6.31196e-78,  0.00104367 ])
152613  , -7432.86    , array([ 0.0107842  ,  0.0029517  ,  0.00075114 ,  6.31827e-78,  0.00104367 ])
152614  , -7441.24    , array([ 0.0107842  ,  0.0029517  ,  0.00075114 ,  6.31196e-78,  0.00104471 ])
152615  , -7423.31    , array([ 0.0110257  ,  0.00301572 ,  0.000751144,  6.31196e-78,  0.00106624 ])
152616  , -7423.31    , array([ 0.0110257  ,  0.00301572 ,  0.000751144,  6.31196e-78,  0.00106624 ])
152617  , -7414.83    , array([ 0.0110368  ,  0.00301572 ,  0.000751144,  6.31196e-78,  0.00106624 ])
152618  , -7423.31    , array([ 0.0110257  ,  0.00301874 ,  0.000751144,  6.31196e-78,  0.00106624 ])
152619  , -7423.31    , array([ 0.0110257  ,  0.00301572 ,  0.000751895,  6.31196e-78,  0.00106624 ])
152620  , -7423.31    , array([ 0.0110257  ,  0.00301572 ,  0.000751144,  6.31827e-78,  0.00106624 ])
152621  , -7431.68    , array([ 0.0110257  ,  0.00301572 ,  0.000751144,  6.31196e-78,  0.00106731 ])
152622  , -7384.54    , array([ 0.0120473  ,  0.00328602 ,  0.000751159,  6.31196e-78,  0.00116153 ])
152623  , -7384.54    , array([ 0.0120473  ,  0.00328602 ,  0.000751159,  6.31196e-78,  0.00116153 ])
152624  , -7376.1     , array([ 0.0120593  ,  0.00328602 ,  0.000751159,  6.31196e-78,  0.00116153 ])
152625  , -7384.54    , array([ 0.0120473  ,  0.00328931 ,  0.000751159,  6.31196e-78,  0.00116153 ])
152626  , -7384.54    , array([ 0.0120473  ,  0.00328602 ,  0.00075191 ,  6.31196e-78,  0.00116153 ])
152627  , -7384.54    , array([ 0.0120473  ,  0.00328602 ,  0.000751159,  6.31827e-78,  0.00116153 ])
152628  , -7392.85    , array([ 0.0120473  ,  0.00328602 ,  0.000751159,  6.31196e-78,  0.00116269 ])
152629  , -7218.8     , array([ 0.0171718  ,  0.0046322  ,  0.000751218,  6.31196e-78,  0.00163577 ])
152630  , -7218.8     , array([ 0.0171718  ,  0.0046322  ,  0.000751218,  6.31196e-78,  0.00163577 ])
152631  , -7210.53    , array([ 0.017189   ,  0.0046322  ,  0.000751218,  6.31196e-78,  0.00163577 ])
152632  , -7218.82    , array([ 0.0171718  ,  0.00463683 ,  0.000751218,  6.31196e-78,  0.00163577 ])
152633  , -7218.8     , array([ 0.0171718  ,  0.0046322  ,  0.000751969,  6.31196e-78,  0.00163577 ])
152634  , -7218.8     , array([ 0.0171718  ,  0.0046322  ,  0.000751218,  6.31827e-78,  0.00163577 ])
152635  , -7226.87    , array([ 0.0171718  ,  0.0046322  ,  0.000751218,  6.31196e-78,  0.0016374  ])
152636  , -6260.38    , array([ 0.0708804  ,  0.0182916  ,  0.000751455,  6.31196e-78,  0.00643412 ])
152637  , -6260.38    , array([ 0.0708804  ,  0.0182916  ,  0.000751455,  6.31196e-78,  0.00643412 ])
152638  , -6252.91    , array([ 0.0709513  ,  0.0182916  ,  0.000751455,  6.31196e-78,  0.00643412 ])
152639  , -6260.54    , array([ 0.0708804  ,  0.0183099  ,  0.000751455,  6.31196e-78,  0.00643412 ])
152640  , -6260.38    , array([ 0.0708804  ,  0.0182916  ,  0.000752206,  6.31196e-78,  0.00643412 ])
152641  , -6260.38    , array([ 0.0708804  ,  0.0182916  ,  0.000751455,  6.31827e-78,  0.00643412 ])
152642  , -6267.05    , array([ 0.0708804  ,  0.0182916  ,  0.000751455,  6.31196e-78,  0.00644056 ])
152643  , -57001.2    , array([ 20.5761    ,  4.44748    ,  0.000752402,  6.31196e-78,  1.54014    ])
152644  , -57001.2    , array([ 20.5761    ,  4.44748    ,  0.000752402,  6.31196e-78,  1.54014    ])
152645  , -57008.6    , array([ 20.5967    ,  4.44748    ,  0.000752402,  6.31196e-78,  1.54014    ])
152646  , -57005.7    , array([ 20.5761    ,  4.45193    ,  0.000752402,  6.31196e-78,  1.54014    ])
152647  , -57001.1    , array([ 20.5761    ,  4.44748    ,  0.000753155,  6.31196e-78,  1.54014    ])
152648  , -57001.2    , array([ 20.5761    ,  4.44748    ,  0.000752402,  6.31827e-78,  1.54014    ])
152649  , -57022.6    , array([ 20.5761    ,  4.44748    ,  0.000752402,  6.31196e-78,  1.54168    ])
152650  , -5291.32    , array([ 0.170573   ,  0.042827   ,  0.000751601,  6.31196e-78,  0.015028   ])
152651  , -5291.32    , array([ 0.170573   ,  0.042827   ,  0.000751601,  6.31196e-78,  0.015028   ])
152652  , -5284.59    , array([ 0.170744   ,  0.042827   ,  0.000751601,  6.31196e-78,  0.015028   ])
152653  , -5291.68    , array([ 0.170573   ,  0.0428698  ,  0.000751601,  6.31196e-78,  0.015028   ])
152654  , -5291.32    , array([ 0.170573   ,  0.042827   ,  0.000752353,  6.31196e-78,  0.015028   ])
152655  , -5291.32    , array([ 0.170573   ,  0.042827   ,  0.000751601,  6.31827e-78,  0.015028   ])
152656  , -5296.67    , array([ 0.170573   ,  0.042827   ,  0.000751601,  6.31196e-78,  0.0150431  ])
152657  , -4466.85    , array([ 0.329518   ,  0.081049   ,  0.000751711,  6.31196e-78,  0.0283886  ])
152658  , -4466.85    , array([ 0.329518   ,  0.081049   ,  0.000751711,  6.31196e-78,  0.0283886  ])
152659  , -4460.95    , array([ 0.329848   ,  0.081049   ,  0.000751711,  6.31196e-78,  0.0283886  ])
152660  , -4467.44    , array([ 0.329518   ,  0.0811301  ,  0.000751711,  6.31196e-78,  0.0283886  ])
152661  , -4466.85    , array([ 0.329518   ,  0.081049   ,  0.000752463,  6.31196e-78,  0.0283886  ])
152662  , -4466.85    , array([ 0.329518   ,  0.081049   ,  0.000751711,  6.31827e-78,  0.0283886  ])
152663  , -4471.23    , array([ 0.329518   ,  0.081049   ,  0.000751711,  6.31196e-78,  0.028417   ])
152664  , -10327      , array([ 2.60388    ,  0.600386   ,  0.000752057,  6.31196e-78,  0.209099   ])
152665  , -10327      , array([ 2.60388    ,  0.600386   ,  0.000752057,  6.31196e-78,  0.209099   ])
152666  , -10326.4    , array([ 2.60648    ,  0.600386   ,  0.000752057,  6.31196e-78,  0.209099   ])
152667  , -10329.4    , array([ 2.60388    ,  0.600987   ,  0.000752057,  6.31196e-78,  0.209099   ])
152668  , -10327      , array([ 2.60388    ,  0.600386   ,  0.000752809,  6.31196e-78,  0.209099   ])
152669  , -10327      , array([ 2.60388    ,  0.600386   ,  0.000752057,  6.31827e-78,  0.209099   ])
152670  , -10336.4    , array([ 2.60388    ,  0.600386   ,  0.000752057,  6.31196e-78,  0.209308   ])
152671  , -4081.42    , array([ 0.523614   ,  0.126939   ,  0.000751789,  6.31196e-78,  0.0444054  ])
152672  , -4081.42    , array([ 0.523614   ,  0.126939   ,  0.000751789,  6.31196e-78,  0.0444054  ])
152673  , -4076.32    , array([ 0.524138   ,  0.126939   ,  0.000751789,  6.31196e-78,  0.0444054  ])
152674  , -4082.24    , array([ 0.523614   ,  0.127066   ,  0.000751789,  6.31196e-78,  0.0444054  ])
152675  , -4081.42    , array([ 0.523614   ,  0.126939   ,  0.000752541,  6.31196e-78,  0.0444054  ])
152676  , -4081.42    , array([ 0.523614   ,  0.126939   ,  0.000751789,  6.31827e-78,  0.0444054  ])
152677  , -4085.47    , array([ 0.523614   ,  0.126939   ,  0.000751789,  6.31196e-78,  0.0444498  ])
152678  , -4050.5     , array([ 0.592102   ,  0.142992   ,  0.000751809,  6.31196e-78,  0.0500041  ])
152679  , -4050.5     , array([ 0.592102   ,  0.142992   ,  0.000751809,  6.31196e-78,  0.0500041  ])
152680  , -4045.66    , array([ 0.592695   ,  0.142992   ,  0.000751809,  6.31196e-78,  0.0500041  ])
152681  , -4051.4     , array([ 0.592102   ,  0.143135   ,  0.000751809,  6.31196e-78,  0.0500041  ])
152682  , -4050.5     , array([ 0.592102   ,  0.142992   ,  0.000752561,  6.31196e-78,  0.0500041  ])
152683  , -4050.5     , array([ 0.592102   ,  0.142992   ,  0.000751809,  6.31827e-78,  0.0500041  ])
152684  , -4054.57    , array([ 0.592102   ,  0.142992   ,  0.000751809,  6.31196e-78,  0.0500541  ])
152685  , -3835.33    , array([ 0.710156   ,  0.156943   ,  0.00139418 ,  6.31196e-78,  0.0568399  ])
152686  , -3835.33    , array([ 0.710156   ,  0.156943   ,  0.00139418 ,  6.31196e-78,  0.0568399  ])
152687  , -3831.2     , array([ 0.710867   ,  0.156943   ,  0.00139418 ,  6.31196e-78,  0.0568399  ])
152688  , -3835.41    , array([ 0.710156   ,  0.1571     ,  0.00139418 ,  6.31196e-78,  0.0568399  ])
152689  , -3835.33    , array([ 0.710156   ,  0.156943   ,  0.00139557 ,  6.31196e-78,  0.0568399  ])
152690  , -3835.33    , array([ 0.710156   ,  0.156943   ,  0.00139418 ,  6.31827e-78,  0.0568399  ])
152691  , -3840.03    , array([ 0.710156   ,  0.156943   ,  0.00139418 ,  6.31196e-78,  0.0568968  ])
152692  , -3506.15    , array([ 0.639983   ,  0.124326   ,  0.0037342  ,  6.31196e-78,  0.0474648  ])
152693  , -3506.15    , array([ 0.639983   ,  0.124326   ,  0.0037342  ,  6.31196e-78,  0.0474648  ])
152694  , -3502.31    , array([ 0.640624   ,  0.124326   ,  0.0037342  ,  6.31196e-78,  0.0474648  ])
152695  , -3504.67    , array([ 0.639983   ,  0.12445    ,  0.0037342  ,  6.31196e-78,  0.0474648  ])
152696  , -3506.15    , array([ 0.639983   ,  0.124326   ,  0.00373794 ,  6.31196e-78,  0.0474648  ])
152697  , -3506.15    , array([ 0.639983   ,  0.124326   ,  0.0037342  ,  6.31827e-78,  0.0474648  ])
152698  , -3511.61    , array([ 0.639983   ,  0.124326   ,  0.0037342  ,  6.31196e-78,  0.0475123  ])
152699  , -2729.46    , array([ 0.683191   ,  0.109007   ,  0.459714   ,  6.31196e-78,  0.0425449  ])
152700  , -2729.46    , array([ 0.683191   ,  0.109007   ,  0.459714   ,  6.31196e-78,  0.0425449  ])
152701  , -2726.81    , array([ 0.683874   ,  0.109007   ,  0.459714   ,  6.31196e-78,  0.0425449  ])
152702  , -2727.6     , array([ 0.683191   ,  0.109116   ,  0.459714   ,  6.31196e-78,  0.0425449  ])
152703  , -2729.24    , array([ 0.683191   ,  0.109007   ,  0.460174   ,  6.31196e-78,  0.0425449  ])
152704  , -2729.46    , array([ 0.683191   ,  0.109007   ,  0.459714   ,  6.31827e-78,  0.0425449  ])
152705  , -2733.77    , array([ 0.683191   ,  0.109007   ,  0.459714   ,  6.31196e-78,  0.0425875  ])
152713  , -2729.4     , array([ 0.683192   ,  0.109006   ,  0.459799   ,  6.31196e-78,  0.0425447  ])
152714  , -2729.4     , array([ 0.683192   ,  0.109006   ,  0.459799   ,  6.31196e-78,  0.0425447  ])
152715  , -2726.75    , array([ 0.683876   ,  0.109006   ,  0.459799   ,  6.31196e-78,  0.0425447  ])
152716  , -2727.54    , array([ 0.683192   ,  0.109115   ,  0.459799   ,  6.31196e-78,  0.0425447  ])
152717  , -2729.18    , array([ 0.683192   ,  0.109006   ,  0.460259   ,  6.31196e-78,  0.0425447  ])
152718  , -2729.4     , array([ 0.683192   ,  0.109006   ,  0.459799   ,  6.31827e-78,  0.0425447  ])
152719  , -2733.71    , array([ 0.683192   ,  0.109006   ,  0.459799   ,  6.31196e-78,  0.0425873  ])
152720  , -2729.35    , array([ 0.683194   ,  0.109006   ,  0.459884   ,  6.31196e-78,  0.0425446  ])
152721  , -2729.35    , array([ 0.683194   ,  0.109006   ,  0.459884   ,  6.31196e-78,  0.0425446  ])
152722  , -2726.7     , array([ 0.683878   ,  0.109006   ,  0.459884   ,  6.31196e-78,  0.0425446  ])
152723  , -2727.49    , array([ 0.683194   ,  0.109115   ,  0.459884   ,  6.31196e-78,  0.0425446  ])
152724  , -2729.13    , array([ 0.683194   ,  0.109006   ,  0.460344   ,  6.31196e-78,  0.0425446  ])
152725  , -2729.35    , array([ 0.683194   ,  0.109006   ,  0.459884   ,  6.31827e-78,  0.0425446  ])
152726  , -2733.66    , array([ 0.683194   ,  0.109006   ,  0.459884   ,  6.31196e-78,  0.0425871  ])
152734  , -2729.33    , array([ 0.683195   ,  0.109006   ,  0.459906   ,  6.31196e-78,  0.0425445  ])
152735  , -2729.33    , array([ 0.683195   ,  0.109006   ,  0.459906   ,  6.31196e-78,  0.0425445  ])
152736  , -2726.68    , array([ 0.683878   ,  0.109006   ,  0.459906   ,  6.31196e-78,  0.0425445  ])
152737  , -2727.47    , array([ 0.683195   ,  0.109115   ,  0.459906   ,  6.31196e-78,  0.0425445  ])
152738  , -2729.12    , array([ 0.683195   ,  0.109006   ,  0.460366   ,  6.31196e-78,  0.0425445  ])
152739  , -2729.33    , array([ 0.683195   ,  0.109006   ,  0.459906   ,  6.31827e-78,  0.0425445  ])
152740  , -2733.64    , array([ 0.683195   ,  0.109006   ,  0.459906   ,  6.31196e-78,  0.0425871  ])
152741  , -2729.32    , array([ 0.683195   ,  0.109005   ,  0.459927   ,  6.31196e-78,  0.0425445  ])
152742  , -2729.32    , array([ 0.683195   ,  0.109005   ,  0.459927   ,  6.31196e-78,  0.0425445  ])
152743  , -2726.67    , array([ 0.683879   ,  0.109005   ,  0.459927   ,  6.31196e-78,  0.0425445  ])
152744  , -2727.46    , array([ 0.683195   ,  0.109114   ,  0.459927   ,  6.31196e-78,  0.0425445  ])
152745  , -2729.1     , array([ 0.683195   ,  0.109005   ,  0.460387   ,  6.31196e-78,  0.0425445  ])
152746  , -2729.32    , array([ 0.683195   ,  0.109005   ,  0.459927   ,  6.31827e-78,  0.0425445  ])
152747  , -2733.63    , array([ 0.683195   ,  0.109005   ,  0.459927   ,  6.31196e-78,  0.042587   ])
152755  , -2729.31    , array([ 0.683195   ,  0.109005   ,  0.459932   ,  6.31196e-78,  0.0425445  ])
152756  , -2729.31    , array([ 0.683195   ,  0.109005   ,  0.459932   ,  6.31196e-78,  0.0425445  ])
152757  , -2726.66    , array([ 0.683879   ,  0.109005   ,  0.459932   ,  6.31196e-78,  0.0425445  ])
152758  , -2727.45    , array([ 0.683195   ,  0.109114   ,  0.459932   ,  6.31196e-78,  0.0425445  ])
152759  , -2729.1     , array([ 0.683195   ,  0.109005   ,  0.460392   ,  6.31196e-78,  0.0425445  ])
152760  , -2729.31    , array([ 0.683195   ,  0.109005   ,  0.459932   ,  6.31827e-78,  0.0425445  ])
152761  , -2733.62    , array([ 0.683195   ,  0.109005   ,  0.459932   ,  6.31196e-78,  0.042587   ])
152762  , -2729.31    , array([ 0.683195   ,  0.109005   ,  0.459937   ,  6.31196e-78,  0.0425444  ])
152763  , -2729.31    , array([ 0.683195   ,  0.109005   ,  0.459937   ,  6.31196e-78,  0.0425444  ])
152764  , -2726.66    , array([ 0.683879   ,  0.109005   ,  0.459937   ,  6.31196e-78,  0.0425444  ])
152765  , -2727.45    , array([ 0.683195   ,  0.109114   ,  0.459937   ,  6.31196e-78,  0.0425444  ])
152766  , -2729.09    , array([ 0.683195   ,  0.109005   ,  0.460398   ,  6.31196e-78,  0.0425444  ])
152767  , -2729.31    , array([ 0.683195   ,  0.109005   ,  0.459937   ,  6.31827e-78,  0.0425444  ])
152768  , -2733.62    , array([ 0.683195   ,  0.109005   ,  0.459937   ,  6.31196e-78,  0.042587   ])
152769  , -1573.71    , array([ 0.70588    ,  0.102069   ,  5.1028     ,  6.31196e-78,  0.0402793  ])
152770  , -1573.71    , array([ 0.70588    ,  0.102069   ,  5.1028     ,  6.31196e-78,  0.0402793  ])
152771  , -1572.77    , array([ 0.706587   ,  0.102069   ,  5.1028     ,  6.31196e-78,  0.0402793  ])
152772  , -1574.49    , array([ 0.70588    ,  0.102171   ,  5.1028     ,  6.31196e-78,  0.0402793  ])
152773  , -1573.44    , array([ 0.70588    ,  0.102069   ,  5.10791    ,  6.31196e-78,  0.0402793  ])
152774  , -1573.71    , array([ 0.70588    ,  0.102069   ,  5.1028     ,  6.31827e-78,  0.0402793  ])
152775  , -1573.24    , array([ 0.70588    ,  0.102069   ,  5.1028     ,  6.31196e-78,  0.0403196  ])
152776  , -1655.34    , array([ 0.710786   ,  0.100656   ,  8.49928    ,  6.31196e-78,  0.0398147  ])
152777  , -1655.34    , array([ 0.710786   ,  0.100656   ,  8.49928    ,  6.31196e-78,  0.0398147  ])
152778  , -1655.15    , array([ 0.711497   ,  0.100656   ,  8.49928    ,  6.31196e-78,  0.0398147  ])
152779  , -1657.84    , array([ 0.710786   ,  0.100757   ,  8.49928    ,  6.31196e-78,  0.0398147  ])
152780  , -1656.16    , array([ 0.710786   ,  0.100656   ,  8.50779    ,  6.31196e-78,  0.0398147  ])
152781  , -1655.34    , array([ 0.710786   ,  0.100656   ,  8.49928    ,  6.31827e-78,  0.0398147  ])
152782  , -1653.29    , array([ 0.710786   ,  0.100656   ,  8.49928    ,  6.31196e-78,  0.0398546  ])
152783  , -1543.39    , array([ 0.707621   ,  0.101565   ,  6.11798    ,  6.31196e-78,  0.0401134  ])
152784  , -1543.39    , array([ 0.707621   ,  0.101565   ,  6.11798    ,  6.31196e-78,  0.0401134  ])
152785  , -1542.7     , array([ 0.708329   ,  0.101565   ,  6.11798    ,  6.31196e-78,  0.0401134  ])
152786  , -1544.71    , array([ 0.707621   ,  0.101666   ,  6.11798    ,  6.31196e-78,  0.0401134  ])
152787  , -1543.39    , array([ 0.707621   ,  0.101565   ,  6.1241     ,  6.31196e-78,  0.0401134  ])
152788  , -1543.39    , array([ 0.707621   ,  0.101565   ,  6.11798    ,  6.31827e-78,  0.0401134  ])
152789  , -1542.34    , array([ 0.707621   ,  0.101565   ,  6.11798    ,  6.31196e-78,  0.0401536  ])
152797  , -1543.39    , array([ 0.707621   ,  0.101565   ,  6.11801    ,  6.31196e-78,  0.0401134  ])
152798  , -1543.39    , array([ 0.707621   ,  0.101565   ,  6.11801    ,  6.31196e-78,  0.0401134  ])
152799  , -1542.7     , array([ 0.708329   ,  0.101565   ,  6.11801    ,  6.31196e-78,  0.0401134  ])
152800  , -1544.71    , array([ 0.707621   ,  0.101666   ,  6.11801    ,  6.31196e-78,  0.0401134  ])
152801  , -1543.39    , array([ 0.707621   ,  0.101565   ,  6.12413    ,  6.31196e-78,  0.0401134  ])
152802  , -1543.39    , array([ 0.707621   ,  0.101565   ,  6.11801    ,  6.31827e-78,  0.0401134  ])
152803  , -1542.34    , array([ 0.707621   ,  0.101565   ,  6.11801    ,  6.31196e-78,  0.0401536  ])
152804  , -1543.39    , array([ 0.707621   ,  0.101565   ,  6.11806    ,  6.31196e-78,  0.0401134  ])
152805  , -1543.39    , array([ 0.707621   ,  0.101565   ,  6.11806    ,  6.31196e-78,  0.0401134  ])
152806  , -1542.7     , array([ 0.708329   ,  0.101565   ,  6.11806    ,  6.31196e-78,  0.0401134  ])
152807  , -1544.71    , array([ 0.707621   ,  0.101666   ,  6.11806    ,  6.31196e-78,  0.0401134  ])
152808  , -1543.39    , array([ 0.707621   ,  0.101565   ,  6.12419    ,  6.31196e-78,  0.0401134  ])
152809  , -1543.39    , array([ 0.707621   ,  0.101565   ,  6.11806    ,  6.31827e-78,  0.0401134  ])
152810  , -1542.34    , array([ 0.707621   ,  0.101565   ,  6.11806    ,  6.31196e-78,  0.0401536  ])
152818  , -1543.39    , array([ 0.707621   ,  0.101565   ,  6.11807    ,  6.31196e-78,  0.0401134  ])
152819  , -1543.39    , array([ 0.707621   ,  0.101565   ,  6.11807    ,  6.31196e-78,  0.0401134  ])
152820  , -1542.7     , array([ 0.708329   ,  0.101565   ,  6.11807    ,  6.31196e-78,  0.0401134  ])
152821  , -1544.71    , array([ 0.707621   ,  0.101666   ,  6.11807    ,  6.31196e-78,  0.0401134  ])
152822  , -1543.39    , array([ 0.707621   ,  0.101565   ,  6.12419    ,  6.31196e-78,  0.0401134  ])
152823  , -1543.39    , array([ 0.707621   ,  0.101565   ,  6.11807    ,  6.31827e-78,  0.0401134  ])
152824  , -1542.34    , array([ 0.707621   ,  0.101565   ,  6.11807    ,  6.31196e-78,  0.0401536  ])
152825  , -1543.39    , array([ 0.707621   ,  0.101565   ,  6.11808    ,  6.31196e-78,  0.0401134  ])
152826  , -1543.39    , array([ 0.707621   ,  0.101565   ,  6.11808    ,  6.31196e-78,  0.0401134  ])
152827  , -1542.7     , array([ 0.708329   ,  0.101565   ,  6.11808    ,  6.31196e-78,  0.0401134  ])
152828  , -1544.71    , array([ 0.707621   ,  0.101666   ,  6.11808    ,  6.31196e-78,  0.0401134  ])
152829  , -1543.39    , array([ 0.707621   ,  0.101565   ,  6.12421    ,  6.31196e-78,  0.0401134  ])
152830  , -1543.39    , array([ 0.707621   ,  0.101565   ,  6.11808    ,  6.31827e-78,  0.0401134  ])
152831  , -1542.34    , array([ 0.707621   ,  0.101565   ,  6.11808    ,  6.31196e-78,  0.0401536  ])
152839  , -1543.39    , array([ 0.707621   ,  0.101565   ,  6.11809    ,  6.31196e-78,  0.0401134  ])
152840  , -1543.39    , array([ 0.707621   ,  0.101565   ,  6.11809    ,  6.31196e-78,  0.0401134  ])
152841  , -1542.7     , array([ 0.708329   ,  0.101565   ,  6.11809    ,  6.31196e-78,  0.0401134  ])
152842  , -1544.71    , array([ 0.707621   ,  0.101666   ,  6.11809    ,  6.31196e-78,  0.0401134  ])
152843  , -1543.39    , array([ 0.707621   ,  0.101565   ,  6.12421    ,  6.31196e-78,  0.0401134  ])
152844  , -1543.39    , array([ 0.707621   ,  0.101565   ,  6.11809    ,  6.31827e-78,  0.0401134  ])
152845  , -1542.34    , array([ 0.707621   ,  0.101565   ,  6.11809    ,  6.31196e-78,  0.0401536  ])
152846  , -1543.39    , array([ 0.707621   ,  0.101565   ,  6.11809    ,  6.31196e-78,  0.0401134  ])
152847  , -1543.39    , array([ 0.707621   ,  0.101565   ,  6.11809    ,  6.31196e-78,  0.0401134  ])
152848  , -1542.7     , array([ 0.708329   ,  0.101565   ,  6.11809    ,  6.31196e-78,  0.0401134  ])
152849  , -1544.71    , array([ 0.707621   ,  0.101666   ,  6.11809    ,  6.31196e-78,  0.0401134  ])
152850  , -1543.39    , array([ 0.707621   ,  0.101565   ,  6.12421    ,  6.31196e-78,  0.0401134  ])
152851  , -1543.39    , array([ 0.707621   ,  0.101565   ,  6.11809    ,  6.31827e-78,  0.0401134  ])
152852  , -1542.34    , array([ 0.707621   ,  0.101565   ,  6.11809    ,  6.31196e-78,  0.0401536  ])
152860  , -1543.39    , array([ 0.707621   ,  0.101565   ,  6.11809    ,  6.31196e-78,  0.0401134  ])
152861  , -1543.39    , array([ 0.707621   ,  0.101565   ,  6.11809    ,  6.31196e-78,  0.0401134  ])
152862  , -1542.7     , array([ 0.708329   ,  0.101565   ,  6.11809    ,  6.31196e-78,  0.0401134  ])
152863  , -1544.71    , array([ 0.707621   ,  0.101666   ,  6.11809    ,  6.31196e-78,  0.0401134  ])
152864  , -1543.39    , array([ 0.707621   ,  0.101565   ,  6.12421    ,  6.31196e-78,  0.0401134  ])
152865  , -1543.39    , array([ 0.707621   ,  0.101565   ,  6.11809    ,  6.31827e-78,  0.0401134  ])
152866  , -1542.34    , array([ 0.707621   ,  0.101565   ,  6.11809    ,  6.31196e-78,  0.0401536  ])
152867  , -1543.39    , array([ 0.707621   ,  0.101565   ,  6.11809    ,  6.31196e-78,  0.0401134  ])
152868  , -1543.39    , array([ 0.707621   ,  0.101565   ,  6.11809    ,  6.31196e-78,  0.0401134  ])
152869  , -1542.7     , array([ 0.708329   ,  0.101565   ,  6.11809    ,  6.31196e-78,  0.0401134  ])
152870  , -1544.71    , array([ 0.707621   ,  0.101666   ,  6.11809    ,  6.31196e-78,  0.0401134  ])
152871  , -1543.39    , array([ 0.707621   ,  0.101565   ,  6.12421    ,  6.31196e-78,  0.0401134  ])
152872  , -1543.39    , array([ 0.707621   ,  0.101565   ,  6.11809    ,  6.31827e-78,  0.0401134  ])
152873  , -1542.34    , array([ 0.707621   ,  0.101565   ,  6.11809    ,  6.31196e-78,  0.0401536  ])
152881  , -1543.39    , array([ 0.707621   ,  0.101565   ,  6.11809    ,  6.31196e-78,  0.0401134  ])
152882  , -1543.39    , array([ 0.707621   ,  0.101565   ,  6.11809    ,  6.31196e-78,  0.0401134  ])
152883  , -1542.7     , array([ 0.708329   ,  0.101565   ,  6.11809    ,  6.31196e-78,  0.0401134  ])
152884  , -1544.71    , array([ 0.707621   ,  0.101666   ,  6.11809    ,  6.31196e-78,  0.0401134  ])
152885  , -1543.39    , array([ 0.707621   ,  0.101565   ,  6.12421    ,  6.31196e-78,  0.0401134  ])
152886  , -1543.39    , array([ 0.707621   ,  0.101565   ,  6.11809    ,  6.31827e-78,  0.0401134  ])
152887  , -1542.34    , array([ 0.707621   ,  0.101565   ,  6.11809    ,  6.31196e-78,  0.0401536  ])
152888  , -1543.39    , array([ 0.707621   ,  0.101565   ,  6.11809    ,  6.31196e-78,  0.0401134  ])
152889  , -1543.39    , array([ 0.707621   ,  0.101565   ,  6.11809    ,  6.31196e-78,  0.0401134  ])
152890  , -1542.7     , array([ 0.708329   ,  0.101565   ,  6.11809    ,  6.31196e-78,  0.0401134  ])
152891  , -1544.71    , array([ 0.707621   ,  0.101666   ,  6.11809    ,  6.31196e-78,  0.0401134  ])
152892  , -1543.39    , array([ 0.707621   ,  0.101565   ,  6.12421    ,  6.31196e-78,  0.0401134  ])
152893  , -1543.39    , array([ 0.707621   ,  0.101565   ,  6.11809    ,  6.31827e-78,  0.0401134  ])
152894  , -1542.34    , array([ 0.707621   ,  0.101565   ,  6.11809    ,  6.31196e-78,  0.0401536  ])
152895  , -1650.25    , array([ 0.712666   ,  0.10158    ,  8.42622    ,  6.31196e-78,  0.0402112  ])
152896  , -1650.25    , array([ 0.712666   ,  0.10158    ,  8.42622    ,  6.31196e-78,  0.0402112  ])
152897  , -1650.05    , array([ 0.713379   ,  0.10158    ,  8.42622    ,  6.31196e-78,  0.0402112  ])
152898  , -1652.75    , array([ 0.712666   ,  0.101681   ,  8.42622    ,  6.31196e-78,  0.0402112  ])
152899  , -1651.05    , array([ 0.712666   ,  0.10158    ,  8.43465    ,  6.31196e-78,  0.0402112  ])
152900  , -1650.25    , array([ 0.712666   ,  0.10158    ,  8.42622    ,  6.31827e-78,  0.0402112  ])
152901  , -1648.21    , array([ 0.712666   ,  0.10158    ,  8.42622    ,  6.31196e-78,  0.0402514  ])
152902  , -1543.16    , array([ 0.707844   ,  0.101565   ,  6.20551    ,  6.31196e-78,  0.0401178  ])
152903  , -1543.16    , array([ 0.707844   ,  0.101565   ,  6.20551    ,  6.31196e-78,  0.0401178  ])
152904  , -1542.49    , array([ 0.708552   ,  0.101565   ,  6.20551    ,  6.31196e-78,  0.0401178  ])
152905  , -1544.53    , array([ 0.707844   ,  0.101667   ,  6.20551    ,  6.31196e-78,  0.0401178  ])
152906  , -1543.18    , array([ 0.707844   ,  0.101565   ,  6.21172    ,  6.31196e-78,  0.0401178  ])
152907  , -1543.16    , array([ 0.707844   ,  0.101565   ,  6.20551    ,  6.31827e-78,  0.0401178  ])
152908  , -1542.07    , array([ 0.707844   ,  0.101565   ,  6.20551    ,  6.31196e-78,  0.0401579  ])
152909  , -1542.7     , array([ 0.708184   ,  0.101573   ,  6.20474    ,  6.31196e-78,  0.0401264  ])
152910  , -1542.7     , array([ 0.708184   ,  0.101573   ,  6.20474    ,  6.31196e-78,  0.0401264  ])
152911  , -1542.03    , array([ 0.708893   ,  0.101573   ,  6.20474    ,  6.31196e-78,  0.0401264  ])
152912  , -1544.06    , array([ 0.708184   ,  0.101674   ,  6.20474    ,  6.31196e-78,  0.0401264  ])
152913  , -1542.72    , array([ 0.708184   ,  0.101573   ,  6.21095    ,  6.31196e-78,  0.0401264  ])
152914  , -1542.7     , array([ 0.708184   ,  0.101573   ,  6.20474    ,  6.31827e-78,  0.0401264  ])
152915  , -1541.61    , array([ 0.708184   ,  0.101573   ,  6.20474    ,  6.31196e-78,  0.0401666  ])
152916  , -1540.85    , array([ 0.709547   ,  0.101602   ,  6.20164    ,  6.31196e-78,  0.0401611  ])
152917  , -1540.85    , array([ 0.709547   ,  0.101602   ,  6.20164    ,  6.31196e-78,  0.0401611  ])
152918  , -1540.18    , array([ 0.710257   ,  0.101602   ,  6.20164    ,  6.31196e-78,  0.0401611  ])
152919  , -1542.19    , array([ 0.709547   ,  0.101704   ,  6.20164    ,  6.31196e-78,  0.0401611  ])
152920  , -1540.87    , array([ 0.709547   ,  0.101602   ,  6.20785    ,  6.31196e-78,  0.0401611  ])
152921  , -1540.85    , array([ 0.709547   ,  0.101602   ,  6.20164    ,  6.31827e-78,  0.0401611  ])
152922  , -1539.76    , array([ 0.709547   ,  0.101602   ,  6.20164    ,  6.31196e-78,  0.0402013  ])
152923  , -1533.58    , array([ 0.715023   ,  0.10172    ,  6.18928    ,  6.31196e-78,  0.0403001  ])
152924  , -1533.58    , array([ 0.715023   ,  0.10172    ,  6.18928    ,  6.31196e-78,  0.0403001  ])
152925  , -1532.93    , array([ 0.715738   ,  0.10172    ,  6.18928    ,  6.31196e-78,  0.0403001  ])
152926  , -1534.87    , array([ 0.715023   ,  0.101822   ,  6.18928    ,  6.31196e-78,  0.0403001  ])
152927  , -1533.6     , array([ 0.715023   ,  0.10172    ,  6.19548    ,  6.31196e-78,  0.0403001  ])
152928  , -1533.58    , array([ 0.715023   ,  0.10172    ,  6.18928    ,  6.31827e-78,  0.0403001  ])
152929  , -1532.54    , array([ 0.715023   ,  0.10172    ,  6.18928    ,  6.31196e-78,  0.0403404  ])
152930  , -1506.84    , array([ 0.737352   ,  0.102193   ,  6.14009    ,  6.31196e-78,  0.0408608  ])
152931  , -1506.84    , array([ 0.737352   ,  0.102193   ,  6.14009    ,  6.31196e-78,  0.0408608  ])
152932  , -1506.27    , array([ 0.73809    ,  0.102193   ,  6.14009    ,  6.31196e-78,  0.0408608  ])
152933  , -1507.91    , array([ 0.737352   ,  0.102295   ,  6.14009    ,  6.31196e-78,  0.0408608  ])
152934  , -1506.86    , array([ 0.737352   ,  0.102193   ,  6.14623    ,  6.31196e-78,  0.0408608  ])
152935  , -1506.84    , array([ 0.737352   ,  0.102193   ,  6.14009    ,  6.31827e-78,  0.0408608  ])
152936  , -1505.98    , array([ 0.737352   ,  0.102193   ,  6.14009    ,  6.31196e-78,  0.0409017  ])
152937  , -1447.22    , array([ 0.821462   ,  0.106281   ,  5.86675    ,  6.31196e-78,  0.0434518  ])
152938  , -1447.22    , array([ 0.821462   ,  0.106281   ,  5.86675    ,  6.31196e-78,  0.0434518  ])
152939  , -1446.87    , array([ 0.822284   ,  0.106281   ,  5.86675    ,  6.31196e-78,  0.0434518  ])
152940  , -1447.8     , array([ 0.821462   ,  0.106387   ,  5.86675    ,  6.31196e-78,  0.0434518  ])
152941  , -1447.23    , array([ 0.821462   ,  0.106281   ,  5.87262    ,  6.31196e-78,  0.0434518  ])
152942  , -1447.22    , array([ 0.821462   ,  0.106281   ,  5.86675    ,  6.31827e-78,  0.0434518  ])
152943  , -1446.78    , array([ 0.821462   ,  0.106281   ,  5.86675    ,  6.31196e-78,  0.0434952  ])
152944  , -1414.47    , array([ 0.963622   ,  0.113149   ,  5.4913     ,  6.31196e-78,  0.0476677  ])
152945  , -1414.47    , array([ 0.963622   ,  0.113149   ,  5.4913     ,  6.31196e-78,  0.0476677  ])
152946  , -1414.41    , array([ 0.964586   ,  0.113149   ,  5.4913     ,  6.31196e-78,  0.0476677  ])
152947  , -1414.41    , array([ 0.963622   ,  0.113263   ,  5.4913     ,  6.31196e-78,  0.0476677  ])
152948  , -1414.46    , array([ 0.963622   ,  0.113149   ,  5.4968     ,  6.31196e-78,  0.0476677  ])
152949  , -1414.47    , array([ 0.963622   ,  0.113149   ,  5.4913     ,  6.31827e-78,  0.0476677  ])
152950  , -1414.6     , array([ 0.963622   ,  0.113149   ,  5.4913     ,  6.31196e-78,  0.0477154  ])
152951  , -1414.31    , array([ 0.959365   ,  0.112124   ,  5.5537     ,  6.31196e-78,  0.047267   ])
152952  , -1414.31    , array([ 0.959365   ,  0.112124   ,  5.5537     ,  6.31196e-78,  0.047267   ])
152953  , -1414.26    , array([ 0.960325   ,  0.112124   ,  5.5537     ,  6.31196e-78,  0.047267   ])
152954  , -1414.23    , array([ 0.959365   ,  0.112237   ,  5.5537     ,  6.31196e-78,  0.047267   ])
152955  , -1414.31    , array([ 0.959365   ,  0.112124   ,  5.55926    ,  6.31196e-78,  0.047267   ])
152956  , -1414.31    , array([ 0.959365   ,  0.112124   ,  5.5537     ,  6.31827e-78,  0.047267   ])
152957  , -1414.45    , array([ 0.959365   ,  0.112124   ,  5.5537     ,  6.31196e-78,  0.0473143  ])
152958  , -1414.16    , array([ 0.95871    ,  0.111536   ,  5.57092    ,  6.31196e-78,  0.0470143  ])
152959  , -1414.16    , array([ 0.95871    ,  0.111536   ,  5.57092    ,  6.31196e-78,  0.0470143  ])
152960  , -1414.11    , array([ 0.959669   ,  0.111536   ,  5.57092    ,  6.31196e-78,  0.0470143  ])
152961  , -1414.07    , array([ 0.95871    ,  0.111648   ,  5.57092    ,  6.31196e-78,  0.0470143  ])
152962  , -1414.16    , array([ 0.95871    ,  0.111536   ,  5.5765     ,  6.31196e-78,  0.0470143  ])
152963  , -1414.16    , array([ 0.95871    ,  0.111536   ,  5.57092    ,  6.31827e-78,  0.0470143  ])
152964  , -1414.31    , array([ 0.95871    ,  0.111536   ,  5.57092    ,  6.31196e-78,  0.0470614  ])
152965  , -1413.97    , array([ 0.959062   ,  0.111091   ,  5.57507    ,  6.31196e-78,  0.0468046  ])
152966  , -1413.97    , array([ 0.959062   ,  0.111091   ,  5.57507    ,  6.31196e-78,  0.0468046  ])
152967  , -1413.92    , array([ 0.960022   ,  0.111091   ,  5.57507    ,  6.31196e-78,  0.0468046  ])
152968  , -1413.87    , array([ 0.959062   ,  0.111202   ,  5.57507    ,  6.31196e-78,  0.0468046  ])
152969  , -1413.98    , array([ 0.959062   ,  0.111091   ,  5.58065    ,  6.31196e-78,  0.0468046  ])
152970  , -1413.97    , array([ 0.959062   ,  0.111091   ,  5.57507    ,  6.31827e-78,  0.0468046  ])
152971  , -1414.12    , array([ 0.959062   ,  0.111091   ,  5.57507    ,  6.31196e-78,  0.0468514  ])
152972  , -1413.49    , array([ 0.960473   ,  0.109328   ,  5.59168    ,  6.31196e-78,  0.0459751  ])
152973  , -1413.49    , array([ 0.960473   ,  0.109328   ,  5.59168    ,  6.31196e-78,  0.0459751  ])
152974  , -1413.45    , array([ 0.961434   ,  0.109328   ,  5.59168    ,  6.31196e-78,  0.0459751  ])
152975  , -1413.37    , array([ 0.960473   ,  0.109437   ,  5.59168    ,  6.31196e-78,  0.0459751  ])
152976  , -1413.51    , array([ 0.960473   ,  0.109328   ,  5.59728    ,  6.31196e-78,  0.0459751  ])
152977  , -1413.49    , array([ 0.960473   ,  0.109328   ,  5.59168    ,  6.31827e-78,  0.0459751  ])
152978  , -1413.64    , array([ 0.960473   ,  0.109328   ,  5.59168    ,  6.31196e-78,  0.0460211  ])
152979  , -1412.87    , array([ 0.966486   ,  0.107492   ,  5.56214    ,  6.31196e-78,  0.045022   ])
152980  , -1412.87    , array([ 0.966486   ,  0.107492   ,  5.56214    ,  6.31196e-78,  0.045022   ])
152981  , -1412.84    , array([ 0.967453   ,  0.107492   ,  5.56214    ,  6.31196e-78,  0.045022   ])
152982  , -1412.74    , array([ 0.966486   ,  0.1076     ,  5.56214    ,  6.31196e-78,  0.045022   ])
152983  , -1412.89    , array([ 0.966486   ,  0.107492   ,  5.56771    ,  6.31196e-78,  0.045022   ])
152984  , -1412.87    , array([ 0.966486   ,  0.107492   ,  5.56214    ,  6.31827e-78,  0.045022   ])
152985  , -1413       , array([ 0.966486   ,  0.107492   ,  5.56214    ,  6.31196e-78,  0.0450671  ])
152986  , -1412.26    , array([ 0.976229   ,  0.106051   ,  5.48927    ,  6.31196e-78,  0.0441867  ])
152987  , -1412.26    , array([ 0.976229   ,  0.106051   ,  5.48927    ,  6.31196e-78,  0.0441867  ])
152988  , -1412.24    , array([ 0.977206   ,  0.106051   ,  5.48927    ,  6.31196e-78,  0.0441867  ])
152989  , -1412.16    , array([ 0.976229   ,  0.106157   ,  5.48927    ,  6.31196e-78,  0.0441867  ])
152990  , -1412.28    , array([ 0.976229   ,  0.106051   ,  5.49476    ,  6.31196e-78,  0.0441867  ])
152991  , -1412.26    , array([ 0.976229   ,  0.106051   ,  5.48927    ,  6.31827e-78,  0.0441867  ])
152992  , -1412.35    , array([ 0.976229   ,  0.106051   ,  5.48927    ,  6.31196e-78,  0.0442309  ])
152993  , -1411.73    , array([ 0.991047   ,  0.104924   ,  5.36325    ,  6.31196e-78,  0.0434209  ])
152994  , -1411.73    , array([ 0.991047   ,  0.104924   ,  5.36325    ,  6.31196e-78,  0.0434209  ])
152995  , -1411.73    , array([ 0.992038   ,  0.104924   ,  5.36325    ,  6.31196e-78,  0.0434209  ])
152996  , -1411.68    , array([ 0.991047   ,  0.105029   ,  5.36325    ,  6.31196e-78,  0.0434209  ])
152997  , -1411.75    , array([ 0.991047   ,  0.104924   ,  5.36861    ,  6.31196e-78,  0.0434209  ])
152998  , -1411.73    , array([ 0.991047   ,  0.104924   ,  5.36325    ,  6.31827e-78,  0.0434209  ])
152999  , -1411.78    , array([ 0.991047   ,  0.104924   ,  5.36325    ,  6.31196e-78,  0.0434643  ])
153000  , -1411.51    , array([ 1.00429    ,  0.104691   ,  5.23782    ,  6.31196e-78,  0.0431055  ])
153001  , -1411.51    , array([ 1.00429    ,  0.104691   ,  5.23782    ,  6.31196e-78,  0.0431055  ])
153002  , -1411.51    , array([ 1.0053     ,  0.104691   ,  5.23782    ,  6.31196e-78,  0.0431055  ])
153003  , -1411.5     , array([ 1.00429    ,  0.104796   ,  5.23782    ,  6.31196e-78,  0.0431055  ])
153004  , -1411.52    , array([ 1.00429    ,  0.104691   ,  5.24306    ,  6.31196e-78,  0.0431055  ])
153005  , -1411.51    , array([ 1.00429    ,  0.104691   ,  5.23782    ,  6.31827e-78,  0.0431055  ])
153006  , -1411.51    , array([ 1.00429    ,  0.104691   ,  5.23782    ,  6.31196e-78,  0.0431486  ])
153007  , -1411.39    , array([ 1.00662    ,  0.105027   ,  5.2049     ,  6.31196e-78,  0.0432199  ])
153008  , -1411.39    , array([ 1.00662    ,  0.105027   ,  5.2049     ,  6.31196e-78,  0.0432199  ])
153009  , -1411.39    , array([ 1.00763    ,  0.105027   ,  5.2049     ,  6.31196e-78,  0.0432199  ])
153010  , -1411.39    , array([ 1.00662    ,  0.105132   ,  5.2049     ,  6.31196e-78,  0.0432199  ])
153011  , -1411.39    , array([ 1.00662    ,  0.105027   ,  5.21011    ,  6.31196e-78,  0.0432199  ])
153012  , -1411.39    , array([ 1.00662    ,  0.105027   ,  5.2049     ,  6.31827e-78,  0.0432199  ])
153013  , -1411.39    , array([ 1.00662    ,  0.105027   ,  5.2049     ,  6.31196e-78,  0.0432631  ])
153014  , -1411.32    , array([ 1.00637    ,  0.105279   ,  5.19952    ,  6.31196e-78,  0.0433306  ])
153015  , -1411.32    , array([ 1.00637    ,  0.105279   ,  5.19952    ,  6.31196e-78,  0.0433306  ])
153016  , -1411.32    , array([ 1.00738    ,  0.105279   ,  5.19952    ,  6.31196e-78,  0.0433306  ])
153017  , -1411.32    , array([ 1.00637    ,  0.105384   ,  5.19952    ,  6.31196e-78,  0.0433306  ])
153018  , -1411.32    , array([ 1.00637    ,  0.105279   ,  5.20472    ,  6.31196e-78,  0.0433306  ])
153019  , -1411.32    , array([ 1.00637    ,  0.105279   ,  5.19952    ,  6.31827e-78,  0.0433306  ])
153020  , -1411.32    , array([ 1.00637    ,  0.105279   ,  5.19952    ,  6.31196e-78,  0.043374   ])
153021  , -1411.31    , array([ 1.00609    ,  0.105317   ,  5.20147    ,  6.31196e-78,  0.0433502  ])
153022  , -1411.31    , array([ 1.00609    ,  0.105317   ,  5.20147    ,  6.31196e-78,  0.0433502  ])
153023  , -1411.31    , array([ 1.0071     ,  0.105317   ,  5.20147    ,  6.31196e-78,  0.0433502  ])
153024  , -1411.31    , array([ 1.00609    ,  0.105422   ,  5.20147    ,  6.31196e-78,  0.0433502  ])
153025  , -1411.31    , array([ 1.00609    ,  0.105317   ,  5.20668    ,  6.31196e-78,  0.0433502  ])
153026  , -1411.31    , array([ 1.00609    ,  0.105317   ,  5.20147    ,  6.31827e-78,  0.0433502  ])
153027  , -1411.31    , array([ 1.00609    ,  0.105317   ,  5.20147    ,  6.31196e-78,  0.0433935  ])
153028  , -1411.31    , array([ 1.00605    ,  0.10532    ,  5.20201    ,  6.31196e-78,  0.0433523  ])
153029  , -1411.31    , array([ 1.00605    ,  0.10532    ,  5.20201    ,  6.31196e-78,  0.0433523  ])
153030  , -1411.31    , array([ 1.00705    ,  0.10532    ,  5.20201    ,  6.31196e-78,  0.0433523  ])
153031  , -1411.31    , array([ 1.00605    ,  0.105426   ,  5.20201    ,  6.31196e-78,  0.0433523  ])
153032  , -1411.31    , array([ 1.00605    ,  0.10532    ,  5.20722    ,  6.31196e-78,  0.0433523  ])
153033  , -1411.31    , array([ 1.00605    ,  0.10532    ,  5.20201    ,  6.31827e-78,  0.0433523  ])
153034  , -1411.31    , array([ 1.00605    ,  0.10532    ,  5.20201    ,  6.31196e-78,  0.0433957  ])
153035  , -1411.31    , array([ 1.00605    ,  0.10532    ,  5.20204    ,  6.31196e-78,  0.0433523  ])
153036  , -1411.31    , array([ 1.00605    ,  0.10532    ,  5.20204    ,  6.31196e-78,  0.0433523  ])
153037  , -1411.31    , array([ 1.00705    ,  0.10532    ,  5.20204    ,  6.31196e-78,  0.0433523  ])
153038  , -1411.31    , array([ 1.00605    ,  0.105426   ,  5.20204    ,  6.31196e-78,  0.0433523  ])
153039  , -1411.31    , array([ 1.00605    ,  0.10532    ,  5.20724    ,  6.31196e-78,  0.0433523  ])
153040  , -1411.31    , array([ 1.00605    ,  0.10532    ,  5.20204    ,  6.31827e-78,  0.0433523  ])
153041  , -1411.31    , array([ 1.00605    ,  0.10532    ,  5.20204    ,  6.31196e-78,  0.0433957  ])
153042  , -1411.31    , array([ 1.00605    ,  0.10532    ,  5.20204    ,  6.31196e-78,  0.0433523  ])
153043  , -1411.31    , array([ 1.00605    ,  0.10532    ,  5.20204    ,  6.31196e-78,  0.0433523  ])
153044  , -1411.31    , array([ 1.00705    ,  0.10532    ,  5.20204    ,  6.31196e-78,  0.0433523  ])
153045  , -1411.31    , array([ 1.00605    ,  0.105426   ,  5.20204    ,  6.31196e-78,  0.0433523  ])
153046  , -1411.31    , array([ 1.00605    ,  0.10532    ,  5.20724    ,  6.31196e-78,  0.0433523  ])
153047  , -1411.31    , array([ 1.00605    ,  0.10532    ,  5.20204    ,  6.31827e-78,  0.0433523  ])
153048  , -1411.31    , array([ 1.00605    ,  0.10532    ,  5.20204    ,  6.31196e-78,  0.0433957  ])
153049  , -1411.31    , array([ 1.00605    ,  0.10532    ,  5.20204    ,  6.31196e-78,  0.0433523  ])
153050  , -1411.31    , array([ 1.00605    ,  0.10532    ,  5.20204    ,  6.31196e-78,  0.0433523  ])
153051  , -1411.31    , array([ 1.00705    ,  0.10532    ,  5.20204    ,  6.31196e-78,  0.0433523  ])
153052  , -1411.31    , array([ 1.00605    ,  0.105426   ,  5.20204    ,  6.31196e-78,  0.0433523  ])
153053  , -1411.31    , array([ 1.00605    ,  0.10532    ,  5.20724    ,  6.31196e-78,  0.0433523  ])
153054  , -1411.31    , array([ 1.00605    ,  0.10532    ,  5.20204    ,  6.31827e-78,  0.0433523  ])
153055  , -1411.31    , array([ 1.00605    ,  0.10532    ,  5.20204    ,  6.31196e-78,  0.0433957  ])
