209842  , -100733     , array([ 1.02068    ,  0.506593   ,  4.72969e-25,  2.08277e-27,  0.937263   ])
209843  , -100695     , array([ 1.0217     ,  0.506593   ,  4.72969e-25,  2.08277e-27,  0.937263   ])
209844  , -100682     , array([ 1.02068    ,  0.5071     ,  4.72969e-25,  2.08277e-27,  0.937263   ])
209845  , -100733     , array([ 1.02068    ,  0.506593   ,  4.73442e-25,  2.08277e-27,  0.937263   ])
209846  , -100733     , array([ 1.02068    ,  0.506593   ,  4.72969e-25,  2.08486e-27,  0.937263   ])
209847  , -100843     , array([ 1.02068    ,  0.506593   ,  4.72969e-25,  2.08277e-27,  0.9382     ])
209848  , -100733     , array([ 1.02068    ,  0.506593   ,  4.72969e-25,  2.08277e-27,  0.937263   ])
209849  , -26749.6    , array([ 1.38996    ,  0.760288   ,  4.72969e-25,  2.08277e-27,  0.39199    ])
209850  , -26749.6    , array([ 1.38996    ,  0.760288   ,  4.72969e-25,  2.08277e-27,  0.39199    ])
209851  , -26734.5    , array([ 1.39135    ,  0.760288   ,  4.72969e-25,  2.08277e-27,  0.39199    ])
209852  , -26744.9    , array([ 1.38996    ,  0.761049   ,  4.72969e-25,  2.08277e-27,  0.39199    ])
209853  , -26749.6    , array([ 1.38996    ,  0.760288   ,  4.73442e-25,  2.08277e-27,  0.39199    ])
209854  , -26749.6    , array([ 1.38996    ,  0.760288   ,  4.72969e-25,  2.08486e-27,  0.39199    ])
209855  , -26782.8    , array([ 1.38996    ,  0.760288   ,  4.72969e-25,  2.08277e-27,  0.392382   ])
209863  , -26712.5    , array([ 1.39146    ,  0.758718   ,  4.72969e-25,  2.08277e-27,  0.39163    ])
209864  , -26712.5    , array([ 1.39146    ,  0.758718   ,  4.72969e-25,  2.08277e-27,  0.39163    ])
209865  , -26697.5    , array([ 1.39285    ,  0.758718   ,  4.72969e-25,  2.08277e-27,  0.39163    ])
209866  , -26707.8    , array([ 1.39146    ,  0.759477   ,  4.72969e-25,  2.08277e-27,  0.39163    ])
209867  , -26712.5    , array([ 1.39146    ,  0.758718   ,  4.73442e-25,  2.08277e-27,  0.39163    ])
209868  , -26712.5    , array([ 1.39146    ,  0.758718   ,  4.72969e-25,  2.08486e-27,  0.39163    ])
209869  , -26745.7    , array([ 1.39146    ,  0.758718   ,  4.72969e-25,  2.08277e-27,  0.392021   ])
209870  , -21515.9    , array([ 1.84375    ,  0.441744   ,  4.72969e-25,  2.08277e-27,  0.307818   ])
209871  , -21515.9    , array([ 1.84375    ,  0.441744   ,  4.72969e-25,  2.08277e-27,  0.307818   ])
209872  , -21510.3    , array([ 1.84559    ,  0.441744   ,  4.72969e-25,  2.08277e-27,  0.307818   ])
209873  , -21499.9    , array([ 1.84375    ,  0.442186   ,  4.72969e-25,  2.08277e-27,  0.307818   ])
209874  , -21515.9    , array([ 1.84375    ,  0.441744   ,  4.73442e-25,  2.08277e-27,  0.307818   ])
209875  , -21515.9    , array([ 1.84375    ,  0.441744   ,  4.72969e-25,  2.08486e-27,  0.307818   ])
209876  , -21549.7    , array([ 1.84375    ,  0.441744   ,  4.72969e-25,  2.08277e-27,  0.308126   ])
209877  , -17549      , array([ 0.568165   ,  0.157276   ,  4.72969e-25,  2.08277e-27,  0.113884   ])
209878  , -17549      , array([ 0.568165   ,  0.157276   ,  4.72969e-25,  2.08277e-27,  0.113884   ])
209879  , -17537.2    , array([ 0.568734   ,  0.157276   ,  4.72969e-25,  2.08277e-27,  0.113884   ])
209880  , -17531.2    , array([ 0.568165   ,  0.157433   ,  4.72969e-25,  2.08277e-27,  0.113884   ])
209881  , -17549      , array([ 0.568165   ,  0.157276   ,  4.73442e-25,  2.08277e-27,  0.113884   ])
209882  , -17549      , array([ 0.568165   ,  0.157276   ,  4.72969e-25,  2.08486e-27,  0.113884   ])
209883  , -17580      , array([ 0.568165   ,  0.157276   ,  4.72969e-25,  2.08277e-27,  0.113998   ])
209884  , -10776.8    , array([ 0.671083   ,  0.170843   ,  4.72969e-25,  2.08277e-27,  0.0982276  ])
209885  , -10776.8    , array([ 0.671083   ,  0.170843   ,  4.72969e-25,  2.08277e-27,  0.0982276  ])
209886  , -10768.4    , array([ 0.671755   ,  0.170843   ,  4.72969e-25,  2.08277e-27,  0.0982276  ])
209887  , -10765.2    , array([ 0.671083   ,  0.171014   ,  4.72969e-25,  2.08277e-27,  0.0982276  ])
209888  , -10776.8    , array([ 0.671083   ,  0.170843   ,  4.73442e-25,  2.08277e-27,  0.0982276  ])
209889  , -10776.8    , array([ 0.671083   ,  0.170843   ,  4.72969e-25,  2.08486e-27,  0.0982276  ])
209890  , -10798.5    , array([ 0.671083   ,  0.170843   ,  4.72969e-25,  2.08277e-27,  0.0983259  ])
209891  , -3107.35    , array([ 0.868641   ,  0.15758    ,  4.72969e-25,  2.08277e-27,  0.0560607  ])
209892  , -3107.35    , array([ 0.868641   ,  0.15758    ,  4.72969e-25,  2.08277e-27,  0.0560607  ])
209893  , -3104.7     , array([ 0.86951    ,  0.15758    ,  4.72969e-25,  2.08277e-27,  0.0560607  ])
209894  , -3107.86    , array([ 0.868641   ,  0.157738   ,  4.72969e-25,  2.08277e-27,  0.0560607  ])
209895  , -3107.35    , array([ 0.868641   ,  0.15758    ,  4.73442e-25,  2.08277e-27,  0.0560607  ])
209896  , -3107.35    , array([ 0.868641   ,  0.15758    ,  4.72969e-25,  2.08486e-27,  0.0560607  ])
209897  , -3110.48    , array([ 0.868641   ,  0.15758    ,  4.72969e-25,  2.08277e-27,  0.0561168  ])
209898  , -2356.24    , array([ 0.920491   ,  0.129279   ,  4.72969e-25,  2.08277e-27,  0.0438653  ])
209899  , -2356.24    , array([ 0.920491   ,  0.129279   ,  4.72969e-25,  2.08277e-27,  0.0438653  ])
209900  , -2354.76    , array([ 0.921412   ,  0.129279   ,  4.72969e-25,  2.08277e-27,  0.0438653  ])
209901  , -2357.89    , array([ 0.920491   ,  0.129408   ,  4.72969e-25,  2.08277e-27,  0.0438653  ])
209902  , -2356.24    , array([ 0.920491   ,  0.129279   ,  4.73442e-25,  2.08277e-27,  0.0438653  ])
209903  , -2356.24    , array([ 0.920491   ,  0.129279   ,  4.72969e-25,  2.08486e-27,  0.0438653  ])
209904  , -2356.69    , array([ 0.920491   ,  0.129279   ,  4.72969e-25,  2.08277e-27,  0.0439092  ])
209905  , -1842.38    , array([ 0.985815   ,  0.0940131  ,  4.72969e-25,  2.08277e-27,  0.0324942  ])
209906  , -1842.38    , array([ 0.985815   ,  0.0940131  ,  4.72969e-25,  2.08277e-27,  0.0324942  ])
209907  , -1841.72    , array([ 0.986801   ,  0.0940131  ,  4.72969e-25,  2.08277e-27,  0.0324942  ])
209908  , -1843.43    , array([ 0.985815   ,  0.0941072  ,  4.72969e-25,  2.08277e-27,  0.0324942  ])
209909  , -1842.38    , array([ 0.985815   ,  0.0940131  ,  4.73442e-25,  2.08277e-27,  0.0324942  ])
209910  , -1842.38    , array([ 0.985815   ,  0.0940131  ,  4.72969e-25,  2.08486e-27,  0.0324942  ])
209911  , -1842.2     , array([ 0.985815   ,  0.0940131  ,  4.72969e-25,  2.08277e-27,  0.0325267  ])
209912  , -1685.81    , array([ 1.05007    ,  0.0743344  ,  4.72969e-25,  2.08277e-27,  0.026476   ])
209913  , -1685.81    , array([ 1.05007    ,  0.0743344  ,  4.72969e-25,  2.08277e-27,  0.026476   ])
209914  , -1685.48    , array([ 1.05112    ,  0.0743344  ,  4.72969e-25,  2.08277e-27,  0.026476   ])
209915  , -1685.91    , array([ 1.05007    ,  0.0744088  ,  4.72969e-25,  2.08277e-27,  0.026476   ])
209916  , -1685.81    , array([ 1.05007    ,  0.0743344  ,  4.73442e-25,  2.08277e-27,  0.026476   ])
209917  , -1685.81    , array([ 1.05007    ,  0.0743344  ,  4.72969e-25,  2.08486e-27,  0.026476   ])
209918  , -1686.01    , array([ 1.05007    ,  0.0743344  ,  4.72969e-25,  2.08277e-27,  0.0265025  ])
209919  , -1655.05    , array([ 1.10865    ,  0.066134   ,  4.72969e-25,  2.08277e-27,  0.0237092  ])
209920  , -1655.05    , array([ 1.10865    ,  0.066134   ,  4.72969e-25,  2.08277e-27,  0.0237092  ])
209921  , -1654.86    , array([ 1.10976    ,  0.066134   ,  4.72969e-25,  2.08277e-27,  0.0237092  ])
209922  , -1654.92    , array([ 1.10865    ,  0.0662002  ,  4.72969e-25,  2.08277e-27,  0.0237092  ])
209923  , -1655.05    , array([ 1.10865    ,  0.066134   ,  4.73442e-25,  2.08277e-27,  0.0237092  ])
209924  , -1655.05    , array([ 1.10865    ,  0.066134   ,  4.72969e-25,  2.08486e-27,  0.0237092  ])
209925  , -1655.26    , array([ 1.10865    ,  0.066134   ,  4.72969e-25,  2.08277e-27,  0.023733   ])
209926  , -1647.56    , array([ 1.16301    ,  0.0629887  ,  4.72969e-25,  2.08277e-27,  0.0225305  ])
209927  , -1647.56    , array([ 1.16301    ,  0.0629887  ,  4.72969e-25,  2.08277e-27,  0.0225305  ])
209928  , -1647.44    , array([ 1.16418    ,  0.0629887  ,  4.72969e-25,  2.08277e-27,  0.0225305  ])
209929  , -1647.48    , array([ 1.16301    ,  0.0630517  ,  4.72969e-25,  2.08277e-27,  0.0225305  ])
209930  , -1647.56    , array([ 1.16301    ,  0.0629887  ,  4.73442e-25,  2.08277e-27,  0.0225305  ])
209931  , -1647.56    , array([ 1.16301    ,  0.0629887  ,  4.72969e-25,  2.08486e-27,  0.0225305  ])
209932  , -1647.62    , array([ 1.16301    ,  0.0629887  ,  4.72969e-25,  2.08277e-27,  0.022553   ])
209933  , -1643.93    , array([ 1.21908    ,  0.0621524  ,  4.72969e-25,  2.08277e-27,  0.0221803  ])
209934  , -1643.93    , array([ 1.21908    ,  0.0621524  ,  4.72969e-25,  2.08277e-27,  0.0221803  ])
209935  , -1643.85    , array([ 1.2203     ,  0.0621524  ,  4.72969e-25,  2.08277e-27,  0.0221803  ])
209936  , -1643.92    , array([ 1.21908    ,  0.0622146  ,  4.72969e-25,  2.08277e-27,  0.0221803  ])
209937  , -1643.93    , array([ 1.21908    ,  0.0621524  ,  4.73442e-25,  2.08277e-27,  0.0221803  ])
209938  , -1643.93    , array([ 1.21908    ,  0.0621524  ,  4.72969e-25,  2.08486e-27,  0.0221803  ])
209939  , -1643.87    , array([ 1.21908    ,  0.0621524  ,  4.72969e-25,  2.08277e-27,  0.0222025  ])
209940  , -1639.6     , array([ 1.30362    ,  0.0626902  ,  4.72969e-25,  2.08277e-27,  0.0223473  ])
209941  , -1639.6     , array([ 1.30362    ,  0.0626902  ,  4.72969e-25,  2.08277e-27,  0.0223473  ])
209942  , -1639.57    , array([ 1.30492    ,  0.0626902  ,  4.72969e-25,  2.08277e-27,  0.0223473  ])
209943  , -1639.65    , array([ 1.30362    ,  0.0627529  ,  4.72969e-25,  2.08277e-27,  0.0223473  ])
209944  , -1639.6     , array([ 1.30362    ,  0.0626902  ,  4.73442e-25,  2.08277e-27,  0.0223473  ])
209945  , -1639.6     , array([ 1.30362    ,  0.0626902  ,  4.72969e-25,  2.08486e-27,  0.0223473  ])
209946  , -1639.47    , array([ 1.30362    ,  0.0626902  ,  4.72969e-25,  2.08277e-27,  0.0223696  ])
209947  , -1635.11    , array([ 1.40974    ,  0.0648558  ,  4.72969e-25,  2.08277e-27,  0.0231466  ])
209948  , -1635.11    , array([ 1.40974    ,  0.0648558  ,  4.72969e-25,  2.08277e-27,  0.0231466  ])
209949  , -1635.12    , array([ 1.41115    ,  0.0648558  ,  4.72969e-25,  2.08277e-27,  0.0231466  ])
209950  , -1635.18    , array([ 1.40974    ,  0.0649207  ,  4.72969e-25,  2.08277e-27,  0.0231466  ])
209951  , -1635.11    , array([ 1.40974    ,  0.0648558  ,  4.73442e-25,  2.08277e-27,  0.0231466  ])
209952  , -1635.11    , array([ 1.40974    ,  0.0648558  ,  4.72969e-25,  2.08486e-27,  0.0231466  ])
209953  , -1635       , array([ 1.40974    ,  0.0648558  ,  4.72969e-25,  2.08277e-27,  0.0231698  ])
209954  , -1633.13    , array([ 1.45536    ,  0.0668349  ,  4.72969e-25,  2.08277e-27,  0.0239061  ])
209955  , -1633.13    , array([ 1.45536    ,  0.0668349  ,  4.72969e-25,  2.08277e-27,  0.0239061  ])
209956  , -1633.14    , array([ 1.45682    ,  0.0668349  ,  4.72969e-25,  2.08277e-27,  0.0239061  ])
209957  , -1633.16    , array([ 1.45536    ,  0.0669018  ,  4.72969e-25,  2.08277e-27,  0.0239061  ])
209958  , -1633.13    , array([ 1.45536    ,  0.0668349  ,  4.73442e-25,  2.08277e-27,  0.0239061  ])
209959  , -1633.13    , array([ 1.45536    ,  0.0668349  ,  4.72969e-25,  2.08486e-27,  0.0239061  ])
209960  , -1633.08    , array([ 1.45536    ,  0.0668349  ,  4.72969e-25,  2.08277e-27,  0.0239301  ])
209961  , -1632.62    , array([ 1.44912    ,  0.067527   ,  4.72969e-25,  2.08277e-27,  0.0241792  ])
209962  , -1632.62    , array([ 1.44912    ,  0.067527   ,  4.72969e-25,  2.08277e-27,  0.0241792  ])
209963  , -1632.62    , array([ 1.45057    ,  0.067527   ,  4.72969e-25,  2.08277e-27,  0.0241792  ])
209964  , -1632.62    , array([ 1.44912    ,  0.0675945  ,  4.72969e-25,  2.08277e-27,  0.0241792  ])
209965  , -1632.62    , array([ 1.44912    ,  0.067527   ,  4.73442e-25,  2.08277e-27,  0.0241792  ])
209966  , -1632.62    , array([ 1.44912    ,  0.067527   ,  4.72969e-25,  2.08486e-27,  0.0241792  ])
209967  , -1632.61    , array([ 1.44912    ,  0.067527   ,  4.72969e-25,  2.08277e-27,  0.0242034  ])
209968  , -1632.53    , array([ 1.43787    ,  0.0676669  ,  4.72969e-25,  2.08277e-27,  0.0242343  ])
209969  , -1632.53    , array([ 1.43787    ,  0.0676669  ,  4.72969e-25,  2.08277e-27,  0.0242343  ])
209970  , -1632.53    , array([ 1.43931    ,  0.0676669  ,  4.72969e-25,  2.08277e-27,  0.0242343  ])
209971  , -1632.52    , array([ 1.43787    ,  0.0677346  ,  4.72969e-25,  2.08277e-27,  0.0242343  ])
209972  , -1632.53    , array([ 1.43787    ,  0.0676669  ,  4.73442e-25,  2.08277e-27,  0.0242343  ])
209973  , -1632.53    , array([ 1.43787    ,  0.0676669  ,  4.72969e-25,  2.08486e-27,  0.0242343  ])
209974  , -1632.53    , array([ 1.43787    ,  0.0676669  ,  4.72969e-25,  2.08277e-27,  0.0242586  ])
209975  , -1632.53    , array([ 1.43658    ,  0.0676513  ,  4.72969e-25,  2.08277e-27,  0.024227   ])
209976  , -1632.53    , array([ 1.43658    ,  0.0676513  ,  4.72969e-25,  2.08277e-27,  0.024227   ])
209977  , -1632.54    , array([ 1.43802    ,  0.0676513  ,  4.72969e-25,  2.08277e-27,  0.024227   ])
209978  , -1632.53    , array([ 1.43658    ,  0.0677189  ,  4.72969e-25,  2.08277e-27,  0.024227   ])
209979  , -1632.53    , array([ 1.43658    ,  0.0676513  ,  4.73442e-25,  2.08277e-27,  0.024227   ])
209980  , -1632.53    , array([ 1.43658    ,  0.0676513  ,  4.72969e-25,  2.08486e-27,  0.024227   ])
209981  , -1632.54    , array([ 1.43658    ,  0.0676513  ,  4.72969e-25,  2.08277e-27,  0.0242513  ])
209982  , -1632.53    , array([ 1.43786    ,  0.0676667  ,  4.72969e-25,  2.08277e-27,  0.0242343  ])
209983  , -1632.53    , array([ 1.43786    ,  0.0676667  ,  4.72969e-25,  2.08277e-27,  0.0242343  ])
209984  , -1632.53    , array([ 1.43929    ,  0.0676667  ,  4.72969e-25,  2.08277e-27,  0.0242343  ])
209985  , -1632.52    , array([ 1.43786    ,  0.0677344  ,  4.72969e-25,  2.08277e-27,  0.0242343  ])
209986  , -1632.53    , array([ 1.43786    ,  0.0676667  ,  4.73442e-25,  2.08277e-27,  0.0242343  ])
209987  , -1632.53    , array([ 1.43786    ,  0.0676667  ,  4.72969e-25,  2.08486e-27,  0.0242343  ])
209988  , -1632.53    , array([ 1.43786    ,  0.0676667  ,  4.72969e-25,  2.08277e-27,  0.0242585  ])
209989  , -1632.53    , array([ 1.43787    ,  0.0676669  ,  4.72969e-25,  2.08277e-27,  0.0242343  ])
209990  , -1632.53    , array([ 1.43787    ,  0.0676669  ,  4.72969e-25,  2.08277e-27,  0.0242343  ])
209991  , -1632.53    , array([ 1.43931    ,  0.0676669  ,  4.72969e-25,  2.08277e-27,  0.0242343  ])
209992  , -1632.52    , array([ 1.43787    ,  0.0677346  ,  4.72969e-25,  2.08277e-27,  0.0242343  ])
209993  , -1632.53    , array([ 1.43787    ,  0.0676669  ,  4.73442e-25,  2.08277e-27,  0.0242343  ])
209994  , -1632.53    , array([ 1.43787    ,  0.0676669  ,  4.72969e-25,  2.08486e-27,  0.0242343  ])
209995  , -1632.53    , array([ 1.43787    ,  0.0676669  ,  4.72969e-25,  2.08277e-27,  0.0242586  ])
209996  , -1632.53    , array([ 1.43787    ,  0.0676669  ,  4.72969e-25,  2.08277e-27,  0.0242343  ])
209997  , -1632.53    , array([ 1.43787    ,  0.0676669  ,  4.72969e-25,  2.08277e-27,  0.0242343  ])
209998  , -1632.53    , array([ 1.43931    ,  0.0676669  ,  4.72969e-25,  2.08277e-27,  0.0242343  ])
209999  , -1632.52    , array([ 1.43787    ,  0.0677346  ,  4.72969e-25,  2.08277e-27,  0.0242343  ])
210000  , -1632.53    , array([ 1.43787    ,  0.0676669  ,  4.73442e-25,  2.08277e-27,  0.0242343  ])
210001  , -1632.53    , array([ 1.43787    ,  0.0676669  ,  4.72969e-25,  2.08486e-27,  0.0242343  ])
210002  , -1632.53    , array([ 1.43787    ,  0.0676669  ,  4.72969e-25,  2.08277e-27,  0.0242586  ])
210003  , -1632.53    , array([ 1.43787    ,  0.0676669  ,  4.72969e-25,  2.08277e-27,  0.0242343  ])
210004  , -1632.53    , array([ 1.43787    ,  0.0676669  ,  4.72969e-25,  2.08277e-27,  0.0242343  ])
210005  , -1632.53    , array([ 1.43931    ,  0.0676669  ,  4.72969e-25,  2.08277e-27,  0.0242343  ])
210006  , -1632.52    , array([ 1.43787    ,  0.0677346  ,  4.72969e-25,  2.08277e-27,  0.0242343  ])
210007  , -1632.53    , array([ 1.43787    ,  0.0676669  ,  4.73442e-25,  2.08277e-27,  0.0242343  ])
210008  , -1632.53    , array([ 1.43787    ,  0.0676669  ,  4.72969e-25,  2.08486e-27,  0.0242343  ])
210009  , -1632.53    , array([ 1.43787    ,  0.0676669  ,  4.72969e-25,  2.08277e-27,  0.0242586  ])
210010  , -1632.53    , array([ 1.43787    ,  0.0676669  ,  4.72969e-25,  2.08277e-27,  0.0242343  ])
210011  , -1632.53    , array([ 1.43787    ,  0.0676669  ,  4.72969e-25,  2.08277e-27,  0.0242343  ])
210012  , -1632.53    , array([ 1.43931    ,  0.0676669  ,  4.72969e-25,  2.08277e-27,  0.0242343  ])
210013  , -1632.52    , array([ 1.43787    ,  0.0677346  ,  4.72969e-25,  2.08277e-27,  0.0242343  ])
210014  , -1632.53    , array([ 1.43787    ,  0.0676669  ,  4.73442e-25,  2.08277e-27,  0.0242343  ])
210015  , -1632.53    , array([ 1.43787    ,  0.0676669  ,  4.72969e-25,  2.08486e-27,  0.0242343  ])
210016  , -1632.53    , array([ 1.43787    ,  0.0676669  ,  4.72969e-25,  2.08277e-27,  0.0242586  ])
210017  , -1632.53    , array([ 1.43787    ,  0.0676669  ,  4.72969e-25,  2.08277e-27,  0.0242343  ])
210018  , -1632.53    , array([ 1.43787    ,  0.0676669  ,  4.72969e-25,  2.08277e-27,  0.0242343  ])
210019  , -1632.53    , array([ 1.43931    ,  0.0676669  ,  4.72969e-25,  2.08277e-27,  0.0242343  ])
210020  , -1632.52    , array([ 1.43787    ,  0.0677346  ,  4.72969e-25,  2.08277e-27,  0.0242343  ])
210021  , -1632.53    , array([ 1.43787    ,  0.0676669  ,  4.73442e-25,  2.08277e-27,  0.0242343  ])
210022  , -1632.53    , array([ 1.43787    ,  0.0676669  ,  4.72969e-25,  2.08486e-27,  0.0242343  ])
210023  , -1632.53    , array([ 1.43787    ,  0.0676669  ,  4.72969e-25,  2.08277e-27,  0.0242586  ])
210024  , -1632.53    , array([ 1.43787    ,  0.0676669  ,  4.72969e-25,  2.08277e-27,  0.0242343  ])
210025  , -1632.53    , array([ 1.43787    ,  0.0676669  ,  4.72969e-25,  2.08277e-27,  0.0242343  ])
210026  , -1632.53    , array([ 1.43931    ,  0.0676669  ,  4.72969e-25,  2.08277e-27,  0.0242343  ])
210027  , -1632.52    , array([ 1.43787    ,  0.0677346  ,  4.72969e-25,  2.08277e-27,  0.0242343  ])
210028  , -1632.53    , array([ 1.43787    ,  0.0676669  ,  4.73442e-25,  2.08277e-27,  0.0242343  ])
210029  , -1632.53    , array([ 1.43787    ,  0.0676669  ,  4.72969e-25,  2.08486e-27,  0.0242343  ])
210030  , -1632.53    , array([ 1.43787    ,  0.0676669  ,  4.72969e-25,  2.08277e-27,  0.0242586  ])
210031  , -1632.53    , array([ 1.43787    ,  0.0676669  ,  4.72969e-25,  2.08277e-27,  0.0242343  ])
210032  , -1632.53    , array([ 1.43787    ,  0.0676669  ,  4.72969e-25,  2.08277e-27,  0.0242343  ])
210033  , -1632.53    , array([ 1.43931    ,  0.0676669  ,  4.72969e-25,  2.08277e-27,  0.0242343  ])
210034  , -1632.52    , array([ 1.43787    ,  0.0677346  ,  4.72969e-25,  2.08277e-27,  0.0242343  ])
210035  , -1632.53    , array([ 1.43787    ,  0.0676669  ,  4.73442e-25,  2.08277e-27,  0.0242343  ])
210036  , -1632.53    , array([ 1.43787    ,  0.0676669  ,  4.72969e-25,  2.08486e-27,  0.0242343  ])
210037  , -1632.53    , array([ 1.43787    ,  0.0676669  ,  4.72969e-25,  2.08277e-27,  0.0242586  ])
210038  , -1632.53    , array([ 1.43787    ,  0.0676669  ,  4.72969e-25,  2.08277e-27,  0.0242343  ])
210039  , -1632.53    , array([ 1.43787    ,  0.0676669  ,  4.72969e-25,  2.08277e-27,  0.0242343  ])
210040  , -1632.53    , array([ 1.43931    ,  0.0676669  ,  4.72969e-25,  2.08277e-27,  0.0242343  ])
210041  , -1632.52    , array([ 1.43787    ,  0.0677346  ,  4.72969e-25,  2.08277e-27,  0.0242343  ])
210042  , -1632.53    , array([ 1.43787    ,  0.0676669  ,  4.73442e-25,  2.08277e-27,  0.0242343  ])
210043  , -1632.53    , array([ 1.43787    ,  0.0676669  ,  4.72969e-25,  2.08486e-27,  0.0242343  ])
210044  , -1632.53    , array([ 1.43787    ,  0.0676669  ,  4.72969e-25,  2.08277e-27,  0.0242586  ])
210045  , -1632.53    , array([ 1.43787    ,  0.0676669  ,  4.72969e-25,  2.08277e-27,  0.0242343  ])
210046  , -1632.53    , array([ 1.43787    ,  0.0676669  ,  4.72969e-25,  2.08277e-27,  0.0242343  ])
210047  , -1632.53    , array([ 1.43931    ,  0.0676669  ,  4.72969e-25,  2.08277e-27,  0.0242343  ])
210048  , -1632.52    , array([ 1.43787    ,  0.0677346  ,  4.72969e-25,  2.08277e-27,  0.0242343  ])
210049  , -1632.53    , array([ 1.43787    ,  0.0676669  ,  4.73442e-25,  2.08277e-27,  0.0242343  ])
210050  , -1632.53    , array([ 1.43787    ,  0.0676669  ,  4.72969e-25,  2.08486e-27,  0.0242343  ])
210051  , -1632.53    , array([ 1.43787    ,  0.0676669  ,  4.72969e-25,  2.08277e-27,  0.0242586  ])
210052  , -1632.53    , array([ 1.43787    ,  0.0676669  ,  4.72969e-25,  2.08277e-27,  0.0242343  ])
210053  , -1632.53    , array([ 1.43787    ,  0.0676669  ,  4.72969e-25,  2.08277e-27,  0.0242343  ])
210054  , -1632.53    , array([ 1.43931    ,  0.0676669  ,  4.72969e-25,  2.08277e-27,  0.0242343  ])
210055  , -1632.52    , array([ 1.43787    ,  0.0677346  ,  4.72969e-25,  2.08277e-27,  0.0242343  ])
210056  , -1632.53    , array([ 1.43787    ,  0.0676669  ,  4.73442e-25,  2.08277e-27,  0.0242343  ])
210057  , -1632.53    , array([ 1.43787    ,  0.0676669  ,  4.72969e-25,  2.08486e-27,  0.0242343  ])
210058  , -1632.53    , array([ 1.43787    ,  0.0676669  ,  4.72969e-25,  2.08277e-27,  0.0242586  ])
210059  , -1632.53    , array([ 1.43787    ,  0.0676669  ,  4.72969e-25,  2.08277e-27,  0.0242343  ])
210060  , -1632.53    , array([ 1.43787    ,  0.0676669  ,  4.72969e-25,  2.08277e-27,  0.0242343  ])
210061  , -1632.53    , array([ 1.43931    ,  0.0676669  ,  4.72969e-25,  2.08277e-27,  0.0242343  ])
210062  , -1632.52    , array([ 1.43787    ,  0.0677346  ,  4.72969e-25,  2.08277e-27,  0.0242343  ])
210063  , -1632.53    , array([ 1.43787    ,  0.0676669  ,  4.73442e-25,  2.08277e-27,  0.0242343  ])
210064  , -1632.53    , array([ 1.43787    ,  0.0676669  ,  4.72969e-25,  2.08486e-27,  0.0242343  ])
210065  , -1632.53    , array([ 1.43787    ,  0.0676669  ,  4.72969e-25,  2.08277e-27,  0.0242586  ])
210066  , -1632.53    , array([ 1.43787    ,  0.0676669  ,  4.72969e-25,  2.08277e-27,  0.0242343  ])
210067  , -1632.53    , array([ 1.43787    ,  0.0676669  ,  4.72969e-25,  2.08277e-27,  0.0242343  ])
210068  , -1632.53    , array([ 1.43931    ,  0.0676669  ,  4.72969e-25,  2.08277e-27,  0.0242343  ])
210069  , -1632.52    , array([ 1.43787    ,  0.0677346  ,  4.72969e-25,  2.08277e-27,  0.0242343  ])
210070  , -1632.53    , array([ 1.43787    ,  0.0676669  ,  4.73442e-25,  2.08277e-27,  0.0242343  ])
210071  , -1632.53    , array([ 1.43787    ,  0.0676669  ,  4.72969e-25,  2.08486e-27,  0.0242343  ])
210072  , -1632.53    , array([ 1.43787    ,  0.0676669  ,  4.72969e-25,  2.08277e-27,  0.0242586  ])
210073  , -1632.53    , array([ 1.43787    ,  0.0676669  ,  4.72969e-25,  2.08277e-27,  0.0242343  ])
210074  , -1632.53    , array([ 1.43787    ,  0.0676669  ,  4.72969e-25,  2.08277e-27,  0.0242343  ])
210075  , -1632.53    , array([ 1.43931    ,  0.0676669  ,  4.72969e-25,  2.08277e-27,  0.0242343  ])
210076  , -1632.52    , array([ 1.43787    ,  0.0677346  ,  4.72969e-25,  2.08277e-27,  0.0242343  ])
210077  , -1632.53    , array([ 1.43787    ,  0.0676669  ,  4.73442e-25,  2.08277e-27,  0.0242343  ])
210078  , -1632.53    , array([ 1.43787    ,  0.0676669  ,  4.72969e-25,  2.08486e-27,  0.0242343  ])
210079  , -1632.53    , array([ 1.43787    ,  0.0676669  ,  4.72969e-25,  2.08277e-27,  0.0242586  ])
210080  , -1632.53    , array([ 1.43787    ,  0.0676669  ,  4.72969e-25,  2.08277e-27,  0.0242343  ])
210081  , -1632.53    , array([ 1.43787    ,  0.0676669  ,  4.72969e-25,  2.08277e-27,  0.0242343  ])
210082  , -1632.53    , array([ 1.43931    ,  0.0676669  ,  4.72969e-25,  2.08277e-27,  0.0242343  ])
210083  , -1632.52    , array([ 1.43787    ,  0.0677346  ,  4.72969e-25,  2.08277e-27,  0.0242343  ])
210084  , -1632.53    , array([ 1.43787    ,  0.0676669  ,  4.73442e-25,  2.08277e-27,  0.0242343  ])
210085  , -1632.53    , array([ 1.43787    ,  0.0676669  ,  4.72969e-25,  2.08486e-27,  0.0242343  ])
210086  , -1632.53    , array([ 1.43787    ,  0.0676669  ,  4.72969e-25,  2.08277e-27,  0.0242586  ])
210087  , -1632.53    , array([ 1.43787    ,  0.0676669  ,  4.72969e-25,  2.08277e-27,  0.0242343  ])
210088  , -1632.53    , array([ 1.43787    ,  0.0676669  ,  4.72969e-25,  2.08277e-27,  0.0242343  ])
210089  , -1632.53    , array([ 1.43931    ,  0.0676669  ,  4.72969e-25,  2.08277e-27,  0.0242343  ])
210090  , -1632.52    , array([ 1.43787    ,  0.0677346  ,  4.72969e-25,  2.08277e-27,  0.0242343  ])
210091  , -1632.53    , array([ 1.43787    ,  0.0676669  ,  4.73442e-25,  2.08277e-27,  0.0242343  ])
210092  , -1632.53    , array([ 1.43787    ,  0.0676669  ,  4.72969e-25,  2.08486e-27,  0.0242343  ])
210093  , -1632.53    , array([ 1.43787    ,  0.0676669  ,  4.72969e-25,  2.08277e-27,  0.0242586  ])
210094  , -1632.53    , array([ 1.43787    ,  0.0676669  ,  4.72969e-25,  2.08277e-27,  0.0242343  ])
210095  , -1632.53    , array([ 1.43787    ,  0.0676669  ,  4.72969e-25,  2.08277e-27,  0.0242343  ])
210096  , -1632.53    , array([ 1.43931    ,  0.0676669  ,  4.72969e-25,  2.08277e-27,  0.0242343  ])
210097  , -1632.52    , array([ 1.43787    ,  0.0677346  ,  4.72969e-25,  2.08277e-27,  0.0242343  ])
210098  , -1632.53    , array([ 1.43787    ,  0.0676669  ,  4.73442e-25,  2.08277e-27,  0.0242343  ])
210099  , -1632.53    , array([ 1.43787    ,  0.0676669  ,  4.72969e-25,  2.08486e-27,  0.0242343  ])
210100  , -1632.53    , array([ 1.43787    ,  0.0676669  ,  4.72969e-25,  2.08277e-27,  0.0242586  ])
210101  , -1632.53    , array([ 1.43787    ,  0.0676669  ,  4.72969e-25,  2.08277e-27,  0.0242343  ])
210102  , -1632.53    , array([ 1.43787    ,  0.0676669  ,  4.72969e-25,  2.08277e-27,  0.0242343  ])
210103  , -1632.53    , array([ 1.43931    ,  0.0676669  ,  4.72969e-25,  2.08277e-27,  0.0242343  ])
210104  , -1632.52    , array([ 1.43787    ,  0.0677346  ,  4.72969e-25,  2.08277e-27,  0.0242343  ])
210105  , -1632.53    , array([ 1.43787    ,  0.0676669  ,  4.73442e-25,  2.08277e-27,  0.0242343  ])
210106  , -1632.53    , array([ 1.43787    ,  0.0676669  ,  4.72969e-25,  2.08486e-27,  0.0242343  ])
210107  , -1632.53    , array([ 1.43787    ,  0.0676669  ,  4.72969e-25,  2.08277e-27,  0.0242586  ])
210108  , -1632.53    , array([ 1.43787    ,  0.0676669  ,  4.72969e-25,  2.08277e-27,  0.0242343  ])
210109  , -1632.53    , array([ 1.43787    ,  0.0676669  ,  4.72969e-25,  2.08277e-27,  0.0242343  ])
210110  , -1632.53    , array([ 1.43931    ,  0.0676669  ,  4.72969e-25,  2.08277e-27,  0.0242343  ])
210111  , -1632.52    , array([ 1.43787    ,  0.0677346  ,  4.72969e-25,  2.08277e-27,  0.0242343  ])
210112  , -1632.53    , array([ 1.43787    ,  0.0676669  ,  4.73442e-25,  2.08277e-27,  0.0242343  ])
210113  , -1632.53    , array([ 1.43787    ,  0.0676669  ,  4.72969e-25,  2.08486e-27,  0.0242343  ])
210114  , -1632.53    , array([ 1.43787    ,  0.0676669  ,  4.72969e-25,  2.08277e-27,  0.0242586  ])
210115  , -1632.53    , array([ 1.43787    ,  0.0676669  ,  4.72969e-25,  2.08277e-27,  0.0242343  ])
210116  , -1632.53    , array([ 1.43787    ,  0.0676669  ,  4.72969e-25,  2.08277e-27,  0.0242343  ])
210117  , -1632.53    , array([ 1.43931    ,  0.0676669  ,  4.72969e-25,  2.08277e-27,  0.0242343  ])
210118  , -1632.52    , array([ 1.43787    ,  0.0677346  ,  4.72969e-25,  2.08277e-27,  0.0242343  ])
210119  , -1632.53    , array([ 1.43787    ,  0.0676669  ,  4.73442e-25,  2.08277e-27,  0.0242343  ])
210120  , -1632.53    , array([ 1.43787    ,  0.0676669  ,  4.72969e-25,  2.08486e-27,  0.0242343  ])
210121  , -1632.53    , array([ 1.43787    ,  0.0676669  ,  4.72969e-25,  2.08277e-27,  0.0242586  ])
210122  , -1632.53    , array([ 1.43787    ,  0.0676669  ,  4.72969e-25,  2.08277e-27,  0.0242343  ])
210123  , -1632.53    , array([ 1.43787    ,  0.0676669  ,  4.72969e-25,  2.08277e-27,  0.0242343  ])
210124  , -1632.53    , array([ 1.43931    ,  0.0676669  ,  4.72969e-25,  2.08277e-27,  0.0242343  ])
210125  , -1632.52    , array([ 1.43787    ,  0.0677346  ,  4.72969e-25,  2.08277e-27,  0.0242343  ])
210126  , -1632.53    , array([ 1.43787    ,  0.0676669  ,  4.73442e-25,  2.08277e-27,  0.0242343  ])
210127  , -1632.53    , array([ 1.43787    ,  0.0676669  ,  4.72969e-25,  2.08486e-27,  0.0242343  ])
210128  , -1632.53    , array([ 1.43787    ,  0.0676669  ,  4.72969e-25,  2.08277e-27,  0.0242586  ])
210129  , -1632.53    , array([ 1.43787    ,  0.0676669  ,  4.72969e-25,  2.08277e-27,  0.0242343  ])
210130  , -1632.53    , array([ 1.43787    ,  0.0676669  ,  4.72969e-25,  2.08277e-27,  0.0242343  ])
210131  , -1632.53    , array([ 1.43931    ,  0.0676669  ,  4.72969e-25,  2.08277e-27,  0.0242343  ])
210132  , -1632.52    , array([ 1.43787    ,  0.0677346  ,  4.72969e-25,  2.08277e-27,  0.0242343  ])
210133  , -1632.53    , array([ 1.43787    ,  0.0676669  ,  4.73442e-25,  2.08277e-27,  0.0242343  ])
210134  , -1632.53    , array([ 1.43787    ,  0.0676669  ,  4.72969e-25,  2.08486e-27,  0.0242343  ])
210135  , -1632.53    , array([ 1.43787    ,  0.0676669  ,  4.72969e-25,  2.08277e-27,  0.0242586  ])
210136  , -1632.53    , array([ 1.43787    ,  0.0676669  ,  4.72969e-25,  2.08277e-27,  0.0242343  ])
210137  , -1632.53    , array([ 1.43787    ,  0.0676669  ,  4.72969e-25,  2.08277e-27,  0.0242343  ])
210138  , -1632.53    , array([ 1.43931    ,  0.0676669  ,  4.72969e-25,  2.08277e-27,  0.0242343  ])
210139  , -1632.52    , array([ 1.43787    ,  0.0677346  ,  4.72969e-25,  2.08277e-27,  0.0242343  ])
210140  , -1632.53    , array([ 1.43787    ,  0.0676669  ,  4.73442e-25,  2.08277e-27,  0.0242343  ])
210141  , -1632.53    , array([ 1.43787    ,  0.0676669  ,  4.72969e-25,  2.08486e-27,  0.0242343  ])
210142  , -1632.53    , array([ 1.43787    ,  0.0676669  ,  4.72969e-25,  2.08277e-27,  0.0242586  ])
210143  , -1632.53    , array([ 1.43787    ,  0.0676669  ,  4.72969e-25,  2.08277e-27,  0.0242343  ])
210144  , -1632.53    , array([ 1.43787    ,  0.0676669  ,  4.72969e-25,  2.08277e-27,  0.0242343  ])
210145  , -1632.53    , array([ 1.43931    ,  0.0676669  ,  4.72969e-25,  2.08277e-27,  0.0242343  ])
210146  , -1632.52    , array([ 1.43787    ,  0.0677346  ,  4.72969e-25,  2.08277e-27,  0.0242343  ])
210147  , -1632.53    , array([ 1.43787    ,  0.0676669  ,  4.73442e-25,  2.08277e-27,  0.0242343  ])
210148  , -1632.53    , array([ 1.43787    ,  0.0676669  ,  4.72969e-25,  2.08486e-27,  0.0242343  ])
210149  , -1632.53    , array([ 1.43787    ,  0.0676669  ,  4.72969e-25,  2.08277e-27,  0.0242586  ])
210150  , -1632.53    , array([ 1.43787    ,  0.0676669  ,  4.72969e-25,  2.08277e-27,  0.0242343  ])
210151  , -1632.53    , array([ 1.43787    ,  0.0676669  ,  4.72969e-25,  2.08277e-27,  0.0242343  ])
210152  , -1632.53    , array([ 1.43931    ,  0.0676669  ,  4.72969e-25,  2.08277e-27,  0.0242343  ])
210153  , -1632.52    , array([ 1.43787    ,  0.0677346  ,  4.72969e-25,  2.08277e-27,  0.0242343  ])
210154  , -1632.53    , array([ 1.43787    ,  0.0676669  ,  4.73442e-25,  2.08277e-27,  0.0242343  ])
210155  , -1632.53    , array([ 1.43787    ,  0.0676669  ,  4.72969e-25,  2.08486e-27,  0.0242343  ])
210156  , -1632.53    , array([ 1.43787    ,  0.0676669  ,  4.72969e-25,  2.08277e-27,  0.0242586  ])
210157  , -1632.53    , array([ 1.43787    ,  0.0676669  ,  4.72969e-25,  2.08277e-27,  0.0242343  ])
210158  , -1632.53    , array([ 1.43787    ,  0.0676669  ,  4.72969e-25,  2.08277e-27,  0.0242343  ])
210159  , -1632.53    , array([ 1.43931    ,  0.0676669  ,  4.72969e-25,  2.08277e-27,  0.0242343  ])
210160  , -1632.52    , array([ 1.43787    ,  0.0677346  ,  4.72969e-25,  2.08277e-27,  0.0242343  ])
210161  , -1632.53    , array([ 1.43787    ,  0.0676669  ,  4.73442e-25,  2.08277e-27,  0.0242343  ])
210162  , -1632.53    , array([ 1.43787    ,  0.0676669  ,  4.72969e-25,  2.08486e-27,  0.0242343  ])
210163  , -1632.53    , array([ 1.43787    ,  0.0676669  ,  4.72969e-25,  2.08277e-27,  0.0242586  ])
210164  , -1632.53    , array([ 1.43787    ,  0.0676669  ,  4.72969e-25,  2.08277e-27,  0.0242343  ])
210165  , -1632.53    , array([ 1.43787    ,  0.0676669  ,  4.72969e-25,  2.08277e-27,  0.0242343  ])
210166  , -1632.53    , array([ 1.43931    ,  0.0676669  ,  4.72969e-25,  2.08277e-27,  0.0242343  ])
210167  , -1632.52    , array([ 1.43787    ,  0.0677346  ,  4.72969e-25,  2.08277e-27,  0.0242343  ])
210168  , -1632.53    , array([ 1.43787    ,  0.0676669  ,  4.73442e-25,  2.08277e-27,  0.0242343  ])
210169  , -1632.53    , array([ 1.43787    ,  0.0676669  ,  4.72969e-25,  2.08486e-27,  0.0242343  ])
210170  , -1632.53    , array([ 1.43787    ,  0.0676669  ,  4.72969e-25,  2.08277e-27,  0.0242586  ])
210171  , -1632.53    , array([ 1.43787    ,  0.0676669  ,  4.72969e-25,  2.08277e-27,  0.0242343  ])
210172  , -1632.53    , array([ 1.43787    ,  0.0676669  ,  4.72969e-25,  2.08277e-27,  0.0242343  ])
210173  , -1632.53    , array([ 1.43931    ,  0.0676669  ,  4.72969e-25,  2.08277e-27,  0.0242343  ])
210174  , -1632.52    , array([ 1.43787    ,  0.0677346  ,  4.72969e-25,  2.08277e-27,  0.0242343  ])
210175  , -1632.53    , array([ 1.43787    ,  0.0676669  ,  4.73442e-25,  2.08277e-27,  0.0242343  ])
210176  , -1632.53    , array([ 1.43787    ,  0.0676669  ,  4.72969e-25,  2.08486e-27,  0.0242343  ])
210177  , -1632.53    , array([ 1.43787    ,  0.0676669  ,  4.72969e-25,  2.08277e-27,  0.0242586  ])
210178  , -1632.53    , array([ 1.43787    ,  0.0676669  ,  4.72969e-25,  2.08277e-27,  0.0242343  ])
210179  , -1632.53    , array([ 1.43787    ,  0.0676669  ,  4.72969e-25,  2.08277e-27,  0.0242343  ])
210180  , -1632.53    , array([ 1.43931    ,  0.0676669  ,  4.72969e-25,  2.08277e-27,  0.0242343  ])
210181  , -1632.52    , array([ 1.43787    ,  0.0677346  ,  4.72969e-25,  2.08277e-27,  0.0242343  ])
210182  , -1632.53    , array([ 1.43787    ,  0.0676669  ,  4.73442e-25,  2.08277e-27,  0.0242343  ])
210183  , -1632.53    , array([ 1.43787    ,  0.0676669  ,  4.72969e-25,  2.08486e-27,  0.0242343  ])
210184  , -1632.53    , array([ 1.43787    ,  0.0676669  ,  4.72969e-25,  2.08277e-27,  0.0242586  ])
210185  , -1632.53    , array([ 1.43787    ,  0.0676669  ,  4.72969e-25,  2.08277e-27,  0.0242343  ])
210186  , -1632.53    , array([ 1.43787    ,  0.0676669  ,  4.72969e-25,  2.08277e-27,  0.0242343  ])
210187  , -1632.53    , array([ 1.43931    ,  0.0676669  ,  4.72969e-25,  2.08277e-27,  0.0242343  ])
210188  , -1632.52    , array([ 1.43787    ,  0.0677346  ,  4.72969e-25,  2.08277e-27,  0.0242343  ])
210189  , -1632.53    , array([ 1.43787    ,  0.0676669  ,  4.73442e-25,  2.08277e-27,  0.0242343  ])
210190  , -1632.53    , array([ 1.43787    ,  0.0676669  ,  4.72969e-25,  2.08486e-27,  0.0242343  ])
210191  , -1632.53    , array([ 1.43787    ,  0.0676669  ,  4.72969e-25,  2.08277e-27,  0.0242586  ])
210192  , -1632.53    , array([ 1.43787    ,  0.0676669  ,  4.72969e-25,  2.08277e-27,  0.0242343  ])
210193  , -1632.53    , array([ 1.43787    ,  0.0676669  ,  4.72969e-25,  2.08277e-27,  0.0242343  ])
210194  , -1632.53    , array([ 1.43931    ,  0.0676669  ,  4.72969e-25,  2.08277e-27,  0.0242343  ])
210195  , -1632.52    , array([ 1.43787    ,  0.0677346  ,  4.72969e-25,  2.08277e-27,  0.0242343  ])
210196  , -1632.53    , array([ 1.43787    ,  0.0676669  ,  4.73442e-25,  2.08277e-27,  0.0242343  ])
210197  , -1632.53    , array([ 1.43787    ,  0.0676669  ,  4.72969e-25,  2.08486e-27,  0.0242343  ])
210198  , -1632.53    , array([ 1.43787    ,  0.0676669  ,  4.72969e-25,  2.08277e-27,  0.0242586  ])
210199  , -1632.53    , array([ 1.43787    ,  0.0676669  ,  4.72969e-25,  2.08277e-27,  0.0242343  ])
210200  , -1632.53    , array([ 1.43787    ,  0.0676669  ,  4.72969e-25,  2.08277e-27,  0.0242343  ])
210201  , -1632.53    , array([ 1.43931    ,  0.0676669  ,  4.72969e-25,  2.08277e-27,  0.0242343  ])
210202  , -1632.52    , array([ 1.43787    ,  0.0677346  ,  4.72969e-25,  2.08277e-27,  0.0242343  ])
210203  , -1632.53    , array([ 1.43787    ,  0.0676669  ,  4.73442e-25,  2.08277e-27,  0.0242343  ])
210204  , -1632.53    , array([ 1.43787    ,  0.0676669  ,  4.72969e-25,  2.08486e-27,  0.0242343  ])
210205  , -1632.53    , array([ 1.43787    ,  0.0676669  ,  4.72969e-25,  2.08277e-27,  0.0242586  ])
210206  , -1632.53    , array([ 1.43787    ,  0.0676669  ,  4.72969e-25,  2.08277e-27,  0.0242343  ])
210207  , -1632.53    , array([ 1.43787    ,  0.0676669  ,  4.72969e-25,  2.08277e-27,  0.0242343  ])
210208  , -1632.53    , array([ 1.43931    ,  0.0676669  ,  4.72969e-25,  2.08277e-27,  0.0242343  ])
210209  , -1632.52    , array([ 1.43787    ,  0.0677346  ,  4.72969e-25,  2.08277e-27,  0.0242343  ])
210210  , -1632.53    , array([ 1.43787    ,  0.0676669  ,  4.73442e-25,  2.08277e-27,  0.0242343  ])
210211  , -1632.53    , array([ 1.43787    ,  0.0676669  ,  4.72969e-25,  2.08486e-27,  0.0242343  ])
210212  , -1632.53    , array([ 1.43787    ,  0.0676669  ,  4.72969e-25,  2.08277e-27,  0.0242586  ])
210213  , -1632.53    , array([ 1.43787    ,  0.0676669  ,  4.72969e-25,  2.08277e-27,  0.0242343  ])
210214  , -1632.53    , array([ 1.43787    ,  0.0676669  ,  4.72969e-25,  2.08277e-27,  0.0242343  ])
210215  , -1632.53    , array([ 1.43931    ,  0.0676669  ,  4.72969e-25,  2.08277e-27,  0.0242343  ])
210216  , -1632.52    , array([ 1.43787    ,  0.0677346  ,  4.72969e-25,  2.08277e-27,  0.0242343  ])
210217  , -1632.53    , array([ 1.43787    ,  0.0676669  ,  4.73442e-25,  2.08277e-27,  0.0242343  ])
210218  , -1632.53    , array([ 1.43787    ,  0.0676669  ,  4.72969e-25,  2.08486e-27,  0.0242343  ])
210219  , -1632.53    , array([ 1.43787    ,  0.0676669  ,  4.72969e-25,  2.08277e-27,  0.0242586  ])
210220  , -1632.53    , array([ 1.43787    ,  0.0676669  ,  4.72969e-25,  2.08277e-27,  0.0242343  ])
210221  , -1632.53    , array([ 1.43787    ,  0.0676669  ,  4.72969e-25,  2.08277e-27,  0.0242343  ])
210222  , -1632.53    , array([ 1.43931    ,  0.0676669  ,  4.72969e-25,  2.08277e-27,  0.0242343  ])
210223  , -1632.52    , array([ 1.43787    ,  0.0677346  ,  4.72969e-25,  2.08277e-27,  0.0242343  ])
210224  , -1632.53    , array([ 1.43787    ,  0.0676669  ,  4.73442e-25,  2.08277e-27,  0.0242343  ])
210225  , -1632.53    , array([ 1.43787    ,  0.0676669  ,  4.72969e-25,  2.08486e-27,  0.0242343  ])
210226  , -1632.53    , array([ 1.43787    ,  0.0676669  ,  4.72969e-25,  2.08277e-27,  0.0242586  ])
210227  , -1632.53    , array([ 1.43787    ,  0.0676669  ,  4.72969e-25,  2.08277e-27,  0.0242343  ])
210228  , -1632.53    , array([ 1.43787    ,  0.0676669  ,  4.72969e-25,  2.08277e-27,  0.0242343  ])
210229  , -1632.53    , array([ 1.43931    ,  0.0676669  ,  4.72969e-25,  2.08277e-27,  0.0242343  ])
210230  , -1632.52    , array([ 1.43787    ,  0.0677346  ,  4.72969e-25,  2.08277e-27,  0.0242343  ])
210231  , -1632.53    , array([ 1.43787    ,  0.0676669  ,  4.73442e-25,  2.08277e-27,  0.0242343  ])
210232  , -1632.53    , array([ 1.43787    ,  0.0676669  ,  4.72969e-25,  2.08486e-27,  0.0242343  ])
210233  , -1632.53    , array([ 1.43787    ,  0.0676669  ,  4.72969e-25,  2.08277e-27,  0.0242586  ])
210234  , -1632.53    , array([ 1.43787    ,  0.0676669  ,  4.72969e-25,  2.08277e-27,  0.0242343  ])
210235  , -1632.53    , array([ 1.43787    ,  0.0676669  ,  4.72969e-25,  2.08277e-27,  0.0242343  ])
210236  , -1632.53    , array([ 1.43931    ,  0.0676669  ,  4.72969e-25,  2.08277e-27,  0.0242343  ])
210237  , -1632.52    , array([ 1.43787    ,  0.0677346  ,  4.72969e-25,  2.08277e-27,  0.0242343  ])
210238  , -1632.53    , array([ 1.43787    ,  0.0676669  ,  4.73442e-25,  2.08277e-27,  0.0242343  ])
210239  , -1632.53    , array([ 1.43787    ,  0.0676669  ,  4.72969e-25,  2.08486e-27,  0.0242343  ])
210240  , -1632.53    , array([ 1.43787    ,  0.0676669  ,  4.72969e-25,  2.08277e-27,  0.0242586  ])
210241  , -1632.53    , array([ 1.43787    ,  0.0676669  ,  4.72969e-25,  2.08277e-27,  0.0242343  ])
210242  , -1632.53    , array([ 1.43787    ,  0.0676669  ,  4.72969e-25,  2.08277e-27,  0.0242343  ])
210243  , -1632.53    , array([ 1.43931    ,  0.0676669  ,  4.72969e-25,  2.08277e-27,  0.0242343  ])
210244  , -1632.52    , array([ 1.43787    ,  0.0677346  ,  4.72969e-25,  2.08277e-27,  0.0242343  ])
210245  , -1632.53    , array([ 1.43787    ,  0.0676669  ,  4.73442e-25,  2.08277e-27,  0.0242343  ])
210246  , -1632.53    , array([ 1.43787    ,  0.0676669  ,  4.72969e-25,  2.08486e-27,  0.0242343  ])
210247  , -1632.53    , array([ 1.43787    ,  0.0676669  ,  4.72969e-25,  2.08277e-27,  0.0242586  ])
210248  , -1632.53    , array([ 1.43787    ,  0.0676669  ,  4.72969e-25,  2.08277e-27,  0.0242343  ])
210249  , -1632.53    , array([ 1.43787    ,  0.0676669  ,  4.72969e-25,  2.08277e-27,  0.0242343  ])
210250  , -1632.53    , array([ 1.43931    ,  0.0676669  ,  4.72969e-25,  2.08277e-27,  0.0242343  ])
210251  , -1632.52    , array([ 1.43787    ,  0.0677346  ,  4.72969e-25,  2.08277e-27,  0.0242343  ])
210252  , -1632.53    , array([ 1.43787    ,  0.0676669  ,  4.73442e-25,  2.08277e-27,  0.0242343  ])
210253  , -1632.53    , array([ 1.43787    ,  0.0676669  ,  4.72969e-25,  2.08486e-27,  0.0242343  ])
210254  , -1632.53    , array([ 1.43787    ,  0.0676669  ,  4.72969e-25,  2.08277e-27,  0.0242586  ])
210255  , -1632.53    , array([ 1.43787    ,  0.0676669  ,  4.72969e-25,  2.08277e-27,  0.0242343  ])
210256  , -1632.53    , array([ 1.43787    ,  0.0676669  ,  4.72969e-25,  2.08277e-27,  0.0242343  ])
210257  , -1632.53    , array([ 1.43931    ,  0.0676669  ,  4.72969e-25,  2.08277e-27,  0.0242343  ])
210258  , -1632.52    , array([ 1.43787    ,  0.0677346  ,  4.72969e-25,  2.08277e-27,  0.0242343  ])
210259  , -1632.53    , array([ 1.43787    ,  0.0676669  ,  4.73442e-25,  2.08277e-27,  0.0242343  ])
210260  , -1632.53    , array([ 1.43787    ,  0.0676669  ,  4.72969e-25,  2.08486e-27,  0.0242343  ])
210261  , -1632.53    , array([ 1.43787    ,  0.0676669  ,  4.72969e-25,  2.08277e-27,  0.0242586  ])
210262  , -1632.53    , array([ 1.43787    ,  0.0676669  ,  4.72969e-25,  2.08277e-27,  0.0242343  ])
210263  , -1632.53    , array([ 1.43787    ,  0.0676669  ,  4.72969e-25,  2.08277e-27,  0.0242343  ])
210264  , -1632.53    , array([ 1.43931    ,  0.0676669  ,  4.72969e-25,  2.08277e-27,  0.0242343  ])
210265  , -1632.52    , array([ 1.43787    ,  0.0677346  ,  4.72969e-25,  2.08277e-27,  0.0242343  ])
210266  , -1632.53    , array([ 1.43787    ,  0.0676669  ,  4.73442e-25,  2.08277e-27,  0.0242343  ])
210267  , -1632.53    , array([ 1.43787    ,  0.0676669  ,  4.72969e-25,  2.08486e-27,  0.0242343  ])
210268  , -1632.53    , array([ 1.43787    ,  0.0676669  ,  4.72969e-25,  2.08277e-27,  0.0242586  ])
210269  , -1632.53    , array([ 1.43787    ,  0.0676669  ,  4.72969e-25,  2.08277e-27,  0.0242343  ])
210270  , -1632.53    , array([ 1.43787    ,  0.0676669  ,  4.72969e-25,  2.08277e-27,  0.0242343  ])
210271  , -1632.53    , array([ 1.43931    ,  0.0676669  ,  4.72969e-25,  2.08277e-27,  0.0242343  ])
210272  , -1632.52    , array([ 1.43787    ,  0.0677346  ,  4.72969e-25,  2.08277e-27,  0.0242343  ])
210273  , -1632.53    , array([ 1.43787    ,  0.0676669  ,  4.73442e-25,  2.08277e-27,  0.0242343  ])
210274  , -1632.53    , array([ 1.43787    ,  0.0676669  ,  4.72969e-25,  2.08486e-27,  0.0242343  ])
210275  , -1632.53    , array([ 1.43787    ,  0.0676669  ,  4.72969e-25,  2.08277e-27,  0.0242586  ])
210276  , -1632.53    , array([ 1.43787    ,  0.0676669  ,  4.72969e-25,  2.08277e-27,  0.0242343  ])
210277  , -1632.53    , array([ 1.43787    ,  0.0676669  ,  4.72969e-25,  2.08277e-27,  0.0242343  ])
210278  , -1632.53    , array([ 1.43931    ,  0.0676669  ,  4.72969e-25,  2.08277e-27,  0.0242343  ])
210279  , -1632.52    , array([ 1.43787    ,  0.0677346  ,  4.72969e-25,  2.08277e-27,  0.0242343  ])
210280  , -1632.53    , array([ 1.43787    ,  0.0676669  ,  4.73442e-25,  2.08277e-27,  0.0242343  ])
210281  , -1632.53    , array([ 1.43787    ,  0.0676669  ,  4.72969e-25,  2.08486e-27,  0.0242343  ])
210282  , -1632.53    , array([ 1.43787    ,  0.0676669  ,  4.72969e-25,  2.08277e-27,  0.0242586  ])
210283  , -1632.53    , array([ 1.43787    ,  0.0676669  ,  4.72969e-25,  2.08277e-27,  0.0242343  ])
210284  , -1632.53    , array([ 1.43787    ,  0.0676669  ,  4.72969e-25,  2.08277e-27,  0.0242343  ])
210285  , -1632.53    , array([ 1.43931    ,  0.0676669  ,  4.72969e-25,  2.08277e-27,  0.0242343  ])
210286  , -1632.52    , array([ 1.43787    ,  0.0677346  ,  4.72969e-25,  2.08277e-27,  0.0242343  ])
210287  , -1632.53    , array([ 1.43787    ,  0.0676669  ,  4.73442e-25,  2.08277e-27,  0.0242343  ])
210288  , -1632.53    , array([ 1.43787    ,  0.0676669  ,  4.72969e-25,  2.08486e-27,  0.0242343  ])
210289  , -1632.53    , array([ 1.43787    ,  0.0676669  ,  4.72969e-25,  2.08277e-27,  0.0242586  ])
210290  , -1632.53    , array([ 1.43787    ,  0.0676669  ,  4.72969e-25,  2.08277e-27,  0.0242343  ])
210291  , -1632.53    , array([ 1.43787    ,  0.0676669  ,  4.72969e-25,  2.08277e-27,  0.0242343  ])
210292  , -1632.53    , array([ 1.43931    ,  0.0676669  ,  4.72969e-25,  2.08277e-27,  0.0242343  ])
210293  , -1632.52    , array([ 1.43787    ,  0.0677346  ,  4.72969e-25,  2.08277e-27,  0.0242343  ])
210294  , -1632.53    , array([ 1.43787    ,  0.0676669  ,  4.73442e-25,  2.08277e-27,  0.0242343  ])
210295  , -1632.53    , array([ 1.43787    ,  0.0676669  ,  4.72969e-25,  2.08486e-27,  0.0242343  ])
210296  , -1632.53    , array([ 1.43787    ,  0.0676669  ,  4.72969e-25,  2.08277e-27,  0.0242586  ])
210297  , -1632.53    , array([ 1.43787    ,  0.0676669  ,  4.72969e-25,  2.08277e-27,  0.0242343  ])
210298  , -1632.53    , array([ 1.43787    ,  0.0676669  ,  4.72969e-25,  2.08277e-27,  0.0242343  ])
210299  , -1632.53    , array([ 1.43931    ,  0.0676669  ,  4.72969e-25,  2.08277e-27,  0.0242343  ])
210300  , -1632.52    , array([ 1.43787    ,  0.0677346  ,  4.72969e-25,  2.08277e-27,  0.0242343  ])
210301  , -1632.53    , array([ 1.43787    ,  0.0676669  ,  4.73442e-25,  2.08277e-27,  0.0242343  ])
210302  , -1632.53    , array([ 1.43787    ,  0.0676669  ,  4.72969e-25,  2.08486e-27,  0.0242343  ])
210303  , -1632.53    , array([ 1.43787    ,  0.0676669  ,  4.72969e-25,  2.08277e-27,  0.0242586  ])
210304  , -1632.53    , array([ 1.43787    ,  0.0676669  ,  4.72969e-25,  2.08277e-27,  0.0242343  ])
210305  , -1632.53    , array([ 1.43787    ,  0.0676669  ,  4.72969e-25,  2.08277e-27,  0.0242343  ])
210306  , -1632.53    , array([ 1.43931    ,  0.0676669  ,  4.72969e-25,  2.08277e-27,  0.0242343  ])
210307  , -1632.52    , array([ 1.43787    ,  0.0677346  ,  4.72969e-25,  2.08277e-27,  0.0242343  ])
210308  , -1632.53    , array([ 1.43787    ,  0.0676669  ,  4.73442e-25,  2.08277e-27,  0.0242343  ])
210309  , -1632.53    , array([ 1.43787    ,  0.0676669  ,  4.72969e-25,  2.08486e-27,  0.0242343  ])
210310  , -1632.53    , array([ 1.43787    ,  0.0676669  ,  4.72969e-25,  2.08277e-27,  0.0242586  ])
210311  , -1632.53    , array([ 1.43787    ,  0.0676669  ,  4.72969e-25,  2.08277e-27,  0.0242343  ])
210312  , -1632.53    , array([ 1.43787    ,  0.0676669  ,  4.72969e-25,  2.08277e-27,  0.0242343  ])
210313  , -1632.53    , array([ 1.43931    ,  0.0676669  ,  4.72969e-25,  2.08277e-27,  0.0242343  ])
210314  , -1632.52    , array([ 1.43787    ,  0.0677346  ,  4.72969e-25,  2.08277e-27,  0.0242343  ])
210315  , -1632.53    , array([ 1.43787    ,  0.0676669  ,  4.73442e-25,  2.08277e-27,  0.0242343  ])
210316  , -1632.53    , array([ 1.43787    ,  0.0676669  ,  4.72969e-25,  2.08486e-27,  0.0242343  ])
210317  , -1632.53    , array([ 1.43787    ,  0.0676669  ,  4.72969e-25,  2.08277e-27,  0.0242586  ])
210318  , -1632.53    , array([ 1.43787    ,  0.0676669  ,  4.72969e-25,  2.08277e-27,  0.0242343  ])
210319  , -1632.53    , array([ 1.43787    ,  0.0676669  ,  4.72969e-25,  2.08277e-27,  0.0242343  ])
210320  , -1632.53    , array([ 1.43931    ,  0.0676669  ,  4.72969e-25,  2.08277e-27,  0.0242343  ])
210321  , -1632.52    , array([ 1.43787    ,  0.0677346  ,  4.72969e-25,  2.08277e-27,  0.0242343  ])
210322  , -1632.53    , array([ 1.43787    ,  0.0676669  ,  4.73442e-25,  2.08277e-27,  0.0242343  ])
210323  , -1632.53    , array([ 1.43787    ,  0.0676669  ,  4.72969e-25,  2.08486e-27,  0.0242343  ])
210324  , -1632.53    , array([ 1.43787    ,  0.0676669  ,  4.72969e-25,  2.08277e-27,  0.0242586  ])
210325  , -1632.53    , array([ 1.43787    ,  0.0676669  ,  4.72969e-25,  2.08277e-27,  0.0242343  ])
210326  , -1632.53    , array([ 1.43787    ,  0.0676669  ,  4.72969e-25,  2.08277e-27,  0.0242343  ])
210327  , -1632.53    , array([ 1.43931    ,  0.0676669  ,  4.72969e-25,  2.08277e-27,  0.0242343  ])
210328  , -1632.52    , array([ 1.43787    ,  0.0677346  ,  4.72969e-25,  2.08277e-27,  0.0242343  ])
210329  , -1632.53    , array([ 1.43787    ,  0.0676669  ,  4.73442e-25,  2.08277e-27,  0.0242343  ])
210330  , -1632.53    , array([ 1.43787    ,  0.0676669  ,  4.72969e-25,  2.08486e-27,  0.0242343  ])
210331  , -1632.53    , array([ 1.43787    ,  0.0676669  ,  4.72969e-25,  2.08277e-27,  0.0242586  ])
210332  , -1632.53    , array([ 1.43787    ,  0.0676669  ,  4.72969e-25,  2.08277e-27,  0.0242343  ])
210333  , -1632.53    , array([ 1.43787    ,  0.0676669  ,  4.72969e-25,  2.08277e-27,  0.0242343  ])
210334  , -1632.53    , array([ 1.43931    ,  0.0676669  ,  4.72969e-25,  2.08277e-27,  0.0242343  ])
210335  , -1632.52    , array([ 1.43787    ,  0.0677346  ,  4.72969e-25,  2.08277e-27,  0.0242343  ])
210336  , -1632.53    , array([ 1.43787    ,  0.0676669  ,  4.73442e-25,  2.08277e-27,  0.0242343  ])
210337  , -1632.53    , array([ 1.43787    ,  0.0676669  ,  4.72969e-25,  2.08486e-27,  0.0242343  ])
210338  , -1632.53    , array([ 1.43787    ,  0.0676669  ,  4.72969e-25,  2.08277e-27,  0.0242586  ])
210339  , -1632.53    , array([ 1.43787    ,  0.0676669  ,  4.72969e-25,  2.08277e-27,  0.0242343  ])
210340  , -1632.53    , array([ 1.43787    ,  0.0676669  ,  4.72969e-25,  2.08277e-27,  0.0242343  ])
210341  , -1632.53    , array([ 1.43931    ,  0.0676669  ,  4.72969e-25,  2.08277e-27,  0.0242343  ])
210342  , -1632.52    , array([ 1.43787    ,  0.0677346  ,  4.72969e-25,  2.08277e-27,  0.0242343  ])
210343  , -1632.53    , array([ 1.43787    ,  0.0676669  ,  4.73442e-25,  2.08277e-27,  0.0242343  ])
210344  , -1632.53    , array([ 1.43787    ,  0.0676669  ,  4.72969e-25,  2.08486e-27,  0.0242343  ])
210345  , -1632.53    , array([ 1.43787    ,  0.0676669  ,  4.72969e-25,  2.08277e-27,  0.0242586  ])
210346  , -1632.53    , array([ 1.43787    ,  0.0676669  ,  4.72969e-25,  2.08277e-27,  0.0242343  ])
210347  , -1632.53    , array([ 1.43787    ,  0.0676669  ,  4.72969e-25,  2.08277e-27,  0.0242343  ])
210348  , -1632.53    , array([ 1.43931    ,  0.0676669  ,  4.72969e-25,  2.08277e-27,  0.0242343  ])
210349  , -1632.52    , array([ 1.43787    ,  0.0677346  ,  4.72969e-25,  2.08277e-27,  0.0242343  ])
210350  , -1632.53    , array([ 1.43787    ,  0.0676669  ,  4.73442e-25,  2.08277e-27,  0.0242343  ])
210351  , -1632.53    , array([ 1.43787    ,  0.0676669  ,  4.72969e-25,  2.08486e-27,  0.0242343  ])
210352  , -1632.53    , array([ 1.43787    ,  0.0676669  ,  4.72969e-25,  2.08277e-27,  0.0242586  ])
210353  , -1632.53    , array([ 1.43787    ,  0.0676669  ,  4.72969e-25,  2.08277e-27,  0.0242343  ])
210354  , -1632.53    , array([ 1.43787    ,  0.0676669  ,  4.72969e-25,  2.08277e-27,  0.0242343  ])
210355  , -1632.53    , array([ 1.43931    ,  0.0676669  ,  4.72969e-25,  2.08277e-27,  0.0242343  ])
210356  , -1632.52    , array([ 1.43787    ,  0.0677346  ,  4.72969e-25,  2.08277e-27,  0.0242343  ])
210357  , -1632.53    , array([ 1.43787    ,  0.0676669  ,  4.73442e-25,  2.08277e-27,  0.0242343  ])
210358  , -1632.53    , array([ 1.43787    ,  0.0676669  ,  4.72969e-25,  2.08486e-27,  0.0242343  ])
210359  , -1632.53    , array([ 1.43787    ,  0.0676669  ,  4.72969e-25,  2.08277e-27,  0.0242586  ])
210360  , -1632.53    , array([ 1.43787    ,  0.0676669  ,  4.72969e-25,  2.08277e-27,  0.0242343  ])
210361  , -1632.53    , array([ 1.43787    ,  0.0676669  ,  4.72969e-25,  2.08277e-27,  0.0242343  ])
210362  , -1632.53    , array([ 1.43931    ,  0.0676669  ,  4.72969e-25,  2.08277e-27,  0.0242343  ])
210363  , -1632.52    , array([ 1.43787    ,  0.0677346  ,  4.72969e-25,  2.08277e-27,  0.0242343  ])
210364  , -1632.53    , array([ 1.43787    ,  0.0676669  ,  4.73442e-25,  2.08277e-27,  0.0242343  ])
210365  , -1632.53    , array([ 1.43787    ,  0.0676669  ,  4.72969e-25,  2.08486e-27,  0.0242343  ])
210366  , -1632.53    , array([ 1.43787    ,  0.0676669  ,  4.72969e-25,  2.08277e-27,  0.0242586  ])
210367  , -1632.53    , array([ 1.43787    ,  0.0676669  ,  4.72969e-25,  2.08277e-27,  0.0242343  ])
210368  , -1632.53    , array([ 1.43787    ,  0.0676669  ,  4.72969e-25,  2.08277e-27,  0.0242343  ])
210369  , -1632.53    , array([ 1.43931    ,  0.0676669  ,  4.72969e-25,  2.08277e-27,  0.0242343  ])
210370  , -1632.52    , array([ 1.43787    ,  0.0677346  ,  4.72969e-25,  2.08277e-27,  0.0242343  ])
210371  , -1632.53    , array([ 1.43787    ,  0.0676669  ,  4.73442e-25,  2.08277e-27,  0.0242343  ])
210372  , -1632.53    , array([ 1.43787    ,  0.0676669  ,  4.72969e-25,  2.08486e-27,  0.0242343  ])
210373  , -1632.53    , array([ 1.43787    ,  0.0676669  ,  4.72969e-25,  2.08277e-27,  0.0242586  ])
210374  , -1632.53    , array([ 1.43787    ,  0.0676669  ,  4.72969e-25,  2.08277e-27,  0.0242343  ])
210375  , -1632.53    , array([ 1.43787    ,  0.0676669  ,  4.72969e-25,  2.08277e-27,  0.0242343  ])
210376  , -1632.53    , array([ 1.43931    ,  0.0676669  ,  4.72969e-25,  2.08277e-27,  0.0242343  ])
210377  , -1632.52    , array([ 1.43787    ,  0.0677346  ,  4.72969e-25,  2.08277e-27,  0.0242343  ])
210378  , -1632.53    , array([ 1.43787    ,  0.0676669  ,  4.73442e-25,  2.08277e-27,  0.0242343  ])
210379  , -1632.53    , array([ 1.43787    ,  0.0676669  ,  4.72969e-25,  2.08486e-27,  0.0242343  ])
210380  , -1632.53    , array([ 1.43787    ,  0.0676669  ,  4.72969e-25,  2.08277e-27,  0.0242586  ])
210381  , -1632.53    , array([ 1.43787    ,  0.0676669  ,  4.72969e-25,  2.08277e-27,  0.0242343  ])
210382  , -1632.53    , array([ 1.43787    ,  0.0676669  ,  4.72969e-25,  2.08277e-27,  0.0242343  ])
210383  , -1632.53    , array([ 1.43931    ,  0.0676669  ,  4.72969e-25,  2.08277e-27,  0.0242343  ])
210384  , -1632.52    , array([ 1.43787    ,  0.0677346  ,  4.72969e-25,  2.08277e-27,  0.0242343  ])
210385  , -1632.53    , array([ 1.43787    ,  0.0676669  ,  4.73442e-25,  2.08277e-27,  0.0242343  ])
210386  , -1632.53    , array([ 1.43787    ,  0.0676669  ,  4.72969e-25,  2.08486e-27,  0.0242343  ])
210387  , -1632.53    , array([ 1.43787    ,  0.0676669  ,  4.72969e-25,  2.08277e-27,  0.0242586  ])
210388  , -1632.53    , array([ 1.43787    ,  0.0676669  ,  4.72969e-25,  2.08277e-27,  0.0242343  ])
210389  , -1632.53    , array([ 1.43787    ,  0.0676669  ,  4.72969e-25,  2.08277e-27,  0.0242343  ])
210390  , -1632.53    , array([ 1.43931    ,  0.0676669  ,  4.72969e-25,  2.08277e-27,  0.0242343  ])
210391  , -1632.52    , array([ 1.43787    ,  0.0677346  ,  4.72969e-25,  2.08277e-27,  0.0242343  ])
210392  , -1632.53    , array([ 1.43787    ,  0.0676669  ,  4.73442e-25,  2.08277e-27,  0.0242343  ])
210393  , -1632.53    , array([ 1.43787    ,  0.0676669  ,  4.72969e-25,  2.08486e-27,  0.0242343  ])
210394  , -1632.53    , array([ 1.43787    ,  0.0676669  ,  4.72969e-25,  2.08277e-27,  0.0242586  ])
210395  , -1632.53    , array([ 1.43787    ,  0.0676669  ,  4.72969e-25,  2.08277e-27,  0.0242343  ])
210396  , -1632.53    , array([ 1.43787    ,  0.0676669  ,  4.72969e-25,  2.08277e-27,  0.0242343  ])
210397  , -1632.53    , array([ 1.43931    ,  0.0676669  ,  4.72969e-25,  2.08277e-27,  0.0242343  ])
210398  , -1632.52    , array([ 1.43787    ,  0.0677346  ,  4.72969e-25,  2.08277e-27,  0.0242343  ])
210399  , -1632.53    , array([ 1.43787    ,  0.0676669  ,  4.73442e-25,  2.08277e-27,  0.0242343  ])
210400  , -1632.53    , array([ 1.43787    ,  0.0676669  ,  4.72969e-25,  2.08486e-27,  0.0242343  ])
210401  , -1632.53    , array([ 1.43787    ,  0.0676669  ,  4.72969e-25,  2.08277e-27,  0.0242586  ])
210402  , -1632.53    , array([ 1.43787    ,  0.0676669  ,  4.72969e-25,  2.08277e-27,  0.0242343  ])
210403  , -1632.53    , array([ 1.43787    ,  0.0676669  ,  4.72969e-25,  2.08277e-27,  0.0242343  ])
210404  , -1632.53    , array([ 1.43931    ,  0.0676669  ,  4.72969e-25,  2.08277e-27,  0.0242343  ])
210405  , -1632.52    , array([ 1.43787    ,  0.0677346  ,  4.72969e-25,  2.08277e-27,  0.0242343  ])
210406  , -1632.53    , array([ 1.43787    ,  0.0676669  ,  4.73442e-25,  2.08277e-27,  0.0242343  ])
210407  , -1632.53    , array([ 1.43787    ,  0.0676669  ,  4.72969e-25,  2.08486e-27,  0.0242343  ])
210408  , -1632.53    , array([ 1.43787    ,  0.0676669  ,  4.72969e-25,  2.08277e-27,  0.0242586  ])
210409  , -1632.53    , array([ 1.43787    ,  0.0676669  ,  4.72969e-25,  2.08277e-27,  0.0242343  ])
210410  , -1632.53    , array([ 1.43787    ,  0.0676669  ,  4.72969e-25,  2.08277e-27,  0.0242343  ])
210411  , -1632.53    , array([ 1.43931    ,  0.0676669  ,  4.72969e-25,  2.08277e-27,  0.0242343  ])
210412  , -1632.52    , array([ 1.43787    ,  0.0677346  ,  4.72969e-25,  2.08277e-27,  0.0242343  ])
210413  , -1632.53    , array([ 1.43787    ,  0.0676669  ,  4.73442e-25,  2.08277e-27,  0.0242343  ])
210414  , -1632.53    , array([ 1.43787    ,  0.0676669  ,  4.72969e-25,  2.08486e-27,  0.0242343  ])
210415  , -1632.53    , array([ 1.43787    ,  0.0676669  ,  4.72969e-25,  2.08277e-27,  0.0242586  ])
210416  , -1632.53    , array([ 1.43787    ,  0.0676669  ,  4.72969e-25,  2.08277e-27,  0.0242343  ])
210417  , -1632.53    , array([ 1.43787    ,  0.0676669  ,  4.72969e-25,  2.08277e-27,  0.0242343  ])
210418  , -1632.53    , array([ 1.43931    ,  0.0676669  ,  4.72969e-25,  2.08277e-27,  0.0242343  ])
210419  , -1632.52    , array([ 1.43787    ,  0.0677346  ,  4.72969e-25,  2.08277e-27,  0.0242343  ])
210420  , -1632.53    , array([ 1.43787    ,  0.0676669  ,  4.73442e-25,  2.08277e-27,  0.0242343  ])
210421  , -1632.53    , array([ 1.43787    ,  0.0676669  ,  4.72969e-25,  2.08486e-27,  0.0242343  ])
210422  , -1632.53    , array([ 1.43787    ,  0.0676669  ,  4.72969e-25,  2.08277e-27,  0.0242586  ])
210423  , -1632.53    , array([ 1.43787    ,  0.0676669  ,  4.72969e-25,  2.08277e-27,  0.0242343  ])
210424  , -1632.53    , array([ 1.43787    ,  0.0676669  ,  4.72969e-25,  2.08277e-27,  0.0242343  ])
210425  , -1632.53    , array([ 1.43931    ,  0.0676669  ,  4.72969e-25,  2.08277e-27,  0.0242343  ])
210426  , -1632.52    , array([ 1.43787    ,  0.0677346  ,  4.72969e-25,  2.08277e-27,  0.0242343  ])
210427  , -1632.53    , array([ 1.43787    ,  0.0676669  ,  4.73442e-25,  2.08277e-27,  0.0242343  ])
210428  , -1632.53    , array([ 1.43787    ,  0.0676669  ,  4.72969e-25,  2.08486e-27,  0.0242343  ])
210429  , -1632.53    , array([ 1.43787    ,  0.0676669  ,  4.72969e-25,  2.08277e-27,  0.0242586  ])
210430  , -1632.53    , array([ 1.43658    ,  0.0676513  ,  4.72969e-25,  2.08277e-27,  0.024227   ])
210431  , -1632.53    , array([ 1.43722    ,  0.0676591  ,  4.72969e-25,  2.08277e-27,  0.0242307  ])
210432  , -1632.53    , array([ 1.43755    ,  0.067663   ,  4.72969e-25,  2.08277e-27,  0.0242325  ])
210433  , -1632.53    , array([ 1.43771    ,  0.0676649  ,  4.72969e-25,  2.08277e-27,  0.0242334  ])
210434  , -1632.53    , array([ 1.43779    ,  0.0676659  ,  4.72969e-25,  2.08277e-27,  0.0242339  ])
210435  , -1632.53    , array([ 1.43783    ,  0.0676664  ,  4.72969e-25,  2.08277e-27,  0.0242341  ])
210436  , -1632.53    , array([ 1.43785    ,  0.0676666  ,  4.72969e-25,  2.08277e-27,  0.0242342  ])
210437  , -1632.53    , array([ 1.43786    ,  0.0676667  ,  4.72969e-25,  2.08277e-27,  0.0242343  ])
210438  , -1632.53    , array([ 1.43787    ,  0.0676668  ,  4.72969e-25,  2.08277e-27,  0.0242343  ])
210439  , -1632.53    , array([ 1.43787    ,  0.0676668  ,  4.72969e-25,  2.08277e-27,  0.0242343  ])
210440  , -1632.53    , array([ 1.43787    ,  0.0676668  ,  4.72969e-25,  2.08277e-27,  0.0242343  ])
210441  , -1632.53    , array([ 1.43787    ,  0.0676669  ,  4.72969e-25,  2.08277e-27,  0.0242343  ])
