115240  , -28203.4    , array([ 0.316701   ,  0.76151    ,  0.0643185  ,  4.92386e-16,  0.0666652  ])
115241  , -28185.5    , array([ 0.317018   ,  0.76151    ,  0.0643185  ,  4.92386e-16,  0.0666652  ])
115242  , -28216.8    , array([ 0.316701   ,  0.762272   ,  0.0643185  ,  4.92386e-16,  0.0666652  ])
115243  , -28203.3    , array([ 0.316701   ,  0.76151    ,  0.0643829  ,  4.92386e-16,  0.0666652  ])
115244  , -28203.4    , array([ 0.316701   ,  0.76151    ,  0.0643185  ,  4.92878e-16,  0.0666652  ])
115245  , -28205.4    , array([ 0.316701   ,  0.76151    ,  0.0643185  ,  4.92386e-16,  0.0667319  ])
115246  , -28203.4    , array([ 0.316701   ,  0.76151    ,  0.0643185  ,  4.92386e-16,  0.0666652  ])
115247  , -12415.8    , array([ 0.707632   ,  0.415937   ,  0.0645351  ,  4.92386e-16,  0.0609675  ])
115248  , -12415.8    , array([ 0.707632   ,  0.415937   ,  0.0645351  ,  4.92386e-16,  0.0609675  ])
115249  , -12412.5    , array([ 0.70834    ,  0.415937   ,  0.0645351  ,  4.92386e-16,  0.0609675  ])
115250  , -12431      , array([ 0.707632   ,  0.416353   ,  0.0645351  ,  4.92386e-16,  0.0609675  ])
115251  , -12415.8    , array([ 0.707632   ,  0.415937   ,  0.0645997  ,  4.92386e-16,  0.0609675  ])
115252  , -12415.8    , array([ 0.707632   ,  0.415937   ,  0.0645351  ,  4.92878e-16,  0.0609675  ])
115253  , -12404.7    , array([ 0.707632   ,  0.415937   ,  0.0645351  ,  4.92386e-16,  0.0610285  ])
115254  , -27052.5    , array([ 1.54309    ,  0.0989196  ,  0.064681   ,  4.92386e-16,  0.119009   ])
115255  , -27052.5    , array([ 1.54309    ,  0.0989196  ,  0.064681   ,  4.92386e-16,  0.119009   ])
115256  , -27051.7    , array([ 1.54463    ,  0.0989196  ,  0.064681   ,  4.92386e-16,  0.119009   ])
115257  , -27011.9    , array([ 1.54309    ,  0.0990186  ,  0.064681   ,  4.92386e-16,  0.119009   ])
115258  , -27052.1    , array([ 1.54309    ,  0.0989196  ,  0.0647457  ,  4.92386e-16,  0.119009   ])
115259  , -27052.5    , array([ 1.54309    ,  0.0989196  ,  0.064681   ,  4.92878e-16,  0.119009   ])
115260  , -27096.9    , array([ 1.54309    ,  0.0989196  ,  0.064681   ,  4.92386e-16,  0.119128   ])
115261  , -4449.92    , array([ 0.955964   ,  0.238985   ,  0.0645913  ,  4.92386e-16,  0.0789175  ])
115262  , -4449.92    , array([ 0.955964   ,  0.238985   ,  0.0645913  ,  4.92386e-16,  0.0789175  ])
115263  , -4446.31    , array([ 0.95692    ,  0.238985   ,  0.0645913  ,  4.92386e-16,  0.0789175  ])
115264  , -4452.64    , array([ 0.955964   ,  0.239224   ,  0.0645913  ,  4.92386e-16,  0.0789175  ])
115265  , -4449.85    , array([ 0.955964   ,  0.238985   ,  0.064656   ,  4.92386e-16,  0.0789175  ])
115266  , -4449.92    , array([ 0.955964   ,  0.238985   ,  0.0645913  ,  4.92878e-16,  0.0789175  ])
115267  , -4452.94    , array([ 0.955964   ,  0.238985   ,  0.0645913  ,  4.92386e-16,  0.0789965  ])
115268  , -6066.41    , array([ 0.0240999  ,  0.00111327 ,  0.0820429  ,  4.92386e-16,  0.000595973])
115269  , -6066.41    , array([ 0.0240999  ,  0.00111327 ,  0.0820429  ,  4.92386e-16,  0.000595973])
115270  , -6065.82    , array([ 0.024124   ,  0.00111327 ,  0.0820429  ,  4.92386e-16,  0.000595973])
115271  , -6051.52    , array([ 0.0240999  ,  0.00111438 ,  0.0820429  ,  4.92386e-16,  0.000595973])
115272  , -6066.41    , array([ 0.0240999  ,  0.00111327 ,  0.082125   ,  4.92386e-16,  0.000595973])
115273  , -6066.41    , array([ 0.0240999  ,  0.00111327 ,  0.0820429  ,  4.92878e-16,  0.000595973])
115274  , -6081.83    , array([ 0.0240999  ,  0.00111327 ,  0.0820429  ,  4.92386e-16,  0.000596569])
115275  , -3198       , array([ 0.277297   ,  0.0392893  ,  0.0700005  ,  4.92386e-16,  0.0152628  ])
115276  , -3198       , array([ 0.277297   ,  0.0392893  ,  0.0700005  ,  4.92386e-16,  0.0152628  ])
115277  , -3195       , array([ 0.277574   ,  0.0392893  ,  0.0700005  ,  4.92386e-16,  0.0152628  ])
115278  , -3195.14    , array([ 0.277297   ,  0.0393286  ,  0.0700005  ,  4.92386e-16,  0.0152628  ])
115279  , -3197.99    , array([ 0.277297   ,  0.0392893  ,  0.0700705  ,  4.92386e-16,  0.0152628  ])
115280  , -3198       , array([ 0.277297   ,  0.0392893  ,  0.0700005  ,  4.92878e-16,  0.0152628  ])
115281  , -3203.03    , array([ 0.277297   ,  0.0392893  ,  0.0700005  ,  4.92386e-16,  0.0152781  ])
115282  , -2642.1     , array([ 0.278165   ,  0.0355108  ,  1.71775e-06,  4.92386e-16,  0.0117895  ])
115283  , -2642.1     , array([ 0.278165   ,  0.0355108  ,  1.71775e-06,  4.92386e-16,  0.0117895  ])
115284  , -2640.17    , array([ 0.278443   ,  0.0355108  ,  1.71775e-06,  4.92386e-16,  0.0117895  ])
115285  , -2643.51    , array([ 0.278165   ,  0.0355463  ,  1.71775e-06,  4.92386e-16,  0.0117895  ])
115286  , -2642.1     , array([ 0.278165   ,  0.0355108  ,  1.71947e-06,  4.92386e-16,  0.0117895  ])
115287  , -2642.1     , array([ 0.278165   ,  0.0355108  ,  1.71775e-06,  4.92878e-16,  0.0117895  ])
115288  , -2642.01    , array([ 0.278165   ,  0.0355108  ,  1.71775e-06,  4.92386e-16,  0.0118013  ])
115289  , -2221.95    , array([ 0.373047   ,  0.0365315  ,  1.40953e-09,  4.92386e-16,  0.0123491  ])
115290  , -2221.95    , array([ 0.373047   ,  0.0365315  ,  1.40953e-09,  4.92386e-16,  0.0123491  ])
115291  , -2220.83    , array([ 0.373421   ,  0.0365315  ,  1.40953e-09,  4.92386e-16,  0.0123491  ])
115292  , -2222.92    , array([ 0.373047   ,  0.0365681  ,  1.40953e-09,  4.92386e-16,  0.0123491  ])
115293  , -2221.95    , array([ 0.373047   ,  0.0365315  ,  1.41094e-09,  4.92386e-16,  0.0123491  ])
115294  , -2221.95    , array([ 0.373047   ,  0.0365315  ,  1.40953e-09,  4.92878e-16,  0.0123491  ])
115295  , -2221.57    , array([ 0.373047   ,  0.0365315  ,  1.40953e-09,  4.92386e-16,  0.0123615  ])
115296  , -1705.16    , array([ 0.981374   ,  0.0650849  ,  1.82366e-10,  4.92386e-16,  0.0240024  ])
115297  , -1705.16    , array([ 0.981374   ,  0.0650849  ,  1.82366e-10,  4.92386e-16,  0.0240024  ])
115298  , -1704.81    , array([ 0.982356   ,  0.0650849  ,  1.82366e-10,  4.92386e-16,  0.0240024  ])
115299  , -1704.15    , array([ 0.981374   ,  0.06515    ,  1.82366e-10,  4.92386e-16,  0.0240024  ])
115300  , -1705.16    , array([ 0.981374   ,  0.0650849  ,  1.82549e-10,  4.92386e-16,  0.0240024  ])
115301  , -1705.16    , array([ 0.981374   ,  0.0650849  ,  1.82366e-10,  4.92878e-16,  0.0240024  ])
115302  , -1706.34    , array([ 0.981374   ,  0.0650849  ,  1.82366e-10,  4.92386e-16,  0.0240264  ])
115303  , -1649.82    , array([ 1.35557    ,  0.0787976  ,  2.77318e-12,  4.92386e-16,  0.0283883  ])
115304  , -1649.82    , array([ 1.35557    ,  0.0787976  ,  2.77318e-12,  4.92386e-16,  0.0283883  ])
115305  , -1649.73    , array([ 1.35692    ,  0.0787976  ,  2.77318e-12,  4.92386e-16,  0.0283883  ])
115306  , -1649.72    , array([ 1.35557    ,  0.0788765  ,  2.77318e-12,  4.92386e-16,  0.0283883  ])
115307  , -1649.82    , array([ 1.35557    ,  0.0787976  ,  2.77595e-12,  4.92386e-16,  0.0283883  ])
115308  , -1649.82    , array([ 1.35557    ,  0.0787976  ,  2.77318e-12,  4.92878e-16,  0.0283883  ])
115309  , -1650.18    , array([ 1.35557    ,  0.0787976  ,  2.77318e-12,  4.92386e-16,  0.0284167  ])
115310  , -1641.08    , array([ 1.26552    ,  0.0693916  ,  3.32859e-14,  4.92386e-16,  0.0244356  ])
115311  , -1641.08    , array([ 1.26552    ,  0.0693916  ,  3.32859e-14,  4.92386e-16,  0.0244356  ])
115312  , -1641       , array([ 1.26678    ,  0.0693916  ,  3.32859e-14,  4.92386e-16,  0.0244356  ])
115313  , -1641.55    , array([ 1.26552    ,  0.0694611  ,  3.32859e-14,  4.92386e-16,  0.0244356  ])
115314  , -1641.08    , array([ 1.26552    ,  0.0693916  ,  3.33192e-14,  4.92386e-16,  0.0244356  ])
115315  , -1641.08    , array([ 1.26552    ,  0.0693916  ,  3.32859e-14,  4.92878e-16,  0.0244356  ])
115316  , -1640.68    , array([ 1.26552    ,  0.0693916  ,  3.32859e-14,  4.92386e-16,  0.0244601  ])
115317  , -1635.36    , array([ 1.32003    ,  0.0694075  ,  1.65092e-14,  4.92386e-16,  0.024683   ])
115318  , -1635.36    , array([ 1.32003    ,  0.0694075  ,  1.65092e-14,  4.92386e-16,  0.024683   ])
115319  , -1635.3     , array([ 1.32135    ,  0.0694075  ,  1.65092e-14,  4.92386e-16,  0.024683   ])
115320  , -1635.55    , array([ 1.32003    ,  0.0694769  ,  1.65092e-14,  4.92386e-16,  0.024683   ])
115321  , -1635.36    , array([ 1.32003    ,  0.0694075  ,  1.65257e-14,  4.92386e-16,  0.024683   ])
115322  , -1635.36    , array([ 1.32003    ,  0.0694075  ,  1.65092e-14,  4.92878e-16,  0.024683   ])
115323  , -1635.22    , array([ 1.32003    ,  0.0694075  ,  1.65092e-14,  4.92386e-16,  0.0247077  ])
115324  , -1632.48    , array([ 1.40833    ,  0.068346   ,  1.84372e-15,  4.92386e-16,  0.0244961  ])
115325  , -1632.48    , array([ 1.40833    ,  0.068346   ,  1.84372e-15,  4.92386e-16,  0.0244961  ])
115326  , -1632.46    , array([ 1.40973    ,  0.068346   ,  1.84372e-15,  4.92386e-16,  0.0244961  ])
115327  , -1632.45    , array([ 1.40833    ,  0.0684143  ,  1.84372e-15,  4.92386e-16,  0.0244961  ])
115328  , -1632.48    , array([ 1.40833    ,  0.068346   ,  1.84556e-15,  4.92386e-16,  0.0244961  ])
115329  , -1632.48    , array([ 1.40833    ,  0.068346   ,  1.84372e-15,  4.92878e-16,  0.0244961  ])
115330  , -1632.52    , array([ 1.40833    ,  0.068346   ,  1.84372e-15,  4.92386e-16,  0.0245206  ])
115331  , -1632.47    , array([ 1.43097    ,  0.0678156  ,  7.89789e-16,  4.92386e-16,  0.0242984  ])
115332  , -1632.47    , array([ 1.43097    ,  0.0678156  ,  7.89789e-16,  4.92386e-16,  0.0242984  ])
115333  , -1632.47    , array([ 1.4324     ,  0.0678156  ,  7.89789e-16,  4.92386e-16,  0.0242984  ])
115334  , -1632.46    , array([ 1.43097    ,  0.0678834  ,  7.89789e-16,  4.92386e-16,  0.0242984  ])
115335  , -1632.47    , array([ 1.43097    ,  0.0678156  ,  7.9058e-16 ,  4.92386e-16,  0.0242984  ])
115336  , -1632.47    , array([ 1.43097    ,  0.0678156  ,  7.89789e-16,  4.92878e-16,  0.0242984  ])
115337  , -1632.49    , array([ 1.43097    ,  0.0678156  ,  7.89789e-16,  4.92386e-16,  0.0243227  ])
115338  , -1632.49    , array([ 1.43328    ,  0.0677492  ,  7.11219e-16,  4.92386e-16,  0.0242697  ])
115339  , -1632.49    , array([ 1.43328    ,  0.0677492  ,  7.11219e-16,  4.92386e-16,  0.0242697  ])
115340  , -1632.49    , array([ 1.43471    ,  0.0677492  ,  7.11219e-16,  4.92386e-16,  0.0242697  ])
115341  , -1632.48    , array([ 1.43328    ,  0.067817   ,  7.11219e-16,  4.92386e-16,  0.0242697  ])
115342  , -1632.49    , array([ 1.43328    ,  0.0677492  ,  7.1193e-16 ,  4.92386e-16,  0.0242697  ])
115343  , -1632.49    , array([ 1.43328    ,  0.0677492  ,  7.11219e-16,  4.92878e-16,  0.0242697  ])
115344  , -1632.51    , array([ 1.43328    ,  0.0677492  ,  7.11219e-16,  4.92386e-16,  0.024294   ])
115345  , -1632.47    , array([ 1.43114    ,  0.0678107  ,  7.83785e-16,  4.92386e-16,  0.0242963  ])
115346  , -1632.47    , array([ 1.43114    ,  0.0678107  ,  7.83785e-16,  4.92386e-16,  0.0242963  ])
115347  , -1632.47    , array([ 1.43257    ,  0.0678107  ,  7.83785e-16,  4.92386e-16,  0.0242963  ])
115348  , -1632.46    , array([ 1.43114    ,  0.0678786  ,  7.83785e-16,  4.92386e-16,  0.0242963  ])
115349  , -1632.47    , array([ 1.43114    ,  0.0678107  ,  7.84569e-16,  4.92386e-16,  0.0242963  ])
115350  , -1632.47    , array([ 1.43114    ,  0.0678107  ,  7.83785e-16,  4.92878e-16,  0.0242963  ])
115351  , -1632.49    , array([ 1.43114    ,  0.0678107  ,  7.83785e-16,  4.92386e-16,  0.0243206  ])
115352  , -1632.47    , array([ 1.43098    ,  0.0678152  ,  7.89337e-16,  4.92386e-16,  0.0242983  ])
115353  , -1632.47    , array([ 1.43098    ,  0.0678152  ,  7.89337e-16,  4.92386e-16,  0.0242983  ])
115354  , -1632.47    , array([ 1.43241    ,  0.0678152  ,  7.89337e-16,  4.92386e-16,  0.0242983  ])
115355  , -1632.46    , array([ 1.43098    ,  0.0678831  ,  7.89337e-16,  4.92386e-16,  0.0242983  ])
115356  , -1632.47    , array([ 1.43098    ,  0.0678152  ,  7.90127e-16,  4.92386e-16,  0.0242983  ])
115357  , -1632.47    , array([ 1.43098    ,  0.0678152  ,  7.89337e-16,  4.92878e-16,  0.0242983  ])
115358  , -1632.49    , array([ 1.43098    ,  0.0678152  ,  7.89337e-16,  4.92386e-16,  0.0243226  ])
115359  , -1632.47    , array([ 1.43097    ,  0.0678156  ,  7.89755e-16,  4.92386e-16,  0.0242984  ])
115360  , -1632.47    , array([ 1.43097    ,  0.0678156  ,  7.89755e-16,  4.92386e-16,  0.0242984  ])
115361  , -1632.47    , array([ 1.4324     ,  0.0678156  ,  7.89755e-16,  4.92386e-16,  0.0242984  ])
115362  , -1632.46    , array([ 1.43097    ,  0.0678834  ,  7.89755e-16,  4.92386e-16,  0.0242984  ])
115363  , -1632.47    , array([ 1.43097    ,  0.0678156  ,  7.90546e-16,  4.92386e-16,  0.0242984  ])
115364  , -1632.47    , array([ 1.43097    ,  0.0678156  ,  7.89755e-16,  4.92878e-16,  0.0242984  ])
115365  , -1632.49    , array([ 1.43097    ,  0.0678156  ,  7.89755e-16,  4.92386e-16,  0.0243227  ])
115366  , -1632.47    , array([ 1.43097    ,  0.0678156  ,  7.89787e-16,  4.92386e-16,  0.0242984  ])
115367  , -1632.47    , array([ 1.43097    ,  0.0678156  ,  7.89787e-16,  4.92386e-16,  0.0242984  ])
115368  , -1632.47    , array([ 1.4324     ,  0.0678156  ,  7.89787e-16,  4.92386e-16,  0.0242984  ])
115369  , -1632.46    , array([ 1.43097    ,  0.0678834  ,  7.89787e-16,  4.92386e-16,  0.0242984  ])
115370  , -1632.47    , array([ 1.43097    ,  0.0678156  ,  7.90577e-16,  4.92386e-16,  0.0242984  ])
115371  , -1632.47    , array([ 1.43097    ,  0.0678156  ,  7.89787e-16,  4.92878e-16,  0.0242984  ])
115372  , -1632.49    , array([ 1.43097    ,  0.0678156  ,  7.89787e-16,  4.92386e-16,  0.0243227  ])
115373  , -1632.47    , array([ 1.43097    ,  0.0678156  ,  7.89789e-16,  4.92386e-16,  0.0242984  ])
115374  , -1632.47    , array([ 1.43097    ,  0.0678156  ,  7.89789e-16,  4.92386e-16,  0.0242984  ])
115375  , -1632.47    , array([ 1.4324     ,  0.0678156  ,  7.89789e-16,  4.92386e-16,  0.0242984  ])
115376  , -1632.46    , array([ 1.43097    ,  0.0678834  ,  7.89789e-16,  4.92386e-16,  0.0242984  ])
115377  , -1632.47    , array([ 1.43097    ,  0.0678156  ,  7.90579e-16,  4.92386e-16,  0.0242984  ])
115378  , -1632.47    , array([ 1.43097    ,  0.0678156  ,  7.89789e-16,  4.92878e-16,  0.0242984  ])
115379  , -1632.49    , array([ 1.43097    ,  0.0678156  ,  7.89789e-16,  4.92386e-16,  0.0243227  ])
115380  , -1632.47    , array([ 1.43097    ,  0.0678156  ,  7.89789e-16,  4.92386e-16,  0.0242984  ])
115381  , -1632.47    , array([ 1.43097    ,  0.0678156  ,  7.89789e-16,  4.92386e-16,  0.0242984  ])
115382  , -1632.47    , array([ 1.4324     ,  0.0678156  ,  7.89789e-16,  4.92386e-16,  0.0242984  ])
115383  , -1632.46    , array([ 1.43097    ,  0.0678834  ,  7.89789e-16,  4.92386e-16,  0.0242984  ])
115384  , -1632.47    , array([ 1.43097    ,  0.0678156  ,  7.9058e-16 ,  4.92386e-16,  0.0242984  ])
115385  , -1632.47    , array([ 1.43097    ,  0.0678156  ,  7.89789e-16,  4.92878e-16,  0.0242984  ])
115386  , -1632.49    , array([ 1.43097    ,  0.0678156  ,  7.89789e-16,  4.92386e-16,  0.0243227  ])
115387  , -1632.47    , array([ 1.43097    ,  0.0678156  ,  7.89789e-16,  4.92386e-16,  0.0242984  ])
115388  , -1632.47    , array([ 1.43097    ,  0.0678156  ,  7.89789e-16,  4.92386e-16,  0.0242984  ])
115389  , -1632.47    , array([ 1.4324     ,  0.0678156  ,  7.89789e-16,  4.92386e-16,  0.0242984  ])
115390  , -1632.46    , array([ 1.43097    ,  0.0678834  ,  7.89789e-16,  4.92386e-16,  0.0242984  ])
115391  , -1632.47    , array([ 1.43097    ,  0.0678156  ,  7.9058e-16 ,  4.92386e-16,  0.0242984  ])
115392  , -1632.47    , array([ 1.43097    ,  0.0678156  ,  7.89789e-16,  4.92878e-16,  0.0242984  ])
115393  , -1632.49    , array([ 1.43097    ,  0.0678156  ,  7.89789e-16,  4.92386e-16,  0.0243227  ])
115394  , -1632.47    , array([ 1.43097    ,  0.0678156  ,  7.89789e-16,  4.92386e-16,  0.0242984  ])
115395  , -1632.47    , array([ 1.43097    ,  0.0678156  ,  7.89789e-16,  4.92386e-16,  0.0242984  ])
115396  , -1632.47    , array([ 1.4324     ,  0.0678156  ,  7.89789e-16,  4.92386e-16,  0.0242984  ])
115397  , -1632.46    , array([ 1.43097    ,  0.0678834  ,  7.89789e-16,  4.92386e-16,  0.0242984  ])
115398  , -1632.47    , array([ 1.43097    ,  0.0678156  ,  7.9058e-16 ,  4.92386e-16,  0.0242984  ])
115399  , -1632.47    , array([ 1.43097    ,  0.0678156  ,  7.89789e-16,  4.92878e-16,  0.0242984  ])
115400  , -1632.49    , array([ 1.43097    ,  0.0678156  ,  7.89789e-16,  4.92386e-16,  0.0243227  ])
115401  , -1632.47    , array([ 1.43097    ,  0.0678156  ,  7.89789e-16,  4.92386e-16,  0.0242984  ])
115402  , -1632.47    , array([ 1.43097    ,  0.0678156  ,  7.89789e-16,  4.92386e-16,  0.0242984  ])
115403  , -1632.47    , array([ 1.4324     ,  0.0678156  ,  7.89789e-16,  4.92386e-16,  0.0242984  ])
115404  , -1632.46    , array([ 1.43097    ,  0.0678834  ,  7.89789e-16,  4.92386e-16,  0.0242984  ])
115405  , -1632.47    , array([ 1.43097    ,  0.0678156  ,  7.9058e-16 ,  4.92386e-16,  0.0242984  ])
115406  , -1632.47    , array([ 1.43097    ,  0.0678156  ,  7.89789e-16,  4.92878e-16,  0.0242984  ])
115407  , -1632.49    , array([ 1.43097    ,  0.0678156  ,  7.89789e-16,  4.92386e-16,  0.0243227  ])
115408  , -1632.47    , array([ 1.43097    ,  0.0678156  ,  7.89789e-16,  4.92386e-16,  0.0242984  ])
115409  , -1632.47    , array([ 1.43097    ,  0.0678156  ,  7.89789e-16,  4.92386e-16,  0.0242984  ])
115410  , -1632.47    , array([ 1.4324     ,  0.0678156  ,  7.89789e-16,  4.92386e-16,  0.0242984  ])
115411  , -1632.46    , array([ 1.43097    ,  0.0678834  ,  7.89789e-16,  4.92386e-16,  0.0242984  ])
115412  , -1632.47    , array([ 1.43097    ,  0.0678156  ,  7.9058e-16 ,  4.92386e-16,  0.0242984  ])
115413  , -1632.47    , array([ 1.43097    ,  0.0678156  ,  7.89789e-16,  4.92878e-16,  0.0242984  ])
115414  , -1632.49    , array([ 1.43097    ,  0.0678156  ,  7.89789e-16,  4.92386e-16,  0.0243227  ])
115415  , -1632.47    , array([ 1.43097    ,  0.0678156  ,  7.89789e-16,  4.92386e-16,  0.0242984  ])
115416  , -1632.47    , array([ 1.43097    ,  0.0678156  ,  7.89789e-16,  4.92386e-16,  0.0242984  ])
115417  , -1632.47    , array([ 1.4324     ,  0.0678156  ,  7.89789e-16,  4.92386e-16,  0.0242984  ])
115418  , -1632.46    , array([ 1.43097    ,  0.0678834  ,  7.89789e-16,  4.92386e-16,  0.0242984  ])
115419  , -1632.47    , array([ 1.43097    ,  0.0678156  ,  7.9058e-16 ,  4.92386e-16,  0.0242984  ])
115420  , -1632.47    , array([ 1.43097    ,  0.0678156  ,  7.89789e-16,  4.92878e-16,  0.0242984  ])
115421  , -1632.49    , array([ 1.43097    ,  0.0678156  ,  7.89789e-16,  4.92386e-16,  0.0243227  ])
115422  , -1632.47    , array([ 1.43097    ,  0.0678156  ,  7.89789e-16,  4.92386e-16,  0.0242984  ])
115423  , -1632.47    , array([ 1.43097    ,  0.0678156  ,  7.89789e-16,  4.92386e-16,  0.0242984  ])
115424  , -1632.47    , array([ 1.4324     ,  0.0678156  ,  7.89789e-16,  4.92386e-16,  0.0242984  ])
115425  , -1632.46    , array([ 1.43097    ,  0.0678834  ,  7.89789e-16,  4.92386e-16,  0.0242984  ])
115426  , -1632.47    , array([ 1.43097    ,  0.0678156  ,  7.9058e-16 ,  4.92386e-16,  0.0242984  ])
115427  , -1632.47    , array([ 1.43097    ,  0.0678156  ,  7.89789e-16,  4.92878e-16,  0.0242984  ])
115428  , -1632.49    , array([ 1.43097    ,  0.0678156  ,  7.89789e-16,  4.92386e-16,  0.0243227  ])
115429  , -1632.47    , array([ 1.43097    ,  0.0678156  ,  7.89789e-16,  4.92386e-16,  0.0242984  ])
115430  , -1632.47    , array([ 1.43097    ,  0.0678156  ,  7.89789e-16,  4.92386e-16,  0.0242984  ])
115431  , -1632.47    , array([ 1.4324     ,  0.0678156  ,  7.89789e-16,  4.92386e-16,  0.0242984  ])
115432  , -1632.46    , array([ 1.43097    ,  0.0678834  ,  7.89789e-16,  4.92386e-16,  0.0242984  ])
115433  , -1632.47    , array([ 1.43097    ,  0.0678156  ,  7.9058e-16 ,  4.92386e-16,  0.0242984  ])
115434  , -1632.47    , array([ 1.43097    ,  0.0678156  ,  7.89789e-16,  4.92878e-16,  0.0242984  ])
115435  , -1632.49    , array([ 1.43097    ,  0.0678156  ,  7.89789e-16,  4.92386e-16,  0.0243227  ])
115436  , -1632.47    , array([ 1.43097    ,  0.0678156  ,  7.89789e-16,  4.92386e-16,  0.0242984  ])
115437  , -1632.47    , array([ 1.43097    ,  0.0678156  ,  7.89789e-16,  4.92386e-16,  0.0242984  ])
115438  , -1632.47    , array([ 1.4324     ,  0.0678156  ,  7.89789e-16,  4.92386e-16,  0.0242984  ])
115439  , -1632.46    , array([ 1.43097    ,  0.0678834  ,  7.89789e-16,  4.92386e-16,  0.0242984  ])
115440  , -1632.47    , array([ 1.43097    ,  0.0678156  ,  7.9058e-16 ,  4.92386e-16,  0.0242984  ])
115441  , -1632.47    , array([ 1.43097    ,  0.0678156  ,  7.89789e-16,  4.92878e-16,  0.0242984  ])
115442  , -1632.49    , array([ 1.43097    ,  0.0678156  ,  7.89789e-16,  4.92386e-16,  0.0243227  ])
115443  , -1632.47    , array([ 1.43097    ,  0.0678156  ,  7.89789e-16,  4.92386e-16,  0.0242984  ])
115444  , -1632.47    , array([ 1.43097    ,  0.0678156  ,  7.89789e-16,  4.92386e-16,  0.0242984  ])
115445  , -1632.47    , array([ 1.4324     ,  0.0678156  ,  7.89789e-16,  4.92386e-16,  0.0242984  ])
115446  , -1632.46    , array([ 1.43097    ,  0.0678834  ,  7.89789e-16,  4.92386e-16,  0.0242984  ])
115447  , -1632.47    , array([ 1.43097    ,  0.0678156  ,  7.9058e-16 ,  4.92386e-16,  0.0242984  ])
115448  , -1632.47    , array([ 1.43097    ,  0.0678156  ,  7.89789e-16,  4.92878e-16,  0.0242984  ])
115449  , -1632.49    , array([ 1.43097    ,  0.0678156  ,  7.89789e-16,  4.92386e-16,  0.0243227  ])
115450  , -1632.47    , array([ 1.43097    ,  0.0678156  ,  7.89789e-16,  4.92386e-16,  0.0242984  ])
115451  , -1632.47    , array([ 1.43097    ,  0.0678156  ,  7.89789e-16,  4.92386e-16,  0.0242984  ])
115452  , -1632.47    , array([ 1.4324     ,  0.0678156  ,  7.89789e-16,  4.92386e-16,  0.0242984  ])
115453  , -1632.46    , array([ 1.43097    ,  0.0678834  ,  7.89789e-16,  4.92386e-16,  0.0242984  ])
115454  , -1632.47    , array([ 1.43097    ,  0.0678156  ,  7.9058e-16 ,  4.92386e-16,  0.0242984  ])
115455  , -1632.47    , array([ 1.43097    ,  0.0678156  ,  7.89789e-16,  4.92878e-16,  0.0242984  ])
115456  , -1632.49    , array([ 1.43097    ,  0.0678156  ,  7.89789e-16,  4.92386e-16,  0.0243227  ])
115457  , -1632.47    , array([ 1.43097    ,  0.0678156  ,  7.89789e-16,  4.92386e-16,  0.0242984  ])
115458  , -1632.47    , array([ 1.43097    ,  0.0678156  ,  7.89789e-16,  4.92386e-16,  0.0242984  ])
115459  , -1632.47    , array([ 1.4324     ,  0.0678156  ,  7.89789e-16,  4.92386e-16,  0.0242984  ])
115460  , -1632.46    , array([ 1.43097    ,  0.0678834  ,  7.89789e-16,  4.92386e-16,  0.0242984  ])
115461  , -1632.47    , array([ 1.43097    ,  0.0678156  ,  7.9058e-16 ,  4.92386e-16,  0.0242984  ])
115462  , -1632.47    , array([ 1.43097    ,  0.0678156  ,  7.89789e-16,  4.92878e-16,  0.0242984  ])
115463  , -1632.49    , array([ 1.43097    ,  0.0678156  ,  7.89789e-16,  4.92386e-16,  0.0243227  ])
115464  , -1632.47    , array([ 1.43097    ,  0.0678156  ,  7.89789e-16,  4.92386e-16,  0.0242984  ])
115465  , -1632.47    , array([ 1.43097    ,  0.0678156  ,  7.89789e-16,  4.92386e-16,  0.0242984  ])
115466  , -1632.47    , array([ 1.4324     ,  0.0678156  ,  7.89789e-16,  4.92386e-16,  0.0242984  ])
115467  , -1632.46    , array([ 1.43097    ,  0.0678834  ,  7.89789e-16,  4.92386e-16,  0.0242984  ])
115468  , -1632.47    , array([ 1.43097    ,  0.0678156  ,  7.9058e-16 ,  4.92386e-16,  0.0242984  ])
115469  , -1632.47    , array([ 1.43097    ,  0.0678156  ,  7.89789e-16,  4.92878e-16,  0.0242984  ])
115470  , -1632.49    , array([ 1.43097    ,  0.0678156  ,  7.89789e-16,  4.92386e-16,  0.0243227  ])
115471  , -1632.47    , array([ 1.43097    ,  0.0678156  ,  7.89789e-16,  4.92386e-16,  0.0242984  ])
115472  , -1632.47    , array([ 1.43097    ,  0.0678156  ,  7.89789e-16,  4.92386e-16,  0.0242984  ])
115473  , -1632.47    , array([ 1.4324     ,  0.0678156  ,  7.89789e-16,  4.92386e-16,  0.0242984  ])
115474  , -1632.46    , array([ 1.43097    ,  0.0678834  ,  7.89789e-16,  4.92386e-16,  0.0242984  ])
115475  , -1632.47    , array([ 1.43097    ,  0.0678156  ,  7.9058e-16 ,  4.92386e-16,  0.0242984  ])
115476  , -1632.47    , array([ 1.43097    ,  0.0678156  ,  7.89789e-16,  4.92878e-16,  0.0242984  ])
115477  , -1632.49    , array([ 1.43097    ,  0.0678156  ,  7.89789e-16,  4.92386e-16,  0.0243227  ])
115478  , -1632.47    , array([ 1.43097    ,  0.0678156  ,  7.89789e-16,  4.92386e-16,  0.0242984  ])
115479  , -1632.47    , array([ 1.43097    ,  0.0678156  ,  7.89789e-16,  4.92386e-16,  0.0242984  ])
115480  , -1632.47    , array([ 1.4324     ,  0.0678156  ,  7.89789e-16,  4.92386e-16,  0.0242984  ])
115481  , -1632.46    , array([ 1.43097    ,  0.0678834  ,  7.89789e-16,  4.92386e-16,  0.0242984  ])
115482  , -1632.47    , array([ 1.43097    ,  0.0678156  ,  7.9058e-16 ,  4.92386e-16,  0.0242984  ])
115483  , -1632.47    , array([ 1.43097    ,  0.0678156  ,  7.89789e-16,  4.92878e-16,  0.0242984  ])
115484  , -1632.49    , array([ 1.43097    ,  0.0678156  ,  7.89789e-16,  4.92386e-16,  0.0243227  ])
115485  , -1632.47    , array([ 1.43097    ,  0.0678156  ,  7.89789e-16,  4.92386e-16,  0.0242984  ])
115486  , -1632.47    , array([ 1.43097    ,  0.0678156  ,  7.89789e-16,  4.92386e-16,  0.0242984  ])
115487  , -1632.47    , array([ 1.4324     ,  0.0678156  ,  7.89789e-16,  4.92386e-16,  0.0242984  ])
115488  , -1632.46    , array([ 1.43097    ,  0.0678834  ,  7.89789e-16,  4.92386e-16,  0.0242984  ])
115489  , -1632.47    , array([ 1.43097    ,  0.0678156  ,  7.9058e-16 ,  4.92386e-16,  0.0242984  ])
115490  , -1632.47    , array([ 1.43097    ,  0.0678156  ,  7.89789e-16,  4.92878e-16,  0.0242984  ])
115491  , -1632.49    , array([ 1.43097    ,  0.0678156  ,  7.89789e-16,  4.92386e-16,  0.0243227  ])
115492  , -1632.47    , array([ 1.43097    ,  0.0678156  ,  7.89789e-16,  4.92386e-16,  0.0242984  ])
115493  , -1632.47    , array([ 1.43097    ,  0.0678156  ,  7.89789e-16,  4.92386e-16,  0.0242984  ])
115494  , -1632.47    , array([ 1.4324     ,  0.0678156  ,  7.89789e-16,  4.92386e-16,  0.0242984  ])
115495  , -1632.46    , array([ 1.43097    ,  0.0678834  ,  7.89789e-16,  4.92386e-16,  0.0242984  ])
115496  , -1632.47    , array([ 1.43097    ,  0.0678156  ,  7.9058e-16 ,  4.92386e-16,  0.0242984  ])
115497  , -1632.47    , array([ 1.43097    ,  0.0678156  ,  7.89789e-16,  4.92878e-16,  0.0242984  ])
115498  , -1632.49    , array([ 1.43097    ,  0.0678156  ,  7.89789e-16,  4.92386e-16,  0.0243227  ])
115499  , -1632.47    , array([ 1.43097    ,  0.0678156  ,  7.89789e-16,  4.92386e-16,  0.0242984  ])
115500  , -1632.47    , array([ 1.43097    ,  0.0678156  ,  7.89789e-16,  4.92386e-16,  0.0242984  ])
115501  , -1632.47    , array([ 1.4324     ,  0.0678156  ,  7.89789e-16,  4.92386e-16,  0.0242984  ])
115502  , -1632.46    , array([ 1.43097    ,  0.0678834  ,  7.89789e-16,  4.92386e-16,  0.0242984  ])
115503  , -1632.47    , array([ 1.43097    ,  0.0678156  ,  7.9058e-16 ,  4.92386e-16,  0.0242984  ])
115504  , -1632.47    , array([ 1.43097    ,  0.0678156  ,  7.89789e-16,  4.92878e-16,  0.0242984  ])
115505  , -1632.49    , array([ 1.43097    ,  0.0678156  ,  7.89789e-16,  4.92386e-16,  0.0243227  ])
115506  , -1632.47    , array([ 1.43097    ,  0.0678156  ,  7.89789e-16,  4.92386e-16,  0.0242984  ])
115507  , -1632.47    , array([ 1.43097    ,  0.0678156  ,  7.89789e-16,  4.92386e-16,  0.0242984  ])
115508  , -1632.47    , array([ 1.4324     ,  0.0678156  ,  7.89789e-16,  4.92386e-16,  0.0242984  ])
115509  , -1632.46    , array([ 1.43097    ,  0.0678834  ,  7.89789e-16,  4.92386e-16,  0.0242984  ])
115510  , -1632.47    , array([ 1.43097    ,  0.0678156  ,  7.9058e-16 ,  4.92386e-16,  0.0242984  ])
115511  , -1632.47    , array([ 1.43097    ,  0.0678156  ,  7.89789e-16,  4.92878e-16,  0.0242984  ])
115512  , -1632.49    , array([ 1.43097    ,  0.0678156  ,  7.89789e-16,  4.92386e-16,  0.0243227  ])
115513  , -1632.47    , array([ 1.43097    ,  0.0678156  ,  7.89789e-16,  4.92386e-16,  0.0242984  ])
115514  , -1632.47    , array([ 1.43097    ,  0.0678156  ,  7.89789e-16,  4.92386e-16,  0.0242984  ])
115515  , -1632.47    , array([ 1.4324     ,  0.0678156  ,  7.89789e-16,  4.92386e-16,  0.0242984  ])
115516  , -1632.46    , array([ 1.43097    ,  0.0678834  ,  7.89789e-16,  4.92386e-16,  0.0242984  ])
115517  , -1632.47    , array([ 1.43097    ,  0.0678156  ,  7.9058e-16 ,  4.92386e-16,  0.0242984  ])
115518  , -1632.47    , array([ 1.43097    ,  0.0678156  ,  7.89789e-16,  4.92878e-16,  0.0242984  ])
115519  , -1632.49    , array([ 1.43097    ,  0.0678156  ,  7.89789e-16,  4.92386e-16,  0.0243227  ])
115520  , -1632.47    , array([ 1.43097    ,  0.0678156  ,  7.89789e-16,  4.92386e-16,  0.0242984  ])
115521  , -1632.47    , array([ 1.43097    ,  0.0678156  ,  7.89789e-16,  4.92386e-16,  0.0242984  ])
115522  , -1632.47    , array([ 1.4324     ,  0.0678156  ,  7.89789e-16,  4.92386e-16,  0.0242984  ])
115523  , -1632.46    , array([ 1.43097    ,  0.0678834  ,  7.89789e-16,  4.92386e-16,  0.0242984  ])
115524  , -1632.47    , array([ 1.43097    ,  0.0678156  ,  7.9058e-16 ,  4.92386e-16,  0.0242984  ])
115525  , -1632.47    , array([ 1.43097    ,  0.0678156  ,  7.89789e-16,  4.92878e-16,  0.0242984  ])
115526  , -1632.49    , array([ 1.43097    ,  0.0678156  ,  7.89789e-16,  4.92386e-16,  0.0243227  ])
115527  , -1632.47    , array([ 1.43097    ,  0.0678156  ,  7.89789e-16,  4.92386e-16,  0.0242984  ])
115528  , -1632.47    , array([ 1.43097    ,  0.0678156  ,  7.89789e-16,  4.92386e-16,  0.0242984  ])
115529  , -1632.47    , array([ 1.4324     ,  0.0678156  ,  7.89789e-16,  4.92386e-16,  0.0242984  ])
115530  , -1632.46    , array([ 1.43097    ,  0.0678834  ,  7.89789e-16,  4.92386e-16,  0.0242984  ])
115531  , -1632.47    , array([ 1.43097    ,  0.0678156  ,  7.9058e-16 ,  4.92386e-16,  0.0242984  ])
115532  , -1632.47    , array([ 1.43097    ,  0.0678156  ,  7.89789e-16,  4.92878e-16,  0.0242984  ])
115533  , -1632.49    , array([ 1.43097    ,  0.0678156  ,  7.89789e-16,  4.92386e-16,  0.0243227  ])
115534  , -1632.47    , array([ 1.43097    ,  0.0678156  ,  7.89789e-16,  4.92386e-16,  0.0242984  ])
115535  , -1632.47    , array([ 1.43097    ,  0.0678156  ,  7.89789e-16,  4.92386e-16,  0.0242984  ])
115536  , -1632.47    , array([ 1.4324     ,  0.0678156  ,  7.89789e-16,  4.92386e-16,  0.0242984  ])
115537  , -1632.46    , array([ 1.43097    ,  0.0678834  ,  7.89789e-16,  4.92386e-16,  0.0242984  ])
115538  , -1632.47    , array([ 1.43097    ,  0.0678156  ,  7.9058e-16 ,  4.92386e-16,  0.0242984  ])
115539  , -1632.47    , array([ 1.43097    ,  0.0678156  ,  7.89789e-16,  4.92878e-16,  0.0242984  ])
115540  , -1632.49    , array([ 1.43097    ,  0.0678156  ,  7.89789e-16,  4.92386e-16,  0.0243227  ])
115541  , -1632.47    , array([ 1.43097    ,  0.0678156  ,  7.89789e-16,  4.92386e-16,  0.0242984  ])
115542  , -1632.47    , array([ 1.43097    ,  0.0678156  ,  7.89789e-16,  4.92386e-16,  0.0242984  ])
115543  , -1632.47    , array([ 1.4324     ,  0.0678156  ,  7.89789e-16,  4.92386e-16,  0.0242984  ])
115544  , -1632.46    , array([ 1.43097    ,  0.0678834  ,  7.89789e-16,  4.92386e-16,  0.0242984  ])
115545  , -1632.47    , array([ 1.43097    ,  0.0678156  ,  7.9058e-16 ,  4.92386e-16,  0.0242984  ])
115546  , -1632.47    , array([ 1.43097    ,  0.0678156  ,  7.89789e-16,  4.92878e-16,  0.0242984  ])
115547  , -1632.49    , array([ 1.43097    ,  0.0678156  ,  7.89789e-16,  4.92386e-16,  0.0243227  ])
115548  , -1632.47    , array([ 1.43097    ,  0.0678156  ,  7.89789e-16,  4.92386e-16,  0.0242984  ])
115549  , -1632.47    , array([ 1.43097    ,  0.0678156  ,  7.89789e-16,  4.92386e-16,  0.0242984  ])
115550  , -1632.47    , array([ 1.4324     ,  0.0678156  ,  7.89789e-16,  4.92386e-16,  0.0242984  ])
115551  , -1632.46    , array([ 1.43097    ,  0.0678834  ,  7.89789e-16,  4.92386e-16,  0.0242984  ])
115552  , -1632.47    , array([ 1.43097    ,  0.0678156  ,  7.9058e-16 ,  4.92386e-16,  0.0242984  ])
115553  , -1632.47    , array([ 1.43097    ,  0.0678156  ,  7.89789e-16,  4.92878e-16,  0.0242984  ])
115554  , -1632.49    , array([ 1.43097    ,  0.0678156  ,  7.89789e-16,  4.92386e-16,  0.0243227  ])
115555  , -1632.47    , array([ 1.43097    ,  0.0678156  ,  7.89789e-16,  4.92386e-16,  0.0242984  ])
115556  , -1632.47    , array([ 1.43097    ,  0.0678156  ,  7.89789e-16,  4.92386e-16,  0.0242984  ])
115557  , -1632.47    , array([ 1.4324     ,  0.0678156  ,  7.89789e-16,  4.92386e-16,  0.0242984  ])
115558  , -1632.46    , array([ 1.43097    ,  0.0678834  ,  7.89789e-16,  4.92386e-16,  0.0242984  ])
115559  , -1632.47    , array([ 1.43097    ,  0.0678156  ,  7.9058e-16 ,  4.92386e-16,  0.0242984  ])
115560  , -1632.47    , array([ 1.43097    ,  0.0678156  ,  7.89789e-16,  4.92878e-16,  0.0242984  ])
115561  , -1632.49    , array([ 1.43097    ,  0.0678156  ,  7.89789e-16,  4.92386e-16,  0.0243227  ])
115562  , -1632.47    , array([ 1.43097    ,  0.0678156  ,  7.89789e-16,  4.92386e-16,  0.0242984  ])
115563  , -1632.47    , array([ 1.43097    ,  0.0678156  ,  7.89789e-16,  4.92386e-16,  0.0242984  ])
115564  , -1632.47    , array([ 1.4324     ,  0.0678156  ,  7.89789e-16,  4.92386e-16,  0.0242984  ])
115565  , -1632.46    , array([ 1.43097    ,  0.0678834  ,  7.89789e-16,  4.92386e-16,  0.0242984  ])
115566  , -1632.47    , array([ 1.43097    ,  0.0678156  ,  7.9058e-16 ,  4.92386e-16,  0.0242984  ])
115567  , -1632.47    , array([ 1.43097    ,  0.0678156  ,  7.89789e-16,  4.92878e-16,  0.0242984  ])
115568  , -1632.49    , array([ 1.43097    ,  0.0678156  ,  7.89789e-16,  4.92386e-16,  0.0243227  ])
115569  , -1632.47    , array([ 1.43097    ,  0.0678156  ,  7.89789e-16,  4.92386e-16,  0.0242984  ])
115570  , -1632.47    , array([ 1.43097    ,  0.0678156  ,  7.89789e-16,  4.92386e-16,  0.0242984  ])
115571  , -1632.47    , array([ 1.4324     ,  0.0678156  ,  7.89789e-16,  4.92386e-16,  0.0242984  ])
115572  , -1632.46    , array([ 1.43097    ,  0.0678834  ,  7.89789e-16,  4.92386e-16,  0.0242984  ])
115573  , -1632.47    , array([ 1.43097    ,  0.0678156  ,  7.9058e-16 ,  4.92386e-16,  0.0242984  ])
115574  , -1632.47    , array([ 1.43097    ,  0.0678156  ,  7.89789e-16,  4.92878e-16,  0.0242984  ])
115575  , -1632.49    , array([ 1.43097    ,  0.0678156  ,  7.89789e-16,  4.92386e-16,  0.0243227  ])
115576  , -1632.47    , array([ 1.43097    ,  0.0678156  ,  7.89789e-16,  4.92386e-16,  0.0242984  ])
115577  , -1632.47    , array([ 1.43097    ,  0.0678156  ,  7.89789e-16,  4.92386e-16,  0.0242984  ])
115578  , -1632.47    , array([ 1.4324     ,  0.0678156  ,  7.89789e-16,  4.92386e-16,  0.0242984  ])
115579  , -1632.46    , array([ 1.43097    ,  0.0678834  ,  7.89789e-16,  4.92386e-16,  0.0242984  ])
115580  , -1632.47    , array([ 1.43097    ,  0.0678156  ,  7.9058e-16 ,  4.92386e-16,  0.0242984  ])
115581  , -1632.47    , array([ 1.43097    ,  0.0678156  ,  7.89789e-16,  4.92878e-16,  0.0242984  ])
115582  , -1632.49    , array([ 1.43097    ,  0.0678156  ,  7.89789e-16,  4.92386e-16,  0.0243227  ])
115583  , -1632.47    , array([ 1.43097    ,  0.0678156  ,  7.89789e-16,  4.92386e-16,  0.0242984  ])
115584  , -1632.47    , array([ 1.43097    ,  0.0678156  ,  7.89789e-16,  4.92386e-16,  0.0242984  ])
115585  , -1632.47    , array([ 1.4324     ,  0.0678156  ,  7.89789e-16,  4.92386e-16,  0.0242984  ])
115586  , -1632.46    , array([ 1.43097    ,  0.0678834  ,  7.89789e-16,  4.92386e-16,  0.0242984  ])
115587  , -1632.47    , array([ 1.43097    ,  0.0678156  ,  7.9058e-16 ,  4.92386e-16,  0.0242984  ])
115588  , -1632.47    , array([ 1.43097    ,  0.0678156  ,  7.89789e-16,  4.92878e-16,  0.0242984  ])
115589  , -1632.49    , array([ 1.43097    ,  0.0678156  ,  7.89789e-16,  4.92386e-16,  0.0243227  ])
115590  , -1632.47    , array([ 1.43097    ,  0.0678156  ,  7.89789e-16,  4.92386e-16,  0.0242984  ])
115591  , -1632.47    , array([ 1.43097    ,  0.0678156  ,  7.89789e-16,  4.92386e-16,  0.0242984  ])
115592  , -1632.47    , array([ 1.4324     ,  0.0678156  ,  7.89789e-16,  4.92386e-16,  0.0242984  ])
115593  , -1632.46    , array([ 1.43097    ,  0.0678834  ,  7.89789e-16,  4.92386e-16,  0.0242984  ])
115594  , -1632.47    , array([ 1.43097    ,  0.0678156  ,  7.9058e-16 ,  4.92386e-16,  0.0242984  ])
115595  , -1632.47    , array([ 1.43097    ,  0.0678156  ,  7.89789e-16,  4.92878e-16,  0.0242984  ])
115596  , -1632.49    , array([ 1.43097    ,  0.0678156  ,  7.89789e-16,  4.92386e-16,  0.0243227  ])
115597  , -1632.47    , array([ 1.43097    ,  0.0678156  ,  7.89789e-16,  4.92386e-16,  0.0242984  ])
115598  , -1632.47    , array([ 1.43097    ,  0.0678156  ,  7.89789e-16,  4.92386e-16,  0.0242984  ])
115599  , -1632.47    , array([ 1.4324     ,  0.0678156  ,  7.89789e-16,  4.92386e-16,  0.0242984  ])
115600  , -1632.46    , array([ 1.43097    ,  0.0678834  ,  7.89789e-16,  4.92386e-16,  0.0242984  ])
115601  , -1632.47    , array([ 1.43097    ,  0.0678156  ,  7.9058e-16 ,  4.92386e-16,  0.0242984  ])
115602  , -1632.47    , array([ 1.43097    ,  0.0678156  ,  7.89789e-16,  4.92878e-16,  0.0242984  ])
115603  , -1632.49    , array([ 1.43097    ,  0.0678156  ,  7.89789e-16,  4.92386e-16,  0.0243227  ])
115604  , -1632.47    , array([ 1.43097    ,  0.0678156  ,  7.89789e-16,  4.92386e-16,  0.0242984  ])
115605  , -1632.47    , array([ 1.43097    ,  0.0678156  ,  7.89789e-16,  4.92386e-16,  0.0242984  ])
115606  , -1632.47    , array([ 1.4324     ,  0.0678156  ,  7.89789e-16,  4.92386e-16,  0.0242984  ])
115607  , -1632.46    , array([ 1.43097    ,  0.0678834  ,  7.89789e-16,  4.92386e-16,  0.0242984  ])
115608  , -1632.47    , array([ 1.43097    ,  0.0678156  ,  7.9058e-16 ,  4.92386e-16,  0.0242984  ])
115609  , -1632.47    , array([ 1.43097    ,  0.0678156  ,  7.89789e-16,  4.92878e-16,  0.0242984  ])
115610  , -1632.49    , array([ 1.43097    ,  0.0678156  ,  7.89789e-16,  4.92386e-16,  0.0243227  ])
115611  , -1632.47    , array([ 1.43097    ,  0.0678156  ,  7.89789e-16,  4.92386e-16,  0.0242984  ])
115612  , -1632.47    , array([ 1.43097    ,  0.0678156  ,  7.89789e-16,  4.92386e-16,  0.0242984  ])
115613  , -1632.47    , array([ 1.4324     ,  0.0678156  ,  7.89789e-16,  4.92386e-16,  0.0242984  ])
115614  , -1632.46    , array([ 1.43097    ,  0.0678834  ,  7.89789e-16,  4.92386e-16,  0.0242984  ])
115615  , -1632.47    , array([ 1.43097    ,  0.0678156  ,  7.9058e-16 ,  4.92386e-16,  0.0242984  ])
115616  , -1632.47    , array([ 1.43097    ,  0.0678156  ,  7.89789e-16,  4.92878e-16,  0.0242984  ])
115617  , -1632.49    , array([ 1.43097    ,  0.0678156  ,  7.89789e-16,  4.92386e-16,  0.0243227  ])
115618  , -1632.47    , array([ 1.43097    ,  0.0678156  ,  7.89789e-16,  4.92386e-16,  0.0242984  ])
115619  , -1632.47    , array([ 1.43097    ,  0.0678156  ,  7.89789e-16,  4.92386e-16,  0.0242984  ])
115620  , -1632.47    , array([ 1.4324     ,  0.0678156  ,  7.89789e-16,  4.92386e-16,  0.0242984  ])
115621  , -1632.46    , array([ 1.43097    ,  0.0678834  ,  7.89789e-16,  4.92386e-16,  0.0242984  ])
115622  , -1632.47    , array([ 1.43097    ,  0.0678156  ,  7.9058e-16 ,  4.92386e-16,  0.0242984  ])
115623  , -1632.47    , array([ 1.43097    ,  0.0678156  ,  7.89789e-16,  4.92878e-16,  0.0242984  ])
115624  , -1632.49    , array([ 1.43097    ,  0.0678156  ,  7.89789e-16,  4.92386e-16,  0.0243227  ])
115625  , -1632.47    , array([ 1.43097    ,  0.0678156  ,  7.89789e-16,  4.92386e-16,  0.0242984  ])
115626  , -1632.47    , array([ 1.43097    ,  0.0678156  ,  7.89789e-16,  4.92386e-16,  0.0242984  ])
115627  , -1632.47    , array([ 1.4324     ,  0.0678156  ,  7.89789e-16,  4.92386e-16,  0.0242984  ])
115628  , -1632.46    , array([ 1.43097    ,  0.0678834  ,  7.89789e-16,  4.92386e-16,  0.0242984  ])
115629  , -1632.47    , array([ 1.43097    ,  0.0678156  ,  7.9058e-16 ,  4.92386e-16,  0.0242984  ])
115630  , -1632.47    , array([ 1.43097    ,  0.0678156  ,  7.89789e-16,  4.92878e-16,  0.0242984  ])
115631  , -1632.49    , array([ 1.43097    ,  0.0678156  ,  7.89789e-16,  4.92386e-16,  0.0243227  ])
115632  , -1632.47    , array([ 1.43097    ,  0.0678156  ,  7.89789e-16,  4.92386e-16,  0.0242984  ])
115633  , -1632.47    , array([ 1.43097    ,  0.0678156  ,  7.89789e-16,  4.92386e-16,  0.0242984  ])
115634  , -1632.47    , array([ 1.4324     ,  0.0678156  ,  7.89789e-16,  4.92386e-16,  0.0242984  ])
115635  , -1632.46    , array([ 1.43097    ,  0.0678834  ,  7.89789e-16,  4.92386e-16,  0.0242984  ])
115636  , -1632.47    , array([ 1.43097    ,  0.0678156  ,  7.9058e-16 ,  4.92386e-16,  0.0242984  ])
115637  , -1632.47    , array([ 1.43097    ,  0.0678156  ,  7.89789e-16,  4.92878e-16,  0.0242984  ])
115638  , -1632.49    , array([ 1.43097    ,  0.0678156  ,  7.89789e-16,  4.92386e-16,  0.0243227  ])
115639  , -1632.47    , array([ 1.43097    ,  0.0678156  ,  7.89789e-16,  4.92386e-16,  0.0242984  ])
115640  , -1632.47    , array([ 1.43097    ,  0.0678156  ,  7.89789e-16,  4.92386e-16,  0.0242984  ])
115641  , -1632.47    , array([ 1.4324     ,  0.0678156  ,  7.89789e-16,  4.92386e-16,  0.0242984  ])
115642  , -1632.46    , array([ 1.43097    ,  0.0678834  ,  7.89789e-16,  4.92386e-16,  0.0242984  ])
115643  , -1632.47    , array([ 1.43097    ,  0.0678156  ,  7.9058e-16 ,  4.92386e-16,  0.0242984  ])
115644  , -1632.47    , array([ 1.43097    ,  0.0678156  ,  7.89789e-16,  4.92878e-16,  0.0242984  ])
115645  , -1632.49    , array([ 1.43097    ,  0.0678156  ,  7.89789e-16,  4.92386e-16,  0.0243227  ])
115646  , -1632.47    , array([ 1.43097    ,  0.0678156  ,  7.89789e-16,  4.92386e-16,  0.0242984  ])
115647  , -1632.47    , array([ 1.43097    ,  0.0678156  ,  7.89789e-16,  4.92386e-16,  0.0242984  ])
115648  , -1632.47    , array([ 1.4324     ,  0.0678156  ,  7.89789e-16,  4.92386e-16,  0.0242984  ])
115649  , -1632.46    , array([ 1.43097    ,  0.0678834  ,  7.89789e-16,  4.92386e-16,  0.0242984  ])
115650  , -1632.47    , array([ 1.43097    ,  0.0678156  ,  7.9058e-16 ,  4.92386e-16,  0.0242984  ])
115651  , -1632.47    , array([ 1.43097    ,  0.0678156  ,  7.89789e-16,  4.92878e-16,  0.0242984  ])
115652  , -1632.49    , array([ 1.43097    ,  0.0678156  ,  7.89789e-16,  4.92386e-16,  0.0243227  ])
115653  , -1632.47    , array([ 1.43097    ,  0.0678156  ,  7.89789e-16,  4.92386e-16,  0.0242984  ])
115654  , -1632.47    , array([ 1.43097    ,  0.0678156  ,  7.89789e-16,  4.92386e-16,  0.0242984  ])
115655  , -1632.47    , array([ 1.4324     ,  0.0678156  ,  7.89789e-16,  4.92386e-16,  0.0242984  ])
115656  , -1632.46    , array([ 1.43097    ,  0.0678834  ,  7.89789e-16,  4.92386e-16,  0.0242984  ])
115657  , -1632.47    , array([ 1.43097    ,  0.0678156  ,  7.9058e-16 ,  4.92386e-16,  0.0242984  ])
115658  , -1632.47    , array([ 1.43097    ,  0.0678156  ,  7.89789e-16,  4.92878e-16,  0.0242984  ])
115659  , -1632.49    , array([ 1.43097    ,  0.0678156  ,  7.89789e-16,  4.92386e-16,  0.0243227  ])
115660  , -1632.47    , array([ 1.43097    ,  0.0678156  ,  7.89789e-16,  4.92386e-16,  0.0242984  ])
115661  , -1632.47    , array([ 1.43097    ,  0.0678156  ,  7.89789e-16,  4.92386e-16,  0.0242984  ])
115662  , -1632.47    , array([ 1.4324     ,  0.0678156  ,  7.89789e-16,  4.92386e-16,  0.0242984  ])
115663  , -1632.46    , array([ 1.43097    ,  0.0678834  ,  7.89789e-16,  4.92386e-16,  0.0242984  ])
115664  , -1632.47    , array([ 1.43097    ,  0.0678156  ,  7.9058e-16 ,  4.92386e-16,  0.0242984  ])
115665  , -1632.47    , array([ 1.43097    ,  0.0678156  ,  7.89789e-16,  4.92878e-16,  0.0242984  ])
115666  , -1632.49    , array([ 1.43097    ,  0.0678156  ,  7.89789e-16,  4.92386e-16,  0.0243227  ])
115667  , -1632.47    , array([ 1.43097    ,  0.0678156  ,  7.89789e-16,  4.92386e-16,  0.0242984  ])
115668  , -1632.47    , array([ 1.43097    ,  0.0678156  ,  7.89789e-16,  4.92386e-16,  0.0242984  ])
115669  , -1632.47    , array([ 1.4324     ,  0.0678156  ,  7.89789e-16,  4.92386e-16,  0.0242984  ])
115670  , -1632.46    , array([ 1.43097    ,  0.0678834  ,  7.89789e-16,  4.92386e-16,  0.0242984  ])
115671  , -1632.47    , array([ 1.43097    ,  0.0678156  ,  7.9058e-16 ,  4.92386e-16,  0.0242984  ])
115672  , -1632.47    , array([ 1.43097    ,  0.0678156  ,  7.89789e-16,  4.92878e-16,  0.0242984  ])
115673  , -1632.49    , array([ 1.43097    ,  0.0678156  ,  7.89789e-16,  4.92386e-16,  0.0243227  ])
115674  , -1632.47    , array([ 1.43097    ,  0.0678156  ,  7.89789e-16,  4.92386e-16,  0.0242984  ])
115675  , -1632.47    , array([ 1.43097    ,  0.0678156  ,  7.89789e-16,  4.92386e-16,  0.0242984  ])
115676  , -1632.47    , array([ 1.4324     ,  0.0678156  ,  7.89789e-16,  4.92386e-16,  0.0242984  ])
115677  , -1632.46    , array([ 1.43097    ,  0.0678834  ,  7.89789e-16,  4.92386e-16,  0.0242984  ])
115678  , -1632.47    , array([ 1.43097    ,  0.0678156  ,  7.9058e-16 ,  4.92386e-16,  0.0242984  ])
115679  , -1632.47    , array([ 1.43097    ,  0.0678156  ,  7.89789e-16,  4.92878e-16,  0.0242984  ])
115680  , -1632.49    , array([ 1.43097    ,  0.0678156  ,  7.89789e-16,  4.92386e-16,  0.0243227  ])
115681  , -1632.47    , array([ 1.43097    ,  0.0678156  ,  7.89789e-16,  4.92386e-16,  0.0242984  ])
115682  , -1632.47    , array([ 1.43097    ,  0.0678156  ,  7.89789e-16,  4.92386e-16,  0.0242984  ])
115683  , -1632.47    , array([ 1.4324     ,  0.0678156  ,  7.89789e-16,  4.92386e-16,  0.0242984  ])
115684  , -1632.46    , array([ 1.43097    ,  0.0678834  ,  7.89789e-16,  4.92386e-16,  0.0242984  ])
115685  , -1632.47    , array([ 1.43097    ,  0.0678156  ,  7.9058e-16 ,  4.92386e-16,  0.0242984  ])
115686  , -1632.47    , array([ 1.43097    ,  0.0678156  ,  7.89789e-16,  4.92878e-16,  0.0242984  ])
115687  , -1632.49    , array([ 1.43097    ,  0.0678156  ,  7.89789e-16,  4.92386e-16,  0.0243227  ])
115688  , -1632.47    , array([ 1.43097    ,  0.0678156  ,  7.89789e-16,  4.92386e-16,  0.0242984  ])
115689  , -1632.47    , array([ 1.43097    ,  0.0678156  ,  7.89789e-16,  4.92386e-16,  0.0242984  ])
115690  , -1632.47    , array([ 1.4324     ,  0.0678156  ,  7.89789e-16,  4.92386e-16,  0.0242984  ])
115691  , -1632.46    , array([ 1.43097    ,  0.0678834  ,  7.89789e-16,  4.92386e-16,  0.0242984  ])
115692  , -1632.47    , array([ 1.43097    ,  0.0678156  ,  7.9058e-16 ,  4.92386e-16,  0.0242984  ])
115693  , -1632.47    , array([ 1.43097    ,  0.0678156  ,  7.89789e-16,  4.92878e-16,  0.0242984  ])
115694  , -1632.49    , array([ 1.43097    ,  0.0678156  ,  7.89789e-16,  4.92386e-16,  0.0243227  ])
115695  , -1632.47    , array([ 1.43097    ,  0.0678156  ,  7.89789e-16,  4.92386e-16,  0.0242984  ])
115696  , -1632.47    , array([ 1.43097    ,  0.0678156  ,  7.89789e-16,  4.92386e-16,  0.0242984  ])
115697  , -1632.47    , array([ 1.4324     ,  0.0678156  ,  7.89789e-16,  4.92386e-16,  0.0242984  ])
115698  , -1632.46    , array([ 1.43097    ,  0.0678834  ,  7.89789e-16,  4.92386e-16,  0.0242984  ])
115699  , -1632.47    , array([ 1.43097    ,  0.0678156  ,  7.9058e-16 ,  4.92386e-16,  0.0242984  ])
115700  , -1632.47    , array([ 1.43097    ,  0.0678156  ,  7.89789e-16,  4.92878e-16,  0.0242984  ])
115701  , -1632.49    , array([ 1.43097    ,  0.0678156  ,  7.89789e-16,  4.92386e-16,  0.0243227  ])
115702  , -1632.47    , array([ 1.43097    ,  0.0678156  ,  7.89789e-16,  4.92386e-16,  0.0242984  ])
115703  , -1632.47    , array([ 1.43097    ,  0.0678156  ,  7.89789e-16,  4.92386e-16,  0.0242984  ])
115704  , -1632.47    , array([ 1.4324     ,  0.0678156  ,  7.89789e-16,  4.92386e-16,  0.0242984  ])
115705  , -1632.46    , array([ 1.43097    ,  0.0678834  ,  7.89789e-16,  4.92386e-16,  0.0242984  ])
115706  , -1632.47    , array([ 1.43097    ,  0.0678156  ,  7.9058e-16 ,  4.92386e-16,  0.0242984  ])
115707  , -1632.47    , array([ 1.43097    ,  0.0678156  ,  7.89789e-16,  4.92878e-16,  0.0242984  ])
115708  , -1632.49    , array([ 1.43097    ,  0.0678156  ,  7.89789e-16,  4.92386e-16,  0.0243227  ])
115709  , -1632.47    , array([ 1.43097    ,  0.0678156  ,  7.89789e-16,  4.92386e-16,  0.0242984  ])
115710  , -1632.47    , array([ 1.43097    ,  0.0678156  ,  7.89789e-16,  4.92386e-16,  0.0242984  ])
115711  , -1632.47    , array([ 1.4324     ,  0.0678156  ,  7.89789e-16,  4.92386e-16,  0.0242984  ])
115712  , -1632.46    , array([ 1.43097    ,  0.0678834  ,  7.89789e-16,  4.92386e-16,  0.0242984  ])
115713  , -1632.47    , array([ 1.43097    ,  0.0678156  ,  7.9058e-16 ,  4.92386e-16,  0.0242984  ])
115714  , -1632.47    , array([ 1.43097    ,  0.0678156  ,  7.89789e-16,  4.92878e-16,  0.0242984  ])
115715  , -1632.49    , array([ 1.43097    ,  0.0678156  ,  7.89789e-16,  4.92386e-16,  0.0243227  ])
115716  , -1632.47    , array([ 1.43097    ,  0.0678156  ,  7.89789e-16,  4.92386e-16,  0.0242984  ])
115717  , -1632.47    , array([ 1.43097    ,  0.0678156  ,  7.89789e-16,  4.92386e-16,  0.0242984  ])
115718  , -1632.47    , array([ 1.4324     ,  0.0678156  ,  7.89789e-16,  4.92386e-16,  0.0242984  ])
115719  , -1632.46    , array([ 1.43097    ,  0.0678834  ,  7.89789e-16,  4.92386e-16,  0.0242984  ])
115720  , -1632.47    , array([ 1.43097    ,  0.0678156  ,  7.9058e-16 ,  4.92386e-16,  0.0242984  ])
115721  , -1632.47    , array([ 1.43097    ,  0.0678156  ,  7.89789e-16,  4.92878e-16,  0.0242984  ])
115722  , -1632.49    , array([ 1.43097    ,  0.0678156  ,  7.89789e-16,  4.92386e-16,  0.0243227  ])
115723  , -1632.47    , array([ 1.43097    ,  0.0678156  ,  7.89789e-16,  4.92386e-16,  0.0242984  ])
115724  , -1632.47    , array([ 1.43097    ,  0.0678156  ,  7.89789e-16,  4.92386e-16,  0.0242984  ])
115725  , -1632.47    , array([ 1.4324     ,  0.0678156  ,  7.89789e-16,  4.92386e-16,  0.0242984  ])
115726  , -1632.46    , array([ 1.43097    ,  0.0678834  ,  7.89789e-16,  4.92386e-16,  0.0242984  ])
115727  , -1632.47    , array([ 1.43097    ,  0.0678156  ,  7.9058e-16 ,  4.92386e-16,  0.0242984  ])
115728  , -1632.47    , array([ 1.43097    ,  0.0678156  ,  7.89789e-16,  4.92878e-16,  0.0242984  ])
115729  , -1632.49    , array([ 1.43097    ,  0.0678156  ,  7.89789e-16,  4.92386e-16,  0.0243227  ])
115730  , -1632.47    , array([ 1.43097    ,  0.0678156  ,  7.89789e-16,  4.92386e-16,  0.0242984  ])
115731  , -1632.47    , array([ 1.43097    ,  0.0678156  ,  7.89789e-16,  4.92386e-16,  0.0242984  ])
115732  , -1632.47    , array([ 1.4324     ,  0.0678156  ,  7.89789e-16,  4.92386e-16,  0.0242984  ])
115733  , -1632.46    , array([ 1.43097    ,  0.0678834  ,  7.89789e-16,  4.92386e-16,  0.0242984  ])
115734  , -1632.47    , array([ 1.43097    ,  0.0678156  ,  7.9058e-16 ,  4.92386e-16,  0.0242984  ])
115735  , -1632.47    , array([ 1.43097    ,  0.0678156  ,  7.89789e-16,  4.92878e-16,  0.0242984  ])
115736  , -1632.49    , array([ 1.43097    ,  0.0678156  ,  7.89789e-16,  4.92386e-16,  0.0243227  ])
115737  , -1632.47    , array([ 1.43097    ,  0.0678156  ,  7.89789e-16,  4.92386e-16,  0.0242984  ])
115738  , -1632.47    , array([ 1.43097    ,  0.0678156  ,  7.89789e-16,  4.92386e-16,  0.0242984  ])
115739  , -1632.47    , array([ 1.4324     ,  0.0678156  ,  7.89789e-16,  4.92386e-16,  0.0242984  ])
115740  , -1632.46    , array([ 1.43097    ,  0.0678834  ,  7.89789e-16,  4.92386e-16,  0.0242984  ])
115741  , -1632.47    , array([ 1.43097    ,  0.0678156  ,  7.9058e-16 ,  4.92386e-16,  0.0242984  ])
115742  , -1632.47    , array([ 1.43097    ,  0.0678156  ,  7.89789e-16,  4.92878e-16,  0.0242984  ])
115743  , -1632.49    , array([ 1.43097    ,  0.0678156  ,  7.89789e-16,  4.92386e-16,  0.0243227  ])
115744  , -1632.47    , array([ 1.43097    ,  0.0678156  ,  7.89789e-16,  4.92386e-16,  0.0242984  ])
115745  , -1632.47    , array([ 1.43097    ,  0.0678156  ,  7.89789e-16,  4.92386e-16,  0.0242984  ])
115746  , -1632.47    , array([ 1.4324     ,  0.0678156  ,  7.89789e-16,  4.92386e-16,  0.0242984  ])
115747  , -1632.46    , array([ 1.43097    ,  0.0678834  ,  7.89789e-16,  4.92386e-16,  0.0242984  ])
115748  , -1632.47    , array([ 1.43097    ,  0.0678156  ,  7.9058e-16 ,  4.92386e-16,  0.0242984  ])
115749  , -1632.47    , array([ 1.43097    ,  0.0678156  ,  7.89789e-16,  4.92878e-16,  0.0242984  ])
115750  , -1632.49    , array([ 1.43097    ,  0.0678156  ,  7.89789e-16,  4.92386e-16,  0.0243227  ])
115751  , -1632.47    , array([ 1.43097    ,  0.0678156  ,  7.89789e-16,  4.92386e-16,  0.0242984  ])
115752  , -1632.47    , array([ 1.43097    ,  0.0678156  ,  7.89789e-16,  4.92386e-16,  0.0242984  ])
115753  , -1632.47    , array([ 1.4324     ,  0.0678156  ,  7.89789e-16,  4.92386e-16,  0.0242984  ])
115754  , -1632.46    , array([ 1.43097    ,  0.0678834  ,  7.89789e-16,  4.92386e-16,  0.0242984  ])
115755  , -1632.47    , array([ 1.43097    ,  0.0678156  ,  7.9058e-16 ,  4.92386e-16,  0.0242984  ])
115756  , -1632.47    , array([ 1.43097    ,  0.0678156  ,  7.89789e-16,  4.92878e-16,  0.0242984  ])
115757  , -1632.49    , array([ 1.43097    ,  0.0678156  ,  7.89789e-16,  4.92386e-16,  0.0243227  ])
115758  , -1632.47    , array([ 1.43097    ,  0.0678156  ,  7.89789e-16,  4.92386e-16,  0.0242984  ])
115759  , -1632.47    , array([ 1.43097    ,  0.0678156  ,  7.89789e-16,  4.92386e-16,  0.0242984  ])
115760  , -1632.47    , array([ 1.4324     ,  0.0678156  ,  7.89789e-16,  4.92386e-16,  0.0242984  ])
115761  , -1632.46    , array([ 1.43097    ,  0.0678834  ,  7.89789e-16,  4.92386e-16,  0.0242984  ])
115762  , -1632.47    , array([ 1.43097    ,  0.0678156  ,  7.9058e-16 ,  4.92386e-16,  0.0242984  ])
115763  , -1632.47    , array([ 1.43097    ,  0.0678156  ,  7.89789e-16,  4.92878e-16,  0.0242984  ])
115764  , -1632.49    , array([ 1.43097    ,  0.0678156  ,  7.89789e-16,  4.92386e-16,  0.0243227  ])
115765  , -1632.47    , array([ 1.43097    ,  0.0678156  ,  7.89789e-16,  4.92386e-16,  0.0242984  ])
115766  , -1632.47    , array([ 1.43097    ,  0.0678156  ,  7.89789e-16,  4.92386e-16,  0.0242984  ])
115767  , -1632.47    , array([ 1.4324     ,  0.0678156  ,  7.89789e-16,  4.92386e-16,  0.0242984  ])
115768  , -1632.46    , array([ 1.43097    ,  0.0678834  ,  7.89789e-16,  4.92386e-16,  0.0242984  ])
115769  , -1632.47    , array([ 1.43097    ,  0.0678156  ,  7.9058e-16 ,  4.92386e-16,  0.0242984  ])
115770  , -1632.47    , array([ 1.43097    ,  0.0678156  ,  7.89789e-16,  4.92878e-16,  0.0242984  ])
115771  , -1632.49    , array([ 1.43097    ,  0.0678156  ,  7.89789e-16,  4.92386e-16,  0.0243227  ])
115772  , -1632.47    , array([ 1.43097    ,  0.0678156  ,  7.89789e-16,  4.92386e-16,  0.0242984  ])
115773  , -1632.47    , array([ 1.43097    ,  0.0678156  ,  7.89789e-16,  4.92386e-16,  0.0242984  ])
115774  , -1632.47    , array([ 1.4324     ,  0.0678156  ,  7.89789e-16,  4.92386e-16,  0.0242984  ])
115775  , -1632.46    , array([ 1.43097    ,  0.0678834  ,  7.89789e-16,  4.92386e-16,  0.0242984  ])
115776  , -1632.47    , array([ 1.43097    ,  0.0678156  ,  7.9058e-16 ,  4.92386e-16,  0.0242984  ])
115777  , -1632.47    , array([ 1.43097    ,  0.0678156  ,  7.89789e-16,  4.92878e-16,  0.0242984  ])
115778  , -1632.49    , array([ 1.43097    ,  0.0678156  ,  7.89789e-16,  4.92386e-16,  0.0243227  ])
115779  , -1632.47    , array([ 1.43097    ,  0.0678156  ,  7.89789e-16,  4.92386e-16,  0.0242984  ])
115780  , -1632.47    , array([ 1.43097    ,  0.0678156  ,  7.89789e-16,  4.92386e-16,  0.0242984  ])
115781  , -1632.47    , array([ 1.4324     ,  0.0678156  ,  7.89789e-16,  4.92386e-16,  0.0242984  ])
115782  , -1632.46    , array([ 1.43097    ,  0.0678834  ,  7.89789e-16,  4.92386e-16,  0.0242984  ])
115783  , -1632.47    , array([ 1.43097    ,  0.0678156  ,  7.9058e-16 ,  4.92386e-16,  0.0242984  ])
115784  , -1632.47    , array([ 1.43097    ,  0.0678156  ,  7.89789e-16,  4.92878e-16,  0.0242984  ])
115785  , -1632.49    , array([ 1.43097    ,  0.0678156  ,  7.89789e-16,  4.92386e-16,  0.0243227  ])
115786  , -1632.47    , array([ 1.43097    ,  0.0678156  ,  7.89789e-16,  4.92386e-16,  0.0242984  ])
115787  , -1632.47    , array([ 1.43097    ,  0.0678156  ,  7.89789e-16,  4.92386e-16,  0.0242984  ])
115788  , -1632.47    , array([ 1.4324     ,  0.0678156  ,  7.89789e-16,  4.92386e-16,  0.0242984  ])
115789  , -1632.46    , array([ 1.43097    ,  0.0678834  ,  7.89789e-16,  4.92386e-16,  0.0242984  ])
115790  , -1632.47    , array([ 1.43097    ,  0.0678156  ,  7.9058e-16 ,  4.92386e-16,  0.0242984  ])
115791  , -1632.47    , array([ 1.43097    ,  0.0678156  ,  7.89789e-16,  4.92878e-16,  0.0242984  ])
115792  , -1632.49    , array([ 1.43097    ,  0.0678156  ,  7.89789e-16,  4.92386e-16,  0.0243227  ])
115793  , -1632.47    , array([ 1.43097    ,  0.0678156  ,  7.89789e-16,  4.92386e-16,  0.0242984  ])
115794  , -1632.47    , array([ 1.43097    ,  0.0678156  ,  7.89789e-16,  4.92386e-16,  0.0242984  ])
115795  , -1632.47    , array([ 1.4324     ,  0.0678156  ,  7.89789e-16,  4.92386e-16,  0.0242984  ])
115796  , -1632.46    , array([ 1.43097    ,  0.0678834  ,  7.89789e-16,  4.92386e-16,  0.0242984  ])
115797  , -1632.47    , array([ 1.43097    ,  0.0678156  ,  7.9058e-16 ,  4.92386e-16,  0.0242984  ])
115798  , -1632.47    , array([ 1.43097    ,  0.0678156  ,  7.89789e-16,  4.92878e-16,  0.0242984  ])
115799  , -1632.49    , array([ 1.43097    ,  0.0678156  ,  7.89789e-16,  4.92386e-16,  0.0243227  ])
115800  , -1632.47    , array([ 1.43097    ,  0.0678156  ,  7.89789e-16,  4.92386e-16,  0.0242984  ])
115801  , -1632.47    , array([ 1.43097    ,  0.0678156  ,  7.89789e-16,  4.92386e-16,  0.0242984  ])
115802  , -1632.47    , array([ 1.4324     ,  0.0678156  ,  7.89789e-16,  4.92386e-16,  0.0242984  ])
115803  , -1632.46    , array([ 1.43097    ,  0.0678834  ,  7.89789e-16,  4.92386e-16,  0.0242984  ])
115804  , -1632.47    , array([ 1.43097    ,  0.0678156  ,  7.9058e-16 ,  4.92386e-16,  0.0242984  ])
115805  , -1632.47    , array([ 1.43097    ,  0.0678156  ,  7.89789e-16,  4.92878e-16,  0.0242984  ])
115806  , -1632.49    , array([ 1.43097    ,  0.0678156  ,  7.89789e-16,  4.92386e-16,  0.0243227  ])
115807  , -1632.47    , array([ 1.43097    ,  0.0678156  ,  7.89789e-16,  4.92386e-16,  0.0242984  ])
115808  , -1632.47    , array([ 1.43097    ,  0.0678156  ,  7.89789e-16,  4.92386e-16,  0.0242984  ])
115809  , -1632.47    , array([ 1.4324     ,  0.0678156  ,  7.89789e-16,  4.92386e-16,  0.0242984  ])
115810  , -1632.46    , array([ 1.43097    ,  0.0678834  ,  7.89789e-16,  4.92386e-16,  0.0242984  ])
115811  , -1632.47    , array([ 1.43097    ,  0.0678156  ,  7.9058e-16 ,  4.92386e-16,  0.0242984  ])
115812  , -1632.47    , array([ 1.43097    ,  0.0678156  ,  7.89789e-16,  4.92878e-16,  0.0242984  ])
115813  , -1632.49    , array([ 1.43097    ,  0.0678156  ,  7.89789e-16,  4.92386e-16,  0.0243227  ])
115814  , -1632.47    , array([ 1.43097    ,  0.0678156  ,  7.89789e-16,  4.92386e-16,  0.0242984  ])
115815  , -1632.47    , array([ 1.43097    ,  0.0678156  ,  7.89789e-16,  4.92386e-16,  0.0242984  ])
115816  , -1632.47    , array([ 1.4324     ,  0.0678156  ,  7.89789e-16,  4.92386e-16,  0.0242984  ])
115817  , -1632.46    , array([ 1.43097    ,  0.0678834  ,  7.89789e-16,  4.92386e-16,  0.0242984  ])
115818  , -1632.47    , array([ 1.43097    ,  0.0678156  ,  7.9058e-16 ,  4.92386e-16,  0.0242984  ])
115819  , -1632.47    , array([ 1.43097    ,  0.0678156  ,  7.89789e-16,  4.92878e-16,  0.0242984  ])
115820  , -1632.49    , array([ 1.43097    ,  0.0678156  ,  7.89789e-16,  4.92386e-16,  0.0243227  ])
115821  , -1632.47    , array([ 1.43097    ,  0.0678156  ,  7.89789e-16,  4.92386e-16,  0.0242984  ])
115822  , -1632.47    , array([ 1.43097    ,  0.0678156  ,  7.89789e-16,  4.92386e-16,  0.0242984  ])
115823  , -1632.47    , array([ 1.4324     ,  0.0678156  ,  7.89789e-16,  4.92386e-16,  0.0242984  ])
115824  , -1632.46    , array([ 1.43097    ,  0.0678834  ,  7.89789e-16,  4.92386e-16,  0.0242984  ])
115825  , -1632.47    , array([ 1.43097    ,  0.0678156  ,  7.9058e-16 ,  4.92386e-16,  0.0242984  ])
115826  , -1632.47    , array([ 1.43097    ,  0.0678156  ,  7.89789e-16,  4.92878e-16,  0.0242984  ])
115827  , -1632.49    , array([ 1.43097    ,  0.0678156  ,  7.89789e-16,  4.92386e-16,  0.0243227  ])
115828  , -1632.47    , array([ 1.43097    ,  0.0678156  ,  7.89789e-16,  4.92386e-16,  0.0242984  ])
115829  , -1632.47    , array([ 1.43097    ,  0.0678156  ,  7.89789e-16,  4.92386e-16,  0.0242984  ])
115830  , -1632.47    , array([ 1.4324     ,  0.0678156  ,  7.89789e-16,  4.92386e-16,  0.0242984  ])
115831  , -1632.46    , array([ 1.43097    ,  0.0678834  ,  7.89789e-16,  4.92386e-16,  0.0242984  ])
115832  , -1632.47    , array([ 1.43097    ,  0.0678156  ,  7.9058e-16 ,  4.92386e-16,  0.0242984  ])
115833  , -1632.47    , array([ 1.43097    ,  0.0678156  ,  7.89789e-16,  4.92878e-16,  0.0242984  ])
115834  , -1632.49    , array([ 1.43097    ,  0.0678156  ,  7.89789e-16,  4.92386e-16,  0.0243227  ])
115835  , -1632.47    , array([ 1.43097    ,  0.0678156  ,  7.89789e-16,  4.92386e-16,  0.0242984  ])
115836  , -1632.47    , array([ 1.43097    ,  0.0678156  ,  7.89789e-16,  4.92386e-16,  0.0242984  ])
115837  , -1632.47    , array([ 1.4324     ,  0.0678156  ,  7.89789e-16,  4.92386e-16,  0.0242984  ])
115838  , -1632.46    , array([ 1.43097    ,  0.0678834  ,  7.89789e-16,  4.92386e-16,  0.0242984  ])
115839  , -1632.47    , array([ 1.43097    ,  0.0678156  ,  7.9058e-16 ,  4.92386e-16,  0.0242984  ])
115840  , -1632.47    , array([ 1.43097    ,  0.0678156  ,  7.89789e-16,  4.92878e-16,  0.0242984  ])
115841  , -1632.49    , array([ 1.43097    ,  0.0678156  ,  7.89789e-16,  4.92386e-16,  0.0243227  ])
115842  , -1632.47    , array([ 1.43097    ,  0.0678156  ,  7.89789e-16,  4.92386e-16,  0.0242984  ])
115843  , -1632.47    , array([ 1.43097    ,  0.0678156  ,  7.89789e-16,  4.92386e-16,  0.0242984  ])
115844  , -1632.47    , array([ 1.4324     ,  0.0678156  ,  7.89789e-16,  4.92386e-16,  0.0242984  ])
115845  , -1632.46    , array([ 1.43097    ,  0.0678834  ,  7.89789e-16,  4.92386e-16,  0.0242984  ])
115846  , -1632.47    , array([ 1.43097    ,  0.0678156  ,  7.9058e-16 ,  4.92386e-16,  0.0242984  ])
115847  , -1632.47    , array([ 1.43097    ,  0.0678156  ,  7.89789e-16,  4.92878e-16,  0.0242984  ])
115848  , -1632.49    , array([ 1.43097    ,  0.0678156  ,  7.89789e-16,  4.92386e-16,  0.0243227  ])
115849  , -1632.49    , array([ 1.43328    ,  0.0677492  ,  7.11219e-16,  4.92386e-16,  0.0242697  ])
115850  , -1632.48    , array([ 1.43141    ,  0.0678028  ,  7.74016e-16,  4.92386e-16,  0.0242929  ])
115851  , -1632.47    , array([ 1.43106    ,  0.067813   ,  7.86524e-16,  4.92386e-16,  0.0242973  ])
115852  , -1632.47    , array([ 1.43099    ,  0.067815   ,  7.89109e-16,  4.92386e-16,  0.0242982  ])
115853  , -1632.47    , array([ 1.43097    ,  0.0678155  ,  7.89648e-16,  4.92386e-16,  0.0242984  ])
115854  , -1632.47    , array([ 1.43097    ,  0.0678156  ,  7.8976e-16 ,  4.92386e-16,  0.0242984  ])
115855  , -1632.47    , array([ 1.43097    ,  0.0678156  ,  7.89783e-16,  4.92386e-16,  0.0242984  ])
115856  , -1632.47    , array([ 1.43097    ,  0.0678156  ,  7.89788e-16,  4.92386e-16,  0.0242984  ])
115857  , -1632.47    , array([ 1.43097    ,  0.0678156  ,  7.89789e-16,  4.92386e-16,  0.0242984  ])
115858  , -1632.47    , array([ 1.43097    ,  0.0678156  ,  7.89789e-16,  4.92386e-16,  0.0242984  ])
115859  , -1632.47    , array([ 1.43097    ,  0.0678156  ,  7.89789e-16,  4.92386e-16,  0.0242984  ])
115860  , -1632.47    , array([ 1.43097    ,  0.0678156  ,  7.89789e-16,  4.92386e-16,  0.0242984  ])
