254436  , -79087.2    , array([ 0.698023   ,  0.27602    ,  3.32877e-77,  7.49563e-78,  4.15213e-07])
254437  , -79087.2    , array([ 0.698722   ,  0.27602    ,  3.32877e-77,  7.49563e-78,  4.15213e-07])
254438  , -79087.2    , array([ 0.698023   ,  0.276297   ,  3.32877e-77,  7.49563e-78,  4.15213e-07])
254439  , -79087.2    , array([ 0.698023   ,  0.27602    ,  3.3321e-77 ,  7.49563e-78,  4.15213e-07])
254440  , -79087.2    , array([ 0.698023   ,  0.27602    ,  3.32877e-77,  7.50313e-78,  4.15213e-07])
254441  , -79087.2    , array([ 0.698023   ,  0.27602    ,  3.32877e-77,  7.49563e-78,  4.15628e-07])
254442  , -79087.2    , array([ 0.698023   ,  0.27602    ,  3.32877e-77,  7.49563e-78,  4.15213e-07])
254443  , -79081      , array([ 0.591641   ,  0.149195   ,  3.32877e-77,  7.49563e-78,  9.0918e-07 ])
254444  , -79081      , array([ 0.591641   ,  0.149195   ,  3.32877e-77,  7.49563e-78,  9.0918e-07 ])
254445  , -79081      , array([ 0.592233   ,  0.149195   ,  3.32877e-77,  7.49563e-78,  9.0918e-07 ])
254446  , -79081      , array([ 0.591641   ,  0.149345   ,  3.32877e-77,  7.49563e-78,  9.0918e-07 ])
254447  , -79081      , array([ 0.591641   ,  0.149195   ,  3.3321e-77 ,  7.49563e-78,  9.0918e-07 ])
254448  , -79081      , array([ 0.591641   ,  0.149195   ,  3.32877e-77,  7.50313e-78,  9.0918e-07 ])
254449  , -79081      , array([ 0.591641   ,  0.149195   ,  3.32877e-77,  7.49563e-78,  9.1009e-07 ])
254450  , -77139.6    , array([ 0.30536    ,  0.0127354  ,  3.32877e-77,  7.49563e-78,  2.09009e-05])
254451  , -77139.6    , array([ 0.30536    ,  0.0127354  ,  3.32877e-77,  7.49563e-78,  2.09009e-05])
254452  , -77139.6    , array([ 0.305665   ,  0.0127354  ,  3.32877e-77,  7.49563e-78,  2.09009e-05])
254453  , -77141.4    , array([ 0.30536    ,  0.0127482  ,  3.32877e-77,  7.49563e-78,  2.09009e-05])
254454  , -77139.6    , array([ 0.30536    ,  0.0127354  ,  3.3321e-77 ,  7.49563e-78,  2.09009e-05])
254455  , -77139.6    , array([ 0.30536    ,  0.0127354  ,  3.32877e-77,  7.50313e-78,  2.09009e-05])
254456  , -77137.6    , array([ 0.30536    ,  0.0127354  ,  3.32877e-77,  7.49563e-78,  2.09218e-05])
254464  , -77136.5    , array([ 0.305302   ,  0.0127265  ,  3.32877e-77,  7.49563e-78,  2.09195e-05])
254465  , -77136.5    , array([ 0.305302   ,  0.0127265  ,  3.32877e-77,  7.49563e-78,  2.09195e-05])
254466  , -77136.6    , array([ 0.305608   ,  0.0127265  ,  3.32877e-77,  7.49563e-78,  2.09195e-05])
254467  , -77138.4    , array([ 0.305302   ,  0.0127393  ,  3.32877e-77,  7.49563e-78,  2.09195e-05])
254468  , -77136.5    , array([ 0.305302   ,  0.0127265  ,  3.3321e-77 ,  7.49563e-78,  2.09195e-05])
254469  , -77136.5    , array([ 0.305302   ,  0.0127265  ,  3.32877e-77,  7.50313e-78,  2.09195e-05])
254470  , -77134.6    , array([ 0.305302   ,  0.0127265  ,  3.32877e-77,  7.49563e-78,  2.09404e-05])
254471  , -77133.5    , array([ 0.305245   ,  0.0127177  ,  3.32877e-77,  7.49563e-78,  2.09382e-05])
254472  , -77133.5    , array([ 0.305245   ,  0.0127177  ,  3.32877e-77,  7.49563e-78,  2.09382e-05])
254473  , -77133.6    , array([ 0.30555    ,  0.0127177  ,  3.32877e-77,  7.49563e-78,  2.09382e-05])
254474  , -77135.4    , array([ 0.305245   ,  0.0127304  ,  3.32877e-77,  7.49563e-78,  2.09382e-05])
254475  , -77133.5    , array([ 0.305245   ,  0.0127177  ,  3.3321e-77 ,  7.49563e-78,  2.09382e-05])
254476  , -77133.5    , array([ 0.305245   ,  0.0127177  ,  3.32877e-77,  7.50313e-78,  2.09382e-05])
254477  , -77131.6    , array([ 0.305245   ,  0.0127177  ,  3.32877e-77,  7.49563e-78,  2.09591e-05])
254485  , -77132.8    , array([ 0.305231   ,  0.0127154  ,  3.32877e-77,  7.49563e-78,  2.09428e-05])
254486  , -77132.8    , array([ 0.305231   ,  0.0127154  ,  3.32877e-77,  7.49563e-78,  2.09428e-05])
254487  , -77132.8    , array([ 0.305536   ,  0.0127154  ,  3.32877e-77,  7.49563e-78,  2.09428e-05])
254488  , -77134.6    , array([ 0.305231   ,  0.0127281  ,  3.32877e-77,  7.49563e-78,  2.09428e-05])
254489  , -77132.8    , array([ 0.305231   ,  0.0127154  ,  3.3321e-77 ,  7.49563e-78,  2.09428e-05])
254490  , -77132.8    , array([ 0.305231   ,  0.0127154  ,  3.32877e-77,  7.50313e-78,  2.09428e-05])
254491  , -77130.8    , array([ 0.305231   ,  0.0127154  ,  3.32877e-77,  7.49563e-78,  2.09638e-05])
254492  , -77132      , array([ 0.305216   ,  0.0127132  ,  3.32877e-77,  7.49563e-78,  2.09475e-05])
254493  , -77132      , array([ 0.305216   ,  0.0127132  ,  3.32877e-77,  7.49563e-78,  2.09475e-05])
254494  , -77132.1    , array([ 0.305522   ,  0.0127132  ,  3.32877e-77,  7.49563e-78,  2.09475e-05])
254495  , -77133.9    , array([ 0.305216   ,  0.0127259  ,  3.32877e-77,  7.49563e-78,  2.09475e-05])
254496  , -77132      , array([ 0.305216   ,  0.0127132  ,  3.3321e-77 ,  7.49563e-78,  2.09475e-05])
254497  , -77132      , array([ 0.305216   ,  0.0127132  ,  3.32877e-77,  7.50313e-78,  2.09475e-05])
254498  , -77130.1    , array([ 0.305216   ,  0.0127132  ,  3.32877e-77,  7.49563e-78,  2.09685e-05])
254499  , -3696.45    , array([ 0.157551   ,  0.00108578 ,  3.32877e-77,  7.49563e-78,  0.000481235])
254500  , -3696.45    , array([ 0.157551   ,  0.00108578 ,  3.32877e-77,  7.49563e-78,  0.000481235])
254501  , -3696.49    , array([ 0.157709   ,  0.00108578 ,  3.32877e-77,  7.49563e-78,  0.000481235])
254502  , -3687.88    , array([ 0.157551   ,  0.00108686 ,  3.32877e-77,  7.49563e-78,  0.000481235])
254503  , -3696.45    , array([ 0.157551   ,  0.00108578 ,  3.3321e-77 ,  7.49563e-78,  0.000481235])
254504  , -3696.45    , array([ 0.157551   ,  0.00108578 ,  3.32877e-77,  7.50313e-78,  0.000481235])
254505  , -3704.95    , array([ 0.157551   ,  0.00108578 ,  3.32877e-77,  7.49563e-78,  0.000481717])
254506  , -73844.1    , array([ 0.270462   ,  0.00810806 ,  3.32877e-77,  7.49563e-78,  3.71519e-05])
254507  , -73844.1    , array([ 0.270462   ,  0.00810806 ,  3.32877e-77,  7.49563e-78,  3.71519e-05])
254508  , -73844.2    , array([ 0.270733   ,  0.00810806 ,  3.32877e-77,  7.49563e-78,  3.71519e-05])
254509  , -73849      , array([ 0.270462   ,  0.00811617 ,  3.32877e-77,  7.49563e-78,  3.71519e-05])
254510  , -73844.1    , array([ 0.270462   ,  0.00810806 ,  3.3321e-77 ,  7.49563e-78,  3.71519e-05])
254511  , -73844.1    , array([ 0.270462   ,  0.00810806 ,  3.32877e-77,  7.50313e-78,  3.71519e-05])
254512  , -73839.1    , array([ 0.270462   ,  0.00810806 ,  3.32877e-77,  7.49563e-78,  3.71891e-05])
254513  , -2805.29    , array([ 0.164411   ,  0.00127233 ,  3.32877e-77,  7.49563e-78,  0.000393218])
254514  , -2805.29    , array([ 0.164411   ,  0.00127233 ,  3.32877e-77,  7.49563e-78,  0.000393218])
254515  , -2805.34    , array([ 0.164575   ,  0.00127233 ,  3.32877e-77,  7.49563e-78,  0.000393218])
254516  , -2808.6     , array([ 0.164411   ,  0.00127361 ,  3.32877e-77,  7.49563e-78,  0.000393218])
254517  , -2805.29    , array([ 0.164411   ,  0.00127233 ,  3.3321e-77 ,  7.49563e-78,  0.000393218])
254518  , -2805.29    , array([ 0.164411   ,  0.00127233 ,  3.32877e-77,  7.50313e-78,  0.000393218])
254519  , -2801.93    , array([ 0.164411   ,  0.00127233 ,  3.32877e-77,  7.49563e-78,  0.000393611])
254520  , -2626.3     , array([ 0.162362   ,  0.00121434 ,  3.32877e-77,  7.49563e-78,  0.000417297])
254521  , -2626.3     , array([ 0.162362   ,  0.00121434 ,  3.32877e-77,  7.49563e-78,  0.000417297])
254522  , -2626.34    , array([ 0.162524   ,  0.00121434 ,  3.32877e-77,  7.49563e-78,  0.000417297])
254523  , -2626.27    , array([ 0.162362   ,  0.00121555 ,  3.32877e-77,  7.49563e-78,  0.000417297])
254524  , -2626.3     , array([ 0.162362   ,  0.00121434 ,  3.3321e-77 ,  7.49563e-78,  0.000417297])
254525  , -2626.3     , array([ 0.162362   ,  0.00121434 ,  3.32877e-77,  7.50313e-78,  0.000417297])
254526  , -2626.28    , array([ 0.162362   ,  0.00121434 ,  3.32877e-77,  7.49563e-78,  0.000417715])
254527  , -2626.3     , array([ 0.162361   ,  0.0012143  ,  3.32877e-77,  7.49563e-78,  0.000417313])
254528  , -2626.3     , array([ 0.162361   ,  0.0012143  ,  3.32877e-77,  7.49563e-78,  0.000417313])
254529  , -2626.34    , array([ 0.162523   ,  0.0012143  ,  3.32877e-77,  7.49563e-78,  0.000417313])
254530  , -2626.27    , array([ 0.162361   ,  0.00121552 ,  3.32877e-77,  7.49563e-78,  0.000417313])
254531  , -2626.3     , array([ 0.162361   ,  0.0012143  ,  3.3321e-77 ,  7.49563e-78,  0.000417313])
254532  , -2626.3     , array([ 0.162361   ,  0.0012143  ,  3.32877e-77,  7.50313e-78,  0.000417313])
254533  , -2626.28    , array([ 0.162361   ,  0.0012143  ,  3.32877e-77,  7.49563e-78,  0.000417731])
254541  , -2627.52    , array([ 0.16215    ,  0.00120976 ,  3.32877e-77,  7.49563e-78,  0.000419453])
254542  , -2627.52    , array([ 0.16215    ,  0.00120976 ,  3.32877e-77,  7.49563e-78,  0.000419453])
254543  , -2627.57    , array([ 0.162312   ,  0.00120976 ,  3.32877e-77,  7.49563e-78,  0.000419453])
254544  , -2627.2     , array([ 0.16215    ,  0.00121097 ,  3.32877e-77,  7.49563e-78,  0.000419453])
254545  , -2627.52    , array([ 0.16215    ,  0.00120976 ,  3.3321e-77 ,  7.49563e-78,  0.000419453])
254546  , -2627.52    , array([ 0.16215    ,  0.00120976 ,  3.32877e-77,  7.50313e-78,  0.000419453])
254547  , -2627.79    , array([ 0.16215    ,  0.00120976 ,  3.32877e-77,  7.49563e-78,  0.000419873])
254548  , -2626.3     , array([ 0.162359   ,  0.00121427 ,  3.32877e-77,  7.49563e-78,  0.00041733 ])
254549  , -2626.3     , array([ 0.162359   ,  0.00121427 ,  3.32877e-77,  7.49563e-78,  0.00041733 ])
254550  , -2626.34    , array([ 0.162521   ,  0.00121427 ,  3.32877e-77,  7.49563e-78,  0.00041733 ])
254551  , -2626.26    , array([ 0.162359   ,  0.00121548 ,  3.32877e-77,  7.49563e-78,  0.00041733 ])
254552  , -2626.3     , array([ 0.162359   ,  0.00121427 ,  3.3321e-77 ,  7.49563e-78,  0.00041733 ])
254553  , -2626.3     , array([ 0.162359   ,  0.00121427 ,  3.32877e-77,  7.50313e-78,  0.00041733 ])
254554  , -2626.29    , array([ 0.162359   ,  0.00121427 ,  3.32877e-77,  7.49563e-78,  0.000417747])
254555  , -2626.3     , array([ 0.162358   ,  0.00121427 ,  3.32877e-77,  7.49563e-78,  0.000417331])
254556  , -2626.3     , array([ 0.162358   ,  0.00121427 ,  3.32877e-77,  7.49563e-78,  0.000417331])
254557  , -2626.34    , array([ 0.16252    ,  0.00121427 ,  3.32877e-77,  7.49563e-78,  0.000417331])
254558  , -2626.26    , array([ 0.162358   ,  0.00121548 ,  3.32877e-77,  7.49563e-78,  0.000417331])
254559  , -2626.3     , array([ 0.162358   ,  0.00121427 ,  3.3321e-77 ,  7.49563e-78,  0.000417331])
254560  , -2626.3     , array([ 0.162358   ,  0.00121427 ,  3.32877e-77,  7.50313e-78,  0.000417331])
254561  , -2626.29    , array([ 0.162358   ,  0.00121427 ,  3.32877e-77,  7.49563e-78,  0.000417749])
254562  , -2626.3     , array([ 0.162353   ,  0.00121429 ,  3.32877e-77,  7.49563e-78,  0.000417337])
254563  , -2626.3     , array([ 0.162353   ,  0.00121429 ,  3.32877e-77,  7.49563e-78,  0.000417337])
254564  , -2626.34    , array([ 0.162516   ,  0.00121429 ,  3.32877e-77,  7.49563e-78,  0.000417337])
254565  , -2626.26    , array([ 0.162353   ,  0.0012155  ,  3.32877e-77,  7.49563e-78,  0.000417337])
254566  , -2626.3     , array([ 0.162353   ,  0.00121429 ,  3.3321e-77 ,  7.49563e-78,  0.000417337])
254567  , -2626.3     , array([ 0.162353   ,  0.00121429 ,  3.32877e-77,  7.50313e-78,  0.000417337])
254568  , -2626.28    , array([ 0.162353   ,  0.00121429 ,  3.32877e-77,  7.49563e-78,  0.000417755])
254569  , -2626.29    , array([ 0.162335   ,  0.00121435 ,  3.32877e-77,  7.49563e-78,  0.00041736 ])
254570  , -2626.29    , array([ 0.162335   ,  0.00121435 ,  3.32877e-77,  7.49563e-78,  0.00041736 ])
254571  , -2626.33    , array([ 0.162497   ,  0.00121435 ,  3.32877e-77,  7.49563e-78,  0.00041736 ])
254572  , -2626.25    , array([ 0.162335   ,  0.00121557 ,  3.32877e-77,  7.49563e-78,  0.00041736 ])
254573  , -2626.29    , array([ 0.162335   ,  0.00121435 ,  3.3321e-77 ,  7.49563e-78,  0.00041736 ])
254574  , -2626.29    , array([ 0.162335   ,  0.00121435 ,  3.32877e-77,  7.50313e-78,  0.00041736 ])
254575  , -2626.27    , array([ 0.162335   ,  0.00121435 ,  3.32877e-77,  7.49563e-78,  0.000417777])
254576  , -2626.25    , array([ 0.162262   ,  0.00121462 ,  3.32877e-77,  7.49563e-78,  0.000417452])
254577  , -2626.25    , array([ 0.162262   ,  0.00121462 ,  3.32877e-77,  7.49563e-78,  0.000417452])
254578  , -2626.29    , array([ 0.162424   ,  0.00121462 ,  3.32877e-77,  7.49563e-78,  0.000417452])
254579  , -2626.21    , array([ 0.162262   ,  0.00121584 ,  3.32877e-77,  7.49563e-78,  0.000417452])
254580  , -2626.25    , array([ 0.162262   ,  0.00121462 ,  3.3321e-77 ,  7.49563e-78,  0.000417452])
254581  , -2626.25    , array([ 0.162262   ,  0.00121462 ,  3.32877e-77,  7.50313e-78,  0.000417452])
254582  , -2626.24    , array([ 0.162262   ,  0.00121462 ,  3.32877e-77,  7.49563e-78,  0.000417869])
254583  , -2626.1     , array([ 0.16197    ,  0.00121569 ,  3.32877e-77,  7.49563e-78,  0.000417818])
254584  , -2626.1     , array([ 0.16197    ,  0.00121569 ,  3.32877e-77,  7.49563e-78,  0.000417818])
254585  , -2626.14    , array([ 0.162132   ,  0.00121569 ,  3.32877e-77,  7.49563e-78,  0.000417818])
254586  , -2626.06    , array([ 0.16197    ,  0.0012169  ,  3.32877e-77,  7.49563e-78,  0.000417818])
254587  , -2626.1     , array([ 0.16197    ,  0.00121569 ,  3.3321e-77 ,  7.49563e-78,  0.000417818])
254588  , -2626.1     , array([ 0.16197    ,  0.00121569 ,  3.32877e-77,  7.50313e-78,  0.000417818])
254589  , -2626.08    , array([ 0.16197    ,  0.00121569 ,  3.32877e-77,  7.49563e-78,  0.000418236])
254590  , -2625.49    , array([ 0.160806   ,  0.00121997 ,  3.32877e-77,  7.49563e-78,  0.000419289])
254591  , -2625.49    , array([ 0.160806   ,  0.00121997 ,  3.32877e-77,  7.49563e-78,  0.000419289])
254592  , -2625.53    , array([ 0.160967   ,  0.00121997 ,  3.32877e-77,  7.49563e-78,  0.000419289])
254593  , -2625.45    , array([ 0.160806   ,  0.00122119 ,  3.32877e-77,  7.49563e-78,  0.000419289])
254594  , -2625.49    , array([ 0.160806   ,  0.00121997 ,  3.3321e-77 ,  7.49563e-78,  0.000419289])
254595  , -2625.49    , array([ 0.160806   ,  0.00121997 ,  3.32877e-77,  7.50313e-78,  0.000419289])
254596  , -2625.48    , array([ 0.160806   ,  0.00121997 ,  3.32877e-77,  7.49563e-78,  0.000419709])
254597  , -2623.03    , array([ 0.156236   ,  0.00123726 ,  3.32877e-77,  7.49563e-78,  0.000425223])
254598  , -2623.03    , array([ 0.156236   ,  0.00123726 ,  3.32877e-77,  7.49563e-78,  0.000425223])
254599  , -2623.07    , array([ 0.156392   ,  0.00123726 ,  3.32877e-77,  7.49563e-78,  0.000425223])
254600  , -2622.99    , array([ 0.156236   ,  0.00123849 ,  3.32877e-77,  7.49563e-78,  0.000425223])
254601  , -2623.03    , array([ 0.156236   ,  0.00123726 ,  3.3321e-77 ,  7.49563e-78,  0.000425223])
254602  , -2623.03    , array([ 0.156236   ,  0.00123726 ,  3.32877e-77,  7.50313e-78,  0.000425223])
254603  , -2623.01    , array([ 0.156236   ,  0.00123726 ,  3.32877e-77,  7.49563e-78,  0.000425649])
254604  , -2612.66    , array([ 0.139216   ,  0.00130888 ,  3.32877e-77,  7.49563e-78,  0.000449813])
254605  , -2612.66    , array([ 0.139216   ,  0.00130888 ,  3.32877e-77,  7.49563e-78,  0.000449813])
254606  , -2612.7     , array([ 0.139356   ,  0.00130888 ,  3.32877e-77,  7.49563e-78,  0.000449813])
254607  , -2612.61    , array([ 0.139216   ,  0.00131019 ,  3.32877e-77,  7.49563e-78,  0.000449813])
254608  , -2612.66    , array([ 0.139216   ,  0.00130888 ,  3.3321e-77 ,  7.49563e-78,  0.000449813])
254609  , -2612.66    , array([ 0.139216   ,  0.00130888 ,  3.32877e-77,  7.50313e-78,  0.000449813])
254610  , -2612.64    , array([ 0.139216   ,  0.00130888 ,  3.32877e-77,  7.49563e-78,  0.000450263])
254611  , -2567.21    , array([ 0.0877663  ,  0.00163929 ,  3.32877e-77,  7.49563e-78,  0.000563237])
254612  , -2567.21    , array([ 0.0877663  ,  0.00163929 ,  3.32877e-77,  7.49563e-78,  0.000563237])
254613  , -2567.26    , array([ 0.0878541  ,  0.00163929 ,  3.32877e-77,  7.49563e-78,  0.000563237])
254614  , -2567.14    , array([ 0.0877663  ,  0.00164093 ,  3.32877e-77,  7.49563e-78,  0.000563237])
254615  , -2567.21    , array([ 0.0877663  ,  0.00163929 ,  3.3321e-77 ,  7.49563e-78,  0.000563237])
254616  , -2567.21    , array([ 0.0877663  ,  0.00163929 ,  3.32877e-77,  7.50313e-78,  0.000563237])
254617  , -2567.22    , array([ 0.0877663  ,  0.00163929 ,  3.32877e-77,  7.49563e-78,  0.000563801])
254618  , -7672.59    , array([ 0.0138637  ,  0.00403353 ,  3.32877e-77,  7.49563e-78,  0.00138462 ])
254619  , -7672.59    , array([ 0.0138637  ,  0.00403353 ,  3.32877e-77,  7.49563e-78,  0.00138462 ])
254620  , -7663.66    , array([ 0.0138776  ,  0.00403353 ,  3.32877e-77,  7.49563e-78,  0.00138462 ])
254621  , -7673.47    , array([ 0.0138637  ,  0.00403757 ,  3.32877e-77,  7.49563e-78,  0.00138462 ])
254622  , -7672.59    , array([ 0.0138637  ,  0.00403353 ,  3.3321e-77 ,  7.49563e-78,  0.00138462 ])
254623  , -7672.59    , array([ 0.0138637  ,  0.00403353 ,  3.32877e-77,  7.50313e-78,  0.00138462 ])
254624  , -7680.5     , array([ 0.0138637  ,  0.00403353 ,  3.32877e-77,  7.49563e-78,  0.001386   ])
254625  , -2552.24    , array([ 0.0585462  ,  0.0019973  ,  3.32877e-77,  7.49563e-78,  0.000686109])
254626  , -2552.24    , array([ 0.0585462  ,  0.0019973  ,  3.32877e-77,  7.49563e-78,  0.000686109])
254627  , -2552.17    , array([ 0.0586048  ,  0.0019973  ,  3.32877e-77,  7.49563e-78,  0.000686109])
254628  , -2552.11    , array([ 0.0585462  ,  0.0019993  ,  3.32877e-77,  7.49563e-78,  0.000686109])
254629  , -2552.24    , array([ 0.0585462  ,  0.0019973  ,  3.3321e-77 ,  7.49563e-78,  0.000686109])
254630  , -2552.24    , array([ 0.0585462  ,  0.0019973  ,  3.32877e-77,  7.50313e-78,  0.000686109])
254631  , -2552.39    , array([ 0.0585462  ,  0.0019973  ,  3.32877e-77,  7.49563e-78,  0.000686795])
254632  , -2552.37    , array([ 0.0716598  ,  0.00180974 ,  3.32877e-77,  7.49563e-78,  0.000621741])
254633  , -2552.37    , array([ 0.0716598  ,  0.00180974 ,  3.32877e-77,  7.49563e-78,  0.000621741])
254634  , -2552.39    , array([ 0.0717315  ,  0.00180974 ,  3.32877e-77,  7.49563e-78,  0.000621741])
254635  , -2552.28    , array([ 0.0716598  ,  0.00181156 ,  3.32877e-77,  7.49563e-78,  0.000621741])
254636  , -2552.37    , array([ 0.0716598  ,  0.00180974 ,  3.3321e-77 ,  7.49563e-78,  0.000621741])
254637  , -2552.37    , array([ 0.0716598  ,  0.00180974 ,  3.32877e-77,  7.50313e-78,  0.000621741])
254638  , -2552.43    , array([ 0.0716598  ,  0.00180974 ,  3.32877e-77,  7.49563e-78,  0.000622363])
254639  , -8354.47    , array([ 0.228287   ,  0.0909352  ,  3.32877e-77,  7.49563e-78,  0.0313733  ])
254640  , -8354.47    , array([ 0.228287   ,  0.0909352  ,  3.32877e-77,  7.49563e-78,  0.0313733  ])
254641  , -8342.78    , array([ 0.228516   ,  0.0909352  ,  3.32877e-77,  7.49563e-78,  0.0313733  ])
254642  , -8356.16    , array([ 0.228287   ,  0.0910262  ,  3.32877e-77,  7.49563e-78,  0.0313733  ])
254643  , -8354.47    , array([ 0.228287   ,  0.0909352  ,  3.3321e-77 ,  7.49563e-78,  0.0313733  ])
254644  , -8354.47    , array([ 0.228287   ,  0.0909352  ,  3.32877e-77,  7.50313e-78,  0.0313733  ])
254645  , -8362.89    , array([ 0.228287   ,  0.0909352  ,  3.32877e-77,  7.49563e-78,  0.0314047  ])
254646  , -2515.67    , array([ 0.090979   ,  0.00405569 ,  3.32877e-77,  7.49563e-78,  0.00139455 ])
254647  , -2515.67    , array([ 0.090979   ,  0.00405569 ,  3.32877e-77,  7.49563e-78,  0.00139455 ])
254648  , -2515.47    , array([ 0.09107    ,  0.00405569 ,  3.32877e-77,  7.49563e-78,  0.00139455 ])
254649  , -2515.55    , array([ 0.090979   ,  0.00405975 ,  3.32877e-77,  7.49563e-78,  0.00139455 ])
254650  , -2515.67    , array([ 0.090979   ,  0.00405569 ,  3.3321e-77 ,  7.49563e-78,  0.00139455 ])
254651  , -2515.67    , array([ 0.090979   ,  0.00405569 ,  3.32877e-77,  7.50313e-78,  0.00139455 ])
254652  , -2515.87    , array([ 0.090979   ,  0.00405569 ,  3.32877e-77,  7.49563e-78,  0.00139595 ])
254653  , -2213.47    , array([ 0.34299    ,  0.030045   ,  3.32877e-77,  7.49563e-78,  0.0103681  ])
254654  , -2213.47    , array([ 0.34299    ,  0.030045   ,  3.32877e-77,  7.49563e-78,  0.0103681  ])
254655  , -2212.51    , array([ 0.343333   ,  0.030045   ,  3.32877e-77,  7.49563e-78,  0.0103681  ])
254656  , -2213.77    , array([ 0.34299    ,  0.0300751  ,  3.32877e-77,  7.49563e-78,  0.0103681  ])
254657  , -2213.47    , array([ 0.34299    ,  0.030045   ,  3.3321e-77 ,  7.49563e-78,  0.0103681  ])
254658  , -2213.47    , array([ 0.34299    ,  0.030045   ,  3.32877e-77,  7.50313e-78,  0.0103681  ])
254659  , -2213.6     , array([ 0.34299    ,  0.030045   ,  3.32877e-77,  7.49563e-78,  0.0103784  ])
254667  , -2213.46    , array([ 0.342995   ,  0.0300457  ,  3.32877e-77,  7.49563e-78,  0.0103683  ])
254668  , -2213.46    , array([ 0.342995   ,  0.0300457  ,  3.32877e-77,  7.49563e-78,  0.0103683  ])
254669  , -2212.51    , array([ 0.343338   ,  0.0300457  ,  3.32877e-77,  7.49563e-78,  0.0103683  ])
254670  , -2213.76    , array([ 0.342995   ,  0.0300758  ,  3.32877e-77,  7.49563e-78,  0.0103683  ])
254671  , -2213.46    , array([ 0.342995   ,  0.0300457  ,  3.3321e-77 ,  7.49563e-78,  0.0103683  ])
254672  , -2213.46    , array([ 0.342995   ,  0.0300457  ,  3.32877e-77,  7.50313e-78,  0.0103683  ])
254673  , -2213.6     , array([ 0.342995   ,  0.0300457  ,  3.32877e-77,  7.49563e-78,  0.0103787  ])
254674  , -2213.46    , array([ 0.342998   ,  0.0300461  ,  3.32877e-77,  7.49563e-78,  0.0103684  ])
254675  , -2213.46    , array([ 0.342998   ,  0.0300461  ,  3.32877e-77,  7.49563e-78,  0.0103684  ])
254676  , -2212.51    , array([ 0.343341   ,  0.0300461  ,  3.32877e-77,  7.49563e-78,  0.0103684  ])
254677  , -2213.76    , array([ 0.342998   ,  0.0300762  ,  3.32877e-77,  7.49563e-78,  0.0103684  ])
254678  , -2213.46    , array([ 0.342998   ,  0.0300461  ,  3.3321e-77 ,  7.49563e-78,  0.0103684  ])
254679  , -2213.46    , array([ 0.342998   ,  0.0300461  ,  3.32877e-77,  7.50313e-78,  0.0103684  ])
254680  , -2213.6     , array([ 0.342998   ,  0.0300461  ,  3.32877e-77,  7.49563e-78,  0.0103788  ])
254681  , -27301.3    , array([ 4.87492    ,  1.64891    ,  3.32877e-77,  7.49563e-78,  0.5731     ])
254682  , -27301.3    , array([ 4.87492    ,  1.64891    ,  3.32877e-77,  7.49563e-78,  0.5731     ])
254683  , -27301.4    , array([ 4.87979    ,  1.64891    ,  3.32877e-77,  7.49563e-78,  0.5731     ])
254684  , -27304.6    , array([ 4.87492    ,  1.65056    ,  3.32877e-77,  7.49563e-78,  0.5731     ])
254685  , -27301.3    , array([ 4.87492    ,  1.64891    ,  3.3321e-77 ,  7.49563e-78,  0.5731     ])
254686  , -27301.3    , array([ 4.87492    ,  1.64891    ,  3.32877e-77,  7.50313e-78,  0.5731     ])
254687  , -27320.3    , array([ 4.87492    ,  1.64891    ,  3.32877e-77,  7.49563e-78,  0.573673   ])
254688  , -2107.23    , array([ 0.48632    ,  0.0508864  ,  3.32877e-77,  7.49563e-78,  0.0175766  ])
254689  , -2107.23    , array([ 0.48632    ,  0.0508864  ,  3.32877e-77,  7.49563e-78,  0.0175766  ])
254690  , -2105.98    , array([ 0.486807   ,  0.0508864  ,  3.32877e-77,  7.49563e-78,  0.0175766  ])
254691  , -2107.78    , array([ 0.48632    ,  0.0509373  ,  3.32877e-77,  7.49563e-78,  0.0175766  ])
254692  , -2107.23    , array([ 0.48632    ,  0.0508864  ,  3.3321e-77 ,  7.49563e-78,  0.0175766  ])
254693  , -2107.23    , array([ 0.48632    ,  0.0508864  ,  3.32877e-77,  7.50313e-78,  0.0175766  ])
254694  , -2107.4     , array([ 0.48632    ,  0.0508864  ,  3.32877e-77,  7.49563e-78,  0.0175942  ])
254695  , -2093.94    , array([ 0.528008   ,  0.0576104  ,  3.32877e-77,  7.49563e-78,  0.0199036  ])
254696  , -2093.94    , array([ 0.528008   ,  0.0576104  ,  3.32877e-77,  7.49563e-78,  0.0199036  ])
254697  , -2092.63    , array([ 0.528536   ,  0.0576104  ,  3.32877e-77,  7.49563e-78,  0.0199036  ])
254698  , -2094.56    , array([ 0.528008   ,  0.057668   ,  3.32877e-77,  7.49563e-78,  0.0199036  ])
254699  , -2093.94    , array([ 0.528008   ,  0.0576104  ,  3.3321e-77 ,  7.49563e-78,  0.0199036  ])
254700  , -2093.94    , array([ 0.528008   ,  0.0576104  ,  3.32877e-77,  7.50313e-78,  0.0199036  ])
254701  , -2094.15    , array([ 0.528008   ,  0.0576104  ,  3.32877e-77,  7.49563e-78,  0.0199235  ])
254702  , -4915.1     , array([ 1.60437    ,  0.308212   ,  3.32877e-77,  7.49563e-78,  0.106802   ])
254703  , -4915.1     , array([ 1.60437    ,  0.308212   ,  3.32877e-77,  7.49563e-78,  0.106802   ])
254704  , -4913.65    , array([ 1.60597    ,  0.308212   ,  3.32877e-77,  7.49563e-78,  0.106802   ])
254705  , -4916.9     , array([ 1.60437    ,  0.30852    ,  3.32877e-77,  7.49563e-78,  0.106802   ])
254706  , -4915.1     , array([ 1.60437    ,  0.308212   ,  3.3321e-77 ,  7.49563e-78,  0.106802   ])
254707  , -4915.1     , array([ 1.60437    ,  0.308212   ,  3.32877e-77,  7.50313e-78,  0.106802   ])
254708  , -4919.6     , array([ 1.60437    ,  0.308212   ,  3.32877e-77,  7.49563e-78,  0.106909   ])
254709  , -2089.68    , array([ 0.571894   ,  0.0649869  ,  3.32877e-77,  7.49563e-78,  0.0224569  ])
254710  , -2089.68    , array([ 0.571894   ,  0.0649869  ,  3.32877e-77,  7.49563e-78,  0.0224569  ])
254711  , -2088.3     , array([ 0.572466   ,  0.0649869  ,  3.32877e-77,  7.49563e-78,  0.0224569  ])
254712  , -2090.37    , array([ 0.571894   ,  0.0650519  ,  3.32877e-77,  7.49563e-78,  0.0224569  ])
254713  , -2089.68    , array([ 0.571894   ,  0.0649869  ,  3.3321e-77 ,  7.49563e-78,  0.0224569  ])
254714  , -2089.68    , array([ 0.571894   ,  0.0649869  ,  3.32877e-77,  7.50313e-78,  0.0224569  ])
254715  , -2089.95    , array([ 0.571894   ,  0.0649869  ,  3.32877e-77,  7.49563e-78,  0.0224794  ])
254716  , -2090.41    , array([ 0.551283   ,  0.0614853  ,  3.32877e-77,  7.49563e-78,  0.0212448  ])
254717  , -2090.41    , array([ 0.551283   ,  0.0614853  ,  3.32877e-77,  7.49563e-78,  0.0212448  ])
254718  , -2089.06    , array([ 0.551834   ,  0.0614853  ,  3.32877e-77,  7.49563e-78,  0.0212448  ])
254719  , -2091.07    , array([ 0.551283   ,  0.0615468  ,  3.32877e-77,  7.49563e-78,  0.0212448  ])
254720  , -2090.41    , array([ 0.551283   ,  0.0614853  ,  3.3321e-77 ,  7.49563e-78,  0.0212448  ])
254721  , -2090.41    , array([ 0.551283   ,  0.0614853  ,  3.32877e-77,  7.50313e-78,  0.0212448  ])
254722  , -2090.65    , array([ 0.551283   ,  0.0614853  ,  3.32877e-77,  7.49563e-78,  0.021266   ])
254730  , -2090.41    , array([ 0.551294   ,  0.0614871  ,  3.32877e-77,  7.49563e-78,  0.0212454  ])
254731  , -2090.41    , array([ 0.551294   ,  0.0614871  ,  3.32877e-77,  7.49563e-78,  0.0212454  ])
254732  , -2089.06    , array([ 0.551846   ,  0.0614871  ,  3.32877e-77,  7.49563e-78,  0.0212454  ])
254733  , -2091.07    , array([ 0.551294   ,  0.0615486  ,  3.32877e-77,  7.49563e-78,  0.0212454  ])
254734  , -2090.41    , array([ 0.551294   ,  0.0614871  ,  3.3321e-77 ,  7.49563e-78,  0.0212454  ])
254735  , -2090.41    , array([ 0.551294   ,  0.0614871  ,  3.32877e-77,  7.50313e-78,  0.0212454  ])
254736  , -2090.65    , array([ 0.551294   ,  0.0614871  ,  3.32877e-77,  7.49563e-78,  0.0212666  ])
254737  , -2090.41    , array([ 0.551296   ,  0.0614874  ,  3.32877e-77,  7.49563e-78,  0.0212455  ])
254738  , -2090.41    , array([ 0.551296   ,  0.0614874  ,  3.32877e-77,  7.49563e-78,  0.0212455  ])
254739  , -2089.06    , array([ 0.551848   ,  0.0614874  ,  3.32877e-77,  7.49563e-78,  0.0212455  ])
254740  , -2091.07    , array([ 0.551296   ,  0.0615489  ,  3.32877e-77,  7.49563e-78,  0.0212455  ])
254741  , -2090.41    , array([ 0.551296   ,  0.0614874  ,  3.3321e-77 ,  7.49563e-78,  0.0212455  ])
254742  , -2090.41    , array([ 0.551296   ,  0.0614874  ,  3.32877e-77,  7.50313e-78,  0.0212455  ])
254743  , -2090.65    , array([ 0.551296   ,  0.0614874  ,  3.32877e-77,  7.49563e-78,  0.0212668  ])
254751  , -2090.41    , array([ 0.551299   ,  0.0614879  ,  3.32877e-77,  7.49563e-78,  0.0212456  ])
254752  , -2090.41    , array([ 0.551299   ,  0.0614879  ,  3.32877e-77,  7.49563e-78,  0.0212456  ])
254753  , -2089.06    , array([ 0.55185    ,  0.0614879  ,  3.32877e-77,  7.49563e-78,  0.0212456  ])
254754  , -2091.07    , array([ 0.551299   ,  0.0615494  ,  3.32877e-77,  7.49563e-78,  0.0212456  ])
254755  , -2090.41    , array([ 0.551299   ,  0.0614879  ,  3.3321e-77 ,  7.49563e-78,  0.0212456  ])
254756  , -2090.41    , array([ 0.551299   ,  0.0614879  ,  3.32877e-77,  7.50313e-78,  0.0212456  ])
254757  , -2090.65    , array([ 0.551299   ,  0.0614879  ,  3.32877e-77,  7.49563e-78,  0.0212669  ])
254758  , -2090.41    , array([ 0.551299   ,  0.0614879  ,  3.32877e-77,  7.49563e-78,  0.0212457  ])
254759  , -2090.41    , array([ 0.551299   ,  0.0614879  ,  3.32877e-77,  7.49563e-78,  0.0212457  ])
254760  , -2089.06    , array([ 0.551851   ,  0.0614879  ,  3.32877e-77,  7.49563e-78,  0.0212457  ])
254761  , -2091.07    , array([ 0.551299   ,  0.0615495  ,  3.32877e-77,  7.49563e-78,  0.0212457  ])
254762  , -2090.41    , array([ 0.551299   ,  0.0614879  ,  3.3321e-77 ,  7.49563e-78,  0.0212457  ])
254763  , -2090.41    , array([ 0.551299   ,  0.0614879  ,  3.32877e-77,  7.50313e-78,  0.0212457  ])
254764  , -2090.65    , array([ 0.551299   ,  0.0614879  ,  3.32877e-77,  7.49563e-78,  0.0212669  ])
254765  , -79825      , array([ 18.2938    ,  9.69744    ,  3.32877e-77,  7.49563e-78,  3.38745    ])
254766  , -79825      , array([ 18.2938    ,  9.69744    ,  3.32877e-77,  7.49563e-78,  3.38745    ])
254767  , -79824.3    , array([ 18.3121    ,  9.69744    ,  3.32877e-77,  7.49563e-78,  3.38745    ])
254768  , -79829.1    , array([ 18.2938    ,  9.70714    ,  3.32877e-77,  7.49563e-78,  3.38745    ])
254769  , -79825      , array([ 18.2938    ,  9.69744    ,  3.3321e-77 ,  7.49563e-78,  3.38745    ])
254770  , -79825      , array([ 18.2938    ,  9.69744    ,  3.32877e-77,  7.50313e-78,  3.38745    ])
254771  , -79856.1    , array([ 18.2938    ,  9.69744    ,  3.32877e-77,  7.49563e-78,  3.39084    ])
254772  , -2089.83    , array([ 0.554457   ,  0.0619976  ,  3.32877e-77,  7.49563e-78,  0.0214221  ])
254773  , -2089.83    , array([ 0.554457   ,  0.0619976  ,  3.32877e-77,  7.49563e-78,  0.0214221  ])
254774  , -2088.48    , array([ 0.555012   ,  0.0619976  ,  3.32877e-77,  7.49563e-78,  0.0214221  ])
254775  , -2090.49    , array([ 0.554457   ,  0.0620596  ,  3.32877e-77,  7.49563e-78,  0.0214221  ])
254776  , -2089.83    , array([ 0.554457   ,  0.0619976  ,  3.3321e-77 ,  7.49563e-78,  0.0214221  ])
254777  , -2089.83    , array([ 0.554457   ,  0.0619976  ,  3.32877e-77,  7.50313e-78,  0.0214221  ])
254778  , -2090.07    , array([ 0.554457   ,  0.0619976  ,  3.32877e-77,  7.49563e-78,  0.0214436  ])
254779  , -2088.63    , array([ 0.555319   ,  0.0620626  ,  3.32877e-77,  7.49563e-78,  0.0214436  ])
254780  , -2088.63    , array([ 0.555319   ,  0.0620626  ,  3.32877e-77,  7.49563e-78,  0.0214436  ])
254781  , -2087.28    , array([ 0.555874   ,  0.0620626  ,  3.32877e-77,  7.49563e-78,  0.0214436  ])
254782  , -2089.29    , array([ 0.555319   ,  0.0621247  ,  3.32877e-77,  7.49563e-78,  0.0214436  ])
254783  , -2088.63    , array([ 0.555319   ,  0.0620626  ,  3.3321e-77 ,  7.49563e-78,  0.0214436  ])
254784  , -2088.63    , array([ 0.555319   ,  0.0620626  ,  3.32877e-77,  7.50313e-78,  0.0214436  ])
254785  , -2088.87    , array([ 0.555319   ,  0.0620626  ,  3.32877e-77,  7.49563e-78,  0.021465   ])
254786  , -2083.85    , array([ 0.558777   ,  0.0623233  ,  3.32877e-77,  7.49563e-78,  0.0215294  ])
254787  , -2083.85    , array([ 0.558777   ,  0.0623233  ,  3.32877e-77,  7.49563e-78,  0.0215294  ])
254788  , -2082.51    , array([ 0.559336   ,  0.0623233  ,  3.32877e-77,  7.49563e-78,  0.0215294  ])
254789  , -2084.52    , array([ 0.558777   ,  0.0623856  ,  3.32877e-77,  7.49563e-78,  0.0215294  ])
254790  , -2083.85    , array([ 0.558777   ,  0.0623233  ,  3.3321e-77 ,  7.49563e-78,  0.0215294  ])
254791  , -2083.85    , array([ 0.558777   ,  0.0623233  ,  3.32877e-77,  7.50313e-78,  0.0215294  ])
254792  , -2084.07    , array([ 0.558777   ,  0.0623233  ,  3.32877e-77,  7.49563e-78,  0.021551   ])
254793  , -2065.11    , array([ 0.572828   ,  0.0633771  ,  3.32877e-77,  7.49563e-78,  0.0218763  ])
254794  , -2065.11    , array([ 0.572828   ,  0.0633771  ,  3.32877e-77,  7.49563e-78,  0.0218763  ])
254795  , -2063.8     , array([ 0.573401   ,  0.0633771  ,  3.32877e-77,  7.49563e-78,  0.0218763  ])
254796  , -2065.82    , array([ 0.572828   ,  0.0634405  ,  3.32877e-77,  7.49563e-78,  0.0218763  ])
254797  , -2065.11    , array([ 0.572828   ,  0.0633771  ,  3.3321e-77 ,  7.49563e-78,  0.0218763  ])
254798  , -2065.11    , array([ 0.572828   ,  0.0633771  ,  3.32877e-77,  7.50313e-78,  0.0218763  ])
254799  , -2065.28    , array([ 0.572828   ,  0.0633771  ,  3.32877e-77,  7.49563e-78,  0.0218982  ])
254800  , -1996.55    , array([ 0.632656   ,  0.0677734  ,  3.32877e-77,  7.49563e-78,  0.0233207  ])
254801  , -1996.55    , array([ 0.632656   ,  0.0677734  ,  3.32877e-77,  7.49563e-78,  0.0233207  ])
254802  , -1995.39    , array([ 0.633289   ,  0.0677734  ,  3.32877e-77,  7.49563e-78,  0.0233207  ])
254803  , -1997.4     , array([ 0.632656   ,  0.0678412  ,  3.32877e-77,  7.49563e-78,  0.0233207  ])
254804  , -1996.55    , array([ 0.632656   ,  0.0677734  ,  3.3321e-77 ,  7.49563e-78,  0.0233207  ])
254805  , -1996.55    , array([ 0.632656   ,  0.0677734  ,  3.32877e-77,  7.50313e-78,  0.0233207  ])
254806  , -1996.51    , array([ 0.632656   ,  0.0677734  ,  3.32877e-77,  7.49563e-78,  0.023344   ])
254807  , -1838.12    , array([ 0.788323   ,  0.0737201  ,  3.32877e-77,  7.49563e-78,  0.0255652  ])
254808  , -1838.12    , array([ 0.788323   ,  0.0737201  ,  3.32877e-77,  7.49563e-78,  0.0255652  ])
254809  , -1837.33    , array([ 0.789112   ,  0.0737201  ,  3.32877e-77,  7.49563e-78,  0.0255652  ])
254810  , -1838.86    , array([ 0.788323   ,  0.0737939  ,  3.32877e-77,  7.49563e-78,  0.0255652  ])
254811  , -1838.12    , array([ 0.788323   ,  0.0737201  ,  3.3321e-77 ,  7.49563e-78,  0.0255652  ])
254812  , -1838.12    , array([ 0.788323   ,  0.0737201  ,  3.32877e-77,  7.50313e-78,  0.0255652  ])
254813  , -1837.97    , array([ 0.788323   ,  0.0737201  ,  3.32877e-77,  7.49563e-78,  0.0255908  ])
254814  , -1667.42    , array([ 1.08732    ,  0.0717595  ,  3.32877e-77,  7.49563e-78,  0.0255038  ])
254815  , -1667.42    , array([ 1.08732    ,  0.0717595  ,  3.32877e-77,  7.49563e-78,  0.0255038  ])
254816  , -1667.16    , array([ 1.08841    ,  0.0717595  ,  3.32877e-77,  7.49563e-78,  0.0255038  ])
254817  , -1667.57    , array([ 1.08732    ,  0.0718313  ,  3.32877e-77,  7.49563e-78,  0.0255038  ])
254818  , -1667.42    , array([ 1.08732    ,  0.0717595  ,  3.3321e-77 ,  7.49563e-78,  0.0255038  ])
254819  , -1667.42    , array([ 1.08732    ,  0.0717595  ,  3.32877e-77,  7.50313e-78,  0.0255038  ])
254820  , -1667.47    , array([ 1.08732    ,  0.0717595  ,  3.32877e-77,  7.49563e-78,  0.0255293  ])
254821  , -1640.08    , array([ 1.2404     ,  0.0689826  ,  3.32877e-77,  7.49563e-78,  0.0246973  ])
254822  , -1640.08    , array([ 1.2404     ,  0.0689826  ,  3.32877e-77,  7.49563e-78,  0.0246973  ])
254823  , -1639.97    , array([ 1.24164    ,  0.0689826  ,  3.32877e-77,  7.49563e-78,  0.0246973  ])
254824  , -1640.05    , array([ 1.2404     ,  0.0690517  ,  3.32877e-77,  7.49563e-78,  0.0246973  ])
254825  , -1640.08    , array([ 1.2404     ,  0.0689826  ,  3.3321e-77 ,  7.49563e-78,  0.0246973  ])
254826  , -1640.08    , array([ 1.2404     ,  0.0689826  ,  3.32877e-77,  7.50313e-78,  0.0246973  ])
254827  , -1640.19    , array([ 1.2404     ,  0.0689826  ,  3.32877e-77,  7.49563e-78,  0.024722   ])
254828  , -1632.93    , array([ 1.379      ,  0.0686325  ,  3.32877e-77,  7.49563e-78,  0.0246054  ])
254829  , -1632.93    , array([ 1.379      ,  0.0686325  ,  3.32877e-77,  7.49563e-78,  0.0246054  ])
254830  , -1632.9     , array([ 1.38038    ,  0.0686325  ,  3.32877e-77,  7.49563e-78,  0.0246054  ])
254831  , -1632.9     , array([ 1.379      ,  0.0687012  ,  3.32877e-77,  7.49563e-78,  0.0246054  ])
254832  , -1632.93    , array([ 1.379      ,  0.0686325  ,  3.3321e-77 ,  7.49563e-78,  0.0246054  ])
254833  , -1632.93    , array([ 1.379      ,  0.0686325  ,  3.32877e-77,  7.50313e-78,  0.0246054  ])
254834  , -1633       , array([ 1.379      ,  0.0686325  ,  3.32877e-77,  7.49563e-78,  0.02463    ])
254835  , -1632.77    , array([ 1.41757    ,  0.0672487  ,  3.32877e-77,  7.49563e-78,  0.0240806  ])
254836  , -1632.77    , array([ 1.41757    ,  0.0672487  ,  3.32877e-77,  7.49563e-78,  0.0240806  ])
254837  , -1632.77    , array([ 1.41898    ,  0.0672487  ,  3.32877e-77,  7.49563e-78,  0.0240806  ])
254838  , -1632.77    , array([ 1.41757    ,  0.0673159  ,  3.32877e-77,  7.49563e-78,  0.0240806  ])
254839  , -1632.77    , array([ 1.41757    ,  0.0672487  ,  3.3321e-77 ,  7.49563e-78,  0.0240806  ])
254840  , -1632.77    , array([ 1.41757    ,  0.0672487  ,  3.32877e-77,  7.50313e-78,  0.0240806  ])
254841  , -1632.78    , array([ 1.41757    ,  0.0672487  ,  3.32877e-77,  7.49563e-78,  0.0241047  ])
254842  , -1632.46    , array([ 1.4418     ,  0.0678327  ,  3.32877e-77,  7.49563e-78,  0.0242933  ])
254843  , -1632.46    , array([ 1.4418     ,  0.0678327  ,  3.32877e-77,  7.49563e-78,  0.0242933  ])
254844  , -1632.46    , array([ 1.44325    ,  0.0678327  ,  3.32877e-77,  7.49563e-78,  0.0242933  ])
254845  , -1632.46    , array([ 1.4418     ,  0.0679006  ,  3.32877e-77,  7.49563e-78,  0.0242933  ])
254846  , -1632.46    , array([ 1.4418     ,  0.0678327  ,  3.3321e-77 ,  7.49563e-78,  0.0242933  ])
254847  , -1632.46    , array([ 1.4418     ,  0.0678327  ,  3.32877e-77,  7.50313e-78,  0.0242933  ])
254848  , -1632.46    , array([ 1.4418     ,  0.0678327  ,  3.32877e-77,  7.49563e-78,  0.0243176  ])
254849  , -1632.54    , array([ 1.43647    ,  0.0676506  ,  3.32877e-77,  7.49563e-78,  0.0242263  ])
254850  , -1632.54    , array([ 1.43647    ,  0.0676506  ,  3.32877e-77,  7.49563e-78,  0.0242263  ])
254851  , -1632.54    , array([ 1.43791    ,  0.0676506  ,  3.32877e-77,  7.49563e-78,  0.0242263  ])
254852  , -1632.54    , array([ 1.43647    ,  0.0677183  ,  3.32877e-77,  7.49563e-78,  0.0242263  ])
254853  , -1632.54    , array([ 1.43647    ,  0.0676506  ,  3.3321e-77 ,  7.49563e-78,  0.0242263  ])
254854  , -1632.54    , array([ 1.43647    ,  0.0676506  ,  3.32877e-77,  7.50313e-78,  0.0242263  ])
254855  , -1632.54    , array([ 1.43647    ,  0.0676506  ,  3.32877e-77,  7.49563e-78,  0.0242506  ])
254856  , -1632.46    , array([ 1.44167    ,  0.0678281  ,  3.32877e-77,  7.49563e-78,  0.0242916  ])
254857  , -1632.46    , array([ 1.44167    ,  0.0678281  ,  3.32877e-77,  7.49563e-78,  0.0242916  ])
254858  , -1632.46    , array([ 1.44311    ,  0.0678281  ,  3.32877e-77,  7.49563e-78,  0.0242916  ])
254859  , -1632.46    , array([ 1.44167    ,  0.067896   ,  3.32877e-77,  7.49563e-78,  0.0242916  ])
254860  , -1632.46    , array([ 1.44167    ,  0.0678281  ,  3.3321e-77 ,  7.49563e-78,  0.0242916  ])
254861  , -1632.46    , array([ 1.44167    ,  0.0678281  ,  3.32877e-77,  7.50313e-78,  0.0242916  ])
254862  , -1632.46    , array([ 1.44167    ,  0.0678281  ,  3.32877e-77,  7.49563e-78,  0.0243159  ])
254863  , -1632.46    , array([ 1.4418     ,  0.0678326  ,  3.32877e-77,  7.49563e-78,  0.0242933  ])
254864  , -1632.46    , array([ 1.4418     ,  0.0678326  ,  3.32877e-77,  7.49563e-78,  0.0242933  ])
254865  , -1632.46    , array([ 1.44324    ,  0.0678326  ,  3.32877e-77,  7.49563e-78,  0.0242933  ])
254866  , -1632.46    , array([ 1.4418     ,  0.0679004  ,  3.32877e-77,  7.49563e-78,  0.0242933  ])
254867  , -1632.46    , array([ 1.4418     ,  0.0678326  ,  3.3321e-77 ,  7.49563e-78,  0.0242933  ])
254868  , -1632.46    , array([ 1.4418     ,  0.0678326  ,  3.32877e-77,  7.50313e-78,  0.0242933  ])
254869  , -1632.46    , array([ 1.4418     ,  0.0678326  ,  3.32877e-77,  7.49563e-78,  0.0243176  ])
254870  , -1632.46    , array([ 1.4418     ,  0.0678327  ,  3.32877e-77,  7.49563e-78,  0.0242933  ])
254871  , -1632.46    , array([ 1.4418     ,  0.0678327  ,  3.32877e-77,  7.49563e-78,  0.0242933  ])
254872  , -1632.46    , array([ 1.44325    ,  0.0678327  ,  3.32877e-77,  7.49563e-78,  0.0242933  ])
254873  , -1632.46    , array([ 1.4418     ,  0.0679005  ,  3.32877e-77,  7.49563e-78,  0.0242933  ])
254874  , -1632.46    , array([ 1.4418     ,  0.0678327  ,  3.3321e-77 ,  7.49563e-78,  0.0242933  ])
254875  , -1632.46    , array([ 1.4418     ,  0.0678327  ,  3.32877e-77,  7.50313e-78,  0.0242933  ])
254876  , -1632.46    , array([ 1.4418     ,  0.0678327  ,  3.32877e-77,  7.49563e-78,  0.0243176  ])
254877  , -1632.46    , array([ 1.4418     ,  0.0678327  ,  3.32877e-77,  7.49563e-78,  0.0242933  ])
254878  , -1632.46    , array([ 1.4418     ,  0.0678327  ,  3.32877e-77,  7.49563e-78,  0.0242933  ])
254879  , -1632.46    , array([ 1.44325    ,  0.0678327  ,  3.32877e-77,  7.49563e-78,  0.0242933  ])
254880  , -1632.46    , array([ 1.4418     ,  0.0679006  ,  3.32877e-77,  7.49563e-78,  0.0242933  ])
254881  , -1632.46    , array([ 1.4418     ,  0.0678327  ,  3.3321e-77 ,  7.49563e-78,  0.0242933  ])
254882  , -1632.46    , array([ 1.4418     ,  0.0678327  ,  3.32877e-77,  7.50313e-78,  0.0242933  ])
254883  , -1632.46    , array([ 1.4418     ,  0.0678327  ,  3.32877e-77,  7.49563e-78,  0.0243176  ])
254884  , -1632.46    , array([ 1.4418     ,  0.0678327  ,  3.32877e-77,  7.49563e-78,  0.0242933  ])
254885  , -1632.46    , array([ 1.4418     ,  0.0678327  ,  3.32877e-77,  7.49563e-78,  0.0242933  ])
254886  , -1632.46    , array([ 1.44325    ,  0.0678327  ,  3.32877e-77,  7.49563e-78,  0.0242933  ])
254887  , -1632.46    , array([ 1.4418     ,  0.0679006  ,  3.32877e-77,  7.49563e-78,  0.0242933  ])
254888  , -1632.46    , array([ 1.4418     ,  0.0678327  ,  3.3321e-77 ,  7.49563e-78,  0.0242933  ])
254889  , -1632.46    , array([ 1.4418     ,  0.0678327  ,  3.32877e-77,  7.50313e-78,  0.0242933  ])
254890  , -1632.46    , array([ 1.4418     ,  0.0678327  ,  3.32877e-77,  7.49563e-78,  0.0243176  ])
254891  , -1632.46    , array([ 1.4418     ,  0.0678327  ,  3.32877e-77,  7.49563e-78,  0.0242933  ])
254892  , -1632.46    , array([ 1.4418     ,  0.0678327  ,  3.32877e-77,  7.49563e-78,  0.0242933  ])
254893  , -1632.46    , array([ 1.44325    ,  0.0678327  ,  3.32877e-77,  7.49563e-78,  0.0242933  ])
254894  , -1632.46    , array([ 1.4418     ,  0.0679006  ,  3.32877e-77,  7.49563e-78,  0.0242933  ])
254895  , -1632.46    , array([ 1.4418     ,  0.0678327  ,  3.3321e-77 ,  7.49563e-78,  0.0242933  ])
254896  , -1632.46    , array([ 1.4418     ,  0.0678327  ,  3.32877e-77,  7.50313e-78,  0.0242933  ])
254897  , -1632.46    , array([ 1.4418     ,  0.0678327  ,  3.32877e-77,  7.49563e-78,  0.0243176  ])
254898  , -1632.46    , array([ 1.4418     ,  0.0678327  ,  3.32877e-77,  7.49563e-78,  0.0242933  ])
254899  , -1632.46    , array([ 1.4418     ,  0.0678327  ,  3.32877e-77,  7.49563e-78,  0.0242933  ])
254900  , -1632.46    , array([ 1.44325    ,  0.0678327  ,  3.32877e-77,  7.49563e-78,  0.0242933  ])
254901  , -1632.46    , array([ 1.4418     ,  0.0679006  ,  3.32877e-77,  7.49563e-78,  0.0242933  ])
254902  , -1632.46    , array([ 1.4418     ,  0.0678327  ,  3.3321e-77 ,  7.49563e-78,  0.0242933  ])
254903  , -1632.46    , array([ 1.4418     ,  0.0678327  ,  3.32877e-77,  7.50313e-78,  0.0242933  ])
254904  , -1632.46    , array([ 1.4418     ,  0.0678327  ,  3.32877e-77,  7.49563e-78,  0.0243176  ])
254905  , -1632.46    , array([ 1.4418     ,  0.0678327  ,  3.32877e-77,  7.49563e-78,  0.0242933  ])
254906  , -1632.46    , array([ 1.4418     ,  0.0678327  ,  3.32877e-77,  7.49563e-78,  0.0242933  ])
254907  , -1632.46    , array([ 1.44325    ,  0.0678327  ,  3.32877e-77,  7.49563e-78,  0.0242933  ])
254908  , -1632.46    , array([ 1.4418     ,  0.0679006  ,  3.32877e-77,  7.49563e-78,  0.0242933  ])
254909  , -1632.46    , array([ 1.4418     ,  0.0678327  ,  3.3321e-77 ,  7.49563e-78,  0.0242933  ])
254910  , -1632.46    , array([ 1.4418     ,  0.0678327  ,  3.32877e-77,  7.50313e-78,  0.0242933  ])
254911  , -1632.46    , array([ 1.4418     ,  0.0678327  ,  3.32877e-77,  7.49563e-78,  0.0243176  ])
254912  , -1632.46    , array([ 1.4418     ,  0.0678327  ,  3.32877e-77,  7.49563e-78,  0.0242933  ])
254913  , -1632.46    , array([ 1.4418     ,  0.0678327  ,  3.32877e-77,  7.49563e-78,  0.0242933  ])
254914  , -1632.46    , array([ 1.44325    ,  0.0678327  ,  3.32877e-77,  7.49563e-78,  0.0242933  ])
254915  , -1632.46    , array([ 1.4418     ,  0.0679006  ,  3.32877e-77,  7.49563e-78,  0.0242933  ])
254916  , -1632.46    , array([ 1.4418     ,  0.0678327  ,  3.3321e-77 ,  7.49563e-78,  0.0242933  ])
254917  , -1632.46    , array([ 1.4418     ,  0.0678327  ,  3.32877e-77,  7.50313e-78,  0.0242933  ])
254918  , -1632.46    , array([ 1.4418     ,  0.0678327  ,  3.32877e-77,  7.49563e-78,  0.0243176  ])
254919  , -1632.46    , array([ 1.4418     ,  0.0678327  ,  3.32877e-77,  7.49563e-78,  0.0242933  ])
254920  , -1632.46    , array([ 1.4418     ,  0.0678327  ,  3.32877e-77,  7.49563e-78,  0.0242933  ])
254921  , -1632.46    , array([ 1.44325    ,  0.0678327  ,  3.32877e-77,  7.49563e-78,  0.0242933  ])
254922  , -1632.46    , array([ 1.4418     ,  0.0679006  ,  3.32877e-77,  7.49563e-78,  0.0242933  ])
254923  , -1632.46    , array([ 1.4418     ,  0.0678327  ,  3.3321e-77 ,  7.49563e-78,  0.0242933  ])
254924  , -1632.46    , array([ 1.4418     ,  0.0678327  ,  3.32877e-77,  7.50313e-78,  0.0242933  ])
254925  , -1632.46    , array([ 1.4418     ,  0.0678327  ,  3.32877e-77,  7.49563e-78,  0.0243176  ])
254926  , -1632.46    , array([ 1.4418     ,  0.0678327  ,  3.32877e-77,  7.49563e-78,  0.0242933  ])
254927  , -1632.46    , array([ 1.4418     ,  0.0678327  ,  3.32877e-77,  7.49563e-78,  0.0242933  ])
254928  , -1632.46    , array([ 1.44325    ,  0.0678327  ,  3.32877e-77,  7.49563e-78,  0.0242933  ])
254929  , -1632.46    , array([ 1.4418     ,  0.0679006  ,  3.32877e-77,  7.49563e-78,  0.0242933  ])
254930  , -1632.46    , array([ 1.4418     ,  0.0678327  ,  3.3321e-77 ,  7.49563e-78,  0.0242933  ])
254931  , -1632.46    , array([ 1.4418     ,  0.0678327  ,  3.32877e-77,  7.50313e-78,  0.0242933  ])
254932  , -1632.46    , array([ 1.4418     ,  0.0678327  ,  3.32877e-77,  7.49563e-78,  0.0243176  ])
254933  , -1632.46    , array([ 1.4418     ,  0.0678327  ,  3.32877e-77,  7.49563e-78,  0.0242933  ])
254934  , -1632.46    , array([ 1.4418     ,  0.0678327  ,  3.32877e-77,  7.49563e-78,  0.0242933  ])
254935  , -1632.46    , array([ 1.44325    ,  0.0678327  ,  3.32877e-77,  7.49563e-78,  0.0242933  ])
254936  , -1632.46    , array([ 1.4418     ,  0.0679006  ,  3.32877e-77,  7.49563e-78,  0.0242933  ])
254937  , -1632.46    , array([ 1.4418     ,  0.0678327  ,  3.3321e-77 ,  7.49563e-78,  0.0242933  ])
254938  , -1632.46    , array([ 1.4418     ,  0.0678327  ,  3.32877e-77,  7.50313e-78,  0.0242933  ])
254939  , -1632.46    , array([ 1.4418     ,  0.0678327  ,  3.32877e-77,  7.49563e-78,  0.0243176  ])
254940  , -1632.46    , array([ 1.4418     ,  0.0678327  ,  3.32877e-77,  7.49563e-78,  0.0242933  ])
254941  , -1632.46    , array([ 1.4418     ,  0.0678327  ,  3.32877e-77,  7.49563e-78,  0.0242933  ])
254942  , -1632.46    , array([ 1.44325    ,  0.0678327  ,  3.32877e-77,  7.49563e-78,  0.0242933  ])
254943  , -1632.46    , array([ 1.4418     ,  0.0679006  ,  3.32877e-77,  7.49563e-78,  0.0242933  ])
254944  , -1632.46    , array([ 1.4418     ,  0.0678327  ,  3.3321e-77 ,  7.49563e-78,  0.0242933  ])
254945  , -1632.46    , array([ 1.4418     ,  0.0678327  ,  3.32877e-77,  7.50313e-78,  0.0242933  ])
254946  , -1632.46    , array([ 1.4418     ,  0.0678327  ,  3.32877e-77,  7.49563e-78,  0.0243176  ])
254947  , -1632.46    , array([ 1.4418     ,  0.0678327  ,  3.32877e-77,  7.49563e-78,  0.0242933  ])
254948  , -1632.46    , array([ 1.4418     ,  0.0678327  ,  3.32877e-77,  7.49563e-78,  0.0242933  ])
254949  , -1632.46    , array([ 1.44325    ,  0.0678327  ,  3.32877e-77,  7.49563e-78,  0.0242933  ])
254950  , -1632.46    , array([ 1.4418     ,  0.0679006  ,  3.32877e-77,  7.49563e-78,  0.0242933  ])
254951  , -1632.46    , array([ 1.4418     ,  0.0678327  ,  3.3321e-77 ,  7.49563e-78,  0.0242933  ])
254952  , -1632.46    , array([ 1.4418     ,  0.0678327  ,  3.32877e-77,  7.50313e-78,  0.0242933  ])
254953  , -1632.46    , array([ 1.4418     ,  0.0678327  ,  3.32877e-77,  7.49563e-78,  0.0243176  ])
254954  , -1632.46    , array([ 1.4418     ,  0.0678327  ,  3.32877e-77,  7.49563e-78,  0.0242933  ])
254955  , -1632.46    , array([ 1.4418     ,  0.0678327  ,  3.32877e-77,  7.49563e-78,  0.0242933  ])
254956  , -1632.46    , array([ 1.44325    ,  0.0678327  ,  3.32877e-77,  7.49563e-78,  0.0242933  ])
254957  , -1632.46    , array([ 1.4418     ,  0.0679006  ,  3.32877e-77,  7.49563e-78,  0.0242933  ])
254958  , -1632.46    , array([ 1.4418     ,  0.0678327  ,  3.3321e-77 ,  7.49563e-78,  0.0242933  ])
254959  , -1632.46    , array([ 1.4418     ,  0.0678327  ,  3.32877e-77,  7.50313e-78,  0.0242933  ])
254960  , -1632.46    , array([ 1.4418     ,  0.0678327  ,  3.32877e-77,  7.49563e-78,  0.0243176  ])
254961  , -1632.46    , array([ 1.4418     ,  0.0678327  ,  3.32877e-77,  7.49563e-78,  0.0242933  ])
254962  , -1632.46    , array([ 1.4418     ,  0.0678327  ,  3.32877e-77,  7.49563e-78,  0.0242933  ])
254963  , -1632.46    , array([ 1.44325    ,  0.0678327  ,  3.32877e-77,  7.49563e-78,  0.0242933  ])
254964  , -1632.46    , array([ 1.4418     ,  0.0679006  ,  3.32877e-77,  7.49563e-78,  0.0242933  ])
254965  , -1632.46    , array([ 1.4418     ,  0.0678327  ,  3.3321e-77 ,  7.49563e-78,  0.0242933  ])
254966  , -1632.46    , array([ 1.4418     ,  0.0678327  ,  3.32877e-77,  7.50313e-78,  0.0242933  ])
254967  , -1632.46    , array([ 1.4418     ,  0.0678327  ,  3.32877e-77,  7.49563e-78,  0.0243176  ])
254968  , -1632.46    , array([ 1.4418     ,  0.0678327  ,  3.32877e-77,  7.49563e-78,  0.0242933  ])
254969  , -1632.46    , array([ 1.4418     ,  0.0678327  ,  3.32877e-77,  7.49563e-78,  0.0242933  ])
254970  , -1632.46    , array([ 1.44325    ,  0.0678327  ,  3.32877e-77,  7.49563e-78,  0.0242933  ])
254971  , -1632.46    , array([ 1.4418     ,  0.0679006  ,  3.32877e-77,  7.49563e-78,  0.0242933  ])
254972  , -1632.46    , array([ 1.4418     ,  0.0678327  ,  3.3321e-77 ,  7.49563e-78,  0.0242933  ])
254973  , -1632.46    , array([ 1.4418     ,  0.0678327  ,  3.32877e-77,  7.50313e-78,  0.0242933  ])
254974  , -1632.46    , array([ 1.4418     ,  0.0678327  ,  3.32877e-77,  7.49563e-78,  0.0243176  ])
254975  , -1632.46    , array([ 1.4418     ,  0.0678327  ,  3.32877e-77,  7.49563e-78,  0.0242933  ])
254976  , -1632.46    , array([ 1.4418     ,  0.0678327  ,  3.32877e-77,  7.49563e-78,  0.0242933  ])
254977  , -1632.46    , array([ 1.44325    ,  0.0678327  ,  3.32877e-77,  7.49563e-78,  0.0242933  ])
254978  , -1632.46    , array([ 1.4418     ,  0.0679006  ,  3.32877e-77,  7.49563e-78,  0.0242933  ])
254979  , -1632.46    , array([ 1.4418     ,  0.0678327  ,  3.3321e-77 ,  7.49563e-78,  0.0242933  ])
254980  , -1632.46    , array([ 1.4418     ,  0.0678327  ,  3.32877e-77,  7.50313e-78,  0.0242933  ])
254981  , -1632.46    , array([ 1.4418     ,  0.0678327  ,  3.32877e-77,  7.49563e-78,  0.0243176  ])
254982  , -1632.46    , array([ 1.4418     ,  0.0678327  ,  3.32877e-77,  7.49563e-78,  0.0242933  ])
254983  , -1632.46    , array([ 1.4418     ,  0.0678327  ,  3.32877e-77,  7.49563e-78,  0.0242933  ])
254984  , -1632.46    , array([ 1.44325    ,  0.0678327  ,  3.32877e-77,  7.49563e-78,  0.0242933  ])
254985  , -1632.46    , array([ 1.4418     ,  0.0679006  ,  3.32877e-77,  7.49563e-78,  0.0242933  ])
254986  , -1632.46    , array([ 1.4418     ,  0.0678327  ,  3.3321e-77 ,  7.49563e-78,  0.0242933  ])
254987  , -1632.46    , array([ 1.4418     ,  0.0678327  ,  3.32877e-77,  7.50313e-78,  0.0242933  ])
254988  , -1632.46    , array([ 1.4418     ,  0.0678327  ,  3.32877e-77,  7.49563e-78,  0.0243176  ])
254989  , -1632.46    , array([ 1.4418     ,  0.0678327  ,  3.32877e-77,  7.49563e-78,  0.0242933  ])
254990  , -1632.46    , array([ 1.4418     ,  0.0678327  ,  3.32877e-77,  7.49563e-78,  0.0242933  ])
254991  , -1632.46    , array([ 1.44325    ,  0.0678327  ,  3.32877e-77,  7.49563e-78,  0.0242933  ])
254992  , -1632.46    , array([ 1.4418     ,  0.0679006  ,  3.32877e-77,  7.49563e-78,  0.0242933  ])
254993  , -1632.46    , array([ 1.4418     ,  0.0678327  ,  3.3321e-77 ,  7.49563e-78,  0.0242933  ])
254994  , -1632.46    , array([ 1.4418     ,  0.0678327  ,  3.32877e-77,  7.50313e-78,  0.0242933  ])
254995  , -1632.46    , array([ 1.4418     ,  0.0678327  ,  3.32877e-77,  7.49563e-78,  0.0243176  ])
254996  , -1632.46    , array([ 1.4418     ,  0.0678327  ,  3.32877e-77,  7.49563e-78,  0.0242933  ])
254997  , -1632.46    , array([ 1.4418     ,  0.0678327  ,  3.32877e-77,  7.49563e-78,  0.0242933  ])
254998  , -1632.46    , array([ 1.44325    ,  0.0678327  ,  3.32877e-77,  7.49563e-78,  0.0242933  ])
254999  , -1632.46    , array([ 1.4418     ,  0.0679006  ,  3.32877e-77,  7.49563e-78,  0.0242933  ])
255000  , -1632.46    , array([ 1.4418     ,  0.0678327  ,  3.3321e-77 ,  7.49563e-78,  0.0242933  ])
255001  , -1632.46    , array([ 1.4418     ,  0.0678327  ,  3.32877e-77,  7.50313e-78,  0.0242933  ])
255002  , -1632.46    , array([ 1.4418     ,  0.0678327  ,  3.32877e-77,  7.49563e-78,  0.0243176  ])
255003  , -1632.46    , array([ 1.4418     ,  0.0678327  ,  3.32877e-77,  7.49563e-78,  0.0242933  ])
255004  , -1632.46    , array([ 1.4418     ,  0.0678327  ,  3.32877e-77,  7.49563e-78,  0.0242933  ])
255005  , -1632.46    , array([ 1.44325    ,  0.0678327  ,  3.32877e-77,  7.49563e-78,  0.0242933  ])
255006  , -1632.46    , array([ 1.4418     ,  0.0679006  ,  3.32877e-77,  7.49563e-78,  0.0242933  ])
255007  , -1632.46    , array([ 1.4418     ,  0.0678327  ,  3.3321e-77 ,  7.49563e-78,  0.0242933  ])
255008  , -1632.46    , array([ 1.4418     ,  0.0678327  ,  3.32877e-77,  7.50313e-78,  0.0242933  ])
255009  , -1632.46    , array([ 1.4418     ,  0.0678327  ,  3.32877e-77,  7.49563e-78,  0.0243176  ])
255010  , -1632.46    , array([ 1.4418     ,  0.0678327  ,  3.32877e-77,  7.49563e-78,  0.0242933  ])
255011  , -1632.46    , array([ 1.4418     ,  0.0678327  ,  3.32877e-77,  7.49563e-78,  0.0242933  ])
255012  , -1632.46    , array([ 1.44325    ,  0.0678327  ,  3.32877e-77,  7.49563e-78,  0.0242933  ])
255013  , -1632.46    , array([ 1.4418     ,  0.0679006  ,  3.32877e-77,  7.49563e-78,  0.0242933  ])
255014  , -1632.46    , array([ 1.4418     ,  0.0678327  ,  3.3321e-77 ,  7.49563e-78,  0.0242933  ])
255015  , -1632.46    , array([ 1.4418     ,  0.0678327  ,  3.32877e-77,  7.50313e-78,  0.0242933  ])
255016  , -1632.46    , array([ 1.4418     ,  0.0678327  ,  3.32877e-77,  7.49563e-78,  0.0243176  ])
255017  , -1632.46    , array([ 1.4418     ,  0.0678327  ,  3.32877e-77,  7.49563e-78,  0.0242933  ])
255018  , -1632.46    , array([ 1.4418     ,  0.0678327  ,  3.32877e-77,  7.49563e-78,  0.0242933  ])
255019  , -1632.46    , array([ 1.44325    ,  0.0678327  ,  3.32877e-77,  7.49563e-78,  0.0242933  ])
255020  , -1632.46    , array([ 1.4418     ,  0.0679006  ,  3.32877e-77,  7.49563e-78,  0.0242933  ])
255021  , -1632.46    , array([ 1.4418     ,  0.0678327  ,  3.3321e-77 ,  7.49563e-78,  0.0242933  ])
255022  , -1632.46    , array([ 1.4418     ,  0.0678327  ,  3.32877e-77,  7.50313e-78,  0.0242933  ])
255023  , -1632.46    , array([ 1.4418     ,  0.0678327  ,  3.32877e-77,  7.49563e-78,  0.0243176  ])
255024  , -1632.46    , array([ 1.4418     ,  0.0678327  ,  3.32877e-77,  7.49563e-78,  0.0242933  ])
255025  , -1632.46    , array([ 1.4418     ,  0.0678327  ,  3.32877e-77,  7.49563e-78,  0.0242933  ])
255026  , -1632.46    , array([ 1.44325    ,  0.0678327  ,  3.32877e-77,  7.49563e-78,  0.0242933  ])
255027  , -1632.46    , array([ 1.4418     ,  0.0679006  ,  3.32877e-77,  7.49563e-78,  0.0242933  ])
255028  , -1632.46    , array([ 1.4418     ,  0.0678327  ,  3.3321e-77 ,  7.49563e-78,  0.0242933  ])
255029  , -1632.46    , array([ 1.4418     ,  0.0678327  ,  3.32877e-77,  7.50313e-78,  0.0242933  ])
255030  , -1632.46    , array([ 1.4418     ,  0.0678327  ,  3.32877e-77,  7.49563e-78,  0.0243176  ])
255031  , -1632.46    , array([ 1.4418     ,  0.0678327  ,  3.32877e-77,  7.49563e-78,  0.0242933  ])
255032  , -1632.46    , array([ 1.4418     ,  0.0678327  ,  3.32877e-77,  7.49563e-78,  0.0242933  ])
255033  , -1632.46    , array([ 1.44325    ,  0.0678327  ,  3.32877e-77,  7.49563e-78,  0.0242933  ])
255034  , -1632.46    , array([ 1.4418     ,  0.0679006  ,  3.32877e-77,  7.49563e-78,  0.0242933  ])
255035  , -1632.46    , array([ 1.4418     ,  0.0678327  ,  3.3321e-77 ,  7.49563e-78,  0.0242933  ])
255036  , -1632.46    , array([ 1.4418     ,  0.0678327  ,  3.32877e-77,  7.50313e-78,  0.0242933  ])
255037  , -1632.46    , array([ 1.4418     ,  0.0678327  ,  3.32877e-77,  7.49563e-78,  0.0243176  ])
255038  , -1632.46    , array([ 1.4418     ,  0.0678327  ,  3.32877e-77,  7.49563e-78,  0.0242933  ])
255039  , -1632.46    , array([ 1.4418     ,  0.0678327  ,  3.32877e-77,  7.49563e-78,  0.0242933  ])
255040  , -1632.46    , array([ 1.44325    ,  0.0678327  ,  3.32877e-77,  7.49563e-78,  0.0242933  ])
255041  , -1632.46    , array([ 1.4418     ,  0.0679006  ,  3.32877e-77,  7.49563e-78,  0.0242933  ])
255042  , -1632.46    , array([ 1.4418     ,  0.0678327  ,  3.3321e-77 ,  7.49563e-78,  0.0242933  ])
255043  , -1632.46    , array([ 1.4418     ,  0.0678327  ,  3.32877e-77,  7.50313e-78,  0.0242933  ])
255044  , -1632.46    , array([ 1.4418     ,  0.0678327  ,  3.32877e-77,  7.49563e-78,  0.0243176  ])
255045  , -1632.46    , array([ 1.4418     ,  0.0678327  ,  3.32877e-77,  7.49563e-78,  0.0242933  ])
255046  , -1632.46    , array([ 1.4418     ,  0.0678327  ,  3.32877e-77,  7.49563e-78,  0.0242933  ])
255047  , -1632.46    , array([ 1.44325    ,  0.0678327  ,  3.32877e-77,  7.49563e-78,  0.0242933  ])
255048  , -1632.46    , array([ 1.4418     ,  0.0679006  ,  3.32877e-77,  7.49563e-78,  0.0242933  ])
255049  , -1632.46    , array([ 1.4418     ,  0.0678327  ,  3.3321e-77 ,  7.49563e-78,  0.0242933  ])
255050  , -1632.46    , array([ 1.4418     ,  0.0678327  ,  3.32877e-77,  7.50313e-78,  0.0242933  ])
255051  , -1632.46    , array([ 1.4418     ,  0.0678327  ,  3.32877e-77,  7.49563e-78,  0.0243176  ])
255052  , -1632.46    , array([ 1.4418     ,  0.0678327  ,  3.32877e-77,  7.49563e-78,  0.0242933  ])
255053  , -1632.46    , array([ 1.4418     ,  0.0678327  ,  3.32877e-77,  7.49563e-78,  0.0242933  ])
255054  , -1632.46    , array([ 1.44325    ,  0.0678327  ,  3.32877e-77,  7.49563e-78,  0.0242933  ])
255055  , -1632.46    , array([ 1.4418     ,  0.0679006  ,  3.32877e-77,  7.49563e-78,  0.0242933  ])
255056  , -1632.46    , array([ 1.4418     ,  0.0678327  ,  3.3321e-77 ,  7.49563e-78,  0.0242933  ])
255057  , -1632.46    , array([ 1.4418     ,  0.0678327  ,  3.32877e-77,  7.50313e-78,  0.0242933  ])
255058  , -1632.46    , array([ 1.4418     ,  0.0678327  ,  3.32877e-77,  7.49563e-78,  0.0243176  ])
255059  , -1632.46    , array([ 1.4418     ,  0.0678327  ,  3.32877e-77,  7.49563e-78,  0.0242933  ])
255060  , -1632.46    , array([ 1.4418     ,  0.0678327  ,  3.32877e-77,  7.49563e-78,  0.0242933  ])
255061  , -1632.46    , array([ 1.44325    ,  0.0678327  ,  3.32877e-77,  7.49563e-78,  0.0242933  ])
255062  , -1632.46    , array([ 1.4418     ,  0.0679006  ,  3.32877e-77,  7.49563e-78,  0.0242933  ])
255063  , -1632.46    , array([ 1.4418     ,  0.0678327  ,  3.3321e-77 ,  7.49563e-78,  0.0242933  ])
255064  , -1632.46    , array([ 1.4418     ,  0.0678327  ,  3.32877e-77,  7.50313e-78,  0.0242933  ])
255065  , -1632.46    , array([ 1.4418     ,  0.0678327  ,  3.32877e-77,  7.49563e-78,  0.0243176  ])
255066  , -1632.46    , array([ 1.4418     ,  0.0678327  ,  3.32877e-77,  7.49563e-78,  0.0242933  ])
255067  , -1632.46    , array([ 1.4418     ,  0.0678327  ,  3.32877e-77,  7.49563e-78,  0.0242933  ])
255068  , -1632.46    , array([ 1.44325    ,  0.0678327  ,  3.32877e-77,  7.49563e-78,  0.0242933  ])
255069  , -1632.46    , array([ 1.4418     ,  0.0679006  ,  3.32877e-77,  7.49563e-78,  0.0242933  ])
255070  , -1632.46    , array([ 1.4418     ,  0.0678327  ,  3.3321e-77 ,  7.49563e-78,  0.0242933  ])
255071  , -1632.46    , array([ 1.4418     ,  0.0678327  ,  3.32877e-77,  7.50313e-78,  0.0242933  ])
255072  , -1632.46    , array([ 1.4418     ,  0.0678327  ,  3.32877e-77,  7.49563e-78,  0.0243176  ])
255073  , -1632.46    , array([ 1.4418     ,  0.0678327  ,  3.32877e-77,  7.49563e-78,  0.0242933  ])
255074  , -1632.46    , array([ 1.4418     ,  0.0678327  ,  3.32877e-77,  7.49563e-78,  0.0242933  ])
255075  , -1632.46    , array([ 1.44325    ,  0.0678327  ,  3.32877e-77,  7.49563e-78,  0.0242933  ])
255076  , -1632.46    , array([ 1.4418     ,  0.0679006  ,  3.32877e-77,  7.49563e-78,  0.0242933  ])
255077  , -1632.46    , array([ 1.4418     ,  0.0678327  ,  3.3321e-77 ,  7.49563e-78,  0.0242933  ])
255078  , -1632.46    , array([ 1.4418     ,  0.0678327  ,  3.32877e-77,  7.50313e-78,  0.0242933  ])
255079  , -1632.46    , array([ 1.4418     ,  0.0678327  ,  3.32877e-77,  7.49563e-78,  0.0243176  ])
255080  , -1632.46    , array([ 1.4418     ,  0.0678327  ,  3.32877e-77,  7.49563e-78,  0.0242933  ])
255081  , -1632.46    , array([ 1.4418     ,  0.0678327  ,  3.32877e-77,  7.49563e-78,  0.0242933  ])
255082  , -1632.46    , array([ 1.44325    ,  0.0678327  ,  3.32877e-77,  7.49563e-78,  0.0242933  ])
255083  , -1632.46    , array([ 1.4418     ,  0.0679006  ,  3.32877e-77,  7.49563e-78,  0.0242933  ])
255084  , -1632.46    , array([ 1.4418     ,  0.0678327  ,  3.3321e-77 ,  7.49563e-78,  0.0242933  ])
255085  , -1632.46    , array([ 1.4418     ,  0.0678327  ,  3.32877e-77,  7.50313e-78,  0.0242933  ])
255086  , -1632.46    , array([ 1.4418     ,  0.0678327  ,  3.32877e-77,  7.49563e-78,  0.0243176  ])
255087  , -1632.46    , array([ 1.4418     ,  0.0678327  ,  3.32877e-77,  7.49563e-78,  0.0242933  ])
255088  , -1632.46    , array([ 1.4418     ,  0.0678327  ,  3.32877e-77,  7.49563e-78,  0.0242933  ])
255089  , -1632.46    , array([ 1.44325    ,  0.0678327  ,  3.32877e-77,  7.49563e-78,  0.0242933  ])
255090  , -1632.46    , array([ 1.4418     ,  0.0679006  ,  3.32877e-77,  7.49563e-78,  0.0242933  ])
255091  , -1632.46    , array([ 1.4418     ,  0.0678327  ,  3.3321e-77 ,  7.49563e-78,  0.0242933  ])
255092  , -1632.46    , array([ 1.4418     ,  0.0678327  ,  3.32877e-77,  7.50313e-78,  0.0242933  ])
255093  , -1632.46    , array([ 1.4418     ,  0.0678327  ,  3.32877e-77,  7.49563e-78,  0.0243176  ])
255094  , -1632.46    , array([ 1.4418     ,  0.0678327  ,  3.32877e-77,  7.49563e-78,  0.0242933  ])
255095  , -1632.46    , array([ 1.4418     ,  0.0678327  ,  3.32877e-77,  7.49563e-78,  0.0242933  ])
255096  , -1632.46    , array([ 1.44325    ,  0.0678327  ,  3.32877e-77,  7.49563e-78,  0.0242933  ])
255097  , -1632.46    , array([ 1.4418     ,  0.0679006  ,  3.32877e-77,  7.49563e-78,  0.0242933  ])
255098  , -1632.46    , array([ 1.4418     ,  0.0678327  ,  3.3321e-77 ,  7.49563e-78,  0.0242933  ])
255099  , -1632.46    , array([ 1.4418     ,  0.0678327  ,  3.32877e-77,  7.50313e-78,  0.0242933  ])
255100  , -1632.46    , array([ 1.4418     ,  0.0678327  ,  3.32877e-77,  7.49563e-78,  0.0243176  ])
255101  , -1632.46    , array([ 1.4418     ,  0.0678327  ,  3.32877e-77,  7.49563e-78,  0.0242933  ])
255102  , -1632.46    , array([ 1.4418     ,  0.0678327  ,  3.32877e-77,  7.49563e-78,  0.0242933  ])
255103  , -1632.46    , array([ 1.44325    ,  0.0678327  ,  3.32877e-77,  7.49563e-78,  0.0242933  ])
255104  , -1632.46    , array([ 1.4418     ,  0.0679006  ,  3.32877e-77,  7.49563e-78,  0.0242933  ])
255105  , -1632.46    , array([ 1.4418     ,  0.0678327  ,  3.3321e-77 ,  7.49563e-78,  0.0242933  ])
255106  , -1632.46    , array([ 1.4418     ,  0.0678327  ,  3.32877e-77,  7.50313e-78,  0.0242933  ])
255107  , -1632.46    , array([ 1.4418     ,  0.0678327  ,  3.32877e-77,  7.49563e-78,  0.0243176  ])
255108  , -1632.46    , array([ 1.4418     ,  0.0678327  ,  3.32877e-77,  7.49563e-78,  0.0242933  ])
255109  , -1632.46    , array([ 1.4418     ,  0.0678327  ,  3.32877e-77,  7.49563e-78,  0.0242933  ])
255110  , -1632.46    , array([ 1.44325    ,  0.0678327  ,  3.32877e-77,  7.49563e-78,  0.0242933  ])
255111  , -1632.46    , array([ 1.4418     ,  0.0679006  ,  3.32877e-77,  7.49563e-78,  0.0242933  ])
255112  , -1632.46    , array([ 1.4418     ,  0.0678327  ,  3.3321e-77 ,  7.49563e-78,  0.0242933  ])
255113  , -1632.46    , array([ 1.4418     ,  0.0678327  ,  3.32877e-77,  7.50313e-78,  0.0242933  ])
255114  , -1632.46    , array([ 1.4418     ,  0.0678327  ,  3.32877e-77,  7.49563e-78,  0.0243176  ])
255115  , -1632.46    , array([ 1.4418     ,  0.0678327  ,  3.32877e-77,  7.49563e-78,  0.0242933  ])
255116  , -1632.46    , array([ 1.4418     ,  0.0678327  ,  3.32877e-77,  7.49563e-78,  0.0242933  ])
255117  , -1632.46    , array([ 1.44325    ,  0.0678327  ,  3.32877e-77,  7.49563e-78,  0.0242933  ])
255118  , -1632.46    , array([ 1.4418     ,  0.0679006  ,  3.32877e-77,  7.49563e-78,  0.0242933  ])
255119  , -1632.46    , array([ 1.4418     ,  0.0678327  ,  3.3321e-77 ,  7.49563e-78,  0.0242933  ])
255120  , -1632.46    , array([ 1.4418     ,  0.0678327  ,  3.32877e-77,  7.50313e-78,  0.0242933  ])
255121  , -1632.46    , array([ 1.4418     ,  0.0678327  ,  3.32877e-77,  7.49563e-78,  0.0243176  ])
255122  , -1632.46    , array([ 1.4418     ,  0.0678327  ,  3.32877e-77,  7.49563e-78,  0.0242933  ])
255123  , -1632.46    , array([ 1.4418     ,  0.0678327  ,  3.32877e-77,  7.49563e-78,  0.0242933  ])
255124  , -1632.46    , array([ 1.44325    ,  0.0678327  ,  3.32877e-77,  7.49563e-78,  0.0242933  ])
255125  , -1632.46    , array([ 1.4418     ,  0.0679006  ,  3.32877e-77,  7.49563e-78,  0.0242933  ])
255126  , -1632.46    , array([ 1.4418     ,  0.0678327  ,  3.3321e-77 ,  7.49563e-78,  0.0242933  ])
255127  , -1632.46    , array([ 1.4418     ,  0.0678327  ,  3.32877e-77,  7.50313e-78,  0.0242933  ])
255128  , -1632.46    , array([ 1.4418     ,  0.0678327  ,  3.32877e-77,  7.49563e-78,  0.0243176  ])
255129  , -1632.46    , array([ 1.4418     ,  0.0678327  ,  3.32877e-77,  7.49563e-78,  0.0242933  ])
255130  , -1632.46    , array([ 1.4418     ,  0.0678327  ,  3.32877e-77,  7.49563e-78,  0.0242933  ])
255131  , -1632.46    , array([ 1.44325    ,  0.0678327  ,  3.32877e-77,  7.49563e-78,  0.0242933  ])
255132  , -1632.46    , array([ 1.4418     ,  0.0679006  ,  3.32877e-77,  7.49563e-78,  0.0242933  ])
255133  , -1632.46    , array([ 1.4418     ,  0.0678327  ,  3.3321e-77 ,  7.49563e-78,  0.0242933  ])
255134  , -1632.46    , array([ 1.4418     ,  0.0678327  ,  3.32877e-77,  7.50313e-78,  0.0242933  ])
255135  , -1632.46    , array([ 1.4418     ,  0.0678327  ,  3.32877e-77,  7.49563e-78,  0.0243176  ])
255136  , -1632.46    , array([ 1.4418     ,  0.0678327  ,  3.32877e-77,  7.49563e-78,  0.0242933  ])
255137  , -1632.46    , array([ 1.4418     ,  0.0678327  ,  3.32877e-77,  7.49563e-78,  0.0242933  ])
255138  , -1632.46    , array([ 1.44325    ,  0.0678327  ,  3.32877e-77,  7.49563e-78,  0.0242933  ])
255139  , -1632.46    , array([ 1.4418     ,  0.0679006  ,  3.32877e-77,  7.49563e-78,  0.0242933  ])
255140  , -1632.46    , array([ 1.4418     ,  0.0678327  ,  3.3321e-77 ,  7.49563e-78,  0.0242933  ])
255141  , -1632.46    , array([ 1.4418     ,  0.0678327  ,  3.32877e-77,  7.50313e-78,  0.0242933  ])
255142  , -1632.46    , array([ 1.4418     ,  0.0678327  ,  3.32877e-77,  7.49563e-78,  0.0243176  ])
255143  , -1632.46    , array([ 1.4418     ,  0.0678327  ,  3.32877e-77,  7.49563e-78,  0.0242933  ])
255144  , -1632.46    , array([ 1.4418     ,  0.0678327  ,  3.32877e-77,  7.49563e-78,  0.0242933  ])
255145  , -1632.46    , array([ 1.44325    ,  0.0678327  ,  3.32877e-77,  7.49563e-78,  0.0242933  ])
255146  , -1632.46    , array([ 1.4418     ,  0.0679006  ,  3.32877e-77,  7.49563e-78,  0.0242933  ])
255147  , -1632.46    , array([ 1.4418     ,  0.0678327  ,  3.3321e-77 ,  7.49563e-78,  0.0242933  ])
255148  , -1632.46    , array([ 1.4418     ,  0.0678327  ,  3.32877e-77,  7.50313e-78,  0.0242933  ])
255149  , -1632.46    , array([ 1.4418     ,  0.0678327  ,  3.32877e-77,  7.49563e-78,  0.0243176  ])
255150  , -1632.46    , array([ 1.4418     ,  0.0678327  ,  3.32877e-77,  7.49563e-78,  0.0242933  ])
255151  , -1632.46    , array([ 1.4418     ,  0.0678327  ,  3.32877e-77,  7.49563e-78,  0.0242933  ])
255152  , -1632.46    , array([ 1.44325    ,  0.0678327  ,  3.32877e-77,  7.49563e-78,  0.0242933  ])
255153  , -1632.46    , array([ 1.4418     ,  0.0679006  ,  3.32877e-77,  7.49563e-78,  0.0242933  ])
255154  , -1632.46    , array([ 1.4418     ,  0.0678327  ,  3.3321e-77 ,  7.49563e-78,  0.0242933  ])
255155  , -1632.46    , array([ 1.4418     ,  0.0678327  ,  3.32877e-77,  7.50313e-78,  0.0242933  ])
255156  , -1632.46    , array([ 1.4418     ,  0.0678327  ,  3.32877e-77,  7.49563e-78,  0.0243176  ])
255157  , -1632.46    , array([ 1.4418     ,  0.0678327  ,  3.32877e-77,  7.49563e-78,  0.0242933  ])
255158  , -1632.46    , array([ 1.4418     ,  0.0678327  ,  3.32877e-77,  7.49563e-78,  0.0242933  ])
255159  , -1632.46    , array([ 1.44325    ,  0.0678327  ,  3.32877e-77,  7.49563e-78,  0.0242933  ])
255160  , -1632.46    , array([ 1.4418     ,  0.0679006  ,  3.32877e-77,  7.49563e-78,  0.0242933  ])
255161  , -1632.46    , array([ 1.4418     ,  0.0678327  ,  3.3321e-77 ,  7.49563e-78,  0.0242933  ])
255162  , -1632.46    , array([ 1.4418     ,  0.0678327  ,  3.32877e-77,  7.50313e-78,  0.0242933  ])
255163  , -1632.46    , array([ 1.4418     ,  0.0678327  ,  3.32877e-77,  7.49563e-78,  0.0243176  ])
255164  , -1632.46    , array([ 1.4418     ,  0.0678327  ,  3.32877e-77,  7.49563e-78,  0.0242933  ])
255165  , -1632.46    , array([ 1.4418     ,  0.0678327  ,  3.32877e-77,  7.49563e-78,  0.0242933  ])
255166  , -1632.46    , array([ 1.44325    ,  0.0678327  ,  3.32877e-77,  7.49563e-78,  0.0242933  ])
255167  , -1632.46    , array([ 1.4418     ,  0.0679006  ,  3.32877e-77,  7.49563e-78,  0.0242933  ])
255168  , -1632.46    , array([ 1.4418     ,  0.0678327  ,  3.3321e-77 ,  7.49563e-78,  0.0242933  ])
255169  , -1632.46    , array([ 1.4418     ,  0.0678327  ,  3.32877e-77,  7.50313e-78,  0.0242933  ])
255170  , -1632.46    , array([ 1.4418     ,  0.0678327  ,  3.32877e-77,  7.49563e-78,  0.0243176  ])
255171  , -1632.46    , array([ 1.4418     ,  0.0678327  ,  3.32877e-77,  7.49563e-78,  0.0242933  ])
255172  , -1632.46    , array([ 1.4418     ,  0.0678327  ,  3.32877e-77,  7.49563e-78,  0.0242933  ])
255173  , -1632.46    , array([ 1.44325    ,  0.0678327  ,  3.32877e-77,  7.49563e-78,  0.0242933  ])
255174  , -1632.46    , array([ 1.4418     ,  0.0679006  ,  3.32877e-77,  7.49563e-78,  0.0242933  ])
255175  , -1632.46    , array([ 1.4418     ,  0.0678327  ,  3.3321e-77 ,  7.49563e-78,  0.0242933  ])
255176  , -1632.46    , array([ 1.4418     ,  0.0678327  ,  3.32877e-77,  7.50313e-78,  0.0242933  ])
255177  , -1632.46    , array([ 1.4418     ,  0.0678327  ,  3.32877e-77,  7.49563e-78,  0.0243176  ])
255178  , -1632.46    , array([ 1.4418     ,  0.0678327  ,  3.32877e-77,  7.49563e-78,  0.0242933  ])
255179  , -1632.46    , array([ 1.4418     ,  0.0678327  ,  3.32877e-77,  7.49563e-78,  0.0242933  ])
255180  , -1632.46    , array([ 1.44325    ,  0.0678327  ,  3.32877e-77,  7.49563e-78,  0.0242933  ])
255181  , -1632.46    , array([ 1.4418     ,  0.0679006  ,  3.32877e-77,  7.49563e-78,  0.0242933  ])
255182  , -1632.46    , array([ 1.4418     ,  0.0678327  ,  3.3321e-77 ,  7.49563e-78,  0.0242933  ])
255183  , -1632.46    , array([ 1.4418     ,  0.0678327  ,  3.32877e-77,  7.50313e-78,  0.0242933  ])
255184  , -1632.46    , array([ 1.4418     ,  0.0678327  ,  3.32877e-77,  7.49563e-78,  0.0243176  ])
255185  , -1632.46    , array([ 1.4418     ,  0.0678327  ,  3.32877e-77,  7.49563e-78,  0.0242933  ])
255186  , -1632.46    , array([ 1.4418     ,  0.0678327  ,  3.32877e-77,  7.49563e-78,  0.0242933  ])
255187  , -1632.46    , array([ 1.44325    ,  0.0678327  ,  3.32877e-77,  7.49563e-78,  0.0242933  ])
255188  , -1632.46    , array([ 1.4418     ,  0.0679006  ,  3.32877e-77,  7.49563e-78,  0.0242933  ])
255189  , -1632.46    , array([ 1.4418     ,  0.0678327  ,  3.3321e-77 ,  7.49563e-78,  0.0242933  ])
255190  , -1632.46    , array([ 1.4418     ,  0.0678327  ,  3.32877e-77,  7.50313e-78,  0.0242933  ])
255191  , -1632.46    , array([ 1.4418     ,  0.0678327  ,  3.32877e-77,  7.49563e-78,  0.0243176  ])
255192  , -1632.46    , array([ 1.4418     ,  0.0678327  ,  3.32877e-77,  7.49563e-78,  0.0242933  ])
255193  , -1632.46    , array([ 1.4418     ,  0.0678327  ,  3.32877e-77,  7.49563e-78,  0.0242933  ])
255194  , -1632.46    , array([ 1.44325    ,  0.0678327  ,  3.32877e-77,  7.49563e-78,  0.0242933  ])
255195  , -1632.46    , array([ 1.4418     ,  0.0679006  ,  3.32877e-77,  7.49563e-78,  0.0242933  ])
255196  , -1632.46    , array([ 1.4418     ,  0.0678327  ,  3.3321e-77 ,  7.49563e-78,  0.0242933  ])
255197  , -1632.46    , array([ 1.4418     ,  0.0678327  ,  3.32877e-77,  7.50313e-78,  0.0242933  ])
255198  , -1632.46    , array([ 1.4418     ,  0.0678327  ,  3.32877e-77,  7.49563e-78,  0.0243176  ])
255199  , -1632.46    , array([ 1.4418     ,  0.0678327  ,  3.32877e-77,  7.49563e-78,  0.0242933  ])
255200  , -1632.46    , array([ 1.4418     ,  0.0678327  ,  3.32877e-77,  7.49563e-78,  0.0242933  ])
255201  , -1632.46    , array([ 1.44325    ,  0.0678327  ,  3.32877e-77,  7.49563e-78,  0.0242933  ])
255202  , -1632.46    , array([ 1.4418     ,  0.0679006  ,  3.32877e-77,  7.49563e-78,  0.0242933  ])
255203  , -1632.46    , array([ 1.4418     ,  0.0678327  ,  3.3321e-77 ,  7.49563e-78,  0.0242933  ])
255204  , -1632.46    , array([ 1.4418     ,  0.0678327  ,  3.32877e-77,  7.50313e-78,  0.0242933  ])
255205  , -1632.46    , array([ 1.4418     ,  0.0678327  ,  3.32877e-77,  7.49563e-78,  0.0243176  ])
255206  , -1632.46    , array([ 1.4418     ,  0.0678327  ,  3.32877e-77,  7.49563e-78,  0.0242933  ])
255207  , -1632.46    , array([ 1.4418     ,  0.0678327  ,  3.32877e-77,  7.49563e-78,  0.0242933  ])
255208  , -1632.46    , array([ 1.44325    ,  0.0678327  ,  3.32877e-77,  7.49563e-78,  0.0242933  ])
255209  , -1632.46    , array([ 1.4418     ,  0.0679006  ,  3.32877e-77,  7.49563e-78,  0.0242933  ])
255210  , -1632.46    , array([ 1.4418     ,  0.0678327  ,  3.3321e-77 ,  7.49563e-78,  0.0242933  ])
255211  , -1632.46    , array([ 1.4418     ,  0.0678327  ,  3.32877e-77,  7.50313e-78,  0.0242933  ])
255212  , -1632.46    , array([ 1.4418     ,  0.0678327  ,  3.32877e-77,  7.49563e-78,  0.0243176  ])
255213  , -1632.46    , array([ 1.4418     ,  0.0678327  ,  3.32877e-77,  7.49563e-78,  0.0242933  ])
255214  , -1632.46    , array([ 1.4418     ,  0.0678327  ,  3.32877e-77,  7.49563e-78,  0.0242933  ])
255215  , -1632.46    , array([ 1.44325    ,  0.0678327  ,  3.32877e-77,  7.49563e-78,  0.0242933  ])
255216  , -1632.46    , array([ 1.4418     ,  0.0679006  ,  3.32877e-77,  7.49563e-78,  0.0242933  ])
255217  , -1632.46    , array([ 1.4418     ,  0.0678327  ,  3.3321e-77 ,  7.49563e-78,  0.0242933  ])
255218  , -1632.46    , array([ 1.4418     ,  0.0678327  ,  3.32877e-77,  7.50313e-78,  0.0242933  ])
255219  , -1632.46    , array([ 1.4418     ,  0.0678327  ,  3.32877e-77,  7.49563e-78,  0.0243176  ])
255220  , -1632.46    , array([ 1.4418     ,  0.0678327  ,  3.32877e-77,  7.49563e-78,  0.0242933  ])
255221  , -1632.46    , array([ 1.4418     ,  0.0678327  ,  3.32877e-77,  7.49563e-78,  0.0242933  ])
255222  , -1632.46    , array([ 1.44325    ,  0.0678327  ,  3.32877e-77,  7.49563e-78,  0.0242933  ])
255223  , -1632.46    , array([ 1.4418     ,  0.0679006  ,  3.32877e-77,  7.49563e-78,  0.0242933  ])
255224  , -1632.46    , array([ 1.4418     ,  0.0678327  ,  3.3321e-77 ,  7.49563e-78,  0.0242933  ])
255225  , -1632.46    , array([ 1.4418     ,  0.0678327  ,  3.32877e-77,  7.50313e-78,  0.0242933  ])
255226  , -1632.46    , array([ 1.4418     ,  0.0678327  ,  3.32877e-77,  7.49563e-78,  0.0243176  ])
255227  , -1632.46    , array([ 1.4418     ,  0.0678327  ,  3.32877e-77,  7.49563e-78,  0.0242933  ])
255228  , -1632.46    , array([ 1.4418     ,  0.0678327  ,  3.32877e-77,  7.49563e-78,  0.0242933  ])
255229  , -1632.46    , array([ 1.44325    ,  0.0678327  ,  3.32877e-77,  7.49563e-78,  0.0242933  ])
255230  , -1632.46    , array([ 1.4418     ,  0.0679006  ,  3.32877e-77,  7.49563e-78,  0.0242933  ])
255231  , -1632.46    , array([ 1.4418     ,  0.0678327  ,  3.3321e-77 ,  7.49563e-78,  0.0242933  ])
255232  , -1632.46    , array([ 1.4418     ,  0.0678327  ,  3.32877e-77,  7.50313e-78,  0.0242933  ])
255233  , -1632.46    , array([ 1.4418     ,  0.0678327  ,  3.32877e-77,  7.49563e-78,  0.0243176  ])
255234  , -1632.46    , array([ 1.4418     ,  0.0678327  ,  3.32877e-77,  7.49563e-78,  0.0242933  ])
255235  , -1632.46    , array([ 1.4418     ,  0.0678327  ,  3.32877e-77,  7.49563e-78,  0.0242933  ])
255236  , -1632.46    , array([ 1.44325    ,  0.0678327  ,  3.32877e-77,  7.49563e-78,  0.0242933  ])
255237  , -1632.46    , array([ 1.4418     ,  0.0679006  ,  3.32877e-77,  7.49563e-78,  0.0242933  ])
255238  , -1632.46    , array([ 1.4418     ,  0.0678327  ,  3.3321e-77 ,  7.49563e-78,  0.0242933  ])
255239  , -1632.46    , array([ 1.4418     ,  0.0678327  ,  3.32877e-77,  7.50313e-78,  0.0242933  ])
255240  , -1632.46    , array([ 1.4418     ,  0.0678327  ,  3.32877e-77,  7.49563e-78,  0.0243176  ])
255241  , -1632.46    , array([ 1.4418     ,  0.0678327  ,  3.32877e-77,  7.49563e-78,  0.0242933  ])
255242  , -1632.46    , array([ 1.4418     ,  0.0678327  ,  3.32877e-77,  7.49563e-78,  0.0242933  ])
255243  , -1632.46    , array([ 1.44325    ,  0.0678327  ,  3.32877e-77,  7.49563e-78,  0.0242933  ])
255244  , -1632.46    , array([ 1.4418     ,  0.0679006  ,  3.32877e-77,  7.49563e-78,  0.0242933  ])
255245  , -1632.46    , array([ 1.4418     ,  0.0678327  ,  3.3321e-77 ,  7.49563e-78,  0.0242933  ])
255246  , -1632.46    , array([ 1.4418     ,  0.0678327  ,  3.32877e-77,  7.50313e-78,  0.0242933  ])
255247  , -1632.46    , array([ 1.4418     ,  0.0678327  ,  3.32877e-77,  7.49563e-78,  0.0243176  ])
255248  , -1632.46    , array([ 1.4418     ,  0.0678327  ,  3.32877e-77,  7.49563e-78,  0.0242933  ])
255249  , -1632.46    , array([ 1.4418     ,  0.0678327  ,  3.32877e-77,  7.49563e-78,  0.0242933  ])
255250  , -1632.46    , array([ 1.44325    ,  0.0678327  ,  3.32877e-77,  7.49563e-78,  0.0242933  ])
255251  , -1632.46    , array([ 1.4418     ,  0.0679006  ,  3.32877e-77,  7.49563e-78,  0.0242933  ])
255252  , -1632.46    , array([ 1.4418     ,  0.0678327  ,  3.3321e-77 ,  7.49563e-78,  0.0242933  ])
255253  , -1632.46    , array([ 1.4418     ,  0.0678327  ,  3.32877e-77,  7.50313e-78,  0.0242933  ])
255254  , -1632.46    , array([ 1.4418     ,  0.0678327  ,  3.32877e-77,  7.49563e-78,  0.0243176  ])
255255  , -1632.46    , array([ 1.4418     ,  0.0678327  ,  3.32877e-77,  7.49563e-78,  0.0242933  ])
255256  , -1632.46    , array([ 1.4418     ,  0.0678327  ,  3.32877e-77,  7.49563e-78,  0.0242933  ])
255257  , -1632.46    , array([ 1.44325    ,  0.0678327  ,  3.32877e-77,  7.49563e-78,  0.0242933  ])
255258  , -1632.46    , array([ 1.4418     ,  0.0679006  ,  3.32877e-77,  7.49563e-78,  0.0242933  ])
255259  , -1632.46    , array([ 1.4418     ,  0.0678327  ,  3.3321e-77 ,  7.49563e-78,  0.0242933  ])
255260  , -1632.46    , array([ 1.4418     ,  0.0678327  ,  3.32877e-77,  7.50313e-78,  0.0242933  ])
255261  , -1632.46    , array([ 1.4418     ,  0.0678327  ,  3.32877e-77,  7.49563e-78,  0.0243176  ])
255262  , -1632.46    , array([ 1.4418     ,  0.0678327  ,  3.32877e-77,  7.49563e-78,  0.0242933  ])
255263  , -1632.46    , array([ 1.4418     ,  0.0678327  ,  3.32877e-77,  7.49563e-78,  0.0242933  ])
255264  , -1632.46    , array([ 1.44325    ,  0.0678327  ,  3.32877e-77,  7.49563e-78,  0.0242933  ])
255265  , -1632.46    , array([ 1.4418     ,  0.0679006  ,  3.32877e-77,  7.49563e-78,  0.0242933  ])
255266  , -1632.46    , array([ 1.4418     ,  0.0678327  ,  3.3321e-77 ,  7.49563e-78,  0.0242933  ])
255267  , -1632.46    , array([ 1.4418     ,  0.0678327  ,  3.32877e-77,  7.50313e-78,  0.0242933  ])
255268  , -1632.46    , array([ 1.4418     ,  0.0678327  ,  3.32877e-77,  7.49563e-78,  0.0243176  ])
255269  , -1632.46    , array([ 1.4418     ,  0.0678327  ,  3.32877e-77,  7.49563e-78,  0.0242933  ])
255270  , -1632.46    , array([ 1.4418     ,  0.0678327  ,  3.32877e-77,  7.49563e-78,  0.0242933  ])
255271  , -1632.46    , array([ 1.44325    ,  0.0678327  ,  3.32877e-77,  7.49563e-78,  0.0242933  ])
255272  , -1632.46    , array([ 1.4418     ,  0.0679006  ,  3.32877e-77,  7.49563e-78,  0.0242933  ])
255273  , -1632.46    , array([ 1.4418     ,  0.0678327  ,  3.3321e-77 ,  7.49563e-78,  0.0242933  ])
255274  , -1632.46    , array([ 1.4418     ,  0.0678327  ,  3.32877e-77,  7.50313e-78,  0.0242933  ])
255275  , -1632.46    , array([ 1.4418     ,  0.0678327  ,  3.32877e-77,  7.49563e-78,  0.0243176  ])
255276  , -1632.46    , array([ 1.4418     ,  0.0678327  ,  3.32877e-77,  7.49563e-78,  0.0242933  ])
255277  , -1632.46    , array([ 1.4418     ,  0.0678327  ,  3.32877e-77,  7.49563e-78,  0.0242933  ])
255278  , -1632.46    , array([ 1.44325    ,  0.0678327  ,  3.32877e-77,  7.49563e-78,  0.0242933  ])
255279  , -1632.46    , array([ 1.4418     ,  0.0679006  ,  3.32877e-77,  7.49563e-78,  0.0242933  ])
255280  , -1632.46    , array([ 1.4418     ,  0.0678327  ,  3.3321e-77 ,  7.49563e-78,  0.0242933  ])
255281  , -1632.46    , array([ 1.4418     ,  0.0678327  ,  3.32877e-77,  7.50313e-78,  0.0242933  ])
255282  , -1632.46    , array([ 1.4418     ,  0.0678327  ,  3.32877e-77,  7.49563e-78,  0.0243176  ])
255283  , -1632.46    , array([ 1.4418     ,  0.0678327  ,  3.32877e-77,  7.49563e-78,  0.0242933  ])
255284  , -1632.46    , array([ 1.4418     ,  0.0678327  ,  3.32877e-77,  7.49563e-78,  0.0242933  ])
255285  , -1632.46    , array([ 1.44325    ,  0.0678327  ,  3.32877e-77,  7.49563e-78,  0.0242933  ])
255286  , -1632.46    , array([ 1.4418     ,  0.0679006  ,  3.32877e-77,  7.49563e-78,  0.0242933  ])
255287  , -1632.46    , array([ 1.4418     ,  0.0678327  ,  3.3321e-77 ,  7.49563e-78,  0.0242933  ])
255288  , -1632.46    , array([ 1.4418     ,  0.0678327  ,  3.32877e-77,  7.50313e-78,  0.0242933  ])
255289  , -1632.46    , array([ 1.4418     ,  0.0678327  ,  3.32877e-77,  7.49563e-78,  0.0243176  ])
255290  , -1632.46    , array([ 1.4418     ,  0.0678327  ,  3.32877e-77,  7.49563e-78,  0.0242933  ])
255291  , -1632.46    , array([ 1.4418     ,  0.0678327  ,  3.32877e-77,  7.49563e-78,  0.0242933  ])
255292  , -1632.46    , array([ 1.44325    ,  0.0678327  ,  3.32877e-77,  7.49563e-78,  0.0242933  ])
255293  , -1632.46    , array([ 1.4418     ,  0.0679006  ,  3.32877e-77,  7.49563e-78,  0.0242933  ])
255294  , -1632.46    , array([ 1.4418     ,  0.0678327  ,  3.3321e-77 ,  7.49563e-78,  0.0242933  ])
255295  , -1632.46    , array([ 1.4418     ,  0.0678327  ,  3.32877e-77,  7.50313e-78,  0.0242933  ])
255296  , -1632.46    , array([ 1.4418     ,  0.0678327  ,  3.32877e-77,  7.49563e-78,  0.0243176  ])
255297  , -1632.54    , array([ 1.43647    ,  0.0676506  ,  3.32877e-77,  7.49563e-78,  0.0242263  ])
255298  , -1632.5     , array([ 1.43914    ,  0.0677416  ,  3.32877e-77,  7.49563e-78,  0.0242598  ])
255299  , -1632.48    , array([ 1.44047    ,  0.0677871  ,  3.32877e-77,  7.49563e-78,  0.0242765  ])
255300  , -1632.47    , array([ 1.44114    ,  0.0678099  ,  3.32877e-77,  7.49563e-78,  0.0242849  ])
255301  , -1632.46    , array([ 1.44147    ,  0.0678213  ,  3.32877e-77,  7.49563e-78,  0.0242891  ])
255302  , -1632.46    , array([ 1.44164    ,  0.067827   ,  3.32877e-77,  7.49563e-78,  0.0242912  ])
255303  , -1632.46    , array([ 1.44172    ,  0.0678298  ,  3.32877e-77,  7.49563e-78,  0.0242923  ])
255304  , -1632.46    , array([ 1.44176    ,  0.0678313  ,  3.32877e-77,  7.49563e-78,  0.0242928  ])
255305  , -1632.46    , array([ 1.44178    ,  0.067832   ,  3.32877e-77,  7.49563e-78,  0.024293   ])
255306  , -1632.46    , array([ 1.44179    ,  0.0678323  ,  3.32877e-77,  7.49563e-78,  0.0242932  ])
255307  , -1632.46    , array([ 1.4418     ,  0.0678325  ,  3.32877e-77,  7.49563e-78,  0.0242932  ])
255308  , -1632.46    , array([ 1.4418     ,  0.0678326  ,  3.32877e-77,  7.49563e-78,  0.0242933  ])
