78049   , -78449.5    , array([ 3.99642    ,  0.446256   ,  1.5835e-51 ,  3.19217e-31,  0.000225879])
78050   , -78449.6    , array([ 4.00042    ,  0.446256   ,  1.5835e-51 ,  3.19217e-31,  0.000225879])
78051   , -78450.1    , array([ 3.99642    ,  0.446702   ,  1.5835e-51 ,  3.19217e-31,  0.000225879])
78052   , -78449.5    , array([ 3.99642    ,  0.446256   ,  1.58509e-51,  3.19217e-31,  0.000225879])
78053   , -78449.5    , array([ 3.99642    ,  0.446256   ,  1.5835e-51 ,  3.19537e-31,  0.000225879])
78054   , -78448.9    , array([ 3.99642    ,  0.446256   ,  1.5835e-51 ,  3.19217e-31,  0.000226105])
78055   , -78449.5    , array([ 3.99642    ,  0.446256   ,  1.5835e-51 ,  3.19217e-31,  0.000225879])
78056   , -76565.2    , array([ 3.79425    ,  0.225102   ,  1.5835e-51 ,  3.19217e-31,  0.000473904])
78057   , -76565.2    , array([ 3.79425    ,  0.225102   ,  1.5835e-51 ,  3.19217e-31,  0.000473904])
78058   , -76565.3    , array([ 3.79804    ,  0.225102   ,  1.5835e-51 ,  3.19217e-31,  0.000473904])
78059   , -76567.6    , array([ 3.79425    ,  0.225327   ,  1.5835e-51 ,  3.19217e-31,  0.000473904])
78060   , -76565.2    , array([ 3.79425    ,  0.225102   ,  1.58509e-51,  3.19217e-31,  0.000473904])
78061   , -76565.2    , array([ 3.79425    ,  0.225102   ,  1.5835e-51 ,  3.19537e-31,  0.000473904])
78062   , -76562.8    , array([ 3.79425    ,  0.225102   ,  1.5835e-51 ,  3.19217e-31,  0.000474378])
78063   , -7709.93    , array([ 3.08277    ,  0.0145734  ,  1.5835e-51 ,  3.19217e-31,  0.00918213 ])
78064   , -7709.93    , array([ 3.08277    ,  0.0145734  ,  1.5835e-51 ,  3.19217e-31,  0.00918213 ])
78065   , -7709.98    , array([ 3.08586    ,  0.0145734  ,  1.5835e-51 ,  3.19217e-31,  0.00918213 ])
78066   , -7689.94    , array([ 3.08277    ,  0.014588   ,  1.5835e-51 ,  3.19217e-31,  0.00918213 ])
78067   , -7709.93    , array([ 3.08277    ,  0.0145734  ,  1.58509e-51,  3.19217e-31,  0.00918213 ])
78068   , -7709.93    , array([ 3.08277    ,  0.0145734  ,  1.5835e-51 ,  3.19537e-31,  0.00918213 ])
78069   , -7729.03    , array([ 3.08277    ,  0.0145734  ,  1.5835e-51 ,  3.19217e-31,  0.00919132 ])
78070   , -74487.3    , array([ 3.70826    ,  0.166396   ,  1.5835e-51 ,  3.19217e-31,  0.000657345])
78071   , -74487.3    , array([ 3.70826    ,  0.166396   ,  1.5835e-51 ,  3.19217e-31,  0.000657345])
78072   , -74487.4    , array([ 3.71197    ,  0.166396   ,  1.5835e-51 ,  3.19217e-31,  0.000657345])
78073   , -74491.6    , array([ 3.70826    ,  0.166562   ,  1.5835e-51 ,  3.19217e-31,  0.000657345])
78074   , -74487.3    , array([ 3.70826    ,  0.166396   ,  1.58509e-51,  3.19217e-31,  0.000657345])
78075   , -74487.3    , array([ 3.70826    ,  0.166396   ,  1.5835e-51 ,  3.19537e-31,  0.000657345])
78076   , -74482.9    , array([ 3.70826    ,  0.166396   ,  1.5835e-51 ,  3.19217e-31,  0.000658002])
78077   , -2678.86    , array([ 3.16976    ,  0.0210313  ,  1.5835e-51 ,  3.19217e-31,  0.00617229 ])
78078   , -2678.86    , array([ 3.16976    ,  0.0210313  ,  1.5835e-51 ,  3.19217e-31,  0.00617229 ])
78079   , -2678.91    , array([ 3.17293    ,  0.0210313  ,  1.5835e-51 ,  3.19217e-31,  0.00617229 ])
78080   , -2684.27    , array([ 3.16976    ,  0.0210524  ,  1.5835e-51 ,  3.19217e-31,  0.00617229 ])
78081   , -2678.86    , array([ 3.16976    ,  0.0210313  ,  1.58509e-51,  3.19217e-31,  0.00617229 ])
78082   , -2678.86    , array([ 3.16976    ,  0.0210313  ,  1.5835e-51 ,  3.19537e-31,  0.00617229 ])
78083   , -2673.16    , array([ 3.16976    ,  0.0210313  ,  1.5835e-51 ,  3.19217e-31,  0.00617846 ])
78084   , -2161.3     , array([ 3.14875    ,  0.019266   ,  1.5835e-51 ,  3.19217e-31,  0.00678696 ])
78085   , -2161.3     , array([ 3.14875    ,  0.019266   ,  1.5835e-51 ,  3.19217e-31,  0.00678696 ])
78086   , -2161.35    , array([ 3.1519     ,  0.019266   ,  1.5835e-51 ,  3.19217e-31,  0.00678696 ])
78087   , -2161.14    , array([ 3.14875    ,  0.0192852  ,  1.5835e-51 ,  3.19217e-31,  0.00678696 ])
78088   , -2161.3     , array([ 3.14875    ,  0.019266   ,  1.58509e-51,  3.19217e-31,  0.00678696 ])
78089   , -2161.3     , array([ 3.14875    ,  0.019266   ,  1.5835e-51 ,  3.19537e-31,  0.00678696 ])
78090   , -2161.08    , array([ 3.14875    ,  0.019266   ,  1.5835e-51 ,  3.19217e-31,  0.00679375 ])
78098   , -2152.82    , array([ 3.12757    ,  0.0196487  ,  1.5835e-51 ,  3.19217e-31,  0.00702968 ])
78099   , -2152.82    , array([ 3.12757    ,  0.0196487  ,  1.5835e-51 ,  3.19217e-31,  0.00702968 ])
78100   , -2152.86    , array([ 3.1307     ,  0.0196487  ,  1.5835e-51 ,  3.19217e-31,  0.00702968 ])
78101   , -2152.18    , array([ 3.12757    ,  0.0196683  ,  1.5835e-51 ,  3.19217e-31,  0.00702968 ])
78102   , -2152.82    , array([ 3.12757    ,  0.0196487  ,  1.58509e-51,  3.19217e-31,  0.00702968 ])
78103   , -2152.82    , array([ 3.12757    ,  0.0196487  ,  1.5835e-51 ,  3.19537e-31,  0.00702968 ])
78104   , -2153.06    , array([ 3.12757    ,  0.0196487  ,  1.5835e-51 ,  3.19217e-31,  0.00703671 ])
78105   , -2134.24    , array([ 2.80594    ,  0.0202857  ,  1.5835e-51 ,  3.19217e-31,  0.00726593 ])
78106   , -2134.24    , array([ 2.80594    ,  0.0202857  ,  1.5835e-51 ,  3.19217e-31,  0.00726593 ])
78107   , -2134.29    , array([ 2.80874    ,  0.0202857  ,  1.5835e-51 ,  3.19217e-31,  0.00726593 ])
78108   , -2133.58    , array([ 2.80594    ,  0.020306   ,  1.5835e-51 ,  3.19217e-31,  0.00726593 ])
78109   , -2134.24    , array([ 2.80594    ,  0.0202857  ,  1.58509e-51,  3.19217e-31,  0.00726593 ])
78110   , -2134.24    , array([ 2.80594    ,  0.0202857  ,  1.5835e-51 ,  3.19537e-31,  0.00726593 ])
78111   , -2134.5     , array([ 2.80594    ,  0.0202857  ,  1.5835e-51 ,  3.19217e-31,  0.0072732  ])
78112   , -2051.85    , array([ 1.81785    ,  0.0230471  ,  1.5835e-51 ,  3.19217e-31,  0.00829305 ])
78113   , -2051.85    , array([ 1.81785    ,  0.0230471  ,  1.5835e-51 ,  3.19217e-31,  0.00829305 ])
78114   , -2051.92    , array([ 1.81967    ,  0.0230471  ,  1.5835e-51 ,  3.19217e-31,  0.00829305 ])
78115   , -2051.08    , array([ 1.81785    ,  0.0230701  ,  1.5835e-51 ,  3.19217e-31,  0.00829305 ])
78116   , -2051.85    , array([ 1.81785    ,  0.0230471  ,  1.58509e-51,  3.19217e-31,  0.00829305 ])
78117   , -2051.85    , array([ 1.81785    ,  0.0230471  ,  1.5835e-51 ,  3.19537e-31,  0.00829305 ])
78118   , -2052.18    , array([ 1.81785    ,  0.0230471  ,  1.5835e-51 ,  3.19217e-31,  0.00830135 ])
78119   , -2589.12    , array([ 0.320243   ,  0.0383988  ,  1.5835e-51 ,  3.19217e-31,  0.0140736  ])
78120   , -2589.12    , array([ 0.320243   ,  0.0383988  ,  1.5835e-51 ,  3.19217e-31,  0.0140736  ])
78121   , -2587.11    , array([ 0.320564   ,  0.0383988  ,  1.5835e-51 ,  3.19217e-31,  0.0140736  ])
78122   , -2587.82    , array([ 0.320243   ,  0.0384373  ,  1.5835e-51 ,  3.19217e-31,  0.0140736  ])
78123   , -2589.12    , array([ 0.320243   ,  0.0383988  ,  1.58509e-51,  3.19217e-31,  0.0140736  ])
78124   , -2589.12    , array([ 0.320243   ,  0.0383988  ,  1.5835e-51 ,  3.19537e-31,  0.0140736  ])
78125   , -2591.74    , array([ 0.320243   ,  0.0383988  ,  1.5835e-51 ,  3.19217e-31,  0.0140877  ])
78126   , -1927.91    , array([ 0.96785    ,  0.0277395  ,  1.5835e-51 ,  3.19217e-31,  0.0100484  ])
78127   , -1927.91    , array([ 0.96785    ,  0.0277395  ,  1.5835e-51 ,  3.19217e-31,  0.0100484  ])
78128   , -1927.94    , array([ 0.968818   ,  0.0277395  ,  1.5835e-51 ,  3.19217e-31,  0.0100484  ])
78129   , -1926.95    , array([ 0.96785    ,  0.0277673  ,  1.5835e-51 ,  3.19217e-31,  0.0100484  ])
78130   , -1927.91    , array([ 0.96785    ,  0.0277395  ,  1.58509e-51,  3.19217e-31,  0.0100484  ])
78131   , -1927.91    , array([ 0.96785    ,  0.0277395  ,  1.5835e-51 ,  3.19537e-31,  0.0100484  ])
78132   , -1928.44    , array([ 0.96785    ,  0.0277395  ,  1.5835e-51 ,  3.19217e-31,  0.0100585  ])
78133   , -1902.96    , array([ 0.707854   ,  0.0304119  ,  1.5835e-51 ,  3.19217e-31,  0.0110531  ])
78134   , -1902.96    , array([ 0.707854   ,  0.0304119  ,  1.5835e-51 ,  3.19217e-31,  0.0110531  ])
78135   , -1902.84    , array([ 0.708562   ,  0.0304119  ,  1.5835e-51 ,  3.19217e-31,  0.0110531  ])
78136   , -1901.88    , array([ 0.707854   ,  0.0304424  ,  1.5835e-51 ,  3.19217e-31,  0.0110531  ])
78137   , -1902.96    , array([ 0.707854   ,  0.0304119  ,  1.58509e-51,  3.19217e-31,  0.0110531  ])
78138   , -1902.96    , array([ 0.707854   ,  0.0304119  ,  1.5835e-51 ,  3.19537e-31,  0.0110531  ])
78139   , -1903.71    , array([ 0.707854   ,  0.0304119  ,  1.5835e-51 ,  3.19217e-31,  0.0110641  ])
78140   , -2059.3     , array([ 1.33411    ,  0.121543   ,  1.5835e-51 ,  3.19217e-31,  0.0459359  ])
78141   , -2059.3     , array([ 1.33411    ,  0.121543   ,  1.5835e-51 ,  3.19217e-31,  0.0459359  ])
78142   , -2058.79    , array([ 1.33544    ,  0.121543   ,  1.5835e-51 ,  3.19217e-31,  0.0459359  ])
78143   , -2058.11    , array([ 1.33411    ,  0.121665   ,  1.5835e-51 ,  3.19217e-31,  0.0459359  ])
78144   , -2059.3     , array([ 1.33411    ,  0.121543   ,  1.58509e-51,  3.19217e-31,  0.0459359  ])
78145   , -2059.3     , array([ 1.33411    ,  0.121543   ,  1.5835e-51 ,  3.19537e-31,  0.0459359  ])
78146   , -2062       , array([ 1.33411    ,  0.121543   ,  1.5835e-51 ,  3.19217e-31,  0.0459818  ])
78147   , -1712.66    , array([ 0.949017   ,  0.057728   ,  1.5835e-51 ,  3.19217e-31,  0.0213639  ])
78148   , -1712.66    , array([ 0.949017   ,  0.057728   ,  1.5835e-51 ,  3.19217e-31,  0.0213639  ])
78149   , -1712.36    , array([ 0.949967   ,  0.057728   ,  1.5835e-51 ,  3.19217e-31,  0.0213639  ])
78150   , -1711.46    , array([ 0.949017   ,  0.0577857  ,  1.5835e-51 ,  3.19217e-31,  0.0213639  ])
78151   , -1712.66    , array([ 0.949017   ,  0.057728   ,  1.58509e-51,  3.19217e-31,  0.0213639  ])
78152   , -1712.66    , array([ 0.949017   ,  0.057728   ,  1.5835e-51 ,  3.19537e-31,  0.0213639  ])
78153   , -1713.87    , array([ 0.949017   ,  0.057728   ,  1.5835e-51 ,  3.19217e-31,  0.0213853  ])
78154   , -2118.47    , array([ 3.94008    ,  0.11827    ,  1.5835e-51 ,  3.19217e-31,  0.04441    ])
78155   , -2118.47    , array([ 3.94008    ,  0.11827    ,  1.5835e-51 ,  3.19217e-31,  0.04441    ])
78156   , -2118.8     , array([ 3.94402    ,  0.11827    ,  1.5835e-51 ,  3.19217e-31,  0.04441    ])
78157   , -2117.86    , array([ 3.94008    ,  0.118389   ,  1.5835e-51 ,  3.19217e-31,  0.04441    ])
78158   , -2118.47    , array([ 3.94008    ,  0.11827    ,  1.58509e-51,  3.19217e-31,  0.04441    ])
78159   , -2118.47    , array([ 3.94008    ,  0.11827    ,  1.5835e-51 ,  3.19537e-31,  0.04441    ])
78160   , -2120.42    , array([ 3.94008    ,  0.11827    ,  1.5835e-51 ,  3.19217e-31,  0.0444545  ])
78161   , -1654.36    , array([ 1.39102    ,  0.0699929  ,  1.5835e-51 ,  3.19217e-31,  0.0260042  ])
78162   , -1654.36    , array([ 1.39102    ,  0.0699929  ,  1.5835e-51 ,  3.19217e-31,  0.0260042  ])
78163   , -1654.31    , array([ 1.39241    ,  0.0699929  ,  1.5835e-51 ,  3.19217e-31,  0.0260042  ])
78164   , -1653.29    , array([ 1.39102    ,  0.0700629  ,  1.5835e-51 ,  3.19217e-31,  0.0260042  ])
78165   , -1654.36    , array([ 1.39102    ,  0.0699929  ,  1.58509e-51,  3.19217e-31,  0.0260042  ])
78166   , -1654.36    , array([ 1.39102    ,  0.0699929  ,  1.5835e-51 ,  3.19537e-31,  0.0260042  ])
78167   , -1655.52    , array([ 1.39102    ,  0.0699929  ,  1.5835e-51 ,  3.19217e-31,  0.0260302  ])
78168   , -1637.55    , array([ 1.41478    ,  0.06302    ,  1.5835e-51 ,  3.19217e-31,  0.0225885  ])
78169   , -1637.55    , array([ 1.41478    ,  0.06302    ,  1.5835e-51 ,  3.19217e-31,  0.0225885  ])
78170   , -1637.56    , array([ 1.4162     ,  0.06302    ,  1.5835e-51 ,  3.19217e-31,  0.0225885  ])
78171   , -1637.48    , array([ 1.41478    ,  0.0630831  ,  1.5835e-51 ,  3.19217e-31,  0.0225885  ])
78172   , -1637.55    , array([ 1.41478    ,  0.06302    ,  1.58509e-51,  3.19217e-31,  0.0225885  ])
78173   , -1637.55    , array([ 1.41478    ,  0.06302    ,  1.5835e-51 ,  3.19537e-31,  0.0225885  ])
78174   , -1637.55    , array([ 1.41478    ,  0.06302    ,  1.5835e-51 ,  3.19217e-31,  0.0226111  ])
78175   , -1632.34    , array([ 1.44565    ,  0.0687654  ,  1.5835e-51 ,  3.19217e-31,  0.0245585  ])
78176   , -1632.34    , array([ 1.44565    ,  0.0687654  ,  1.5835e-51 ,  3.19217e-31,  0.0245585  ])
78177   , -1632.34    , array([ 1.4471     ,  0.0687654  ,  1.5835e-51 ,  3.19217e-31,  0.0245585  ])
78178   , -1632.43    , array([ 1.44565    ,  0.0688342  ,  1.5835e-51 ,  3.19217e-31,  0.0245585  ])
78179   , -1632.34    , array([ 1.44565    ,  0.0687654  ,  1.58509e-51,  3.19217e-31,  0.0245585  ])
78180   , -1632.34    , array([ 1.44565    ,  0.0687654  ,  1.5835e-51 ,  3.19537e-31,  0.0245585  ])
78181   , -1632.26    , array([ 1.44565    ,  0.0687654  ,  1.5835e-51 ,  3.19217e-31,  0.0245831  ])
78182   , -1632.56    , array([ 1.43636    ,  0.0675958  ,  1.5835e-51 ,  3.19217e-31,  0.0242085  ])
78183   , -1632.56    , array([ 1.43636    ,  0.0675958  ,  1.5835e-51 ,  3.19217e-31,  0.0242085  ])
78184   , -1632.56    , array([ 1.4378     ,  0.0675958  ,  1.5835e-51 ,  3.19217e-31,  0.0242085  ])
78185   , -1632.56    , array([ 1.43636    ,  0.0676634  ,  1.5835e-51 ,  3.19217e-31,  0.0242085  ])
78186   , -1632.56    , array([ 1.43636    ,  0.0675958  ,  1.58509e-51,  3.19217e-31,  0.0242085  ])
78187   , -1632.56    , array([ 1.43636    ,  0.0675958  ,  1.5835e-51 ,  3.19537e-31,  0.0242085  ])
78188   , -1632.56    , array([ 1.43636    ,  0.0675958  ,  1.5835e-51 ,  3.19217e-31,  0.0242327  ])
78189   , -1632.34    , array([ 1.44395    ,  0.0685508  ,  1.5835e-51 ,  3.19217e-31,  0.0244943  ])
78190   , -1632.34    , array([ 1.44395    ,  0.0685508  ,  1.5835e-51 ,  3.19217e-31,  0.0244943  ])
78191   , -1632.34    , array([ 1.4454     ,  0.0685508  ,  1.5835e-51 ,  3.19217e-31,  0.0244943  ])
78192   , -1632.41    , array([ 1.44395    ,  0.0686194  ,  1.5835e-51 ,  3.19217e-31,  0.0244943  ])
78193   , -1632.34    , array([ 1.44395    ,  0.0685508  ,  1.58509e-51,  3.19217e-31,  0.0244943  ])
78194   , -1632.34    , array([ 1.44395    ,  0.0685508  ,  1.5835e-51 ,  3.19537e-31,  0.0244943  ])
78195   , -1632.27    , array([ 1.44395    ,  0.0685508  ,  1.5835e-51 ,  3.19217e-31,  0.0245189  ])
78196   , -1632.33    , array([ 1.44526    ,  0.0687164  ,  1.5835e-51 ,  3.19217e-31,  0.0245438  ])
78197   , -1632.33    , array([ 1.44526    ,  0.0687164  ,  1.5835e-51 ,  3.19217e-31,  0.0245438  ])
78198   , -1632.33    , array([ 1.44671    ,  0.0687164  ,  1.5835e-51 ,  3.19217e-31,  0.0245438  ])
78199   , -1632.42    , array([ 1.44526    ,  0.0687851  ,  1.5835e-51 ,  3.19217e-31,  0.0245438  ])
78200   , -1632.33    , array([ 1.44526    ,  0.0687164  ,  1.58509e-51,  3.19217e-31,  0.0245438  ])
78201   , -1632.33    , array([ 1.44526    ,  0.0687164  ,  1.5835e-51 ,  3.19537e-31,  0.0245438  ])
78202   , -1632.26    , array([ 1.44526    ,  0.0687164  ,  1.5835e-51 ,  3.19217e-31,  0.0245684  ])
78203   , -1632.33    , array([ 1.4444     ,  0.068607   ,  1.5835e-51 ,  3.19217e-31,  0.0245112  ])
78204   , -1632.33    , array([ 1.4444     ,  0.068607   ,  1.5835e-51 ,  3.19217e-31,  0.0245112  ])
78205   , -1632.33    , array([ 1.44584    ,  0.068607   ,  1.5835e-51 ,  3.19217e-31,  0.0245112  ])
78206   , -1632.41    , array([ 1.4444     ,  0.0686757  ,  1.5835e-51 ,  3.19217e-31,  0.0245112  ])
78207   , -1632.33    , array([ 1.4444     ,  0.068607   ,  1.58509e-51,  3.19217e-31,  0.0245112  ])
78208   , -1632.33    , array([ 1.4444     ,  0.068607   ,  1.5835e-51 ,  3.19537e-31,  0.0245112  ])
78209   , -1632.27    , array([ 1.4444     ,  0.068607   ,  1.5835e-51 ,  3.19217e-31,  0.0245357  ])
78210   , -1632.33    , array([ 1.44432    ,  0.068598   ,  1.5835e-51 ,  3.19217e-31,  0.0245085  ])
78211   , -1632.33    , array([ 1.44432    ,  0.068598   ,  1.5835e-51 ,  3.19217e-31,  0.0245085  ])
78212   , -1632.33    , array([ 1.44577    ,  0.068598   ,  1.5835e-51 ,  3.19217e-31,  0.0245085  ])
78213   , -1632.41    , array([ 1.44432    ,  0.0686666  ,  1.5835e-51 ,  3.19217e-31,  0.0245085  ])
78214   , -1632.33    , array([ 1.44432    ,  0.068598   ,  1.58509e-51,  3.19217e-31,  0.0245085  ])
78215   , -1632.33    , array([ 1.44432    ,  0.068598   ,  1.5835e-51 ,  3.19537e-31,  0.0245085  ])
78216   , -1632.27    , array([ 1.44432    ,  0.068598   ,  1.5835e-51 ,  3.19217e-31,  0.024533   ])
78217   , -1632.33    , array([ 1.44438    ,  0.0686052  ,  1.5835e-51 ,  3.19217e-31,  0.0245106  ])
78218   , -1632.33    , array([ 1.44438    ,  0.0686052  ,  1.5835e-51 ,  3.19217e-31,  0.0245106  ])
78219   , -1632.33    , array([ 1.44583    ,  0.0686052  ,  1.5835e-51 ,  3.19217e-31,  0.0245106  ])
78220   , -1632.41    , array([ 1.44438    ,  0.0686738  ,  1.5835e-51 ,  3.19217e-31,  0.0245106  ])
78221   , -1632.33    , array([ 1.44438    ,  0.0686052  ,  1.58509e-51,  3.19217e-31,  0.0245106  ])
78222   , -1632.33    , array([ 1.44438    ,  0.0686052  ,  1.5835e-51 ,  3.19537e-31,  0.0245106  ])
78223   , -1632.27    , array([ 1.44438    ,  0.0686052  ,  1.5835e-51 ,  3.19217e-31,  0.0245351  ])
78224   , -1632.33    , array([ 1.44439    ,  0.0686067  ,  1.5835e-51 ,  3.19217e-31,  0.0245111  ])
78225   , -1632.33    , array([ 1.44439    ,  0.0686067  ,  1.5835e-51 ,  3.19217e-31,  0.0245111  ])
78226   , -1632.33    , array([ 1.44584    ,  0.0686067  ,  1.5835e-51 ,  3.19217e-31,  0.0245111  ])
78227   , -1632.41    , array([ 1.44439    ,  0.0686753  ,  1.5835e-51 ,  3.19217e-31,  0.0245111  ])
78228   , -1632.33    , array([ 1.44439    ,  0.0686067  ,  1.58509e-51,  3.19217e-31,  0.0245111  ])
78229   , -1632.33    , array([ 1.44439    ,  0.0686067  ,  1.5835e-51 ,  3.19537e-31,  0.0245111  ])
78230   , -1632.27    , array([ 1.44439    ,  0.0686067  ,  1.5835e-51 ,  3.19217e-31,  0.0245356  ])
78231   , -1632.33    , array([ 1.4444     ,  0.068607   ,  1.5835e-51 ,  3.19217e-31,  0.0245111  ])
78232   , -1632.33    , array([ 1.4444     ,  0.068607   ,  1.5835e-51 ,  3.19217e-31,  0.0245111  ])
78233   , -1632.33    , array([ 1.44584    ,  0.068607   ,  1.5835e-51 ,  3.19217e-31,  0.0245111  ])
78234   , -1632.41    , array([ 1.4444     ,  0.0686756  ,  1.5835e-51 ,  3.19217e-31,  0.0245111  ])
78235   , -1632.33    , array([ 1.4444     ,  0.068607   ,  1.58509e-51,  3.19217e-31,  0.0245111  ])
78236   , -1632.33    , array([ 1.4444     ,  0.068607   ,  1.5835e-51 ,  3.19537e-31,  0.0245111  ])
78237   , -1632.27    , array([ 1.4444     ,  0.068607   ,  1.5835e-51 ,  3.19217e-31,  0.0245357  ])
78238   , -1632.33    , array([ 1.4444     ,  0.068607   ,  1.5835e-51 ,  3.19217e-31,  0.0245112  ])
78239   , -1632.33    , array([ 1.4444     ,  0.068607   ,  1.5835e-51 ,  3.19217e-31,  0.0245112  ])
78240   , -1632.33    , array([ 1.44584    ,  0.068607   ,  1.5835e-51 ,  3.19217e-31,  0.0245112  ])
78241   , -1632.41    , array([ 1.4444     ,  0.0686757  ,  1.5835e-51 ,  3.19217e-31,  0.0245112  ])
78242   , -1632.33    , array([ 1.4444     ,  0.068607   ,  1.58509e-51,  3.19217e-31,  0.0245112  ])
78243   , -1632.33    , array([ 1.4444     ,  0.068607   ,  1.5835e-51 ,  3.19537e-31,  0.0245112  ])
78244   , -1632.27    , array([ 1.4444     ,  0.068607   ,  1.5835e-51 ,  3.19217e-31,  0.0245357  ])
78245   , -1632.33    , array([ 1.4444     ,  0.068607   ,  1.5835e-51 ,  3.19217e-31,  0.0245112  ])
78246   , -1632.33    , array([ 1.4444     ,  0.068607   ,  1.5835e-51 ,  3.19217e-31,  0.0245112  ])
78247   , -1632.33    , array([ 1.44584    ,  0.068607   ,  1.5835e-51 ,  3.19217e-31,  0.0245112  ])
78248   , -1632.41    , array([ 1.4444     ,  0.0686757  ,  1.5835e-51 ,  3.19217e-31,  0.0245112  ])
78249   , -1632.33    , array([ 1.4444     ,  0.068607   ,  1.58509e-51,  3.19217e-31,  0.0245112  ])
78250   , -1632.33    , array([ 1.4444     ,  0.068607   ,  1.5835e-51 ,  3.19537e-31,  0.0245112  ])
78251   , -1632.27    , array([ 1.4444     ,  0.068607   ,  1.5835e-51 ,  3.19217e-31,  0.0245357  ])
78252   , -1632.33    , array([ 1.4444     ,  0.068607   ,  1.5835e-51 ,  3.19217e-31,  0.0245112  ])
78253   , -1632.33    , array([ 1.4444     ,  0.068607   ,  1.5835e-51 ,  3.19217e-31,  0.0245112  ])
78254   , -1632.33    , array([ 1.44584    ,  0.068607   ,  1.5835e-51 ,  3.19217e-31,  0.0245112  ])
78255   , -1632.41    , array([ 1.4444     ,  0.0686757  ,  1.5835e-51 ,  3.19217e-31,  0.0245112  ])
78256   , -1632.33    , array([ 1.4444     ,  0.068607   ,  1.58509e-51,  3.19217e-31,  0.0245112  ])
78257   , -1632.33    , array([ 1.4444     ,  0.068607   ,  1.5835e-51 ,  3.19537e-31,  0.0245112  ])
78258   , -1632.27    , array([ 1.4444     ,  0.068607   ,  1.5835e-51 ,  3.19217e-31,  0.0245357  ])
78259   , -1632.33    , array([ 1.4444     ,  0.068607   ,  1.5835e-51 ,  3.19217e-31,  0.0245112  ])
78260   , -1632.33    , array([ 1.4444     ,  0.068607   ,  1.5835e-51 ,  3.19217e-31,  0.0245112  ])
78261   , -1632.33    , array([ 1.44584    ,  0.068607   ,  1.5835e-51 ,  3.19217e-31,  0.0245112  ])
78262   , -1632.41    , array([ 1.4444     ,  0.0686757  ,  1.5835e-51 ,  3.19217e-31,  0.0245112  ])
78263   , -1632.33    , array([ 1.4444     ,  0.068607   ,  1.58509e-51,  3.19217e-31,  0.0245112  ])
78264   , -1632.33    , array([ 1.4444     ,  0.068607   ,  1.5835e-51 ,  3.19537e-31,  0.0245112  ])
78265   , -1632.27    , array([ 1.4444     ,  0.068607   ,  1.5835e-51 ,  3.19217e-31,  0.0245357  ])
78266   , -1632.33    , array([ 1.4444     ,  0.068607   ,  1.5835e-51 ,  3.19217e-31,  0.0245112  ])
78267   , -1632.33    , array([ 1.4444     ,  0.068607   ,  1.5835e-51 ,  3.19217e-31,  0.0245112  ])
78268   , -1632.33    , array([ 1.44584    ,  0.068607   ,  1.5835e-51 ,  3.19217e-31,  0.0245112  ])
78269   , -1632.41    , array([ 1.4444     ,  0.0686757  ,  1.5835e-51 ,  3.19217e-31,  0.0245112  ])
78270   , -1632.33    , array([ 1.4444     ,  0.068607   ,  1.58509e-51,  3.19217e-31,  0.0245112  ])
78271   , -1632.33    , array([ 1.4444     ,  0.068607   ,  1.5835e-51 ,  3.19537e-31,  0.0245112  ])
78272   , -1632.27    , array([ 1.4444     ,  0.068607   ,  1.5835e-51 ,  3.19217e-31,  0.0245357  ])
78273   , -1632.33    , array([ 1.4444     ,  0.068607   ,  1.5835e-51 ,  3.19217e-31,  0.0245112  ])
78274   , -1632.33    , array([ 1.4444     ,  0.068607   ,  1.5835e-51 ,  3.19217e-31,  0.0245112  ])
78275   , -1632.33    , array([ 1.44584    ,  0.068607   ,  1.5835e-51 ,  3.19217e-31,  0.0245112  ])
78276   , -1632.41    , array([ 1.4444     ,  0.0686757  ,  1.5835e-51 ,  3.19217e-31,  0.0245112  ])
78277   , -1632.33    , array([ 1.4444     ,  0.068607   ,  1.58509e-51,  3.19217e-31,  0.0245112  ])
78278   , -1632.33    , array([ 1.4444     ,  0.068607   ,  1.5835e-51 ,  3.19537e-31,  0.0245112  ])
78279   , -1632.27    , array([ 1.4444     ,  0.068607   ,  1.5835e-51 ,  3.19217e-31,  0.0245357  ])
78280   , -1632.33    , array([ 1.4444     ,  0.068607   ,  1.5835e-51 ,  3.19217e-31,  0.0245112  ])
78281   , -1632.33    , array([ 1.4444     ,  0.068607   ,  1.5835e-51 ,  3.19217e-31,  0.0245112  ])
78282   , -1632.33    , array([ 1.44584    ,  0.068607   ,  1.5835e-51 ,  3.19217e-31,  0.0245112  ])
78283   , -1632.41    , array([ 1.4444     ,  0.0686757  ,  1.5835e-51 ,  3.19217e-31,  0.0245112  ])
78284   , -1632.33    , array([ 1.4444     ,  0.068607   ,  1.58509e-51,  3.19217e-31,  0.0245112  ])
78285   , -1632.33    , array([ 1.4444     ,  0.068607   ,  1.5835e-51 ,  3.19537e-31,  0.0245112  ])
78286   , -1632.27    , array([ 1.4444     ,  0.068607   ,  1.5835e-51 ,  3.19217e-31,  0.0245357  ])
78287   , -1632.33    , array([ 1.4444     ,  0.068607   ,  1.5835e-51 ,  3.19217e-31,  0.0245112  ])
78288   , -1632.33    , array([ 1.4444     ,  0.068607   ,  1.5835e-51 ,  3.19217e-31,  0.0245112  ])
78289   , -1632.33    , array([ 1.44584    ,  0.068607   ,  1.5835e-51 ,  3.19217e-31,  0.0245112  ])
78290   , -1632.41    , array([ 1.4444     ,  0.0686757  ,  1.5835e-51 ,  3.19217e-31,  0.0245112  ])
78291   , -1632.33    , array([ 1.4444     ,  0.068607   ,  1.58509e-51,  3.19217e-31,  0.0245112  ])
78292   , -1632.33    , array([ 1.4444     ,  0.068607   ,  1.5835e-51 ,  3.19537e-31,  0.0245112  ])
78293   , -1632.27    , array([ 1.4444     ,  0.068607   ,  1.5835e-51 ,  3.19217e-31,  0.0245357  ])
78294   , -1632.33    , array([ 1.4444     ,  0.068607   ,  1.5835e-51 ,  3.19217e-31,  0.0245112  ])
78295   , -1632.33    , array([ 1.4444     ,  0.068607   ,  1.5835e-51 ,  3.19217e-31,  0.0245112  ])
78296   , -1632.33    , array([ 1.44584    ,  0.068607   ,  1.5835e-51 ,  3.19217e-31,  0.0245112  ])
78297   , -1632.41    , array([ 1.4444     ,  0.0686757  ,  1.5835e-51 ,  3.19217e-31,  0.0245112  ])
78298   , -1632.33    , array([ 1.4444     ,  0.068607   ,  1.58509e-51,  3.19217e-31,  0.0245112  ])
78299   , -1632.33    , array([ 1.4444     ,  0.068607   ,  1.5835e-51 ,  3.19537e-31,  0.0245112  ])
78300   , -1632.27    , array([ 1.4444     ,  0.068607   ,  1.5835e-51 ,  3.19217e-31,  0.0245357  ])
78301   , -1632.33    , array([ 1.4444     ,  0.068607   ,  1.5835e-51 ,  3.19217e-31,  0.0245112  ])
78302   , -1632.33    , array([ 1.4444     ,  0.068607   ,  1.5835e-51 ,  3.19217e-31,  0.0245112  ])
78303   , -1632.33    , array([ 1.44584    ,  0.068607   ,  1.5835e-51 ,  3.19217e-31,  0.0245112  ])
78304   , -1632.41    , array([ 1.4444     ,  0.0686757  ,  1.5835e-51 ,  3.19217e-31,  0.0245112  ])
78305   , -1632.33    , array([ 1.4444     ,  0.068607   ,  1.58509e-51,  3.19217e-31,  0.0245112  ])
78306   , -1632.33    , array([ 1.4444     ,  0.068607   ,  1.5835e-51 ,  3.19537e-31,  0.0245112  ])
78307   , -1632.27    , array([ 1.4444     ,  0.068607   ,  1.5835e-51 ,  3.19217e-31,  0.0245357  ])
78308   , -1632.33    , array([ 1.4444     ,  0.068607   ,  1.5835e-51 ,  3.19217e-31,  0.0245112  ])
78309   , -1632.33    , array([ 1.4444     ,  0.068607   ,  1.5835e-51 ,  3.19217e-31,  0.0245112  ])
78310   , -1632.33    , array([ 1.44584    ,  0.068607   ,  1.5835e-51 ,  3.19217e-31,  0.0245112  ])
78311   , -1632.41    , array([ 1.4444     ,  0.0686757  ,  1.5835e-51 ,  3.19217e-31,  0.0245112  ])
78312   , -1632.33    , array([ 1.4444     ,  0.068607   ,  1.58509e-51,  3.19217e-31,  0.0245112  ])
78313   , -1632.33    , array([ 1.4444     ,  0.068607   ,  1.5835e-51 ,  3.19537e-31,  0.0245112  ])
78314   , -1632.27    , array([ 1.4444     ,  0.068607   ,  1.5835e-51 ,  3.19217e-31,  0.0245357  ])
78315   , -1632.33    , array([ 1.4444     ,  0.068607   ,  1.5835e-51 ,  3.19217e-31,  0.0245112  ])
78316   , -1632.33    , array([ 1.4444     ,  0.068607   ,  1.5835e-51 ,  3.19217e-31,  0.0245112  ])
78317   , -1632.33    , array([ 1.44584    ,  0.068607   ,  1.5835e-51 ,  3.19217e-31,  0.0245112  ])
78318   , -1632.41    , array([ 1.4444     ,  0.0686757  ,  1.5835e-51 ,  3.19217e-31,  0.0245112  ])
78319   , -1632.33    , array([ 1.4444     ,  0.068607   ,  1.58509e-51,  3.19217e-31,  0.0245112  ])
78320   , -1632.33    , array([ 1.4444     ,  0.068607   ,  1.5835e-51 ,  3.19537e-31,  0.0245112  ])
78321   , -1632.27    , array([ 1.4444     ,  0.068607   ,  1.5835e-51 ,  3.19217e-31,  0.0245357  ])
78322   , -1632.33    , array([ 1.4444     ,  0.068607   ,  1.5835e-51 ,  3.19217e-31,  0.0245112  ])
78323   , -1632.33    , array([ 1.4444     ,  0.068607   ,  1.5835e-51 ,  3.19217e-31,  0.0245112  ])
78324   , -1632.33    , array([ 1.44584    ,  0.068607   ,  1.5835e-51 ,  3.19217e-31,  0.0245112  ])
78325   , -1632.41    , array([ 1.4444     ,  0.0686757  ,  1.5835e-51 ,  3.19217e-31,  0.0245112  ])
78326   , -1632.33    , array([ 1.4444     ,  0.068607   ,  1.58509e-51,  3.19217e-31,  0.0245112  ])
78327   , -1632.33    , array([ 1.4444     ,  0.068607   ,  1.5835e-51 ,  3.19537e-31,  0.0245112  ])
78328   , -1632.27    , array([ 1.4444     ,  0.068607   ,  1.5835e-51 ,  3.19217e-31,  0.0245357  ])
78329   , -1632.33    , array([ 1.4444     ,  0.068607   ,  1.5835e-51 ,  3.19217e-31,  0.0245112  ])
78330   , -1632.33    , array([ 1.4444     ,  0.068607   ,  1.5835e-51 ,  3.19217e-31,  0.0245112  ])
78331   , -1632.33    , array([ 1.44584    ,  0.068607   ,  1.5835e-51 ,  3.19217e-31,  0.0245112  ])
78332   , -1632.41    , array([ 1.4444     ,  0.0686757  ,  1.5835e-51 ,  3.19217e-31,  0.0245112  ])
78333   , -1632.33    , array([ 1.4444     ,  0.068607   ,  1.58509e-51,  3.19217e-31,  0.0245112  ])
78334   , -1632.33    , array([ 1.4444     ,  0.068607   ,  1.5835e-51 ,  3.19537e-31,  0.0245112  ])
78335   , -1632.27    , array([ 1.4444     ,  0.068607   ,  1.5835e-51 ,  3.19217e-31,  0.0245357  ])
78336   , -1632.33    , array([ 1.4444     ,  0.068607   ,  1.5835e-51 ,  3.19217e-31,  0.0245112  ])
78337   , -1632.33    , array([ 1.4444     ,  0.068607   ,  1.5835e-51 ,  3.19217e-31,  0.0245112  ])
78338   , -1632.33    , array([ 1.44584    ,  0.068607   ,  1.5835e-51 ,  3.19217e-31,  0.0245112  ])
78339   , -1632.41    , array([ 1.4444     ,  0.0686757  ,  1.5835e-51 ,  3.19217e-31,  0.0245112  ])
78340   , -1632.33    , array([ 1.4444     ,  0.068607   ,  1.58509e-51,  3.19217e-31,  0.0245112  ])
78341   , -1632.33    , array([ 1.4444     ,  0.068607   ,  1.5835e-51 ,  3.19537e-31,  0.0245112  ])
78342   , -1632.27    , array([ 1.4444     ,  0.068607   ,  1.5835e-51 ,  3.19217e-31,  0.0245357  ])
78343   , -1632.33    , array([ 1.4444     ,  0.068607   ,  1.5835e-51 ,  3.19217e-31,  0.0245112  ])
78344   , -1632.33    , array([ 1.4444     ,  0.068607   ,  1.5835e-51 ,  3.19217e-31,  0.0245112  ])
78345   , -1632.33    , array([ 1.44584    ,  0.068607   ,  1.5835e-51 ,  3.19217e-31,  0.0245112  ])
78346   , -1632.41    , array([ 1.4444     ,  0.0686757  ,  1.5835e-51 ,  3.19217e-31,  0.0245112  ])
78347   , -1632.33    , array([ 1.4444     ,  0.068607   ,  1.58509e-51,  3.19217e-31,  0.0245112  ])
78348   , -1632.33    , array([ 1.4444     ,  0.068607   ,  1.5835e-51 ,  3.19537e-31,  0.0245112  ])
78349   , -1632.27    , array([ 1.4444     ,  0.068607   ,  1.5835e-51 ,  3.19217e-31,  0.0245357  ])
78350   , -1632.33    , array([ 1.4444     ,  0.068607   ,  1.5835e-51 ,  3.19217e-31,  0.0245112  ])
78351   , -1632.33    , array([ 1.4444     ,  0.068607   ,  1.5835e-51 ,  3.19217e-31,  0.0245112  ])
78352   , -1632.33    , array([ 1.44584    ,  0.068607   ,  1.5835e-51 ,  3.19217e-31,  0.0245112  ])
78353   , -1632.41    , array([ 1.4444     ,  0.0686757  ,  1.5835e-51 ,  3.19217e-31,  0.0245112  ])
78354   , -1632.33    , array([ 1.4444     ,  0.068607   ,  1.58509e-51,  3.19217e-31,  0.0245112  ])
78355   , -1632.33    , array([ 1.4444     ,  0.068607   ,  1.5835e-51 ,  3.19537e-31,  0.0245112  ])
78356   , -1632.27    , array([ 1.4444     ,  0.068607   ,  1.5835e-51 ,  3.19217e-31,  0.0245357  ])
78357   , -1632.33    , array([ 1.4444     ,  0.068607   ,  1.5835e-51 ,  3.19217e-31,  0.0245112  ])
78358   , -1632.33    , array([ 1.4444     ,  0.068607   ,  1.5835e-51 ,  3.19217e-31,  0.0245112  ])
78359   , -1632.33    , array([ 1.44584    ,  0.068607   ,  1.5835e-51 ,  3.19217e-31,  0.0245112  ])
78360   , -1632.41    , array([ 1.4444     ,  0.0686757  ,  1.5835e-51 ,  3.19217e-31,  0.0245112  ])
78361   , -1632.33    , array([ 1.4444     ,  0.068607   ,  1.58509e-51,  3.19217e-31,  0.0245112  ])
78362   , -1632.33    , array([ 1.4444     ,  0.068607   ,  1.5835e-51 ,  3.19537e-31,  0.0245112  ])
78363   , -1632.27    , array([ 1.4444     ,  0.068607   ,  1.5835e-51 ,  3.19217e-31,  0.0245357  ])
78364   , -1632.33    , array([ 1.4444     ,  0.068607   ,  1.5835e-51 ,  3.19217e-31,  0.0245112  ])
78365   , -1632.33    , array([ 1.4444     ,  0.068607   ,  1.5835e-51 ,  3.19217e-31,  0.0245112  ])
78366   , -1632.33    , array([ 1.44584    ,  0.068607   ,  1.5835e-51 ,  3.19217e-31,  0.0245112  ])
78367   , -1632.41    , array([ 1.4444     ,  0.0686757  ,  1.5835e-51 ,  3.19217e-31,  0.0245112  ])
78368   , -1632.33    , array([ 1.4444     ,  0.068607   ,  1.58509e-51,  3.19217e-31,  0.0245112  ])
78369   , -1632.33    , array([ 1.4444     ,  0.068607   ,  1.5835e-51 ,  3.19537e-31,  0.0245112  ])
78370   , -1632.27    , array([ 1.4444     ,  0.068607   ,  1.5835e-51 ,  3.19217e-31,  0.0245357  ])
78371   , -1632.33    , array([ 1.4444     ,  0.068607   ,  1.5835e-51 ,  3.19217e-31,  0.0245112  ])
78372   , -1632.33    , array([ 1.4444     ,  0.068607   ,  1.5835e-51 ,  3.19217e-31,  0.0245112  ])
78373   , -1632.33    , array([ 1.44584    ,  0.068607   ,  1.5835e-51 ,  3.19217e-31,  0.0245112  ])
78374   , -1632.41    , array([ 1.4444     ,  0.0686757  ,  1.5835e-51 ,  3.19217e-31,  0.0245112  ])
78375   , -1632.33    , array([ 1.4444     ,  0.068607   ,  1.58509e-51,  3.19217e-31,  0.0245112  ])
78376   , -1632.33    , array([ 1.4444     ,  0.068607   ,  1.5835e-51 ,  3.19537e-31,  0.0245112  ])
78377   , -1632.27    , array([ 1.4444     ,  0.068607   ,  1.5835e-51 ,  3.19217e-31,  0.0245357  ])
78378   , -1632.33    , array([ 1.4444     ,  0.068607   ,  1.5835e-51 ,  3.19217e-31,  0.0245112  ])
78379   , -1632.33    , array([ 1.4444     ,  0.068607   ,  1.5835e-51 ,  3.19217e-31,  0.0245112  ])
78380   , -1632.33    , array([ 1.44584    ,  0.068607   ,  1.5835e-51 ,  3.19217e-31,  0.0245112  ])
78381   , -1632.41    , array([ 1.4444     ,  0.0686757  ,  1.5835e-51 ,  3.19217e-31,  0.0245112  ])
78382   , -1632.33    , array([ 1.4444     ,  0.068607   ,  1.58509e-51,  3.19217e-31,  0.0245112  ])
78383   , -1632.33    , array([ 1.4444     ,  0.068607   ,  1.5835e-51 ,  3.19537e-31,  0.0245112  ])
78384   , -1632.27    , array([ 1.4444     ,  0.068607   ,  1.5835e-51 ,  3.19217e-31,  0.0245357  ])
78385   , -1632.33    , array([ 1.4444     ,  0.068607   ,  1.5835e-51 ,  3.19217e-31,  0.0245112  ])
78386   , -1632.33    , array([ 1.4444     ,  0.068607   ,  1.5835e-51 ,  3.19217e-31,  0.0245112  ])
78387   , -1632.33    , array([ 1.44584    ,  0.068607   ,  1.5835e-51 ,  3.19217e-31,  0.0245112  ])
78388   , -1632.41    , array([ 1.4444     ,  0.0686757  ,  1.5835e-51 ,  3.19217e-31,  0.0245112  ])
78389   , -1632.33    , array([ 1.4444     ,  0.068607   ,  1.58509e-51,  3.19217e-31,  0.0245112  ])
78390   , -1632.33    , array([ 1.4444     ,  0.068607   ,  1.5835e-51 ,  3.19537e-31,  0.0245112  ])
78391   , -1632.27    , array([ 1.4444     ,  0.068607   ,  1.5835e-51 ,  3.19217e-31,  0.0245357  ])
78392   , -1632.33    , array([ 1.4444     ,  0.068607   ,  1.5835e-51 ,  3.19217e-31,  0.0245112  ])
78393   , -1632.33    , array([ 1.4444     ,  0.068607   ,  1.5835e-51 ,  3.19217e-31,  0.0245112  ])
78394   , -1632.33    , array([ 1.44584    ,  0.068607   ,  1.5835e-51 ,  3.19217e-31,  0.0245112  ])
78395   , -1632.41    , array([ 1.4444     ,  0.0686757  ,  1.5835e-51 ,  3.19217e-31,  0.0245112  ])
78396   , -1632.33    , array([ 1.4444     ,  0.068607   ,  1.58509e-51,  3.19217e-31,  0.0245112  ])
78397   , -1632.33    , array([ 1.4444     ,  0.068607   ,  1.5835e-51 ,  3.19537e-31,  0.0245112  ])
78398   , -1632.27    , array([ 1.4444     ,  0.068607   ,  1.5835e-51 ,  3.19217e-31,  0.0245357  ])
78399   , -1632.33    , array([ 1.4444     ,  0.068607   ,  1.5835e-51 ,  3.19217e-31,  0.0245112  ])
78400   , -1632.33    , array([ 1.4444     ,  0.068607   ,  1.5835e-51 ,  3.19217e-31,  0.0245112  ])
78401   , -1632.33    , array([ 1.44584    ,  0.068607   ,  1.5835e-51 ,  3.19217e-31,  0.0245112  ])
78402   , -1632.41    , array([ 1.4444     ,  0.0686757  ,  1.5835e-51 ,  3.19217e-31,  0.0245112  ])
78403   , -1632.33    , array([ 1.4444     ,  0.068607   ,  1.58509e-51,  3.19217e-31,  0.0245112  ])
78404   , -1632.33    , array([ 1.4444     ,  0.068607   ,  1.5835e-51 ,  3.19537e-31,  0.0245112  ])
78405   , -1632.27    , array([ 1.4444     ,  0.068607   ,  1.5835e-51 ,  3.19217e-31,  0.0245357  ])
78406   , -1632.33    , array([ 1.4444     ,  0.068607   ,  1.5835e-51 ,  3.19217e-31,  0.0245112  ])
78407   , -1632.33    , array([ 1.4444     ,  0.068607   ,  1.5835e-51 ,  3.19217e-31,  0.0245112  ])
78408   , -1632.33    , array([ 1.44584    ,  0.068607   ,  1.5835e-51 ,  3.19217e-31,  0.0245112  ])
78409   , -1632.41    , array([ 1.4444     ,  0.0686757  ,  1.5835e-51 ,  3.19217e-31,  0.0245112  ])
78410   , -1632.33    , array([ 1.4444     ,  0.068607   ,  1.58509e-51,  3.19217e-31,  0.0245112  ])
78411   , -1632.33    , array([ 1.4444     ,  0.068607   ,  1.5835e-51 ,  3.19537e-31,  0.0245112  ])
78412   , -1632.27    , array([ 1.4444     ,  0.068607   ,  1.5835e-51 ,  3.19217e-31,  0.0245357  ])
78413   , -1632.33    , array([ 1.4444     ,  0.068607   ,  1.5835e-51 ,  3.19217e-31,  0.0245112  ])
78414   , -1632.33    , array([ 1.4444     ,  0.068607   ,  1.5835e-51 ,  3.19217e-31,  0.0245112  ])
78415   , -1632.33    , array([ 1.44584    ,  0.068607   ,  1.5835e-51 ,  3.19217e-31,  0.0245112  ])
78416   , -1632.41    , array([ 1.4444     ,  0.0686757  ,  1.5835e-51 ,  3.19217e-31,  0.0245112  ])
78417   , -1632.33    , array([ 1.4444     ,  0.068607   ,  1.58509e-51,  3.19217e-31,  0.0245112  ])
78418   , -1632.33    , array([ 1.4444     ,  0.068607   ,  1.5835e-51 ,  3.19537e-31,  0.0245112  ])
78419   , -1632.27    , array([ 1.4444     ,  0.068607   ,  1.5835e-51 ,  3.19217e-31,  0.0245357  ])
78420   , -1632.33    , array([ 1.4444     ,  0.068607   ,  1.5835e-51 ,  3.19217e-31,  0.0245112  ])
78421   , -1632.33    , array([ 1.4444     ,  0.068607   ,  1.5835e-51 ,  3.19217e-31,  0.0245112  ])
78422   , -1632.33    , array([ 1.44584    ,  0.068607   ,  1.5835e-51 ,  3.19217e-31,  0.0245112  ])
78423   , -1632.41    , array([ 1.4444     ,  0.0686757  ,  1.5835e-51 ,  3.19217e-31,  0.0245112  ])
78424   , -1632.33    , array([ 1.4444     ,  0.068607   ,  1.58509e-51,  3.19217e-31,  0.0245112  ])
78425   , -1632.33    , array([ 1.4444     ,  0.068607   ,  1.5835e-51 ,  3.19537e-31,  0.0245112  ])
78426   , -1632.27    , array([ 1.4444     ,  0.068607   ,  1.5835e-51 ,  3.19217e-31,  0.0245357  ])
78427   , -1632.33    , array([ 1.4444     ,  0.068607   ,  1.5835e-51 ,  3.19217e-31,  0.0245112  ])
78428   , -1632.33    , array([ 1.4444     ,  0.068607   ,  1.5835e-51 ,  3.19217e-31,  0.0245112  ])
78429   , -1632.33    , array([ 1.44584    ,  0.068607   ,  1.5835e-51 ,  3.19217e-31,  0.0245112  ])
78430   , -1632.41    , array([ 1.4444     ,  0.0686757  ,  1.5835e-51 ,  3.19217e-31,  0.0245112  ])
78431   , -1632.33    , array([ 1.4444     ,  0.068607   ,  1.58509e-51,  3.19217e-31,  0.0245112  ])
78432   , -1632.33    , array([ 1.4444     ,  0.068607   ,  1.5835e-51 ,  3.19537e-31,  0.0245112  ])
78433   , -1632.27    , array([ 1.4444     ,  0.068607   ,  1.5835e-51 ,  3.19217e-31,  0.0245357  ])
78434   , -1632.33    , array([ 1.4444     ,  0.068607   ,  1.5835e-51 ,  3.19217e-31,  0.0245112  ])
78435   , -1632.33    , array([ 1.4444     ,  0.068607   ,  1.5835e-51 ,  3.19217e-31,  0.0245112  ])
78436   , -1632.33    , array([ 1.44584    ,  0.068607   ,  1.5835e-51 ,  3.19217e-31,  0.0245112  ])
78437   , -1632.41    , array([ 1.4444     ,  0.0686757  ,  1.5835e-51 ,  3.19217e-31,  0.0245112  ])
78438   , -1632.33    , array([ 1.4444     ,  0.068607   ,  1.58509e-51,  3.19217e-31,  0.0245112  ])
78439   , -1632.33    , array([ 1.4444     ,  0.068607   ,  1.5835e-51 ,  3.19537e-31,  0.0245112  ])
78440   , -1632.27    , array([ 1.4444     ,  0.068607   ,  1.5835e-51 ,  3.19217e-31,  0.0245357  ])
78441   , -1632.33    , array([ 1.4444     ,  0.068607   ,  1.5835e-51 ,  3.19217e-31,  0.0245112  ])
78442   , -1632.33    , array([ 1.4444     ,  0.068607   ,  1.5835e-51 ,  3.19217e-31,  0.0245112  ])
78443   , -1632.33    , array([ 1.44584    ,  0.068607   ,  1.5835e-51 ,  3.19217e-31,  0.0245112  ])
78444   , -1632.41    , array([ 1.4444     ,  0.0686757  ,  1.5835e-51 ,  3.19217e-31,  0.0245112  ])
78445   , -1632.33    , array([ 1.4444     ,  0.068607   ,  1.58509e-51,  3.19217e-31,  0.0245112  ])
78446   , -1632.33    , array([ 1.4444     ,  0.068607   ,  1.5835e-51 ,  3.19537e-31,  0.0245112  ])
78447   , -1632.27    , array([ 1.4444     ,  0.068607   ,  1.5835e-51 ,  3.19217e-31,  0.0245357  ])
78448   , -1632.33    , array([ 1.4444     ,  0.068607   ,  1.5835e-51 ,  3.19217e-31,  0.0245112  ])
78449   , -1632.33    , array([ 1.4444     ,  0.068607   ,  1.5835e-51 ,  3.19217e-31,  0.0245112  ])
78450   , -1632.33    , array([ 1.44584    ,  0.068607   ,  1.5835e-51 ,  3.19217e-31,  0.0245112  ])
78451   , -1632.41    , array([ 1.4444     ,  0.0686757  ,  1.5835e-51 ,  3.19217e-31,  0.0245112  ])
78452   , -1632.33    , array([ 1.4444     ,  0.068607   ,  1.58509e-51,  3.19217e-31,  0.0245112  ])
78453   , -1632.33    , array([ 1.4444     ,  0.068607   ,  1.5835e-51 ,  3.19537e-31,  0.0245112  ])
78454   , -1632.27    , array([ 1.4444     ,  0.068607   ,  1.5835e-51 ,  3.19217e-31,  0.0245357  ])
78455   , -1632.33    , array([ 1.4444     ,  0.068607   ,  1.5835e-51 ,  3.19217e-31,  0.0245112  ])
78456   , -1632.33    , array([ 1.4444     ,  0.068607   ,  1.5835e-51 ,  3.19217e-31,  0.0245112  ])
78457   , -1632.33    , array([ 1.44584    ,  0.068607   ,  1.5835e-51 ,  3.19217e-31,  0.0245112  ])
78458   , -1632.41    , array([ 1.4444     ,  0.0686757  ,  1.5835e-51 ,  3.19217e-31,  0.0245112  ])
78459   , -1632.33    , array([ 1.4444     ,  0.068607   ,  1.58509e-51,  3.19217e-31,  0.0245112  ])
78460   , -1632.33    , array([ 1.4444     ,  0.068607   ,  1.5835e-51 ,  3.19537e-31,  0.0245112  ])
78461   , -1632.27    , array([ 1.4444     ,  0.068607   ,  1.5835e-51 ,  3.19217e-31,  0.0245357  ])
78462   , -1632.33    , array([ 1.4444     ,  0.068607   ,  1.5835e-51 ,  3.19217e-31,  0.0245112  ])
78463   , -1632.33    , array([ 1.4444     ,  0.068607   ,  1.5835e-51 ,  3.19217e-31,  0.0245112  ])
78464   , -1632.33    , array([ 1.44584    ,  0.068607   ,  1.5835e-51 ,  3.19217e-31,  0.0245112  ])
78465   , -1632.41    , array([ 1.4444     ,  0.0686757  ,  1.5835e-51 ,  3.19217e-31,  0.0245112  ])
78466   , -1632.33    , array([ 1.4444     ,  0.068607   ,  1.58509e-51,  3.19217e-31,  0.0245112  ])
78467   , -1632.33    , array([ 1.4444     ,  0.068607   ,  1.5835e-51 ,  3.19537e-31,  0.0245112  ])
78468   , -1632.27    , array([ 1.4444     ,  0.068607   ,  1.5835e-51 ,  3.19217e-31,  0.0245357  ])
78469   , -1632.33    , array([ 1.4444     ,  0.068607   ,  1.5835e-51 ,  3.19217e-31,  0.0245112  ])
78470   , -1632.33    , array([ 1.4444     ,  0.068607   ,  1.5835e-51 ,  3.19217e-31,  0.0245112  ])
78471   , -1632.33    , array([ 1.44584    ,  0.068607   ,  1.5835e-51 ,  3.19217e-31,  0.0245112  ])
78472   , -1632.41    , array([ 1.4444     ,  0.0686757  ,  1.5835e-51 ,  3.19217e-31,  0.0245112  ])
78473   , -1632.33    , array([ 1.4444     ,  0.068607   ,  1.58509e-51,  3.19217e-31,  0.0245112  ])
78474   , -1632.33    , array([ 1.4444     ,  0.068607   ,  1.5835e-51 ,  3.19537e-31,  0.0245112  ])
78475   , -1632.27    , array([ 1.4444     ,  0.068607   ,  1.5835e-51 ,  3.19217e-31,  0.0245357  ])
78476   , -1632.33    , array([ 1.4444     ,  0.068607   ,  1.5835e-51 ,  3.19217e-31,  0.0245112  ])
78477   , -1632.33    , array([ 1.4444     ,  0.068607   ,  1.5835e-51 ,  3.19217e-31,  0.0245112  ])
78478   , -1632.33    , array([ 1.44584    ,  0.068607   ,  1.5835e-51 ,  3.19217e-31,  0.0245112  ])
78479   , -1632.41    , array([ 1.4444     ,  0.0686757  ,  1.5835e-51 ,  3.19217e-31,  0.0245112  ])
78480   , -1632.33    , array([ 1.4444     ,  0.068607   ,  1.58509e-51,  3.19217e-31,  0.0245112  ])
78481   , -1632.33    , array([ 1.4444     ,  0.068607   ,  1.5835e-51 ,  3.19537e-31,  0.0245112  ])
78482   , -1632.27    , array([ 1.4444     ,  0.068607   ,  1.5835e-51 ,  3.19217e-31,  0.0245357  ])
78483   , -1632.33    , array([ 1.4444     ,  0.068607   ,  1.5835e-51 ,  3.19217e-31,  0.0245112  ])
78484   , -1632.33    , array([ 1.4444     ,  0.068607   ,  1.5835e-51 ,  3.19217e-31,  0.0245112  ])
78485   , -1632.33    , array([ 1.44584    ,  0.068607   ,  1.5835e-51 ,  3.19217e-31,  0.0245112  ])
78486   , -1632.41    , array([ 1.4444     ,  0.0686757  ,  1.5835e-51 ,  3.19217e-31,  0.0245112  ])
78487   , -1632.33    , array([ 1.4444     ,  0.068607   ,  1.58509e-51,  3.19217e-31,  0.0245112  ])
78488   , -1632.33    , array([ 1.4444     ,  0.068607   ,  1.5835e-51 ,  3.19537e-31,  0.0245112  ])
78489   , -1632.27    , array([ 1.4444     ,  0.068607   ,  1.5835e-51 ,  3.19217e-31,  0.0245357  ])
78490   , -1632.33    , array([ 1.4444     ,  0.068607   ,  1.5835e-51 ,  3.19217e-31,  0.0245112  ])
78491   , -1632.33    , array([ 1.4444     ,  0.068607   ,  1.5835e-51 ,  3.19217e-31,  0.0245112  ])
78492   , -1632.33    , array([ 1.44584    ,  0.068607   ,  1.5835e-51 ,  3.19217e-31,  0.0245112  ])
78493   , -1632.41    , array([ 1.4444     ,  0.0686757  ,  1.5835e-51 ,  3.19217e-31,  0.0245112  ])
78494   , -1632.33    , array([ 1.4444     ,  0.068607   ,  1.58509e-51,  3.19217e-31,  0.0245112  ])
78495   , -1632.33    , array([ 1.4444     ,  0.068607   ,  1.5835e-51 ,  3.19537e-31,  0.0245112  ])
78496   , -1632.27    , array([ 1.4444     ,  0.068607   ,  1.5835e-51 ,  3.19217e-31,  0.0245357  ])
78497   , -1632.33    , array([ 1.4444     ,  0.068607   ,  1.5835e-51 ,  3.19217e-31,  0.0245112  ])
78498   , -1632.33    , array([ 1.4444     ,  0.068607   ,  1.5835e-51 ,  3.19217e-31,  0.0245112  ])
78499   , -1632.33    , array([ 1.44584    ,  0.068607   ,  1.5835e-51 ,  3.19217e-31,  0.0245112  ])
78500   , -1632.41    , array([ 1.4444     ,  0.0686757  ,  1.5835e-51 ,  3.19217e-31,  0.0245112  ])
78501   , -1632.33    , array([ 1.4444     ,  0.068607   ,  1.58509e-51,  3.19217e-31,  0.0245112  ])
78502   , -1632.33    , array([ 1.4444     ,  0.068607   ,  1.5835e-51 ,  3.19537e-31,  0.0245112  ])
78503   , -1632.27    , array([ 1.4444     ,  0.068607   ,  1.5835e-51 ,  3.19217e-31,  0.0245357  ])
78504   , -1632.33    , array([ 1.4444     ,  0.068607   ,  1.5835e-51 ,  3.19217e-31,  0.0245112  ])
78505   , -1632.33    , array([ 1.4444     ,  0.068607   ,  1.5835e-51 ,  3.19217e-31,  0.0245112  ])
78506   , -1632.33    , array([ 1.44584    ,  0.068607   ,  1.5835e-51 ,  3.19217e-31,  0.0245112  ])
78507   , -1632.41    , array([ 1.4444     ,  0.0686757  ,  1.5835e-51 ,  3.19217e-31,  0.0245112  ])
78508   , -1632.33    , array([ 1.4444     ,  0.068607   ,  1.58509e-51,  3.19217e-31,  0.0245112  ])
78509   , -1632.33    , array([ 1.4444     ,  0.068607   ,  1.5835e-51 ,  3.19537e-31,  0.0245112  ])
78510   , -1632.27    , array([ 1.4444     ,  0.068607   ,  1.5835e-51 ,  3.19217e-31,  0.0245357  ])
78511   , -1632.33    , array([ 1.4444     ,  0.068607   ,  1.5835e-51 ,  3.19217e-31,  0.0245112  ])
78512   , -1632.33    , array([ 1.4444     ,  0.068607   ,  1.5835e-51 ,  3.19217e-31,  0.0245112  ])
78513   , -1632.33    , array([ 1.44584    ,  0.068607   ,  1.5835e-51 ,  3.19217e-31,  0.0245112  ])
78514   , -1632.41    , array([ 1.4444     ,  0.0686757  ,  1.5835e-51 ,  3.19217e-31,  0.0245112  ])
78515   , -1632.33    , array([ 1.4444     ,  0.068607   ,  1.58509e-51,  3.19217e-31,  0.0245112  ])
78516   , -1632.33    , array([ 1.4444     ,  0.068607   ,  1.5835e-51 ,  3.19537e-31,  0.0245112  ])
78517   , -1632.27    , array([ 1.4444     ,  0.068607   ,  1.5835e-51 ,  3.19217e-31,  0.0245357  ])
78518   , -1632.33    , array([ 1.4444     ,  0.068607   ,  1.5835e-51 ,  3.19217e-31,  0.0245112  ])
78519   , -1632.33    , array([ 1.4444     ,  0.068607   ,  1.5835e-51 ,  3.19217e-31,  0.0245112  ])
78520   , -1632.33    , array([ 1.44584    ,  0.068607   ,  1.5835e-51 ,  3.19217e-31,  0.0245112  ])
78521   , -1632.41    , array([ 1.4444     ,  0.0686757  ,  1.5835e-51 ,  3.19217e-31,  0.0245112  ])
78522   , -1632.33    , array([ 1.4444     ,  0.068607   ,  1.58509e-51,  3.19217e-31,  0.0245112  ])
78523   , -1632.33    , array([ 1.4444     ,  0.068607   ,  1.5835e-51 ,  3.19537e-31,  0.0245112  ])
78524   , -1632.27    , array([ 1.4444     ,  0.068607   ,  1.5835e-51 ,  3.19217e-31,  0.0245357  ])
78525   , -1632.33    , array([ 1.4444     ,  0.068607   ,  1.5835e-51 ,  3.19217e-31,  0.0245112  ])
78526   , -1632.33    , array([ 1.4444     ,  0.068607   ,  1.5835e-51 ,  3.19217e-31,  0.0245112  ])
78527   , -1632.33    , array([ 1.44584    ,  0.068607   ,  1.5835e-51 ,  3.19217e-31,  0.0245112  ])
78528   , -1632.41    , array([ 1.4444     ,  0.0686757  ,  1.5835e-51 ,  3.19217e-31,  0.0245112  ])
78529   , -1632.33    , array([ 1.4444     ,  0.068607   ,  1.58509e-51,  3.19217e-31,  0.0245112  ])
78530   , -1632.33    , array([ 1.4444     ,  0.068607   ,  1.5835e-51 ,  3.19537e-31,  0.0245112  ])
78531   , -1632.27    , array([ 1.4444     ,  0.068607   ,  1.5835e-51 ,  3.19217e-31,  0.0245357  ])
78532   , -1632.33    , array([ 1.4444     ,  0.068607   ,  1.5835e-51 ,  3.19217e-31,  0.0245112  ])
78533   , -1632.33    , array([ 1.4444     ,  0.068607   ,  1.5835e-51 ,  3.19217e-31,  0.0245112  ])
78534   , -1632.33    , array([ 1.44584    ,  0.068607   ,  1.5835e-51 ,  3.19217e-31,  0.0245112  ])
78535   , -1632.41    , array([ 1.4444     ,  0.0686757  ,  1.5835e-51 ,  3.19217e-31,  0.0245112  ])
78536   , -1632.33    , array([ 1.4444     ,  0.068607   ,  1.58509e-51,  3.19217e-31,  0.0245112  ])
78537   , -1632.33    , array([ 1.4444     ,  0.068607   ,  1.5835e-51 ,  3.19537e-31,  0.0245112  ])
78538   , -1632.27    , array([ 1.4444     ,  0.068607   ,  1.5835e-51 ,  3.19217e-31,  0.0245357  ])
78539   , -1632.33    , array([ 1.4444     ,  0.068607   ,  1.5835e-51 ,  3.19217e-31,  0.0245112  ])
78540   , -1632.33    , array([ 1.4444     ,  0.068607   ,  1.5835e-51 ,  3.19217e-31,  0.0245112  ])
78541   , -1632.33    , array([ 1.44584    ,  0.068607   ,  1.5835e-51 ,  3.19217e-31,  0.0245112  ])
78542   , -1632.41    , array([ 1.4444     ,  0.0686757  ,  1.5835e-51 ,  3.19217e-31,  0.0245112  ])
78543   , -1632.33    , array([ 1.4444     ,  0.068607   ,  1.58509e-51,  3.19217e-31,  0.0245112  ])
78544   , -1632.33    , array([ 1.4444     ,  0.068607   ,  1.5835e-51 ,  3.19537e-31,  0.0245112  ])
78545   , -1632.27    , array([ 1.4444     ,  0.068607   ,  1.5835e-51 ,  3.19217e-31,  0.0245357  ])
78546   , -1632.33    , array([ 1.4444     ,  0.068607   ,  1.5835e-51 ,  3.19217e-31,  0.0245112  ])
78547   , -1632.33    , array([ 1.4444     ,  0.068607   ,  1.5835e-51 ,  3.19217e-31,  0.0245112  ])
78548   , -1632.33    , array([ 1.44584    ,  0.068607   ,  1.5835e-51 ,  3.19217e-31,  0.0245112  ])
78549   , -1632.41    , array([ 1.4444     ,  0.0686757  ,  1.5835e-51 ,  3.19217e-31,  0.0245112  ])
78550   , -1632.33    , array([ 1.4444     ,  0.068607   ,  1.58509e-51,  3.19217e-31,  0.0245112  ])
78551   , -1632.33    , array([ 1.4444     ,  0.068607   ,  1.5835e-51 ,  3.19537e-31,  0.0245112  ])
78552   , -1632.27    , array([ 1.4444     ,  0.068607   ,  1.5835e-51 ,  3.19217e-31,  0.0245357  ])
78553   , -1632.33    , array([ 1.4444     ,  0.068607   ,  1.5835e-51 ,  3.19217e-31,  0.0245112  ])
78554   , -1632.33    , array([ 1.4444     ,  0.068607   ,  1.5835e-51 ,  3.19217e-31,  0.0245112  ])
78555   , -1632.33    , array([ 1.44584    ,  0.068607   ,  1.5835e-51 ,  3.19217e-31,  0.0245112  ])
78556   , -1632.41    , array([ 1.4444     ,  0.0686757  ,  1.5835e-51 ,  3.19217e-31,  0.0245112  ])
78557   , -1632.33    , array([ 1.4444     ,  0.068607   ,  1.58509e-51,  3.19217e-31,  0.0245112  ])
78558   , -1632.33    , array([ 1.4444     ,  0.068607   ,  1.5835e-51 ,  3.19537e-31,  0.0245112  ])
78559   , -1632.27    , array([ 1.4444     ,  0.068607   ,  1.5835e-51 ,  3.19217e-31,  0.0245357  ])
78560   , -1632.33    , array([ 1.4444     ,  0.068607   ,  1.5835e-51 ,  3.19217e-31,  0.0245112  ])
78561   , -1632.33    , array([ 1.4444     ,  0.068607   ,  1.5835e-51 ,  3.19217e-31,  0.0245112  ])
78562   , -1632.33    , array([ 1.44584    ,  0.068607   ,  1.5835e-51 ,  3.19217e-31,  0.0245112  ])
78563   , -1632.41    , array([ 1.4444     ,  0.0686757  ,  1.5835e-51 ,  3.19217e-31,  0.0245112  ])
78564   , -1632.33    , array([ 1.4444     ,  0.068607   ,  1.58509e-51,  3.19217e-31,  0.0245112  ])
78565   , -1632.33    , array([ 1.4444     ,  0.068607   ,  1.5835e-51 ,  3.19537e-31,  0.0245112  ])
78566   , -1632.27    , array([ 1.4444     ,  0.068607   ,  1.5835e-51 ,  3.19217e-31,  0.0245357  ])
78567   , -1632.33    , array([ 1.4444     ,  0.068607   ,  1.5835e-51 ,  3.19217e-31,  0.0245112  ])
78568   , -1632.33    , array([ 1.4444     ,  0.068607   ,  1.5835e-51 ,  3.19217e-31,  0.0245112  ])
78569   , -1632.33    , array([ 1.44584    ,  0.068607   ,  1.5835e-51 ,  3.19217e-31,  0.0245112  ])
78570   , -1632.41    , array([ 1.4444     ,  0.0686757  ,  1.5835e-51 ,  3.19217e-31,  0.0245112  ])
78571   , -1632.33    , array([ 1.4444     ,  0.068607   ,  1.58509e-51,  3.19217e-31,  0.0245112  ])
78572   , -1632.33    , array([ 1.4444     ,  0.068607   ,  1.5835e-51 ,  3.19537e-31,  0.0245112  ])
78573   , -1632.27    , array([ 1.4444     ,  0.068607   ,  1.5835e-51 ,  3.19217e-31,  0.0245357  ])
78574   , -1632.33    , array([ 1.4444     ,  0.068607   ,  1.5835e-51 ,  3.19217e-31,  0.0245112  ])
78575   , -1632.33    , array([ 1.4444     ,  0.068607   ,  1.5835e-51 ,  3.19217e-31,  0.0245112  ])
78576   , -1632.33    , array([ 1.44584    ,  0.068607   ,  1.5835e-51 ,  3.19217e-31,  0.0245112  ])
78577   , -1632.41    , array([ 1.4444     ,  0.0686757  ,  1.5835e-51 ,  3.19217e-31,  0.0245112  ])
78578   , -1632.33    , array([ 1.4444     ,  0.068607   ,  1.58509e-51,  3.19217e-31,  0.0245112  ])
78579   , -1632.33    , array([ 1.4444     ,  0.068607   ,  1.5835e-51 ,  3.19537e-31,  0.0245112  ])
78580   , -1632.27    , array([ 1.4444     ,  0.068607   ,  1.5835e-51 ,  3.19217e-31,  0.0245357  ])
78581   , -1632.33    , array([ 1.4444     ,  0.068607   ,  1.5835e-51 ,  3.19217e-31,  0.0245112  ])
78582   , -1632.33    , array([ 1.4444     ,  0.068607   ,  1.5835e-51 ,  3.19217e-31,  0.0245112  ])
78583   , -1632.33    , array([ 1.44584    ,  0.068607   ,  1.5835e-51 ,  3.19217e-31,  0.0245112  ])
78584   , -1632.41    , array([ 1.4444     ,  0.0686757  ,  1.5835e-51 ,  3.19217e-31,  0.0245112  ])
78585   , -1632.33    , array([ 1.4444     ,  0.068607   ,  1.58509e-51,  3.19217e-31,  0.0245112  ])
78586   , -1632.33    , array([ 1.4444     ,  0.068607   ,  1.5835e-51 ,  3.19537e-31,  0.0245112  ])
78587   , -1632.27    , array([ 1.4444     ,  0.068607   ,  1.5835e-51 ,  3.19217e-31,  0.0245357  ])
78588   , -1632.33    , array([ 1.4444     ,  0.068607   ,  1.5835e-51 ,  3.19217e-31,  0.0245112  ])
78589   , -1632.33    , array([ 1.4444     ,  0.068607   ,  1.5835e-51 ,  3.19217e-31,  0.0245112  ])
78590   , -1632.33    , array([ 1.44584    ,  0.068607   ,  1.5835e-51 ,  3.19217e-31,  0.0245112  ])
78591   , -1632.41    , array([ 1.4444     ,  0.0686757  ,  1.5835e-51 ,  3.19217e-31,  0.0245112  ])
78592   , -1632.33    , array([ 1.4444     ,  0.068607   ,  1.58509e-51,  3.19217e-31,  0.0245112  ])
78593   , -1632.33    , array([ 1.4444     ,  0.068607   ,  1.5835e-51 ,  3.19537e-31,  0.0245112  ])
78594   , -1632.27    , array([ 1.4444     ,  0.068607   ,  1.5835e-51 ,  3.19217e-31,  0.0245357  ])
78595   , -1632.33    , array([ 1.4444     ,  0.068607   ,  1.5835e-51 ,  3.19217e-31,  0.0245112  ])
78596   , -1632.33    , array([ 1.4444     ,  0.068607   ,  1.5835e-51 ,  3.19217e-31,  0.0245112  ])
78597   , -1632.33    , array([ 1.44584    ,  0.068607   ,  1.5835e-51 ,  3.19217e-31,  0.0245112  ])
78598   , -1632.41    , array([ 1.4444     ,  0.0686757  ,  1.5835e-51 ,  3.19217e-31,  0.0245112  ])
78599   , -1632.33    , array([ 1.4444     ,  0.068607   ,  1.58509e-51,  3.19217e-31,  0.0245112  ])
78600   , -1632.33    , array([ 1.4444     ,  0.068607   ,  1.5835e-51 ,  3.19537e-31,  0.0245112  ])
78601   , -1632.27    , array([ 1.4444     ,  0.068607   ,  1.5835e-51 ,  3.19217e-31,  0.0245357  ])
78602   , -1632.33    , array([ 1.4444     ,  0.068607   ,  1.5835e-51 ,  3.19217e-31,  0.0245112  ])
78603   , -1632.33    , array([ 1.4444     ,  0.068607   ,  1.5835e-51 ,  3.19217e-31,  0.0245112  ])
78604   , -1632.33    , array([ 1.44584    ,  0.068607   ,  1.5835e-51 ,  3.19217e-31,  0.0245112  ])
78605   , -1632.41    , array([ 1.4444     ,  0.0686757  ,  1.5835e-51 ,  3.19217e-31,  0.0245112  ])
78606   , -1632.33    , array([ 1.4444     ,  0.068607   ,  1.58509e-51,  3.19217e-31,  0.0245112  ])
78607   , -1632.33    , array([ 1.4444     ,  0.068607   ,  1.5835e-51 ,  3.19537e-31,  0.0245112  ])
78608   , -1632.27    , array([ 1.4444     ,  0.068607   ,  1.5835e-51 ,  3.19217e-31,  0.0245357  ])
78609   , -1632.33    , array([ 1.4444     ,  0.068607   ,  1.5835e-51 ,  3.19217e-31,  0.0245112  ])
78610   , -1632.33    , array([ 1.4444     ,  0.068607   ,  1.5835e-51 ,  3.19217e-31,  0.0245112  ])
78611   , -1632.33    , array([ 1.44584    ,  0.068607   ,  1.5835e-51 ,  3.19217e-31,  0.0245112  ])
78612   , -1632.41    , array([ 1.4444     ,  0.0686757  ,  1.5835e-51 ,  3.19217e-31,  0.0245112  ])
78613   , -1632.33    , array([ 1.4444     ,  0.068607   ,  1.58509e-51,  3.19217e-31,  0.0245112  ])
78614   , -1632.33    , array([ 1.4444     ,  0.068607   ,  1.5835e-51 ,  3.19537e-31,  0.0245112  ])
78615   , -1632.27    , array([ 1.4444     ,  0.068607   ,  1.5835e-51 ,  3.19217e-31,  0.0245357  ])
78616   , -1632.33    , array([ 1.4444     ,  0.068607   ,  1.5835e-51 ,  3.19217e-31,  0.0245112  ])
78617   , -1632.33    , array([ 1.4444     ,  0.068607   ,  1.5835e-51 ,  3.19217e-31,  0.0245112  ])
78618   , -1632.33    , array([ 1.44584    ,  0.068607   ,  1.5835e-51 ,  3.19217e-31,  0.0245112  ])
78619   , -1632.41    , array([ 1.4444     ,  0.0686757  ,  1.5835e-51 ,  3.19217e-31,  0.0245112  ])
78620   , -1632.33    , array([ 1.4444     ,  0.068607   ,  1.58509e-51,  3.19217e-31,  0.0245112  ])
78621   , -1632.33    , array([ 1.4444     ,  0.068607   ,  1.5835e-51 ,  3.19537e-31,  0.0245112  ])
78622   , -1632.27    , array([ 1.4444     ,  0.068607   ,  1.5835e-51 ,  3.19217e-31,  0.0245357  ])
78623   , -1632.33    , array([ 1.4444     ,  0.068607   ,  1.5835e-51 ,  3.19217e-31,  0.0245112  ])
78624   , -1632.33    , array([ 1.4444     ,  0.068607   ,  1.5835e-51 ,  3.19217e-31,  0.0245112  ])
78625   , -1632.33    , array([ 1.44584    ,  0.068607   ,  1.5835e-51 ,  3.19217e-31,  0.0245112  ])
78626   , -1632.41    , array([ 1.4444     ,  0.0686757  ,  1.5835e-51 ,  3.19217e-31,  0.0245112  ])
78627   , -1632.33    , array([ 1.4444     ,  0.068607   ,  1.58509e-51,  3.19217e-31,  0.0245112  ])
78628   , -1632.33    , array([ 1.4444     ,  0.068607   ,  1.5835e-51 ,  3.19537e-31,  0.0245112  ])
78629   , -1632.27    , array([ 1.4444     ,  0.068607   ,  1.5835e-51 ,  3.19217e-31,  0.0245357  ])
78630   , -1632.33    , array([ 1.4444     ,  0.068607   ,  1.5835e-51 ,  3.19217e-31,  0.0245112  ])
78631   , -1632.33    , array([ 1.4444     ,  0.068607   ,  1.5835e-51 ,  3.19217e-31,  0.0245112  ])
78632   , -1632.33    , array([ 1.44584    ,  0.068607   ,  1.5835e-51 ,  3.19217e-31,  0.0245112  ])
78633   , -1632.41    , array([ 1.4444     ,  0.0686757  ,  1.5835e-51 ,  3.19217e-31,  0.0245112  ])
78634   , -1632.33    , array([ 1.4444     ,  0.068607   ,  1.58509e-51,  3.19217e-31,  0.0245112  ])
78635   , -1632.33    , array([ 1.4444     ,  0.068607   ,  1.5835e-51 ,  3.19537e-31,  0.0245112  ])
78636   , -1632.27    , array([ 1.4444     ,  0.068607   ,  1.5835e-51 ,  3.19217e-31,  0.0245357  ])
78637   , -1632.33    , array([ 1.4444     ,  0.068607   ,  1.5835e-51 ,  3.19217e-31,  0.0245112  ])
78638   , -1632.33    , array([ 1.4444     ,  0.068607   ,  1.5835e-51 ,  3.19217e-31,  0.0245112  ])
78639   , -1632.33    , array([ 1.44584    ,  0.068607   ,  1.5835e-51 ,  3.19217e-31,  0.0245112  ])
78640   , -1632.41    , array([ 1.4444     ,  0.0686757  ,  1.5835e-51 ,  3.19217e-31,  0.0245112  ])
78641   , -1632.33    , array([ 1.4444     ,  0.068607   ,  1.58509e-51,  3.19217e-31,  0.0245112  ])
78642   , -1632.33    , array([ 1.4444     ,  0.068607   ,  1.5835e-51 ,  3.19537e-31,  0.0245112  ])
78643   , -1632.27    , array([ 1.4444     ,  0.068607   ,  1.5835e-51 ,  3.19217e-31,  0.0245357  ])
78644   , -1632.33    , array([ 1.4444     ,  0.068607   ,  1.5835e-51 ,  3.19217e-31,  0.0245112  ])
78645   , -1632.33    , array([ 1.4444     ,  0.068607   ,  1.5835e-51 ,  3.19217e-31,  0.0245112  ])
78646   , -1632.33    , array([ 1.44584    ,  0.068607   ,  1.5835e-51 ,  3.19217e-31,  0.0245112  ])
78647   , -1632.41    , array([ 1.4444     ,  0.0686757  ,  1.5835e-51 ,  3.19217e-31,  0.0245112  ])
78648   , -1632.33    , array([ 1.4444     ,  0.068607   ,  1.58509e-51,  3.19217e-31,  0.0245112  ])
78649   , -1632.33    , array([ 1.4444     ,  0.068607   ,  1.5835e-51 ,  3.19537e-31,  0.0245112  ])
78650   , -1632.27    , array([ 1.4444     ,  0.068607   ,  1.5835e-51 ,  3.19217e-31,  0.0245357  ])
78651   , -1632.33    , array([ 1.4444     ,  0.068607   ,  1.5835e-51 ,  3.19217e-31,  0.0245112  ])
78652   , -1632.33    , array([ 1.4444     ,  0.068607   ,  1.5835e-51 ,  3.19217e-31,  0.0245112  ])
78653   , -1632.33    , array([ 1.44584    ,  0.068607   ,  1.5835e-51 ,  3.19217e-31,  0.0245112  ])
78654   , -1632.41    , array([ 1.4444     ,  0.0686757  ,  1.5835e-51 ,  3.19217e-31,  0.0245112  ])
78655   , -1632.33    , array([ 1.4444     ,  0.068607   ,  1.58509e-51,  3.19217e-31,  0.0245112  ])
78656   , -1632.33    , array([ 1.4444     ,  0.068607   ,  1.5835e-51 ,  3.19537e-31,  0.0245112  ])
78657   , -1632.27    , array([ 1.4444     ,  0.068607   ,  1.5835e-51 ,  3.19217e-31,  0.0245357  ])
78658   , -1632.33    , array([ 1.4444     ,  0.068607   ,  1.5835e-51 ,  3.19217e-31,  0.0245112  ])
78659   , -1632.33    , array([ 1.4444     ,  0.068607   ,  1.5835e-51 ,  3.19217e-31,  0.0245112  ])
78660   , -1632.33    , array([ 1.44584    ,  0.068607   ,  1.5835e-51 ,  3.19217e-31,  0.0245112  ])
78661   , -1632.41    , array([ 1.4444     ,  0.0686757  ,  1.5835e-51 ,  3.19217e-31,  0.0245112  ])
78662   , -1632.33    , array([ 1.4444     ,  0.068607   ,  1.58509e-51,  3.19217e-31,  0.0245112  ])
78663   , -1632.33    , array([ 1.4444     ,  0.068607   ,  1.5835e-51 ,  3.19537e-31,  0.0245112  ])
78664   , -1632.27    , array([ 1.4444     ,  0.068607   ,  1.5835e-51 ,  3.19217e-31,  0.0245357  ])
78665   , -1632.33    , array([ 1.4444     ,  0.068607   ,  1.5835e-51 ,  3.19217e-31,  0.0245112  ])
78666   , -1632.33    , array([ 1.4444     ,  0.068607   ,  1.5835e-51 ,  3.19217e-31,  0.0245112  ])
78667   , -1632.33    , array([ 1.44584    ,  0.068607   ,  1.5835e-51 ,  3.19217e-31,  0.0245112  ])
78668   , -1632.41    , array([ 1.4444     ,  0.0686757  ,  1.5835e-51 ,  3.19217e-31,  0.0245112  ])
78669   , -1632.33    , array([ 1.4444     ,  0.068607   ,  1.58509e-51,  3.19217e-31,  0.0245112  ])
78670   , -1632.33    , array([ 1.4444     ,  0.068607   ,  1.5835e-51 ,  3.19537e-31,  0.0245112  ])
78671   , -1632.27    , array([ 1.4444     ,  0.068607   ,  1.5835e-51 ,  3.19217e-31,  0.0245357  ])
78672   , -1632.33    , array([ 1.4444     ,  0.068607   ,  1.5835e-51 ,  3.19217e-31,  0.0245112  ])
78673   , -1632.33    , array([ 1.4444     ,  0.068607   ,  1.5835e-51 ,  3.19217e-31,  0.0245112  ])
78674   , -1632.33    , array([ 1.44584    ,  0.068607   ,  1.5835e-51 ,  3.19217e-31,  0.0245112  ])
78675   , -1632.41    , array([ 1.4444     ,  0.0686757  ,  1.5835e-51 ,  3.19217e-31,  0.0245112  ])
78676   , -1632.33    , array([ 1.4444     ,  0.068607   ,  1.58509e-51,  3.19217e-31,  0.0245112  ])
78677   , -1632.33    , array([ 1.4444     ,  0.068607   ,  1.5835e-51 ,  3.19537e-31,  0.0245112  ])
78678   , -1632.27    , array([ 1.4444     ,  0.068607   ,  1.5835e-51 ,  3.19217e-31,  0.0245357  ])
78679   , -1632.33    , array([ 1.4444     ,  0.068607   ,  1.5835e-51 ,  3.19217e-31,  0.0245112  ])
78680   , -1632.33    , array([ 1.4444     ,  0.068607   ,  1.5835e-51 ,  3.19217e-31,  0.0245112  ])
78681   , -1632.33    , array([ 1.44584    ,  0.068607   ,  1.5835e-51 ,  3.19217e-31,  0.0245112  ])
78682   , -1632.41    , array([ 1.4444     ,  0.0686757  ,  1.5835e-51 ,  3.19217e-31,  0.0245112  ])
78683   , -1632.33    , array([ 1.4444     ,  0.068607   ,  1.58509e-51,  3.19217e-31,  0.0245112  ])
78684   , -1632.33    , array([ 1.4444     ,  0.068607   ,  1.5835e-51 ,  3.19537e-31,  0.0245112  ])
78685   , -1632.27    , array([ 1.4444     ,  0.068607   ,  1.5835e-51 ,  3.19217e-31,  0.0245357  ])
78686   , -1632.33    , array([ 1.4444     ,  0.068607   ,  1.5835e-51 ,  3.19217e-31,  0.0245112  ])
78687   , -1632.33    , array([ 1.4444     ,  0.068607   ,  1.5835e-51 ,  3.19217e-31,  0.0245112  ])
78688   , -1632.33    , array([ 1.44584    ,  0.068607   ,  1.5835e-51 ,  3.19217e-31,  0.0245112  ])
78689   , -1632.41    , array([ 1.4444     ,  0.0686757  ,  1.5835e-51 ,  3.19217e-31,  0.0245112  ])
78690   , -1632.33    , array([ 1.4444     ,  0.068607   ,  1.58509e-51,  3.19217e-31,  0.0245112  ])
78691   , -1632.33    , array([ 1.4444     ,  0.068607   ,  1.5835e-51 ,  3.19537e-31,  0.0245112  ])
78692   , -1632.27    , array([ 1.4444     ,  0.068607   ,  1.5835e-51 ,  3.19217e-31,  0.0245357  ])
78693   , -1632.33    , array([ 1.4444     ,  0.068607   ,  1.5835e-51 ,  3.19217e-31,  0.0245112  ])
78694   , -1632.33    , array([ 1.4444     ,  0.068607   ,  1.5835e-51 ,  3.19217e-31,  0.0245112  ])
78695   , -1632.33    , array([ 1.44584    ,  0.068607   ,  1.5835e-51 ,  3.19217e-31,  0.0245112  ])
78696   , -1632.41    , array([ 1.4444     ,  0.0686757  ,  1.5835e-51 ,  3.19217e-31,  0.0245112  ])
78697   , -1632.33    , array([ 1.4444     ,  0.068607   ,  1.58509e-51,  3.19217e-31,  0.0245112  ])
78698   , -1632.33    , array([ 1.4444     ,  0.068607   ,  1.5835e-51 ,  3.19537e-31,  0.0245112  ])
78699   , -1632.27    , array([ 1.4444     ,  0.068607   ,  1.5835e-51 ,  3.19217e-31,  0.0245357  ])
78700   , -1632.33    , array([ 1.4444     ,  0.068607   ,  1.5835e-51 ,  3.19217e-31,  0.0245112  ])
78701   , -1632.33    , array([ 1.4444     ,  0.068607   ,  1.5835e-51 ,  3.19217e-31,  0.0245112  ])
78702   , -1632.33    , array([ 1.44584    ,  0.068607   ,  1.5835e-51 ,  3.19217e-31,  0.0245112  ])
78703   , -1632.41    , array([ 1.4444     ,  0.0686757  ,  1.5835e-51 ,  3.19217e-31,  0.0245112  ])
78704   , -1632.33    , array([ 1.4444     ,  0.068607   ,  1.58509e-51,  3.19217e-31,  0.0245112  ])
78705   , -1632.33    , array([ 1.4444     ,  0.068607   ,  1.5835e-51 ,  3.19537e-31,  0.0245112  ])
78706   , -1632.27    , array([ 1.4444     ,  0.068607   ,  1.5835e-51 ,  3.19217e-31,  0.0245357  ])
78707   , -1632.33    , array([ 1.44432    ,  0.068598   ,  1.5835e-51 ,  3.19217e-31,  0.0245085  ])
78708   , -1632.33    , array([ 1.44436    ,  0.0686027  ,  1.5835e-51 ,  3.19217e-31,  0.0245099  ])
78709   , -1632.33    , array([ 1.44438    ,  0.0686053  ,  1.5835e-51 ,  3.19217e-31,  0.0245106  ])
78710   , -1632.33    , array([ 1.44439    ,  0.0686063  ,  1.5835e-51 ,  3.19217e-31,  0.0245109  ])
78711   , -1632.33    , array([ 1.44439    ,  0.0686067  ,  1.5835e-51 ,  3.19217e-31,  0.0245111  ])
78712   , -1632.33    , array([ 1.4444     ,  0.0686069  ,  1.5835e-51 ,  3.19217e-31,  0.0245111  ])
78713   , -1632.33    , array([ 1.4444     ,  0.068607   ,  1.5835e-51 ,  3.19217e-31,  0.0245111  ])
78714   , -1632.33    , array([ 1.4444     ,  0.068607   ,  1.5835e-51 ,  3.19217e-31,  0.0245112  ])
78715   , -1632.33    , array([ 1.4444     ,  0.068607   ,  1.5835e-51 ,  3.19217e-31,  0.0245112  ])
78716   , -1632.33    , array([ 1.4444     ,  0.068607   ,  1.5835e-51 ,  3.19217e-31,  0.0245112  ])
78717   , -1632.33    , array([ 1.4444     ,  0.068607   ,  1.5835e-51 ,  3.19217e-31,  0.0245112  ])
78718   , -1632.33    , array([ 1.4444     ,  0.068607   ,  1.5835e-51 ,  3.19217e-31,  0.0245112  ])
