55929   , -79089.4    , array([ 17.5976    ,  3.98052    ,  0.0207647  ,  8.28682e-32,  9.08117e-11])
55930   , -79089.4    , array([ 17.6152    ,  3.98052    ,  0.0207647  ,  8.28682e-32,  9.08117e-11])
55931   , -79089.4    , array([ 17.5976    ,  3.9845     ,  0.0207647  ,  8.28682e-32,  9.08117e-11])
55932   , -79089.4    , array([ 17.5976    ,  3.98052    ,  0.0207855  ,  8.28682e-32,  9.08117e-11])
55933   , -79089.4    , array([ 17.5976    ,  3.98052    ,  0.0207647  ,  8.29511e-32,  9.08117e-11])
55934   , -79089.4    , array([ 17.5976    ,  3.98052    ,  0.0207647  ,  8.28682e-32,  9.09026e-11])
55935   , -79089.4    , array([ 17.5976    ,  3.98052    ,  0.0207647  ,  8.28682e-32,  9.08117e-11])
55936   , -79089.4    , array([ 17.5975    ,  3.98041    ,  0.0207647  ,  8.28682e-32,  9.08147e-11])
55937   , -79089.4    , array([ 17.5975    ,  3.98041    ,  0.0207647  ,  8.28682e-32,  9.08147e-11])
55938   , -79089.4    , array([ 17.6151    ,  3.98041    ,  0.0207647  ,  8.28682e-32,  9.08147e-11])
55939   , -79089.4    , array([ 17.5975    ,  3.9844     ,  0.0207647  ,  8.28682e-32,  9.08147e-11])
55940   , -79089.4    , array([ 17.5975    ,  3.98041    ,  0.0207855  ,  8.28682e-32,  9.08147e-11])
55941   , -79089.4    , array([ 17.5975    ,  3.98041    ,  0.0207647  ,  8.29511e-32,  9.08147e-11])
55942   , -79089.4    , array([ 17.5975    ,  3.98041    ,  0.0207647  ,  8.28682e-32,  9.09056e-11])
55943   , -79089.4    , array([ 17.5972    ,  3.97999    ,  0.0207647  ,  8.28682e-32,  9.08265e-11])
55944   , -79089.4    , array([ 17.5972    ,  3.97999    ,  0.0207647  ,  8.28682e-32,  9.08265e-11])
55945   , -79089.4    , array([ 17.6148    ,  3.97999    ,  0.0207647  ,  8.28682e-32,  9.08265e-11])
55946   , -79089.4    , array([ 17.5972    ,  3.98397    ,  0.0207647  ,  8.28682e-32,  9.08265e-11])
55947   , -79089.4    , array([ 17.5972    ,  3.97999    ,  0.0207855  ,  8.28682e-32,  9.08265e-11])
55948   , -79089.4    , array([ 17.5972    ,  3.97999    ,  0.0207647  ,  8.29511e-32,  9.08265e-11])
55949   , -79089.4    , array([ 17.5972    ,  3.97999    ,  0.0207647  ,  8.28682e-32,  9.09174e-11])
55950   , -79089.4    , array([ 17.596     ,  3.97828    ,  0.0207647  ,  8.28682e-32,  9.08739e-11])
55951   , -79089.4    , array([ 17.596     ,  3.97828    ,  0.0207647  ,  8.28682e-32,  9.08739e-11])
55952   , -79089.4    , array([ 17.6136    ,  3.97828    ,  0.0207647  ,  8.28682e-32,  9.08739e-11])
55953   , -79089.4    , array([ 17.596     ,  3.98226    ,  0.0207647  ,  8.28682e-32,  9.08739e-11])
55954   , -79089.4    , array([ 17.596     ,  3.97828    ,  0.0207854  ,  8.28682e-32,  9.08739e-11])
55955   , -79089.4    , array([ 17.596     ,  3.97828    ,  0.0207647  ,  8.29511e-32,  9.08739e-11])
55956   , -79089.4    , array([ 17.596     ,  3.97828    ,  0.0207647  ,  8.28682e-32,  9.09648e-11])
55957   , -79089.4    , array([ 17.5913    ,  3.97146    ,  0.0207645  ,  8.28682e-32,  9.10635e-11])
55958   , -79089.4    , array([ 17.5913    ,  3.97146    ,  0.0207645  ,  8.28682e-32,  9.10635e-11])
55959   , -79089.4    , array([ 17.6089    ,  3.97146    ,  0.0207645  ,  8.28682e-32,  9.10635e-11])
55960   , -79089.4    , array([ 17.5913    ,  3.97543    ,  0.0207645  ,  8.28682e-32,  9.10635e-11])
55961   , -79089.4    , array([ 17.5913    ,  3.97146    ,  0.0207853  ,  8.28682e-32,  9.10635e-11])
55962   , -79089.4    , array([ 17.5913    ,  3.97146    ,  0.0207645  ,  8.29511e-32,  9.10635e-11])
55963   , -79089.4    , array([ 17.5913    ,  3.97146    ,  0.0207645  ,  8.28682e-32,  9.11546e-11])
55964   , -79089.4    , array([ 17.5724    ,  3.9443     ,  0.0207638  ,  8.28682e-32,  9.18259e-11])
55965   , -79089.4    , array([ 17.5724    ,  3.9443     ,  0.0207638  ,  8.28682e-32,  9.18259e-11])
55966   , -79089.4    , array([ 17.59      ,  3.9443     ,  0.0207638  ,  8.28682e-32,  9.18259e-11])
55967   , -79089.4    , array([ 17.5724    ,  3.94825    ,  0.0207638  ,  8.28682e-32,  9.18259e-11])
55968   , -79089.4    , array([ 17.5724    ,  3.9443     ,  0.0207846  ,  8.28682e-32,  9.18259e-11])
55969   , -79089.4    , array([ 17.5724    ,  3.9443     ,  0.0207638  ,  8.29511e-32,  9.18259e-11])
55970   , -79089.4    , array([ 17.5724    ,  3.9443     ,  0.0207638  ,  8.28682e-32,  9.19177e-11])
55971   , -79089.4    , array([ 17.4972    ,  3.83751    ,  0.020761   ,  8.28682e-32,  9.49398e-11])
55972   , -79089.4    , array([ 17.4972    ,  3.83751    ,  0.020761   ,  8.28682e-32,  9.49398e-11])
55973   , -79089.4    , array([ 17.5147    ,  3.83751    ,  0.020761   ,  8.28682e-32,  9.49398e-11])
55974   , -79089.4    , array([ 17.4972    ,  3.84135    ,  0.020761   ,  8.28682e-32,  9.49398e-11])
55975   , -79089.4    , array([ 17.4972    ,  3.83751    ,  0.0207818  ,  8.28682e-32,  9.49398e-11])
55976   , -79089.4    , array([ 17.4972    ,  3.83751    ,  0.020761   ,  8.29511e-32,  9.49398e-11])
55977   , -79089.4    , array([ 17.4972    ,  3.83751    ,  0.020761   ,  8.28682e-32,  9.50348e-11])
55978   , -79089.4    , array([ 17.1994    ,  3.43849    ,  0.0207499  ,  8.28682e-32,  1.08488e-10])
55979   , -79089.4    , array([ 17.1994    ,  3.43849    ,  0.0207499  ,  8.28682e-32,  1.08488e-10])
55980   , -79089.4    , array([ 17.2166    ,  3.43849    ,  0.0207499  ,  8.28682e-32,  1.08488e-10])
55981   , -79089.4    , array([ 17.1994    ,  3.44193    ,  0.0207499  ,  8.28682e-32,  1.08488e-10])
55982   , -79089.4    , array([ 17.1994    ,  3.43849    ,  0.0207706  ,  8.28682e-32,  1.08488e-10])
55983   , -79089.4    , array([ 17.1994    ,  3.43849    ,  0.0207499  ,  8.29511e-32,  1.08488e-10])
55984   , -79089.4    , array([ 17.1994    ,  3.43849    ,  0.0207499  ,  8.28682e-32,  1.08596e-10])
55985   , -79089.4    , array([ 16.058     ,  2.21636    ,  0.0207054  ,  8.28682e-32,  1.84975e-10])
55986   , -79089.4    , array([ 16.058     ,  2.21636    ,  0.0207054  ,  8.28682e-32,  1.84975e-10])
55987   , -79089.4    , array([ 16.0741    ,  2.21636    ,  0.0207054  ,  8.28682e-32,  1.84975e-10])
55988   , -79089.4    , array([ 16.058     ,  2.21858    ,  0.0207054  ,  8.28682e-32,  1.84975e-10])
55989   , -79089.4    , array([ 16.058     ,  2.21636    ,  0.0207261  ,  8.28682e-32,  1.84975e-10])
55990   , -79089.4    , array([ 16.058     ,  2.21636    ,  0.0207054  ,  8.29511e-32,  1.84975e-10])
55991   , -79089.4    , array([ 16.058     ,  2.21636    ,  0.0207054  ,  8.28682e-32,  1.8516e-10 ])
55992   , -79089.4    , array([ 12.2014    ,  0.382586   ,  0.0205284  ,  8.28682e-32,  1.56328e-09])
55993   , -79089.4    , array([ 12.2014    ,  0.382586   ,  0.0205284  ,  8.28682e-32,  1.56328e-09])
55994   , -79089.4    , array([ 12.2136    ,  0.382586   ,  0.0205284  ,  8.28682e-32,  1.56328e-09])
55995   , -79089.4    , array([ 12.2014    ,  0.382968   ,  0.0205284  ,  8.28682e-32,  1.56328e-09])
55996   , -79089.4    , array([ 12.2014    ,  0.382586   ,  0.020549   ,  8.28682e-32,  1.56328e-09])
55997   , -79089.4    , array([ 12.2014    ,  0.382586   ,  0.0205284  ,  8.29511e-32,  1.56328e-09])
55998   , -79089.4    , array([ 12.2014    ,  0.382586   ,  0.0205284  ,  8.28682e-32,  1.56484e-09])
56006   , -79089.4    , array([ 12.2014    ,  0.382586   ,  0.0205284  ,  8.28682e-32,  1.56328e-09])
56007   , -79089.4    , array([ 12.2014    ,  0.382586   ,  0.0205284  ,  8.28682e-32,  1.56328e-09])
56008   , -79089.4    , array([ 12.2136    ,  0.382586   ,  0.0205284  ,  8.28682e-32,  1.56328e-09])
56009   , -79089.4    , array([ 12.2014    ,  0.382968   ,  0.0205284  ,  8.28682e-32,  1.56328e-09])
56010   , -79089.4    , array([ 12.2014    ,  0.382586   ,  0.020549   ,  8.28682e-32,  1.56328e-09])
56011   , -79089.4    , array([ 12.2014    ,  0.382586   ,  0.0205284  ,  8.29511e-32,  1.56328e-09])
56012   , -79089.4    , array([ 12.2014    ,  0.382586   ,  0.0205284  ,  8.28682e-32,  1.56484e-09])
56013   , -79089.4    , array([ 12.2014    ,  0.382586   ,  0.0205284  ,  8.28682e-32,  1.56328e-09])
56014   , -79089.4    , array([ 12.2014    ,  0.382586   ,  0.0205284  ,  8.28682e-32,  1.56328e-09])
56015   , -79089.4    , array([ 12.2136    ,  0.382586   ,  0.0205284  ,  8.28682e-32,  1.56328e-09])
56016   , -79089.4    , array([ 12.2014    ,  0.382968   ,  0.0205284  ,  8.28682e-32,  1.56328e-09])
56017   , -79089.4    , array([ 12.2014    ,  0.382586   ,  0.020549   ,  8.28682e-32,  1.56328e-09])
56018   , -79089.4    , array([ 12.2014    ,  0.382586   ,  0.0205284  ,  8.29511e-32,  1.56328e-09])
56019   , -79089.4    , array([ 12.2014    ,  0.382586   ,  0.0205284  ,  8.28682e-32,  1.56484e-09])
56020   , -79089.4    , array([ 12.2014    ,  0.382586   ,  0.0205284  ,  8.28682e-32,  1.56328e-09])
56021   , -79089.4    , array([ 12.2014    ,  0.382586   ,  0.0205284  ,  8.28682e-32,  1.56328e-09])
56022   , -79089.4    , array([ 12.2136    ,  0.382586   ,  0.0205284  ,  8.28682e-32,  1.56328e-09])
56023   , -79089.4    , array([ 12.2014    ,  0.382968   ,  0.0205284  ,  8.28682e-32,  1.56328e-09])
56024   , -79089.4    , array([ 12.2014    ,  0.382586   ,  0.020549   ,  8.28682e-32,  1.56328e-09])
56025   , -79089.4    , array([ 12.2014    ,  0.382586   ,  0.0205284  ,  8.29511e-32,  1.56328e-09])
56026   , -79089.4    , array([ 12.2014    ,  0.382586   ,  0.0205284  ,  8.28682e-32,  1.56484e-09])
56027   , -79089.4    , array([ 12.2014    ,  0.382586   ,  0.0205284  ,  8.28682e-32,  1.56328e-09])
56028   , -79089.4    , array([ 12.2014    ,  0.382586   ,  0.0205284  ,  8.28682e-32,  1.56328e-09])
56029   , -79089.4    , array([ 12.2136    ,  0.382586   ,  0.0205284  ,  8.28682e-32,  1.56328e-09])
56030   , -79089.4    , array([ 12.2014    ,  0.382968   ,  0.0205284  ,  8.28682e-32,  1.56328e-09])
56031   , -79089.4    , array([ 12.2014    ,  0.382586   ,  0.020549   ,  8.28682e-32,  1.56328e-09])
56032   , -79089.4    , array([ 12.2014    ,  0.382586   ,  0.0205284  ,  8.29511e-32,  1.56328e-09])
56033   , -79089.4    , array([ 12.2014    ,  0.382586   ,  0.0205284  ,  8.28682e-32,  1.56484e-09])
56034   , -79089.4    , array([ 12.2014    ,  0.382586   ,  0.0205284  ,  8.28682e-32,  1.56328e-09])
56035   , -79089.4    , array([ 12.2014    ,  0.382586   ,  0.0205284  ,  8.28682e-32,  1.56328e-09])
56036   , -79089.4    , array([ 12.2136    ,  0.382586   ,  0.0205284  ,  8.28682e-32,  1.56328e-09])
56037   , -79089.4    , array([ 12.2014    ,  0.382968   ,  0.0205284  ,  8.28682e-32,  1.56328e-09])
56038   , -79089.4    , array([ 12.2014    ,  0.382586   ,  0.020549   ,  8.28682e-32,  1.56328e-09])
56039   , -79089.4    , array([ 12.2014    ,  0.382586   ,  0.0205284  ,  8.29511e-32,  1.56328e-09])
56040   , -79089.4    , array([ 12.2014    ,  0.382586   ,  0.0205284  ,  8.28682e-32,  1.56484e-09])
56041   , -79089.4    , array([ 12.2014    ,  0.382586   ,  0.0205284  ,  8.28682e-32,  1.56328e-09])
56042   , -79089.4    , array([ 12.2014    ,  0.382586   ,  0.0205284  ,  8.28682e-32,  1.56328e-09])
56043   , -79089.4    , array([ 12.2136    ,  0.382586   ,  0.0205284  ,  8.28682e-32,  1.56328e-09])
56044   , -79089.4    , array([ 12.2014    ,  0.382968   ,  0.0205284  ,  8.28682e-32,  1.56328e-09])
56045   , -79089.4    , array([ 12.2014    ,  0.382586   ,  0.020549   ,  8.28682e-32,  1.56328e-09])
56046   , -79089.4    , array([ 12.2014    ,  0.382586   ,  0.0205284  ,  8.29511e-32,  1.56328e-09])
56047   , -79089.4    , array([ 12.2014    ,  0.382586   ,  0.0205284  ,  8.28682e-32,  1.56484e-09])
56048   , -79089.4    , array([ 12.2014    ,  0.382586   ,  0.0205284  ,  8.28682e-32,  1.56328e-09])
56049   , -79089.4    , array([ 12.2014    ,  0.382586   ,  0.0205284  ,  8.28682e-32,  1.56328e-09])
56050   , -79089.4    , array([ 12.2136    ,  0.382586   ,  0.0205284  ,  8.28682e-32,  1.56328e-09])
56051   , -79089.4    , array([ 12.2014    ,  0.382968   ,  0.0205284  ,  8.28682e-32,  1.56328e-09])
56052   , -79089.4    , array([ 12.2014    ,  0.382586   ,  0.020549   ,  8.28682e-32,  1.56328e-09])
56053   , -79089.4    , array([ 12.2014    ,  0.382586   ,  0.0205284  ,  8.29511e-32,  1.56328e-09])
56054   , -79089.4    , array([ 12.2014    ,  0.382586   ,  0.0205284  ,  8.28682e-32,  1.56484e-09])
56055   , -79089.4    , array([ 12.2014    ,  0.382586   ,  0.0205284  ,  8.28682e-32,  1.56328e-09])
56056   , -79089.4    , array([ 12.2014    ,  0.382586   ,  0.0205284  ,  8.28682e-32,  1.56328e-09])
56057   , -79089.4    , array([ 12.2136    ,  0.382586   ,  0.0205284  ,  8.28682e-32,  1.56328e-09])
56058   , -79089.4    , array([ 12.2014    ,  0.382968   ,  0.0205284  ,  8.28682e-32,  1.56328e-09])
56059   , -79089.4    , array([ 12.2014    ,  0.382586   ,  0.020549   ,  8.28682e-32,  1.56328e-09])
56060   , -79089.4    , array([ 12.2014    ,  0.382586   ,  0.0205284  ,  8.29511e-32,  1.56328e-09])
56061   , -79089.4    , array([ 12.2014    ,  0.382586   ,  0.0205284  ,  8.28682e-32,  1.56484e-09])
56062   , -79089.4    , array([ 12.2014    ,  0.382586   ,  0.0205284  ,  8.28682e-32,  1.56328e-09])
56063   , -79089.4    , array([ 12.2014    ,  0.382586   ,  0.0205284  ,  8.28682e-32,  1.56328e-09])
56064   , -79089.4    , array([ 12.2136    ,  0.382586   ,  0.0205284  ,  8.28682e-32,  1.56328e-09])
56065   , -79089.4    , array([ 12.2014    ,  0.382968   ,  0.0205284  ,  8.28682e-32,  1.56328e-09])
56066   , -79089.4    , array([ 12.2014    ,  0.382586   ,  0.020549   ,  8.28682e-32,  1.56328e-09])
56067   , -79089.4    , array([ 12.2014    ,  0.382586   ,  0.0205284  ,  8.29511e-32,  1.56328e-09])
56068   , -79089.4    , array([ 12.2014    ,  0.382586   ,  0.0205284  ,  8.28682e-32,  1.56484e-09])
56069   , -79089.4    , array([ 12.2014    ,  0.382586   ,  0.0205284  ,  8.28682e-32,  1.56328e-09])
56070   , -79089.4    , array([ 12.2014    ,  0.382586   ,  0.0205284  ,  8.28682e-32,  1.56328e-09])
56071   , -79089.4    , array([ 12.2136    ,  0.382586   ,  0.0205284  ,  8.28682e-32,  1.56328e-09])
56072   , -79089.4    , array([ 12.2014    ,  0.382968   ,  0.0205284  ,  8.28682e-32,  1.56328e-09])
56073   , -79089.4    , array([ 12.2014    ,  0.382586   ,  0.020549   ,  8.28682e-32,  1.56328e-09])
56074   , -79089.4    , array([ 12.2014    ,  0.382586   ,  0.0205284  ,  8.29511e-32,  1.56328e-09])
56075   , -79089.4    , array([ 12.2014    ,  0.382586   ,  0.0205284  ,  8.28682e-32,  1.56484e-09])
56076   , -79089.4    , array([ 12.2014    ,  0.382586   ,  0.0205284  ,  8.28682e-32,  1.56328e-09])
56077   , -79089.4    , array([ 12.2014    ,  0.382586   ,  0.0205284  ,  8.28682e-32,  1.56328e-09])
56078   , -79089.4    , array([ 12.2136    ,  0.382586   ,  0.0205284  ,  8.28682e-32,  1.56328e-09])
56079   , -79089.4    , array([ 12.2014    ,  0.382968   ,  0.0205284  ,  8.28682e-32,  1.56328e-09])
56080   , -79089.4    , array([ 12.2014    ,  0.382586   ,  0.020549   ,  8.28682e-32,  1.56328e-09])
56081   , -79089.4    , array([ 12.2014    ,  0.382586   ,  0.0205284  ,  8.29511e-32,  1.56328e-09])
56082   , -79089.4    , array([ 12.2014    ,  0.382586   ,  0.0205284  ,  8.28682e-32,  1.56484e-09])
56083   , -79089.4    , array([ 12.2014    ,  0.382586   ,  0.0205284  ,  8.28682e-32,  1.56328e-09])
56084   , -79089.4    , array([ 12.2014    ,  0.382586   ,  0.0205284  ,  8.28682e-32,  1.56328e-09])
56085   , -79089.4    , array([ 12.2136    ,  0.382586   ,  0.0205284  ,  8.28682e-32,  1.56328e-09])
56086   , -79089.4    , array([ 12.2014    ,  0.382968   ,  0.0205284  ,  8.28682e-32,  1.56328e-09])
56087   , -79089.4    , array([ 12.2014    ,  0.382586   ,  0.020549   ,  8.28682e-32,  1.56328e-09])
56088   , -79089.4    , array([ 12.2014    ,  0.382586   ,  0.0205284  ,  8.29511e-32,  1.56328e-09])
56089   , -79089.4    , array([ 12.2014    ,  0.382586   ,  0.0205284  ,  8.28682e-32,  1.56484e-09])
56090   , -79089.4    , array([ 12.2014    ,  0.382586   ,  0.0205284  ,  8.28682e-32,  1.56328e-09])
56091   , -79089.4    , array([ 12.2014    ,  0.382586   ,  0.0205284  ,  8.28682e-32,  1.56328e-09])
56092   , -79089.4    , array([ 12.2136    ,  0.382586   ,  0.0205284  ,  8.28682e-32,  1.56328e-09])
56093   , -79089.4    , array([ 12.2014    ,  0.382968   ,  0.0205284  ,  8.28682e-32,  1.56328e-09])
56094   , -79089.4    , array([ 12.2014    ,  0.382586   ,  0.020549   ,  8.28682e-32,  1.56328e-09])
56095   , -79089.4    , array([ 12.2014    ,  0.382586   ,  0.0205284  ,  8.29511e-32,  1.56328e-09])
56096   , -79089.4    , array([ 12.2014    ,  0.382586   ,  0.0205284  ,  8.28682e-32,  1.56484e-09])
56097   , -79089.4    , array([ 12.2014    ,  0.382586   ,  0.0205284  ,  8.28682e-32,  1.56328e-09])
56098   , -79089.4    , array([ 12.2014    ,  0.382586   ,  0.0205284  ,  8.28682e-32,  1.56328e-09])
56099   , -79089.4    , array([ 12.2136    ,  0.382586   ,  0.0205284  ,  8.28682e-32,  1.56328e-09])
56100   , -79089.4    , array([ 12.2014    ,  0.382968   ,  0.0205284  ,  8.28682e-32,  1.56328e-09])
56101   , -79089.4    , array([ 12.2014    ,  0.382586   ,  0.020549   ,  8.28682e-32,  1.56328e-09])
56102   , -79089.4    , array([ 12.2014    ,  0.382586   ,  0.0205284  ,  8.29511e-32,  1.56328e-09])
56103   , -79089.4    , array([ 12.2014    ,  0.382586   ,  0.0205284  ,  8.28682e-32,  1.56484e-09])
56104   , -79089.4    , array([ 12.2014    ,  0.382586   ,  0.0205284  ,  8.28682e-32,  1.56328e-09])
56105   , -79089.4    , array([ 12.2014    ,  0.382586   ,  0.0205284  ,  8.28682e-32,  1.56328e-09])
56106   , -79089.4    , array([ 12.2136    ,  0.382586   ,  0.0205284  ,  8.28682e-32,  1.56328e-09])
56107   , -79089.4    , array([ 12.2014    ,  0.382968   ,  0.0205284  ,  8.28682e-32,  1.56328e-09])
56108   , -79089.4    , array([ 12.2014    ,  0.382586   ,  0.020549   ,  8.28682e-32,  1.56328e-09])
56109   , -79089.4    , array([ 12.2014    ,  0.382586   ,  0.0205284  ,  8.29511e-32,  1.56328e-09])
56110   , -79089.4    , array([ 12.2014    ,  0.382586   ,  0.0205284  ,  8.28682e-32,  1.56484e-09])
56111   , -79089.4    , array([ 12.2014    ,  0.382586   ,  0.0205284  ,  8.28682e-32,  1.56328e-09])
56112   , -79089.4    , array([ 12.2014    ,  0.382586   ,  0.0205284  ,  8.28682e-32,  1.56328e-09])
56113   , -79089.4    , array([ 12.2136    ,  0.382586   ,  0.0205284  ,  8.28682e-32,  1.56328e-09])
56114   , -79089.4    , array([ 12.2014    ,  0.382968   ,  0.0205284  ,  8.28682e-32,  1.56328e-09])
56115   , -79089.4    , array([ 12.2014    ,  0.382586   ,  0.020549   ,  8.28682e-32,  1.56328e-09])
56116   , -79089.4    , array([ 12.2014    ,  0.382586   ,  0.0205284  ,  8.29511e-32,  1.56328e-09])
56117   , -79089.4    , array([ 12.2014    ,  0.382586   ,  0.0205284  ,  8.28682e-32,  1.56484e-09])
56118   , -79089.4    , array([ 12.2014    ,  0.382586   ,  0.0205284  ,  8.28682e-32,  1.56328e-09])
56119   , -79089.4    , array([ 12.2014    ,  0.382586   ,  0.0205284  ,  8.28682e-32,  1.56328e-09])
56120   , -79089.4    , array([ 12.2136    ,  0.382586   ,  0.0205284  ,  8.28682e-32,  1.56328e-09])
56121   , -79089.4    , array([ 12.2014    ,  0.382968   ,  0.0205284  ,  8.28682e-32,  1.56328e-09])
56122   , -79089.4    , array([ 12.2014    ,  0.382586   ,  0.020549   ,  8.28682e-32,  1.56328e-09])
56123   , -79089.4    , array([ 12.2014    ,  0.382586   ,  0.0205284  ,  8.29511e-32,  1.56328e-09])
56124   , -79089.4    , array([ 12.2014    ,  0.382586   ,  0.0205284  ,  8.28682e-32,  1.56484e-09])
56125   , -79089.4    , array([ 12.2014    ,  0.382586   ,  0.0205284  ,  8.28682e-32,  1.56328e-09])
56126   , -79089.4    , array([ 12.2014    ,  0.382586   ,  0.0205284  ,  8.28682e-32,  1.56328e-09])
56127   , -79089.4    , array([ 12.2136    ,  0.382586   ,  0.0205284  ,  8.28682e-32,  1.56328e-09])
56128   , -79089.4    , array([ 12.2014    ,  0.382968   ,  0.0205284  ,  8.28682e-32,  1.56328e-09])
56129   , -79089.4    , array([ 12.2014    ,  0.382586   ,  0.020549   ,  8.28682e-32,  1.56328e-09])
56130   , -79089.4    , array([ 12.2014    ,  0.382586   ,  0.0205284  ,  8.29511e-32,  1.56328e-09])
56131   , -79089.4    , array([ 12.2014    ,  0.382586   ,  0.0205284  ,  8.28682e-32,  1.56484e-09])
56132   , -79089.4    , array([ 12.2014    ,  0.382586   ,  0.0205284  ,  8.28682e-32,  1.56328e-09])
56133   , -79089.4    , array([ 12.2014    ,  0.382586   ,  0.0205284  ,  8.28682e-32,  1.56328e-09])
56134   , -79089.4    , array([ 12.2136    ,  0.382586   ,  0.0205284  ,  8.28682e-32,  1.56328e-09])
56135   , -79089.4    , array([ 12.2014    ,  0.382968   ,  0.0205284  ,  8.28682e-32,  1.56328e-09])
56136   , -79089.4    , array([ 12.2014    ,  0.382586   ,  0.020549   ,  8.28682e-32,  1.56328e-09])
56137   , -79089.4    , array([ 12.2014    ,  0.382586   ,  0.0205284  ,  8.29511e-32,  1.56328e-09])
56138   , -79089.4    , array([ 12.2014    ,  0.382586   ,  0.0205284  ,  8.28682e-32,  1.56484e-09])
56139   , -79089.4    , array([ 12.2014    ,  0.382586   ,  0.0205284  ,  8.28682e-32,  1.56328e-09])
56140   , -79089.4    , array([ 12.2014    ,  0.382586   ,  0.0205284  ,  8.28682e-32,  1.56328e-09])
56141   , -79089.4    , array([ 12.2136    ,  0.382586   ,  0.0205284  ,  8.28682e-32,  1.56328e-09])
56142   , -79089.4    , array([ 12.2014    ,  0.382968   ,  0.0205284  ,  8.28682e-32,  1.56328e-09])
56143   , -79089.4    , array([ 12.2014    ,  0.382586   ,  0.020549   ,  8.28682e-32,  1.56328e-09])
56144   , -79089.4    , array([ 12.2014    ,  0.382586   ,  0.0205284  ,  8.29511e-32,  1.56328e-09])
56145   , -79089.4    , array([ 12.2014    ,  0.382586   ,  0.0205284  ,  8.28682e-32,  1.56484e-09])
56146   , -79089.4    , array([ 12.2014    ,  0.382586   ,  0.0205284  ,  8.28682e-32,  1.56328e-09])
56147   , -79089.4    , array([ 12.2014    ,  0.382586   ,  0.0205284  ,  8.28682e-32,  1.56328e-09])
56148   , -79089.4    , array([ 12.2136    ,  0.382586   ,  0.0205284  ,  8.28682e-32,  1.56328e-09])
56149   , -79089.4    , array([ 12.2014    ,  0.382968   ,  0.0205284  ,  8.28682e-32,  1.56328e-09])
56150   , -79089.4    , array([ 12.2014    ,  0.382586   ,  0.020549   ,  8.28682e-32,  1.56328e-09])
56151   , -79089.4    , array([ 12.2014    ,  0.382586   ,  0.0205284  ,  8.29511e-32,  1.56328e-09])
56152   , -79089.4    , array([ 12.2014    ,  0.382586   ,  0.0205284  ,  8.28682e-32,  1.56484e-09])
56153   , -79089.4    , array([ 12.2014    ,  0.382586   ,  0.0205284  ,  8.28682e-32,  1.56328e-09])
56154   , -79089.4    , array([ 12.2014    ,  0.382586   ,  0.0205284  ,  8.28682e-32,  1.56328e-09])
56155   , -79089.4    , array([ 12.2136    ,  0.382586   ,  0.0205284  ,  8.28682e-32,  1.56328e-09])
56156   , -79089.4    , array([ 12.2014    ,  0.382968   ,  0.0205284  ,  8.28682e-32,  1.56328e-09])
56157   , -79089.4    , array([ 12.2014    ,  0.382586   ,  0.020549   ,  8.28682e-32,  1.56328e-09])
56158   , -79089.4    , array([ 12.2014    ,  0.382586   ,  0.0205284  ,  8.29511e-32,  1.56328e-09])
56159   , -79089.4    , array([ 12.2014    ,  0.382586   ,  0.0205284  ,  8.28682e-32,  1.56484e-09])
56160   , -79089.4    , array([ 12.2014    ,  0.382586   ,  0.0205284  ,  8.28682e-32,  1.56328e-09])
56161   , -79089.4    , array([ 12.2014    ,  0.382586   ,  0.0205284  ,  8.28682e-32,  1.56328e-09])
56162   , -79089.4    , array([ 12.2136    ,  0.382586   ,  0.0205284  ,  8.28682e-32,  1.56328e-09])
56163   , -79089.4    , array([ 12.2014    ,  0.382968   ,  0.0205284  ,  8.28682e-32,  1.56328e-09])
56164   , -79089.4    , array([ 12.2014    ,  0.382586   ,  0.020549   ,  8.28682e-32,  1.56328e-09])
56165   , -79089.4    , array([ 12.2014    ,  0.382586   ,  0.0205284  ,  8.29511e-32,  1.56328e-09])
56166   , -79089.4    , array([ 12.2014    ,  0.382586   ,  0.0205284  ,  8.28682e-32,  1.56484e-09])
56167   , -79089.4    , array([ 12.2014    ,  0.382586   ,  0.0205284  ,  8.28682e-32,  1.56328e-09])
56168   , -79089.4    , array([ 12.2014    ,  0.382586   ,  0.0205284  ,  8.28682e-32,  1.56328e-09])
56169   , -79089.4    , array([ 12.2136    ,  0.382586   ,  0.0205284  ,  8.28682e-32,  1.56328e-09])
56170   , -79089.4    , array([ 12.2014    ,  0.382968   ,  0.0205284  ,  8.28682e-32,  1.56328e-09])
56171   , -79089.4    , array([ 12.2014    ,  0.382586   ,  0.020549   ,  8.28682e-32,  1.56328e-09])
56172   , -79089.4    , array([ 12.2014    ,  0.382586   ,  0.0205284  ,  8.29511e-32,  1.56328e-09])
56173   , -79089.4    , array([ 12.2014    ,  0.382586   ,  0.0205284  ,  8.28682e-32,  1.56484e-09])
56174   , -79089.4    , array([ 17.5975    ,  3.98041    ,  0.0207647  ,  8.28682e-32,  9.08147e-11])
56175   , -79089.4    , array([ 17.5975    ,  3.98041    ,  0.0207647  ,  8.28682e-32,  9.08147e-11])
56176   , -79089.4    , array([ 17.6151    ,  3.98041    ,  0.0207647  ,  8.28682e-32,  9.08147e-11])
56177   , -79089.4    , array([ 17.5975    ,  3.9844     ,  0.0207647  ,  8.28682e-32,  9.08147e-11])
56178   , -79089.4    , array([ 17.5975    ,  3.98041    ,  0.0207855  ,  8.28682e-32,  9.08147e-11])
56179   , -79089.4    , array([ 17.5975    ,  3.98041    ,  0.0207647  ,  8.29511e-32,  9.08147e-11])
56180   , -79089.4    , array([ 17.5975    ,  3.98041    ,  0.0207647  ,  8.28682e-32,  9.09056e-11])
56181   , -79089.4    , array([ 17.5974    ,  3.98031    ,  0.0207647  ,  8.28682e-32,  9.08177e-11])
56182   , -79089.4    , array([ 17.5974    ,  3.98031    ,  0.0207647  ,  8.28682e-32,  9.08177e-11])
56183   , -79089.4    , array([ 17.615     ,  3.98031    ,  0.0207647  ,  8.28682e-32,  9.08177e-11])
56184   , -79089.4    , array([ 17.5974    ,  3.98429    ,  0.0207647  ,  8.28682e-32,  9.08177e-11])
56185   , -79089.4    , array([ 17.5974    ,  3.98031    ,  0.0207855  ,  8.28682e-32,  9.08177e-11])
56186   , -79089.4    , array([ 17.5974    ,  3.98031    ,  0.0207647  ,  8.29511e-32,  9.08177e-11])
56187   , -79089.4    , array([ 17.5974    ,  3.98031    ,  0.0207647  ,  8.28682e-32,  9.09085e-11])
56188   , -79089.4    , array([ 17.5973    ,  3.98009    ,  0.0207647  ,  8.28682e-32,  9.08236e-11])
56189   , -79089.4    , array([ 17.5973    ,  3.98009    ,  0.0207647  ,  8.28682e-32,  9.08236e-11])
56190   , -79089.4    , array([ 17.6149    ,  3.98009    ,  0.0207647  ,  8.28682e-32,  9.08236e-11])
56191   , -79089.4    , array([ 17.5973    ,  3.98408    ,  0.0207647  ,  8.28682e-32,  9.08236e-11])
56192   , -79089.4    , array([ 17.5973    ,  3.98009    ,  0.0207855  ,  8.28682e-32,  9.08236e-11])
56193   , -79089.4    , array([ 17.5973    ,  3.98009    ,  0.0207647  ,  8.29511e-32,  9.08236e-11])
56194   , -79089.4    , array([ 17.5973    ,  3.98009    ,  0.0207647  ,  8.28682e-32,  9.09144e-11])
56195   , -79089.4    , array([ 17.597     ,  3.97967    ,  0.0207647  ,  8.28682e-32,  9.08354e-11])
56196   , -79089.4    , array([ 17.597     ,  3.97967    ,  0.0207647  ,  8.28682e-32,  9.08354e-11])
56197   , -79089.4    , array([ 17.6146    ,  3.97967    ,  0.0207647  ,  8.28682e-32,  9.08354e-11])
56198   , -79089.4    , array([ 17.597     ,  3.98365    ,  0.0207647  ,  8.28682e-32,  9.08354e-11])
56199   , -79089.4    , array([ 17.597     ,  3.97967    ,  0.0207855  ,  8.28682e-32,  9.08354e-11])
56200   , -79089.4    , array([ 17.597     ,  3.97967    ,  0.0207647  ,  8.29511e-32,  9.08354e-11])
56201   , -79089.4    , array([ 17.597     ,  3.97967    ,  0.0207647  ,  8.28682e-32,  9.09263e-11])
56202   , -79089.4    , array([ 17.5964    ,  3.97881    ,  0.0207647  ,  8.28682e-32,  9.08591e-11])
56203   , -79089.4    , array([ 17.5964    ,  3.97881    ,  0.0207647  ,  8.28682e-32,  9.08591e-11])
56204   , -79089.4    , array([ 17.614     ,  3.97881    ,  0.0207647  ,  8.28682e-32,  9.08591e-11])
56205   , -79089.4    , array([ 17.5964    ,  3.98279    ,  0.0207647  ,  8.28682e-32,  9.08591e-11])
56206   , -79089.4    , array([ 17.5964    ,  3.97881    ,  0.0207854  ,  8.28682e-32,  9.08591e-11])
56207   , -79089.4    , array([ 17.5964    ,  3.97881    ,  0.0207647  ,  8.29511e-32,  9.08591e-11])
56208   , -79089.4    , array([ 17.5964    ,  3.97881    ,  0.0207647  ,  8.28682e-32,  9.095e-11  ])
56209   , -79089.4    , array([ 17.5952    ,  3.97711    ,  0.0207646  ,  8.28682e-32,  9.09064e-11])
56210   , -79089.4    , array([ 17.5952    ,  3.97711    ,  0.0207646  ,  8.28682e-32,  9.09064e-11])
56211   , -79089.4    , array([ 17.6128    ,  3.97711    ,  0.0207646  ,  8.28682e-32,  9.09064e-11])
56212   , -79089.4    , array([ 17.5952    ,  3.98109    ,  0.0207646  ,  8.28682e-32,  9.09064e-11])
56213   , -79089.4    , array([ 17.5952    ,  3.97711    ,  0.0207854  ,  8.28682e-32,  9.09064e-11])
56214   , -79089.4    , array([ 17.5952    ,  3.97711    ,  0.0207646  ,  8.29511e-32,  9.09064e-11])
56215   , -79089.4    , array([ 17.5952    ,  3.97711    ,  0.0207646  ,  8.28682e-32,  9.09974e-11])
56216   , -79089.4    , array([ 17.5928    ,  3.9737     ,  0.0207645  ,  8.28682e-32,  9.10012e-11])
56217   , -79089.4    , array([ 17.5928    ,  3.9737     ,  0.0207645  ,  8.28682e-32,  9.10012e-11])
56218   , -79089.4    , array([ 17.6104    ,  3.9737     ,  0.0207645  ,  8.28682e-32,  9.10012e-11])
56219   , -79089.4    , array([ 17.5928    ,  3.97767    ,  0.0207645  ,  8.28682e-32,  9.10012e-11])
56220   , -79089.4    , array([ 17.5928    ,  3.9737     ,  0.0207853  ,  8.28682e-32,  9.10012e-11])
56221   , -79089.4    , array([ 17.5928    ,  3.9737     ,  0.0207645  ,  8.29511e-32,  9.10012e-11])
56222   , -79089.4    , array([ 17.5928    ,  3.9737     ,  0.0207645  ,  8.28682e-32,  9.10923e-11])
56223   , -79089.4    , array([ 17.5881    ,  3.96689    ,  0.0207644  ,  8.28682e-32,  9.11911e-11])
56224   , -79089.4    , array([ 17.5881    ,  3.96689    ,  0.0207644  ,  8.28682e-32,  9.11911e-11])
56225   , -79089.4    , array([ 17.6057    ,  3.96689    ,  0.0207644  ,  8.28682e-32,  9.11911e-11])
56226   , -79089.4    , array([ 17.5881    ,  3.97086    ,  0.0207644  ,  8.28682e-32,  9.11911e-11])
56227   , -79089.4    , array([ 17.5881    ,  3.96689    ,  0.0207851  ,  8.28682e-32,  9.11911e-11])
56228   , -79089.4    , array([ 17.5881    ,  3.96689    ,  0.0207644  ,  8.29511e-32,  9.11911e-11])
56229   , -79089.4    , array([ 17.5881    ,  3.96689    ,  0.0207644  ,  8.28682e-32,  9.12823e-11])
56230   , -79089.4    , array([ 17.5787    ,  3.9533     ,  0.020764   ,  8.28682e-32,  9.1572e-11 ])
56231   , -79089.4    , array([ 17.5787    ,  3.9533     ,  0.020764   ,  8.28682e-32,  9.1572e-11 ])
56232   , -79089.4    , array([ 17.5963    ,  3.9533     ,  0.020764   ,  8.28682e-32,  9.1572e-11 ])
56233   , -79089.4    , array([ 17.5787    ,  3.95725    ,  0.020764   ,  8.28682e-32,  9.1572e-11 ])
56234   , -79089.4    , array([ 17.5787    ,  3.9533     ,  0.0207848  ,  8.28682e-32,  9.1572e-11 ])
56235   , -79089.4    , array([ 17.5787    ,  3.9533     ,  0.020764   ,  8.29511e-32,  9.1572e-11 ])
56236   , -79089.4    , array([ 17.5787    ,  3.9533     ,  0.020764   ,  8.28682e-32,  9.16636e-11])
56237   , -79089.4    , array([ 17.5598    ,  3.92626    ,  0.0207633  ,  8.28682e-32,  9.23387e-11])
56238   , -79089.4    , array([ 17.5598    ,  3.92626    ,  0.0207633  ,  8.28682e-32,  9.23387e-11])
56239   , -79089.4    , array([ 17.5774    ,  3.92626    ,  0.0207633  ,  8.28682e-32,  9.23387e-11])
56240   , -79089.4    , array([ 17.5598    ,  3.93019    ,  0.0207633  ,  8.28682e-32,  9.23387e-11])
56241   , -79089.4    , array([ 17.5598    ,  3.92626    ,  0.0207841  ,  8.28682e-32,  9.23387e-11])
56242   , -79089.4    , array([ 17.5598    ,  3.92626    ,  0.0207633  ,  8.29511e-32,  9.23387e-11])
56243   , -79089.4    , array([ 17.5598    ,  3.92626    ,  0.0207633  ,  8.28682e-32,  9.24311e-11])
56244   , -79089.4    , array([ 17.5222    ,  3.87275    ,  0.0207619  ,  8.28682e-32,  9.38913e-11])
56245   , -79089.4    , array([ 17.5222    ,  3.87275    ,  0.0207619  ,  8.28682e-32,  9.38913e-11])
56246   , -79089.4    , array([ 17.5397    ,  3.87275    ,  0.0207619  ,  8.28682e-32,  9.38913e-11])
56247   , -79089.4    , array([ 17.5222    ,  3.87662    ,  0.0207619  ,  8.28682e-32,  9.38913e-11])
56248   , -79089.4    , array([ 17.5222    ,  3.87275    ,  0.0207827  ,  8.28682e-32,  9.38913e-11])
56249   , -79089.4    , array([ 17.5222    ,  3.87275    ,  0.0207619  ,  8.29511e-32,  9.38913e-11])
56250   , -79089.4    , array([ 17.5222    ,  3.87275    ,  0.0207619  ,  8.28682e-32,  9.39852e-11])
56251   , -79089.4    , array([ 19.0163    ,  6.53629    ,  0.020815   ,  8.28682e-32,  4.97103e-11])
56252   , -79089.4    , array([ 18.254     ,  5.03124    ,  0.0207885  ,  8.28682e-32,  6.83181e-11])
56253   , -79089.4    , array([ 17.8844    ,  4.41415    ,  0.0207752  ,  8.28682e-32,  8.00904e-11])
56254   , -79089.4    , array([ 17.7024    ,  4.1346     ,  0.0207686  ,  8.28682e-32,  8.67167e-11])
56255   , -79089.4    , array([ 17.612     ,  4.00153    ,  0.0207652  ,  8.28682e-32,  9.02327e-11])
56256   , -79089.4    , array([ 17.5671    ,  3.93661    ,  0.0207636  ,  8.28682e-32,  9.20438e-11])
56257   , -79089.4    , array([ 17.5446    ,  3.90455    ,  0.0207628  ,  8.28682e-32,  9.2963e-11 ])
56258   , -79089.4    , array([ 17.5334    ,  3.88862    ,  0.0207623  ,  8.28682e-32,  9.3426e-11 ])
56259   , -79089.4    , array([ 17.5278    ,  3.88068    ,  0.0207621  ,  8.28682e-32,  9.36583e-11])
56260   , -79089.4    , array([ 17.525     ,  3.87671    ,  0.020762   ,  8.28682e-32,  9.37747e-11])
56261   , -79089.4    , array([ 17.5236    ,  3.87473    ,  0.020762   ,  8.28682e-32,  9.3833e-11 ])
56262   , -79089.4    , array([ 17.5229    ,  3.87374    ,  0.020762   ,  8.28682e-32,  9.38621e-11])
