35387   , -79089.4    , array([ 8.52367    ,  0.0894077  ,  3.1673e-06 ,  9.62385e-05,  4.14629e-09])
35388   , -79089.4    , array([ 8.5322     ,  0.0894077  ,  3.1673e-06 ,  9.62385e-05,  4.14629e-09])
35389   , -79089.4    , array([ 8.52367    ,  0.0894972  ,  3.1673e-06 ,  9.62385e-05,  4.14629e-09])
35390   , -79089.4    , array([ 8.52367    ,  0.0894077  ,  3.17047e-06,  9.62385e-05,  4.14629e-09])
35391   , -79089.4    , array([ 8.52367    ,  0.0894077  ,  3.1673e-06 ,  9.63347e-05,  4.14629e-09])
35392   , -79089.4    , array([ 8.52367    ,  0.0894077  ,  3.1673e-06 ,  9.62385e-05,  4.15044e-09])
35393   , -79089.4    , array([ 8.52367    ,  0.0894077  ,  3.1673e-06 ,  9.62385e-05,  4.14629e-09])
35394   , -79089.4    , array([ 8.52036    ,  0.0846686  ,  3.1673e-06 ,  9.62384e-05,  4.38061e-09])
35395   , -79089.4    , array([ 8.52036    ,  0.0846686  ,  3.1673e-06 ,  9.62384e-05,  4.38061e-09])
35396   , -79089.4    , array([ 8.52889    ,  0.0846686  ,  3.1673e-06 ,  9.62384e-05,  4.38061e-09])
35397   , -79089.4    , array([ 8.52036    ,  0.0847533  ,  3.1673e-06 ,  9.62384e-05,  4.38061e-09])
35398   , -79089.4    , array([ 8.52036    ,  0.0846686  ,  3.17047e-06,  9.62384e-05,  4.38061e-09])
35399   , -79089.4    , array([ 8.52036    ,  0.0846686  ,  3.1673e-06 ,  9.63347e-05,  4.38061e-09])
35400   , -79089.4    , array([ 8.52036    ,  0.0846686  ,  3.1673e-06 ,  9.62384e-05,  4.385e-09  ])
35401   , -79089.3    , array([ 8.50714    ,  0.0680945  ,  3.1673e-06 ,  9.62384e-05,  5.45801e-09])
35402   , -79089.3    , array([ 8.50714    ,  0.0680945  ,  3.1673e-06 ,  9.62384e-05,  5.45801e-09])
35403   , -79089.3    , array([ 8.51565    ,  0.0680945  ,  3.1673e-06 ,  9.62384e-05,  5.45801e-09])
35404   , -79089.3    , array([ 8.50714    ,  0.0681627  ,  3.1673e-06 ,  9.62384e-05,  5.45801e-09])
35405   , -79089.3    , array([ 8.50714    ,  0.0680945  ,  3.17047e-06,  9.62384e-05,  5.45801e-09])
35406   , -79089.3    , array([ 8.50714    ,  0.0680945  ,  3.1673e-06 ,  9.63347e-05,  5.45801e-09])
35407   , -79089.3    , array([ 8.50714    ,  0.0680945  ,  3.1673e-06 ,  9.62384e-05,  5.46347e-09])
35408   , -79088.9    , array([ 8.45444    ,  0.0284886  ,  3.1673e-06 ,  9.62384e-05,  1.31532e-08])
35409   , -79088.9    , array([ 8.45444    ,  0.0284886  ,  3.1673e-06 ,  9.62384e-05,  1.31532e-08])
35410   , -79088.9    , array([ 8.4629     ,  0.0284886  ,  3.1673e-06 ,  9.62384e-05,  1.31532e-08])
35411   , -79088.9    , array([ 8.45444    ,  0.0285171  ,  3.1673e-06 ,  9.62384e-05,  1.31532e-08])
35412   , -79088.9    , array([ 8.45444    ,  0.0284886  ,  3.17047e-06,  9.62384e-05,  1.31532e-08])
35413   , -79088.9    , array([ 8.45444    ,  0.0284886  ,  3.1673e-06 ,  9.63347e-05,  1.31532e-08])
35414   , -79088.9    , array([ 8.45444    ,  0.0284886  ,  3.1673e-06 ,  9.62384e-05,  1.31664e-08])
35422   , -79088.9    , array([ 8.45444    ,  0.0284886  ,  3.1673e-06 ,  9.62384e-05,  1.31532e-08])
35423   , -79088.9    , array([ 8.45444    ,  0.0284886  ,  3.1673e-06 ,  9.62384e-05,  1.31532e-08])
35424   , -79088.9    , array([ 8.4629     ,  0.0284886  ,  3.1673e-06 ,  9.62384e-05,  1.31532e-08])
35425   , -79088.9    , array([ 8.45444    ,  0.0285171  ,  3.1673e-06 ,  9.62384e-05,  1.31532e-08])
35426   , -79088.9    , array([ 8.45444    ,  0.0284886  ,  3.17047e-06,  9.62384e-05,  1.31532e-08])
35427   , -79088.9    , array([ 8.45444    ,  0.0284886  ,  3.1673e-06 ,  9.63347e-05,  1.31532e-08])
35428   , -79088.9    , array([ 8.45444    ,  0.0284886  ,  3.1673e-06 ,  9.62384e-05,  1.31664e-08])
35429   , -79088.9    , array([ 8.45444    ,  0.0284886  ,  3.1673e-06 ,  9.62384e-05,  1.31532e-08])
35430   , -79088.9    , array([ 8.45444    ,  0.0284886  ,  3.1673e-06 ,  9.62384e-05,  1.31532e-08])
35431   , -79088.9    , array([ 8.4629     ,  0.0284886  ,  3.1673e-06 ,  9.62384e-05,  1.31532e-08])
35432   , -79088.9    , array([ 8.45444    ,  0.0285171  ,  3.1673e-06 ,  9.62384e-05,  1.31532e-08])
35433   , -79088.9    , array([ 8.45444    ,  0.0284886  ,  3.17047e-06,  9.62384e-05,  1.31532e-08])
35434   , -79088.9    , array([ 8.45444    ,  0.0284886  ,  3.1673e-06 ,  9.63347e-05,  1.31532e-08])
35435   , -79088.9    , array([ 8.45444    ,  0.0284886  ,  3.1673e-06 ,  9.62384e-05,  1.31664e-08])
35436   , -79071.4    , array([ 8.35002    ,  0.00498643 ,  3.1673e-06 ,  9.62383e-05,  7.63883e-08])
35437   , -79071.4    , array([ 8.35002    ,  0.00498643 ,  3.1673e-06 ,  9.62383e-05,  7.63883e-08])
35438   , -79071.4    , array([ 8.35837    ,  0.00498643 ,  3.1673e-06 ,  9.62383e-05,  7.63883e-08])
35439   , -79071.5    , array([ 8.35002    ,  0.00499142 ,  3.1673e-06 ,  9.62383e-05,  7.63883e-08])
35440   , -79071.4    , array([ 8.35002    ,  0.00498643 ,  3.17047e-06,  9.62383e-05,  7.63883e-08])
35441   , -79071.4    , array([ 8.35002    ,  0.00498643 ,  3.1673e-06 ,  9.63346e-05,  7.63883e-08])
35442   , -79071.4    , array([ 8.35002    ,  0.00498643 ,  3.1673e-06 ,  9.62383e-05,  7.64647e-08])
35443   , -79071.4    , array([ 8.35002    ,  0.00498643 ,  3.1673e-06 ,  9.62383e-05,  7.63883e-08])
35444   , -79071.4    , array([ 8.35002    ,  0.00498643 ,  3.1673e-06 ,  9.62383e-05,  7.63883e-08])
35445   , -79071.4    , array([ 8.35837    ,  0.00498643 ,  3.1673e-06 ,  9.62383e-05,  7.63883e-08])
35446   , -79071.5    , array([ 8.35002    ,  0.00499142 ,  3.1673e-06 ,  9.62383e-05,  7.63883e-08])
35447   , -79071.4    , array([ 8.35002    ,  0.00498643 ,  3.17047e-06,  9.62383e-05,  7.63883e-08])
35448   , -79071.4    , array([ 8.35002    ,  0.00498643 ,  3.1673e-06 ,  9.63346e-05,  7.63883e-08])
35449   , -79071.4    , array([ 8.35002    ,  0.00498643 ,  3.1673e-06 ,  9.62383e-05,  7.64647e-08])
35450   , -79071.4    , array([ 8.35002    ,  0.00498643 ,  3.1673e-06 ,  9.62383e-05,  7.63883e-08])
35451   , -79071.4    , array([ 8.35002    ,  0.00498643 ,  3.1673e-06 ,  9.62383e-05,  7.63883e-08])
35452   , -79071.4    , array([ 8.35837    ,  0.00498643 ,  3.1673e-06 ,  9.62383e-05,  7.63883e-08])
35453   , -79071.5    , array([ 8.35002    ,  0.00499142 ,  3.1673e-06 ,  9.62383e-05,  7.63883e-08])
35454   , -79071.4    , array([ 8.35002    ,  0.00498643 ,  3.17047e-06,  9.62383e-05,  7.63883e-08])
35455   , -79071.4    , array([ 8.35002    ,  0.00498643 ,  3.1673e-06 ,  9.63346e-05,  7.63883e-08])
35456   , -79071.4    , array([ 8.35002    ,  0.00498643 ,  3.1673e-06 ,  9.62383e-05,  7.64647e-08])
35457   , -78985.8    , array([ 8.29829    ,  0.00208617 ,  3.1673e-06 ,  9.62383e-05,  1.84088e-07])
35458   , -78985.8    , array([ 8.29829    ,  0.00208617 ,  3.1673e-06 ,  9.62383e-05,  1.84088e-07])
35459   , -78985.8    , array([ 8.30659    ,  0.00208617 ,  3.1673e-06 ,  9.62383e-05,  1.84088e-07])
35460   , -78985.9    , array([ 8.29829    ,  0.00208826 ,  3.1673e-06 ,  9.62383e-05,  1.84088e-07])
35461   , -78985.8    , array([ 8.29829    ,  0.00208617 ,  3.17047e-06,  9.62383e-05,  1.84088e-07])
35462   , -78985.8    , array([ 8.29829    ,  0.00208617 ,  3.1673e-06 ,  9.63345e-05,  1.84088e-07])
35463   , -78985.7    , array([ 8.29829    ,  0.00208617 ,  3.1673e-06 ,  9.62383e-05,  1.84272e-07])
35464   , -78985.8    , array([ 8.29829    ,  0.00208617 ,  3.1673e-06 ,  9.62383e-05,  1.84088e-07])
35465   , -78985.8    , array([ 8.29829    ,  0.00208617 ,  3.1673e-06 ,  9.62383e-05,  1.84088e-07])
35466   , -78985.8    , array([ 8.30659    ,  0.00208617 ,  3.1673e-06 ,  9.62383e-05,  1.84088e-07])
35467   , -78985.9    , array([ 8.29829    ,  0.00208825 ,  3.1673e-06 ,  9.62383e-05,  1.84088e-07])
35468   , -78985.8    , array([ 8.29829    ,  0.00208617 ,  3.17047e-06,  9.62383e-05,  1.84088e-07])
35469   , -78985.8    , array([ 8.29829    ,  0.00208617 ,  3.1673e-06 ,  9.63345e-05,  1.84088e-07])
35470   , -78985.7    , array([ 8.29829    ,  0.00208617 ,  3.1673e-06 ,  9.62383e-05,  1.84272e-07])
35471   , -78985.8    , array([ 8.29829    ,  0.00208617 ,  3.1673e-06 ,  9.62383e-05,  1.84088e-07])
35472   , -78985.8    , array([ 8.29829    ,  0.00208617 ,  3.1673e-06 ,  9.62383e-05,  1.84088e-07])
35473   , -78985.8    , array([ 8.30659    ,  0.00208617 ,  3.1673e-06 ,  9.62383e-05,  1.84088e-07])
35474   , -78985.9    , array([ 8.29829    ,  0.00208825 ,  3.1673e-06 ,  9.62383e-05,  1.84088e-07])
35475   , -78985.8    , array([ 8.29829    ,  0.00208617 ,  3.17047e-06,  9.62383e-05,  1.84088e-07])
35476   , -78985.8    , array([ 8.29829    ,  0.00208617 ,  3.1673e-06 ,  9.63345e-05,  1.84088e-07])
35477   , -78985.7    , array([ 8.29829    ,  0.00208617 ,  3.1673e-06 ,  9.62383e-05,  1.84272e-07])
35478   , -78841.1    , array([ 8.27255    ,  0.00134936 ,  3.1673e-06 ,  9.62382e-05,  2.85774e-07])
35479   , -78841.1    , array([ 8.27255    ,  0.00134936 ,  3.1673e-06 ,  9.62382e-05,  2.85774e-07])
35480   , -78841.1    , array([ 8.28082    ,  0.00134936 ,  3.1673e-06 ,  9.62382e-05,  2.85774e-07])
35481   , -78841.4    , array([ 8.27255    ,  0.00135071 ,  3.1673e-06 ,  9.62382e-05,  2.85774e-07])
35482   , -78841.1    , array([ 8.27255    ,  0.00134936 ,  3.17047e-06,  9.62382e-05,  2.85774e-07])
35483   , -78841.1    , array([ 8.27255    ,  0.00134936 ,  3.1673e-06 ,  9.63345e-05,  2.85774e-07])
35484   , -78840.9    , array([ 8.27255    ,  0.00134936 ,  3.1673e-06 ,  9.62382e-05,  2.8606e-07 ])
35485   , -78841.1    , array([ 8.27255    ,  0.00134936 ,  3.1673e-06 ,  9.62382e-05,  2.85774e-07])
35486   , -78841.1    , array([ 8.27255    ,  0.00134936 ,  3.1673e-06 ,  9.62382e-05,  2.85774e-07])
35487   , -78841.1    , array([ 8.28082    ,  0.00134936 ,  3.1673e-06 ,  9.62382e-05,  2.85774e-07])
35488   , -78841.4    , array([ 8.27255    ,  0.00135071 ,  3.1673e-06 ,  9.62382e-05,  2.85774e-07])
35489   , -78841.1    , array([ 8.27255    ,  0.00134936 ,  3.17047e-06,  9.62382e-05,  2.85774e-07])
35490   , -78841.1    , array([ 8.27255    ,  0.00134936 ,  3.1673e-06 ,  9.63345e-05,  2.85774e-07])
35491   , -78840.9    , array([ 8.27255    ,  0.00134936 ,  3.1673e-06 ,  9.62382e-05,  2.8606e-07 ])
35492   , -78841.1    , array([ 8.27255    ,  0.00134936 ,  3.1673e-06 ,  9.62382e-05,  2.85774e-07])
35493   , -78841.1    , array([ 8.27255    ,  0.00134936 ,  3.1673e-06 ,  9.62382e-05,  2.85774e-07])
35494   , -78841.1    , array([ 8.28082    ,  0.00134936 ,  3.1673e-06 ,  9.62382e-05,  2.85774e-07])
35495   , -78841.4    , array([ 8.27255    ,  0.00135071 ,  3.1673e-06 ,  9.62382e-05,  2.85774e-07])
35496   , -78841.1    , array([ 8.27255    ,  0.00134936 ,  3.17047e-06,  9.62382e-05,  2.85774e-07])
35497   , -78841.1    , array([ 8.27255    ,  0.00134936 ,  3.1673e-06 ,  9.63345e-05,  2.85774e-07])
35498   , -78840.9    , array([ 8.27255    ,  0.00134936 ,  3.1673e-06 ,  9.62382e-05,  2.8606e-07 ])
35499   , -78705.2    , array([ 8.2597     ,  0.00108522 ,  3.1673e-06 ,  9.62382e-05,  3.5606e-07 ])
35500   , -78705.2    , array([ 8.2597     ,  0.00108522 ,  3.1673e-06 ,  9.62382e-05,  3.5606e-07 ])
35501   , -78705.2    , array([ 8.26797    ,  0.00108522 ,  3.1673e-06 ,  9.62382e-05,  3.5606e-07 ])
35502   , -78705.6    , array([ 8.2597     ,  0.00108631 ,  3.1673e-06 ,  9.62382e-05,  3.5606e-07 ])
35503   , -78705.2    , array([ 8.2597     ,  0.00108522 ,  3.17047e-06,  9.62382e-05,  3.5606e-07 ])
35504   , -78705.2    , array([ 8.2597     ,  0.00108522 ,  3.1673e-06 ,  9.63345e-05,  3.5606e-07 ])
35505   , -78704.8    , array([ 8.2597     ,  0.00108522 ,  3.1673e-06 ,  9.62382e-05,  3.56416e-07])
35506   , -78705.2    , array([ 8.2597     ,  0.00108522 ,  3.1673e-06 ,  9.62382e-05,  3.5606e-07 ])
35507   , -78705.2    , array([ 8.2597     ,  0.00108522 ,  3.1673e-06 ,  9.62382e-05,  3.5606e-07 ])
35508   , -78705.2    , array([ 8.26797    ,  0.00108522 ,  3.1673e-06 ,  9.62382e-05,  3.5606e-07 ])
35509   , -78705.6    , array([ 8.2597     ,  0.00108631 ,  3.1673e-06 ,  9.62382e-05,  3.5606e-07 ])
35510   , -78705.2    , array([ 8.2597     ,  0.00108522 ,  3.17047e-06,  9.62382e-05,  3.5606e-07 ])
35511   , -78705.2    , array([ 8.2597     ,  0.00108522 ,  3.1673e-06 ,  9.63345e-05,  3.5606e-07 ])
35512   , -78704.8    , array([ 8.2597     ,  0.00108522 ,  3.1673e-06 ,  9.62382e-05,  3.56416e-07])
35513   , -78705.2    , array([ 8.2597     ,  0.00108522 ,  3.1673e-06 ,  9.62382e-05,  3.5606e-07 ])
35514   , -78705.2    , array([ 8.2597     ,  0.00108522 ,  3.1673e-06 ,  9.62382e-05,  3.5606e-07 ])
35515   , -78705.2    , array([ 8.26797    ,  0.00108522 ,  3.1673e-06 ,  9.62382e-05,  3.5606e-07 ])
35516   , -78705.6    , array([ 8.2597     ,  0.00108631 ,  3.1673e-06 ,  9.62382e-05,  3.5606e-07 ])
35517   , -78705.2    , array([ 8.2597     ,  0.00108522 ,  3.17047e-06,  9.62382e-05,  3.5606e-07 ])
35518   , -78705.2    , array([ 8.2597     ,  0.00108522 ,  3.1673e-06 ,  9.63345e-05,  3.5606e-07 ])
35519   , -78704.8    , array([ 8.2597     ,  0.00108522 ,  3.1673e-06 ,  9.62382e-05,  3.56416e-07])
35527   , -78705.2    , array([ 8.2597     ,  0.00108522 ,  3.1673e-06 ,  9.62382e-05,  3.5606e-07 ])
35528   , -78705.2    , array([ 8.2597     ,  0.00108522 ,  3.1673e-06 ,  9.62382e-05,  3.5606e-07 ])
35529   , -78705.2    , array([ 8.26797    ,  0.00108522 ,  3.1673e-06 ,  9.62382e-05,  3.5606e-07 ])
35530   , -78705.6    , array([ 8.2597     ,  0.00108631 ,  3.1673e-06 ,  9.62382e-05,  3.5606e-07 ])
35531   , -78705.2    , array([ 8.2597     ,  0.00108522 ,  3.17047e-06,  9.62382e-05,  3.5606e-07 ])
35532   , -78705.2    , array([ 8.2597     ,  0.00108522 ,  3.1673e-06 ,  9.63345e-05,  3.5606e-07 ])
35533   , -78704.8    , array([ 8.2597     ,  0.00108522 ,  3.1673e-06 ,  9.62382e-05,  3.56416e-07])
35534   , -78705.2    , array([ 8.2597     ,  0.00108522 ,  3.1673e-06 ,  9.62382e-05,  3.5606e-07 ])
35535   , -78705.2    , array([ 8.2597     ,  0.00108522 ,  3.1673e-06 ,  9.62382e-05,  3.5606e-07 ])
35536   , -78705.2    , array([ 8.26797    ,  0.00108522 ,  3.1673e-06 ,  9.62382e-05,  3.5606e-07 ])
35537   , -78705.6    , array([ 8.2597     ,  0.00108631 ,  3.1673e-06 ,  9.62382e-05,  3.5606e-07 ])
35538   , -78705.2    , array([ 8.2597     ,  0.00108522 ,  3.17047e-06,  9.62382e-05,  3.5606e-07 ])
35539   , -78705.2    , array([ 8.2597     ,  0.00108522 ,  3.1673e-06 ,  9.63345e-05,  3.5606e-07 ])
35540   , -78704.8    , array([ 8.2597     ,  0.00108522 ,  3.1673e-06 ,  9.62382e-05,  3.56416e-07])
35541   , -78660.9    , array([ 8.2565     ,  0.0010277  ,  3.1673e-06 ,  9.62382e-05,  3.76182e-07])
35542   , -78660.9    , array([ 8.2565     ,  0.0010277  ,  3.1673e-06 ,  9.62382e-05,  3.76182e-07])
35543   , -78660.9    , array([ 8.26476    ,  0.0010277  ,  3.1673e-06 ,  9.62382e-05,  3.76182e-07])
35544   , -78661.3    , array([ 8.2565     ,  0.00102873 ,  3.1673e-06 ,  9.62382e-05,  3.76182e-07])
35545   , -78660.9    , array([ 8.2565     ,  0.0010277  ,  3.17047e-06,  9.62382e-05,  3.76182e-07])
35546   , -78660.9    , array([ 8.2565     ,  0.0010277  ,  3.1673e-06 ,  9.63345e-05,  3.76182e-07])
35547   , -78660.5    , array([ 8.2565     ,  0.0010277  ,  3.1673e-06 ,  9.62382e-05,  3.76558e-07])
35548   , -78660.9    , array([ 8.2565     ,  0.0010277  ,  3.1673e-06 ,  9.62382e-05,  3.76182e-07])
35549   , -78660.9    , array([ 8.2565     ,  0.0010277  ,  3.1673e-06 ,  9.62382e-05,  3.76182e-07])
35550   , -78660.9    , array([ 8.26476    ,  0.0010277  ,  3.1673e-06 ,  9.62382e-05,  3.76182e-07])
35551   , -78661.3    , array([ 8.2565     ,  0.00102873 ,  3.1673e-06 ,  9.62382e-05,  3.76182e-07])
35552   , -78660.9    , array([ 8.2565     ,  0.0010277  ,  3.17047e-06,  9.62382e-05,  3.76182e-07])
35553   , -78660.9    , array([ 8.2565     ,  0.0010277  ,  3.1673e-06 ,  9.63345e-05,  3.76182e-07])
35554   , -78660.5    , array([ 8.2565     ,  0.0010277  ,  3.1673e-06 ,  9.62382e-05,  3.76558e-07])
35555   , -78660.9    , array([ 8.2565     ,  0.0010277  ,  3.1673e-06 ,  9.62382e-05,  3.76182e-07])
35556   , -78660.9    , array([ 8.2565     ,  0.0010277  ,  3.1673e-06 ,  9.62382e-05,  3.76182e-07])
35557   , -78660.9    , array([ 8.26476    ,  0.0010277  ,  3.1673e-06 ,  9.62382e-05,  3.76182e-07])
35558   , -78661.3    , array([ 8.2565     ,  0.00102873 ,  3.1673e-06 ,  9.62382e-05,  3.76182e-07])
35559   , -78660.9    , array([ 8.2565     ,  0.0010277  ,  3.17047e-06,  9.62382e-05,  3.76182e-07])
35560   , -78660.9    , array([ 8.2565     ,  0.0010277  ,  3.1673e-06 ,  9.63345e-05,  3.76182e-07])
35561   , -78660.5    , array([ 8.2565     ,  0.0010277  ,  3.1673e-06 ,  9.62382e-05,  3.76558e-07])
35562   , -78636.9    , array([ 8.25489    ,  0.00100009 ,  3.1673e-06 ,  9.62382e-05,  3.86665e-07])
35563   , -78636.9    , array([ 8.25489    ,  0.00100009 ,  3.1673e-06 ,  9.62382e-05,  3.86665e-07])
35564   , -78636.9    , array([ 8.26315    ,  0.00100009 ,  3.1673e-06 ,  9.62382e-05,  3.86665e-07])
35565   , -78637.3    , array([ 8.25489    ,  0.00100109 ,  3.1673e-06 ,  9.62382e-05,  3.86665e-07])
35566   , -78636.9    , array([ 8.25489    ,  0.00100009 ,  3.17047e-06,  9.62382e-05,  3.86665e-07])
35567   , -78636.9    , array([ 8.25489    ,  0.00100009 ,  3.1673e-06 ,  9.63345e-05,  3.86665e-07])
35568   , -78636.4    , array([ 8.25489    ,  0.00100009 ,  3.1673e-06 ,  9.62382e-05,  3.87052e-07])
35569   , -78636.9    , array([ 8.25489    ,  0.00100009 ,  3.1673e-06 ,  9.62382e-05,  3.86665e-07])
35570   , -78636.9    , array([ 8.25489    ,  0.00100009 ,  3.1673e-06 ,  9.62382e-05,  3.86665e-07])
35571   , -78636.9    , array([ 8.26315    ,  0.00100009 ,  3.1673e-06 ,  9.62382e-05,  3.86665e-07])
35572   , -78637.3    , array([ 8.25489    ,  0.00100109 ,  3.1673e-06 ,  9.62382e-05,  3.86665e-07])
35573   , -78636.9    , array([ 8.25489    ,  0.00100009 ,  3.17047e-06,  9.62382e-05,  3.86665e-07])
35574   , -78636.9    , array([ 8.25489    ,  0.00100009 ,  3.1673e-06 ,  9.63345e-05,  3.86665e-07])
35575   , -78636.4    , array([ 8.25489    ,  0.00100009 ,  3.1673e-06 ,  9.62382e-05,  3.87052e-07])
35576   , -78636.9    , array([ 8.25489    ,  0.00100009 ,  3.1673e-06 ,  9.62382e-05,  3.86665e-07])
35577   , -78636.9    , array([ 8.25489    ,  0.00100009 ,  3.1673e-06 ,  9.62382e-05,  3.86665e-07])
35578   , -78636.9    , array([ 8.26315    ,  0.00100009 ,  3.1673e-06 ,  9.62382e-05,  3.86665e-07])
35579   , -78637.3    , array([ 8.25489    ,  0.00100109 ,  3.1673e-06 ,  9.62382e-05,  3.86665e-07])
35580   , -78636.9    , array([ 8.25489    ,  0.00100009 ,  3.17047e-06,  9.62382e-05,  3.86665e-07])
35581   , -78636.9    , array([ 8.25489    ,  0.00100009 ,  3.1673e-06 ,  9.63345e-05,  3.86665e-07])
35582   , -78636.4    , array([ 8.25489    ,  0.00100009 ,  3.1673e-06 ,  9.62382e-05,  3.87052e-07])
35590   , -78636.9    , array([ 8.25489    ,  0.00100009 ,  3.1673e-06 ,  9.62382e-05,  3.86665e-07])
35591   , -78636.9    , array([ 8.25489    ,  0.00100009 ,  3.1673e-06 ,  9.62382e-05,  3.86665e-07])
35592   , -78636.9    , array([ 8.26315    ,  0.00100009 ,  3.1673e-06 ,  9.62382e-05,  3.86665e-07])
35593   , -78637.3    , array([ 8.25489    ,  0.00100109 ,  3.1673e-06 ,  9.62382e-05,  3.86665e-07])
35594   , -78636.9    , array([ 8.25489    ,  0.00100009 ,  3.17047e-06,  9.62382e-05,  3.86665e-07])
35595   , -78636.9    , array([ 8.25489    ,  0.00100009 ,  3.1673e-06 ,  9.63345e-05,  3.86665e-07])
35596   , -78636.4    , array([ 8.25489    ,  0.00100009 ,  3.1673e-06 ,  9.62382e-05,  3.87052e-07])
35597   , -78636.9    , array([ 8.25489    ,  0.00100009 ,  3.1673e-06 ,  9.62382e-05,  3.86665e-07])
35598   , -78636.9    , array([ 8.25489    ,  0.00100009 ,  3.1673e-06 ,  9.62382e-05,  3.86665e-07])
35599   , -78636.9    , array([ 8.26315    ,  0.00100009 ,  3.1673e-06 ,  9.62382e-05,  3.86665e-07])
35600   , -78637.3    , array([ 8.25489    ,  0.00100109 ,  3.1673e-06 ,  9.62382e-05,  3.86665e-07])
35601   , -78636.9    , array([ 8.25489    ,  0.00100009 ,  3.17047e-06,  9.62382e-05,  3.86665e-07])
35602   , -78636.9    , array([ 8.25489    ,  0.00100009 ,  3.1673e-06 ,  9.63345e-05,  3.86665e-07])
35603   , -78636.4    , array([ 8.25489    ,  0.00100009 ,  3.1673e-06 ,  9.62382e-05,  3.87052e-07])
35611   , -78636.9    , array([ 8.25489    ,  0.00100009 ,  3.1673e-06 ,  9.62382e-05,  3.86665e-07])
35612   , -78636.9    , array([ 8.25489    ,  0.00100009 ,  3.1673e-06 ,  9.62382e-05,  3.86665e-07])
35613   , -78636.9    , array([ 8.26315    ,  0.00100009 ,  3.1673e-06 ,  9.62382e-05,  3.86665e-07])
35614   , -78637.3    , array([ 8.25489    ,  0.00100109 ,  3.1673e-06 ,  9.62382e-05,  3.86665e-07])
35615   , -78636.9    , array([ 8.25489    ,  0.00100009 ,  3.17047e-06,  9.62382e-05,  3.86665e-07])
35616   , -78636.9    , array([ 8.25489    ,  0.00100009 ,  3.1673e-06 ,  9.63345e-05,  3.86665e-07])
35617   , -78636.4    , array([ 8.25489    ,  0.00100009 ,  3.1673e-06 ,  9.62382e-05,  3.87052e-07])
35618   , -78636.9    , array([ 8.25489    ,  0.00100009 ,  3.1673e-06 ,  9.62382e-05,  3.86665e-07])
35619   , -78636.9    , array([ 8.25489    ,  0.00100009 ,  3.1673e-06 ,  9.62382e-05,  3.86665e-07])
35620   , -78636.9    , array([ 8.26315    ,  0.00100009 ,  3.1673e-06 ,  9.62382e-05,  3.86665e-07])
35621   , -78637.3    , array([ 8.25489    ,  0.00100109 ,  3.1673e-06 ,  9.62382e-05,  3.86665e-07])
35622   , -78636.9    , array([ 8.25489    ,  0.00100009 ,  3.17047e-06,  9.62382e-05,  3.86665e-07])
35623   , -78636.9    , array([ 8.25489    ,  0.00100009 ,  3.1673e-06 ,  9.63345e-05,  3.86665e-07])
35624   , -78636.4    , array([ 8.25489    ,  0.00100009 ,  3.1673e-06 ,  9.62382e-05,  3.87052e-07])
35632   , -78636.9    , array([ 8.25489    ,  0.00100009 ,  3.1673e-06 ,  9.62382e-05,  3.86665e-07])
35633   , -78636.9    , array([ 8.25489    ,  0.00100009 ,  3.1673e-06 ,  9.62382e-05,  3.86665e-07])
35634   , -78636.9    , array([ 8.26315    ,  0.00100009 ,  3.1673e-06 ,  9.62382e-05,  3.86665e-07])
35635   , -78637.3    , array([ 8.25489    ,  0.00100109 ,  3.1673e-06 ,  9.62382e-05,  3.86665e-07])
35636   , -78636.9    , array([ 8.25489    ,  0.00100009 ,  3.17047e-06,  9.62382e-05,  3.86665e-07])
35637   , -78636.9    , array([ 8.25489    ,  0.00100009 ,  3.1673e-06 ,  9.63345e-05,  3.86665e-07])
35638   , -78636.4    , array([ 8.25489    ,  0.00100009 ,  3.1673e-06 ,  9.62382e-05,  3.87052e-07])
35639   , -78636.9    , array([ 8.25489    ,  0.00100009 ,  3.1673e-06 ,  9.62382e-05,  3.86665e-07])
35640   , -78636.9    , array([ 8.25489    ,  0.00100009 ,  3.1673e-06 ,  9.62382e-05,  3.86665e-07])
35641   , -78636.9    , array([ 8.26315    ,  0.00100009 ,  3.1673e-06 ,  9.62382e-05,  3.86665e-07])
35642   , -78637.3    , array([ 8.25489    ,  0.00100109 ,  3.1673e-06 ,  9.62382e-05,  3.86665e-07])
35643   , -78636.9    , array([ 8.25489    ,  0.00100009 ,  3.17047e-06,  9.62382e-05,  3.86665e-07])
35644   , -78636.9    , array([ 8.25489    ,  0.00100009 ,  3.1673e-06 ,  9.63345e-05,  3.86665e-07])
35645   , -78636.4    , array([ 8.25489    ,  0.00100009 ,  3.1673e-06 ,  9.62382e-05,  3.87052e-07])
35653   , -78636.9    , array([ 8.25489    ,  0.00100009 ,  3.1673e-06 ,  9.62382e-05,  3.86665e-07])
35654   , -78636.9    , array([ 8.25489    ,  0.00100009 ,  3.1673e-06 ,  9.62382e-05,  3.86665e-07])
35655   , -78636.9    , array([ 8.26315    ,  0.00100009 ,  3.1673e-06 ,  9.62382e-05,  3.86665e-07])
35656   , -78637.3    , array([ 8.25489    ,  0.00100109 ,  3.1673e-06 ,  9.62382e-05,  3.86665e-07])
35657   , -78636.9    , array([ 8.25489    ,  0.00100009 ,  3.17047e-06,  9.62382e-05,  3.86665e-07])
35658   , -78636.9    , array([ 8.25489    ,  0.00100009 ,  3.1673e-06 ,  9.63345e-05,  3.86665e-07])
35659   , -78636.4    , array([ 8.25489    ,  0.00100009 ,  3.1673e-06 ,  9.62382e-05,  3.87052e-07])
35660   , -78636.9    , array([ 8.25489    ,  0.00100009 ,  3.1673e-06 ,  9.62382e-05,  3.86665e-07])
35661   , -78636.9    , array([ 8.25489    ,  0.00100009 ,  3.1673e-06 ,  9.62382e-05,  3.86665e-07])
35662   , -78636.9    , array([ 8.26315    ,  0.00100009 ,  3.1673e-06 ,  9.62382e-05,  3.86665e-07])
35663   , -78637.3    , array([ 8.25489    ,  0.00100109 ,  3.1673e-06 ,  9.62382e-05,  3.86665e-07])
35664   , -78636.9    , array([ 8.25489    ,  0.00100009 ,  3.17047e-06,  9.62382e-05,  3.86665e-07])
35665   , -78636.9    , array([ 8.25489    ,  0.00100009 ,  3.1673e-06 ,  9.63345e-05,  3.86665e-07])
35666   , -78636.4    , array([ 8.25489    ,  0.00100009 ,  3.1673e-06 ,  9.62382e-05,  3.87052e-07])
35670   , -78636.6    , array([ 8.25484    ,  0.00100024 ,  3.1673e-06 ,  9.62382e-05,  3.86997e-07])
35674   , -78636.9    , array([ 8.25489    ,  0.00100009 ,  3.1673e-06 ,  9.62382e-05,  3.86665e-07])
35675   , -78636.9    , array([ 8.25489    ,  0.00100009 ,  3.1673e-06 ,  9.62382e-05,  3.86665e-07])
35676   , -78636.9    , array([ 8.26315    ,  0.00100009 ,  3.1673e-06 ,  9.62382e-05,  3.86665e-07])
35677   , -78637.3    , array([ 8.25489    ,  0.00100109 ,  3.1673e-06 ,  9.62382e-05,  3.86665e-07])
35678   , -78636.9    , array([ 8.25489    ,  0.00100009 ,  3.17047e-06,  9.62382e-05,  3.86665e-07])
35679   , -78636.9    , array([ 8.25489    ,  0.00100009 ,  3.1673e-06 ,  9.63345e-05,  3.86665e-07])
35680   , -78636.4    , array([ 8.25489    ,  0.00100009 ,  3.1673e-06 ,  9.62382e-05,  3.87052e-07])
35681   , -78636.9    , array([ 8.25489    ,  0.00100009 ,  3.1673e-06 ,  9.62382e-05,  3.86665e-07])
35682   , -78636.9    , array([ 8.25489    ,  0.00100009 ,  3.1673e-06 ,  9.62382e-05,  3.86665e-07])
35683   , -78636.9    , array([ 8.26315    ,  0.00100009 ,  3.1673e-06 ,  9.62382e-05,  3.86665e-07])
35684   , -78637.3    , array([ 8.25489    ,  0.00100109 ,  3.1673e-06 ,  9.62382e-05,  3.86665e-07])
35685   , -78636.9    , array([ 8.25489    ,  0.00100009 ,  3.17047e-06,  9.62382e-05,  3.86665e-07])
35686   , -78636.9    , array([ 8.25489    ,  0.00100009 ,  3.1673e-06 ,  9.63345e-05,  3.86665e-07])
35687   , -78636.4    , array([ 8.25489    ,  0.00100009 ,  3.1673e-06 ,  9.62382e-05,  3.87052e-07])
35691   , -78637      , array([ 8.25487    ,  0.00100067 ,  3.1673e-06 ,  9.62382e-05,  3.86831e-07])
35695   , -78636.9    , array([ 8.25489    ,  0.00100009 ,  3.1673e-06 ,  9.62382e-05,  3.86665e-07])
35696   , -78636.9    , array([ 8.25489    ,  0.00100009 ,  3.1673e-06 ,  9.62382e-05,  3.86665e-07])
35697   , -78636.9    , array([ 8.26315    ,  0.00100009 ,  3.1673e-06 ,  9.62382e-05,  3.86665e-07])
35698   , -78637.3    , array([ 8.25489    ,  0.00100109 ,  3.1673e-06 ,  9.62382e-05,  3.86665e-07])
35699   , -78636.9    , array([ 8.25489    ,  0.00100009 ,  3.17047e-06,  9.62382e-05,  3.86665e-07])
35700   , -78636.9    , array([ 8.25489    ,  0.00100009 ,  3.1673e-06 ,  9.63345e-05,  3.86665e-07])
35701   , -78636.4    , array([ 8.25489    ,  0.00100009 ,  3.1673e-06 ,  9.62382e-05,  3.87052e-07])
35705   , -78637.1    , array([ 8.25488    ,  0.00100081 ,  3.1673e-06 ,  9.62382e-05,  3.86775e-07])
35709   , -78636.9    , array([ 8.25489    ,  0.00100009 ,  3.1673e-06 ,  9.62382e-05,  3.86665e-07])
35710   , -78636.9    , array([ 8.25489    ,  0.00100009 ,  3.1673e-06 ,  9.62382e-05,  3.86665e-07])
35711   , -78636.9    , array([ 8.26315    ,  0.00100009 ,  3.1673e-06 ,  9.62382e-05,  3.86665e-07])
35712   , -78637.3    , array([ 8.25489    ,  0.00100109 ,  3.1673e-06 ,  9.62382e-05,  3.86665e-07])
35713   , -78636.9    , array([ 8.25489    ,  0.00100009 ,  3.17047e-06,  9.62382e-05,  3.86665e-07])
35714   , -78636.9    , array([ 8.25489    ,  0.00100009 ,  3.1673e-06 ,  9.63345e-05,  3.86665e-07])
35715   , -78636.4    , array([ 8.25489    ,  0.00100009 ,  3.1673e-06 ,  9.62382e-05,  3.87052e-07])
35716   , -78636.9    , array([ 8.25489    ,  0.00100009 ,  3.1673e-06 ,  9.62382e-05,  3.86665e-07])
35717   , -78636.9    , array([ 8.25489    ,  0.00100009 ,  3.1673e-06 ,  9.62382e-05,  3.86665e-07])
35718   , -78636.9    , array([ 8.26315    ,  0.00100009 ,  3.1673e-06 ,  9.62382e-05,  3.86665e-07])
35719   , -78637.3    , array([ 8.25489    ,  0.00100109 ,  3.1673e-06 ,  9.62382e-05,  3.86665e-07])
35720   , -78636.9    , array([ 8.25489    ,  0.00100009 ,  3.17047e-06,  9.62382e-05,  3.86665e-07])
35721   , -78636.9    , array([ 8.25489    ,  0.00100009 ,  3.1673e-06 ,  9.63345e-05,  3.86665e-07])
35722   , -78636.4    , array([ 8.25489    ,  0.00100009 ,  3.1673e-06 ,  9.62382e-05,  3.87052e-07])
35726   , -78637.2    , array([ 8.25489    ,  0.00100095 ,  3.1673e-06 ,  9.62382e-05,  3.8672e-07 ])
35730   , -78636.9    , array([ 8.25489    ,  0.00100009 ,  3.1673e-06 ,  9.62382e-05,  3.86665e-07])
35731   , -78636.9    , array([ 8.25489    ,  0.00100009 ,  3.1673e-06 ,  9.62382e-05,  3.86665e-07])
35732   , -78636.9    , array([ 8.26315    ,  0.00100009 ,  3.1673e-06 ,  9.62382e-05,  3.86665e-07])
35733   , -78637.3    , array([ 8.25489    ,  0.00100109 ,  3.1673e-06 ,  9.62382e-05,  3.86665e-07])
35734   , -78636.9    , array([ 8.25489    ,  0.00100009 ,  3.17047e-06,  9.62382e-05,  3.86665e-07])
35735   , -78636.9    , array([ 8.25489    ,  0.00100009 ,  3.1673e-06 ,  9.63345e-05,  3.86665e-07])
35736   , -78636.4    , array([ 8.25489    ,  0.00100009 ,  3.1673e-06 ,  9.62382e-05,  3.87052e-07])
35737   , -78636.9    , array([ 8.25489    ,  0.00100009 ,  3.1673e-06 ,  9.62382e-05,  3.86665e-07])
35738   , -78636.9    , array([ 8.25489    ,  0.00100009 ,  3.1673e-06 ,  9.62382e-05,  3.86665e-07])
35739   , -78636.9    , array([ 8.26315    ,  0.00100009 ,  3.1673e-06 ,  9.62382e-05,  3.86665e-07])
35740   , -78637.3    , array([ 8.25489    ,  0.00100109 ,  3.1673e-06 ,  9.62382e-05,  3.86665e-07])
35741   , -78636.9    , array([ 8.25489    ,  0.00100009 ,  3.17047e-06,  9.62382e-05,  3.86665e-07])
35742   , -78636.9    , array([ 8.25489    ,  0.00100009 ,  3.1673e-06 ,  9.63345e-05,  3.86665e-07])
35743   , -78636.4    , array([ 8.25489    ,  0.00100009 ,  3.1673e-06 ,  9.62382e-05,  3.87052e-07])
35744   , -78636.8    , array([ 8.25489    ,  0.00100002 ,  3.1673e-06 ,  9.62382e-05,  3.86692e-07])
35745   , -78636.8    , array([ 8.25489    ,  0.00100002 ,  3.1673e-06 ,  9.62382e-05,  3.86692e-07])
35746   , -78636.8    , array([ 8.26315    ,  0.00100002 ,  3.1673e-06 ,  9.62382e-05,  3.86692e-07])
35747   , -78637.3    , array([ 8.25489    ,  0.00100102 ,  3.1673e-06 ,  9.62382e-05,  3.86692e-07])
35748   , -78636.8    , array([ 8.25489    ,  0.00100002 ,  3.17047e-06,  9.62382e-05,  3.86692e-07])
35749   , -78636.8    , array([ 8.25489    ,  0.00100002 ,  3.1673e-06 ,  9.63345e-05,  3.86692e-07])
35750   , -78636.4    , array([ 8.25489    ,  0.00100002 ,  3.1673e-06 ,  9.62382e-05,  3.87079e-07])
35751   , -78636.8    , array([ 8.25489    ,  0.00100002 ,  3.1673e-06 ,  9.62382e-05,  3.86692e-07])
35752   , -78636.8    , array([ 8.25489    ,  0.00100002 ,  3.1673e-06 ,  9.62382e-05,  3.86692e-07])
35753   , -78636.8    , array([ 8.26315    ,  0.00100002 ,  3.1673e-06 ,  9.62382e-05,  3.86692e-07])
35754   , -78637.3    , array([ 8.25489    ,  0.00100102 ,  3.1673e-06 ,  9.62382e-05,  3.86692e-07])
35755   , -78636.8    , array([ 8.25489    ,  0.00100002 ,  3.17047e-06,  9.62382e-05,  3.86692e-07])
35756   , -78636.8    , array([ 8.25489    ,  0.00100002 ,  3.1673e-06 ,  9.63345e-05,  3.86692e-07])
35757   , -78636.4    , array([ 8.25489    ,  0.00100002 ,  3.1673e-06 ,  9.62382e-05,  3.87079e-07])
35761   , -78637.2    , array([ 8.25489    ,  0.00100098 ,  3.1673e-06 ,  9.62382e-05,  3.8671e-07 ])
35765   , -78636.8    , array([ 8.25489    ,  0.00100002 ,  3.1673e-06 ,  9.62382e-05,  3.86692e-07])
35766   , -78636.8    , array([ 8.25489    ,  0.00100002 ,  3.1673e-06 ,  9.62382e-05,  3.86692e-07])
35767   , -78636.8    , array([ 8.26315    ,  0.00100002 ,  3.1673e-06 ,  9.62382e-05,  3.86692e-07])
35768   , -78637.3    , array([ 8.25489    ,  0.00100102 ,  3.1673e-06 ,  9.62382e-05,  3.86692e-07])
35769   , -78636.8    , array([ 8.25489    ,  0.00100002 ,  3.17047e-06,  9.62382e-05,  3.86692e-07])
35770   , -78636.8    , array([ 8.25489    ,  0.00100002 ,  3.1673e-06 ,  9.63345e-05,  3.86692e-07])
35771   , -78636.4    , array([ 8.25489    ,  0.00100002 ,  3.1673e-06 ,  9.62382e-05,  3.87079e-07])
35772   , -78636.8    , array([ 8.25489    ,  0.00100002 ,  3.1673e-06 ,  9.62382e-05,  3.86692e-07])
35773   , -78636.8    , array([ 8.25489    ,  0.00100002 ,  3.1673e-06 ,  9.62382e-05,  3.86692e-07])
35774   , -78636.8    , array([ 8.26315    ,  0.00100002 ,  3.1673e-06 ,  9.62382e-05,  3.86692e-07])
35775   , -78637.3    , array([ 8.25489    ,  0.00100102 ,  3.1673e-06 ,  9.62382e-05,  3.86692e-07])
35776   , -78636.8    , array([ 8.25489    ,  0.00100002 ,  3.17047e-06,  9.62382e-05,  3.86692e-07])
35777   , -78636.8    , array([ 8.25489    ,  0.00100002 ,  3.1673e-06 ,  9.63345e-05,  3.86692e-07])
35778   , -78636.4    , array([ 8.25489    ,  0.00100002 ,  3.1673e-06 ,  9.62382e-05,  3.87079e-07])
35782   , -78637.3    , array([ 8.25489    ,  0.001001   ,  3.1673e-06 ,  9.62382e-05,  3.86701e-07])
35786   , -78636.8    , array([ 8.25489    ,  0.00100002 ,  3.1673e-06 ,  9.62382e-05,  3.86692e-07])
35787   , -78636.8    , array([ 8.25489    ,  0.00100002 ,  3.1673e-06 ,  9.62382e-05,  3.86692e-07])
35788   , -78636.8    , array([ 8.26315    ,  0.00100002 ,  3.1673e-06 ,  9.62382e-05,  3.86692e-07])
35789   , -78637.3    , array([ 8.25489    ,  0.00100102 ,  3.1673e-06 ,  9.62382e-05,  3.86692e-07])
35790   , -78636.8    , array([ 8.25489    ,  0.00100002 ,  3.17047e-06,  9.62382e-05,  3.86692e-07])
35791   , -78636.8    , array([ 8.25489    ,  0.00100002 ,  3.1673e-06 ,  9.63345e-05,  3.86692e-07])
35792   , -78636.4    , array([ 8.25489    ,  0.00100002 ,  3.1673e-06 ,  9.62382e-05,  3.87079e-07])
35793   , -78636.8    , array([ 8.25489    ,  0.00100001 ,  3.1673e-06 ,  9.62382e-05,  3.86698e-07])
35794   , -78636.8    , array([ 8.25489    ,  0.00100001 ,  3.1673e-06 ,  9.62382e-05,  3.86698e-07])
35795   , -78636.8    , array([ 8.26315    ,  0.00100001 ,  3.1673e-06 ,  9.62382e-05,  3.86698e-07])
35796   , -78637.3    , array([ 8.25489    ,  0.00100101 ,  3.1673e-06 ,  9.62382e-05,  3.86698e-07])
35797   , -78636.8    , array([ 8.25489    ,  0.00100001 ,  3.17047e-06,  9.62382e-05,  3.86698e-07])
35798   , -78636.8    , array([ 8.25489    ,  0.00100001 ,  3.1673e-06 ,  9.63345e-05,  3.86698e-07])
35799   , -78636.4    , array([ 8.25489    ,  0.00100001 ,  3.1673e-06 ,  9.62382e-05,  3.87085e-07])
35800   , -78636.8    , array([ 8.25489    ,  0.00100001 ,  3.1673e-06 ,  9.62382e-05,  3.86698e-07])
35801   , -78636.8    , array([ 8.25489    ,  0.00100001 ,  3.1673e-06 ,  9.62382e-05,  3.86698e-07])
35802   , -78636.8    , array([ 8.26315    ,  0.00100001 ,  3.1673e-06 ,  9.62382e-05,  3.86698e-07])
35803   , -78637.3    , array([ 8.25489    ,  0.00100101 ,  3.1673e-06 ,  9.62382e-05,  3.86698e-07])
35804   , -78636.8    , array([ 8.25489    ,  0.00100001 ,  3.17047e-06,  9.62382e-05,  3.86698e-07])
35805   , -78636.8    , array([ 8.25489    ,  0.00100001 ,  3.1673e-06 ,  9.63345e-05,  3.86698e-07])
35806   , -78636.4    , array([ 8.25489    ,  0.00100001 ,  3.1673e-06 ,  9.62382e-05,  3.87085e-07])
35807   , -79089.4    , array([ 8.52036    ,  0.0846686  ,  3.1673e-06 ,  9.62384e-05,  4.38061e-09])
35808   , -79089.4    , array([ 8.52036    ,  0.0846686  ,  3.1673e-06 ,  9.62384e-05,  4.38061e-09])
35809   , -79089.4    , array([ 8.52889    ,  0.0846686  ,  3.1673e-06 ,  9.62384e-05,  4.38061e-09])
35810   , -79089.4    , array([ 8.52036    ,  0.0847533  ,  3.1673e-06 ,  9.62384e-05,  4.38061e-09])
35811   , -79089.4    , array([ 8.52036    ,  0.0846686  ,  3.17047e-06,  9.62384e-05,  4.38061e-09])
35812   , -79089.4    , array([ 8.52036    ,  0.0846686  ,  3.1673e-06 ,  9.63347e-05,  4.38061e-09])
35813   , -79089.4    , array([ 8.52036    ,  0.0846686  ,  3.1673e-06 ,  9.62384e-05,  4.385e-09  ])
35814   , -79089.4    , array([ 8.51705    ,  0.0801807  ,  3.1673e-06 ,  9.62384e-05,  4.62817e-09])
35815   , -79089.4    , array([ 8.51705    ,  0.0801807  ,  3.1673e-06 ,  9.62384e-05,  4.62817e-09])
35816   , -79089.4    , array([ 8.52558    ,  0.0801807  ,  3.1673e-06 ,  9.62384e-05,  4.62817e-09])
35817   , -79089.4    , array([ 8.51705    ,  0.0802609  ,  3.1673e-06 ,  9.62384e-05,  4.62817e-09])
35818   , -79089.4    , array([ 8.51705    ,  0.0801807  ,  3.17047e-06,  9.62384e-05,  4.62817e-09])
35819   , -79089.4    , array([ 8.51705    ,  0.0801807  ,  3.1673e-06 ,  9.63347e-05,  4.62817e-09])
35820   , -79089.4    , array([ 8.51705    ,  0.0801807  ,  3.1673e-06 ,  9.62384e-05,  4.6328e-09 ])
35821   , -79089.4    , array([ 8.51044    ,  0.071906   ,  3.1673e-06 ,  9.62384e-05,  5.16606e-09])
35822   , -79089.4    , array([ 8.51044    ,  0.071906   ,  3.1673e-06 ,  9.62384e-05,  5.16606e-09])
35823   , -79089.4    , array([ 8.51896    ,  0.071906   ,  3.1673e-06 ,  9.62384e-05,  5.16606e-09])
35824   , -79089.4    , array([ 8.51044    ,  0.0719779  ,  3.1673e-06 ,  9.62384e-05,  5.16606e-09])
35825   , -79089.4    , array([ 8.51044    ,  0.071906   ,  3.17047e-06,  9.62384e-05,  5.16606e-09])
35826   , -79089.4    , array([ 8.51044    ,  0.071906   ,  3.1673e-06 ,  9.63347e-05,  5.16606e-09])
35827   , -79089.4    , array([ 8.51044    ,  0.071906   ,  3.1673e-06 ,  9.62384e-05,  5.17123e-09])
35828   , -79089.3    , array([ 8.49723    ,  0.0578302  ,  3.1673e-06 ,  9.62384e-05,  6.43663e-09])
35829   , -79089.3    , array([ 8.49723    ,  0.0578302  ,  3.1673e-06 ,  9.62384e-05,  6.43663e-09])
35830   , -79089.3    , array([ 8.50573    ,  0.0578302  ,  3.1673e-06 ,  9.62384e-05,  6.43663e-09])
35831   , -79089.3    , array([ 8.49723    ,  0.0578881  ,  3.1673e-06 ,  9.62384e-05,  6.43663e-09])
35832   , -79089.3    , array([ 8.49723    ,  0.0578302  ,  3.17047e-06,  9.62384e-05,  6.43663e-09])
35833   , -79089.3    , array([ 8.49723    ,  0.0578302  ,  3.1673e-06 ,  9.63347e-05,  6.43663e-09])
35834   , -79089.3    , array([ 8.49723    ,  0.0578302  ,  3.1673e-06 ,  9.62384e-05,  6.44307e-09])
35835   , -79089.1    , array([ 8.47087    ,  0.0374054  ,  3.1673e-06 ,  9.62384e-05,  9.99212e-09])
35836   , -79089.1    , array([ 8.47087    ,  0.0374054  ,  3.1673e-06 ,  9.62384e-05,  9.99212e-09])
35837   , -79089.1    , array([ 8.47935    ,  0.0374054  ,  3.1673e-06 ,  9.62384e-05,  9.99212e-09])
35838   , -79089.1    , array([ 8.47087    ,  0.0374428  ,  3.1673e-06 ,  9.62384e-05,  9.99212e-09])
35839   , -79089.1    , array([ 8.47087    ,  0.0374054  ,  3.17047e-06,  9.62384e-05,  9.99212e-09])
35840   , -79089.1    , array([ 8.47087    ,  0.0374054  ,  3.1673e-06 ,  9.63347e-05,  9.99212e-09])
35841   , -79089.1    , array([ 8.47087    ,  0.0374054  ,  3.1673e-06 ,  9.62384e-05,  1.00021e-08])
35842   , -79087.6    , array([ 8.4184     ,  0.0156493  ,  3.1673e-06 ,  9.62384e-05,  2.40799e-08])
35843   , -79087.6    , array([ 8.4184     ,  0.0156493  ,  3.1673e-06 ,  9.62384e-05,  2.40799e-08])
35844   , -79087.6    , array([ 8.42682    ,  0.0156493  ,  3.1673e-06 ,  9.62384e-05,  2.40799e-08])
35845   , -79087.6    , array([ 8.4184     ,  0.0156649  ,  3.1673e-06 ,  9.62384e-05,  2.40799e-08])
35846   , -79087.6    , array([ 8.4184     ,  0.0156493  ,  3.17047e-06,  9.62384e-05,  2.40799e-08])
35847   , -79087.6    , array([ 8.4184     ,  0.0156493  ,  3.1673e-06 ,  9.63346e-05,  2.40799e-08])
35848   , -79087.6    , array([ 8.4184     ,  0.0156493  ,  3.1673e-06 ,  9.62384e-05,  2.4104e-08 ])
35849   , -79029.5    , array([ 8.31442    ,  0.00273913 ,  3.1673e-06 ,  9.62383e-05,  1.39846e-07])
35850   , -79029.5    , array([ 8.31442    ,  0.00273913 ,  3.1673e-06 ,  9.62383e-05,  1.39846e-07])
35851   , -79029.5    , array([ 8.32274    ,  0.00273913 ,  3.1673e-06 ,  9.62383e-05,  1.39846e-07])
35852   , -79029.5    , array([ 8.31442    ,  0.00274187 ,  3.1673e-06 ,  9.62383e-05,  1.39846e-07])
35853   , -79029.5    , array([ 8.31442    ,  0.00273913 ,  3.17047e-06,  9.62383e-05,  1.39846e-07])
35854   , -79029.5    , array([ 8.31442    ,  0.00273913 ,  3.1673e-06 ,  9.63346e-05,  1.39846e-07])
35855   , -79029.4    , array([ 8.31442    ,  0.00273913 ,  3.1673e-06 ,  9.62383e-05,  1.39986e-07])
35858   , -78744.9    , array([ 8.26291    ,  0.00114597 ,  3.1673e-06 ,  9.62382e-05,  3.37014e-07])
35859   , -78744.9    , array([ 8.26291    ,  0.00114597 ,  3.1673e-06 ,  9.62382e-05,  3.37014e-07])
35860   , -78744.9    , array([ 8.27118    ,  0.00114597 ,  3.1673e-06 ,  9.62382e-05,  3.37014e-07])
35861   , -78745.2    , array([ 8.26291    ,  0.00114711 ,  3.1673e-06 ,  9.62382e-05,  3.37014e-07])
35862   , -78744.9    , array([ 8.26291    ,  0.00114597 ,  3.17047e-06,  9.62382e-05,  3.37014e-07])
35863   , -78744.9    , array([ 8.26291    ,  0.00114597 ,  3.1673e-06 ,  9.63345e-05,  3.37014e-07])
35864   , -78744.5    , array([ 8.26291    ,  0.00114597 ,  3.1673e-06 ,  9.62382e-05,  3.37351e-07])
35867   , -78660.9    , array([ 8.2565     ,  0.0010277  ,  3.1673e-06 ,  9.62382e-05,  3.76181e-07])
35868   , -78660.9    , array([ 8.2565     ,  0.0010277  ,  3.1673e-06 ,  9.62382e-05,  3.76181e-07])
35869   , -78660.9    , array([ 8.26476    ,  0.0010277  ,  3.1673e-06 ,  9.62382e-05,  3.76181e-07])
35870   , -78661.3    , array([ 8.2565     ,  0.00102873 ,  3.1673e-06 ,  9.62382e-05,  3.76181e-07])
35871   , -78660.9    , array([ 8.2565     ,  0.0010277  ,  3.17047e-06,  9.62382e-05,  3.76181e-07])
35872   , -78660.9    , array([ 8.2565     ,  0.0010277  ,  3.1673e-06 ,  9.63345e-05,  3.76181e-07])
35873   , -78660.5    , array([ 8.2565     ,  0.0010277  ,  3.1673e-06 ,  9.62382e-05,  3.76558e-07])
35875   , -78636.9    , array([ 8.25489    ,  0.00100009 ,  3.1673e-06 ,  9.62382e-05,  3.86665e-07])
35876   , -78636.9    , array([ 8.25489    ,  0.00100009 ,  3.1673e-06 ,  9.62382e-05,  3.86665e-07])
35877   , -78636.9    , array([ 8.26315    ,  0.00100009 ,  3.1673e-06 ,  9.62382e-05,  3.86665e-07])
35878   , -78637.3    , array([ 8.25489    ,  0.00100109 ,  3.1673e-06 ,  9.62382e-05,  3.86665e-07])
35879   , -78636.9    , array([ 8.25489    ,  0.00100009 ,  3.17047e-06,  9.62382e-05,  3.86665e-07])
35880   , -78636.9    , array([ 8.25489    ,  0.00100009 ,  3.1673e-06 ,  9.63345e-05,  3.86665e-07])
35881   , -78636.4    , array([ 8.25489    ,  0.00100009 ,  3.1673e-06 ,  9.62382e-05,  3.87052e-07])
