216778  , -79086.7    , array([ 0.663588   ,  0.014329   ,  2.35484e-11,  4.86331e-13,  3.24584e-08])
216779  , -79086.7    , array([ 0.664252   ,  0.014329   ,  2.35484e-11,  4.86331e-13,  3.24584e-08])
216780  , -79086.7    , array([ 0.663588   ,  0.0143434  ,  2.35484e-11,  4.86331e-13,  3.24584e-08])
216781  , -79086.7    , array([ 0.663588   ,  0.014329   ,  2.3572e-11 ,  4.86331e-13,  3.24584e-08])
216782  , -79086.7    , array([ 0.663588   ,  0.014329   ,  2.35484e-11,  4.86817e-13,  3.24584e-08])
216783  , -79086.7    , array([ 0.663588   ,  0.014329   ,  2.35484e-11,  4.86331e-13,  3.24909e-08])
216784  , -79086.7    , array([ 0.663588   ,  0.014329   ,  2.35484e-11,  4.86331e-13,  3.24584e-08])
216785  , -79078.3    , array([ 0.656724   ,  0.00705545 ,  2.35484e-11,  4.86331e-13,  6.66669e-08])
216786  , -79078.3    , array([ 0.656724   ,  0.00705545 ,  2.35484e-11,  4.86331e-13,  6.66669e-08])
216787  , -79078.3    , array([ 0.657381   ,  0.00705545 ,  2.35484e-11,  4.86331e-13,  6.66669e-08])
216788  , -79078.3    , array([ 0.656724   ,  0.0070625  ,  2.35484e-11,  4.86331e-13,  6.66669e-08])
216789  , -79078.3    , array([ 0.656724   ,  0.00705545 ,  2.3572e-11 ,  4.86331e-13,  6.66669e-08])
216790  , -79078.3    , array([ 0.656724   ,  0.00705545 ,  2.35484e-11,  4.86817e-13,  6.66669e-08])
216791  , -79078.2    , array([ 0.656724   ,  0.00705545 ,  2.35484e-11,  4.86331e-13,  6.67336e-08])
216799  , -79078.3    , array([ 0.656724   ,  0.00705544 ,  2.35484e-11,  4.86331e-13,  6.66669e-08])
216800  , -79078.3    , array([ 0.656724   ,  0.00705544 ,  2.35484e-11,  4.86331e-13,  6.66669e-08])
216801  , -79078.3    , array([ 0.657381   ,  0.00705544 ,  2.35484e-11,  4.86331e-13,  6.66669e-08])
216802  , -79078.3    , array([ 0.656724   ,  0.0070625  ,  2.35484e-11,  4.86331e-13,  6.66669e-08])
216803  , -79078.3    , array([ 0.656724   ,  0.00705544 ,  2.3572e-11 ,  4.86331e-13,  6.66669e-08])
216804  , -79078.3    , array([ 0.656724   ,  0.00705544 ,  2.35484e-11,  4.86817e-13,  6.66669e-08])
216805  , -79078.2    , array([ 0.656724   ,  0.00705544 ,  2.35484e-11,  4.86331e-13,  6.67336e-08])
216806  , -79078.3    , array([ 0.656724   ,  0.00705544 ,  2.35484e-11,  4.86331e-13,  6.66669e-08])
216807  , -79078.3    , array([ 0.656724   ,  0.00705544 ,  2.35484e-11,  4.86331e-13,  6.66669e-08])
216808  , -79078.3    , array([ 0.657381   ,  0.00705544 ,  2.35484e-11,  4.86331e-13,  6.66669e-08])
216809  , -79078.3    , array([ 0.656724   ,  0.0070625  ,  2.35484e-11,  4.86331e-13,  6.66669e-08])
216810  , -79078.3    , array([ 0.656724   ,  0.00705544 ,  2.3572e-11 ,  4.86331e-13,  6.66669e-08])
216811  , -79078.3    , array([ 0.656724   ,  0.00705544 ,  2.35484e-11,  4.86817e-13,  6.66669e-08])
216812  , -79078.2    , array([ 0.656724   ,  0.00705544 ,  2.35484e-11,  4.86331e-13,  6.67336e-08])
216813  , -78896.2    , array([ 0.643207   ,  0.00171057 ,  2.35484e-11,  4.86331e-13,  2.81239e-07])
216814  , -78896.2    , array([ 0.643207   ,  0.00171057 ,  2.35484e-11,  4.86331e-13,  2.81239e-07])
216815  , -78896.2    , array([ 0.643851   ,  0.00171057 ,  2.35484e-11,  4.86331e-13,  2.81239e-07])
216816  , -78896.4    , array([ 0.643207   ,  0.00171228 ,  2.35484e-11,  4.86331e-13,  2.81239e-07])
216817  , -78896.2    , array([ 0.643207   ,  0.00171057 ,  2.3572e-11 ,  4.86331e-13,  2.81239e-07])
216818  , -78896.2    , array([ 0.643207   ,  0.00171057 ,  2.35484e-11,  4.86817e-13,  2.81239e-07])
216819  , -78896      , array([ 0.643207   ,  0.00171057 ,  2.35484e-11,  4.86331e-13,  2.81521e-07])
216820  , -78896.2    , array([ 0.643207   ,  0.00171056 ,  2.35484e-11,  4.86331e-13,  2.8124e-07 ])
216821  , -78896.2    , array([ 0.643207   ,  0.00171056 ,  2.35484e-11,  4.86331e-13,  2.8124e-07 ])
216822  , -78896.2    , array([ 0.643851   ,  0.00171056 ,  2.35484e-11,  4.86331e-13,  2.8124e-07 ])
216823  , -78896.4    , array([ 0.643207   ,  0.00171228 ,  2.35484e-11,  4.86331e-13,  2.8124e-07 ])
216824  , -78896.2    , array([ 0.643207   ,  0.00171056 ,  2.3572e-11 ,  4.86331e-13,  2.8124e-07 ])
216825  , -78896.2    , array([ 0.643207   ,  0.00171056 ,  2.35484e-11,  4.86817e-13,  2.8124e-07 ])
216826  , -78896      , array([ 0.643207   ,  0.00171056 ,  2.35484e-11,  4.86331e-13,  2.81521e-07])
216827  , -78896.2    , array([ 0.643207   ,  0.00171056 ,  2.35484e-11,  4.86331e-13,  2.8124e-07 ])
216828  , -78896.2    , array([ 0.643207   ,  0.00171056 ,  2.35484e-11,  4.86331e-13,  2.8124e-07 ])
216829  , -78896.2    , array([ 0.64385    ,  0.00171056 ,  2.35484e-11,  4.86331e-13,  2.8124e-07 ])
216830  , -78896.4    , array([ 0.643207   ,  0.00171227 ,  2.35484e-11,  4.86331e-13,  2.8124e-07 ])
216831  , -78896.2    , array([ 0.643207   ,  0.00171056 ,  2.3572e-11 ,  4.86331e-13,  2.8124e-07 ])
216832  , -78896.2    , array([ 0.643207   ,  0.00171056 ,  2.35484e-11,  4.86817e-13,  2.8124e-07 ])
216833  , -78896      , array([ 0.643207   ,  0.00171056 ,  2.35484e-11,  4.86331e-13,  2.81521e-07])
216841  , -78896.2    , array([ 0.643207   ,  0.00171056 ,  2.35484e-11,  4.86331e-13,  2.8124e-07 ])
216842  , -78896.2    , array([ 0.643207   ,  0.00171056 ,  2.35484e-11,  4.86331e-13,  2.8124e-07 ])
216843  , -78896.2    , array([ 0.64385    ,  0.00171056 ,  2.35484e-11,  4.86331e-13,  2.8124e-07 ])
216844  , -78896.4    , array([ 0.643207   ,  0.00171227 ,  2.35484e-11,  4.86331e-13,  2.8124e-07 ])
216845  , -78896.2    , array([ 0.643207   ,  0.00171056 ,  2.3572e-11 ,  4.86331e-13,  2.8124e-07 ])
216846  , -78896.2    , array([ 0.643207   ,  0.00171056 ,  2.35484e-11,  4.86817e-13,  2.8124e-07 ])
216847  , -78896      , array([ 0.643207   ,  0.00171056 ,  2.35484e-11,  4.86331e-13,  2.81521e-07])
216848  , -78896.2    , array([ 0.643207   ,  0.00171056 ,  2.35484e-11,  4.86331e-13,  2.8124e-07 ])
216849  , -78896.2    , array([ 0.643207   ,  0.00171056 ,  2.35484e-11,  4.86331e-13,  2.8124e-07 ])
216850  , -78896.2    , array([ 0.64385    ,  0.00171056 ,  2.35484e-11,  4.86331e-13,  2.8124e-07 ])
216851  , -78896.4    , array([ 0.643207   ,  0.00171227 ,  2.35484e-11,  4.86331e-13,  2.8124e-07 ])
216852  , -78896.2    , array([ 0.643207   ,  0.00171056 ,  2.3572e-11 ,  4.86331e-13,  2.8124e-07 ])
216853  , -78896.2    , array([ 0.643207   ,  0.00171056 ,  2.35484e-11,  4.86817e-13,  2.8124e-07 ])
216854  , -78896      , array([ 0.643207   ,  0.00171056 ,  2.35484e-11,  4.86331e-13,  2.81521e-07])
216855  , -78695.7    , array([ 0.639872   ,  0.00120031 ,  2.35484e-11,  4.86331e-13,  4.03059e-07])
216856  , -78695.7    , array([ 0.639872   ,  0.00120031 ,  2.35484e-11,  4.86331e-13,  4.03059e-07])
216857  , -78695.7    , array([ 0.640512   ,  0.00120031 ,  2.35484e-11,  4.86331e-13,  4.03059e-07])
216858  , -78696.1    , array([ 0.639872   ,  0.00120151 ,  2.35484e-11,  4.86331e-13,  4.03059e-07])
216859  , -78695.7    , array([ 0.639872   ,  0.00120031 ,  2.3572e-11 ,  4.86331e-13,  4.03059e-07])
216860  , -78695.7    , array([ 0.639872   ,  0.00120031 ,  2.35484e-11,  4.86817e-13,  4.03059e-07])
216861  , -78695.3    , array([ 0.639872   ,  0.00120031 ,  2.35484e-11,  4.86331e-13,  4.03462e-07])
216862  , -78695.7    , array([ 0.639872   ,  0.00120031 ,  2.35484e-11,  4.86331e-13,  4.03059e-07])
216863  , -78695.7    , array([ 0.639872   ,  0.00120031 ,  2.35484e-11,  4.86331e-13,  4.03059e-07])
216864  , -78695.7    , array([ 0.640512   ,  0.00120031 ,  2.35484e-11,  4.86331e-13,  4.03059e-07])
216865  , -78696.1    , array([ 0.639872   ,  0.00120151 ,  2.35484e-11,  4.86331e-13,  4.03059e-07])
216866  , -78695.7    , array([ 0.639872   ,  0.00120031 ,  2.3572e-11 ,  4.86331e-13,  4.03059e-07])
216867  , -78695.7    , array([ 0.639872   ,  0.00120031 ,  2.35484e-11,  4.86817e-13,  4.03059e-07])
216868  , -78695.3    , array([ 0.639872   ,  0.00120031 ,  2.35484e-11,  4.86331e-13,  4.03462e-07])
216869  , -78695.7    , array([ 0.639872   ,  0.00120031 ,  2.35484e-11,  4.86331e-13,  4.03059e-07])
216870  , -78695.7    , array([ 0.639872   ,  0.00120031 ,  2.35484e-11,  4.86331e-13,  4.03059e-07])
216871  , -78695.7    , array([ 0.640512   ,  0.00120031 ,  2.35484e-11,  4.86331e-13,  4.03059e-07])
216872  , -78696.1    , array([ 0.639872   ,  0.00120151 ,  2.35484e-11,  4.86331e-13,  4.03059e-07])
216873  , -78695.7    , array([ 0.639872   ,  0.00120031 ,  2.3572e-11 ,  4.86331e-13,  4.03059e-07])
216874  , -78695.7    , array([ 0.639872   ,  0.00120031 ,  2.35484e-11,  4.86817e-13,  4.03059e-07])
216875  , -78695.3    , array([ 0.639872   ,  0.00120031 ,  2.35484e-11,  4.86331e-13,  4.03462e-07])
216876  , -78527.7    , array([ 0.63821    ,  0.00100547 ,  2.35484e-11,  4.86331e-13,  4.82518e-07])
216877  , -78527.7    , array([ 0.63821    ,  0.00100547 ,  2.35484e-11,  4.86331e-13,  4.82518e-07])
216878  , -78527.7    , array([ 0.638849   ,  0.00100547 ,  2.35484e-11,  4.86331e-13,  4.82518e-07])
216879  , -78528.3    , array([ 0.63821    ,  0.00100648 ,  2.35484e-11,  4.86331e-13,  4.82518e-07])
216880  , -78527.7    , array([ 0.63821    ,  0.00100547 ,  2.3572e-11 ,  4.86331e-13,  4.82518e-07])
216881  , -78527.7    , array([ 0.63821    ,  0.00100547 ,  2.35484e-11,  4.86817e-13,  4.82518e-07])
216882  , -78527.1    , array([ 0.63821    ,  0.00100547 ,  2.35484e-11,  4.86331e-13,  4.83001e-07])
216883  , -78527.7    , array([ 0.63821    ,  0.00100547 ,  2.35484e-11,  4.86331e-13,  4.82518e-07])
216884  , -78527.7    , array([ 0.63821    ,  0.00100547 ,  2.35484e-11,  4.86331e-13,  4.82518e-07])
216885  , -78527.7    , array([ 0.638849   ,  0.00100547 ,  2.35484e-11,  4.86331e-13,  4.82518e-07])
216886  , -78528.3    , array([ 0.63821    ,  0.00100648 ,  2.35484e-11,  4.86331e-13,  4.82518e-07])
216887  , -78527.7    , array([ 0.63821    ,  0.00100547 ,  2.3572e-11 ,  4.86331e-13,  4.82518e-07])
216888  , -78527.7    , array([ 0.63821    ,  0.00100547 ,  2.35484e-11,  4.86817e-13,  4.82518e-07])
216889  , -78527.1    , array([ 0.63821    ,  0.00100547 ,  2.35484e-11,  4.86331e-13,  4.83001e-07])
216890  , -78527.7    , array([ 0.63821    ,  0.00100547 ,  2.35484e-11,  4.86331e-13,  4.82518e-07])
216891  , -78527.7    , array([ 0.63821    ,  0.00100547 ,  2.35484e-11,  4.86331e-13,  4.82518e-07])
216892  , -78527.7    , array([ 0.638849   ,  0.00100547 ,  2.35484e-11,  4.86331e-13,  4.82518e-07])
216893  , -78528.3    , array([ 0.63821    ,  0.00100648 ,  2.35484e-11,  4.86331e-13,  4.82518e-07])
216894  , -78527.7    , array([ 0.63821    ,  0.00100547 ,  2.3572e-11 ,  4.86331e-13,  4.82518e-07])
216895  , -78527.7    , array([ 0.63821    ,  0.00100547 ,  2.35484e-11,  4.86817e-13,  4.82518e-07])
216896  , -78527.1    , array([ 0.63821    ,  0.00100547 ,  2.35484e-11,  4.86331e-13,  4.83001e-07])
216904  , -78527.7    , array([ 0.63821    ,  0.00100547 ,  2.35484e-11,  4.86331e-13,  4.82518e-07])
216905  , -78527.7    , array([ 0.63821    ,  0.00100547 ,  2.35484e-11,  4.86331e-13,  4.82518e-07])
216906  , -78527.7    , array([ 0.638849   ,  0.00100547 ,  2.35484e-11,  4.86331e-13,  4.82518e-07])
216907  , -78528.3    , array([ 0.63821    ,  0.00100648 ,  2.35484e-11,  4.86331e-13,  4.82518e-07])
216908  , -78527.7    , array([ 0.63821    ,  0.00100547 ,  2.3572e-11 ,  4.86331e-13,  4.82518e-07])
216909  , -78527.7    , array([ 0.63821    ,  0.00100547 ,  2.35484e-11,  4.86817e-13,  4.82518e-07])
216910  , -78527.1    , array([ 0.63821    ,  0.00100547 ,  2.35484e-11,  4.86331e-13,  4.83001e-07])
216911  , -78527.7    , array([ 0.63821    ,  0.00100547 ,  2.35484e-11,  4.86331e-13,  4.82518e-07])
216912  , -78527.7    , array([ 0.63821    ,  0.00100547 ,  2.35484e-11,  4.86331e-13,  4.82518e-07])
216913  , -78527.7    , array([ 0.638849   ,  0.00100547 ,  2.35484e-11,  4.86331e-13,  4.82518e-07])
216914  , -78528.3    , array([ 0.63821    ,  0.00100648 ,  2.35484e-11,  4.86331e-13,  4.82518e-07])
216915  , -78527.7    , array([ 0.63821    ,  0.00100547 ,  2.3572e-11 ,  4.86331e-13,  4.82518e-07])
216916  , -78527.7    , array([ 0.63821    ,  0.00100547 ,  2.35484e-11,  4.86817e-13,  4.82518e-07])
216917  , -78527.1    , array([ 0.63821    ,  0.00100547 ,  2.35484e-11,  4.86331e-13,  4.83001e-07])
216925  , -78527.7    , array([ 0.63821    ,  0.00100547 ,  2.35484e-11,  4.86331e-13,  4.82518e-07])
216926  , -78527.7    , array([ 0.63821    ,  0.00100547 ,  2.35484e-11,  4.86331e-13,  4.82518e-07])
216927  , -78527.7    , array([ 0.638849   ,  0.00100547 ,  2.35484e-11,  4.86331e-13,  4.82518e-07])
216928  , -78528.3    , array([ 0.63821    ,  0.00100648 ,  2.35484e-11,  4.86331e-13,  4.82518e-07])
216929  , -78527.7    , array([ 0.63821    ,  0.00100547 ,  2.3572e-11 ,  4.86331e-13,  4.82518e-07])
216930  , -78527.7    , array([ 0.63821    ,  0.00100547 ,  2.35484e-11,  4.86817e-13,  4.82518e-07])
216931  , -78527.1    , array([ 0.63821    ,  0.00100547 ,  2.35484e-11,  4.86331e-13,  4.83001e-07])
216932  , -78527.7    , array([ 0.63821    ,  0.00100547 ,  2.35484e-11,  4.86331e-13,  4.82518e-07])
216933  , -78527.7    , array([ 0.63821    ,  0.00100547 ,  2.35484e-11,  4.86331e-13,  4.82518e-07])
216934  , -78527.7    , array([ 0.638849   ,  0.00100547 ,  2.35484e-11,  4.86331e-13,  4.82518e-07])
216935  , -78528.3    , array([ 0.63821    ,  0.00100648 ,  2.35484e-11,  4.86331e-13,  4.82518e-07])
216936  , -78527.7    , array([ 0.63821    ,  0.00100547 ,  2.3572e-11 ,  4.86331e-13,  4.82518e-07])
216937  , -78527.7    , array([ 0.63821    ,  0.00100547 ,  2.35484e-11,  4.86817e-13,  4.82518e-07])
216938  , -78527.1    , array([ 0.63821    ,  0.00100547 ,  2.35484e-11,  4.86331e-13,  4.83001e-07])
216946  , -78527.7    , array([ 0.63821    ,  0.00100547 ,  2.35484e-11,  4.86331e-13,  4.82518e-07])
216947  , -78527.7    , array([ 0.63821    ,  0.00100547 ,  2.35484e-11,  4.86331e-13,  4.82518e-07])
216948  , -78527.7    , array([ 0.638849   ,  0.00100547 ,  2.35484e-11,  4.86331e-13,  4.82518e-07])
216949  , -78528.3    , array([ 0.63821    ,  0.00100648 ,  2.35484e-11,  4.86331e-13,  4.82518e-07])
216950  , -78527.7    , array([ 0.63821    ,  0.00100547 ,  2.3572e-11 ,  4.86331e-13,  4.82518e-07])
216951  , -78527.7    , array([ 0.63821    ,  0.00100547 ,  2.35484e-11,  4.86817e-13,  4.82518e-07])
216952  , -78527.1    , array([ 0.63821    ,  0.00100547 ,  2.35484e-11,  4.86331e-13,  4.83001e-07])
216953  , -78527.7    , array([ 0.63821    ,  0.00100547 ,  2.35484e-11,  4.86331e-13,  4.82518e-07])
216954  , -78527.7    , array([ 0.63821    ,  0.00100547 ,  2.35484e-11,  4.86331e-13,  4.82518e-07])
216955  , -78527.7    , array([ 0.638849   ,  0.00100547 ,  2.35484e-11,  4.86331e-13,  4.82518e-07])
216956  , -78528.3    , array([ 0.63821    ,  0.00100648 ,  2.35484e-11,  4.86331e-13,  4.82518e-07])
216957  , -78527.7    , array([ 0.63821    ,  0.00100547 ,  2.3572e-11 ,  4.86331e-13,  4.82518e-07])
216958  , -78527.7    , array([ 0.63821    ,  0.00100547 ,  2.35484e-11,  4.86817e-13,  4.82518e-07])
216959  , -78527.1    , array([ 0.63821    ,  0.00100547 ,  2.35484e-11,  4.86331e-13,  4.83001e-07])
216967  , -78527.7    , array([ 0.63821    ,  0.00100547 ,  2.35484e-11,  4.86331e-13,  4.82518e-07])
216968  , -78527.7    , array([ 0.63821    ,  0.00100547 ,  2.35484e-11,  4.86331e-13,  4.82518e-07])
216969  , -78527.7    , array([ 0.638849   ,  0.00100547 ,  2.35484e-11,  4.86331e-13,  4.82518e-07])
216970  , -78528.3    , array([ 0.63821    ,  0.00100648 ,  2.35484e-11,  4.86331e-13,  4.82518e-07])
216971  , -78527.7    , array([ 0.63821    ,  0.00100547 ,  2.3572e-11 ,  4.86331e-13,  4.82518e-07])
216972  , -78527.7    , array([ 0.63821    ,  0.00100547 ,  2.35484e-11,  4.86817e-13,  4.82518e-07])
216973  , -78527.1    , array([ 0.63821    ,  0.00100547 ,  2.35484e-11,  4.86331e-13,  4.83001e-07])
216974  , -78527.7    , array([ 0.63821    ,  0.00100547 ,  2.35484e-11,  4.86331e-13,  4.82518e-07])
216975  , -78527.7    , array([ 0.63821    ,  0.00100547 ,  2.35484e-11,  4.86331e-13,  4.82518e-07])
216976  , -78527.7    , array([ 0.638849   ,  0.00100547 ,  2.35484e-11,  4.86331e-13,  4.82518e-07])
216977  , -78528.3    , array([ 0.63821    ,  0.00100648 ,  2.35484e-11,  4.86331e-13,  4.82518e-07])
216978  , -78527.7    , array([ 0.63821    ,  0.00100547 ,  2.3572e-11 ,  4.86331e-13,  4.82518e-07])
216979  , -78527.7    , array([ 0.63821    ,  0.00100547 ,  2.35484e-11,  4.86817e-13,  4.82518e-07])
216980  , -78527.1    , array([ 0.63821    ,  0.00100547 ,  2.35484e-11,  4.86331e-13,  4.83001e-07])
216984  , -78522      , array([ 0.638158   ,  0.00100092 ,  2.35484e-11,  4.86331e-13,  4.85239e-07])
216988  , -78526.2    , array([ 0.638198   ,  0.00100414 ,  2.35484e-11,  4.86331e-13,  4.83167e-07])
216989  , -78526.2    , array([ 0.638198   ,  0.00100414 ,  2.35484e-11,  4.86331e-13,  4.83167e-07])
216990  , -78526.2    , array([ 0.638836   ,  0.00100414 ,  2.35484e-11,  4.86331e-13,  4.83167e-07])
216991  , -78526.8    , array([ 0.638198   ,  0.00100515 ,  2.35484e-11,  4.86331e-13,  4.83167e-07])
216992  , -78526.2    , array([ 0.638198   ,  0.00100414 ,  2.3572e-11 ,  4.86331e-13,  4.83167e-07])
216993  , -78526.2    , array([ 0.638198   ,  0.00100414 ,  2.35484e-11,  4.86817e-13,  4.83167e-07])
216994  , -78525.6    , array([ 0.638198   ,  0.00100414 ,  2.35484e-11,  4.86331e-13,  4.83651e-07])
216995  , -78524.5    , array([ 0.638183   ,  0.0010026  ,  2.35484e-11,  4.86331e-13,  4.83923e-07])
216996  , -78524.5    , array([ 0.638183   ,  0.0010026  ,  2.35484e-11,  4.86331e-13,  4.83923e-07])
216997  , -78524.5    , array([ 0.638822   ,  0.0010026  ,  2.35484e-11,  4.86331e-13,  4.83923e-07])
216998  , -78525      , array([ 0.638183   ,  0.0010036  ,  2.35484e-11,  4.86331e-13,  4.83923e-07])
216999  , -78524.5    , array([ 0.638183   ,  0.0010026  ,  2.3572e-11 ,  4.86331e-13,  4.83923e-07])
217000  , -78524.5    , array([ 0.638183   ,  0.0010026  ,  2.35484e-11,  4.86817e-13,  4.83923e-07])
217001  , -78523.9    , array([ 0.638183   ,  0.0010026  ,  2.35484e-11,  4.86331e-13,  4.84407e-07])
217002  , -78524.5    , array([ 0.638183   ,  0.0010026  ,  2.35484e-11,  4.86331e-13,  4.83923e-07])
217003  , -78524.5    , array([ 0.638183   ,  0.0010026  ,  2.35484e-11,  4.86331e-13,  4.83923e-07])
217004  , -78524.5    , array([ 0.638822   ,  0.0010026  ,  2.35484e-11,  4.86331e-13,  4.83923e-07])
217005  , -78525      , array([ 0.638183   ,  0.0010036  ,  2.35484e-11,  4.86331e-13,  4.83923e-07])
217006  , -78524.5    , array([ 0.638183   ,  0.0010026  ,  2.3572e-11 ,  4.86331e-13,  4.83923e-07])
217007  , -78524.5    , array([ 0.638183   ,  0.0010026  ,  2.35484e-11,  4.86817e-13,  4.83923e-07])
217008  , -78523.9    , array([ 0.638183   ,  0.0010026  ,  2.35484e-11,  4.86331e-13,  4.84407e-07])
217009  , -78524.5    , array([ 0.638183   ,  0.0010026  ,  2.35484e-11,  4.86331e-13,  4.83923e-07])
217010  , -78524.5    , array([ 0.638183   ,  0.0010026  ,  2.35484e-11,  4.86331e-13,  4.83923e-07])
217011  , -78524.5    , array([ 0.638822   ,  0.0010026  ,  2.35484e-11,  4.86331e-13,  4.83923e-07])
217012  , -78525      , array([ 0.638183   ,  0.0010036  ,  2.35484e-11,  4.86331e-13,  4.83923e-07])
217013  , -78524.5    , array([ 0.638183   ,  0.0010026  ,  2.3572e-11 ,  4.86331e-13,  4.83923e-07])
217014  , -78524.5    , array([ 0.638183   ,  0.0010026  ,  2.35484e-11,  4.86817e-13,  4.83923e-07])
217015  , -78523.9    , array([ 0.638183   ,  0.0010026  ,  2.35484e-11,  4.86331e-13,  4.84407e-07])
217016  , -78523      , array([ 0.638171   ,  0.00100126 ,  2.35484e-11,  4.86331e-13,  4.84581e-07])
217017  , -78523      , array([ 0.638171   ,  0.00100126 ,  2.35484e-11,  4.86331e-13,  4.84581e-07])
217018  , -78523      , array([ 0.638809   ,  0.00100126 ,  2.35484e-11,  4.86331e-13,  4.84581e-07])
217019  , -78523.5    , array([ 0.638171   ,  0.00100226 ,  2.35484e-11,  4.86331e-13,  4.84581e-07])
217020  , -78523      , array([ 0.638171   ,  0.00100126 ,  2.3572e-11 ,  4.86331e-13,  4.84581e-07])
217021  , -78523      , array([ 0.638171   ,  0.00100126 ,  2.35484e-11,  4.86817e-13,  4.84581e-07])
217022  , -78522.4    , array([ 0.638171   ,  0.00100126 ,  2.35484e-11,  4.86331e-13,  4.85065e-07])
217023  , -78523      , array([ 0.638171   ,  0.00100126 ,  2.35484e-11,  4.86331e-13,  4.84581e-07])
217024  , -78523      , array([ 0.638171   ,  0.00100126 ,  2.35484e-11,  4.86331e-13,  4.84581e-07])
217025  , -78523      , array([ 0.638809   ,  0.00100126 ,  2.35484e-11,  4.86331e-13,  4.84581e-07])
217026  , -78523.5    , array([ 0.638171   ,  0.00100226 ,  2.35484e-11,  4.86331e-13,  4.84581e-07])
217027  , -78523      , array([ 0.638171   ,  0.00100126 ,  2.3572e-11 ,  4.86331e-13,  4.84581e-07])
217028  , -78523      , array([ 0.638171   ,  0.00100126 ,  2.35484e-11,  4.86817e-13,  4.84581e-07])
217029  , -78522.4    , array([ 0.638171   ,  0.00100126 ,  2.35484e-11,  4.86331e-13,  4.85065e-07])
217030  , -78523      , array([ 0.638171   ,  0.00100126 ,  2.35484e-11,  4.86331e-13,  4.84581e-07])
217031  , -78523      , array([ 0.638171   ,  0.00100126 ,  2.35484e-11,  4.86331e-13,  4.84581e-07])
217032  , -78523      , array([ 0.638809   ,  0.00100126 ,  2.35484e-11,  4.86331e-13,  4.84581e-07])
217033  , -78523.5    , array([ 0.638171   ,  0.00100226 ,  2.35484e-11,  4.86331e-13,  4.84581e-07])
217034  , -78523      , array([ 0.638171   ,  0.00100126 ,  2.3572e-11 ,  4.86331e-13,  4.84581e-07])
217035  , -78523      , array([ 0.638171   ,  0.00100126 ,  2.35484e-11,  4.86817e-13,  4.84581e-07])
217036  , -78522.4    , array([ 0.638171   ,  0.00100126 ,  2.35484e-11,  4.86331e-13,  4.85065e-07])
217037  , -78522.2    , array([ 0.638165   ,  0.00100059 ,  2.35484e-11,  4.86331e-13,  4.8491e-07 ])
217038  , -78522.2    , array([ 0.638165   ,  0.00100059 ,  2.35484e-11,  4.86331e-13,  4.8491e-07 ])
217039  , -78522.2    , array([ 0.638803   ,  0.00100059 ,  2.35484e-11,  4.86331e-13,  4.8491e-07 ])
217040  , -78522.8    , array([ 0.638165   ,  0.00100159 ,  2.35484e-11,  4.86331e-13,  4.8491e-07 ])
217041  , -78522.2    , array([ 0.638165   ,  0.00100059 ,  2.3572e-11 ,  4.86331e-13,  4.8491e-07 ])
217042  , -78522.2    , array([ 0.638165   ,  0.00100059 ,  2.35484e-11,  4.86817e-13,  4.8491e-07 ])
217043  , -78521.6    , array([ 0.638165   ,  0.00100059 ,  2.35484e-11,  4.86331e-13,  4.85395e-07])
217044  , -78522.2    , array([ 0.638165   ,  0.00100059 ,  2.35484e-11,  4.86331e-13,  4.8491e-07 ])
217045  , -78522.2    , array([ 0.638165   ,  0.00100059 ,  2.35484e-11,  4.86331e-13,  4.8491e-07 ])
217046  , -78522.2    , array([ 0.638803   ,  0.00100059 ,  2.35484e-11,  4.86331e-13,  4.8491e-07 ])
217047  , -78522.8    , array([ 0.638165   ,  0.00100159 ,  2.35484e-11,  4.86331e-13,  4.8491e-07 ])
217048  , -78522.2    , array([ 0.638165   ,  0.00100059 ,  2.3572e-11 ,  4.86331e-13,  4.8491e-07 ])
217049  , -78522.2    , array([ 0.638165   ,  0.00100059 ,  2.35484e-11,  4.86817e-13,  4.8491e-07 ])
217050  , -78521.6    , array([ 0.638165   ,  0.00100059 ,  2.35484e-11,  4.86331e-13,  4.85395e-07])
217051  , -78522.2    , array([ 0.638165   ,  0.00100059 ,  2.35484e-11,  4.86331e-13,  4.8491e-07 ])
217052  , -78522.2    , array([ 0.638165   ,  0.00100059 ,  2.35484e-11,  4.86331e-13,  4.8491e-07 ])
217053  , -78522.2    , array([ 0.638803   ,  0.00100059 ,  2.35484e-11,  4.86331e-13,  4.8491e-07 ])
217054  , -78522.8    , array([ 0.638165   ,  0.00100159 ,  2.35484e-11,  4.86331e-13,  4.8491e-07 ])
217055  , -78522.2    , array([ 0.638165   ,  0.00100059 ,  2.3572e-11 ,  4.86331e-13,  4.8491e-07 ])
217056  , -78522.2    , array([ 0.638165   ,  0.00100059 ,  2.35484e-11,  4.86817e-13,  4.8491e-07 ])
217057  , -78521.6    , array([ 0.638165   ,  0.00100059 ,  2.35484e-11,  4.86331e-13,  4.85395e-07])
217058  , -78521.8    , array([ 0.638162   ,  0.00100026 ,  2.35484e-11,  4.86331e-13,  4.85074e-07])
217059  , -78521.8    , array([ 0.638162   ,  0.00100026 ,  2.35484e-11,  4.86331e-13,  4.85074e-07])
217060  , -78521.8    , array([ 0.6388     ,  0.00100026 ,  2.35484e-11,  4.86331e-13,  4.85074e-07])
217061  , -78522.4    , array([ 0.638162   ,  0.00100126 ,  2.35484e-11,  4.86331e-13,  4.85074e-07])
217062  , -78521.8    , array([ 0.638162   ,  0.00100026 ,  2.3572e-11 ,  4.86331e-13,  4.85074e-07])
217063  , -78521.8    , array([ 0.638162   ,  0.00100026 ,  2.35484e-11,  4.86817e-13,  4.85074e-07])
217064  , -78521.2    , array([ 0.638162   ,  0.00100026 ,  2.35484e-11,  4.86331e-13,  4.8556e-07 ])
217065  , -78521.8    , array([ 0.638162   ,  0.00100026 ,  2.35484e-11,  4.86331e-13,  4.85074e-07])
217066  , -78521.8    , array([ 0.638162   ,  0.00100026 ,  2.35484e-11,  4.86331e-13,  4.85074e-07])
217067  , -78521.8    , array([ 0.6388     ,  0.00100026 ,  2.35484e-11,  4.86331e-13,  4.85074e-07])
217068  , -78522.4    , array([ 0.638162   ,  0.00100126 ,  2.35484e-11,  4.86331e-13,  4.85074e-07])
217069  , -78521.8    , array([ 0.638162   ,  0.00100026 ,  2.3572e-11 ,  4.86331e-13,  4.85074e-07])
217070  , -78521.8    , array([ 0.638162   ,  0.00100026 ,  2.35484e-11,  4.86817e-13,  4.85074e-07])
217071  , -78521.2    , array([ 0.638162   ,  0.00100026 ,  2.35484e-11,  4.86331e-13,  4.8556e-07 ])
217072  , -78521.6    , array([ 0.63816    ,  0.00100004 ,  2.35484e-11,  4.86331e-13,  4.85183e-07])
217073  , -78521.6    , array([ 0.63816    ,  0.00100004 ,  2.35484e-11,  4.86331e-13,  4.85183e-07])
217074  , -78521.6    , array([ 0.638798   ,  0.00100004 ,  2.35484e-11,  4.86331e-13,  4.85183e-07])
217075  , -78522.1    , array([ 0.63816    ,  0.00100104 ,  2.35484e-11,  4.86331e-13,  4.85183e-07])
217076  , -78521.6    , array([ 0.63816    ,  0.00100004 ,  2.3572e-11 ,  4.86331e-13,  4.85183e-07])
217077  , -78521.6    , array([ 0.63816    ,  0.00100004 ,  2.35484e-11,  4.86817e-13,  4.85183e-07])
217078  , -78521      , array([ 0.63816    ,  0.00100004 ,  2.35484e-11,  4.86331e-13,  4.85668e-07])
217079  , -78521.6    , array([ 0.63816    ,  0.00100004 ,  2.35484e-11,  4.86331e-13,  4.85183e-07])
217080  , -78521.6    , array([ 0.63816    ,  0.00100004 ,  2.35484e-11,  4.86331e-13,  4.85183e-07])
217081  , -78521.6    , array([ 0.638798   ,  0.00100004 ,  2.35484e-11,  4.86331e-13,  4.85183e-07])
217082  , -78522.1    , array([ 0.63816    ,  0.00100104 ,  2.35484e-11,  4.86331e-13,  4.85183e-07])
217083  , -78521.6    , array([ 0.63816    ,  0.00100004 ,  2.3572e-11 ,  4.86331e-13,  4.85183e-07])
217084  , -78521.6    , array([ 0.63816    ,  0.00100004 ,  2.35484e-11,  4.86817e-13,  4.85183e-07])
217085  , -78521      , array([ 0.63816    ,  0.00100004 ,  2.35484e-11,  4.86331e-13,  4.85668e-07])
217086  , -78521.6    , array([ 0.63816    ,  0.00100004 ,  2.35484e-11,  4.86331e-13,  4.85183e-07])
217087  , -78521.6    , array([ 0.63816    ,  0.00100004 ,  2.35484e-11,  4.86331e-13,  4.85183e-07])
217088  , -78521.6    , array([ 0.638798   ,  0.00100004 ,  2.35484e-11,  4.86331e-13,  4.85183e-07])
217089  , -78522.1    , array([ 0.63816    ,  0.00100104 ,  2.35484e-11,  4.86331e-13,  4.85183e-07])
217090  , -78521.6    , array([ 0.63816    ,  0.00100004 ,  2.3572e-11 ,  4.86331e-13,  4.85183e-07])
217091  , -78521.6    , array([ 0.63816    ,  0.00100004 ,  2.35484e-11,  4.86817e-13,  4.85183e-07])
217092  , -78521      , array([ 0.63816    ,  0.00100004 ,  2.35484e-11,  4.86331e-13,  4.85668e-07])
217093  , -78521.6    , array([ 0.63816    ,  0.00100004 ,  2.35484e-11,  4.86331e-13,  4.85183e-07])
217094  , -78521.6    , array([ 0.63816    ,  0.00100004 ,  2.35484e-11,  4.86331e-13,  4.85183e-07])
217095  , -78521.6    , array([ 0.638798   ,  0.00100004 ,  2.35484e-11,  4.86331e-13,  4.85183e-07])
217096  , -78522.1    , array([ 0.63816    ,  0.00100104 ,  2.35484e-11,  4.86331e-13,  4.85183e-07])
217097  , -78521.6    , array([ 0.63816    ,  0.00100004 ,  2.3572e-11 ,  4.86331e-13,  4.85183e-07])
217098  , -78521.6    , array([ 0.63816    ,  0.00100004 ,  2.35484e-11,  4.86817e-13,  4.85183e-07])
217099  , -78521      , array([ 0.63816    ,  0.00100004 ,  2.35484e-11,  4.86331e-13,  4.85668e-07])
217100  , -79078.3    , array([ 0.656724   ,  0.00705545 ,  2.35484e-11,  4.86331e-13,  6.66669e-08])
217101  , -79078.3    , array([ 0.656724   ,  0.00705545 ,  2.35484e-11,  4.86331e-13,  6.66669e-08])
217102  , -79078.3    , array([ 0.657381   ,  0.00705545 ,  2.35484e-11,  4.86331e-13,  6.66669e-08])
217103  , -79078.3    , array([ 0.656724   ,  0.0070625  ,  2.35484e-11,  4.86331e-13,  6.66669e-08])
217104  , -79078.3    , array([ 0.656724   ,  0.00705545 ,  2.3572e-11 ,  4.86331e-13,  6.66669e-08])
217105  , -79078.3    , array([ 0.656724   ,  0.00705545 ,  2.35484e-11,  4.86817e-13,  6.66669e-08])
217106  , -79078.2    , array([ 0.656724   ,  0.00705545 ,  2.35484e-11,  4.86331e-13,  6.67336e-08])
217107  , -79043      , array([ 0.64993    ,  0.00347402 ,  2.35484e-11,  4.86331e-13,  1.36928e-07])
217108  , -79043      , array([ 0.64993    ,  0.00347402 ,  2.35484e-11,  4.86331e-13,  1.36928e-07])
217109  , -79043      , array([ 0.65058    ,  0.00347402 ,  2.35484e-11,  4.86331e-13,  1.36928e-07])
217110  , -79043      , array([ 0.64993    ,  0.0034775  ,  2.35484e-11,  4.86331e-13,  1.36928e-07])
217111  , -79043      , array([ 0.64993    ,  0.00347402 ,  2.3572e-11 ,  4.86331e-13,  1.36928e-07])
217112  , -79043      , array([ 0.64993    ,  0.00347402 ,  2.35484e-11,  4.86817e-13,  1.36928e-07])
217113  , -79042.9    , array([ 0.64993    ,  0.00347402 ,  2.35484e-11,  4.86331e-13,  1.37065e-07])
217115  , -78896.2    , array([ 0.643207   ,  0.00171057 ,  2.35484e-11,  4.86331e-13,  2.81239e-07])
217116  , -78896.2    , array([ 0.643207   ,  0.00171057 ,  2.35484e-11,  4.86331e-13,  2.81239e-07])
217117  , -78896.2    , array([ 0.643851   ,  0.00171057 ,  2.35484e-11,  4.86331e-13,  2.81239e-07])
217118  , -78896.4    , array([ 0.643207   ,  0.00171228 ,  2.35484e-11,  4.86331e-13,  2.81239e-07])
217119  , -78896.2    , array([ 0.643207   ,  0.00171057 ,  2.3572e-11 ,  4.86331e-13,  2.81239e-07])
217120  , -78896.2    , array([ 0.643207   ,  0.00171057 ,  2.35484e-11,  4.86817e-13,  2.81239e-07])
217121  , -78896      , array([ 0.643207   ,  0.00171057 ,  2.35484e-11,  4.86331e-13,  2.8152e-07 ])
217122  , -78695.7    , array([ 0.639872   ,  0.00120031 ,  2.35484e-11,  4.86331e-13,  4.03058e-07])
217123  , -78695.7    , array([ 0.639872   ,  0.00120031 ,  2.35484e-11,  4.86331e-13,  4.03058e-07])
217124  , -78695.7    , array([ 0.640512   ,  0.00120031 ,  2.35484e-11,  4.86331e-13,  4.03058e-07])
217125  , -78696.1    , array([ 0.639872   ,  0.00120151 ,  2.35484e-11,  4.86331e-13,  4.03058e-07])
217126  , -78695.7    , array([ 0.639872   ,  0.00120031 ,  2.3572e-11 ,  4.86331e-13,  4.03058e-07])
217127  , -78695.7    , array([ 0.639872   ,  0.00120031 ,  2.35484e-11,  4.86817e-13,  4.03058e-07])
217128  , -78695.3    , array([ 0.639872   ,  0.00120031 ,  2.35484e-11,  4.86331e-13,  4.03461e-07])
217129  , -78527.7    , array([ 0.63821    ,  0.00100547 ,  2.35484e-11,  4.86331e-13,  4.82517e-07])
217130  , -78527.7    , array([ 0.63821    ,  0.00100547 ,  2.35484e-11,  4.86331e-13,  4.82517e-07])
217131  , -78527.7    , array([ 0.638849   ,  0.00100547 ,  2.35484e-11,  4.86331e-13,  4.82517e-07])
217132  , -78528.3    , array([ 0.63821    ,  0.00100648 ,  2.35484e-11,  4.86331e-13,  4.82517e-07])
217133  , -78527.7    , array([ 0.63821    ,  0.00100547 ,  2.3572e-11 ,  4.86331e-13,  4.82517e-07])
217134  , -78527.7    , array([ 0.63821    ,  0.00100547 ,  2.35484e-11,  4.86817e-13,  4.82517e-07])
217135  , -78527.1    , array([ 0.63821    ,  0.00100547 ,  2.35484e-11,  4.86331e-13,  4.83e-07   ])
217141  , -78524.6    , array([ 0.638184   ,  0.0010027  ,  2.35484e-11,  4.86331e-13,  4.83876e-07])
217142  , -78524.6    , array([ 0.638184   ,  0.0010027  ,  2.35484e-11,  4.86331e-13,  4.83876e-07])
217143  , -78524.6    , array([ 0.638823   ,  0.0010027  ,  2.35484e-11,  4.86331e-13,  4.83876e-07])
217144  , -78525.1    , array([ 0.638184   ,  0.0010037  ,  2.35484e-11,  4.86331e-13,  4.83876e-07])
217145  , -78524.6    , array([ 0.638184   ,  0.0010027  ,  2.3572e-11 ,  4.86331e-13,  4.83876e-07])
217146  , -78524.6    , array([ 0.638184   ,  0.0010027  ,  2.35484e-11,  4.86817e-13,  4.83876e-07])
217147  , -78524      , array([ 0.638184   ,  0.0010027  ,  2.35484e-11,  4.86331e-13,  4.8436e-07 ])
217148  , -78523      , array([ 0.638171   ,  0.00100131 ,  2.35484e-11,  4.86331e-13,  4.84556e-07])
217149  , -78523      , array([ 0.638171   ,  0.00100131 ,  2.35484e-11,  4.86331e-13,  4.84556e-07])
217150  , -78523      , array([ 0.63881    ,  0.00100131 ,  2.35484e-11,  4.86331e-13,  4.84556e-07])
217151  , -78523.6    , array([ 0.638171   ,  0.00100231 ,  2.35484e-11,  4.86331e-13,  4.84556e-07])
217152  , -78523      , array([ 0.638171   ,  0.00100131 ,  2.3572e-11 ,  4.86331e-13,  4.84556e-07])
217153  , -78523      , array([ 0.638171   ,  0.00100131 ,  2.35484e-11,  4.86817e-13,  4.84556e-07])
217154  , -78522.4    , array([ 0.638171   ,  0.00100131 ,  2.35484e-11,  4.86331e-13,  4.85041e-07])
217155  , -78522.2    , array([ 0.638165   ,  0.00100062 ,  2.35484e-11,  4.86331e-13,  4.84897e-07])
217156  , -78522.2    , array([ 0.638165   ,  0.00100062 ,  2.35484e-11,  4.86331e-13,  4.84897e-07])
217157  , -78522.2    , array([ 0.638803   ,  0.00100062 ,  2.35484e-11,  4.86331e-13,  4.84897e-07])
217158  , -78522.8    , array([ 0.638165   ,  0.00100162 ,  2.35484e-11,  4.86331e-13,  4.84897e-07])
217159  , -78522.2    , array([ 0.638165   ,  0.00100062 ,  2.3572e-11 ,  4.86331e-13,  4.84897e-07])
217160  , -78522.2    , array([ 0.638165   ,  0.00100062 ,  2.35484e-11,  4.86817e-13,  4.84897e-07])
217161  , -78521.7    , array([ 0.638165   ,  0.00100062 ,  2.35484e-11,  4.86331e-13,  4.85382e-07])
