39944   , -79088.4    , array([ 0.321616   ,  1.15383    ,  6.43888e-18,  1.75952e-76,  2.85676e-07])
39945   , -79088.4    , array([ 0.321938   ,  1.15383    ,  6.43888e-18,  1.75952e-76,  2.85676e-07])
39946   , -79088.4    , array([ 0.321616   ,  1.15498    ,  6.43888e-18,  1.75952e-76,  2.85676e-07])
39947   , -79088.4    , array([ 0.321616   ,  1.15383    ,  6.44532e-18,  1.75952e-76,  2.85676e-07])
39948   , -79088.4    , array([ 0.321616   ,  1.15383    ,  6.43888e-18,  1.76128e-76,  2.85676e-07])
39949   , -79088.4    , array([ 0.321616   ,  1.15383    ,  6.43888e-18,  1.75952e-76,  2.85961e-07])
39950   , -79088.4    , array([ 0.321616   ,  1.15383    ,  6.43888e-18,  1.75952e-76,  2.85676e-07])
39951   , -79085.8    , array([ 0.182533   ,  0.914659   ,  6.43888e-18,  1.75952e-76,  6.37889e-07])
39952   , -79085.8    , array([ 0.182533   ,  0.914659   ,  6.43888e-18,  1.75952e-76,  6.37889e-07])
39953   , -79085.8    , array([ 0.182716   ,  0.914659   ,  6.43888e-18,  1.75952e-76,  6.37889e-07])
39954   , -79085.8    , array([ 0.182533   ,  0.915574   ,  6.43888e-18,  1.75952e-76,  6.37889e-07])
39955   , -79085.8    , array([ 0.182533   ,  0.914659   ,  6.44532e-18,  1.75952e-76,  6.37889e-07])
39956   , -79085.8    , array([ 0.182533   ,  0.914659   ,  6.43888e-18,  1.76128e-76,  6.37889e-07])
39957   , -79085.8    , array([ 0.182533   ,  0.914659   ,  6.43888e-18,  1.75952e-76,  6.38527e-07])
39958   , -78377.9    , array([ 0.018939   ,  0.361185   ,  6.43888e-18,  1.75952e-76,  1.58574e-05])
39959   , -78377.9    , array([ 0.018939   ,  0.361185   ,  6.43888e-18,  1.75952e-76,  1.58574e-05])
39960   , -78378.6    , array([ 0.0189579  ,  0.361185   ,  6.43888e-18,  1.75952e-76,  1.58574e-05])
39961   , -78378      , array([ 0.018939   ,  0.361547   ,  6.43888e-18,  1.75952e-76,  1.58574e-05])
39962   , -78377.9    , array([ 0.018939   ,  0.361185   ,  6.44532e-18,  1.75952e-76,  1.58574e-05])
39963   , -78377.9    , array([ 0.018939   ,  0.361185   ,  6.43888e-18,  1.76128e-76,  1.58574e-05])
39964   , -78377.2    , array([ 0.018939   ,  0.361185   ,  6.43888e-18,  1.75952e-76,  1.58732e-05])
39972   , -78377.5    , array([ 0.0189346  ,  0.361151   ,  6.43888e-18,  1.75952e-76,  1.58625e-05])
39973   , -78377.5    , array([ 0.0189346  ,  0.361151   ,  6.43888e-18,  1.75952e-76,  1.58625e-05])
39974   , -78378.2    , array([ 0.0189536  ,  0.361151   ,  6.43888e-18,  1.75952e-76,  1.58625e-05])
39975   , -78377.6    , array([ 0.0189346  ,  0.361513   ,  6.43888e-18,  1.75952e-76,  1.58625e-05])
39976   , -78377.5    , array([ 0.0189346  ,  0.361151   ,  6.44532e-18,  1.75952e-76,  1.58625e-05])
39977   , -78377.5    , array([ 0.0189346  ,  0.361151   ,  6.43888e-18,  1.76128e-76,  1.58625e-05])
39978   , -78376.8    , array([ 0.0189346  ,  0.361151   ,  6.43888e-18,  1.75952e-76,  1.58784e-05])
39979   , -78377.2    , array([ 0.0189303  ,  0.361117   ,  6.43888e-18,  1.75952e-76,  1.58676e-05])
39980   , -78377.2    , array([ 0.0189303  ,  0.361117   ,  6.43888e-18,  1.75952e-76,  1.58676e-05])
39981   , -78377.8    , array([ 0.0189492  ,  0.361117   ,  6.43888e-18,  1.75952e-76,  1.58676e-05])
39982   , -78377.2    , array([ 0.0189303  ,  0.361479   ,  6.43888e-18,  1.75952e-76,  1.58676e-05])
39983   , -78377.2    , array([ 0.0189303  ,  0.361117   ,  6.44532e-18,  1.75952e-76,  1.58676e-05])
39984   , -78377.2    , array([ 0.0189303  ,  0.361117   ,  6.43888e-18,  1.76128e-76,  1.58676e-05])
39985   , -78376.5    , array([ 0.0189303  ,  0.361117   ,  6.43888e-18,  1.75952e-76,  1.58835e-05])
39993   , -78377.1    , array([ 0.0189292  ,  0.361109   ,  6.43888e-18,  1.75952e-76,  1.58689e-05])
39994   , -78377.1    , array([ 0.0189292  ,  0.361109   ,  6.43888e-18,  1.75952e-76,  1.58689e-05])
39995   , -78377.7    , array([ 0.0189482  ,  0.361109   ,  6.43888e-18,  1.75952e-76,  1.58689e-05])
39996   , -78377.1    , array([ 0.0189292  ,  0.36147    ,  6.43888e-18,  1.75952e-76,  1.58689e-05])
39997   , -78377.1    , array([ 0.0189292  ,  0.361109   ,  6.44532e-18,  1.75952e-76,  1.58689e-05])
39998   , -78377.1    , array([ 0.0189292  ,  0.361109   ,  6.43888e-18,  1.76128e-76,  1.58689e-05])
39999   , -78376.4    , array([ 0.0189292  ,  0.361109   ,  6.43888e-18,  1.75952e-76,  1.58848e-05])
40000   , -78377      , array([ 0.0189281  ,  0.3611     ,  6.43888e-18,  1.75952e-76,  1.58702e-05])
40001   , -78377      , array([ 0.0189281  ,  0.3611     ,  6.43888e-18,  1.75952e-76,  1.58702e-05])
40002   , -78377.6    , array([ 0.0189471  ,  0.3611     ,  6.43888e-18,  1.75952e-76,  1.58702e-05])
40003   , -78377      , array([ 0.0189281  ,  0.361462   ,  6.43888e-18,  1.75952e-76,  1.58702e-05])
40004   , -78377      , array([ 0.0189281  ,  0.3611     ,  6.44532e-18,  1.75952e-76,  1.58702e-05])
40005   , -78377      , array([ 0.0189281  ,  0.3611     ,  6.43888e-18,  1.76128e-76,  1.58702e-05])
40006   , -78376.3    , array([ 0.0189281  ,  0.3611     ,  6.43888e-18,  1.75952e-76,  1.58861e-05])
40007   , -61799      , array([ 0.00196425 ,  0.142603   ,  6.43888e-18,  1.75952e-76,  0.000394424])
40008   , -61799      , array([ 0.00196425 ,  0.142603   ,  6.43888e-18,  1.75952e-76,  0.000394424])
40009   , -61775      , array([ 0.00196622 ,  0.142603   ,  6.43888e-18,  1.75952e-76,  0.000394424])
40010   , -61800.4    , array([ 0.00196425 ,  0.142746   ,  6.43888e-18,  1.75952e-76,  0.000394424])
40011   , -61799      , array([ 0.00196425 ,  0.142603   ,  6.44532e-18,  1.75952e-76,  0.000394424])
40012   , -61799      , array([ 0.00196425 ,  0.142603   ,  6.43888e-18,  1.76128e-76,  0.000394424])
40013   , -61821.5    , array([ 0.00196425 ,  0.142603   ,  6.43888e-18,  1.75952e-76,  0.000394819])
40014   , -78257      , array([ 0.0177124  ,  0.351402   ,  6.43888e-18,  1.75952e-76,  1.7437e-05 ])
40015   , -78257      , array([ 0.0177124  ,  0.351402   ,  6.43888e-18,  1.75952e-76,  1.7437e-05 ])
40016   , -78257.8    , array([ 0.0177301  ,  0.351402   ,  6.43888e-18,  1.75952e-76,  1.7437e-05 ])
40017   , -78257.1    , array([ 0.0177124  ,  0.351754   ,  6.43888e-18,  1.75952e-76,  1.7437e-05 ])
40018   , -78257      , array([ 0.0177124  ,  0.351402   ,  6.44532e-18,  1.75952e-76,  1.7437e-05 ])
40019   , -78257      , array([ 0.0177124  ,  0.351402   ,  6.43888e-18,  1.76128e-76,  1.7437e-05 ])
40020   , -78256.2    , array([ 0.0177124  ,  0.351402   ,  6.43888e-18,  1.75952e-76,  1.74544e-05])
40021   , -57778.6    , array([ 0.00352897 ,  0.181334   ,  6.43888e-18,  1.75952e-76,  0.000171831])
40022   , -57778.6    , array([ 0.00352897 ,  0.181334   ,  6.43888e-18,  1.75952e-76,  0.000171831])
40023   , -57787.3    , array([ 0.0035325  ,  0.181334   ,  6.43888e-18,  1.75952e-76,  0.000171831])
40024   , -57779.3    , array([ 0.00352897 ,  0.181515   ,  6.43888e-18,  1.75952e-76,  0.000171831])
40025   , -57778.6    , array([ 0.00352897 ,  0.181334   ,  6.44532e-18,  1.75952e-76,  0.000171831])
40026   , -57778.6    , array([ 0.00352897 ,  0.181334   ,  6.43888e-18,  1.76128e-76,  0.000171831])
40027   , -57769.3    , array([ 0.00352897 ,  0.181334   ,  6.43888e-18,  1.75952e-76,  0.000172003])
40028   , -54053.2    , array([ 0.00267412 ,  0.161836   ,  6.43888e-18,  1.75952e-76,  0.000254652])
40029   , -54053.2    , array([ 0.00267412 ,  0.161836   ,  6.43888e-18,  1.75952e-76,  0.000254652])
40030   , -54052.6    , array([ 0.0026768  ,  0.161836   ,  6.43888e-18,  1.75952e-76,  0.000254652])
40031   , -54054.1    , array([ 0.00267412 ,  0.161998   ,  6.43888e-18,  1.75952e-76,  0.000254652])
40032   , -54053.2    , array([ 0.00267412 ,  0.161836   ,  6.44532e-18,  1.75952e-76,  0.000254652])
40033   , -54053.2    , array([ 0.00267412 ,  0.161836   ,  6.43888e-18,  1.76128e-76,  0.000254652])
40034   , -54052.9    , array([ 0.00267412 ,  0.161836   ,  6.43888e-18,  1.75952e-76,  0.000254907])
40035   , -54053      , array([ 0.00266957 ,  0.161723   ,  6.43888e-18,  1.75952e-76,  0.000255268])
40036   , -54053      , array([ 0.00266957 ,  0.161723   ,  6.43888e-18,  1.75952e-76,  0.000255268])
40037   , -54052.3    , array([ 0.00267224 ,  0.161723   ,  6.43888e-18,  1.75952e-76,  0.000255268])
40038   , -54053.9    , array([ 0.00266957 ,  0.161885   ,  6.43888e-18,  1.75952e-76,  0.000255268])
40039   , -54053      , array([ 0.00266957 ,  0.161723   ,  6.44532e-18,  1.75952e-76,  0.000255268])
40040   , -54053      , array([ 0.00266957 ,  0.161723   ,  6.43888e-18,  1.76128e-76,  0.000255268])
40041   , -54052.8    , array([ 0.00266957 ,  0.161723   ,  6.43888e-18,  1.75952e-76,  0.000255523])
40042   , -54053      , array([ 0.00266964 ,  0.161725   ,  6.43888e-18,  1.75952e-76,  0.000255259])
40043   , -54053      , array([ 0.00266964 ,  0.161725   ,  6.43888e-18,  1.75952e-76,  0.000255259])
40044   , -54052.3    , array([ 0.00267231 ,  0.161725   ,  6.43888e-18,  1.75952e-76,  0.000255259])
40045   , -54053.9    , array([ 0.00266964 ,  0.161887   ,  6.43888e-18,  1.75952e-76,  0.000255259])
40046   , -54053      , array([ 0.00266964 ,  0.161725   ,  6.44532e-18,  1.75952e-76,  0.000255259])
40047   , -54053      , array([ 0.00266964 ,  0.161725   ,  6.43888e-18,  1.76128e-76,  0.000255259])
40048   , -54052.8    , array([ 0.00266964 ,  0.161725   ,  6.43888e-18,  1.75952e-76,  0.000255515])
40063   , -54053      , array([ 0.00266964 ,  0.161725   ,  6.43888e-18,  1.75952e-76,  0.000255259])
40064   , -54053      , array([ 0.00266964 ,  0.161725   ,  6.43888e-18,  1.75952e-76,  0.000255259])
40065   , -54052.3    , array([ 0.00267231 ,  0.161725   ,  6.43888e-18,  1.75952e-76,  0.000255259])
40066   , -54053.9    , array([ 0.00266964 ,  0.161887   ,  6.43888e-18,  1.75952e-76,  0.000255259])
40067   , -54053      , array([ 0.00266964 ,  0.161725   ,  6.44532e-18,  1.75952e-76,  0.000255259])
40068   , -54053      , array([ 0.00266964 ,  0.161725   ,  6.43888e-18,  1.76128e-76,  0.000255259])
40069   , -54052.8    , array([ 0.00266964 ,  0.161725   ,  6.43888e-18,  1.75952e-76,  0.000255515])
40070   , -54053      , array([ 0.00266964 ,  0.161725   ,  6.43888e-18,  1.75952e-76,  0.000255259])
40071   , -54053      , array([ 0.00266964 ,  0.161725   ,  6.43888e-18,  1.75952e-76,  0.000255259])
40072   , -54052.3    , array([ 0.00267231 ,  0.161725   ,  6.43888e-18,  1.75952e-76,  0.000255259])
40073   , -54053.9    , array([ 0.00266964 ,  0.161887   ,  6.43888e-18,  1.75952e-76,  0.000255259])
40074   , -54053      , array([ 0.00266964 ,  0.161725   ,  6.44532e-18,  1.75952e-76,  0.000255259])
40075   , -54053      , array([ 0.00266964 ,  0.161725   ,  6.43888e-18,  1.76128e-76,  0.000255259])
40076   , -54052.8    , array([ 0.00266964 ,  0.161725   ,  6.43888e-18,  1.75952e-76,  0.000255515])
40077   , -146721     , array([ 0.00103805 ,  0.109581   ,  6.43888e-18,  1.75952e-76,  0.000976388])
40078   , -146721     , array([ 0.00103805 ,  0.109581   ,  6.43888e-18,  1.75952e-76,  0.000976388])
40079   , -146629     , array([ 0.00103909 ,  0.109581   ,  6.43888e-18,  1.75952e-76,  0.000976388])
40080   , -146725     , array([ 0.00103805 ,  0.109691   ,  6.43888e-18,  1.75952e-76,  0.000976388])
40081   , -146721     , array([ 0.00103805 ,  0.109581   ,  6.44532e-18,  1.75952e-76,  0.000976388])
40082   , -146721     , array([ 0.00103805 ,  0.109581   ,  6.43888e-18,  1.76128e-76,  0.000976388])
40083   , -146807     , array([ 0.00103805 ,  0.109581   ,  6.43888e-18,  1.75952e-76,  0.000977365])
40084   , -54053      , array([ 0.0026696  ,  0.161724   ,  6.43888e-18,  1.75952e-76,  0.000255264])
40085   , -54053      , array([ 0.0026696  ,  0.161724   ,  6.43888e-18,  1.75952e-76,  0.000255264])
40086   , -54052.3    , array([ 0.00267228 ,  0.161724   ,  6.43888e-18,  1.75952e-76,  0.000255264])
40087   , -54053.9    , array([ 0.0026696  ,  0.161886   ,  6.43888e-18,  1.75952e-76,  0.000255264])
40088   , -54053      , array([ 0.0026696  ,  0.161724   ,  6.44532e-18,  1.75952e-76,  0.000255264])
40089   , -54053      , array([ 0.0026696  ,  0.161724   ,  6.43888e-18,  1.76128e-76,  0.000255264])
40090   , -54052.8    , array([ 0.0026696  ,  0.161724   ,  6.43888e-18,  1.75952e-76,  0.000255519])
40091   , -54053      , array([ 0.0026696  ,  0.161724   ,  6.43888e-18,  1.75952e-76,  0.000255264])
40092   , -54053      , array([ 0.0026696  ,  0.161724   ,  6.43888e-18,  1.75952e-76,  0.000255264])
40093   , -54052.3    , array([ 0.00267228 ,  0.161724   ,  6.43888e-18,  1.75952e-76,  0.000255264])
40094   , -54053.9    , array([ 0.0026696  ,  0.161886   ,  6.43888e-18,  1.75952e-76,  0.000255264])
40095   , -54053      , array([ 0.0026696  ,  0.161724   ,  6.44532e-18,  1.75952e-76,  0.000255264])
40096   , -54053      , array([ 0.0026696  ,  0.161724   ,  6.43888e-18,  1.76128e-76,  0.000255264])
40097   , -54052.8    , array([ 0.0026696  ,  0.161724   ,  6.43888e-18,  1.75952e-76,  0.000255519])
40098   , -54053      , array([ 0.0026696  ,  0.161724   ,  6.43888e-18,  1.75952e-76,  0.000255264])
40099   , -54053      , array([ 0.0026696  ,  0.161724   ,  6.43888e-18,  1.75952e-76,  0.000255264])
40100   , -54052.3    , array([ 0.00267228 ,  0.161724   ,  6.43888e-18,  1.75952e-76,  0.000255264])
40101   , -54053.9    , array([ 0.0026696  ,  0.161886   ,  6.43888e-18,  1.75952e-76,  0.000255264])
40102   , -54053      , array([ 0.0026696  ,  0.161724   ,  6.44532e-18,  1.75952e-76,  0.000255264])
40103   , -54053      , array([ 0.0026696  ,  0.161724   ,  6.43888e-18,  1.76128e-76,  0.000255264])
40104   , -54052.8    , array([ 0.0026696  ,  0.161724   ,  6.43888e-18,  1.75952e-76,  0.000255519])
40105   , -54053      , array([ 0.0026696  ,  0.161723   ,  6.43888e-18,  1.75952e-76,  0.000255264])
40106   , -54053      , array([ 0.0026696  ,  0.161723   ,  6.43888e-18,  1.75952e-76,  0.000255264])
40107   , -54052.3    , array([ 0.00267228 ,  0.161723   ,  6.43888e-18,  1.75952e-76,  0.000255264])
40108   , -54053.9    , array([ 0.0026696  ,  0.161885   ,  6.43888e-18,  1.75952e-76,  0.000255264])
40109   , -54053      , array([ 0.0026696  ,  0.161723   ,  6.44532e-18,  1.75952e-76,  0.000255264])
40110   , -54053      , array([ 0.0026696  ,  0.161723   ,  6.43888e-18,  1.76128e-76,  0.000255264])
40111   , -54052.8    , array([ 0.0026696  ,  0.161723   ,  6.43888e-18,  1.75952e-76,  0.000255519])
40112   , -54053      , array([ 0.00266961 ,  0.161722   ,  6.43888e-18,  1.75952e-76,  0.000255264])
40113   , -54053      , array([ 0.00266961 ,  0.161722   ,  6.43888e-18,  1.75952e-76,  0.000255264])
40114   , -54052.3    , array([ 0.00267228 ,  0.161722   ,  6.43888e-18,  1.75952e-76,  0.000255264])
40115   , -54053.9    , array([ 0.00266961 ,  0.161884   ,  6.43888e-18,  1.75952e-76,  0.000255264])
40116   , -54053      , array([ 0.00266961 ,  0.161722   ,  6.44532e-18,  1.75952e-76,  0.000255264])
40117   , -54053      , array([ 0.00266961 ,  0.161722   ,  6.43888e-18,  1.76128e-76,  0.000255264])
40118   , -54052.8    , array([ 0.00266961 ,  0.161722   ,  6.43888e-18,  1.75952e-76,  0.000255519])
40119   , -54053      , array([ 0.00266961 ,  0.161716   ,  6.43888e-18,  1.75952e-76,  0.000255264])
40120   , -54053      , array([ 0.00266961 ,  0.161716   ,  6.43888e-18,  1.75952e-76,  0.000255264])
40121   , -54052.2    , array([ 0.00267228 ,  0.161716   ,  6.43888e-18,  1.75952e-76,  0.000255264])
40122   , -54053.8    , array([ 0.00266961 ,  0.161877   ,  6.43888e-18,  1.75952e-76,  0.000255264])
40123   , -54053      , array([ 0.00266961 ,  0.161716   ,  6.44532e-18,  1.75952e-76,  0.000255264])
40124   , -54053      , array([ 0.00266961 ,  0.161716   ,  6.43888e-18,  1.76128e-76,  0.000255264])
40125   , -54052.7    , array([ 0.00266961 ,  0.161716   ,  6.43888e-18,  1.75952e-76,  0.00025552 ])
40126   , -54052.8    , array([ 0.00266963 ,  0.16169    ,  6.43888e-18,  1.75952e-76,  0.000255267])
40127   , -54052.8    , array([ 0.00266963 ,  0.16169    ,  6.43888e-18,  1.75952e-76,  0.000255267])
40128   , -54052.1    , array([ 0.0026723  ,  0.16169    ,  6.43888e-18,  1.75952e-76,  0.000255267])
40129   , -54053.7    , array([ 0.00266963 ,  0.161852   ,  6.43888e-18,  1.75952e-76,  0.000255267])
40130   , -54052.8    , array([ 0.00266963 ,  0.16169    ,  6.44532e-18,  1.75952e-76,  0.000255267])
40131   , -54052.8    , array([ 0.00266963 ,  0.16169    ,  6.43888e-18,  1.76128e-76,  0.000255267])
40132   , -54052.6    , array([ 0.00266963 ,  0.16169    ,  6.43888e-18,  1.75952e-76,  0.000255522])
40133   , -54052.2    , array([ 0.0026697  ,  0.161588   ,  6.43888e-18,  1.75952e-76,  0.000255277])
40134   , -54052.2    , array([ 0.0026697  ,  0.161588   ,  6.43888e-18,  1.75952e-76,  0.000255277])
40135   , -54051.5    , array([ 0.00267237 ,  0.161588   ,  6.43888e-18,  1.75952e-76,  0.000255277])
40136   , -54053.1    , array([ 0.0026697  ,  0.16175    ,  6.43888e-18,  1.75952e-76,  0.000255277])
40137   , -54052.2    , array([ 0.0026697  ,  0.161588   ,  6.44532e-18,  1.75952e-76,  0.000255277])
40138   , -54052.2    , array([ 0.0026697  ,  0.161588   ,  6.43888e-18,  1.76128e-76,  0.000255277])
40139   , -54052      , array([ 0.0026697  ,  0.161588   ,  6.43888e-18,  1.75952e-76,  0.000255533])
40140   , -54049.8    , array([ 0.00266998 ,  0.16118    ,  6.43888e-18,  1.75952e-76,  0.000255317])
40141   , -54049.8    , array([ 0.00266998 ,  0.16118    ,  6.43888e-18,  1.75952e-76,  0.000255317])
40142   , -54049.1    , array([ 0.00267266 ,  0.16118    ,  6.43888e-18,  1.75952e-76,  0.000255317])
40143   , -54050.7    , array([ 0.00266998 ,  0.161342   ,  6.43888e-18,  1.75952e-76,  0.000255317])
40144   , -54049.8    , array([ 0.00266998 ,  0.16118    ,  6.44532e-18,  1.75952e-76,  0.000255317])
40145   , -54049.8    , array([ 0.00266998 ,  0.16118    ,  6.43888e-18,  1.76128e-76,  0.000255317])
40146   , -54049.6    , array([ 0.00266998 ,  0.16118    ,  6.43888e-18,  1.75952e-76,  0.000255573])
40147   , -54040.3    , array([ 0.00267113 ,  0.15956    ,  6.43888e-18,  1.75952e-76,  0.000255479])
40148   , -54040.3    , array([ 0.00267113 ,  0.15956    ,  6.43888e-18,  1.75952e-76,  0.000255479])
40149   , -54039.5    , array([ 0.0026738  ,  0.15956    ,  6.43888e-18,  1.75952e-76,  0.000255479])
40150   , -54041.2    , array([ 0.00267113 ,  0.15972    ,  6.43888e-18,  1.75952e-76,  0.000255479])
40151   , -54040.3    , array([ 0.00267113 ,  0.15956    ,  6.44532e-18,  1.75952e-76,  0.000255479])
40152   , -54040.3    , array([ 0.00267113 ,  0.15956    ,  6.43888e-18,  1.76128e-76,  0.000255479])
40153   , -54040      , array([ 0.00267113 ,  0.15956    ,  6.43888e-18,  1.75952e-76,  0.000255735])
40154   , -54001      , array([ 0.0026757  ,  0.15324    ,  6.43888e-18,  1.75952e-76,  0.000256126])
40155   , -54001      , array([ 0.0026757  ,  0.15324    ,  6.43888e-18,  1.75952e-76,  0.000256126])
40156   , -54000.2    , array([ 0.00267838 ,  0.15324    ,  6.43888e-18,  1.75952e-76,  0.000256126])
40157   , -54001.9    , array([ 0.0026757  ,  0.153394   ,  6.43888e-18,  1.75952e-76,  0.000256126])
40158   , -54001      , array([ 0.0026757  ,  0.15324    ,  6.44532e-18,  1.75952e-76,  0.000256126])
40159   , -54001      , array([ 0.0026757  ,  0.15324    ,  6.43888e-18,  1.76128e-76,  0.000256126])
40160   , -54000.7    , array([ 0.0026757  ,  0.15324    ,  6.43888e-18,  1.75952e-76,  0.000256383])
40161   , -53826.4    , array([ 0.00269409 ,  0.130367   ,  6.43888e-18,  1.75952e-76,  0.000258732])
40162   , -53826.4    , array([ 0.00269409 ,  0.130367   ,  6.43888e-18,  1.75952e-76,  0.000258732])
40163   , -53825.5    , array([ 0.00269678 ,  0.130367   ,  6.43888e-18,  1.75952e-76,  0.000258732])
40164   , -53827.5    , array([ 0.00269409 ,  0.130497   ,  6.43888e-18,  1.75952e-76,  0.000258732])
40165   , -53826.4    , array([ 0.00269409 ,  0.130367   ,  6.44532e-18,  1.75952e-76,  0.000258732])
40166   , -53826.4    , array([ 0.00269409 ,  0.130367   ,  6.43888e-18,  1.76128e-76,  0.000258732])
40167   , -53826.1    , array([ 0.00269409 ,  0.130367   ,  6.43888e-18,  1.75952e-76,  0.000258991])
40168   , -52754.4    , array([ 0.00276889 ,  0.0682881  ,  6.43888e-18,  1.75952e-76,  0.000269423])
40169   , -52754.4    , array([ 0.00276889 ,  0.0682881  ,  6.43888e-18,  1.75952e-76,  0.000269423])
40170   , -52752.9    , array([ 0.00277166 ,  0.0682881  ,  6.43888e-18,  1.75952e-76,  0.000269423])
40171   , -52756.6    , array([ 0.00276889 ,  0.0683565  ,  6.43888e-18,  1.75952e-76,  0.000269423])
40172   , -52754.4    , array([ 0.00276889 ,  0.0682881  ,  6.44532e-18,  1.75952e-76,  0.000269423])
40173   , -52754.4    , array([ 0.00276889 ,  0.0682881  ,  6.43888e-18,  1.76128e-76,  0.000269423])
40174   , -52753.7    , array([ 0.00276889 ,  0.0682881  ,  6.43888e-18,  1.75952e-76,  0.000269692])
40175   , -30978.8    , array([ 0.00308947 ,  0.00514112 ,  6.43888e-18,  1.75952e-76,  0.000316788])
40176   , -30978.8    , array([ 0.00308947 ,  0.00514112 ,  6.43888e-18,  1.75952e-76,  0.000316788])
40177   , -30970.9    , array([ 0.00309256 ,  0.00514112 ,  6.43888e-18,  1.75952e-76,  0.000316788])
40178   , -30995      , array([ 0.00308947 ,  0.00514626 ,  6.43888e-18,  1.75952e-76,  0.000316788])
40179   , -30978.8    , array([ 0.00308947 ,  0.00514112 ,  6.44532e-18,  1.75952e-76,  0.000316788])
40180   , -30978.8    , array([ 0.00308947 ,  0.00514112 ,  6.43888e-18,  1.76128e-76,  0.000316788])
40181   , -30970.3    , array([ 0.00308947 ,  0.00514112 ,  6.43888e-18,  1.75952e-76,  0.000317105])
40189   , -30926.5    , array([ 0.00308987 ,  0.00512545 ,  6.43888e-18,  1.75952e-76,  0.000316849])
40190   , -30926.5    , array([ 0.00308987 ,  0.00512545 ,  6.43888e-18,  1.75952e-76,  0.000316849])
40191   , -30918.6    , array([ 0.00309296 ,  0.00512545 ,  6.43888e-18,  1.75952e-76,  0.000316849])
40192   , -30942.8    , array([ 0.00308987 ,  0.00513058 ,  6.43888e-18,  1.75952e-76,  0.000316849])
40193   , -30926.5    , array([ 0.00308987 ,  0.00512545 ,  6.44532e-18,  1.75952e-76,  0.000316849])
40194   , -30926.5    , array([ 0.00308987 ,  0.00512545 ,  6.43888e-18,  1.76128e-76,  0.000316849])
40195   , -30918.1    , array([ 0.00308987 ,  0.00512545 ,  6.43888e-18,  1.75952e-76,  0.000317166])
40196   , -30874.2    , array([ 0.00309027 ,  0.00510983 ,  6.43888e-18,  1.75952e-76,  0.000316909])
40197   , -30874.2    , array([ 0.00309027 ,  0.00510983 ,  6.43888e-18,  1.75952e-76,  0.000316909])
40198   , -30866.3    , array([ 0.00309336 ,  0.00510983 ,  6.43888e-18,  1.75952e-76,  0.000316909])
40199   , -30890.5    , array([ 0.00309027 ,  0.00511494 ,  6.43888e-18,  1.75952e-76,  0.000316909])
40200   , -30874.2    , array([ 0.00309027 ,  0.00510983 ,  6.44532e-18,  1.75952e-76,  0.000316909])
40201   , -30874.2    , array([ 0.00309027 ,  0.00510983 ,  6.43888e-18,  1.76128e-76,  0.000316909])
40202   , -30865.7    , array([ 0.00309027 ,  0.00510983 ,  6.43888e-18,  1.75952e-76,  0.000317226])
40210   , -30861.1    , array([ 0.00309037 ,  0.00510593 ,  6.43888e-18,  1.75952e-76,  0.000316924])
40211   , -30861.1    , array([ 0.00309037 ,  0.00510593 ,  6.43888e-18,  1.75952e-76,  0.000316924])
40212   , -30853.2    , array([ 0.00309346 ,  0.00510593 ,  6.43888e-18,  1.75952e-76,  0.000316924])
40213   , -30877.4    , array([ 0.00309037 ,  0.00511104 ,  6.43888e-18,  1.75952e-76,  0.000316924])
40214   , -30861.1    , array([ 0.00309037 ,  0.00510593 ,  6.44532e-18,  1.75952e-76,  0.000316924])
40215   , -30861.1    , array([ 0.00309037 ,  0.00510593 ,  6.43888e-18,  1.76128e-76,  0.000316924])
40216   , -30852.6    , array([ 0.00309037 ,  0.00510593 ,  6.43888e-18,  1.75952e-76,  0.000317241])
40217   , -30848      , array([ 0.00309047 ,  0.00510203 ,  6.43888e-18,  1.75952e-76,  0.000316939])
40218   , -30848      , array([ 0.00309047 ,  0.00510203 ,  6.43888e-18,  1.75952e-76,  0.000316939])
40219   , -30840      , array([ 0.00309356 ,  0.00510203 ,  6.43888e-18,  1.75952e-76,  0.000316939])
40220   , -30864.3    , array([ 0.00309047 ,  0.00510714 ,  6.43888e-18,  1.75952e-76,  0.000316939])
40221   , -30848      , array([ 0.00309047 ,  0.00510203 ,  6.44532e-18,  1.75952e-76,  0.000316939])
40222   , -30848      , array([ 0.00309047 ,  0.00510203 ,  6.43888e-18,  1.76128e-76,  0.000316939])
40223   , -30839.5    , array([ 0.00309047 ,  0.00510203 ,  6.43888e-18,  1.75952e-76,  0.000317257])
40231   , -30844.7    , array([ 0.00309049 ,  0.00510106 ,  6.43888e-18,  1.75952e-76,  0.000316943])
40232   , -30844.7    , array([ 0.00309049 ,  0.00510106 ,  6.43888e-18,  1.75952e-76,  0.000316943])
40233   , -30836.8    , array([ 0.00309359 ,  0.00510106 ,  6.43888e-18,  1.75952e-76,  0.000316943])
40234   , -30861      , array([ 0.00309049 ,  0.00510616 ,  6.43888e-18,  1.75952e-76,  0.000316943])
40235   , -30844.7    , array([ 0.00309049 ,  0.00510106 ,  6.44532e-18,  1.75952e-76,  0.000316943])
40236   , -30844.7    , array([ 0.00309049 ,  0.00510106 ,  6.43888e-18,  1.76128e-76,  0.000316943])
40237   , -30836.3    , array([ 0.00309049 ,  0.00510106 ,  6.43888e-18,  1.75952e-76,  0.00031726 ])
40238   , -30841.4    , array([ 0.00309052 ,  0.00510008 ,  6.43888e-18,  1.75952e-76,  0.000316947])
40239   , -30841.4    , array([ 0.00309052 ,  0.00510008 ,  6.43888e-18,  1.75952e-76,  0.000316947])
40240   , -30833.5    , array([ 0.00309361 ,  0.00510008 ,  6.43888e-18,  1.75952e-76,  0.000316947])
40241   , -30857.7    , array([ 0.00309052 ,  0.00510519 ,  6.43888e-18,  1.75952e-76,  0.000316947])
40242   , -30841.4    , array([ 0.00309052 ,  0.00510008 ,  6.44532e-18,  1.75952e-76,  0.000316947])
40243   , -30841.4    , array([ 0.00309052 ,  0.00510008 ,  6.43888e-18,  1.76128e-76,  0.000316947])
40244   , -30833      , array([ 0.00309052 ,  0.00510008 ,  6.43888e-18,  1.75952e-76,  0.000317264])
40245   , -9999.59    , array([ 0.00326434 ,  0.00140124 ,  6.43888e-18,  1.75952e-76,  0.000343651])
40246   , -9999.59    , array([ 0.00326434 ,  0.00140124 ,  6.43888e-18,  1.75952e-76,  0.000343651])
40247   , -9989.24    , array([ 0.00326761 ,  0.00140124 ,  6.43888e-18,  1.75952e-76,  0.000343651])
40248   , -10008.3    , array([ 0.00326434 ,  0.00140265 ,  6.43888e-18,  1.75952e-76,  0.000343651])
40249   , -9999.59    , array([ 0.00326434 ,  0.00140124 ,  6.44532e-18,  1.75952e-76,  0.000343651])
40250   , -9999.59    , array([ 0.00326434 ,  0.00140124 ,  6.43888e-18,  1.76128e-76,  0.000343651])
40251   , -10001.2    , array([ 0.00326434 ,  0.00140124 ,  6.43888e-18,  1.75952e-76,  0.000343995])
40259   , -9999.57    , array([ 0.00326434 ,  0.00140124 ,  6.43888e-18,  1.75952e-76,  0.000343651])
40260   , -9999.57    , array([ 0.00326434 ,  0.00140124 ,  6.43888e-18,  1.75952e-76,  0.000343651])
40261   , -9989.22    , array([ 0.00326761 ,  0.00140124 ,  6.43888e-18,  1.75952e-76,  0.000343651])
40262   , -10008.3    , array([ 0.00326434 ,  0.00140264 ,  6.43888e-18,  1.75952e-76,  0.000343651])
40263   , -9999.57    , array([ 0.00326434 ,  0.00140124 ,  6.44532e-18,  1.75952e-76,  0.000343651])
40264   , -9999.57    , array([ 0.00326434 ,  0.00140124 ,  6.43888e-18,  1.76128e-76,  0.000343651])
40265   , -10001.2    , array([ 0.00326434 ,  0.00140124 ,  6.43888e-18,  1.75952e-76,  0.000343995])
40266   , -8512.1     , array([ 0.00329822 ,  0.00109811 ,  6.43888e-18,  1.75952e-76,  0.000348937])
40267   , -8512.1     , array([ 0.00329822 ,  0.00109811 ,  6.43888e-18,  1.75952e-76,  0.000348937])
40268   , -8502.15    , array([ 0.00330152 ,  0.00109811 ,  6.43888e-18,  1.75952e-76,  0.000348937])
40269   , -8515.07    , array([ 0.00329822 ,  0.00109921 ,  6.43888e-18,  1.75952e-76,  0.000348937])
40270   , -8512.1     , array([ 0.00329822 ,  0.00109811 ,  6.44532e-18,  1.75952e-76,  0.000348937])
40271   , -8512.1     , array([ 0.00329822 ,  0.00109811 ,  6.43888e-18,  1.76128e-76,  0.000348937])
40272   , -8519.08    , array([ 0.00329822 ,  0.00109811 ,  6.43888e-18,  1.75952e-76,  0.000349286])
40273   , -8366.65    , array([ 0.00330982 ,  0.00101077 ,  6.43888e-18,  1.75952e-76,  0.000350752])
40274   , -8366.65    , array([ 0.00330982 ,  0.00101077 ,  6.43888e-18,  1.75952e-76,  0.000350752])
40275   , -8356.9     , array([ 0.00331313 ,  0.00101077 ,  6.43888e-18,  1.75952e-76,  0.000350752])
40276   , -8367.36    , array([ 0.00330982 ,  0.00101178 ,  6.43888e-18,  1.75952e-76,  0.000350752])
40277   , -8366.65    , array([ 0.00330982 ,  0.00101077 ,  6.44532e-18,  1.75952e-76,  0.000350752])
40278   , -8366.65    , array([ 0.00330982 ,  0.00101077 ,  6.43888e-18,  1.76128e-76,  0.000350752])
40279   , -8375.68    , array([ 0.00330982 ,  0.00101077 ,  6.43888e-18,  1.75952e-76,  0.000351103])
40287   , -8364.96    , array([ 0.00330189 ,  0.00100586 ,  6.43888e-18,  1.75952e-76,  0.000349904])
40288   , -8364.96    , array([ 0.00330189 ,  0.00100586 ,  6.43888e-18,  1.75952e-76,  0.000349904])
40289   , -8355.21    , array([ 0.00330519 ,  0.00100586 ,  6.43888e-18,  1.75952e-76,  0.000349904])
40290   , -8365.6     , array([ 0.00330189 ,  0.00100687 ,  6.43888e-18,  1.75952e-76,  0.000349904])
40291   , -8364.96    , array([ 0.00330189 ,  0.00100586 ,  6.44532e-18,  1.75952e-76,  0.000349904])
40292   , -8364.96    , array([ 0.00330189 ,  0.00100586 ,  6.43888e-18,  1.76128e-76,  0.000349904])
40293   , -8374.05    , array([ 0.00330189 ,  0.00100586 ,  6.43888e-18,  1.75952e-76,  0.000350255])
40301   , -8364.96    , array([ 0.00330189 ,  0.00100586 ,  6.43888e-18,  1.75952e-76,  0.000349904])
40302   , -8364.96    , array([ 0.00330189 ,  0.00100586 ,  6.43888e-18,  1.75952e-76,  0.000349904])
40303   , -8355.21    , array([ 0.00330519 ,  0.00100586 ,  6.43888e-18,  1.75952e-76,  0.000349904])
40304   , -8365.6     , array([ 0.00330189 ,  0.00100687 ,  6.43888e-18,  1.75952e-76,  0.000349904])
40305   , -8364.96    , array([ 0.00330189 ,  0.00100586 ,  6.44532e-18,  1.75952e-76,  0.000349904])
40306   , -8364.96    , array([ 0.00330189 ,  0.00100586 ,  6.43888e-18,  1.76128e-76,  0.000349904])
40307   , -8374.05    , array([ 0.00330189 ,  0.00100586 ,  6.43888e-18,  1.75952e-76,  0.000350255])
40315   , -8364.96    , array([ 0.00330189 ,  0.00100586 ,  6.43888e-18,  1.75952e-76,  0.000349904])
40316   , -8364.96    , array([ 0.00330189 ,  0.00100586 ,  6.43888e-18,  1.75952e-76,  0.000349904])
40317   , -8355.21    , array([ 0.00330519 ,  0.00100586 ,  6.43888e-18,  1.75952e-76,  0.000349904])
40318   , -8365.6     , array([ 0.00330189 ,  0.00100687 ,  6.43888e-18,  1.75952e-76,  0.000349904])
40319   , -8364.96    , array([ 0.00330189 ,  0.00100586 ,  6.44532e-18,  1.75952e-76,  0.000349904])
40320   , -8364.96    , array([ 0.00330189 ,  0.00100586 ,  6.43888e-18,  1.76128e-76,  0.000349904])
40321   , -8374.05    , array([ 0.00330189 ,  0.00100586 ,  6.43888e-18,  1.75952e-76,  0.000350255])
40329   , -8364.96    , array([ 0.00330189 ,  0.00100586 ,  6.43888e-18,  1.75952e-76,  0.000349904])
40330   , -8364.96    , array([ 0.00330189 ,  0.00100586 ,  6.43888e-18,  1.75952e-76,  0.000349904])
40331   , -8355.21    , array([ 0.00330519 ,  0.00100586 ,  6.43888e-18,  1.75952e-76,  0.000349904])
40332   , -8365.6     , array([ 0.00330189 ,  0.00100687 ,  6.43888e-18,  1.75952e-76,  0.000349904])
40333   , -8364.96    , array([ 0.00330189 ,  0.00100586 ,  6.44532e-18,  1.75952e-76,  0.000349904])
40334   , -8364.96    , array([ 0.00330189 ,  0.00100586 ,  6.43888e-18,  1.76128e-76,  0.000349904])
40335   , -8374.05    , array([ 0.00330189 ,  0.00100586 ,  6.43888e-18,  1.75952e-76,  0.000350255])
40343   , -8364.96    , array([ 0.00330189 ,  0.00100586 ,  6.43888e-18,  1.75952e-76,  0.000349904])
40344   , -8364.96    , array([ 0.00330189 ,  0.00100586 ,  6.43888e-18,  1.75952e-76,  0.000349904])
40345   , -8355.21    , array([ 0.00330519 ,  0.00100586 ,  6.43888e-18,  1.75952e-76,  0.000349904])
40346   , -8365.6     , array([ 0.00330189 ,  0.00100687 ,  6.43888e-18,  1.75952e-76,  0.000349904])
40347   , -8364.96    , array([ 0.00330189 ,  0.00100586 ,  6.44532e-18,  1.75952e-76,  0.000349904])
40348   , -8364.96    , array([ 0.00330189 ,  0.00100586 ,  6.43888e-18,  1.76128e-76,  0.000349904])
40349   , -8374.05    , array([ 0.00330189 ,  0.00100586 ,  6.43888e-18,  1.75952e-76,  0.000350255])
40357   , -8364.96    , array([ 0.00330189 ,  0.00100586 ,  6.43888e-18,  1.75952e-76,  0.000349904])
40358   , -8364.96    , array([ 0.00330189 ,  0.00100586 ,  6.43888e-18,  1.75952e-76,  0.000349904])
40359   , -8355.21    , array([ 0.00330519 ,  0.00100586 ,  6.43888e-18,  1.75952e-76,  0.000349904])
40360   , -8365.6     , array([ 0.00330189 ,  0.00100687 ,  6.43888e-18,  1.75952e-76,  0.000349904])
40361   , -8364.96    , array([ 0.00330189 ,  0.00100586 ,  6.44532e-18,  1.75952e-76,  0.000349904])
40362   , -8364.96    , array([ 0.00330189 ,  0.00100586 ,  6.43888e-18,  1.76128e-76,  0.000349904])
40363   , -8374.05    , array([ 0.00330189 ,  0.00100586 ,  6.43888e-18,  1.75952e-76,  0.000350255])
40367   , -8363.45    , array([ 0.00329105 ,  0.00100018 ,  6.43888e-18,  1.75952e-76,  0.000348747])
40371   , -8364.39    , array([ 0.00329905 ,  0.00100411 ,  6.43888e-18,  1.75952e-76,  0.000349601])
40372   , -8364.39    , array([ 0.00329905 ,  0.00100411 ,  6.43888e-18,  1.75952e-76,  0.000349601])
40373   , -8354.64    , array([ 0.00330235 ,  0.00100411 ,  6.43888e-18,  1.75952e-76,  0.000349601])
40374   , -8365.01    , array([ 0.00329905 ,  0.00100511 ,  6.43888e-18,  1.75952e-76,  0.000349601])
40375   , -8364.39    , array([ 0.00329905 ,  0.00100411 ,  6.44532e-18,  1.75952e-76,  0.000349601])
40376   , -8364.39    , array([ 0.00329905 ,  0.00100411 ,  6.43888e-18,  1.76128e-76,  0.000349601])
40377   , -8373.5     , array([ 0.00329905 ,  0.00100411 ,  6.43888e-18,  1.75952e-76,  0.000349951])
40378   , -8359.07    , array([ 0.00336589 ,  0.00102402 ,  6.43888e-18,  1.75952e-76,  0.000356527])
40379   , -8359.07    , array([ 0.00336589 ,  0.00102402 ,  6.43888e-18,  1.75952e-76,  0.000356527])
40380   , -8349.33    , array([ 0.00336926 ,  0.00102402 ,  6.43888e-18,  1.75952e-76,  0.000356527])
40381   , -8359.69    , array([ 0.00336589 ,  0.00102505 ,  6.43888e-18,  1.75952e-76,  0.000356527])
40382   , -8359.07    , array([ 0.00336589 ,  0.00102402 ,  6.44532e-18,  1.75952e-76,  0.000356527])
40383   , -8359.07    , array([ 0.00336589 ,  0.00102402 ,  6.43888e-18,  1.76128e-76,  0.000356527])
40384   , -8368.17    , array([ 0.00336589 ,  0.00102402 ,  6.43888e-18,  1.75952e-76,  0.000356884])
40385   , -8337.61    , array([ 0.00364709 ,  0.0011077  ,  6.43888e-18,  1.75952e-76,  0.000385631])
40386   , -8337.61    , array([ 0.00364709 ,  0.0011077  ,  6.43888e-18,  1.75952e-76,  0.000385631])
40387   , -8327.9     , array([ 0.00365074 ,  0.0011077  ,  6.43888e-18,  1.75952e-76,  0.000385631])
40388   , -8338.23    , array([ 0.00364709 ,  0.00110881 ,  6.43888e-18,  1.75952e-76,  0.000385631])
40389   , -8337.61    , array([ 0.00364709 ,  0.0011077  ,  6.44532e-18,  1.75952e-76,  0.000385631])
40390   , -8337.61    , array([ 0.00364709 ,  0.0011077  ,  6.43888e-18,  1.76128e-76,  0.000385631])
40391   , -8346.69    , array([ 0.00364709 ,  0.0011077  ,  6.43888e-18,  1.75952e-76,  0.000386017])
40392   , -8248.55    , array([ 0.00502726 ,  0.00151659 ,  6.43888e-18,  1.75952e-76,  0.000527826])
40393   , -8248.55    , array([ 0.00502726 ,  0.00151659 ,  6.43888e-18,  1.75952e-76,  0.000527826])
40394   , -8238.94    , array([ 0.00503229 ,  0.00151659 ,  6.43888e-18,  1.75952e-76,  0.000527826])
40395   , -8249.16    , array([ 0.00502726 ,  0.00151811 ,  6.43888e-18,  1.75952e-76,  0.000527826])
40396   , -8248.55    , array([ 0.00502726 ,  0.00151659 ,  6.44532e-18,  1.75952e-76,  0.000527826])
40397   , -8248.55    , array([ 0.00502726 ,  0.00151659 ,  6.43888e-18,  1.76128e-76,  0.000527826])
40398   , -8257.51    , array([ 0.00502726 ,  0.00151659 ,  6.43888e-18,  1.75952e-76,  0.000528354])
40399   , -7795.9     , array([ 0.0181498  ,  0.00532918 ,  6.43888e-18,  1.75952e-76,  0.00185253 ])
40400   , -7795.9     , array([ 0.0181498  ,  0.00532918 ,  6.43888e-18,  1.75952e-76,  0.00185253 ])
40401   , -7786.74    , array([ 0.0181679  ,  0.00532918 ,  6.43888e-18,  1.75952e-76,  0.00185253 ])
40402   , -7796.5     , array([ 0.0181498  ,  0.00533451 ,  6.43888e-18,  1.75952e-76,  0.00185253 ])
40403   , -7795.9     , array([ 0.0181498  ,  0.00532918 ,  6.44532e-18,  1.75952e-76,  0.00185253 ])
40404   , -7795.9     , array([ 0.0181498  ,  0.00532918 ,  6.43888e-18,  1.76128e-76,  0.00185253 ])
40405   , -7804.24    , array([ 0.0181498  ,  0.00532918 ,  6.43888e-18,  1.75952e-76,  0.00185438 ])
40406   , -14178.1    , array([ 3.0834     ,  0.812502   ,  6.43888e-18,  1.75952e-76,  0.2811     ])
40407   , -14178.1    , array([ 3.0834     ,  0.812502   ,  6.43888e-18,  1.75952e-76,  0.2811     ])
40408   , -14177.7    , array([ 3.08648    ,  0.812502   ,  6.43888e-18,  1.75952e-76,  0.2811     ])
40409   , -14180.9    , array([ 3.0834     ,  0.813314   ,  6.43888e-18,  1.75952e-76,  0.2811     ])
40410   , -14178.1    , array([ 3.0834     ,  0.812502   ,  6.44532e-18,  1.75952e-76,  0.2811     ])
40411   , -14178.1    , array([ 3.0834     ,  0.812502   ,  6.43888e-18,  1.76128e-76,  0.2811     ])
40412   , -14190.2    , array([ 3.0834     ,  0.812502   ,  6.43888e-18,  1.75952e-76,  0.281382   ])
40413   , -6406.16    , array([ 0.113404   ,  0.0320367  ,  6.43888e-18,  1.75952e-76,  0.0111177  ])
40414   , -6406.16    , array([ 0.113404   ,  0.0320367  ,  6.43888e-18,  1.75952e-76,  0.0111177  ])
40415   , -6398.02    , array([ 0.113517   ,  0.0320367  ,  6.43888e-18,  1.75952e-76,  0.0111177  ])
40416   , -6406.9     , array([ 0.113404   ,  0.0320688  ,  6.43888e-18,  1.75952e-76,  0.0111177  ])
40417   , -6406.16    , array([ 0.113404   ,  0.0320367  ,  6.44532e-18,  1.75952e-76,  0.0111177  ])
40418   , -6406.16    , array([ 0.113404   ,  0.0320367  ,  6.43888e-18,  1.76128e-76,  0.0111177  ])
40419   , -6412.59    , array([ 0.113404   ,  0.0320367  ,  6.43888e-18,  1.75952e-76,  0.0111288  ])
40420   , -4673.42    , array([ 0.553561   ,  0.151244   ,  6.43888e-18,  1.75952e-76,  0.052409   ])
40421   , -4673.42    , array([ 0.553561   ,  0.151244   ,  6.43888e-18,  1.75952e-76,  0.052409   ])
40422   , -4667.57    , array([ 0.554115   ,  0.151244   ,  6.43888e-18,  1.75952e-76,  0.052409   ])
40423   , -4674.63    , array([ 0.553561   ,  0.151395   ,  6.43888e-18,  1.75952e-76,  0.052409   ])
40424   , -4673.42    , array([ 0.553561   ,  0.151244   ,  6.44532e-18,  1.75952e-76,  0.052409   ])
40425   , -4673.42    , array([ 0.553561   ,  0.151244   ,  6.43888e-18,  1.76128e-76,  0.052409   ])
40426   , -4678.11    , array([ 0.553561   ,  0.151244   ,  6.43888e-18,  1.75952e-76,  0.0524614  ])
40434   , -4673.42    , array([ 0.553546   ,  0.151239   ,  6.43888e-18,  1.75952e-76,  0.0524076  ])
40435   , -4673.42    , array([ 0.553546   ,  0.151239   ,  6.43888e-18,  1.75952e-76,  0.0524076  ])
40436   , -4667.57    , array([ 0.5541     ,  0.151239   ,  6.43888e-18,  1.75952e-76,  0.0524076  ])
40437   , -4674.63    , array([ 0.553546   ,  0.151391   ,  6.43888e-18,  1.75952e-76,  0.0524076  ])
40438   , -4673.42    , array([ 0.553546   ,  0.151239   ,  6.44532e-18,  1.75952e-76,  0.0524076  ])
40439   , -4673.42    , array([ 0.553546   ,  0.151239   ,  6.43888e-18,  1.76128e-76,  0.0524076  ])
40440   , -4678.11    , array([ 0.553546   ,  0.151239   ,  6.43888e-18,  1.75952e-76,  0.05246    ])
40441   , -4666.34    , array([ 0.513375   ,  0.139819   ,  6.43888e-18,  1.75952e-76,  0.0484898  ])
40442   , -4666.34    , array([ 0.513375   ,  0.139819   ,  6.43888e-18,  1.75952e-76,  0.0484898  ])
40443   , -4660.36    , array([ 0.513888   ,  0.139819   ,  6.43888e-18,  1.75952e-76,  0.0484898  ])
40444   , -4667.49    , array([ 0.513375   ,  0.139959   ,  6.43888e-18,  1.75952e-76,  0.0484898  ])
40445   , -4666.34    , array([ 0.513375   ,  0.139819   ,  6.44532e-18,  1.75952e-76,  0.0484898  ])
40446   , -4666.34    , array([ 0.513375   ,  0.139819   ,  6.43888e-18,  1.76128e-76,  0.0484898  ])
40447   , -4671       , array([ 0.513375   ,  0.139819   ,  6.43888e-18,  1.75952e-76,  0.0485383  ])
40448   , -4652.11    , array([ 0.513972   ,  0.139549   ,  6.43888e-18,  1.75952e-76,  0.0484364  ])
40449   , -4652.11    , array([ 0.513972   ,  0.139549   ,  6.43888e-18,  1.75952e-76,  0.0484364  ])
40450   , -4646.15    , array([ 0.514486   ,  0.139549   ,  6.43888e-18,  1.75952e-76,  0.0484364  ])
40451   , -4653.24    , array([ 0.513972   ,  0.139689   ,  6.43888e-18,  1.75952e-76,  0.0484364  ])
40452   , -4652.11    , array([ 0.513972   ,  0.139549   ,  6.44532e-18,  1.75952e-76,  0.0484364  ])
40453   , -4652.11    , array([ 0.513972   ,  0.139549   ,  6.43888e-18,  1.76128e-76,  0.0484364  ])
40454   , -4656.77    , array([ 0.513972   ,  0.139549   ,  6.43888e-18,  1.75952e-76,  0.0484848  ])
40455   , -4595.84    , array([ 0.516368   ,  0.138475   ,  6.43888e-18,  1.75952e-76,  0.0482233  ])
40456   , -4595.84    , array([ 0.516368   ,  0.138475   ,  6.43888e-18,  1.75952e-76,  0.0482233  ])
40457   , -4589.97    , array([ 0.516884   ,  0.138475   ,  6.43888e-18,  1.75952e-76,  0.0482233  ])
40458   , -4596.88    , array([ 0.516368   ,  0.138614   ,  6.43888e-18,  1.75952e-76,  0.0482233  ])
40459   , -4595.84    , array([ 0.516368   ,  0.138475   ,  6.44532e-18,  1.75952e-76,  0.0482233  ])
40460   , -4595.84    , array([ 0.516368   ,  0.138475   ,  6.43888e-18,  1.76128e-76,  0.0482233  ])
40461   , -4600.51    , array([ 0.516368   ,  0.138475   ,  6.43888e-18,  1.75952e-76,  0.0482716  ])
40462   , -4381.28    , array([ 0.526064   ,  0.134261   ,  6.43888e-18,  1.75952e-76,  0.0473804  ])
40463   , -4381.28    , array([ 0.526064   ,  0.134261   ,  6.43888e-18,  1.75952e-76,  0.0473804  ])
40464   , -4375.74    , array([ 0.52659    ,  0.134261   ,  6.43888e-18,  1.75952e-76,  0.0473804  ])
40465   , -4381.95    , array([ 0.526064   ,  0.134396   ,  6.43888e-18,  1.75952e-76,  0.0473804  ])
40466   , -4381.28    , array([ 0.526064   ,  0.134261   ,  6.44532e-18,  1.75952e-76,  0.0473804  ])
40467   , -4381.28    , array([ 0.526064   ,  0.134261   ,  6.43888e-18,  1.76128e-76,  0.0473804  ])
40468   , -4385.99    , array([ 0.526064   ,  0.134261   ,  6.43888e-18,  1.75952e-76,  0.0474278  ])
40469   , -3683.31    , array([ 0.566704   ,  0.11865    ,  6.43888e-18,  1.75952e-76,  0.0441536  ])
40470   , -3683.31    , array([ 0.566704   ,  0.11865    ,  6.43888e-18,  1.75952e-76,  0.0441536  ])
40471   , -3678.96    , array([ 0.567271   ,  0.11865    ,  6.43888e-18,  1.75952e-76,  0.0441536  ])
40472   , -3682.48    , array([ 0.566704   ,  0.118769   ,  6.43888e-18,  1.75952e-76,  0.0441536  ])
40473   , -3683.31    , array([ 0.566704   ,  0.11865    ,  6.44532e-18,  1.75952e-76,  0.0441536  ])
40474   , -3683.31    , array([ 0.566704   ,  0.11865    ,  6.43888e-18,  1.76128e-76,  0.0441536  ])
40475   , -3688.36    , array([ 0.566704   ,  0.11865    ,  6.43888e-18,  1.75952e-76,  0.0441978  ])
40476   , -2338.23    , array([ 0.697966   ,  0.0909523  ,  6.43888e-18,  1.75952e-76,  0.034142   ])
40477   , -2338.23    , array([ 0.697966   ,  0.0909523  ,  6.43888e-18,  1.75952e-76,  0.034142   ])
40478   , -2336.34    , array([ 0.698664   ,  0.0909523  ,  6.43888e-18,  1.75952e-76,  0.034142   ])
40479   , -2336.87    , array([ 0.697966   ,  0.0910433  ,  6.43888e-18,  1.75952e-76,  0.034142   ])
40480   , -2338.23    , array([ 0.697966   ,  0.0909523  ,  6.44532e-18,  1.75952e-76,  0.034142   ])
40481   , -2338.23    , array([ 0.697966   ,  0.0909523  ,  6.43888e-18,  1.76128e-76,  0.034142   ])
40482   , -2341.36    , array([ 0.697966   ,  0.0909523  ,  6.43888e-18,  1.75952e-76,  0.0341761  ])
40483   , -1858.38    , array([ 0.838523   ,  0.0804342  ,  6.43888e-18,  1.75952e-76,  0.0289022  ])
40484   , -1858.38    , array([ 0.838523   ,  0.0804342  ,  6.43888e-18,  1.75952e-76,  0.0289022  ])
40485   , -1857.51    , array([ 0.839362   ,  0.0804342  ,  6.43888e-18,  1.75952e-76,  0.0289022  ])
40486   , -1858.2     , array([ 0.838523   ,  0.0805146  ,  6.43888e-18,  1.75952e-76,  0.0289022  ])
40487   , -1858.38    , array([ 0.838523   ,  0.0804342  ,  6.44532e-18,  1.75952e-76,  0.0289022  ])
40488   , -1858.38    , array([ 0.838523   ,  0.0804342  ,  6.43888e-18,  1.76128e-76,  0.0289022  ])
40489   , -1859.35    , array([ 0.838523   ,  0.0804342  ,  6.43888e-18,  1.75952e-76,  0.0289311  ])
40490   , -1700.27    , array([ 0.993324   ,  0.0730273  ,  6.43888e-18,  1.75952e-76,  0.0258902  ])
40491   , -1700.27    , array([ 0.993324   ,  0.0730273  ,  6.43888e-18,  1.75952e-76,  0.0258902  ])
40492   , -1699.88    , array([ 0.994318   ,  0.0730273  ,  6.43888e-18,  1.75952e-76,  0.0258902  ])
40493   , -1700.48    , array([ 0.993324   ,  0.0731003  ,  6.43888e-18,  1.75952e-76,  0.0258902  ])
40494   , -1700.27    , array([ 0.993324   ,  0.0730273  ,  6.44532e-18,  1.75952e-76,  0.0258902  ])
40495   , -1700.27    , array([ 0.993324   ,  0.0730273  ,  6.43888e-18,  1.76128e-76,  0.0258902  ])
40496   , -1700.38    , array([ 0.993324   ,  0.0730273  ,  6.43888e-18,  1.75952e-76,  0.0259161  ])
40497   , -1649.36    , array([ 1.15543    ,  0.0687296  ,  6.43888e-18,  1.75952e-76,  0.024459   ])
40498   , -1649.36    , array([ 1.15543    ,  0.0687296  ,  6.43888e-18,  1.75952e-76,  0.024459   ])
40499   , -1649.19    , array([ 1.15658    ,  0.0687296  ,  6.43888e-18,  1.75952e-76,  0.024459   ])
40500   , -1649.48    , array([ 1.15543    ,  0.0687983  ,  6.43888e-18,  1.75952e-76,  0.024459   ])
40501   , -1649.36    , array([ 1.15543    ,  0.0687296  ,  6.44532e-18,  1.75952e-76,  0.024459   ])
40502   , -1649.36    , array([ 1.15543    ,  0.0687296  ,  6.43888e-18,  1.76128e-76,  0.024459   ])
40503   , -1649.34    , array([ 1.15543    ,  0.0687296  ,  6.43888e-18,  1.75952e-76,  0.0244834  ])
40504   , -1635.46    , array([ 1.30365    ,  0.0672162  ,  6.43888e-18,  1.75952e-76,  0.0240269  ])
40505   , -1635.46    , array([ 1.30365    ,  0.0672162  ,  6.43888e-18,  1.75952e-76,  0.0240269  ])
40506   , -1635.4     , array([ 1.30496    ,  0.0672162  ,  6.43888e-18,  1.75952e-76,  0.0240269  ])
40507   , -1635.48    , array([ 1.30365    ,  0.0672835  ,  6.43888e-18,  1.75952e-76,  0.0240269  ])
40508   , -1635.46    , array([ 1.30365    ,  0.0672162  ,  6.44532e-18,  1.75952e-76,  0.0240269  ])
40509   , -1635.46    , array([ 1.30365    ,  0.0672162  ,  6.43888e-18,  1.76128e-76,  0.0240269  ])
40510   , -1635.46    , array([ 1.30365    ,  0.0672162  ,  6.43888e-18,  1.75952e-76,  0.024051   ])
40511   , -1632.94    , array([ 1.39761    ,  0.0672082  ,  6.43888e-18,  1.75952e-76,  0.0240594  ])
40512   , -1632.94    , array([ 1.39761    ,  0.0672082  ,  6.43888e-18,  1.75952e-76,  0.0240594  ])
40513   , -1632.93    , array([ 1.39901    ,  0.0672082  ,  6.43888e-18,  1.75952e-76,  0.0240594  ])
40514   , -1632.94    , array([ 1.39761    ,  0.0672755  ,  6.43888e-18,  1.75952e-76,  0.0240594  ])
40515   , -1632.94    , array([ 1.39761    ,  0.0672082  ,  6.44532e-18,  1.75952e-76,  0.0240594  ])
40516   , -1632.94    , array([ 1.39761    ,  0.0672082  ,  6.43888e-18,  1.76128e-76,  0.0240594  ])
40517   , -1632.95    , array([ 1.39761    ,  0.0672082  ,  6.43888e-18,  1.75952e-76,  0.0240835  ])
40518   , -1632.63    , array([ 1.4313     ,  0.0674578  ,  6.43888e-18,  1.75952e-76,  0.0241549  ])
40519   , -1632.63    , array([ 1.4313     ,  0.0674578  ,  6.43888e-18,  1.75952e-76,  0.0241549  ])
40520   , -1632.63    , array([ 1.43273    ,  0.0674578  ,  6.43888e-18,  1.75952e-76,  0.0241549  ])
40521   , -1632.63    , array([ 1.4313     ,  0.0675253  ,  6.43888e-18,  1.75952e-76,  0.0241549  ])
40522   , -1632.63    , array([ 1.4313     ,  0.0674578  ,  6.44532e-18,  1.75952e-76,  0.0241549  ])
40523   , -1632.63    , array([ 1.4313     ,  0.0674578  ,  6.43888e-18,  1.76128e-76,  0.0241549  ])
40524   , -1632.63    , array([ 1.4313     ,  0.0674578  ,  6.43888e-18,  1.75952e-76,  0.0241791  ])
40525   , -1632.57    , array([ 1.43634    ,  0.0675752  ,  6.43888e-18,  1.75952e-76,  0.0241982  ])
40526   , -1632.57    , array([ 1.43634    ,  0.0675752  ,  6.43888e-18,  1.75952e-76,  0.0241982  ])
40527   , -1632.57    , array([ 1.43777    ,  0.0675752  ,  6.43888e-18,  1.75952e-76,  0.0241982  ])
40528   , -1632.57    , array([ 1.43634    ,  0.0676428  ,  6.43888e-18,  1.75952e-76,  0.0241982  ])
40529   , -1632.57    , array([ 1.43634    ,  0.0675752  ,  6.44532e-18,  1.75952e-76,  0.0241982  ])
40530   , -1632.57    , array([ 1.43634    ,  0.0675752  ,  6.43888e-18,  1.76128e-76,  0.0241982  ])
40531   , -1632.57    , array([ 1.43634    ,  0.0675752  ,  6.43888e-18,  1.75952e-76,  0.0242224  ])
40532   , -1632.54    , array([ 1.4369     ,  0.0676317  ,  6.43888e-18,  1.75952e-76,  0.0242192  ])
40533   , -1632.54    , array([ 1.4369     ,  0.0676317  ,  6.43888e-18,  1.75952e-76,  0.0242192  ])
40534   , -1632.54    , array([ 1.43834    ,  0.0676317  ,  6.43888e-18,  1.75952e-76,  0.0242192  ])
40535   , -1632.54    , array([ 1.4369     ,  0.0676994  ,  6.43888e-18,  1.75952e-76,  0.0242192  ])
40536   , -1632.54    , array([ 1.4369     ,  0.0676317  ,  6.44532e-18,  1.75952e-76,  0.0242192  ])
40537   , -1632.54    , array([ 1.4369     ,  0.0676317  ,  6.43888e-18,  1.76128e-76,  0.0242192  ])
40538   , -1632.54    , array([ 1.4369     ,  0.0676317  ,  6.43888e-18,  1.75952e-76,  0.0242434  ])
40539   , -1632.54    , array([ 1.43662    ,  0.0676508  ,  6.43888e-18,  1.75952e-76,  0.0242263  ])
40540   , -1632.54    , array([ 1.43662    ,  0.0676508  ,  6.43888e-18,  1.75952e-76,  0.0242263  ])
40541   , -1632.54    , array([ 1.43806    ,  0.0676508  ,  6.43888e-18,  1.75952e-76,  0.0242263  ])
40542   , -1632.54    , array([ 1.43662    ,  0.0677185  ,  6.43888e-18,  1.75952e-76,  0.0242263  ])
40543   , -1632.54    , array([ 1.43662    ,  0.0676508  ,  6.44532e-18,  1.75952e-76,  0.0242263  ])
40544   , -1632.54    , array([ 1.43662    ,  0.0676508  ,  6.43888e-18,  1.76128e-76,  0.0242263  ])
40545   , -1632.54    , array([ 1.43662    ,  0.0676508  ,  6.43888e-18,  1.75952e-76,  0.0242506  ])
40546   , -1632.54    , array([ 1.43652    ,  0.0676509  ,  6.43888e-18,  1.75952e-76,  0.0242264  ])
40547   , -1632.54    , array([ 1.43652    ,  0.0676509  ,  6.43888e-18,  1.75952e-76,  0.0242264  ])
40548   , -1632.54    , array([ 1.43796    ,  0.0676509  ,  6.43888e-18,  1.75952e-76,  0.0242264  ])
40549   , -1632.54    , array([ 1.43652    ,  0.0677186  ,  6.43888e-18,  1.75952e-76,  0.0242264  ])
40550   , -1632.54    , array([ 1.43652    ,  0.0676509  ,  6.44532e-18,  1.75952e-76,  0.0242264  ])
40551   , -1632.54    , array([ 1.43652    ,  0.0676509  ,  6.43888e-18,  1.76128e-76,  0.0242264  ])
40552   , -1632.54    , array([ 1.43652    ,  0.0676509  ,  6.43888e-18,  1.75952e-76,  0.0242507  ])
40553   , -1632.54    , array([ 1.43651    ,  0.0676507  ,  6.43888e-18,  1.75952e-76,  0.0242263  ])
40554   , -1632.54    , array([ 1.43651    ,  0.0676507  ,  6.43888e-18,  1.75952e-76,  0.0242263  ])
40555   , -1632.54    , array([ 1.43795    ,  0.0676507  ,  6.43888e-18,  1.75952e-76,  0.0242263  ])
40556   , -1632.54    , array([ 1.43651    ,  0.0677184  ,  6.43888e-18,  1.75952e-76,  0.0242263  ])
40557   , -1632.54    , array([ 1.43651    ,  0.0676507  ,  6.44532e-18,  1.75952e-76,  0.0242263  ])
40558   , -1632.54    , array([ 1.43651    ,  0.0676507  ,  6.43888e-18,  1.76128e-76,  0.0242263  ])
40559   , -1632.54    , array([ 1.43651    ,  0.0676507  ,  6.43888e-18,  1.75952e-76,  0.0242506  ])
40560   , -1632.54    , array([ 1.43652    ,  0.0676509  ,  6.43888e-18,  1.75952e-76,  0.0242264  ])
40561   , -1632.54    , array([ 1.43652    ,  0.0676509  ,  6.43888e-18,  1.75952e-76,  0.0242264  ])
40562   , -1632.54    , array([ 1.43796    ,  0.0676509  ,  6.43888e-18,  1.75952e-76,  0.0242264  ])
40563   , -1632.54    , array([ 1.43652    ,  0.0677186  ,  6.43888e-18,  1.75952e-76,  0.0242264  ])
40564   , -1632.54    , array([ 1.43652    ,  0.0676509  ,  6.44532e-18,  1.75952e-76,  0.0242264  ])
40565   , -1632.54    , array([ 1.43652    ,  0.0676509  ,  6.43888e-18,  1.76128e-76,  0.0242264  ])
40566   , -1632.54    , array([ 1.43652    ,  0.0676509  ,  6.43888e-18,  1.75952e-76,  0.0242507  ])
40567   , -1632.54    , array([ 1.43652    ,  0.0676509  ,  6.43888e-18,  1.75952e-76,  0.0242264  ])
40568   , -1632.54    , array([ 1.43652    ,  0.0676509  ,  6.43888e-18,  1.75952e-76,  0.0242264  ])
40569   , -1632.54    , array([ 1.43796    ,  0.0676509  ,  6.43888e-18,  1.75952e-76,  0.0242264  ])
40570   , -1632.54    , array([ 1.43652    ,  0.0677186  ,  6.43888e-18,  1.75952e-76,  0.0242264  ])
40571   , -1632.54    , array([ 1.43652    ,  0.0676509  ,  6.44532e-18,  1.75952e-76,  0.0242264  ])
40572   , -1632.54    , array([ 1.43652    ,  0.0676509  ,  6.43888e-18,  1.76128e-76,  0.0242264  ])
40573   , -1632.54    , array([ 1.43652    ,  0.0676509  ,  6.43888e-18,  1.75952e-76,  0.0242507  ])
40574   , -1632.54    , array([ 1.43652    ,  0.0676509  ,  6.43888e-18,  1.75952e-76,  0.0242264  ])
40575   , -1632.54    , array([ 1.43652    ,  0.0676509  ,  6.43888e-18,  1.75952e-76,  0.0242264  ])
40576   , -1632.54    , array([ 1.43796    ,  0.0676509  ,  6.43888e-18,  1.75952e-76,  0.0242264  ])
40577   , -1632.54    , array([ 1.43652    ,  0.0677186  ,  6.43888e-18,  1.75952e-76,  0.0242264  ])
40578   , -1632.54    , array([ 1.43652    ,  0.0676509  ,  6.44532e-18,  1.75952e-76,  0.0242264  ])
40579   , -1632.54    , array([ 1.43652    ,  0.0676509  ,  6.43888e-18,  1.76128e-76,  0.0242264  ])
40580   , -1632.54    , array([ 1.43652    ,  0.0676509  ,  6.43888e-18,  1.75952e-76,  0.0242507  ])
40581   , -1632.54    , array([ 1.43652    ,  0.0676509  ,  6.43888e-18,  1.75952e-76,  0.0242264  ])
40582   , -1632.54    , array([ 1.43652    ,  0.0676509  ,  6.43888e-18,  1.75952e-76,  0.0242264  ])
40583   , -1632.54    , array([ 1.43796    ,  0.0676509  ,  6.43888e-18,  1.75952e-76,  0.0242264  ])
40584   , -1632.54    , array([ 1.43652    ,  0.0677186  ,  6.43888e-18,  1.75952e-76,  0.0242264  ])
40585   , -1632.54    , array([ 1.43652    ,  0.0676509  ,  6.44532e-18,  1.75952e-76,  0.0242264  ])
40586   , -1632.54    , array([ 1.43652    ,  0.0676509  ,  6.43888e-18,  1.76128e-76,  0.0242264  ])
40587   , -1632.54    , array([ 1.43652    ,  0.0676509  ,  6.43888e-18,  1.75952e-76,  0.0242507  ])
40588   , -1632.54    , array([ 1.43652    ,  0.0676509  ,  6.43888e-18,  1.75952e-76,  0.0242264  ])
40589   , -1632.54    , array([ 1.43652    ,  0.0676509  ,  6.43888e-18,  1.75952e-76,  0.0242264  ])
40590   , -1632.54    , array([ 1.43796    ,  0.0676509  ,  6.43888e-18,  1.75952e-76,  0.0242264  ])
40591   , -1632.54    , array([ 1.43652    ,  0.0677186  ,  6.43888e-18,  1.75952e-76,  0.0242264  ])
40592   , -1632.54    , array([ 1.43652    ,  0.0676509  ,  6.44532e-18,  1.75952e-76,  0.0242264  ])
40593   , -1632.54    , array([ 1.43652    ,  0.0676509  ,  6.43888e-18,  1.76128e-76,  0.0242264  ])
40594   , -1632.54    , array([ 1.43652    ,  0.0676509  ,  6.43888e-18,  1.75952e-76,  0.0242507  ])
40595   , -1632.54    , array([ 1.43652    ,  0.0676509  ,  6.43888e-18,  1.75952e-76,  0.0242264  ])
40596   , -1632.54    , array([ 1.43652    ,  0.0676509  ,  6.43888e-18,  1.75952e-76,  0.0242264  ])
40597   , -1632.54    , array([ 1.43796    ,  0.0676509  ,  6.43888e-18,  1.75952e-76,  0.0242264  ])
40598   , -1632.54    , array([ 1.43652    ,  0.0677186  ,  6.43888e-18,  1.75952e-76,  0.0242264  ])
40599   , -1632.54    , array([ 1.43652    ,  0.0676509  ,  6.44532e-18,  1.75952e-76,  0.0242264  ])
40600   , -1632.54    , array([ 1.43652    ,  0.0676509  ,  6.43888e-18,  1.76128e-76,  0.0242264  ])
40601   , -1632.54    , array([ 1.43652    ,  0.0676509  ,  6.43888e-18,  1.75952e-76,  0.0242507  ])
40602   , -1632.54    , array([ 1.43652    ,  0.0676509  ,  6.43888e-18,  1.75952e-76,  0.0242264  ])
40603   , -1632.54    , array([ 1.43652    ,  0.0676509  ,  6.43888e-18,  1.75952e-76,  0.0242264  ])
40604   , -1632.54    , array([ 1.43796    ,  0.0676509  ,  6.43888e-18,  1.75952e-76,  0.0242264  ])
40605   , -1632.54    , array([ 1.43652    ,  0.0677186  ,  6.43888e-18,  1.75952e-76,  0.0242264  ])
40606   , -1632.54    , array([ 1.43652    ,  0.0676509  ,  6.44532e-18,  1.75952e-76,  0.0242264  ])
40607   , -1632.54    , array([ 1.43652    ,  0.0676509  ,  6.43888e-18,  1.76128e-76,  0.0242264  ])
40608   , -1632.54    , array([ 1.43652    ,  0.0676509  ,  6.43888e-18,  1.75952e-76,  0.0242507  ])
40609   , -1632.54    , array([ 1.43652    ,  0.0676509  ,  6.43888e-18,  1.75952e-76,  0.0242264  ])
40610   , -1632.54    , array([ 1.43652    ,  0.0676509  ,  6.43888e-18,  1.75952e-76,  0.0242264  ])
40611   , -1632.54    , array([ 1.43796    ,  0.0676509  ,  6.43888e-18,  1.75952e-76,  0.0242264  ])
40612   , -1632.54    , array([ 1.43652    ,  0.0677186  ,  6.43888e-18,  1.75952e-76,  0.0242264  ])
40613   , -1632.54    , array([ 1.43652    ,  0.0676509  ,  6.44532e-18,  1.75952e-76,  0.0242264  ])
40614   , -1632.54    , array([ 1.43652    ,  0.0676509  ,  6.43888e-18,  1.76128e-76,  0.0242264  ])
40615   , -1632.54    , array([ 1.43652    ,  0.0676509  ,  6.43888e-18,  1.75952e-76,  0.0242507  ])
40616   , -1632.54    , array([ 1.43652    ,  0.0676509  ,  6.43888e-18,  1.75952e-76,  0.0242264  ])
40617   , -1632.54    , array([ 1.43652    ,  0.0676509  ,  6.43888e-18,  1.75952e-76,  0.0242264  ])
40618   , -1632.54    , array([ 1.43796    ,  0.0676509  ,  6.43888e-18,  1.75952e-76,  0.0242264  ])
40619   , -1632.54    , array([ 1.43652    ,  0.0677186  ,  6.43888e-18,  1.75952e-76,  0.0242264  ])
40620   , -1632.54    , array([ 1.43652    ,  0.0676509  ,  6.44532e-18,  1.75952e-76,  0.0242264  ])
40621   , -1632.54    , array([ 1.43652    ,  0.0676509  ,  6.43888e-18,  1.76128e-76,  0.0242264  ])
40622   , -1632.54    , array([ 1.43652    ,  0.0676509  ,  6.43888e-18,  1.75952e-76,  0.0242507  ])
40623   , -1632.54    , array([ 1.43652    ,  0.0676509  ,  6.43888e-18,  1.75952e-76,  0.0242264  ])
40624   , -1632.54    , array([ 1.43652    ,  0.0676509  ,  6.43888e-18,  1.75952e-76,  0.0242264  ])
40625   , -1632.54    , array([ 1.43796    ,  0.0676509  ,  6.43888e-18,  1.75952e-76,  0.0242264  ])
40626   , -1632.54    , array([ 1.43652    ,  0.0677186  ,  6.43888e-18,  1.75952e-76,  0.0242264  ])
40627   , -1632.54    , array([ 1.43652    ,  0.0676509  ,  6.44532e-18,  1.75952e-76,  0.0242264  ])
40628   , -1632.54    , array([ 1.43652    ,  0.0676509  ,  6.43888e-18,  1.76128e-76,  0.0242264  ])
40629   , -1632.54    , array([ 1.43652    ,  0.0676509  ,  6.43888e-18,  1.75952e-76,  0.0242507  ])
40630   , -1632.54    , array([ 1.43652    ,  0.0676509  ,  6.43888e-18,  1.75952e-76,  0.0242264  ])
40631   , -1632.54    , array([ 1.43652    ,  0.0676509  ,  6.43888e-18,  1.75952e-76,  0.0242264  ])
40632   , -1632.54    , array([ 1.43796    ,  0.0676509  ,  6.43888e-18,  1.75952e-76,  0.0242264  ])
40633   , -1632.54    , array([ 1.43652    ,  0.0677186  ,  6.43888e-18,  1.75952e-76,  0.0242264  ])
40634   , -1632.54    , array([ 1.43652    ,  0.0676509  ,  6.44532e-18,  1.75952e-76,  0.0242264  ])
40635   , -1632.54    , array([ 1.43652    ,  0.0676509  ,  6.43888e-18,  1.76128e-76,  0.0242264  ])
40636   , -1632.54    , array([ 1.43652    ,  0.0676509  ,  6.43888e-18,  1.75952e-76,  0.0242507  ])
40637   , -1632.54    , array([ 1.43652    ,  0.0676509  ,  6.43888e-18,  1.75952e-76,  0.0242264  ])
40638   , -1632.54    , array([ 1.43652    ,  0.0676509  ,  6.43888e-18,  1.75952e-76,  0.0242264  ])
40639   , -1632.54    , array([ 1.43796    ,  0.0676509  ,  6.43888e-18,  1.75952e-76,  0.0242264  ])
40640   , -1632.54    , array([ 1.43652    ,  0.0677186  ,  6.43888e-18,  1.75952e-76,  0.0242264  ])
40641   , -1632.54    , array([ 1.43652    ,  0.0676509  ,  6.44532e-18,  1.75952e-76,  0.0242264  ])
40642   , -1632.54    , array([ 1.43652    ,  0.0676509  ,  6.43888e-18,  1.76128e-76,  0.0242264  ])
40643   , -1632.54    , array([ 1.43652    ,  0.0676509  ,  6.43888e-18,  1.75952e-76,  0.0242507  ])
40644   , -1632.54    , array([ 1.43652    ,  0.0676509  ,  6.43888e-18,  1.75952e-76,  0.0242264  ])
40645   , -1632.54    , array([ 1.43652    ,  0.0676509  ,  6.43888e-18,  1.75952e-76,  0.0242264  ])
40646   , -1632.54    , array([ 1.43796    ,  0.0676509  ,  6.43888e-18,  1.75952e-76,  0.0242264  ])
40647   , -1632.54    , array([ 1.43652    ,  0.0677186  ,  6.43888e-18,  1.75952e-76,  0.0242264  ])
40648   , -1632.54    , array([ 1.43652    ,  0.0676509  ,  6.44532e-18,  1.75952e-76,  0.0242264  ])
40649   , -1632.54    , array([ 1.43652    ,  0.0676509  ,  6.43888e-18,  1.76128e-76,  0.0242264  ])
40650   , -1632.54    , array([ 1.43652    ,  0.0676509  ,  6.43888e-18,  1.75952e-76,  0.0242507  ])
40651   , -1632.54    , array([ 1.43652    ,  0.0676509  ,  6.43888e-18,  1.75952e-76,  0.0242264  ])
40652   , -1632.54    , array([ 1.43652    ,  0.0676509  ,  6.43888e-18,  1.75952e-76,  0.0242264  ])
40653   , -1632.54    , array([ 1.43796    ,  0.0676509  ,  6.43888e-18,  1.75952e-76,  0.0242264  ])
40654   , -1632.54    , array([ 1.43652    ,  0.0677186  ,  6.43888e-18,  1.75952e-76,  0.0242264  ])
40655   , -1632.54    , array([ 1.43652    ,  0.0676509  ,  6.44532e-18,  1.75952e-76,  0.0242264  ])
40656   , -1632.54    , array([ 1.43652    ,  0.0676509  ,  6.43888e-18,  1.76128e-76,  0.0242264  ])
40657   , -1632.54    , array([ 1.43652    ,  0.0676509  ,  6.43888e-18,  1.75952e-76,  0.0242507  ])
40658   , -1632.54    , array([ 1.43652    ,  0.0676509  ,  6.43888e-18,  1.75952e-76,  0.0242264  ])
40659   , -1632.54    , array([ 1.43652    ,  0.0676509  ,  6.43888e-18,  1.75952e-76,  0.0242264  ])
40660   , -1632.54    , array([ 1.43796    ,  0.0676509  ,  6.43888e-18,  1.75952e-76,  0.0242264  ])
40661   , -1632.54    , array([ 1.43652    ,  0.0677186  ,  6.43888e-18,  1.75952e-76,  0.0242264  ])
40662   , -1632.54    , array([ 1.43652    ,  0.0676509  ,  6.44532e-18,  1.75952e-76,  0.0242264  ])
40663   , -1632.54    , array([ 1.43652    ,  0.0676509  ,  6.43888e-18,  1.76128e-76,  0.0242264  ])
40664   , -1632.54    , array([ 1.43652    ,  0.0676509  ,  6.43888e-18,  1.75952e-76,  0.0242507  ])
40665   , -1632.54    , array([ 1.43652    ,  0.0676509  ,  6.43888e-18,  1.75952e-76,  0.0242264  ])
40666   , -1632.54    , array([ 1.43652    ,  0.0676509  ,  6.43888e-18,  1.75952e-76,  0.0242264  ])
40667   , -1632.54    , array([ 1.43796    ,  0.0676509  ,  6.43888e-18,  1.75952e-76,  0.0242264  ])
40668   , -1632.54    , array([ 1.43652    ,  0.0677186  ,  6.43888e-18,  1.75952e-76,  0.0242264  ])
40669   , -1632.54    , array([ 1.43652    ,  0.0676509  ,  6.44532e-18,  1.75952e-76,  0.0242264  ])
40670   , -1632.54    , array([ 1.43652    ,  0.0676509  ,  6.43888e-18,  1.76128e-76,  0.0242264  ])
40671   , -1632.54    , array([ 1.43652    ,  0.0676509  ,  6.43888e-18,  1.75952e-76,  0.0242507  ])
40672   , -1632.54    , array([ 1.43652    ,  0.0676509  ,  6.43888e-18,  1.75952e-76,  0.0242264  ])
40673   , -1632.54    , array([ 1.43652    ,  0.0676509  ,  6.43888e-18,  1.75952e-76,  0.0242264  ])
40674   , -1632.54    , array([ 1.43796    ,  0.0676509  ,  6.43888e-18,  1.75952e-76,  0.0242264  ])
40675   , -1632.54    , array([ 1.43652    ,  0.0677186  ,  6.43888e-18,  1.75952e-76,  0.0242264  ])
40676   , -1632.54    , array([ 1.43652    ,  0.0676509  ,  6.44532e-18,  1.75952e-76,  0.0242264  ])
40677   , -1632.54    , array([ 1.43652    ,  0.0676509  ,  6.43888e-18,  1.76128e-76,  0.0242264  ])
40678   , -1632.54    , array([ 1.43652    ,  0.0676509  ,  6.43888e-18,  1.75952e-76,  0.0242507  ])
40679   , -1632.54    , array([ 1.43652    ,  0.0676509  ,  6.43888e-18,  1.75952e-76,  0.0242264  ])
40680   , -1632.54    , array([ 1.43652    ,  0.0676509  ,  6.43888e-18,  1.75952e-76,  0.0242264  ])
40681   , -1632.54    , array([ 1.43796    ,  0.0676509  ,  6.43888e-18,  1.75952e-76,  0.0242264  ])
40682   , -1632.54    , array([ 1.43652    ,  0.0677186  ,  6.43888e-18,  1.75952e-76,  0.0242264  ])
40683   , -1632.54    , array([ 1.43652    ,  0.0676509  ,  6.44532e-18,  1.75952e-76,  0.0242264  ])
40684   , -1632.54    , array([ 1.43652    ,  0.0676509  ,  6.43888e-18,  1.76128e-76,  0.0242264  ])
40685   , -1632.54    , array([ 1.43652    ,  0.0676509  ,  6.43888e-18,  1.75952e-76,  0.0242507  ])
40686   , -1632.54    , array([ 1.43652    ,  0.0676509  ,  6.43888e-18,  1.75952e-76,  0.0242264  ])
40687   , -1632.54    , array([ 1.43652    ,  0.0676509  ,  6.43888e-18,  1.75952e-76,  0.0242264  ])
40688   , -1632.54    , array([ 1.43796    ,  0.0676509  ,  6.43888e-18,  1.75952e-76,  0.0242264  ])
40689   , -1632.54    , array([ 1.43652    ,  0.0677186  ,  6.43888e-18,  1.75952e-76,  0.0242264  ])
40690   , -1632.54    , array([ 1.43652    ,  0.0676509  ,  6.44532e-18,  1.75952e-76,  0.0242264  ])
40691   , -1632.54    , array([ 1.43652    ,  0.0676509  ,  6.43888e-18,  1.76128e-76,  0.0242264  ])
40692   , -1632.54    , array([ 1.43652    ,  0.0676509  ,  6.43888e-18,  1.75952e-76,  0.0242507  ])
40693   , -1632.54    , array([ 1.43652    ,  0.0676509  ,  6.43888e-18,  1.75952e-76,  0.0242264  ])
40694   , -1632.54    , array([ 1.43652    ,  0.0676509  ,  6.43888e-18,  1.75952e-76,  0.0242264  ])
40695   , -1632.54    , array([ 1.43796    ,  0.0676509  ,  6.43888e-18,  1.75952e-76,  0.0242264  ])
40696   , -1632.54    , array([ 1.43652    ,  0.0677186  ,  6.43888e-18,  1.75952e-76,  0.0242264  ])
40697   , -1632.54    , array([ 1.43652    ,  0.0676509  ,  6.44532e-18,  1.75952e-76,  0.0242264  ])
40698   , -1632.54    , array([ 1.43652    ,  0.0676509  ,  6.43888e-18,  1.76128e-76,  0.0242264  ])
40699   , -1632.54    , array([ 1.43652    ,  0.0676509  ,  6.43888e-18,  1.75952e-76,  0.0242507  ])
40700   , -1632.54    , array([ 1.43652    ,  0.0676509  ,  6.43888e-18,  1.75952e-76,  0.0242264  ])
40701   , -1632.54    , array([ 1.43652    ,  0.0676509  ,  6.43888e-18,  1.75952e-76,  0.0242264  ])
40702   , -1632.54    , array([ 1.43796    ,  0.0676509  ,  6.43888e-18,  1.75952e-76,  0.0242264  ])
40703   , -1632.54    , array([ 1.43652    ,  0.0677186  ,  6.43888e-18,  1.75952e-76,  0.0242264  ])
40704   , -1632.54    , array([ 1.43652    ,  0.0676509  ,  6.44532e-18,  1.75952e-76,  0.0242264  ])
40705   , -1632.54    , array([ 1.43652    ,  0.0676509  ,  6.43888e-18,  1.76128e-76,  0.0242264  ])
40706   , -1632.54    , array([ 1.43652    ,  0.0676509  ,  6.43888e-18,  1.75952e-76,  0.0242507  ])
40707   , -1632.54    , array([ 1.43652    ,  0.0676509  ,  6.43888e-18,  1.75952e-76,  0.0242264  ])
40708   , -1632.54    , array([ 1.43652    ,  0.0676509  ,  6.43888e-18,  1.75952e-76,  0.0242264  ])
40709   , -1632.54    , array([ 1.43796    ,  0.0676509  ,  6.43888e-18,  1.75952e-76,  0.0242264  ])
40710   , -1632.54    , array([ 1.43652    ,  0.0677186  ,  6.43888e-18,  1.75952e-76,  0.0242264  ])
40711   , -1632.54    , array([ 1.43652    ,  0.0676509  ,  6.44532e-18,  1.75952e-76,  0.0242264  ])
40712   , -1632.54    , array([ 1.43652    ,  0.0676509  ,  6.43888e-18,  1.76128e-76,  0.0242264  ])
40713   , -1632.54    , array([ 1.43652    ,  0.0676509  ,  6.43888e-18,  1.75952e-76,  0.0242507  ])
40714   , -1632.54    , array([ 1.43652    ,  0.0676509  ,  6.43888e-18,  1.75952e-76,  0.0242264  ])
40715   , -1632.54    , array([ 1.43652    ,  0.0676509  ,  6.43888e-18,  1.75952e-76,  0.0242264  ])
40716   , -1632.54    , array([ 1.43796    ,  0.0676509  ,  6.43888e-18,  1.75952e-76,  0.0242264  ])
40717   , -1632.54    , array([ 1.43652    ,  0.0677186  ,  6.43888e-18,  1.75952e-76,  0.0242264  ])
40718   , -1632.54    , array([ 1.43652    ,  0.0676509  ,  6.44532e-18,  1.75952e-76,  0.0242264  ])
40719   , -1632.54    , array([ 1.43652    ,  0.0676509  ,  6.43888e-18,  1.76128e-76,  0.0242264  ])
40720   , -1632.54    , array([ 1.43652    ,  0.0676509  ,  6.43888e-18,  1.75952e-76,  0.0242507  ])
40721   , -1632.54    , array([ 1.43652    ,  0.0676509  ,  6.43888e-18,  1.75952e-76,  0.0242264  ])
40722   , -1632.54    , array([ 1.43652    ,  0.0676509  ,  6.43888e-18,  1.75952e-76,  0.0242264  ])
40723   , -1632.54    , array([ 1.43796    ,  0.0676509  ,  6.43888e-18,  1.75952e-76,  0.0242264  ])
40724   , -1632.54    , array([ 1.43652    ,  0.0677186  ,  6.43888e-18,  1.75952e-76,  0.0242264  ])
40725   , -1632.54    , array([ 1.43652    ,  0.0676509  ,  6.44532e-18,  1.75952e-76,  0.0242264  ])
40726   , -1632.54    , array([ 1.43652    ,  0.0676509  ,  6.43888e-18,  1.76128e-76,  0.0242264  ])
40727   , -1632.54    , array([ 1.43652    ,  0.0676509  ,  6.43888e-18,  1.75952e-76,  0.0242507  ])
40728   , -1632.54    , array([ 1.43652    ,  0.0676509  ,  6.43888e-18,  1.75952e-76,  0.0242264  ])
40729   , -1632.54    , array([ 1.43652    ,  0.0676509  ,  6.43888e-18,  1.75952e-76,  0.0242264  ])
40730   , -1632.54    , array([ 1.43796    ,  0.0676509  ,  6.43888e-18,  1.75952e-76,  0.0242264  ])
40731   , -1632.54    , array([ 1.43652    ,  0.0677186  ,  6.43888e-18,  1.75952e-76,  0.0242264  ])
40732   , -1632.54    , array([ 1.43652    ,  0.0676509  ,  6.44532e-18,  1.75952e-76,  0.0242264  ])
40733   , -1632.54    , array([ 1.43652    ,  0.0676509  ,  6.43888e-18,  1.76128e-76,  0.0242264  ])
40734   , -1632.54    , array([ 1.43652    ,  0.0676509  ,  6.43888e-18,  1.75952e-76,  0.0242507  ])
40735   , -1632.54    , array([ 1.43652    ,  0.0676509  ,  6.43888e-18,  1.75952e-76,  0.0242264  ])
40736   , -1632.54    , array([ 1.43652    ,  0.0676509  ,  6.43888e-18,  1.75952e-76,  0.0242264  ])
40737   , -1632.54    , array([ 1.43796    ,  0.0676509  ,  6.43888e-18,  1.75952e-76,  0.0242264  ])
40738   , -1632.54    , array([ 1.43652    ,  0.0677186  ,  6.43888e-18,  1.75952e-76,  0.0242264  ])
40739   , -1632.54    , array([ 1.43652    ,  0.0676509  ,  6.44532e-18,  1.75952e-76,  0.0242264  ])
40740   , -1632.54    , array([ 1.43652    ,  0.0676509  ,  6.43888e-18,  1.76128e-76,  0.0242264  ])
40741   , -1632.54    , array([ 1.43652    ,  0.0676509  ,  6.43888e-18,  1.75952e-76,  0.0242507  ])
40742   , -1632.54    , array([ 1.43652    ,  0.0676509  ,  6.43888e-18,  1.75952e-76,  0.0242264  ])
40743   , -1632.54    , array([ 1.43652    ,  0.0676509  ,  6.43888e-18,  1.75952e-76,  0.0242264  ])
40744   , -1632.54    , array([ 1.43796    ,  0.0676509  ,  6.43888e-18,  1.75952e-76,  0.0242264  ])
40745   , -1632.54    , array([ 1.43652    ,  0.0677186  ,  6.43888e-18,  1.75952e-76,  0.0242264  ])
40746   , -1632.54    , array([ 1.43652    ,  0.0676509  ,  6.44532e-18,  1.75952e-76,  0.0242264  ])
40747   , -1632.54    , array([ 1.43652    ,  0.0676509  ,  6.43888e-18,  1.76128e-76,  0.0242264  ])
40748   , -1632.54    , array([ 1.43652    ,  0.0676509  ,  6.43888e-18,  1.75952e-76,  0.0242507  ])
40749   , -1632.54    , array([ 1.43652    ,  0.0676509  ,  6.43888e-18,  1.75952e-76,  0.0242264  ])
40750   , -1632.54    , array([ 1.43652    ,  0.0676509  ,  6.43888e-18,  1.75952e-76,  0.0242264  ])
40751   , -1632.54    , array([ 1.43796    ,  0.0676509  ,  6.43888e-18,  1.75952e-76,  0.0242264  ])
40752   , -1632.54    , array([ 1.43652    ,  0.0677186  ,  6.43888e-18,  1.75952e-76,  0.0242264  ])
40753   , -1632.54    , array([ 1.43652    ,  0.0676509  ,  6.44532e-18,  1.75952e-76,  0.0242264  ])
40754   , -1632.54    , array([ 1.43652    ,  0.0676509  ,  6.43888e-18,  1.76128e-76,  0.0242264  ])
40755   , -1632.54    , array([ 1.43652    ,  0.0676509  ,  6.43888e-18,  1.75952e-76,  0.0242507  ])
40756   , -1632.54    , array([ 1.43652    ,  0.0676509  ,  6.43888e-18,  1.75952e-76,  0.0242264  ])
40757   , -1632.54    , array([ 1.43652    ,  0.0676509  ,  6.43888e-18,  1.75952e-76,  0.0242264  ])
40758   , -1632.54    , array([ 1.43796    ,  0.0676509  ,  6.43888e-18,  1.75952e-76,  0.0242264  ])
40759   , -1632.54    , array([ 1.43652    ,  0.0677186  ,  6.43888e-18,  1.75952e-76,  0.0242264  ])
40760   , -1632.54    , array([ 1.43652    ,  0.0676509  ,  6.44532e-18,  1.75952e-76,  0.0242264  ])
40761   , -1632.54    , array([ 1.43652    ,  0.0676509  ,  6.43888e-18,  1.76128e-76,  0.0242264  ])
40762   , -1632.54    , array([ 1.43652    ,  0.0676509  ,  6.43888e-18,  1.75952e-76,  0.0242507  ])
40763   , -1632.54    , array([ 1.43652    ,  0.0676509  ,  6.43888e-18,  1.75952e-76,  0.0242264  ])
40764   , -1632.54    , array([ 1.43652    ,  0.0676509  ,  6.43888e-18,  1.75952e-76,  0.0242264  ])
40765   , -1632.54    , array([ 1.43796    ,  0.0676509  ,  6.43888e-18,  1.75952e-76,  0.0242264  ])
40766   , -1632.54    , array([ 1.43652    ,  0.0677186  ,  6.43888e-18,  1.75952e-76,  0.0242264  ])
40767   , -1632.54    , array([ 1.43652    ,  0.0676509  ,  6.44532e-18,  1.75952e-76,  0.0242264  ])
40768   , -1632.54    , array([ 1.43652    ,  0.0676509  ,  6.43888e-18,  1.76128e-76,  0.0242264  ])
40769   , -1632.54    , array([ 1.43652    ,  0.0676509  ,  6.43888e-18,  1.75952e-76,  0.0242507  ])
40770   , -1632.54    , array([ 1.43652    ,  0.0676509  ,  6.43888e-18,  1.75952e-76,  0.0242264  ])
40771   , -1632.54    , array([ 1.43652    ,  0.0676509  ,  6.43888e-18,  1.75952e-76,  0.0242264  ])
40772   , -1632.54    , array([ 1.43796    ,  0.0676509  ,  6.43888e-18,  1.75952e-76,  0.0242264  ])
40773   , -1632.54    , array([ 1.43652    ,  0.0677186  ,  6.43888e-18,  1.75952e-76,  0.0242264  ])
40774   , -1632.54    , array([ 1.43652    ,  0.0676509  ,  6.44532e-18,  1.75952e-76,  0.0242264  ])
40775   , -1632.54    , array([ 1.43652    ,  0.0676509  ,  6.43888e-18,  1.76128e-76,  0.0242264  ])
40776   , -1632.54    , array([ 1.43652    ,  0.0676509  ,  6.43888e-18,  1.75952e-76,  0.0242507  ])
40777   , -1632.54    , array([ 1.43652    ,  0.0676509  ,  6.43888e-18,  1.75952e-76,  0.0242264  ])
40778   , -1632.54    , array([ 1.43652    ,  0.0676509  ,  6.43888e-18,  1.75952e-76,  0.0242264  ])
40779   , -1632.54    , array([ 1.43796    ,  0.0676509  ,  6.43888e-18,  1.75952e-76,  0.0242264  ])
40780   , -1632.54    , array([ 1.43652    ,  0.0677186  ,  6.43888e-18,  1.75952e-76,  0.0242264  ])
40781   , -1632.54    , array([ 1.43652    ,  0.0676509  ,  6.44532e-18,  1.75952e-76,  0.0242264  ])
40782   , -1632.54    , array([ 1.43652    ,  0.0676509  ,  6.43888e-18,  1.76128e-76,  0.0242264  ])
40783   , -1632.54    , array([ 1.43652    ,  0.0676509  ,  6.43888e-18,  1.75952e-76,  0.0242507  ])
40784   , -1632.54    , array([ 1.43652    ,  0.0676509  ,  6.43888e-18,  1.75952e-76,  0.0242264  ])
40785   , -1632.54    , array([ 1.43652    ,  0.0676509  ,  6.43888e-18,  1.75952e-76,  0.0242264  ])
40786   , -1632.54    , array([ 1.43796    ,  0.0676509  ,  6.43888e-18,  1.75952e-76,  0.0242264  ])
40787   , -1632.54    , array([ 1.43652    ,  0.0677186  ,  6.43888e-18,  1.75952e-76,  0.0242264  ])
40788   , -1632.54    , array([ 1.43652    ,  0.0676509  ,  6.44532e-18,  1.75952e-76,  0.0242264  ])
40789   , -1632.54    , array([ 1.43652    ,  0.0676509  ,  6.43888e-18,  1.76128e-76,  0.0242264  ])
40790   , -1632.54    , array([ 1.43652    ,  0.0676509  ,  6.43888e-18,  1.75952e-76,  0.0242507  ])
40791   , -1632.54    , array([ 1.43652    ,  0.0676509  ,  6.43888e-18,  1.75952e-76,  0.0242264  ])
40792   , -1632.54    , array([ 1.43652    ,  0.0676509  ,  6.43888e-18,  1.75952e-76,  0.0242264  ])
40793   , -1632.54    , array([ 1.43796    ,  0.0676509  ,  6.43888e-18,  1.75952e-76,  0.0242264  ])
40794   , -1632.54    , array([ 1.43652    ,  0.0677186  ,  6.43888e-18,  1.75952e-76,  0.0242264  ])
40795   , -1632.54    , array([ 1.43652    ,  0.0676509  ,  6.44532e-18,  1.75952e-76,  0.0242264  ])
40796   , -1632.54    , array([ 1.43652    ,  0.0676509  ,  6.43888e-18,  1.76128e-76,  0.0242264  ])
40797   , -1632.54    , array([ 1.43652    ,  0.0676509  ,  6.43888e-18,  1.75952e-76,  0.0242507  ])
40798   , -1632.54    , array([ 1.43652    ,  0.0676509  ,  6.43888e-18,  1.75952e-76,  0.0242264  ])
40799   , -1632.54    , array([ 1.43652    ,  0.0676509  ,  6.43888e-18,  1.75952e-76,  0.0242264  ])
40800   , -1632.54    , array([ 1.43796    ,  0.0676509  ,  6.43888e-18,  1.75952e-76,  0.0242264  ])
40801   , -1632.54    , array([ 1.43652    ,  0.0677186  ,  6.43888e-18,  1.75952e-76,  0.0242264  ])
40802   , -1632.54    , array([ 1.43652    ,  0.0676509  ,  6.44532e-18,  1.75952e-76,  0.0242264  ])
40803   , -1632.54    , array([ 1.43652    ,  0.0676509  ,  6.43888e-18,  1.76128e-76,  0.0242264  ])
40804   , -1632.54    , array([ 1.43652    ,  0.0676509  ,  6.43888e-18,  1.75952e-76,  0.0242507  ])
40805   , -1632.54    , array([ 1.43652    ,  0.0676509  ,  6.43888e-18,  1.75952e-76,  0.0242264  ])
40806   , -1632.54    , array([ 1.43652    ,  0.0676509  ,  6.43888e-18,  1.75952e-76,  0.0242264  ])
40807   , -1632.54    , array([ 1.43796    ,  0.0676509  ,  6.43888e-18,  1.75952e-76,  0.0242264  ])
40808   , -1632.54    , array([ 1.43652    ,  0.0677186  ,  6.43888e-18,  1.75952e-76,  0.0242264  ])
40809   , -1632.54    , array([ 1.43652    ,  0.0676509  ,  6.44532e-18,  1.75952e-76,  0.0242264  ])
40810   , -1632.54    , array([ 1.43652    ,  0.0676509  ,  6.43888e-18,  1.76128e-76,  0.0242264  ])
40811   , -1632.54    , array([ 1.43652    ,  0.0676509  ,  6.43888e-18,  1.75952e-76,  0.0242507  ])
40812   , -1632.54    , array([ 1.43652    ,  0.0676509  ,  6.43888e-18,  1.75952e-76,  0.0242264  ])
40813   , -1632.54    , array([ 1.43652    ,  0.0676509  ,  6.43888e-18,  1.75952e-76,  0.0242264  ])
40814   , -1632.54    , array([ 1.43796    ,  0.0676509  ,  6.43888e-18,  1.75952e-76,  0.0242264  ])
40815   , -1632.54    , array([ 1.43652    ,  0.0677186  ,  6.43888e-18,  1.75952e-76,  0.0242264  ])
40816   , -1632.54    , array([ 1.43652    ,  0.0676509  ,  6.44532e-18,  1.75952e-76,  0.0242264  ])
40817   , -1632.54    , array([ 1.43652    ,  0.0676509  ,  6.43888e-18,  1.76128e-76,  0.0242264  ])
40818   , -1632.54    , array([ 1.43652    ,  0.0676509  ,  6.43888e-18,  1.75952e-76,  0.0242507  ])
40819   , -1632.54    , array([ 1.43652    ,  0.0676509  ,  6.43888e-18,  1.75952e-76,  0.0242264  ])
40820   , -1632.54    , array([ 1.43652    ,  0.0676509  ,  6.43888e-18,  1.75952e-76,  0.0242264  ])
40821   , -1632.54    , array([ 1.43796    ,  0.0676509  ,  6.43888e-18,  1.75952e-76,  0.0242264  ])
40822   , -1632.54    , array([ 1.43652    ,  0.0677186  ,  6.43888e-18,  1.75952e-76,  0.0242264  ])
40823   , -1632.54    , array([ 1.43652    ,  0.0676509  ,  6.44532e-18,  1.75952e-76,  0.0242264  ])
40824   , -1632.54    , array([ 1.43652    ,  0.0676509  ,  6.43888e-18,  1.76128e-76,  0.0242264  ])
40825   , -1632.54    , array([ 1.43652    ,  0.0676509  ,  6.43888e-18,  1.75952e-76,  0.0242507  ])
40826   , -1632.54    , array([ 1.43652    ,  0.0676509  ,  6.43888e-18,  1.75952e-76,  0.0242264  ])
40827   , -1632.54    , array([ 1.43652    ,  0.0676509  ,  6.43888e-18,  1.75952e-76,  0.0242264  ])
40828   , -1632.54    , array([ 1.43796    ,  0.0676509  ,  6.43888e-18,  1.75952e-76,  0.0242264  ])
40829   , -1632.54    , array([ 1.43652    ,  0.0677186  ,  6.43888e-18,  1.75952e-76,  0.0242264  ])
40830   , -1632.54    , array([ 1.43652    ,  0.0676509  ,  6.44532e-18,  1.75952e-76,  0.0242264  ])
40831   , -1632.54    , array([ 1.43652    ,  0.0676509  ,  6.43888e-18,  1.76128e-76,  0.0242264  ])
40832   , -1632.54    , array([ 1.43652    ,  0.0676509  ,  6.43888e-18,  1.75952e-76,  0.0242507  ])
40833   , -1632.54    , array([ 1.43652    ,  0.0676509  ,  6.43888e-18,  1.75952e-76,  0.0242264  ])
40834   , -1632.54    , array([ 1.43652    ,  0.0676509  ,  6.43888e-18,  1.75952e-76,  0.0242264  ])
40835   , -1632.54    , array([ 1.43796    ,  0.0676509  ,  6.43888e-18,  1.75952e-76,  0.0242264  ])
40836   , -1632.54    , array([ 1.43652    ,  0.0677186  ,  6.43888e-18,  1.75952e-76,  0.0242264  ])
40837   , -1632.54    , array([ 1.43652    ,  0.0676509  ,  6.44532e-18,  1.75952e-76,  0.0242264  ])
40838   , -1632.54    , array([ 1.43652    ,  0.0676509  ,  6.43888e-18,  1.76128e-76,  0.0242264  ])
40839   , -1632.54    , array([ 1.43652    ,  0.0676509  ,  6.43888e-18,  1.75952e-76,  0.0242507  ])
40840   , -1632.54    , array([ 1.43652    ,  0.0676509  ,  6.43888e-18,  1.75952e-76,  0.0242264  ])
40841   , -1632.54    , array([ 1.43652    ,  0.0676509  ,  6.43888e-18,  1.75952e-76,  0.0242264  ])
40842   , -1632.54    , array([ 1.43796    ,  0.0676509  ,  6.43888e-18,  1.75952e-76,  0.0242264  ])
40843   , -1632.54    , array([ 1.43652    ,  0.0677186  ,  6.43888e-18,  1.75952e-76,  0.0242264  ])
40844   , -1632.54    , array([ 1.43652    ,  0.0676509  ,  6.44532e-18,  1.75952e-76,  0.0242264  ])
40845   , -1632.54    , array([ 1.43652    ,  0.0676509  ,  6.43888e-18,  1.76128e-76,  0.0242264  ])
40846   , -1632.54    , array([ 1.43652    ,  0.0676509  ,  6.43888e-18,  1.75952e-76,  0.0242507  ])
40847   , -1632.54    , array([ 1.43652    ,  0.0676509  ,  6.43888e-18,  1.75952e-76,  0.0242264  ])
40848   , -1632.54    , array([ 1.43652    ,  0.0676509  ,  6.43888e-18,  1.75952e-76,  0.0242264  ])
40849   , -1632.54    , array([ 1.43796    ,  0.0676509  ,  6.43888e-18,  1.75952e-76,  0.0242264  ])
40850   , -1632.54    , array([ 1.43652    ,  0.0677186  ,  6.43888e-18,  1.75952e-76,  0.0242264  ])
40851   , -1632.54    , array([ 1.43652    ,  0.0676509  ,  6.44532e-18,  1.75952e-76,  0.0242264  ])
40852   , -1632.54    , array([ 1.43652    ,  0.0676509  ,  6.43888e-18,  1.76128e-76,  0.0242264  ])
40853   , -1632.54    , array([ 1.43652    ,  0.0676509  ,  6.43888e-18,  1.75952e-76,  0.0242507  ])
40854   , -1632.54    , array([ 1.43652    ,  0.0676509  ,  6.43888e-18,  1.75952e-76,  0.0242264  ])
40855   , -1632.54    , array([ 1.43652    ,  0.0676509  ,  6.43888e-18,  1.75952e-76,  0.0242264  ])
40856   , -1632.54    , array([ 1.43796    ,  0.0676509  ,  6.43888e-18,  1.75952e-76,  0.0242264  ])
40857   , -1632.54    , array([ 1.43652    ,  0.0677186  ,  6.43888e-18,  1.75952e-76,  0.0242264  ])
40858   , -1632.54    , array([ 1.43652    ,  0.0676509  ,  6.44532e-18,  1.75952e-76,  0.0242264  ])
40859   , -1632.54    , array([ 1.43652    ,  0.0676509  ,  6.43888e-18,  1.76128e-76,  0.0242264  ])
40860   , -1632.54    , array([ 1.43652    ,  0.0676509  ,  6.43888e-18,  1.75952e-76,  0.0242507  ])
40861   , -1632.54    , array([ 1.43652    ,  0.0676509  ,  6.43888e-18,  1.75952e-76,  0.0242264  ])
40862   , -1632.54    , array([ 1.43652    ,  0.0676509  ,  6.43888e-18,  1.75952e-76,  0.0242264  ])
40863   , -1632.54    , array([ 1.43796    ,  0.0676509  ,  6.43888e-18,  1.75952e-76,  0.0242264  ])
40864   , -1632.54    , array([ 1.43652    ,  0.0677186  ,  6.43888e-18,  1.75952e-76,  0.0242264  ])
40865   , -1632.54    , array([ 1.43652    ,  0.0676509  ,  6.44532e-18,  1.75952e-76,  0.0242264  ])
40866   , -1632.54    , array([ 1.43652    ,  0.0676509  ,  6.43888e-18,  1.76128e-76,  0.0242264  ])
40867   , -1632.54    , array([ 1.43652    ,  0.0676509  ,  6.43888e-18,  1.75952e-76,  0.0242507  ])
40868   , -1632.54    , array([ 1.43652    ,  0.0676509  ,  6.43888e-18,  1.75952e-76,  0.0242264  ])
40869   , -1632.54    , array([ 1.43652    ,  0.0676509  ,  6.43888e-18,  1.75952e-76,  0.0242264  ])
40870   , -1632.54    , array([ 1.43796    ,  0.0676509  ,  6.43888e-18,  1.75952e-76,  0.0242264  ])
40871   , -1632.54    , array([ 1.43652    ,  0.0677186  ,  6.43888e-18,  1.75952e-76,  0.0242264  ])
40872   , -1632.54    , array([ 1.43652    ,  0.0676509  ,  6.44532e-18,  1.75952e-76,  0.0242264  ])
40873   , -1632.54    , array([ 1.43652    ,  0.0676509  ,  6.43888e-18,  1.76128e-76,  0.0242264  ])
40874   , -1632.54    , array([ 1.43652    ,  0.0676509  ,  6.43888e-18,  1.75952e-76,  0.0242507  ])
40875   , -1632.54    , array([ 1.43652    ,  0.0676509  ,  6.43888e-18,  1.75952e-76,  0.0242264  ])
40876   , -1632.54    , array([ 1.43652    ,  0.0676509  ,  6.43888e-18,  1.75952e-76,  0.0242264  ])
40877   , -1632.54    , array([ 1.43796    ,  0.0676509  ,  6.43888e-18,  1.75952e-76,  0.0242264  ])
40878   , -1632.54    , array([ 1.43652    ,  0.0677186  ,  6.43888e-18,  1.75952e-76,  0.0242264  ])
40879   , -1632.54    , array([ 1.43652    ,  0.0676509  ,  6.44532e-18,  1.75952e-76,  0.0242264  ])
40880   , -1632.54    , array([ 1.43652    ,  0.0676509  ,  6.43888e-18,  1.76128e-76,  0.0242264  ])
40881   , -1632.54    , array([ 1.43652    ,  0.0676509  ,  6.43888e-18,  1.75952e-76,  0.0242507  ])
40882   , -1632.54    , array([ 1.43652    ,  0.0676509  ,  6.43888e-18,  1.75952e-76,  0.0242264  ])
40883   , -1632.54    , array([ 1.43652    ,  0.0676509  ,  6.43888e-18,  1.75952e-76,  0.0242264  ])
40884   , -1632.54    , array([ 1.43796    ,  0.0676509  ,  6.43888e-18,  1.75952e-76,  0.0242264  ])
40885   , -1632.54    , array([ 1.43652    ,  0.0677186  ,  6.43888e-18,  1.75952e-76,  0.0242264  ])
40886   , -1632.54    , array([ 1.43652    ,  0.0676509  ,  6.44532e-18,  1.75952e-76,  0.0242264  ])
40887   , -1632.54    , array([ 1.43652    ,  0.0676509  ,  6.43888e-18,  1.76128e-76,  0.0242264  ])
40888   , -1632.54    , array([ 1.43652    ,  0.0676509  ,  6.43888e-18,  1.75952e-76,  0.0242507  ])
40889   , -1632.54    , array([ 1.43652    ,  0.0676509  ,  6.43888e-18,  1.75952e-76,  0.0242264  ])
40890   , -1632.54    , array([ 1.43652    ,  0.0676509  ,  6.43888e-18,  1.75952e-76,  0.0242264  ])
40891   , -1632.54    , array([ 1.43796    ,  0.0676509  ,  6.43888e-18,  1.75952e-76,  0.0242264  ])
40892   , -1632.54    , array([ 1.43652    ,  0.0677186  ,  6.43888e-18,  1.75952e-76,  0.0242264  ])
40893   , -1632.54    , array([ 1.43652    ,  0.0676509  ,  6.44532e-18,  1.75952e-76,  0.0242264  ])
40894   , -1632.54    , array([ 1.43652    ,  0.0676509  ,  6.43888e-18,  1.76128e-76,  0.0242264  ])
40895   , -1632.54    , array([ 1.43652    ,  0.0676509  ,  6.43888e-18,  1.75952e-76,  0.0242507  ])
40896   , -1632.54    , array([ 1.43652    ,  0.0676509  ,  6.43888e-18,  1.75952e-76,  0.0242264  ])
40897   , -1632.54    , array([ 1.43652    ,  0.0676509  ,  6.43888e-18,  1.75952e-76,  0.0242264  ])
40898   , -1632.54    , array([ 1.43796    ,  0.0676509  ,  6.43888e-18,  1.75952e-76,  0.0242264  ])
40899   , -1632.54    , array([ 1.43652    ,  0.0677186  ,  6.43888e-18,  1.75952e-76,  0.0242264  ])
40900   , -1632.54    , array([ 1.43652    ,  0.0676509  ,  6.44532e-18,  1.75952e-76,  0.0242264  ])
40901   , -1632.54    , array([ 1.43652    ,  0.0676509  ,  6.43888e-18,  1.76128e-76,  0.0242264  ])
40902   , -1632.54    , array([ 1.43652    ,  0.0676509  ,  6.43888e-18,  1.75952e-76,  0.0242507  ])
40903   , -1632.54    , array([ 1.43652    ,  0.0676509  ,  6.43888e-18,  1.75952e-76,  0.0242264  ])
40904   , -1632.54    , array([ 1.43652    ,  0.0676509  ,  6.43888e-18,  1.75952e-76,  0.0242264  ])
40905   , -1632.54    , array([ 1.43796    ,  0.0676509  ,  6.43888e-18,  1.75952e-76,  0.0242264  ])
40906   , -1632.54    , array([ 1.43652    ,  0.0677186  ,  6.43888e-18,  1.75952e-76,  0.0242264  ])
40907   , -1632.54    , array([ 1.43652    ,  0.0676509  ,  6.44532e-18,  1.75952e-76,  0.0242264  ])
40908   , -1632.54    , array([ 1.43652    ,  0.0676509  ,  6.43888e-18,  1.76128e-76,  0.0242264  ])
40909   , -1632.54    , array([ 1.43652    ,  0.0676509  ,  6.43888e-18,  1.75952e-76,  0.0242507  ])
40910   , -1632.54    , array([ 1.43652    ,  0.0676509  ,  6.43888e-18,  1.75952e-76,  0.0242264  ])
40911   , -1632.54    , array([ 1.43652    ,  0.0676509  ,  6.43888e-18,  1.75952e-76,  0.0242264  ])
40912   , -1632.54    , array([ 1.43796    ,  0.0676509  ,  6.43888e-18,  1.75952e-76,  0.0242264  ])
40913   , -1632.54    , array([ 1.43652    ,  0.0677186  ,  6.43888e-18,  1.75952e-76,  0.0242264  ])
40914   , -1632.54    , array([ 1.43652    ,  0.0676509  ,  6.44532e-18,  1.75952e-76,  0.0242264  ])
40915   , -1632.54    , array([ 1.43652    ,  0.0676509  ,  6.43888e-18,  1.76128e-76,  0.0242264  ])
40916   , -1632.54    , array([ 1.43652    ,  0.0676509  ,  6.43888e-18,  1.75952e-76,  0.0242507  ])
40917   , -1632.54    , array([ 1.43652    ,  0.0676509  ,  6.43888e-18,  1.75952e-76,  0.0242264  ])
40918   , -1632.54    , array([ 1.43652    ,  0.0676509  ,  6.43888e-18,  1.75952e-76,  0.0242264  ])
40919   , -1632.54    , array([ 1.43796    ,  0.0676509  ,  6.43888e-18,  1.75952e-76,  0.0242264  ])
40920   , -1632.54    , array([ 1.43652    ,  0.0677186  ,  6.43888e-18,  1.75952e-76,  0.0242264  ])
40921   , -1632.54    , array([ 1.43652    ,  0.0676509  ,  6.44532e-18,  1.75952e-76,  0.0242264  ])
40922   , -1632.54    , array([ 1.43652    ,  0.0676509  ,  6.43888e-18,  1.76128e-76,  0.0242264  ])
40923   , -1632.54    , array([ 1.43652    ,  0.0676509  ,  6.43888e-18,  1.75952e-76,  0.0242507  ])
40924   , -1632.54    , array([ 1.43652    ,  0.0676509  ,  6.43888e-18,  1.75952e-76,  0.0242264  ])
40925   , -1632.54    , array([ 1.43652    ,  0.0676509  ,  6.43888e-18,  1.75952e-76,  0.0242264  ])
40926   , -1632.54    , array([ 1.43796    ,  0.0676509  ,  6.43888e-18,  1.75952e-76,  0.0242264  ])
40927   , -1632.54    , array([ 1.43652    ,  0.0677186  ,  6.43888e-18,  1.75952e-76,  0.0242264  ])
40928   , -1632.54    , array([ 1.43652    ,  0.0676509  ,  6.44532e-18,  1.75952e-76,  0.0242264  ])
40929   , -1632.54    , array([ 1.43652    ,  0.0676509  ,  6.43888e-18,  1.76128e-76,  0.0242264  ])
40930   , -1632.54    , array([ 1.43652    ,  0.0676509  ,  6.43888e-18,  1.75952e-76,  0.0242507  ])
40931   , -1632.54    , array([ 1.43652    ,  0.0676509  ,  6.43888e-18,  1.75952e-76,  0.0242264  ])
40932   , -1632.54    , array([ 1.43652    ,  0.0676509  ,  6.43888e-18,  1.75952e-76,  0.0242264  ])
40933   , -1632.54    , array([ 1.43796    ,  0.0676509  ,  6.43888e-18,  1.75952e-76,  0.0242264  ])
40934   , -1632.54    , array([ 1.43652    ,  0.0677186  ,  6.43888e-18,  1.75952e-76,  0.0242264  ])
40935   , -1632.54    , array([ 1.43652    ,  0.0676509  ,  6.44532e-18,  1.75952e-76,  0.0242264  ])
40936   , -1632.54    , array([ 1.43652    ,  0.0676509  ,  6.43888e-18,  1.76128e-76,  0.0242264  ])
40937   , -1632.54    , array([ 1.43652    ,  0.0676509  ,  6.43888e-18,  1.75952e-76,  0.0242507  ])
40938   , -1632.54    , array([ 1.43652    ,  0.0676509  ,  6.43888e-18,  1.75952e-76,  0.0242264  ])
40939   , -1632.54    , array([ 1.43652    ,  0.0676509  ,  6.43888e-18,  1.75952e-76,  0.0242264  ])
40940   , -1632.54    , array([ 1.43796    ,  0.0676509  ,  6.43888e-18,  1.75952e-76,  0.0242264  ])
40941   , -1632.54    , array([ 1.43652    ,  0.0677186  ,  6.43888e-18,  1.75952e-76,  0.0242264  ])
40942   , -1632.54    , array([ 1.43652    ,  0.0676509  ,  6.44532e-18,  1.75952e-76,  0.0242264  ])
40943   , -1632.54    , array([ 1.43652    ,  0.0676509  ,  6.43888e-18,  1.76128e-76,  0.0242264  ])
40944   , -1632.54    , array([ 1.43652    ,  0.0676509  ,  6.43888e-18,  1.75952e-76,  0.0242507  ])
40945   , -1632.54    , array([ 1.43652    ,  0.0676509  ,  6.43888e-18,  1.75952e-76,  0.0242264  ])
40946   , -1632.54    , array([ 1.43652    ,  0.0676509  ,  6.43888e-18,  1.75952e-76,  0.0242264  ])
40947   , -1632.54    , array([ 1.43796    ,  0.0676509  ,  6.43888e-18,  1.75952e-76,  0.0242264  ])
40948   , -1632.54    , array([ 1.43652    ,  0.0677186  ,  6.43888e-18,  1.75952e-76,  0.0242264  ])
40949   , -1632.54    , array([ 1.43652    ,  0.0676509  ,  6.44532e-18,  1.75952e-76,  0.0242264  ])
40950   , -1632.54    , array([ 1.43652    ,  0.0676509  ,  6.43888e-18,  1.76128e-76,  0.0242264  ])
40951   , -1632.54    , array([ 1.43652    ,  0.0676509  ,  6.43888e-18,  1.75952e-76,  0.0242507  ])
40952   , -1632.54    , array([ 1.43652    ,  0.0676509  ,  6.43888e-18,  1.75952e-76,  0.0242264  ])
40953   , -1632.54    , array([ 1.43652    ,  0.0676509  ,  6.43888e-18,  1.75952e-76,  0.0242264  ])
40954   , -1632.54    , array([ 1.43796    ,  0.0676509  ,  6.43888e-18,  1.75952e-76,  0.0242264  ])
40955   , -1632.54    , array([ 1.43652    ,  0.0677186  ,  6.43888e-18,  1.75952e-76,  0.0242264  ])
40956   , -1632.54    , array([ 1.43652    ,  0.0676509  ,  6.44532e-18,  1.75952e-76,  0.0242264  ])
40957   , -1632.54    , array([ 1.43652    ,  0.0676509  ,  6.43888e-18,  1.76128e-76,  0.0242264  ])
40958   , -1632.54    , array([ 1.43652    ,  0.0676509  ,  6.43888e-18,  1.75952e-76,  0.0242507  ])
40959   , -1632.54    , array([ 1.43652    ,  0.0676509  ,  6.43888e-18,  1.75952e-76,  0.0242264  ])
40960   , -1632.54    , array([ 1.43652    ,  0.0676509  ,  6.43888e-18,  1.75952e-76,  0.0242264  ])
40961   , -1632.54    , array([ 1.43796    ,  0.0676509  ,  6.43888e-18,  1.75952e-76,  0.0242264  ])
40962   , -1632.54    , array([ 1.43652    ,  0.0677186  ,  6.43888e-18,  1.75952e-76,  0.0242264  ])
40963   , -1632.54    , array([ 1.43652    ,  0.0676509  ,  6.44532e-18,  1.75952e-76,  0.0242264  ])
40964   , -1632.54    , array([ 1.43652    ,  0.0676509  ,  6.43888e-18,  1.76128e-76,  0.0242264  ])
40965   , -1632.54    , array([ 1.43652    ,  0.0676509  ,  6.43888e-18,  1.75952e-76,  0.0242507  ])
40966   , -1632.54    , array([ 1.43651    ,  0.0676507  ,  6.43888e-18,  1.75952e-76,  0.0242263  ])
40967   , -1632.54    , array([ 1.43651    ,  0.0676508  ,  6.43888e-18,  1.75952e-76,  0.0242264  ])
40968   , -1632.54    , array([ 1.43652    ,  0.0676509  ,  6.43888e-18,  1.75952e-76,  0.0242264  ])
40969   , -1632.54    , array([ 1.43652    ,  0.0676509  ,  6.43888e-18,  1.75952e-76,  0.0242264  ])
40970   , -1632.54    , array([ 1.43652    ,  0.0676509  ,  6.43888e-18,  1.75952e-76,  0.0242264  ])
40971   , -1632.54    , array([ 1.43652    ,  0.0676509  ,  6.43888e-18,  1.75952e-76,  0.0242264  ])
40972   , -1632.54    , array([ 1.43652    ,  0.0676509  ,  6.43888e-18,  1.75952e-76,  0.0242264  ])
40973   , -1632.54    , array([ 1.43652    ,  0.0676509  ,  6.43888e-18,  1.75952e-76,  0.0242264  ])
40974   , -1632.54    , array([ 1.43652    ,  0.0676509  ,  6.43888e-18,  1.75952e-76,  0.0242264  ])
40975   , -1632.54    , array([ 1.43652    ,  0.0676509  ,  6.43888e-18,  1.75952e-76,  0.0242264  ])
40976   , -1632.54    , array([ 1.43652    ,  0.0676509  ,  6.43888e-18,  1.75952e-76,  0.0242264  ])
40977   , -1632.54    , array([ 1.43652    ,  0.0676509  ,  6.43888e-18,  1.75952e-76,  0.0242264  ])
