135485  , -79089.4    , array([ 22.2757    ,  7.63092    ,  1.9274e-06 ,  6.76661e-13,  2.4725e-08 ])
135486  , -79089.4    , array([ 22.298     ,  7.63092    ,  1.9274e-06 ,  6.76661e-13,  2.4725e-08 ])
135487  , -79089.4    , array([ 22.2757    ,  7.63855    ,  1.9274e-06 ,  6.76661e-13,  2.4725e-08 ])
135488  , -79089.4    , array([ 22.2757    ,  7.63092    ,  1.92933e-06,  6.76661e-13,  2.4725e-08 ])
135489  , -79089.4    , array([ 22.2757    ,  7.63092    ,  1.9274e-06 ,  6.77338e-13,  2.4725e-08 ])
135490  , -79089.4    , array([ 22.2757    ,  7.63092    ,  1.9274e-06 ,  6.76661e-13,  2.47497e-08])
135491  , -79089.4    , array([ 22.2757    ,  7.63092    ,  1.9274e-06 ,  6.76661e-13,  2.4725e-08 ])
135492  , -79089.4    , array([ 22.256     ,  7.60194    ,  1.9274e-06 ,  6.76661e-13,  2.48516e-08])
135493  , -79089.4    , array([ 22.256     ,  7.60194    ,  1.9274e-06 ,  6.76661e-13,  2.48516e-08])
135494  , -79089.4    , array([ 22.2783    ,  7.60194    ,  1.9274e-06 ,  6.76661e-13,  2.48516e-08])
135495  , -79089.4    , array([ 22.256     ,  7.60954    ,  1.9274e-06 ,  6.76661e-13,  2.48516e-08])
135496  , -79089.4    , array([ 22.256     ,  7.60194    ,  1.92933e-06,  6.76661e-13,  2.48516e-08])
135497  , -79089.4    , array([ 22.256     ,  7.60194    ,  1.9274e-06 ,  6.77338e-13,  2.48516e-08])
135498  , -79089.4    , array([ 22.256     ,  7.60194    ,  1.9274e-06 ,  6.76661e-13,  2.48765e-08])
135499  , -79089.4    , array([ 22.1773    ,  7.48711    ,  1.9274e-06 ,  6.76661e-13,  2.53644e-08])
135500  , -79089.4    , array([ 22.1773    ,  7.48711    ,  1.9274e-06 ,  6.76661e-13,  2.53644e-08])
135501  , -79089.4    , array([ 22.1995    ,  7.48711    ,  1.9274e-06 ,  6.76661e-13,  2.53644e-08])
135502  , -79089.4    , array([ 22.1773    ,  7.4946     ,  1.9274e-06 ,  6.76661e-13,  2.53644e-08])
135503  , -79089.4    , array([ 22.1773    ,  7.48711    ,  1.92933e-06,  6.76661e-13,  2.53644e-08])
135504  , -79089.4    , array([ 22.1773    ,  7.48711    ,  1.9274e-06 ,  6.77338e-13,  2.53644e-08])
135505  , -79089.4    , array([ 22.1773    ,  7.48711    ,  1.9274e-06 ,  6.76661e-13,  2.53898e-08])
135506  , -79089.4    , array([ 21.8651    ,  7.04487    ,  1.9274e-06 ,  6.76661e-13,  2.75238e-08])
135507  , -79089.4    , array([ 21.8651    ,  7.04487    ,  1.9274e-06 ,  6.76661e-13,  2.75238e-08])
135508  , -79089.4    , array([ 21.887     ,  7.04487    ,  1.9274e-06 ,  6.76661e-13,  2.75238e-08])
135509  , -79089.4    , array([ 21.8651    ,  7.05192    ,  1.9274e-06 ,  6.76661e-13,  2.75238e-08])
135510  , -79089.4    , array([ 21.8651    ,  7.04487    ,  1.92933e-06,  6.76661e-13,  2.75238e-08])
135511  , -79089.4    , array([ 21.8651    ,  7.04487    ,  1.9274e-06 ,  6.77338e-13,  2.75238e-08])
135512  , -79089.4    , array([ 21.8651    ,  7.04487    ,  1.9274e-06 ,  6.76661e-13,  2.75513e-08])
135513  , -79089.4    , array([ 20.6599    ,  5.52216    ,  1.9274e-06 ,  6.76661e-13,  3.81629e-08])
135514  , -79089.4    , array([ 20.6599    ,  5.52216    ,  1.9274e-06 ,  6.76661e-13,  3.81629e-08])
135515  , -79089.4    , array([ 20.6806    ,  5.52216    ,  1.9274e-06 ,  6.76661e-13,  3.81629e-08])
135516  , -79089.4    , array([ 20.6599    ,  5.52769    ,  1.9274e-06 ,  6.76661e-13,  3.81629e-08])
135517  , -79089.4    , array([ 20.6599    ,  5.52216    ,  1.92932e-06,  6.76661e-13,  3.81629e-08])
135518  , -79089.4    , array([ 20.6599    ,  5.52216    ,  1.9274e-06 ,  6.77338e-13,  3.81629e-08])
135519  , -79089.4    , array([ 20.6599    ,  5.52216    ,  1.9274e-06 ,  6.76661e-13,  3.82011e-08])
135520  , -79089.4    , array([ 16.4678    ,  2.08475    ,  1.92737e-06,  6.76661e-13,  1.4105e-07 ])
135521  , -79089.4    , array([ 16.4678    ,  2.08475    ,  1.92737e-06,  6.76661e-13,  1.4105e-07 ])
135522  , -79089.4    , array([ 16.4842    ,  2.08475    ,  1.92737e-06,  6.76661e-13,  1.4105e-07 ])
135523  , -79089.4    , array([ 16.4678    ,  2.08683    ,  1.92737e-06,  6.76661e-13,  1.4105e-07 ])
135524  , -79089.4    , array([ 16.4678    ,  2.08475    ,  1.9293e-06 ,  6.76661e-13,  1.4105e-07 ])
135525  , -79089.4    , array([ 16.4678    ,  2.08475    ,  1.92737e-06,  6.77338e-13,  1.4105e-07 ])
135526  , -79089.4    , array([ 16.4678    ,  2.08475    ,  1.92737e-06,  6.76661e-13,  1.41191e-07])
135527  , -78360.2    , array([ 6.64747    ,  0.0423476  ,  1.92729e-06,  6.76661e-13,  2.63212e-05])
135528  , -78360.2    , array([ 6.64747    ,  0.0423476  ,  1.92729e-06,  6.76661e-13,  2.63212e-05])
135529  , -78360.2    , array([ 6.65412    ,  0.0423476  ,  1.92729e-06,  6.76661e-13,  2.63212e-05])
135530  , -78360.9    , array([ 6.64747    ,  0.04239    ,  1.92729e-06,  6.76661e-13,  2.63212e-05])
135531  , -78360.2    , array([ 6.64747    ,  0.0423476  ,  1.92922e-06,  6.76661e-13,  2.63212e-05])
135532  , -78360.2    , array([ 6.64747    ,  0.0423476  ,  1.92729e-06,  6.77338e-13,  2.63212e-05])
135533  , -78359.4    , array([ 6.64747    ,  0.0423476  ,  1.92729e-06,  6.76661e-13,  2.63475e-05])
135541  , -78359      , array([ 6.64641    ,  0.0423186  ,  1.92729e-06,  6.76661e-13,  2.63454e-05])
135542  , -78359      , array([ 6.64641    ,  0.0423186  ,  1.92729e-06,  6.76661e-13,  2.63454e-05])
135543  , -78359      , array([ 6.65306    ,  0.0423186  ,  1.92729e-06,  6.76661e-13,  2.63454e-05])
135544  , -78359.7    , array([ 6.64641    ,  0.0423609  ,  1.92729e-06,  6.76661e-13,  2.63454e-05])
135545  , -78359      , array([ 6.64641    ,  0.0423186  ,  1.92922e-06,  6.76661e-13,  2.63454e-05])
135546  , -78359      , array([ 6.64641    ,  0.0423186  ,  1.92729e-06,  6.77338e-13,  2.63454e-05])
135547  , -78358.3    , array([ 6.64641    ,  0.0423186  ,  1.92729e-06,  6.76661e-13,  2.63718e-05])
135548  , -78357.8    , array([ 6.64534    ,  0.0422895  ,  1.92729e-06,  6.76661e-13,  2.63697e-05])
135549  , -78357.8    , array([ 6.64534    ,  0.0422895  ,  1.92729e-06,  6.76661e-13,  2.63697e-05])
135550  , -78357.8    , array([ 6.65199    ,  0.0422895  ,  1.92729e-06,  6.76661e-13,  2.63697e-05])
135551  , -78358.5    , array([ 6.64534    ,  0.0423318  ,  1.92729e-06,  6.76661e-13,  2.63697e-05])
135552  , -78357.8    , array([ 6.64534    ,  0.0422895  ,  1.92922e-06,  6.76661e-13,  2.63697e-05])
135553  , -78357.8    , array([ 6.64534    ,  0.0422895  ,  1.92729e-06,  6.77338e-13,  2.63697e-05])
135554  , -78357.1    , array([ 6.64534    ,  0.0422895  ,  1.92729e-06,  6.76661e-13,  2.63961e-05])
135562  , -78357.5    , array([ 6.64508    ,  0.0422822  ,  1.92729e-06,  6.76661e-13,  2.63758e-05])
135563  , -78357.5    , array([ 6.64508    ,  0.0422822  ,  1.92729e-06,  6.76661e-13,  2.63758e-05])
135564  , -78357.5    , array([ 6.65172    ,  0.0422822  ,  1.92729e-06,  6.76661e-13,  2.63758e-05])
135565  , -78358.3    , array([ 6.64508    ,  0.0423245  ,  1.92729e-06,  6.76661e-13,  2.63758e-05])
135566  , -78357.5    , array([ 6.64508    ,  0.0422822  ,  1.92922e-06,  6.76661e-13,  2.63758e-05])
135567  , -78357.5    , array([ 6.64508    ,  0.0422822  ,  1.92729e-06,  6.77338e-13,  2.63758e-05])
135568  , -78356.8    , array([ 6.64508    ,  0.0422822  ,  1.92729e-06,  6.76661e-13,  2.64022e-05])
135569  , -78357.2    , array([ 6.64481    ,  0.0422749  ,  1.92729e-06,  6.76661e-13,  2.63819e-05])
135570  , -78357.2    , array([ 6.64481    ,  0.0422749  ,  1.92729e-06,  6.76661e-13,  2.63819e-05])
135571  , -78357.2    , array([ 6.65146    ,  0.0422749  ,  1.92729e-06,  6.76661e-13,  2.63819e-05])
135572  , -78358      , array([ 6.64481    ,  0.0423172  ,  1.92729e-06,  6.76661e-13,  2.63819e-05])
135573  , -78357.2    , array([ 6.64481    ,  0.0422749  ,  1.92922e-06,  6.76661e-13,  2.63819e-05])
135574  , -78357.2    , array([ 6.64481    ,  0.0422749  ,  1.92729e-06,  6.77338e-13,  2.63819e-05])
135575  , -78356.5    , array([ 6.64481    ,  0.0422749  ,  1.92729e-06,  6.76661e-13,  2.64083e-05])
135583  , -78357.2    , array([ 6.64474    ,  0.0422731  ,  1.92729e-06,  6.76661e-13,  2.63834e-05])
135584  , -78357.2    , array([ 6.64474    ,  0.0422731  ,  1.92729e-06,  6.76661e-13,  2.63834e-05])
135585  , -78357.2    , array([ 6.65139    ,  0.0422731  ,  1.92729e-06,  6.76661e-13,  2.63834e-05])
135586  , -78357.9    , array([ 6.64474    ,  0.0423154  ,  1.92729e-06,  6.76661e-13,  2.63834e-05])
135587  , -78357.2    , array([ 6.64474    ,  0.0422731  ,  1.92922e-06,  6.76661e-13,  2.63834e-05])
135588  , -78357.2    , array([ 6.64474    ,  0.0422731  ,  1.92729e-06,  6.77338e-13,  2.63834e-05])
135589  , -78356.4    , array([ 6.64474    ,  0.0422731  ,  1.92729e-06,  6.76661e-13,  2.64098e-05])
135590  , -78357.1    , array([ 6.64468    ,  0.0422713  ,  1.92729e-06,  6.76661e-13,  2.6385e-05 ])
135591  , -78357.1    , array([ 6.64468    ,  0.0422713  ,  1.92729e-06,  6.76661e-13,  2.6385e-05 ])
135592  , -78357.1    , array([ 6.65132    ,  0.0422713  ,  1.92729e-06,  6.76661e-13,  2.6385e-05 ])
135593  , -78357.8    , array([ 6.64468    ,  0.0423136  ,  1.92729e-06,  6.76661e-13,  2.6385e-05 ])
135594  , -78357.1    , array([ 6.64468    ,  0.0422713  ,  1.92922e-06,  6.76661e-13,  2.6385e-05 ])
135595  , -78357.1    , array([ 6.64468    ,  0.0422713  ,  1.92729e-06,  6.77338e-13,  2.6385e-05 ])
135596  , -78356.4    , array([ 6.64468    ,  0.0422713  ,  1.92729e-06,  6.76661e-13,  2.64114e-05])
135597  , -35640.7    , array([ 4.22197    ,  0.00602648 ,  1.92725e-06,  6.76661e-13,  0.000360285])
135598  , -35640.7    , array([ 4.22197    ,  0.00602648 ,  1.92725e-06,  6.76661e-13,  0.000360285])
135599  , -35640.7    , array([ 4.2262     ,  0.00602648 ,  1.92725e-06,  6.76661e-13,  0.000360285])
135600  , -35666.9    , array([ 4.22197    ,  0.00603251 ,  1.92725e-06,  6.76661e-13,  0.000360285])
135601  , -35640.7    , array([ 4.22197    ,  0.00602648 ,  1.92917e-06,  6.76661e-13,  0.000360285])
135602  , -35640.7    , array([ 4.22197    ,  0.00602648 ,  1.92725e-06,  6.77338e-13,  0.000360285])
135603  , -35614.4    , array([ 4.22197    ,  0.00602648 ,  1.92725e-06,  6.76661e-13,  0.000360646])
135604  , -35616.7    , array([ 4.22159    ,  0.00602414 ,  1.92725e-06,  6.76661e-13,  0.000360474])
135605  , -35616.7    , array([ 4.22159    ,  0.00602414 ,  1.92725e-06,  6.76661e-13,  0.000360474])
135606  , -35616.7    , array([ 4.22581    ,  0.00602414 ,  1.92725e-06,  6.76661e-13,  0.000360474])
135607  , -35643      , array([ 4.22159    ,  0.00603017 ,  1.92725e-06,  6.76661e-13,  0.000360474])
135608  , -35616.7    , array([ 4.22159    ,  0.00602414 ,  1.92917e-06,  6.76661e-13,  0.000360474])
135609  , -35616.7    , array([ 4.22159    ,  0.00602414 ,  1.92725e-06,  6.77338e-13,  0.000360474])
135610  , -35590.4    , array([ 4.22159    ,  0.00602414 ,  1.92725e-06,  6.76661e-13,  0.000360834])
135611  , -35592.8    , array([ 4.22121    ,  0.0060218  ,  1.92725e-06,  6.76661e-13,  0.000360662])
135612  , -35592.8    , array([ 4.22121    ,  0.0060218  ,  1.92725e-06,  6.76661e-13,  0.000360662])
135613  , -35592.8    , array([ 4.22543    ,  0.0060218  ,  1.92725e-06,  6.76661e-13,  0.000360662])
135614  , -35619      , array([ 4.22121    ,  0.00602782 ,  1.92725e-06,  6.76661e-13,  0.000360662])
135615  , -35592.8    , array([ 4.22121    ,  0.0060218  ,  1.92917e-06,  6.76661e-13,  0.000360662])
135616  , -35592.8    , array([ 4.22121    ,  0.0060218  ,  1.92725e-06,  6.77338e-13,  0.000360662])
135617  , -35566.5    , array([ 4.22121    ,  0.0060218  ,  1.92725e-06,  6.76661e-13,  0.000361023])
135618  , -7370.61    , array([ 3.36509    ,  0.0022746  ,  1.92722e-06,  6.76661e-13,  0.00133204 ])
135619  , -7370.61    , array([ 3.36509    ,  0.0022746  ,  1.92722e-06,  6.76661e-13,  0.00133204 ])
135620  , -7370.62    , array([ 3.36846    ,  0.0022746  ,  1.92722e-06,  6.76661e-13,  0.00133204 ])
135621  , -7352.13    , array([ 3.36509    ,  0.00227687 ,  1.92722e-06,  6.76661e-13,  0.00133204 ])
135622  , -7370.61    , array([ 3.36509    ,  0.0022746  ,  1.92915e-06,  6.76661e-13,  0.00133204 ])
135623  , -7370.61    , array([ 3.36509    ,  0.0022746  ,  1.92722e-06,  6.77338e-13,  0.00133204 ])
135624  , -7388.88    , array([ 3.36509    ,  0.0022746  ,  1.92722e-06,  6.76661e-13,  0.00133338 ])
135625  , -5153.38    , array([ 3.69382    ,  0.00339445 ,  1.92723e-06,  6.76661e-13,  0.000778386])
135626  , -5153.38    , array([ 3.69382    ,  0.00339445 ,  1.92723e-06,  6.76661e-13,  0.000778386])
135627  , -5153.39    , array([ 3.69751    ,  0.00339445 ,  1.92723e-06,  6.76661e-13,  0.000778386])
135628  , -5165.35    , array([ 3.69382    ,  0.00339785 ,  1.92723e-06,  6.76661e-13,  0.000778386])
135629  , -5153.38    , array([ 3.69382    ,  0.00339445 ,  1.92916e-06,  6.76661e-13,  0.000778386])
135630  , -5153.38    , array([ 3.69382    ,  0.00339445 ,  1.92723e-06,  6.77338e-13,  0.000778386])
135631  , -5141.38    , array([ 3.69382    ,  0.00339445 ,  1.92723e-06,  6.76661e-13,  0.000779165])
135632  , -2617.82    , array([ 3.54709    ,  0.00285207 ,  1.92723e-06,  6.76661e-13,  0.000983245])
135633  , -2617.82    , array([ 3.54709    ,  0.00285207 ,  1.92723e-06,  6.76661e-13,  0.000983245])
135634  , -2617.83    , array([ 3.55064    ,  0.00285207 ,  1.92723e-06,  6.76661e-13,  0.000983245])
135635  , -2617.8     , array([ 3.54709    ,  0.00285492 ,  1.92723e-06,  6.76661e-13,  0.000983245])
135636  , -2617.82    , array([ 3.54709    ,  0.00285207 ,  1.92916e-06,  6.76661e-13,  0.000983245])
135637  , -2617.82    , array([ 3.54709    ,  0.00285207 ,  1.92723e-06,  6.77338e-13,  0.000983245])
135638  , -2617.77    , array([ 3.54709    ,  0.00285207 ,  1.92723e-06,  6.76661e-13,  0.000984229])
135639  , -2617.81    , array([ 3.54686    ,  0.00285128 ,  1.92723e-06,  6.76661e-13,  0.000983609])
135640  , -2617.81    , array([ 3.54686    ,  0.00285128 ,  1.92723e-06,  6.76661e-13,  0.000983609])
135641  , -2617.82    , array([ 3.55041    ,  0.00285128 ,  1.92723e-06,  6.76661e-13,  0.000983609])
135642  , -2617.78    , array([ 3.54686    ,  0.00285413 ,  1.92723e-06,  6.76661e-13,  0.000983609])
135643  , -2617.81    , array([ 3.54686    ,  0.00285128 ,  1.92916e-06,  6.76661e-13,  0.000983609])
135644  , -2617.81    , array([ 3.54686    ,  0.00285128 ,  1.92723e-06,  6.77338e-13,  0.000983609])
135645  , -2617.79    , array([ 3.54686    ,  0.00285128 ,  1.92723e-06,  6.76661e-13,  0.000984593])
135646  , -2617.81    , array([ 3.54686    ,  0.00285128 ,  1.92723e-06,  6.76661e-13,  0.000983611])
135647  , -2617.81    , array([ 3.54686    ,  0.00285128 ,  1.92723e-06,  6.76661e-13,  0.000983611])
135648  , -2617.82    , array([ 3.55041    ,  0.00285128 ,  1.92723e-06,  6.76661e-13,  0.000983611])
135649  , -2617.78    , array([ 3.54686    ,  0.00285413 ,  1.92723e-06,  6.76661e-13,  0.000983611])
135650  , -2617.81    , array([ 3.54686    ,  0.00285128 ,  1.92916e-06,  6.76661e-13,  0.000983611])
135651  , -2617.81    , array([ 3.54686    ,  0.00285128 ,  1.92723e-06,  6.77338e-13,  0.000983611])
135652  , -2617.79    , array([ 3.54686    ,  0.00285128 ,  1.92723e-06,  6.76661e-13,  0.000984595])
135653  , -3777.89    , array([ 3.45478    ,  0.00254666 ,  1.92723e-06,  6.76661e-13,  0.00114465 ])
135654  , -3777.89    , array([ 3.45478    ,  0.00254666 ,  1.92723e-06,  6.76661e-13,  0.00114465 ])
135655  , -3777.9     , array([ 3.45824    ,  0.00254666 ,  1.92723e-06,  6.76661e-13,  0.00114465 ])
135656  , -3768.93    , array([ 3.45478    ,  0.00254921 ,  1.92723e-06,  6.76661e-13,  0.00114465 ])
135657  , -3777.89    , array([ 3.45478    ,  0.00254666 ,  1.92915e-06,  6.76661e-13,  0.00114465 ])
135658  , -3777.89    , array([ 3.45478    ,  0.00254666 ,  1.92723e-06,  6.77338e-13,  0.00114465 ])
135659  , -3786.73    , array([ 3.45478    ,  0.00254666 ,  1.92723e-06,  6.76661e-13,  0.00114579 ])
135660  , -2617.81    , array([ 3.54686    ,  0.00285127 ,  1.92723e-06,  6.76661e-13,  0.000983612])
135661  , -2617.81    , array([ 3.54686    ,  0.00285127 ,  1.92723e-06,  6.76661e-13,  0.000983612])
135662  , -2617.82    , array([ 3.55041    ,  0.00285127 ,  1.92723e-06,  6.76661e-13,  0.000983612])
135663  , -2617.78    , array([ 3.54686    ,  0.00285413 ,  1.92723e-06,  6.76661e-13,  0.000983612])
135664  , -2617.81    , array([ 3.54686    ,  0.00285127 ,  1.92916e-06,  6.76661e-13,  0.000983612])
135665  , -2617.81    , array([ 3.54686    ,  0.00285127 ,  1.92723e-06,  6.77338e-13,  0.000983612])
135666  , -2617.79    , array([ 3.54686    ,  0.00285127 ,  1.92723e-06,  6.76661e-13,  0.000984596])
135681  , -2617.81    , array([ 3.54686    ,  0.00285127 ,  1.92723e-06,  6.76661e-13,  0.000983612])
135682  , -2617.81    , array([ 3.54686    ,  0.00285127 ,  1.92723e-06,  6.76661e-13,  0.000983612])
135683  , -2617.82    , array([ 3.55041    ,  0.00285127 ,  1.92723e-06,  6.76661e-13,  0.000983612])
135684  , -2617.78    , array([ 3.54686    ,  0.00285413 ,  1.92723e-06,  6.76661e-13,  0.000983612])
135685  , -2617.81    , array([ 3.54686    ,  0.00285127 ,  1.92916e-06,  6.76661e-13,  0.000983612])
135686  , -2617.81    , array([ 3.54686    ,  0.00285127 ,  1.92723e-06,  6.77338e-13,  0.000983612])
135687  , -2617.79    , array([ 3.54686    ,  0.00285127 ,  1.92723e-06,  6.76661e-13,  0.000984596])
135688  , -2617.81    , array([ 3.54686    ,  0.00285127 ,  1.92723e-06,  6.76661e-13,  0.000983612])
135689  , -2617.81    , array([ 3.54686    ,  0.00285127 ,  1.92723e-06,  6.76661e-13,  0.000983612])
135690  , -2617.82    , array([ 3.55041    ,  0.00285127 ,  1.92723e-06,  6.76661e-13,  0.000983612])
135691  , -2617.78    , array([ 3.54686    ,  0.00285413 ,  1.92723e-06,  6.76661e-13,  0.000983612])
135692  , -2617.81    , array([ 3.54686    ,  0.00285127 ,  1.92916e-06,  6.76661e-13,  0.000983612])
135693  , -2617.81    , array([ 3.54686    ,  0.00285127 ,  1.92723e-06,  6.77338e-13,  0.000983612])
135694  , -2617.79    , array([ 3.54686    ,  0.00285127 ,  1.92723e-06,  6.76661e-13,  0.000984596])
135695  , -2617.81    , array([ 3.54686    ,  0.00285127 ,  1.92723e-06,  6.76661e-13,  0.000983612])
135696  , -2617.81    , array([ 3.54686    ,  0.00285127 ,  1.92723e-06,  6.76661e-13,  0.000983612])
135697  , -2617.82    , array([ 3.55041    ,  0.00285127 ,  1.92723e-06,  6.76661e-13,  0.000983612])
135698  , -2617.78    , array([ 3.54686    ,  0.00285413 ,  1.92723e-06,  6.76661e-13,  0.000983612])
135699  , -2617.81    , array([ 3.54686    ,  0.00285127 ,  1.92916e-06,  6.76661e-13,  0.000983612])
135700  , -2617.81    , array([ 3.54686    ,  0.00285127 ,  1.92723e-06,  6.77338e-13,  0.000983612])
135701  , -2617.79    , array([ 3.54686    ,  0.00285127 ,  1.92723e-06,  6.76661e-13,  0.000984596])
135702  , -2617.81    , array([ 3.54686    ,  0.00285127 ,  1.92723e-06,  6.76661e-13,  0.000983612])
135703  , -2617.81    , array([ 3.54686    ,  0.00285127 ,  1.92723e-06,  6.76661e-13,  0.000983612])
135704  , -2617.82    , array([ 3.55041    ,  0.00285127 ,  1.92723e-06,  6.76661e-13,  0.000983612])
135705  , -2617.78    , array([ 3.54686    ,  0.00285413 ,  1.92723e-06,  6.76661e-13,  0.000983612])
135706  , -2617.81    , array([ 3.54686    ,  0.00285127 ,  1.92916e-06,  6.76661e-13,  0.000983612])
135707  , -2617.81    , array([ 3.54686    ,  0.00285127 ,  1.92723e-06,  6.77338e-13,  0.000983612])
135708  , -2617.79    , array([ 3.54686    ,  0.00285127 ,  1.92723e-06,  6.76661e-13,  0.000984596])
135709  , -2617.81    , array([ 3.54686    ,  0.00285127 ,  1.92723e-06,  6.76661e-13,  0.000983612])
135710  , -2617.81    , array([ 3.54686    ,  0.00285127 ,  1.92723e-06,  6.76661e-13,  0.000983612])
135711  , -2617.82    , array([ 3.55041    ,  0.00285127 ,  1.92723e-06,  6.76661e-13,  0.000983612])
135712  , -2617.78    , array([ 3.54686    ,  0.00285413 ,  1.92723e-06,  6.76661e-13,  0.000983612])
135713  , -2617.81    , array([ 3.54686    ,  0.00285127 ,  1.92916e-06,  6.76661e-13,  0.000983612])
135714  , -2617.81    , array([ 3.54686    ,  0.00285127 ,  1.92723e-06,  6.77338e-13,  0.000983612])
135715  , -2617.79    , array([ 3.54686    ,  0.00285127 ,  1.92723e-06,  6.76661e-13,  0.000984596])
135716  , -2617.81    , array([ 3.54686    ,  0.00285127 ,  1.92723e-06,  6.76661e-13,  0.000983612])
135717  , -2617.81    , array([ 3.54686    ,  0.00285127 ,  1.92723e-06,  6.76661e-13,  0.000983612])
135718  , -2617.82    , array([ 3.55041    ,  0.00285127 ,  1.92723e-06,  6.76661e-13,  0.000983612])
135719  , -2617.78    , array([ 3.54686    ,  0.00285413 ,  1.92723e-06,  6.76661e-13,  0.000983612])
135720  , -2617.81    , array([ 3.54686    ,  0.00285127 ,  1.92916e-06,  6.76661e-13,  0.000983612])
135721  , -2617.81    , array([ 3.54686    ,  0.00285127 ,  1.92723e-06,  6.77338e-13,  0.000983612])
135722  , -2617.79    , array([ 3.54686    ,  0.00285127 ,  1.92723e-06,  6.76661e-13,  0.000984596])
135723  , -2617.81    , array([ 3.54686    ,  0.00285127 ,  1.92723e-06,  6.76661e-13,  0.000983612])
135724  , -2617.81    , array([ 3.54686    ,  0.00285127 ,  1.92723e-06,  6.76661e-13,  0.000983612])
135725  , -2617.82    , array([ 3.55041    ,  0.00285127 ,  1.92723e-06,  6.76661e-13,  0.000983612])
135726  , -2617.78    , array([ 3.54686    ,  0.00285413 ,  1.92723e-06,  6.76661e-13,  0.000983612])
135727  , -2617.81    , array([ 3.54686    ,  0.00285127 ,  1.92916e-06,  6.76661e-13,  0.000983612])
135728  , -2617.81    , array([ 3.54686    ,  0.00285127 ,  1.92723e-06,  6.77338e-13,  0.000983612])
135729  , -2617.79    , array([ 3.54686    ,  0.00285127 ,  1.92723e-06,  6.76661e-13,  0.000984596])
135730  , -2617.81    , array([ 3.54686    ,  0.00285127 ,  1.92723e-06,  6.76661e-13,  0.000983612])
135731  , -2617.81    , array([ 3.54686    ,  0.00285127 ,  1.92723e-06,  6.76661e-13,  0.000983612])
135732  , -2617.82    , array([ 3.55041    ,  0.00285127 ,  1.92723e-06,  6.76661e-13,  0.000983612])
135733  , -2617.78    , array([ 3.54686    ,  0.00285413 ,  1.92723e-06,  6.76661e-13,  0.000983612])
135734  , -2617.81    , array([ 3.54686    ,  0.00285127 ,  1.92916e-06,  6.76661e-13,  0.000983612])
135735  , -2617.81    , array([ 3.54686    ,  0.00285127 ,  1.92723e-06,  6.77338e-13,  0.000983612])
135736  , -2617.79    , array([ 3.54686    ,  0.00285127 ,  1.92723e-06,  6.76661e-13,  0.000984596])
135737  , -2617.81    , array([ 3.54686    ,  0.00285127 ,  1.92723e-06,  6.76661e-13,  0.000983612])
135738  , -2617.81    , array([ 3.54686    ,  0.00285127 ,  1.92723e-06,  6.76661e-13,  0.000983612])
135739  , -2617.82    , array([ 3.55041    ,  0.00285127 ,  1.92723e-06,  6.76661e-13,  0.000983612])
135740  , -2617.78    , array([ 3.54686    ,  0.00285413 ,  1.92723e-06,  6.76661e-13,  0.000983612])
135741  , -2617.81    , array([ 3.54686    ,  0.00285127 ,  1.92916e-06,  6.76661e-13,  0.000983612])
135742  , -2617.81    , array([ 3.54686    ,  0.00285127 ,  1.92723e-06,  6.77338e-13,  0.000983612])
135743  , -2617.79    , array([ 3.54686    ,  0.00285127 ,  1.92723e-06,  6.76661e-13,  0.000984596])
135744  , -2617.81    , array([ 3.54686    ,  0.00285127 ,  1.92723e-06,  6.76661e-13,  0.000983612])
135745  , -2617.81    , array([ 3.54686    ,  0.00285127 ,  1.92723e-06,  6.76661e-13,  0.000983612])
135746  , -2617.82    , array([ 3.55041    ,  0.00285127 ,  1.92723e-06,  6.76661e-13,  0.000983612])
135747  , -2617.78    , array([ 3.54686    ,  0.00285413 ,  1.92723e-06,  6.76661e-13,  0.000983612])
135748  , -2617.81    , array([ 3.54686    ,  0.00285127 ,  1.92916e-06,  6.76661e-13,  0.000983612])
135749  , -2617.81    , array([ 3.54686    ,  0.00285127 ,  1.92723e-06,  6.77338e-13,  0.000983612])
135750  , -2617.79    , array([ 3.54686    ,  0.00285127 ,  1.92723e-06,  6.76661e-13,  0.000984596])
135751  , -2617.81    , array([ 3.54686    ,  0.00285127 ,  1.92723e-06,  6.76661e-13,  0.000983612])
135752  , -2617.81    , array([ 3.54686    ,  0.00285127 ,  1.92723e-06,  6.76661e-13,  0.000983612])
135753  , -2617.82    , array([ 3.55041    ,  0.00285127 ,  1.92723e-06,  6.76661e-13,  0.000983612])
135754  , -2617.78    , array([ 3.54686    ,  0.00285413 ,  1.92723e-06,  6.76661e-13,  0.000983612])
135755  , -2617.81    , array([ 3.54686    ,  0.00285127 ,  1.92916e-06,  6.76661e-13,  0.000983612])
135756  , -2617.81    , array([ 3.54686    ,  0.00285127 ,  1.92723e-06,  6.77338e-13,  0.000983612])
135757  , -2617.79    , array([ 3.54686    ,  0.00285127 ,  1.92723e-06,  6.76661e-13,  0.000984596])
135758  , -2617.81    , array([ 3.54686    ,  0.00285127 ,  1.92723e-06,  6.76661e-13,  0.000983612])
135759  , -2617.81    , array([ 3.54686    ,  0.00285127 ,  1.92723e-06,  6.76661e-13,  0.000983612])
135760  , -2617.82    , array([ 3.55041    ,  0.00285127 ,  1.92723e-06,  6.76661e-13,  0.000983612])
135761  , -2617.78    , array([ 3.54686    ,  0.00285413 ,  1.92723e-06,  6.76661e-13,  0.000983612])
135762  , -2617.81    , array([ 3.54686    ,  0.00285127 ,  1.92916e-06,  6.76661e-13,  0.000983612])
135763  , -2617.81    , array([ 3.54686    ,  0.00285127 ,  1.92723e-06,  6.77338e-13,  0.000983612])
135764  , -2617.79    , array([ 3.54686    ,  0.00285127 ,  1.92723e-06,  6.76661e-13,  0.000984596])
135765  , -2617.81    , array([ 3.54686    ,  0.00285127 ,  1.92723e-06,  6.76661e-13,  0.000983612])
135766  , -2617.81    , array([ 3.54686    ,  0.00285127 ,  1.92723e-06,  6.76661e-13,  0.000983612])
135767  , -2617.82    , array([ 3.55041    ,  0.00285127 ,  1.92723e-06,  6.76661e-13,  0.000983612])
135768  , -2617.78    , array([ 3.54686    ,  0.00285413 ,  1.92723e-06,  6.76661e-13,  0.000983612])
135769  , -2617.81    , array([ 3.54686    ,  0.00285127 ,  1.92916e-06,  6.76661e-13,  0.000983612])
135770  , -2617.81    , array([ 3.54686    ,  0.00285127 ,  1.92723e-06,  6.77338e-13,  0.000983612])
135771  , -2617.79    , array([ 3.54686    ,  0.00285127 ,  1.92723e-06,  6.76661e-13,  0.000984596])
135772  , -2617.81    , array([ 3.54686    ,  0.00285127 ,  1.92723e-06,  6.76661e-13,  0.000983612])
135773  , -2617.81    , array([ 3.54686    ,  0.00285127 ,  1.92723e-06,  6.76661e-13,  0.000983612])
135774  , -2617.82    , array([ 3.55041    ,  0.00285127 ,  1.92723e-06,  6.76661e-13,  0.000983612])
135775  , -2617.78    , array([ 3.54686    ,  0.00285413 ,  1.92723e-06,  6.76661e-13,  0.000983612])
135776  , -2617.81    , array([ 3.54686    ,  0.00285127 ,  1.92916e-06,  6.76661e-13,  0.000983612])
135777  , -2617.81    , array([ 3.54686    ,  0.00285127 ,  1.92723e-06,  6.77338e-13,  0.000983612])
135778  , -2617.79    , array([ 3.54686    ,  0.00285127 ,  1.92723e-06,  6.76661e-13,  0.000984596])
135779  , -2617.81    , array([ 3.54686    ,  0.00285127 ,  1.92723e-06,  6.76661e-13,  0.000983612])
135780  , -2617.81    , array([ 3.54686    ,  0.00285127 ,  1.92723e-06,  6.76661e-13,  0.000983612])
135781  , -2617.82    , array([ 3.55041    ,  0.00285127 ,  1.92723e-06,  6.76661e-13,  0.000983612])
135782  , -2617.78    , array([ 3.54686    ,  0.00285413 ,  1.92723e-06,  6.76661e-13,  0.000983612])
135783  , -2617.81    , array([ 3.54686    ,  0.00285127 ,  1.92916e-06,  6.76661e-13,  0.000983612])
135784  , -2617.81    , array([ 3.54686    ,  0.00285127 ,  1.92723e-06,  6.77338e-13,  0.000983612])
135785  , -2617.79    , array([ 3.54686    ,  0.00285127 ,  1.92723e-06,  6.76661e-13,  0.000984596])
135786  , -2617.81    , array([ 3.54686    ,  0.00285127 ,  1.92723e-06,  6.76661e-13,  0.000983612])
135787  , -2617.81    , array([ 3.54686    ,  0.00285127 ,  1.92723e-06,  6.76661e-13,  0.000983612])
135788  , -2617.82    , array([ 3.55041    ,  0.00285127 ,  1.92723e-06,  6.76661e-13,  0.000983612])
135789  , -2617.78    , array([ 3.54686    ,  0.00285413 ,  1.92723e-06,  6.76661e-13,  0.000983612])
135790  , -2617.81    , array([ 3.54686    ,  0.00285127 ,  1.92916e-06,  6.76661e-13,  0.000983612])
135791  , -2617.81    , array([ 3.54686    ,  0.00285127 ,  1.92723e-06,  6.77338e-13,  0.000983612])
135792  , -2617.79    , array([ 3.54686    ,  0.00285127 ,  1.92723e-06,  6.76661e-13,  0.000984596])
135793  , -2617.81    , array([ 3.54686    ,  0.00285127 ,  1.92723e-06,  6.76661e-13,  0.000983612])
135794  , -2617.81    , array([ 3.54686    ,  0.00285127 ,  1.92723e-06,  6.76661e-13,  0.000983612])
135795  , -2617.82    , array([ 3.55041    ,  0.00285127 ,  1.92723e-06,  6.76661e-13,  0.000983612])
135796  , -2617.78    , array([ 3.54686    ,  0.00285413 ,  1.92723e-06,  6.76661e-13,  0.000983612])
135797  , -2617.81    , array([ 3.54686    ,  0.00285127 ,  1.92916e-06,  6.76661e-13,  0.000983612])
135798  , -2617.81    , array([ 3.54686    ,  0.00285127 ,  1.92723e-06,  6.77338e-13,  0.000983612])
135799  , -2617.79    , array([ 3.54686    ,  0.00285127 ,  1.92723e-06,  6.76661e-13,  0.000984596])
135800  , -2617.81    , array([ 3.54686    ,  0.00285127 ,  1.92723e-06,  6.76661e-13,  0.000983612])
135801  , -2617.81    , array([ 3.54686    ,  0.00285127 ,  1.92723e-06,  6.76661e-13,  0.000983612])
135802  , -2617.82    , array([ 3.55041    ,  0.00285127 ,  1.92723e-06,  6.76661e-13,  0.000983612])
135803  , -2617.78    , array([ 3.54686    ,  0.00285413 ,  1.92723e-06,  6.76661e-13,  0.000983612])
135804  , -2617.81    , array([ 3.54686    ,  0.00285127 ,  1.92916e-06,  6.76661e-13,  0.000983612])
135805  , -2617.81    , array([ 3.54686    ,  0.00285127 ,  1.92723e-06,  6.77338e-13,  0.000983612])
135806  , -2617.79    , array([ 3.54686    ,  0.00285127 ,  1.92723e-06,  6.76661e-13,  0.000984596])
135807  , -2617.81    , array([ 3.54686    ,  0.00285127 ,  1.92723e-06,  6.76661e-13,  0.000983612])
135808  , -2617.81    , array([ 3.54686    ,  0.00285127 ,  1.92723e-06,  6.76661e-13,  0.000983612])
135809  , -2617.82    , array([ 3.55041    ,  0.00285127 ,  1.92723e-06,  6.76661e-13,  0.000983612])
135810  , -2617.78    , array([ 3.54686    ,  0.00285413 ,  1.92723e-06,  6.76661e-13,  0.000983612])
135811  , -2617.81    , array([ 3.54686    ,  0.00285127 ,  1.92916e-06,  6.76661e-13,  0.000983612])
135812  , -2617.81    , array([ 3.54686    ,  0.00285127 ,  1.92723e-06,  6.77338e-13,  0.000983612])
135813  , -2617.79    , array([ 3.54686    ,  0.00285127 ,  1.92723e-06,  6.76661e-13,  0.000984596])
135814  , -2617.81    , array([ 3.54686    ,  0.00285127 ,  1.92723e-06,  6.76661e-13,  0.000983612])
135815  , -2617.81    , array([ 3.54686    ,  0.00285127 ,  1.92723e-06,  6.76661e-13,  0.000983612])
135816  , -2617.82    , array([ 3.55041    ,  0.00285127 ,  1.92723e-06,  6.76661e-13,  0.000983612])
135817  , -2617.78    , array([ 3.54686    ,  0.00285413 ,  1.92723e-06,  6.76661e-13,  0.000983612])
135818  , -2617.81    , array([ 3.54686    ,  0.00285127 ,  1.92916e-06,  6.76661e-13,  0.000983612])
135819  , -2617.81    , array([ 3.54686    ,  0.00285127 ,  1.92723e-06,  6.77338e-13,  0.000983612])
135820  , -2617.79    , array([ 3.54686    ,  0.00285127 ,  1.92723e-06,  6.76661e-13,  0.000984596])
135821  , -2617.81    , array([ 3.54686    ,  0.00285127 ,  1.92723e-06,  6.76661e-13,  0.000983612])
135822  , -2617.81    , array([ 3.54686    ,  0.00285127 ,  1.92723e-06,  6.76661e-13,  0.000983612])
135823  , -2617.82    , array([ 3.55041    ,  0.00285127 ,  1.92723e-06,  6.76661e-13,  0.000983612])
135824  , -2617.78    , array([ 3.54686    ,  0.00285413 ,  1.92723e-06,  6.76661e-13,  0.000983612])
135825  , -2617.81    , array([ 3.54686    ,  0.00285127 ,  1.92916e-06,  6.76661e-13,  0.000983612])
135826  , -2617.81    , array([ 3.54686    ,  0.00285127 ,  1.92723e-06,  6.77338e-13,  0.000983612])
135827  , -2617.79    , array([ 3.54686    ,  0.00285127 ,  1.92723e-06,  6.76661e-13,  0.000984596])
135828  , -2617.81    , array([ 3.54686    ,  0.00285127 ,  1.92723e-06,  6.76661e-13,  0.000983612])
135829  , -2617.81    , array([ 3.54686    ,  0.00285127 ,  1.92723e-06,  6.76661e-13,  0.000983612])
135830  , -2617.82    , array([ 3.55041    ,  0.00285127 ,  1.92723e-06,  6.76661e-13,  0.000983612])
135831  , -2617.78    , array([ 3.54686    ,  0.00285413 ,  1.92723e-06,  6.76661e-13,  0.000983612])
135832  , -2617.81    , array([ 3.54686    ,  0.00285127 ,  1.92916e-06,  6.76661e-13,  0.000983612])
135833  , -2617.81    , array([ 3.54686    ,  0.00285127 ,  1.92723e-06,  6.77338e-13,  0.000983612])
135834  , -2617.79    , array([ 3.54686    ,  0.00285127 ,  1.92723e-06,  6.76661e-13,  0.000984596])
135835  , -2617.81    , array([ 3.54686    ,  0.00285127 ,  1.92723e-06,  6.76661e-13,  0.000983612])
135836  , -2617.81    , array([ 3.54686    ,  0.00285127 ,  1.92723e-06,  6.76661e-13,  0.000983612])
135837  , -2617.82    , array([ 3.55041    ,  0.00285127 ,  1.92723e-06,  6.76661e-13,  0.000983612])
135838  , -2617.78    , array([ 3.54686    ,  0.00285413 ,  1.92723e-06,  6.76661e-13,  0.000983612])
135839  , -2617.81    , array([ 3.54686    ,  0.00285127 ,  1.92916e-06,  6.76661e-13,  0.000983612])
135840  , -2617.81    , array([ 3.54686    ,  0.00285127 ,  1.92723e-06,  6.77338e-13,  0.000983612])
135841  , -2617.79    , array([ 3.54686    ,  0.00285127 ,  1.92723e-06,  6.76661e-13,  0.000984596])
135842  , -2617.81    , array([ 3.54686    ,  0.00285127 ,  1.92723e-06,  6.76661e-13,  0.000983612])
135843  , -2617.81    , array([ 3.54686    ,  0.00285127 ,  1.92723e-06,  6.76661e-13,  0.000983612])
135844  , -2617.82    , array([ 3.55041    ,  0.00285127 ,  1.92723e-06,  6.76661e-13,  0.000983612])
135845  , -2617.78    , array([ 3.54686    ,  0.00285413 ,  1.92723e-06,  6.76661e-13,  0.000983612])
135846  , -2617.81    , array([ 3.54686    ,  0.00285127 ,  1.92916e-06,  6.76661e-13,  0.000983612])
135847  , -2617.81    , array([ 3.54686    ,  0.00285127 ,  1.92723e-06,  6.77338e-13,  0.000983612])
135848  , -2617.79    , array([ 3.54686    ,  0.00285127 ,  1.92723e-06,  6.76661e-13,  0.000984596])
135849  , -2617.81    , array([ 3.54686    ,  0.00285127 ,  1.92723e-06,  6.76661e-13,  0.000983612])
135850  , -2617.81    , array([ 3.54686    ,  0.00285127 ,  1.92723e-06,  6.76661e-13,  0.000983612])
135851  , -2617.82    , array([ 3.55041    ,  0.00285127 ,  1.92723e-06,  6.76661e-13,  0.000983612])
135852  , -2617.78    , array([ 3.54686    ,  0.00285413 ,  1.92723e-06,  6.76661e-13,  0.000983612])
135853  , -2617.81    , array([ 3.54686    ,  0.00285127 ,  1.92916e-06,  6.76661e-13,  0.000983612])
135854  , -2617.81    , array([ 3.54686    ,  0.00285127 ,  1.92723e-06,  6.77338e-13,  0.000983612])
135855  , -2617.79    , array([ 3.54686    ,  0.00285127 ,  1.92723e-06,  6.76661e-13,  0.000984596])
135856  , -2617.81    , array([ 3.54686    ,  0.00285127 ,  1.92723e-06,  6.76661e-13,  0.000983612])
135857  , -2617.81    , array([ 3.54686    ,  0.00285127 ,  1.92723e-06,  6.76661e-13,  0.000983612])
135858  , -2617.82    , array([ 3.55041    ,  0.00285127 ,  1.92723e-06,  6.76661e-13,  0.000983612])
135859  , -2617.78    , array([ 3.54686    ,  0.00285413 ,  1.92723e-06,  6.76661e-13,  0.000983612])
135860  , -2617.81    , array([ 3.54686    ,  0.00285127 ,  1.92916e-06,  6.76661e-13,  0.000983612])
135861  , -2617.81    , array([ 3.54686    ,  0.00285127 ,  1.92723e-06,  6.77338e-13,  0.000983612])
135862  , -2617.79    , array([ 3.54686    ,  0.00285127 ,  1.92723e-06,  6.76661e-13,  0.000984596])
135863  , -2617.81    , array([ 3.54686    ,  0.00285127 ,  1.92723e-06,  6.76661e-13,  0.000983612])
135864  , -2617.81    , array([ 3.54686    ,  0.00285127 ,  1.92723e-06,  6.76661e-13,  0.000983612])
135865  , -2617.82    , array([ 3.55041    ,  0.00285127 ,  1.92723e-06,  6.76661e-13,  0.000983612])
135866  , -2617.78    , array([ 3.54686    ,  0.00285413 ,  1.92723e-06,  6.76661e-13,  0.000983612])
135867  , -2617.81    , array([ 3.54686    ,  0.00285127 ,  1.92916e-06,  6.76661e-13,  0.000983612])
135868  , -2617.81    , array([ 3.54686    ,  0.00285127 ,  1.92723e-06,  6.77338e-13,  0.000983612])
135869  , -2617.79    , array([ 3.54686    ,  0.00285127 ,  1.92723e-06,  6.76661e-13,  0.000984596])
135870  , -2617.81    , array([ 3.54686    ,  0.00285127 ,  1.92723e-06,  6.76661e-13,  0.000983612])
135871  , -2617.81    , array([ 3.54686    ,  0.00285127 ,  1.92723e-06,  6.76661e-13,  0.000983612])
135872  , -2617.82    , array([ 3.55041    ,  0.00285127 ,  1.92723e-06,  6.76661e-13,  0.000983612])
135873  , -2617.78    , array([ 3.54686    ,  0.00285413 ,  1.92723e-06,  6.76661e-13,  0.000983612])
135874  , -2617.81    , array([ 3.54686    ,  0.00285127 ,  1.92916e-06,  6.76661e-13,  0.000983612])
135875  , -2617.81    , array([ 3.54686    ,  0.00285127 ,  1.92723e-06,  6.77338e-13,  0.000983612])
135876  , -2617.79    , array([ 3.54686    ,  0.00285127 ,  1.92723e-06,  6.76661e-13,  0.000984596])
135877  , -2617.81    , array([ 3.54686    ,  0.00285127 ,  1.92723e-06,  6.76661e-13,  0.000983612])
135878  , -2617.81    , array([ 3.54686    ,  0.00285127 ,  1.92723e-06,  6.76661e-13,  0.000983612])
135879  , -2617.82    , array([ 3.55041    ,  0.00285127 ,  1.92723e-06,  6.76661e-13,  0.000983612])
135880  , -2617.78    , array([ 3.54686    ,  0.00285413 ,  1.92723e-06,  6.76661e-13,  0.000983612])
135881  , -2617.81    , array([ 3.54686    ,  0.00285127 ,  1.92916e-06,  6.76661e-13,  0.000983612])
135882  , -2617.81    , array([ 3.54686    ,  0.00285127 ,  1.92723e-06,  6.77338e-13,  0.000983612])
135883  , -2617.79    , array([ 3.54686    ,  0.00285127 ,  1.92723e-06,  6.76661e-13,  0.000984596])
135884  , -2617.81    , array([ 3.54686    ,  0.00285127 ,  1.92723e-06,  6.76661e-13,  0.000983612])
135885  , -2617.81    , array([ 3.54686    ,  0.00285127 ,  1.92723e-06,  6.76661e-13,  0.000983612])
135886  , -2617.82    , array([ 3.55041    ,  0.00285127 ,  1.92723e-06,  6.76661e-13,  0.000983612])
135887  , -2617.78    , array([ 3.54686    ,  0.00285413 ,  1.92723e-06,  6.76661e-13,  0.000983612])
135888  , -2617.81    , array([ 3.54686    ,  0.00285127 ,  1.92916e-06,  6.76661e-13,  0.000983612])
135889  , -2617.81    , array([ 3.54686    ,  0.00285127 ,  1.92723e-06,  6.77338e-13,  0.000983612])
135890  , -2617.79    , array([ 3.54686    ,  0.00285127 ,  1.92723e-06,  6.76661e-13,  0.000984596])
135891  , -2617.81    , array([ 3.54686    ,  0.00285127 ,  1.92723e-06,  6.76661e-13,  0.000983612])
135892  , -2617.81    , array([ 3.54686    ,  0.00285127 ,  1.92723e-06,  6.76661e-13,  0.000983612])
135893  , -2617.82    , array([ 3.55041    ,  0.00285127 ,  1.92723e-06,  6.76661e-13,  0.000983612])
135894  , -2617.78    , array([ 3.54686    ,  0.00285413 ,  1.92723e-06,  6.76661e-13,  0.000983612])
135895  , -2617.81    , array([ 3.54686    ,  0.00285127 ,  1.92916e-06,  6.76661e-13,  0.000983612])
135896  , -2617.81    , array([ 3.54686    ,  0.00285127 ,  1.92723e-06,  6.77338e-13,  0.000983612])
135897  , -2617.79    , array([ 3.54686    ,  0.00285127 ,  1.92723e-06,  6.76661e-13,  0.000984596])
135898  , -2617.81    , array([ 3.54686    ,  0.00285127 ,  1.92723e-06,  6.76661e-13,  0.000983612])
135899  , -2617.81    , array([ 3.54686    ,  0.00285127 ,  1.92723e-06,  6.76661e-13,  0.000983612])
135900  , -2617.82    , array([ 3.55041    ,  0.00285127 ,  1.92723e-06,  6.76661e-13,  0.000983612])
135901  , -2617.78    , array([ 3.54686    ,  0.00285413 ,  1.92723e-06,  6.76661e-13,  0.000983612])
135902  , -2617.81    , array([ 3.54686    ,  0.00285127 ,  1.92916e-06,  6.76661e-13,  0.000983612])
135903  , -2617.81    , array([ 3.54686    ,  0.00285127 ,  1.92723e-06,  6.77338e-13,  0.000983612])
135904  , -2617.79    , array([ 3.54686    ,  0.00285127 ,  1.92723e-06,  6.76661e-13,  0.000984596])
135905  , -2617.81    , array([ 3.54686    ,  0.00285127 ,  1.92723e-06,  6.76661e-13,  0.000983612])
135906  , -2617.81    , array([ 3.54686    ,  0.00285127 ,  1.92723e-06,  6.76661e-13,  0.000983612])
135907  , -2617.82    , array([ 3.55041    ,  0.00285127 ,  1.92723e-06,  6.76661e-13,  0.000983612])
135908  , -2617.78    , array([ 3.54686    ,  0.00285413 ,  1.92723e-06,  6.76661e-13,  0.000983612])
135909  , -2617.81    , array([ 3.54686    ,  0.00285127 ,  1.92916e-06,  6.76661e-13,  0.000983612])
135910  , -2617.81    , array([ 3.54686    ,  0.00285127 ,  1.92723e-06,  6.77338e-13,  0.000983612])
135911  , -2617.79    , array([ 3.54686    ,  0.00285127 ,  1.92723e-06,  6.76661e-13,  0.000984596])
135912  , -2617.81    , array([ 3.54686    ,  0.00285127 ,  1.92723e-06,  6.76661e-13,  0.000983612])
135913  , -2617.81    , array([ 3.54686    ,  0.00285127 ,  1.92723e-06,  6.76661e-13,  0.000983612])
135914  , -2617.82    , array([ 3.55041    ,  0.00285127 ,  1.92723e-06,  6.76661e-13,  0.000983612])
135915  , -2617.78    , array([ 3.54686    ,  0.00285413 ,  1.92723e-06,  6.76661e-13,  0.000983612])
135916  , -2617.81    , array([ 3.54686    ,  0.00285127 ,  1.92916e-06,  6.76661e-13,  0.000983612])
135917  , -2617.81    , array([ 3.54686    ,  0.00285127 ,  1.92723e-06,  6.77338e-13,  0.000983612])
135918  , -2617.79    , array([ 3.54686    ,  0.00285127 ,  1.92723e-06,  6.76661e-13,  0.000984596])
135919  , -2617.81    , array([ 3.54686    ,  0.00285127 ,  1.92723e-06,  6.76661e-13,  0.000983612])
135920  , -2617.81    , array([ 3.54686    ,  0.00285127 ,  1.92723e-06,  6.76661e-13,  0.000983612])
135921  , -2617.82    , array([ 3.55041    ,  0.00285127 ,  1.92723e-06,  6.76661e-13,  0.000983612])
135922  , -2617.78    , array([ 3.54686    ,  0.00285413 ,  1.92723e-06,  6.76661e-13,  0.000983612])
135923  , -2617.81    , array([ 3.54686    ,  0.00285127 ,  1.92916e-06,  6.76661e-13,  0.000983612])
135924  , -2617.81    , array([ 3.54686    ,  0.00285127 ,  1.92723e-06,  6.77338e-13,  0.000983612])
135925  , -2617.79    , array([ 3.54686    ,  0.00285127 ,  1.92723e-06,  6.76661e-13,  0.000984596])
135926  , -2617.81    , array([ 3.54686    ,  0.00285127 ,  1.92723e-06,  6.76661e-13,  0.000983612])
135927  , -2617.81    , array([ 3.54686    ,  0.00285127 ,  1.92723e-06,  6.76661e-13,  0.000983612])
135928  , -2617.82    , array([ 3.55041    ,  0.00285127 ,  1.92723e-06,  6.76661e-13,  0.000983612])
135929  , -2617.78    , array([ 3.54686    ,  0.00285413 ,  1.92723e-06,  6.76661e-13,  0.000983612])
135930  , -2617.81    , array([ 3.54686    ,  0.00285127 ,  1.92916e-06,  6.76661e-13,  0.000983612])
135931  , -2617.81    , array([ 3.54686    ,  0.00285127 ,  1.92723e-06,  6.77338e-13,  0.000983612])
135932  , -2617.79    , array([ 3.54686    ,  0.00285127 ,  1.92723e-06,  6.76661e-13,  0.000984596])
